[2023-04-23T21:10:07.238+0300] {taskinstance.py:1090} INFO - Dependencies all met for dep_context=non-requeueable deps ti=<TaskInstance: db_train.cr_table manual__2023-04-23T18:10:03.579361+00:00 [queued]>
[2023-04-23T21:10:07.250+0300] {taskinstance.py:1090} INFO - Dependencies all met for dep_context=requeueable deps ti=<TaskInstance: db_train.cr_table manual__2023-04-23T18:10:03.579361+00:00 [queued]>
[2023-04-23T21:10:07.250+0300] {taskinstance.py:1288} INFO - 
--------------------------------------------------------------------------------
[2023-04-23T21:10:07.250+0300] {taskinstance.py:1289} INFO - Starting attempt 1 of 5
[2023-04-23T21:10:07.250+0300] {taskinstance.py:1290} INFO - 
--------------------------------------------------------------------------------
[2023-04-23T21:10:07.265+0300] {taskinstance.py:1309} INFO - Executing <Task(MySqlOperator): cr_table> on 2023-04-23 18:10:03.579361+00:00
[2023-04-23T21:10:07.268+0300] {standard_task_runner.py:55} INFO - Started process 11685 to run task
[2023-04-23T21:10:07.277+0300] {standard_task_runner.py:82} INFO - Running: ['airflow', 'tasks', 'run', 'db_train', 'cr_table', 'manual__2023-04-23T18:10:03.579361+00:00', '--job-id', '59', '--raw', '--subdir', 'DAGS_FOLDER/train_db.py', '--cfg-path', '/tmp/tmp_kbwfkxl']
[2023-04-23T21:10:07.279+0300] {standard_task_runner.py:83} INFO - Job 59: Subtask cr_table
[2023-04-23T21:10:07.470+0300] {task_command.py:389} INFO - Running <TaskInstance: db_train.cr_table manual__2023-04-23T18:10:03.579361+00:00 [running]> on host vladimir-virtual-machine
[2023-04-23T21:10:07.540+0300] {taskinstance.py:1516} INFO - Exporting the following env vars:
AIRFLOW_CTX_DAG_OWNER=vladimir
AIRFLOW_CTX_DAG_ID=db_train
AIRFLOW_CTX_TASK_ID=cr_table
AIRFLOW_CTX_EXECUTION_DATE=2023-04-23T18:10:03.579361+00:00
AIRFLOW_CTX_TRY_NUMBER=1
AIRFLOW_CTX_DAG_RUN_ID=manual__2023-04-23T18:10:03.579361+00:00
[2023-04-23T21:10:07.540+0300] {sql.py:262} INFO - Executing: 
            create table if not exists popki (
                dt datetime,
                dag_id VARCHAR(40),
                primary key (dt, dag_id)
            )
        
[2023-04-23T21:10:07.548+0300] {base.py:73} INFO - Using connection ID 'mysql_connection_train' for task execution.
[2023-04-23T21:10:07.755+0300] {base.py:73} INFO - Using connection ID 'mysql_connection_train' for task execution.
[2023-04-23T21:10:07.771+0300] {sql.py:375} INFO - Running statement: 
            create table if not exists popki (
                dt datetime,
                dag_id VARCHAR(40),
                primary key (dt, dag_id)
            )
        , parameters: None
[2023-04-23T21:10:07.811+0300] {sql.py:384} INFO - Rows affected: 0
[2023-04-23T21:10:07.817+0300] {taskinstance.py:1327} INFO - Marking task as SUCCESS. dag_id=db_train, task_id=cr_table, execution_date=20230423T181003, start_date=20230423T181007, end_date=20230423T181007
[2023-04-23T21:10:07.873+0300] {local_task_job.py:212} INFO - Task exited with return code 0
[2023-04-23T21:10:08.030+0300] {taskinstance.py:2596} INFO - 1 downstream tasks scheduled from follow-on schedule check
