[2023-04-27T19:01:55.049+0300] {taskinstance.py:1090} INFO - Dependencies all met for dep_context=non-requeueable deps ti=<TaskInstance: db_train.cr_table scheduled__2023-04-24T00:00:00+00:00 [queued]>
[2023-04-27T19:01:55.054+0300] {taskinstance.py:1090} INFO - Dependencies all met for dep_context=requeueable deps ti=<TaskInstance: db_train.cr_table scheduled__2023-04-24T00:00:00+00:00 [queued]>
[2023-04-27T19:01:55.054+0300] {taskinstance.py:1288} INFO - 
--------------------------------------------------------------------------------
[2023-04-27T19:01:55.054+0300] {taskinstance.py:1289} INFO - Starting attempt 1 of 5
[2023-04-27T19:01:55.054+0300] {taskinstance.py:1290} INFO - 
--------------------------------------------------------------------------------
[2023-04-27T19:01:55.063+0300] {taskinstance.py:1309} INFO - Executing <Task(MySqlOperator): cr_table> on 2023-04-24 00:00:00+00:00
[2023-04-27T19:01:55.066+0300] {standard_task_runner.py:55} INFO - Started process 7224 to run task
[2023-04-27T19:01:55.068+0300] {standard_task_runner.py:82} INFO - Running: ['airflow', 'tasks', 'run', 'db_train', 'cr_table', 'scheduled__2023-04-24T00:00:00+00:00', '--job-id', '72', '--raw', '--subdir', 'DAGS_FOLDER/train_db.py', '--cfg-path', '/tmp/tmpljhmgwuq']
[2023-04-27T19:01:55.070+0300] {standard_task_runner.py:83} INFO - Job 72: Subtask cr_table
[2023-04-27T19:01:55.116+0300] {task_command.py:389} INFO - Running <TaskInstance: db_train.cr_table scheduled__2023-04-24T00:00:00+00:00 [running]> on host vladimir-virtual-machine
[2023-04-27T19:01:55.165+0300] {taskinstance.py:1516} INFO - Exporting the following env vars:
AIRFLOW_CTX_DAG_OWNER=vladimir
AIRFLOW_CTX_DAG_ID=db_train
AIRFLOW_CTX_TASK_ID=cr_table
AIRFLOW_CTX_EXECUTION_DATE=2023-04-24T00:00:00+00:00
AIRFLOW_CTX_TRY_NUMBER=1
AIRFLOW_CTX_DAG_RUN_ID=scheduled__2023-04-24T00:00:00+00:00
[2023-04-27T19:01:55.166+0300] {sql.py:262} INFO - Executing: 
            create table if not exists popki (
                dt datetime,
                dag_id VARCHAR(40),
                primary key (dt, dag_id)
            )
        
[2023-04-27T19:01:55.173+0300] {base.py:73} INFO - Using connection ID 'mysql_connection_train' for task execution.
[2023-04-27T19:01:55.296+0300] {base.py:73} INFO - Using connection ID 'mysql_connection_train' for task execution.
[2023-04-27T19:01:55.297+0300] {sql.py:375} INFO - Running statement: 
            create table if not exists popki (
                dt datetime,
                dag_id VARCHAR(40),
                primary key (dt, dag_id)
            )
        , parameters: None
[2023-04-27T19:01:55.298+0300] {sql.py:384} INFO - Rows affected: 0
[2023-04-27T19:01:55.301+0300] {taskinstance.py:1327} INFO - Marking task as SUCCESS. dag_id=db_train, task_id=cr_table, execution_date=20230424T000000, start_date=20230427T160155, end_date=20230427T160155
[2023-04-27T19:01:55.327+0300] {local_task_job.py:212} INFO - Task exited with return code 0
[2023-04-27T19:01:55.344+0300] {taskinstance.py:2596} INFO - 1 downstream tasks scheduled from follow-on schedule check
