[2023-04-23T21:10:45.075+0300] {taskinstance.py:1090} INFO - Dependencies all met for dep_context=non-requeueable deps ti=<TaskInstance: db_train.dupl_def manual__2023-04-23T18:10:38.446529+00:00 [queued]>
[2023-04-23T21:10:45.083+0300] {taskinstance.py:1090} INFO - Dependencies all met for dep_context=requeueable deps ti=<TaskInstance: db_train.dupl_def manual__2023-04-23T18:10:38.446529+00:00 [queued]>
[2023-04-23T21:10:45.083+0300] {taskinstance.py:1288} INFO - 
--------------------------------------------------------------------------------
[2023-04-23T21:10:45.083+0300] {taskinstance.py:1289} INFO - Starting attempt 1 of 5
[2023-04-23T21:10:45.084+0300] {taskinstance.py:1290} INFO - 
--------------------------------------------------------------------------------
[2023-04-23T21:10:45.096+0300] {taskinstance.py:1309} INFO - Executing <Task(MySqlOperator): dupl_def> on 2023-04-23 18:10:38.446529+00:00
[2023-04-23T21:10:45.099+0300] {standard_task_runner.py:55} INFO - Started process 11982 to run task
[2023-04-23T21:10:45.105+0300] {standard_task_runner.py:82} INFO - Running: ['airflow', 'tasks', 'run', 'db_train', 'dupl_def', 'manual__2023-04-23T18:10:38.446529+00:00', '--job-id', '63', '--raw', '--subdir', 'DAGS_FOLDER/train_db.py', '--cfg-path', '/tmp/tmpne0xgtte']
[2023-04-23T21:10:45.109+0300] {standard_task_runner.py:83} INFO - Job 63: Subtask dupl_def
[2023-04-23T21:10:45.337+0300] {task_command.py:389} INFO - Running <TaskInstance: db_train.dupl_def manual__2023-04-23T18:10:38.446529+00:00 [running]> on host vladimir-virtual-machine
[2023-04-23T21:10:45.388+0300] {taskinstance.py:1516} INFO - Exporting the following env vars:
AIRFLOW_CTX_DAG_OWNER=vladimir
AIRFLOW_CTX_DAG_ID=db_train
AIRFLOW_CTX_TASK_ID=dupl_def
AIRFLOW_CTX_EXECUTION_DATE=2023-04-23T18:10:38.446529+00:00
AIRFLOW_CTX_TRY_NUMBER=1
AIRFLOW_CTX_DAG_RUN_ID=manual__2023-04-23T18:10:38.446529+00:00
[2023-04-23T21:10:45.388+0300] {sql.py:262} INFO - Executing: 
            DELETE FROM popki
            WHERE dt = '2023-04-23T18:10:38.446529+00:00' AND dag_id = 'db_train'
        
[2023-04-23T21:10:45.395+0300] {base.py:73} INFO - Using connection ID 'mysql_connection_train' for task execution.
[2023-04-23T21:10:45.530+0300] {base.py:73} INFO - Using connection ID 'mysql_connection_train' for task execution.
[2023-04-23T21:10:45.531+0300] {sql.py:375} INFO - Running statement: 
            DELETE FROM popki
            WHERE dt = '2023-04-23T18:10:38.446529+00:00' AND dag_id = 'db_train'
        , parameters: None
[2023-04-23T21:10:45.532+0300] {sql.py:384} INFO - Rows affected: 0
[2023-04-23T21:10:45.535+0300] {taskinstance.py:1327} INFO - Marking task as SUCCESS. dag_id=db_train, task_id=dupl_def, execution_date=20230423T181038, start_date=20230423T181045, end_date=20230423T181045
[2023-04-23T21:10:45.563+0300] {local_task_job.py:212} INFO - Task exited with return code 0
[2023-04-23T21:10:45.680+0300] {taskinstance.py:2596} INFO - 1 downstream tasks scheduled from follow-on schedule check
