[2023-04-23T03:13:05.277+0300] {processor.py:153} INFO - Started process (PID=6988) to work on /home/vladimir/.local/lib/python3.10/site-packages/airflow/example_dags/example_branch_operator.py
[2023-04-23T03:13:05.277+0300] {processor.py:743} INFO - Processing file /home/vladimir/.local/lib/python3.10/site-packages/airflow/example_dags/example_branch_operator.py for tasks to queue
[2023-04-23T03:13:05.278+0300] {logging_mixin.py:137} INFO - [2023-04-23T03:13:05.278+0300] {dagbag.py:532} INFO - Filling up the DagBag from /home/vladimir/.local/lib/python3.10/site-packages/airflow/example_dags/example_branch_operator.py
[2023-04-23T03:13:05.292+0300] {processor.py:753} INFO - DAG(s) dict_keys(['example_branch_operator']) retrieved from /home/vladimir/.local/lib/python3.10/site-packages/airflow/example_dags/example_branch_operator.py
[2023-04-23T03:13:05.311+0300] {logging_mixin.py:137} INFO - [2023-04-23T03:13:05.311+0300] {dag.py:2705} INFO - Sync 1 DAGs
[2023-04-23T03:13:05.328+0300] {logging_mixin.py:137} INFO - [2023-04-23T03:13:05.328+0300] {dag.py:3452} INFO - Setting next_dagrun for example_branch_operator to 2023-04-22T00:00:00+00:00, run_after=2023-04-23T00:00:00+00:00
[2023-04-23T03:13:05.342+0300] {processor.py:175} INFO - Processing /home/vladimir/.local/lib/python3.10/site-packages/airflow/example_dags/example_branch_operator.py took 0.068 seconds
[2023-04-23T03:13:46.947+0300] {processor.py:153} INFO - Started process (PID=7049) to work on /home/vladimir/.local/lib/python3.10/site-packages/airflow/example_dags/example_branch_operator.py
[2023-04-23T03:13:46.948+0300] {processor.py:743} INFO - Processing file /home/vladimir/.local/lib/python3.10/site-packages/airflow/example_dags/example_branch_operator.py for tasks to queue
[2023-04-23T03:13:46.948+0300] {logging_mixin.py:137} INFO - [2023-04-23T03:13:46.948+0300] {dagbag.py:532} INFO - Filling up the DagBag from /home/vladimir/.local/lib/python3.10/site-packages/airflow/example_dags/example_branch_operator.py
[2023-04-23T03:13:46.960+0300] {processor.py:753} INFO - DAG(s) dict_keys(['example_branch_operator']) retrieved from /home/vladimir/.local/lib/python3.10/site-packages/airflow/example_dags/example_branch_operator.py
[2023-04-23T03:13:46.976+0300] {logging_mixin.py:137} INFO - [2023-04-23T03:13:46.976+0300] {dag.py:2705} INFO - Sync 1 DAGs
[2023-04-23T03:13:46.990+0300] {logging_mixin.py:137} INFO - [2023-04-23T03:13:46.990+0300] {dag.py:3452} INFO - Setting next_dagrun for example_branch_operator to 2023-04-22T00:00:00+00:00, run_after=2023-04-23T00:00:00+00:00
[2023-04-23T03:13:47.002+0300] {processor.py:175} INFO - Processing /home/vladimir/.local/lib/python3.10/site-packages/airflow/example_dags/example_branch_operator.py took 0.058 seconds
[2023-04-23T03:14:28.428+0300] {processor.py:153} INFO - Started process (PID=7103) to work on /home/vladimir/.local/lib/python3.10/site-packages/airflow/example_dags/example_branch_operator.py
[2023-04-23T03:14:28.429+0300] {processor.py:743} INFO - Processing file /home/vladimir/.local/lib/python3.10/site-packages/airflow/example_dags/example_branch_operator.py for tasks to queue
[2023-04-23T03:14:28.429+0300] {logging_mixin.py:137} INFO - [2023-04-23T03:14:28.429+0300] {dagbag.py:532} INFO - Filling up the DagBag from /home/vladimir/.local/lib/python3.10/site-packages/airflow/example_dags/example_branch_operator.py
[2023-04-23T03:14:28.441+0300] {processor.py:753} INFO - DAG(s) dict_keys(['example_branch_operator']) retrieved from /home/vladimir/.local/lib/python3.10/site-packages/airflow/example_dags/example_branch_operator.py
[2023-04-23T03:14:28.458+0300] {logging_mixin.py:137} INFO - [2023-04-23T03:14:28.457+0300] {dag.py:2705} INFO - Sync 1 DAGs
[2023-04-23T03:14:28.472+0300] {logging_mixin.py:137} INFO - [2023-04-23T03:14:28.472+0300] {dag.py:3452} INFO - Setting next_dagrun for example_branch_operator to 2023-04-22T00:00:00+00:00, run_after=2023-04-23T00:00:00+00:00
[2023-04-23T03:14:28.484+0300] {processor.py:175} INFO - Processing /home/vladimir/.local/lib/python3.10/site-packages/airflow/example_dags/example_branch_operator.py took 0.059 seconds
[2023-04-23T03:15:07.903+0300] {processor.py:153} INFO - Started process (PID=7198) to work on /home/vladimir/.local/lib/python3.10/site-packages/airflow/example_dags/example_branch_operator.py
[2023-04-23T03:15:07.904+0300] {processor.py:743} INFO - Processing file /home/vladimir/.local/lib/python3.10/site-packages/airflow/example_dags/example_branch_operator.py for tasks to queue
[2023-04-23T03:15:07.904+0300] {logging_mixin.py:137} INFO - [2023-04-23T03:15:07.904+0300] {dagbag.py:532} INFO - Filling up the DagBag from /home/vladimir/.local/lib/python3.10/site-packages/airflow/example_dags/example_branch_operator.py
[2023-04-23T03:15:07.916+0300] {processor.py:753} INFO - DAG(s) dict_keys(['example_branch_operator']) retrieved from /home/vladimir/.local/lib/python3.10/site-packages/airflow/example_dags/example_branch_operator.py
[2023-04-23T03:15:07.931+0300] {logging_mixin.py:137} INFO - [2023-04-23T03:15:07.931+0300] {dag.py:2705} INFO - Sync 1 DAGs
[2023-04-23T03:15:07.944+0300] {logging_mixin.py:137} INFO - [2023-04-23T03:15:07.944+0300] {dag.py:3452} INFO - Setting next_dagrun for example_branch_operator to 2023-04-22T00:00:00+00:00, run_after=2023-04-23T00:00:00+00:00
[2023-04-23T03:15:07.957+0300] {processor.py:175} INFO - Processing /home/vladimir/.local/lib/python3.10/site-packages/airflow/example_dags/example_branch_operator.py took 0.057 seconds
[2023-04-23T03:15:48.407+0300] {processor.py:153} INFO - Started process (PID=7248) to work on /home/vladimir/.local/lib/python3.10/site-packages/airflow/example_dags/example_branch_operator.py
[2023-04-23T03:15:48.408+0300] {processor.py:743} INFO - Processing file /home/vladimir/.local/lib/python3.10/site-packages/airflow/example_dags/example_branch_operator.py for tasks to queue
[2023-04-23T03:15:48.410+0300] {logging_mixin.py:137} INFO - [2023-04-23T03:15:48.409+0300] {dagbag.py:532} INFO - Filling up the DagBag from /home/vladimir/.local/lib/python3.10/site-packages/airflow/example_dags/example_branch_operator.py
[2023-04-23T03:15:48.421+0300] {processor.py:753} INFO - DAG(s) dict_keys(['example_branch_operator']) retrieved from /home/vladimir/.local/lib/python3.10/site-packages/airflow/example_dags/example_branch_operator.py
[2023-04-23T03:15:48.436+0300] {logging_mixin.py:137} INFO - [2023-04-23T03:15:48.436+0300] {dag.py:2705} INFO - Sync 1 DAGs
[2023-04-23T03:15:48.448+0300] {logging_mixin.py:137} INFO - [2023-04-23T03:15:48.448+0300] {dag.py:3452} INFO - Setting next_dagrun for example_branch_operator to 2023-04-22T00:00:00+00:00, run_after=2023-04-23T00:00:00+00:00
[2023-04-23T03:15:48.461+0300] {processor.py:175} INFO - Processing /home/vladimir/.local/lib/python3.10/site-packages/airflow/example_dags/example_branch_operator.py took 0.056 seconds
[2023-04-23T03:16:28.944+0300] {processor.py:153} INFO - Started process (PID=7311) to work on /home/vladimir/.local/lib/python3.10/site-packages/airflow/example_dags/example_branch_operator.py
[2023-04-23T03:16:28.945+0300] {processor.py:743} INFO - Processing file /home/vladimir/.local/lib/python3.10/site-packages/airflow/example_dags/example_branch_operator.py for tasks to queue
[2023-04-23T03:16:28.945+0300] {logging_mixin.py:137} INFO - [2023-04-23T03:16:28.945+0300] {dagbag.py:532} INFO - Filling up the DagBag from /home/vladimir/.local/lib/python3.10/site-packages/airflow/example_dags/example_branch_operator.py
[2023-04-23T03:16:28.957+0300] {processor.py:753} INFO - DAG(s) dict_keys(['example_branch_operator']) retrieved from /home/vladimir/.local/lib/python3.10/site-packages/airflow/example_dags/example_branch_operator.py
[2023-04-23T03:16:28.977+0300] {logging_mixin.py:137} INFO - [2023-04-23T03:16:28.976+0300] {dag.py:2705} INFO - Sync 1 DAGs
[2023-04-23T03:16:29.001+0300] {logging_mixin.py:137} INFO - [2023-04-23T03:16:29.000+0300] {dag.py:3452} INFO - Setting next_dagrun for example_branch_operator to 2023-04-22T00:00:00+00:00, run_after=2023-04-23T00:00:00+00:00
[2023-04-23T03:16:29.016+0300] {processor.py:175} INFO - Processing /home/vladimir/.local/lib/python3.10/site-packages/airflow/example_dags/example_branch_operator.py took 0.074 seconds
[2023-04-23T03:17:09.481+0300] {processor.py:153} INFO - Started process (PID=7379) to work on /home/vladimir/.local/lib/python3.10/site-packages/airflow/example_dags/example_branch_operator.py
[2023-04-23T03:17:09.482+0300] {processor.py:743} INFO - Processing file /home/vladimir/.local/lib/python3.10/site-packages/airflow/example_dags/example_branch_operator.py for tasks to queue
[2023-04-23T03:17:09.483+0300] {logging_mixin.py:137} INFO - [2023-04-23T03:17:09.482+0300] {dagbag.py:532} INFO - Filling up the DagBag from /home/vladimir/.local/lib/python3.10/site-packages/airflow/example_dags/example_branch_operator.py
[2023-04-23T03:17:09.494+0300] {processor.py:753} INFO - DAG(s) dict_keys(['example_branch_operator']) retrieved from /home/vladimir/.local/lib/python3.10/site-packages/airflow/example_dags/example_branch_operator.py
[2023-04-23T03:17:09.508+0300] {logging_mixin.py:137} INFO - [2023-04-23T03:17:09.508+0300] {dag.py:2705} INFO - Sync 1 DAGs
[2023-04-23T03:17:09.521+0300] {logging_mixin.py:137} INFO - [2023-04-23T03:17:09.521+0300] {dag.py:3452} INFO - Setting next_dagrun for example_branch_operator to 2023-04-22T00:00:00+00:00, run_after=2023-04-23T00:00:00+00:00
[2023-04-23T03:17:09.533+0300] {processor.py:175} INFO - Processing /home/vladimir/.local/lib/python3.10/site-packages/airflow/example_dags/example_branch_operator.py took 0.053 seconds
[2023-04-23T03:17:48.880+0300] {processor.py:153} INFO - Started process (PID=7423) to work on /home/vladimir/.local/lib/python3.10/site-packages/airflow/example_dags/example_branch_operator.py
[2023-04-23T03:17:48.881+0300] {processor.py:743} INFO - Processing file /home/vladimir/.local/lib/python3.10/site-packages/airflow/example_dags/example_branch_operator.py for tasks to queue
[2023-04-23T03:17:48.881+0300] {logging_mixin.py:137} INFO - [2023-04-23T03:17:48.881+0300] {dagbag.py:532} INFO - Filling up the DagBag from /home/vladimir/.local/lib/python3.10/site-packages/airflow/example_dags/example_branch_operator.py
[2023-04-23T03:17:48.893+0300] {processor.py:753} INFO - DAG(s) dict_keys(['example_branch_operator']) retrieved from /home/vladimir/.local/lib/python3.10/site-packages/airflow/example_dags/example_branch_operator.py
[2023-04-23T03:17:48.907+0300] {logging_mixin.py:137} INFO - [2023-04-23T03:17:48.907+0300] {dag.py:2705} INFO - Sync 1 DAGs
[2023-04-23T03:17:48.920+0300] {logging_mixin.py:137} INFO - [2023-04-23T03:17:48.920+0300] {dag.py:3452} INFO - Setting next_dagrun for example_branch_operator to 2023-04-22T00:00:00+00:00, run_after=2023-04-23T00:00:00+00:00
[2023-04-23T03:17:48.933+0300] {processor.py:175} INFO - Processing /home/vladimir/.local/lib/python3.10/site-packages/airflow/example_dags/example_branch_operator.py took 0.055 seconds
[2023-04-23T03:18:27.113+0300] {processor.py:153} INFO - Started process (PID=7469) to work on /home/vladimir/.local/lib/python3.10/site-packages/airflow/example_dags/example_branch_operator.py
[2023-04-23T03:18:27.113+0300] {processor.py:743} INFO - Processing file /home/vladimir/.local/lib/python3.10/site-packages/airflow/example_dags/example_branch_operator.py for tasks to queue
[2023-04-23T03:18:27.114+0300] {logging_mixin.py:137} INFO - [2023-04-23T03:18:27.114+0300] {dagbag.py:532} INFO - Filling up the DagBag from /home/vladimir/.local/lib/python3.10/site-packages/airflow/example_dags/example_branch_operator.py
[2023-04-23T03:18:27.125+0300] {processor.py:753} INFO - DAG(s) dict_keys(['example_branch_operator']) retrieved from /home/vladimir/.local/lib/python3.10/site-packages/airflow/example_dags/example_branch_operator.py
[2023-04-23T03:18:27.140+0300] {logging_mixin.py:137} INFO - [2023-04-23T03:18:27.139+0300] {dag.py:2705} INFO - Sync 1 DAGs
[2023-04-23T03:18:27.152+0300] {logging_mixin.py:137} INFO - [2023-04-23T03:18:27.152+0300] {dag.py:3452} INFO - Setting next_dagrun for example_branch_operator to 2023-04-22T00:00:00+00:00, run_after=2023-04-23T00:00:00+00:00
[2023-04-23T03:18:27.164+0300] {processor.py:175} INFO - Processing /home/vladimir/.local/lib/python3.10/site-packages/airflow/example_dags/example_branch_operator.py took 0.053 seconds
[2023-04-23T03:19:07.079+0300] {processor.py:153} INFO - Started process (PID=7512) to work on /home/vladimir/.local/lib/python3.10/site-packages/airflow/example_dags/example_branch_operator.py
[2023-04-23T03:19:07.080+0300] {processor.py:743} INFO - Processing file /home/vladimir/.local/lib/python3.10/site-packages/airflow/example_dags/example_branch_operator.py for tasks to queue
[2023-04-23T03:19:07.080+0300] {logging_mixin.py:137} INFO - [2023-04-23T03:19:07.080+0300] {dagbag.py:532} INFO - Filling up the DagBag from /home/vladimir/.local/lib/python3.10/site-packages/airflow/example_dags/example_branch_operator.py
[2023-04-23T03:19:07.092+0300] {processor.py:753} INFO - DAG(s) dict_keys(['example_branch_operator']) retrieved from /home/vladimir/.local/lib/python3.10/site-packages/airflow/example_dags/example_branch_operator.py
[2023-04-23T03:19:07.108+0300] {logging_mixin.py:137} INFO - [2023-04-23T03:19:07.108+0300] {dag.py:2705} INFO - Sync 1 DAGs
[2023-04-23T03:19:07.121+0300] {logging_mixin.py:137} INFO - [2023-04-23T03:19:07.121+0300] {dag.py:3452} INFO - Setting next_dagrun for example_branch_operator to 2023-04-22T00:00:00+00:00, run_after=2023-04-23T00:00:00+00:00
[2023-04-23T03:19:07.132+0300] {processor.py:175} INFO - Processing /home/vladimir/.local/lib/python3.10/site-packages/airflow/example_dags/example_branch_operator.py took 0.055 seconds
[2023-04-23T03:19:52.149+0300] {processor.py:153} INFO - Started process (PID=7728) to work on /home/vladimir/.local/lib/python3.10/site-packages/airflow/example_dags/example_branch_operator.py
[2023-04-23T03:19:52.159+0300] {processor.py:743} INFO - Processing file /home/vladimir/.local/lib/python3.10/site-packages/airflow/example_dags/example_branch_operator.py for tasks to queue
[2023-04-23T03:19:52.164+0300] {logging_mixin.py:137} INFO - [2023-04-23T03:19:52.164+0300] {dagbag.py:532} INFO - Filling up the DagBag from /home/vladimir/.local/lib/python3.10/site-packages/airflow/example_dags/example_branch_operator.py
[2023-04-23T03:19:52.257+0300] {processor.py:753} INFO - DAG(s) dict_keys(['example_branch_operator']) retrieved from /home/vladimir/.local/lib/python3.10/site-packages/airflow/example_dags/example_branch_operator.py
[2023-04-23T03:19:52.351+0300] {logging_mixin.py:137} INFO - [2023-04-23T03:19:52.350+0300] {dag.py:2705} INFO - Sync 1 DAGs
[2023-04-23T03:19:52.428+0300] {logging_mixin.py:137} INFO - [2023-04-23T03:19:52.428+0300] {dag.py:3452} INFO - Setting next_dagrun for example_branch_operator to 2023-04-22T00:00:00+00:00, run_after=2023-04-23T00:00:00+00:00
[2023-04-23T03:19:52.479+0300] {processor.py:175} INFO - Processing /home/vladimir/.local/lib/python3.10/site-packages/airflow/example_dags/example_branch_operator.py took 0.369 seconds
[2023-04-23T03:20:39.362+0300] {processor.py:153} INFO - Started process (PID=7863) to work on /home/vladimir/.local/lib/python3.10/site-packages/airflow/example_dags/example_branch_operator.py
[2023-04-23T03:20:39.362+0300] {processor.py:743} INFO - Processing file /home/vladimir/.local/lib/python3.10/site-packages/airflow/example_dags/example_branch_operator.py for tasks to queue
[2023-04-23T03:20:39.363+0300] {logging_mixin.py:137} INFO - [2023-04-23T03:20:39.363+0300] {dagbag.py:532} INFO - Filling up the DagBag from /home/vladimir/.local/lib/python3.10/site-packages/airflow/example_dags/example_branch_operator.py
[2023-04-23T03:20:39.375+0300] {processor.py:753} INFO - DAG(s) dict_keys(['example_branch_operator']) retrieved from /home/vladimir/.local/lib/python3.10/site-packages/airflow/example_dags/example_branch_operator.py
[2023-04-23T03:20:39.390+0300] {logging_mixin.py:137} INFO - [2023-04-23T03:20:39.390+0300] {dag.py:2705} INFO - Sync 1 DAGs
[2023-04-23T03:20:39.404+0300] {logging_mixin.py:137} INFO - [2023-04-23T03:20:39.404+0300] {dag.py:3452} INFO - Setting next_dagrun for example_branch_operator to 2023-04-22T00:00:00+00:00, run_after=2023-04-23T00:00:00+00:00
[2023-04-23T03:20:39.416+0300] {processor.py:175} INFO - Processing /home/vladimir/.local/lib/python3.10/site-packages/airflow/example_dags/example_branch_operator.py took 0.057 seconds
[2023-04-23T03:21:22.631+0300] {processor.py:153} INFO - Started process (PID=7949) to work on /home/vladimir/.local/lib/python3.10/site-packages/airflow/example_dags/example_branch_operator.py
[2023-04-23T03:21:22.632+0300] {processor.py:743} INFO - Processing file /home/vladimir/.local/lib/python3.10/site-packages/airflow/example_dags/example_branch_operator.py for tasks to queue
[2023-04-23T03:21:22.633+0300] {logging_mixin.py:137} INFO - [2023-04-23T03:21:22.633+0300] {dagbag.py:532} INFO - Filling up the DagBag from /home/vladimir/.local/lib/python3.10/site-packages/airflow/example_dags/example_branch_operator.py
[2023-04-23T03:21:22.646+0300] {processor.py:753} INFO - DAG(s) dict_keys(['example_branch_operator']) retrieved from /home/vladimir/.local/lib/python3.10/site-packages/airflow/example_dags/example_branch_operator.py
[2023-04-23T03:21:22.668+0300] {logging_mixin.py:137} INFO - [2023-04-23T03:21:22.668+0300] {dag.py:2705} INFO - Sync 1 DAGs
[2023-04-23T03:21:22.685+0300] {logging_mixin.py:137} INFO - [2023-04-23T03:21:22.685+0300] {dag.py:3452} INFO - Setting next_dagrun for example_branch_operator to 2023-04-22T00:00:00+00:00, run_after=2023-04-23T00:00:00+00:00
[2023-04-23T03:21:22.700+0300] {processor.py:175} INFO - Processing /home/vladimir/.local/lib/python3.10/site-packages/airflow/example_dags/example_branch_operator.py took 0.070 seconds
