[2023-04-23T03:12:47.506+0300] {processor.py:153} INFO - Started process (PID=6955) to work on /home/vladimir/.local/lib/python3.10/site-packages/airflow/example_dags/example_external_task_marker_dag.py
[2023-04-23T03:12:47.507+0300] {processor.py:743} INFO - Processing file /home/vladimir/.local/lib/python3.10/site-packages/airflow/example_dags/example_external_task_marker_dag.py for tasks to queue
[2023-04-23T03:12:47.507+0300] {logging_mixin.py:137} INFO - [2023-04-23T03:12:47.507+0300] {dagbag.py:532} INFO - Filling up the DagBag from /home/vladimir/.local/lib/python3.10/site-packages/airflow/example_dags/example_external_task_marker_dag.py
[2023-04-23T03:12:47.517+0300] {processor.py:753} INFO - DAG(s) dict_keys(['example_external_task_marker_parent', 'example_external_task_marker_child']) retrieved from /home/vladimir/.local/lib/python3.10/site-packages/airflow/example_dags/example_external_task_marker_dag.py
[2023-04-23T03:12:47.533+0300] {logging_mixin.py:137} INFO - [2023-04-23T03:12:47.532+0300] {dag.py:2705} INFO - Sync 2 DAGs
[2023-04-23T03:12:47.546+0300] {logging_mixin.py:137} INFO - [2023-04-23T03:12:47.546+0300] {dag.py:3452} INFO - Setting next_dagrun for example_external_task_marker_child to None, run_after=None
[2023-04-23T03:12:47.547+0300] {logging_mixin.py:137} INFO - [2023-04-23T03:12:47.547+0300] {dag.py:3452} INFO - Setting next_dagrun for example_external_task_marker_parent to None, run_after=None
[2023-04-23T03:12:47.559+0300] {processor.py:175} INFO - Processing /home/vladimir/.local/lib/python3.10/site-packages/airflow/example_dags/example_external_task_marker_dag.py took 0.055 seconds
[2023-04-23T03:13:27.685+0300] {processor.py:153} INFO - Started process (PID=7021) to work on /home/vladimir/.local/lib/python3.10/site-packages/airflow/example_dags/example_external_task_marker_dag.py
[2023-04-23T03:13:27.686+0300] {processor.py:743} INFO - Processing file /home/vladimir/.local/lib/python3.10/site-packages/airflow/example_dags/example_external_task_marker_dag.py for tasks to queue
[2023-04-23T03:13:27.687+0300] {logging_mixin.py:137} INFO - [2023-04-23T03:13:27.686+0300] {dagbag.py:532} INFO - Filling up the DagBag from /home/vladimir/.local/lib/python3.10/site-packages/airflow/example_dags/example_external_task_marker_dag.py
[2023-04-23T03:13:27.697+0300] {processor.py:753} INFO - DAG(s) dict_keys(['example_external_task_marker_parent', 'example_external_task_marker_child']) retrieved from /home/vladimir/.local/lib/python3.10/site-packages/airflow/example_dags/example_external_task_marker_dag.py
[2023-04-23T03:13:27.713+0300] {logging_mixin.py:137} INFO - [2023-04-23T03:13:27.713+0300] {dag.py:2705} INFO - Sync 2 DAGs
[2023-04-23T03:13:27.727+0300] {logging_mixin.py:137} INFO - [2023-04-23T03:13:27.727+0300] {dag.py:3452} INFO - Setting next_dagrun for example_external_task_marker_child to None, run_after=None
[2023-04-23T03:13:27.729+0300] {logging_mixin.py:137} INFO - [2023-04-23T03:13:27.729+0300] {dag.py:3452} INFO - Setting next_dagrun for example_external_task_marker_parent to None, run_after=None
[2023-04-23T03:13:27.741+0300] {processor.py:175} INFO - Processing /home/vladimir/.local/lib/python3.10/site-packages/airflow/example_dags/example_external_task_marker_dag.py took 0.058 seconds
[2023-04-23T03:14:07.841+0300] {processor.py:153} INFO - Started process (PID=7077) to work on /home/vladimir/.local/lib/python3.10/site-packages/airflow/example_dags/example_external_task_marker_dag.py
[2023-04-23T03:14:07.842+0300] {processor.py:743} INFO - Processing file /home/vladimir/.local/lib/python3.10/site-packages/airflow/example_dags/example_external_task_marker_dag.py for tasks to queue
[2023-04-23T03:14:07.843+0300] {logging_mixin.py:137} INFO - [2023-04-23T03:14:07.842+0300] {dagbag.py:532} INFO - Filling up the DagBag from /home/vladimir/.local/lib/python3.10/site-packages/airflow/example_dags/example_external_task_marker_dag.py
[2023-04-23T03:14:07.853+0300] {processor.py:753} INFO - DAG(s) dict_keys(['example_external_task_marker_parent', 'example_external_task_marker_child']) retrieved from /home/vladimir/.local/lib/python3.10/site-packages/airflow/example_dags/example_external_task_marker_dag.py
[2023-04-23T03:14:07.868+0300] {logging_mixin.py:137} INFO - [2023-04-23T03:14:07.868+0300] {dag.py:2705} INFO - Sync 2 DAGs
[2023-04-23T03:14:07.881+0300] {logging_mixin.py:137} INFO - [2023-04-23T03:14:07.881+0300] {dag.py:3452} INFO - Setting next_dagrun for example_external_task_marker_child to None, run_after=None
[2023-04-23T03:14:07.883+0300] {logging_mixin.py:137} INFO - [2023-04-23T03:14:07.883+0300] {dag.py:3452} INFO - Setting next_dagrun for example_external_task_marker_parent to None, run_after=None
[2023-04-23T03:14:07.893+0300] {processor.py:175} INFO - Processing /home/vladimir/.local/lib/python3.10/site-packages/airflow/example_dags/example_external_task_marker_dag.py took 0.055 seconds
[2023-04-23T03:14:48.911+0300] {processor.py:153} INFO - Started process (PID=7141) to work on /home/vladimir/.local/lib/python3.10/site-packages/airflow/example_dags/example_external_task_marker_dag.py
[2023-04-23T03:14:48.911+0300] {processor.py:743} INFO - Processing file /home/vladimir/.local/lib/python3.10/site-packages/airflow/example_dags/example_external_task_marker_dag.py for tasks to queue
[2023-04-23T03:14:48.912+0300] {logging_mixin.py:137} INFO - [2023-04-23T03:14:48.912+0300] {dagbag.py:532} INFO - Filling up the DagBag from /home/vladimir/.local/lib/python3.10/site-packages/airflow/example_dags/example_external_task_marker_dag.py
[2023-04-23T03:14:48.922+0300] {processor.py:753} INFO - DAG(s) dict_keys(['example_external_task_marker_parent', 'example_external_task_marker_child']) retrieved from /home/vladimir/.local/lib/python3.10/site-packages/airflow/example_dags/example_external_task_marker_dag.py
[2023-04-23T03:14:48.937+0300] {logging_mixin.py:137} INFO - [2023-04-23T03:14:48.937+0300] {dag.py:2705} INFO - Sync 2 DAGs
[2023-04-23T03:14:48.949+0300] {logging_mixin.py:137} INFO - [2023-04-23T03:14:48.949+0300] {dag.py:3452} INFO - Setting next_dagrun for example_external_task_marker_child to None, run_after=None
[2023-04-23T03:14:48.951+0300] {logging_mixin.py:137} INFO - [2023-04-23T03:14:48.951+0300] {dag.py:3452} INFO - Setting next_dagrun for example_external_task_marker_parent to None, run_after=None
[2023-04-23T03:14:48.963+0300] {processor.py:175} INFO - Processing /home/vladimir/.local/lib/python3.10/site-packages/airflow/example_dags/example_external_task_marker_dag.py took 0.055 seconds
[2023-04-23T03:15:29.993+0300] {processor.py:153} INFO - Started process (PID=7221) to work on /home/vladimir/.local/lib/python3.10/site-packages/airflow/example_dags/example_external_task_marker_dag.py
[2023-04-23T03:15:29.994+0300] {processor.py:743} INFO - Processing file /home/vladimir/.local/lib/python3.10/site-packages/airflow/example_dags/example_external_task_marker_dag.py for tasks to queue
[2023-04-23T03:15:29.994+0300] {logging_mixin.py:137} INFO - [2023-04-23T03:15:29.994+0300] {dagbag.py:532} INFO - Filling up the DagBag from /home/vladimir/.local/lib/python3.10/site-packages/airflow/example_dags/example_external_task_marker_dag.py
[2023-04-23T03:15:30.004+0300] {processor.py:753} INFO - DAG(s) dict_keys(['example_external_task_marker_child', 'example_external_task_marker_parent']) retrieved from /home/vladimir/.local/lib/python3.10/site-packages/airflow/example_dags/example_external_task_marker_dag.py
[2023-04-23T03:15:30.019+0300] {logging_mixin.py:137} INFO - [2023-04-23T03:15:30.018+0300] {dag.py:2705} INFO - Sync 2 DAGs
[2023-04-23T03:15:30.031+0300] {logging_mixin.py:137} INFO - [2023-04-23T03:15:30.031+0300] {dag.py:3452} INFO - Setting next_dagrun for example_external_task_marker_child to None, run_after=None
[2023-04-23T03:15:30.032+0300] {logging_mixin.py:137} INFO - [2023-04-23T03:15:30.032+0300] {dag.py:3452} INFO - Setting next_dagrun for example_external_task_marker_parent to None, run_after=None
[2023-04-23T03:15:30.043+0300] {processor.py:175} INFO - Processing /home/vladimir/.local/lib/python3.10/site-packages/airflow/example_dags/example_external_task_marker_dag.py took 0.053 seconds
[2023-04-23T03:16:10.943+0300] {processor.py:153} INFO - Started process (PID=7279) to work on /home/vladimir/.local/lib/python3.10/site-packages/airflow/example_dags/example_external_task_marker_dag.py
[2023-04-23T03:16:10.944+0300] {processor.py:743} INFO - Processing file /home/vladimir/.local/lib/python3.10/site-packages/airflow/example_dags/example_external_task_marker_dag.py for tasks to queue
[2023-04-23T03:16:10.944+0300] {logging_mixin.py:137} INFO - [2023-04-23T03:16:10.944+0300] {dagbag.py:532} INFO - Filling up the DagBag from /home/vladimir/.local/lib/python3.10/site-packages/airflow/example_dags/example_external_task_marker_dag.py
[2023-04-23T03:16:10.955+0300] {processor.py:753} INFO - DAG(s) dict_keys(['example_external_task_marker_parent', 'example_external_task_marker_child']) retrieved from /home/vladimir/.local/lib/python3.10/site-packages/airflow/example_dags/example_external_task_marker_dag.py
[2023-04-23T03:16:10.971+0300] {logging_mixin.py:137} INFO - [2023-04-23T03:16:10.971+0300] {dag.py:2705} INFO - Sync 2 DAGs
[2023-04-23T03:16:10.983+0300] {logging_mixin.py:137} INFO - [2023-04-23T03:16:10.983+0300] {dag.py:3452} INFO - Setting next_dagrun for example_external_task_marker_child to None, run_after=None
[2023-04-23T03:16:10.985+0300] {logging_mixin.py:137} INFO - [2023-04-23T03:16:10.984+0300] {dag.py:3452} INFO - Setting next_dagrun for example_external_task_marker_parent to None, run_after=None
[2023-04-23T03:16:10.997+0300] {processor.py:175} INFO - Processing /home/vladimir/.local/lib/python3.10/site-packages/airflow/example_dags/example_external_task_marker_dag.py took 0.056 seconds
[2023-04-23T03:16:49.212+0300] {processor.py:153} INFO - Started process (PID=7355) to work on /home/vladimir/.local/lib/python3.10/site-packages/airflow/example_dags/example_external_task_marker_dag.py
[2023-04-23T03:16:49.212+0300] {processor.py:743} INFO - Processing file /home/vladimir/.local/lib/python3.10/site-packages/airflow/example_dags/example_external_task_marker_dag.py for tasks to queue
[2023-04-23T03:16:49.213+0300] {logging_mixin.py:137} INFO - [2023-04-23T03:16:49.213+0300] {dagbag.py:532} INFO - Filling up the DagBag from /home/vladimir/.local/lib/python3.10/site-packages/airflow/example_dags/example_external_task_marker_dag.py
[2023-04-23T03:16:49.222+0300] {processor.py:753} INFO - DAG(s) dict_keys(['example_external_task_marker_child', 'example_external_task_marker_parent']) retrieved from /home/vladimir/.local/lib/python3.10/site-packages/airflow/example_dags/example_external_task_marker_dag.py
[2023-04-23T03:16:49.235+0300] {logging_mixin.py:137} INFO - [2023-04-23T03:16:49.235+0300] {dag.py:2705} INFO - Sync 2 DAGs
[2023-04-23T03:16:49.248+0300] {logging_mixin.py:137} INFO - [2023-04-23T03:16:49.247+0300] {dag.py:3452} INFO - Setting next_dagrun for example_external_task_marker_child to None, run_after=None
[2023-04-23T03:16:49.249+0300] {logging_mixin.py:137} INFO - [2023-04-23T03:16:49.249+0300] {dag.py:3452} INFO - Setting next_dagrun for example_external_task_marker_parent to None, run_after=None
[2023-04-23T03:16:49.260+0300] {processor.py:175} INFO - Processing /home/vladimir/.local/lib/python3.10/site-packages/airflow/example_dags/example_external_task_marker_dag.py took 0.050 seconds
[2023-04-23T03:17:30.881+0300] {processor.py:153} INFO - Started process (PID=7401) to work on /home/vladimir/.local/lib/python3.10/site-packages/airflow/example_dags/example_external_task_marker_dag.py
[2023-04-23T03:17:30.882+0300] {processor.py:743} INFO - Processing file /home/vladimir/.local/lib/python3.10/site-packages/airflow/example_dags/example_external_task_marker_dag.py for tasks to queue
[2023-04-23T03:17:30.882+0300] {logging_mixin.py:137} INFO - [2023-04-23T03:17:30.882+0300] {dagbag.py:532} INFO - Filling up the DagBag from /home/vladimir/.local/lib/python3.10/site-packages/airflow/example_dags/example_external_task_marker_dag.py
[2023-04-23T03:17:30.892+0300] {processor.py:753} INFO - DAG(s) dict_keys(['example_external_task_marker_child', 'example_external_task_marker_parent']) retrieved from /home/vladimir/.local/lib/python3.10/site-packages/airflow/example_dags/example_external_task_marker_dag.py
[2023-04-23T03:17:30.905+0300] {logging_mixin.py:137} INFO - [2023-04-23T03:17:30.905+0300] {dag.py:2705} INFO - Sync 2 DAGs
[2023-04-23T03:17:30.917+0300] {logging_mixin.py:137} INFO - [2023-04-23T03:17:30.917+0300] {dag.py:3452} INFO - Setting next_dagrun for example_external_task_marker_child to None, run_after=None
[2023-04-23T03:17:30.918+0300] {logging_mixin.py:137} INFO - [2023-04-23T03:17:30.918+0300] {dag.py:3452} INFO - Setting next_dagrun for example_external_task_marker_parent to None, run_after=None
[2023-04-23T03:17:30.929+0300] {processor.py:175} INFO - Processing /home/vladimir/.local/lib/python3.10/site-packages/airflow/example_dags/example_external_task_marker_dag.py took 0.050 seconds
[2023-04-23T03:18:08.994+0300] {processor.py:153} INFO - Started process (PID=7449) to work on /home/vladimir/.local/lib/python3.10/site-packages/airflow/example_dags/example_external_task_marker_dag.py
[2023-04-23T03:18:08.995+0300] {processor.py:743} INFO - Processing file /home/vladimir/.local/lib/python3.10/site-packages/airflow/example_dags/example_external_task_marker_dag.py for tasks to queue
[2023-04-23T03:18:08.995+0300] {logging_mixin.py:137} INFO - [2023-04-23T03:18:08.995+0300] {dagbag.py:532} INFO - Filling up the DagBag from /home/vladimir/.local/lib/python3.10/site-packages/airflow/example_dags/example_external_task_marker_dag.py
[2023-04-23T03:18:09.004+0300] {processor.py:753} INFO - DAG(s) dict_keys(['example_external_task_marker_parent', 'example_external_task_marker_child']) retrieved from /home/vladimir/.local/lib/python3.10/site-packages/airflow/example_dags/example_external_task_marker_dag.py
[2023-04-23T03:18:09.018+0300] {logging_mixin.py:137} INFO - [2023-04-23T03:18:09.018+0300] {dag.py:2705} INFO - Sync 2 DAGs
[2023-04-23T03:18:09.029+0300] {logging_mixin.py:137} INFO - [2023-04-23T03:18:09.029+0300] {dag.py:3452} INFO - Setting next_dagrun for example_external_task_marker_child to None, run_after=None
[2023-04-23T03:18:09.031+0300] {logging_mixin.py:137} INFO - [2023-04-23T03:18:09.031+0300] {dag.py:3452} INFO - Setting next_dagrun for example_external_task_marker_parent to None, run_after=None
[2023-04-23T03:18:09.041+0300] {processor.py:175} INFO - Processing /home/vladimir/.local/lib/python3.10/site-packages/airflow/example_dags/example_external_task_marker_dag.py took 0.049 seconds
[2023-04-23T03:18:47.669+0300] {processor.py:153} INFO - Started process (PID=7492) to work on /home/vladimir/.local/lib/python3.10/site-packages/airflow/example_dags/example_external_task_marker_dag.py
[2023-04-23T03:18:47.670+0300] {processor.py:743} INFO - Processing file /home/vladimir/.local/lib/python3.10/site-packages/airflow/example_dags/example_external_task_marker_dag.py for tasks to queue
[2023-04-23T03:18:47.671+0300] {logging_mixin.py:137} INFO - [2023-04-23T03:18:47.671+0300] {dagbag.py:532} INFO - Filling up the DagBag from /home/vladimir/.local/lib/python3.10/site-packages/airflow/example_dags/example_external_task_marker_dag.py
[2023-04-23T03:18:47.680+0300] {processor.py:753} INFO - DAG(s) dict_keys(['example_external_task_marker_parent', 'example_external_task_marker_child']) retrieved from /home/vladimir/.local/lib/python3.10/site-packages/airflow/example_dags/example_external_task_marker_dag.py
[2023-04-23T03:18:47.695+0300] {logging_mixin.py:137} INFO - [2023-04-23T03:18:47.695+0300] {dag.py:2705} INFO - Sync 2 DAGs
[2023-04-23T03:18:47.706+0300] {logging_mixin.py:137} INFO - [2023-04-23T03:18:47.706+0300] {dag.py:3452} INFO - Setting next_dagrun for example_external_task_marker_child to None, run_after=None
[2023-04-23T03:18:47.708+0300] {logging_mixin.py:137} INFO - [2023-04-23T03:18:47.707+0300] {dag.py:3452} INFO - Setting next_dagrun for example_external_task_marker_parent to None, run_after=None
[2023-04-23T03:18:47.717+0300] {processor.py:175} INFO - Processing /home/vladimir/.local/lib/python3.10/site-packages/airflow/example_dags/example_external_task_marker_dag.py took 0.051 seconds
[2023-04-23T03:19:28.831+0300] {processor.py:153} INFO - Started process (PID=7537) to work on /home/vladimir/.local/lib/python3.10/site-packages/airflow/example_dags/example_external_task_marker_dag.py
[2023-04-23T03:19:28.832+0300] {processor.py:743} INFO - Processing file /home/vladimir/.local/lib/python3.10/site-packages/airflow/example_dags/example_external_task_marker_dag.py for tasks to queue
[2023-04-23T03:19:28.832+0300] {logging_mixin.py:137} INFO - [2023-04-23T03:19:28.832+0300] {dagbag.py:532} INFO - Filling up the DagBag from /home/vladimir/.local/lib/python3.10/site-packages/airflow/example_dags/example_external_task_marker_dag.py
[2023-04-23T03:19:28.842+0300] {processor.py:753} INFO - DAG(s) dict_keys(['example_external_task_marker_parent', 'example_external_task_marker_child']) retrieved from /home/vladimir/.local/lib/python3.10/site-packages/airflow/example_dags/example_external_task_marker_dag.py
[2023-04-23T03:19:28.856+0300] {logging_mixin.py:137} INFO - [2023-04-23T03:19:28.856+0300] {dag.py:2705} INFO - Sync 2 DAGs
[2023-04-23T03:19:28.867+0300] {logging_mixin.py:137} INFO - [2023-04-23T03:19:28.867+0300] {dag.py:3452} INFO - Setting next_dagrun for example_external_task_marker_child to None, run_after=None
[2023-04-23T03:19:28.869+0300] {logging_mixin.py:137} INFO - [2023-04-23T03:19:28.869+0300] {dag.py:3452} INFO - Setting next_dagrun for example_external_task_marker_parent to None, run_after=None
[2023-04-23T03:19:28.879+0300] {processor.py:175} INFO - Processing /home/vladimir/.local/lib/python3.10/site-packages/airflow/example_dags/example_external_task_marker_dag.py took 0.051 seconds
[2023-04-23T03:20:18.870+0300] {processor.py:153} INFO - Started process (PID=7838) to work on /home/vladimir/.local/lib/python3.10/site-packages/airflow/example_dags/example_external_task_marker_dag.py
[2023-04-23T03:20:18.871+0300] {processor.py:743} INFO - Processing file /home/vladimir/.local/lib/python3.10/site-packages/airflow/example_dags/example_external_task_marker_dag.py for tasks to queue
[2023-04-23T03:20:18.871+0300] {logging_mixin.py:137} INFO - [2023-04-23T03:20:18.871+0300] {dagbag.py:532} INFO - Filling up the DagBag from /home/vladimir/.local/lib/python3.10/site-packages/airflow/example_dags/example_external_task_marker_dag.py
[2023-04-23T03:20:18.881+0300] {processor.py:753} INFO - DAG(s) dict_keys(['example_external_task_marker_child', 'example_external_task_marker_parent']) retrieved from /home/vladimir/.local/lib/python3.10/site-packages/airflow/example_dags/example_external_task_marker_dag.py
[2023-04-23T03:20:18.895+0300] {logging_mixin.py:137} INFO - [2023-04-23T03:20:18.895+0300] {dag.py:2705} INFO - Sync 2 DAGs
[2023-04-23T03:20:18.907+0300] {logging_mixin.py:137} INFO - [2023-04-23T03:20:18.907+0300] {dag.py:3452} INFO - Setting next_dagrun for example_external_task_marker_child to None, run_after=None
[2023-04-23T03:20:18.909+0300] {logging_mixin.py:137} INFO - [2023-04-23T03:20:18.909+0300] {dag.py:3452} INFO - Setting next_dagrun for example_external_task_marker_parent to None, run_after=None
[2023-04-23T03:20:18.921+0300] {processor.py:175} INFO - Processing /home/vladimir/.local/lib/python3.10/site-packages/airflow/example_dags/example_external_task_marker_dag.py took 0.053 seconds
[2023-04-23T03:21:02.261+0300] {processor.py:153} INFO - Started process (PID=7906) to work on /home/vladimir/.local/lib/python3.10/site-packages/airflow/example_dags/example_external_task_marker_dag.py
[2023-04-23T03:21:02.262+0300] {processor.py:743} INFO - Processing file /home/vladimir/.local/lib/python3.10/site-packages/airflow/example_dags/example_external_task_marker_dag.py for tasks to queue
[2023-04-23T03:21:02.263+0300] {logging_mixin.py:137} INFO - [2023-04-23T03:21:02.262+0300] {dagbag.py:532} INFO - Filling up the DagBag from /home/vladimir/.local/lib/python3.10/site-packages/airflow/example_dags/example_external_task_marker_dag.py
[2023-04-23T03:21:02.272+0300] {processor.py:753} INFO - DAG(s) dict_keys(['example_external_task_marker_parent', 'example_external_task_marker_child']) retrieved from /home/vladimir/.local/lib/python3.10/site-packages/airflow/example_dags/example_external_task_marker_dag.py
[2023-04-23T03:21:02.290+0300] {logging_mixin.py:137} INFO - [2023-04-23T03:21:02.289+0300] {dag.py:2705} INFO - Sync 2 DAGs
[2023-04-23T03:21:02.306+0300] {logging_mixin.py:137} INFO - [2023-04-23T03:21:02.306+0300] {dag.py:3452} INFO - Setting next_dagrun for example_external_task_marker_child to None, run_after=None
[2023-04-23T03:21:02.309+0300] {logging_mixin.py:137} INFO - [2023-04-23T03:21:02.309+0300] {dag.py:3452} INFO - Setting next_dagrun for example_external_task_marker_parent to None, run_after=None
[2023-04-23T03:21:02.321+0300] {processor.py:175} INFO - Processing /home/vladimir/.local/lib/python3.10/site-packages/airflow/example_dags/example_external_task_marker_dag.py took 0.062 seconds
