[2023-04-23T03:13:06.092+0300] {processor.py:153} INFO - Started process (PID=6989) to work on /home/vladimir/.local/lib/python3.10/site-packages/airflow/example_dags/example_complex.py
[2023-04-23T03:13:06.093+0300] {processor.py:743} INFO - Processing file /home/vladimir/.local/lib/python3.10/site-packages/airflow/example_dags/example_complex.py for tasks to queue
[2023-04-23T03:13:06.093+0300] {logging_mixin.py:137} INFO - [2023-04-23T03:13:06.093+0300] {dagbag.py:532} INFO - Filling up the DagBag from /home/vladimir/.local/lib/python3.10/site-packages/airflow/example_dags/example_complex.py
[2023-04-23T03:13:06.100+0300] {logging_mixin.py:137} INFO - [2023-04-23T03:13:06.100+0300] {taskmixin.py:211} WARNING - Dependency <Task(BashOperator): create_entry_group>, delete_entry_group already registered for DAG: example_complex
[2023-04-23T03:13:06.101+0300] {logging_mixin.py:137} INFO - [2023-04-23T03:13:06.101+0300] {taskmixin.py:211} WARNING - Dependency <Task(BashOperator): delete_entry_group>, create_entry_group already registered for DAG: example_complex
[2023-04-23T03:13:06.101+0300] {logging_mixin.py:137} INFO - [2023-04-23T03:13:06.101+0300] {taskmixin.py:211} WARNING - Dependency <Task(BashOperator): create_entry_gcs>, delete_entry already registered for DAG: example_complex
[2023-04-23T03:13:06.101+0300] {logging_mixin.py:137} INFO - [2023-04-23T03:13:06.101+0300] {taskmixin.py:211} WARNING - Dependency <Task(BashOperator): delete_entry>, create_entry_gcs already registered for DAG: example_complex
[2023-04-23T03:13:06.101+0300] {logging_mixin.py:137} INFO - [2023-04-23T03:13:06.101+0300] {taskmixin.py:211} WARNING - Dependency <Task(BashOperator): create_tag>, delete_tag already registered for DAG: example_complex
[2023-04-23T03:13:06.101+0300] {logging_mixin.py:137} INFO - [2023-04-23T03:13:06.101+0300] {taskmixin.py:211} WARNING - Dependency <Task(BashOperator): delete_tag>, create_tag already registered for DAG: example_complex
[2023-04-23T03:13:06.105+0300] {processor.py:753} INFO - DAG(s) dict_keys(['example_complex']) retrieved from /home/vladimir/.local/lib/python3.10/site-packages/airflow/example_dags/example_complex.py
[2023-04-23T03:13:06.126+0300] {logging_mixin.py:137} INFO - [2023-04-23T03:13:06.126+0300] {dag.py:2705} INFO - Sync 1 DAGs
[2023-04-23T03:13:06.140+0300] {logging_mixin.py:137} INFO - [2023-04-23T03:13:06.139+0300] {dag.py:3452} INFO - Setting next_dagrun for example_complex to None, run_after=None
[2023-04-23T03:13:06.153+0300] {processor.py:175} INFO - Processing /home/vladimir/.local/lib/python3.10/site-packages/airflow/example_dags/example_complex.py took 0.063 seconds
[2023-04-23T03:13:47.286+0300] {processor.py:153} INFO - Started process (PID=7050) to work on /home/vladimir/.local/lib/python3.10/site-packages/airflow/example_dags/example_complex.py
[2023-04-23T03:13:47.288+0300] {processor.py:743} INFO - Processing file /home/vladimir/.local/lib/python3.10/site-packages/airflow/example_dags/example_complex.py for tasks to queue
[2023-04-23T03:13:47.288+0300] {logging_mixin.py:137} INFO - [2023-04-23T03:13:47.288+0300] {dagbag.py:532} INFO - Filling up the DagBag from /home/vladimir/.local/lib/python3.10/site-packages/airflow/example_dags/example_complex.py
[2023-04-23T03:13:47.296+0300] {logging_mixin.py:137} INFO - [2023-04-23T03:13:47.296+0300] {taskmixin.py:211} WARNING - Dependency <Task(BashOperator): create_entry_group>, delete_entry_group already registered for DAG: example_complex
[2023-04-23T03:13:47.296+0300] {logging_mixin.py:137} INFO - [2023-04-23T03:13:47.296+0300] {taskmixin.py:211} WARNING - Dependency <Task(BashOperator): delete_entry_group>, create_entry_group already registered for DAG: example_complex
[2023-04-23T03:13:47.296+0300] {logging_mixin.py:137} INFO - [2023-04-23T03:13:47.296+0300] {taskmixin.py:211} WARNING - Dependency <Task(BashOperator): create_entry_gcs>, delete_entry already registered for DAG: example_complex
[2023-04-23T03:13:47.296+0300] {logging_mixin.py:137} INFO - [2023-04-23T03:13:47.296+0300] {taskmixin.py:211} WARNING - Dependency <Task(BashOperator): delete_entry>, create_entry_gcs already registered for DAG: example_complex
[2023-04-23T03:13:47.296+0300] {logging_mixin.py:137} INFO - [2023-04-23T03:13:47.296+0300] {taskmixin.py:211} WARNING - Dependency <Task(BashOperator): create_tag>, delete_tag already registered for DAG: example_complex
[2023-04-23T03:13:47.296+0300] {logging_mixin.py:137} INFO - [2023-04-23T03:13:47.296+0300] {taskmixin.py:211} WARNING - Dependency <Task(BashOperator): delete_tag>, create_tag already registered for DAG: example_complex
[2023-04-23T03:13:47.301+0300] {processor.py:753} INFO - DAG(s) dict_keys(['example_complex']) retrieved from /home/vladimir/.local/lib/python3.10/site-packages/airflow/example_dags/example_complex.py
[2023-04-23T03:13:47.321+0300] {logging_mixin.py:137} INFO - [2023-04-23T03:13:47.320+0300] {dag.py:2705} INFO - Sync 1 DAGs
[2023-04-23T03:13:47.333+0300] {logging_mixin.py:137} INFO - [2023-04-23T03:13:47.332+0300] {dag.py:3452} INFO - Setting next_dagrun for example_complex to None, run_after=None
[2023-04-23T03:13:47.344+0300] {processor.py:175} INFO - Processing /home/vladimir/.local/lib/python3.10/site-packages/airflow/example_dags/example_complex.py took 0.060 seconds
[2023-04-23T03:14:29.565+0300] {processor.py:153} INFO - Started process (PID=7104) to work on /home/vladimir/.local/lib/python3.10/site-packages/airflow/example_dags/example_complex.py
[2023-04-23T03:14:29.566+0300] {processor.py:743} INFO - Processing file /home/vladimir/.local/lib/python3.10/site-packages/airflow/example_dags/example_complex.py for tasks to queue
[2023-04-23T03:14:29.566+0300] {logging_mixin.py:137} INFO - [2023-04-23T03:14:29.566+0300] {dagbag.py:532} INFO - Filling up the DagBag from /home/vladimir/.local/lib/python3.10/site-packages/airflow/example_dags/example_complex.py
[2023-04-23T03:14:29.574+0300] {logging_mixin.py:137} INFO - [2023-04-23T03:14:29.574+0300] {taskmixin.py:211} WARNING - Dependency <Task(BashOperator): create_entry_group>, delete_entry_group already registered for DAG: example_complex
[2023-04-23T03:14:29.574+0300] {logging_mixin.py:137} INFO - [2023-04-23T03:14:29.574+0300] {taskmixin.py:211} WARNING - Dependency <Task(BashOperator): delete_entry_group>, create_entry_group already registered for DAG: example_complex
[2023-04-23T03:14:29.574+0300] {logging_mixin.py:137} INFO - [2023-04-23T03:14:29.574+0300] {taskmixin.py:211} WARNING - Dependency <Task(BashOperator): create_entry_gcs>, delete_entry already registered for DAG: example_complex
[2023-04-23T03:14:29.574+0300] {logging_mixin.py:137} INFO - [2023-04-23T03:14:29.574+0300] {taskmixin.py:211} WARNING - Dependency <Task(BashOperator): delete_entry>, create_entry_gcs already registered for DAG: example_complex
[2023-04-23T03:14:29.574+0300] {logging_mixin.py:137} INFO - [2023-04-23T03:14:29.574+0300] {taskmixin.py:211} WARNING - Dependency <Task(BashOperator): create_tag>, delete_tag already registered for DAG: example_complex
[2023-04-23T03:14:29.574+0300] {logging_mixin.py:137} INFO - [2023-04-23T03:14:29.574+0300] {taskmixin.py:211} WARNING - Dependency <Task(BashOperator): delete_tag>, create_tag already registered for DAG: example_complex
[2023-04-23T03:14:29.579+0300] {processor.py:753} INFO - DAG(s) dict_keys(['example_complex']) retrieved from /home/vladimir/.local/lib/python3.10/site-packages/airflow/example_dags/example_complex.py
[2023-04-23T03:14:29.600+0300] {logging_mixin.py:137} INFO - [2023-04-23T03:14:29.600+0300] {dag.py:2705} INFO - Sync 1 DAGs
[2023-04-23T03:14:29.612+0300] {logging_mixin.py:137} INFO - [2023-04-23T03:14:29.612+0300] {dag.py:3452} INFO - Setting next_dagrun for example_complex to None, run_after=None
[2023-04-23T03:14:29.623+0300] {processor.py:175} INFO - Processing /home/vladimir/.local/lib/python3.10/site-packages/airflow/example_dags/example_complex.py took 0.061 seconds
[2023-04-23T03:15:09.034+0300] {processor.py:153} INFO - Started process (PID=7200) to work on /home/vladimir/.local/lib/python3.10/site-packages/airflow/example_dags/example_complex.py
[2023-04-23T03:15:09.035+0300] {processor.py:743} INFO - Processing file /home/vladimir/.local/lib/python3.10/site-packages/airflow/example_dags/example_complex.py for tasks to queue
[2023-04-23T03:15:09.035+0300] {logging_mixin.py:137} INFO - [2023-04-23T03:15:09.035+0300] {dagbag.py:532} INFO - Filling up the DagBag from /home/vladimir/.local/lib/python3.10/site-packages/airflow/example_dags/example_complex.py
[2023-04-23T03:15:09.043+0300] {logging_mixin.py:137} INFO - [2023-04-23T03:15:09.043+0300] {taskmixin.py:211} WARNING - Dependency <Task(BashOperator): create_entry_group>, delete_entry_group already registered for DAG: example_complex
[2023-04-23T03:15:09.044+0300] {logging_mixin.py:137} INFO - [2023-04-23T03:15:09.044+0300] {taskmixin.py:211} WARNING - Dependency <Task(BashOperator): delete_entry_group>, create_entry_group already registered for DAG: example_complex
[2023-04-23T03:15:09.044+0300] {logging_mixin.py:137} INFO - [2023-04-23T03:15:09.044+0300] {taskmixin.py:211} WARNING - Dependency <Task(BashOperator): create_entry_gcs>, delete_entry already registered for DAG: example_complex
[2023-04-23T03:15:09.044+0300] {logging_mixin.py:137} INFO - [2023-04-23T03:15:09.044+0300] {taskmixin.py:211} WARNING - Dependency <Task(BashOperator): delete_entry>, create_entry_gcs already registered for DAG: example_complex
[2023-04-23T03:15:09.044+0300] {logging_mixin.py:137} INFO - [2023-04-23T03:15:09.044+0300] {taskmixin.py:211} WARNING - Dependency <Task(BashOperator): create_tag>, delete_tag already registered for DAG: example_complex
[2023-04-23T03:15:09.044+0300] {logging_mixin.py:137} INFO - [2023-04-23T03:15:09.044+0300] {taskmixin.py:211} WARNING - Dependency <Task(BashOperator): delete_tag>, create_tag already registered for DAG: example_complex
[2023-04-23T03:15:09.049+0300] {processor.py:753} INFO - DAG(s) dict_keys(['example_complex']) retrieved from /home/vladimir/.local/lib/python3.10/site-packages/airflow/example_dags/example_complex.py
[2023-04-23T03:15:09.069+0300] {logging_mixin.py:137} INFO - [2023-04-23T03:15:09.069+0300] {dag.py:2705} INFO - Sync 1 DAGs
[2023-04-23T03:15:09.080+0300] {logging_mixin.py:137} INFO - [2023-04-23T03:15:09.080+0300] {dag.py:3452} INFO - Setting next_dagrun for example_complex to None, run_after=None
[2023-04-23T03:15:09.092+0300] {processor.py:175} INFO - Processing /home/vladimir/.local/lib/python3.10/site-packages/airflow/example_dags/example_complex.py took 0.061 seconds
[2023-04-23T03:15:49.541+0300] {processor.py:153} INFO - Started process (PID=7252) to work on /home/vladimir/.local/lib/python3.10/site-packages/airflow/example_dags/example_complex.py
[2023-04-23T03:15:49.542+0300] {processor.py:743} INFO - Processing file /home/vladimir/.local/lib/python3.10/site-packages/airflow/example_dags/example_complex.py for tasks to queue
[2023-04-23T03:15:49.542+0300] {logging_mixin.py:137} INFO - [2023-04-23T03:15:49.542+0300] {dagbag.py:532} INFO - Filling up the DagBag from /home/vladimir/.local/lib/python3.10/site-packages/airflow/example_dags/example_complex.py
[2023-04-23T03:15:49.550+0300] {logging_mixin.py:137} INFO - [2023-04-23T03:15:49.549+0300] {taskmixin.py:211} WARNING - Dependency <Task(BashOperator): create_entry_group>, delete_entry_group already registered for DAG: example_complex
[2023-04-23T03:15:49.550+0300] {logging_mixin.py:137} INFO - [2023-04-23T03:15:49.550+0300] {taskmixin.py:211} WARNING - Dependency <Task(BashOperator): delete_entry_group>, create_entry_group already registered for DAG: example_complex
[2023-04-23T03:15:49.550+0300] {logging_mixin.py:137} INFO - [2023-04-23T03:15:49.550+0300] {taskmixin.py:211} WARNING - Dependency <Task(BashOperator): create_entry_gcs>, delete_entry already registered for DAG: example_complex
[2023-04-23T03:15:49.550+0300] {logging_mixin.py:137} INFO - [2023-04-23T03:15:49.550+0300] {taskmixin.py:211} WARNING - Dependency <Task(BashOperator): delete_entry>, create_entry_gcs already registered for DAG: example_complex
[2023-04-23T03:15:49.550+0300] {logging_mixin.py:137} INFO - [2023-04-23T03:15:49.550+0300] {taskmixin.py:211} WARNING - Dependency <Task(BashOperator): create_tag>, delete_tag already registered for DAG: example_complex
[2023-04-23T03:15:49.550+0300] {logging_mixin.py:137} INFO - [2023-04-23T03:15:49.550+0300] {taskmixin.py:211} WARNING - Dependency <Task(BashOperator): delete_tag>, create_tag already registered for DAG: example_complex
[2023-04-23T03:15:49.555+0300] {processor.py:753} INFO - DAG(s) dict_keys(['example_complex']) retrieved from /home/vladimir/.local/lib/python3.10/site-packages/airflow/example_dags/example_complex.py
[2023-04-23T03:15:49.575+0300] {logging_mixin.py:137} INFO - [2023-04-23T03:15:49.575+0300] {dag.py:2705} INFO - Sync 1 DAGs
[2023-04-23T03:15:49.588+0300] {logging_mixin.py:137} INFO - [2023-04-23T03:15:49.587+0300] {dag.py:3452} INFO - Setting next_dagrun for example_complex to None, run_after=None
[2023-04-23T03:15:49.600+0300] {processor.py:175} INFO - Processing /home/vladimir/.local/lib/python3.10/site-packages/airflow/example_dags/example_complex.py took 0.063 seconds
[2023-04-23T03:16:30.074+0300] {processor.py:153} INFO - Started process (PID=7319) to work on /home/vladimir/.local/lib/python3.10/site-packages/airflow/example_dags/example_complex.py
[2023-04-23T03:16:30.075+0300] {processor.py:743} INFO - Processing file /home/vladimir/.local/lib/python3.10/site-packages/airflow/example_dags/example_complex.py for tasks to queue
[2023-04-23T03:16:30.076+0300] {logging_mixin.py:137} INFO - [2023-04-23T03:16:30.076+0300] {dagbag.py:532} INFO - Filling up the DagBag from /home/vladimir/.local/lib/python3.10/site-packages/airflow/example_dags/example_complex.py
[2023-04-23T03:16:30.085+0300] {logging_mixin.py:137} INFO - [2023-04-23T03:16:30.085+0300] {taskmixin.py:211} WARNING - Dependency <Task(BashOperator): create_entry_group>, delete_entry_group already registered for DAG: example_complex
[2023-04-23T03:16:30.085+0300] {logging_mixin.py:137} INFO - [2023-04-23T03:16:30.085+0300] {taskmixin.py:211} WARNING - Dependency <Task(BashOperator): delete_entry_group>, create_entry_group already registered for DAG: example_complex
[2023-04-23T03:16:30.085+0300] {logging_mixin.py:137} INFO - [2023-04-23T03:16:30.085+0300] {taskmixin.py:211} WARNING - Dependency <Task(BashOperator): create_entry_gcs>, delete_entry already registered for DAG: example_complex
[2023-04-23T03:16:30.085+0300] {logging_mixin.py:137} INFO - [2023-04-23T03:16:30.085+0300] {taskmixin.py:211} WARNING - Dependency <Task(BashOperator): delete_entry>, create_entry_gcs already registered for DAG: example_complex
[2023-04-23T03:16:30.086+0300] {logging_mixin.py:137} INFO - [2023-04-23T03:16:30.086+0300] {taskmixin.py:211} WARNING - Dependency <Task(BashOperator): create_tag>, delete_tag already registered for DAG: example_complex
[2023-04-23T03:16:30.086+0300] {logging_mixin.py:137} INFO - [2023-04-23T03:16:30.086+0300] {taskmixin.py:211} WARNING - Dependency <Task(BashOperator): delete_tag>, create_tag already registered for DAG: example_complex
[2023-04-23T03:16:30.096+0300] {processor.py:753} INFO - DAG(s) dict_keys(['example_complex']) retrieved from /home/vladimir/.local/lib/python3.10/site-packages/airflow/example_dags/example_complex.py
[2023-04-23T03:16:30.126+0300] {logging_mixin.py:137} INFO - [2023-04-23T03:16:30.126+0300] {dag.py:2705} INFO - Sync 1 DAGs
[2023-04-23T03:16:30.138+0300] {logging_mixin.py:137} INFO - [2023-04-23T03:16:30.138+0300] {dag.py:3452} INFO - Setting next_dagrun for example_complex to None, run_after=None
[2023-04-23T03:16:30.152+0300] {processor.py:175} INFO - Processing /home/vladimir/.local/lib/python3.10/site-packages/airflow/example_dags/example_complex.py took 0.079 seconds
[2023-04-23T03:17:10.616+0300] {processor.py:153} INFO - Started process (PID=7380) to work on /home/vladimir/.local/lib/python3.10/site-packages/airflow/example_dags/example_complex.py
[2023-04-23T03:17:10.617+0300] {processor.py:743} INFO - Processing file /home/vladimir/.local/lib/python3.10/site-packages/airflow/example_dags/example_complex.py for tasks to queue
[2023-04-23T03:17:10.618+0300] {logging_mixin.py:137} INFO - [2023-04-23T03:17:10.618+0300] {dagbag.py:532} INFO - Filling up the DagBag from /home/vladimir/.local/lib/python3.10/site-packages/airflow/example_dags/example_complex.py
[2023-04-23T03:17:10.626+0300] {logging_mixin.py:137} INFO - [2023-04-23T03:17:10.626+0300] {taskmixin.py:211} WARNING - Dependency <Task(BashOperator): create_entry_group>, delete_entry_group already registered for DAG: example_complex
[2023-04-23T03:17:10.626+0300] {logging_mixin.py:137} INFO - [2023-04-23T03:17:10.626+0300] {taskmixin.py:211} WARNING - Dependency <Task(BashOperator): delete_entry_group>, create_entry_group already registered for DAG: example_complex
[2023-04-23T03:17:10.626+0300] {logging_mixin.py:137} INFO - [2023-04-23T03:17:10.626+0300] {taskmixin.py:211} WARNING - Dependency <Task(BashOperator): create_entry_gcs>, delete_entry already registered for DAG: example_complex
[2023-04-23T03:17:10.626+0300] {logging_mixin.py:137} INFO - [2023-04-23T03:17:10.626+0300] {taskmixin.py:211} WARNING - Dependency <Task(BashOperator): delete_entry>, create_entry_gcs already registered for DAG: example_complex
[2023-04-23T03:17:10.626+0300] {logging_mixin.py:137} INFO - [2023-04-23T03:17:10.626+0300] {taskmixin.py:211} WARNING - Dependency <Task(BashOperator): create_tag>, delete_tag already registered for DAG: example_complex
[2023-04-23T03:17:10.626+0300] {logging_mixin.py:137} INFO - [2023-04-23T03:17:10.626+0300] {taskmixin.py:211} WARNING - Dependency <Task(BashOperator): delete_tag>, create_tag already registered for DAG: example_complex
[2023-04-23T03:17:10.631+0300] {processor.py:753} INFO - DAG(s) dict_keys(['example_complex']) retrieved from /home/vladimir/.local/lib/python3.10/site-packages/airflow/example_dags/example_complex.py
[2023-04-23T03:17:10.649+0300] {logging_mixin.py:137} INFO - [2023-04-23T03:17:10.649+0300] {dag.py:2705} INFO - Sync 1 DAGs
[2023-04-23T03:17:10.662+0300] {logging_mixin.py:137} INFO - [2023-04-23T03:17:10.662+0300] {dag.py:3452} INFO - Setting next_dagrun for example_complex to None, run_after=None
[2023-04-23T03:17:10.673+0300] {processor.py:175} INFO - Processing /home/vladimir/.local/lib/python3.10/site-packages/airflow/example_dags/example_complex.py took 0.060 seconds
[2023-04-23T03:17:50.020+0300] {processor.py:153} INFO - Started process (PID=7424) to work on /home/vladimir/.local/lib/python3.10/site-packages/airflow/example_dags/example_complex.py
[2023-04-23T03:17:50.022+0300] {processor.py:743} INFO - Processing file /home/vladimir/.local/lib/python3.10/site-packages/airflow/example_dags/example_complex.py for tasks to queue
[2023-04-23T03:17:50.022+0300] {logging_mixin.py:137} INFO - [2023-04-23T03:17:50.022+0300] {dagbag.py:532} INFO - Filling up the DagBag from /home/vladimir/.local/lib/python3.10/site-packages/airflow/example_dags/example_complex.py
[2023-04-23T03:17:50.030+0300] {logging_mixin.py:137} INFO - [2023-04-23T03:17:50.030+0300] {taskmixin.py:211} WARNING - Dependency <Task(BashOperator): create_entry_group>, delete_entry_group already registered for DAG: example_complex
[2023-04-23T03:17:50.030+0300] {logging_mixin.py:137} INFO - [2023-04-23T03:17:50.030+0300] {taskmixin.py:211} WARNING - Dependency <Task(BashOperator): delete_entry_group>, create_entry_group already registered for DAG: example_complex
[2023-04-23T03:17:50.030+0300] {logging_mixin.py:137} INFO - [2023-04-23T03:17:50.030+0300] {taskmixin.py:211} WARNING - Dependency <Task(BashOperator): create_entry_gcs>, delete_entry already registered for DAG: example_complex
[2023-04-23T03:17:50.031+0300] {logging_mixin.py:137} INFO - [2023-04-23T03:17:50.030+0300] {taskmixin.py:211} WARNING - Dependency <Task(BashOperator): delete_entry>, create_entry_gcs already registered for DAG: example_complex
[2023-04-23T03:17:50.031+0300] {logging_mixin.py:137} INFO - [2023-04-23T03:17:50.031+0300] {taskmixin.py:211} WARNING - Dependency <Task(BashOperator): create_tag>, delete_tag already registered for DAG: example_complex
[2023-04-23T03:17:50.031+0300] {logging_mixin.py:137} INFO - [2023-04-23T03:17:50.031+0300] {taskmixin.py:211} WARNING - Dependency <Task(BashOperator): delete_tag>, create_tag already registered for DAG: example_complex
[2023-04-23T03:17:50.035+0300] {processor.py:753} INFO - DAG(s) dict_keys(['example_complex']) retrieved from /home/vladimir/.local/lib/python3.10/site-packages/airflow/example_dags/example_complex.py
[2023-04-23T03:17:50.054+0300] {logging_mixin.py:137} INFO - [2023-04-23T03:17:50.054+0300] {dag.py:2705} INFO - Sync 1 DAGs
[2023-04-23T03:17:50.066+0300] {logging_mixin.py:137} INFO - [2023-04-23T03:17:50.066+0300] {dag.py:3452} INFO - Setting next_dagrun for example_complex to None, run_after=None
[2023-04-23T03:17:50.078+0300] {processor.py:175} INFO - Processing /home/vladimir/.local/lib/python3.10/site-packages/airflow/example_dags/example_complex.py took 0.060 seconds
[2023-04-23T03:18:28.244+0300] {processor.py:153} INFO - Started process (PID=7470) to work on /home/vladimir/.local/lib/python3.10/site-packages/airflow/example_dags/example_complex.py
[2023-04-23T03:18:28.245+0300] {processor.py:743} INFO - Processing file /home/vladimir/.local/lib/python3.10/site-packages/airflow/example_dags/example_complex.py for tasks to queue
[2023-04-23T03:18:28.245+0300] {logging_mixin.py:137} INFO - [2023-04-23T03:18:28.245+0300] {dagbag.py:532} INFO - Filling up the DagBag from /home/vladimir/.local/lib/python3.10/site-packages/airflow/example_dags/example_complex.py
[2023-04-23T03:18:28.253+0300] {logging_mixin.py:137} INFO - [2023-04-23T03:18:28.253+0300] {taskmixin.py:211} WARNING - Dependency <Task(BashOperator): create_entry_group>, delete_entry_group already registered for DAG: example_complex
[2023-04-23T03:18:28.253+0300] {logging_mixin.py:137} INFO - [2023-04-23T03:18:28.253+0300] {taskmixin.py:211} WARNING - Dependency <Task(BashOperator): delete_entry_group>, create_entry_group already registered for DAG: example_complex
[2023-04-23T03:18:28.253+0300] {logging_mixin.py:137} INFO - [2023-04-23T03:18:28.253+0300] {taskmixin.py:211} WARNING - Dependency <Task(BashOperator): create_entry_gcs>, delete_entry already registered for DAG: example_complex
[2023-04-23T03:18:28.253+0300] {logging_mixin.py:137} INFO - [2023-04-23T03:18:28.253+0300] {taskmixin.py:211} WARNING - Dependency <Task(BashOperator): delete_entry>, create_entry_gcs already registered for DAG: example_complex
[2023-04-23T03:18:28.253+0300] {logging_mixin.py:137} INFO - [2023-04-23T03:18:28.253+0300] {taskmixin.py:211} WARNING - Dependency <Task(BashOperator): create_tag>, delete_tag already registered for DAG: example_complex
[2023-04-23T03:18:28.253+0300] {logging_mixin.py:137} INFO - [2023-04-23T03:18:28.253+0300] {taskmixin.py:211} WARNING - Dependency <Task(BashOperator): delete_tag>, create_tag already registered for DAG: example_complex
[2023-04-23T03:18:28.258+0300] {processor.py:753} INFO - DAG(s) dict_keys(['example_complex']) retrieved from /home/vladimir/.local/lib/python3.10/site-packages/airflow/example_dags/example_complex.py
[2023-04-23T03:18:28.277+0300] {logging_mixin.py:137} INFO - [2023-04-23T03:18:28.277+0300] {dag.py:2705} INFO - Sync 1 DAGs
[2023-04-23T03:18:28.288+0300] {logging_mixin.py:137} INFO - [2023-04-23T03:18:28.288+0300] {dag.py:3452} INFO - Setting next_dagrun for example_complex to None, run_after=None
[2023-04-23T03:18:28.300+0300] {processor.py:175} INFO - Processing /home/vladimir/.local/lib/python3.10/site-packages/airflow/example_dags/example_complex.py took 0.058 seconds
[2023-04-23T03:19:08.212+0300] {processor.py:153} INFO - Started process (PID=7513) to work on /home/vladimir/.local/lib/python3.10/site-packages/airflow/example_dags/example_complex.py
[2023-04-23T03:19:08.213+0300] {processor.py:743} INFO - Processing file /home/vladimir/.local/lib/python3.10/site-packages/airflow/example_dags/example_complex.py for tasks to queue
[2023-04-23T03:19:08.213+0300] {logging_mixin.py:137} INFO - [2023-04-23T03:19:08.213+0300] {dagbag.py:532} INFO - Filling up the DagBag from /home/vladimir/.local/lib/python3.10/site-packages/airflow/example_dags/example_complex.py
[2023-04-23T03:19:08.220+0300] {logging_mixin.py:137} INFO - [2023-04-23T03:19:08.220+0300] {taskmixin.py:211} WARNING - Dependency <Task(BashOperator): create_entry_group>, delete_entry_group already registered for DAG: example_complex
[2023-04-23T03:19:08.221+0300] {logging_mixin.py:137} INFO - [2023-04-23T03:19:08.221+0300] {taskmixin.py:211} WARNING - Dependency <Task(BashOperator): delete_entry_group>, create_entry_group already registered for DAG: example_complex
[2023-04-23T03:19:08.221+0300] {logging_mixin.py:137} INFO - [2023-04-23T03:19:08.221+0300] {taskmixin.py:211} WARNING - Dependency <Task(BashOperator): create_entry_gcs>, delete_entry already registered for DAG: example_complex
[2023-04-23T03:19:08.221+0300] {logging_mixin.py:137} INFO - [2023-04-23T03:19:08.221+0300] {taskmixin.py:211} WARNING - Dependency <Task(BashOperator): delete_entry>, create_entry_gcs already registered for DAG: example_complex
[2023-04-23T03:19:08.221+0300] {logging_mixin.py:137} INFO - [2023-04-23T03:19:08.221+0300] {taskmixin.py:211} WARNING - Dependency <Task(BashOperator): create_tag>, delete_tag already registered for DAG: example_complex
[2023-04-23T03:19:08.221+0300] {logging_mixin.py:137} INFO - [2023-04-23T03:19:08.221+0300] {taskmixin.py:211} WARNING - Dependency <Task(BashOperator): delete_tag>, create_tag already registered for DAG: example_complex
[2023-04-23T03:19:08.226+0300] {processor.py:753} INFO - DAG(s) dict_keys(['example_complex']) retrieved from /home/vladimir/.local/lib/python3.10/site-packages/airflow/example_dags/example_complex.py
[2023-04-23T03:19:08.246+0300] {logging_mixin.py:137} INFO - [2023-04-23T03:19:08.246+0300] {dag.py:2705} INFO - Sync 1 DAGs
[2023-04-23T03:19:08.258+0300] {logging_mixin.py:137} INFO - [2023-04-23T03:19:08.257+0300] {dag.py:3452} INFO - Setting next_dagrun for example_complex to None, run_after=None
[2023-04-23T03:19:08.268+0300] {processor.py:175} INFO - Processing /home/vladimir/.local/lib/python3.10/site-packages/airflow/example_dags/example_complex.py took 0.058 seconds
[2023-04-23T03:19:54.006+0300] {processor.py:153} INFO - Started process (PID=7774) to work on /home/vladimir/.local/lib/python3.10/site-packages/airflow/example_dags/example_complex.py
[2023-04-23T03:19:54.013+0300] {processor.py:743} INFO - Processing file /home/vladimir/.local/lib/python3.10/site-packages/airflow/example_dags/example_complex.py for tasks to queue
[2023-04-23T03:19:54.017+0300] {logging_mixin.py:137} INFO - [2023-04-23T03:19:54.016+0300] {dagbag.py:532} INFO - Filling up the DagBag from /home/vladimir/.local/lib/python3.10/site-packages/airflow/example_dags/example_complex.py
[2023-04-23T03:19:54.167+0300] {logging_mixin.py:137} INFO - [2023-04-23T03:19:54.167+0300] {taskmixin.py:211} WARNING - Dependency <Task(BashOperator): create_entry_group>, delete_entry_group already registered for DAG: example_complex
[2023-04-23T03:19:54.168+0300] {logging_mixin.py:137} INFO - [2023-04-23T03:19:54.168+0300] {taskmixin.py:211} WARNING - Dependency <Task(BashOperator): delete_entry_group>, create_entry_group already registered for DAG: example_complex
[2023-04-23T03:19:54.168+0300] {logging_mixin.py:137} INFO - [2023-04-23T03:19:54.168+0300] {taskmixin.py:211} WARNING - Dependency <Task(BashOperator): create_entry_gcs>, delete_entry already registered for DAG: example_complex
[2023-04-23T03:19:54.168+0300] {logging_mixin.py:137} INFO - [2023-04-23T03:19:54.168+0300] {taskmixin.py:211} WARNING - Dependency <Task(BashOperator): delete_entry>, create_entry_gcs already registered for DAG: example_complex
[2023-04-23T03:19:54.168+0300] {logging_mixin.py:137} INFO - [2023-04-23T03:19:54.168+0300] {taskmixin.py:211} WARNING - Dependency <Task(BashOperator): create_tag>, delete_tag already registered for DAG: example_complex
[2023-04-23T03:19:54.168+0300] {logging_mixin.py:137} INFO - [2023-04-23T03:19:54.168+0300] {taskmixin.py:211} WARNING - Dependency <Task(BashOperator): delete_tag>, create_tag already registered for DAG: example_complex
[2023-04-23T03:19:54.207+0300] {processor.py:753} INFO - DAG(s) dict_keys(['example_complex']) retrieved from /home/vladimir/.local/lib/python3.10/site-packages/airflow/example_dags/example_complex.py
[2023-04-23T03:19:54.600+0300] {logging_mixin.py:137} INFO - [2023-04-23T03:19:54.598+0300] {dag.py:2705} INFO - Sync 1 DAGs
[2023-04-23T03:19:54.670+0300] {logging_mixin.py:137} INFO - [2023-04-23T03:19:54.670+0300] {dag.py:3452} INFO - Setting next_dagrun for example_complex to None, run_after=None
[2023-04-23T03:19:54.703+0300] {processor.py:175} INFO - Processing /home/vladimir/.local/lib/python3.10/site-packages/airflow/example_dags/example_complex.py took 0.733 seconds
[2023-04-23T03:20:40.009+0300] {processor.py:153} INFO - Started process (PID=7865) to work on /home/vladimir/.local/lib/python3.10/site-packages/airflow/example_dags/example_complex.py
[2023-04-23T03:20:40.010+0300] {processor.py:743} INFO - Processing file /home/vladimir/.local/lib/python3.10/site-packages/airflow/example_dags/example_complex.py for tasks to queue
[2023-04-23T03:20:40.012+0300] {logging_mixin.py:137} INFO - [2023-04-23T03:20:40.012+0300] {dagbag.py:532} INFO - Filling up the DagBag from /home/vladimir/.local/lib/python3.10/site-packages/airflow/example_dags/example_complex.py
[2023-04-23T03:20:40.022+0300] {logging_mixin.py:137} INFO - [2023-04-23T03:20:40.022+0300] {taskmixin.py:211} WARNING - Dependency <Task(BashOperator): create_entry_group>, delete_entry_group already registered for DAG: example_complex
[2023-04-23T03:20:40.022+0300] {logging_mixin.py:137} INFO - [2023-04-23T03:20:40.022+0300] {taskmixin.py:211} WARNING - Dependency <Task(BashOperator): delete_entry_group>, create_entry_group already registered for DAG: example_complex
[2023-04-23T03:20:40.023+0300] {logging_mixin.py:137} INFO - [2023-04-23T03:20:40.022+0300] {taskmixin.py:211} WARNING - Dependency <Task(BashOperator): create_entry_gcs>, delete_entry already registered for DAG: example_complex
[2023-04-23T03:20:40.023+0300] {logging_mixin.py:137} INFO - [2023-04-23T03:20:40.023+0300] {taskmixin.py:211} WARNING - Dependency <Task(BashOperator): delete_entry>, create_entry_gcs already registered for DAG: example_complex
[2023-04-23T03:20:40.023+0300] {logging_mixin.py:137} INFO - [2023-04-23T03:20:40.023+0300] {taskmixin.py:211} WARNING - Dependency <Task(BashOperator): create_tag>, delete_tag already registered for DAG: example_complex
[2023-04-23T03:20:40.023+0300] {logging_mixin.py:137} INFO - [2023-04-23T03:20:40.023+0300] {taskmixin.py:211} WARNING - Dependency <Task(BashOperator): delete_tag>, create_tag already registered for DAG: example_complex
[2023-04-23T03:20:40.031+0300] {processor.py:753} INFO - DAG(s) dict_keys(['example_complex']) retrieved from /home/vladimir/.local/lib/python3.10/site-packages/airflow/example_dags/example_complex.py
[2023-04-23T03:20:40.056+0300] {logging_mixin.py:137} INFO - [2023-04-23T03:20:40.056+0300] {dag.py:2705} INFO - Sync 1 DAGs
[2023-04-23T03:20:40.069+0300] {logging_mixin.py:137} INFO - [2023-04-23T03:20:40.069+0300] {dag.py:3452} INFO - Setting next_dagrun for example_complex to None, run_after=None
[2023-04-23T03:20:40.085+0300] {processor.py:175} INFO - Processing /home/vladimir/.local/lib/python3.10/site-packages/airflow/example_dags/example_complex.py took 0.079 seconds
[2023-04-23T03:21:23.767+0300] {processor.py:153} INFO - Started process (PID=7950) to work on /home/vladimir/.local/lib/python3.10/site-packages/airflow/example_dags/example_complex.py
[2023-04-23T03:21:23.768+0300] {processor.py:743} INFO - Processing file /home/vladimir/.local/lib/python3.10/site-packages/airflow/example_dags/example_complex.py for tasks to queue
[2023-04-23T03:21:23.769+0300] {logging_mixin.py:137} INFO - [2023-04-23T03:21:23.769+0300] {dagbag.py:532} INFO - Filling up the DagBag from /home/vladimir/.local/lib/python3.10/site-packages/airflow/example_dags/example_complex.py
[2023-04-23T03:21:23.777+0300] {logging_mixin.py:137} INFO - [2023-04-23T03:21:23.777+0300] {taskmixin.py:211} WARNING - Dependency <Task(BashOperator): create_entry_group>, delete_entry_group already registered for DAG: example_complex
[2023-04-23T03:21:23.778+0300] {logging_mixin.py:137} INFO - [2023-04-23T03:21:23.778+0300] {taskmixin.py:211} WARNING - Dependency <Task(BashOperator): delete_entry_group>, create_entry_group already registered for DAG: example_complex
[2023-04-23T03:21:23.778+0300] {logging_mixin.py:137} INFO - [2023-04-23T03:21:23.778+0300] {taskmixin.py:211} WARNING - Dependency <Task(BashOperator): create_entry_gcs>, delete_entry already registered for DAG: example_complex
[2023-04-23T03:21:23.778+0300] {logging_mixin.py:137} INFO - [2023-04-23T03:21:23.778+0300] {taskmixin.py:211} WARNING - Dependency <Task(BashOperator): delete_entry>, create_entry_gcs already registered for DAG: example_complex
[2023-04-23T03:21:23.778+0300] {logging_mixin.py:137} INFO - [2023-04-23T03:21:23.778+0300] {taskmixin.py:211} WARNING - Dependency <Task(BashOperator): create_tag>, delete_tag already registered for DAG: example_complex
[2023-04-23T03:21:23.778+0300] {logging_mixin.py:137} INFO - [2023-04-23T03:21:23.778+0300] {taskmixin.py:211} WARNING - Dependency <Task(BashOperator): delete_tag>, create_tag already registered for DAG: example_complex
[2023-04-23T03:21:23.783+0300] {processor.py:753} INFO - DAG(s) dict_keys(['example_complex']) retrieved from /home/vladimir/.local/lib/python3.10/site-packages/airflow/example_dags/example_complex.py
[2023-04-23T03:21:23.804+0300] {logging_mixin.py:137} INFO - [2023-04-23T03:21:23.803+0300] {dag.py:2705} INFO - Sync 1 DAGs
[2023-04-23T03:21:23.816+0300] {logging_mixin.py:137} INFO - [2023-04-23T03:21:23.816+0300] {dag.py:3452} INFO - Setting next_dagrun for example_complex to None, run_after=None
[2023-04-23T03:21:23.828+0300] {processor.py:175} INFO - Processing /home/vladimir/.local/lib/python3.10/site-packages/airflow/example_dags/example_complex.py took 0.063 seconds
