[2023-04-23T03:12:42.371+0300] {processor.py:153} INFO - Started process (PID=6947) to work on /home/vladimir/.local/lib/python3.10/site-packages/airflow/example_dags/example_local_kubernetes_executor.py
[2023-04-23T03:12:42.372+0300] {processor.py:743} INFO - Processing file /home/vladimir/.local/lib/python3.10/site-packages/airflow/example_dags/example_local_kubernetes_executor.py for tasks to queue
[2023-04-23T03:12:42.372+0300] {logging_mixin.py:137} INFO - [2023-04-23T03:12:42.372+0300] {dagbag.py:532} INFO - Filling up the DagBag from /home/vladimir/.local/lib/python3.10/site-packages/airflow/example_dags/example_local_kubernetes_executor.py
[2023-04-23T03:12:42.388+0300] {processor.py:753} INFO - DAG(s) dict_keys(['example_local_kubernetes_executor']) retrieved from /home/vladimir/.local/lib/python3.10/site-packages/airflow/example_dags/example_local_kubernetes_executor.py
[2023-04-23T03:12:42.403+0300] {logging_mixin.py:137} INFO - [2023-04-23T03:12:42.403+0300] {dag.py:2705} INFO - Sync 1 DAGs
[2023-04-23T03:12:42.416+0300] {logging_mixin.py:137} INFO - [2023-04-23T03:12:42.416+0300] {dag.py:3452} INFO - Setting next_dagrun for example_local_kubernetes_executor to None, run_after=None
[2023-04-23T03:12:42.429+0300] {processor.py:175} INFO - Processing /home/vladimir/.local/lib/python3.10/site-packages/airflow/example_dags/example_local_kubernetes_executor.py took 0.060 seconds
[2023-04-23T03:13:21.411+0300] {processor.py:153} INFO - Started process (PID=7014) to work on /home/vladimir/.local/lib/python3.10/site-packages/airflow/example_dags/example_local_kubernetes_executor.py
[2023-04-23T03:13:21.411+0300] {processor.py:743} INFO - Processing file /home/vladimir/.local/lib/python3.10/site-packages/airflow/example_dags/example_local_kubernetes_executor.py for tasks to queue
[2023-04-23T03:13:21.412+0300] {logging_mixin.py:137} INFO - [2023-04-23T03:13:21.412+0300] {dagbag.py:532} INFO - Filling up the DagBag from /home/vladimir/.local/lib/python3.10/site-packages/airflow/example_dags/example_local_kubernetes_executor.py
[2023-04-23T03:13:21.428+0300] {processor.py:753} INFO - DAG(s) dict_keys(['example_local_kubernetes_executor']) retrieved from /home/vladimir/.local/lib/python3.10/site-packages/airflow/example_dags/example_local_kubernetes_executor.py
[2023-04-23T03:13:21.444+0300] {logging_mixin.py:137} INFO - [2023-04-23T03:13:21.443+0300] {dag.py:2705} INFO - Sync 1 DAGs
[2023-04-23T03:13:21.456+0300] {logging_mixin.py:137} INFO - [2023-04-23T03:13:21.456+0300] {dag.py:3452} INFO - Setting next_dagrun for example_local_kubernetes_executor to None, run_after=None
[2023-04-23T03:13:21.468+0300] {processor.py:175} INFO - Processing /home/vladimir/.local/lib/python3.10/site-packages/airflow/example_dags/example_local_kubernetes_executor.py took 0.060 seconds
[2023-04-23T03:14:02.702+0300] {processor.py:153} INFO - Started process (PID=7071) to work on /home/vladimir/.local/lib/python3.10/site-packages/airflow/example_dags/example_local_kubernetes_executor.py
[2023-04-23T03:14:02.702+0300] {processor.py:743} INFO - Processing file /home/vladimir/.local/lib/python3.10/site-packages/airflow/example_dags/example_local_kubernetes_executor.py for tasks to queue
[2023-04-23T03:14:02.703+0300] {logging_mixin.py:137} INFO - [2023-04-23T03:14:02.703+0300] {dagbag.py:532} INFO - Filling up the DagBag from /home/vladimir/.local/lib/python3.10/site-packages/airflow/example_dags/example_local_kubernetes_executor.py
[2023-04-23T03:14:02.719+0300] {processor.py:753} INFO - DAG(s) dict_keys(['example_local_kubernetes_executor']) retrieved from /home/vladimir/.local/lib/python3.10/site-packages/airflow/example_dags/example_local_kubernetes_executor.py
[2023-04-23T03:14:02.736+0300] {logging_mixin.py:137} INFO - [2023-04-23T03:14:02.735+0300] {dag.py:2705} INFO - Sync 1 DAGs
[2023-04-23T03:14:02.747+0300] {logging_mixin.py:137} INFO - [2023-04-23T03:14:02.747+0300] {dag.py:3452} INFO - Setting next_dagrun for example_local_kubernetes_executor to None, run_after=None
[2023-04-23T03:14:02.760+0300] {processor.py:175} INFO - Processing /home/vladimir/.local/lib/python3.10/site-packages/airflow/example_dags/example_local_kubernetes_executor.py took 0.060 seconds
[2023-04-23T03:14:43.773+0300] {processor.py:153} INFO - Started process (PID=7132) to work on /home/vladimir/.local/lib/python3.10/site-packages/airflow/example_dags/example_local_kubernetes_executor.py
[2023-04-23T03:14:43.774+0300] {processor.py:743} INFO - Processing file /home/vladimir/.local/lib/python3.10/site-packages/airflow/example_dags/example_local_kubernetes_executor.py for tasks to queue
[2023-04-23T03:14:43.774+0300] {logging_mixin.py:137} INFO - [2023-04-23T03:14:43.774+0300] {dagbag.py:532} INFO - Filling up the DagBag from /home/vladimir/.local/lib/python3.10/site-packages/airflow/example_dags/example_local_kubernetes_executor.py
[2023-04-23T03:14:43.792+0300] {processor.py:753} INFO - DAG(s) dict_keys(['example_local_kubernetes_executor']) retrieved from /home/vladimir/.local/lib/python3.10/site-packages/airflow/example_dags/example_local_kubernetes_executor.py
[2023-04-23T03:14:43.807+0300] {logging_mixin.py:137} INFO - [2023-04-23T03:14:43.807+0300] {dag.py:2705} INFO - Sync 1 DAGs
[2023-04-23T03:14:43.820+0300] {logging_mixin.py:137} INFO - [2023-04-23T03:14:43.819+0300] {dag.py:3452} INFO - Setting next_dagrun for example_local_kubernetes_executor to None, run_after=None
[2023-04-23T03:14:43.831+0300] {processor.py:175} INFO - Processing /home/vladimir/.local/lib/python3.10/site-packages/airflow/example_dags/example_local_kubernetes_executor.py took 0.060 seconds
[2023-04-23T03:15:23.722+0300] {processor.py:153} INFO - Started process (PID=7215) to work on /home/vladimir/.local/lib/python3.10/site-packages/airflow/example_dags/example_local_kubernetes_executor.py
[2023-04-23T03:15:23.724+0300] {processor.py:743} INFO - Processing file /home/vladimir/.local/lib/python3.10/site-packages/airflow/example_dags/example_local_kubernetes_executor.py for tasks to queue
[2023-04-23T03:15:23.724+0300] {logging_mixin.py:137} INFO - [2023-04-23T03:15:23.724+0300] {dagbag.py:532} INFO - Filling up the DagBag from /home/vladimir/.local/lib/python3.10/site-packages/airflow/example_dags/example_local_kubernetes_executor.py
[2023-04-23T03:15:23.742+0300] {processor.py:753} INFO - DAG(s) dict_keys(['example_local_kubernetes_executor']) retrieved from /home/vladimir/.local/lib/python3.10/site-packages/airflow/example_dags/example_local_kubernetes_executor.py
[2023-04-23T03:15:23.756+0300] {logging_mixin.py:137} INFO - [2023-04-23T03:15:23.756+0300] {dag.py:2705} INFO - Sync 1 DAGs
[2023-04-23T03:15:23.769+0300] {logging_mixin.py:137} INFO - [2023-04-23T03:15:23.769+0300] {dag.py:3452} INFO - Setting next_dagrun for example_local_kubernetes_executor to None, run_after=None
[2023-04-23T03:15:23.782+0300] {processor.py:175} INFO - Processing /home/vladimir/.local/lib/python3.10/site-packages/airflow/example_dags/example_local_kubernetes_executor.py took 0.062 seconds
[2023-04-23T03:16:05.442+0300] {processor.py:153} INFO - Started process (PID=7272) to work on /home/vladimir/.local/lib/python3.10/site-packages/airflow/example_dags/example_local_kubernetes_executor.py
[2023-04-23T03:16:05.443+0300] {processor.py:743} INFO - Processing file /home/vladimir/.local/lib/python3.10/site-packages/airflow/example_dags/example_local_kubernetes_executor.py for tasks to queue
[2023-04-23T03:16:05.443+0300] {logging_mixin.py:137} INFO - [2023-04-23T03:16:05.443+0300] {dagbag.py:532} INFO - Filling up the DagBag from /home/vladimir/.local/lib/python3.10/site-packages/airflow/example_dags/example_local_kubernetes_executor.py
[2023-04-23T03:16:05.460+0300] {processor.py:753} INFO - DAG(s) dict_keys(['example_local_kubernetes_executor']) retrieved from /home/vladimir/.local/lib/python3.10/site-packages/airflow/example_dags/example_local_kubernetes_executor.py
[2023-04-23T03:16:05.478+0300] {logging_mixin.py:137} INFO - [2023-04-23T03:16:05.478+0300] {dag.py:2705} INFO - Sync 1 DAGs
[2023-04-23T03:16:05.490+0300] {logging_mixin.py:137} INFO - [2023-04-23T03:16:05.490+0300] {dag.py:3452} INFO - Setting next_dagrun for example_local_kubernetes_executor to None, run_after=None
[2023-04-23T03:16:05.503+0300] {processor.py:175} INFO - Processing /home/vladimir/.local/lib/python3.10/site-packages/airflow/example_dags/example_local_kubernetes_executor.py took 0.063 seconds
[2023-04-23T03:16:43.046+0300] {processor.py:153} INFO - Started process (PID=7349) to work on /home/vladimir/.local/lib/python3.10/site-packages/airflow/example_dags/example_local_kubernetes_executor.py
[2023-04-23T03:16:43.046+0300] {processor.py:743} INFO - Processing file /home/vladimir/.local/lib/python3.10/site-packages/airflow/example_dags/example_local_kubernetes_executor.py for tasks to queue
[2023-04-23T03:16:43.047+0300] {logging_mixin.py:137} INFO - [2023-04-23T03:16:43.047+0300] {dagbag.py:532} INFO - Filling up the DagBag from /home/vladimir/.local/lib/python3.10/site-packages/airflow/example_dags/example_local_kubernetes_executor.py
[2023-04-23T03:16:43.062+0300] {processor.py:753} INFO - DAG(s) dict_keys(['example_local_kubernetes_executor']) retrieved from /home/vladimir/.local/lib/python3.10/site-packages/airflow/example_dags/example_local_kubernetes_executor.py
[2023-04-23T03:16:43.075+0300] {logging_mixin.py:137} INFO - [2023-04-23T03:16:43.075+0300] {dag.py:2705} INFO - Sync 1 DAGs
[2023-04-23T03:16:43.088+0300] {logging_mixin.py:137} INFO - [2023-04-23T03:16:43.088+0300] {dag.py:3452} INFO - Setting next_dagrun for example_local_kubernetes_executor to None, run_after=None
[2023-04-23T03:16:43.101+0300] {processor.py:175} INFO - Processing /home/vladimir/.local/lib/python3.10/site-packages/airflow/example_dags/example_local_kubernetes_executor.py took 0.057 seconds
[2023-04-23T03:17:25.281+0300] {processor.py:153} INFO - Started process (PID=7395) to work on /home/vladimir/.local/lib/python3.10/site-packages/airflow/example_dags/example_local_kubernetes_executor.py
[2023-04-23T03:17:25.281+0300] {processor.py:743} INFO - Processing file /home/vladimir/.local/lib/python3.10/site-packages/airflow/example_dags/example_local_kubernetes_executor.py for tasks to queue
[2023-04-23T03:17:25.282+0300] {logging_mixin.py:137} INFO - [2023-04-23T03:17:25.282+0300] {dagbag.py:532} INFO - Filling up the DagBag from /home/vladimir/.local/lib/python3.10/site-packages/airflow/example_dags/example_local_kubernetes_executor.py
[2023-04-23T03:17:25.298+0300] {processor.py:753} INFO - DAG(s) dict_keys(['example_local_kubernetes_executor']) retrieved from /home/vladimir/.local/lib/python3.10/site-packages/airflow/example_dags/example_local_kubernetes_executor.py
[2023-04-23T03:17:25.313+0300] {logging_mixin.py:137} INFO - [2023-04-23T03:17:25.313+0300] {dag.py:2705} INFO - Sync 1 DAGs
[2023-04-23T03:17:25.324+0300] {logging_mixin.py:137} INFO - [2023-04-23T03:17:25.324+0300] {dag.py:3452} INFO - Setting next_dagrun for example_local_kubernetes_executor to None, run_after=None
[2023-04-23T03:17:25.335+0300] {processor.py:175} INFO - Processing /home/vladimir/.local/lib/python3.10/site-packages/airflow/example_dags/example_local_kubernetes_executor.py took 0.057 seconds
[2023-04-23T03:18:03.697+0300] {processor.py:153} INFO - Started process (PID=7442) to work on /home/vladimir/.local/lib/python3.10/site-packages/airflow/example_dags/example_local_kubernetes_executor.py
[2023-04-23T03:18:03.698+0300] {processor.py:743} INFO - Processing file /home/vladimir/.local/lib/python3.10/site-packages/airflow/example_dags/example_local_kubernetes_executor.py for tasks to queue
[2023-04-23T03:18:03.699+0300] {logging_mixin.py:137} INFO - [2023-04-23T03:18:03.699+0300] {dagbag.py:532} INFO - Filling up the DagBag from /home/vladimir/.local/lib/python3.10/site-packages/airflow/example_dags/example_local_kubernetes_executor.py
[2023-04-23T03:18:03.717+0300] {processor.py:753} INFO - DAG(s) dict_keys(['example_local_kubernetes_executor']) retrieved from /home/vladimir/.local/lib/python3.10/site-packages/airflow/example_dags/example_local_kubernetes_executor.py
[2023-04-23T03:18:03.735+0300] {logging_mixin.py:137} INFO - [2023-04-23T03:18:03.735+0300] {dag.py:2705} INFO - Sync 1 DAGs
[2023-04-23T03:18:03.747+0300] {logging_mixin.py:137} INFO - [2023-04-23T03:18:03.747+0300] {dag.py:3452} INFO - Setting next_dagrun for example_local_kubernetes_executor to None, run_after=None
[2023-04-23T03:18:03.757+0300] {processor.py:175} INFO - Processing /home/vladimir/.local/lib/python3.10/site-packages/airflow/example_dags/example_local_kubernetes_executor.py took 0.062 seconds
[2023-04-23T03:18:41.399+0300] {processor.py:153} INFO - Started process (PID=7486) to work on /home/vladimir/.local/lib/python3.10/site-packages/airflow/example_dags/example_local_kubernetes_executor.py
[2023-04-23T03:18:41.400+0300] {processor.py:743} INFO - Processing file /home/vladimir/.local/lib/python3.10/site-packages/airflow/example_dags/example_local_kubernetes_executor.py for tasks to queue
[2023-04-23T03:18:41.400+0300] {logging_mixin.py:137} INFO - [2023-04-23T03:18:41.400+0300] {dagbag.py:532} INFO - Filling up the DagBag from /home/vladimir/.local/lib/python3.10/site-packages/airflow/example_dags/example_local_kubernetes_executor.py
[2023-04-23T03:18:41.416+0300] {processor.py:753} INFO - DAG(s) dict_keys(['example_local_kubernetes_executor']) retrieved from /home/vladimir/.local/lib/python3.10/site-packages/airflow/example_dags/example_local_kubernetes_executor.py
[2023-04-23T03:18:41.430+0300] {logging_mixin.py:137} INFO - [2023-04-23T03:18:41.430+0300] {dag.py:2705} INFO - Sync 1 DAGs
[2023-04-23T03:18:41.443+0300] {logging_mixin.py:137} INFO - [2023-04-23T03:18:41.443+0300] {dag.py:3452} INFO - Setting next_dagrun for example_local_kubernetes_executor to None, run_after=None
[2023-04-23T03:18:41.455+0300] {processor.py:175} INFO - Processing /home/vladimir/.local/lib/python3.10/site-packages/airflow/example_dags/example_local_kubernetes_executor.py took 0.059 seconds
[2023-04-23T03:19:22.561+0300] {processor.py:153} INFO - Started process (PID=7531) to work on /home/vladimir/.local/lib/python3.10/site-packages/airflow/example_dags/example_local_kubernetes_executor.py
[2023-04-23T03:19:22.562+0300] {processor.py:743} INFO - Processing file /home/vladimir/.local/lib/python3.10/site-packages/airflow/example_dags/example_local_kubernetes_executor.py for tasks to queue
[2023-04-23T03:19:22.563+0300] {logging_mixin.py:137} INFO - [2023-04-23T03:19:22.563+0300] {dagbag.py:532} INFO - Filling up the DagBag from /home/vladimir/.local/lib/python3.10/site-packages/airflow/example_dags/example_local_kubernetes_executor.py
[2023-04-23T03:19:22.578+0300] {processor.py:753} INFO - DAG(s) dict_keys(['example_local_kubernetes_executor']) retrieved from /home/vladimir/.local/lib/python3.10/site-packages/airflow/example_dags/example_local_kubernetes_executor.py
[2023-04-23T03:19:22.592+0300] {logging_mixin.py:137} INFO - [2023-04-23T03:19:22.592+0300] {dag.py:2705} INFO - Sync 1 DAGs
[2023-04-23T03:19:22.603+0300] {logging_mixin.py:137} INFO - [2023-04-23T03:19:22.603+0300] {dag.py:3452} INFO - Setting next_dagrun for example_local_kubernetes_executor to None, run_after=None
[2023-04-23T03:19:22.613+0300] {processor.py:175} INFO - Processing /home/vladimir/.local/lib/python3.10/site-packages/airflow/example_dags/example_local_kubernetes_executor.py took 0.054 seconds
[2023-04-23T03:20:12.731+0300] {processor.py:153} INFO - Started process (PID=7829) to work on /home/vladimir/.local/lib/python3.10/site-packages/airflow/example_dags/example_local_kubernetes_executor.py
[2023-04-23T03:20:12.732+0300] {processor.py:743} INFO - Processing file /home/vladimir/.local/lib/python3.10/site-packages/airflow/example_dags/example_local_kubernetes_executor.py for tasks to queue
[2023-04-23T03:20:12.733+0300] {logging_mixin.py:137} INFO - [2023-04-23T03:20:12.732+0300] {dagbag.py:532} INFO - Filling up the DagBag from /home/vladimir/.local/lib/python3.10/site-packages/airflow/example_dags/example_local_kubernetes_executor.py
[2023-04-23T03:20:12.750+0300] {processor.py:753} INFO - DAG(s) dict_keys(['example_local_kubernetes_executor']) retrieved from /home/vladimir/.local/lib/python3.10/site-packages/airflow/example_dags/example_local_kubernetes_executor.py
[2023-04-23T03:20:12.767+0300] {logging_mixin.py:137} INFO - [2023-04-23T03:20:12.767+0300] {dag.py:2705} INFO - Sync 1 DAGs
[2023-04-23T03:20:12.785+0300] {logging_mixin.py:137} INFO - [2023-04-23T03:20:12.785+0300] {dag.py:3452} INFO - Setting next_dagrun for example_local_kubernetes_executor to None, run_after=None
[2023-04-23T03:20:12.799+0300] {processor.py:175} INFO - Processing /home/vladimir/.local/lib/python3.10/site-packages/airflow/example_dags/example_local_kubernetes_executor.py took 0.071 seconds
[2023-04-23T03:20:56.447+0300] {processor.py:153} INFO - Started process (PID=7898) to work on /home/vladimir/.local/lib/python3.10/site-packages/airflow/example_dags/example_local_kubernetes_executor.py
[2023-04-23T03:20:56.454+0300] {processor.py:743} INFO - Processing file /home/vladimir/.local/lib/python3.10/site-packages/airflow/example_dags/example_local_kubernetes_executor.py for tasks to queue
[2023-04-23T03:20:56.458+0300] {logging_mixin.py:137} INFO - [2023-04-23T03:20:56.457+0300] {dagbag.py:532} INFO - Filling up the DagBag from /home/vladimir/.local/lib/python3.10/site-packages/airflow/example_dags/example_local_kubernetes_executor.py
[2023-04-23T03:20:56.557+0300] {processor.py:753} INFO - DAG(s) dict_keys(['example_local_kubernetes_executor']) retrieved from /home/vladimir/.local/lib/python3.10/site-packages/airflow/example_dags/example_local_kubernetes_executor.py
[2023-04-23T03:20:56.635+0300] {logging_mixin.py:137} INFO - [2023-04-23T03:20:56.635+0300] {dag.py:2705} INFO - Sync 1 DAGs
[2023-04-23T03:20:56.677+0300] {logging_mixin.py:137} INFO - [2023-04-23T03:20:56.676+0300] {dag.py:3452} INFO - Setting next_dagrun for example_local_kubernetes_executor to None, run_after=None
[2023-04-23T03:20:56.704+0300] {processor.py:175} INFO - Processing /home/vladimir/.local/lib/python3.10/site-packages/airflow/example_dags/example_local_kubernetes_executor.py took 0.360 seconds
