[2023-04-23T03:13:13.499+0300] {processor.py:153} INFO - Started process (PID=7002) to work on /home/vladimir/.local/lib/python3.10/site-packages/airflow/example_dags/example_branch_python_dop_operator_3.py
[2023-04-23T03:13:13.500+0300] {processor.py:743} INFO - Processing file /home/vladimir/.local/lib/python3.10/site-packages/airflow/example_dags/example_branch_python_dop_operator_3.py for tasks to queue
[2023-04-23T03:13:13.500+0300] {logging_mixin.py:137} INFO - [2023-04-23T03:13:13.500+0300] {dagbag.py:532} INFO - Filling up the DagBag from /home/vladimir/.local/lib/python3.10/site-packages/airflow/example_dags/example_branch_python_dop_operator_3.py
[2023-04-23T03:13:13.518+0300] {processor.py:753} INFO - DAG(s) dict_keys(['example_branch_dop_operator_v3']) retrieved from /home/vladimir/.local/lib/python3.10/site-packages/airflow/example_dags/example_branch_python_dop_operator_3.py
[2023-04-23T03:13:13.533+0300] {logging_mixin.py:137} INFO - [2023-04-23T03:13:13.533+0300] {dag.py:2705} INFO - Sync 1 DAGs
[2023-04-23T03:13:13.549+0300] {logging_mixin.py:137} INFO - [2023-04-23T03:13:13.548+0300] {dag.py:3452} INFO - Setting next_dagrun for example_branch_dop_operator_v3 to 2023-04-23T00:12:00+00:00, run_after=2023-04-23T00:13:00+00:00
[2023-04-23T03:13:13.562+0300] {processor.py:175} INFO - Processing /home/vladimir/.local/lib/python3.10/site-packages/airflow/example_dags/example_branch_python_dop_operator_3.py took 0.065 seconds
[2023-04-23T03:13:54.696+0300] {processor.py:153} INFO - Started process (PID=7060) to work on /home/vladimir/.local/lib/python3.10/site-packages/airflow/example_dags/example_branch_python_dop_operator_3.py
[2023-04-23T03:13:54.697+0300] {processor.py:743} INFO - Processing file /home/vladimir/.local/lib/python3.10/site-packages/airflow/example_dags/example_branch_python_dop_operator_3.py for tasks to queue
[2023-04-23T03:13:54.697+0300] {logging_mixin.py:137} INFO - [2023-04-23T03:13:54.697+0300] {dagbag.py:532} INFO - Filling up the DagBag from /home/vladimir/.local/lib/python3.10/site-packages/airflow/example_dags/example_branch_python_dop_operator_3.py
[2023-04-23T03:13:54.714+0300] {processor.py:753} INFO - DAG(s) dict_keys(['example_branch_dop_operator_v3']) retrieved from /home/vladimir/.local/lib/python3.10/site-packages/airflow/example_dags/example_branch_python_dop_operator_3.py
[2023-04-23T03:13:54.730+0300] {logging_mixin.py:137} INFO - [2023-04-23T03:13:54.730+0300] {dag.py:2705} INFO - Sync 1 DAGs
[2023-04-23T03:13:54.745+0300] {logging_mixin.py:137} INFO - [2023-04-23T03:13:54.745+0300] {dag.py:3452} INFO - Setting next_dagrun for example_branch_dop_operator_v3 to 2023-04-23T00:12:00+00:00, run_after=2023-04-23T00:13:00+00:00
[2023-04-23T03:13:54.756+0300] {processor.py:175} INFO - Processing /home/vladimir/.local/lib/python3.10/site-packages/airflow/example_dags/example_branch_python_dop_operator_3.py took 0.063 seconds
[2023-04-23T03:14:35.951+0300] {processor.py:153} INFO - Started process (PID=7114) to work on /home/vladimir/.local/lib/python3.10/site-packages/airflow/example_dags/example_branch_python_dop_operator_3.py
[2023-04-23T03:14:35.952+0300] {processor.py:743} INFO - Processing file /home/vladimir/.local/lib/python3.10/site-packages/airflow/example_dags/example_branch_python_dop_operator_3.py for tasks to queue
[2023-04-23T03:14:35.952+0300] {logging_mixin.py:137} INFO - [2023-04-23T03:14:35.952+0300] {dagbag.py:532} INFO - Filling up the DagBag from /home/vladimir/.local/lib/python3.10/site-packages/airflow/example_dags/example_branch_python_dop_operator_3.py
[2023-04-23T03:14:35.970+0300] {processor.py:753} INFO - DAG(s) dict_keys(['example_branch_dop_operator_v3']) retrieved from /home/vladimir/.local/lib/python3.10/site-packages/airflow/example_dags/example_branch_python_dop_operator_3.py
[2023-04-23T03:14:35.984+0300] {logging_mixin.py:137} INFO - [2023-04-23T03:14:35.984+0300] {dag.py:2705} INFO - Sync 1 DAGs
[2023-04-23T03:14:36.000+0300] {logging_mixin.py:137} INFO - [2023-04-23T03:14:36.000+0300] {dag.py:3452} INFO - Setting next_dagrun for example_branch_dop_operator_v3 to 2023-04-23T00:13:00+00:00, run_after=2023-04-23T00:14:00+00:00
[2023-04-23T03:14:36.013+0300] {processor.py:175} INFO - Processing /home/vladimir/.local/lib/python3.10/site-packages/airflow/example_dags/example_branch_python_dop_operator_3.py took 0.064 seconds
[2023-04-23T03:15:15.734+0300] {processor.py:153} INFO - Started process (PID=7207) to work on /home/vladimir/.local/lib/python3.10/site-packages/airflow/example_dags/example_branch_python_dop_operator_3.py
[2023-04-23T03:15:15.735+0300] {processor.py:743} INFO - Processing file /home/vladimir/.local/lib/python3.10/site-packages/airflow/example_dags/example_branch_python_dop_operator_3.py for tasks to queue
[2023-04-23T03:15:15.736+0300] {logging_mixin.py:137} INFO - [2023-04-23T03:15:15.736+0300] {dagbag.py:532} INFO - Filling up the DagBag from /home/vladimir/.local/lib/python3.10/site-packages/airflow/example_dags/example_branch_python_dop_operator_3.py
[2023-04-23T03:15:15.753+0300] {processor.py:753} INFO - DAG(s) dict_keys(['example_branch_dop_operator_v3']) retrieved from /home/vladimir/.local/lib/python3.10/site-packages/airflow/example_dags/example_branch_python_dop_operator_3.py
[2023-04-23T03:15:15.767+0300] {logging_mixin.py:137} INFO - [2023-04-23T03:15:15.767+0300] {dag.py:2705} INFO - Sync 1 DAGs
[2023-04-23T03:15:15.783+0300] {logging_mixin.py:137} INFO - [2023-04-23T03:15:15.782+0300] {dag.py:3452} INFO - Setting next_dagrun for example_branch_dop_operator_v3 to 2023-04-23T00:14:00+00:00, run_after=2023-04-23T00:15:00+00:00
[2023-04-23T03:15:15.795+0300] {processor.py:175} INFO - Processing /home/vladimir/.local/lib/python3.10/site-packages/airflow/example_dags/example_branch_python_dop_operator_3.py took 0.062 seconds
[2023-04-23T03:15:56.820+0300] {processor.py:153} INFO - Started process (PID=7264) to work on /home/vladimir/.local/lib/python3.10/site-packages/airflow/example_dags/example_branch_python_dop_operator_3.py
[2023-04-23T03:15:56.821+0300] {processor.py:743} INFO - Processing file /home/vladimir/.local/lib/python3.10/site-packages/airflow/example_dags/example_branch_python_dop_operator_3.py for tasks to queue
[2023-04-23T03:15:56.821+0300] {logging_mixin.py:137} INFO - [2023-04-23T03:15:56.821+0300] {dagbag.py:532} INFO - Filling up the DagBag from /home/vladimir/.local/lib/python3.10/site-packages/airflow/example_dags/example_branch_python_dop_operator_3.py
[2023-04-23T03:15:56.838+0300] {processor.py:753} INFO - DAG(s) dict_keys(['example_branch_dop_operator_v3']) retrieved from /home/vladimir/.local/lib/python3.10/site-packages/airflow/example_dags/example_branch_python_dop_operator_3.py
[2023-04-23T03:15:56.852+0300] {logging_mixin.py:137} INFO - [2023-04-23T03:15:56.851+0300] {dag.py:2705} INFO - Sync 1 DAGs
[2023-04-23T03:15:56.866+0300] {logging_mixin.py:137} INFO - [2023-04-23T03:15:56.866+0300] {dag.py:3452} INFO - Setting next_dagrun for example_branch_dop_operator_v3 to 2023-04-23T00:14:00+00:00, run_after=2023-04-23T00:15:00+00:00
[2023-04-23T03:15:56.878+0300] {processor.py:175} INFO - Processing /home/vladimir/.local/lib/python3.10/site-packages/airflow/example_dags/example_branch_python_dop_operator_3.py took 0.061 seconds
[2023-04-23T03:16:36.540+0300] {processor.py:153} INFO - Started process (PID=7338) to work on /home/vladimir/.local/lib/python3.10/site-packages/airflow/example_dags/example_branch_python_dop_operator_3.py
[2023-04-23T03:16:36.541+0300] {processor.py:743} INFO - Processing file /home/vladimir/.local/lib/python3.10/site-packages/airflow/example_dags/example_branch_python_dop_operator_3.py for tasks to queue
[2023-04-23T03:16:36.542+0300] {logging_mixin.py:137} INFO - [2023-04-23T03:16:36.541+0300] {dagbag.py:532} INFO - Filling up the DagBag from /home/vladimir/.local/lib/python3.10/site-packages/airflow/example_dags/example_branch_python_dop_operator_3.py
[2023-04-23T03:16:36.557+0300] {processor.py:753} INFO - DAG(s) dict_keys(['example_branch_dop_operator_v3']) retrieved from /home/vladimir/.local/lib/python3.10/site-packages/airflow/example_dags/example_branch_python_dop_operator_3.py
[2023-04-23T03:16:36.570+0300] {logging_mixin.py:137} INFO - [2023-04-23T03:16:36.569+0300] {dag.py:2705} INFO - Sync 1 DAGs
[2023-04-23T03:16:36.586+0300] {logging_mixin.py:137} INFO - [2023-04-23T03:16:36.586+0300] {dag.py:3452} INFO - Setting next_dagrun for example_branch_dop_operator_v3 to 2023-04-23T00:15:00+00:00, run_after=2023-04-23T00:16:00+00:00
[2023-04-23T03:16:36.598+0300] {processor.py:175} INFO - Processing /home/vladimir/.local/lib/python3.10/site-packages/airflow/example_dags/example_branch_python_dop_operator_3.py took 0.060 seconds
[2023-04-23T03:17:17.870+0300] {processor.py:153} INFO - Started process (PID=7387) to work on /home/vladimir/.local/lib/python3.10/site-packages/airflow/example_dags/example_branch_python_dop_operator_3.py
[2023-04-23T03:17:17.871+0300] {processor.py:743} INFO - Processing file /home/vladimir/.local/lib/python3.10/site-packages/airflow/example_dags/example_branch_python_dop_operator_3.py for tasks to queue
[2023-04-23T03:17:17.871+0300] {logging_mixin.py:137} INFO - [2023-04-23T03:17:17.871+0300] {dagbag.py:532} INFO - Filling up the DagBag from /home/vladimir/.local/lib/python3.10/site-packages/airflow/example_dags/example_branch_python_dop_operator_3.py
[2023-04-23T03:17:17.888+0300] {processor.py:753} INFO - DAG(s) dict_keys(['example_branch_dop_operator_v3']) retrieved from /home/vladimir/.local/lib/python3.10/site-packages/airflow/example_dags/example_branch_python_dop_operator_3.py
[2023-04-23T03:17:17.900+0300] {logging_mixin.py:137} INFO - [2023-04-23T03:17:17.900+0300] {dag.py:2705} INFO - Sync 1 DAGs
[2023-04-23T03:17:17.915+0300] {logging_mixin.py:137} INFO - [2023-04-23T03:17:17.915+0300] {dag.py:3452} INFO - Setting next_dagrun for example_branch_dop_operator_v3 to 2023-04-23T00:16:00+00:00, run_after=2023-04-23T00:17:00+00:00
[2023-04-23T03:17:17.927+0300] {processor.py:175} INFO - Processing /home/vladimir/.local/lib/python3.10/site-packages/airflow/example_dags/example_branch_python_dop_operator_3.py took 0.059 seconds
[2023-04-23T03:17:56.290+0300] {processor.py:153} INFO - Started process (PID=7433) to work on /home/vladimir/.local/lib/python3.10/site-packages/airflow/example_dags/example_branch_python_dop_operator_3.py
[2023-04-23T03:17:56.291+0300] {processor.py:743} INFO - Processing file /home/vladimir/.local/lib/python3.10/site-packages/airflow/example_dags/example_branch_python_dop_operator_3.py for tasks to queue
[2023-04-23T03:17:56.291+0300] {logging_mixin.py:137} INFO - [2023-04-23T03:17:56.291+0300] {dagbag.py:532} INFO - Filling up the DagBag from /home/vladimir/.local/lib/python3.10/site-packages/airflow/example_dags/example_branch_python_dop_operator_3.py
[2023-04-23T03:17:56.307+0300] {processor.py:753} INFO - DAG(s) dict_keys(['example_branch_dop_operator_v3']) retrieved from /home/vladimir/.local/lib/python3.10/site-packages/airflow/example_dags/example_branch_python_dop_operator_3.py
[2023-04-23T03:17:56.320+0300] {logging_mixin.py:137} INFO - [2023-04-23T03:17:56.320+0300] {dag.py:2705} INFO - Sync 1 DAGs
[2023-04-23T03:17:56.335+0300] {logging_mixin.py:137} INFO - [2023-04-23T03:17:56.334+0300] {dag.py:3452} INFO - Setting next_dagrun for example_branch_dop_operator_v3 to 2023-04-23T00:16:00+00:00, run_after=2023-04-23T00:17:00+00:00
[2023-04-23T03:17:56.346+0300] {processor.py:175} INFO - Processing /home/vladimir/.local/lib/python3.10/site-packages/airflow/example_dags/example_branch_python_dop_operator_3.py took 0.058 seconds
[2023-04-23T03:18:35.116+0300] {processor.py:153} INFO - Started process (PID=7477) to work on /home/vladimir/.local/lib/python3.10/site-packages/airflow/example_dags/example_branch_python_dop_operator_3.py
[2023-04-23T03:18:35.116+0300] {processor.py:743} INFO - Processing file /home/vladimir/.local/lib/python3.10/site-packages/airflow/example_dags/example_branch_python_dop_operator_3.py for tasks to queue
[2023-04-23T03:18:35.117+0300] {logging_mixin.py:137} INFO - [2023-04-23T03:18:35.117+0300] {dagbag.py:532} INFO - Filling up the DagBag from /home/vladimir/.local/lib/python3.10/site-packages/airflow/example_dags/example_branch_python_dop_operator_3.py
[2023-04-23T03:18:35.133+0300] {processor.py:753} INFO - DAG(s) dict_keys(['example_branch_dop_operator_v3']) retrieved from /home/vladimir/.local/lib/python3.10/site-packages/airflow/example_dags/example_branch_python_dop_operator_3.py
[2023-04-23T03:18:35.146+0300] {logging_mixin.py:137} INFO - [2023-04-23T03:18:35.146+0300] {dag.py:2705} INFO - Sync 1 DAGs
[2023-04-23T03:18:35.160+0300] {logging_mixin.py:137} INFO - [2023-04-23T03:18:35.160+0300] {dag.py:3452} INFO - Setting next_dagrun for example_branch_dop_operator_v3 to 2023-04-23T00:17:00+00:00, run_after=2023-04-23T00:18:00+00:00
[2023-04-23T03:18:35.172+0300] {processor.py:175} INFO - Processing /home/vladimir/.local/lib/python3.10/site-packages/airflow/example_dags/example_branch_python_dop_operator_3.py took 0.059 seconds
[2023-04-23T03:19:14.846+0300] {processor.py:153} INFO - Started process (PID=7523) to work on /home/vladimir/.local/lib/python3.10/site-packages/airflow/example_dags/example_branch_python_dop_operator_3.py
[2023-04-23T03:19:14.852+0300] {processor.py:743} INFO - Processing file /home/vladimir/.local/lib/python3.10/site-packages/airflow/example_dags/example_branch_python_dop_operator_3.py for tasks to queue
[2023-04-23T03:19:14.854+0300] {logging_mixin.py:137} INFO - [2023-04-23T03:19:14.854+0300] {dagbag.py:532} INFO - Filling up the DagBag from /home/vladimir/.local/lib/python3.10/site-packages/airflow/example_dags/example_branch_python_dop_operator_3.py
[2023-04-23T03:19:14.940+0300] {processor.py:753} INFO - DAG(s) dict_keys(['example_branch_dop_operator_v3']) retrieved from /home/vladimir/.local/lib/python3.10/site-packages/airflow/example_dags/example_branch_python_dop_operator_3.py
[2023-04-23T03:19:15.023+0300] {logging_mixin.py:137} INFO - [2023-04-23T03:19:15.023+0300] {dag.py:2705} INFO - Sync 1 DAGs
[2023-04-23T03:19:15.074+0300] {logging_mixin.py:137} INFO - [2023-04-23T03:19:15.074+0300] {dag.py:3452} INFO - Setting next_dagrun for example_branch_dop_operator_v3 to 2023-04-23T00:18:00+00:00, run_after=2023-04-23T00:19:00+00:00
[2023-04-23T03:19:15.119+0300] {processor.py:175} INFO - Processing /home/vladimir/.local/lib/python3.10/site-packages/airflow/example_dags/example_branch_python_dop_operator_3.py took 0.313 seconds
[2023-04-23T03:20:04.591+0300] {processor.py:153} INFO - Started process (PID=7819) to work on /home/vladimir/.local/lib/python3.10/site-packages/airflow/example_dags/example_branch_python_dop_operator_3.py
[2023-04-23T03:20:04.592+0300] {processor.py:743} INFO - Processing file /home/vladimir/.local/lib/python3.10/site-packages/airflow/example_dags/example_branch_python_dop_operator_3.py for tasks to queue
[2023-04-23T03:20:04.592+0300] {logging_mixin.py:137} INFO - [2023-04-23T03:20:04.592+0300] {dagbag.py:532} INFO - Filling up the DagBag from /home/vladimir/.local/lib/python3.10/site-packages/airflow/example_dags/example_branch_python_dop_operator_3.py
[2023-04-23T03:20:04.610+0300] {processor.py:753} INFO - DAG(s) dict_keys(['example_branch_dop_operator_v3']) retrieved from /home/vladimir/.local/lib/python3.10/site-packages/airflow/example_dags/example_branch_python_dop_operator_3.py
[2023-04-23T03:20:04.624+0300] {logging_mixin.py:137} INFO - [2023-04-23T03:20:04.623+0300] {dag.py:2705} INFO - Sync 1 DAGs
[2023-04-23T03:20:04.639+0300] {logging_mixin.py:137} INFO - [2023-04-23T03:20:04.639+0300] {dag.py:3452} INFO - Setting next_dagrun for example_branch_dop_operator_v3 to 2023-04-23T00:19:00+00:00, run_after=2023-04-23T00:20:00+00:00
[2023-04-23T03:20:04.653+0300] {processor.py:175} INFO - Processing /home/vladimir/.local/lib/python3.10/site-packages/airflow/example_dags/example_branch_python_dop_operator_3.py took 0.065 seconds
[2023-04-23T03:20:46.884+0300] {processor.py:153} INFO - Started process (PID=7883) to work on /home/vladimir/.local/lib/python3.10/site-packages/airflow/example_dags/example_branch_python_dop_operator_3.py
[2023-04-23T03:20:46.901+0300] {processor.py:743} INFO - Processing file /home/vladimir/.local/lib/python3.10/site-packages/airflow/example_dags/example_branch_python_dop_operator_3.py for tasks to queue
[2023-04-23T03:20:46.903+0300] {logging_mixin.py:137} INFO - [2023-04-23T03:20:46.903+0300] {dagbag.py:532} INFO - Filling up the DagBag from /home/vladimir/.local/lib/python3.10/site-packages/airflow/example_dags/example_branch_python_dop_operator_3.py
[2023-04-23T03:20:46.988+0300] {processor.py:753} INFO - DAG(s) dict_keys(['example_branch_dop_operator_v3']) retrieved from /home/vladimir/.local/lib/python3.10/site-packages/airflow/example_dags/example_branch_python_dop_operator_3.py
[2023-04-23T03:20:47.010+0300] {logging_mixin.py:137} INFO - [2023-04-23T03:20:47.009+0300] {dag.py:2705} INFO - Sync 1 DAGs
[2023-04-23T03:20:47.080+0300] {logging_mixin.py:137} INFO - [2023-04-23T03:20:47.080+0300] {dag.py:3452} INFO - Setting next_dagrun for example_branch_dop_operator_v3 to 2023-04-23T00:19:00+00:00, run_after=2023-04-23T00:20:00+00:00
[2023-04-23T03:20:47.131+0300] {processor.py:175} INFO - Processing /home/vladimir/.local/lib/python3.10/site-packages/airflow/example_dags/example_branch_python_dop_operator_3.py took 0.276 seconds
[2023-04-23T03:21:30.578+0300] {processor.py:153} INFO - Started process (PID=7958) to work on /home/vladimir/.local/lib/python3.10/site-packages/airflow/example_dags/example_branch_python_dop_operator_3.py
[2023-04-23T03:21:30.579+0300] {processor.py:743} INFO - Processing file /home/vladimir/.local/lib/python3.10/site-packages/airflow/example_dags/example_branch_python_dop_operator_3.py for tasks to queue
[2023-04-23T03:21:30.579+0300] {logging_mixin.py:137} INFO - [2023-04-23T03:21:30.579+0300] {dagbag.py:532} INFO - Filling up the DagBag from /home/vladimir/.local/lib/python3.10/site-packages/airflow/example_dags/example_branch_python_dop_operator_3.py
[2023-04-23T03:21:30.596+0300] {processor.py:753} INFO - DAG(s) dict_keys(['example_branch_dop_operator_v3']) retrieved from /home/vladimir/.local/lib/python3.10/site-packages/airflow/example_dags/example_branch_python_dop_operator_3.py
[2023-04-23T03:21:30.610+0300] {logging_mixin.py:137} INFO - [2023-04-23T03:21:30.609+0300] {dag.py:2705} INFO - Sync 1 DAGs
[2023-04-23T03:21:30.628+0300] {logging_mixin.py:137} INFO - [2023-04-23T03:21:30.628+0300] {dag.py:3452} INFO - Setting next_dagrun for example_branch_dop_operator_v3 to 2023-04-23T00:20:00+00:00, run_after=2023-04-23T00:21:00+00:00
[2023-04-23T03:21:30.642+0300] {processor.py:175} INFO - Processing /home/vladimir/.local/lib/python3.10/site-packages/airflow/example_dags/example_branch_python_dop_operator_3.py took 0.066 seconds
