[2023-04-23T03:13:12.366+0300] {processor.py:153} INFO - Started process (PID=7001) to work on /home/vladimir/.local/lib/python3.10/site-packages/airflow/example_dags/example_branch_datetime_operator.py
[2023-04-23T03:13:12.367+0300] {processor.py:743} INFO - Processing file /home/vladimir/.local/lib/python3.10/site-packages/airflow/example_dags/example_branch_datetime_operator.py for tasks to queue
[2023-04-23T03:13:12.367+0300] {logging_mixin.py:137} INFO - [2023-04-23T03:13:12.367+0300] {dagbag.py:532} INFO - Filling up the DagBag from /home/vladimir/.local/lib/python3.10/site-packages/airflow/example_dags/example_branch_datetime_operator.py
[2023-04-23T03:13:12.379+0300] {processor.py:753} INFO - DAG(s) dict_keys(['example_branch_datetime_operator', 'example_branch_datetime_operator_2', 'example_branch_datetime_operator_3']) retrieved from /home/vladimir/.local/lib/python3.10/site-packages/airflow/example_dags/example_branch_datetime_operator.py
[2023-04-23T03:13:12.395+0300] {logging_mixin.py:137} INFO - [2023-04-23T03:13:12.395+0300] {dag.py:2705} INFO - Sync 3 DAGs
[2023-04-23T03:13:12.411+0300] {logging_mixin.py:137} INFO - [2023-04-23T03:13:12.411+0300] {dag.py:3452} INFO - Setting next_dagrun for example_branch_datetime_operator to 2023-04-22T00:00:00+00:00, run_after=2023-04-23T00:00:00+00:00
[2023-04-23T03:13:12.413+0300] {logging_mixin.py:137} INFO - [2023-04-23T03:13:12.413+0300] {dag.py:3452} INFO - Setting next_dagrun for example_branch_datetime_operator_2 to 2023-04-22T00:00:00+00:00, run_after=2023-04-23T00:00:00+00:00
[2023-04-23T03:13:12.414+0300] {logging_mixin.py:137} INFO - [2023-04-23T03:13:12.414+0300] {dag.py:3452} INFO - Setting next_dagrun for example_branch_datetime_operator_3 to 2023-04-22T00:00:00+00:00, run_after=2023-04-23T00:00:00+00:00
[2023-04-23T03:13:12.427+0300] {processor.py:175} INFO - Processing /home/vladimir/.local/lib/python3.10/site-packages/airflow/example_dags/example_branch_datetime_operator.py took 0.063 seconds
[2023-04-23T03:13:53.563+0300] {processor.py:153} INFO - Started process (PID=7059) to work on /home/vladimir/.local/lib/python3.10/site-packages/airflow/example_dags/example_branch_datetime_operator.py
[2023-04-23T03:13:53.566+0300] {processor.py:743} INFO - Processing file /home/vladimir/.local/lib/python3.10/site-packages/airflow/example_dags/example_branch_datetime_operator.py for tasks to queue
[2023-04-23T03:13:53.566+0300] {logging_mixin.py:137} INFO - [2023-04-23T03:13:53.566+0300] {dagbag.py:532} INFO - Filling up the DagBag from /home/vladimir/.local/lib/python3.10/site-packages/airflow/example_dags/example_branch_datetime_operator.py
[2023-04-23T03:13:53.578+0300] {processor.py:753} INFO - DAG(s) dict_keys(['example_branch_datetime_operator', 'example_branch_datetime_operator_2', 'example_branch_datetime_operator_3']) retrieved from /home/vladimir/.local/lib/python3.10/site-packages/airflow/example_dags/example_branch_datetime_operator.py
[2023-04-23T03:13:53.595+0300] {logging_mixin.py:137} INFO - [2023-04-23T03:13:53.595+0300] {dag.py:2705} INFO - Sync 3 DAGs
[2023-04-23T03:13:53.609+0300] {logging_mixin.py:137} INFO - [2023-04-23T03:13:53.609+0300] {dag.py:3452} INFO - Setting next_dagrun for example_branch_datetime_operator to 2023-04-22T00:00:00+00:00, run_after=2023-04-23T00:00:00+00:00
[2023-04-23T03:13:53.611+0300] {logging_mixin.py:137} INFO - [2023-04-23T03:13:53.611+0300] {dag.py:3452} INFO - Setting next_dagrun for example_branch_datetime_operator_2 to 2023-04-22T00:00:00+00:00, run_after=2023-04-23T00:00:00+00:00
[2023-04-23T03:13:53.613+0300] {logging_mixin.py:137} INFO - [2023-04-23T03:13:53.613+0300] {dag.py:3452} INFO - Setting next_dagrun for example_branch_datetime_operator_3 to 2023-04-22T00:00:00+00:00, run_after=2023-04-23T00:00:00+00:00
[2023-04-23T03:13:53.623+0300] {processor.py:175} INFO - Processing /home/vladimir/.local/lib/python3.10/site-packages/airflow/example_dags/example_branch_datetime_operator.py took 0.063 seconds
[2023-04-23T03:14:35.138+0300] {processor.py:153} INFO - Started process (PID=7113) to work on /home/vladimir/.local/lib/python3.10/site-packages/airflow/example_dags/example_branch_datetime_operator.py
[2023-04-23T03:14:35.139+0300] {processor.py:743} INFO - Processing file /home/vladimir/.local/lib/python3.10/site-packages/airflow/example_dags/example_branch_datetime_operator.py for tasks to queue
[2023-04-23T03:14:35.140+0300] {logging_mixin.py:137} INFO - [2023-04-23T03:14:35.140+0300] {dagbag.py:532} INFO - Filling up the DagBag from /home/vladimir/.local/lib/python3.10/site-packages/airflow/example_dags/example_branch_datetime_operator.py
[2023-04-23T03:14:35.153+0300] {processor.py:753} INFO - DAG(s) dict_keys(['example_branch_datetime_operator', 'example_branch_datetime_operator_3', 'example_branch_datetime_operator_2']) retrieved from /home/vladimir/.local/lib/python3.10/site-packages/airflow/example_dags/example_branch_datetime_operator.py
[2023-04-23T03:14:35.170+0300] {logging_mixin.py:137} INFO - [2023-04-23T03:14:35.170+0300] {dag.py:2705} INFO - Sync 3 DAGs
[2023-04-23T03:14:35.184+0300] {logging_mixin.py:137} INFO - [2023-04-23T03:14:35.184+0300] {dag.py:3452} INFO - Setting next_dagrun for example_branch_datetime_operator to 2023-04-22T00:00:00+00:00, run_after=2023-04-23T00:00:00+00:00
[2023-04-23T03:14:35.187+0300] {logging_mixin.py:137} INFO - [2023-04-23T03:14:35.187+0300] {dag.py:3452} INFO - Setting next_dagrun for example_branch_datetime_operator_2 to 2023-04-22T00:00:00+00:00, run_after=2023-04-23T00:00:00+00:00
[2023-04-23T03:14:35.188+0300] {logging_mixin.py:137} INFO - [2023-04-23T03:14:35.188+0300] {dag.py:3452} INFO - Setting next_dagrun for example_branch_datetime_operator_3 to 2023-04-22T00:00:00+00:00, run_after=2023-04-23T00:00:00+00:00
[2023-04-23T03:14:35.199+0300] {processor.py:175} INFO - Processing /home/vladimir/.local/lib/python3.10/site-packages/airflow/example_dags/example_branch_datetime_operator.py took 0.063 seconds
[2023-04-23T03:15:14.595+0300] {processor.py:153} INFO - Started process (PID=7206) to work on /home/vladimir/.local/lib/python3.10/site-packages/airflow/example_dags/example_branch_datetime_operator.py
[2023-04-23T03:15:14.596+0300] {processor.py:743} INFO - Processing file /home/vladimir/.local/lib/python3.10/site-packages/airflow/example_dags/example_branch_datetime_operator.py for tasks to queue
[2023-04-23T03:15:14.597+0300] {logging_mixin.py:137} INFO - [2023-04-23T03:15:14.596+0300] {dagbag.py:532} INFO - Filling up the DagBag from /home/vladimir/.local/lib/python3.10/site-packages/airflow/example_dags/example_branch_datetime_operator.py
[2023-04-23T03:15:14.609+0300] {processor.py:753} INFO - DAG(s) dict_keys(['example_branch_datetime_operator_3', 'example_branch_datetime_operator', 'example_branch_datetime_operator_2']) retrieved from /home/vladimir/.local/lib/python3.10/site-packages/airflow/example_dags/example_branch_datetime_operator.py
[2023-04-23T03:15:14.626+0300] {logging_mixin.py:137} INFO - [2023-04-23T03:15:14.626+0300] {dag.py:2705} INFO - Sync 3 DAGs
[2023-04-23T03:15:14.639+0300] {logging_mixin.py:137} INFO - [2023-04-23T03:15:14.639+0300] {dag.py:3452} INFO - Setting next_dagrun for example_branch_datetime_operator to 2023-04-22T00:00:00+00:00, run_after=2023-04-23T00:00:00+00:00
[2023-04-23T03:15:14.642+0300] {logging_mixin.py:137} INFO - [2023-04-23T03:15:14.641+0300] {dag.py:3452} INFO - Setting next_dagrun for example_branch_datetime_operator_2 to 2023-04-22T00:00:00+00:00, run_after=2023-04-23T00:00:00+00:00
[2023-04-23T03:15:14.643+0300] {logging_mixin.py:137} INFO - [2023-04-23T03:15:14.643+0300] {dag.py:3452} INFO - Setting next_dagrun for example_branch_datetime_operator_3 to 2023-04-22T00:00:00+00:00, run_after=2023-04-23T00:00:00+00:00
[2023-04-23T03:15:14.654+0300] {processor.py:175} INFO - Processing /home/vladimir/.local/lib/python3.10/site-packages/airflow/example_dags/example_branch_datetime_operator.py took 0.062 seconds
[2023-04-23T03:15:55.680+0300] {processor.py:153} INFO - Started process (PID=7261) to work on /home/vladimir/.local/lib/python3.10/site-packages/airflow/example_dags/example_branch_datetime_operator.py
[2023-04-23T03:15:55.681+0300] {processor.py:743} INFO - Processing file /home/vladimir/.local/lib/python3.10/site-packages/airflow/example_dags/example_branch_datetime_operator.py for tasks to queue
[2023-04-23T03:15:55.682+0300] {logging_mixin.py:137} INFO - [2023-04-23T03:15:55.682+0300] {dagbag.py:532} INFO - Filling up the DagBag from /home/vladimir/.local/lib/python3.10/site-packages/airflow/example_dags/example_branch_datetime_operator.py
[2023-04-23T03:15:55.696+0300] {processor.py:753} INFO - DAG(s) dict_keys(['example_branch_datetime_operator_3', 'example_branch_datetime_operator', 'example_branch_datetime_operator_2']) retrieved from /home/vladimir/.local/lib/python3.10/site-packages/airflow/example_dags/example_branch_datetime_operator.py
[2023-04-23T03:15:55.714+0300] {logging_mixin.py:137} INFO - [2023-04-23T03:15:55.714+0300] {dag.py:2705} INFO - Sync 3 DAGs
[2023-04-23T03:15:55.727+0300] {logging_mixin.py:137} INFO - [2023-04-23T03:15:55.727+0300] {dag.py:3452} INFO - Setting next_dagrun for example_branch_datetime_operator to 2023-04-22T00:00:00+00:00, run_after=2023-04-23T00:00:00+00:00
[2023-04-23T03:15:55.729+0300] {logging_mixin.py:137} INFO - [2023-04-23T03:15:55.729+0300] {dag.py:3452} INFO - Setting next_dagrun for example_branch_datetime_operator_2 to 2023-04-22T00:00:00+00:00, run_after=2023-04-23T00:00:00+00:00
[2023-04-23T03:15:55.731+0300] {logging_mixin.py:137} INFO - [2023-04-23T03:15:55.731+0300] {dag.py:3452} INFO - Setting next_dagrun for example_branch_datetime_operator_3 to 2023-04-22T00:00:00+00:00, run_after=2023-04-23T00:00:00+00:00
[2023-04-23T03:15:55.742+0300] {processor.py:175} INFO - Processing /home/vladimir/.local/lib/python3.10/site-packages/airflow/example_dags/example_branch_datetime_operator.py took 0.064 seconds
[2023-04-23T03:16:35.405+0300] {processor.py:153} INFO - Started process (PID=7333) to work on /home/vladimir/.local/lib/python3.10/site-packages/airflow/example_dags/example_branch_datetime_operator.py
[2023-04-23T03:16:35.406+0300] {processor.py:743} INFO - Processing file /home/vladimir/.local/lib/python3.10/site-packages/airflow/example_dags/example_branch_datetime_operator.py for tasks to queue
[2023-04-23T03:16:35.406+0300] {logging_mixin.py:137} INFO - [2023-04-23T03:16:35.406+0300] {dagbag.py:532} INFO - Filling up the DagBag from /home/vladimir/.local/lib/python3.10/site-packages/airflow/example_dags/example_branch_datetime_operator.py
[2023-04-23T03:16:35.418+0300] {processor.py:753} INFO - DAG(s) dict_keys(['example_branch_datetime_operator_3', 'example_branch_datetime_operator', 'example_branch_datetime_operator_2']) retrieved from /home/vladimir/.local/lib/python3.10/site-packages/airflow/example_dags/example_branch_datetime_operator.py
[2023-04-23T03:16:35.435+0300] {logging_mixin.py:137} INFO - [2023-04-23T03:16:35.435+0300] {dag.py:2705} INFO - Sync 3 DAGs
[2023-04-23T03:16:35.449+0300] {logging_mixin.py:137} INFO - [2023-04-23T03:16:35.448+0300] {dag.py:3452} INFO - Setting next_dagrun for example_branch_datetime_operator to 2023-04-22T00:00:00+00:00, run_after=2023-04-23T00:00:00+00:00
[2023-04-23T03:16:35.452+0300] {logging_mixin.py:137} INFO - [2023-04-23T03:16:35.452+0300] {dag.py:3452} INFO - Setting next_dagrun for example_branch_datetime_operator_2 to 2023-04-22T00:00:00+00:00, run_after=2023-04-23T00:00:00+00:00
[2023-04-23T03:16:35.453+0300] {logging_mixin.py:137} INFO - [2023-04-23T03:16:35.453+0300] {dag.py:3452} INFO - Setting next_dagrun for example_branch_datetime_operator_3 to 2023-04-22T00:00:00+00:00, run_after=2023-04-23T00:00:00+00:00
[2023-04-23T03:16:35.464+0300] {processor.py:175} INFO - Processing /home/vladimir/.local/lib/python3.10/site-packages/airflow/example_dags/example_branch_datetime_operator.py took 0.061 seconds
[2023-04-23T03:17:17.265+0300] {processor.py:153} INFO - Started process (PID=7386) to work on /home/vladimir/.local/lib/python3.10/site-packages/airflow/example_dags/example_branch_datetime_operator.py
[2023-04-23T03:17:17.266+0300] {processor.py:743} INFO - Processing file /home/vladimir/.local/lib/python3.10/site-packages/airflow/example_dags/example_branch_datetime_operator.py for tasks to queue
[2023-04-23T03:17:17.267+0300] {logging_mixin.py:137} INFO - [2023-04-23T03:17:17.267+0300] {dagbag.py:532} INFO - Filling up the DagBag from /home/vladimir/.local/lib/python3.10/site-packages/airflow/example_dags/example_branch_datetime_operator.py
[2023-04-23T03:17:17.281+0300] {processor.py:753} INFO - DAG(s) dict_keys(['example_branch_datetime_operator_2', 'example_branch_datetime_operator_3', 'example_branch_datetime_operator']) retrieved from /home/vladimir/.local/lib/python3.10/site-packages/airflow/example_dags/example_branch_datetime_operator.py
[2023-04-23T03:17:17.298+0300] {logging_mixin.py:137} INFO - [2023-04-23T03:17:17.298+0300] {dag.py:2705} INFO - Sync 3 DAGs
[2023-04-23T03:17:17.314+0300] {logging_mixin.py:137} INFO - [2023-04-23T03:17:17.314+0300] {dag.py:3452} INFO - Setting next_dagrun for example_branch_datetime_operator to 2023-04-22T00:00:00+00:00, run_after=2023-04-23T00:00:00+00:00
[2023-04-23T03:17:17.317+0300] {logging_mixin.py:137} INFO - [2023-04-23T03:17:17.317+0300] {dag.py:3452} INFO - Setting next_dagrun for example_branch_datetime_operator_2 to 2023-04-22T00:00:00+00:00, run_after=2023-04-23T00:00:00+00:00
[2023-04-23T03:17:17.318+0300] {logging_mixin.py:137} INFO - [2023-04-23T03:17:17.318+0300] {dag.py:3452} INFO - Setting next_dagrun for example_branch_datetime_operator_3 to 2023-04-22T00:00:00+00:00, run_after=2023-04-23T00:00:00+00:00
[2023-04-23T03:17:17.330+0300] {processor.py:175} INFO - Processing /home/vladimir/.local/lib/python3.10/site-packages/airflow/example_dags/example_branch_datetime_operator.py took 0.067 seconds
[2023-04-23T03:17:55.157+0300] {processor.py:153} INFO - Started process (PID=7431) to work on /home/vladimir/.local/lib/python3.10/site-packages/airflow/example_dags/example_branch_datetime_operator.py
[2023-04-23T03:17:55.157+0300] {processor.py:743} INFO - Processing file /home/vladimir/.local/lib/python3.10/site-packages/airflow/example_dags/example_branch_datetime_operator.py for tasks to queue
[2023-04-23T03:17:55.158+0300] {logging_mixin.py:137} INFO - [2023-04-23T03:17:55.158+0300] {dagbag.py:532} INFO - Filling up the DagBag from /home/vladimir/.local/lib/python3.10/site-packages/airflow/example_dags/example_branch_datetime_operator.py
[2023-04-23T03:17:55.170+0300] {processor.py:753} INFO - DAG(s) dict_keys(['example_branch_datetime_operator', 'example_branch_datetime_operator_3', 'example_branch_datetime_operator_2']) retrieved from /home/vladimir/.local/lib/python3.10/site-packages/airflow/example_dags/example_branch_datetime_operator.py
[2023-04-23T03:17:55.186+0300] {logging_mixin.py:137} INFO - [2023-04-23T03:17:55.186+0300] {dag.py:2705} INFO - Sync 3 DAGs
[2023-04-23T03:17:55.200+0300] {logging_mixin.py:137} INFO - [2023-04-23T03:17:55.200+0300] {dag.py:3452} INFO - Setting next_dagrun for example_branch_datetime_operator to 2023-04-22T00:00:00+00:00, run_after=2023-04-23T00:00:00+00:00
[2023-04-23T03:17:55.202+0300] {logging_mixin.py:137} INFO - [2023-04-23T03:17:55.202+0300] {dag.py:3452} INFO - Setting next_dagrun for example_branch_datetime_operator_2 to 2023-04-22T00:00:00+00:00, run_after=2023-04-23T00:00:00+00:00
[2023-04-23T03:17:55.203+0300] {logging_mixin.py:137} INFO - [2023-04-23T03:17:55.203+0300] {dag.py:3452} INFO - Setting next_dagrun for example_branch_datetime_operator_3 to 2023-04-22T00:00:00+00:00, run_after=2023-04-23T00:00:00+00:00
[2023-04-23T03:17:55.214+0300] {processor.py:175} INFO - Processing /home/vladimir/.local/lib/python3.10/site-packages/airflow/example_dags/example_branch_datetime_operator.py took 0.059 seconds
[2023-04-23T03:18:34.515+0300] {processor.py:153} INFO - Started process (PID=7476) to work on /home/vladimir/.local/lib/python3.10/site-packages/airflow/example_dags/example_branch_datetime_operator.py
[2023-04-23T03:18:34.516+0300] {processor.py:743} INFO - Processing file /home/vladimir/.local/lib/python3.10/site-packages/airflow/example_dags/example_branch_datetime_operator.py for tasks to queue
[2023-04-23T03:18:34.516+0300] {logging_mixin.py:137} INFO - [2023-04-23T03:18:34.516+0300] {dagbag.py:532} INFO - Filling up the DagBag from /home/vladimir/.local/lib/python3.10/site-packages/airflow/example_dags/example_branch_datetime_operator.py
[2023-04-23T03:18:34.528+0300] {processor.py:753} INFO - DAG(s) dict_keys(['example_branch_datetime_operator_3', 'example_branch_datetime_operator', 'example_branch_datetime_operator_2']) retrieved from /home/vladimir/.local/lib/python3.10/site-packages/airflow/example_dags/example_branch_datetime_operator.py
[2023-04-23T03:18:34.545+0300] {logging_mixin.py:137} INFO - [2023-04-23T03:18:34.545+0300] {dag.py:2705} INFO - Sync 3 DAGs
[2023-04-23T03:18:34.558+0300] {logging_mixin.py:137} INFO - [2023-04-23T03:18:34.558+0300] {dag.py:3452} INFO - Setting next_dagrun for example_branch_datetime_operator to 2023-04-22T00:00:00+00:00, run_after=2023-04-23T00:00:00+00:00
[2023-04-23T03:18:34.561+0300] {logging_mixin.py:137} INFO - [2023-04-23T03:18:34.561+0300] {dag.py:3452} INFO - Setting next_dagrun for example_branch_datetime_operator_2 to 2023-04-22T00:00:00+00:00, run_after=2023-04-23T00:00:00+00:00
[2023-04-23T03:18:34.562+0300] {logging_mixin.py:137} INFO - [2023-04-23T03:18:34.562+0300] {dag.py:3452} INFO - Setting next_dagrun for example_branch_datetime_operator_3 to 2023-04-22T00:00:00+00:00, run_after=2023-04-23T00:00:00+00:00
[2023-04-23T03:18:34.573+0300] {processor.py:175} INFO - Processing /home/vladimir/.local/lib/python3.10/site-packages/airflow/example_dags/example_branch_datetime_operator.py took 0.061 seconds
[2023-04-23T03:19:13.402+0300] {processor.py:153} INFO - Started process (PID=7522) to work on /home/vladimir/.local/lib/python3.10/site-packages/airflow/example_dags/example_branch_datetime_operator.py
[2023-04-23T03:19:13.409+0300] {processor.py:743} INFO - Processing file /home/vladimir/.local/lib/python3.10/site-packages/airflow/example_dags/example_branch_datetime_operator.py for tasks to queue
[2023-04-23T03:19:13.417+0300] {logging_mixin.py:137} INFO - [2023-04-23T03:19:13.417+0300] {dagbag.py:532} INFO - Filling up the DagBag from /home/vladimir/.local/lib/python3.10/site-packages/airflow/example_dags/example_branch_datetime_operator.py
[2023-04-23T03:19:13.485+0300] {processor.py:753} INFO - DAG(s) dict_keys(['example_branch_datetime_operator', 'example_branch_datetime_operator_3', 'example_branch_datetime_operator_2']) retrieved from /home/vladimir/.local/lib/python3.10/site-packages/airflow/example_dags/example_branch_datetime_operator.py
[2023-04-23T03:19:13.588+0300] {logging_mixin.py:137} INFO - [2023-04-23T03:19:13.588+0300] {dag.py:2705} INFO - Sync 3 DAGs
[2023-04-23T03:19:13.642+0300] {logging_mixin.py:137} INFO - [2023-04-23T03:19:13.641+0300] {dag.py:3452} INFO - Setting next_dagrun for example_branch_datetime_operator to 2023-04-22T00:00:00+00:00, run_after=2023-04-23T00:00:00+00:00
[2023-04-23T03:19:13.647+0300] {logging_mixin.py:137} INFO - [2023-04-23T03:19:13.647+0300] {dag.py:3452} INFO - Setting next_dagrun for example_branch_datetime_operator_2 to 2023-04-22T00:00:00+00:00, run_after=2023-04-23T00:00:00+00:00
[2023-04-23T03:19:13.649+0300] {logging_mixin.py:137} INFO - [2023-04-23T03:19:13.649+0300] {dag.py:3452} INFO - Setting next_dagrun for example_branch_datetime_operator_3 to 2023-04-22T00:00:00+00:00, run_after=2023-04-23T00:00:00+00:00
[2023-04-23T03:19:13.681+0300] {processor.py:175} INFO - Processing /home/vladimir/.local/lib/python3.10/site-packages/airflow/example_dags/example_branch_datetime_operator.py took 0.306 seconds
[2023-04-23T03:20:03.452+0300] {processor.py:153} INFO - Started process (PID=7818) to work on /home/vladimir/.local/lib/python3.10/site-packages/airflow/example_dags/example_branch_datetime_operator.py
[2023-04-23T03:20:03.453+0300] {processor.py:743} INFO - Processing file /home/vladimir/.local/lib/python3.10/site-packages/airflow/example_dags/example_branch_datetime_operator.py for tasks to queue
[2023-04-23T03:20:03.453+0300] {logging_mixin.py:137} INFO - [2023-04-23T03:20:03.453+0300] {dagbag.py:532} INFO - Filling up the DagBag from /home/vladimir/.local/lib/python3.10/site-packages/airflow/example_dags/example_branch_datetime_operator.py
[2023-04-23T03:20:03.465+0300] {processor.py:753} INFO - DAG(s) dict_keys(['example_branch_datetime_operator_2', 'example_branch_datetime_operator', 'example_branch_datetime_operator_3']) retrieved from /home/vladimir/.local/lib/python3.10/site-packages/airflow/example_dags/example_branch_datetime_operator.py
[2023-04-23T03:20:03.484+0300] {logging_mixin.py:137} INFO - [2023-04-23T03:20:03.484+0300] {dag.py:2705} INFO - Sync 3 DAGs
[2023-04-23T03:20:03.500+0300] {logging_mixin.py:137} INFO - [2023-04-23T03:20:03.500+0300] {dag.py:3452} INFO - Setting next_dagrun for example_branch_datetime_operator to 2023-04-22T00:00:00+00:00, run_after=2023-04-23T00:00:00+00:00
[2023-04-23T03:20:03.502+0300] {logging_mixin.py:137} INFO - [2023-04-23T03:20:03.502+0300] {dag.py:3452} INFO - Setting next_dagrun for example_branch_datetime_operator_2 to 2023-04-22T00:00:00+00:00, run_after=2023-04-23T00:00:00+00:00
[2023-04-23T03:20:03.504+0300] {logging_mixin.py:137} INFO - [2023-04-23T03:20:03.504+0300] {dag.py:3452} INFO - Setting next_dagrun for example_branch_datetime_operator_3 to 2023-04-22T00:00:00+00:00, run_after=2023-04-23T00:00:00+00:00
[2023-04-23T03:20:03.515+0300] {processor.py:175} INFO - Processing /home/vladimir/.local/lib/python3.10/site-packages/airflow/example_dags/example_branch_datetime_operator.py took 0.066 seconds
[2023-04-23T03:20:45.648+0300] {processor.py:153} INFO - Started process (PID=7882) to work on /home/vladimir/.local/lib/python3.10/site-packages/airflow/example_dags/example_branch_datetime_operator.py
[2023-04-23T03:20:45.649+0300] {processor.py:743} INFO - Processing file /home/vladimir/.local/lib/python3.10/site-packages/airflow/example_dags/example_branch_datetime_operator.py for tasks to queue
[2023-04-23T03:20:45.649+0300] {logging_mixin.py:137} INFO - [2023-04-23T03:20:45.649+0300] {dagbag.py:532} INFO - Filling up the DagBag from /home/vladimir/.local/lib/python3.10/site-packages/airflow/example_dags/example_branch_datetime_operator.py
[2023-04-23T03:20:45.668+0300] {processor.py:753} INFO - DAG(s) dict_keys(['example_branch_datetime_operator', 'example_branch_datetime_operator_3', 'example_branch_datetime_operator_2']) retrieved from /home/vladimir/.local/lib/python3.10/site-packages/airflow/example_dags/example_branch_datetime_operator.py
[2023-04-23T03:20:45.689+0300] {logging_mixin.py:137} INFO - [2023-04-23T03:20:45.689+0300] {dag.py:2705} INFO - Sync 3 DAGs
[2023-04-23T03:20:45.707+0300] {logging_mixin.py:137} INFO - [2023-04-23T03:20:45.707+0300] {dag.py:3452} INFO - Setting next_dagrun for example_branch_datetime_operator to 2023-04-22T00:00:00+00:00, run_after=2023-04-23T00:00:00+00:00
[2023-04-23T03:20:45.711+0300] {logging_mixin.py:137} INFO - [2023-04-23T03:20:45.711+0300] {dag.py:3452} INFO - Setting next_dagrun for example_branch_datetime_operator_2 to 2023-04-22T00:00:00+00:00, run_after=2023-04-23T00:00:00+00:00
[2023-04-23T03:20:45.712+0300] {logging_mixin.py:137} INFO - [2023-04-23T03:20:45.712+0300] {dag.py:3452} INFO - Setting next_dagrun for example_branch_datetime_operator_3 to 2023-04-22T00:00:00+00:00, run_after=2023-04-23T00:00:00+00:00
[2023-04-23T03:20:45.727+0300] {processor.py:175} INFO - Processing /home/vladimir/.local/lib/python3.10/site-packages/airflow/example_dags/example_branch_datetime_operator.py took 0.082 seconds
[2023-04-23T03:21:29.445+0300] {processor.py:153} INFO - Started process (PID=7957) to work on /home/vladimir/.local/lib/python3.10/site-packages/airflow/example_dags/example_branch_datetime_operator.py
[2023-04-23T03:21:29.446+0300] {processor.py:743} INFO - Processing file /home/vladimir/.local/lib/python3.10/site-packages/airflow/example_dags/example_branch_datetime_operator.py for tasks to queue
[2023-04-23T03:21:29.447+0300] {logging_mixin.py:137} INFO - [2023-04-23T03:21:29.447+0300] {dagbag.py:532} INFO - Filling up the DagBag from /home/vladimir/.local/lib/python3.10/site-packages/airflow/example_dags/example_branch_datetime_operator.py
[2023-04-23T03:21:29.460+0300] {processor.py:753} INFO - DAG(s) dict_keys(['example_branch_datetime_operator_3', 'example_branch_datetime_operator', 'example_branch_datetime_operator_2']) retrieved from /home/vladimir/.local/lib/python3.10/site-packages/airflow/example_dags/example_branch_datetime_operator.py
[2023-04-23T03:21:29.477+0300] {logging_mixin.py:137} INFO - [2023-04-23T03:21:29.477+0300] {dag.py:2705} INFO - Sync 3 DAGs
[2023-04-23T03:21:29.491+0300] {logging_mixin.py:137} INFO - [2023-04-23T03:21:29.491+0300] {dag.py:3452} INFO - Setting next_dagrun for example_branch_datetime_operator to 2023-04-22T00:00:00+00:00, run_after=2023-04-23T00:00:00+00:00
[2023-04-23T03:21:29.493+0300] {logging_mixin.py:137} INFO - [2023-04-23T03:21:29.493+0300] {dag.py:3452} INFO - Setting next_dagrun for example_branch_datetime_operator_2 to 2023-04-22T00:00:00+00:00, run_after=2023-04-23T00:00:00+00:00
[2023-04-23T03:21:29.495+0300] {logging_mixin.py:137} INFO - [2023-04-23T03:21:29.495+0300] {dag.py:3452} INFO - Setting next_dagrun for example_branch_datetime_operator_3 to 2023-04-22T00:00:00+00:00, run_after=2023-04-23T00:00:00+00:00
[2023-04-23T03:21:29.506+0300] {processor.py:175} INFO - Processing /home/vladimir/.local/lib/python3.10/site-packages/airflow/example_dags/example_branch_datetime_operator.py took 0.063 seconds
