[2023-04-23T03:13:09.496+0300] {processor.py:153} INFO - Started process (PID=6994) to work on /home/vladimir/.local/lib/python3.10/site-packages/airflow/example_dags/example_branch_operator_decorator.py
[2023-04-23T03:13:09.497+0300] {processor.py:743} INFO - Processing file /home/vladimir/.local/lib/python3.10/site-packages/airflow/example_dags/example_branch_operator_decorator.py for tasks to queue
[2023-04-23T03:13:09.497+0300] {logging_mixin.py:137} INFO - [2023-04-23T03:13:09.497+0300] {dagbag.py:532} INFO - Filling up the DagBag from /home/vladimir/.local/lib/python3.10/site-packages/airflow/example_dags/example_branch_operator_decorator.py
[2023-04-23T03:13:09.518+0300] {processor.py:753} INFO - DAG(s) dict_keys(['example_branch_python_operator_decorator']) retrieved from /home/vladimir/.local/lib/python3.10/site-packages/airflow/example_dags/example_branch_operator_decorator.py
[2023-04-23T03:13:09.535+0300] {logging_mixin.py:137} INFO - [2023-04-23T03:13:09.535+0300] {dag.py:2705} INFO - Sync 1 DAGs
[2023-04-23T03:13:09.548+0300] {logging_mixin.py:137} INFO - [2023-04-23T03:13:09.548+0300] {dag.py:3452} INFO - Setting next_dagrun for example_branch_python_operator_decorator to 2023-04-22T00:00:00+00:00, run_after=2023-04-23T00:00:00+00:00
[2023-04-23T03:13:09.561+0300] {processor.py:175} INFO - Processing /home/vladimir/.local/lib/python3.10/site-packages/airflow/example_dags/example_branch_operator_decorator.py took 0.067 seconds
[2023-04-23T03:13:50.547+0300] {processor.py:153} INFO - Started process (PID=7056) to work on /home/vladimir/.local/lib/python3.10/site-packages/airflow/example_dags/example_branch_operator_decorator.py
[2023-04-23T03:13:50.548+0300] {processor.py:743} INFO - Processing file /home/vladimir/.local/lib/python3.10/site-packages/airflow/example_dags/example_branch_operator_decorator.py for tasks to queue
[2023-04-23T03:13:50.548+0300] {logging_mixin.py:137} INFO - [2023-04-23T03:13:50.548+0300] {dagbag.py:532} INFO - Filling up the DagBag from /home/vladimir/.local/lib/python3.10/site-packages/airflow/example_dags/example_branch_operator_decorator.py
[2023-04-23T03:13:50.567+0300] {processor.py:753} INFO - DAG(s) dict_keys(['example_branch_python_operator_decorator']) retrieved from /home/vladimir/.local/lib/python3.10/site-packages/airflow/example_dags/example_branch_operator_decorator.py
[2023-04-23T03:13:50.588+0300] {logging_mixin.py:137} INFO - [2023-04-23T03:13:50.588+0300] {dag.py:2705} INFO - Sync 1 DAGs
[2023-04-23T03:13:50.605+0300] {logging_mixin.py:137} INFO - [2023-04-23T03:13:50.605+0300] {dag.py:3452} INFO - Setting next_dagrun for example_branch_python_operator_decorator to 2023-04-22T00:00:00+00:00, run_after=2023-04-23T00:00:00+00:00
[2023-04-23T03:13:50.617+0300] {processor.py:175} INFO - Processing /home/vladimir/.local/lib/python3.10/site-packages/airflow/example_dags/example_branch_operator_decorator.py took 0.073 seconds
[2023-04-23T03:14:32.962+0300] {processor.py:153} INFO - Started process (PID=7107) to work on /home/vladimir/.local/lib/python3.10/site-packages/airflow/example_dags/example_branch_operator_decorator.py
[2023-04-23T03:14:32.964+0300] {processor.py:743} INFO - Processing file /home/vladimir/.local/lib/python3.10/site-packages/airflow/example_dags/example_branch_operator_decorator.py for tasks to queue
[2023-04-23T03:14:32.964+0300] {logging_mixin.py:137} INFO - [2023-04-23T03:14:32.964+0300] {dagbag.py:532} INFO - Filling up the DagBag from /home/vladimir/.local/lib/python3.10/site-packages/airflow/example_dags/example_branch_operator_decorator.py
[2023-04-23T03:14:32.985+0300] {processor.py:753} INFO - DAG(s) dict_keys(['example_branch_python_operator_decorator']) retrieved from /home/vladimir/.local/lib/python3.10/site-packages/airflow/example_dags/example_branch_operator_decorator.py
[2023-04-23T03:14:33.001+0300] {logging_mixin.py:137} INFO - [2023-04-23T03:14:33.001+0300] {dag.py:2705} INFO - Sync 1 DAGs
[2023-04-23T03:14:33.017+0300] {logging_mixin.py:137} INFO - [2023-04-23T03:14:33.017+0300] {dag.py:3452} INFO - Setting next_dagrun for example_branch_python_operator_decorator to 2023-04-22T00:00:00+00:00, run_after=2023-04-23T00:00:00+00:00
[2023-04-23T03:14:33.030+0300] {processor.py:175} INFO - Processing /home/vladimir/.local/lib/python3.10/site-packages/airflow/example_dags/example_branch_operator_decorator.py took 0.070 seconds
[2023-04-23T03:15:11.728+0300] {processor.py:153} INFO - Started process (PID=7203) to work on /home/vladimir/.local/lib/python3.10/site-packages/airflow/example_dags/example_branch_operator_decorator.py
[2023-04-23T03:15:11.729+0300] {processor.py:743} INFO - Processing file /home/vladimir/.local/lib/python3.10/site-packages/airflow/example_dags/example_branch_operator_decorator.py for tasks to queue
[2023-04-23T03:15:11.731+0300] {logging_mixin.py:137} INFO - [2023-04-23T03:15:11.731+0300] {dagbag.py:532} INFO - Filling up the DagBag from /home/vladimir/.local/lib/python3.10/site-packages/airflow/example_dags/example_branch_operator_decorator.py
[2023-04-23T03:15:11.748+0300] {processor.py:753} INFO - DAG(s) dict_keys(['example_branch_python_operator_decorator']) retrieved from /home/vladimir/.local/lib/python3.10/site-packages/airflow/example_dags/example_branch_operator_decorator.py
[2023-04-23T03:15:11.763+0300] {logging_mixin.py:137} INFO - [2023-04-23T03:15:11.763+0300] {dag.py:2705} INFO - Sync 1 DAGs
[2023-04-23T03:15:11.777+0300] {logging_mixin.py:137} INFO - [2023-04-23T03:15:11.777+0300] {dag.py:3452} INFO - Setting next_dagrun for example_branch_python_operator_decorator to 2023-04-22T00:00:00+00:00, run_after=2023-04-23T00:00:00+00:00
[2023-04-23T03:15:11.788+0300] {processor.py:175} INFO - Processing /home/vladimir/.local/lib/python3.10/site-packages/airflow/example_dags/example_branch_operator_decorator.py took 0.063 seconds
[2023-04-23T03:15:52.815+0300] {processor.py:153} INFO - Started process (PID=7258) to work on /home/vladimir/.local/lib/python3.10/site-packages/airflow/example_dags/example_branch_operator_decorator.py
[2023-04-23T03:15:52.816+0300] {processor.py:743} INFO - Processing file /home/vladimir/.local/lib/python3.10/site-packages/airflow/example_dags/example_branch_operator_decorator.py for tasks to queue
[2023-04-23T03:15:52.816+0300] {logging_mixin.py:137} INFO - [2023-04-23T03:15:52.816+0300] {dagbag.py:532} INFO - Filling up the DagBag from /home/vladimir/.local/lib/python3.10/site-packages/airflow/example_dags/example_branch_operator_decorator.py
[2023-04-23T03:15:52.834+0300] {processor.py:753} INFO - DAG(s) dict_keys(['example_branch_python_operator_decorator']) retrieved from /home/vladimir/.local/lib/python3.10/site-packages/airflow/example_dags/example_branch_operator_decorator.py
[2023-04-23T03:15:52.849+0300] {logging_mixin.py:137} INFO - [2023-04-23T03:15:52.849+0300] {dag.py:2705} INFO - Sync 1 DAGs
[2023-04-23T03:15:52.863+0300] {logging_mixin.py:137} INFO - [2023-04-23T03:15:52.862+0300] {dag.py:3452} INFO - Setting next_dagrun for example_branch_python_operator_decorator to 2023-04-22T00:00:00+00:00, run_after=2023-04-23T00:00:00+00:00
[2023-04-23T03:15:52.876+0300] {processor.py:175} INFO - Processing /home/vladimir/.local/lib/python3.10/site-packages/airflow/example_dags/example_branch_operator_decorator.py took 0.063 seconds
[2023-04-23T03:16:32.769+0300] {processor.py:153} INFO - Started process (PID=7326) to work on /home/vladimir/.local/lib/python3.10/site-packages/airflow/example_dags/example_branch_operator_decorator.py
[2023-04-23T03:16:32.770+0300] {processor.py:743} INFO - Processing file /home/vladimir/.local/lib/python3.10/site-packages/airflow/example_dags/example_branch_operator_decorator.py for tasks to queue
[2023-04-23T03:16:32.770+0300] {logging_mixin.py:137} INFO - [2023-04-23T03:16:32.770+0300] {dagbag.py:532} INFO - Filling up the DagBag from /home/vladimir/.local/lib/python3.10/site-packages/airflow/example_dags/example_branch_operator_decorator.py
[2023-04-23T03:16:32.787+0300] {processor.py:753} INFO - DAG(s) dict_keys(['example_branch_python_operator_decorator']) retrieved from /home/vladimir/.local/lib/python3.10/site-packages/airflow/example_dags/example_branch_operator_decorator.py
[2023-04-23T03:16:32.801+0300] {logging_mixin.py:137} INFO - [2023-04-23T03:16:32.801+0300] {dag.py:2705} INFO - Sync 1 DAGs
[2023-04-23T03:16:32.818+0300] {logging_mixin.py:137} INFO - [2023-04-23T03:16:32.818+0300] {dag.py:3452} INFO - Setting next_dagrun for example_branch_python_operator_decorator to 2023-04-22T00:00:00+00:00, run_after=2023-04-23T00:00:00+00:00
[2023-04-23T03:16:32.830+0300] {processor.py:175} INFO - Processing /home/vladimir/.local/lib/python3.10/site-packages/airflow/example_dags/example_branch_operator_decorator.py took 0.063 seconds
[2023-04-23T03:17:13.871+0300] {processor.py:153} INFO - Started process (PID=7383) to work on /home/vladimir/.local/lib/python3.10/site-packages/airflow/example_dags/example_branch_operator_decorator.py
[2023-04-23T03:17:13.872+0300] {processor.py:743} INFO - Processing file /home/vladimir/.local/lib/python3.10/site-packages/airflow/example_dags/example_branch_operator_decorator.py for tasks to queue
[2023-04-23T03:17:13.873+0300] {logging_mixin.py:137} INFO - [2023-04-23T03:17:13.873+0300] {dagbag.py:532} INFO - Filling up the DagBag from /home/vladimir/.local/lib/python3.10/site-packages/airflow/example_dags/example_branch_operator_decorator.py
[2023-04-23T03:17:13.892+0300] {processor.py:753} INFO - DAG(s) dict_keys(['example_branch_python_operator_decorator']) retrieved from /home/vladimir/.local/lib/python3.10/site-packages/airflow/example_dags/example_branch_operator_decorator.py
[2023-04-23T03:17:13.907+0300] {logging_mixin.py:137} INFO - [2023-04-23T03:17:13.907+0300] {dag.py:2705} INFO - Sync 1 DAGs
[2023-04-23T03:17:13.924+0300] {logging_mixin.py:137} INFO - [2023-04-23T03:17:13.924+0300] {dag.py:3452} INFO - Setting next_dagrun for example_branch_python_operator_decorator to 2023-04-22T00:00:00+00:00, run_after=2023-04-23T00:00:00+00:00
[2023-04-23T03:17:13.941+0300] {processor.py:175} INFO - Processing /home/vladimir/.local/lib/python3.10/site-packages/airflow/example_dags/example_branch_operator_decorator.py took 0.073 seconds
[2023-04-23T03:17:52.728+0300] {processor.py:153} INFO - Started process (PID=7428) to work on /home/vladimir/.local/lib/python3.10/site-packages/airflow/example_dags/example_branch_operator_decorator.py
[2023-04-23T03:17:52.728+0300] {processor.py:743} INFO - Processing file /home/vladimir/.local/lib/python3.10/site-packages/airflow/example_dags/example_branch_operator_decorator.py for tasks to queue
[2023-04-23T03:17:52.729+0300] {logging_mixin.py:137} INFO - [2023-04-23T03:17:52.729+0300] {dagbag.py:532} INFO - Filling up the DagBag from /home/vladimir/.local/lib/python3.10/site-packages/airflow/example_dags/example_branch_operator_decorator.py
[2023-04-23T03:17:52.746+0300] {processor.py:753} INFO - DAG(s) dict_keys(['example_branch_python_operator_decorator']) retrieved from /home/vladimir/.local/lib/python3.10/site-packages/airflow/example_dags/example_branch_operator_decorator.py
[2023-04-23T03:17:52.760+0300] {logging_mixin.py:137} INFO - [2023-04-23T03:17:52.760+0300] {dag.py:2705} INFO - Sync 1 DAGs
[2023-04-23T03:17:52.773+0300] {logging_mixin.py:137} INFO - [2023-04-23T03:17:52.773+0300] {dag.py:3452} INFO - Setting next_dagrun for example_branch_python_operator_decorator to 2023-04-22T00:00:00+00:00, run_after=2023-04-23T00:00:00+00:00
[2023-04-23T03:17:52.785+0300] {processor.py:175} INFO - Processing /home/vladimir/.local/lib/python3.10/site-packages/airflow/example_dags/example_branch_operator_decorator.py took 0.060 seconds
[2023-04-23T03:18:31.116+0300] {processor.py:153} INFO - Started process (PID=7473) to work on /home/vladimir/.local/lib/python3.10/site-packages/airflow/example_dags/example_branch_operator_decorator.py
[2023-04-23T03:18:31.116+0300] {processor.py:743} INFO - Processing file /home/vladimir/.local/lib/python3.10/site-packages/airflow/example_dags/example_branch_operator_decorator.py for tasks to queue
[2023-04-23T03:18:31.117+0300] {logging_mixin.py:137} INFO - [2023-04-23T03:18:31.117+0300] {dagbag.py:532} INFO - Filling up the DagBag from /home/vladimir/.local/lib/python3.10/site-packages/airflow/example_dags/example_branch_operator_decorator.py
[2023-04-23T03:18:31.134+0300] {processor.py:753} INFO - DAG(s) dict_keys(['example_branch_python_operator_decorator']) retrieved from /home/vladimir/.local/lib/python3.10/site-packages/airflow/example_dags/example_branch_operator_decorator.py
[2023-04-23T03:18:31.147+0300] {logging_mixin.py:137} INFO - [2023-04-23T03:18:31.147+0300] {dag.py:2705} INFO - Sync 1 DAGs
[2023-04-23T03:18:31.160+0300] {logging_mixin.py:137} INFO - [2023-04-23T03:18:31.160+0300] {dag.py:3452} INFO - Setting next_dagrun for example_branch_python_operator_decorator to 2023-04-22T00:00:00+00:00, run_after=2023-04-23T00:00:00+00:00
[2023-04-23T03:18:31.172+0300] {processor.py:175} INFO - Processing /home/vladimir/.local/lib/python3.10/site-packages/airflow/example_dags/example_branch_operator_decorator.py took 0.058 seconds
[2023-04-23T03:19:09.911+0300] {processor.py:153} INFO - Started process (PID=7517) to work on /home/vladimir/.local/lib/python3.10/site-packages/airflow/example_dags/example_branch_operator_decorator.py
[2023-04-23T03:19:09.912+0300] {processor.py:743} INFO - Processing file /home/vladimir/.local/lib/python3.10/site-packages/airflow/example_dags/example_branch_operator_decorator.py for tasks to queue
[2023-04-23T03:19:09.912+0300] {logging_mixin.py:137} INFO - [2023-04-23T03:19:09.912+0300] {dagbag.py:532} INFO - Filling up the DagBag from /home/vladimir/.local/lib/python3.10/site-packages/airflow/example_dags/example_branch_operator_decorator.py
[2023-04-23T03:19:09.929+0300] {processor.py:753} INFO - DAG(s) dict_keys(['example_branch_python_operator_decorator']) retrieved from /home/vladimir/.local/lib/python3.10/site-packages/airflow/example_dags/example_branch_operator_decorator.py
[2023-04-23T03:19:09.943+0300] {logging_mixin.py:137} INFO - [2023-04-23T03:19:09.943+0300] {dag.py:2705} INFO - Sync 1 DAGs
[2023-04-23T03:19:09.955+0300] {logging_mixin.py:137} INFO - [2023-04-23T03:19:09.955+0300] {dag.py:3452} INFO - Setting next_dagrun for example_branch_python_operator_decorator to 2023-04-22T00:00:00+00:00, run_after=2023-04-23T00:00:00+00:00
[2023-04-23T03:19:09.967+0300] {processor.py:175} INFO - Processing /home/vladimir/.local/lib/python3.10/site-packages/airflow/example_dags/example_branch_operator_decorator.py took 0.058 seconds
[2023-04-23T03:19:59.533+0300] {processor.py:153} INFO - Started process (PID=7806) to work on /home/vladimir/.local/lib/python3.10/site-packages/airflow/example_dags/example_branch_operator_decorator.py
[2023-04-23T03:19:59.542+0300] {processor.py:743} INFO - Processing file /home/vladimir/.local/lib/python3.10/site-packages/airflow/example_dags/example_branch_operator_decorator.py for tasks to queue
[2023-04-23T03:19:59.544+0300] {logging_mixin.py:137} INFO - [2023-04-23T03:19:59.544+0300] {dagbag.py:532} INFO - Filling up the DagBag from /home/vladimir/.local/lib/python3.10/site-packages/airflow/example_dags/example_branch_operator_decorator.py
[2023-04-23T03:19:59.655+0300] {processor.py:753} INFO - DAG(s) dict_keys(['example_branch_python_operator_decorator']) retrieved from /home/vladimir/.local/lib/python3.10/site-packages/airflow/example_dags/example_branch_operator_decorator.py
[2023-04-23T03:19:59.740+0300] {logging_mixin.py:137} INFO - [2023-04-23T03:19:59.740+0300] {dag.py:2705} INFO - Sync 1 DAGs
[2023-04-23T03:19:59.824+0300] {logging_mixin.py:137} INFO - [2023-04-23T03:19:59.824+0300] {dag.py:3452} INFO - Setting next_dagrun for example_branch_python_operator_decorator to 2023-04-22T00:00:00+00:00, run_after=2023-04-23T00:00:00+00:00
[2023-04-23T03:19:59.875+0300] {processor.py:175} INFO - Processing /home/vladimir/.local/lib/python3.10/site-packages/airflow/example_dags/example_branch_operator_decorator.py took 0.373 seconds
[2023-04-23T03:20:43.132+0300] {processor.py:153} INFO - Started process (PID=7879) to work on /home/vladimir/.local/lib/python3.10/site-packages/airflow/example_dags/example_branch_operator_decorator.py
[2023-04-23T03:20:43.135+0300] {processor.py:743} INFO - Processing file /home/vladimir/.local/lib/python3.10/site-packages/airflow/example_dags/example_branch_operator_decorator.py for tasks to queue
[2023-04-23T03:20:43.135+0300] {logging_mixin.py:137} INFO - [2023-04-23T03:20:43.135+0300] {dagbag.py:532} INFO - Filling up the DagBag from /home/vladimir/.local/lib/python3.10/site-packages/airflow/example_dags/example_branch_operator_decorator.py
[2023-04-23T03:20:43.162+0300] {processor.py:753} INFO - DAG(s) dict_keys(['example_branch_python_operator_decorator']) retrieved from /home/vladimir/.local/lib/python3.10/site-packages/airflow/example_dags/example_branch_operator_decorator.py
[2023-04-23T03:20:43.186+0300] {logging_mixin.py:137} INFO - [2023-04-23T03:20:43.186+0300] {dag.py:2705} INFO - Sync 1 DAGs
[2023-04-23T03:20:43.210+0300] {logging_mixin.py:137} INFO - [2023-04-23T03:20:43.209+0300] {dag.py:3452} INFO - Setting next_dagrun for example_branch_python_operator_decorator to 2023-04-22T00:00:00+00:00, run_after=2023-04-23T00:00:00+00:00
[2023-04-23T03:20:43.228+0300] {processor.py:175} INFO - Processing /home/vladimir/.local/lib/python3.10/site-packages/airflow/example_dags/example_branch_operator_decorator.py took 0.099 seconds
[2023-04-23T03:21:26.040+0300] {processor.py:153} INFO - Started process (PID=7953) to work on /home/vladimir/.local/lib/python3.10/site-packages/airflow/example_dags/example_branch_operator_decorator.py
[2023-04-23T03:21:26.041+0300] {processor.py:743} INFO - Processing file /home/vladimir/.local/lib/python3.10/site-packages/airflow/example_dags/example_branch_operator_decorator.py for tasks to queue
[2023-04-23T03:21:26.041+0300] {logging_mixin.py:137} INFO - [2023-04-23T03:21:26.041+0300] {dagbag.py:532} INFO - Filling up the DagBag from /home/vladimir/.local/lib/python3.10/site-packages/airflow/example_dags/example_branch_operator_decorator.py
[2023-04-23T03:21:26.058+0300] {processor.py:753} INFO - DAG(s) dict_keys(['example_branch_python_operator_decorator']) retrieved from /home/vladimir/.local/lib/python3.10/site-packages/airflow/example_dags/example_branch_operator_decorator.py
[2023-04-23T03:21:26.072+0300] {logging_mixin.py:137} INFO - [2023-04-23T03:21:26.072+0300] {dag.py:2705} INFO - Sync 1 DAGs
[2023-04-23T03:21:26.089+0300] {logging_mixin.py:137} INFO - [2023-04-23T03:21:26.089+0300] {dag.py:3452} INFO - Setting next_dagrun for example_branch_python_operator_decorator to 2023-04-22T00:00:00+00:00, run_after=2023-04-23T00:00:00+00:00
[2023-04-23T03:21:26.119+0300] {processor.py:175} INFO - Processing /home/vladimir/.local/lib/python3.10/site-packages/airflow/example_dags/example_branch_operator_decorator.py took 0.081 seconds
