[2023-04-23T03:12:44.639+0300] {processor.py:153} INFO - Started process (PID=6949) to work on /home/vladimir/.local/lib/python3.10/site-packages/airflow/example_dags/example_short_circuit_decorator.py
[2023-04-23T03:12:44.639+0300] {processor.py:743} INFO - Processing file /home/vladimir/.local/lib/python3.10/site-packages/airflow/example_dags/example_short_circuit_decorator.py for tasks to queue
[2023-04-23T03:12:44.640+0300] {logging_mixin.py:137} INFO - [2023-04-23T03:12:44.640+0300] {dagbag.py:532} INFO - Filling up the DagBag from /home/vladimir/.local/lib/python3.10/site-packages/airflow/example_dags/example_short_circuit_decorator.py
[2023-04-23T03:12:44.656+0300] {processor.py:753} INFO - DAG(s) dict_keys(['example_short_circuit_decorator']) retrieved from /home/vladimir/.local/lib/python3.10/site-packages/airflow/example_dags/example_short_circuit_decorator.py
[2023-04-23T03:12:44.671+0300] {logging_mixin.py:137} INFO - [2023-04-23T03:12:44.671+0300] {dag.py:2705} INFO - Sync 1 DAGs
[2023-04-23T03:12:44.685+0300] {logging_mixin.py:137} INFO - [2023-04-23T03:12:44.684+0300] {dag.py:3452} INFO - Setting next_dagrun for example_short_circuit_decorator to 2023-04-22T00:12:44.684792+00:00, run_after=2023-04-23T00:12:44.684792+00:00
[2023-04-23T03:12:44.698+0300] {processor.py:175} INFO - Processing /home/vladimir/.local/lib/python3.10/site-packages/airflow/example_dags/example_short_circuit_decorator.py took 0.061 seconds
[2023-04-23T03:13:23.679+0300] {processor.py:153} INFO - Started process (PID=7017) to work on /home/vladimir/.local/lib/python3.10/site-packages/airflow/example_dags/example_short_circuit_decorator.py
[2023-04-23T03:13:23.680+0300] {processor.py:743} INFO - Processing file /home/vladimir/.local/lib/python3.10/site-packages/airflow/example_dags/example_short_circuit_decorator.py for tasks to queue
[2023-04-23T03:13:23.681+0300] {logging_mixin.py:137} INFO - [2023-04-23T03:13:23.681+0300] {dagbag.py:532} INFO - Filling up the DagBag from /home/vladimir/.local/lib/python3.10/site-packages/airflow/example_dags/example_short_circuit_decorator.py
[2023-04-23T03:13:23.700+0300] {processor.py:753} INFO - DAG(s) dict_keys(['example_short_circuit_decorator']) retrieved from /home/vladimir/.local/lib/python3.10/site-packages/airflow/example_dags/example_short_circuit_decorator.py
[2023-04-23T03:13:23.716+0300] {logging_mixin.py:137} INFO - [2023-04-23T03:13:23.716+0300] {dag.py:2705} INFO - Sync 1 DAGs
[2023-04-23T03:13:23.728+0300] {logging_mixin.py:137} INFO - [2023-04-23T03:13:23.728+0300] {dag.py:3452} INFO - Setting next_dagrun for example_short_circuit_decorator to 2023-04-22T00:13:23.727966+00:00, run_after=2023-04-23T00:13:23.727966+00:00
[2023-04-23T03:13:23.741+0300] {processor.py:175} INFO - Processing /home/vladimir/.local/lib/python3.10/site-packages/airflow/example_dags/example_short_circuit_decorator.py took 0.065 seconds
[2023-04-23T03:14:04.972+0300] {processor.py:153} INFO - Started process (PID=7073) to work on /home/vladimir/.local/lib/python3.10/site-packages/airflow/example_dags/example_short_circuit_decorator.py
[2023-04-23T03:14:04.973+0300] {processor.py:743} INFO - Processing file /home/vladimir/.local/lib/python3.10/site-packages/airflow/example_dags/example_short_circuit_decorator.py for tasks to queue
[2023-04-23T03:14:04.974+0300] {logging_mixin.py:137} INFO - [2023-04-23T03:14:04.973+0300] {dagbag.py:532} INFO - Filling up the DagBag from /home/vladimir/.local/lib/python3.10/site-packages/airflow/example_dags/example_short_circuit_decorator.py
[2023-04-23T03:14:04.992+0300] {processor.py:753} INFO - DAG(s) dict_keys(['example_short_circuit_decorator']) retrieved from /home/vladimir/.local/lib/python3.10/site-packages/airflow/example_dags/example_short_circuit_decorator.py
[2023-04-23T03:14:05.008+0300] {logging_mixin.py:137} INFO - [2023-04-23T03:14:05.008+0300] {dag.py:2705} INFO - Sync 1 DAGs
[2023-04-23T03:14:05.021+0300] {logging_mixin.py:137} INFO - [2023-04-23T03:14:05.021+0300] {dag.py:3452} INFO - Setting next_dagrun for example_short_circuit_decorator to 2023-04-22T00:14:05.021365+00:00, run_after=2023-04-23T00:14:05.021365+00:00
[2023-04-23T03:14:05.033+0300] {processor.py:175} INFO - Processing /home/vladimir/.local/lib/python3.10/site-packages/airflow/example_dags/example_short_circuit_decorator.py took 0.063 seconds
[2023-04-23T03:14:46.047+0300] {processor.py:153} INFO - Started process (PID=7134) to work on /home/vladimir/.local/lib/python3.10/site-packages/airflow/example_dags/example_short_circuit_decorator.py
[2023-04-23T03:14:46.047+0300] {processor.py:743} INFO - Processing file /home/vladimir/.local/lib/python3.10/site-packages/airflow/example_dags/example_short_circuit_decorator.py for tasks to queue
[2023-04-23T03:14:46.048+0300] {logging_mixin.py:137} INFO - [2023-04-23T03:14:46.048+0300] {dagbag.py:532} INFO - Filling up the DagBag from /home/vladimir/.local/lib/python3.10/site-packages/airflow/example_dags/example_short_circuit_decorator.py
[2023-04-23T03:14:46.066+0300] {processor.py:753} INFO - DAG(s) dict_keys(['example_short_circuit_decorator']) retrieved from /home/vladimir/.local/lib/python3.10/site-packages/airflow/example_dags/example_short_circuit_decorator.py
[2023-04-23T03:14:46.083+0300] {logging_mixin.py:137} INFO - [2023-04-23T03:14:46.083+0300] {dag.py:2705} INFO - Sync 1 DAGs
[2023-04-23T03:14:46.095+0300] {logging_mixin.py:137} INFO - [2023-04-23T03:14:46.095+0300] {dag.py:3452} INFO - Setting next_dagrun for example_short_circuit_decorator to 2023-04-22T00:14:46.095068+00:00, run_after=2023-04-23T00:14:46.095068+00:00
[2023-04-23T03:14:46.108+0300] {processor.py:175} INFO - Processing /home/vladimir/.local/lib/python3.10/site-packages/airflow/example_dags/example_short_circuit_decorator.py took 0.064 seconds
[2023-04-23T03:15:25.993+0300] {processor.py:153} INFO - Started process (PID=7217) to work on /home/vladimir/.local/lib/python3.10/site-packages/airflow/example_dags/example_short_circuit_decorator.py
[2023-04-23T03:15:25.994+0300] {processor.py:743} INFO - Processing file /home/vladimir/.local/lib/python3.10/site-packages/airflow/example_dags/example_short_circuit_decorator.py for tasks to queue
[2023-04-23T03:15:25.994+0300] {logging_mixin.py:137} INFO - [2023-04-23T03:15:25.994+0300] {dagbag.py:532} INFO - Filling up the DagBag from /home/vladimir/.local/lib/python3.10/site-packages/airflow/example_dags/example_short_circuit_decorator.py
[2023-04-23T03:15:26.011+0300] {processor.py:753} INFO - DAG(s) dict_keys(['example_short_circuit_decorator']) retrieved from /home/vladimir/.local/lib/python3.10/site-packages/airflow/example_dags/example_short_circuit_decorator.py
[2023-04-23T03:15:26.026+0300] {logging_mixin.py:137} INFO - [2023-04-23T03:15:26.026+0300] {dag.py:2705} INFO - Sync 1 DAGs
[2023-04-23T03:15:26.038+0300] {logging_mixin.py:137} INFO - [2023-04-23T03:15:26.038+0300] {dag.py:3452} INFO - Setting next_dagrun for example_short_circuit_decorator to 2023-04-22T00:15:26.038480+00:00, run_after=2023-04-23T00:15:26.038480+00:00
[2023-04-23T03:15:26.050+0300] {processor.py:175} INFO - Processing /home/vladimir/.local/lib/python3.10/site-packages/airflow/example_dags/example_short_circuit_decorator.py took 0.060 seconds
[2023-04-23T03:16:06.815+0300] {processor.py:153} INFO - Started process (PID=7274) to work on /home/vladimir/.local/lib/python3.10/site-packages/airflow/example_dags/example_short_circuit_decorator.py
[2023-04-23T03:16:06.816+0300] {processor.py:743} INFO - Processing file /home/vladimir/.local/lib/python3.10/site-packages/airflow/example_dags/example_short_circuit_decorator.py for tasks to queue
[2023-04-23T03:16:06.816+0300] {logging_mixin.py:137} INFO - [2023-04-23T03:16:06.816+0300] {dagbag.py:532} INFO - Filling up the DagBag from /home/vladimir/.local/lib/python3.10/site-packages/airflow/example_dags/example_short_circuit_decorator.py
[2023-04-23T03:16:06.838+0300] {processor.py:753} INFO - DAG(s) dict_keys(['example_short_circuit_decorator']) retrieved from /home/vladimir/.local/lib/python3.10/site-packages/airflow/example_dags/example_short_circuit_decorator.py
[2023-04-23T03:16:06.853+0300] {logging_mixin.py:137} INFO - [2023-04-23T03:16:06.853+0300] {dag.py:2705} INFO - Sync 1 DAGs
[2023-04-23T03:16:06.866+0300] {logging_mixin.py:137} INFO - [2023-04-23T03:16:06.866+0300] {dag.py:3452} INFO - Setting next_dagrun for example_short_circuit_decorator to 2023-04-22T00:16:06.865899+00:00, run_after=2023-04-23T00:16:06.865899+00:00
[2023-04-23T03:16:06.878+0300] {processor.py:175} INFO - Processing /home/vladimir/.local/lib/python3.10/site-packages/airflow/example_dags/example_short_circuit_decorator.py took 0.065 seconds
[2023-04-23T03:16:45.309+0300] {processor.py:153} INFO - Started process (PID=7351) to work on /home/vladimir/.local/lib/python3.10/site-packages/airflow/example_dags/example_short_circuit_decorator.py
[2023-04-23T03:16:45.309+0300] {processor.py:743} INFO - Processing file /home/vladimir/.local/lib/python3.10/site-packages/airflow/example_dags/example_short_circuit_decorator.py for tasks to queue
[2023-04-23T03:16:45.310+0300] {logging_mixin.py:137} INFO - [2023-04-23T03:16:45.310+0300] {dagbag.py:532} INFO - Filling up the DagBag from /home/vladimir/.local/lib/python3.10/site-packages/airflow/example_dags/example_short_circuit_decorator.py
[2023-04-23T03:16:45.326+0300] {processor.py:753} INFO - DAG(s) dict_keys(['example_short_circuit_decorator']) retrieved from /home/vladimir/.local/lib/python3.10/site-packages/airflow/example_dags/example_short_circuit_decorator.py
[2023-04-23T03:16:45.340+0300] {logging_mixin.py:137} INFO - [2023-04-23T03:16:45.339+0300] {dag.py:2705} INFO - Sync 1 DAGs
[2023-04-23T03:16:45.352+0300] {logging_mixin.py:137} INFO - [2023-04-23T03:16:45.351+0300] {dag.py:3452} INFO - Setting next_dagrun for example_short_circuit_decorator to 2023-04-22T00:16:45.351779+00:00, run_after=2023-04-23T00:16:45.351779+00:00
[2023-04-23T03:16:45.364+0300] {processor.py:175} INFO - Processing /home/vladimir/.local/lib/python3.10/site-packages/airflow/example_dags/example_short_circuit_decorator.py took 0.057 seconds
[2023-04-23T03:17:27.548+0300] {processor.py:153} INFO - Started process (PID=7397) to work on /home/vladimir/.local/lib/python3.10/site-packages/airflow/example_dags/example_short_circuit_decorator.py
[2023-04-23T03:17:27.548+0300] {processor.py:743} INFO - Processing file /home/vladimir/.local/lib/python3.10/site-packages/airflow/example_dags/example_short_circuit_decorator.py for tasks to queue
[2023-04-23T03:17:27.549+0300] {logging_mixin.py:137} INFO - [2023-04-23T03:17:27.549+0300] {dagbag.py:532} INFO - Filling up the DagBag from /home/vladimir/.local/lib/python3.10/site-packages/airflow/example_dags/example_short_circuit_decorator.py
[2023-04-23T03:17:27.566+0300] {processor.py:753} INFO - DAG(s) dict_keys(['example_short_circuit_decorator']) retrieved from /home/vladimir/.local/lib/python3.10/site-packages/airflow/example_dags/example_short_circuit_decorator.py
[2023-04-23T03:17:27.580+0300] {logging_mixin.py:137} INFO - [2023-04-23T03:17:27.580+0300] {dag.py:2705} INFO - Sync 1 DAGs
[2023-04-23T03:17:27.591+0300] {logging_mixin.py:137} INFO - [2023-04-23T03:17:27.591+0300] {dag.py:3452} INFO - Setting next_dagrun for example_short_circuit_decorator to 2023-04-22T00:17:27.591165+00:00, run_after=2023-04-23T00:17:27.591165+00:00
[2023-04-23T03:17:27.602+0300] {processor.py:175} INFO - Processing /home/vladimir/.local/lib/python3.10/site-packages/airflow/example_dags/example_short_circuit_decorator.py took 0.057 seconds
[2023-04-23T03:18:05.429+0300] {processor.py:153} INFO - Started process (PID=7444) to work on /home/vladimir/.local/lib/python3.10/site-packages/airflow/example_dags/example_short_circuit_decorator.py
[2023-04-23T03:18:05.430+0300] {processor.py:743} INFO - Processing file /home/vladimir/.local/lib/python3.10/site-packages/airflow/example_dags/example_short_circuit_decorator.py for tasks to queue
[2023-04-23T03:18:05.430+0300] {logging_mixin.py:137} INFO - [2023-04-23T03:18:05.430+0300] {dagbag.py:532} INFO - Filling up the DagBag from /home/vladimir/.local/lib/python3.10/site-packages/airflow/example_dags/example_short_circuit_decorator.py
[2023-04-23T03:18:05.447+0300] {processor.py:753} INFO - DAG(s) dict_keys(['example_short_circuit_decorator']) retrieved from /home/vladimir/.local/lib/python3.10/site-packages/airflow/example_dags/example_short_circuit_decorator.py
[2023-04-23T03:18:05.461+0300] {logging_mixin.py:137} INFO - [2023-04-23T03:18:05.461+0300] {dag.py:2705} INFO - Sync 1 DAGs
[2023-04-23T03:18:05.473+0300] {logging_mixin.py:137} INFO - [2023-04-23T03:18:05.473+0300] {dag.py:3452} INFO - Setting next_dagrun for example_short_circuit_decorator to 2023-04-22T00:18:05.473113+00:00, run_after=2023-04-23T00:18:05.473113+00:00
[2023-04-23T03:18:05.485+0300] {processor.py:175} INFO - Processing /home/vladimir/.local/lib/python3.10/site-packages/airflow/example_dags/example_short_circuit_decorator.py took 0.058 seconds
[2023-04-23T03:18:43.665+0300] {processor.py:153} INFO - Started process (PID=7488) to work on /home/vladimir/.local/lib/python3.10/site-packages/airflow/example_dags/example_short_circuit_decorator.py
[2023-04-23T03:18:43.665+0300] {processor.py:743} INFO - Processing file /home/vladimir/.local/lib/python3.10/site-packages/airflow/example_dags/example_short_circuit_decorator.py for tasks to queue
[2023-04-23T03:18:43.666+0300] {logging_mixin.py:137} INFO - [2023-04-23T03:18:43.666+0300] {dagbag.py:532} INFO - Filling up the DagBag from /home/vladimir/.local/lib/python3.10/site-packages/airflow/example_dags/example_short_circuit_decorator.py
[2023-04-23T03:18:43.684+0300] {processor.py:753} INFO - DAG(s) dict_keys(['example_short_circuit_decorator']) retrieved from /home/vladimir/.local/lib/python3.10/site-packages/airflow/example_dags/example_short_circuit_decorator.py
[2023-04-23T03:18:43.698+0300] {logging_mixin.py:137} INFO - [2023-04-23T03:18:43.698+0300] {dag.py:2705} INFO - Sync 1 DAGs
[2023-04-23T03:18:43.710+0300] {logging_mixin.py:137} INFO - [2023-04-23T03:18:43.710+0300] {dag.py:3452} INFO - Setting next_dagrun for example_short_circuit_decorator to 2023-04-22T00:18:43.710686+00:00, run_after=2023-04-23T00:18:43.710686+00:00
[2023-04-23T03:18:43.721+0300] {processor.py:175} INFO - Processing /home/vladimir/.local/lib/python3.10/site-packages/airflow/example_dags/example_short_circuit_decorator.py took 0.059 seconds
[2023-04-23T03:19:24.667+0300] {processor.py:153} INFO - Started process (PID=7533) to work on /home/vladimir/.local/lib/python3.10/site-packages/airflow/example_dags/example_short_circuit_decorator.py
[2023-04-23T03:19:24.668+0300] {processor.py:743} INFO - Processing file /home/vladimir/.local/lib/python3.10/site-packages/airflow/example_dags/example_short_circuit_decorator.py for tasks to queue
[2023-04-23T03:19:24.668+0300] {logging_mixin.py:137} INFO - [2023-04-23T03:19:24.668+0300] {dagbag.py:532} INFO - Filling up the DagBag from /home/vladimir/.local/lib/python3.10/site-packages/airflow/example_dags/example_short_circuit_decorator.py
[2023-04-23T03:19:24.686+0300] {processor.py:753} INFO - DAG(s) dict_keys(['example_short_circuit_decorator']) retrieved from /home/vladimir/.local/lib/python3.10/site-packages/airflow/example_dags/example_short_circuit_decorator.py
[2023-04-23T03:19:24.700+0300] {logging_mixin.py:137} INFO - [2023-04-23T03:19:24.700+0300] {dag.py:2705} INFO - Sync 1 DAGs
[2023-04-23T03:19:24.712+0300] {logging_mixin.py:137} INFO - [2023-04-23T03:19:24.711+0300] {dag.py:3452} INFO - Setting next_dagrun for example_short_circuit_decorator to 2023-04-22T00:19:24.711737+00:00, run_after=2023-04-23T00:19:24.711737+00:00
[2023-04-23T03:19:24.723+0300] {processor.py:175} INFO - Processing /home/vladimir/.local/lib/python3.10/site-packages/airflow/example_dags/example_short_circuit_decorator.py took 0.057 seconds
[2023-04-23T03:20:14.870+0300] {processor.py:153} INFO - Started process (PID=7832) to work on /home/vladimir/.local/lib/python3.10/site-packages/airflow/example_dags/example_short_circuit_decorator.py
[2023-04-23T03:20:14.871+0300] {processor.py:743} INFO - Processing file /home/vladimir/.local/lib/python3.10/site-packages/airflow/example_dags/example_short_circuit_decorator.py for tasks to queue
[2023-04-23T03:20:14.871+0300] {logging_mixin.py:137} INFO - [2023-04-23T03:20:14.871+0300] {dagbag.py:532} INFO - Filling up the DagBag from /home/vladimir/.local/lib/python3.10/site-packages/airflow/example_dags/example_short_circuit_decorator.py
[2023-04-23T03:20:14.888+0300] {processor.py:753} INFO - DAG(s) dict_keys(['example_short_circuit_decorator']) retrieved from /home/vladimir/.local/lib/python3.10/site-packages/airflow/example_dags/example_short_circuit_decorator.py
[2023-04-23T03:20:14.902+0300] {logging_mixin.py:137} INFO - [2023-04-23T03:20:14.902+0300] {dag.py:2705} INFO - Sync 1 DAGs
[2023-04-23T03:20:14.915+0300] {logging_mixin.py:137} INFO - [2023-04-23T03:20:14.915+0300] {dag.py:3452} INFO - Setting next_dagrun for example_short_circuit_decorator to 2023-04-22T00:20:14.915197+00:00, run_after=2023-04-23T00:20:14.915197+00:00
[2023-04-23T03:20:14.929+0300] {processor.py:175} INFO - Processing /home/vladimir/.local/lib/python3.10/site-packages/airflow/example_dags/example_short_circuit_decorator.py took 0.061 seconds
[2023-04-23T03:20:59.018+0300] {processor.py:153} INFO - Started process (PID=7902) to work on /home/vladimir/.local/lib/python3.10/site-packages/airflow/example_dags/example_short_circuit_decorator.py
[2023-04-23T03:20:59.018+0300] {processor.py:743} INFO - Processing file /home/vladimir/.local/lib/python3.10/site-packages/airflow/example_dags/example_short_circuit_decorator.py for tasks to queue
[2023-04-23T03:20:59.019+0300] {logging_mixin.py:137} INFO - [2023-04-23T03:20:59.019+0300] {dagbag.py:532} INFO - Filling up the DagBag from /home/vladimir/.local/lib/python3.10/site-packages/airflow/example_dags/example_short_circuit_decorator.py
[2023-04-23T03:20:59.037+0300] {processor.py:753} INFO - DAG(s) dict_keys(['example_short_circuit_decorator']) retrieved from /home/vladimir/.local/lib/python3.10/site-packages/airflow/example_dags/example_short_circuit_decorator.py
[2023-04-23T03:20:59.051+0300] {logging_mixin.py:137} INFO - [2023-04-23T03:20:59.051+0300] {dag.py:2705} INFO - Sync 1 DAGs
[2023-04-23T03:20:59.063+0300] {logging_mixin.py:137} INFO - [2023-04-23T03:20:59.063+0300] {dag.py:3452} INFO - Setting next_dagrun for example_short_circuit_decorator to 2023-04-22T00:20:59.063497+00:00, run_after=2023-04-23T00:20:59.063497+00:00
[2023-04-23T03:20:59.078+0300] {processor.py:175} INFO - Processing /home/vladimir/.local/lib/python3.10/site-packages/airflow/example_dags/example_short_circuit_decorator.py took 0.063 seconds
