[2023-04-23T03:12:45.238+0300] {processor.py:153} INFO - Started process (PID=6951) to work on /home/vladimir/.local/lib/python3.10/site-packages/airflow/example_dags/example_trigger_target_dag.py
[2023-04-23T03:12:45.238+0300] {processor.py:743} INFO - Processing file /home/vladimir/.local/lib/python3.10/site-packages/airflow/example_dags/example_trigger_target_dag.py for tasks to queue
[2023-04-23T03:12:45.239+0300] {logging_mixin.py:137} INFO - [2023-04-23T03:12:45.239+0300] {dagbag.py:532} INFO - Filling up the DagBag from /home/vladimir/.local/lib/python3.10/site-packages/airflow/example_dags/example_trigger_target_dag.py
[2023-04-23T03:12:45.253+0300] {processor.py:753} INFO - DAG(s) dict_keys(['example_trigger_target_dag']) retrieved from /home/vladimir/.local/lib/python3.10/site-packages/airflow/example_dags/example_trigger_target_dag.py
[2023-04-23T03:12:45.267+0300] {logging_mixin.py:137} INFO - [2023-04-23T03:12:45.267+0300] {dag.py:2705} INFO - Sync 1 DAGs
[2023-04-23T03:12:45.279+0300] {logging_mixin.py:137} INFO - [2023-04-23T03:12:45.279+0300] {dag.py:3452} INFO - Setting next_dagrun for example_trigger_target_dag to None, run_after=None
[2023-04-23T03:12:45.292+0300] {processor.py:175} INFO - Processing /home/vladimir/.local/lib/python3.10/site-packages/airflow/example_dags/example_trigger_target_dag.py took 0.056 seconds
[2023-04-23T03:13:25.545+0300] {processor.py:153} INFO - Started process (PID=7019) to work on /home/vladimir/.local/lib/python3.10/site-packages/airflow/example_dags/example_trigger_target_dag.py
[2023-04-23T03:13:25.546+0300] {processor.py:743} INFO - Processing file /home/vladimir/.local/lib/python3.10/site-packages/airflow/example_dags/example_trigger_target_dag.py for tasks to queue
[2023-04-23T03:13:25.546+0300] {logging_mixin.py:137} INFO - [2023-04-23T03:13:25.546+0300] {dagbag.py:532} INFO - Filling up the DagBag from /home/vladimir/.local/lib/python3.10/site-packages/airflow/example_dags/example_trigger_target_dag.py
[2023-04-23T03:13:25.562+0300] {processor.py:753} INFO - DAG(s) dict_keys(['example_trigger_target_dag']) retrieved from /home/vladimir/.local/lib/python3.10/site-packages/airflow/example_dags/example_trigger_target_dag.py
[2023-04-23T03:13:25.576+0300] {logging_mixin.py:137} INFO - [2023-04-23T03:13:25.576+0300] {dag.py:2705} INFO - Sync 1 DAGs
[2023-04-23T03:13:25.589+0300] {logging_mixin.py:137} INFO - [2023-04-23T03:13:25.589+0300] {dag.py:3452} INFO - Setting next_dagrun for example_trigger_target_dag to None, run_after=None
[2023-04-23T03:13:25.602+0300] {processor.py:175} INFO - Processing /home/vladimir/.local/lib/python3.10/site-packages/airflow/example_dags/example_trigger_target_dag.py took 0.059 seconds
[2023-04-23T03:14:05.960+0300] {processor.py:153} INFO - Started process (PID=7075) to work on /home/vladimir/.local/lib/python3.10/site-packages/airflow/example_dags/example_trigger_target_dag.py
[2023-04-23T03:14:05.963+0300] {processor.py:743} INFO - Processing file /home/vladimir/.local/lib/python3.10/site-packages/airflow/example_dags/example_trigger_target_dag.py for tasks to queue
[2023-04-23T03:14:05.963+0300] {logging_mixin.py:137} INFO - [2023-04-23T03:14:05.963+0300] {dagbag.py:532} INFO - Filling up the DagBag from /home/vladimir/.local/lib/python3.10/site-packages/airflow/example_dags/example_trigger_target_dag.py
[2023-04-23T03:14:05.979+0300] {processor.py:753} INFO - DAG(s) dict_keys(['example_trigger_target_dag']) retrieved from /home/vladimir/.local/lib/python3.10/site-packages/airflow/example_dags/example_trigger_target_dag.py
[2023-04-23T03:14:05.993+0300] {logging_mixin.py:137} INFO - [2023-04-23T03:14:05.992+0300] {dag.py:2705} INFO - Sync 1 DAGs
[2023-04-23T03:14:06.005+0300] {logging_mixin.py:137} INFO - [2023-04-23T03:14:06.004+0300] {dag.py:3452} INFO - Setting next_dagrun for example_trigger_target_dag to None, run_after=None
[2023-04-23T03:14:06.017+0300] {processor.py:175} INFO - Processing /home/vladimir/.local/lib/python3.10/site-packages/airflow/example_dags/example_trigger_target_dag.py took 0.059 seconds
[2023-04-23T03:14:47.635+0300] {processor.py:153} INFO - Started process (PID=7136) to work on /home/vladimir/.local/lib/python3.10/site-packages/airflow/example_dags/example_trigger_target_dag.py
[2023-04-23T03:14:47.636+0300] {processor.py:743} INFO - Processing file /home/vladimir/.local/lib/python3.10/site-packages/airflow/example_dags/example_trigger_target_dag.py for tasks to queue
[2023-04-23T03:14:47.637+0300] {logging_mixin.py:137} INFO - [2023-04-23T03:14:47.637+0300] {dagbag.py:532} INFO - Filling up the DagBag from /home/vladimir/.local/lib/python3.10/site-packages/airflow/example_dags/example_trigger_target_dag.py
[2023-04-23T03:14:47.652+0300] {processor.py:753} INFO - DAG(s) dict_keys(['example_trigger_target_dag']) retrieved from /home/vladimir/.local/lib/python3.10/site-packages/airflow/example_dags/example_trigger_target_dag.py
[2023-04-23T03:14:47.665+0300] {logging_mixin.py:137} INFO - [2023-04-23T03:14:47.665+0300] {dag.py:2705} INFO - Sync 1 DAGs
[2023-04-23T03:14:47.678+0300] {logging_mixin.py:137} INFO - [2023-04-23T03:14:47.678+0300] {dag.py:3452} INFO - Setting next_dagrun for example_trigger_target_dag to None, run_after=None
[2023-04-23T03:14:47.691+0300] {processor.py:175} INFO - Processing /home/vladimir/.local/lib/python3.10/site-packages/airflow/example_dags/example_trigger_target_dag.py took 0.058 seconds
[2023-04-23T03:15:28.140+0300] {processor.py:153} INFO - Started process (PID=7219) to work on /home/vladimir/.local/lib/python3.10/site-packages/airflow/example_dags/example_trigger_target_dag.py
[2023-04-23T03:15:28.141+0300] {processor.py:743} INFO - Processing file /home/vladimir/.local/lib/python3.10/site-packages/airflow/example_dags/example_trigger_target_dag.py for tasks to queue
[2023-04-23T03:15:28.142+0300] {logging_mixin.py:137} INFO - [2023-04-23T03:15:28.142+0300] {dagbag.py:532} INFO - Filling up the DagBag from /home/vladimir/.local/lib/python3.10/site-packages/airflow/example_dags/example_trigger_target_dag.py
[2023-04-23T03:15:28.158+0300] {processor.py:753} INFO - DAG(s) dict_keys(['example_trigger_target_dag']) retrieved from /home/vladimir/.local/lib/python3.10/site-packages/airflow/example_dags/example_trigger_target_dag.py
[2023-04-23T03:15:28.171+0300] {logging_mixin.py:137} INFO - [2023-04-23T03:15:28.171+0300] {dag.py:2705} INFO - Sync 1 DAGs
[2023-04-23T03:15:28.183+0300] {logging_mixin.py:137} INFO - [2023-04-23T03:15:28.183+0300] {dag.py:3452} INFO - Setting next_dagrun for example_trigger_target_dag to None, run_after=None
[2023-04-23T03:15:28.196+0300] {processor.py:175} INFO - Processing /home/vladimir/.local/lib/python3.10/site-packages/airflow/example_dags/example_trigger_target_dag.py took 0.058 seconds
[2023-04-23T03:16:08.676+0300] {processor.py:153} INFO - Started process (PID=7277) to work on /home/vladimir/.local/lib/python3.10/site-packages/airflow/example_dags/example_trigger_target_dag.py
[2023-04-23T03:16:08.677+0300] {processor.py:743} INFO - Processing file /home/vladimir/.local/lib/python3.10/site-packages/airflow/example_dags/example_trigger_target_dag.py for tasks to queue
[2023-04-23T03:16:08.677+0300] {logging_mixin.py:137} INFO - [2023-04-23T03:16:08.677+0300] {dagbag.py:532} INFO - Filling up the DagBag from /home/vladimir/.local/lib/python3.10/site-packages/airflow/example_dags/example_trigger_target_dag.py
[2023-04-23T03:16:08.693+0300] {processor.py:753} INFO - DAG(s) dict_keys(['example_trigger_target_dag']) retrieved from /home/vladimir/.local/lib/python3.10/site-packages/airflow/example_dags/example_trigger_target_dag.py
[2023-04-23T03:16:08.706+0300] {logging_mixin.py:137} INFO - [2023-04-23T03:16:08.706+0300] {dag.py:2705} INFO - Sync 1 DAGs
[2023-04-23T03:16:08.719+0300] {logging_mixin.py:137} INFO - [2023-04-23T03:16:08.719+0300] {dag.py:3452} INFO - Setting next_dagrun for example_trigger_target_dag to None, run_after=None
[2023-04-23T03:16:08.734+0300] {processor.py:175} INFO - Processing /home/vladimir/.local/lib/python3.10/site-packages/airflow/example_dags/example_trigger_target_dag.py took 0.060 seconds
[2023-04-23T03:16:47.046+0300] {processor.py:153} INFO - Started process (PID=7353) to work on /home/vladimir/.local/lib/python3.10/site-packages/airflow/example_dags/example_trigger_target_dag.py
[2023-04-23T03:16:47.046+0300] {processor.py:743} INFO - Processing file /home/vladimir/.local/lib/python3.10/site-packages/airflow/example_dags/example_trigger_target_dag.py for tasks to queue
[2023-04-23T03:16:47.047+0300] {logging_mixin.py:137} INFO - [2023-04-23T03:16:47.047+0300] {dagbag.py:532} INFO - Filling up the DagBag from /home/vladimir/.local/lib/python3.10/site-packages/airflow/example_dags/example_trigger_target_dag.py
[2023-04-23T03:16:47.062+0300] {processor.py:753} INFO - DAG(s) dict_keys(['example_trigger_target_dag']) retrieved from /home/vladimir/.local/lib/python3.10/site-packages/airflow/example_dags/example_trigger_target_dag.py
[2023-04-23T03:16:47.074+0300] {logging_mixin.py:137} INFO - [2023-04-23T03:16:47.074+0300] {dag.py:2705} INFO - Sync 1 DAGs
[2023-04-23T03:16:47.087+0300] {logging_mixin.py:137} INFO - [2023-04-23T03:16:47.087+0300] {dag.py:3452} INFO - Setting next_dagrun for example_trigger_target_dag to None, run_after=None
[2023-04-23T03:16:47.099+0300] {processor.py:175} INFO - Processing /home/vladimir/.local/lib/python3.10/site-packages/airflow/example_dags/example_trigger_target_dag.py took 0.056 seconds
[2023-04-23T03:17:28.615+0300] {processor.py:153} INFO - Started process (PID=7399) to work on /home/vladimir/.local/lib/python3.10/site-packages/airflow/example_dags/example_trigger_target_dag.py
[2023-04-23T03:17:28.616+0300] {processor.py:743} INFO - Processing file /home/vladimir/.local/lib/python3.10/site-packages/airflow/example_dags/example_trigger_target_dag.py for tasks to queue
[2023-04-23T03:17:28.616+0300] {logging_mixin.py:137} INFO - [2023-04-23T03:17:28.616+0300] {dagbag.py:532} INFO - Filling up the DagBag from /home/vladimir/.local/lib/python3.10/site-packages/airflow/example_dags/example_trigger_target_dag.py
[2023-04-23T03:17:28.631+0300] {processor.py:753} INFO - DAG(s) dict_keys(['example_trigger_target_dag']) retrieved from /home/vladimir/.local/lib/python3.10/site-packages/airflow/example_dags/example_trigger_target_dag.py
[2023-04-23T03:17:28.644+0300] {logging_mixin.py:137} INFO - [2023-04-23T03:17:28.644+0300] {dag.py:2705} INFO - Sync 1 DAGs
[2023-04-23T03:17:28.655+0300] {logging_mixin.py:137} INFO - [2023-04-23T03:17:28.655+0300] {dag.py:3452} INFO - Setting next_dagrun for example_trigger_target_dag to None, run_after=None
[2023-04-23T03:17:28.667+0300] {processor.py:175} INFO - Processing /home/vladimir/.local/lib/python3.10/site-packages/airflow/example_dags/example_trigger_target_dag.py took 0.055 seconds
[2023-04-23T03:18:07.695+0300] {processor.py:153} INFO - Started process (PID=7446) to work on /home/vladimir/.local/lib/python3.10/site-packages/airflow/example_dags/example_trigger_target_dag.py
[2023-04-23T03:18:07.696+0300] {processor.py:743} INFO - Processing file /home/vladimir/.local/lib/python3.10/site-packages/airflow/example_dags/example_trigger_target_dag.py for tasks to queue
[2023-04-23T03:18:07.697+0300] {logging_mixin.py:137} INFO - [2023-04-23T03:18:07.697+0300] {dagbag.py:532} INFO - Filling up the DagBag from /home/vladimir/.local/lib/python3.10/site-packages/airflow/example_dags/example_trigger_target_dag.py
[2023-04-23T03:18:07.712+0300] {processor.py:753} INFO - DAG(s) dict_keys(['example_trigger_target_dag']) retrieved from /home/vladimir/.local/lib/python3.10/site-packages/airflow/example_dags/example_trigger_target_dag.py
[2023-04-23T03:18:07.729+0300] {logging_mixin.py:137} INFO - [2023-04-23T03:18:07.728+0300] {dag.py:2705} INFO - Sync 1 DAGs
[2023-04-23T03:18:07.741+0300] {logging_mixin.py:137} INFO - [2023-04-23T03:18:07.741+0300] {dag.py:3452} INFO - Setting next_dagrun for example_trigger_target_dag to None, run_after=None
[2023-04-23T03:18:07.752+0300] {processor.py:175} INFO - Processing /home/vladimir/.local/lib/python3.10/site-packages/airflow/example_dags/example_trigger_target_dag.py took 0.059 seconds
[2023-04-23T03:18:45.395+0300] {processor.py:153} INFO - Started process (PID=7490) to work on /home/vladimir/.local/lib/python3.10/site-packages/airflow/example_dags/example_trigger_target_dag.py
[2023-04-23T03:18:45.396+0300] {processor.py:743} INFO - Processing file /home/vladimir/.local/lib/python3.10/site-packages/airflow/example_dags/example_trigger_target_dag.py for tasks to queue
[2023-04-23T03:18:45.396+0300] {logging_mixin.py:137} INFO - [2023-04-23T03:18:45.396+0300] {dagbag.py:532} INFO - Filling up the DagBag from /home/vladimir/.local/lib/python3.10/site-packages/airflow/example_dags/example_trigger_target_dag.py
[2023-04-23T03:18:45.412+0300] {processor.py:753} INFO - DAG(s) dict_keys(['example_trigger_target_dag']) retrieved from /home/vladimir/.local/lib/python3.10/site-packages/airflow/example_dags/example_trigger_target_dag.py
[2023-04-23T03:18:45.425+0300] {logging_mixin.py:137} INFO - [2023-04-23T03:18:45.425+0300] {dag.py:2705} INFO - Sync 1 DAGs
[2023-04-23T03:18:45.437+0300] {logging_mixin.py:137} INFO - [2023-04-23T03:18:45.437+0300] {dag.py:3452} INFO - Setting next_dagrun for example_trigger_target_dag to None, run_after=None
[2023-04-23T03:18:45.448+0300] {processor.py:175} INFO - Processing /home/vladimir/.local/lib/python3.10/site-packages/airflow/example_dags/example_trigger_target_dag.py took 0.055 seconds
[2023-04-23T03:19:26.558+0300] {processor.py:153} INFO - Started process (PID=7535) to work on /home/vladimir/.local/lib/python3.10/site-packages/airflow/example_dags/example_trigger_target_dag.py
[2023-04-23T03:19:26.559+0300] {processor.py:743} INFO - Processing file /home/vladimir/.local/lib/python3.10/site-packages/airflow/example_dags/example_trigger_target_dag.py for tasks to queue
[2023-04-23T03:19:26.559+0300] {logging_mixin.py:137} INFO - [2023-04-23T03:19:26.559+0300] {dagbag.py:532} INFO - Filling up the DagBag from /home/vladimir/.local/lib/python3.10/site-packages/airflow/example_dags/example_trigger_target_dag.py
[2023-04-23T03:19:26.574+0300] {processor.py:753} INFO - DAG(s) dict_keys(['example_trigger_target_dag']) retrieved from /home/vladimir/.local/lib/python3.10/site-packages/airflow/example_dags/example_trigger_target_dag.py
[2023-04-23T03:19:26.587+0300] {logging_mixin.py:137} INFO - [2023-04-23T03:19:26.587+0300] {dag.py:2705} INFO - Sync 1 DAGs
[2023-04-23T03:19:26.598+0300] {logging_mixin.py:137} INFO - [2023-04-23T03:19:26.598+0300] {dag.py:3452} INFO - Setting next_dagrun for example_trigger_target_dag to None, run_after=None
[2023-04-23T03:19:26.608+0300] {processor.py:175} INFO - Processing /home/vladimir/.local/lib/python3.10/site-packages/airflow/example_dags/example_trigger_target_dag.py took 0.052 seconds
[2023-04-23T03:20:17.138+0300] {processor.py:153} INFO - Started process (PID=7836) to work on /home/vladimir/.local/lib/python3.10/site-packages/airflow/example_dags/example_trigger_target_dag.py
[2023-04-23T03:20:17.139+0300] {processor.py:743} INFO - Processing file /home/vladimir/.local/lib/python3.10/site-packages/airflow/example_dags/example_trigger_target_dag.py for tasks to queue
[2023-04-23T03:20:17.139+0300] {logging_mixin.py:137} INFO - [2023-04-23T03:20:17.139+0300] {dagbag.py:532} INFO - Filling up the DagBag from /home/vladimir/.local/lib/python3.10/site-packages/airflow/example_dags/example_trigger_target_dag.py
[2023-04-23T03:20:17.155+0300] {processor.py:753} INFO - DAG(s) dict_keys(['example_trigger_target_dag']) retrieved from /home/vladimir/.local/lib/python3.10/site-packages/airflow/example_dags/example_trigger_target_dag.py
[2023-04-23T03:20:17.168+0300] {logging_mixin.py:137} INFO - [2023-04-23T03:20:17.168+0300] {dag.py:2705} INFO - Sync 1 DAGs
[2023-04-23T03:20:17.179+0300] {logging_mixin.py:137} INFO - [2023-04-23T03:20:17.179+0300] {dag.py:3452} INFO - Setting next_dagrun for example_trigger_target_dag to None, run_after=None
[2023-04-23T03:20:17.194+0300] {processor.py:175} INFO - Processing /home/vladimir/.local/lib/python3.10/site-packages/airflow/example_dags/example_trigger_target_dag.py took 0.058 seconds
[2023-04-23T03:21:00.335+0300] {processor.py:153} INFO - Started process (PID=7904) to work on /home/vladimir/.local/lib/python3.10/site-packages/airflow/example_dags/example_trigger_target_dag.py
[2023-04-23T03:21:00.337+0300] {processor.py:743} INFO - Processing file /home/vladimir/.local/lib/python3.10/site-packages/airflow/example_dags/example_trigger_target_dag.py for tasks to queue
[2023-04-23T03:21:00.338+0300] {logging_mixin.py:137} INFO - [2023-04-23T03:21:00.337+0300] {dagbag.py:532} INFO - Filling up the DagBag from /home/vladimir/.local/lib/python3.10/site-packages/airflow/example_dags/example_trigger_target_dag.py
[2023-04-23T03:21:00.353+0300] {processor.py:753} INFO - DAG(s) dict_keys(['example_trigger_target_dag']) retrieved from /home/vladimir/.local/lib/python3.10/site-packages/airflow/example_dags/example_trigger_target_dag.py
[2023-04-23T03:21:00.367+0300] {logging_mixin.py:137} INFO - [2023-04-23T03:21:00.367+0300] {dag.py:2705} INFO - Sync 1 DAGs
[2023-04-23T03:21:00.381+0300] {logging_mixin.py:137} INFO - [2023-04-23T03:21:00.381+0300] {dag.py:3452} INFO - Setting next_dagrun for example_trigger_target_dag to None, run_after=None
[2023-04-23T03:21:00.395+0300] {processor.py:175} INFO - Processing /home/vladimir/.local/lib/python3.10/site-packages/airflow/example_dags/example_trigger_target_dag.py took 0.063 seconds
