[2023-04-23T03:12:43.505+0300] {processor.py:153} INFO - Started process (PID=6948) to work on /home/vladimir/.local/lib/python3.10/site-packages/airflow/example_dags/example_subdag_operator.py
[2023-04-23T03:12:43.506+0300] {processor.py:743} INFO - Processing file /home/vladimir/.local/lib/python3.10/site-packages/airflow/example_dags/example_subdag_operator.py for tasks to queue
[2023-04-23T03:12:43.506+0300] {logging_mixin.py:137} INFO - [2023-04-23T03:12:43.506+0300] {dagbag.py:532} INFO - Filling up the DagBag from /home/vladimir/.local/lib/python3.10/site-packages/airflow/example_dags/example_subdag_operator.py
[2023-04-23T03:12:43.528+0300] {processor.py:753} INFO - DAG(s) dict_keys(['example_subdag_operator.section-1', 'example_subdag_operator.section-2', 'example_subdag_operator']) retrieved from /home/vladimir/.local/lib/python3.10/site-packages/airflow/example_dags/example_subdag_operator.py
[2023-04-23T03:12:43.541+0300] {logging_mixin.py:137} INFO - [2023-04-23T03:12:43.541+0300] {dag.py:2705} INFO - Sync 3 DAGs
[2023-04-23T03:12:43.553+0300] {logging_mixin.py:137} INFO - [2023-04-23T03:12:43.553+0300] {dag.py:3452} INFO - Setting next_dagrun for example_subdag_operator to 2022-01-01T00:00:00+00:00, run_after=2022-01-01T00:00:00+00:00
[2023-04-23T03:12:43.555+0300] {logging_mixin.py:137} INFO - [2023-04-23T03:12:43.555+0300] {dag.py:3452} INFO - Setting next_dagrun for example_subdag_operator.section-1 to None, run_after=None
[2023-04-23T03:12:43.555+0300] {logging_mixin.py:137} INFO - [2023-04-23T03:12:43.555+0300] {dag.py:3452} INFO - Setting next_dagrun for example_subdag_operator.section-2 to None, run_after=None
[2023-04-23T03:12:43.559+0300] {logging_mixin.py:137} INFO - [2023-04-23T03:12:43.559+0300] {dag.py:2705} INFO - Sync 2 DAGs
[2023-04-23T03:12:43.562+0300] {logging_mixin.py:137} INFO - [2023-04-23T03:12:43.562+0300] {dag.py:3452} INFO - Setting next_dagrun for example_subdag_operator.section-1 to None, run_after=None
[2023-04-23T03:12:43.562+0300] {logging_mixin.py:137} INFO - [2023-04-23T03:12:43.562+0300] {dag.py:3452} INFO - Setting next_dagrun for example_subdag_operator.section-2 to None, run_after=None
[2023-04-23T03:12:43.571+0300] {processor.py:175} INFO - Processing /home/vladimir/.local/lib/python3.10/site-packages/airflow/example_dags/example_subdag_operator.py took 0.068 seconds
[2023-04-23T03:13:22.548+0300] {processor.py:153} INFO - Started process (PID=7016) to work on /home/vladimir/.local/lib/python3.10/site-packages/airflow/example_dags/example_subdag_operator.py
[2023-04-23T03:13:22.549+0300] {processor.py:743} INFO - Processing file /home/vladimir/.local/lib/python3.10/site-packages/airflow/example_dags/example_subdag_operator.py for tasks to queue
[2023-04-23T03:13:22.549+0300] {logging_mixin.py:137} INFO - [2023-04-23T03:13:22.549+0300] {dagbag.py:532} INFO - Filling up the DagBag from /home/vladimir/.local/lib/python3.10/site-packages/airflow/example_dags/example_subdag_operator.py
[2023-04-23T03:13:22.567+0300] {processor.py:753} INFO - DAG(s) dict_keys(['example_subdag_operator.section-1', 'example_subdag_operator.section-2', 'example_subdag_operator']) retrieved from /home/vladimir/.local/lib/python3.10/site-packages/airflow/example_dags/example_subdag_operator.py
[2023-04-23T03:13:22.580+0300] {logging_mixin.py:137} INFO - [2023-04-23T03:13:22.580+0300] {dag.py:2705} INFO - Sync 3 DAGs
[2023-04-23T03:13:22.593+0300] {logging_mixin.py:137} INFO - [2023-04-23T03:13:22.593+0300] {dag.py:3452} INFO - Setting next_dagrun for example_subdag_operator to 2022-01-01T00:00:00+00:00, run_after=2022-01-01T00:00:00+00:00
[2023-04-23T03:13:22.595+0300] {logging_mixin.py:137} INFO - [2023-04-23T03:13:22.595+0300] {dag.py:3452} INFO - Setting next_dagrun for example_subdag_operator.section-1 to None, run_after=None
[2023-04-23T03:13:22.596+0300] {logging_mixin.py:137} INFO - [2023-04-23T03:13:22.596+0300] {dag.py:3452} INFO - Setting next_dagrun for example_subdag_operator.section-2 to None, run_after=None
[2023-04-23T03:13:22.599+0300] {logging_mixin.py:137} INFO - [2023-04-23T03:13:22.599+0300] {dag.py:2705} INFO - Sync 2 DAGs
[2023-04-23T03:13:22.602+0300] {logging_mixin.py:137} INFO - [2023-04-23T03:13:22.602+0300] {dag.py:3452} INFO - Setting next_dagrun for example_subdag_operator.section-1 to None, run_after=None
[2023-04-23T03:13:22.602+0300] {logging_mixin.py:137} INFO - [2023-04-23T03:13:22.602+0300] {dag.py:3452} INFO - Setting next_dagrun for example_subdag_operator.section-2 to None, run_after=None
[2023-04-23T03:13:22.610+0300] {processor.py:175} INFO - Processing /home/vladimir/.local/lib/python3.10/site-packages/airflow/example_dags/example_subdag_operator.py took 0.065 seconds
[2023-04-23T03:14:03.839+0300] {processor.py:153} INFO - Started process (PID=7072) to work on /home/vladimir/.local/lib/python3.10/site-packages/airflow/example_dags/example_subdag_operator.py
[2023-04-23T03:14:03.840+0300] {processor.py:743} INFO - Processing file /home/vladimir/.local/lib/python3.10/site-packages/airflow/example_dags/example_subdag_operator.py for tasks to queue
[2023-04-23T03:14:03.841+0300] {logging_mixin.py:137} INFO - [2023-04-23T03:14:03.841+0300] {dagbag.py:532} INFO - Filling up the DagBag from /home/vladimir/.local/lib/python3.10/site-packages/airflow/example_dags/example_subdag_operator.py
[2023-04-23T03:14:03.859+0300] {processor.py:753} INFO - DAG(s) dict_keys(['example_subdag_operator.section-1', 'example_subdag_operator.section-2', 'example_subdag_operator']) retrieved from /home/vladimir/.local/lib/python3.10/site-packages/airflow/example_dags/example_subdag_operator.py
[2023-04-23T03:14:03.872+0300] {logging_mixin.py:137} INFO - [2023-04-23T03:14:03.872+0300] {dag.py:2705} INFO - Sync 3 DAGs
[2023-04-23T03:14:03.883+0300] {logging_mixin.py:137} INFO - [2023-04-23T03:14:03.883+0300] {dag.py:3452} INFO - Setting next_dagrun for example_subdag_operator to 2022-01-01T00:00:00+00:00, run_after=2022-01-01T00:00:00+00:00
[2023-04-23T03:14:03.885+0300] {logging_mixin.py:137} INFO - [2023-04-23T03:14:03.885+0300] {dag.py:3452} INFO - Setting next_dagrun for example_subdag_operator.section-1 to None, run_after=None
[2023-04-23T03:14:03.885+0300] {logging_mixin.py:137} INFO - [2023-04-23T03:14:03.885+0300] {dag.py:3452} INFO - Setting next_dagrun for example_subdag_operator.section-2 to None, run_after=None
[2023-04-23T03:14:03.889+0300] {logging_mixin.py:137} INFO - [2023-04-23T03:14:03.889+0300] {dag.py:2705} INFO - Sync 2 DAGs
[2023-04-23T03:14:03.893+0300] {logging_mixin.py:137} INFO - [2023-04-23T03:14:03.892+0300] {dag.py:3452} INFO - Setting next_dagrun for example_subdag_operator.section-1 to None, run_after=None
[2023-04-23T03:14:03.893+0300] {logging_mixin.py:137} INFO - [2023-04-23T03:14:03.893+0300] {dag.py:3452} INFO - Setting next_dagrun for example_subdag_operator.section-2 to None, run_after=None
[2023-04-23T03:14:03.901+0300] {processor.py:175} INFO - Processing /home/vladimir/.local/lib/python3.10/site-packages/airflow/example_dags/example_subdag_operator.py took 0.064 seconds
[2023-04-23T03:14:44.911+0300] {processor.py:153} INFO - Started process (PID=7133) to work on /home/vladimir/.local/lib/python3.10/site-packages/airflow/example_dags/example_subdag_operator.py
[2023-04-23T03:14:44.912+0300] {processor.py:743} INFO - Processing file /home/vladimir/.local/lib/python3.10/site-packages/airflow/example_dags/example_subdag_operator.py for tasks to queue
[2023-04-23T03:14:44.912+0300] {logging_mixin.py:137} INFO - [2023-04-23T03:14:44.912+0300] {dagbag.py:532} INFO - Filling up the DagBag from /home/vladimir/.local/lib/python3.10/site-packages/airflow/example_dags/example_subdag_operator.py
[2023-04-23T03:14:44.934+0300] {processor.py:753} INFO - DAG(s) dict_keys(['example_subdag_operator.section-1', 'example_subdag_operator.section-2', 'example_subdag_operator']) retrieved from /home/vladimir/.local/lib/python3.10/site-packages/airflow/example_dags/example_subdag_operator.py
[2023-04-23T03:14:44.947+0300] {logging_mixin.py:137} INFO - [2023-04-23T03:14:44.947+0300] {dag.py:2705} INFO - Sync 3 DAGs
[2023-04-23T03:14:44.960+0300] {logging_mixin.py:137} INFO - [2023-04-23T03:14:44.960+0300] {dag.py:3452} INFO - Setting next_dagrun for example_subdag_operator to 2022-01-01T00:00:00+00:00, run_after=2022-01-01T00:00:00+00:00
[2023-04-23T03:14:44.962+0300] {logging_mixin.py:137} INFO - [2023-04-23T03:14:44.962+0300] {dag.py:3452} INFO - Setting next_dagrun for example_subdag_operator.section-1 to None, run_after=None
[2023-04-23T03:14:44.963+0300] {logging_mixin.py:137} INFO - [2023-04-23T03:14:44.963+0300] {dag.py:3452} INFO - Setting next_dagrun for example_subdag_operator.section-2 to None, run_after=None
[2023-04-23T03:14:44.967+0300] {logging_mixin.py:137} INFO - [2023-04-23T03:14:44.967+0300] {dag.py:2705} INFO - Sync 2 DAGs
[2023-04-23T03:14:44.970+0300] {logging_mixin.py:137} INFO - [2023-04-23T03:14:44.970+0300] {dag.py:3452} INFO - Setting next_dagrun for example_subdag_operator.section-1 to None, run_after=None
[2023-04-23T03:14:44.970+0300] {logging_mixin.py:137} INFO - [2023-04-23T03:14:44.970+0300] {dag.py:3452} INFO - Setting next_dagrun for example_subdag_operator.section-2 to None, run_after=None
[2023-04-23T03:14:44.978+0300] {processor.py:175} INFO - Processing /home/vladimir/.local/lib/python3.10/site-packages/airflow/example_dags/example_subdag_operator.py took 0.069 seconds
[2023-04-23T03:15:24.854+0300] {processor.py:153} INFO - Started process (PID=7216) to work on /home/vladimir/.local/lib/python3.10/site-packages/airflow/example_dags/example_subdag_operator.py
[2023-04-23T03:15:24.855+0300] {processor.py:743} INFO - Processing file /home/vladimir/.local/lib/python3.10/site-packages/airflow/example_dags/example_subdag_operator.py for tasks to queue
[2023-04-23T03:15:24.856+0300] {logging_mixin.py:137} INFO - [2023-04-23T03:15:24.856+0300] {dagbag.py:532} INFO - Filling up the DagBag from /home/vladimir/.local/lib/python3.10/site-packages/airflow/example_dags/example_subdag_operator.py
[2023-04-23T03:15:24.875+0300] {processor.py:753} INFO - DAG(s) dict_keys(['example_subdag_operator.section-1', 'example_subdag_operator.section-2', 'example_subdag_operator']) retrieved from /home/vladimir/.local/lib/python3.10/site-packages/airflow/example_dags/example_subdag_operator.py
[2023-04-23T03:15:24.888+0300] {logging_mixin.py:137} INFO - [2023-04-23T03:15:24.888+0300] {dag.py:2705} INFO - Sync 3 DAGs
[2023-04-23T03:15:24.901+0300] {logging_mixin.py:137} INFO - [2023-04-23T03:15:24.901+0300] {dag.py:3452} INFO - Setting next_dagrun for example_subdag_operator to 2022-01-01T00:00:00+00:00, run_after=2022-01-01T00:00:00+00:00
[2023-04-23T03:15:24.902+0300] {logging_mixin.py:137} INFO - [2023-04-23T03:15:24.902+0300] {dag.py:3452} INFO - Setting next_dagrun for example_subdag_operator.section-1 to None, run_after=None
[2023-04-23T03:15:24.903+0300] {logging_mixin.py:137} INFO - [2023-04-23T03:15:24.903+0300] {dag.py:3452} INFO - Setting next_dagrun for example_subdag_operator.section-2 to None, run_after=None
[2023-04-23T03:15:24.906+0300] {logging_mixin.py:137} INFO - [2023-04-23T03:15:24.906+0300] {dag.py:2705} INFO - Sync 2 DAGs
[2023-04-23T03:15:24.909+0300] {logging_mixin.py:137} INFO - [2023-04-23T03:15:24.909+0300] {dag.py:3452} INFO - Setting next_dagrun for example_subdag_operator.section-1 to None, run_after=None
[2023-04-23T03:15:24.909+0300] {logging_mixin.py:137} INFO - [2023-04-23T03:15:24.909+0300] {dag.py:3452} INFO - Setting next_dagrun for example_subdag_operator.section-2 to None, run_after=None
[2023-04-23T03:15:24.917+0300] {processor.py:175} INFO - Processing /home/vladimir/.local/lib/python3.10/site-packages/airflow/example_dags/example_subdag_operator.py took 0.065 seconds
[2023-04-23T03:16:05.945+0300] {processor.py:153} INFO - Started process (PID=7273) to work on /home/vladimir/.local/lib/python3.10/site-packages/airflow/example_dags/example_subdag_operator.py
[2023-04-23T03:16:05.946+0300] {processor.py:743} INFO - Processing file /home/vladimir/.local/lib/python3.10/site-packages/airflow/example_dags/example_subdag_operator.py for tasks to queue
[2023-04-23T03:16:05.947+0300] {logging_mixin.py:137} INFO - [2023-04-23T03:16:05.947+0300] {dagbag.py:532} INFO - Filling up the DagBag from /home/vladimir/.local/lib/python3.10/site-packages/airflow/example_dags/example_subdag_operator.py
[2023-04-23T03:16:05.965+0300] {processor.py:753} INFO - DAG(s) dict_keys(['example_subdag_operator.section-1', 'example_subdag_operator.section-2', 'example_subdag_operator']) retrieved from /home/vladimir/.local/lib/python3.10/site-packages/airflow/example_dags/example_subdag_operator.py
[2023-04-23T03:16:05.978+0300] {logging_mixin.py:137} INFO - [2023-04-23T03:16:05.977+0300] {dag.py:2705} INFO - Sync 3 DAGs
[2023-04-23T03:16:05.992+0300] {logging_mixin.py:137} INFO - [2023-04-23T03:16:05.992+0300] {dag.py:3452} INFO - Setting next_dagrun for example_subdag_operator to 2022-01-01T00:00:00+00:00, run_after=2022-01-01T00:00:00+00:00
[2023-04-23T03:16:05.994+0300] {logging_mixin.py:137} INFO - [2023-04-23T03:16:05.994+0300] {dag.py:3452} INFO - Setting next_dagrun for example_subdag_operator.section-1 to None, run_after=None
[2023-04-23T03:16:05.994+0300] {logging_mixin.py:137} INFO - [2023-04-23T03:16:05.994+0300] {dag.py:3452} INFO - Setting next_dagrun for example_subdag_operator.section-2 to None, run_after=None
[2023-04-23T03:16:05.998+0300] {logging_mixin.py:137} INFO - [2023-04-23T03:16:05.998+0300] {dag.py:2705} INFO - Sync 2 DAGs
[2023-04-23T03:16:06.001+0300] {logging_mixin.py:137} INFO - [2023-04-23T03:16:06.001+0300] {dag.py:3452} INFO - Setting next_dagrun for example_subdag_operator.section-1 to None, run_after=None
[2023-04-23T03:16:06.001+0300] {logging_mixin.py:137} INFO - [2023-04-23T03:16:06.001+0300] {dag.py:3452} INFO - Setting next_dagrun for example_subdag_operator.section-2 to None, run_after=None
[2023-04-23T03:16:06.010+0300] {processor.py:175} INFO - Processing /home/vladimir/.local/lib/python3.10/site-packages/airflow/example_dags/example_subdag_operator.py took 0.067 seconds
[2023-04-23T03:16:44.177+0300] {processor.py:153} INFO - Started process (PID=7350) to work on /home/vladimir/.local/lib/python3.10/site-packages/airflow/example_dags/example_subdag_operator.py
[2023-04-23T03:16:44.178+0300] {processor.py:743} INFO - Processing file /home/vladimir/.local/lib/python3.10/site-packages/airflow/example_dags/example_subdag_operator.py for tasks to queue
[2023-04-23T03:16:44.178+0300] {logging_mixin.py:137} INFO - [2023-04-23T03:16:44.178+0300] {dagbag.py:532} INFO - Filling up the DagBag from /home/vladimir/.local/lib/python3.10/site-packages/airflow/example_dags/example_subdag_operator.py
[2023-04-23T03:16:44.196+0300] {processor.py:753} INFO - DAG(s) dict_keys(['example_subdag_operator.section-1', 'example_subdag_operator.section-2', 'example_subdag_operator']) retrieved from /home/vladimir/.local/lib/python3.10/site-packages/airflow/example_dags/example_subdag_operator.py
[2023-04-23T03:16:44.207+0300] {logging_mixin.py:137} INFO - [2023-04-23T03:16:44.207+0300] {dag.py:2705} INFO - Sync 3 DAGs
[2023-04-23T03:16:44.219+0300] {logging_mixin.py:137} INFO - [2023-04-23T03:16:44.219+0300] {dag.py:3452} INFO - Setting next_dagrun for example_subdag_operator to 2022-01-01T00:00:00+00:00, run_after=2022-01-01T00:00:00+00:00
[2023-04-23T03:16:44.222+0300] {logging_mixin.py:137} INFO - [2023-04-23T03:16:44.222+0300] {dag.py:3452} INFO - Setting next_dagrun for example_subdag_operator.section-1 to None, run_after=None
[2023-04-23T03:16:44.224+0300] {logging_mixin.py:137} INFO - [2023-04-23T03:16:44.224+0300] {dag.py:3452} INFO - Setting next_dagrun for example_subdag_operator.section-2 to None, run_after=None
[2023-04-23T03:16:44.228+0300] {logging_mixin.py:137} INFO - [2023-04-23T03:16:44.228+0300] {dag.py:2705} INFO - Sync 2 DAGs
[2023-04-23T03:16:44.231+0300] {logging_mixin.py:137} INFO - [2023-04-23T03:16:44.231+0300] {dag.py:3452} INFO - Setting next_dagrun for example_subdag_operator.section-1 to None, run_after=None
[2023-04-23T03:16:44.231+0300] {logging_mixin.py:137} INFO - [2023-04-23T03:16:44.231+0300] {dag.py:3452} INFO - Setting next_dagrun for example_subdag_operator.section-2 to None, run_after=None
[2023-04-23T03:16:44.241+0300] {processor.py:175} INFO - Processing /home/vladimir/.local/lib/python3.10/site-packages/airflow/example_dags/example_subdag_operator.py took 0.066 seconds
[2023-04-23T03:17:26.414+0300] {processor.py:153} INFO - Started process (PID=7396) to work on /home/vladimir/.local/lib/python3.10/site-packages/airflow/example_dags/example_subdag_operator.py
[2023-04-23T03:17:26.414+0300] {processor.py:743} INFO - Processing file /home/vladimir/.local/lib/python3.10/site-packages/airflow/example_dags/example_subdag_operator.py for tasks to queue
[2023-04-23T03:17:26.415+0300] {logging_mixin.py:137} INFO - [2023-04-23T03:17:26.415+0300] {dagbag.py:532} INFO - Filling up the DagBag from /home/vladimir/.local/lib/python3.10/site-packages/airflow/example_dags/example_subdag_operator.py
[2023-04-23T03:17:26.432+0300] {processor.py:753} INFO - DAG(s) dict_keys(['example_subdag_operator.section-1', 'example_subdag_operator.section-2', 'example_subdag_operator']) retrieved from /home/vladimir/.local/lib/python3.10/site-packages/airflow/example_dags/example_subdag_operator.py
[2023-04-23T03:17:26.445+0300] {logging_mixin.py:137} INFO - [2023-04-23T03:17:26.445+0300] {dag.py:2705} INFO - Sync 3 DAGs
[2023-04-23T03:17:26.458+0300] {logging_mixin.py:137} INFO - [2023-04-23T03:17:26.458+0300] {dag.py:3452} INFO - Setting next_dagrun for example_subdag_operator to 2022-01-01T00:00:00+00:00, run_after=2022-01-01T00:00:00+00:00
[2023-04-23T03:17:26.459+0300] {logging_mixin.py:137} INFO - [2023-04-23T03:17:26.459+0300] {dag.py:3452} INFO - Setting next_dagrun for example_subdag_operator.section-1 to None, run_after=None
[2023-04-23T03:17:26.460+0300] {logging_mixin.py:137} INFO - [2023-04-23T03:17:26.460+0300] {dag.py:3452} INFO - Setting next_dagrun for example_subdag_operator.section-2 to None, run_after=None
[2023-04-23T03:17:26.464+0300] {logging_mixin.py:137} INFO - [2023-04-23T03:17:26.463+0300] {dag.py:2705} INFO - Sync 2 DAGs
[2023-04-23T03:17:26.466+0300] {logging_mixin.py:137} INFO - [2023-04-23T03:17:26.466+0300] {dag.py:3452} INFO - Setting next_dagrun for example_subdag_operator.section-1 to None, run_after=None
[2023-04-23T03:17:26.466+0300] {logging_mixin.py:137} INFO - [2023-04-23T03:17:26.466+0300] {dag.py:3452} INFO - Setting next_dagrun for example_subdag_operator.section-2 to None, run_after=None
[2023-04-23T03:17:26.474+0300] {processor.py:175} INFO - Processing /home/vladimir/.local/lib/python3.10/site-packages/airflow/example_dags/example_subdag_operator.py took 0.063 seconds
[2023-04-23T03:18:04.291+0300] {processor.py:153} INFO - Started process (PID=7443) to work on /home/vladimir/.local/lib/python3.10/site-packages/airflow/example_dags/example_subdag_operator.py
[2023-04-23T03:18:04.292+0300] {processor.py:743} INFO - Processing file /home/vladimir/.local/lib/python3.10/site-packages/airflow/example_dags/example_subdag_operator.py for tasks to queue
[2023-04-23T03:18:04.292+0300] {logging_mixin.py:137} INFO - [2023-04-23T03:18:04.292+0300] {dagbag.py:532} INFO - Filling up the DagBag from /home/vladimir/.local/lib/python3.10/site-packages/airflow/example_dags/example_subdag_operator.py
[2023-04-23T03:18:04.311+0300] {processor.py:753} INFO - DAG(s) dict_keys(['example_subdag_operator.section-1', 'example_subdag_operator.section-2', 'example_subdag_operator']) retrieved from /home/vladimir/.local/lib/python3.10/site-packages/airflow/example_dags/example_subdag_operator.py
[2023-04-23T03:18:04.323+0300] {logging_mixin.py:137} INFO - [2023-04-23T03:18:04.323+0300] {dag.py:2705} INFO - Sync 3 DAGs
[2023-04-23T03:18:04.335+0300] {logging_mixin.py:137} INFO - [2023-04-23T03:18:04.335+0300] {dag.py:3452} INFO - Setting next_dagrun for example_subdag_operator to 2022-01-01T00:00:00+00:00, run_after=2022-01-01T00:00:00+00:00
[2023-04-23T03:18:04.338+0300] {logging_mixin.py:137} INFO - [2023-04-23T03:18:04.338+0300] {dag.py:3452} INFO - Setting next_dagrun for example_subdag_operator.section-1 to None, run_after=None
[2023-04-23T03:18:04.338+0300] {logging_mixin.py:137} INFO - [2023-04-23T03:18:04.338+0300] {dag.py:3452} INFO - Setting next_dagrun for example_subdag_operator.section-2 to None, run_after=None
[2023-04-23T03:18:04.342+0300] {logging_mixin.py:137} INFO - [2023-04-23T03:18:04.342+0300] {dag.py:2705} INFO - Sync 2 DAGs
[2023-04-23T03:18:04.344+0300] {logging_mixin.py:137} INFO - [2023-04-23T03:18:04.344+0300] {dag.py:3452} INFO - Setting next_dagrun for example_subdag_operator.section-1 to None, run_after=None
[2023-04-23T03:18:04.345+0300] {logging_mixin.py:137} INFO - [2023-04-23T03:18:04.345+0300] {dag.py:3452} INFO - Setting next_dagrun for example_subdag_operator.section-2 to None, run_after=None
[2023-04-23T03:18:04.352+0300] {processor.py:175} INFO - Processing /home/vladimir/.local/lib/python3.10/site-packages/airflow/example_dags/example_subdag_operator.py took 0.063 seconds
[2023-04-23T03:18:42.533+0300] {processor.py:153} INFO - Started process (PID=7487) to work on /home/vladimir/.local/lib/python3.10/site-packages/airflow/example_dags/example_subdag_operator.py
[2023-04-23T03:18:42.534+0300] {processor.py:743} INFO - Processing file /home/vladimir/.local/lib/python3.10/site-packages/airflow/example_dags/example_subdag_operator.py for tasks to queue
[2023-04-23T03:18:42.535+0300] {logging_mixin.py:137} INFO - [2023-04-23T03:18:42.534+0300] {dagbag.py:532} INFO - Filling up the DagBag from /home/vladimir/.local/lib/python3.10/site-packages/airflow/example_dags/example_subdag_operator.py
[2023-04-23T03:18:42.552+0300] {processor.py:753} INFO - DAG(s) dict_keys(['example_subdag_operator.section-1', 'example_subdag_operator.section-2', 'example_subdag_operator']) retrieved from /home/vladimir/.local/lib/python3.10/site-packages/airflow/example_dags/example_subdag_operator.py
[2023-04-23T03:18:42.565+0300] {logging_mixin.py:137} INFO - [2023-04-23T03:18:42.565+0300] {dag.py:2705} INFO - Sync 3 DAGs
[2023-04-23T03:18:42.576+0300] {logging_mixin.py:137} INFO - [2023-04-23T03:18:42.576+0300] {dag.py:3452} INFO - Setting next_dagrun for example_subdag_operator to 2022-01-01T00:00:00+00:00, run_after=2022-01-01T00:00:00+00:00
[2023-04-23T03:18:42.578+0300] {logging_mixin.py:137} INFO - [2023-04-23T03:18:42.578+0300] {dag.py:3452} INFO - Setting next_dagrun for example_subdag_operator.section-1 to None, run_after=None
[2023-04-23T03:18:42.578+0300] {logging_mixin.py:137} INFO - [2023-04-23T03:18:42.578+0300] {dag.py:3452} INFO - Setting next_dagrun for example_subdag_operator.section-2 to None, run_after=None
[2023-04-23T03:18:42.582+0300] {logging_mixin.py:137} INFO - [2023-04-23T03:18:42.582+0300] {dag.py:2705} INFO - Sync 2 DAGs
[2023-04-23T03:18:42.584+0300] {logging_mixin.py:137} INFO - [2023-04-23T03:18:42.584+0300] {dag.py:3452} INFO - Setting next_dagrun for example_subdag_operator.section-1 to None, run_after=None
[2023-04-23T03:18:42.585+0300] {logging_mixin.py:137} INFO - [2023-04-23T03:18:42.584+0300] {dag.py:3452} INFO - Setting next_dagrun for example_subdag_operator.section-2 to None, run_after=None
[2023-04-23T03:18:42.593+0300] {processor.py:175} INFO - Processing /home/vladimir/.local/lib/python3.10/site-packages/airflow/example_dags/example_subdag_operator.py took 0.062 seconds
[2023-04-23T03:19:23.535+0300] {processor.py:153} INFO - Started process (PID=7532) to work on /home/vladimir/.local/lib/python3.10/site-packages/airflow/example_dags/example_subdag_operator.py
[2023-04-23T03:19:23.536+0300] {processor.py:743} INFO - Processing file /home/vladimir/.local/lib/python3.10/site-packages/airflow/example_dags/example_subdag_operator.py for tasks to queue
[2023-04-23T03:19:23.536+0300] {logging_mixin.py:137} INFO - [2023-04-23T03:19:23.536+0300] {dagbag.py:532} INFO - Filling up the DagBag from /home/vladimir/.local/lib/python3.10/site-packages/airflow/example_dags/example_subdag_operator.py
[2023-04-23T03:19:23.553+0300] {processor.py:753} INFO - DAG(s) dict_keys(['example_subdag_operator.section-1', 'example_subdag_operator.section-2', 'example_subdag_operator']) retrieved from /home/vladimir/.local/lib/python3.10/site-packages/airflow/example_dags/example_subdag_operator.py
[2023-04-23T03:19:23.565+0300] {logging_mixin.py:137} INFO - [2023-04-23T03:19:23.565+0300] {dag.py:2705} INFO - Sync 3 DAGs
[2023-04-23T03:19:23.577+0300] {logging_mixin.py:137} INFO - [2023-04-23T03:19:23.577+0300] {dag.py:3452} INFO - Setting next_dagrun for example_subdag_operator to 2022-01-01T00:00:00+00:00, run_after=2022-01-01T00:00:00+00:00
[2023-04-23T03:19:23.579+0300] {logging_mixin.py:137} INFO - [2023-04-23T03:19:23.579+0300] {dag.py:3452} INFO - Setting next_dagrun for example_subdag_operator.section-1 to None, run_after=None
[2023-04-23T03:19:23.579+0300] {logging_mixin.py:137} INFO - [2023-04-23T03:19:23.579+0300] {dag.py:3452} INFO - Setting next_dagrun for example_subdag_operator.section-2 to None, run_after=None
[2023-04-23T03:19:23.582+0300] {logging_mixin.py:137} INFO - [2023-04-23T03:19:23.582+0300] {dag.py:2705} INFO - Sync 2 DAGs
[2023-04-23T03:19:23.585+0300] {logging_mixin.py:137} INFO - [2023-04-23T03:19:23.585+0300] {dag.py:3452} INFO - Setting next_dagrun for example_subdag_operator.section-1 to None, run_after=None
[2023-04-23T03:19:23.585+0300] {logging_mixin.py:137} INFO - [2023-04-23T03:19:23.585+0300] {dag.py:3452} INFO - Setting next_dagrun for example_subdag_operator.section-2 to None, run_after=None
[2023-04-23T03:19:23.592+0300] {processor.py:175} INFO - Processing /home/vladimir/.local/lib/python3.10/site-packages/airflow/example_dags/example_subdag_operator.py took 0.060 seconds
[2023-04-23T03:20:13.732+0300] {processor.py:153} INFO - Started process (PID=7831) to work on /home/vladimir/.local/lib/python3.10/site-packages/airflow/example_dags/example_subdag_operator.py
[2023-04-23T03:20:13.733+0300] {processor.py:743} INFO - Processing file /home/vladimir/.local/lib/python3.10/site-packages/airflow/example_dags/example_subdag_operator.py for tasks to queue
[2023-04-23T03:20:13.733+0300] {logging_mixin.py:137} INFO - [2023-04-23T03:20:13.733+0300] {dagbag.py:532} INFO - Filling up the DagBag from /home/vladimir/.local/lib/python3.10/site-packages/airflow/example_dags/example_subdag_operator.py
[2023-04-23T03:20:13.751+0300] {processor.py:753} INFO - DAG(s) dict_keys(['example_subdag_operator.section-1', 'example_subdag_operator.section-2', 'example_subdag_operator']) retrieved from /home/vladimir/.local/lib/python3.10/site-packages/airflow/example_dags/example_subdag_operator.py
[2023-04-23T03:20:13.766+0300] {logging_mixin.py:137} INFO - [2023-04-23T03:20:13.766+0300] {dag.py:2705} INFO - Sync 3 DAGs
[2023-04-23T03:20:13.784+0300] {logging_mixin.py:137} INFO - [2023-04-23T03:20:13.783+0300] {dag.py:3452} INFO - Setting next_dagrun for example_subdag_operator to 2022-01-01T00:00:00+00:00, run_after=2022-01-01T00:00:00+00:00
[2023-04-23T03:20:13.785+0300] {logging_mixin.py:137} INFO - [2023-04-23T03:20:13.785+0300] {dag.py:3452} INFO - Setting next_dagrun for example_subdag_operator.section-1 to None, run_after=None
[2023-04-23T03:20:13.786+0300] {logging_mixin.py:137} INFO - [2023-04-23T03:20:13.786+0300] {dag.py:3452} INFO - Setting next_dagrun for example_subdag_operator.section-2 to None, run_after=None
[2023-04-23T03:20:13.790+0300] {logging_mixin.py:137} INFO - [2023-04-23T03:20:13.790+0300] {dag.py:2705} INFO - Sync 2 DAGs
[2023-04-23T03:20:13.793+0300] {logging_mixin.py:137} INFO - [2023-04-23T03:20:13.793+0300] {dag.py:3452} INFO - Setting next_dagrun for example_subdag_operator.section-1 to None, run_after=None
[2023-04-23T03:20:13.793+0300] {logging_mixin.py:137} INFO - [2023-04-23T03:20:13.793+0300] {dag.py:3452} INFO - Setting next_dagrun for example_subdag_operator.section-2 to None, run_after=None
[2023-04-23T03:20:13.803+0300] {processor.py:175} INFO - Processing /home/vladimir/.local/lib/python3.10/site-packages/airflow/example_dags/example_subdag_operator.py took 0.074 seconds
[2023-04-23T03:20:57.782+0300] {processor.py:153} INFO - Started process (PID=7901) to work on /home/vladimir/.local/lib/python3.10/site-packages/airflow/example_dags/example_subdag_operator.py
[2023-04-23T03:20:57.783+0300] {processor.py:743} INFO - Processing file /home/vladimir/.local/lib/python3.10/site-packages/airflow/example_dags/example_subdag_operator.py for tasks to queue
[2023-04-23T03:20:57.784+0300] {logging_mixin.py:137} INFO - [2023-04-23T03:20:57.783+0300] {dagbag.py:532} INFO - Filling up the DagBag from /home/vladimir/.local/lib/python3.10/site-packages/airflow/example_dags/example_subdag_operator.py
[2023-04-23T03:20:57.823+0300] {processor.py:753} INFO - DAG(s) dict_keys(['example_subdag_operator.section-1', 'example_subdag_operator.section-2', 'example_subdag_operator']) retrieved from /home/vladimir/.local/lib/python3.10/site-packages/airflow/example_dags/example_subdag_operator.py
[2023-04-23T03:20:57.852+0300] {logging_mixin.py:137} INFO - [2023-04-23T03:20:57.852+0300] {dag.py:2705} INFO - Sync 3 DAGs
[2023-04-23T03:20:57.908+0300] {logging_mixin.py:137} INFO - [2023-04-23T03:20:57.908+0300] {dag.py:3452} INFO - Setting next_dagrun for example_subdag_operator to 2022-01-01T00:00:00+00:00, run_after=2022-01-01T00:00:00+00:00
[2023-04-23T03:20:57.914+0300] {logging_mixin.py:137} INFO - [2023-04-23T03:20:57.914+0300] {dag.py:3452} INFO - Setting next_dagrun for example_subdag_operator.section-1 to None, run_after=None
[2023-04-23T03:20:57.914+0300] {logging_mixin.py:137} INFO - [2023-04-23T03:20:57.914+0300] {dag.py:3452} INFO - Setting next_dagrun for example_subdag_operator.section-2 to None, run_after=None
[2023-04-23T03:20:57.922+0300] {logging_mixin.py:137} INFO - [2023-04-23T03:20:57.922+0300] {dag.py:2705} INFO - Sync 2 DAGs
[2023-04-23T03:20:57.926+0300] {logging_mixin.py:137} INFO - [2023-04-23T03:20:57.926+0300] {dag.py:3452} INFO - Setting next_dagrun for example_subdag_operator.section-1 to None, run_after=None
[2023-04-23T03:20:57.926+0300] {logging_mixin.py:137} INFO - [2023-04-23T03:20:57.926+0300] {dag.py:3452} INFO - Setting next_dagrun for example_subdag_operator.section-2 to None, run_after=None
[2023-04-23T03:20:57.942+0300] {processor.py:175} INFO - Processing /home/vladimir/.local/lib/python3.10/site-packages/airflow/example_dags/example_subdag_operator.py took 0.162 seconds
