[2023-04-23T03:12:49.770+0300] {processor.py:153} INFO - Started process (PID=6962) to work on /home/vladimir/.local/lib/python3.10/site-packages/airflow/example_dags/example_trigger_controller_dag.py
[2023-04-23T03:12:49.771+0300] {processor.py:743} INFO - Processing file /home/vladimir/.local/lib/python3.10/site-packages/airflow/example_dags/example_trigger_controller_dag.py for tasks to queue
[2023-04-23T03:12:49.771+0300] {logging_mixin.py:137} INFO - [2023-04-23T03:12:49.771+0300] {dagbag.py:532} INFO - Filling up the DagBag from /home/vladimir/.local/lib/python3.10/site-packages/airflow/example_dags/example_trigger_controller_dag.py
[2023-04-23T03:12:49.779+0300] {processor.py:753} INFO - DAG(s) dict_keys(['example_trigger_controller_dag']) retrieved from /home/vladimir/.local/lib/python3.10/site-packages/airflow/example_dags/example_trigger_controller_dag.py
[2023-04-23T03:12:49.794+0300] {logging_mixin.py:137} INFO - [2023-04-23T03:12:49.793+0300] {dag.py:2705} INFO - Sync 1 DAGs
[2023-04-23T03:12:49.807+0300] {logging_mixin.py:137} INFO - [2023-04-23T03:12:49.806+0300] {dag.py:3452} INFO - Setting next_dagrun for example_trigger_controller_dag to 2021-01-01T00:00:00+00:00, run_after=2021-01-01T00:00:00+00:00
[2023-04-23T03:12:49.820+0300] {processor.py:175} INFO - Processing /home/vladimir/.local/lib/python3.10/site-packages/airflow/example_dags/example_trigger_controller_dag.py took 0.052 seconds
[2023-04-23T03:13:29.948+0300] {processor.py:153} INFO - Started process (PID=7023) to work on /home/vladimir/.local/lib/python3.10/site-packages/airflow/example_dags/example_trigger_controller_dag.py
[2023-04-23T03:13:29.949+0300] {processor.py:743} INFO - Processing file /home/vladimir/.local/lib/python3.10/site-packages/airflow/example_dags/example_trigger_controller_dag.py for tasks to queue
[2023-04-23T03:13:29.950+0300] {logging_mixin.py:137} INFO - [2023-04-23T03:13:29.950+0300] {dagbag.py:532} INFO - Filling up the DagBag from /home/vladimir/.local/lib/python3.10/site-packages/airflow/example_dags/example_trigger_controller_dag.py
[2023-04-23T03:13:29.957+0300] {processor.py:753} INFO - DAG(s) dict_keys(['example_trigger_controller_dag']) retrieved from /home/vladimir/.local/lib/python3.10/site-packages/airflow/example_dags/example_trigger_controller_dag.py
[2023-04-23T03:13:29.971+0300] {logging_mixin.py:137} INFO - [2023-04-23T03:13:29.971+0300] {dag.py:2705} INFO - Sync 1 DAGs
[2023-04-23T03:13:29.984+0300] {logging_mixin.py:137} INFO - [2023-04-23T03:13:29.984+0300] {dag.py:3452} INFO - Setting next_dagrun for example_trigger_controller_dag to 2021-01-01T00:00:00+00:00, run_after=2021-01-01T00:00:00+00:00
[2023-04-23T03:13:29.996+0300] {processor.py:175} INFO - Processing /home/vladimir/.local/lib/python3.10/site-packages/airflow/example_dags/example_trigger_controller_dag.py took 0.050 seconds
[2023-04-23T03:14:10.109+0300] {processor.py:153} INFO - Started process (PID=7080) to work on /home/vladimir/.local/lib/python3.10/site-packages/airflow/example_dags/example_trigger_controller_dag.py
[2023-04-23T03:14:10.110+0300] {processor.py:743} INFO - Processing file /home/vladimir/.local/lib/python3.10/site-packages/airflow/example_dags/example_trigger_controller_dag.py for tasks to queue
[2023-04-23T03:14:10.111+0300] {logging_mixin.py:137} INFO - [2023-04-23T03:14:10.111+0300] {dagbag.py:532} INFO - Filling up the DagBag from /home/vladimir/.local/lib/python3.10/site-packages/airflow/example_dags/example_trigger_controller_dag.py
[2023-04-23T03:14:10.119+0300] {processor.py:753} INFO - DAG(s) dict_keys(['example_trigger_controller_dag']) retrieved from /home/vladimir/.local/lib/python3.10/site-packages/airflow/example_dags/example_trigger_controller_dag.py
[2023-04-23T03:14:10.133+0300] {logging_mixin.py:137} INFO - [2023-04-23T03:14:10.133+0300] {dag.py:2705} INFO - Sync 1 DAGs
[2023-04-23T03:14:10.145+0300] {logging_mixin.py:137} INFO - [2023-04-23T03:14:10.145+0300] {dag.py:3452} INFO - Setting next_dagrun for example_trigger_controller_dag to 2021-01-01T00:00:00+00:00, run_after=2021-01-01T00:00:00+00:00
[2023-04-23T03:14:10.157+0300] {processor.py:175} INFO - Processing /home/vladimir/.local/lib/python3.10/site-packages/airflow/example_dags/example_trigger_controller_dag.py took 0.051 seconds
[2023-04-23T03:14:51.087+0300] {processor.py:153} INFO - Started process (PID=7155) to work on /home/vladimir/.local/lib/python3.10/site-packages/airflow/example_dags/example_trigger_controller_dag.py
[2023-04-23T03:14:51.088+0300] {processor.py:743} INFO - Processing file /home/vladimir/.local/lib/python3.10/site-packages/airflow/example_dags/example_trigger_controller_dag.py for tasks to queue
[2023-04-23T03:14:51.088+0300] {logging_mixin.py:137} INFO - [2023-04-23T03:14:51.088+0300] {dagbag.py:532} INFO - Filling up the DagBag from /home/vladimir/.local/lib/python3.10/site-packages/airflow/example_dags/example_trigger_controller_dag.py
[2023-04-23T03:14:51.097+0300] {processor.py:753} INFO - DAG(s) dict_keys(['example_trigger_controller_dag']) retrieved from /home/vladimir/.local/lib/python3.10/site-packages/airflow/example_dags/example_trigger_controller_dag.py
[2023-04-23T03:14:51.116+0300] {logging_mixin.py:137} INFO - [2023-04-23T03:14:51.115+0300] {dag.py:2705} INFO - Sync 1 DAGs
[2023-04-23T03:14:51.133+0300] {logging_mixin.py:137} INFO - [2023-04-23T03:14:51.133+0300] {dag.py:3452} INFO - Setting next_dagrun for example_trigger_controller_dag to 2021-01-01T00:00:00+00:00, run_after=2021-01-01T00:00:00+00:00
[2023-04-23T03:14:51.148+0300] {processor.py:175} INFO - Processing /home/vladimir/.local/lib/python3.10/site-packages/airflow/example_dags/example_trigger_controller_dag.py took 0.063 seconds
[2023-04-23T03:15:32.266+0300] {processor.py:153} INFO - Started process (PID=7226) to work on /home/vladimir/.local/lib/python3.10/site-packages/airflow/example_dags/example_trigger_controller_dag.py
[2023-04-23T03:15:32.267+0300] {processor.py:743} INFO - Processing file /home/vladimir/.local/lib/python3.10/site-packages/airflow/example_dags/example_trigger_controller_dag.py for tasks to queue
[2023-04-23T03:15:32.268+0300] {logging_mixin.py:137} INFO - [2023-04-23T03:15:32.268+0300] {dagbag.py:532} INFO - Filling up the DagBag from /home/vladimir/.local/lib/python3.10/site-packages/airflow/example_dags/example_trigger_controller_dag.py
[2023-04-23T03:15:32.275+0300] {processor.py:753} INFO - DAG(s) dict_keys(['example_trigger_controller_dag']) retrieved from /home/vladimir/.local/lib/python3.10/site-packages/airflow/example_dags/example_trigger_controller_dag.py
[2023-04-23T03:15:32.289+0300] {logging_mixin.py:137} INFO - [2023-04-23T03:15:32.289+0300] {dag.py:2705} INFO - Sync 1 DAGs
[2023-04-23T03:15:32.302+0300] {logging_mixin.py:137} INFO - [2023-04-23T03:15:32.301+0300] {dag.py:3452} INFO - Setting next_dagrun for example_trigger_controller_dag to 2021-01-01T00:00:00+00:00, run_after=2021-01-01T00:00:00+00:00
[2023-04-23T03:15:32.314+0300] {processor.py:175} INFO - Processing /home/vladimir/.local/lib/python3.10/site-packages/airflow/example_dags/example_trigger_controller_dag.py took 0.050 seconds
[2023-04-23T03:16:12.220+0300] {processor.py:153} INFO - Started process (PID=7281) to work on /home/vladimir/.local/lib/python3.10/site-packages/airflow/example_dags/example_trigger_controller_dag.py
[2023-04-23T03:16:12.221+0300] {processor.py:743} INFO - Processing file /home/vladimir/.local/lib/python3.10/site-packages/airflow/example_dags/example_trigger_controller_dag.py for tasks to queue
[2023-04-23T03:16:12.221+0300] {logging_mixin.py:137} INFO - [2023-04-23T03:16:12.221+0300] {dagbag.py:532} INFO - Filling up the DagBag from /home/vladimir/.local/lib/python3.10/site-packages/airflow/example_dags/example_trigger_controller_dag.py
[2023-04-23T03:16:12.229+0300] {processor.py:753} INFO - DAG(s) dict_keys(['example_trigger_controller_dag']) retrieved from /home/vladimir/.local/lib/python3.10/site-packages/airflow/example_dags/example_trigger_controller_dag.py
[2023-04-23T03:16:12.243+0300] {logging_mixin.py:137} INFO - [2023-04-23T03:16:12.243+0300] {dag.py:2705} INFO - Sync 1 DAGs
[2023-04-23T03:16:12.255+0300] {logging_mixin.py:137} INFO - [2023-04-23T03:16:12.255+0300] {dag.py:3452} INFO - Setting next_dagrun for example_trigger_controller_dag to 2021-01-01T00:00:00+00:00, run_after=2021-01-01T00:00:00+00:00
[2023-04-23T03:16:12.267+0300] {processor.py:175} INFO - Processing /home/vladimir/.local/lib/python3.10/site-packages/airflow/example_dags/example_trigger_controller_dag.py took 0.050 seconds
[2023-04-23T03:16:51.474+0300] {processor.py:153} INFO - Started process (PID=7357) to work on /home/vladimir/.local/lib/python3.10/site-packages/airflow/example_dags/example_trigger_controller_dag.py
[2023-04-23T03:16:51.475+0300] {processor.py:743} INFO - Processing file /home/vladimir/.local/lib/python3.10/site-packages/airflow/example_dags/example_trigger_controller_dag.py for tasks to queue
[2023-04-23T03:16:51.475+0300] {logging_mixin.py:137} INFO - [2023-04-23T03:16:51.475+0300] {dagbag.py:532} INFO - Filling up the DagBag from /home/vladimir/.local/lib/python3.10/site-packages/airflow/example_dags/example_trigger_controller_dag.py
[2023-04-23T03:16:51.483+0300] {processor.py:753} INFO - DAG(s) dict_keys(['example_trigger_controller_dag']) retrieved from /home/vladimir/.local/lib/python3.10/site-packages/airflow/example_dags/example_trigger_controller_dag.py
[2023-04-23T03:16:51.496+0300] {logging_mixin.py:137} INFO - [2023-04-23T03:16:51.496+0300] {dag.py:2705} INFO - Sync 1 DAGs
[2023-04-23T03:16:51.507+0300] {logging_mixin.py:137} INFO - [2023-04-23T03:16:51.507+0300] {dag.py:3452} INFO - Setting next_dagrun for example_trigger_controller_dag to 2021-01-01T00:00:00+00:00, run_after=2021-01-01T00:00:00+00:00
[2023-04-23T03:16:51.519+0300] {processor.py:175} INFO - Processing /home/vladimir/.local/lib/python3.10/site-packages/airflow/example_dags/example_trigger_controller_dag.py took 0.047 seconds
[2023-04-23T03:17:33.143+0300] {processor.py:153} INFO - Started process (PID=7403) to work on /home/vladimir/.local/lib/python3.10/site-packages/airflow/example_dags/example_trigger_controller_dag.py
[2023-04-23T03:17:33.144+0300] {processor.py:743} INFO - Processing file /home/vladimir/.local/lib/python3.10/site-packages/airflow/example_dags/example_trigger_controller_dag.py for tasks to queue
[2023-04-23T03:17:33.144+0300] {logging_mixin.py:137} INFO - [2023-04-23T03:17:33.144+0300] {dagbag.py:532} INFO - Filling up the DagBag from /home/vladimir/.local/lib/python3.10/site-packages/airflow/example_dags/example_trigger_controller_dag.py
[2023-04-23T03:17:33.152+0300] {processor.py:753} INFO - DAG(s) dict_keys(['example_trigger_controller_dag']) retrieved from /home/vladimir/.local/lib/python3.10/site-packages/airflow/example_dags/example_trigger_controller_dag.py
[2023-04-23T03:17:33.165+0300] {logging_mixin.py:137} INFO - [2023-04-23T03:17:33.165+0300] {dag.py:2705} INFO - Sync 1 DAGs
[2023-04-23T03:17:33.177+0300] {logging_mixin.py:137} INFO - [2023-04-23T03:17:33.177+0300] {dag.py:3452} INFO - Setting next_dagrun for example_trigger_controller_dag to 2021-01-01T00:00:00+00:00, run_after=2021-01-01T00:00:00+00:00
[2023-04-23T03:17:33.189+0300] {processor.py:175} INFO - Processing /home/vladimir/.local/lib/python3.10/site-packages/airflow/example_dags/example_trigger_controller_dag.py took 0.048 seconds
[2023-04-23T03:18:09.429+0300] {processor.py:153} INFO - Started process (PID=7451) to work on /home/vladimir/.local/lib/python3.10/site-packages/airflow/example_dags/example_trigger_controller_dag.py
[2023-04-23T03:18:09.430+0300] {processor.py:743} INFO - Processing file /home/vladimir/.local/lib/python3.10/site-packages/airflow/example_dags/example_trigger_controller_dag.py for tasks to queue
[2023-04-23T03:18:09.430+0300] {logging_mixin.py:137} INFO - [2023-04-23T03:18:09.430+0300] {dagbag.py:532} INFO - Filling up the DagBag from /home/vladimir/.local/lib/python3.10/site-packages/airflow/example_dags/example_trigger_controller_dag.py
[2023-04-23T03:18:09.438+0300] {processor.py:753} INFO - DAG(s) dict_keys(['example_trigger_controller_dag']) retrieved from /home/vladimir/.local/lib/python3.10/site-packages/airflow/example_dags/example_trigger_controller_dag.py
[2023-04-23T03:18:09.451+0300] {logging_mixin.py:137} INFO - [2023-04-23T03:18:09.451+0300] {dag.py:2705} INFO - Sync 1 DAGs
[2023-04-23T03:18:09.464+0300] {logging_mixin.py:137} INFO - [2023-04-23T03:18:09.464+0300] {dag.py:3452} INFO - Setting next_dagrun for example_trigger_controller_dag to 2021-01-01T00:00:00+00:00, run_after=2021-01-01T00:00:00+00:00
[2023-04-23T03:18:09.476+0300] {processor.py:175} INFO - Processing /home/vladimir/.local/lib/python3.10/site-packages/airflow/example_dags/example_trigger_controller_dag.py took 0.050 seconds
[2023-04-23T03:18:49.646+0300] {processor.py:153} INFO - Started process (PID=7494) to work on /home/vladimir/.local/lib/python3.10/site-packages/airflow/example_dags/example_trigger_controller_dag.py
[2023-04-23T03:18:49.647+0300] {processor.py:743} INFO - Processing file /home/vladimir/.local/lib/python3.10/site-packages/airflow/example_dags/example_trigger_controller_dag.py for tasks to queue
[2023-04-23T03:18:49.647+0300] {logging_mixin.py:137} INFO - [2023-04-23T03:18:49.647+0300] {dagbag.py:532} INFO - Filling up the DagBag from /home/vladimir/.local/lib/python3.10/site-packages/airflow/example_dags/example_trigger_controller_dag.py
[2023-04-23T03:18:49.655+0300] {processor.py:753} INFO - DAG(s) dict_keys(['example_trigger_controller_dag']) retrieved from /home/vladimir/.local/lib/python3.10/site-packages/airflow/example_dags/example_trigger_controller_dag.py
[2023-04-23T03:18:49.668+0300] {logging_mixin.py:137} INFO - [2023-04-23T03:18:49.668+0300] {dag.py:2705} INFO - Sync 1 DAGs
[2023-04-23T03:18:49.681+0300] {logging_mixin.py:137} INFO - [2023-04-23T03:18:49.681+0300] {dag.py:3452} INFO - Setting next_dagrun for example_trigger_controller_dag to 2021-01-01T00:00:00+00:00, run_after=2021-01-01T00:00:00+00:00
[2023-04-23T03:18:49.692+0300] {processor.py:175} INFO - Processing /home/vladimir/.local/lib/python3.10/site-packages/airflow/example_dags/example_trigger_controller_dag.py took 0.049 seconds
[2023-04-23T03:19:30.180+0300] {processor.py:153} INFO - Started process (PID=7539) to work on /home/vladimir/.local/lib/python3.10/site-packages/airflow/example_dags/example_trigger_controller_dag.py
[2023-04-23T03:19:30.181+0300] {processor.py:743} INFO - Processing file /home/vladimir/.local/lib/python3.10/site-packages/airflow/example_dags/example_trigger_controller_dag.py for tasks to queue
[2023-04-23T03:19:30.182+0300] {logging_mixin.py:137} INFO - [2023-04-23T03:19:30.182+0300] {dagbag.py:532} INFO - Filling up the DagBag from /home/vladimir/.local/lib/python3.10/site-packages/airflow/example_dags/example_trigger_controller_dag.py
[2023-04-23T03:19:30.190+0300] {processor.py:753} INFO - DAG(s) dict_keys(['example_trigger_controller_dag']) retrieved from /home/vladimir/.local/lib/python3.10/site-packages/airflow/example_dags/example_trigger_controller_dag.py
[2023-04-23T03:19:30.204+0300] {logging_mixin.py:137} INFO - [2023-04-23T03:19:30.204+0300] {dag.py:2705} INFO - Sync 1 DAGs
[2023-04-23T03:19:30.217+0300] {logging_mixin.py:137} INFO - [2023-04-23T03:19:30.216+0300] {dag.py:3452} INFO - Setting next_dagrun for example_trigger_controller_dag to 2021-01-01T00:00:00+00:00, run_after=2021-01-01T00:00:00+00:00
[2023-04-23T03:19:30.230+0300] {processor.py:175} INFO - Processing /home/vladimir/.local/lib/python3.10/site-packages/airflow/example_dags/example_trigger_controller_dag.py took 0.052 seconds
[2023-04-23T03:20:21.142+0300] {processor.py:153} INFO - Started process (PID=7841) to work on /home/vladimir/.local/lib/python3.10/site-packages/airflow/example_dags/example_trigger_controller_dag.py
[2023-04-23T03:20:21.143+0300] {processor.py:743} INFO - Processing file /home/vladimir/.local/lib/python3.10/site-packages/airflow/example_dags/example_trigger_controller_dag.py for tasks to queue
[2023-04-23T03:20:21.143+0300] {logging_mixin.py:137} INFO - [2023-04-23T03:20:21.143+0300] {dagbag.py:532} INFO - Filling up the DagBag from /home/vladimir/.local/lib/python3.10/site-packages/airflow/example_dags/example_trigger_controller_dag.py
[2023-04-23T03:20:21.152+0300] {processor.py:753} INFO - DAG(s) dict_keys(['example_trigger_controller_dag']) retrieved from /home/vladimir/.local/lib/python3.10/site-packages/airflow/example_dags/example_trigger_controller_dag.py
[2023-04-23T03:20:21.165+0300] {logging_mixin.py:137} INFO - [2023-04-23T03:20:21.165+0300] {dag.py:2705} INFO - Sync 1 DAGs
[2023-04-23T03:20:21.178+0300] {logging_mixin.py:137} INFO - [2023-04-23T03:20:21.178+0300] {dag.py:3452} INFO - Setting next_dagrun for example_trigger_controller_dag to 2021-01-01T00:00:00+00:00, run_after=2021-01-01T00:00:00+00:00
[2023-04-23T03:20:21.191+0300] {processor.py:175} INFO - Processing /home/vladimir/.local/lib/python3.10/site-packages/airflow/example_dags/example_trigger_controller_dag.py took 0.051 seconds
[2023-04-23T03:21:04.529+0300] {processor.py:153} INFO - Started process (PID=7912) to work on /home/vladimir/.local/lib/python3.10/site-packages/airflow/example_dags/example_trigger_controller_dag.py
[2023-04-23T03:21:04.530+0300] {processor.py:743} INFO - Processing file /home/vladimir/.local/lib/python3.10/site-packages/airflow/example_dags/example_trigger_controller_dag.py for tasks to queue
[2023-04-23T03:21:04.530+0300] {logging_mixin.py:137} INFO - [2023-04-23T03:21:04.530+0300] {dagbag.py:532} INFO - Filling up the DagBag from /home/vladimir/.local/lib/python3.10/site-packages/airflow/example_dags/example_trigger_controller_dag.py
[2023-04-23T03:21:04.539+0300] {processor.py:753} INFO - DAG(s) dict_keys(['example_trigger_controller_dag']) retrieved from /home/vladimir/.local/lib/python3.10/site-packages/airflow/example_dags/example_trigger_controller_dag.py
[2023-04-23T03:21:04.554+0300] {logging_mixin.py:137} INFO - [2023-04-23T03:21:04.554+0300] {dag.py:2705} INFO - Sync 1 DAGs
[2023-04-23T03:21:04.568+0300] {logging_mixin.py:137} INFO - [2023-04-23T03:21:04.568+0300] {dag.py:3452} INFO - Setting next_dagrun for example_trigger_controller_dag to 2021-01-01T00:00:00+00:00, run_after=2021-01-01T00:00:00+00:00
[2023-04-23T03:21:04.581+0300] {processor.py:175} INFO - Processing /home/vladimir/.local/lib/python3.10/site-packages/airflow/example_dags/example_trigger_controller_dag.py took 0.054 seconds
