[2023-04-23T03:12:54.903+0300] {processor.py:153} INFO - Started process (PID=6973) to work on /home/vladimir/.local/lib/python3.10/site-packages/airflow/example_dags/example_xcom.py
[2023-04-23T03:12:54.904+0300] {processor.py:743} INFO - Processing file /home/vladimir/.local/lib/python3.10/site-packages/airflow/example_dags/example_xcom.py for tasks to queue
[2023-04-23T03:12:54.904+0300] {logging_mixin.py:137} INFO - [2023-04-23T03:12:54.904+0300] {dagbag.py:532} INFO - Filling up the DagBag from /home/vladimir/.local/lib/python3.10/site-packages/airflow/example_dags/example_xcom.py
[2023-04-23T03:12:54.920+0300] {processor.py:753} INFO - DAG(s) dict_keys(['example_xcom']) retrieved from /home/vladimir/.local/lib/python3.10/site-packages/airflow/example_dags/example_xcom.py
[2023-04-23T03:12:54.934+0300] {logging_mixin.py:137} INFO - [2023-04-23T03:12:54.934+0300] {dag.py:2705} INFO - Sync 1 DAGs
[2023-04-23T03:12:54.947+0300] {logging_mixin.py:137} INFO - [2023-04-23T03:12:54.947+0300] {dag.py:3452} INFO - Setting next_dagrun for example_xcom to 2021-01-01T00:00:00+00:00, run_after=2021-01-01T00:00:00+00:00
[2023-04-23T03:12:54.960+0300] {processor.py:175} INFO - Processing /home/vladimir/.local/lib/python3.10/site-packages/airflow/example_dags/example_xcom.py took 0.059 seconds
[2023-04-23T03:13:35.410+0300] {processor.py:153} INFO - Started process (PID=7031) to work on /home/vladimir/.local/lib/python3.10/site-packages/airflow/example_dags/example_xcom.py
[2023-04-23T03:13:35.411+0300] {processor.py:743} INFO - Processing file /home/vladimir/.local/lib/python3.10/site-packages/airflow/example_dags/example_xcom.py for tasks to queue
[2023-04-23T03:13:35.412+0300] {logging_mixin.py:137} INFO - [2023-04-23T03:13:35.412+0300] {dagbag.py:532} INFO - Filling up the DagBag from /home/vladimir/.local/lib/python3.10/site-packages/airflow/example_dags/example_xcom.py
[2023-04-23T03:13:35.429+0300] {processor.py:753} INFO - DAG(s) dict_keys(['example_xcom']) retrieved from /home/vladimir/.local/lib/python3.10/site-packages/airflow/example_dags/example_xcom.py
[2023-04-23T03:13:35.444+0300] {logging_mixin.py:137} INFO - [2023-04-23T03:13:35.443+0300] {dag.py:2705} INFO - Sync 1 DAGs
[2023-04-23T03:13:35.455+0300] {logging_mixin.py:137} INFO - [2023-04-23T03:13:35.455+0300] {dag.py:3452} INFO - Setting next_dagrun for example_xcom to 2021-01-01T00:00:00+00:00, run_after=2021-01-01T00:00:00+00:00
[2023-04-23T03:13:35.471+0300] {processor.py:175} INFO - Processing /home/vladimir/.local/lib/python3.10/site-packages/airflow/example_dags/example_xcom.py took 0.063 seconds
[2023-04-23T03:14:16.097+0300] {processor.py:153} INFO - Started process (PID=7086) to work on /home/vladimir/.local/lib/python3.10/site-packages/airflow/example_dags/example_xcom.py
[2023-04-23T03:14:16.098+0300] {processor.py:743} INFO - Processing file /home/vladimir/.local/lib/python3.10/site-packages/airflow/example_dags/example_xcom.py for tasks to queue
[2023-04-23T03:14:16.099+0300] {logging_mixin.py:137} INFO - [2023-04-23T03:14:16.098+0300] {dagbag.py:532} INFO - Filling up the DagBag from /home/vladimir/.local/lib/python3.10/site-packages/airflow/example_dags/example_xcom.py
[2023-04-23T03:14:16.116+0300] {processor.py:753} INFO - DAG(s) dict_keys(['example_xcom']) retrieved from /home/vladimir/.local/lib/python3.10/site-packages/airflow/example_dags/example_xcom.py
[2023-04-23T03:14:16.131+0300] {logging_mixin.py:137} INFO - [2023-04-23T03:14:16.131+0300] {dag.py:2705} INFO - Sync 1 DAGs
[2023-04-23T03:14:16.143+0300] {logging_mixin.py:137} INFO - [2023-04-23T03:14:16.143+0300] {dag.py:3452} INFO - Setting next_dagrun for example_xcom to 2021-01-01T00:00:00+00:00, run_after=2021-01-01T00:00:00+00:00
[2023-04-23T03:14:16.156+0300] {processor.py:175} INFO - Processing /home/vladimir/.local/lib/python3.10/site-packages/airflow/example_dags/example_xcom.py took 0.061 seconds
[2023-04-23T03:14:56.633+0300] {processor.py:153} INFO - Started process (PID=7179) to work on /home/vladimir/.local/lib/python3.10/site-packages/airflow/example_dags/example_xcom.py
[2023-04-23T03:14:56.634+0300] {processor.py:743} INFO - Processing file /home/vladimir/.local/lib/python3.10/site-packages/airflow/example_dags/example_xcom.py for tasks to queue
[2023-04-23T03:14:56.634+0300] {logging_mixin.py:137} INFO - [2023-04-23T03:14:56.634+0300] {dagbag.py:532} INFO - Filling up the DagBag from /home/vladimir/.local/lib/python3.10/site-packages/airflow/example_dags/example_xcom.py
[2023-04-23T03:14:56.652+0300] {processor.py:753} INFO - DAG(s) dict_keys(['example_xcom']) retrieved from /home/vladimir/.local/lib/python3.10/site-packages/airflow/example_dags/example_xcom.py
[2023-04-23T03:14:56.666+0300] {logging_mixin.py:137} INFO - [2023-04-23T03:14:56.666+0300] {dag.py:2705} INFO - Sync 1 DAGs
[2023-04-23T03:14:56.678+0300] {logging_mixin.py:137} INFO - [2023-04-23T03:14:56.678+0300] {dag.py:3452} INFO - Setting next_dagrun for example_xcom to 2021-01-01T00:00:00+00:00, run_after=2021-01-01T00:00:00+00:00
[2023-04-23T03:14:56.694+0300] {processor.py:175} INFO - Processing /home/vladimir/.local/lib/python3.10/site-packages/airflow/example_dags/example_xcom.py took 0.063 seconds
[2023-04-23T03:15:36.591+0300] {processor.py:153} INFO - Started process (PID=7232) to work on /home/vladimir/.local/lib/python3.10/site-packages/airflow/example_dags/example_xcom.py
[2023-04-23T03:15:36.592+0300] {processor.py:743} INFO - Processing file /home/vladimir/.local/lib/python3.10/site-packages/airflow/example_dags/example_xcom.py for tasks to queue
[2023-04-23T03:15:36.593+0300] {logging_mixin.py:137} INFO - [2023-04-23T03:15:36.593+0300] {dagbag.py:532} INFO - Filling up the DagBag from /home/vladimir/.local/lib/python3.10/site-packages/airflow/example_dags/example_xcom.py
[2023-04-23T03:15:36.609+0300] {processor.py:753} INFO - DAG(s) dict_keys(['example_xcom']) retrieved from /home/vladimir/.local/lib/python3.10/site-packages/airflow/example_dags/example_xcom.py
[2023-04-23T03:15:36.623+0300] {logging_mixin.py:137} INFO - [2023-04-23T03:15:36.623+0300] {dag.py:2705} INFO - Sync 1 DAGs
[2023-04-23T03:15:36.635+0300] {logging_mixin.py:137} INFO - [2023-04-23T03:15:36.635+0300] {dag.py:3452} INFO - Setting next_dagrun for example_xcom to 2021-01-01T00:00:00+00:00, run_after=2021-01-01T00:00:00+00:00
[2023-04-23T03:15:36.648+0300] {processor.py:175} INFO - Processing /home/vladimir/.local/lib/python3.10/site-packages/airflow/example_dags/example_xcom.py took 0.059 seconds
[2023-04-23T03:16:17.678+0300] {processor.py:153} INFO - Started process (PID=7287) to work on /home/vladimir/.local/lib/python3.10/site-packages/airflow/example_dags/example_xcom.py
[2023-04-23T03:16:17.679+0300] {processor.py:743} INFO - Processing file /home/vladimir/.local/lib/python3.10/site-packages/airflow/example_dags/example_xcom.py for tasks to queue
[2023-04-23T03:16:17.679+0300] {logging_mixin.py:137} INFO - [2023-04-23T03:16:17.679+0300] {dagbag.py:532} INFO - Filling up the DagBag from /home/vladimir/.local/lib/python3.10/site-packages/airflow/example_dags/example_xcom.py
[2023-04-23T03:16:17.697+0300] {processor.py:753} INFO - DAG(s) dict_keys(['example_xcom']) retrieved from /home/vladimir/.local/lib/python3.10/site-packages/airflow/example_dags/example_xcom.py
[2023-04-23T03:16:17.712+0300] {logging_mixin.py:137} INFO - [2023-04-23T03:16:17.712+0300] {dag.py:2705} INFO - Sync 1 DAGs
[2023-04-23T03:16:17.725+0300] {logging_mixin.py:137} INFO - [2023-04-23T03:16:17.725+0300] {dag.py:3452} INFO - Setting next_dagrun for example_xcom to 2021-01-01T00:00:00+00:00, run_after=2021-01-01T00:00:00+00:00
[2023-04-23T03:16:17.737+0300] {processor.py:175} INFO - Processing /home/vladimir/.local/lib/python3.10/site-packages/airflow/example_dags/example_xcom.py took 0.062 seconds
[2023-04-23T03:16:57.320+0300] {processor.py:153} INFO - Started process (PID=7363) to work on /home/vladimir/.local/lib/python3.10/site-packages/airflow/example_dags/example_xcom.py
[2023-04-23T03:16:57.321+0300] {processor.py:743} INFO - Processing file /home/vladimir/.local/lib/python3.10/site-packages/airflow/example_dags/example_xcom.py for tasks to queue
[2023-04-23T03:16:57.321+0300] {logging_mixin.py:137} INFO - [2023-04-23T03:16:57.321+0300] {dagbag.py:532} INFO - Filling up the DagBag from /home/vladimir/.local/lib/python3.10/site-packages/airflow/example_dags/example_xcom.py
[2023-04-23T03:16:57.336+0300] {processor.py:753} INFO - DAG(s) dict_keys(['example_xcom']) retrieved from /home/vladimir/.local/lib/python3.10/site-packages/airflow/example_dags/example_xcom.py
[2023-04-23T03:16:57.350+0300] {logging_mixin.py:137} INFO - [2023-04-23T03:16:57.349+0300] {dag.py:2705} INFO - Sync 1 DAGs
[2023-04-23T03:16:57.361+0300] {logging_mixin.py:137} INFO - [2023-04-23T03:16:57.361+0300] {dag.py:3452} INFO - Setting next_dagrun for example_xcom to 2021-01-01T00:00:00+00:00, run_after=2021-01-01T00:00:00+00:00
[2023-04-23T03:16:57.373+0300] {processor.py:175} INFO - Processing /home/vladimir/.local/lib/python3.10/site-packages/airflow/example_dags/example_xcom.py took 0.056 seconds
[2023-04-23T03:17:37.590+0300] {processor.py:153} INFO - Started process (PID=7409) to work on /home/vladimir/.local/lib/python3.10/site-packages/airflow/example_dags/example_xcom.py
[2023-04-23T03:17:37.591+0300] {processor.py:743} INFO - Processing file /home/vladimir/.local/lib/python3.10/site-packages/airflow/example_dags/example_xcom.py for tasks to queue
[2023-04-23T03:17:37.592+0300] {logging_mixin.py:137} INFO - [2023-04-23T03:17:37.592+0300] {dagbag.py:532} INFO - Filling up the DagBag from /home/vladimir/.local/lib/python3.10/site-packages/airflow/example_dags/example_xcom.py
[2023-04-23T03:17:37.607+0300] {processor.py:753} INFO - DAG(s) dict_keys(['example_xcom']) retrieved from /home/vladimir/.local/lib/python3.10/site-packages/airflow/example_dags/example_xcom.py
[2023-04-23T03:17:37.621+0300] {logging_mixin.py:137} INFO - [2023-04-23T03:17:37.620+0300] {dag.py:2705} INFO - Sync 1 DAGs
[2023-04-23T03:17:37.632+0300] {logging_mixin.py:137} INFO - [2023-04-23T03:17:37.632+0300] {dag.py:3452} INFO - Setting next_dagrun for example_xcom to 2021-01-01T00:00:00+00:00, run_after=2021-01-01T00:00:00+00:00
[2023-04-23T03:17:37.644+0300] {processor.py:175} INFO - Processing /home/vladimir/.local/lib/python3.10/site-packages/airflow/example_dags/example_xcom.py took 0.056 seconds
[2023-04-23T03:18:15.703+0300] {processor.py:153} INFO - Started process (PID=7457) to work on /home/vladimir/.local/lib/python3.10/site-packages/airflow/example_dags/example_xcom.py
[2023-04-23T03:18:15.704+0300] {processor.py:743} INFO - Processing file /home/vladimir/.local/lib/python3.10/site-packages/airflow/example_dags/example_xcom.py for tasks to queue
[2023-04-23T03:18:15.704+0300] {logging_mixin.py:137} INFO - [2023-04-23T03:18:15.704+0300] {dagbag.py:532} INFO - Filling up the DagBag from /home/vladimir/.local/lib/python3.10/site-packages/airflow/example_dags/example_xcom.py
[2023-04-23T03:18:15.720+0300] {processor.py:753} INFO - DAG(s) dict_keys(['example_xcom']) retrieved from /home/vladimir/.local/lib/python3.10/site-packages/airflow/example_dags/example_xcom.py
[2023-04-23T03:18:15.738+0300] {logging_mixin.py:137} INFO - [2023-04-23T03:18:15.738+0300] {dag.py:2705} INFO - Sync 1 DAGs
[2023-04-23T03:18:15.750+0300] {logging_mixin.py:137} INFO - [2023-04-23T03:18:15.749+0300] {dag.py:3452} INFO - Setting next_dagrun for example_xcom to 2021-01-01T00:00:00+00:00, run_after=2021-01-01T00:00:00+00:00
[2023-04-23T03:18:15.761+0300] {processor.py:175} INFO - Processing /home/vladimir/.local/lib/python3.10/site-packages/airflow/example_dags/example_xcom.py took 0.060 seconds
[2023-04-23T03:18:55.532+0300] {processor.py:153} INFO - Started process (PID=7500) to work on /home/vladimir/.local/lib/python3.10/site-packages/airflow/example_dags/example_xcom.py
[2023-04-23T03:18:55.532+0300] {processor.py:743} INFO - Processing file /home/vladimir/.local/lib/python3.10/site-packages/airflow/example_dags/example_xcom.py for tasks to queue
[2023-04-23T03:18:55.533+0300] {logging_mixin.py:137} INFO - [2023-04-23T03:18:55.533+0300] {dagbag.py:532} INFO - Filling up the DagBag from /home/vladimir/.local/lib/python3.10/site-packages/airflow/example_dags/example_xcom.py
[2023-04-23T03:18:55.548+0300] {processor.py:753} INFO - DAG(s) dict_keys(['example_xcom']) retrieved from /home/vladimir/.local/lib/python3.10/site-packages/airflow/example_dags/example_xcom.py
[2023-04-23T03:18:55.561+0300] {logging_mixin.py:137} INFO - [2023-04-23T03:18:55.561+0300] {dag.py:2705} INFO - Sync 1 DAGs
[2023-04-23T03:18:55.572+0300] {logging_mixin.py:137} INFO - [2023-04-23T03:18:55.572+0300] {dag.py:3452} INFO - Setting next_dagrun for example_xcom to 2021-01-01T00:00:00+00:00, run_after=2021-01-01T00:00:00+00:00
[2023-04-23T03:18:55.583+0300] {processor.py:175} INFO - Processing /home/vladimir/.local/lib/python3.10/site-packages/airflow/example_dags/example_xcom.py took 0.054 seconds
[2023-04-23T03:19:35.820+0300] {processor.py:153} INFO - Started process (PID=7551) to work on /home/vladimir/.local/lib/python3.10/site-packages/airflow/example_dags/example_xcom.py
[2023-04-23T03:19:35.821+0300] {processor.py:743} INFO - Processing file /home/vladimir/.local/lib/python3.10/site-packages/airflow/example_dags/example_xcom.py for tasks to queue
[2023-04-23T03:19:35.821+0300] {logging_mixin.py:137} INFO - [2023-04-23T03:19:35.821+0300] {dagbag.py:532} INFO - Filling up the DagBag from /home/vladimir/.local/lib/python3.10/site-packages/airflow/example_dags/example_xcom.py
[2023-04-23T03:19:35.838+0300] {processor.py:753} INFO - DAG(s) dict_keys(['example_xcom']) retrieved from /home/vladimir/.local/lib/python3.10/site-packages/airflow/example_dags/example_xcom.py
[2023-04-23T03:19:35.853+0300] {logging_mixin.py:137} INFO - [2023-04-23T03:19:35.852+0300] {dag.py:2705} INFO - Sync 1 DAGs
[2023-04-23T03:19:35.870+0300] {logging_mixin.py:137} INFO - [2023-04-23T03:19:35.870+0300] {dag.py:3452} INFO - Setting next_dagrun for example_xcom to 2021-01-01T00:00:00+00:00, run_after=2021-01-01T00:00:00+00:00
[2023-04-23T03:19:35.887+0300] {processor.py:175} INFO - Processing /home/vladimir/.local/lib/python3.10/site-packages/airflow/example_dags/example_xcom.py took 0.070 seconds
[2023-04-23T03:20:27.139+0300] {processor.py:153} INFO - Started process (PID=7847) to work on /home/vladimir/.local/lib/python3.10/site-packages/airflow/example_dags/example_xcom.py
[2023-04-23T03:20:27.140+0300] {processor.py:743} INFO - Processing file /home/vladimir/.local/lib/python3.10/site-packages/airflow/example_dags/example_xcom.py for tasks to queue
[2023-04-23T03:20:27.140+0300] {logging_mixin.py:137} INFO - [2023-04-23T03:20:27.140+0300] {dagbag.py:532} INFO - Filling up the DagBag from /home/vladimir/.local/lib/python3.10/site-packages/airflow/example_dags/example_xcom.py
[2023-04-23T03:20:27.157+0300] {processor.py:753} INFO - DAG(s) dict_keys(['example_xcom']) retrieved from /home/vladimir/.local/lib/python3.10/site-packages/airflow/example_dags/example_xcom.py
[2023-04-23T03:20:27.171+0300] {logging_mixin.py:137} INFO - [2023-04-23T03:20:27.171+0300] {dag.py:2705} INFO - Sync 1 DAGs
[2023-04-23T03:20:27.183+0300] {logging_mixin.py:137} INFO - [2023-04-23T03:20:27.183+0300] {dag.py:3452} INFO - Setting next_dagrun for example_xcom to 2021-01-01T00:00:00+00:00, run_after=2021-01-01T00:00:00+00:00
[2023-04-23T03:20:27.195+0300] {processor.py:175} INFO - Processing /home/vladimir/.local/lib/python3.10/site-packages/airflow/example_dags/example_xcom.py took 0.059 seconds
[2023-04-23T03:21:10.613+0300] {processor.py:153} INFO - Started process (PID=7932) to work on /home/vladimir/.local/lib/python3.10/site-packages/airflow/example_dags/example_xcom.py
[2023-04-23T03:21:10.613+0300] {processor.py:743} INFO - Processing file /home/vladimir/.local/lib/python3.10/site-packages/airflow/example_dags/example_xcom.py for tasks to queue
[2023-04-23T03:21:10.615+0300] {logging_mixin.py:137} INFO - [2023-04-23T03:21:10.614+0300] {dagbag.py:532} INFO - Filling up the DagBag from /home/vladimir/.local/lib/python3.10/site-packages/airflow/example_dags/example_xcom.py
[2023-04-23T03:21:10.633+0300] {processor.py:753} INFO - DAG(s) dict_keys(['example_xcom']) retrieved from /home/vladimir/.local/lib/python3.10/site-packages/airflow/example_dags/example_xcom.py
[2023-04-23T03:21:10.649+0300] {logging_mixin.py:137} INFO - [2023-04-23T03:21:10.649+0300] {dag.py:2705} INFO - Sync 1 DAGs
[2023-04-23T03:21:10.663+0300] {logging_mixin.py:137} INFO - [2023-04-23T03:21:10.663+0300] {dag.py:3452} INFO - Setting next_dagrun for example_xcom to 2021-01-01T00:00:00+00:00, run_after=2021-01-01T00:00:00+00:00
[2023-04-23T03:21:10.676+0300] {processor.py:175} INFO - Processing /home/vladimir/.local/lib/python3.10/site-packages/airflow/example_dags/example_xcom.py took 0.066 seconds
