[2023-04-23T03:13:07.228+0300] {processor.py:153} INFO - Started process (PID=6991) to work on /home/vladimir/.local/lib/python3.10/site-packages/airflow/example_dags/example_dag_decorator.py
[2023-04-23T03:13:07.229+0300] {processor.py:743} INFO - Processing file /home/vladimir/.local/lib/python3.10/site-packages/airflow/example_dags/example_dag_decorator.py for tasks to queue
[2023-04-23T03:13:07.229+0300] {logging_mixin.py:137} INFO - [2023-04-23T03:13:07.229+0300] {dagbag.py:532} INFO - Filling up the DagBag from /home/vladimir/.local/lib/python3.10/site-packages/airflow/example_dags/example_dag_decorator.py
[2023-04-23T03:13:07.242+0300] {logging_mixin.py:137} INFO - [2023-04-23T03:13:07.242+0300] {taskmixin.py:211} WARNING - Dependency <Task(_PythonDecoratedOperator): prepare_email>, send_email already registered for DAG: example_dag_decorator
[2023-04-23T03:13:07.242+0300] {logging_mixin.py:137} INFO - [2023-04-23T03:13:07.242+0300] {taskmixin.py:211} WARNING - Dependency <Task(EmailOperator): send_email>, prepare_email already registered for DAG: example_dag_decorator
[2023-04-23T03:13:07.250+0300] {processor.py:753} INFO - DAG(s) dict_keys(['example_dag_decorator']) retrieved from /home/vladimir/.local/lib/python3.10/site-packages/airflow/example_dags/example_dag_decorator.py
[2023-04-23T03:13:07.284+0300] {logging_mixin.py:137} INFO - [2023-04-23T03:13:07.284+0300] {dag.py:2705} INFO - Sync 1 DAGs
[2023-04-23T03:13:07.298+0300] {logging_mixin.py:137} INFO - [2023-04-23T03:13:07.298+0300] {dag.py:3452} INFO - Setting next_dagrun for example_dag_decorator to None, run_after=None
[2023-04-23T03:13:07.313+0300] {processor.py:175} INFO - Processing /home/vladimir/.local/lib/python3.10/site-packages/airflow/example_dags/example_dag_decorator.py took 0.087 seconds
[2023-04-23T03:13:48.426+0300] {processor.py:153} INFO - Started process (PID=7054) to work on /home/vladimir/.local/lib/python3.10/site-packages/airflow/example_dags/example_dag_decorator.py
[2023-04-23T03:13:48.427+0300] {processor.py:743} INFO - Processing file /home/vladimir/.local/lib/python3.10/site-packages/airflow/example_dags/example_dag_decorator.py for tasks to queue
[2023-04-23T03:13:48.427+0300] {logging_mixin.py:137} INFO - [2023-04-23T03:13:48.427+0300] {dagbag.py:532} INFO - Filling up the DagBag from /home/vladimir/.local/lib/python3.10/site-packages/airflow/example_dags/example_dag_decorator.py
[2023-04-23T03:13:48.441+0300] {logging_mixin.py:137} INFO - [2023-04-23T03:13:48.440+0300] {taskmixin.py:211} WARNING - Dependency <Task(_PythonDecoratedOperator): prepare_email>, send_email already registered for DAG: example_dag_decorator
[2023-04-23T03:13:48.441+0300] {logging_mixin.py:137} INFO - [2023-04-23T03:13:48.441+0300] {taskmixin.py:211} WARNING - Dependency <Task(EmailOperator): send_email>, prepare_email already registered for DAG: example_dag_decorator
[2023-04-23T03:13:48.448+0300] {processor.py:753} INFO - DAG(s) dict_keys(['example_dag_decorator']) retrieved from /home/vladimir/.local/lib/python3.10/site-packages/airflow/example_dags/example_dag_decorator.py
[2023-04-23T03:13:48.481+0300] {logging_mixin.py:137} INFO - [2023-04-23T03:13:48.481+0300] {dag.py:2705} INFO - Sync 1 DAGs
[2023-04-23T03:13:48.493+0300] {logging_mixin.py:137} INFO - [2023-04-23T03:13:48.493+0300] {dag.py:3452} INFO - Setting next_dagrun for example_dag_decorator to None, run_after=None
[2023-04-23T03:13:48.505+0300] {processor.py:175} INFO - Processing /home/vladimir/.local/lib/python3.10/site-packages/airflow/example_dags/example_dag_decorator.py took 0.082 seconds
[2023-04-23T03:14:30.696+0300] {processor.py:153} INFO - Started process (PID=7105) to work on /home/vladimir/.local/lib/python3.10/site-packages/airflow/example_dags/example_dag_decorator.py
[2023-04-23T03:14:30.697+0300] {processor.py:743} INFO - Processing file /home/vladimir/.local/lib/python3.10/site-packages/airflow/example_dags/example_dag_decorator.py for tasks to queue
[2023-04-23T03:14:30.698+0300] {logging_mixin.py:137} INFO - [2023-04-23T03:14:30.698+0300] {dagbag.py:532} INFO - Filling up the DagBag from /home/vladimir/.local/lib/python3.10/site-packages/airflow/example_dags/example_dag_decorator.py
[2023-04-23T03:14:30.711+0300] {logging_mixin.py:137} INFO - [2023-04-23T03:14:30.711+0300] {taskmixin.py:211} WARNING - Dependency <Task(_PythonDecoratedOperator): prepare_email>, send_email already registered for DAG: example_dag_decorator
[2023-04-23T03:14:30.711+0300] {logging_mixin.py:137} INFO - [2023-04-23T03:14:30.711+0300] {taskmixin.py:211} WARNING - Dependency <Task(EmailOperator): send_email>, prepare_email already registered for DAG: example_dag_decorator
[2023-04-23T03:14:30.721+0300] {processor.py:753} INFO - DAG(s) dict_keys(['example_dag_decorator']) retrieved from /home/vladimir/.local/lib/python3.10/site-packages/airflow/example_dags/example_dag_decorator.py
[2023-04-23T03:14:30.755+0300] {logging_mixin.py:137} INFO - [2023-04-23T03:14:30.755+0300] {dag.py:2705} INFO - Sync 1 DAGs
[2023-04-23T03:14:30.767+0300] {logging_mixin.py:137} INFO - [2023-04-23T03:14:30.767+0300] {dag.py:3452} INFO - Setting next_dagrun for example_dag_decorator to None, run_after=None
[2023-04-23T03:14:30.781+0300] {processor.py:175} INFO - Processing /home/vladimir/.local/lib/python3.10/site-packages/airflow/example_dags/example_dag_decorator.py took 0.087 seconds
[2023-04-23T03:15:09.458+0300] {processor.py:153} INFO - Started process (PID=7201) to work on /home/vladimir/.local/lib/python3.10/site-packages/airflow/example_dags/example_dag_decorator.py
[2023-04-23T03:15:09.459+0300] {processor.py:743} INFO - Processing file /home/vladimir/.local/lib/python3.10/site-packages/airflow/example_dags/example_dag_decorator.py for tasks to queue
[2023-04-23T03:15:09.460+0300] {logging_mixin.py:137} INFO - [2023-04-23T03:15:09.460+0300] {dagbag.py:532} INFO - Filling up the DagBag from /home/vladimir/.local/lib/python3.10/site-packages/airflow/example_dags/example_dag_decorator.py
[2023-04-23T03:15:09.473+0300] {logging_mixin.py:137} INFO - [2023-04-23T03:15:09.472+0300] {taskmixin.py:211} WARNING - Dependency <Task(_PythonDecoratedOperator): prepare_email>, send_email already registered for DAG: example_dag_decorator
[2023-04-23T03:15:09.473+0300] {logging_mixin.py:137} INFO - [2023-04-23T03:15:09.473+0300] {taskmixin.py:211} WARNING - Dependency <Task(EmailOperator): send_email>, prepare_email already registered for DAG: example_dag_decorator
[2023-04-23T03:15:09.480+0300] {processor.py:753} INFO - DAG(s) dict_keys(['example_dag_decorator']) retrieved from /home/vladimir/.local/lib/python3.10/site-packages/airflow/example_dags/example_dag_decorator.py
[2023-04-23T03:15:09.511+0300] {logging_mixin.py:137} INFO - [2023-04-23T03:15:09.511+0300] {dag.py:2705} INFO - Sync 1 DAGs
[2023-04-23T03:15:09.524+0300] {logging_mixin.py:137} INFO - [2023-04-23T03:15:09.524+0300] {dag.py:3452} INFO - Setting next_dagrun for example_dag_decorator to None, run_after=None
[2023-04-23T03:15:09.539+0300] {processor.py:175} INFO - Processing /home/vladimir/.local/lib/python3.10/site-packages/airflow/example_dags/example_dag_decorator.py took 0.083 seconds
[2023-04-23T03:15:50.543+0300] {processor.py:153} INFO - Started process (PID=7254) to work on /home/vladimir/.local/lib/python3.10/site-packages/airflow/example_dags/example_dag_decorator.py
[2023-04-23T03:15:50.544+0300] {processor.py:743} INFO - Processing file /home/vladimir/.local/lib/python3.10/site-packages/airflow/example_dags/example_dag_decorator.py for tasks to queue
[2023-04-23T03:15:50.545+0300] {logging_mixin.py:137} INFO - [2023-04-23T03:15:50.545+0300] {dagbag.py:532} INFO - Filling up the DagBag from /home/vladimir/.local/lib/python3.10/site-packages/airflow/example_dags/example_dag_decorator.py
[2023-04-23T03:15:50.557+0300] {logging_mixin.py:137} INFO - [2023-04-23T03:15:50.557+0300] {taskmixin.py:211} WARNING - Dependency <Task(_PythonDecoratedOperator): prepare_email>, send_email already registered for DAG: example_dag_decorator
[2023-04-23T03:15:50.557+0300] {logging_mixin.py:137} INFO - [2023-04-23T03:15:50.557+0300] {taskmixin.py:211} WARNING - Dependency <Task(EmailOperator): send_email>, prepare_email already registered for DAG: example_dag_decorator
[2023-04-23T03:15:50.565+0300] {processor.py:753} INFO - DAG(s) dict_keys(['example_dag_decorator']) retrieved from /home/vladimir/.local/lib/python3.10/site-packages/airflow/example_dags/example_dag_decorator.py
[2023-04-23T03:15:50.600+0300] {logging_mixin.py:137} INFO - [2023-04-23T03:15:50.599+0300] {dag.py:2705} INFO - Sync 1 DAGs
[2023-04-23T03:15:50.611+0300] {logging_mixin.py:137} INFO - [2023-04-23T03:15:50.611+0300] {dag.py:3452} INFO - Setting next_dagrun for example_dag_decorator to None, run_after=None
[2023-04-23T03:15:50.624+0300] {processor.py:175} INFO - Processing /home/vladimir/.local/lib/python3.10/site-packages/airflow/example_dags/example_dag_decorator.py took 0.083 seconds
[2023-04-23T03:16:31.207+0300] {processor.py:153} INFO - Started process (PID=7320) to work on /home/vladimir/.local/lib/python3.10/site-packages/airflow/example_dags/example_dag_decorator.py
[2023-04-23T03:16:31.208+0300] {processor.py:743} INFO - Processing file /home/vladimir/.local/lib/python3.10/site-packages/airflow/example_dags/example_dag_decorator.py for tasks to queue
[2023-04-23T03:16:31.208+0300] {logging_mixin.py:137} INFO - [2023-04-23T03:16:31.208+0300] {dagbag.py:532} INFO - Filling up the DagBag from /home/vladimir/.local/lib/python3.10/site-packages/airflow/example_dags/example_dag_decorator.py
[2023-04-23T03:16:31.225+0300] {logging_mixin.py:137} INFO - [2023-04-23T03:16:31.225+0300] {taskmixin.py:211} WARNING - Dependency <Task(_PythonDecoratedOperator): prepare_email>, send_email already registered for DAG: example_dag_decorator
[2023-04-23T03:16:31.225+0300] {logging_mixin.py:137} INFO - [2023-04-23T03:16:31.225+0300] {taskmixin.py:211} WARNING - Dependency <Task(EmailOperator): send_email>, prepare_email already registered for DAG: example_dag_decorator
[2023-04-23T03:16:31.234+0300] {processor.py:753} INFO - DAG(s) dict_keys(['example_dag_decorator']) retrieved from /home/vladimir/.local/lib/python3.10/site-packages/airflow/example_dags/example_dag_decorator.py
[2023-04-23T03:16:31.267+0300] {logging_mixin.py:137} INFO - [2023-04-23T03:16:31.267+0300] {dag.py:2705} INFO - Sync 1 DAGs
[2023-04-23T03:16:31.279+0300] {logging_mixin.py:137} INFO - [2023-04-23T03:16:31.278+0300] {dag.py:3452} INFO - Setting next_dagrun for example_dag_decorator to None, run_after=None
[2023-04-23T03:16:31.291+0300] {processor.py:175} INFO - Processing /home/vladimir/.local/lib/python3.10/site-packages/airflow/example_dags/example_dag_decorator.py took 0.086 seconds
[2023-04-23T03:17:11.745+0300] {processor.py:153} INFO - Started process (PID=7381) to work on /home/vladimir/.local/lib/python3.10/site-packages/airflow/example_dags/example_dag_decorator.py
[2023-04-23T03:17:11.746+0300] {processor.py:743} INFO - Processing file /home/vladimir/.local/lib/python3.10/site-packages/airflow/example_dags/example_dag_decorator.py for tasks to queue
[2023-04-23T03:17:11.746+0300] {logging_mixin.py:137} INFO - [2023-04-23T03:17:11.746+0300] {dagbag.py:532} INFO - Filling up the DagBag from /home/vladimir/.local/lib/python3.10/site-packages/airflow/example_dags/example_dag_decorator.py
[2023-04-23T03:17:11.759+0300] {logging_mixin.py:137} INFO - [2023-04-23T03:17:11.759+0300] {taskmixin.py:211} WARNING - Dependency <Task(_PythonDecoratedOperator): prepare_email>, send_email already registered for DAG: example_dag_decorator
[2023-04-23T03:17:11.759+0300] {logging_mixin.py:137} INFO - [2023-04-23T03:17:11.759+0300] {taskmixin.py:211} WARNING - Dependency <Task(EmailOperator): send_email>, prepare_email already registered for DAG: example_dag_decorator
[2023-04-23T03:17:11.767+0300] {processor.py:753} INFO - DAG(s) dict_keys(['example_dag_decorator']) retrieved from /home/vladimir/.local/lib/python3.10/site-packages/airflow/example_dags/example_dag_decorator.py
[2023-04-23T03:17:11.800+0300] {logging_mixin.py:137} INFO - [2023-04-23T03:17:11.800+0300] {dag.py:2705} INFO - Sync 1 DAGs
[2023-04-23T03:17:11.810+0300] {logging_mixin.py:137} INFO - [2023-04-23T03:17:11.810+0300] {dag.py:3452} INFO - Setting next_dagrun for example_dag_decorator to None, run_after=None
[2023-04-23T03:17:11.823+0300] {processor.py:175} INFO - Processing /home/vladimir/.local/lib/python3.10/site-packages/airflow/example_dags/example_dag_decorator.py took 0.079 seconds
[2023-04-23T03:17:51.152+0300] {processor.py:153} INFO - Started process (PID=7425) to work on /home/vladimir/.local/lib/python3.10/site-packages/airflow/example_dags/example_dag_decorator.py
[2023-04-23T03:17:51.153+0300] {processor.py:743} INFO - Processing file /home/vladimir/.local/lib/python3.10/site-packages/airflow/example_dags/example_dag_decorator.py for tasks to queue
[2023-04-23T03:17:51.153+0300] {logging_mixin.py:137} INFO - [2023-04-23T03:17:51.153+0300] {dagbag.py:532} INFO - Filling up the DagBag from /home/vladimir/.local/lib/python3.10/site-packages/airflow/example_dags/example_dag_decorator.py
[2023-04-23T03:17:51.169+0300] {logging_mixin.py:137} INFO - [2023-04-23T03:17:51.169+0300] {taskmixin.py:211} WARNING - Dependency <Task(_PythonDecoratedOperator): prepare_email>, send_email already registered for DAG: example_dag_decorator
[2023-04-23T03:17:51.169+0300] {logging_mixin.py:137} INFO - [2023-04-23T03:17:51.169+0300] {taskmixin.py:211} WARNING - Dependency <Task(EmailOperator): send_email>, prepare_email already registered for DAG: example_dag_decorator
[2023-04-23T03:17:51.178+0300] {processor.py:753} INFO - DAG(s) dict_keys(['example_dag_decorator']) retrieved from /home/vladimir/.local/lib/python3.10/site-packages/airflow/example_dags/example_dag_decorator.py
[2023-04-23T03:17:51.213+0300] {logging_mixin.py:137} INFO - [2023-04-23T03:17:51.213+0300] {dag.py:2705} INFO - Sync 1 DAGs
[2023-04-23T03:17:51.224+0300] {logging_mixin.py:137} INFO - [2023-04-23T03:17:51.224+0300] {dag.py:3452} INFO - Setting next_dagrun for example_dag_decorator to None, run_after=None
[2023-04-23T03:17:51.236+0300] {processor.py:175} INFO - Processing /home/vladimir/.local/lib/python3.10/site-packages/airflow/example_dags/example_dag_decorator.py took 0.086 seconds
[2023-04-23T03:18:29.375+0300] {processor.py:153} INFO - Started process (PID=7471) to work on /home/vladimir/.local/lib/python3.10/site-packages/airflow/example_dags/example_dag_decorator.py
[2023-04-23T03:18:29.376+0300] {processor.py:743} INFO - Processing file /home/vladimir/.local/lib/python3.10/site-packages/airflow/example_dags/example_dag_decorator.py for tasks to queue
[2023-04-23T03:18:29.376+0300] {logging_mixin.py:137} INFO - [2023-04-23T03:18:29.376+0300] {dagbag.py:532} INFO - Filling up the DagBag from /home/vladimir/.local/lib/python3.10/site-packages/airflow/example_dags/example_dag_decorator.py
[2023-04-23T03:18:29.389+0300] {logging_mixin.py:137} INFO - [2023-04-23T03:18:29.388+0300] {taskmixin.py:211} WARNING - Dependency <Task(_PythonDecoratedOperator): prepare_email>, send_email already registered for DAG: example_dag_decorator
[2023-04-23T03:18:29.389+0300] {logging_mixin.py:137} INFO - [2023-04-23T03:18:29.389+0300] {taskmixin.py:211} WARNING - Dependency <Task(EmailOperator): send_email>, prepare_email already registered for DAG: example_dag_decorator
[2023-04-23T03:18:29.396+0300] {processor.py:753} INFO - DAG(s) dict_keys(['example_dag_decorator']) retrieved from /home/vladimir/.local/lib/python3.10/site-packages/airflow/example_dags/example_dag_decorator.py
[2023-04-23T03:18:29.427+0300] {logging_mixin.py:137} INFO - [2023-04-23T03:18:29.427+0300] {dag.py:2705} INFO - Sync 1 DAGs
[2023-04-23T03:18:29.438+0300] {logging_mixin.py:137} INFO - [2023-04-23T03:18:29.438+0300] {dag.py:3452} INFO - Setting next_dagrun for example_dag_decorator to None, run_after=None
[2023-04-23T03:18:29.449+0300] {processor.py:175} INFO - Processing /home/vladimir/.local/lib/python3.10/site-packages/airflow/example_dags/example_dag_decorator.py took 0.076 seconds
[2023-04-23T03:19:08.397+0300] {processor.py:153} INFO - Started process (PID=7514) to work on /home/vladimir/.local/lib/python3.10/site-packages/airflow/example_dags/example_dag_decorator.py
[2023-04-23T03:19:08.398+0300] {processor.py:743} INFO - Processing file /home/vladimir/.local/lib/python3.10/site-packages/airflow/example_dags/example_dag_decorator.py for tasks to queue
[2023-04-23T03:19:08.399+0300] {logging_mixin.py:137} INFO - [2023-04-23T03:19:08.399+0300] {dagbag.py:532} INFO - Filling up the DagBag from /home/vladimir/.local/lib/python3.10/site-packages/airflow/example_dags/example_dag_decorator.py
[2023-04-23T03:19:08.411+0300] {logging_mixin.py:137} INFO - [2023-04-23T03:19:08.411+0300] {taskmixin.py:211} WARNING - Dependency <Task(_PythonDecoratedOperator): prepare_email>, send_email already registered for DAG: example_dag_decorator
[2023-04-23T03:19:08.411+0300] {logging_mixin.py:137} INFO - [2023-04-23T03:19:08.411+0300] {taskmixin.py:211} WARNING - Dependency <Task(EmailOperator): send_email>, prepare_email already registered for DAG: example_dag_decorator
[2023-04-23T03:19:08.419+0300] {processor.py:753} INFO - DAG(s) dict_keys(['example_dag_decorator']) retrieved from /home/vladimir/.local/lib/python3.10/site-packages/airflow/example_dags/example_dag_decorator.py
[2023-04-23T03:19:08.450+0300] {logging_mixin.py:137} INFO - [2023-04-23T03:19:08.450+0300] {dag.py:2705} INFO - Sync 1 DAGs
[2023-04-23T03:19:08.462+0300] {logging_mixin.py:137} INFO - [2023-04-23T03:19:08.461+0300] {dag.py:3452} INFO - Setting next_dagrun for example_dag_decorator to None, run_after=None
[2023-04-23T03:19:08.474+0300] {processor.py:175} INFO - Processing /home/vladimir/.local/lib/python3.10/site-packages/airflow/example_dags/example_dag_decorator.py took 0.079 seconds
[2023-04-23T03:19:55.960+0300] {processor.py:153} INFO - Started process (PID=7783) to work on /home/vladimir/.local/lib/python3.10/site-packages/airflow/example_dags/example_dag_decorator.py
[2023-04-23T03:19:55.969+0300] {processor.py:743} INFO - Processing file /home/vladimir/.local/lib/python3.10/site-packages/airflow/example_dags/example_dag_decorator.py for tasks to queue
[2023-04-23T03:19:55.970+0300] {logging_mixin.py:137} INFO - [2023-04-23T03:19:55.970+0300] {dagbag.py:532} INFO - Filling up the DagBag from /home/vladimir/.local/lib/python3.10/site-packages/airflow/example_dags/example_dag_decorator.py
[2023-04-23T03:19:56.262+0300] {logging_mixin.py:137} INFO - [2023-04-23T03:19:56.262+0300] {taskmixin.py:211} WARNING - Dependency <Task(_PythonDecoratedOperator): prepare_email>, send_email already registered for DAG: example_dag_decorator
[2023-04-23T03:19:56.263+0300] {logging_mixin.py:137} INFO - [2023-04-23T03:19:56.263+0300] {taskmixin.py:211} WARNING - Dependency <Task(EmailOperator): send_email>, prepare_email already registered for DAG: example_dag_decorator
[2023-04-23T03:19:56.492+0300] {processor.py:753} INFO - DAG(s) dict_keys(['example_dag_decorator']) retrieved from /home/vladimir/.local/lib/python3.10/site-packages/airflow/example_dags/example_dag_decorator.py
[2023-04-23T03:19:56.616+0300] {logging_mixin.py:137} INFO - [2023-04-23T03:19:56.616+0300] {dag.py:2705} INFO - Sync 1 DAGs
[2023-04-23T03:19:56.641+0300] {logging_mixin.py:137} INFO - [2023-04-23T03:19:56.641+0300] {dag.py:3452} INFO - Setting next_dagrun for example_dag_decorator to None, run_after=None
[2023-04-23T03:19:56.669+0300] {processor.py:175} INFO - Processing /home/vladimir/.local/lib/python3.10/site-packages/airflow/example_dags/example_dag_decorator.py took 0.737 seconds
[2023-04-23T03:20:41.152+0300] {processor.py:153} INFO - Started process (PID=7866) to work on /home/vladimir/.local/lib/python3.10/site-packages/airflow/example_dags/example_dag_decorator.py
[2023-04-23T03:20:41.154+0300] {processor.py:743} INFO - Processing file /home/vladimir/.local/lib/python3.10/site-packages/airflow/example_dags/example_dag_decorator.py for tasks to queue
[2023-04-23T03:20:41.154+0300] {logging_mixin.py:137} INFO - [2023-04-23T03:20:41.154+0300] {dagbag.py:532} INFO - Filling up the DagBag from /home/vladimir/.local/lib/python3.10/site-packages/airflow/example_dags/example_dag_decorator.py
[2023-04-23T03:20:41.168+0300] {logging_mixin.py:137} INFO - [2023-04-23T03:20:41.168+0300] {taskmixin.py:211} WARNING - Dependency <Task(_PythonDecoratedOperator): prepare_email>, send_email already registered for DAG: example_dag_decorator
[2023-04-23T03:20:41.168+0300] {logging_mixin.py:137} INFO - [2023-04-23T03:20:41.168+0300] {taskmixin.py:211} WARNING - Dependency <Task(EmailOperator): send_email>, prepare_email already registered for DAG: example_dag_decorator
[2023-04-23T03:20:41.177+0300] {processor.py:753} INFO - DAG(s) dict_keys(['example_dag_decorator']) retrieved from /home/vladimir/.local/lib/python3.10/site-packages/airflow/example_dags/example_dag_decorator.py
[2023-04-23T03:20:41.215+0300] {logging_mixin.py:137} INFO - [2023-04-23T03:20:41.215+0300] {dag.py:2705} INFO - Sync 1 DAGs
[2023-04-23T03:20:41.227+0300] {logging_mixin.py:137} INFO - [2023-04-23T03:20:41.227+0300] {dag.py:3452} INFO - Setting next_dagrun for example_dag_decorator to None, run_after=None
[2023-04-23T03:20:41.242+0300] {processor.py:175} INFO - Processing /home/vladimir/.local/lib/python3.10/site-packages/airflow/example_dags/example_dag_decorator.py took 0.092 seconds
[2023-04-23T03:21:24.899+0300] {processor.py:153} INFO - Started process (PID=7951) to work on /home/vladimir/.local/lib/python3.10/site-packages/airflow/example_dags/example_dag_decorator.py
[2023-04-23T03:21:24.900+0300] {processor.py:743} INFO - Processing file /home/vladimir/.local/lib/python3.10/site-packages/airflow/example_dags/example_dag_decorator.py for tasks to queue
[2023-04-23T03:21:24.900+0300] {logging_mixin.py:137} INFO - [2023-04-23T03:21:24.900+0300] {dagbag.py:532} INFO - Filling up the DagBag from /home/vladimir/.local/lib/python3.10/site-packages/airflow/example_dags/example_dag_decorator.py
[2023-04-23T03:21:24.913+0300] {logging_mixin.py:137} INFO - [2023-04-23T03:21:24.913+0300] {taskmixin.py:211} WARNING - Dependency <Task(_PythonDecoratedOperator): prepare_email>, send_email already registered for DAG: example_dag_decorator
[2023-04-23T03:21:24.913+0300] {logging_mixin.py:137} INFO - [2023-04-23T03:21:24.913+0300] {taskmixin.py:211} WARNING - Dependency <Task(EmailOperator): send_email>, prepare_email already registered for DAG: example_dag_decorator
[2023-04-23T03:21:24.921+0300] {processor.py:753} INFO - DAG(s) dict_keys(['example_dag_decorator']) retrieved from /home/vladimir/.local/lib/python3.10/site-packages/airflow/example_dags/example_dag_decorator.py
[2023-04-23T03:21:24.957+0300] {logging_mixin.py:137} INFO - [2023-04-23T03:21:24.957+0300] {dag.py:2705} INFO - Sync 1 DAGs
[2023-04-23T03:21:24.969+0300] {logging_mixin.py:137} INFO - [2023-04-23T03:21:24.969+0300] {dag.py:3452} INFO - Setting next_dagrun for example_dag_decorator to None, run_after=None
[2023-04-23T03:21:24.984+0300] {processor.py:175} INFO - Processing /home/vladimir/.local/lib/python3.10/site-packages/airflow/example_dags/example_dag_decorator.py took 0.088 seconds
