[2023-04-23T03:12:35.068+0300] {processor.py:153} INFO - Started process (PID=6911) to work on /home/vladimir/.local/lib/python3.10/site-packages/airflow/example_dags/example_kubernetes_executor.py
[2023-04-23T03:12:35.069+0300] {processor.py:743} INFO - Processing file /home/vladimir/.local/lib/python3.10/site-packages/airflow/example_dags/example_kubernetes_executor.py for tasks to queue
[2023-04-23T03:12:35.069+0300] {logging_mixin.py:137} INFO - [2023-04-23T03:12:35.069+0300] {dagbag.py:532} INFO - Filling up the DagBag from /home/vladimir/.local/lib/python3.10/site-packages/airflow/example_dags/example_kubernetes_executor.py
[2023-04-23T03:12:35.109+0300] {processor.py:753} INFO - DAG(s) dict_keys(['example_kubernetes_executor']) retrieved from /home/vladimir/.local/lib/python3.10/site-packages/airflow/example_dags/example_kubernetes_executor.py
[2023-04-23T03:12:35.128+0300] {logging_mixin.py:137} INFO - [2023-04-23T03:12:35.128+0300] {dag.py:2705} INFO - Sync 1 DAGs
[2023-04-23T03:12:35.141+0300] {logging_mixin.py:137} INFO - [2023-04-23T03:12:35.141+0300] {dag.py:3452} INFO - Setting next_dagrun for example_kubernetes_executor to None, run_after=None
[2023-04-23T03:12:35.154+0300] {processor.py:175} INFO - Processing /home/vladimir/.local/lib/python3.10/site-packages/airflow/example_dags/example_kubernetes_executor.py took 0.088 seconds
[2023-04-23T03:13:14.630+0300] {processor.py:153} INFO - Started process (PID=7003) to work on /home/vladimir/.local/lib/python3.10/site-packages/airflow/example_dags/example_kubernetes_executor.py
[2023-04-23T03:13:14.631+0300] {processor.py:743} INFO - Processing file /home/vladimir/.local/lib/python3.10/site-packages/airflow/example_dags/example_kubernetes_executor.py for tasks to queue
[2023-04-23T03:13:14.631+0300] {logging_mixin.py:137} INFO - [2023-04-23T03:13:14.631+0300] {dagbag.py:532} INFO - Filling up the DagBag from /home/vladimir/.local/lib/python3.10/site-packages/airflow/example_dags/example_kubernetes_executor.py
[2023-04-23T03:13:14.655+0300] {processor.py:753} INFO - DAG(s) dict_keys(['example_kubernetes_executor']) retrieved from /home/vladimir/.local/lib/python3.10/site-packages/airflow/example_dags/example_kubernetes_executor.py
[2023-04-23T03:13:14.675+0300] {logging_mixin.py:137} INFO - [2023-04-23T03:13:14.675+0300] {dag.py:2705} INFO - Sync 1 DAGs
[2023-04-23T03:13:14.688+0300] {logging_mixin.py:137} INFO - [2023-04-23T03:13:14.688+0300] {dag.py:3452} INFO - Setting next_dagrun for example_kubernetes_executor to None, run_after=None
[2023-04-23T03:13:14.701+0300] {processor.py:175} INFO - Processing /home/vladimir/.local/lib/python3.10/site-packages/airflow/example_dags/example_kubernetes_executor.py took 0.074 seconds
[2023-04-23T03:13:55.826+0300] {processor.py:153} INFO - Started process (PID=7061) to work on /home/vladimir/.local/lib/python3.10/site-packages/airflow/example_dags/example_kubernetes_executor.py
[2023-04-23T03:13:55.827+0300] {processor.py:743} INFO - Processing file /home/vladimir/.local/lib/python3.10/site-packages/airflow/example_dags/example_kubernetes_executor.py for tasks to queue
[2023-04-23T03:13:55.828+0300] {logging_mixin.py:137} INFO - [2023-04-23T03:13:55.827+0300] {dagbag.py:532} INFO - Filling up the DagBag from /home/vladimir/.local/lib/python3.10/site-packages/airflow/example_dags/example_kubernetes_executor.py
[2023-04-23T03:13:55.848+0300] {processor.py:753} INFO - DAG(s) dict_keys(['example_kubernetes_executor']) retrieved from /home/vladimir/.local/lib/python3.10/site-packages/airflow/example_dags/example_kubernetes_executor.py
[2023-04-23T03:13:55.867+0300] {logging_mixin.py:137} INFO - [2023-04-23T03:13:55.867+0300] {dag.py:2705} INFO - Sync 1 DAGs
[2023-04-23T03:13:55.879+0300] {logging_mixin.py:137} INFO - [2023-04-23T03:13:55.879+0300] {dag.py:3452} INFO - Setting next_dagrun for example_kubernetes_executor to None, run_after=None
[2023-04-23T03:13:55.891+0300] {processor.py:175} INFO - Processing /home/vladimir/.local/lib/python3.10/site-packages/airflow/example_dags/example_kubernetes_executor.py took 0.067 seconds
[2023-04-23T03:14:36.365+0300] {processor.py:153} INFO - Started process (PID=7115) to work on /home/vladimir/.local/lib/python3.10/site-packages/airflow/example_dags/example_kubernetes_executor.py
[2023-04-23T03:14:36.366+0300] {processor.py:743} INFO - Processing file /home/vladimir/.local/lib/python3.10/site-packages/airflow/example_dags/example_kubernetes_executor.py for tasks to queue
[2023-04-23T03:14:36.366+0300] {logging_mixin.py:137} INFO - [2023-04-23T03:14:36.366+0300] {dagbag.py:532} INFO - Filling up the DagBag from /home/vladimir/.local/lib/python3.10/site-packages/airflow/example_dags/example_kubernetes_executor.py
[2023-04-23T03:14:36.388+0300] {processor.py:753} INFO - DAG(s) dict_keys(['example_kubernetes_executor']) retrieved from /home/vladimir/.local/lib/python3.10/site-packages/airflow/example_dags/example_kubernetes_executor.py
[2023-04-23T03:14:36.406+0300] {logging_mixin.py:137} INFO - [2023-04-23T03:14:36.405+0300] {dag.py:2705} INFO - Sync 1 DAGs
[2023-04-23T03:14:36.418+0300] {logging_mixin.py:137} INFO - [2023-04-23T03:14:36.417+0300] {dag.py:3452} INFO - Setting next_dagrun for example_kubernetes_executor to None, run_after=None
[2023-04-23T03:14:36.430+0300] {processor.py:175} INFO - Processing /home/vladimir/.local/lib/python3.10/site-packages/airflow/example_dags/example_kubernetes_executor.py took 0.067 seconds
[2023-04-23T03:15:16.865+0300] {processor.py:153} INFO - Started process (PID=7208) to work on /home/vladimir/.local/lib/python3.10/site-packages/airflow/example_dags/example_kubernetes_executor.py
[2023-04-23T03:15:16.866+0300] {processor.py:743} INFO - Processing file /home/vladimir/.local/lib/python3.10/site-packages/airflow/example_dags/example_kubernetes_executor.py for tasks to queue
[2023-04-23T03:15:16.866+0300] {logging_mixin.py:137} INFO - [2023-04-23T03:15:16.866+0300] {dagbag.py:532} INFO - Filling up the DagBag from /home/vladimir/.local/lib/python3.10/site-packages/airflow/example_dags/example_kubernetes_executor.py
[2023-04-23T03:15:16.888+0300] {processor.py:753} INFO - DAG(s) dict_keys(['example_kubernetes_executor']) retrieved from /home/vladimir/.local/lib/python3.10/site-packages/airflow/example_dags/example_kubernetes_executor.py
[2023-04-23T03:15:16.906+0300] {logging_mixin.py:137} INFO - [2023-04-23T03:15:16.906+0300] {dag.py:2705} INFO - Sync 1 DAGs
[2023-04-23T03:15:16.919+0300] {logging_mixin.py:137} INFO - [2023-04-23T03:15:16.918+0300] {dag.py:3452} INFO - Setting next_dagrun for example_kubernetes_executor to None, run_after=None
[2023-04-23T03:15:16.932+0300] {processor.py:175} INFO - Processing /home/vladimir/.local/lib/python3.10/site-packages/airflow/example_dags/example_kubernetes_executor.py took 0.069 seconds
[2023-04-23T03:15:57.408+0300] {processor.py:153} INFO - Started process (PID=7265) to work on /home/vladimir/.local/lib/python3.10/site-packages/airflow/example_dags/example_kubernetes_executor.py
[2023-04-23T03:15:57.408+0300] {processor.py:743} INFO - Processing file /home/vladimir/.local/lib/python3.10/site-packages/airflow/example_dags/example_kubernetes_executor.py for tasks to queue
[2023-04-23T03:15:57.409+0300] {logging_mixin.py:137} INFO - [2023-04-23T03:15:57.409+0300] {dagbag.py:532} INFO - Filling up the DagBag from /home/vladimir/.local/lib/python3.10/site-packages/airflow/example_dags/example_kubernetes_executor.py
[2023-04-23T03:15:57.429+0300] {processor.py:753} INFO - DAG(s) dict_keys(['example_kubernetes_executor']) retrieved from /home/vladimir/.local/lib/python3.10/site-packages/airflow/example_dags/example_kubernetes_executor.py
[2023-04-23T03:15:57.447+0300] {logging_mixin.py:137} INFO - [2023-04-23T03:15:57.447+0300] {dag.py:2705} INFO - Sync 1 DAGs
[2023-04-23T03:15:57.459+0300] {logging_mixin.py:137} INFO - [2023-04-23T03:15:57.459+0300] {dag.py:3452} INFO - Setting next_dagrun for example_kubernetes_executor to None, run_after=None
[2023-04-23T03:15:57.471+0300] {processor.py:175} INFO - Processing /home/vladimir/.local/lib/python3.10/site-packages/airflow/example_dags/example_kubernetes_executor.py took 0.065 seconds
[2023-04-23T03:16:36.767+0300] {processor.py:153} INFO - Started process (PID=7339) to work on /home/vladimir/.local/lib/python3.10/site-packages/airflow/example_dags/example_kubernetes_executor.py
[2023-04-23T03:16:36.769+0300] {processor.py:743} INFO - Processing file /home/vladimir/.local/lib/python3.10/site-packages/airflow/example_dags/example_kubernetes_executor.py for tasks to queue
[2023-04-23T03:16:36.769+0300] {logging_mixin.py:137} INFO - [2023-04-23T03:16:36.769+0300] {dagbag.py:532} INFO - Filling up the DagBag from /home/vladimir/.local/lib/python3.10/site-packages/airflow/example_dags/example_kubernetes_executor.py
[2023-04-23T03:16:36.790+0300] {processor.py:753} INFO - DAG(s) dict_keys(['example_kubernetes_executor']) retrieved from /home/vladimir/.local/lib/python3.10/site-packages/airflow/example_dags/example_kubernetes_executor.py
[2023-04-23T03:16:36.807+0300] {logging_mixin.py:137} INFO - [2023-04-23T03:16:36.807+0300] {dag.py:2705} INFO - Sync 1 DAGs
[2023-04-23T03:16:36.820+0300] {logging_mixin.py:137} INFO - [2023-04-23T03:16:36.820+0300] {dag.py:3452} INFO - Setting next_dagrun for example_kubernetes_executor to None, run_after=None
[2023-04-23T03:16:36.832+0300] {processor.py:175} INFO - Processing /home/vladimir/.local/lib/python3.10/site-packages/airflow/example_dags/example_kubernetes_executor.py took 0.067 seconds
[2023-04-23T03:17:18.479+0300] {processor.py:153} INFO - Started process (PID=7388) to work on /home/vladimir/.local/lib/python3.10/site-packages/airflow/example_dags/example_kubernetes_executor.py
[2023-04-23T03:17:18.480+0300] {processor.py:743} INFO - Processing file /home/vladimir/.local/lib/python3.10/site-packages/airflow/example_dags/example_kubernetes_executor.py for tasks to queue
[2023-04-23T03:17:18.480+0300] {logging_mixin.py:137} INFO - [2023-04-23T03:17:18.480+0300] {dagbag.py:532} INFO - Filling up the DagBag from /home/vladimir/.local/lib/python3.10/site-packages/airflow/example_dags/example_kubernetes_executor.py
[2023-04-23T03:17:18.499+0300] {processor.py:753} INFO - DAG(s) dict_keys(['example_kubernetes_executor']) retrieved from /home/vladimir/.local/lib/python3.10/site-packages/airflow/example_dags/example_kubernetes_executor.py
[2023-04-23T03:17:18.519+0300] {logging_mixin.py:137} INFO - [2023-04-23T03:17:18.519+0300] {dag.py:2705} INFO - Sync 1 DAGs
[2023-04-23T03:17:18.531+0300] {logging_mixin.py:137} INFO - [2023-04-23T03:17:18.531+0300] {dag.py:3452} INFO - Setting next_dagrun for example_kubernetes_executor to None, run_after=None
[2023-04-23T03:17:18.542+0300] {processor.py:175} INFO - Processing /home/vladimir/.local/lib/python3.10/site-packages/airflow/example_dags/example_kubernetes_executor.py took 0.065 seconds
[2023-04-23T03:17:57.422+0300] {processor.py:153} INFO - Started process (PID=7434) to work on /home/vladimir/.local/lib/python3.10/site-packages/airflow/example_dags/example_kubernetes_executor.py
[2023-04-23T03:17:57.422+0300] {processor.py:743} INFO - Processing file /home/vladimir/.local/lib/python3.10/site-packages/airflow/example_dags/example_kubernetes_executor.py for tasks to queue
[2023-04-23T03:17:57.423+0300] {logging_mixin.py:137} INFO - [2023-04-23T03:17:57.423+0300] {dagbag.py:532} INFO - Filling up the DagBag from /home/vladimir/.local/lib/python3.10/site-packages/airflow/example_dags/example_kubernetes_executor.py
[2023-04-23T03:17:57.443+0300] {processor.py:753} INFO - DAG(s) dict_keys(['example_kubernetes_executor']) retrieved from /home/vladimir/.local/lib/python3.10/site-packages/airflow/example_dags/example_kubernetes_executor.py
[2023-04-23T03:17:57.461+0300] {logging_mixin.py:137} INFO - [2023-04-23T03:17:57.461+0300] {dag.py:2705} INFO - Sync 1 DAGs
[2023-04-23T03:17:57.473+0300] {logging_mixin.py:137} INFO - [2023-04-23T03:17:57.472+0300] {dag.py:3452} INFO - Setting next_dagrun for example_kubernetes_executor to None, run_after=None
[2023-04-23T03:17:57.484+0300] {processor.py:175} INFO - Processing /home/vladimir/.local/lib/python3.10/site-packages/airflow/example_dags/example_kubernetes_executor.py took 0.065 seconds
[2023-04-23T03:18:35.686+0300] {processor.py:153} INFO - Started process (PID=7478) to work on /home/vladimir/.local/lib/python3.10/site-packages/airflow/example_dags/example_kubernetes_executor.py
[2023-04-23T03:18:35.686+0300] {processor.py:743} INFO - Processing file /home/vladimir/.local/lib/python3.10/site-packages/airflow/example_dags/example_kubernetes_executor.py for tasks to queue
[2023-04-23T03:18:35.687+0300] {logging_mixin.py:137} INFO - [2023-04-23T03:18:35.687+0300] {dagbag.py:532} INFO - Filling up the DagBag from /home/vladimir/.local/lib/python3.10/site-packages/airflow/example_dags/example_kubernetes_executor.py
[2023-04-23T03:18:35.707+0300] {processor.py:753} INFO - DAG(s) dict_keys(['example_kubernetes_executor']) retrieved from /home/vladimir/.local/lib/python3.10/site-packages/airflow/example_dags/example_kubernetes_executor.py
[2023-04-23T03:18:35.724+0300] {logging_mixin.py:137} INFO - [2023-04-23T03:18:35.724+0300] {dag.py:2705} INFO - Sync 1 DAGs
[2023-04-23T03:18:35.741+0300] {logging_mixin.py:137} INFO - [2023-04-23T03:18:35.741+0300] {dag.py:3452} INFO - Setting next_dagrun for example_kubernetes_executor to None, run_after=None
[2023-04-23T03:18:35.753+0300] {processor.py:175} INFO - Processing /home/vladimir/.local/lib/python3.10/site-packages/airflow/example_dags/example_kubernetes_executor.py took 0.069 seconds
[2023-04-23T03:19:16.185+0300] {processor.py:153} INFO - Started process (PID=7524) to work on /home/vladimir/.local/lib/python3.10/site-packages/airflow/example_dags/example_kubernetes_executor.py
[2023-04-23T03:19:16.186+0300] {processor.py:743} INFO - Processing file /home/vladimir/.local/lib/python3.10/site-packages/airflow/example_dags/example_kubernetes_executor.py for tasks to queue
[2023-04-23T03:19:16.187+0300] {logging_mixin.py:137} INFO - [2023-04-23T03:19:16.187+0300] {dagbag.py:532} INFO - Filling up the DagBag from /home/vladimir/.local/lib/python3.10/site-packages/airflow/example_dags/example_kubernetes_executor.py
[2023-04-23T03:19:16.207+0300] {processor.py:753} INFO - DAG(s) dict_keys(['example_kubernetes_executor']) retrieved from /home/vladimir/.local/lib/python3.10/site-packages/airflow/example_dags/example_kubernetes_executor.py
[2023-04-23T03:19:16.232+0300] {logging_mixin.py:137} INFO - [2023-04-23T03:19:16.232+0300] {dag.py:2705} INFO - Sync 1 DAGs
[2023-04-23T03:19:16.283+0300] {logging_mixin.py:137} INFO - [2023-04-23T03:19:16.283+0300] {dag.py:3452} INFO - Setting next_dagrun for example_kubernetes_executor to None, run_after=None
[2023-04-23T03:19:16.308+0300] {processor.py:175} INFO - Processing /home/vladimir/.local/lib/python3.10/site-packages/airflow/example_dags/example_kubernetes_executor.py took 0.126 seconds
[2023-04-23T03:20:05.725+0300] {processor.py:153} INFO - Started process (PID=7820) to work on /home/vladimir/.local/lib/python3.10/site-packages/airflow/example_dags/example_kubernetes_executor.py
[2023-04-23T03:20:05.726+0300] {processor.py:743} INFO - Processing file /home/vladimir/.local/lib/python3.10/site-packages/airflow/example_dags/example_kubernetes_executor.py for tasks to queue
[2023-04-23T03:20:05.728+0300] {logging_mixin.py:137} INFO - [2023-04-23T03:20:05.728+0300] {dagbag.py:532} INFO - Filling up the DagBag from /home/vladimir/.local/lib/python3.10/site-packages/airflow/example_dags/example_kubernetes_executor.py
[2023-04-23T03:20:05.749+0300] {processor.py:753} INFO - DAG(s) dict_keys(['example_kubernetes_executor']) retrieved from /home/vladimir/.local/lib/python3.10/site-packages/airflow/example_dags/example_kubernetes_executor.py
[2023-04-23T03:20:05.769+0300] {logging_mixin.py:137} INFO - [2023-04-23T03:20:05.769+0300] {dag.py:2705} INFO - Sync 1 DAGs
[2023-04-23T03:20:05.785+0300] {logging_mixin.py:137} INFO - [2023-04-23T03:20:05.785+0300] {dag.py:3452} INFO - Setting next_dagrun for example_kubernetes_executor to None, run_after=None
[2023-04-23T03:20:05.798+0300] {processor.py:175} INFO - Processing /home/vladimir/.local/lib/python3.10/site-packages/airflow/example_dags/example_kubernetes_executor.py took 0.076 seconds
[2023-04-23T03:20:48.327+0300] {processor.py:153} INFO - Started process (PID=7884) to work on /home/vladimir/.local/lib/python3.10/site-packages/airflow/example_dags/example_kubernetes_executor.py
[2023-04-23T03:20:48.344+0300] {processor.py:743} INFO - Processing file /home/vladimir/.local/lib/python3.10/site-packages/airflow/example_dags/example_kubernetes_executor.py for tasks to queue
[2023-04-23T03:20:48.347+0300] {logging_mixin.py:137} INFO - [2023-04-23T03:20:48.346+0300] {dagbag.py:532} INFO - Filling up the DagBag from /home/vladimir/.local/lib/python3.10/site-packages/airflow/example_dags/example_kubernetes_executor.py
[2023-04-23T03:20:48.474+0300] {processor.py:753} INFO - DAG(s) dict_keys(['example_kubernetes_executor']) retrieved from /home/vladimir/.local/lib/python3.10/site-packages/airflow/example_dags/example_kubernetes_executor.py
[2023-04-23T03:20:48.598+0300] {logging_mixin.py:137} INFO - [2023-04-23T03:20:48.598+0300] {dag.py:2705} INFO - Sync 1 DAGs
[2023-04-23T03:20:48.661+0300] {logging_mixin.py:137} INFO - [2023-04-23T03:20:48.661+0300] {dag.py:3452} INFO - Setting next_dagrun for example_kubernetes_executor to None, run_after=None
[2023-04-23T03:20:48.701+0300] {processor.py:175} INFO - Processing /home/vladimir/.local/lib/python3.10/site-packages/airflow/example_dags/example_kubernetes_executor.py took 0.442 seconds
[2023-04-23T03:21:31.178+0300] {processor.py:153} INFO - Started process (PID=7959) to work on /home/vladimir/.local/lib/python3.10/site-packages/airflow/example_dags/example_kubernetes_executor.py
[2023-04-23T03:21:31.179+0300] {processor.py:743} INFO - Processing file /home/vladimir/.local/lib/python3.10/site-packages/airflow/example_dags/example_kubernetes_executor.py for tasks to queue
[2023-04-23T03:21:31.180+0300] {logging_mixin.py:137} INFO - [2023-04-23T03:21:31.180+0300] {dagbag.py:532} INFO - Filling up the DagBag from /home/vladimir/.local/lib/python3.10/site-packages/airflow/example_dags/example_kubernetes_executor.py
[2023-04-23T03:21:31.202+0300] {processor.py:753} INFO - DAG(s) dict_keys(['example_kubernetes_executor']) retrieved from /home/vladimir/.local/lib/python3.10/site-packages/airflow/example_dags/example_kubernetes_executor.py
[2023-04-23T03:21:31.225+0300] {logging_mixin.py:137} INFO - [2023-04-23T03:21:31.224+0300] {dag.py:2705} INFO - Sync 1 DAGs
[2023-04-23T03:21:31.240+0300] {logging_mixin.py:137} INFO - [2023-04-23T03:21:31.240+0300] {dag.py:3452} INFO - Setting next_dagrun for example_kubernetes_executor to None, run_after=None
[2023-04-23T03:21:31.253+0300] {processor.py:175} INFO - Processing /home/vladimir/.local/lib/python3.10/site-packages/airflow/example_dags/example_kubernetes_executor.py took 0.077 seconds
