[2023-04-23T03:13:05.140+0300] {processor.py:153} INFO - Started process (PID=6987) to work on /home/vladimir/.local/lib/python3.10/site-packages/airflow/example_dags/example_bash_operator.py
[2023-04-23T03:13:05.140+0300] {processor.py:743} INFO - Processing file /home/vladimir/.local/lib/python3.10/site-packages/airflow/example_dags/example_bash_operator.py for tasks to queue
[2023-04-23T03:13:05.141+0300] {logging_mixin.py:137} INFO - [2023-04-23T03:13:05.141+0300] {dagbag.py:532} INFO - Filling up the DagBag from /home/vladimir/.local/lib/python3.10/site-packages/airflow/example_dags/example_bash_operator.py
[2023-04-23T03:13:05.158+0300] {processor.py:753} INFO - DAG(s) dict_keys(['example_bash_operator']) retrieved from /home/vladimir/.local/lib/python3.10/site-packages/airflow/example_dags/example_bash_operator.py
[2023-04-23T03:13:05.183+0300] {logging_mixin.py:137} INFO - [2023-04-23T03:13:05.183+0300] {dag.py:2705} INFO - Sync 1 DAGs
[2023-04-23T03:13:05.199+0300] {logging_mixin.py:137} INFO - [2023-04-23T03:13:05.199+0300] {dag.py:3452} INFO - Setting next_dagrun for example_bash_operator to 2023-04-22T00:00:00+00:00, run_after=2023-04-23T00:00:00+00:00
[2023-04-23T03:13:05.214+0300] {processor.py:175} INFO - Processing /home/vladimir/.local/lib/python3.10/site-packages/airflow/example_dags/example_bash_operator.py took 0.076 seconds
[2023-04-23T03:13:45.811+0300] {processor.py:153} INFO - Started process (PID=7048) to work on /home/vladimir/.local/lib/python3.10/site-packages/airflow/example_dags/example_bash_operator.py
[2023-04-23T03:13:45.812+0300] {processor.py:743} INFO - Processing file /home/vladimir/.local/lib/python3.10/site-packages/airflow/example_dags/example_bash_operator.py for tasks to queue
[2023-04-23T03:13:45.813+0300] {logging_mixin.py:137} INFO - [2023-04-23T03:13:45.813+0300] {dagbag.py:532} INFO - Filling up the DagBag from /home/vladimir/.local/lib/python3.10/site-packages/airflow/example_dags/example_bash_operator.py
[2023-04-23T03:13:45.828+0300] {processor.py:753} INFO - DAG(s) dict_keys(['example_bash_operator']) retrieved from /home/vladimir/.local/lib/python3.10/site-packages/airflow/example_dags/example_bash_operator.py
[2023-04-23T03:13:45.850+0300] {logging_mixin.py:137} INFO - [2023-04-23T03:13:45.850+0300] {dag.py:2705} INFO - Sync 1 DAGs
[2023-04-23T03:13:45.863+0300] {logging_mixin.py:137} INFO - [2023-04-23T03:13:45.863+0300] {dag.py:3452} INFO - Setting next_dagrun for example_bash_operator to 2023-04-22T00:00:00+00:00, run_after=2023-04-23T00:00:00+00:00
[2023-04-23T03:13:45.875+0300] {processor.py:175} INFO - Processing /home/vladimir/.local/lib/python3.10/site-packages/airflow/example_dags/example_bash_operator.py took 0.066 seconds
[2023-04-23T03:14:27.364+0300] {processor.py:153} INFO - Started process (PID=7102) to work on /home/vladimir/.local/lib/python3.10/site-packages/airflow/example_dags/example_bash_operator.py
[2023-04-23T03:14:27.365+0300] {processor.py:743} INFO - Processing file /home/vladimir/.local/lib/python3.10/site-packages/airflow/example_dags/example_bash_operator.py for tasks to queue
[2023-04-23T03:14:27.366+0300] {logging_mixin.py:137} INFO - [2023-04-23T03:14:27.365+0300] {dagbag.py:532} INFO - Filling up the DagBag from /home/vladimir/.local/lib/python3.10/site-packages/airflow/example_dags/example_bash_operator.py
[2023-04-23T03:14:27.381+0300] {processor.py:753} INFO - DAG(s) dict_keys(['example_bash_operator']) retrieved from /home/vladimir/.local/lib/python3.10/site-packages/airflow/example_dags/example_bash_operator.py
[2023-04-23T03:14:27.406+0300] {logging_mixin.py:137} INFO - [2023-04-23T03:14:27.406+0300] {dag.py:2705} INFO - Sync 1 DAGs
[2023-04-23T03:14:27.419+0300] {logging_mixin.py:137} INFO - [2023-04-23T03:14:27.419+0300] {dag.py:3452} INFO - Setting next_dagrun for example_bash_operator to 2023-04-22T00:00:00+00:00, run_after=2023-04-23T00:00:00+00:00
[2023-04-23T03:14:27.431+0300] {processor.py:175} INFO - Processing /home/vladimir/.local/lib/python3.10/site-packages/airflow/example_dags/example_bash_operator.py took 0.069 seconds
[2023-04-23T03:15:06.767+0300] {processor.py:153} INFO - Started process (PID=7197) to work on /home/vladimir/.local/lib/python3.10/site-packages/airflow/example_dags/example_bash_operator.py
[2023-04-23T03:15:06.768+0300] {processor.py:743} INFO - Processing file /home/vladimir/.local/lib/python3.10/site-packages/airflow/example_dags/example_bash_operator.py for tasks to queue
[2023-04-23T03:15:06.769+0300] {logging_mixin.py:137} INFO - [2023-04-23T03:15:06.768+0300] {dagbag.py:532} INFO - Filling up the DagBag from /home/vladimir/.local/lib/python3.10/site-packages/airflow/example_dags/example_bash_operator.py
[2023-04-23T03:15:06.784+0300] {processor.py:753} INFO - DAG(s) dict_keys(['example_bash_operator']) retrieved from /home/vladimir/.local/lib/python3.10/site-packages/airflow/example_dags/example_bash_operator.py
[2023-04-23T03:15:06.805+0300] {logging_mixin.py:137} INFO - [2023-04-23T03:15:06.805+0300] {dag.py:2705} INFO - Sync 1 DAGs
[2023-04-23T03:15:06.818+0300] {logging_mixin.py:137} INFO - [2023-04-23T03:15:06.818+0300] {dag.py:3452} INFO - Setting next_dagrun for example_bash_operator to 2023-04-22T00:00:00+00:00, run_after=2023-04-23T00:00:00+00:00
[2023-04-23T03:15:06.831+0300] {processor.py:175} INFO - Processing /home/vladimir/.local/lib/python3.10/site-packages/airflow/example_dags/example_bash_operator.py took 0.067 seconds
[2023-04-23T03:15:47.275+0300] {processor.py:153} INFO - Started process (PID=7247) to work on /home/vladimir/.local/lib/python3.10/site-packages/airflow/example_dags/example_bash_operator.py
[2023-04-23T03:15:47.277+0300] {processor.py:743} INFO - Processing file /home/vladimir/.local/lib/python3.10/site-packages/airflow/example_dags/example_bash_operator.py for tasks to queue
[2023-04-23T03:15:47.277+0300] {logging_mixin.py:137} INFO - [2023-04-23T03:15:47.277+0300] {dagbag.py:532} INFO - Filling up the DagBag from /home/vladimir/.local/lib/python3.10/site-packages/airflow/example_dags/example_bash_operator.py
[2023-04-23T03:15:47.293+0300] {processor.py:753} INFO - DAG(s) dict_keys(['example_bash_operator']) retrieved from /home/vladimir/.local/lib/python3.10/site-packages/airflow/example_dags/example_bash_operator.py
[2023-04-23T03:15:47.315+0300] {logging_mixin.py:137} INFO - [2023-04-23T03:15:47.314+0300] {dag.py:2705} INFO - Sync 1 DAGs
[2023-04-23T03:15:47.328+0300] {logging_mixin.py:137} INFO - [2023-04-23T03:15:47.328+0300] {dag.py:3452} INFO - Setting next_dagrun for example_bash_operator to 2023-04-22T00:00:00+00:00, run_after=2023-04-23T00:00:00+00:00
[2023-04-23T03:15:47.340+0300] {processor.py:175} INFO - Processing /home/vladimir/.local/lib/python3.10/site-packages/airflow/example_dags/example_bash_operator.py took 0.067 seconds
[2023-04-23T03:16:27.816+0300] {processor.py:153} INFO - Started process (PID=7307) to work on /home/vladimir/.local/lib/python3.10/site-packages/airflow/example_dags/example_bash_operator.py
[2023-04-23T03:16:27.819+0300] {processor.py:743} INFO - Processing file /home/vladimir/.local/lib/python3.10/site-packages/airflow/example_dags/example_bash_operator.py for tasks to queue
[2023-04-23T03:16:27.819+0300] {logging_mixin.py:137} INFO - [2023-04-23T03:16:27.819+0300] {dagbag.py:532} INFO - Filling up the DagBag from /home/vladimir/.local/lib/python3.10/site-packages/airflow/example_dags/example_bash_operator.py
[2023-04-23T03:16:27.842+0300] {processor.py:753} INFO - DAG(s) dict_keys(['example_bash_operator']) retrieved from /home/vladimir/.local/lib/python3.10/site-packages/airflow/example_dags/example_bash_operator.py
[2023-04-23T03:16:27.865+0300] {logging_mixin.py:137} INFO - [2023-04-23T03:16:27.865+0300] {dag.py:2705} INFO - Sync 1 DAGs
[2023-04-23T03:16:27.883+0300] {logging_mixin.py:137} INFO - [2023-04-23T03:16:27.883+0300] {dag.py:3452} INFO - Setting next_dagrun for example_bash_operator to 2023-04-22T00:00:00+00:00, run_after=2023-04-23T00:00:00+00:00
[2023-04-23T03:16:27.896+0300] {processor.py:175} INFO - Processing /home/vladimir/.local/lib/python3.10/site-packages/airflow/example_dags/example_bash_operator.py took 0.085 seconds
[2023-04-23T03:17:08.346+0300] {processor.py:153} INFO - Started process (PID=7377) to work on /home/vladimir/.local/lib/python3.10/site-packages/airflow/example_dags/example_bash_operator.py
[2023-04-23T03:17:08.347+0300] {processor.py:743} INFO - Processing file /home/vladimir/.local/lib/python3.10/site-packages/airflow/example_dags/example_bash_operator.py for tasks to queue
[2023-04-23T03:17:08.348+0300] {logging_mixin.py:137} INFO - [2023-04-23T03:17:08.347+0300] {dagbag.py:532} INFO - Filling up the DagBag from /home/vladimir/.local/lib/python3.10/site-packages/airflow/example_dags/example_bash_operator.py
[2023-04-23T03:17:08.362+0300] {processor.py:753} INFO - DAG(s) dict_keys(['example_bash_operator']) retrieved from /home/vladimir/.local/lib/python3.10/site-packages/airflow/example_dags/example_bash_operator.py
[2023-04-23T03:17:08.383+0300] {logging_mixin.py:137} INFO - [2023-04-23T03:17:08.382+0300] {dag.py:2705} INFO - Sync 1 DAGs
[2023-04-23T03:17:08.395+0300] {logging_mixin.py:137} INFO - [2023-04-23T03:17:08.395+0300] {dag.py:3452} INFO - Setting next_dagrun for example_bash_operator to 2023-04-22T00:00:00+00:00, run_after=2023-04-23T00:00:00+00:00
[2023-04-23T03:17:08.406+0300] {processor.py:175} INFO - Processing /home/vladimir/.local/lib/python3.10/site-packages/airflow/example_dags/example_bash_operator.py took 0.062 seconds
[2023-04-23T03:17:48.294+0300] {processor.py:153} INFO - Started process (PID=7421) to work on /home/vladimir/.local/lib/python3.10/site-packages/airflow/example_dags/example_bash_operator.py
[2023-04-23T03:17:48.295+0300] {processor.py:743} INFO - Processing file /home/vladimir/.local/lib/python3.10/site-packages/airflow/example_dags/example_bash_operator.py for tasks to queue
[2023-04-23T03:17:48.295+0300] {logging_mixin.py:137} INFO - [2023-04-23T03:17:48.295+0300] {dagbag.py:532} INFO - Filling up the DagBag from /home/vladimir/.local/lib/python3.10/site-packages/airflow/example_dags/example_bash_operator.py
[2023-04-23T03:17:48.316+0300] {processor.py:753} INFO - DAG(s) dict_keys(['example_bash_operator']) retrieved from /home/vladimir/.local/lib/python3.10/site-packages/airflow/example_dags/example_bash_operator.py
[2023-04-23T03:17:48.337+0300] {logging_mixin.py:137} INFO - [2023-04-23T03:17:48.337+0300] {dag.py:2705} INFO - Sync 1 DAGs
[2023-04-23T03:17:48.351+0300] {logging_mixin.py:137} INFO - [2023-04-23T03:17:48.351+0300] {dag.py:3452} INFO - Setting next_dagrun for example_bash_operator to 2023-04-22T00:00:00+00:00, run_after=2023-04-23T00:00:00+00:00
[2023-04-23T03:17:48.362+0300] {processor.py:175} INFO - Processing /home/vladimir/.local/lib/python3.10/site-packages/airflow/example_dags/example_bash_operator.py took 0.070 seconds
[2023-04-23T03:18:25.980+0300] {processor.py:153} INFO - Started process (PID=7468) to work on /home/vladimir/.local/lib/python3.10/site-packages/airflow/example_dags/example_bash_operator.py
[2023-04-23T03:18:25.980+0300] {processor.py:743} INFO - Processing file /home/vladimir/.local/lib/python3.10/site-packages/airflow/example_dags/example_bash_operator.py for tasks to queue
[2023-04-23T03:18:25.981+0300] {logging_mixin.py:137} INFO - [2023-04-23T03:18:25.981+0300] {dagbag.py:532} INFO - Filling up the DagBag from /home/vladimir/.local/lib/python3.10/site-packages/airflow/example_dags/example_bash_operator.py
[2023-04-23T03:18:25.996+0300] {processor.py:753} INFO - DAG(s) dict_keys(['example_bash_operator']) retrieved from /home/vladimir/.local/lib/python3.10/site-packages/airflow/example_dags/example_bash_operator.py
[2023-04-23T03:18:26.016+0300] {logging_mixin.py:137} INFO - [2023-04-23T03:18:26.016+0300] {dag.py:2705} INFO - Sync 1 DAGs
[2023-04-23T03:18:26.029+0300] {logging_mixin.py:137} INFO - [2023-04-23T03:18:26.028+0300] {dag.py:3452} INFO - Setting next_dagrun for example_bash_operator to 2023-04-22T00:00:00+00:00, run_after=2023-04-23T00:00:00+00:00
[2023-04-23T03:18:26.040+0300] {processor.py:175} INFO - Processing /home/vladimir/.local/lib/python3.10/site-packages/airflow/example_dags/example_bash_operator.py took 0.062 seconds
[2023-04-23T03:19:05.942+0300] {processor.py:153} INFO - Started process (PID=7511) to work on /home/vladimir/.local/lib/python3.10/site-packages/airflow/example_dags/example_bash_operator.py
[2023-04-23T03:19:05.943+0300] {processor.py:743} INFO - Processing file /home/vladimir/.local/lib/python3.10/site-packages/airflow/example_dags/example_bash_operator.py for tasks to queue
[2023-04-23T03:19:05.943+0300] {logging_mixin.py:137} INFO - [2023-04-23T03:19:05.943+0300] {dagbag.py:532} INFO - Filling up the DagBag from /home/vladimir/.local/lib/python3.10/site-packages/airflow/example_dags/example_bash_operator.py
[2023-04-23T03:19:05.959+0300] {processor.py:753} INFO - DAG(s) dict_keys(['example_bash_operator']) retrieved from /home/vladimir/.local/lib/python3.10/site-packages/airflow/example_dags/example_bash_operator.py
[2023-04-23T03:19:05.979+0300] {logging_mixin.py:137} INFO - [2023-04-23T03:19:05.979+0300] {dag.py:2705} INFO - Sync 1 DAGs
[2023-04-23T03:19:05.992+0300] {logging_mixin.py:137} INFO - [2023-04-23T03:19:05.992+0300] {dag.py:3452} INFO - Setting next_dagrun for example_bash_operator to 2023-04-22T00:00:00+00:00, run_after=2023-04-23T00:00:00+00:00
[2023-04-23T03:19:06.004+0300] {processor.py:175} INFO - Processing /home/vladimir/.local/lib/python3.10/site-packages/airflow/example_dags/example_bash_operator.py took 0.064 seconds
[2023-04-23T03:19:50.333+0300] {processor.py:153} INFO - Started process (PID=7726) to work on /home/vladimir/.local/lib/python3.10/site-packages/airflow/example_dags/example_bash_operator.py
[2023-04-23T03:19:50.341+0300] {processor.py:743} INFO - Processing file /home/vladimir/.local/lib/python3.10/site-packages/airflow/example_dags/example_bash_operator.py for tasks to queue
[2023-04-23T03:19:50.439+0300] {logging_mixin.py:137} INFO - [2023-04-23T03:19:50.439+0300] {dagbag.py:532} INFO - Filling up the DagBag from /home/vladimir/.local/lib/python3.10/site-packages/airflow/example_dags/example_bash_operator.py
[2023-04-23T03:19:50.713+0300] {processor.py:753} INFO - DAG(s) dict_keys(['example_bash_operator']) retrieved from /home/vladimir/.local/lib/python3.10/site-packages/airflow/example_dags/example_bash_operator.py
[2023-04-23T03:19:50.844+0300] {logging_mixin.py:137} INFO - [2023-04-23T03:19:50.844+0300] {dag.py:2705} INFO - Sync 1 DAGs
[2023-04-23T03:19:50.916+0300] {logging_mixin.py:137} INFO - [2023-04-23T03:19:50.916+0300] {dag.py:3452} INFO - Setting next_dagrun for example_bash_operator to 2023-04-22T00:00:00+00:00, run_after=2023-04-23T00:00:00+00:00
[2023-04-23T03:19:50.957+0300] {processor.py:175} INFO - Processing /home/vladimir/.local/lib/python3.10/site-packages/airflow/example_dags/example_bash_operator.py took 0.698 seconds
[2023-04-23T03:20:38.225+0300] {processor.py:153} INFO - Started process (PID=7862) to work on /home/vladimir/.local/lib/python3.10/site-packages/airflow/example_dags/example_bash_operator.py
[2023-04-23T03:20:38.226+0300] {processor.py:743} INFO - Processing file /home/vladimir/.local/lib/python3.10/site-packages/airflow/example_dags/example_bash_operator.py for tasks to queue
[2023-04-23T03:20:38.227+0300] {logging_mixin.py:137} INFO - [2023-04-23T03:20:38.227+0300] {dagbag.py:532} INFO - Filling up the DagBag from /home/vladimir/.local/lib/python3.10/site-packages/airflow/example_dags/example_bash_operator.py
[2023-04-23T03:20:38.242+0300] {processor.py:753} INFO - DAG(s) dict_keys(['example_bash_operator']) retrieved from /home/vladimir/.local/lib/python3.10/site-packages/airflow/example_dags/example_bash_operator.py
[2023-04-23T03:20:38.263+0300] {logging_mixin.py:137} INFO - [2023-04-23T03:20:38.263+0300] {dag.py:2705} INFO - Sync 1 DAGs
[2023-04-23T03:20:38.279+0300] {logging_mixin.py:137} INFO - [2023-04-23T03:20:38.279+0300] {dag.py:3452} INFO - Setting next_dagrun for example_bash_operator to 2023-04-22T00:00:00+00:00, run_after=2023-04-23T00:00:00+00:00
[2023-04-23T03:20:38.291+0300] {processor.py:175} INFO - Processing /home/vladimir/.local/lib/python3.10/site-packages/airflow/example_dags/example_bash_operator.py took 0.068 seconds
[2023-04-23T03:21:22.042+0300] {processor.py:153} INFO - Started process (PID=7947) to work on /home/vladimir/.local/lib/python3.10/site-packages/airflow/example_dags/example_bash_operator.py
[2023-04-23T03:21:22.043+0300] {processor.py:743} INFO - Processing file /home/vladimir/.local/lib/python3.10/site-packages/airflow/example_dags/example_bash_operator.py for tasks to queue
[2023-04-23T03:21:22.044+0300] {logging_mixin.py:137} INFO - [2023-04-23T03:21:22.043+0300] {dagbag.py:532} INFO - Filling up the DagBag from /home/vladimir/.local/lib/python3.10/site-packages/airflow/example_dags/example_bash_operator.py
[2023-04-23T03:21:22.061+0300] {processor.py:753} INFO - DAG(s) dict_keys(['example_bash_operator']) retrieved from /home/vladimir/.local/lib/python3.10/site-packages/airflow/example_dags/example_bash_operator.py
[2023-04-23T03:21:22.083+0300] {logging_mixin.py:137} INFO - [2023-04-23T03:21:22.083+0300] {dag.py:2705} INFO - Sync 1 DAGs
[2023-04-23T03:21:22.097+0300] {logging_mixin.py:137} INFO - [2023-04-23T03:21:22.097+0300] {dag.py:3452} INFO - Setting next_dagrun for example_bash_operator to 2023-04-22T00:00:00+00:00, run_after=2023-04-23T00:00:00+00:00
[2023-04-23T03:21:22.110+0300] {processor.py:175} INFO - Processing /home/vladimir/.local/lib/python3.10/site-packages/airflow/example_dags/example_bash_operator.py took 0.072 seconds
