[2023-04-23T03:12:55.508+0300] {processor.py:153} INFO - Started process (PID=6975) to work on /home/vladimir/.local/lib/python3.10/site-packages/airflow/example_dags/example_nested_branch_dag.py
[2023-04-23T03:12:55.508+0300] {processor.py:743} INFO - Processing file /home/vladimir/.local/lib/python3.10/site-packages/airflow/example_dags/example_nested_branch_dag.py for tasks to queue
[2023-04-23T03:12:55.509+0300] {logging_mixin.py:137} INFO - [2023-04-23T03:12:55.509+0300] {dagbag.py:532} INFO - Filling up the DagBag from /home/vladimir/.local/lib/python3.10/site-packages/airflow/example_dags/example_nested_branch_dag.py
[2023-04-23T03:12:55.525+0300] {processor.py:753} INFO - DAG(s) dict_keys(['example_nested_branch_dag']) retrieved from /home/vladimir/.local/lib/python3.10/site-packages/airflow/example_dags/example_nested_branch_dag.py
[2023-04-23T03:12:55.542+0300] {logging_mixin.py:137} INFO - [2023-04-23T03:12:55.542+0300] {dag.py:2705} INFO - Sync 1 DAGs
[2023-04-23T03:12:55.556+0300] {logging_mixin.py:137} INFO - [2023-04-23T03:12:55.556+0300] {dag.py:3452} INFO - Setting next_dagrun for example_nested_branch_dag to 2023-04-22T00:00:00+00:00, run_after=2023-04-23T00:00:00+00:00
[2023-04-23T03:12:55.570+0300] {processor.py:175} INFO - Processing /home/vladimir/.local/lib/python3.10/site-packages/airflow/example_dags/example_nested_branch_dag.py took 0.064 seconds
[2023-04-23T03:13:36.812+0300] {processor.py:153} INFO - Started process (PID=7033) to work on /home/vladimir/.local/lib/python3.10/site-packages/airflow/example_dags/example_nested_branch_dag.py
[2023-04-23T03:13:36.812+0300] {processor.py:743} INFO - Processing file /home/vladimir/.local/lib/python3.10/site-packages/airflow/example_dags/example_nested_branch_dag.py for tasks to queue
[2023-04-23T03:13:36.813+0300] {logging_mixin.py:137} INFO - [2023-04-23T03:13:36.813+0300] {dagbag.py:532} INFO - Filling up the DagBag from /home/vladimir/.local/lib/python3.10/site-packages/airflow/example_dags/example_nested_branch_dag.py
[2023-04-23T03:13:36.831+0300] {processor.py:753} INFO - DAG(s) dict_keys(['example_nested_branch_dag']) retrieved from /home/vladimir/.local/lib/python3.10/site-packages/airflow/example_dags/example_nested_branch_dag.py
[2023-04-23T03:13:36.846+0300] {logging_mixin.py:137} INFO - [2023-04-23T03:13:36.846+0300] {dag.py:2705} INFO - Sync 1 DAGs
[2023-04-23T03:13:36.861+0300] {logging_mixin.py:137} INFO - [2023-04-23T03:13:36.861+0300] {dag.py:3452} INFO - Setting next_dagrun for example_nested_branch_dag to 2023-04-22T00:00:00+00:00, run_after=2023-04-23T00:00:00+00:00
[2023-04-23T03:13:36.873+0300] {processor.py:175} INFO - Processing /home/vladimir/.local/lib/python3.10/site-packages/airflow/example_dags/example_nested_branch_dag.py took 0.064 seconds
[2023-04-23T03:14:18.116+0300] {processor.py:153} INFO - Started process (PID=7088) to work on /home/vladimir/.local/lib/python3.10/site-packages/airflow/example_dags/example_nested_branch_dag.py
[2023-04-23T03:14:18.117+0300] {processor.py:743} INFO - Processing file /home/vladimir/.local/lib/python3.10/site-packages/airflow/example_dags/example_nested_branch_dag.py for tasks to queue
[2023-04-23T03:14:18.118+0300] {logging_mixin.py:137} INFO - [2023-04-23T03:14:18.117+0300] {dagbag.py:532} INFO - Filling up the DagBag from /home/vladimir/.local/lib/python3.10/site-packages/airflow/example_dags/example_nested_branch_dag.py
[2023-04-23T03:14:18.135+0300] {processor.py:753} INFO - DAG(s) dict_keys(['example_nested_branch_dag']) retrieved from /home/vladimir/.local/lib/python3.10/site-packages/airflow/example_dags/example_nested_branch_dag.py
[2023-04-23T03:14:18.150+0300] {logging_mixin.py:137} INFO - [2023-04-23T03:14:18.150+0300] {dag.py:2705} INFO - Sync 1 DAGs
[2023-04-23T03:14:18.163+0300] {logging_mixin.py:137} INFO - [2023-04-23T03:14:18.163+0300] {dag.py:3452} INFO - Setting next_dagrun for example_nested_branch_dag to 2023-04-22T00:00:00+00:00, run_after=2023-04-23T00:00:00+00:00
[2023-04-23T03:14:18.175+0300] {processor.py:175} INFO - Processing /home/vladimir/.local/lib/python3.10/site-packages/airflow/example_dags/example_nested_branch_dag.py took 0.062 seconds
[2023-04-23T03:14:58.900+0300] {processor.py:153} INFO - Started process (PID=7181) to work on /home/vladimir/.local/lib/python3.10/site-packages/airflow/example_dags/example_nested_branch_dag.py
[2023-04-23T03:14:58.901+0300] {processor.py:743} INFO - Processing file /home/vladimir/.local/lib/python3.10/site-packages/airflow/example_dags/example_nested_branch_dag.py for tasks to queue
[2023-04-23T03:14:58.901+0300] {logging_mixin.py:137} INFO - [2023-04-23T03:14:58.901+0300] {dagbag.py:532} INFO - Filling up the DagBag from /home/vladimir/.local/lib/python3.10/site-packages/airflow/example_dags/example_nested_branch_dag.py
[2023-04-23T03:14:58.919+0300] {processor.py:753} INFO - DAG(s) dict_keys(['example_nested_branch_dag']) retrieved from /home/vladimir/.local/lib/python3.10/site-packages/airflow/example_dags/example_nested_branch_dag.py
[2023-04-23T03:14:58.935+0300] {logging_mixin.py:137} INFO - [2023-04-23T03:14:58.934+0300] {dag.py:2705} INFO - Sync 1 DAGs
[2023-04-23T03:14:58.948+0300] {logging_mixin.py:137} INFO - [2023-04-23T03:14:58.948+0300] {dag.py:3452} INFO - Setting next_dagrun for example_nested_branch_dag to 2023-04-22T00:00:00+00:00, run_after=2023-04-23T00:00:00+00:00
[2023-04-23T03:14:58.961+0300] {processor.py:175} INFO - Processing /home/vladimir/.local/lib/python3.10/site-packages/airflow/example_dags/example_nested_branch_dag.py took 0.063 seconds
[2023-04-23T03:15:38.275+0300] {processor.py:153} INFO - Started process (PID=7234) to work on /home/vladimir/.local/lib/python3.10/site-packages/airflow/example_dags/example_nested_branch_dag.py
[2023-04-23T03:15:38.276+0300] {processor.py:743} INFO - Processing file /home/vladimir/.local/lib/python3.10/site-packages/airflow/example_dags/example_nested_branch_dag.py for tasks to queue
[2023-04-23T03:15:38.277+0300] {logging_mixin.py:137} INFO - [2023-04-23T03:15:38.277+0300] {dagbag.py:532} INFO - Filling up the DagBag from /home/vladimir/.local/lib/python3.10/site-packages/airflow/example_dags/example_nested_branch_dag.py
[2023-04-23T03:15:38.295+0300] {processor.py:753} INFO - DAG(s) dict_keys(['example_nested_branch_dag']) retrieved from /home/vladimir/.local/lib/python3.10/site-packages/airflow/example_dags/example_nested_branch_dag.py
[2023-04-23T03:15:38.309+0300] {logging_mixin.py:137} INFO - [2023-04-23T03:15:38.309+0300] {dag.py:2705} INFO - Sync 1 DAGs
[2023-04-23T03:15:38.323+0300] {logging_mixin.py:137} INFO - [2023-04-23T03:15:38.323+0300] {dag.py:3452} INFO - Setting next_dagrun for example_nested_branch_dag to 2023-04-22T00:00:00+00:00, run_after=2023-04-23T00:00:00+00:00
[2023-04-23T03:15:38.336+0300] {processor.py:175} INFO - Processing /home/vladimir/.local/lib/python3.10/site-packages/airflow/example_dags/example_nested_branch_dag.py took 0.063 seconds
[2023-04-23T03:16:19.945+0300] {processor.py:153} INFO - Started process (PID=7289) to work on /home/vladimir/.local/lib/python3.10/site-packages/airflow/example_dags/example_nested_branch_dag.py
[2023-04-23T03:16:19.946+0300] {processor.py:743} INFO - Processing file /home/vladimir/.local/lib/python3.10/site-packages/airflow/example_dags/example_nested_branch_dag.py for tasks to queue
[2023-04-23T03:16:19.946+0300] {logging_mixin.py:137} INFO - [2023-04-23T03:16:19.946+0300] {dagbag.py:532} INFO - Filling up the DagBag from /home/vladimir/.local/lib/python3.10/site-packages/airflow/example_dags/example_nested_branch_dag.py
[2023-04-23T03:16:19.964+0300] {processor.py:753} INFO - DAG(s) dict_keys(['example_nested_branch_dag']) retrieved from /home/vladimir/.local/lib/python3.10/site-packages/airflow/example_dags/example_nested_branch_dag.py
[2023-04-23T03:16:19.981+0300] {logging_mixin.py:137} INFO - [2023-04-23T03:16:19.980+0300] {dag.py:2705} INFO - Sync 1 DAGs
[2023-04-23T03:16:19.995+0300] {logging_mixin.py:137} INFO - [2023-04-23T03:16:19.995+0300] {dag.py:3452} INFO - Setting next_dagrun for example_nested_branch_dag to 2023-04-22T00:00:00+00:00, run_after=2023-04-23T00:00:00+00:00
[2023-04-23T03:16:20.006+0300] {processor.py:175} INFO - Processing /home/vladimir/.local/lib/python3.10/site-packages/airflow/example_dags/example_nested_branch_dag.py took 0.064 seconds
[2023-04-23T03:16:59.349+0300] {processor.py:153} INFO - Started process (PID=7365) to work on /home/vladimir/.local/lib/python3.10/site-packages/airflow/example_dags/example_nested_branch_dag.py
[2023-04-23T03:16:59.350+0300] {processor.py:743} INFO - Processing file /home/vladimir/.local/lib/python3.10/site-packages/airflow/example_dags/example_nested_branch_dag.py for tasks to queue
[2023-04-23T03:16:59.351+0300] {logging_mixin.py:137} INFO - [2023-04-23T03:16:59.351+0300] {dagbag.py:532} INFO - Filling up the DagBag from /home/vladimir/.local/lib/python3.10/site-packages/airflow/example_dags/example_nested_branch_dag.py
[2023-04-23T03:16:59.368+0300] {processor.py:753} INFO - DAG(s) dict_keys(['example_nested_branch_dag']) retrieved from /home/vladimir/.local/lib/python3.10/site-packages/airflow/example_dags/example_nested_branch_dag.py
[2023-04-23T03:16:59.382+0300] {logging_mixin.py:137} INFO - [2023-04-23T03:16:59.382+0300] {dag.py:2705} INFO - Sync 1 DAGs
[2023-04-23T03:16:59.395+0300] {logging_mixin.py:137} INFO - [2023-04-23T03:16:59.395+0300] {dag.py:3452} INFO - Setting next_dagrun for example_nested_branch_dag to 2023-04-22T00:00:00+00:00, run_after=2023-04-23T00:00:00+00:00
[2023-04-23T03:16:59.406+0300] {processor.py:175} INFO - Processing /home/vladimir/.local/lib/python3.10/site-packages/airflow/example_dags/example_nested_branch_dag.py took 0.060 seconds
[2023-04-23T03:17:38.747+0300] {processor.py:153} INFO - Started process (PID=7411) to work on /home/vladimir/.local/lib/python3.10/site-packages/airflow/example_dags/example_nested_branch_dag.py
[2023-04-23T03:17:38.747+0300] {processor.py:743} INFO - Processing file /home/vladimir/.local/lib/python3.10/site-packages/airflow/example_dags/example_nested_branch_dag.py for tasks to queue
[2023-04-23T03:17:38.748+0300] {logging_mixin.py:137} INFO - [2023-04-23T03:17:38.748+0300] {dagbag.py:532} INFO - Filling up the DagBag from /home/vladimir/.local/lib/python3.10/site-packages/airflow/example_dags/example_nested_branch_dag.py
[2023-04-23T03:17:38.765+0300] {processor.py:753} INFO - DAG(s) dict_keys(['example_nested_branch_dag']) retrieved from /home/vladimir/.local/lib/python3.10/site-packages/airflow/example_dags/example_nested_branch_dag.py
[2023-04-23T03:17:38.779+0300] {logging_mixin.py:137} INFO - [2023-04-23T03:17:38.779+0300] {dag.py:2705} INFO - Sync 1 DAGs
[2023-04-23T03:17:38.791+0300] {logging_mixin.py:137} INFO - [2023-04-23T03:17:38.791+0300] {dag.py:3452} INFO - Setting next_dagrun for example_nested_branch_dag to 2023-04-22T00:00:00+00:00, run_after=2023-04-23T00:00:00+00:00
[2023-04-23T03:17:38.803+0300] {processor.py:175} INFO - Processing /home/vladimir/.local/lib/python3.10/site-packages/airflow/example_dags/example_nested_branch_dag.py took 0.058 seconds
[2023-04-23T03:18:17.971+0300] {processor.py:153} INFO - Started process (PID=7459) to work on /home/vladimir/.local/lib/python3.10/site-packages/airflow/example_dags/example_nested_branch_dag.py
[2023-04-23T03:18:17.971+0300] {processor.py:743} INFO - Processing file /home/vladimir/.local/lib/python3.10/site-packages/airflow/example_dags/example_nested_branch_dag.py for tasks to queue
[2023-04-23T03:18:17.972+0300] {logging_mixin.py:137} INFO - [2023-04-23T03:18:17.972+0300] {dagbag.py:532} INFO - Filling up the DagBag from /home/vladimir/.local/lib/python3.10/site-packages/airflow/example_dags/example_nested_branch_dag.py
[2023-04-23T03:18:17.989+0300] {processor.py:753} INFO - DAG(s) dict_keys(['example_nested_branch_dag']) retrieved from /home/vladimir/.local/lib/python3.10/site-packages/airflow/example_dags/example_nested_branch_dag.py
[2023-04-23T03:18:18.002+0300] {logging_mixin.py:137} INFO - [2023-04-23T03:18:18.002+0300] {dag.py:2705} INFO - Sync 1 DAGs
[2023-04-23T03:18:18.015+0300] {logging_mixin.py:137} INFO - [2023-04-23T03:18:18.015+0300] {dag.py:3452} INFO - Setting next_dagrun for example_nested_branch_dag to 2023-04-22T00:00:00+00:00, run_after=2023-04-23T00:00:00+00:00
[2023-04-23T03:18:18.026+0300] {processor.py:175} INFO - Processing /home/vladimir/.local/lib/python3.10/site-packages/airflow/example_dags/example_nested_branch_dag.py took 0.057 seconds
[2023-04-23T03:18:56.806+0300] {processor.py:153} INFO - Started process (PID=7502) to work on /home/vladimir/.local/lib/python3.10/site-packages/airflow/example_dags/example_nested_branch_dag.py
[2023-04-23T03:18:56.806+0300] {processor.py:743} INFO - Processing file /home/vladimir/.local/lib/python3.10/site-packages/airflow/example_dags/example_nested_branch_dag.py for tasks to queue
[2023-04-23T03:18:56.807+0300] {logging_mixin.py:137} INFO - [2023-04-23T03:18:56.807+0300] {dagbag.py:532} INFO - Filling up the DagBag from /home/vladimir/.local/lib/python3.10/site-packages/airflow/example_dags/example_nested_branch_dag.py
[2023-04-23T03:18:56.825+0300] {processor.py:753} INFO - DAG(s) dict_keys(['example_nested_branch_dag']) retrieved from /home/vladimir/.local/lib/python3.10/site-packages/airflow/example_dags/example_nested_branch_dag.py
[2023-04-23T03:18:56.839+0300] {logging_mixin.py:137} INFO - [2023-04-23T03:18:56.838+0300] {dag.py:2705} INFO - Sync 1 DAGs
[2023-04-23T03:18:56.851+0300] {logging_mixin.py:137} INFO - [2023-04-23T03:18:56.851+0300] {dag.py:3452} INFO - Setting next_dagrun for example_nested_branch_dag to 2023-04-22T00:00:00+00:00, run_after=2023-04-23T00:00:00+00:00
[2023-04-23T03:18:56.862+0300] {processor.py:175} INFO - Processing /home/vladimir/.local/lib/python3.10/site-packages/airflow/example_dags/example_nested_branch_dag.py took 0.058 seconds
[2023-04-23T03:19:38.316+0300] {processor.py:153} INFO - Started process (PID=7590) to work on /home/vladimir/.local/lib/python3.10/site-packages/airflow/example_dags/example_nested_branch_dag.py
[2023-04-23T03:19:38.323+0300] {processor.py:743} INFO - Processing file /home/vladimir/.local/lib/python3.10/site-packages/airflow/example_dags/example_nested_branch_dag.py for tasks to queue
[2023-04-23T03:19:38.324+0300] {logging_mixin.py:137} INFO - [2023-04-23T03:19:38.324+0300] {dagbag.py:532} INFO - Filling up the DagBag from /home/vladimir/.local/lib/python3.10/site-packages/airflow/example_dags/example_nested_branch_dag.py
[2023-04-23T03:19:38.393+0300] {processor.py:753} INFO - DAG(s) dict_keys(['example_nested_branch_dag']) retrieved from /home/vladimir/.local/lib/python3.10/site-packages/airflow/example_dags/example_nested_branch_dag.py
[2023-04-23T03:19:38.556+0300] {logging_mixin.py:137} INFO - [2023-04-23T03:19:38.556+0300] {dag.py:2705} INFO - Sync 1 DAGs
[2023-04-23T03:19:38.673+0300] {logging_mixin.py:137} INFO - [2023-04-23T03:19:38.673+0300] {dag.py:3452} INFO - Setting next_dagrun for example_nested_branch_dag to 2023-04-22T00:00:00+00:00, run_after=2023-04-23T00:00:00+00:00
[2023-04-23T03:19:38.699+0300] {processor.py:175} INFO - Processing /home/vladimir/.local/lib/python3.10/site-packages/airflow/example_dags/example_nested_branch_dag.py took 0.406 seconds
[2023-04-23T03:20:29.131+0300] {processor.py:153} INFO - Started process (PID=7849) to work on /home/vladimir/.local/lib/python3.10/site-packages/airflow/example_dags/example_nested_branch_dag.py
[2023-04-23T03:20:29.132+0300] {processor.py:743} INFO - Processing file /home/vladimir/.local/lib/python3.10/site-packages/airflow/example_dags/example_nested_branch_dag.py for tasks to queue
[2023-04-23T03:20:29.132+0300] {logging_mixin.py:137} INFO - [2023-04-23T03:20:29.132+0300] {dagbag.py:532} INFO - Filling up the DagBag from /home/vladimir/.local/lib/python3.10/site-packages/airflow/example_dags/example_nested_branch_dag.py
[2023-04-23T03:20:29.153+0300] {processor.py:753} INFO - DAG(s) dict_keys(['example_nested_branch_dag']) retrieved from /home/vladimir/.local/lib/python3.10/site-packages/airflow/example_dags/example_nested_branch_dag.py
[2023-04-23T03:20:29.169+0300] {logging_mixin.py:137} INFO - [2023-04-23T03:20:29.168+0300] {dag.py:2705} INFO - Sync 1 DAGs
[2023-04-23T03:20:29.183+0300] {logging_mixin.py:137} INFO - [2023-04-23T03:20:29.182+0300] {dag.py:3452} INFO - Setting next_dagrun for example_nested_branch_dag to 2023-04-22T00:00:00+00:00, run_after=2023-04-23T00:00:00+00:00
[2023-04-23T03:20:29.195+0300] {processor.py:175} INFO - Processing /home/vladimir/.local/lib/python3.10/site-packages/airflow/example_dags/example_nested_branch_dag.py took 0.068 seconds
[2023-04-23T03:21:12.394+0300] {processor.py:153} INFO - Started process (PID=7934) to work on /home/vladimir/.local/lib/python3.10/site-packages/airflow/example_dags/example_nested_branch_dag.py
[2023-04-23T03:21:12.396+0300] {processor.py:743} INFO - Processing file /home/vladimir/.local/lib/python3.10/site-packages/airflow/example_dags/example_nested_branch_dag.py for tasks to queue
[2023-04-23T03:21:12.397+0300] {logging_mixin.py:137} INFO - [2023-04-23T03:21:12.397+0300] {dagbag.py:532} INFO - Filling up the DagBag from /home/vladimir/.local/lib/python3.10/site-packages/airflow/example_dags/example_nested_branch_dag.py
[2023-04-23T03:21:12.426+0300] {processor.py:753} INFO - DAG(s) dict_keys(['example_nested_branch_dag']) retrieved from /home/vladimir/.local/lib/python3.10/site-packages/airflow/example_dags/example_nested_branch_dag.py
[2023-04-23T03:21:12.459+0300] {logging_mixin.py:137} INFO - [2023-04-23T03:21:12.459+0300] {dag.py:2705} INFO - Sync 1 DAGs
[2023-04-23T03:21:12.482+0300] {logging_mixin.py:137} INFO - [2023-04-23T03:21:12.482+0300] {dag.py:3452} INFO - Setting next_dagrun for example_nested_branch_dag to 2023-04-22T00:00:00+00:00, run_after=2023-04-23T00:00:00+00:00
[2023-04-23T03:21:12.507+0300] {processor.py:175} INFO - Processing /home/vladimir/.local/lib/python3.10/site-packages/airflow/example_dags/example_nested_branch_dag.py took 0.115 seconds
