[2023-04-23T03:12:58.913+0300] {processor.py:153} INFO - Started process (PID=6981) to work on /home/vladimir/.local/lib/python3.10/site-packages/airflow/example_dags/example_sensors.py
[2023-04-23T03:12:58.914+0300] {processor.py:743} INFO - Processing file /home/vladimir/.local/lib/python3.10/site-packages/airflow/example_dags/example_sensors.py for tasks to queue
[2023-04-23T03:12:58.915+0300] {logging_mixin.py:137} INFO - [2023-04-23T03:12:58.915+0300] {dagbag.py:532} INFO - Filling up the DagBag from /home/vladimir/.local/lib/python3.10/site-packages/airflow/example_dags/example_sensors.py
[2023-04-23T03:12:58.928+0300] {processor.py:753} INFO - DAG(s) dict_keys(['example_sensors']) retrieved from /home/vladimir/.local/lib/python3.10/site-packages/airflow/example_dags/example_sensors.py
[2023-04-23T03:12:58.945+0300] {logging_mixin.py:137} INFO - [2023-04-23T03:12:58.945+0300] {dag.py:2705} INFO - Sync 1 DAGs
[2023-04-23T03:12:58.958+0300] {logging_mixin.py:137} INFO - [2023-04-23T03:12:58.958+0300] {dag.py:3452} INFO - Setting next_dagrun for example_sensors to None, run_after=None
[2023-04-23T03:12:58.971+0300] {processor.py:175} INFO - Processing /home/vladimir/.local/lib/python3.10/site-packages/airflow/example_dags/example_sensors.py took 0.059 seconds
[2023-04-23T03:13:40.217+0300] {processor.py:153} INFO - Started process (PID=7036) to work on /home/vladimir/.local/lib/python3.10/site-packages/airflow/example_dags/example_sensors.py
[2023-04-23T03:13:40.221+0300] {processor.py:743} INFO - Processing file /home/vladimir/.local/lib/python3.10/site-packages/airflow/example_dags/example_sensors.py for tasks to queue
[2023-04-23T03:13:40.222+0300] {logging_mixin.py:137} INFO - [2023-04-23T03:13:40.222+0300] {dagbag.py:532} INFO - Filling up the DagBag from /home/vladimir/.local/lib/python3.10/site-packages/airflow/example_dags/example_sensors.py
[2023-04-23T03:13:40.243+0300] {processor.py:753} INFO - DAG(s) dict_keys(['example_sensors']) retrieved from /home/vladimir/.local/lib/python3.10/site-packages/airflow/example_dags/example_sensors.py
[2023-04-23T03:13:40.262+0300] {logging_mixin.py:137} INFO - [2023-04-23T03:13:40.262+0300] {dag.py:2705} INFO - Sync 1 DAGs
[2023-04-23T03:13:40.277+0300] {logging_mixin.py:137} INFO - [2023-04-23T03:13:40.277+0300] {dag.py:3452} INFO - Setting next_dagrun for example_sensors to None, run_after=None
[2023-04-23T03:13:40.292+0300] {processor.py:175} INFO - Processing /home/vladimir/.local/lib/python3.10/site-packages/airflow/example_dags/example_sensors.py took 0.077 seconds
[2023-04-23T03:14:20.815+0300] {processor.py:153} INFO - Started process (PID=7093) to work on /home/vladimir/.local/lib/python3.10/site-packages/airflow/example_dags/example_sensors.py
[2023-04-23T03:14:20.816+0300] {processor.py:743} INFO - Processing file /home/vladimir/.local/lib/python3.10/site-packages/airflow/example_dags/example_sensors.py for tasks to queue
[2023-04-23T03:14:20.816+0300] {logging_mixin.py:137} INFO - [2023-04-23T03:14:20.816+0300] {dagbag.py:532} INFO - Filling up the DagBag from /home/vladimir/.local/lib/python3.10/site-packages/airflow/example_dags/example_sensors.py
[2023-04-23T03:14:20.830+0300] {processor.py:753} INFO - DAG(s) dict_keys(['example_sensors']) retrieved from /home/vladimir/.local/lib/python3.10/site-packages/airflow/example_dags/example_sensors.py
[2023-04-23T03:14:20.847+0300] {logging_mixin.py:137} INFO - [2023-04-23T03:14:20.847+0300] {dag.py:2705} INFO - Sync 1 DAGs
[2023-04-23T03:14:20.860+0300] {logging_mixin.py:137} INFO - [2023-04-23T03:14:20.860+0300] {dag.py:3452} INFO - Setting next_dagrun for example_sensors to None, run_after=None
[2023-04-23T03:14:20.872+0300] {processor.py:175} INFO - Processing /home/vladimir/.local/lib/python3.10/site-packages/airflow/example_dags/example_sensors.py took 0.061 seconds
[2023-04-23T03:15:01.454+0300] {processor.py:153} INFO - Started process (PID=7191) to work on /home/vladimir/.local/lib/python3.10/site-packages/airflow/example_dags/example_sensors.py
[2023-04-23T03:15:01.454+0300] {processor.py:743} INFO - Processing file /home/vladimir/.local/lib/python3.10/site-packages/airflow/example_dags/example_sensors.py for tasks to queue
[2023-04-23T03:15:01.455+0300] {logging_mixin.py:137} INFO - [2023-04-23T03:15:01.455+0300] {dagbag.py:532} INFO - Filling up the DagBag from /home/vladimir/.local/lib/python3.10/site-packages/airflow/example_dags/example_sensors.py
[2023-04-23T03:15:01.470+0300] {processor.py:753} INFO - DAG(s) dict_keys(['example_sensors']) retrieved from /home/vladimir/.local/lib/python3.10/site-packages/airflow/example_dags/example_sensors.py
[2023-04-23T03:15:01.486+0300] {logging_mixin.py:137} INFO - [2023-04-23T03:15:01.485+0300] {dag.py:2705} INFO - Sync 1 DAGs
[2023-04-23T03:15:01.498+0300] {logging_mixin.py:137} INFO - [2023-04-23T03:15:01.498+0300] {dag.py:3452} INFO - Setting next_dagrun for example_sensors to None, run_after=None
[2023-04-23T03:15:01.512+0300] {processor.py:175} INFO - Processing /home/vladimir/.local/lib/python3.10/site-packages/airflow/example_dags/example_sensors.py took 0.061 seconds
[2023-04-23T03:15:41.406+0300] {processor.py:153} INFO - Started process (PID=7241) to work on /home/vladimir/.local/lib/python3.10/site-packages/airflow/example_dags/example_sensors.py
[2023-04-23T03:15:41.407+0300] {processor.py:743} INFO - Processing file /home/vladimir/.local/lib/python3.10/site-packages/airflow/example_dags/example_sensors.py for tasks to queue
[2023-04-23T03:15:41.408+0300] {logging_mixin.py:137} INFO - [2023-04-23T03:15:41.407+0300] {dagbag.py:532} INFO - Filling up the DagBag from /home/vladimir/.local/lib/python3.10/site-packages/airflow/example_dags/example_sensors.py
[2023-04-23T03:15:41.422+0300] {processor.py:753} INFO - DAG(s) dict_keys(['example_sensors']) retrieved from /home/vladimir/.local/lib/python3.10/site-packages/airflow/example_dags/example_sensors.py
[2023-04-23T03:15:41.438+0300] {logging_mixin.py:137} INFO - [2023-04-23T03:15:41.438+0300] {dag.py:2705} INFO - Sync 1 DAGs
[2023-04-23T03:15:41.450+0300] {logging_mixin.py:137} INFO - [2023-04-23T03:15:41.450+0300] {dag.py:3452} INFO - Setting next_dagrun for example_sensors to None, run_after=None
[2023-04-23T03:15:41.463+0300] {processor.py:175} INFO - Processing /home/vladimir/.local/lib/python3.10/site-packages/airflow/example_dags/example_sensors.py took 0.060 seconds
[2023-04-23T03:16:21.954+0300] {processor.py:153} INFO - Started process (PID=7296) to work on /home/vladimir/.local/lib/python3.10/site-packages/airflow/example_dags/example_sensors.py
[2023-04-23T03:16:21.955+0300] {processor.py:743} INFO - Processing file /home/vladimir/.local/lib/python3.10/site-packages/airflow/example_dags/example_sensors.py for tasks to queue
[2023-04-23T03:16:21.956+0300] {logging_mixin.py:137} INFO - [2023-04-23T03:16:21.956+0300] {dagbag.py:532} INFO - Filling up the DagBag from /home/vladimir/.local/lib/python3.10/site-packages/airflow/example_dags/example_sensors.py
[2023-04-23T03:16:21.969+0300] {processor.py:753} INFO - DAG(s) dict_keys(['example_sensors']) retrieved from /home/vladimir/.local/lib/python3.10/site-packages/airflow/example_dags/example_sensors.py
[2023-04-23T03:16:21.990+0300] {logging_mixin.py:137} INFO - [2023-04-23T03:16:21.989+0300] {dag.py:2705} INFO - Sync 1 DAGs
[2023-04-23T03:16:22.002+0300] {logging_mixin.py:137} INFO - [2023-04-23T03:16:22.002+0300] {dag.py:3452} INFO - Setting next_dagrun for example_sensors to None, run_after=None
[2023-04-23T03:16:22.014+0300] {processor.py:175} INFO - Processing /home/vladimir/.local/lib/python3.10/site-packages/airflow/example_dags/example_sensors.py took 0.063 seconds
[2023-04-23T03:17:02.459+0300] {processor.py:153} INFO - Started process (PID=7371) to work on /home/vladimir/.local/lib/python3.10/site-packages/airflow/example_dags/example_sensors.py
[2023-04-23T03:17:02.460+0300] {processor.py:743} INFO - Processing file /home/vladimir/.local/lib/python3.10/site-packages/airflow/example_dags/example_sensors.py for tasks to queue
[2023-04-23T03:17:02.460+0300] {logging_mixin.py:137} INFO - [2023-04-23T03:17:02.460+0300] {dagbag.py:532} INFO - Filling up the DagBag from /home/vladimir/.local/lib/python3.10/site-packages/airflow/example_dags/example_sensors.py
[2023-04-23T03:17:02.473+0300] {processor.py:753} INFO - DAG(s) dict_keys(['example_sensors']) retrieved from /home/vladimir/.local/lib/python3.10/site-packages/airflow/example_dags/example_sensors.py
[2023-04-23T03:17:02.489+0300] {logging_mixin.py:137} INFO - [2023-04-23T03:17:02.489+0300] {dag.py:2705} INFO - Sync 1 DAGs
[2023-04-23T03:17:02.501+0300] {logging_mixin.py:137} INFO - [2023-04-23T03:17:02.501+0300] {dag.py:3452} INFO - Setting next_dagrun for example_sensors to None, run_after=None
[2023-04-23T03:17:02.513+0300] {processor.py:175} INFO - Processing /home/vladimir/.local/lib/python3.10/site-packages/airflow/example_dags/example_sensors.py took 0.056 seconds
[2023-04-23T03:17:42.145+0300] {processor.py:153} INFO - Started process (PID=7414) to work on /home/vladimir/.local/lib/python3.10/site-packages/airflow/example_dags/example_sensors.py
[2023-04-23T03:17:42.146+0300] {processor.py:743} INFO - Processing file /home/vladimir/.local/lib/python3.10/site-packages/airflow/example_dags/example_sensors.py for tasks to queue
[2023-04-23T03:17:42.147+0300] {logging_mixin.py:137} INFO - [2023-04-23T03:17:42.147+0300] {dagbag.py:532} INFO - Filling up the DagBag from /home/vladimir/.local/lib/python3.10/site-packages/airflow/example_dags/example_sensors.py
[2023-04-23T03:17:42.161+0300] {processor.py:753} INFO - DAG(s) dict_keys(['example_sensors']) retrieved from /home/vladimir/.local/lib/python3.10/site-packages/airflow/example_dags/example_sensors.py
[2023-04-23T03:17:42.177+0300] {logging_mixin.py:137} INFO - [2023-04-23T03:17:42.177+0300] {dag.py:2705} INFO - Sync 1 DAGs
[2023-04-23T03:17:42.190+0300] {logging_mixin.py:137} INFO - [2023-04-23T03:17:42.190+0300] {dag.py:3452} INFO - Setting next_dagrun for example_sensors to None, run_after=None
[2023-04-23T03:17:42.213+0300] {processor.py:175} INFO - Processing /home/vladimir/.local/lib/python3.10/site-packages/airflow/example_dags/example_sensors.py took 0.069 seconds
[2023-04-23T03:18:19.703+0300] {processor.py:153} INFO - Started process (PID=7462) to work on /home/vladimir/.local/lib/python3.10/site-packages/airflow/example_dags/example_sensors.py
[2023-04-23T03:18:19.704+0300] {processor.py:743} INFO - Processing file /home/vladimir/.local/lib/python3.10/site-packages/airflow/example_dags/example_sensors.py for tasks to queue
[2023-04-23T03:18:19.705+0300] {logging_mixin.py:137} INFO - [2023-04-23T03:18:19.705+0300] {dagbag.py:532} INFO - Filling up the DagBag from /home/vladimir/.local/lib/python3.10/site-packages/airflow/example_dags/example_sensors.py
[2023-04-23T03:18:19.717+0300] {processor.py:753} INFO - DAG(s) dict_keys(['example_sensors']) retrieved from /home/vladimir/.local/lib/python3.10/site-packages/airflow/example_dags/example_sensors.py
[2023-04-23T03:18:19.739+0300] {logging_mixin.py:137} INFO - [2023-04-23T03:18:19.738+0300] {dag.py:2705} INFO - Sync 1 DAGs
[2023-04-23T03:18:19.751+0300] {logging_mixin.py:137} INFO - [2023-04-23T03:18:19.750+0300] {dag.py:3452} INFO - Setting next_dagrun for example_sensors to None, run_after=None
[2023-04-23T03:18:19.762+0300] {processor.py:175} INFO - Processing /home/vladimir/.local/lib/python3.10/site-packages/airflow/example_dags/example_sensors.py took 0.060 seconds
[2023-04-23T03:18:59.779+0300] {processor.py:153} INFO - Started process (PID=7505) to work on /home/vladimir/.local/lib/python3.10/site-packages/airflow/example_dags/example_sensors.py
[2023-04-23T03:18:59.780+0300] {processor.py:743} INFO - Processing file /home/vladimir/.local/lib/python3.10/site-packages/airflow/example_dags/example_sensors.py for tasks to queue
[2023-04-23T03:18:59.780+0300] {logging_mixin.py:137} INFO - [2023-04-23T03:18:59.780+0300] {dagbag.py:532} INFO - Filling up the DagBag from /home/vladimir/.local/lib/python3.10/site-packages/airflow/example_dags/example_sensors.py
[2023-04-23T03:18:59.794+0300] {processor.py:753} INFO - DAG(s) dict_keys(['example_sensors']) retrieved from /home/vladimir/.local/lib/python3.10/site-packages/airflow/example_dags/example_sensors.py
[2023-04-23T03:18:59.809+0300] {logging_mixin.py:137} INFO - [2023-04-23T03:18:59.808+0300] {dag.py:2705} INFO - Sync 1 DAGs
[2023-04-23T03:18:59.820+0300] {logging_mixin.py:137} INFO - [2023-04-23T03:18:59.820+0300] {dag.py:3452} INFO - Setting next_dagrun for example_sensors to None, run_after=None
[2023-04-23T03:18:59.831+0300] {processor.py:175} INFO - Processing /home/vladimir/.local/lib/python3.10/site-packages/airflow/example_dags/example_sensors.py took 0.055 seconds
[2023-04-23T03:19:41.724+0300] {processor.py:153} INFO - Started process (PID=7609) to work on /home/vladimir/.local/lib/python3.10/site-packages/airflow/example_dags/example_sensors.py
[2023-04-23T03:19:41.732+0300] {processor.py:743} INFO - Processing file /home/vladimir/.local/lib/python3.10/site-packages/airflow/example_dags/example_sensors.py for tasks to queue
[2023-04-23T03:19:41.735+0300] {logging_mixin.py:137} INFO - [2023-04-23T03:19:41.735+0300] {dagbag.py:532} INFO - Filling up the DagBag from /home/vladimir/.local/lib/python3.10/site-packages/airflow/example_dags/example_sensors.py
[2023-04-23T03:19:41.803+0300] {processor.py:753} INFO - DAG(s) dict_keys(['example_sensors']) retrieved from /home/vladimir/.local/lib/python3.10/site-packages/airflow/example_dags/example_sensors.py
[2023-04-23T03:19:42.007+0300] {logging_mixin.py:137} INFO - [2023-04-23T03:19:42.007+0300] {dag.py:2705} INFO - Sync 1 DAGs
[2023-04-23T03:19:42.076+0300] {logging_mixin.py:137} INFO - [2023-04-23T03:19:42.076+0300] {dag.py:3452} INFO - Setting next_dagrun for example_sensors to None, run_after=None
[2023-04-23T03:19:42.105+0300] {processor.py:175} INFO - Processing /home/vladimir/.local/lib/python3.10/site-packages/airflow/example_dags/example_sensors.py took 0.431 seconds
[2023-04-23T03:20:31.862+0300] {processor.py:153} INFO - Started process (PID=7852) to work on /home/vladimir/.local/lib/python3.10/site-packages/airflow/example_dags/example_sensors.py
[2023-04-23T03:20:31.863+0300] {processor.py:743} INFO - Processing file /home/vladimir/.local/lib/python3.10/site-packages/airflow/example_dags/example_sensors.py for tasks to queue
[2023-04-23T03:20:31.864+0300] {logging_mixin.py:137} INFO - [2023-04-23T03:20:31.864+0300] {dagbag.py:532} INFO - Filling up the DagBag from /home/vladimir/.local/lib/python3.10/site-packages/airflow/example_dags/example_sensors.py
[2023-04-23T03:20:31.878+0300] {processor.py:753} INFO - DAG(s) dict_keys(['example_sensors']) retrieved from /home/vladimir/.local/lib/python3.10/site-packages/airflow/example_dags/example_sensors.py
[2023-04-23T03:20:31.894+0300] {logging_mixin.py:137} INFO - [2023-04-23T03:20:31.894+0300] {dag.py:2705} INFO - Sync 1 DAGs
[2023-04-23T03:20:31.908+0300] {logging_mixin.py:137} INFO - [2023-04-23T03:20:31.907+0300] {dag.py:3452} INFO - Setting next_dagrun for example_sensors to None, run_after=None
[2023-04-23T03:20:31.920+0300] {processor.py:175} INFO - Processing /home/vladimir/.local/lib/python3.10/site-packages/airflow/example_dags/example_sensors.py took 0.060 seconds
[2023-04-23T03:21:15.752+0300] {processor.py:153} INFO - Started process (PID=7937) to work on /home/vladimir/.local/lib/python3.10/site-packages/airflow/example_dags/example_sensors.py
[2023-04-23T03:21:15.753+0300] {processor.py:743} INFO - Processing file /home/vladimir/.local/lib/python3.10/site-packages/airflow/example_dags/example_sensors.py for tasks to queue
[2023-04-23T03:21:15.754+0300] {logging_mixin.py:137} INFO - [2023-04-23T03:21:15.754+0300] {dagbag.py:532} INFO - Filling up the DagBag from /home/vladimir/.local/lib/python3.10/site-packages/airflow/example_dags/example_sensors.py
[2023-04-23T03:21:15.767+0300] {processor.py:753} INFO - DAG(s) dict_keys(['example_sensors']) retrieved from /home/vladimir/.local/lib/python3.10/site-packages/airflow/example_dags/example_sensors.py
[2023-04-23T03:21:15.783+0300] {logging_mixin.py:137} INFO - [2023-04-23T03:21:15.783+0300] {dag.py:2705} INFO - Sync 1 DAGs
[2023-04-23T03:21:15.798+0300] {logging_mixin.py:137} INFO - [2023-04-23T03:21:15.798+0300] {dag.py:3452} INFO - Setting next_dagrun for example_sensors to None, run_after=None
[2023-04-23T03:21:15.816+0300] {processor.py:175} INFO - Processing /home/vladimir/.local/lib/python3.10/site-packages/airflow/example_dags/example_sensors.py took 0.065 seconds
