[2023-04-23T03:12:56.650+0300] {processor.py:153} INFO - Started process (PID=6978) to work on /home/vladimir/.local/lib/python3.10/site-packages/airflow/example_dags/example_sensor_decorator.py
[2023-04-23T03:12:56.650+0300] {processor.py:743} INFO - Processing file /home/vladimir/.local/lib/python3.10/site-packages/airflow/example_dags/example_sensor_decorator.py for tasks to queue
[2023-04-23T03:12:56.651+0300] {logging_mixin.py:137} INFO - [2023-04-23T03:12:56.651+0300] {dagbag.py:532} INFO - Filling up the DagBag from /home/vladimir/.local/lib/python3.10/site-packages/airflow/example_dags/example_sensor_decorator.py
[2023-04-23T03:12:56.666+0300] {processor.py:753} INFO - DAG(s) dict_keys(['example_sensor_decorator']) retrieved from /home/vladimir/.local/lib/python3.10/site-packages/airflow/example_dags/example_sensor_decorator.py
[2023-04-23T03:12:56.679+0300] {logging_mixin.py:137} INFO - [2023-04-23T03:12:56.679+0300] {dag.py:2705} INFO - Sync 1 DAGs
[2023-04-23T03:12:56.696+0300] {logging_mixin.py:137} INFO - [2023-04-23T03:12:56.696+0300] {dag.py:3452} INFO - Setting next_dagrun for example_sensor_decorator to None, run_after=None
[2023-04-23T03:12:56.709+0300] {processor.py:175} INFO - Processing /home/vladimir/.local/lib/python3.10/site-packages/airflow/example_dags/example_sensor_decorator.py took 0.062 seconds
[2023-04-23T03:13:37.949+0300] {processor.py:153} INFO - Started process (PID=7034) to work on /home/vladimir/.local/lib/python3.10/site-packages/airflow/example_dags/example_sensor_decorator.py
[2023-04-23T03:13:37.950+0300] {processor.py:743} INFO - Processing file /home/vladimir/.local/lib/python3.10/site-packages/airflow/example_dags/example_sensor_decorator.py for tasks to queue
[2023-04-23T03:13:37.950+0300] {logging_mixin.py:137} INFO - [2023-04-23T03:13:37.950+0300] {dagbag.py:532} INFO - Filling up the DagBag from /home/vladimir/.local/lib/python3.10/site-packages/airflow/example_dags/example_sensor_decorator.py
[2023-04-23T03:13:37.966+0300] {processor.py:753} INFO - DAG(s) dict_keys(['example_sensor_decorator']) retrieved from /home/vladimir/.local/lib/python3.10/site-packages/airflow/example_dags/example_sensor_decorator.py
[2023-04-23T03:13:37.979+0300] {logging_mixin.py:137} INFO - [2023-04-23T03:13:37.979+0300] {dag.py:2705} INFO - Sync 1 DAGs
[2023-04-23T03:13:37.991+0300] {logging_mixin.py:137} INFO - [2023-04-23T03:13:37.991+0300] {dag.py:3452} INFO - Setting next_dagrun for example_sensor_decorator to None, run_after=None
[2023-04-23T03:13:38.003+0300] {processor.py:175} INFO - Processing /home/vladimir/.local/lib/python3.10/site-packages/airflow/example_dags/example_sensor_decorator.py took 0.056 seconds
[2023-04-23T03:14:19.254+0300] {processor.py:153} INFO - Started process (PID=7089) to work on /home/vladimir/.local/lib/python3.10/site-packages/airflow/example_dags/example_sensor_decorator.py
[2023-04-23T03:14:19.255+0300] {processor.py:743} INFO - Processing file /home/vladimir/.local/lib/python3.10/site-packages/airflow/example_dags/example_sensor_decorator.py for tasks to queue
[2023-04-23T03:14:19.256+0300] {logging_mixin.py:137} INFO - [2023-04-23T03:14:19.255+0300] {dagbag.py:532} INFO - Filling up the DagBag from /home/vladimir/.local/lib/python3.10/site-packages/airflow/example_dags/example_sensor_decorator.py
[2023-04-23T03:14:19.271+0300] {processor.py:753} INFO - DAG(s) dict_keys(['example_sensor_decorator']) retrieved from /home/vladimir/.local/lib/python3.10/site-packages/airflow/example_dags/example_sensor_decorator.py
[2023-04-23T03:14:19.284+0300] {logging_mixin.py:137} INFO - [2023-04-23T03:14:19.284+0300] {dag.py:2705} INFO - Sync 1 DAGs
[2023-04-23T03:14:19.296+0300] {logging_mixin.py:137} INFO - [2023-04-23T03:14:19.296+0300] {dag.py:3452} INFO - Setting next_dagrun for example_sensor_decorator to None, run_after=None
[2023-04-23T03:14:19.309+0300] {processor.py:175} INFO - Processing /home/vladimir/.local/lib/python3.10/site-packages/airflow/example_dags/example_sensor_decorator.py took 0.057 seconds
[2023-04-23T03:14:59.185+0300] {processor.py:153} INFO - Started process (PID=7182) to work on /home/vladimir/.local/lib/python3.10/site-packages/airflow/example_dags/example_sensor_decorator.py
[2023-04-23T03:14:59.186+0300] {processor.py:743} INFO - Processing file /home/vladimir/.local/lib/python3.10/site-packages/airflow/example_dags/example_sensor_decorator.py for tasks to queue
[2023-04-23T03:14:59.186+0300] {logging_mixin.py:137} INFO - [2023-04-23T03:14:59.186+0300] {dagbag.py:532} INFO - Filling up the DagBag from /home/vladimir/.local/lib/python3.10/site-packages/airflow/example_dags/example_sensor_decorator.py
[2023-04-23T03:14:59.204+0300] {processor.py:753} INFO - DAG(s) dict_keys(['example_sensor_decorator']) retrieved from /home/vladimir/.local/lib/python3.10/site-packages/airflow/example_dags/example_sensor_decorator.py
[2023-04-23T03:14:59.223+0300] {logging_mixin.py:137} INFO - [2023-04-23T03:14:59.223+0300] {dag.py:2705} INFO - Sync 1 DAGs
[2023-04-23T03:14:59.236+0300] {logging_mixin.py:137} INFO - [2023-04-23T03:14:59.236+0300] {dag.py:3452} INFO - Setting next_dagrun for example_sensor_decorator to None, run_after=None
[2023-04-23T03:14:59.251+0300] {processor.py:175} INFO - Processing /home/vladimir/.local/lib/python3.10/site-packages/airflow/example_dags/example_sensor_decorator.py took 0.070 seconds
[2023-04-23T03:15:39.405+0300] {processor.py:153} INFO - Started process (PID=7235) to work on /home/vladimir/.local/lib/python3.10/site-packages/airflow/example_dags/example_sensor_decorator.py
[2023-04-23T03:15:39.406+0300] {processor.py:743} INFO - Processing file /home/vladimir/.local/lib/python3.10/site-packages/airflow/example_dags/example_sensor_decorator.py for tasks to queue
[2023-04-23T03:15:39.406+0300] {logging_mixin.py:137} INFO - [2023-04-23T03:15:39.406+0300] {dagbag.py:532} INFO - Filling up the DagBag from /home/vladimir/.local/lib/python3.10/site-packages/airflow/example_dags/example_sensor_decorator.py
[2023-04-23T03:15:39.423+0300] {processor.py:753} INFO - DAG(s) dict_keys(['example_sensor_decorator']) retrieved from /home/vladimir/.local/lib/python3.10/site-packages/airflow/example_dags/example_sensor_decorator.py
[2023-04-23T03:15:39.436+0300] {logging_mixin.py:137} INFO - [2023-04-23T03:15:39.436+0300] {dag.py:2705} INFO - Sync 1 DAGs
[2023-04-23T03:15:39.449+0300] {logging_mixin.py:137} INFO - [2023-04-23T03:15:39.449+0300] {dag.py:3452} INFO - Setting next_dagrun for example_sensor_decorator to None, run_after=None
[2023-04-23T03:15:39.463+0300] {processor.py:175} INFO - Processing /home/vladimir/.local/lib/python3.10/site-packages/airflow/example_dags/example_sensor_decorator.py took 0.061 seconds
[2023-04-23T03:16:21.077+0300] {processor.py:153} INFO - Started process (PID=7290) to work on /home/vladimir/.local/lib/python3.10/site-packages/airflow/example_dags/example_sensor_decorator.py
[2023-04-23T03:16:21.078+0300] {processor.py:743} INFO - Processing file /home/vladimir/.local/lib/python3.10/site-packages/airflow/example_dags/example_sensor_decorator.py for tasks to queue
[2023-04-23T03:16:21.078+0300] {logging_mixin.py:137} INFO - [2023-04-23T03:16:21.078+0300] {dagbag.py:532} INFO - Filling up the DagBag from /home/vladimir/.local/lib/python3.10/site-packages/airflow/example_dags/example_sensor_decorator.py
[2023-04-23T03:16:21.094+0300] {processor.py:753} INFO - DAG(s) dict_keys(['example_sensor_decorator']) retrieved from /home/vladimir/.local/lib/python3.10/site-packages/airflow/example_dags/example_sensor_decorator.py
[2023-04-23T03:16:21.107+0300] {logging_mixin.py:137} INFO - [2023-04-23T03:16:21.107+0300] {dag.py:2705} INFO - Sync 1 DAGs
[2023-04-23T03:16:21.120+0300] {logging_mixin.py:137} INFO - [2023-04-23T03:16:21.120+0300] {dag.py:3452} INFO - Setting next_dagrun for example_sensor_decorator to None, run_after=None
[2023-04-23T03:16:21.136+0300] {processor.py:175} INFO - Processing /home/vladimir/.local/lib/python3.10/site-packages/airflow/example_dags/example_sensor_decorator.py took 0.061 seconds
[2023-04-23T03:17:00.481+0300] {processor.py:153} INFO - Started process (PID=7366) to work on /home/vladimir/.local/lib/python3.10/site-packages/airflow/example_dags/example_sensor_decorator.py
[2023-04-23T03:17:00.482+0300] {processor.py:743} INFO - Processing file /home/vladimir/.local/lib/python3.10/site-packages/airflow/example_dags/example_sensor_decorator.py for tasks to queue
[2023-04-23T03:17:00.483+0300] {logging_mixin.py:137} INFO - [2023-04-23T03:17:00.482+0300] {dagbag.py:532} INFO - Filling up the DagBag from /home/vladimir/.local/lib/python3.10/site-packages/airflow/example_dags/example_sensor_decorator.py
[2023-04-23T03:17:00.497+0300] {processor.py:753} INFO - DAG(s) dict_keys(['example_sensor_decorator']) retrieved from /home/vladimir/.local/lib/python3.10/site-packages/airflow/example_dags/example_sensor_decorator.py
[2023-04-23T03:17:00.510+0300] {logging_mixin.py:137} INFO - [2023-04-23T03:17:00.510+0300] {dag.py:2705} INFO - Sync 1 DAGs
[2023-04-23T03:17:00.523+0300] {logging_mixin.py:137} INFO - [2023-04-23T03:17:00.523+0300] {dag.py:3452} INFO - Setting next_dagrun for example_sensor_decorator to None, run_after=None
[2023-04-23T03:17:00.535+0300] {processor.py:175} INFO - Processing /home/vladimir/.local/lib/python3.10/site-packages/airflow/example_dags/example_sensor_decorator.py took 0.056 seconds
[2023-04-23T03:17:39.883+0300] {processor.py:153} INFO - Started process (PID=7412) to work on /home/vladimir/.local/lib/python3.10/site-packages/airflow/example_dags/example_sensor_decorator.py
[2023-04-23T03:17:39.884+0300] {processor.py:743} INFO - Processing file /home/vladimir/.local/lib/python3.10/site-packages/airflow/example_dags/example_sensor_decorator.py for tasks to queue
[2023-04-23T03:17:39.884+0300] {logging_mixin.py:137} INFO - [2023-04-23T03:17:39.884+0300] {dagbag.py:532} INFO - Filling up the DagBag from /home/vladimir/.local/lib/python3.10/site-packages/airflow/example_dags/example_sensor_decorator.py
[2023-04-23T03:17:39.899+0300] {processor.py:753} INFO - DAG(s) dict_keys(['example_sensor_decorator']) retrieved from /home/vladimir/.local/lib/python3.10/site-packages/airflow/example_dags/example_sensor_decorator.py
[2023-04-23T03:17:39.911+0300] {logging_mixin.py:137} INFO - [2023-04-23T03:17:39.911+0300] {dag.py:2705} INFO - Sync 1 DAGs
[2023-04-23T03:17:39.922+0300] {logging_mixin.py:137} INFO - [2023-04-23T03:17:39.922+0300] {dag.py:3452} INFO - Setting next_dagrun for example_sensor_decorator to None, run_after=None
[2023-04-23T03:17:39.934+0300] {processor.py:175} INFO - Processing /home/vladimir/.local/lib/python3.10/site-packages/airflow/example_dags/example_sensor_decorator.py took 0.054 seconds
[2023-04-23T03:18:19.103+0300] {processor.py:153} INFO - Started process (PID=7460) to work on /home/vladimir/.local/lib/python3.10/site-packages/airflow/example_dags/example_sensor_decorator.py
[2023-04-23T03:18:19.103+0300] {processor.py:743} INFO - Processing file /home/vladimir/.local/lib/python3.10/site-packages/airflow/example_dags/example_sensor_decorator.py for tasks to queue
[2023-04-23T03:18:19.104+0300] {logging_mixin.py:137} INFO - [2023-04-23T03:18:19.104+0300] {dagbag.py:532} INFO - Filling up the DagBag from /home/vladimir/.local/lib/python3.10/site-packages/airflow/example_dags/example_sensor_decorator.py
[2023-04-23T03:18:19.119+0300] {processor.py:753} INFO - DAG(s) dict_keys(['example_sensor_decorator']) retrieved from /home/vladimir/.local/lib/python3.10/site-packages/airflow/example_dags/example_sensor_decorator.py
[2023-04-23T03:18:19.131+0300] {logging_mixin.py:137} INFO - [2023-04-23T03:18:19.131+0300] {dag.py:2705} INFO - Sync 1 DAGs
[2023-04-23T03:18:19.142+0300] {logging_mixin.py:137} INFO - [2023-04-23T03:18:19.142+0300] {dag.py:3452} INFO - Setting next_dagrun for example_sensor_decorator to None, run_after=None
[2023-04-23T03:18:19.154+0300] {processor.py:175} INFO - Processing /home/vladimir/.local/lib/python3.10/site-packages/airflow/example_dags/example_sensor_decorator.py took 0.053 seconds
[2023-04-23T03:18:57.938+0300] {processor.py:153} INFO - Started process (PID=7503) to work on /home/vladimir/.local/lib/python3.10/site-packages/airflow/example_dags/example_sensor_decorator.py
[2023-04-23T03:18:57.939+0300] {processor.py:743} INFO - Processing file /home/vladimir/.local/lib/python3.10/site-packages/airflow/example_dags/example_sensor_decorator.py for tasks to queue
[2023-04-23T03:18:57.939+0300] {logging_mixin.py:137} INFO - [2023-04-23T03:18:57.939+0300] {dagbag.py:532} INFO - Filling up the DagBag from /home/vladimir/.local/lib/python3.10/site-packages/airflow/example_dags/example_sensor_decorator.py
[2023-04-23T03:18:57.954+0300] {processor.py:753} INFO - DAG(s) dict_keys(['example_sensor_decorator']) retrieved from /home/vladimir/.local/lib/python3.10/site-packages/airflow/example_dags/example_sensor_decorator.py
[2023-04-23T03:18:57.966+0300] {logging_mixin.py:137} INFO - [2023-04-23T03:18:57.966+0300] {dag.py:2705} INFO - Sync 1 DAGs
[2023-04-23T03:18:57.978+0300] {logging_mixin.py:137} INFO - [2023-04-23T03:18:57.978+0300] {dag.py:3452} INFO - Setting next_dagrun for example_sensor_decorator to None, run_after=None
[2023-04-23T03:18:57.994+0300] {processor.py:175} INFO - Processing /home/vladimir/.local/lib/python3.10/site-packages/airflow/example_dags/example_sensor_decorator.py took 0.059 seconds
[2023-04-23T03:19:39.854+0300] {processor.py:153} INFO - Started process (PID=7598) to work on /home/vladimir/.local/lib/python3.10/site-packages/airflow/example_dags/example_sensor_decorator.py
[2023-04-23T03:19:39.861+0300] {processor.py:743} INFO - Processing file /home/vladimir/.local/lib/python3.10/site-packages/airflow/example_dags/example_sensor_decorator.py for tasks to queue
[2023-04-23T03:19:39.863+0300] {logging_mixin.py:137} INFO - [2023-04-23T03:19:39.863+0300] {dagbag.py:532} INFO - Filling up the DagBag from /home/vladimir/.local/lib/python3.10/site-packages/airflow/example_dags/example_sensor_decorator.py
[2023-04-23T03:19:39.941+0300] {processor.py:753} INFO - DAG(s) dict_keys(['example_sensor_decorator']) retrieved from /home/vladimir/.local/lib/python3.10/site-packages/airflow/example_dags/example_sensor_decorator.py
[2023-04-23T03:19:40.005+0300] {logging_mixin.py:137} INFO - [2023-04-23T03:19:40.005+0300] {dag.py:2705} INFO - Sync 1 DAGs
[2023-04-23T03:19:40.041+0300] {logging_mixin.py:137} INFO - [2023-04-23T03:19:40.041+0300] {dag.py:3452} INFO - Setting next_dagrun for example_sensor_decorator to None, run_after=None
[2023-04-23T03:19:40.073+0300] {processor.py:175} INFO - Processing /home/vladimir/.local/lib/python3.10/site-packages/airflow/example_dags/example_sensor_decorator.py took 0.239 seconds
[2023-04-23T03:20:30.270+0300] {processor.py:153} INFO - Started process (PID=7850) to work on /home/vladimir/.local/lib/python3.10/site-packages/airflow/example_dags/example_sensor_decorator.py
[2023-04-23T03:20:30.271+0300] {processor.py:743} INFO - Processing file /home/vladimir/.local/lib/python3.10/site-packages/airflow/example_dags/example_sensor_decorator.py for tasks to queue
[2023-04-23T03:20:30.271+0300] {logging_mixin.py:137} INFO - [2023-04-23T03:20:30.271+0300] {dagbag.py:532} INFO - Filling up the DagBag from /home/vladimir/.local/lib/python3.10/site-packages/airflow/example_dags/example_sensor_decorator.py
[2023-04-23T03:20:30.288+0300] {processor.py:753} INFO - DAG(s) dict_keys(['example_sensor_decorator']) retrieved from /home/vladimir/.local/lib/python3.10/site-packages/airflow/example_dags/example_sensor_decorator.py
[2023-04-23T03:20:30.300+0300] {logging_mixin.py:137} INFO - [2023-04-23T03:20:30.300+0300] {dag.py:2705} INFO - Sync 1 DAGs
[2023-04-23T03:20:30.312+0300] {logging_mixin.py:137} INFO - [2023-04-23T03:20:30.312+0300] {dag.py:3452} INFO - Setting next_dagrun for example_sensor_decorator to None, run_after=None
[2023-04-23T03:20:30.325+0300] {processor.py:175} INFO - Processing /home/vladimir/.local/lib/python3.10/site-packages/airflow/example_dags/example_sensor_decorator.py took 0.058 seconds
[2023-04-23T03:21:13.633+0300] {processor.py:153} INFO - Started process (PID=7935) to work on /home/vladimir/.local/lib/python3.10/site-packages/airflow/example_dags/example_sensor_decorator.py
[2023-04-23T03:21:13.634+0300] {processor.py:743} INFO - Processing file /home/vladimir/.local/lib/python3.10/site-packages/airflow/example_dags/example_sensor_decorator.py for tasks to queue
[2023-04-23T03:21:13.635+0300] {logging_mixin.py:137} INFO - [2023-04-23T03:21:13.635+0300] {dagbag.py:532} INFO - Filling up the DagBag from /home/vladimir/.local/lib/python3.10/site-packages/airflow/example_dags/example_sensor_decorator.py
[2023-04-23T03:21:13.652+0300] {processor.py:753} INFO - DAG(s) dict_keys(['example_sensor_decorator']) retrieved from /home/vladimir/.local/lib/python3.10/site-packages/airflow/example_dags/example_sensor_decorator.py
[2023-04-23T03:21:13.669+0300] {logging_mixin.py:137} INFO - [2023-04-23T03:21:13.669+0300] {dag.py:2705} INFO - Sync 1 DAGs
[2023-04-23T03:21:13.689+0300] {logging_mixin.py:137} INFO - [2023-04-23T03:21:13.689+0300] {dag.py:3452} INFO - Setting next_dagrun for example_sensor_decorator to None, run_after=None
[2023-04-23T03:21:13.704+0300] {processor.py:175} INFO - Processing /home/vladimir/.local/lib/python3.10/site-packages/airflow/example_dags/example_sensor_decorator.py took 0.075 seconds
