[2023-04-23T03:13:08.358+0300] {processor.py:153} INFO - Started process (PID=6993) to work on /home/vladimir/.local/lib/python3.10/site-packages/airflow/example_dags/example_datasets.py
[2023-04-23T03:13:08.359+0300] {processor.py:743} INFO - Processing file /home/vladimir/.local/lib/python3.10/site-packages/airflow/example_dags/example_datasets.py for tasks to queue
[2023-04-23T03:13:08.360+0300] {logging_mixin.py:137} INFO - [2023-04-23T03:13:08.360+0300] {dagbag.py:532} INFO - Filling up the DagBag from /home/vladimir/.local/lib/python3.10/site-packages/airflow/example_dags/example_datasets.py
[2023-04-23T03:13:08.371+0300] {processor.py:753} INFO - DAG(s) dict_keys(['dataset_consumes_1', 'dataset_consumes_1_and_2', 'dataset_consumes_1_never_scheduled', 'dataset_consumes_unknown_never_scheduled', 'dataset_produces_2', 'dataset_produces_1']) retrieved from /home/vladimir/.local/lib/python3.10/site-packages/airflow/example_dags/example_datasets.py
[2023-04-23T03:13:08.414+0300] {logging_mixin.py:137} INFO - [2023-04-23T03:13:08.414+0300] {dag.py:2705} INFO - Sync 6 DAGs
[2023-04-23T03:13:08.426+0300] {logging_mixin.py:137} INFO - [2023-04-23T03:13:08.426+0300] {dag.py:3452} INFO - Setting next_dagrun for dataset_consumes_1 to None, run_after=None
[2023-04-23T03:13:08.427+0300] {logging_mixin.py:137} INFO - [2023-04-23T03:13:08.427+0300] {dag.py:3452} INFO - Setting next_dagrun for dataset_consumes_1_and_2 to None, run_after=None
[2023-04-23T03:13:08.428+0300] {logging_mixin.py:137} INFO - [2023-04-23T03:13:08.428+0300] {dag.py:3452} INFO - Setting next_dagrun for dataset_consumes_1_never_scheduled to None, run_after=None
[2023-04-23T03:13:08.428+0300] {logging_mixin.py:137} INFO - [2023-04-23T03:13:08.428+0300] {dag.py:3452} INFO - Setting next_dagrun for dataset_consumes_unknown_never_scheduled to None, run_after=None
[2023-04-23T03:13:08.430+0300] {logging_mixin.py:137} INFO - [2023-04-23T03:13:08.430+0300] {dag.py:3452} INFO - Setting next_dagrun for dataset_produces_1 to 2023-04-22T00:00:00+00:00, run_after=2023-04-23T00:00:00+00:00
[2023-04-23T03:13:08.431+0300] {logging_mixin.py:137} INFO - [2023-04-23T03:13:08.431+0300] {dag.py:3452} INFO - Setting next_dagrun for dataset_produces_2 to None, run_after=None
[2023-04-23T03:13:08.453+0300] {processor.py:175} INFO - Processing /home/vladimir/.local/lib/python3.10/site-packages/airflow/example_dags/example_datasets.py took 0.097 seconds
[2023-04-23T03:13:49.559+0300] {processor.py:153} INFO - Started process (PID=7055) to work on /home/vladimir/.local/lib/python3.10/site-packages/airflow/example_dags/example_datasets.py
[2023-04-23T03:13:49.560+0300] {processor.py:743} INFO - Processing file /home/vladimir/.local/lib/python3.10/site-packages/airflow/example_dags/example_datasets.py for tasks to queue
[2023-04-23T03:13:49.560+0300] {logging_mixin.py:137} INFO - [2023-04-23T03:13:49.560+0300] {dagbag.py:532} INFO - Filling up the DagBag from /home/vladimir/.local/lib/python3.10/site-packages/airflow/example_dags/example_datasets.py
[2023-04-23T03:13:49.576+0300] {processor.py:753} INFO - DAG(s) dict_keys(['dataset_consumes_unknown_never_scheduled', 'dataset_consumes_1', 'dataset_produces_1', 'dataset_consumes_1_never_scheduled', 'dataset_consumes_1_and_2', 'dataset_produces_2']) retrieved from /home/vladimir/.local/lib/python3.10/site-packages/airflow/example_dags/example_datasets.py
[2023-04-23T03:13:49.603+0300] {logging_mixin.py:137} INFO - [2023-04-23T03:13:49.603+0300] {dag.py:2705} INFO - Sync 6 DAGs
[2023-04-23T03:13:49.619+0300] {logging_mixin.py:137} INFO - [2023-04-23T03:13:49.619+0300] {dag.py:3452} INFO - Setting next_dagrun for dataset_consumes_1 to None, run_after=None
[2023-04-23T03:13:49.621+0300] {logging_mixin.py:137} INFO - [2023-04-23T03:13:49.621+0300] {dag.py:3452} INFO - Setting next_dagrun for dataset_consumes_1_and_2 to None, run_after=None
[2023-04-23T03:13:49.621+0300] {logging_mixin.py:137} INFO - [2023-04-23T03:13:49.621+0300] {dag.py:3452} INFO - Setting next_dagrun for dataset_consumes_1_never_scheduled to None, run_after=None
[2023-04-23T03:13:49.622+0300] {logging_mixin.py:137} INFO - [2023-04-23T03:13:49.622+0300] {dag.py:3452} INFO - Setting next_dagrun for dataset_consumes_unknown_never_scheduled to None, run_after=None
[2023-04-23T03:13:49.623+0300] {logging_mixin.py:137} INFO - [2023-04-23T03:13:49.623+0300] {dag.py:3452} INFO - Setting next_dagrun for dataset_produces_1 to 2023-04-22T00:00:00+00:00, run_after=2023-04-23T00:00:00+00:00
[2023-04-23T03:13:49.624+0300] {logging_mixin.py:137} INFO - [2023-04-23T03:13:49.624+0300] {dag.py:3452} INFO - Setting next_dagrun for dataset_produces_2 to None, run_after=None
[2023-04-23T03:13:49.645+0300] {processor.py:175} INFO - Processing /home/vladimir/.local/lib/python3.10/site-packages/airflow/example_dags/example_datasets.py took 0.088 seconds
[2023-04-23T03:14:31.829+0300] {processor.py:153} INFO - Started process (PID=7106) to work on /home/vladimir/.local/lib/python3.10/site-packages/airflow/example_dags/example_datasets.py
[2023-04-23T03:14:31.830+0300] {processor.py:743} INFO - Processing file /home/vladimir/.local/lib/python3.10/site-packages/airflow/example_dags/example_datasets.py for tasks to queue
[2023-04-23T03:14:31.830+0300] {logging_mixin.py:137} INFO - [2023-04-23T03:14:31.830+0300] {dagbag.py:532} INFO - Filling up the DagBag from /home/vladimir/.local/lib/python3.10/site-packages/airflow/example_dags/example_datasets.py
[2023-04-23T03:14:31.842+0300] {processor.py:753} INFO - DAG(s) dict_keys(['dataset_consumes_1_and_2', 'dataset_produces_1', 'dataset_consumes_unknown_never_scheduled', 'dataset_produces_2', 'dataset_consumes_1_never_scheduled', 'dataset_consumes_1']) retrieved from /home/vladimir/.local/lib/python3.10/site-packages/airflow/example_dags/example_datasets.py
[2023-04-23T03:14:31.864+0300] {logging_mixin.py:137} INFO - [2023-04-23T03:14:31.864+0300] {dag.py:2705} INFO - Sync 6 DAGs
[2023-04-23T03:14:31.877+0300] {logging_mixin.py:137} INFO - [2023-04-23T03:14:31.877+0300] {dag.py:3452} INFO - Setting next_dagrun for dataset_consumes_1 to None, run_after=None
[2023-04-23T03:14:31.878+0300] {logging_mixin.py:137} INFO - [2023-04-23T03:14:31.878+0300] {dag.py:3452} INFO - Setting next_dagrun for dataset_consumes_1_and_2 to None, run_after=None
[2023-04-23T03:14:31.879+0300] {logging_mixin.py:137} INFO - [2023-04-23T03:14:31.879+0300] {dag.py:3452} INFO - Setting next_dagrun for dataset_consumes_1_never_scheduled to None, run_after=None
[2023-04-23T03:14:31.879+0300] {logging_mixin.py:137} INFO - [2023-04-23T03:14:31.879+0300] {dag.py:3452} INFO - Setting next_dagrun for dataset_consumes_unknown_never_scheduled to None, run_after=None
[2023-04-23T03:14:31.881+0300] {logging_mixin.py:137} INFO - [2023-04-23T03:14:31.881+0300] {dag.py:3452} INFO - Setting next_dagrun for dataset_produces_1 to 2023-04-22T00:00:00+00:00, run_after=2023-04-23T00:00:00+00:00
[2023-04-23T03:14:31.882+0300] {logging_mixin.py:137} INFO - [2023-04-23T03:14:31.882+0300] {dag.py:3452} INFO - Setting next_dagrun for dataset_produces_2 to None, run_after=None
[2023-04-23T03:14:31.899+0300] {processor.py:175} INFO - Processing /home/vladimir/.local/lib/python3.10/site-packages/airflow/example_dags/example_datasets.py took 0.073 seconds
[2023-04-23T03:15:10.596+0300] {processor.py:153} INFO - Started process (PID=7202) to work on /home/vladimir/.local/lib/python3.10/site-packages/airflow/example_dags/example_datasets.py
[2023-04-23T03:15:10.597+0300] {processor.py:743} INFO - Processing file /home/vladimir/.local/lib/python3.10/site-packages/airflow/example_dags/example_datasets.py for tasks to queue
[2023-04-23T03:15:10.597+0300] {logging_mixin.py:137} INFO - [2023-04-23T03:15:10.597+0300] {dagbag.py:532} INFO - Filling up the DagBag from /home/vladimir/.local/lib/python3.10/site-packages/airflow/example_dags/example_datasets.py
[2023-04-23T03:15:10.609+0300] {processor.py:753} INFO - DAG(s) dict_keys(['dataset_produces_2', 'dataset_consumes_1', 'dataset_consumes_unknown_never_scheduled', 'dataset_consumes_1_and_2', 'dataset_consumes_1_never_scheduled', 'dataset_produces_1']) retrieved from /home/vladimir/.local/lib/python3.10/site-packages/airflow/example_dags/example_datasets.py
[2023-04-23T03:15:10.629+0300] {logging_mixin.py:137} INFO - [2023-04-23T03:15:10.629+0300] {dag.py:2705} INFO - Sync 6 DAGs
[2023-04-23T03:15:10.643+0300] {logging_mixin.py:137} INFO - [2023-04-23T03:15:10.643+0300] {dag.py:3452} INFO - Setting next_dagrun for dataset_consumes_1 to None, run_after=None
[2023-04-23T03:15:10.645+0300] {logging_mixin.py:137} INFO - [2023-04-23T03:15:10.645+0300] {dag.py:3452} INFO - Setting next_dagrun for dataset_consumes_1_and_2 to None, run_after=None
[2023-04-23T03:15:10.645+0300] {logging_mixin.py:137} INFO - [2023-04-23T03:15:10.645+0300] {dag.py:3452} INFO - Setting next_dagrun for dataset_consumes_1_never_scheduled to None, run_after=None
[2023-04-23T03:15:10.646+0300] {logging_mixin.py:137} INFO - [2023-04-23T03:15:10.646+0300] {dag.py:3452} INFO - Setting next_dagrun for dataset_consumes_unknown_never_scheduled to None, run_after=None
[2023-04-23T03:15:10.647+0300] {logging_mixin.py:137} INFO - [2023-04-23T03:15:10.647+0300] {dag.py:3452} INFO - Setting next_dagrun for dataset_produces_1 to 2023-04-22T00:00:00+00:00, run_after=2023-04-23T00:00:00+00:00
[2023-04-23T03:15:10.648+0300] {logging_mixin.py:137} INFO - [2023-04-23T03:15:10.648+0300] {dag.py:3452} INFO - Setting next_dagrun for dataset_produces_2 to None, run_after=None
[2023-04-23T03:15:10.665+0300] {processor.py:175} INFO - Processing /home/vladimir/.local/lib/python3.10/site-packages/airflow/example_dags/example_datasets.py took 0.071 seconds
[2023-04-23T03:15:51.681+0300] {processor.py:153} INFO - Started process (PID=7257) to work on /home/vladimir/.local/lib/python3.10/site-packages/airflow/example_dags/example_datasets.py
[2023-04-23T03:15:51.682+0300] {processor.py:743} INFO - Processing file /home/vladimir/.local/lib/python3.10/site-packages/airflow/example_dags/example_datasets.py for tasks to queue
[2023-04-23T03:15:51.682+0300] {logging_mixin.py:137} INFO - [2023-04-23T03:15:51.682+0300] {dagbag.py:532} INFO - Filling up the DagBag from /home/vladimir/.local/lib/python3.10/site-packages/airflow/example_dags/example_datasets.py
[2023-04-23T03:15:51.694+0300] {processor.py:753} INFO - DAG(s) dict_keys(['dataset_consumes_unknown_never_scheduled', 'dataset_consumes_1_never_scheduled', 'dataset_consumes_1_and_2', 'dataset_consumes_1', 'dataset_produces_2', 'dataset_produces_1']) retrieved from /home/vladimir/.local/lib/python3.10/site-packages/airflow/example_dags/example_datasets.py
[2023-04-23T03:15:51.716+0300] {logging_mixin.py:137} INFO - [2023-04-23T03:15:51.716+0300] {dag.py:2705} INFO - Sync 6 DAGs
[2023-04-23T03:15:51.729+0300] {logging_mixin.py:137} INFO - [2023-04-23T03:15:51.729+0300] {dag.py:3452} INFO - Setting next_dagrun for dataset_consumes_1 to None, run_after=None
[2023-04-23T03:15:51.731+0300] {logging_mixin.py:137} INFO - [2023-04-23T03:15:51.731+0300] {dag.py:3452} INFO - Setting next_dagrun for dataset_consumes_1_and_2 to None, run_after=None
[2023-04-23T03:15:51.731+0300] {logging_mixin.py:137} INFO - [2023-04-23T03:15:51.731+0300] {dag.py:3452} INFO - Setting next_dagrun for dataset_consumes_1_never_scheduled to None, run_after=None
[2023-04-23T03:15:51.732+0300] {logging_mixin.py:137} INFO - [2023-04-23T03:15:51.731+0300] {dag.py:3452} INFO - Setting next_dagrun for dataset_consumes_unknown_never_scheduled to None, run_after=None
[2023-04-23T03:15:51.733+0300] {logging_mixin.py:137} INFO - [2023-04-23T03:15:51.733+0300] {dag.py:3452} INFO - Setting next_dagrun for dataset_produces_1 to 2023-04-22T00:00:00+00:00, run_after=2023-04-23T00:00:00+00:00
[2023-04-23T03:15:51.734+0300] {logging_mixin.py:137} INFO - [2023-04-23T03:15:51.734+0300] {dag.py:3452} INFO - Setting next_dagrun for dataset_produces_2 to None, run_after=None
[2023-04-23T03:15:51.751+0300] {processor.py:175} INFO - Processing /home/vladimir/.local/lib/python3.10/site-packages/airflow/example_dags/example_datasets.py took 0.072 seconds
[2023-04-23T03:16:31.635+0300] {processor.py:153} INFO - Started process (PID=7321) to work on /home/vladimir/.local/lib/python3.10/site-packages/airflow/example_dags/example_datasets.py
[2023-04-23T03:16:31.636+0300] {processor.py:743} INFO - Processing file /home/vladimir/.local/lib/python3.10/site-packages/airflow/example_dags/example_datasets.py for tasks to queue
[2023-04-23T03:16:31.636+0300] {logging_mixin.py:137} INFO - [2023-04-23T03:16:31.636+0300] {dagbag.py:532} INFO - Filling up the DagBag from /home/vladimir/.local/lib/python3.10/site-packages/airflow/example_dags/example_datasets.py
[2023-04-23T03:16:31.647+0300] {processor.py:753} INFO - DAG(s) dict_keys(['dataset_consumes_1_and_2', 'dataset_produces_2', 'dataset_produces_1', 'dataset_consumes_1', 'dataset_consumes_1_never_scheduled', 'dataset_consumes_unknown_never_scheduled']) retrieved from /home/vladimir/.local/lib/python3.10/site-packages/airflow/example_dags/example_datasets.py
[2023-04-23T03:16:31.668+0300] {logging_mixin.py:137} INFO - [2023-04-23T03:16:31.668+0300] {dag.py:2705} INFO - Sync 6 DAGs
[2023-04-23T03:16:31.683+0300] {logging_mixin.py:137} INFO - [2023-04-23T03:16:31.683+0300] {dag.py:3452} INFO - Setting next_dagrun for dataset_consumes_1 to None, run_after=None
[2023-04-23T03:16:31.685+0300] {logging_mixin.py:137} INFO - [2023-04-23T03:16:31.684+0300] {dag.py:3452} INFO - Setting next_dagrun for dataset_consumes_1_and_2 to None, run_after=None
[2023-04-23T03:16:31.686+0300] {logging_mixin.py:137} INFO - [2023-04-23T03:16:31.685+0300] {dag.py:3452} INFO - Setting next_dagrun for dataset_consumes_1_never_scheduled to None, run_after=None
[2023-04-23T03:16:31.686+0300] {logging_mixin.py:137} INFO - [2023-04-23T03:16:31.686+0300] {dag.py:3452} INFO - Setting next_dagrun for dataset_consumes_unknown_never_scheduled to None, run_after=None
[2023-04-23T03:16:31.688+0300] {logging_mixin.py:137} INFO - [2023-04-23T03:16:31.688+0300] {dag.py:3452} INFO - Setting next_dagrun for dataset_produces_1 to 2023-04-22T00:00:00+00:00, run_after=2023-04-23T00:00:00+00:00
[2023-04-23T03:16:31.688+0300] {logging_mixin.py:137} INFO - [2023-04-23T03:16:31.688+0300] {dag.py:3452} INFO - Setting next_dagrun for dataset_produces_2 to None, run_after=None
[2023-04-23T03:16:31.707+0300] {processor.py:175} INFO - Processing /home/vladimir/.local/lib/python3.10/site-packages/airflow/example_dags/example_datasets.py took 0.078 seconds
[2023-04-23T03:17:12.734+0300] {processor.py:153} INFO - Started process (PID=7382) to work on /home/vladimir/.local/lib/python3.10/site-packages/airflow/example_dags/example_datasets.py
[2023-04-23T03:17:12.735+0300] {processor.py:743} INFO - Processing file /home/vladimir/.local/lib/python3.10/site-packages/airflow/example_dags/example_datasets.py for tasks to queue
[2023-04-23T03:17:12.735+0300] {logging_mixin.py:137} INFO - [2023-04-23T03:17:12.735+0300] {dagbag.py:532} INFO - Filling up the DagBag from /home/vladimir/.local/lib/python3.10/site-packages/airflow/example_dags/example_datasets.py
[2023-04-23T03:17:12.746+0300] {processor.py:753} INFO - DAG(s) dict_keys(['dataset_produces_1', 'dataset_consumes_1_and_2', 'dataset_consumes_1', 'dataset_consumes_1_never_scheduled', 'dataset_consumes_unknown_never_scheduled', 'dataset_produces_2']) retrieved from /home/vladimir/.local/lib/python3.10/site-packages/airflow/example_dags/example_datasets.py
[2023-04-23T03:17:12.765+0300] {logging_mixin.py:137} INFO - [2023-04-23T03:17:12.765+0300] {dag.py:2705} INFO - Sync 6 DAGs
[2023-04-23T03:17:12.778+0300] {logging_mixin.py:137} INFO - [2023-04-23T03:17:12.778+0300] {dag.py:3452} INFO - Setting next_dagrun for dataset_consumes_1 to None, run_after=None
[2023-04-23T03:17:12.780+0300] {logging_mixin.py:137} INFO - [2023-04-23T03:17:12.780+0300] {dag.py:3452} INFO - Setting next_dagrun for dataset_consumes_1_and_2 to None, run_after=None
[2023-04-23T03:17:12.780+0300] {logging_mixin.py:137} INFO - [2023-04-23T03:17:12.780+0300] {dag.py:3452} INFO - Setting next_dagrun for dataset_consumes_1_never_scheduled to None, run_after=None
[2023-04-23T03:17:12.781+0300] {logging_mixin.py:137} INFO - [2023-04-23T03:17:12.781+0300] {dag.py:3452} INFO - Setting next_dagrun for dataset_consumes_unknown_never_scheduled to None, run_after=None
[2023-04-23T03:17:12.782+0300] {logging_mixin.py:137} INFO - [2023-04-23T03:17:12.782+0300] {dag.py:3452} INFO - Setting next_dagrun for dataset_produces_1 to 2023-04-22T00:00:00+00:00, run_after=2023-04-23T00:00:00+00:00
[2023-04-23T03:17:12.783+0300] {logging_mixin.py:137} INFO - [2023-04-23T03:17:12.783+0300] {dag.py:3452} INFO - Setting next_dagrun for dataset_produces_2 to None, run_after=None
[2023-04-23T03:17:12.799+0300] {processor.py:175} INFO - Processing /home/vladimir/.local/lib/python3.10/site-packages/airflow/example_dags/example_datasets.py took 0.068 seconds
[2023-04-23T03:17:52.286+0300] {processor.py:153} INFO - Started process (PID=7426) to work on /home/vladimir/.local/lib/python3.10/site-packages/airflow/example_dags/example_datasets.py
[2023-04-23T03:17:52.287+0300] {processor.py:743} INFO - Processing file /home/vladimir/.local/lib/python3.10/site-packages/airflow/example_dags/example_datasets.py for tasks to queue
[2023-04-23T03:17:52.288+0300] {logging_mixin.py:137} INFO - [2023-04-23T03:17:52.288+0300] {dagbag.py:532} INFO - Filling up the DagBag from /home/vladimir/.local/lib/python3.10/site-packages/airflow/example_dags/example_datasets.py
[2023-04-23T03:17:52.298+0300] {processor.py:753} INFO - DAG(s) dict_keys(['dataset_consumes_1', 'dataset_produces_1', 'dataset_consumes_unknown_never_scheduled', 'dataset_consumes_1_and_2', 'dataset_consumes_1_never_scheduled', 'dataset_produces_2']) retrieved from /home/vladimir/.local/lib/python3.10/site-packages/airflow/example_dags/example_datasets.py
[2023-04-23T03:17:52.319+0300] {logging_mixin.py:137} INFO - [2023-04-23T03:17:52.319+0300] {dag.py:2705} INFO - Sync 6 DAGs
[2023-04-23T03:17:52.332+0300] {logging_mixin.py:137} INFO - [2023-04-23T03:17:52.332+0300] {dag.py:3452} INFO - Setting next_dagrun for dataset_consumes_1 to None, run_after=None
[2023-04-23T03:17:52.334+0300] {logging_mixin.py:137} INFO - [2023-04-23T03:17:52.334+0300] {dag.py:3452} INFO - Setting next_dagrun for dataset_consumes_1_and_2 to None, run_after=None
[2023-04-23T03:17:52.334+0300] {logging_mixin.py:137} INFO - [2023-04-23T03:17:52.334+0300] {dag.py:3452} INFO - Setting next_dagrun for dataset_consumes_1_never_scheduled to None, run_after=None
[2023-04-23T03:17:52.335+0300] {logging_mixin.py:137} INFO - [2023-04-23T03:17:52.335+0300] {dag.py:3452} INFO - Setting next_dagrun for dataset_consumes_unknown_never_scheduled to None, run_after=None
[2023-04-23T03:17:52.336+0300] {logging_mixin.py:137} INFO - [2023-04-23T03:17:52.336+0300] {dag.py:3452} INFO - Setting next_dagrun for dataset_produces_1 to 2023-04-22T00:00:00+00:00, run_after=2023-04-23T00:00:00+00:00
[2023-04-23T03:17:52.337+0300] {logging_mixin.py:137} INFO - [2023-04-23T03:17:52.337+0300] {dag.py:3452} INFO - Setting next_dagrun for dataset_produces_2 to None, run_after=None
[2023-04-23T03:17:52.353+0300] {processor.py:175} INFO - Processing /home/vladimir/.local/lib/python3.10/site-packages/airflow/example_dags/example_datasets.py took 0.069 seconds
[2023-04-23T03:18:29.978+0300] {processor.py:153} INFO - Started process (PID=7472) to work on /home/vladimir/.local/lib/python3.10/site-packages/airflow/example_dags/example_datasets.py
[2023-04-23T03:18:29.978+0300] {processor.py:743} INFO - Processing file /home/vladimir/.local/lib/python3.10/site-packages/airflow/example_dags/example_datasets.py for tasks to queue
[2023-04-23T03:18:29.979+0300] {logging_mixin.py:137} INFO - [2023-04-23T03:18:29.979+0300] {dagbag.py:532} INFO - Filling up the DagBag from /home/vladimir/.local/lib/python3.10/site-packages/airflow/example_dags/example_datasets.py
[2023-04-23T03:18:29.990+0300] {processor.py:753} INFO - DAG(s) dict_keys(['dataset_produces_1', 'dataset_consumes_1', 'dataset_consumes_1_and_2', 'dataset_consumes_1_never_scheduled', 'dataset_produces_2', 'dataset_consumes_unknown_never_scheduled']) retrieved from /home/vladimir/.local/lib/python3.10/site-packages/airflow/example_dags/example_datasets.py
[2023-04-23T03:18:30.012+0300] {logging_mixin.py:137} INFO - [2023-04-23T03:18:30.012+0300] {dag.py:2705} INFO - Sync 6 DAGs
[2023-04-23T03:18:30.024+0300] {logging_mixin.py:137} INFO - [2023-04-23T03:18:30.024+0300] {dag.py:3452} INFO - Setting next_dagrun for dataset_consumes_1 to None, run_after=None
[2023-04-23T03:18:30.026+0300] {logging_mixin.py:137} INFO - [2023-04-23T03:18:30.026+0300] {dag.py:3452} INFO - Setting next_dagrun for dataset_consumes_1_and_2 to None, run_after=None
[2023-04-23T03:18:30.026+0300] {logging_mixin.py:137} INFO - [2023-04-23T03:18:30.026+0300] {dag.py:3452} INFO - Setting next_dagrun for dataset_consumes_1_never_scheduled to None, run_after=None
[2023-04-23T03:18:30.027+0300] {logging_mixin.py:137} INFO - [2023-04-23T03:18:30.027+0300] {dag.py:3452} INFO - Setting next_dagrun for dataset_consumes_unknown_never_scheduled to None, run_after=None
[2023-04-23T03:18:30.028+0300] {logging_mixin.py:137} INFO - [2023-04-23T03:18:30.028+0300] {dag.py:3452} INFO - Setting next_dagrun for dataset_produces_1 to 2023-04-22T00:00:00+00:00, run_after=2023-04-23T00:00:00+00:00
[2023-04-23T03:18:30.029+0300] {logging_mixin.py:137} INFO - [2023-04-23T03:18:30.028+0300] {dag.py:3452} INFO - Setting next_dagrun for dataset_produces_2 to None, run_after=None
[2023-04-23T03:18:30.045+0300] {processor.py:175} INFO - Processing /home/vladimir/.local/lib/python3.10/site-packages/airflow/example_dags/example_datasets.py took 0.070 seconds
[2023-04-23T03:19:09.531+0300] {processor.py:153} INFO - Started process (PID=7516) to work on /home/vladimir/.local/lib/python3.10/site-packages/airflow/example_dags/example_datasets.py
[2023-04-23T03:19:09.532+0300] {processor.py:743} INFO - Processing file /home/vladimir/.local/lib/python3.10/site-packages/airflow/example_dags/example_datasets.py for tasks to queue
[2023-04-23T03:19:09.532+0300] {logging_mixin.py:137} INFO - [2023-04-23T03:19:09.532+0300] {dagbag.py:532} INFO - Filling up the DagBag from /home/vladimir/.local/lib/python3.10/site-packages/airflow/example_dags/example_datasets.py
[2023-04-23T03:19:09.543+0300] {processor.py:753} INFO - DAG(s) dict_keys(['dataset_consumes_1_and_2', 'dataset_consumes_1_never_scheduled', 'dataset_consumes_unknown_never_scheduled', 'dataset_produces_2', 'dataset_consumes_1', 'dataset_produces_1']) retrieved from /home/vladimir/.local/lib/python3.10/site-packages/airflow/example_dags/example_datasets.py
[2023-04-23T03:19:09.564+0300] {logging_mixin.py:137} INFO - [2023-04-23T03:19:09.564+0300] {dag.py:2705} INFO - Sync 6 DAGs
[2023-04-23T03:19:09.576+0300] {logging_mixin.py:137} INFO - [2023-04-23T03:19:09.576+0300] {dag.py:3452} INFO - Setting next_dagrun for dataset_consumes_1 to None, run_after=None
[2023-04-23T03:19:09.578+0300] {logging_mixin.py:137} INFO - [2023-04-23T03:19:09.578+0300] {dag.py:3452} INFO - Setting next_dagrun for dataset_consumes_1_and_2 to None, run_after=None
[2023-04-23T03:19:09.579+0300] {logging_mixin.py:137} INFO - [2023-04-23T03:19:09.578+0300] {dag.py:3452} INFO - Setting next_dagrun for dataset_consumes_1_never_scheduled to None, run_after=None
[2023-04-23T03:19:09.579+0300] {logging_mixin.py:137} INFO - [2023-04-23T03:19:09.579+0300] {dag.py:3452} INFO - Setting next_dagrun for dataset_consumes_unknown_never_scheduled to None, run_after=None
[2023-04-23T03:19:09.580+0300] {logging_mixin.py:137} INFO - [2023-04-23T03:19:09.580+0300] {dag.py:3452} INFO - Setting next_dagrun for dataset_produces_1 to 2023-04-22T00:00:00+00:00, run_after=2023-04-23T00:00:00+00:00
[2023-04-23T03:19:09.581+0300] {logging_mixin.py:137} INFO - [2023-04-23T03:19:09.581+0300] {dag.py:3452} INFO - Setting next_dagrun for dataset_produces_2 to None, run_after=None
[2023-04-23T03:19:09.597+0300] {processor.py:175} INFO - Processing /home/vladimir/.local/lib/python3.10/site-packages/airflow/example_dags/example_datasets.py took 0.069 seconds
[2023-04-23T03:19:58.059+0300] {processor.py:153} INFO - Started process (PID=7804) to work on /home/vladimir/.local/lib/python3.10/site-packages/airflow/example_dags/example_datasets.py
[2023-04-23T03:19:58.060+0300] {processor.py:743} INFO - Processing file /home/vladimir/.local/lib/python3.10/site-packages/airflow/example_dags/example_datasets.py for tasks to queue
[2023-04-23T03:19:58.060+0300] {logging_mixin.py:137} INFO - [2023-04-23T03:19:58.060+0300] {dagbag.py:532} INFO - Filling up the DagBag from /home/vladimir/.local/lib/python3.10/site-packages/airflow/example_dags/example_datasets.py
[2023-04-23T03:19:58.105+0300] {processor.py:753} INFO - DAG(s) dict_keys(['dataset_consumes_1_never_scheduled', 'dataset_consumes_1', 'dataset_produces_2', 'dataset_consumes_1_and_2', 'dataset_consumes_unknown_never_scheduled', 'dataset_produces_1']) retrieved from /home/vladimir/.local/lib/python3.10/site-packages/airflow/example_dags/example_datasets.py
[2023-04-23T03:19:58.189+0300] {logging_mixin.py:137} INFO - [2023-04-23T03:19:58.189+0300] {dag.py:2705} INFO - Sync 6 DAGs
[2023-04-23T03:19:58.256+0300] {logging_mixin.py:137} INFO - [2023-04-23T03:19:58.256+0300] {dag.py:3452} INFO - Setting next_dagrun for dataset_consumes_1 to None, run_after=None
[2023-04-23T03:19:58.262+0300] {logging_mixin.py:137} INFO - [2023-04-23T03:19:58.262+0300] {dag.py:3452} INFO - Setting next_dagrun for dataset_consumes_1_and_2 to None, run_after=None
[2023-04-23T03:19:58.263+0300] {logging_mixin.py:137} INFO - [2023-04-23T03:19:58.263+0300] {dag.py:3452} INFO - Setting next_dagrun for dataset_consumes_1_never_scheduled to None, run_after=None
[2023-04-23T03:19:58.263+0300] {logging_mixin.py:137} INFO - [2023-04-23T03:19:58.263+0300] {dag.py:3452} INFO - Setting next_dagrun for dataset_consumes_unknown_never_scheduled to None, run_after=None
[2023-04-23T03:19:58.267+0300] {logging_mixin.py:137} INFO - [2023-04-23T03:19:58.266+0300] {dag.py:3452} INFO - Setting next_dagrun for dataset_produces_1 to 2023-04-22T00:00:00+00:00, run_after=2023-04-23T00:00:00+00:00
[2023-04-23T03:19:58.267+0300] {logging_mixin.py:137} INFO - [2023-04-23T03:19:58.267+0300] {dag.py:3452} INFO - Setting next_dagrun for dataset_produces_2 to None, run_after=None
[2023-04-23T03:19:58.362+0300] {processor.py:175} INFO - Processing /home/vladimir/.local/lib/python3.10/site-packages/airflow/example_dags/example_datasets.py took 0.313 seconds
[2023-04-23T03:20:41.996+0300] {processor.py:153} INFO - Started process (PID=7868) to work on /home/vladimir/.local/lib/python3.10/site-packages/airflow/example_dags/example_datasets.py
[2023-04-23T03:20:41.997+0300] {processor.py:743} INFO - Processing file /home/vladimir/.local/lib/python3.10/site-packages/airflow/example_dags/example_datasets.py for tasks to queue
[2023-04-23T03:20:41.998+0300] {logging_mixin.py:137} INFO - [2023-04-23T03:20:41.997+0300] {dagbag.py:532} INFO - Filling up the DagBag from /home/vladimir/.local/lib/python3.10/site-packages/airflow/example_dags/example_datasets.py
[2023-04-23T03:20:42.008+0300] {processor.py:753} INFO - DAG(s) dict_keys(['dataset_consumes_1_and_2', 'dataset_consumes_unknown_never_scheduled', 'dataset_consumes_1_never_scheduled', 'dataset_produces_1', 'dataset_consumes_1', 'dataset_produces_2']) retrieved from /home/vladimir/.local/lib/python3.10/site-packages/airflow/example_dags/example_datasets.py
[2023-04-23T03:20:42.030+0300] {logging_mixin.py:137} INFO - [2023-04-23T03:20:42.030+0300] {dag.py:2705} INFO - Sync 6 DAGs
[2023-04-23T03:20:42.044+0300] {logging_mixin.py:137} INFO - [2023-04-23T03:20:42.044+0300] {dag.py:3452} INFO - Setting next_dagrun for dataset_consumes_1 to None, run_after=None
[2023-04-23T03:20:42.046+0300] {logging_mixin.py:137} INFO - [2023-04-23T03:20:42.046+0300] {dag.py:3452} INFO - Setting next_dagrun for dataset_consumes_1_and_2 to None, run_after=None
[2023-04-23T03:20:42.047+0300] {logging_mixin.py:137} INFO - [2023-04-23T03:20:42.047+0300] {dag.py:3452} INFO - Setting next_dagrun for dataset_consumes_1_never_scheduled to None, run_after=None
[2023-04-23T03:20:42.047+0300] {logging_mixin.py:137} INFO - [2023-04-23T03:20:42.047+0300] {dag.py:3452} INFO - Setting next_dagrun for dataset_consumes_unknown_never_scheduled to None, run_after=None
[2023-04-23T03:20:42.049+0300] {logging_mixin.py:137} INFO - [2023-04-23T03:20:42.049+0300] {dag.py:3452} INFO - Setting next_dagrun for dataset_produces_1 to 2023-04-22T00:00:00+00:00, run_after=2023-04-23T00:00:00+00:00
[2023-04-23T03:20:42.050+0300] {logging_mixin.py:137} INFO - [2023-04-23T03:20:42.050+0300] {dag.py:3452} INFO - Setting next_dagrun for dataset_produces_2 to None, run_after=None
[2023-04-23T03:20:42.068+0300] {processor.py:175} INFO - Processing /home/vladimir/.local/lib/python3.10/site-packages/airflow/example_dags/example_datasets.py took 0.075 seconds
[2023-04-23T03:21:25.594+0300] {processor.py:153} INFO - Started process (PID=7952) to work on /home/vladimir/.local/lib/python3.10/site-packages/airflow/example_dags/example_datasets.py
[2023-04-23T03:21:25.596+0300] {processor.py:743} INFO - Processing file /home/vladimir/.local/lib/python3.10/site-packages/airflow/example_dags/example_datasets.py for tasks to queue
[2023-04-23T03:21:25.596+0300] {logging_mixin.py:137} INFO - [2023-04-23T03:21:25.596+0300] {dagbag.py:532} INFO - Filling up the DagBag from /home/vladimir/.local/lib/python3.10/site-packages/airflow/example_dags/example_datasets.py
[2023-04-23T03:21:25.610+0300] {processor.py:753} INFO - DAG(s) dict_keys(['dataset_produces_1', 'dataset_consumes_1', 'dataset_consumes_unknown_never_scheduled', 'dataset_consumes_1_and_2', 'dataset_produces_2', 'dataset_consumes_1_never_scheduled']) retrieved from /home/vladimir/.local/lib/python3.10/site-packages/airflow/example_dags/example_datasets.py
[2023-04-23T03:21:25.631+0300] {logging_mixin.py:137} INFO - [2023-04-23T03:21:25.631+0300] {dag.py:2705} INFO - Sync 6 DAGs
[2023-04-23T03:21:25.645+0300] {logging_mixin.py:137} INFO - [2023-04-23T03:21:25.645+0300] {dag.py:3452} INFO - Setting next_dagrun for dataset_consumes_1 to None, run_after=None
[2023-04-23T03:21:25.647+0300] {logging_mixin.py:137} INFO - [2023-04-23T03:21:25.647+0300] {dag.py:3452} INFO - Setting next_dagrun for dataset_consumes_1_and_2 to None, run_after=None
[2023-04-23T03:21:25.647+0300] {logging_mixin.py:137} INFO - [2023-04-23T03:21:25.647+0300] {dag.py:3452} INFO - Setting next_dagrun for dataset_consumes_1_never_scheduled to None, run_after=None
[2023-04-23T03:21:25.648+0300] {logging_mixin.py:137} INFO - [2023-04-23T03:21:25.648+0300] {dag.py:3452} INFO - Setting next_dagrun for dataset_consumes_unknown_never_scheduled to None, run_after=None
[2023-04-23T03:21:25.649+0300] {logging_mixin.py:137} INFO - [2023-04-23T03:21:25.649+0300] {dag.py:3452} INFO - Setting next_dagrun for dataset_produces_1 to 2023-04-22T00:00:00+00:00, run_after=2023-04-23T00:00:00+00:00
[2023-04-23T03:21:25.650+0300] {logging_mixin.py:137} INFO - [2023-04-23T03:21:25.650+0300] {dag.py:3452} INFO - Setting next_dagrun for dataset_produces_2 to None, run_after=None
[2023-04-23T03:21:25.667+0300] {processor.py:175} INFO - Processing /home/vladimir/.local/lib/python3.10/site-packages/airflow/example_dags/example_datasets.py took 0.075 seconds
