[2023-04-23T03:12:53.769+0300] {processor.py:153} INFO - Started process (PID=6970) to work on /home/vladimir/.local/lib/python3.10/site-packages/airflow/example_dags/example_task_group.py
[2023-04-23T03:12:53.770+0300] {processor.py:743} INFO - Processing file /home/vladimir/.local/lib/python3.10/site-packages/airflow/example_dags/example_task_group.py for tasks to queue
[2023-04-23T03:12:53.771+0300] {logging_mixin.py:137} INFO - [2023-04-23T03:12:53.770+0300] {dagbag.py:532} INFO - Filling up the DagBag from /home/vladimir/.local/lib/python3.10/site-packages/airflow/example_dags/example_task_group.py
[2023-04-23T03:12:53.781+0300] {processor.py:753} INFO - DAG(s) dict_keys(['example_task_group']) retrieved from /home/vladimir/.local/lib/python3.10/site-packages/airflow/example_dags/example_task_group.py
[2023-04-23T03:12:53.795+0300] {logging_mixin.py:137} INFO - [2023-04-23T03:12:53.795+0300] {dag.py:2705} INFO - Sync 1 DAGs
[2023-04-23T03:12:53.809+0300] {logging_mixin.py:137} INFO - [2023-04-23T03:12:53.808+0300] {dag.py:3452} INFO - Setting next_dagrun for example_task_group to 2023-04-22T00:12:53.808747+00:00, run_after=2023-04-23T00:12:53.808747+00:00
[2023-04-23T03:12:53.822+0300] {processor.py:175} INFO - Processing /home/vladimir/.local/lib/python3.10/site-packages/airflow/example_dags/example_task_group.py took 0.054 seconds
[2023-04-23T03:13:35.004+0300] {processor.py:153} INFO - Started process (PID=7030) to work on /home/vladimir/.local/lib/python3.10/site-packages/airflow/example_dags/example_task_group.py
[2023-04-23T03:13:35.005+0300] {processor.py:743} INFO - Processing file /home/vladimir/.local/lib/python3.10/site-packages/airflow/example_dags/example_task_group.py for tasks to queue
[2023-04-23T03:13:35.005+0300] {logging_mixin.py:137} INFO - [2023-04-23T03:13:35.005+0300] {dagbag.py:532} INFO - Filling up the DagBag from /home/vladimir/.local/lib/python3.10/site-packages/airflow/example_dags/example_task_group.py
[2023-04-23T03:13:35.016+0300] {processor.py:753} INFO - DAG(s) dict_keys(['example_task_group']) retrieved from /home/vladimir/.local/lib/python3.10/site-packages/airflow/example_dags/example_task_group.py
[2023-04-23T03:13:35.030+0300] {logging_mixin.py:137} INFO - [2023-04-23T03:13:35.030+0300] {dag.py:2705} INFO - Sync 1 DAGs
[2023-04-23T03:13:35.043+0300] {logging_mixin.py:137} INFO - [2023-04-23T03:13:35.043+0300] {dag.py:3452} INFO - Setting next_dagrun for example_task_group to 2023-04-22T00:13:35.042888+00:00, run_after=2023-04-23T00:13:35.042888+00:00
[2023-04-23T03:13:35.058+0300] {processor.py:175} INFO - Processing /home/vladimir/.local/lib/python3.10/site-packages/airflow/example_dags/example_task_group.py took 0.056 seconds
[2023-04-23T03:14:15.244+0300] {processor.py:153} INFO - Started process (PID=7085) to work on /home/vladimir/.local/lib/python3.10/site-packages/airflow/example_dags/example_task_group.py
[2023-04-23T03:14:15.245+0300] {processor.py:743} INFO - Processing file /home/vladimir/.local/lib/python3.10/site-packages/airflow/example_dags/example_task_group.py for tasks to queue
[2023-04-23T03:14:15.246+0300] {logging_mixin.py:137} INFO - [2023-04-23T03:14:15.246+0300] {dagbag.py:532} INFO - Filling up the DagBag from /home/vladimir/.local/lib/python3.10/site-packages/airflow/example_dags/example_task_group.py
[2023-04-23T03:14:15.257+0300] {processor.py:753} INFO - DAG(s) dict_keys(['example_task_group']) retrieved from /home/vladimir/.local/lib/python3.10/site-packages/airflow/example_dags/example_task_group.py
[2023-04-23T03:14:15.272+0300] {logging_mixin.py:137} INFO - [2023-04-23T03:14:15.271+0300] {dag.py:2705} INFO - Sync 1 DAGs
[2023-04-23T03:14:15.284+0300] {logging_mixin.py:137} INFO - [2023-04-23T03:14:15.284+0300] {dag.py:3452} INFO - Setting next_dagrun for example_task_group to 2023-04-22T00:14:15.284331+00:00, run_after=2023-04-23T00:14:15.284331+00:00
[2023-04-23T03:14:15.297+0300] {processor.py:175} INFO - Processing /home/vladimir/.local/lib/python3.10/site-packages/airflow/example_dags/example_task_group.py took 0.056 seconds
[2023-04-23T03:14:56.317+0300] {processor.py:153} INFO - Started process (PID=7178) to work on /home/vladimir/.local/lib/python3.10/site-packages/airflow/example_dags/example_task_group.py
[2023-04-23T03:14:56.317+0300] {processor.py:743} INFO - Processing file /home/vladimir/.local/lib/python3.10/site-packages/airflow/example_dags/example_task_group.py for tasks to queue
[2023-04-23T03:14:56.318+0300] {logging_mixin.py:137} INFO - [2023-04-23T03:14:56.318+0300] {dagbag.py:532} INFO - Filling up the DagBag from /home/vladimir/.local/lib/python3.10/site-packages/airflow/example_dags/example_task_group.py
[2023-04-23T03:14:56.329+0300] {processor.py:753} INFO - DAG(s) dict_keys(['example_task_group']) retrieved from /home/vladimir/.local/lib/python3.10/site-packages/airflow/example_dags/example_task_group.py
[2023-04-23T03:14:56.343+0300] {logging_mixin.py:137} INFO - [2023-04-23T03:14:56.343+0300] {dag.py:2705} INFO - Sync 1 DAGs
[2023-04-23T03:14:56.355+0300] {logging_mixin.py:137} INFO - [2023-04-23T03:14:56.355+0300] {dag.py:3452} INFO - Setting next_dagrun for example_task_group to 2023-04-22T00:14:56.355683+00:00, run_after=2023-04-23T00:14:56.355683+00:00
[2023-04-23T03:14:56.368+0300] {processor.py:175} INFO - Processing /home/vladimir/.local/lib/python3.10/site-packages/airflow/example_dags/example_task_group.py took 0.053 seconds
[2023-04-23T03:15:36.410+0300] {processor.py:153} INFO - Started process (PID=7231) to work on /home/vladimir/.local/lib/python3.10/site-packages/airflow/example_dags/example_task_group.py
[2023-04-23T03:15:36.411+0300] {processor.py:743} INFO - Processing file /home/vladimir/.local/lib/python3.10/site-packages/airflow/example_dags/example_task_group.py for tasks to queue
[2023-04-23T03:15:36.411+0300] {logging_mixin.py:137} INFO - [2023-04-23T03:15:36.411+0300] {dagbag.py:532} INFO - Filling up the DagBag from /home/vladimir/.local/lib/python3.10/site-packages/airflow/example_dags/example_task_group.py
[2023-04-23T03:15:36.423+0300] {processor.py:753} INFO - DAG(s) dict_keys(['example_task_group']) retrieved from /home/vladimir/.local/lib/python3.10/site-packages/airflow/example_dags/example_task_group.py
[2023-04-23T03:15:36.437+0300] {logging_mixin.py:137} INFO - [2023-04-23T03:15:36.436+0300] {dag.py:2705} INFO - Sync 1 DAGs
[2023-04-23T03:15:36.453+0300] {logging_mixin.py:137} INFO - [2023-04-23T03:15:36.453+0300] {dag.py:3452} INFO - Setting next_dagrun for example_task_group to 2023-04-22T00:15:36.453084+00:00, run_after=2023-04-23T00:15:36.453084+00:00
[2023-04-23T03:15:36.465+0300] {processor.py:175} INFO - Processing /home/vladimir/.local/lib/python3.10/site-packages/airflow/example_dags/example_task_group.py took 0.057 seconds
[2023-04-23T03:16:17.357+0300] {processor.py:153} INFO - Started process (PID=7286) to work on /home/vladimir/.local/lib/python3.10/site-packages/airflow/example_dags/example_task_group.py
[2023-04-23T03:16:17.358+0300] {processor.py:743} INFO - Processing file /home/vladimir/.local/lib/python3.10/site-packages/airflow/example_dags/example_task_group.py for tasks to queue
[2023-04-23T03:16:17.359+0300] {logging_mixin.py:137} INFO - [2023-04-23T03:16:17.359+0300] {dagbag.py:532} INFO - Filling up the DagBag from /home/vladimir/.local/lib/python3.10/site-packages/airflow/example_dags/example_task_group.py
[2023-04-23T03:16:17.370+0300] {processor.py:753} INFO - DAG(s) dict_keys(['example_task_group']) retrieved from /home/vladimir/.local/lib/python3.10/site-packages/airflow/example_dags/example_task_group.py
[2023-04-23T03:16:17.384+0300] {logging_mixin.py:137} INFO - [2023-04-23T03:16:17.383+0300] {dag.py:2705} INFO - Sync 1 DAGs
[2023-04-23T03:16:17.396+0300] {logging_mixin.py:137} INFO - [2023-04-23T03:16:17.395+0300] {dag.py:3452} INFO - Setting next_dagrun for example_task_group to 2023-04-22T00:16:17.395644+00:00, run_after=2023-04-23T00:16:17.395644+00:00
[2023-04-23T03:16:17.409+0300] {processor.py:175} INFO - Processing /home/vladimir/.local/lib/python3.10/site-packages/airflow/example_dags/example_task_group.py took 0.053 seconds
[2023-04-23T03:16:56.721+0300] {processor.py:153} INFO - Started process (PID=7362) to work on /home/vladimir/.local/lib/python3.10/site-packages/airflow/example_dags/example_task_group.py
[2023-04-23T03:16:56.722+0300] {processor.py:743} INFO - Processing file /home/vladimir/.local/lib/python3.10/site-packages/airflow/example_dags/example_task_group.py for tasks to queue
[2023-04-23T03:16:56.722+0300] {logging_mixin.py:137} INFO - [2023-04-23T03:16:56.722+0300] {dagbag.py:532} INFO - Filling up the DagBag from /home/vladimir/.local/lib/python3.10/site-packages/airflow/example_dags/example_task_group.py
[2023-04-23T03:16:56.733+0300] {processor.py:753} INFO - DAG(s) dict_keys(['example_task_group']) retrieved from /home/vladimir/.local/lib/python3.10/site-packages/airflow/example_dags/example_task_group.py
[2023-04-23T03:16:56.747+0300] {logging_mixin.py:137} INFO - [2023-04-23T03:16:56.747+0300] {dag.py:2705} INFO - Sync 1 DAGs
[2023-04-23T03:16:56.760+0300] {logging_mixin.py:137} INFO - [2023-04-23T03:16:56.760+0300] {dag.py:3452} INFO - Setting next_dagrun for example_task_group to 2023-04-22T00:16:56.760182+00:00, run_after=2023-04-23T00:16:56.760182+00:00
[2023-04-23T03:16:56.771+0300] {processor.py:175} INFO - Processing /home/vladimir/.local/lib/python3.10/site-packages/airflow/example_dags/example_task_group.py took 0.052 seconds
[2023-04-23T03:17:36.690+0300] {processor.py:153} INFO - Started process (PID=7408) to work on /home/vladimir/.local/lib/python3.10/site-packages/airflow/example_dags/example_task_group.py
[2023-04-23T03:17:36.691+0300] {processor.py:743} INFO - Processing file /home/vladimir/.local/lib/python3.10/site-packages/airflow/example_dags/example_task_group.py for tasks to queue
[2023-04-23T03:17:36.691+0300] {logging_mixin.py:137} INFO - [2023-04-23T03:17:36.691+0300] {dagbag.py:532} INFO - Filling up the DagBag from /home/vladimir/.local/lib/python3.10/site-packages/airflow/example_dags/example_task_group.py
[2023-04-23T03:17:36.707+0300] {processor.py:753} INFO - DAG(s) dict_keys(['example_task_group']) retrieved from /home/vladimir/.local/lib/python3.10/site-packages/airflow/example_dags/example_task_group.py
[2023-04-23T03:17:36.721+0300] {logging_mixin.py:137} INFO - [2023-04-23T03:17:36.720+0300] {dag.py:2705} INFO - Sync 1 DAGs
[2023-04-23T03:17:36.733+0300] {logging_mixin.py:137} INFO - [2023-04-23T03:17:36.732+0300] {dag.py:3452} INFO - Setting next_dagrun for example_task_group to 2023-04-22T00:17:36.732680+00:00, run_after=2023-04-23T00:17:36.732680+00:00
[2023-04-23T03:17:36.744+0300] {processor.py:175} INFO - Processing /home/vladimir/.local/lib/python3.10/site-packages/airflow/example_dags/example_task_group.py took 0.057 seconds
[2023-04-23T03:18:14.566+0300] {processor.py:153} INFO - Started process (PID=7456) to work on /home/vladimir/.local/lib/python3.10/site-packages/airflow/example_dags/example_task_group.py
[2023-04-23T03:18:14.566+0300] {processor.py:743} INFO - Processing file /home/vladimir/.local/lib/python3.10/site-packages/airflow/example_dags/example_task_group.py for tasks to queue
[2023-04-23T03:18:14.567+0300] {logging_mixin.py:137} INFO - [2023-04-23T03:18:14.567+0300] {dagbag.py:532} INFO - Filling up the DagBag from /home/vladimir/.local/lib/python3.10/site-packages/airflow/example_dags/example_task_group.py
[2023-04-23T03:18:14.578+0300] {processor.py:753} INFO - DAG(s) dict_keys(['example_task_group']) retrieved from /home/vladimir/.local/lib/python3.10/site-packages/airflow/example_dags/example_task_group.py
[2023-04-23T03:18:14.592+0300] {logging_mixin.py:137} INFO - [2023-04-23T03:18:14.591+0300] {dag.py:2705} INFO - Sync 1 DAGs
[2023-04-23T03:18:14.603+0300] {logging_mixin.py:137} INFO - [2023-04-23T03:18:14.603+0300] {dag.py:3452} INFO - Setting next_dagrun for example_task_group to 2023-04-22T00:18:14.602928+00:00, run_after=2023-04-23T00:18:14.602928+00:00
[2023-04-23T03:18:14.613+0300] {processor.py:175} INFO - Processing /home/vladimir/.local/lib/python3.10/site-packages/airflow/example_dags/example_task_group.py took 0.050 seconds
[2023-04-23T03:18:54.398+0300] {processor.py:153} INFO - Started process (PID=7499) to work on /home/vladimir/.local/lib/python3.10/site-packages/airflow/example_dags/example_task_group.py
[2023-04-23T03:18:54.399+0300] {processor.py:743} INFO - Processing file /home/vladimir/.local/lib/python3.10/site-packages/airflow/example_dags/example_task_group.py for tasks to queue
[2023-04-23T03:18:54.400+0300] {logging_mixin.py:137} INFO - [2023-04-23T03:18:54.399+0300] {dagbag.py:532} INFO - Filling up the DagBag from /home/vladimir/.local/lib/python3.10/site-packages/airflow/example_dags/example_task_group.py
[2023-04-23T03:18:54.410+0300] {processor.py:753} INFO - DAG(s) dict_keys(['example_task_group']) retrieved from /home/vladimir/.local/lib/python3.10/site-packages/airflow/example_dags/example_task_group.py
[2023-04-23T03:18:54.424+0300] {logging_mixin.py:137} INFO - [2023-04-23T03:18:54.424+0300] {dag.py:2705} INFO - Sync 1 DAGs
[2023-04-23T03:18:54.436+0300] {logging_mixin.py:137} INFO - [2023-04-23T03:18:54.436+0300] {dag.py:3452} INFO - Setting next_dagrun for example_task_group to 2023-04-22T00:18:54.436230+00:00, run_after=2023-04-23T00:18:54.436230+00:00
[2023-04-23T03:18:54.447+0300] {processor.py:175} INFO - Processing /home/vladimir/.local/lib/python3.10/site-packages/airflow/example_dags/example_task_group.py took 0.051 seconds
[2023-04-23T03:19:35.122+0300] {processor.py:153} INFO - Started process (PID=7550) to work on /home/vladimir/.local/lib/python3.10/site-packages/airflow/example_dags/example_task_group.py
[2023-04-23T03:19:35.126+0300] {processor.py:743} INFO - Processing file /home/vladimir/.local/lib/python3.10/site-packages/airflow/example_dags/example_task_group.py for tasks to queue
[2023-04-23T03:19:35.127+0300] {logging_mixin.py:137} INFO - [2023-04-23T03:19:35.126+0300] {dagbag.py:532} INFO - Filling up the DagBag from /home/vladimir/.local/lib/python3.10/site-packages/airflow/example_dags/example_task_group.py
[2023-04-23T03:19:35.138+0300] {processor.py:753} INFO - DAG(s) dict_keys(['example_task_group']) retrieved from /home/vladimir/.local/lib/python3.10/site-packages/airflow/example_dags/example_task_group.py
[2023-04-23T03:19:35.263+0300] {logging_mixin.py:137} INFO - [2023-04-23T03:19:35.263+0300] {dag.py:2705} INFO - Sync 1 DAGs
[2023-04-23T03:19:35.306+0300] {logging_mixin.py:137} INFO - [2023-04-23T03:19:35.306+0300] {dag.py:3452} INFO - Setting next_dagrun for example_task_group to 2023-04-22T00:19:35.305650+00:00, run_after=2023-04-23T00:19:35.305650+00:00
[2023-04-23T03:19:35.337+0300] {processor.py:175} INFO - Processing /home/vladimir/.local/lib/python3.10/site-packages/airflow/example_dags/example_task_group.py took 0.235 seconds
[2023-04-23T03:20:26.006+0300] {processor.py:153} INFO - Started process (PID=7846) to work on /home/vladimir/.local/lib/python3.10/site-packages/airflow/example_dags/example_task_group.py
[2023-04-23T03:20:26.008+0300] {processor.py:743} INFO - Processing file /home/vladimir/.local/lib/python3.10/site-packages/airflow/example_dags/example_task_group.py for tasks to queue
[2023-04-23T03:20:26.008+0300] {logging_mixin.py:137} INFO - [2023-04-23T03:20:26.008+0300] {dagbag.py:532} INFO - Filling up the DagBag from /home/vladimir/.local/lib/python3.10/site-packages/airflow/example_dags/example_task_group.py
[2023-04-23T03:20:26.019+0300] {processor.py:753} INFO - DAG(s) dict_keys(['example_task_group']) retrieved from /home/vladimir/.local/lib/python3.10/site-packages/airflow/example_dags/example_task_group.py
[2023-04-23T03:20:26.034+0300] {logging_mixin.py:137} INFO - [2023-04-23T03:20:26.034+0300] {dag.py:2705} INFO - Sync 1 DAGs
[2023-04-23T03:20:26.046+0300] {logging_mixin.py:137} INFO - [2023-04-23T03:20:26.046+0300] {dag.py:3452} INFO - Setting next_dagrun for example_task_group to 2023-04-22T00:20:26.046072+00:00, run_after=2023-04-23T00:20:26.046072+00:00
[2023-04-23T03:20:26.059+0300] {processor.py:175} INFO - Processing /home/vladimir/.local/lib/python3.10/site-packages/airflow/example_dags/example_task_group.py took 0.054 seconds
[2023-04-23T03:21:10.339+0300] {processor.py:153} INFO - Started process (PID=7931) to work on /home/vladimir/.local/lib/python3.10/site-packages/airflow/example_dags/example_task_group.py
[2023-04-23T03:21:10.341+0300] {processor.py:743} INFO - Processing file /home/vladimir/.local/lib/python3.10/site-packages/airflow/example_dags/example_task_group.py for tasks to queue
[2023-04-23T03:21:10.341+0300] {logging_mixin.py:137} INFO - [2023-04-23T03:21:10.341+0300] {dagbag.py:532} INFO - Filling up the DagBag from /home/vladimir/.local/lib/python3.10/site-packages/airflow/example_dags/example_task_group.py
[2023-04-23T03:21:10.353+0300] {processor.py:753} INFO - DAG(s) dict_keys(['example_task_group']) retrieved from /home/vladimir/.local/lib/python3.10/site-packages/airflow/example_dags/example_task_group.py
[2023-04-23T03:21:10.393+0300] {logging_mixin.py:137} INFO - [2023-04-23T03:21:10.393+0300] {dag.py:2705} INFO - Sync 1 DAGs
[2023-04-23T03:21:10.437+0300] {logging_mixin.py:137} INFO - [2023-04-23T03:21:10.437+0300] {dag.py:3452} INFO - Setting next_dagrun for example_task_group to 2023-04-22T00:21:10.437353+00:00, run_after=2023-04-23T00:21:10.437353+00:00
[2023-04-23T03:21:10.479+0300] {processor.py:175} INFO - Processing /home/vladimir/.local/lib/python3.10/site-packages/airflow/example_dags/example_task_group.py took 0.142 seconds
