[2023-04-23T03:12:52.638+0300] {processor.py:153} INFO - Started process (PID=6969) to work on /home/vladimir/.local/lib/python3.10/site-packages/airflow/example_dags/example_latest_only.py
[2023-04-23T03:12:52.639+0300] {processor.py:743} INFO - Processing file /home/vladimir/.local/lib/python3.10/site-packages/airflow/example_dags/example_latest_only.py for tasks to queue
[2023-04-23T03:12:52.640+0300] {logging_mixin.py:137} INFO - [2023-04-23T03:12:52.639+0300] {dagbag.py:532} INFO - Filling up the DagBag from /home/vladimir/.local/lib/python3.10/site-packages/airflow/example_dags/example_latest_only.py
[2023-04-23T03:12:52.649+0300] {processor.py:753} INFO - DAG(s) dict_keys(['latest_only']) retrieved from /home/vladimir/.local/lib/python3.10/site-packages/airflow/example_dags/example_latest_only.py
[2023-04-23T03:12:52.663+0300] {logging_mixin.py:137} INFO - [2023-04-23T03:12:52.662+0300] {dag.py:2705} INFO - Sync 1 DAGs
[2023-04-23T03:12:52.677+0300] {logging_mixin.py:137} INFO - [2023-04-23T03:12:52.676+0300] {dag.py:3452} INFO - Setting next_dagrun for latest_only to 2023-04-22T20:12:52.676721+00:00, run_after=2023-04-23T00:12:52.676721+00:00
[2023-04-23T03:12:52.692+0300] {processor.py:175} INFO - Processing /home/vladimir/.local/lib/python3.10/site-packages/airflow/example_dags/example_latest_only.py took 0.056 seconds
[2023-04-23T03:13:33.955+0300] {processor.py:153} INFO - Started process (PID=7027) to work on /home/vladimir/.local/lib/python3.10/site-packages/airflow/example_dags/example_latest_only.py
[2023-04-23T03:13:33.956+0300] {processor.py:743} INFO - Processing file /home/vladimir/.local/lib/python3.10/site-packages/airflow/example_dags/example_latest_only.py for tasks to queue
[2023-04-23T03:13:33.956+0300] {logging_mixin.py:137} INFO - [2023-04-23T03:13:33.956+0300] {dagbag.py:532} INFO - Filling up the DagBag from /home/vladimir/.local/lib/python3.10/site-packages/airflow/example_dags/example_latest_only.py
[2023-04-23T03:13:33.966+0300] {processor.py:753} INFO - DAG(s) dict_keys(['latest_only']) retrieved from /home/vladimir/.local/lib/python3.10/site-packages/airflow/example_dags/example_latest_only.py
[2023-04-23T03:13:33.979+0300] {logging_mixin.py:137} INFO - [2023-04-23T03:13:33.979+0300] {dag.py:2705} INFO - Sync 1 DAGs
[2023-04-23T03:13:33.991+0300] {logging_mixin.py:137} INFO - [2023-04-23T03:13:33.991+0300] {dag.py:3452} INFO - Setting next_dagrun for latest_only to 2023-04-22T20:13:33.991169+00:00, run_after=2023-04-23T00:13:33.991169+00:00
[2023-04-23T03:13:34.004+0300] {processor.py:175} INFO - Processing /home/vladimir/.local/lib/python3.10/site-packages/airflow/example_dags/example_latest_only.py took 0.051 seconds
[2023-04-23T03:14:14.113+0300] {processor.py:153} INFO - Started process (PID=7084) to work on /home/vladimir/.local/lib/python3.10/site-packages/airflow/example_dags/example_latest_only.py
[2023-04-23T03:14:14.114+0300] {processor.py:743} INFO - Processing file /home/vladimir/.local/lib/python3.10/site-packages/airflow/example_dags/example_latest_only.py for tasks to queue
[2023-04-23T03:14:14.114+0300] {logging_mixin.py:137} INFO - [2023-04-23T03:14:14.114+0300] {dagbag.py:532} INFO - Filling up the DagBag from /home/vladimir/.local/lib/python3.10/site-packages/airflow/example_dags/example_latest_only.py
[2023-04-23T03:14:14.125+0300] {processor.py:753} INFO - DAG(s) dict_keys(['latest_only']) retrieved from /home/vladimir/.local/lib/python3.10/site-packages/airflow/example_dags/example_latest_only.py
[2023-04-23T03:14:14.139+0300] {logging_mixin.py:137} INFO - [2023-04-23T03:14:14.139+0300] {dag.py:2705} INFO - Sync 1 DAGs
[2023-04-23T03:14:14.151+0300] {logging_mixin.py:137} INFO - [2023-04-23T03:14:14.151+0300] {dag.py:3452} INFO - Setting next_dagrun for latest_only to 2023-04-22T20:14:14.151096+00:00, run_after=2023-04-23T00:14:14.151096+00:00
[2023-04-23T03:14:14.163+0300] {processor.py:175} INFO - Processing /home/vladimir/.local/lib/python3.10/site-packages/airflow/example_dags/example_latest_only.py took 0.052 seconds
[2023-04-23T03:14:55.186+0300] {processor.py:153} INFO - Started process (PID=7177) to work on /home/vladimir/.local/lib/python3.10/site-packages/airflow/example_dags/example_latest_only.py
[2023-04-23T03:14:55.186+0300] {processor.py:743} INFO - Processing file /home/vladimir/.local/lib/python3.10/site-packages/airflow/example_dags/example_latest_only.py for tasks to queue
[2023-04-23T03:14:55.187+0300] {logging_mixin.py:137} INFO - [2023-04-23T03:14:55.187+0300] {dagbag.py:532} INFO - Filling up the DagBag from /home/vladimir/.local/lib/python3.10/site-packages/airflow/example_dags/example_latest_only.py
[2023-04-23T03:14:55.197+0300] {processor.py:753} INFO - DAG(s) dict_keys(['latest_only']) retrieved from /home/vladimir/.local/lib/python3.10/site-packages/airflow/example_dags/example_latest_only.py
[2023-04-23T03:14:55.209+0300] {logging_mixin.py:137} INFO - [2023-04-23T03:14:55.209+0300] {dag.py:2705} INFO - Sync 1 DAGs
[2023-04-23T03:14:55.221+0300] {logging_mixin.py:137} INFO - [2023-04-23T03:14:55.221+0300] {dag.py:3452} INFO - Setting next_dagrun for latest_only to 2023-04-22T20:14:55.221466+00:00, run_after=2023-04-23T00:14:55.221466+00:00
[2023-04-23T03:14:55.234+0300] {processor.py:175} INFO - Processing /home/vladimir/.local/lib/python3.10/site-packages/airflow/example_dags/example_latest_only.py took 0.051 seconds
[2023-04-23T03:15:35.271+0300] {processor.py:153} INFO - Started process (PID=7230) to work on /home/vladimir/.local/lib/python3.10/site-packages/airflow/example_dags/example_latest_only.py
[2023-04-23T03:15:35.271+0300] {processor.py:743} INFO - Processing file /home/vladimir/.local/lib/python3.10/site-packages/airflow/example_dags/example_latest_only.py for tasks to queue
[2023-04-23T03:15:35.272+0300] {logging_mixin.py:137} INFO - [2023-04-23T03:15:35.272+0300] {dagbag.py:532} INFO - Filling up the DagBag from /home/vladimir/.local/lib/python3.10/site-packages/airflow/example_dags/example_latest_only.py
[2023-04-23T03:15:35.282+0300] {processor.py:753} INFO - DAG(s) dict_keys(['latest_only']) retrieved from /home/vladimir/.local/lib/python3.10/site-packages/airflow/example_dags/example_latest_only.py
[2023-04-23T03:15:35.300+0300] {logging_mixin.py:137} INFO - [2023-04-23T03:15:35.299+0300] {dag.py:2705} INFO - Sync 1 DAGs
[2023-04-23T03:15:35.312+0300] {logging_mixin.py:137} INFO - [2023-04-23T03:15:35.312+0300] {dag.py:3452} INFO - Setting next_dagrun for latest_only to 2023-04-22T20:15:35.311953+00:00, run_after=2023-04-23T00:15:35.311953+00:00
[2023-04-23T03:15:35.324+0300] {processor.py:175} INFO - Processing /home/vladimir/.local/lib/python3.10/site-packages/airflow/example_dags/example_latest_only.py took 0.056 seconds
[2023-04-23T03:16:16.218+0300] {processor.py:153} INFO - Started process (PID=7285) to work on /home/vladimir/.local/lib/python3.10/site-packages/airflow/example_dags/example_latest_only.py
[2023-04-23T03:16:16.219+0300] {processor.py:743} INFO - Processing file /home/vladimir/.local/lib/python3.10/site-packages/airflow/example_dags/example_latest_only.py for tasks to queue
[2023-04-23T03:16:16.219+0300] {logging_mixin.py:137} INFO - [2023-04-23T03:16:16.219+0300] {dagbag.py:532} INFO - Filling up the DagBag from /home/vladimir/.local/lib/python3.10/site-packages/airflow/example_dags/example_latest_only.py
[2023-04-23T03:16:16.229+0300] {processor.py:753} INFO - DAG(s) dict_keys(['latest_only']) retrieved from /home/vladimir/.local/lib/python3.10/site-packages/airflow/example_dags/example_latest_only.py
[2023-04-23T03:16:16.242+0300] {logging_mixin.py:137} INFO - [2023-04-23T03:16:16.242+0300] {dag.py:2705} INFO - Sync 1 DAGs
[2023-04-23T03:16:16.253+0300] {logging_mixin.py:137} INFO - [2023-04-23T03:16:16.253+0300] {dag.py:3452} INFO - Setting next_dagrun for latest_only to 2023-04-22T20:16:16.253484+00:00, run_after=2023-04-23T00:16:16.253484+00:00
[2023-04-23T03:16:16.265+0300] {processor.py:175} INFO - Processing /home/vladimir/.local/lib/python3.10/site-packages/airflow/example_dags/example_latest_only.py took 0.049 seconds
[2023-04-23T03:16:55.588+0300] {processor.py:153} INFO - Started process (PID=7361) to work on /home/vladimir/.local/lib/python3.10/site-packages/airflow/example_dags/example_latest_only.py
[2023-04-23T03:16:55.589+0300] {processor.py:743} INFO - Processing file /home/vladimir/.local/lib/python3.10/site-packages/airflow/example_dags/example_latest_only.py for tasks to queue
[2023-04-23T03:16:55.589+0300] {logging_mixin.py:137} INFO - [2023-04-23T03:16:55.589+0300] {dagbag.py:532} INFO - Filling up the DagBag from /home/vladimir/.local/lib/python3.10/site-packages/airflow/example_dags/example_latest_only.py
[2023-04-23T03:16:55.600+0300] {processor.py:753} INFO - DAG(s) dict_keys(['latest_only']) retrieved from /home/vladimir/.local/lib/python3.10/site-packages/airflow/example_dags/example_latest_only.py
[2023-04-23T03:16:55.611+0300] {logging_mixin.py:137} INFO - [2023-04-23T03:16:55.611+0300] {dag.py:2705} INFO - Sync 1 DAGs
[2023-04-23T03:16:55.624+0300] {logging_mixin.py:137} INFO - [2023-04-23T03:16:55.624+0300] {dag.py:3452} INFO - Setting next_dagrun for latest_only to 2023-04-22T20:16:55.624300+00:00, run_after=2023-04-23T00:16:55.624300+00:00
[2023-04-23T03:16:55.636+0300] {processor.py:175} INFO - Processing /home/vladimir/.local/lib/python3.10/site-packages/airflow/example_dags/example_latest_only.py took 0.051 seconds
[2023-04-23T03:17:35.553+0300] {processor.py:153} INFO - Started process (PID=7407) to work on /home/vladimir/.local/lib/python3.10/site-packages/airflow/example_dags/example_latest_only.py
[2023-04-23T03:17:35.553+0300] {processor.py:743} INFO - Processing file /home/vladimir/.local/lib/python3.10/site-packages/airflow/example_dags/example_latest_only.py for tasks to queue
[2023-04-23T03:17:35.554+0300] {logging_mixin.py:137} INFO - [2023-04-23T03:17:35.554+0300] {dagbag.py:532} INFO - Filling up the DagBag from /home/vladimir/.local/lib/python3.10/site-packages/airflow/example_dags/example_latest_only.py
[2023-04-23T03:17:35.563+0300] {processor.py:753} INFO - DAG(s) dict_keys(['latest_only']) retrieved from /home/vladimir/.local/lib/python3.10/site-packages/airflow/example_dags/example_latest_only.py
[2023-04-23T03:17:35.575+0300] {logging_mixin.py:137} INFO - [2023-04-23T03:17:35.574+0300] {dag.py:2705} INFO - Sync 1 DAGs
[2023-04-23T03:17:35.587+0300] {logging_mixin.py:137} INFO - [2023-04-23T03:17:35.586+0300] {dag.py:3452} INFO - Setting next_dagrun for latest_only to 2023-04-22T20:17:35.586766+00:00, run_after=2023-04-23T00:17:35.586766+00:00
[2023-04-23T03:17:35.598+0300] {processor.py:175} INFO - Processing /home/vladimir/.local/lib/python3.10/site-packages/airflow/example_dags/example_latest_only.py took 0.048 seconds
[2023-04-23T03:18:13.968+0300] {processor.py:153} INFO - Started process (PID=7455) to work on /home/vladimir/.local/lib/python3.10/site-packages/airflow/example_dags/example_latest_only.py
[2023-04-23T03:18:13.968+0300] {processor.py:743} INFO - Processing file /home/vladimir/.local/lib/python3.10/site-packages/airflow/example_dags/example_latest_only.py for tasks to queue
[2023-04-23T03:18:13.969+0300] {logging_mixin.py:137} INFO - [2023-04-23T03:18:13.969+0300] {dagbag.py:532} INFO - Filling up the DagBag from /home/vladimir/.local/lib/python3.10/site-packages/airflow/example_dags/example_latest_only.py
[2023-04-23T03:18:13.979+0300] {processor.py:753} INFO - DAG(s) dict_keys(['latest_only']) retrieved from /home/vladimir/.local/lib/python3.10/site-packages/airflow/example_dags/example_latest_only.py
[2023-04-23T03:18:13.993+0300] {logging_mixin.py:137} INFO - [2023-04-23T03:18:13.993+0300] {dag.py:2705} INFO - Sync 1 DAGs
[2023-04-23T03:18:14.006+0300] {logging_mixin.py:137} INFO - [2023-04-23T03:18:14.006+0300] {dag.py:3452} INFO - Setting next_dagrun for latest_only to 2023-04-22T20:18:14.006233+00:00, run_after=2023-04-23T00:18:14.006233+00:00
[2023-04-23T03:18:14.022+0300] {processor.py:175} INFO - Processing /home/vladimir/.local/lib/python3.10/site-packages/airflow/example_dags/example_latest_only.py took 0.057 seconds
[2023-04-23T03:18:53.264+0300] {processor.py:153} INFO - Started process (PID=7498) to work on /home/vladimir/.local/lib/python3.10/site-packages/airflow/example_dags/example_latest_only.py
[2023-04-23T03:18:53.265+0300] {processor.py:743} INFO - Processing file /home/vladimir/.local/lib/python3.10/site-packages/airflow/example_dags/example_latest_only.py for tasks to queue
[2023-04-23T03:18:53.266+0300] {logging_mixin.py:137} INFO - [2023-04-23T03:18:53.266+0300] {dagbag.py:532} INFO - Filling up the DagBag from /home/vladimir/.local/lib/python3.10/site-packages/airflow/example_dags/example_latest_only.py
[2023-04-23T03:18:53.275+0300] {processor.py:753} INFO - DAG(s) dict_keys(['latest_only']) retrieved from /home/vladimir/.local/lib/python3.10/site-packages/airflow/example_dags/example_latest_only.py
[2023-04-23T03:18:53.287+0300] {logging_mixin.py:137} INFO - [2023-04-23T03:18:53.287+0300] {dag.py:2705} INFO - Sync 1 DAGs
[2023-04-23T03:18:53.299+0300] {logging_mixin.py:137} INFO - [2023-04-23T03:18:53.299+0300] {dag.py:3452} INFO - Setting next_dagrun for latest_only to 2023-04-22T20:18:53.298893+00:00, run_after=2023-04-23T00:18:53.298893+00:00
[2023-04-23T03:18:53.310+0300] {processor.py:175} INFO - Processing /home/vladimir/.local/lib/python3.10/site-packages/airflow/example_dags/example_latest_only.py took 0.049 seconds
[2023-04-23T03:19:33.970+0300] {processor.py:153} INFO - Started process (PID=7549) to work on /home/vladimir/.local/lib/python3.10/site-packages/airflow/example_dags/example_latest_only.py
[2023-04-23T03:19:33.974+0300] {processor.py:743} INFO - Processing file /home/vladimir/.local/lib/python3.10/site-packages/airflow/example_dags/example_latest_only.py for tasks to queue
[2023-04-23T03:19:33.975+0300] {logging_mixin.py:137} INFO - [2023-04-23T03:19:33.975+0300] {dagbag.py:532} INFO - Filling up the DagBag from /home/vladimir/.local/lib/python3.10/site-packages/airflow/example_dags/example_latest_only.py
[2023-04-23T03:19:33.986+0300] {processor.py:753} INFO - DAG(s) dict_keys(['latest_only']) retrieved from /home/vladimir/.local/lib/python3.10/site-packages/airflow/example_dags/example_latest_only.py
[2023-04-23T03:19:34.001+0300] {logging_mixin.py:137} INFO - [2023-04-23T03:19:34.001+0300] {dag.py:2705} INFO - Sync 1 DAGs
[2023-04-23T03:19:34.017+0300] {logging_mixin.py:137} INFO - [2023-04-23T03:19:34.016+0300] {dag.py:3452} INFO - Setting next_dagrun for latest_only to 2023-04-22T20:19:34.016571+00:00, run_after=2023-04-23T00:19:34.016571+00:00
[2023-04-23T03:19:34.035+0300] {processor.py:175} INFO - Processing /home/vladimir/.local/lib/python3.10/site-packages/airflow/example_dags/example_latest_only.py took 0.068 seconds
[2023-04-23T03:20:24.874+0300] {processor.py:153} INFO - Started process (PID=7845) to work on /home/vladimir/.local/lib/python3.10/site-packages/airflow/example_dags/example_latest_only.py
[2023-04-23T03:20:24.875+0300] {processor.py:743} INFO - Processing file /home/vladimir/.local/lib/python3.10/site-packages/airflow/example_dags/example_latest_only.py for tasks to queue
[2023-04-23T03:20:24.875+0300] {logging_mixin.py:137} INFO - [2023-04-23T03:20:24.875+0300] {dagbag.py:532} INFO - Filling up the DagBag from /home/vladimir/.local/lib/python3.10/site-packages/airflow/example_dags/example_latest_only.py
[2023-04-23T03:20:24.885+0300] {processor.py:753} INFO - DAG(s) dict_keys(['latest_only']) retrieved from /home/vladimir/.local/lib/python3.10/site-packages/airflow/example_dags/example_latest_only.py
[2023-04-23T03:20:24.898+0300] {logging_mixin.py:137} INFO - [2023-04-23T03:20:24.898+0300] {dag.py:2705} INFO - Sync 1 DAGs
[2023-04-23T03:20:24.910+0300] {logging_mixin.py:137} INFO - [2023-04-23T03:20:24.910+0300] {dag.py:3452} INFO - Setting next_dagrun for latest_only to 2023-04-22T20:20:24.910514+00:00, run_after=2023-04-23T00:20:24.910514+00:00
[2023-04-23T03:20:24.923+0300] {processor.py:175} INFO - Processing /home/vladimir/.local/lib/python3.10/site-packages/airflow/example_dags/example_latest_only.py took 0.052 seconds
[2023-04-23T03:21:09.110+0300] {processor.py:153} INFO - Started process (PID=7926) to work on /home/vladimir/.local/lib/python3.10/site-packages/airflow/example_dags/example_latest_only.py
[2023-04-23T03:21:09.112+0300] {processor.py:743} INFO - Processing file /home/vladimir/.local/lib/python3.10/site-packages/airflow/example_dags/example_latest_only.py for tasks to queue
[2023-04-23T03:21:09.112+0300] {logging_mixin.py:137} INFO - [2023-04-23T03:21:09.112+0300] {dagbag.py:532} INFO - Filling up the DagBag from /home/vladimir/.local/lib/python3.10/site-packages/airflow/example_dags/example_latest_only.py
[2023-04-23T03:21:09.122+0300] {processor.py:753} INFO - DAG(s) dict_keys(['latest_only']) retrieved from /home/vladimir/.local/lib/python3.10/site-packages/airflow/example_dags/example_latest_only.py
[2023-04-23T03:21:09.137+0300] {logging_mixin.py:137} INFO - [2023-04-23T03:21:09.137+0300] {dag.py:2705} INFO - Sync 1 DAGs
[2023-04-23T03:21:09.178+0300] {logging_mixin.py:137} INFO - [2023-04-23T03:21:09.178+0300] {dag.py:3452} INFO - Setting next_dagrun for latest_only to 2023-04-22T20:21:09.177955+00:00, run_after=2023-04-23T00:21:09.177955+00:00
[2023-04-23T03:21:09.216+0300] {processor.py:175} INFO - Processing /home/vladimir/.local/lib/python3.10/site-packages/airflow/example_dags/example_latest_only.py took 0.108 seconds
