[2023-04-23T03:12:40.003+0300] {processor.py:153} INFO - Started process (PID=6945) to work on /home/vladimir/.local/lib/python3.10/site-packages/airflow/example_dags/example_params_ui_tutorial.py
[2023-04-23T03:12:40.004+0300] {processor.py:743} INFO - Processing file /home/vladimir/.local/lib/python3.10/site-packages/airflow/example_dags/example_params_ui_tutorial.py for tasks to queue
[2023-04-23T03:12:40.004+0300] {logging_mixin.py:137} INFO - [2023-04-23T03:12:40.004+0300] {dagbag.py:532} INFO - Filling up the DagBag from /home/vladimir/.local/lib/python3.10/site-packages/airflow/example_dags/example_params_ui_tutorial.py
[2023-04-23T03:12:40.042+0300] {processor.py:753} INFO - DAG(s) dict_keys(['example_params_ui_tutorial']) retrieved from /home/vladimir/.local/lib/python3.10/site-packages/airflow/example_dags/example_params_ui_tutorial.py
[2023-04-23T03:12:40.081+0300] {logging_mixin.py:137} INFO - [2023-04-23T03:12:40.080+0300] {dag.py:2705} INFO - Sync 1 DAGs
[2023-04-23T03:12:40.094+0300] {logging_mixin.py:137} INFO - [2023-04-23T03:12:40.093+0300] {dag.py:3452} INFO - Setting next_dagrun for example_params_ui_tutorial to None, run_after=None
[2023-04-23T03:12:40.108+0300] {processor.py:175} INFO - Processing /home/vladimir/.local/lib/python3.10/site-packages/airflow/example_dags/example_params_ui_tutorial.py took 0.107 seconds
[2023-04-23T03:13:19.767+0300] {processor.py:153} INFO - Started process (PID=7012) to work on /home/vladimir/.local/lib/python3.10/site-packages/airflow/example_dags/example_params_ui_tutorial.py
[2023-04-23T03:13:19.768+0300] {processor.py:743} INFO - Processing file /home/vladimir/.local/lib/python3.10/site-packages/airflow/example_dags/example_params_ui_tutorial.py for tasks to queue
[2023-04-23T03:13:19.768+0300] {logging_mixin.py:137} INFO - [2023-04-23T03:13:19.768+0300] {dagbag.py:532} INFO - Filling up the DagBag from /home/vladimir/.local/lib/python3.10/site-packages/airflow/example_dags/example_params_ui_tutorial.py
[2023-04-23T03:13:19.803+0300] {processor.py:753} INFO - DAG(s) dict_keys(['example_params_ui_tutorial']) retrieved from /home/vladimir/.local/lib/python3.10/site-packages/airflow/example_dags/example_params_ui_tutorial.py
[2023-04-23T03:13:19.845+0300] {logging_mixin.py:137} INFO - [2023-04-23T03:13:19.845+0300] {dag.py:2705} INFO - Sync 1 DAGs
[2023-04-23T03:13:19.857+0300] {logging_mixin.py:137} INFO - [2023-04-23T03:13:19.857+0300] {dag.py:3452} INFO - Setting next_dagrun for example_params_ui_tutorial to None, run_after=None
[2023-04-23T03:13:19.868+0300] {processor.py:175} INFO - Processing /home/vladimir/.local/lib/python3.10/site-packages/airflow/example_dags/example_params_ui_tutorial.py took 0.104 seconds
[2023-04-23T03:14:00.965+0300] {processor.py:153} INFO - Started process (PID=7069) to work on /home/vladimir/.local/lib/python3.10/site-packages/airflow/example_dags/example_params_ui_tutorial.py
[2023-04-23T03:14:00.966+0300] {processor.py:743} INFO - Processing file /home/vladimir/.local/lib/python3.10/site-packages/airflow/example_dags/example_params_ui_tutorial.py for tasks to queue
[2023-04-23T03:14:00.966+0300] {logging_mixin.py:137} INFO - [2023-04-23T03:14:00.966+0300] {dagbag.py:532} INFO - Filling up the DagBag from /home/vladimir/.local/lib/python3.10/site-packages/airflow/example_dags/example_params_ui_tutorial.py
[2023-04-23T03:14:01.001+0300] {processor.py:753} INFO - DAG(s) dict_keys(['example_params_ui_tutorial']) retrieved from /home/vladimir/.local/lib/python3.10/site-packages/airflow/example_dags/example_params_ui_tutorial.py
[2023-04-23T03:14:01.037+0300] {logging_mixin.py:137} INFO - [2023-04-23T03:14:01.037+0300] {dag.py:2705} INFO - Sync 1 DAGs
[2023-04-23T03:14:01.050+0300] {logging_mixin.py:137} INFO - [2023-04-23T03:14:01.050+0300] {dag.py:3452} INFO - Setting next_dagrun for example_params_ui_tutorial to None, run_after=None
[2023-04-23T03:14:01.063+0300] {processor.py:175} INFO - Processing /home/vladimir/.local/lib/python3.10/site-packages/airflow/example_dags/example_params_ui_tutorial.py took 0.100 seconds
[2023-04-23T03:14:42.043+0300] {processor.py:153} INFO - Started process (PID=7130) to work on /home/vladimir/.local/lib/python3.10/site-packages/airflow/example_dags/example_params_ui_tutorial.py
[2023-04-23T03:14:42.044+0300] {processor.py:743} INFO - Processing file /home/vladimir/.local/lib/python3.10/site-packages/airflow/example_dags/example_params_ui_tutorial.py for tasks to queue
[2023-04-23T03:14:42.044+0300] {logging_mixin.py:137} INFO - [2023-04-23T03:14:42.044+0300] {dagbag.py:532} INFO - Filling up the DagBag from /home/vladimir/.local/lib/python3.10/site-packages/airflow/example_dags/example_params_ui_tutorial.py
[2023-04-23T03:14:42.083+0300] {processor.py:753} INFO - DAG(s) dict_keys(['example_params_ui_tutorial']) retrieved from /home/vladimir/.local/lib/python3.10/site-packages/airflow/example_dags/example_params_ui_tutorial.py
[2023-04-23T03:14:42.120+0300] {logging_mixin.py:137} INFO - [2023-04-23T03:14:42.120+0300] {dag.py:2705} INFO - Sync 1 DAGs
[2023-04-23T03:14:42.134+0300] {logging_mixin.py:137} INFO - [2023-04-23T03:14:42.134+0300] {dag.py:3452} INFO - Setting next_dagrun for example_params_ui_tutorial to None, run_after=None
[2023-04-23T03:14:42.145+0300] {processor.py:175} INFO - Processing /home/vladimir/.local/lib/python3.10/site-packages/airflow/example_dags/example_params_ui_tutorial.py took 0.104 seconds
[2023-04-23T03:15:21.358+0300] {processor.py:153} INFO - Started process (PID=7213) to work on /home/vladimir/.local/lib/python3.10/site-packages/airflow/example_dags/example_params_ui_tutorial.py
[2023-04-23T03:15:21.359+0300] {processor.py:743} INFO - Processing file /home/vladimir/.local/lib/python3.10/site-packages/airflow/example_dags/example_params_ui_tutorial.py for tasks to queue
[2023-04-23T03:15:21.359+0300] {logging_mixin.py:137} INFO - [2023-04-23T03:15:21.359+0300] {dagbag.py:532} INFO - Filling up the DagBag from /home/vladimir/.local/lib/python3.10/site-packages/airflow/example_dags/example_params_ui_tutorial.py
[2023-04-23T03:15:21.398+0300] {processor.py:753} INFO - DAG(s) dict_keys(['example_params_ui_tutorial']) retrieved from /home/vladimir/.local/lib/python3.10/site-packages/airflow/example_dags/example_params_ui_tutorial.py
[2023-04-23T03:15:21.435+0300] {logging_mixin.py:137} INFO - [2023-04-23T03:15:21.435+0300] {dag.py:2705} INFO - Sync 1 DAGs
[2023-04-23T03:15:21.449+0300] {logging_mixin.py:137} INFO - [2023-04-23T03:15:21.449+0300] {dag.py:3452} INFO - Setting next_dagrun for example_params_ui_tutorial to None, run_after=None
[2023-04-23T03:15:21.461+0300] {processor.py:175} INFO - Processing /home/vladimir/.local/lib/python3.10/site-packages/airflow/example_dags/example_params_ui_tutorial.py took 0.106 seconds
[2023-04-23T03:16:03.078+0300] {processor.py:153} INFO - Started process (PID=7270) to work on /home/vladimir/.local/lib/python3.10/site-packages/airflow/example_dags/example_params_ui_tutorial.py
[2023-04-23T03:16:03.078+0300] {processor.py:743} INFO - Processing file /home/vladimir/.local/lib/python3.10/site-packages/airflow/example_dags/example_params_ui_tutorial.py for tasks to queue
[2023-04-23T03:16:03.079+0300] {logging_mixin.py:137} INFO - [2023-04-23T03:16:03.079+0300] {dagbag.py:532} INFO - Filling up the DagBag from /home/vladimir/.local/lib/python3.10/site-packages/airflow/example_dags/example_params_ui_tutorial.py
[2023-04-23T03:16:03.113+0300] {processor.py:753} INFO - DAG(s) dict_keys(['example_params_ui_tutorial']) retrieved from /home/vladimir/.local/lib/python3.10/site-packages/airflow/example_dags/example_params_ui_tutorial.py
[2023-04-23T03:16:03.150+0300] {logging_mixin.py:137} INFO - [2023-04-23T03:16:03.150+0300] {dag.py:2705} INFO - Sync 1 DAGs
[2023-04-23T03:16:03.162+0300] {logging_mixin.py:137} INFO - [2023-04-23T03:16:03.162+0300] {dag.py:3452} INFO - Setting next_dagrun for example_params_ui_tutorial to None, run_after=None
[2023-04-23T03:16:03.174+0300] {processor.py:175} INFO - Processing /home/vladimir/.local/lib/python3.10/site-packages/airflow/example_dags/example_params_ui_tutorial.py took 0.098 seconds
[2023-04-23T03:16:41.358+0300] {processor.py:153} INFO - Started process (PID=7347) to work on /home/vladimir/.local/lib/python3.10/site-packages/airflow/example_dags/example_params_ui_tutorial.py
[2023-04-23T03:16:41.359+0300] {processor.py:743} INFO - Processing file /home/vladimir/.local/lib/python3.10/site-packages/airflow/example_dags/example_params_ui_tutorial.py for tasks to queue
[2023-04-23T03:16:41.359+0300] {logging_mixin.py:137} INFO - [2023-04-23T03:16:41.359+0300] {dagbag.py:532} INFO - Filling up the DagBag from /home/vladimir/.local/lib/python3.10/site-packages/airflow/example_dags/example_params_ui_tutorial.py
[2023-04-23T03:16:41.411+0300] {processor.py:753} INFO - DAG(s) dict_keys(['example_params_ui_tutorial']) retrieved from /home/vladimir/.local/lib/python3.10/site-packages/airflow/example_dags/example_params_ui_tutorial.py
[2023-04-23T03:16:41.447+0300] {logging_mixin.py:137} INFO - [2023-04-23T03:16:41.447+0300] {dag.py:2705} INFO - Sync 1 DAGs
[2023-04-23T03:16:41.459+0300] {logging_mixin.py:137} INFO - [2023-04-23T03:16:41.459+0300] {dag.py:3452} INFO - Setting next_dagrun for example_params_ui_tutorial to None, run_after=None
[2023-04-23T03:16:41.471+0300] {processor.py:175} INFO - Processing /home/vladimir/.local/lib/python3.10/site-packages/airflow/example_dags/example_params_ui_tutorial.py took 0.115 seconds
[2023-04-23T03:17:23.011+0300] {processor.py:153} INFO - Started process (PID=7393) to work on /home/vladimir/.local/lib/python3.10/site-packages/airflow/example_dags/example_params_ui_tutorial.py
[2023-04-23T03:17:23.012+0300] {processor.py:743} INFO - Processing file /home/vladimir/.local/lib/python3.10/site-packages/airflow/example_dags/example_params_ui_tutorial.py for tasks to queue
[2023-04-23T03:17:23.012+0300] {logging_mixin.py:137} INFO - [2023-04-23T03:17:23.012+0300] {dagbag.py:532} INFO - Filling up the DagBag from /home/vladimir/.local/lib/python3.10/site-packages/airflow/example_dags/example_params_ui_tutorial.py
[2023-04-23T03:17:23.045+0300] {processor.py:753} INFO - DAG(s) dict_keys(['example_params_ui_tutorial']) retrieved from /home/vladimir/.local/lib/python3.10/site-packages/airflow/example_dags/example_params_ui_tutorial.py
[2023-04-23T03:17:23.081+0300] {logging_mixin.py:137} INFO - [2023-04-23T03:17:23.081+0300] {dag.py:2705} INFO - Sync 1 DAGs
[2023-04-23T03:17:23.092+0300] {logging_mixin.py:137} INFO - [2023-04-23T03:17:23.092+0300] {dag.py:3452} INFO - Setting next_dagrun for example_params_ui_tutorial to None, run_after=None
[2023-04-23T03:17:23.103+0300] {processor.py:175} INFO - Processing /home/vladimir/.local/lib/python3.10/site-packages/airflow/example_dags/example_params_ui_tutorial.py took 0.096 seconds
[2023-04-23T03:18:01.426+0300] {processor.py:153} INFO - Started process (PID=7440) to work on /home/vladimir/.local/lib/python3.10/site-packages/airflow/example_dags/example_params_ui_tutorial.py
[2023-04-23T03:18:01.427+0300] {processor.py:743} INFO - Processing file /home/vladimir/.local/lib/python3.10/site-packages/airflow/example_dags/example_params_ui_tutorial.py for tasks to queue
[2023-04-23T03:18:01.427+0300] {logging_mixin.py:137} INFO - [2023-04-23T03:18:01.427+0300] {dagbag.py:532} INFO - Filling up the DagBag from /home/vladimir/.local/lib/python3.10/site-packages/airflow/example_dags/example_params_ui_tutorial.py
[2023-04-23T03:18:01.461+0300] {processor.py:753} INFO - DAG(s) dict_keys(['example_params_ui_tutorial']) retrieved from /home/vladimir/.local/lib/python3.10/site-packages/airflow/example_dags/example_params_ui_tutorial.py
[2023-04-23T03:18:01.495+0300] {logging_mixin.py:137} INFO - [2023-04-23T03:18:01.495+0300] {dag.py:2705} INFO - Sync 1 DAGs
[2023-04-23T03:18:01.507+0300] {logging_mixin.py:137} INFO - [2023-04-23T03:18:01.507+0300] {dag.py:3452} INFO - Setting next_dagrun for example_params_ui_tutorial to None, run_after=None
[2023-04-23T03:18:01.520+0300] {processor.py:175} INFO - Processing /home/vladimir/.local/lib/python3.10/site-packages/airflow/example_dags/example_params_ui_tutorial.py took 0.096 seconds
[2023-04-23T03:18:39.508+0300] {processor.py:153} INFO - Started process (PID=7483) to work on /home/vladimir/.local/lib/python3.10/site-packages/airflow/example_dags/example_params_ui_tutorial.py
[2023-04-23T03:18:39.510+0300] {processor.py:743} INFO - Processing file /home/vladimir/.local/lib/python3.10/site-packages/airflow/example_dags/example_params_ui_tutorial.py for tasks to queue
[2023-04-23T03:18:39.510+0300] {logging_mixin.py:137} INFO - [2023-04-23T03:18:39.510+0300] {dagbag.py:532} INFO - Filling up the DagBag from /home/vladimir/.local/lib/python3.10/site-packages/airflow/example_dags/example_params_ui_tutorial.py
[2023-04-23T03:18:39.543+0300] {processor.py:753} INFO - DAG(s) dict_keys(['example_params_ui_tutorial']) retrieved from /home/vladimir/.local/lib/python3.10/site-packages/airflow/example_dags/example_params_ui_tutorial.py
[2023-04-23T03:18:39.579+0300] {logging_mixin.py:137} INFO - [2023-04-23T03:18:39.579+0300] {dag.py:2705} INFO - Sync 1 DAGs
[2023-04-23T03:18:39.591+0300] {logging_mixin.py:137} INFO - [2023-04-23T03:18:39.591+0300] {dag.py:3452} INFO - Setting next_dagrun for example_params_ui_tutorial to None, run_after=None
[2023-04-23T03:18:39.602+0300] {processor.py:175} INFO - Processing /home/vladimir/.local/lib/python3.10/site-packages/airflow/example_dags/example_params_ui_tutorial.py took 0.096 seconds
[2023-04-23T03:19:21.181+0300] {processor.py:153} INFO - Started process (PID=7529) to work on /home/vladimir/.local/lib/python3.10/site-packages/airflow/example_dags/example_params_ui_tutorial.py
[2023-04-23T03:19:21.182+0300] {processor.py:743} INFO - Processing file /home/vladimir/.local/lib/python3.10/site-packages/airflow/example_dags/example_params_ui_tutorial.py for tasks to queue
[2023-04-23T03:19:21.182+0300] {logging_mixin.py:137} INFO - [2023-04-23T03:19:21.182+0300] {dagbag.py:532} INFO - Filling up the DagBag from /home/vladimir/.local/lib/python3.10/site-packages/airflow/example_dags/example_params_ui_tutorial.py
[2023-04-23T03:19:21.216+0300] {processor.py:753} INFO - DAG(s) dict_keys(['example_params_ui_tutorial']) retrieved from /home/vladimir/.local/lib/python3.10/site-packages/airflow/example_dags/example_params_ui_tutorial.py
[2023-04-23T03:19:21.251+0300] {logging_mixin.py:137} INFO - [2023-04-23T03:19:21.251+0300] {dag.py:2705} INFO - Sync 1 DAGs
[2023-04-23T03:19:21.263+0300] {logging_mixin.py:137} INFO - [2023-04-23T03:19:21.263+0300] {dag.py:3452} INFO - Setting next_dagrun for example_params_ui_tutorial to None, run_after=None
[2023-04-23T03:19:21.275+0300] {processor.py:175} INFO - Processing /home/vladimir/.local/lib/python3.10/site-packages/airflow/example_dags/example_params_ui_tutorial.py took 0.096 seconds
[2023-04-23T03:20:10.875+0300] {processor.py:153} INFO - Started process (PID=7827) to work on /home/vladimir/.local/lib/python3.10/site-packages/airflow/example_dags/example_params_ui_tutorial.py
[2023-04-23T03:20:10.876+0300] {processor.py:743} INFO - Processing file /home/vladimir/.local/lib/python3.10/site-packages/airflow/example_dags/example_params_ui_tutorial.py for tasks to queue
[2023-04-23T03:20:10.876+0300] {logging_mixin.py:137} INFO - [2023-04-23T03:20:10.876+0300] {dagbag.py:532} INFO - Filling up the DagBag from /home/vladimir/.local/lib/python3.10/site-packages/airflow/example_dags/example_params_ui_tutorial.py
[2023-04-23T03:20:10.910+0300] {processor.py:753} INFO - DAG(s) dict_keys(['example_params_ui_tutorial']) retrieved from /home/vladimir/.local/lib/python3.10/site-packages/airflow/example_dags/example_params_ui_tutorial.py
[2023-04-23T03:20:10.954+0300] {logging_mixin.py:137} INFO - [2023-04-23T03:20:10.954+0300] {dag.py:2705} INFO - Sync 1 DAGs
[2023-04-23T03:20:10.967+0300] {logging_mixin.py:137} INFO - [2023-04-23T03:20:10.967+0300] {dag.py:3452} INFO - Setting next_dagrun for example_params_ui_tutorial to None, run_after=None
[2023-04-23T03:20:10.979+0300] {processor.py:175} INFO - Processing /home/vladimir/.local/lib/python3.10/site-packages/airflow/example_dags/example_params_ui_tutorial.py took 0.107 seconds
[2023-04-23T03:20:54.407+0300] {processor.py:153} INFO - Started process (PID=7896) to work on /home/vladimir/.local/lib/python3.10/site-packages/airflow/example_dags/example_params_ui_tutorial.py
[2023-04-23T03:20:54.416+0300] {processor.py:743} INFO - Processing file /home/vladimir/.local/lib/python3.10/site-packages/airflow/example_dags/example_params_ui_tutorial.py for tasks to queue
[2023-04-23T03:20:54.417+0300] {logging_mixin.py:137} INFO - [2023-04-23T03:20:54.417+0300] {dagbag.py:532} INFO - Filling up the DagBag from /home/vladimir/.local/lib/python3.10/site-packages/airflow/example_dags/example_params_ui_tutorial.py
[2023-04-23T03:20:54.474+0300] {processor.py:753} INFO - DAG(s) dict_keys(['example_params_ui_tutorial']) retrieved from /home/vladimir/.local/lib/python3.10/site-packages/airflow/example_dags/example_params_ui_tutorial.py
[2023-04-23T03:20:54.546+0300] {logging_mixin.py:137} INFO - [2023-04-23T03:20:54.546+0300] {dag.py:2705} INFO - Sync 1 DAGs
[2023-04-23T03:20:54.561+0300] {logging_mixin.py:137} INFO - [2023-04-23T03:20:54.561+0300] {dag.py:3452} INFO - Setting next_dagrun for example_params_ui_tutorial to None, run_after=None
[2023-04-23T03:20:54.576+0300] {processor.py:175} INFO - Processing /home/vladimir/.local/lib/python3.10/site-packages/airflow/example_dags/example_params_ui_tutorial.py took 0.172 seconds
