[2023-04-23T03:12:39.731+0300] {processor.py:153} INFO - Started process (PID=6944) to work on /home/vladimir/.local/lib/python3.10/site-packages/airflow/example_dags/example_time_delta_sensor_async.py
[2023-04-23T03:12:39.732+0300] {processor.py:743} INFO - Processing file /home/vladimir/.local/lib/python3.10/site-packages/airflow/example_dags/example_time_delta_sensor_async.py for tasks to queue
[2023-04-23T03:12:39.733+0300] {logging_mixin.py:137} INFO - [2023-04-23T03:12:39.733+0300] {dagbag.py:532} INFO - Filling up the DagBag from /home/vladimir/.local/lib/python3.10/site-packages/airflow/example_dags/example_time_delta_sensor_async.py
[2023-04-23T03:12:39.742+0300] {processor.py:753} INFO - DAG(s) dict_keys(['example_time_delta_sensor_async']) retrieved from /home/vladimir/.local/lib/python3.10/site-packages/airflow/example_dags/example_time_delta_sensor_async.py
[2023-04-23T03:12:39.756+0300] {logging_mixin.py:137} INFO - [2023-04-23T03:12:39.756+0300] {dag.py:2705} INFO - Sync 1 DAGs
[2023-04-23T03:12:39.771+0300] {logging_mixin.py:137} INFO - [2023-04-23T03:12:39.771+0300] {dag.py:3452} INFO - Setting next_dagrun for example_time_delta_sensor_async to None, run_after=None
[2023-04-23T03:12:39.784+0300] {processor.py:175} INFO - Processing /home/vladimir/.local/lib/python3.10/site-packages/airflow/example_dags/example_time_delta_sensor_async.py took 0.055 seconds
[2023-04-23T03:13:18.635+0300] {processor.py:153} INFO - Started process (PID=7007) to work on /home/vladimir/.local/lib/python3.10/site-packages/airflow/example_dags/example_time_delta_sensor_async.py
[2023-04-23T03:13:18.636+0300] {processor.py:743} INFO - Processing file /home/vladimir/.local/lib/python3.10/site-packages/airflow/example_dags/example_time_delta_sensor_async.py for tasks to queue
[2023-04-23T03:13:18.636+0300] {logging_mixin.py:137} INFO - [2023-04-23T03:13:18.636+0300] {dagbag.py:532} INFO - Filling up the DagBag from /home/vladimir/.local/lib/python3.10/site-packages/airflow/example_dags/example_time_delta_sensor_async.py
[2023-04-23T03:13:18.645+0300] {processor.py:753} INFO - DAG(s) dict_keys(['example_time_delta_sensor_async']) retrieved from /home/vladimir/.local/lib/python3.10/site-packages/airflow/example_dags/example_time_delta_sensor_async.py
[2023-04-23T03:13:18.662+0300] {logging_mixin.py:137} INFO - [2023-04-23T03:13:18.662+0300] {dag.py:2705} INFO - Sync 1 DAGs
[2023-04-23T03:13:18.675+0300] {logging_mixin.py:137} INFO - [2023-04-23T03:13:18.674+0300] {dag.py:3452} INFO - Setting next_dagrun for example_time_delta_sensor_async to None, run_after=None
[2023-04-23T03:13:18.687+0300] {processor.py:175} INFO - Processing /home/vladimir/.local/lib/python3.10/site-packages/airflow/example_dags/example_time_delta_sensor_async.py took 0.055 seconds
[2023-04-23T03:13:59.834+0300] {processor.py:153} INFO - Started process (PID=7068) to work on /home/vladimir/.local/lib/python3.10/site-packages/airflow/example_dags/example_time_delta_sensor_async.py
[2023-04-23T03:13:59.835+0300] {processor.py:743} INFO - Processing file /home/vladimir/.local/lib/python3.10/site-packages/airflow/example_dags/example_time_delta_sensor_async.py for tasks to queue
[2023-04-23T03:13:59.836+0300] {logging_mixin.py:137} INFO - [2023-04-23T03:13:59.836+0300] {dagbag.py:532} INFO - Filling up the DagBag from /home/vladimir/.local/lib/python3.10/site-packages/airflow/example_dags/example_time_delta_sensor_async.py
[2023-04-23T03:13:59.844+0300] {processor.py:753} INFO - DAG(s) dict_keys(['example_time_delta_sensor_async']) retrieved from /home/vladimir/.local/lib/python3.10/site-packages/airflow/example_dags/example_time_delta_sensor_async.py
[2023-04-23T03:13:59.859+0300] {logging_mixin.py:137} INFO - [2023-04-23T03:13:59.859+0300] {dag.py:2705} INFO - Sync 1 DAGs
[2023-04-23T03:13:59.875+0300] {logging_mixin.py:137} INFO - [2023-04-23T03:13:59.875+0300] {dag.py:3452} INFO - Setting next_dagrun for example_time_delta_sensor_async to None, run_after=None
[2023-04-23T03:13:59.887+0300] {processor.py:175} INFO - Processing /home/vladimir/.local/lib/python3.10/site-packages/airflow/example_dags/example_time_delta_sensor_async.py took 0.054 seconds
[2023-04-23T03:14:40.907+0300] {processor.py:153} INFO - Started process (PID=7123) to work on /home/vladimir/.local/lib/python3.10/site-packages/airflow/example_dags/example_time_delta_sensor_async.py
[2023-04-23T03:14:40.908+0300] {processor.py:743} INFO - Processing file /home/vladimir/.local/lib/python3.10/site-packages/airflow/example_dags/example_time_delta_sensor_async.py for tasks to queue
[2023-04-23T03:14:40.908+0300] {logging_mixin.py:137} INFO - [2023-04-23T03:14:40.908+0300] {dagbag.py:532} INFO - Filling up the DagBag from /home/vladimir/.local/lib/python3.10/site-packages/airflow/example_dags/example_time_delta_sensor_async.py
[2023-04-23T03:14:40.921+0300] {processor.py:753} INFO - DAG(s) dict_keys(['example_time_delta_sensor_async']) retrieved from /home/vladimir/.local/lib/python3.10/site-packages/airflow/example_dags/example_time_delta_sensor_async.py
[2023-04-23T03:14:40.936+0300] {logging_mixin.py:137} INFO - [2023-04-23T03:14:40.936+0300] {dag.py:2705} INFO - Sync 1 DAGs
[2023-04-23T03:14:40.950+0300] {logging_mixin.py:137} INFO - [2023-04-23T03:14:40.949+0300] {dag.py:3452} INFO - Setting next_dagrun for example_time_delta_sensor_async to None, run_after=None
[2023-04-23T03:14:40.963+0300] {processor.py:175} INFO - Processing /home/vladimir/.local/lib/python3.10/site-packages/airflow/example_dags/example_time_delta_sensor_async.py took 0.059 seconds
[2023-04-23T03:15:20.869+0300] {processor.py:153} INFO - Started process (PID=7212) to work on /home/vladimir/.local/lib/python3.10/site-packages/airflow/example_dags/example_time_delta_sensor_async.py
[2023-04-23T03:15:20.870+0300] {processor.py:743} INFO - Processing file /home/vladimir/.local/lib/python3.10/site-packages/airflow/example_dags/example_time_delta_sensor_async.py for tasks to queue
[2023-04-23T03:15:20.871+0300] {logging_mixin.py:137} INFO - [2023-04-23T03:15:20.871+0300] {dagbag.py:532} INFO - Filling up the DagBag from /home/vladimir/.local/lib/python3.10/site-packages/airflow/example_dags/example_time_delta_sensor_async.py
[2023-04-23T03:15:20.884+0300] {processor.py:753} INFO - DAG(s) dict_keys(['example_time_delta_sensor_async']) retrieved from /home/vladimir/.local/lib/python3.10/site-packages/airflow/example_dags/example_time_delta_sensor_async.py
[2023-04-23T03:15:20.898+0300] {logging_mixin.py:137} INFO - [2023-04-23T03:15:20.898+0300] {dag.py:2705} INFO - Sync 1 DAGs
[2023-04-23T03:15:20.910+0300] {logging_mixin.py:137} INFO - [2023-04-23T03:15:20.910+0300] {dag.py:3452} INFO - Setting next_dagrun for example_time_delta_sensor_async to None, run_after=None
[2023-04-23T03:15:20.925+0300] {processor.py:175} INFO - Processing /home/vladimir/.local/lib/python3.10/site-packages/airflow/example_dags/example_time_delta_sensor_async.py took 0.057 seconds
[2023-04-23T03:16:01.947+0300] {processor.py:153} INFO - Started process (PID=7269) to work on /home/vladimir/.local/lib/python3.10/site-packages/airflow/example_dags/example_time_delta_sensor_async.py
[2023-04-23T03:16:01.948+0300] {processor.py:743} INFO - Processing file /home/vladimir/.local/lib/python3.10/site-packages/airflow/example_dags/example_time_delta_sensor_async.py for tasks to queue
[2023-04-23T03:16:01.949+0300] {logging_mixin.py:137} INFO - [2023-04-23T03:16:01.949+0300] {dagbag.py:532} INFO - Filling up the DagBag from /home/vladimir/.local/lib/python3.10/site-packages/airflow/example_dags/example_time_delta_sensor_async.py
[2023-04-23T03:16:01.958+0300] {processor.py:753} INFO - DAG(s) dict_keys(['example_time_delta_sensor_async']) retrieved from /home/vladimir/.local/lib/python3.10/site-packages/airflow/example_dags/example_time_delta_sensor_async.py
[2023-04-23T03:16:01.972+0300] {logging_mixin.py:137} INFO - [2023-04-23T03:16:01.972+0300] {dag.py:2705} INFO - Sync 1 DAGs
[2023-04-23T03:16:01.984+0300] {logging_mixin.py:137} INFO - [2023-04-23T03:16:01.984+0300] {dag.py:3452} INFO - Setting next_dagrun for example_time_delta_sensor_async to None, run_after=None
[2023-04-23T03:16:01.996+0300] {processor.py:175} INFO - Processing /home/vladimir/.local/lib/python3.10/site-packages/airflow/example_dags/example_time_delta_sensor_async.py took 0.052 seconds
[2023-04-23T03:16:40.216+0300] {processor.py:153} INFO - Started process (PID=7344) to work on /home/vladimir/.local/lib/python3.10/site-packages/airflow/example_dags/example_time_delta_sensor_async.py
[2023-04-23T03:16:40.217+0300] {processor.py:743} INFO - Processing file /home/vladimir/.local/lib/python3.10/site-packages/airflow/example_dags/example_time_delta_sensor_async.py for tasks to queue
[2023-04-23T03:16:40.217+0300] {logging_mixin.py:137} INFO - [2023-04-23T03:16:40.217+0300] {dagbag.py:532} INFO - Filling up the DagBag from /home/vladimir/.local/lib/python3.10/site-packages/airflow/example_dags/example_time_delta_sensor_async.py
[2023-04-23T03:16:40.227+0300] {processor.py:753} INFO - DAG(s) dict_keys(['example_time_delta_sensor_async']) retrieved from /home/vladimir/.local/lib/python3.10/site-packages/airflow/example_dags/example_time_delta_sensor_async.py
[2023-04-23T03:16:40.242+0300] {logging_mixin.py:137} INFO - [2023-04-23T03:16:40.242+0300] {dag.py:2705} INFO - Sync 1 DAGs
[2023-04-23T03:16:40.256+0300] {logging_mixin.py:137} INFO - [2023-04-23T03:16:40.256+0300] {dag.py:3452} INFO - Setting next_dagrun for example_time_delta_sensor_async to None, run_after=None
[2023-04-23T03:16:40.270+0300] {processor.py:175} INFO - Processing /home/vladimir/.local/lib/python3.10/site-packages/airflow/example_dags/example_time_delta_sensor_async.py took 0.056 seconds
[2023-04-23T03:17:22.458+0300] {processor.py:153} INFO - Started process (PID=7392) to work on /home/vladimir/.local/lib/python3.10/site-packages/airflow/example_dags/example_time_delta_sensor_async.py
[2023-04-23T03:17:22.459+0300] {processor.py:743} INFO - Processing file /home/vladimir/.local/lib/python3.10/site-packages/airflow/example_dags/example_time_delta_sensor_async.py for tasks to queue
[2023-04-23T03:17:22.459+0300] {logging_mixin.py:137} INFO - [2023-04-23T03:17:22.459+0300] {dagbag.py:532} INFO - Filling up the DagBag from /home/vladimir/.local/lib/python3.10/site-packages/airflow/example_dags/example_time_delta_sensor_async.py
[2023-04-23T03:17:22.467+0300] {processor.py:753} INFO - DAG(s) dict_keys(['example_time_delta_sensor_async']) retrieved from /home/vladimir/.local/lib/python3.10/site-packages/airflow/example_dags/example_time_delta_sensor_async.py
[2023-04-23T03:17:22.480+0300] {logging_mixin.py:137} INFO - [2023-04-23T03:17:22.480+0300] {dag.py:2705} INFO - Sync 1 DAGs
[2023-04-23T03:17:22.492+0300] {logging_mixin.py:137} INFO - [2023-04-23T03:17:22.492+0300] {dag.py:3452} INFO - Setting next_dagrun for example_time_delta_sensor_async to None, run_after=None
[2023-04-23T03:17:22.504+0300] {processor.py:175} INFO - Processing /home/vladimir/.local/lib/python3.10/site-packages/airflow/example_dags/example_time_delta_sensor_async.py took 0.048 seconds
[2023-04-23T03:18:00.293+0300] {processor.py:153} INFO - Started process (PID=7439) to work on /home/vladimir/.local/lib/python3.10/site-packages/airflow/example_dags/example_time_delta_sensor_async.py
[2023-04-23T03:18:00.294+0300] {processor.py:743} INFO - Processing file /home/vladimir/.local/lib/python3.10/site-packages/airflow/example_dags/example_time_delta_sensor_async.py for tasks to queue
[2023-04-23T03:18:00.294+0300] {logging_mixin.py:137} INFO - [2023-04-23T03:18:00.294+0300] {dagbag.py:532} INFO - Filling up the DagBag from /home/vladimir/.local/lib/python3.10/site-packages/airflow/example_dags/example_time_delta_sensor_async.py
[2023-04-23T03:18:00.303+0300] {processor.py:753} INFO - DAG(s) dict_keys(['example_time_delta_sensor_async']) retrieved from /home/vladimir/.local/lib/python3.10/site-packages/airflow/example_dags/example_time_delta_sensor_async.py
[2023-04-23T03:18:00.315+0300] {logging_mixin.py:137} INFO - [2023-04-23T03:18:00.315+0300] {dag.py:2705} INFO - Sync 1 DAGs
[2023-04-23T03:18:00.327+0300] {logging_mixin.py:137} INFO - [2023-04-23T03:18:00.327+0300] {dag.py:3452} INFO - Setting next_dagrun for example_time_delta_sensor_async to None, run_after=None
[2023-04-23T03:18:00.339+0300] {processor.py:175} INFO - Processing /home/vladimir/.local/lib/python3.10/site-packages/airflow/example_dags/example_time_delta_sensor_async.py took 0.048 seconds
[2023-04-23T03:18:39.263+0300] {processor.py:153} INFO - Started process (PID=7482) to work on /home/vladimir/.local/lib/python3.10/site-packages/airflow/example_dags/example_time_delta_sensor_async.py
[2023-04-23T03:18:39.263+0300] {processor.py:743} INFO - Processing file /home/vladimir/.local/lib/python3.10/site-packages/airflow/example_dags/example_time_delta_sensor_async.py for tasks to queue
[2023-04-23T03:18:39.264+0300] {logging_mixin.py:137} INFO - [2023-04-23T03:18:39.264+0300] {dagbag.py:532} INFO - Filling up the DagBag from /home/vladimir/.local/lib/python3.10/site-packages/airflow/example_dags/example_time_delta_sensor_async.py
[2023-04-23T03:18:39.272+0300] {processor.py:753} INFO - DAG(s) dict_keys(['example_time_delta_sensor_async']) retrieved from /home/vladimir/.local/lib/python3.10/site-packages/airflow/example_dags/example_time_delta_sensor_async.py
[2023-04-23T03:18:39.285+0300] {logging_mixin.py:137} INFO - [2023-04-23T03:18:39.285+0300] {dag.py:2705} INFO - Sync 1 DAGs
[2023-04-23T03:18:39.297+0300] {logging_mixin.py:137} INFO - [2023-04-23T03:18:39.296+0300] {dag.py:3452} INFO - Setting next_dagrun for example_time_delta_sensor_async to None, run_after=None
[2023-04-23T03:18:39.308+0300] {processor.py:175} INFO - Processing /home/vladimir/.local/lib/python3.10/site-packages/airflow/example_dags/example_time_delta_sensor_async.py took 0.047 seconds
[2023-04-23T03:19:20.045+0300] {processor.py:153} INFO - Started process (PID=7528) to work on /home/vladimir/.local/lib/python3.10/site-packages/airflow/example_dags/example_time_delta_sensor_async.py
[2023-04-23T03:19:20.046+0300] {processor.py:743} INFO - Processing file /home/vladimir/.local/lib/python3.10/site-packages/airflow/example_dags/example_time_delta_sensor_async.py for tasks to queue
[2023-04-23T03:19:20.046+0300] {logging_mixin.py:137} INFO - [2023-04-23T03:19:20.046+0300] {dagbag.py:532} INFO - Filling up the DagBag from /home/vladimir/.local/lib/python3.10/site-packages/airflow/example_dags/example_time_delta_sensor_async.py
[2023-04-23T03:19:20.055+0300] {processor.py:753} INFO - DAG(s) dict_keys(['example_time_delta_sensor_async']) retrieved from /home/vladimir/.local/lib/python3.10/site-packages/airflow/example_dags/example_time_delta_sensor_async.py
[2023-04-23T03:19:20.067+0300] {logging_mixin.py:137} INFO - [2023-04-23T03:19:20.067+0300] {dag.py:2705} INFO - Sync 1 DAGs
[2023-04-23T03:19:20.078+0300] {logging_mixin.py:137} INFO - [2023-04-23T03:19:20.078+0300] {dag.py:3452} INFO - Setting next_dagrun for example_time_delta_sensor_async to None, run_after=None
[2023-04-23T03:19:20.089+0300] {processor.py:175} INFO - Processing /home/vladimir/.local/lib/python3.10/site-packages/airflow/example_dags/example_time_delta_sensor_async.py took 0.046 seconds
[2023-04-23T03:20:09.732+0300] {processor.py:153} INFO - Started process (PID=7826) to work on /home/vladimir/.local/lib/python3.10/site-packages/airflow/example_dags/example_time_delta_sensor_async.py
[2023-04-23T03:20:09.733+0300] {processor.py:743} INFO - Processing file /home/vladimir/.local/lib/python3.10/site-packages/airflow/example_dags/example_time_delta_sensor_async.py for tasks to queue
[2023-04-23T03:20:09.734+0300] {logging_mixin.py:137} INFO - [2023-04-23T03:20:09.734+0300] {dagbag.py:532} INFO - Filling up the DagBag from /home/vladimir/.local/lib/python3.10/site-packages/airflow/example_dags/example_time_delta_sensor_async.py
[2023-04-23T03:20:09.743+0300] {processor.py:753} INFO - DAG(s) dict_keys(['example_time_delta_sensor_async']) retrieved from /home/vladimir/.local/lib/python3.10/site-packages/airflow/example_dags/example_time_delta_sensor_async.py
[2023-04-23T03:20:09.759+0300] {logging_mixin.py:137} INFO - [2023-04-23T03:20:09.759+0300] {dag.py:2705} INFO - Sync 1 DAGs
[2023-04-23T03:20:09.772+0300] {logging_mixin.py:137} INFO - [2023-04-23T03:20:09.772+0300] {dag.py:3452} INFO - Setting next_dagrun for example_time_delta_sensor_async to None, run_after=None
[2023-04-23T03:20:09.785+0300] {processor.py:175} INFO - Processing /home/vladimir/.local/lib/python3.10/site-packages/airflow/example_dags/example_time_delta_sensor_async.py took 0.055 seconds
[2023-04-23T03:20:53.261+0300] {processor.py:153} INFO - Started process (PID=7895) to work on /home/vladimir/.local/lib/python3.10/site-packages/airflow/example_dags/example_time_delta_sensor_async.py
[2023-04-23T03:20:53.263+0300] {processor.py:743} INFO - Processing file /home/vladimir/.local/lib/python3.10/site-packages/airflow/example_dags/example_time_delta_sensor_async.py for tasks to queue
[2023-04-23T03:20:53.263+0300] {logging_mixin.py:137} INFO - [2023-04-23T03:20:53.263+0300] {dagbag.py:532} INFO - Filling up the DagBag from /home/vladimir/.local/lib/python3.10/site-packages/airflow/example_dags/example_time_delta_sensor_async.py
[2023-04-23T03:20:53.273+0300] {processor.py:753} INFO - DAG(s) dict_keys(['example_time_delta_sensor_async']) retrieved from /home/vladimir/.local/lib/python3.10/site-packages/airflow/example_dags/example_time_delta_sensor_async.py
[2023-04-23T03:20:53.289+0300] {logging_mixin.py:137} INFO - [2023-04-23T03:20:53.289+0300] {dag.py:2705} INFO - Sync 1 DAGs
[2023-04-23T03:20:53.304+0300] {logging_mixin.py:137} INFO - [2023-04-23T03:20:53.304+0300] {dag.py:3452} INFO - Setting next_dagrun for example_time_delta_sensor_async to None, run_after=None
[2023-04-23T03:20:53.321+0300] {processor.py:175} INFO - Processing /home/vladimir/.local/lib/python3.10/site-packages/airflow/example_dags/example_time_delta_sensor_async.py took 0.063 seconds
