[2023-04-23T03:12:46.371+0300] {processor.py:153} INFO - Started process (PID=6954) to work on /home/vladimir/.local/lib/python3.10/site-packages/airflow/example_dags/example_latest_only_with_trigger.py
[2023-04-23T03:12:46.371+0300] {processor.py:743} INFO - Processing file /home/vladimir/.local/lib/python3.10/site-packages/airflow/example_dags/example_latest_only_with_trigger.py for tasks to queue
[2023-04-23T03:12:46.372+0300] {logging_mixin.py:137} INFO - [2023-04-23T03:12:46.372+0300] {dagbag.py:532} INFO - Filling up the DagBag from /home/vladimir/.local/lib/python3.10/site-packages/airflow/example_dags/example_latest_only_with_trigger.py
[2023-04-23T03:12:46.382+0300] {processor.py:753} INFO - DAG(s) dict_keys(['latest_only_with_trigger']) retrieved from /home/vladimir/.local/lib/python3.10/site-packages/airflow/example_dags/example_latest_only_with_trigger.py
[2023-04-23T03:12:46.395+0300] {logging_mixin.py:137} INFO - [2023-04-23T03:12:46.395+0300] {dag.py:2705} INFO - Sync 1 DAGs
[2023-04-23T03:12:46.408+0300] {logging_mixin.py:137} INFO - [2023-04-23T03:12:46.408+0300] {dag.py:3452} INFO - Setting next_dagrun for latest_only_with_trigger to 2023-04-22T20:12:46.407968+00:00, run_after=2023-04-23T00:12:46.407968+00:00
[2023-04-23T03:12:46.421+0300] {processor.py:175} INFO - Processing /home/vladimir/.local/lib/python3.10/site-packages/airflow/example_dags/example_latest_only_with_trigger.py took 0.053 seconds
[2023-04-23T03:13:26.547+0300] {processor.py:153} INFO - Started process (PID=7020) to work on /home/vladimir/.local/lib/python3.10/site-packages/airflow/example_dags/example_latest_only_with_trigger.py
[2023-04-23T03:13:26.548+0300] {processor.py:743} INFO - Processing file /home/vladimir/.local/lib/python3.10/site-packages/airflow/example_dags/example_latest_only_with_trigger.py for tasks to queue
[2023-04-23T03:13:26.548+0300] {logging_mixin.py:137} INFO - [2023-04-23T03:13:26.548+0300] {dagbag.py:532} INFO - Filling up the DagBag from /home/vladimir/.local/lib/python3.10/site-packages/airflow/example_dags/example_latest_only_with_trigger.py
[2023-04-23T03:13:26.558+0300] {processor.py:753} INFO - DAG(s) dict_keys(['latest_only_with_trigger']) retrieved from /home/vladimir/.local/lib/python3.10/site-packages/airflow/example_dags/example_latest_only_with_trigger.py
[2023-04-23T03:13:26.573+0300] {logging_mixin.py:137} INFO - [2023-04-23T03:13:26.572+0300] {dag.py:2705} INFO - Sync 1 DAGs
[2023-04-23T03:13:26.585+0300] {logging_mixin.py:137} INFO - [2023-04-23T03:13:26.585+0300] {dag.py:3452} INFO - Setting next_dagrun for latest_only_with_trigger to 2023-04-22T20:13:26.585407+00:00, run_after=2023-04-23T00:13:26.585407+00:00
[2023-04-23T03:13:26.597+0300] {processor.py:175} INFO - Processing /home/vladimir/.local/lib/python3.10/site-packages/airflow/example_dags/example_latest_only_with_trigger.py took 0.052 seconds
[2023-04-23T03:14:07.096+0300] {processor.py:153} INFO - Started process (PID=7076) to work on /home/vladimir/.local/lib/python3.10/site-packages/airflow/example_dags/example_latest_only_with_trigger.py
[2023-04-23T03:14:07.097+0300] {processor.py:743} INFO - Processing file /home/vladimir/.local/lib/python3.10/site-packages/airflow/example_dags/example_latest_only_with_trigger.py for tasks to queue
[2023-04-23T03:14:07.097+0300] {logging_mixin.py:137} INFO - [2023-04-23T03:14:07.097+0300] {dagbag.py:532} INFO - Filling up the DagBag from /home/vladimir/.local/lib/python3.10/site-packages/airflow/example_dags/example_latest_only_with_trigger.py
[2023-04-23T03:14:07.108+0300] {processor.py:753} INFO - DAG(s) dict_keys(['latest_only_with_trigger']) retrieved from /home/vladimir/.local/lib/python3.10/site-packages/airflow/example_dags/example_latest_only_with_trigger.py
[2023-04-23T03:14:07.124+0300] {logging_mixin.py:137} INFO - [2023-04-23T03:14:07.124+0300] {dag.py:2705} INFO - Sync 1 DAGs
[2023-04-23T03:14:07.137+0300] {logging_mixin.py:137} INFO - [2023-04-23T03:14:07.137+0300] {dag.py:3452} INFO - Setting next_dagrun for latest_only_with_trigger to 2023-04-22T20:14:07.136873+00:00, run_after=2023-04-23T00:14:07.136873+00:00
[2023-04-23T03:14:07.149+0300] {processor.py:175} INFO - Processing /home/vladimir/.local/lib/python3.10/site-packages/airflow/example_dags/example_latest_only_with_trigger.py took 0.056 seconds
[2023-04-23T03:14:48.768+0300] {processor.py:153} INFO - Started process (PID=7140) to work on /home/vladimir/.local/lib/python3.10/site-packages/airflow/example_dags/example_latest_only_with_trigger.py
[2023-04-23T03:14:48.769+0300] {processor.py:743} INFO - Processing file /home/vladimir/.local/lib/python3.10/site-packages/airflow/example_dags/example_latest_only_with_trigger.py for tasks to queue
[2023-04-23T03:14:48.769+0300] {logging_mixin.py:137} INFO - [2023-04-23T03:14:48.769+0300] {dagbag.py:532} INFO - Filling up the DagBag from /home/vladimir/.local/lib/python3.10/site-packages/airflow/example_dags/example_latest_only_with_trigger.py
[2023-04-23T03:14:48.780+0300] {processor.py:753} INFO - DAG(s) dict_keys(['latest_only_with_trigger']) retrieved from /home/vladimir/.local/lib/python3.10/site-packages/airflow/example_dags/example_latest_only_with_trigger.py
[2023-04-23T03:14:48.794+0300] {logging_mixin.py:137} INFO - [2023-04-23T03:14:48.794+0300] {dag.py:2705} INFO - Sync 1 DAGs
[2023-04-23T03:14:48.807+0300] {logging_mixin.py:137} INFO - [2023-04-23T03:14:48.807+0300] {dag.py:3452} INFO - Setting next_dagrun for latest_only_with_trigger to 2023-04-22T20:14:48.806745+00:00, run_after=2023-04-23T00:14:48.806745+00:00
[2023-04-23T03:14:48.819+0300] {processor.py:175} INFO - Processing /home/vladimir/.local/lib/python3.10/site-packages/airflow/example_dags/example_latest_only_with_trigger.py took 0.053 seconds
[2023-04-23T03:15:29.273+0300] {processor.py:153} INFO - Started process (PID=7220) to work on /home/vladimir/.local/lib/python3.10/site-packages/airflow/example_dags/example_latest_only_with_trigger.py
[2023-04-23T03:15:29.274+0300] {processor.py:743} INFO - Processing file /home/vladimir/.local/lib/python3.10/site-packages/airflow/example_dags/example_latest_only_with_trigger.py for tasks to queue
[2023-04-23T03:15:29.275+0300] {logging_mixin.py:137} INFO - [2023-04-23T03:15:29.275+0300] {dagbag.py:532} INFO - Filling up the DagBag from /home/vladimir/.local/lib/python3.10/site-packages/airflow/example_dags/example_latest_only_with_trigger.py
[2023-04-23T03:15:29.285+0300] {processor.py:753} INFO - DAG(s) dict_keys(['latest_only_with_trigger']) retrieved from /home/vladimir/.local/lib/python3.10/site-packages/airflow/example_dags/example_latest_only_with_trigger.py
[2023-04-23T03:15:29.298+0300] {logging_mixin.py:137} INFO - [2023-04-23T03:15:29.298+0300] {dag.py:2705} INFO - Sync 1 DAGs
[2023-04-23T03:15:29.310+0300] {logging_mixin.py:137} INFO - [2023-04-23T03:15:29.310+0300] {dag.py:3452} INFO - Setting next_dagrun for latest_only_with_trigger to 2023-04-22T20:15:29.310011+00:00, run_after=2023-04-23T00:15:29.310011+00:00
[2023-04-23T03:15:29.322+0300] {processor.py:175} INFO - Processing /home/vladimir/.local/lib/python3.10/site-packages/airflow/example_dags/example_latest_only_with_trigger.py took 0.052 seconds
[2023-04-23T03:16:09.810+0300] {processor.py:153} INFO - Started process (PID=7278) to work on /home/vladimir/.local/lib/python3.10/site-packages/airflow/example_dags/example_latest_only_with_trigger.py
[2023-04-23T03:16:09.811+0300] {processor.py:743} INFO - Processing file /home/vladimir/.local/lib/python3.10/site-packages/airflow/example_dags/example_latest_only_with_trigger.py for tasks to queue
[2023-04-23T03:16:09.811+0300] {logging_mixin.py:137} INFO - [2023-04-23T03:16:09.811+0300] {dagbag.py:532} INFO - Filling up the DagBag from /home/vladimir/.local/lib/python3.10/site-packages/airflow/example_dags/example_latest_only_with_trigger.py
[2023-04-23T03:16:09.821+0300] {processor.py:753} INFO - DAG(s) dict_keys(['latest_only_with_trigger']) retrieved from /home/vladimir/.local/lib/python3.10/site-packages/airflow/example_dags/example_latest_only_with_trigger.py
[2023-04-23T03:16:09.834+0300] {logging_mixin.py:137} INFO - [2023-04-23T03:16:09.834+0300] {dag.py:2705} INFO - Sync 1 DAGs
[2023-04-23T03:16:09.847+0300] {logging_mixin.py:137} INFO - [2023-04-23T03:16:09.847+0300] {dag.py:3452} INFO - Setting next_dagrun for latest_only_with_trigger to 2023-04-22T20:16:09.847373+00:00, run_after=2023-04-23T00:16:09.847373+00:00
[2023-04-23T03:16:09.861+0300] {processor.py:175} INFO - Processing /home/vladimir/.local/lib/python3.10/site-packages/airflow/example_dags/example_latest_only_with_trigger.py took 0.053 seconds
[2023-04-23T03:16:48.077+0300] {processor.py:153} INFO - Started process (PID=7354) to work on /home/vladimir/.local/lib/python3.10/site-packages/airflow/example_dags/example_latest_only_with_trigger.py
[2023-04-23T03:16:48.078+0300] {processor.py:743} INFO - Processing file /home/vladimir/.local/lib/python3.10/site-packages/airflow/example_dags/example_latest_only_with_trigger.py for tasks to queue
[2023-04-23T03:16:48.078+0300] {logging_mixin.py:137} INFO - [2023-04-23T03:16:48.078+0300] {dagbag.py:532} INFO - Filling up the DagBag from /home/vladimir/.local/lib/python3.10/site-packages/airflow/example_dags/example_latest_only_with_trigger.py
[2023-04-23T03:16:48.089+0300] {processor.py:753} INFO - DAG(s) dict_keys(['latest_only_with_trigger']) retrieved from /home/vladimir/.local/lib/python3.10/site-packages/airflow/example_dags/example_latest_only_with_trigger.py
[2023-04-23T03:16:48.103+0300] {logging_mixin.py:137} INFO - [2023-04-23T03:16:48.103+0300] {dag.py:2705} INFO - Sync 1 DAGs
[2023-04-23T03:16:48.115+0300] {logging_mixin.py:137} INFO - [2023-04-23T03:16:48.115+0300] {dag.py:3452} INFO - Setting next_dagrun for latest_only_with_trigger to 2023-04-22T20:16:48.115200+00:00, run_after=2023-04-23T00:16:48.115200+00:00
[2023-04-23T03:16:48.127+0300] {processor.py:175} INFO - Processing /home/vladimir/.local/lib/python3.10/site-packages/airflow/example_dags/example_latest_only_with_trigger.py took 0.052 seconds
[2023-04-23T03:17:29.748+0300] {processor.py:153} INFO - Started process (PID=7400) to work on /home/vladimir/.local/lib/python3.10/site-packages/airflow/example_dags/example_latest_only_with_trigger.py
[2023-04-23T03:17:29.749+0300] {processor.py:743} INFO - Processing file /home/vladimir/.local/lib/python3.10/site-packages/airflow/example_dags/example_latest_only_with_trigger.py for tasks to queue
[2023-04-23T03:17:29.749+0300] {logging_mixin.py:137} INFO - [2023-04-23T03:17:29.749+0300] {dagbag.py:532} INFO - Filling up the DagBag from /home/vladimir/.local/lib/python3.10/site-packages/airflow/example_dags/example_latest_only_with_trigger.py
[2023-04-23T03:17:29.759+0300] {processor.py:753} INFO - DAG(s) dict_keys(['latest_only_with_trigger']) retrieved from /home/vladimir/.local/lib/python3.10/site-packages/airflow/example_dags/example_latest_only_with_trigger.py
[2023-04-23T03:17:29.772+0300] {logging_mixin.py:137} INFO - [2023-04-23T03:17:29.772+0300] {dag.py:2705} INFO - Sync 1 DAGs
[2023-04-23T03:17:29.784+0300] {logging_mixin.py:137} INFO - [2023-04-23T03:17:29.784+0300] {dag.py:3452} INFO - Setting next_dagrun for latest_only_with_trigger to 2023-04-22T20:17:29.784616+00:00, run_after=2023-04-23T00:17:29.784616+00:00
[2023-04-23T03:17:29.796+0300] {processor.py:175} INFO - Processing /home/vladimir/.local/lib/python3.10/site-packages/airflow/example_dags/example_latest_only_with_trigger.py took 0.050 seconds
[2023-04-23T03:18:07.860+0300] {processor.py:153} INFO - Started process (PID=7447) to work on /home/vladimir/.local/lib/python3.10/site-packages/airflow/example_dags/example_latest_only_with_trigger.py
[2023-04-23T03:18:07.861+0300] {processor.py:743} INFO - Processing file /home/vladimir/.local/lib/python3.10/site-packages/airflow/example_dags/example_latest_only_with_trigger.py for tasks to queue
[2023-04-23T03:18:07.861+0300] {logging_mixin.py:137} INFO - [2023-04-23T03:18:07.861+0300] {dagbag.py:532} INFO - Filling up the DagBag from /home/vladimir/.local/lib/python3.10/site-packages/airflow/example_dags/example_latest_only_with_trigger.py
[2023-04-23T03:18:07.871+0300] {processor.py:753} INFO - DAG(s) dict_keys(['latest_only_with_trigger']) retrieved from /home/vladimir/.local/lib/python3.10/site-packages/airflow/example_dags/example_latest_only_with_trigger.py
[2023-04-23T03:18:07.884+0300] {logging_mixin.py:137} INFO - [2023-04-23T03:18:07.884+0300] {dag.py:2705} INFO - Sync 1 DAGs
[2023-04-23T03:18:07.895+0300] {logging_mixin.py:137} INFO - [2023-04-23T03:18:07.895+0300] {dag.py:3452} INFO - Setting next_dagrun for latest_only_with_trigger to 2023-04-22T20:18:07.895527+00:00, run_after=2023-04-23T00:18:07.895527+00:00
[2023-04-23T03:18:07.906+0300] {processor.py:175} INFO - Processing /home/vladimir/.local/lib/python3.10/site-packages/airflow/example_dags/example_latest_only_with_trigger.py took 0.048 seconds
[2023-04-23T03:18:46.536+0300] {processor.py:153} INFO - Started process (PID=7491) to work on /home/vladimir/.local/lib/python3.10/site-packages/airflow/example_dags/example_latest_only_with_trigger.py
[2023-04-23T03:18:46.537+0300] {processor.py:743} INFO - Processing file /home/vladimir/.local/lib/python3.10/site-packages/airflow/example_dags/example_latest_only_with_trigger.py for tasks to queue
[2023-04-23T03:18:46.537+0300] {logging_mixin.py:137} INFO - [2023-04-23T03:18:46.537+0300] {dagbag.py:532} INFO - Filling up the DagBag from /home/vladimir/.local/lib/python3.10/site-packages/airflow/example_dags/example_latest_only_with_trigger.py
[2023-04-23T03:18:46.546+0300] {processor.py:753} INFO - DAG(s) dict_keys(['latest_only_with_trigger']) retrieved from /home/vladimir/.local/lib/python3.10/site-packages/airflow/example_dags/example_latest_only_with_trigger.py
[2023-04-23T03:18:46.559+0300] {logging_mixin.py:137} INFO - [2023-04-23T03:18:46.559+0300] {dag.py:2705} INFO - Sync 1 DAGs
[2023-04-23T03:18:46.571+0300] {logging_mixin.py:137} INFO - [2023-04-23T03:18:46.571+0300] {dag.py:3452} INFO - Setting next_dagrun for latest_only_with_trigger to 2023-04-22T20:18:46.571343+00:00, run_after=2023-04-23T00:18:46.571343+00:00
[2023-04-23T03:18:46.582+0300] {processor.py:175} INFO - Processing /home/vladimir/.local/lib/python3.10/site-packages/airflow/example_dags/example_latest_only_with_trigger.py took 0.049 seconds
[2023-04-23T03:19:27.700+0300] {processor.py:153} INFO - Started process (PID=7536) to work on /home/vladimir/.local/lib/python3.10/site-packages/airflow/example_dags/example_latest_only_with_trigger.py
[2023-04-23T03:19:27.701+0300] {processor.py:743} INFO - Processing file /home/vladimir/.local/lib/python3.10/site-packages/airflow/example_dags/example_latest_only_with_trigger.py for tasks to queue
[2023-04-23T03:19:27.701+0300] {logging_mixin.py:137} INFO - [2023-04-23T03:19:27.701+0300] {dagbag.py:532} INFO - Filling up the DagBag from /home/vladimir/.local/lib/python3.10/site-packages/airflow/example_dags/example_latest_only_with_trigger.py
[2023-04-23T03:19:27.711+0300] {processor.py:753} INFO - DAG(s) dict_keys(['latest_only_with_trigger']) retrieved from /home/vladimir/.local/lib/python3.10/site-packages/airflow/example_dags/example_latest_only_with_trigger.py
[2023-04-23T03:19:27.725+0300] {logging_mixin.py:137} INFO - [2023-04-23T03:19:27.725+0300] {dag.py:2705} INFO - Sync 1 DAGs
[2023-04-23T03:19:27.738+0300] {logging_mixin.py:137} INFO - [2023-04-23T03:19:27.738+0300] {dag.py:3452} INFO - Setting next_dagrun for latest_only_with_trigger to 2023-04-22T20:19:27.738612+00:00, run_after=2023-04-23T00:19:27.738612+00:00
[2023-04-23T03:19:27.756+0300] {processor.py:175} INFO - Processing /home/vladimir/.local/lib/python3.10/site-packages/airflow/example_dags/example_latest_only_with_trigger.py took 0.059 seconds
[2023-04-23T03:20:18.270+0300] {processor.py:153} INFO - Started process (PID=7837) to work on /home/vladimir/.local/lib/python3.10/site-packages/airflow/example_dags/example_latest_only_with_trigger.py
[2023-04-23T03:20:18.272+0300] {processor.py:743} INFO - Processing file /home/vladimir/.local/lib/python3.10/site-packages/airflow/example_dags/example_latest_only_with_trigger.py for tasks to queue
[2023-04-23T03:20:18.272+0300] {logging_mixin.py:137} INFO - [2023-04-23T03:20:18.272+0300] {dagbag.py:532} INFO - Filling up the DagBag from /home/vladimir/.local/lib/python3.10/site-packages/airflow/example_dags/example_latest_only_with_trigger.py
[2023-04-23T03:20:18.282+0300] {processor.py:753} INFO - DAG(s) dict_keys(['latest_only_with_trigger']) retrieved from /home/vladimir/.local/lib/python3.10/site-packages/airflow/example_dags/example_latest_only_with_trigger.py
[2023-04-23T03:20:18.296+0300] {logging_mixin.py:137} INFO - [2023-04-23T03:20:18.296+0300] {dag.py:2705} INFO - Sync 1 DAGs
[2023-04-23T03:20:18.309+0300] {logging_mixin.py:137} INFO - [2023-04-23T03:20:18.308+0300] {dag.py:3452} INFO - Setting next_dagrun for latest_only_with_trigger to 2023-04-22T20:20:18.308805+00:00, run_after=2023-04-23T00:20:18.308805+00:00
[2023-04-23T03:20:18.324+0300] {processor.py:175} INFO - Processing /home/vladimir/.local/lib/python3.10/site-packages/airflow/example_dags/example_latest_only_with_trigger.py took 0.056 seconds
[2023-04-23T03:21:01.478+0300] {processor.py:153} INFO - Started process (PID=7905) to work on /home/vladimir/.local/lib/python3.10/site-packages/airflow/example_dags/example_latest_only_with_trigger.py
[2023-04-23T03:21:01.479+0300] {processor.py:743} INFO - Processing file /home/vladimir/.local/lib/python3.10/site-packages/airflow/example_dags/example_latest_only_with_trigger.py for tasks to queue
[2023-04-23T03:21:01.479+0300] {logging_mixin.py:137} INFO - [2023-04-23T03:21:01.479+0300] {dagbag.py:532} INFO - Filling up the DagBag from /home/vladimir/.local/lib/python3.10/site-packages/airflow/example_dags/example_latest_only_with_trigger.py
[2023-04-23T03:21:01.489+0300] {processor.py:753} INFO - DAG(s) dict_keys(['latest_only_with_trigger']) retrieved from /home/vladimir/.local/lib/python3.10/site-packages/airflow/example_dags/example_latest_only_with_trigger.py
[2023-04-23T03:21:01.502+0300] {logging_mixin.py:137} INFO - [2023-04-23T03:21:01.502+0300] {dag.py:2705} INFO - Sync 1 DAGs
[2023-04-23T03:21:01.519+0300] {logging_mixin.py:137} INFO - [2023-04-23T03:21:01.518+0300] {dag.py:3452} INFO - Setting next_dagrun for latest_only_with_trigger to 2023-04-22T20:21:01.518685+00:00, run_after=2023-04-23T00:21:01.518685+00:00
[2023-04-23T03:21:01.533+0300] {processor.py:175} INFO - Processing /home/vladimir/.local/lib/python3.10/site-packages/airflow/example_dags/example_latest_only_with_trigger.py took 0.058 seconds
