[2023-04-23T03:12:41.240+0300] {processor.py:153} INFO - Started process (PID=6946) to work on /home/vladimir/.local/lib/python3.10/site-packages/airflow/example_dags/example_xcomargs.py
[2023-04-23T03:12:41.240+0300] {processor.py:743} INFO - Processing file /home/vladimir/.local/lib/python3.10/site-packages/airflow/example_dags/example_xcomargs.py for tasks to queue
[2023-04-23T03:12:41.241+0300] {logging_mixin.py:137} INFO - [2023-04-23T03:12:41.241+0300] {dagbag.py:532} INFO - Filling up the DagBag from /home/vladimir/.local/lib/python3.10/site-packages/airflow/example_dags/example_xcomargs.py
[2023-04-23T03:12:41.258+0300] {processor.py:753} INFO - DAG(s) dict_keys(['example_xcom_args_with_operators', 'example_xcom_args']) retrieved from /home/vladimir/.local/lib/python3.10/site-packages/airflow/example_dags/example_xcomargs.py
[2023-04-23T03:12:41.273+0300] {logging_mixin.py:137} INFO - [2023-04-23T03:12:41.273+0300] {dag.py:2705} INFO - Sync 2 DAGs
[2023-04-23T03:12:41.286+0300] {logging_mixin.py:137} INFO - [2023-04-23T03:12:41.286+0300] {dag.py:3452} INFO - Setting next_dagrun for example_xcom_args to None, run_after=None
[2023-04-23T03:12:41.288+0300] {logging_mixin.py:137} INFO - [2023-04-23T03:12:41.288+0300] {dag.py:3452} INFO - Setting next_dagrun for example_xcom_args_with_operators to None, run_after=None
[2023-04-23T03:12:41.300+0300] {processor.py:175} INFO - Processing /home/vladimir/.local/lib/python3.10/site-packages/airflow/example_dags/example_xcomargs.py took 0.062 seconds
[2023-04-23T03:13:20.277+0300] {processor.py:153} INFO - Started process (PID=7013) to work on /home/vladimir/.local/lib/python3.10/site-packages/airflow/example_dags/example_xcomargs.py
[2023-04-23T03:13:20.278+0300] {processor.py:743} INFO - Processing file /home/vladimir/.local/lib/python3.10/site-packages/airflow/example_dags/example_xcomargs.py for tasks to queue
[2023-04-23T03:13:20.278+0300] {logging_mixin.py:137} INFO - [2023-04-23T03:13:20.278+0300] {dagbag.py:532} INFO - Filling up the DagBag from /home/vladimir/.local/lib/python3.10/site-packages/airflow/example_dags/example_xcomargs.py
[2023-04-23T03:13:20.295+0300] {processor.py:753} INFO - DAG(s) dict_keys(['example_xcom_args_with_operators', 'example_xcom_args']) retrieved from /home/vladimir/.local/lib/python3.10/site-packages/airflow/example_dags/example_xcomargs.py
[2023-04-23T03:13:20.312+0300] {logging_mixin.py:137} INFO - [2023-04-23T03:13:20.311+0300] {dag.py:2705} INFO - Sync 2 DAGs
[2023-04-23T03:13:20.323+0300] {logging_mixin.py:137} INFO - [2023-04-23T03:13:20.323+0300] {dag.py:3452} INFO - Setting next_dagrun for example_xcom_args to None, run_after=None
[2023-04-23T03:13:20.325+0300] {logging_mixin.py:137} INFO - [2023-04-23T03:13:20.325+0300] {dag.py:3452} INFO - Setting next_dagrun for example_xcom_args_with_operators to None, run_after=None
[2023-04-23T03:13:20.336+0300] {processor.py:175} INFO - Processing /home/vladimir/.local/lib/python3.10/site-packages/airflow/example_dags/example_xcomargs.py took 0.062 seconds
[2023-04-23T03:14:02.201+0300] {processor.py:153} INFO - Started process (PID=7070) to work on /home/vladimir/.local/lib/python3.10/site-packages/airflow/example_dags/example_xcomargs.py
[2023-04-23T03:14:02.202+0300] {processor.py:743} INFO - Processing file /home/vladimir/.local/lib/python3.10/site-packages/airflow/example_dags/example_xcomargs.py for tasks to queue
[2023-04-23T03:14:02.203+0300] {logging_mixin.py:137} INFO - [2023-04-23T03:14:02.203+0300] {dagbag.py:532} INFO - Filling up the DagBag from /home/vladimir/.local/lib/python3.10/site-packages/airflow/example_dags/example_xcomargs.py
[2023-04-23T03:14:02.221+0300] {processor.py:753} INFO - DAG(s) dict_keys(['example_xcom_args', 'example_xcom_args_with_operators']) retrieved from /home/vladimir/.local/lib/python3.10/site-packages/airflow/example_dags/example_xcomargs.py
[2023-04-23T03:14:02.237+0300] {logging_mixin.py:137} INFO - [2023-04-23T03:14:02.237+0300] {dag.py:2705} INFO - Sync 2 DAGs
[2023-04-23T03:14:02.249+0300] {logging_mixin.py:137} INFO - [2023-04-23T03:14:02.249+0300] {dag.py:3452} INFO - Setting next_dagrun for example_xcom_args to None, run_after=None
[2023-04-23T03:14:02.251+0300] {logging_mixin.py:137} INFO - [2023-04-23T03:14:02.251+0300] {dag.py:3452} INFO - Setting next_dagrun for example_xcom_args_with_operators to None, run_after=None
[2023-04-23T03:14:02.260+0300] {processor.py:175} INFO - Processing /home/vladimir/.local/lib/python3.10/site-packages/airflow/example_dags/example_xcomargs.py took 0.062 seconds
[2023-04-23T03:14:43.277+0300] {processor.py:153} INFO - Started process (PID=7131) to work on /home/vladimir/.local/lib/python3.10/site-packages/airflow/example_dags/example_xcomargs.py
[2023-04-23T03:14:43.278+0300] {processor.py:743} INFO - Processing file /home/vladimir/.local/lib/python3.10/site-packages/airflow/example_dags/example_xcomargs.py for tasks to queue
[2023-04-23T03:14:43.278+0300] {logging_mixin.py:137} INFO - [2023-04-23T03:14:43.278+0300] {dagbag.py:532} INFO - Filling up the DagBag from /home/vladimir/.local/lib/python3.10/site-packages/airflow/example_dags/example_xcomargs.py
[2023-04-23T03:14:43.296+0300] {processor.py:753} INFO - DAG(s) dict_keys(['example_xcom_args_with_operators', 'example_xcom_args']) retrieved from /home/vladimir/.local/lib/python3.10/site-packages/airflow/example_dags/example_xcomargs.py
[2023-04-23T03:14:43.312+0300] {logging_mixin.py:137} INFO - [2023-04-23T03:14:43.312+0300] {dag.py:2705} INFO - Sync 2 DAGs
[2023-04-23T03:14:43.325+0300] {logging_mixin.py:137} INFO - [2023-04-23T03:14:43.325+0300] {dag.py:3452} INFO - Setting next_dagrun for example_xcom_args to None, run_after=None
[2023-04-23T03:14:43.327+0300] {logging_mixin.py:137} INFO - [2023-04-23T03:14:43.327+0300] {dag.py:3452} INFO - Setting next_dagrun for example_xcom_args_with_operators to None, run_after=None
[2023-04-23T03:14:43.337+0300] {processor.py:175} INFO - Processing /home/vladimir/.local/lib/python3.10/site-packages/airflow/example_dags/example_xcomargs.py took 0.063 seconds
[2023-04-23T03:15:22.591+0300] {processor.py:153} INFO - Started process (PID=7214) to work on /home/vladimir/.local/lib/python3.10/site-packages/airflow/example_dags/example_xcomargs.py
[2023-04-23T03:15:22.592+0300] {processor.py:743} INFO - Processing file /home/vladimir/.local/lib/python3.10/site-packages/airflow/example_dags/example_xcomargs.py for tasks to queue
[2023-04-23T03:15:22.592+0300] {logging_mixin.py:137} INFO - [2023-04-23T03:15:22.592+0300] {dagbag.py:532} INFO - Filling up the DagBag from /home/vladimir/.local/lib/python3.10/site-packages/airflow/example_dags/example_xcomargs.py
[2023-04-23T03:15:22.611+0300] {processor.py:753} INFO - DAG(s) dict_keys(['example_xcom_args_with_operators', 'example_xcom_args']) retrieved from /home/vladimir/.local/lib/python3.10/site-packages/airflow/example_dags/example_xcomargs.py
[2023-04-23T03:15:22.626+0300] {logging_mixin.py:137} INFO - [2023-04-23T03:15:22.626+0300] {dag.py:2705} INFO - Sync 2 DAGs
[2023-04-23T03:15:22.638+0300] {logging_mixin.py:137} INFO - [2023-04-23T03:15:22.638+0300] {dag.py:3452} INFO - Setting next_dagrun for example_xcom_args to None, run_after=None
[2023-04-23T03:15:22.640+0300] {logging_mixin.py:137} INFO - [2023-04-23T03:15:22.639+0300] {dag.py:3452} INFO - Setting next_dagrun for example_xcom_args_with_operators to None, run_after=None
[2023-04-23T03:15:22.652+0300] {processor.py:175} INFO - Processing /home/vladimir/.local/lib/python3.10/site-packages/airflow/example_dags/example_xcomargs.py took 0.063 seconds
[2023-04-23T03:16:04.311+0300] {processor.py:153} INFO - Started process (PID=7271) to work on /home/vladimir/.local/lib/python3.10/site-packages/airflow/example_dags/example_xcomargs.py
[2023-04-23T03:16:04.312+0300] {processor.py:743} INFO - Processing file /home/vladimir/.local/lib/python3.10/site-packages/airflow/example_dags/example_xcomargs.py for tasks to queue
[2023-04-23T03:16:04.312+0300] {logging_mixin.py:137} INFO - [2023-04-23T03:16:04.312+0300] {dagbag.py:532} INFO - Filling up the DagBag from /home/vladimir/.local/lib/python3.10/site-packages/airflow/example_dags/example_xcomargs.py
[2023-04-23T03:16:04.330+0300] {processor.py:753} INFO - DAG(s) dict_keys(['example_xcom_args', 'example_xcom_args_with_operators']) retrieved from /home/vladimir/.local/lib/python3.10/site-packages/airflow/example_dags/example_xcomargs.py
[2023-04-23T03:16:04.346+0300] {logging_mixin.py:137} INFO - [2023-04-23T03:16:04.346+0300] {dag.py:2705} INFO - Sync 2 DAGs
[2023-04-23T03:16:04.359+0300] {logging_mixin.py:137} INFO - [2023-04-23T03:16:04.359+0300] {dag.py:3452} INFO - Setting next_dagrun for example_xcom_args to None, run_after=None
[2023-04-23T03:16:04.360+0300] {logging_mixin.py:137} INFO - [2023-04-23T03:16:04.360+0300] {dag.py:3452} INFO - Setting next_dagrun for example_xcom_args_with_operators to None, run_after=None
[2023-04-23T03:16:04.372+0300] {processor.py:175} INFO - Processing /home/vladimir/.local/lib/python3.10/site-packages/airflow/example_dags/example_xcomargs.py took 0.063 seconds
[2023-04-23T03:16:41.909+0300] {processor.py:153} INFO - Started process (PID=7348) to work on /home/vladimir/.local/lib/python3.10/site-packages/airflow/example_dags/example_xcomargs.py
[2023-04-23T03:16:41.910+0300] {processor.py:743} INFO - Processing file /home/vladimir/.local/lib/python3.10/site-packages/airflow/example_dags/example_xcomargs.py for tasks to queue
[2023-04-23T03:16:41.911+0300] {logging_mixin.py:137} INFO - [2023-04-23T03:16:41.911+0300] {dagbag.py:532} INFO - Filling up the DagBag from /home/vladimir/.local/lib/python3.10/site-packages/airflow/example_dags/example_xcomargs.py
[2023-04-23T03:16:41.930+0300] {processor.py:753} INFO - DAG(s) dict_keys(['example_xcom_args_with_operators', 'example_xcom_args']) retrieved from /home/vladimir/.local/lib/python3.10/site-packages/airflow/example_dags/example_xcomargs.py
[2023-04-23T03:16:41.948+0300] {logging_mixin.py:137} INFO - [2023-04-23T03:16:41.948+0300] {dag.py:2705} INFO - Sync 2 DAGs
[2023-04-23T03:16:41.964+0300] {logging_mixin.py:137} INFO - [2023-04-23T03:16:41.964+0300] {dag.py:3452} INFO - Setting next_dagrun for example_xcom_args to None, run_after=None
[2023-04-23T03:16:41.966+0300] {logging_mixin.py:137} INFO - [2023-04-23T03:16:41.966+0300] {dag.py:3452} INFO - Setting next_dagrun for example_xcom_args_with_operators to None, run_after=None
[2023-04-23T03:16:41.982+0300] {processor.py:175} INFO - Processing /home/vladimir/.local/lib/python3.10/site-packages/airflow/example_dags/example_xcomargs.py took 0.078 seconds
[2023-04-23T03:17:24.150+0300] {processor.py:153} INFO - Started process (PID=7394) to work on /home/vladimir/.local/lib/python3.10/site-packages/airflow/example_dags/example_xcomargs.py
[2023-04-23T03:17:24.151+0300] {processor.py:743} INFO - Processing file /home/vladimir/.local/lib/python3.10/site-packages/airflow/example_dags/example_xcomargs.py for tasks to queue
[2023-04-23T03:17:24.151+0300] {logging_mixin.py:137} INFO - [2023-04-23T03:17:24.151+0300] {dagbag.py:532} INFO - Filling up the DagBag from /home/vladimir/.local/lib/python3.10/site-packages/airflow/example_dags/example_xcomargs.py
[2023-04-23T03:17:24.166+0300] {processor.py:753} INFO - DAG(s) dict_keys(['example_xcom_args', 'example_xcom_args_with_operators']) retrieved from /home/vladimir/.local/lib/python3.10/site-packages/airflow/example_dags/example_xcomargs.py
[2023-04-23T03:17:24.181+0300] {logging_mixin.py:137} INFO - [2023-04-23T03:17:24.181+0300] {dag.py:2705} INFO - Sync 2 DAGs
[2023-04-23T03:17:24.193+0300] {logging_mixin.py:137} INFO - [2023-04-23T03:17:24.193+0300] {dag.py:3452} INFO - Setting next_dagrun for example_xcom_args to None, run_after=None
[2023-04-23T03:17:24.195+0300] {logging_mixin.py:137} INFO - [2023-04-23T03:17:24.195+0300] {dag.py:3452} INFO - Setting next_dagrun for example_xcom_args_with_operators to None, run_after=None
[2023-04-23T03:17:24.205+0300] {processor.py:175} INFO - Processing /home/vladimir/.local/lib/python3.10/site-packages/airflow/example_dags/example_xcomargs.py took 0.058 seconds
[2023-04-23T03:18:02.562+0300] {processor.py:153} INFO - Started process (PID=7441) to work on /home/vladimir/.local/lib/python3.10/site-packages/airflow/example_dags/example_xcomargs.py
[2023-04-23T03:18:02.563+0300] {processor.py:743} INFO - Processing file /home/vladimir/.local/lib/python3.10/site-packages/airflow/example_dags/example_xcomargs.py for tasks to queue
[2023-04-23T03:18:02.563+0300] {logging_mixin.py:137} INFO - [2023-04-23T03:18:02.563+0300] {dagbag.py:532} INFO - Filling up the DagBag from /home/vladimir/.local/lib/python3.10/site-packages/airflow/example_dags/example_xcomargs.py
[2023-04-23T03:18:02.579+0300] {processor.py:753} INFO - DAG(s) dict_keys(['example_xcom_args', 'example_xcom_args_with_operators']) retrieved from /home/vladimir/.local/lib/python3.10/site-packages/airflow/example_dags/example_xcomargs.py
[2023-04-23T03:18:02.596+0300] {logging_mixin.py:137} INFO - [2023-04-23T03:18:02.596+0300] {dag.py:2705} INFO - Sync 2 DAGs
[2023-04-23T03:18:02.611+0300] {logging_mixin.py:137} INFO - [2023-04-23T03:18:02.611+0300] {dag.py:3452} INFO - Setting next_dagrun for example_xcom_args to None, run_after=None
[2023-04-23T03:18:02.613+0300] {logging_mixin.py:137} INFO - [2023-04-23T03:18:02.613+0300] {dag.py:3452} INFO - Setting next_dagrun for example_xcom_args_with_operators to None, run_after=None
[2023-04-23T03:18:02.643+0300] {processor.py:175} INFO - Processing /home/vladimir/.local/lib/python3.10/site-packages/airflow/example_dags/example_xcomargs.py took 0.083 seconds
[2023-04-23T03:18:40.256+0300] {processor.py:153} INFO - Started process (PID=7485) to work on /home/vladimir/.local/lib/python3.10/site-packages/airflow/example_dags/example_xcomargs.py
[2023-04-23T03:18:40.256+0300] {processor.py:743} INFO - Processing file /home/vladimir/.local/lib/python3.10/site-packages/airflow/example_dags/example_xcomargs.py for tasks to queue
[2023-04-23T03:18:40.257+0300] {logging_mixin.py:137} INFO - [2023-04-23T03:18:40.257+0300] {dagbag.py:532} INFO - Filling up the DagBag from /home/vladimir/.local/lib/python3.10/site-packages/airflow/example_dags/example_xcomargs.py
[2023-04-23T03:18:40.274+0300] {processor.py:753} INFO - DAG(s) dict_keys(['example_xcom_args', 'example_xcom_args_with_operators']) retrieved from /home/vladimir/.local/lib/python3.10/site-packages/airflow/example_dags/example_xcomargs.py
[2023-04-23T03:18:40.289+0300] {logging_mixin.py:137} INFO - [2023-04-23T03:18:40.289+0300] {dag.py:2705} INFO - Sync 2 DAGs
[2023-04-23T03:18:40.301+0300] {logging_mixin.py:137} INFO - [2023-04-23T03:18:40.301+0300] {dag.py:3452} INFO - Setting next_dagrun for example_xcom_args to None, run_after=None
[2023-04-23T03:18:40.303+0300] {logging_mixin.py:137} INFO - [2023-04-23T03:18:40.303+0300] {dag.py:3452} INFO - Setting next_dagrun for example_xcom_args_with_operators to None, run_after=None
[2023-04-23T03:18:40.314+0300] {processor.py:175} INFO - Processing /home/vladimir/.local/lib/python3.10/site-packages/airflow/example_dags/example_xcomargs.py took 0.061 seconds
[2023-04-23T03:19:21.422+0300] {processor.py:153} INFO - Started process (PID=7530) to work on /home/vladimir/.local/lib/python3.10/site-packages/airflow/example_dags/example_xcomargs.py
[2023-04-23T03:19:21.423+0300] {processor.py:743} INFO - Processing file /home/vladimir/.local/lib/python3.10/site-packages/airflow/example_dags/example_xcomargs.py for tasks to queue
[2023-04-23T03:19:21.424+0300] {logging_mixin.py:137} INFO - [2023-04-23T03:19:21.424+0300] {dagbag.py:532} INFO - Filling up the DagBag from /home/vladimir/.local/lib/python3.10/site-packages/airflow/example_dags/example_xcomargs.py
[2023-04-23T03:19:21.440+0300] {processor.py:753} INFO - DAG(s) dict_keys(['example_xcom_args_with_operators', 'example_xcom_args']) retrieved from /home/vladimir/.local/lib/python3.10/site-packages/airflow/example_dags/example_xcomargs.py
[2023-04-23T03:19:21.454+0300] {logging_mixin.py:137} INFO - [2023-04-23T03:19:21.454+0300] {dag.py:2705} INFO - Sync 2 DAGs
[2023-04-23T03:19:21.466+0300] {logging_mixin.py:137} INFO - [2023-04-23T03:19:21.466+0300] {dag.py:3452} INFO - Setting next_dagrun for example_xcom_args to None, run_after=None
[2023-04-23T03:19:21.468+0300] {logging_mixin.py:137} INFO - [2023-04-23T03:19:21.468+0300] {dag.py:3452} INFO - Setting next_dagrun for example_xcom_args_with_operators to None, run_after=None
[2023-04-23T03:19:21.477+0300] {processor.py:175} INFO - Processing /home/vladimir/.local/lib/python3.10/site-packages/airflow/example_dags/example_xcomargs.py took 0.056 seconds
[2023-04-23T03:20:11.595+0300] {processor.py:153} INFO - Started process (PID=7828) to work on /home/vladimir/.local/lib/python3.10/site-packages/airflow/example_dags/example_xcomargs.py
[2023-04-23T03:20:11.596+0300] {processor.py:743} INFO - Processing file /home/vladimir/.local/lib/python3.10/site-packages/airflow/example_dags/example_xcomargs.py for tasks to queue
[2023-04-23T03:20:11.596+0300] {logging_mixin.py:137} INFO - [2023-04-23T03:20:11.596+0300] {dagbag.py:532} INFO - Filling up the DagBag from /home/vladimir/.local/lib/python3.10/site-packages/airflow/example_dags/example_xcomargs.py
[2023-04-23T03:20:11.616+0300] {processor.py:753} INFO - DAG(s) dict_keys(['example_xcom_args', 'example_xcom_args_with_operators']) retrieved from /home/vladimir/.local/lib/python3.10/site-packages/airflow/example_dags/example_xcomargs.py
[2023-04-23T03:20:11.631+0300] {logging_mixin.py:137} INFO - [2023-04-23T03:20:11.631+0300] {dag.py:2705} INFO - Sync 2 DAGs
[2023-04-23T03:20:11.645+0300] {logging_mixin.py:137} INFO - [2023-04-23T03:20:11.645+0300] {dag.py:3452} INFO - Setting next_dagrun for example_xcom_args to None, run_after=None
[2023-04-23T03:20:11.646+0300] {logging_mixin.py:137} INFO - [2023-04-23T03:20:11.646+0300] {dag.py:3452} INFO - Setting next_dagrun for example_xcom_args_with_operators to None, run_after=None
[2023-04-23T03:20:11.658+0300] {processor.py:175} INFO - Processing /home/vladimir/.local/lib/python3.10/site-packages/airflow/example_dags/example_xcomargs.py took 0.065 seconds
[2023-04-23T03:20:54.988+0300] {processor.py:153} INFO - Started process (PID=7897) to work on /home/vladimir/.local/lib/python3.10/site-packages/airflow/example_dags/example_xcomargs.py
[2023-04-23T03:20:54.991+0300] {processor.py:743} INFO - Processing file /home/vladimir/.local/lib/python3.10/site-packages/airflow/example_dags/example_xcomargs.py for tasks to queue
[2023-04-23T03:20:54.992+0300] {logging_mixin.py:137} INFO - [2023-04-23T03:20:54.992+0300] {dagbag.py:532} INFO - Filling up the DagBag from /home/vladimir/.local/lib/python3.10/site-packages/airflow/example_dags/example_xcomargs.py
[2023-04-23T03:20:55.019+0300] {processor.py:753} INFO - DAG(s) dict_keys(['example_xcom_args_with_operators', 'example_xcom_args']) retrieved from /home/vladimir/.local/lib/python3.10/site-packages/airflow/example_dags/example_xcomargs.py
[2023-04-23T03:20:55.172+0300] {logging_mixin.py:137} INFO - [2023-04-23T03:20:55.172+0300] {dag.py:2705} INFO - Sync 2 DAGs
[2023-04-23T03:20:55.247+0300] {logging_mixin.py:137} INFO - [2023-04-23T03:20:55.247+0300] {dag.py:3452} INFO - Setting next_dagrun for example_xcom_args to None, run_after=None
[2023-04-23T03:20:55.252+0300] {logging_mixin.py:137} INFO - [2023-04-23T03:20:55.252+0300] {dag.py:3452} INFO - Setting next_dagrun for example_xcom_args_with_operators to None, run_after=None
[2023-04-23T03:20:55.283+0300] {processor.py:175} INFO - Processing /home/vladimir/.local/lib/python3.10/site-packages/airflow/example_dags/example_xcomargs.py took 0.297 seconds
