[2023-04-23T03:12:57.783+0300] {processor.py:153} INFO - Started process (PID=6979) to work on /home/vladimir/.local/lib/python3.10/site-packages/airflow/example_dags/example_task_group_decorator.py
[2023-04-23T03:12:57.783+0300] {processor.py:743} INFO - Processing file /home/vladimir/.local/lib/python3.10/site-packages/airflow/example_dags/example_task_group_decorator.py for tasks to queue
[2023-04-23T03:12:57.784+0300] {logging_mixin.py:137} INFO - [2023-04-23T03:12:57.784+0300] {dagbag.py:532} INFO - Filling up the DagBag from /home/vladimir/.local/lib/python3.10/site-packages/airflow/example_dags/example_task_group_decorator.py
[2023-04-23T03:12:57.803+0300] {processor.py:753} INFO - DAG(s) dict_keys(['example_task_group_decorator']) retrieved from /home/vladimir/.local/lib/python3.10/site-packages/airflow/example_dags/example_task_group_decorator.py
[2023-04-23T03:12:57.819+0300] {logging_mixin.py:137} INFO - [2023-04-23T03:12:57.819+0300] {dag.py:2705} INFO - Sync 1 DAGs
[2023-04-23T03:12:57.831+0300] {logging_mixin.py:137} INFO - [2023-04-23T03:12:57.831+0300] {dag.py:3452} INFO - Setting next_dagrun for example_task_group_decorator to 2023-04-22T00:12:57.831435+00:00, run_after=2023-04-23T00:12:57.831435+00:00
[2023-04-23T03:12:57.847+0300] {processor.py:175} INFO - Processing /home/vladimir/.local/lib/python3.10/site-packages/airflow/example_dags/example_task_group_decorator.py took 0.066 seconds
[2023-04-23T03:13:39.082+0300] {processor.py:153} INFO - Started process (PID=7035) to work on /home/vladimir/.local/lib/python3.10/site-packages/airflow/example_dags/example_task_group_decorator.py
[2023-04-23T03:13:39.083+0300] {processor.py:743} INFO - Processing file /home/vladimir/.local/lib/python3.10/site-packages/airflow/example_dags/example_task_group_decorator.py for tasks to queue
[2023-04-23T03:13:39.083+0300] {logging_mixin.py:137} INFO - [2023-04-23T03:13:39.083+0300] {dagbag.py:532} INFO - Filling up the DagBag from /home/vladimir/.local/lib/python3.10/site-packages/airflow/example_dags/example_task_group_decorator.py
[2023-04-23T03:13:39.104+0300] {processor.py:753} INFO - DAG(s) dict_keys(['example_task_group_decorator']) retrieved from /home/vladimir/.local/lib/python3.10/site-packages/airflow/example_dags/example_task_group_decorator.py
[2023-04-23T03:13:39.120+0300] {logging_mixin.py:137} INFO - [2023-04-23T03:13:39.120+0300] {dag.py:2705} INFO - Sync 1 DAGs
[2023-04-23T03:13:39.132+0300] {logging_mixin.py:137} INFO - [2023-04-23T03:13:39.132+0300] {dag.py:3452} INFO - Setting next_dagrun for example_task_group_decorator to 2023-04-22T00:13:39.132519+00:00, run_after=2023-04-23T00:13:39.132519+00:00
[2023-04-23T03:13:39.144+0300] {processor.py:175} INFO - Processing /home/vladimir/.local/lib/python3.10/site-packages/airflow/example_dags/example_task_group_decorator.py took 0.064 seconds
[2023-04-23T03:14:20.386+0300] {processor.py:153} INFO - Started process (PID=7092) to work on /home/vladimir/.local/lib/python3.10/site-packages/airflow/example_dags/example_task_group_decorator.py
[2023-04-23T03:14:20.387+0300] {processor.py:743} INFO - Processing file /home/vladimir/.local/lib/python3.10/site-packages/airflow/example_dags/example_task_group_decorator.py for tasks to queue
[2023-04-23T03:14:20.388+0300] {logging_mixin.py:137} INFO - [2023-04-23T03:14:20.387+0300] {dagbag.py:532} INFO - Filling up the DagBag from /home/vladimir/.local/lib/python3.10/site-packages/airflow/example_dags/example_task_group_decorator.py
[2023-04-23T03:14:20.408+0300] {processor.py:753} INFO - DAG(s) dict_keys(['example_task_group_decorator']) retrieved from /home/vladimir/.local/lib/python3.10/site-packages/airflow/example_dags/example_task_group_decorator.py
[2023-04-23T03:14:20.424+0300] {logging_mixin.py:137} INFO - [2023-04-23T03:14:20.424+0300] {dag.py:2705} INFO - Sync 1 DAGs
[2023-04-23T03:14:20.436+0300] {logging_mixin.py:137} INFO - [2023-04-23T03:14:20.436+0300] {dag.py:3452} INFO - Setting next_dagrun for example_task_group_decorator to 2023-04-22T00:14:20.436444+00:00, run_after=2023-04-23T00:14:20.436444+00:00
[2023-04-23T03:14:20.449+0300] {processor.py:175} INFO - Processing /home/vladimir/.local/lib/python3.10/site-packages/airflow/example_dags/example_task_group_decorator.py took 0.065 seconds
[2023-04-23T03:15:00.321+0300] {processor.py:153} INFO - Started process (PID=7187) to work on /home/vladimir/.local/lib/python3.10/site-packages/airflow/example_dags/example_task_group_decorator.py
[2023-04-23T03:15:00.322+0300] {processor.py:743} INFO - Processing file /home/vladimir/.local/lib/python3.10/site-packages/airflow/example_dags/example_task_group_decorator.py for tasks to queue
[2023-04-23T03:15:00.322+0300] {logging_mixin.py:137} INFO - [2023-04-23T03:15:00.322+0300] {dagbag.py:532} INFO - Filling up the DagBag from /home/vladimir/.local/lib/python3.10/site-packages/airflow/example_dags/example_task_group_decorator.py
[2023-04-23T03:15:00.341+0300] {processor.py:753} INFO - DAG(s) dict_keys(['example_task_group_decorator']) retrieved from /home/vladimir/.local/lib/python3.10/site-packages/airflow/example_dags/example_task_group_decorator.py
[2023-04-23T03:15:00.356+0300] {logging_mixin.py:137} INFO - [2023-04-23T03:15:00.356+0300] {dag.py:2705} INFO - Sync 1 DAGs
[2023-04-23T03:15:00.370+0300] {logging_mixin.py:137} INFO - [2023-04-23T03:15:00.370+0300] {dag.py:3452} INFO - Setting next_dagrun for example_task_group_decorator to 2023-04-22T00:15:00.370122+00:00, run_after=2023-04-23T00:15:00.370122+00:00
[2023-04-23T03:15:00.382+0300] {processor.py:175} INFO - Processing /home/vladimir/.local/lib/python3.10/site-packages/airflow/example_dags/example_task_group_decorator.py took 0.064 seconds
[2023-04-23T03:15:40.271+0300] {processor.py:153} INFO - Started process (PID=7240) to work on /home/vladimir/.local/lib/python3.10/site-packages/airflow/example_dags/example_task_group_decorator.py
[2023-04-23T03:15:40.271+0300] {processor.py:743} INFO - Processing file /home/vladimir/.local/lib/python3.10/site-packages/airflow/example_dags/example_task_group_decorator.py for tasks to queue
[2023-04-23T03:15:40.272+0300] {logging_mixin.py:137} INFO - [2023-04-23T03:15:40.272+0300] {dagbag.py:532} INFO - Filling up the DagBag from /home/vladimir/.local/lib/python3.10/site-packages/airflow/example_dags/example_task_group_decorator.py
[2023-04-23T03:15:40.292+0300] {processor.py:753} INFO - DAG(s) dict_keys(['example_task_group_decorator']) retrieved from /home/vladimir/.local/lib/python3.10/site-packages/airflow/example_dags/example_task_group_decorator.py
[2023-04-23T03:15:40.307+0300] {logging_mixin.py:137} INFO - [2023-04-23T03:15:40.307+0300] {dag.py:2705} INFO - Sync 1 DAGs
[2023-04-23T03:15:40.319+0300] {logging_mixin.py:137} INFO - [2023-04-23T03:15:40.319+0300] {dag.py:3452} INFO - Setting next_dagrun for example_task_group_decorator to 2023-04-22T00:15:40.319361+00:00, run_after=2023-04-23T00:15:40.319361+00:00
[2023-04-23T03:15:40.335+0300] {processor.py:175} INFO - Processing /home/vladimir/.local/lib/python3.10/site-packages/airflow/example_dags/example_task_group_decorator.py took 0.067 seconds
[2023-04-23T03:16:21.355+0300] {processor.py:153} INFO - Started process (PID=7295) to work on /home/vladimir/.local/lib/python3.10/site-packages/airflow/example_dags/example_task_group_decorator.py
[2023-04-23T03:16:21.356+0300] {processor.py:743} INFO - Processing file /home/vladimir/.local/lib/python3.10/site-packages/airflow/example_dags/example_task_group_decorator.py for tasks to queue
[2023-04-23T03:16:21.356+0300] {logging_mixin.py:137} INFO - [2023-04-23T03:16:21.356+0300] {dagbag.py:532} INFO - Filling up the DagBag from /home/vladimir/.local/lib/python3.10/site-packages/airflow/example_dags/example_task_group_decorator.py
[2023-04-23T03:16:21.376+0300] {processor.py:753} INFO - DAG(s) dict_keys(['example_task_group_decorator']) retrieved from /home/vladimir/.local/lib/python3.10/site-packages/airflow/example_dags/example_task_group_decorator.py
[2023-04-23T03:16:21.391+0300] {logging_mixin.py:137} INFO - [2023-04-23T03:16:21.391+0300] {dag.py:2705} INFO - Sync 1 DAGs
[2023-04-23T03:16:21.404+0300] {logging_mixin.py:137} INFO - [2023-04-23T03:16:21.404+0300] {dag.py:3452} INFO - Setting next_dagrun for example_task_group_decorator to 2023-04-22T00:16:21.404279+00:00, run_after=2023-04-23T00:16:21.404279+00:00
[2023-04-23T03:16:21.415+0300] {processor.py:175} INFO - Processing /home/vladimir/.local/lib/python3.10/site-packages/airflow/example_dags/example_task_group_decorator.py took 0.063 seconds
[2023-04-23T03:17:01.611+0300] {processor.py:153} INFO - Started process (PID=7370) to work on /home/vladimir/.local/lib/python3.10/site-packages/airflow/example_dags/example_task_group_decorator.py
[2023-04-23T03:17:01.612+0300] {processor.py:743} INFO - Processing file /home/vladimir/.local/lib/python3.10/site-packages/airflow/example_dags/example_task_group_decorator.py for tasks to queue
[2023-04-23T03:17:01.612+0300] {logging_mixin.py:137} INFO - [2023-04-23T03:17:01.612+0300] {dagbag.py:532} INFO - Filling up the DagBag from /home/vladimir/.local/lib/python3.10/site-packages/airflow/example_dags/example_task_group_decorator.py
[2023-04-23T03:17:01.631+0300] {processor.py:753} INFO - DAG(s) dict_keys(['example_task_group_decorator']) retrieved from /home/vladimir/.local/lib/python3.10/site-packages/airflow/example_dags/example_task_group_decorator.py
[2023-04-23T03:17:01.646+0300] {logging_mixin.py:137} INFO - [2023-04-23T03:17:01.646+0300] {dag.py:2705} INFO - Sync 1 DAGs
[2023-04-23T03:17:01.658+0300] {logging_mixin.py:137} INFO - [2023-04-23T03:17:01.658+0300] {dag.py:3452} INFO - Setting next_dagrun for example_task_group_decorator to 2023-04-22T00:17:01.658379+00:00, run_after=2023-04-23T00:17:01.658379+00:00
[2023-04-23T03:17:01.671+0300] {processor.py:175} INFO - Processing /home/vladimir/.local/lib/python3.10/site-packages/airflow/example_dags/example_task_group_decorator.py took 0.061 seconds
[2023-04-23T03:17:41.014+0300] {processor.py:153} INFO - Started process (PID=7413) to work on /home/vladimir/.local/lib/python3.10/site-packages/airflow/example_dags/example_task_group_decorator.py
[2023-04-23T03:17:41.014+0300] {processor.py:743} INFO - Processing file /home/vladimir/.local/lib/python3.10/site-packages/airflow/example_dags/example_task_group_decorator.py for tasks to queue
[2023-04-23T03:17:41.015+0300] {logging_mixin.py:137} INFO - [2023-04-23T03:17:41.015+0300] {dagbag.py:532} INFO - Filling up the DagBag from /home/vladimir/.local/lib/python3.10/site-packages/airflow/example_dags/example_task_group_decorator.py
[2023-04-23T03:17:41.034+0300] {processor.py:753} INFO - DAG(s) dict_keys(['example_task_group_decorator']) retrieved from /home/vladimir/.local/lib/python3.10/site-packages/airflow/example_dags/example_task_group_decorator.py
[2023-04-23T03:17:41.048+0300] {logging_mixin.py:137} INFO - [2023-04-23T03:17:41.048+0300] {dag.py:2705} INFO - Sync 1 DAGs
[2023-04-23T03:17:41.059+0300] {logging_mixin.py:137} INFO - [2023-04-23T03:17:41.059+0300] {dag.py:3452} INFO - Setting next_dagrun for example_task_group_decorator to 2023-04-22T00:17:41.059451+00:00, run_after=2023-04-23T00:17:41.059451+00:00
[2023-04-23T03:17:41.071+0300] {processor.py:175} INFO - Processing /home/vladimir/.local/lib/python3.10/site-packages/airflow/example_dags/example_task_group_decorator.py took 0.059 seconds
[2023-04-23T03:18:19.286+0300] {processor.py:153} INFO - Started process (PID=7461) to work on /home/vladimir/.local/lib/python3.10/site-packages/airflow/example_dags/example_task_group_decorator.py
[2023-04-23T03:18:19.286+0300] {processor.py:743} INFO - Processing file /home/vladimir/.local/lib/python3.10/site-packages/airflow/example_dags/example_task_group_decorator.py for tasks to queue
[2023-04-23T03:18:19.287+0300] {logging_mixin.py:137} INFO - [2023-04-23T03:18:19.287+0300] {dagbag.py:532} INFO - Filling up the DagBag from /home/vladimir/.local/lib/python3.10/site-packages/airflow/example_dags/example_task_group_decorator.py
[2023-04-23T03:18:19.307+0300] {processor.py:753} INFO - DAG(s) dict_keys(['example_task_group_decorator']) retrieved from /home/vladimir/.local/lib/python3.10/site-packages/airflow/example_dags/example_task_group_decorator.py
[2023-04-23T03:18:19.322+0300] {logging_mixin.py:137} INFO - [2023-04-23T03:18:19.322+0300] {dag.py:2705} INFO - Sync 1 DAGs
[2023-04-23T03:18:19.334+0300] {logging_mixin.py:137} INFO - [2023-04-23T03:18:19.334+0300] {dag.py:3452} INFO - Setting next_dagrun for example_task_group_decorator to 2023-04-22T00:18:19.334376+00:00, run_after=2023-04-23T00:18:19.334376+00:00
[2023-04-23T03:18:19.346+0300] {processor.py:175} INFO - Processing /home/vladimir/.local/lib/python3.10/site-packages/airflow/example_dags/example_task_group_decorator.py took 0.063 seconds
[2023-04-23T03:18:59.069+0300] {processor.py:153} INFO - Started process (PID=7504) to work on /home/vladimir/.local/lib/python3.10/site-packages/airflow/example_dags/example_task_group_decorator.py
[2023-04-23T03:18:59.070+0300] {processor.py:743} INFO - Processing file /home/vladimir/.local/lib/python3.10/site-packages/airflow/example_dags/example_task_group_decorator.py for tasks to queue
[2023-04-23T03:18:59.071+0300] {logging_mixin.py:137} INFO - [2023-04-23T03:18:59.071+0300] {dagbag.py:532} INFO - Filling up the DagBag from /home/vladimir/.local/lib/python3.10/site-packages/airflow/example_dags/example_task_group_decorator.py
[2023-04-23T03:18:59.090+0300] {processor.py:753} INFO - DAG(s) dict_keys(['example_task_group_decorator']) retrieved from /home/vladimir/.local/lib/python3.10/site-packages/airflow/example_dags/example_task_group_decorator.py
[2023-04-23T03:18:59.105+0300] {logging_mixin.py:137} INFO - [2023-04-23T03:18:59.105+0300] {dag.py:2705} INFO - Sync 1 DAGs
[2023-04-23T03:18:59.117+0300] {logging_mixin.py:137} INFO - [2023-04-23T03:18:59.117+0300] {dag.py:3452} INFO - Setting next_dagrun for example_task_group_decorator to 2023-04-22T00:18:59.117367+00:00, run_after=2023-04-23T00:18:59.117367+00:00
[2023-04-23T03:18:59.128+0300] {processor.py:175} INFO - Processing /home/vladimir/.local/lib/python3.10/site-packages/airflow/example_dags/example_task_group_decorator.py took 0.060 seconds
[2023-04-23T03:19:40.321+0300] {processor.py:153} INFO - Started process (PID=7600) to work on /home/vladimir/.local/lib/python3.10/site-packages/airflow/example_dags/example_task_group_decorator.py
[2023-04-23T03:19:40.323+0300] {processor.py:743} INFO - Processing file /home/vladimir/.local/lib/python3.10/site-packages/airflow/example_dags/example_task_group_decorator.py for tasks to queue
[2023-04-23T03:19:40.325+0300] {logging_mixin.py:137} INFO - [2023-04-23T03:19:40.325+0300] {dagbag.py:532} INFO - Filling up the DagBag from /home/vladimir/.local/lib/python3.10/site-packages/airflow/example_dags/example_task_group_decorator.py
[2023-04-23T03:19:40.350+0300] {processor.py:753} INFO - DAG(s) dict_keys(['example_task_group_decorator']) retrieved from /home/vladimir/.local/lib/python3.10/site-packages/airflow/example_dags/example_task_group_decorator.py
[2023-04-23T03:19:40.456+0300] {logging_mixin.py:137} INFO - [2023-04-23T03:19:40.456+0300] {dag.py:2705} INFO - Sync 1 DAGs
[2023-04-23T03:19:40.519+0300] {logging_mixin.py:137} INFO - [2023-04-23T03:19:40.519+0300] {dag.py:3452} INFO - Setting next_dagrun for example_task_group_decorator to 2023-04-22T00:19:40.519319+00:00, run_after=2023-04-23T00:19:40.519319+00:00
[2023-04-23T03:19:40.549+0300] {processor.py:175} INFO - Processing /home/vladimir/.local/lib/python3.10/site-packages/airflow/example_dags/example_task_group_decorator.py took 0.230 seconds
[2023-04-23T03:20:31.404+0300] {processor.py:153} INFO - Started process (PID=7851) to work on /home/vladimir/.local/lib/python3.10/site-packages/airflow/example_dags/example_task_group_decorator.py
[2023-04-23T03:20:31.405+0300] {processor.py:743} INFO - Processing file /home/vladimir/.local/lib/python3.10/site-packages/airflow/example_dags/example_task_group_decorator.py for tasks to queue
[2023-04-23T03:20:31.405+0300] {logging_mixin.py:137} INFO - [2023-04-23T03:20:31.405+0300] {dagbag.py:532} INFO - Filling up the DagBag from /home/vladimir/.local/lib/python3.10/site-packages/airflow/example_dags/example_task_group_decorator.py
[2023-04-23T03:20:31.426+0300] {processor.py:753} INFO - DAG(s) dict_keys(['example_task_group_decorator']) retrieved from /home/vladimir/.local/lib/python3.10/site-packages/airflow/example_dags/example_task_group_decorator.py
[2023-04-23T03:20:31.441+0300] {logging_mixin.py:137} INFO - [2023-04-23T03:20:31.441+0300] {dag.py:2705} INFO - Sync 1 DAGs
[2023-04-23T03:20:31.459+0300] {logging_mixin.py:137} INFO - [2023-04-23T03:20:31.459+0300] {dag.py:3452} INFO - Setting next_dagrun for example_task_group_decorator to 2023-04-22T00:20:31.458926+00:00, run_after=2023-04-23T00:20:31.458926+00:00
[2023-04-23T03:20:31.472+0300] {processor.py:175} INFO - Processing /home/vladimir/.local/lib/python3.10/site-packages/airflow/example_dags/example_task_group_decorator.py took 0.071 seconds
[2023-04-23T03:21:14.768+0300] {processor.py:153} INFO - Started process (PID=7936) to work on /home/vladimir/.local/lib/python3.10/site-packages/airflow/example_dags/example_task_group_decorator.py
[2023-04-23T03:21:14.769+0300] {processor.py:743} INFO - Processing file /home/vladimir/.local/lib/python3.10/site-packages/airflow/example_dags/example_task_group_decorator.py for tasks to queue
[2023-04-23T03:21:14.770+0300] {logging_mixin.py:137} INFO - [2023-04-23T03:21:14.770+0300] {dagbag.py:532} INFO - Filling up the DagBag from /home/vladimir/.local/lib/python3.10/site-packages/airflow/example_dags/example_task_group_decorator.py
[2023-04-23T03:21:14.796+0300] {processor.py:753} INFO - DAG(s) dict_keys(['example_task_group_decorator']) retrieved from /home/vladimir/.local/lib/python3.10/site-packages/airflow/example_dags/example_task_group_decorator.py
[2023-04-23T03:21:14.814+0300] {logging_mixin.py:137} INFO - [2023-04-23T03:21:14.813+0300] {dag.py:2705} INFO - Sync 1 DAGs
[2023-04-23T03:21:14.828+0300] {logging_mixin.py:137} INFO - [2023-04-23T03:21:14.828+0300] {dag.py:3452} INFO - Setting next_dagrun for example_task_group_decorator to 2023-04-22T00:21:14.828672+00:00, run_after=2023-04-23T00:21:14.828672+00:00
[2023-04-23T03:21:14.841+0300] {processor.py:175} INFO - Processing /home/vladimir/.local/lib/python3.10/site-packages/airflow/example_dags/example_task_group_decorator.py took 0.076 seconds
