[2023-04-23T03:12:50.004+0300] {processor.py:153} INFO - Started process (PID=6963) to work on /home/vladimir/.local/lib/python3.10/site-packages/airflow/example_dags/example_python_operator.py
[2023-04-23T03:12:50.004+0300] {processor.py:743} INFO - Processing file /home/vladimir/.local/lib/python3.10/site-packages/airflow/example_dags/example_python_operator.py for tasks to queue
[2023-04-23T03:12:50.005+0300] {logging_mixin.py:137} INFO - [2023-04-23T03:12:50.005+0300] {dagbag.py:532} INFO - Filling up the DagBag from /home/vladimir/.local/lib/python3.10/site-packages/airflow/example_dags/example_python_operator.py
[2023-04-23T03:12:50.018+0300] {logging_mixin.py:137} INFO - [2023-04-23T03:12:50.018+0300] {taskmixin.py:211} WARNING - Dependency <Task(_PythonDecoratedOperator): print_the_context>, log_sql_query already registered for DAG: example_python_operator
[2023-04-23T03:12:50.018+0300] {logging_mixin.py:137} INFO - [2023-04-23T03:12:50.018+0300] {taskmixin.py:211} WARNING - Dependency <Task(_PythonDecoratedOperator): log_sql_query>, print_the_context already registered for DAG: example_python_operator
[2023-04-23T03:12:50.019+0300] {logging_mixin.py:137} INFO - [2023-04-23T03:12:50.018+0300] {taskmixin.py:211} WARNING - Dependency <Task(_PythonDecoratedOperator): print_the_context>, log_sql_query already registered for DAG: example_python_operator
[2023-04-23T03:12:50.019+0300] {logging_mixin.py:137} INFO - [2023-04-23T03:12:50.019+0300] {taskmixin.py:211} WARNING - Dependency <Task(_PythonDecoratedOperator): log_sql_query>, print_the_context already registered for DAG: example_python_operator
[2023-04-23T03:12:50.019+0300] {logging_mixin.py:137} INFO - [2023-04-23T03:12:50.019+0300] {taskmixin.py:211} WARNING - Dependency <Task(_PythonDecoratedOperator): print_the_context>, log_sql_query already registered for DAG: example_python_operator
[2023-04-23T03:12:50.020+0300] {logging_mixin.py:137} INFO - [2023-04-23T03:12:50.020+0300] {taskmixin.py:211} WARNING - Dependency <Task(_PythonDecoratedOperator): log_sql_query>, print_the_context already registered for DAG: example_python_operator
[2023-04-23T03:12:50.020+0300] {logging_mixin.py:137} INFO - [2023-04-23T03:12:50.020+0300] {taskmixin.py:211} WARNING - Dependency <Task(_PythonDecoratedOperator): print_the_context>, log_sql_query already registered for DAG: example_python_operator
[2023-04-23T03:12:50.020+0300] {logging_mixin.py:137} INFO - [2023-04-23T03:12:50.020+0300] {taskmixin.py:211} WARNING - Dependency <Task(_PythonDecoratedOperator): log_sql_query>, print_the_context already registered for DAG: example_python_operator
[2023-04-23T03:12:50.020+0300] {logging_mixin.py:137} INFO - [2023-04-23T03:12:50.020+0300] {example_python_operator.py:90} WARNING - The virtalenv_python example task requires virtualenv, please install it.
[2023-04-23T03:12:50.024+0300] {processor.py:753} INFO - DAG(s) dict_keys(['example_python_operator']) retrieved from /home/vladimir/.local/lib/python3.10/site-packages/airflow/example_dags/example_python_operator.py
[2023-04-23T03:12:50.039+0300] {logging_mixin.py:137} INFO - [2023-04-23T03:12:50.038+0300] {dag.py:2705} INFO - Sync 1 DAGs
[2023-04-23T03:12:50.052+0300] {logging_mixin.py:137} INFO - [2023-04-23T03:12:50.052+0300] {dag.py:3452} INFO - Setting next_dagrun for example_python_operator to None, run_after=None
[2023-04-23T03:12:50.064+0300] {processor.py:175} INFO - Processing /home/vladimir/.local/lib/python3.10/site-packages/airflow/example_dags/example_python_operator.py took 0.063 seconds
[2023-04-23T03:13:31.080+0300] {processor.py:153} INFO - Started process (PID=7024) to work on /home/vladimir/.local/lib/python3.10/site-packages/airflow/example_dags/example_python_operator.py
[2023-04-23T03:13:31.081+0300] {processor.py:743} INFO - Processing file /home/vladimir/.local/lib/python3.10/site-packages/airflow/example_dags/example_python_operator.py for tasks to queue
[2023-04-23T03:13:31.081+0300] {logging_mixin.py:137} INFO - [2023-04-23T03:13:31.081+0300] {dagbag.py:532} INFO - Filling up the DagBag from /home/vladimir/.local/lib/python3.10/site-packages/airflow/example_dags/example_python_operator.py
[2023-04-23T03:13:31.094+0300] {logging_mixin.py:137} INFO - [2023-04-23T03:13:31.094+0300] {taskmixin.py:211} WARNING - Dependency <Task(_PythonDecoratedOperator): print_the_context>, log_sql_query already registered for DAG: example_python_operator
[2023-04-23T03:13:31.094+0300] {logging_mixin.py:137} INFO - [2023-04-23T03:13:31.094+0300] {taskmixin.py:211} WARNING - Dependency <Task(_PythonDecoratedOperator): log_sql_query>, print_the_context already registered for DAG: example_python_operator
[2023-04-23T03:13:31.095+0300] {logging_mixin.py:137} INFO - [2023-04-23T03:13:31.095+0300] {taskmixin.py:211} WARNING - Dependency <Task(_PythonDecoratedOperator): print_the_context>, log_sql_query already registered for DAG: example_python_operator
[2023-04-23T03:13:31.095+0300] {logging_mixin.py:137} INFO - [2023-04-23T03:13:31.095+0300] {taskmixin.py:211} WARNING - Dependency <Task(_PythonDecoratedOperator): log_sql_query>, print_the_context already registered for DAG: example_python_operator
[2023-04-23T03:13:31.095+0300] {logging_mixin.py:137} INFO - [2023-04-23T03:13:31.095+0300] {taskmixin.py:211} WARNING - Dependency <Task(_PythonDecoratedOperator): print_the_context>, log_sql_query already registered for DAG: example_python_operator
[2023-04-23T03:13:31.095+0300] {logging_mixin.py:137} INFO - [2023-04-23T03:13:31.095+0300] {taskmixin.py:211} WARNING - Dependency <Task(_PythonDecoratedOperator): log_sql_query>, print_the_context already registered for DAG: example_python_operator
[2023-04-23T03:13:31.096+0300] {logging_mixin.py:137} INFO - [2023-04-23T03:13:31.096+0300] {taskmixin.py:211} WARNING - Dependency <Task(_PythonDecoratedOperator): print_the_context>, log_sql_query already registered for DAG: example_python_operator
[2023-04-23T03:13:31.096+0300] {logging_mixin.py:137} INFO - [2023-04-23T03:13:31.096+0300] {taskmixin.py:211} WARNING - Dependency <Task(_PythonDecoratedOperator): log_sql_query>, print_the_context already registered for DAG: example_python_operator
[2023-04-23T03:13:31.096+0300] {logging_mixin.py:137} INFO - [2023-04-23T03:13:31.096+0300] {example_python_operator.py:90} WARNING - The virtalenv_python example task requires virtualenv, please install it.
[2023-04-23T03:13:31.099+0300] {processor.py:753} INFO - DAG(s) dict_keys(['example_python_operator']) retrieved from /home/vladimir/.local/lib/python3.10/site-packages/airflow/example_dags/example_python_operator.py
[2023-04-23T03:13:31.113+0300] {logging_mixin.py:137} INFO - [2023-04-23T03:13:31.113+0300] {dag.py:2705} INFO - Sync 1 DAGs
[2023-04-23T03:13:31.125+0300] {logging_mixin.py:137} INFO - [2023-04-23T03:13:31.125+0300] {dag.py:3452} INFO - Setting next_dagrun for example_python_operator to None, run_after=None
[2023-04-23T03:13:31.138+0300] {processor.py:175} INFO - Processing /home/vladimir/.local/lib/python3.10/site-packages/airflow/example_dags/example_python_operator.py took 0.061 seconds
[2023-04-23T03:14:11.243+0300] {processor.py:153} INFO - Started process (PID=7081) to work on /home/vladimir/.local/lib/python3.10/site-packages/airflow/example_dags/example_python_operator.py
[2023-04-23T03:14:11.244+0300] {processor.py:743} INFO - Processing file /home/vladimir/.local/lib/python3.10/site-packages/airflow/example_dags/example_python_operator.py for tasks to queue
[2023-04-23T03:14:11.244+0300] {logging_mixin.py:137} INFO - [2023-04-23T03:14:11.244+0300] {dagbag.py:532} INFO - Filling up the DagBag from /home/vladimir/.local/lib/python3.10/site-packages/airflow/example_dags/example_python_operator.py
[2023-04-23T03:14:11.259+0300] {logging_mixin.py:137} INFO - [2023-04-23T03:14:11.258+0300] {taskmixin.py:211} WARNING - Dependency <Task(_PythonDecoratedOperator): print_the_context>, log_sql_query already registered for DAG: example_python_operator
[2023-04-23T03:14:11.259+0300] {logging_mixin.py:137} INFO - [2023-04-23T03:14:11.259+0300] {taskmixin.py:211} WARNING - Dependency <Task(_PythonDecoratedOperator): log_sql_query>, print_the_context already registered for DAG: example_python_operator
[2023-04-23T03:14:11.260+0300] {logging_mixin.py:137} INFO - [2023-04-23T03:14:11.260+0300] {taskmixin.py:211} WARNING - Dependency <Task(_PythonDecoratedOperator): print_the_context>, log_sql_query already registered for DAG: example_python_operator
[2023-04-23T03:14:11.260+0300] {logging_mixin.py:137} INFO - [2023-04-23T03:14:11.260+0300] {taskmixin.py:211} WARNING - Dependency <Task(_PythonDecoratedOperator): log_sql_query>, print_the_context already registered for DAG: example_python_operator
[2023-04-23T03:14:11.260+0300] {logging_mixin.py:137} INFO - [2023-04-23T03:14:11.260+0300] {taskmixin.py:211} WARNING - Dependency <Task(_PythonDecoratedOperator): print_the_context>, log_sql_query already registered for DAG: example_python_operator
[2023-04-23T03:14:11.260+0300] {logging_mixin.py:137} INFO - [2023-04-23T03:14:11.260+0300] {taskmixin.py:211} WARNING - Dependency <Task(_PythonDecoratedOperator): log_sql_query>, print_the_context already registered for DAG: example_python_operator
[2023-04-23T03:14:11.261+0300] {logging_mixin.py:137} INFO - [2023-04-23T03:14:11.260+0300] {taskmixin.py:211} WARNING - Dependency <Task(_PythonDecoratedOperator): print_the_context>, log_sql_query already registered for DAG: example_python_operator
[2023-04-23T03:14:11.261+0300] {logging_mixin.py:137} INFO - [2023-04-23T03:14:11.261+0300] {taskmixin.py:211} WARNING - Dependency <Task(_PythonDecoratedOperator): log_sql_query>, print_the_context already registered for DAG: example_python_operator
[2023-04-23T03:14:11.261+0300] {logging_mixin.py:137} INFO - [2023-04-23T03:14:11.261+0300] {example_python_operator.py:90} WARNING - The virtalenv_python example task requires virtualenv, please install it.
[2023-04-23T03:14:11.264+0300] {processor.py:753} INFO - DAG(s) dict_keys(['example_python_operator']) retrieved from /home/vladimir/.local/lib/python3.10/site-packages/airflow/example_dags/example_python_operator.py
[2023-04-23T03:14:11.281+0300] {logging_mixin.py:137} INFO - [2023-04-23T03:14:11.281+0300] {dag.py:2705} INFO - Sync 1 DAGs
[2023-04-23T03:14:11.293+0300] {logging_mixin.py:137} INFO - [2023-04-23T03:14:11.293+0300] {dag.py:3452} INFO - Setting next_dagrun for example_python_operator to None, run_after=None
[2023-04-23T03:14:11.304+0300] {processor.py:175} INFO - Processing /home/vladimir/.local/lib/python3.10/site-packages/airflow/example_dags/example_python_operator.py took 0.064 seconds
[2023-04-23T03:14:52.222+0300] {processor.py:153} INFO - Started process (PID=7174) to work on /home/vladimir/.local/lib/python3.10/site-packages/airflow/example_dags/example_python_operator.py
[2023-04-23T03:14:52.223+0300] {processor.py:743} INFO - Processing file /home/vladimir/.local/lib/python3.10/site-packages/airflow/example_dags/example_python_operator.py for tasks to queue
[2023-04-23T03:14:52.224+0300] {logging_mixin.py:137} INFO - [2023-04-23T03:14:52.224+0300] {dagbag.py:532} INFO - Filling up the DagBag from /home/vladimir/.local/lib/python3.10/site-packages/airflow/example_dags/example_python_operator.py
[2023-04-23T03:14:52.237+0300] {logging_mixin.py:137} INFO - [2023-04-23T03:14:52.237+0300] {taskmixin.py:211} WARNING - Dependency <Task(_PythonDecoratedOperator): print_the_context>, log_sql_query already registered for DAG: example_python_operator
[2023-04-23T03:14:52.237+0300] {logging_mixin.py:137} INFO - [2023-04-23T03:14:52.237+0300] {taskmixin.py:211} WARNING - Dependency <Task(_PythonDecoratedOperator): log_sql_query>, print_the_context already registered for DAG: example_python_operator
[2023-04-23T03:14:52.238+0300] {logging_mixin.py:137} INFO - [2023-04-23T03:14:52.237+0300] {taskmixin.py:211} WARNING - Dependency <Task(_PythonDecoratedOperator): print_the_context>, log_sql_query already registered for DAG: example_python_operator
[2023-04-23T03:14:52.238+0300] {logging_mixin.py:137} INFO - [2023-04-23T03:14:52.238+0300] {taskmixin.py:211} WARNING - Dependency <Task(_PythonDecoratedOperator): log_sql_query>, print_the_context already registered for DAG: example_python_operator
[2023-04-23T03:14:52.238+0300] {logging_mixin.py:137} INFO - [2023-04-23T03:14:52.238+0300] {taskmixin.py:211} WARNING - Dependency <Task(_PythonDecoratedOperator): print_the_context>, log_sql_query already registered for DAG: example_python_operator
[2023-04-23T03:14:52.238+0300] {logging_mixin.py:137} INFO - [2023-04-23T03:14:52.238+0300] {taskmixin.py:211} WARNING - Dependency <Task(_PythonDecoratedOperator): log_sql_query>, print_the_context already registered for DAG: example_python_operator
[2023-04-23T03:14:52.238+0300] {logging_mixin.py:137} INFO - [2023-04-23T03:14:52.238+0300] {taskmixin.py:211} WARNING - Dependency <Task(_PythonDecoratedOperator): print_the_context>, log_sql_query already registered for DAG: example_python_operator
[2023-04-23T03:14:52.239+0300] {logging_mixin.py:137} INFO - [2023-04-23T03:14:52.238+0300] {taskmixin.py:211} WARNING - Dependency <Task(_PythonDecoratedOperator): log_sql_query>, print_the_context already registered for DAG: example_python_operator
[2023-04-23T03:14:52.239+0300] {logging_mixin.py:137} INFO - [2023-04-23T03:14:52.239+0300] {example_python_operator.py:90} WARNING - The virtalenv_python example task requires virtualenv, please install it.
[2023-04-23T03:14:52.242+0300] {processor.py:753} INFO - DAG(s) dict_keys(['example_python_operator']) retrieved from /home/vladimir/.local/lib/python3.10/site-packages/airflow/example_dags/example_python_operator.py
[2023-04-23T03:14:52.257+0300] {logging_mixin.py:137} INFO - [2023-04-23T03:14:52.257+0300] {dag.py:2705} INFO - Sync 1 DAGs
[2023-04-23T03:14:52.269+0300] {logging_mixin.py:137} INFO - [2023-04-23T03:14:52.269+0300] {dag.py:3452} INFO - Setting next_dagrun for example_python_operator to None, run_after=None
[2023-04-23T03:14:52.282+0300] {processor.py:175} INFO - Processing /home/vladimir/.local/lib/python3.10/site-packages/airflow/example_dags/example_python_operator.py took 0.062 seconds
[2023-04-23T03:15:33.399+0300] {processor.py:153} INFO - Started process (PID=7227) to work on /home/vladimir/.local/lib/python3.10/site-packages/airflow/example_dags/example_python_operator.py
[2023-04-23T03:15:33.400+0300] {processor.py:743} INFO - Processing file /home/vladimir/.local/lib/python3.10/site-packages/airflow/example_dags/example_python_operator.py for tasks to queue
[2023-04-23T03:15:33.400+0300] {logging_mixin.py:137} INFO - [2023-04-23T03:15:33.400+0300] {dagbag.py:532} INFO - Filling up the DagBag from /home/vladimir/.local/lib/python3.10/site-packages/airflow/example_dags/example_python_operator.py
[2023-04-23T03:15:33.413+0300] {logging_mixin.py:137} INFO - [2023-04-23T03:15:33.413+0300] {taskmixin.py:211} WARNING - Dependency <Task(_PythonDecoratedOperator): print_the_context>, log_sql_query already registered for DAG: example_python_operator
[2023-04-23T03:15:33.413+0300] {logging_mixin.py:137} INFO - [2023-04-23T03:15:33.413+0300] {taskmixin.py:211} WARNING - Dependency <Task(_PythonDecoratedOperator): log_sql_query>, print_the_context already registered for DAG: example_python_operator
[2023-04-23T03:15:33.414+0300] {logging_mixin.py:137} INFO - [2023-04-23T03:15:33.413+0300] {taskmixin.py:211} WARNING - Dependency <Task(_PythonDecoratedOperator): print_the_context>, log_sql_query already registered for DAG: example_python_operator
[2023-04-23T03:15:33.414+0300] {logging_mixin.py:137} INFO - [2023-04-23T03:15:33.414+0300] {taskmixin.py:211} WARNING - Dependency <Task(_PythonDecoratedOperator): log_sql_query>, print_the_context already registered for DAG: example_python_operator
[2023-04-23T03:15:33.415+0300] {logging_mixin.py:137} INFO - [2023-04-23T03:15:33.415+0300] {taskmixin.py:211} WARNING - Dependency <Task(_PythonDecoratedOperator): print_the_context>, log_sql_query already registered for DAG: example_python_operator
[2023-04-23T03:15:33.415+0300] {logging_mixin.py:137} INFO - [2023-04-23T03:15:33.415+0300] {taskmixin.py:211} WARNING - Dependency <Task(_PythonDecoratedOperator): log_sql_query>, print_the_context already registered for DAG: example_python_operator
[2023-04-23T03:15:33.416+0300] {logging_mixin.py:137} INFO - [2023-04-23T03:15:33.416+0300] {taskmixin.py:211} WARNING - Dependency <Task(_PythonDecoratedOperator): print_the_context>, log_sql_query already registered for DAG: example_python_operator
[2023-04-23T03:15:33.416+0300] {logging_mixin.py:137} INFO - [2023-04-23T03:15:33.416+0300] {taskmixin.py:211} WARNING - Dependency <Task(_PythonDecoratedOperator): log_sql_query>, print_the_context already registered for DAG: example_python_operator
[2023-04-23T03:15:33.416+0300] {logging_mixin.py:137} INFO - [2023-04-23T03:15:33.416+0300] {example_python_operator.py:90} WARNING - The virtalenv_python example task requires virtualenv, please install it.
[2023-04-23T03:15:33.419+0300] {processor.py:753} INFO - DAG(s) dict_keys(['example_python_operator']) retrieved from /home/vladimir/.local/lib/python3.10/site-packages/airflow/example_dags/example_python_operator.py
[2023-04-23T03:15:33.435+0300] {logging_mixin.py:137} INFO - [2023-04-23T03:15:33.435+0300] {dag.py:2705} INFO - Sync 1 DAGs
[2023-04-23T03:15:33.449+0300] {logging_mixin.py:137} INFO - [2023-04-23T03:15:33.449+0300] {dag.py:3452} INFO - Setting next_dagrun for example_python_operator to None, run_after=None
[2023-04-23T03:15:33.463+0300] {processor.py:175} INFO - Processing /home/vladimir/.local/lib/python3.10/site-packages/airflow/example_dags/example_python_operator.py took 0.067 seconds
[2023-04-23T03:16:13.352+0300] {processor.py:153} INFO - Started process (PID=7282) to work on /home/vladimir/.local/lib/python3.10/site-packages/airflow/example_dags/example_python_operator.py
[2023-04-23T03:16:13.353+0300] {processor.py:743} INFO - Processing file /home/vladimir/.local/lib/python3.10/site-packages/airflow/example_dags/example_python_operator.py for tasks to queue
[2023-04-23T03:16:13.354+0300] {logging_mixin.py:137} INFO - [2023-04-23T03:16:13.353+0300] {dagbag.py:532} INFO - Filling up the DagBag from /home/vladimir/.local/lib/python3.10/site-packages/airflow/example_dags/example_python_operator.py
[2023-04-23T03:16:13.366+0300] {logging_mixin.py:137} INFO - [2023-04-23T03:16:13.366+0300] {taskmixin.py:211} WARNING - Dependency <Task(_PythonDecoratedOperator): print_the_context>, log_sql_query already registered for DAG: example_python_operator
[2023-04-23T03:16:13.366+0300] {logging_mixin.py:137} INFO - [2023-04-23T03:16:13.366+0300] {taskmixin.py:211} WARNING - Dependency <Task(_PythonDecoratedOperator): log_sql_query>, print_the_context already registered for DAG: example_python_operator
[2023-04-23T03:16:13.367+0300] {logging_mixin.py:137} INFO - [2023-04-23T03:16:13.367+0300] {taskmixin.py:211} WARNING - Dependency <Task(_PythonDecoratedOperator): print_the_context>, log_sql_query already registered for DAG: example_python_operator
[2023-04-23T03:16:13.367+0300] {logging_mixin.py:137} INFO - [2023-04-23T03:16:13.367+0300] {taskmixin.py:211} WARNING - Dependency <Task(_PythonDecoratedOperator): log_sql_query>, print_the_context already registered for DAG: example_python_operator
[2023-04-23T03:16:13.367+0300] {logging_mixin.py:137} INFO - [2023-04-23T03:16:13.367+0300] {taskmixin.py:211} WARNING - Dependency <Task(_PythonDecoratedOperator): print_the_context>, log_sql_query already registered for DAG: example_python_operator
[2023-04-23T03:16:13.367+0300] {logging_mixin.py:137} INFO - [2023-04-23T03:16:13.367+0300] {taskmixin.py:211} WARNING - Dependency <Task(_PythonDecoratedOperator): log_sql_query>, print_the_context already registered for DAG: example_python_operator
[2023-04-23T03:16:13.368+0300] {logging_mixin.py:137} INFO - [2023-04-23T03:16:13.368+0300] {taskmixin.py:211} WARNING - Dependency <Task(_PythonDecoratedOperator): print_the_context>, log_sql_query already registered for DAG: example_python_operator
[2023-04-23T03:16:13.368+0300] {logging_mixin.py:137} INFO - [2023-04-23T03:16:13.368+0300] {taskmixin.py:211} WARNING - Dependency <Task(_PythonDecoratedOperator): log_sql_query>, print_the_context already registered for DAG: example_python_operator
[2023-04-23T03:16:13.368+0300] {logging_mixin.py:137} INFO - [2023-04-23T03:16:13.368+0300] {example_python_operator.py:90} WARNING - The virtalenv_python example task requires virtualenv, please install it.
[2023-04-23T03:16:13.371+0300] {processor.py:753} INFO - DAG(s) dict_keys(['example_python_operator']) retrieved from /home/vladimir/.local/lib/python3.10/site-packages/airflow/example_dags/example_python_operator.py
[2023-04-23T03:16:13.385+0300] {logging_mixin.py:137} INFO - [2023-04-23T03:16:13.385+0300] {dag.py:2705} INFO - Sync 1 DAGs
[2023-04-23T03:16:13.397+0300] {logging_mixin.py:137} INFO - [2023-04-23T03:16:13.397+0300] {dag.py:3452} INFO - Setting next_dagrun for example_python_operator to None, run_after=None
[2023-04-23T03:16:13.410+0300] {processor.py:175} INFO - Processing /home/vladimir/.local/lib/python3.10/site-packages/airflow/example_dags/example_python_operator.py took 0.060 seconds
[2023-04-23T03:16:52.183+0300] {processor.py:153} INFO - Started process (PID=7358) to work on /home/vladimir/.local/lib/python3.10/site-packages/airflow/example_dags/example_python_operator.py
[2023-04-23T03:16:52.183+0300] {processor.py:743} INFO - Processing file /home/vladimir/.local/lib/python3.10/site-packages/airflow/example_dags/example_python_operator.py for tasks to queue
[2023-04-23T03:16:52.184+0300] {logging_mixin.py:137} INFO - [2023-04-23T03:16:52.184+0300] {dagbag.py:532} INFO - Filling up the DagBag from /home/vladimir/.local/lib/python3.10/site-packages/airflow/example_dags/example_python_operator.py
[2023-04-23T03:16:52.196+0300] {logging_mixin.py:137} INFO - [2023-04-23T03:16:52.196+0300] {taskmixin.py:211} WARNING - Dependency <Task(_PythonDecoratedOperator): print_the_context>, log_sql_query already registered for DAG: example_python_operator
[2023-04-23T03:16:52.196+0300] {logging_mixin.py:137} INFO - [2023-04-23T03:16:52.196+0300] {taskmixin.py:211} WARNING - Dependency <Task(_PythonDecoratedOperator): log_sql_query>, print_the_context already registered for DAG: example_python_operator
[2023-04-23T03:16:52.197+0300] {logging_mixin.py:137} INFO - [2023-04-23T03:16:52.197+0300] {taskmixin.py:211} WARNING - Dependency <Task(_PythonDecoratedOperator): print_the_context>, log_sql_query already registered for DAG: example_python_operator
[2023-04-23T03:16:52.197+0300] {logging_mixin.py:137} INFO - [2023-04-23T03:16:52.197+0300] {taskmixin.py:211} WARNING - Dependency <Task(_PythonDecoratedOperator): log_sql_query>, print_the_context already registered for DAG: example_python_operator
[2023-04-23T03:16:52.197+0300] {logging_mixin.py:137} INFO - [2023-04-23T03:16:52.197+0300] {taskmixin.py:211} WARNING - Dependency <Task(_PythonDecoratedOperator): print_the_context>, log_sql_query already registered for DAG: example_python_operator
[2023-04-23T03:16:52.197+0300] {logging_mixin.py:137} INFO - [2023-04-23T03:16:52.197+0300] {taskmixin.py:211} WARNING - Dependency <Task(_PythonDecoratedOperator): log_sql_query>, print_the_context already registered for DAG: example_python_operator
[2023-04-23T03:16:52.197+0300] {logging_mixin.py:137} INFO - [2023-04-23T03:16:52.197+0300] {taskmixin.py:211} WARNING - Dependency <Task(_PythonDecoratedOperator): print_the_context>, log_sql_query already registered for DAG: example_python_operator
[2023-04-23T03:16:52.198+0300] {logging_mixin.py:137} INFO - [2023-04-23T03:16:52.198+0300] {taskmixin.py:211} WARNING - Dependency <Task(_PythonDecoratedOperator): log_sql_query>, print_the_context already registered for DAG: example_python_operator
[2023-04-23T03:16:52.198+0300] {logging_mixin.py:137} INFO - [2023-04-23T03:16:52.198+0300] {example_python_operator.py:90} WARNING - The virtalenv_python example task requires virtualenv, please install it.
[2023-04-23T03:16:52.201+0300] {processor.py:753} INFO - DAG(s) dict_keys(['example_python_operator']) retrieved from /home/vladimir/.local/lib/python3.10/site-packages/airflow/example_dags/example_python_operator.py
[2023-04-23T03:16:52.214+0300] {logging_mixin.py:137} INFO - [2023-04-23T03:16:52.214+0300] {dag.py:2705} INFO - Sync 1 DAGs
[2023-04-23T03:16:52.226+0300] {logging_mixin.py:137} INFO - [2023-04-23T03:16:52.225+0300] {dag.py:3452} INFO - Setting next_dagrun for example_python_operator to None, run_after=None
[2023-04-23T03:16:52.237+0300] {processor.py:175} INFO - Processing /home/vladimir/.local/lib/python3.10/site-packages/airflow/example_dags/example_python_operator.py took 0.057 seconds
[2023-04-23T03:17:33.283+0300] {processor.py:153} INFO - Started process (PID=7404) to work on /home/vladimir/.local/lib/python3.10/site-packages/airflow/example_dags/example_python_operator.py
[2023-04-23T03:17:33.284+0300] {processor.py:743} INFO - Processing file /home/vladimir/.local/lib/python3.10/site-packages/airflow/example_dags/example_python_operator.py for tasks to queue
[2023-04-23T03:17:33.284+0300] {logging_mixin.py:137} INFO - [2023-04-23T03:17:33.284+0300] {dagbag.py:532} INFO - Filling up the DagBag from /home/vladimir/.local/lib/python3.10/site-packages/airflow/example_dags/example_python_operator.py
[2023-04-23T03:17:33.296+0300] {logging_mixin.py:137} INFO - [2023-04-23T03:17:33.296+0300] {taskmixin.py:211} WARNING - Dependency <Task(_PythonDecoratedOperator): print_the_context>, log_sql_query already registered for DAG: example_python_operator
[2023-04-23T03:17:33.297+0300] {logging_mixin.py:137} INFO - [2023-04-23T03:17:33.296+0300] {taskmixin.py:211} WARNING - Dependency <Task(_PythonDecoratedOperator): log_sql_query>, print_the_context already registered for DAG: example_python_operator
[2023-04-23T03:17:33.297+0300] {logging_mixin.py:137} INFO - [2023-04-23T03:17:33.297+0300] {taskmixin.py:211} WARNING - Dependency <Task(_PythonDecoratedOperator): print_the_context>, log_sql_query already registered for DAG: example_python_operator
[2023-04-23T03:17:33.297+0300] {logging_mixin.py:137} INFO - [2023-04-23T03:17:33.297+0300] {taskmixin.py:211} WARNING - Dependency <Task(_PythonDecoratedOperator): log_sql_query>, print_the_context already registered for DAG: example_python_operator
[2023-04-23T03:17:33.297+0300] {logging_mixin.py:137} INFO - [2023-04-23T03:17:33.297+0300] {taskmixin.py:211} WARNING - Dependency <Task(_PythonDecoratedOperator): print_the_context>, log_sql_query already registered for DAG: example_python_operator
[2023-04-23T03:17:33.297+0300] {logging_mixin.py:137} INFO - [2023-04-23T03:17:33.297+0300] {taskmixin.py:211} WARNING - Dependency <Task(_PythonDecoratedOperator): log_sql_query>, print_the_context already registered for DAG: example_python_operator
[2023-04-23T03:17:33.298+0300] {logging_mixin.py:137} INFO - [2023-04-23T03:17:33.298+0300] {taskmixin.py:211} WARNING - Dependency <Task(_PythonDecoratedOperator): print_the_context>, log_sql_query already registered for DAG: example_python_operator
[2023-04-23T03:17:33.298+0300] {logging_mixin.py:137} INFO - [2023-04-23T03:17:33.298+0300] {taskmixin.py:211} WARNING - Dependency <Task(_PythonDecoratedOperator): log_sql_query>, print_the_context already registered for DAG: example_python_operator
[2023-04-23T03:17:33.298+0300] {logging_mixin.py:137} INFO - [2023-04-23T03:17:33.298+0300] {example_python_operator.py:90} WARNING - The virtalenv_python example task requires virtualenv, please install it.
[2023-04-23T03:17:33.301+0300] {processor.py:753} INFO - DAG(s) dict_keys(['example_python_operator']) retrieved from /home/vladimir/.local/lib/python3.10/site-packages/airflow/example_dags/example_python_operator.py
[2023-04-23T03:17:33.315+0300] {logging_mixin.py:137} INFO - [2023-04-23T03:17:33.314+0300] {dag.py:2705} INFO - Sync 1 DAGs
[2023-04-23T03:17:33.325+0300] {logging_mixin.py:137} INFO - [2023-04-23T03:17:33.325+0300] {dag.py:3452} INFO - Setting next_dagrun for example_python_operator to None, run_after=None
[2023-04-23T03:17:33.337+0300] {processor.py:175} INFO - Processing /home/vladimir/.local/lib/python3.10/site-packages/airflow/example_dags/example_python_operator.py took 0.056 seconds
[2023-04-23T03:18:10.568+0300] {processor.py:153} INFO - Started process (PID=7452) to work on /home/vladimir/.local/lib/python3.10/site-packages/airflow/example_dags/example_python_operator.py
[2023-04-23T03:18:10.568+0300] {processor.py:743} INFO - Processing file /home/vladimir/.local/lib/python3.10/site-packages/airflow/example_dags/example_python_operator.py for tasks to queue
[2023-04-23T03:18:10.569+0300] {logging_mixin.py:137} INFO - [2023-04-23T03:18:10.569+0300] {dagbag.py:532} INFO - Filling up the DagBag from /home/vladimir/.local/lib/python3.10/site-packages/airflow/example_dags/example_python_operator.py
[2023-04-23T03:18:10.581+0300] {logging_mixin.py:137} INFO - [2023-04-23T03:18:10.581+0300] {taskmixin.py:211} WARNING - Dependency <Task(_PythonDecoratedOperator): print_the_context>, log_sql_query already registered for DAG: example_python_operator
[2023-04-23T03:18:10.582+0300] {logging_mixin.py:137} INFO - [2023-04-23T03:18:10.582+0300] {taskmixin.py:211} WARNING - Dependency <Task(_PythonDecoratedOperator): log_sql_query>, print_the_context already registered for DAG: example_python_operator
[2023-04-23T03:18:10.582+0300] {logging_mixin.py:137} INFO - [2023-04-23T03:18:10.582+0300] {taskmixin.py:211} WARNING - Dependency <Task(_PythonDecoratedOperator): print_the_context>, log_sql_query already registered for DAG: example_python_operator
[2023-04-23T03:18:10.582+0300] {logging_mixin.py:137} INFO - [2023-04-23T03:18:10.582+0300] {taskmixin.py:211} WARNING - Dependency <Task(_PythonDecoratedOperator): log_sql_query>, print_the_context already registered for DAG: example_python_operator
[2023-04-23T03:18:10.582+0300] {logging_mixin.py:137} INFO - [2023-04-23T03:18:10.582+0300] {taskmixin.py:211} WARNING - Dependency <Task(_PythonDecoratedOperator): print_the_context>, log_sql_query already registered for DAG: example_python_operator
[2023-04-23T03:18:10.582+0300] {logging_mixin.py:137} INFO - [2023-04-23T03:18:10.582+0300] {taskmixin.py:211} WARNING - Dependency <Task(_PythonDecoratedOperator): log_sql_query>, print_the_context already registered for DAG: example_python_operator
[2023-04-23T03:18:10.583+0300] {logging_mixin.py:137} INFO - [2023-04-23T03:18:10.583+0300] {taskmixin.py:211} WARNING - Dependency <Task(_PythonDecoratedOperator): print_the_context>, log_sql_query already registered for DAG: example_python_operator
[2023-04-23T03:18:10.583+0300] {logging_mixin.py:137} INFO - [2023-04-23T03:18:10.583+0300] {taskmixin.py:211} WARNING - Dependency <Task(_PythonDecoratedOperator): log_sql_query>, print_the_context already registered for DAG: example_python_operator
[2023-04-23T03:18:10.583+0300] {logging_mixin.py:137} INFO - [2023-04-23T03:18:10.583+0300] {example_python_operator.py:90} WARNING - The virtalenv_python example task requires virtualenv, please install it.
[2023-04-23T03:18:10.586+0300] {processor.py:753} INFO - DAG(s) dict_keys(['example_python_operator']) retrieved from /home/vladimir/.local/lib/python3.10/site-packages/airflow/example_dags/example_python_operator.py
[2023-04-23T03:18:10.600+0300] {logging_mixin.py:137} INFO - [2023-04-23T03:18:10.600+0300] {dag.py:2705} INFO - Sync 1 DAGs
[2023-04-23T03:18:10.619+0300] {logging_mixin.py:137} INFO - [2023-04-23T03:18:10.619+0300] {dag.py:3452} INFO - Setting next_dagrun for example_python_operator to None, run_after=None
[2023-04-23T03:18:10.631+0300] {processor.py:175} INFO - Processing /home/vladimir/.local/lib/python3.10/site-packages/airflow/example_dags/example_python_operator.py took 0.066 seconds
[2023-04-23T03:18:50.533+0300] {processor.py:153} INFO - Started process (PID=7495) to work on /home/vladimir/.local/lib/python3.10/site-packages/airflow/example_dags/example_python_operator.py
[2023-04-23T03:18:50.534+0300] {processor.py:743} INFO - Processing file /home/vladimir/.local/lib/python3.10/site-packages/airflow/example_dags/example_python_operator.py for tasks to queue
[2023-04-23T03:18:50.534+0300] {logging_mixin.py:137} INFO - [2023-04-23T03:18:50.534+0300] {dagbag.py:532} INFO - Filling up the DagBag from /home/vladimir/.local/lib/python3.10/site-packages/airflow/example_dags/example_python_operator.py
[2023-04-23T03:18:50.547+0300] {logging_mixin.py:137} INFO - [2023-04-23T03:18:50.547+0300] {taskmixin.py:211} WARNING - Dependency <Task(_PythonDecoratedOperator): print_the_context>, log_sql_query already registered for DAG: example_python_operator
[2023-04-23T03:18:50.547+0300] {logging_mixin.py:137} INFO - [2023-04-23T03:18:50.547+0300] {taskmixin.py:211} WARNING - Dependency <Task(_PythonDecoratedOperator): log_sql_query>, print_the_context already registered for DAG: example_python_operator
[2023-04-23T03:18:50.548+0300] {logging_mixin.py:137} INFO - [2023-04-23T03:18:50.548+0300] {taskmixin.py:211} WARNING - Dependency <Task(_PythonDecoratedOperator): print_the_context>, log_sql_query already registered for DAG: example_python_operator
[2023-04-23T03:18:50.548+0300] {logging_mixin.py:137} INFO - [2023-04-23T03:18:50.548+0300] {taskmixin.py:211} WARNING - Dependency <Task(_PythonDecoratedOperator): log_sql_query>, print_the_context already registered for DAG: example_python_operator
[2023-04-23T03:18:50.548+0300] {logging_mixin.py:137} INFO - [2023-04-23T03:18:50.548+0300] {taskmixin.py:211} WARNING - Dependency <Task(_PythonDecoratedOperator): print_the_context>, log_sql_query already registered for DAG: example_python_operator
[2023-04-23T03:18:50.548+0300] {logging_mixin.py:137} INFO - [2023-04-23T03:18:50.548+0300] {taskmixin.py:211} WARNING - Dependency <Task(_PythonDecoratedOperator): log_sql_query>, print_the_context already registered for DAG: example_python_operator
[2023-04-23T03:18:50.548+0300] {logging_mixin.py:137} INFO - [2023-04-23T03:18:50.548+0300] {taskmixin.py:211} WARNING - Dependency <Task(_PythonDecoratedOperator): print_the_context>, log_sql_query already registered for DAG: example_python_operator
[2023-04-23T03:18:50.549+0300] {logging_mixin.py:137} INFO - [2023-04-23T03:18:50.548+0300] {taskmixin.py:211} WARNING - Dependency <Task(_PythonDecoratedOperator): log_sql_query>, print_the_context already registered for DAG: example_python_operator
[2023-04-23T03:18:50.549+0300] {logging_mixin.py:137} INFO - [2023-04-23T03:18:50.549+0300] {example_python_operator.py:90} WARNING - The virtalenv_python example task requires virtualenv, please install it.
[2023-04-23T03:18:50.552+0300] {processor.py:753} INFO - DAG(s) dict_keys(['example_python_operator']) retrieved from /home/vladimir/.local/lib/python3.10/site-packages/airflow/example_dags/example_python_operator.py
[2023-04-23T03:18:50.565+0300] {logging_mixin.py:137} INFO - [2023-04-23T03:18:50.565+0300] {dag.py:2705} INFO - Sync 1 DAGs
[2023-04-23T03:18:50.576+0300] {logging_mixin.py:137} INFO - [2023-04-23T03:18:50.576+0300] {dag.py:3452} INFO - Setting next_dagrun for example_python_operator to None, run_after=None
[2023-04-23T03:18:50.588+0300] {processor.py:175} INFO - Processing /home/vladimir/.local/lib/python3.10/site-packages/airflow/example_dags/example_python_operator.py took 0.057 seconds
[2023-04-23T03:19:31.314+0300] {processor.py:153} INFO - Started process (PID=7544) to work on /home/vladimir/.local/lib/python3.10/site-packages/airflow/example_dags/example_python_operator.py
[2023-04-23T03:19:31.314+0300] {processor.py:743} INFO - Processing file /home/vladimir/.local/lib/python3.10/site-packages/airflow/example_dags/example_python_operator.py for tasks to queue
[2023-04-23T03:19:31.315+0300] {logging_mixin.py:137} INFO - [2023-04-23T03:19:31.315+0300] {dagbag.py:532} INFO - Filling up the DagBag from /home/vladimir/.local/lib/python3.10/site-packages/airflow/example_dags/example_python_operator.py
[2023-04-23T03:19:31.329+0300] {logging_mixin.py:137} INFO - [2023-04-23T03:19:31.329+0300] {taskmixin.py:211} WARNING - Dependency <Task(_PythonDecoratedOperator): print_the_context>, log_sql_query already registered for DAG: example_python_operator
[2023-04-23T03:19:31.329+0300] {logging_mixin.py:137} INFO - [2023-04-23T03:19:31.329+0300] {taskmixin.py:211} WARNING - Dependency <Task(_PythonDecoratedOperator): log_sql_query>, print_the_context already registered for DAG: example_python_operator
[2023-04-23T03:19:31.330+0300] {logging_mixin.py:137} INFO - [2023-04-23T03:19:31.330+0300] {taskmixin.py:211} WARNING - Dependency <Task(_PythonDecoratedOperator): print_the_context>, log_sql_query already registered for DAG: example_python_operator
[2023-04-23T03:19:31.330+0300] {logging_mixin.py:137} INFO - [2023-04-23T03:19:31.330+0300] {taskmixin.py:211} WARNING - Dependency <Task(_PythonDecoratedOperator): log_sql_query>, print_the_context already registered for DAG: example_python_operator
[2023-04-23T03:19:31.330+0300] {logging_mixin.py:137} INFO - [2023-04-23T03:19:31.330+0300] {taskmixin.py:211} WARNING - Dependency <Task(_PythonDecoratedOperator): print_the_context>, log_sql_query already registered for DAG: example_python_operator
[2023-04-23T03:19:31.330+0300] {logging_mixin.py:137} INFO - [2023-04-23T03:19:31.330+0300] {taskmixin.py:211} WARNING - Dependency <Task(_PythonDecoratedOperator): log_sql_query>, print_the_context already registered for DAG: example_python_operator
[2023-04-23T03:19:31.332+0300] {logging_mixin.py:137} INFO - [2023-04-23T03:19:31.332+0300] {taskmixin.py:211} WARNING - Dependency <Task(_PythonDecoratedOperator): print_the_context>, log_sql_query already registered for DAG: example_python_operator
[2023-04-23T03:19:31.332+0300] {logging_mixin.py:137} INFO - [2023-04-23T03:19:31.332+0300] {taskmixin.py:211} WARNING - Dependency <Task(_PythonDecoratedOperator): log_sql_query>, print_the_context already registered for DAG: example_python_operator
[2023-04-23T03:19:31.332+0300] {logging_mixin.py:137} INFO - [2023-04-23T03:19:31.332+0300] {example_python_operator.py:90} WARNING - The virtalenv_python example task requires virtualenv, please install it.
[2023-04-23T03:19:31.335+0300] {processor.py:753} INFO - DAG(s) dict_keys(['example_python_operator']) retrieved from /home/vladimir/.local/lib/python3.10/site-packages/airflow/example_dags/example_python_operator.py
[2023-04-23T03:19:31.355+0300] {logging_mixin.py:137} INFO - [2023-04-23T03:19:31.355+0300] {dag.py:2705} INFO - Sync 1 DAGs
[2023-04-23T03:19:31.368+0300] {logging_mixin.py:137} INFO - [2023-04-23T03:19:31.368+0300] {dag.py:3452} INFO - Setting next_dagrun for example_python_operator to None, run_after=None
[2023-04-23T03:19:31.386+0300] {processor.py:175} INFO - Processing /home/vladimir/.local/lib/python3.10/site-packages/airflow/example_dags/example_python_operator.py took 0.074 seconds
[2023-04-23T03:20:21.729+0300] {processor.py:153} INFO - Started process (PID=7842) to work on /home/vladimir/.local/lib/python3.10/site-packages/airflow/example_dags/example_python_operator.py
[2023-04-23T03:20:21.730+0300] {processor.py:743} INFO - Processing file /home/vladimir/.local/lib/python3.10/site-packages/airflow/example_dags/example_python_operator.py for tasks to queue
[2023-04-23T03:20:21.731+0300] {logging_mixin.py:137} INFO - [2023-04-23T03:20:21.731+0300] {dagbag.py:532} INFO - Filling up the DagBag from /home/vladimir/.local/lib/python3.10/site-packages/airflow/example_dags/example_python_operator.py
[2023-04-23T03:20:21.743+0300] {logging_mixin.py:137} INFO - [2023-04-23T03:20:21.743+0300] {taskmixin.py:211} WARNING - Dependency <Task(_PythonDecoratedOperator): print_the_context>, log_sql_query already registered for DAG: example_python_operator
[2023-04-23T03:20:21.743+0300] {logging_mixin.py:137} INFO - [2023-04-23T03:20:21.743+0300] {taskmixin.py:211} WARNING - Dependency <Task(_PythonDecoratedOperator): log_sql_query>, print_the_context already registered for DAG: example_python_operator
[2023-04-23T03:20:21.744+0300] {logging_mixin.py:137} INFO - [2023-04-23T03:20:21.744+0300] {taskmixin.py:211} WARNING - Dependency <Task(_PythonDecoratedOperator): print_the_context>, log_sql_query already registered for DAG: example_python_operator
[2023-04-23T03:20:21.744+0300] {logging_mixin.py:137} INFO - [2023-04-23T03:20:21.744+0300] {taskmixin.py:211} WARNING - Dependency <Task(_PythonDecoratedOperator): log_sql_query>, print_the_context already registered for DAG: example_python_operator
[2023-04-23T03:20:21.744+0300] {logging_mixin.py:137} INFO - [2023-04-23T03:20:21.744+0300] {taskmixin.py:211} WARNING - Dependency <Task(_PythonDecoratedOperator): print_the_context>, log_sql_query already registered for DAG: example_python_operator
[2023-04-23T03:20:21.745+0300] {logging_mixin.py:137} INFO - [2023-04-23T03:20:21.745+0300] {taskmixin.py:211} WARNING - Dependency <Task(_PythonDecoratedOperator): log_sql_query>, print_the_context already registered for DAG: example_python_operator
[2023-04-23T03:20:21.745+0300] {logging_mixin.py:137} INFO - [2023-04-23T03:20:21.745+0300] {taskmixin.py:211} WARNING - Dependency <Task(_PythonDecoratedOperator): print_the_context>, log_sql_query already registered for DAG: example_python_operator
[2023-04-23T03:20:21.745+0300] {logging_mixin.py:137} INFO - [2023-04-23T03:20:21.745+0300] {taskmixin.py:211} WARNING - Dependency <Task(_PythonDecoratedOperator): log_sql_query>, print_the_context already registered for DAG: example_python_operator
[2023-04-23T03:20:21.745+0300] {logging_mixin.py:137} INFO - [2023-04-23T03:20:21.745+0300] {example_python_operator.py:90} WARNING - The virtalenv_python example task requires virtualenv, please install it.
[2023-04-23T03:20:21.752+0300] {processor.py:753} INFO - DAG(s) dict_keys(['example_python_operator']) retrieved from /home/vladimir/.local/lib/python3.10/site-packages/airflow/example_dags/example_python_operator.py
[2023-04-23T03:20:21.771+0300] {logging_mixin.py:137} INFO - [2023-04-23T03:20:21.771+0300] {dag.py:2705} INFO - Sync 1 DAGs
[2023-04-23T03:20:21.787+0300] {logging_mixin.py:137} INFO - [2023-04-23T03:20:21.787+0300] {dag.py:3452} INFO - Setting next_dagrun for example_python_operator to None, run_after=None
[2023-04-23T03:20:21.803+0300] {processor.py:175} INFO - Processing /home/vladimir/.local/lib/python3.10/site-packages/airflow/example_dags/example_python_operator.py took 0.076 seconds
[2023-04-23T03:21:05.475+0300] {processor.py:153} INFO - Started process (PID=7917) to work on /home/vladimir/.local/lib/python3.10/site-packages/airflow/example_dags/example_python_operator.py
[2023-04-23T03:21:05.477+0300] {processor.py:743} INFO - Processing file /home/vladimir/.local/lib/python3.10/site-packages/airflow/example_dags/example_python_operator.py for tasks to queue
[2023-04-23T03:21:05.477+0300] {logging_mixin.py:137} INFO - [2023-04-23T03:21:05.477+0300] {dagbag.py:532} INFO - Filling up the DagBag from /home/vladimir/.local/lib/python3.10/site-packages/airflow/example_dags/example_python_operator.py
[2023-04-23T03:21:05.490+0300] {logging_mixin.py:137} INFO - [2023-04-23T03:21:05.490+0300] {taskmixin.py:211} WARNING - Dependency <Task(_PythonDecoratedOperator): print_the_context>, log_sql_query already registered for DAG: example_python_operator
[2023-04-23T03:21:05.491+0300] {logging_mixin.py:137} INFO - [2023-04-23T03:21:05.490+0300] {taskmixin.py:211} WARNING - Dependency <Task(_PythonDecoratedOperator): log_sql_query>, print_the_context already registered for DAG: example_python_operator
[2023-04-23T03:21:05.491+0300] {logging_mixin.py:137} INFO - [2023-04-23T03:21:05.491+0300] {taskmixin.py:211} WARNING - Dependency <Task(_PythonDecoratedOperator): print_the_context>, log_sql_query already registered for DAG: example_python_operator
[2023-04-23T03:21:05.491+0300] {logging_mixin.py:137} INFO - [2023-04-23T03:21:05.491+0300] {taskmixin.py:211} WARNING - Dependency <Task(_PythonDecoratedOperator): log_sql_query>, print_the_context already registered for DAG: example_python_operator
[2023-04-23T03:21:05.492+0300] {logging_mixin.py:137} INFO - [2023-04-23T03:21:05.492+0300] {taskmixin.py:211} WARNING - Dependency <Task(_PythonDecoratedOperator): print_the_context>, log_sql_query already registered for DAG: example_python_operator
[2023-04-23T03:21:05.492+0300] {logging_mixin.py:137} INFO - [2023-04-23T03:21:05.492+0300] {taskmixin.py:211} WARNING - Dependency <Task(_PythonDecoratedOperator): log_sql_query>, print_the_context already registered for DAG: example_python_operator
[2023-04-23T03:21:05.493+0300] {logging_mixin.py:137} INFO - [2023-04-23T03:21:05.493+0300] {taskmixin.py:211} WARNING - Dependency <Task(_PythonDecoratedOperator): print_the_context>, log_sql_query already registered for DAG: example_python_operator
[2023-04-23T03:21:05.493+0300] {logging_mixin.py:137} INFO - [2023-04-23T03:21:05.493+0300] {taskmixin.py:211} WARNING - Dependency <Task(_PythonDecoratedOperator): log_sql_query>, print_the_context already registered for DAG: example_python_operator
[2023-04-23T03:21:05.494+0300] {logging_mixin.py:137} INFO - [2023-04-23T03:21:05.494+0300] {example_python_operator.py:90} WARNING - The virtalenv_python example task requires virtualenv, please install it.
[2023-04-23T03:21:05.497+0300] {processor.py:753} INFO - DAG(s) dict_keys(['example_python_operator']) retrieved from /home/vladimir/.local/lib/python3.10/site-packages/airflow/example_dags/example_python_operator.py
[2023-04-23T03:21:05.516+0300] {logging_mixin.py:137} INFO - [2023-04-23T03:21:05.516+0300] {dag.py:2705} INFO - Sync 1 DAGs
[2023-04-23T03:21:05.529+0300] {logging_mixin.py:137} INFO - [2023-04-23T03:21:05.529+0300] {dag.py:3452} INFO - Setting next_dagrun for example_python_operator to None, run_after=None
[2023-04-23T03:21:05.543+0300] {processor.py:175} INFO - Processing /home/vladimir/.local/lib/python3.10/site-packages/airflow/example_dags/example_python_operator.py took 0.070 seconds
