[2023-04-23T03:12:51.507+0300] {processor.py:153} INFO - Started process (PID=6967) to work on /home/vladimir/.local/lib/python3.10/site-packages/airflow/example_dags/tutorial_taskflow_api.py
[2023-04-23T03:12:51.508+0300] {processor.py:743} INFO - Processing file /home/vladimir/.local/lib/python3.10/site-packages/airflow/example_dags/tutorial_taskflow_api.py for tasks to queue
[2023-04-23T03:12:51.508+0300] {logging_mixin.py:137} INFO - [2023-04-23T03:12:51.508+0300] {dagbag.py:532} INFO - Filling up the DagBag from /home/vladimir/.local/lib/python3.10/site-packages/airflow/example_dags/tutorial_taskflow_api.py
[2023-04-23T03:12:51.523+0300] {processor.py:753} INFO - DAG(s) dict_keys(['tutorial_taskflow_api']) retrieved from /home/vladimir/.local/lib/python3.10/site-packages/airflow/example_dags/tutorial_taskflow_api.py
[2023-04-23T03:12:51.543+0300] {logging_mixin.py:137} INFO - [2023-04-23T03:12:51.543+0300] {dag.py:2705} INFO - Sync 1 DAGs
[2023-04-23T03:12:51.555+0300] {logging_mixin.py:137} INFO - [2023-04-23T03:12:51.555+0300] {dag.py:3452} INFO - Setting next_dagrun for tutorial_taskflow_api to None, run_after=None
[2023-04-23T03:12:51.568+0300] {processor.py:175} INFO - Processing /home/vladimir/.local/lib/python3.10/site-packages/airflow/example_dags/tutorial_taskflow_api.py took 0.064 seconds
[2023-04-23T03:13:32.823+0300] {processor.py:153} INFO - Started process (PID=7026) to work on /home/vladimir/.local/lib/python3.10/site-packages/airflow/example_dags/tutorial_taskflow_api.py
[2023-04-23T03:13:32.824+0300] {processor.py:743} INFO - Processing file /home/vladimir/.local/lib/python3.10/site-packages/airflow/example_dags/tutorial_taskflow_api.py for tasks to queue
[2023-04-23T03:13:32.825+0300] {logging_mixin.py:137} INFO - [2023-04-23T03:13:32.825+0300] {dagbag.py:532} INFO - Filling up the DagBag from /home/vladimir/.local/lib/python3.10/site-packages/airflow/example_dags/tutorial_taskflow_api.py
[2023-04-23T03:13:32.841+0300] {processor.py:753} INFO - DAG(s) dict_keys(['tutorial_taskflow_api']) retrieved from /home/vladimir/.local/lib/python3.10/site-packages/airflow/example_dags/tutorial_taskflow_api.py
[2023-04-23T03:13:32.856+0300] {logging_mixin.py:137} INFO - [2023-04-23T03:13:32.856+0300] {dag.py:2705} INFO - Sync 1 DAGs
[2023-04-23T03:13:32.868+0300] {logging_mixin.py:137} INFO - [2023-04-23T03:13:32.868+0300] {dag.py:3452} INFO - Setting next_dagrun for tutorial_taskflow_api to None, run_after=None
[2023-04-23T03:13:32.880+0300] {processor.py:175} INFO - Processing /home/vladimir/.local/lib/python3.10/site-packages/airflow/example_dags/tutorial_taskflow_api.py took 0.059 seconds
[2023-04-23T03:14:12.977+0300] {processor.py:153} INFO - Started process (PID=7083) to work on /home/vladimir/.local/lib/python3.10/site-packages/airflow/example_dags/tutorial_taskflow_api.py
[2023-04-23T03:14:12.978+0300] {processor.py:743} INFO - Processing file /home/vladimir/.local/lib/python3.10/site-packages/airflow/example_dags/tutorial_taskflow_api.py for tasks to queue
[2023-04-23T03:14:12.978+0300] {logging_mixin.py:137} INFO - [2023-04-23T03:14:12.978+0300] {dagbag.py:532} INFO - Filling up the DagBag from /home/vladimir/.local/lib/python3.10/site-packages/airflow/example_dags/tutorial_taskflow_api.py
[2023-04-23T03:14:12.994+0300] {processor.py:753} INFO - DAG(s) dict_keys(['tutorial_taskflow_api']) retrieved from /home/vladimir/.local/lib/python3.10/site-packages/airflow/example_dags/tutorial_taskflow_api.py
[2023-04-23T03:14:13.008+0300] {logging_mixin.py:137} INFO - [2023-04-23T03:14:13.008+0300] {dag.py:2705} INFO - Sync 1 DAGs
[2023-04-23T03:14:13.020+0300] {logging_mixin.py:137} INFO - [2023-04-23T03:14:13.020+0300] {dag.py:3452} INFO - Setting next_dagrun for tutorial_taskflow_api to None, run_after=None
[2023-04-23T03:14:13.033+0300] {processor.py:175} INFO - Processing /home/vladimir/.local/lib/python3.10/site-packages/airflow/example_dags/tutorial_taskflow_api.py took 0.058 seconds
[2023-04-23T03:14:54.047+0300] {processor.py:153} INFO - Started process (PID=7176) to work on /home/vladimir/.local/lib/python3.10/site-packages/airflow/example_dags/tutorial_taskflow_api.py
[2023-04-23T03:14:54.048+0300] {processor.py:743} INFO - Processing file /home/vladimir/.local/lib/python3.10/site-packages/airflow/example_dags/tutorial_taskflow_api.py for tasks to queue
[2023-04-23T03:14:54.049+0300] {logging_mixin.py:137} INFO - [2023-04-23T03:14:54.049+0300] {dagbag.py:532} INFO - Filling up the DagBag from /home/vladimir/.local/lib/python3.10/site-packages/airflow/example_dags/tutorial_taskflow_api.py
[2023-04-23T03:14:54.064+0300] {processor.py:753} INFO - DAG(s) dict_keys(['tutorial_taskflow_api']) retrieved from /home/vladimir/.local/lib/python3.10/site-packages/airflow/example_dags/tutorial_taskflow_api.py
[2023-04-23T03:14:54.077+0300] {logging_mixin.py:137} INFO - [2023-04-23T03:14:54.077+0300] {dag.py:2705} INFO - Sync 1 DAGs
[2023-04-23T03:14:54.089+0300] {logging_mixin.py:137} INFO - [2023-04-23T03:14:54.089+0300] {dag.py:3452} INFO - Setting next_dagrun for tutorial_taskflow_api to None, run_after=None
[2023-04-23T03:14:54.101+0300] {processor.py:175} INFO - Processing /home/vladimir/.local/lib/python3.10/site-packages/airflow/example_dags/tutorial_taskflow_api.py took 0.056 seconds
[2023-04-23T03:15:35.133+0300] {processor.py:153} INFO - Started process (PID=7229) to work on /home/vladimir/.local/lib/python3.10/site-packages/airflow/example_dags/tutorial_taskflow_api.py
[2023-04-23T03:15:35.134+0300] {processor.py:743} INFO - Processing file /home/vladimir/.local/lib/python3.10/site-packages/airflow/example_dags/tutorial_taskflow_api.py for tasks to queue
[2023-04-23T03:15:35.134+0300] {logging_mixin.py:137} INFO - [2023-04-23T03:15:35.134+0300] {dagbag.py:532} INFO - Filling up the DagBag from /home/vladimir/.local/lib/python3.10/site-packages/airflow/example_dags/tutorial_taskflow_api.py
[2023-04-23T03:15:35.150+0300] {processor.py:753} INFO - DAG(s) dict_keys(['tutorial_taskflow_api']) retrieved from /home/vladimir/.local/lib/python3.10/site-packages/airflow/example_dags/tutorial_taskflow_api.py
[2023-04-23T03:15:35.163+0300] {logging_mixin.py:137} INFO - [2023-04-23T03:15:35.163+0300] {dag.py:2705} INFO - Sync 1 DAGs
[2023-04-23T03:15:35.175+0300] {logging_mixin.py:137} INFO - [2023-04-23T03:15:35.175+0300] {dag.py:3452} INFO - Setting next_dagrun for tutorial_taskflow_api to None, run_after=None
[2023-04-23T03:15:35.188+0300] {processor.py:175} INFO - Processing /home/vladimir/.local/lib/python3.10/site-packages/airflow/example_dags/tutorial_taskflow_api.py took 0.058 seconds
[2023-04-23T03:16:15.618+0300] {processor.py:153} INFO - Started process (PID=7284) to work on /home/vladimir/.local/lib/python3.10/site-packages/airflow/example_dags/tutorial_taskflow_api.py
[2023-04-23T03:16:15.619+0300] {processor.py:743} INFO - Processing file /home/vladimir/.local/lib/python3.10/site-packages/airflow/example_dags/tutorial_taskflow_api.py for tasks to queue
[2023-04-23T03:16:15.619+0300] {logging_mixin.py:137} INFO - [2023-04-23T03:16:15.619+0300] {dagbag.py:532} INFO - Filling up the DagBag from /home/vladimir/.local/lib/python3.10/site-packages/airflow/example_dags/tutorial_taskflow_api.py
[2023-04-23T03:16:15.634+0300] {processor.py:753} INFO - DAG(s) dict_keys(['tutorial_taskflow_api']) retrieved from /home/vladimir/.local/lib/python3.10/site-packages/airflow/example_dags/tutorial_taskflow_api.py
[2023-04-23T03:16:15.647+0300] {logging_mixin.py:137} INFO - [2023-04-23T03:16:15.647+0300] {dag.py:2705} INFO - Sync 1 DAGs
[2023-04-23T03:16:15.661+0300] {logging_mixin.py:137} INFO - [2023-04-23T03:16:15.661+0300] {dag.py:3452} INFO - Setting next_dagrun for tutorial_taskflow_api to None, run_after=None
[2023-04-23T03:16:15.672+0300] {processor.py:175} INFO - Processing /home/vladimir/.local/lib/python3.10/site-packages/airflow/example_dags/tutorial_taskflow_api.py took 0.056 seconds
[2023-04-23T03:16:54.455+0300] {processor.py:153} INFO - Started process (PID=7360) to work on /home/vladimir/.local/lib/python3.10/site-packages/airflow/example_dags/tutorial_taskflow_api.py
[2023-04-23T03:16:54.456+0300] {processor.py:743} INFO - Processing file /home/vladimir/.local/lib/python3.10/site-packages/airflow/example_dags/tutorial_taskflow_api.py for tasks to queue
[2023-04-23T03:16:54.456+0300] {logging_mixin.py:137} INFO - [2023-04-23T03:16:54.456+0300] {dagbag.py:532} INFO - Filling up the DagBag from /home/vladimir/.local/lib/python3.10/site-packages/airflow/example_dags/tutorial_taskflow_api.py
[2023-04-23T03:16:54.470+0300] {processor.py:753} INFO - DAG(s) dict_keys(['tutorial_taskflow_api']) retrieved from /home/vladimir/.local/lib/python3.10/site-packages/airflow/example_dags/tutorial_taskflow_api.py
[2023-04-23T03:16:54.483+0300] {logging_mixin.py:137} INFO - [2023-04-23T03:16:54.483+0300] {dag.py:2705} INFO - Sync 1 DAGs
[2023-04-23T03:16:54.495+0300] {logging_mixin.py:137} INFO - [2023-04-23T03:16:54.494+0300] {dag.py:3452} INFO - Setting next_dagrun for tutorial_taskflow_api to None, run_after=None
[2023-04-23T03:16:54.507+0300] {processor.py:175} INFO - Processing /home/vladimir/.local/lib/python3.10/site-packages/airflow/example_dags/tutorial_taskflow_api.py took 0.054 seconds
[2023-04-23T03:17:35.005+0300] {processor.py:153} INFO - Started process (PID=7406) to work on /home/vladimir/.local/lib/python3.10/site-packages/airflow/example_dags/tutorial_taskflow_api.py
[2023-04-23T03:17:35.006+0300] {processor.py:743} INFO - Processing file /home/vladimir/.local/lib/python3.10/site-packages/airflow/example_dags/tutorial_taskflow_api.py for tasks to queue
[2023-04-23T03:17:35.007+0300] {logging_mixin.py:137} INFO - [2023-04-23T03:17:35.007+0300] {dagbag.py:532} INFO - Filling up the DagBag from /home/vladimir/.local/lib/python3.10/site-packages/airflow/example_dags/tutorial_taskflow_api.py
[2023-04-23T03:17:35.021+0300] {processor.py:753} INFO - DAG(s) dict_keys(['tutorial_taskflow_api']) retrieved from /home/vladimir/.local/lib/python3.10/site-packages/airflow/example_dags/tutorial_taskflow_api.py
[2023-04-23T03:17:35.035+0300] {logging_mixin.py:137} INFO - [2023-04-23T03:17:35.034+0300] {dag.py:2705} INFO - Sync 1 DAGs
[2023-04-23T03:17:35.047+0300] {logging_mixin.py:137} INFO - [2023-04-23T03:17:35.046+0300] {dag.py:3452} INFO - Setting next_dagrun for tutorial_taskflow_api to None, run_after=None
[2023-04-23T03:17:35.058+0300] {processor.py:175} INFO - Processing /home/vladimir/.local/lib/python3.10/site-packages/airflow/example_dags/tutorial_taskflow_api.py took 0.056 seconds
[2023-04-23T03:18:12.833+0300] {processor.py:153} INFO - Started process (PID=7454) to work on /home/vladimir/.local/lib/python3.10/site-packages/airflow/example_dags/tutorial_taskflow_api.py
[2023-04-23T03:18:12.834+0300] {processor.py:743} INFO - Processing file /home/vladimir/.local/lib/python3.10/site-packages/airflow/example_dags/tutorial_taskflow_api.py for tasks to queue
[2023-04-23T03:18:12.835+0300] {logging_mixin.py:137} INFO - [2023-04-23T03:18:12.835+0300] {dagbag.py:532} INFO - Filling up the DagBag from /home/vladimir/.local/lib/python3.10/site-packages/airflow/example_dags/tutorial_taskflow_api.py
[2023-04-23T03:18:12.850+0300] {processor.py:753} INFO - DAG(s) dict_keys(['tutorial_taskflow_api']) retrieved from /home/vladimir/.local/lib/python3.10/site-packages/airflow/example_dags/tutorial_taskflow_api.py
[2023-04-23T03:18:12.863+0300] {logging_mixin.py:137} INFO - [2023-04-23T03:18:12.863+0300] {dag.py:2705} INFO - Sync 1 DAGs
[2023-04-23T03:18:12.875+0300] {logging_mixin.py:137} INFO - [2023-04-23T03:18:12.875+0300] {dag.py:3452} INFO - Setting next_dagrun for tutorial_taskflow_api to None, run_after=None
[2023-04-23T03:18:12.886+0300] {processor.py:175} INFO - Processing /home/vladimir/.local/lib/python3.10/site-packages/airflow/example_dags/tutorial_taskflow_api.py took 0.055 seconds
[2023-04-23T03:18:52.805+0300] {processor.py:153} INFO - Started process (PID=7497) to work on /home/vladimir/.local/lib/python3.10/site-packages/airflow/example_dags/tutorial_taskflow_api.py
[2023-04-23T03:18:52.806+0300] {processor.py:743} INFO - Processing file /home/vladimir/.local/lib/python3.10/site-packages/airflow/example_dags/tutorial_taskflow_api.py for tasks to queue
[2023-04-23T03:18:52.806+0300] {logging_mixin.py:137} INFO - [2023-04-23T03:18:52.806+0300] {dagbag.py:532} INFO - Filling up the DagBag from /home/vladimir/.local/lib/python3.10/site-packages/airflow/example_dags/tutorial_taskflow_api.py
[2023-04-23T03:18:52.821+0300] {processor.py:753} INFO - DAG(s) dict_keys(['tutorial_taskflow_api']) retrieved from /home/vladimir/.local/lib/python3.10/site-packages/airflow/example_dags/tutorial_taskflow_api.py
[2023-04-23T03:18:52.835+0300] {logging_mixin.py:137} INFO - [2023-04-23T03:18:52.835+0300] {dag.py:2705} INFO - Sync 1 DAGs
[2023-04-23T03:18:52.847+0300] {logging_mixin.py:137} INFO - [2023-04-23T03:18:52.847+0300] {dag.py:3452} INFO - Setting next_dagrun for tutorial_taskflow_api to None, run_after=None
[2023-04-23T03:18:52.858+0300] {processor.py:175} INFO - Processing /home/vladimir/.local/lib/python3.10/site-packages/airflow/example_dags/tutorial_taskflow_api.py took 0.055 seconds
[2023-04-23T03:19:32.840+0300] {processor.py:153} INFO - Started process (PID=7546) to work on /home/vladimir/.local/lib/python3.10/site-packages/airflow/example_dags/tutorial_taskflow_api.py
[2023-04-23T03:19:32.841+0300] {processor.py:743} INFO - Processing file /home/vladimir/.local/lib/python3.10/site-packages/airflow/example_dags/tutorial_taskflow_api.py for tasks to queue
[2023-04-23T03:19:32.841+0300] {logging_mixin.py:137} INFO - [2023-04-23T03:19:32.841+0300] {dagbag.py:532} INFO - Filling up the DagBag from /home/vladimir/.local/lib/python3.10/site-packages/airflow/example_dags/tutorial_taskflow_api.py
[2023-04-23T03:19:32.857+0300] {processor.py:753} INFO - DAG(s) dict_keys(['tutorial_taskflow_api']) retrieved from /home/vladimir/.local/lib/python3.10/site-packages/airflow/example_dags/tutorial_taskflow_api.py
[2023-04-23T03:19:32.873+0300] {logging_mixin.py:137} INFO - [2023-04-23T03:19:32.873+0300] {dag.py:2705} INFO - Sync 1 DAGs
[2023-04-23T03:19:32.887+0300] {logging_mixin.py:137} INFO - [2023-04-23T03:19:32.886+0300] {dag.py:3452} INFO - Setting next_dagrun for tutorial_taskflow_api to None, run_after=None
[2023-04-23T03:19:32.899+0300] {processor.py:175} INFO - Processing /home/vladimir/.local/lib/python3.10/site-packages/airflow/example_dags/tutorial_taskflow_api.py took 0.061 seconds
[2023-04-23T03:20:23.993+0300] {processor.py:153} INFO - Started process (PID=7844) to work on /home/vladimir/.local/lib/python3.10/site-packages/airflow/example_dags/tutorial_taskflow_api.py
[2023-04-23T03:20:23.994+0300] {processor.py:743} INFO - Processing file /home/vladimir/.local/lib/python3.10/site-packages/airflow/example_dags/tutorial_taskflow_api.py for tasks to queue
[2023-04-23T03:20:23.994+0300] {logging_mixin.py:137} INFO - [2023-04-23T03:20:23.994+0300] {dagbag.py:532} INFO - Filling up the DagBag from /home/vladimir/.local/lib/python3.10/site-packages/airflow/example_dags/tutorial_taskflow_api.py
[2023-04-23T03:20:24.010+0300] {processor.py:753} INFO - DAG(s) dict_keys(['tutorial_taskflow_api']) retrieved from /home/vladimir/.local/lib/python3.10/site-packages/airflow/example_dags/tutorial_taskflow_api.py
[2023-04-23T03:20:24.023+0300] {logging_mixin.py:137} INFO - [2023-04-23T03:20:24.023+0300] {dag.py:2705} INFO - Sync 1 DAGs
[2023-04-23T03:20:24.036+0300] {logging_mixin.py:137} INFO - [2023-04-23T03:20:24.036+0300] {dag.py:3452} INFO - Setting next_dagrun for tutorial_taskflow_api to None, run_after=None
[2023-04-23T03:20:24.049+0300] {processor.py:175} INFO - Processing /home/vladimir/.local/lib/python3.10/site-packages/airflow/example_dags/tutorial_taskflow_api.py took 0.058 seconds
[2023-04-23T03:21:07.878+0300] {processor.py:153} INFO - Started process (PID=7922) to work on /home/vladimir/.local/lib/python3.10/site-packages/airflow/example_dags/tutorial_taskflow_api.py
[2023-04-23T03:21:07.883+0300] {processor.py:743} INFO - Processing file /home/vladimir/.local/lib/python3.10/site-packages/airflow/example_dags/tutorial_taskflow_api.py for tasks to queue
[2023-04-23T03:21:07.884+0300] {logging_mixin.py:137} INFO - [2023-04-23T03:21:07.884+0300] {dagbag.py:532} INFO - Filling up the DagBag from /home/vladimir/.local/lib/python3.10/site-packages/airflow/example_dags/tutorial_taskflow_api.py
[2023-04-23T03:21:07.917+0300] {processor.py:753} INFO - DAG(s) dict_keys(['tutorial_taskflow_api']) retrieved from /home/vladimir/.local/lib/python3.10/site-packages/airflow/example_dags/tutorial_taskflow_api.py
[2023-04-23T03:21:07.949+0300] {logging_mixin.py:137} INFO - [2023-04-23T03:21:07.949+0300] {dag.py:2705} INFO - Sync 1 DAGs
[2023-04-23T03:21:07.981+0300] {logging_mixin.py:137} INFO - [2023-04-23T03:21:07.981+0300] {dag.py:3452} INFO - Setting next_dagrun for tutorial_taskflow_api to None, run_after=None
[2023-04-23T03:21:08.020+0300] {processor.py:175} INFO - Processing /home/vladimir/.local/lib/python3.10/site-packages/airflow/example_dags/tutorial_taskflow_api.py took 0.145 seconds
