[2023-04-23T03:12:38.600+0300] {processor.py:153} INFO - Started process (PID=6943) to work on /home/vladimir/.local/lib/python3.10/site-packages/airflow/example_dags/tutorial_dag.py
[2023-04-23T03:12:38.600+0300] {processor.py:743} INFO - Processing file /home/vladimir/.local/lib/python3.10/site-packages/airflow/example_dags/tutorial_dag.py for tasks to queue
[2023-04-23T03:12:38.601+0300] {logging_mixin.py:137} INFO - [2023-04-23T03:12:38.601+0300] {dagbag.py:532} INFO - Filling up the DagBag from /home/vladimir/.local/lib/python3.10/site-packages/airflow/example_dags/tutorial_dag.py
[2023-04-23T03:12:38.610+0300] {processor.py:753} INFO - DAG(s) dict_keys(['tutorial_dag']) retrieved from /home/vladimir/.local/lib/python3.10/site-packages/airflow/example_dags/tutorial_dag.py
[2023-04-23T03:12:38.624+0300] {logging_mixin.py:137} INFO - [2023-04-23T03:12:38.624+0300] {dag.py:2705} INFO - Sync 1 DAGs
[2023-04-23T03:12:38.637+0300] {logging_mixin.py:137} INFO - [2023-04-23T03:12:38.637+0300] {dag.py:3452} INFO - Setting next_dagrun for tutorial_dag to None, run_after=None
[2023-04-23T03:12:38.649+0300] {processor.py:175} INFO - Processing /home/vladimir/.local/lib/python3.10/site-packages/airflow/example_dags/tutorial_dag.py took 0.052 seconds
[2023-04-23T03:13:17.504+0300] {processor.py:153} INFO - Started process (PID=7006) to work on /home/vladimir/.local/lib/python3.10/site-packages/airflow/example_dags/tutorial_dag.py
[2023-04-23T03:13:17.505+0300] {processor.py:743} INFO - Processing file /home/vladimir/.local/lib/python3.10/site-packages/airflow/example_dags/tutorial_dag.py for tasks to queue
[2023-04-23T03:13:17.506+0300] {logging_mixin.py:137} INFO - [2023-04-23T03:13:17.506+0300] {dagbag.py:532} INFO - Filling up the DagBag from /home/vladimir/.local/lib/python3.10/site-packages/airflow/example_dags/tutorial_dag.py
[2023-04-23T03:13:17.516+0300] {processor.py:753} INFO - DAG(s) dict_keys(['tutorial_dag']) retrieved from /home/vladimir/.local/lib/python3.10/site-packages/airflow/example_dags/tutorial_dag.py
[2023-04-23T03:13:17.530+0300] {logging_mixin.py:137} INFO - [2023-04-23T03:13:17.530+0300] {dag.py:2705} INFO - Sync 1 DAGs
[2023-04-23T03:13:17.542+0300] {logging_mixin.py:137} INFO - [2023-04-23T03:13:17.542+0300] {dag.py:3452} INFO - Setting next_dagrun for tutorial_dag to None, run_after=None
[2023-04-23T03:13:17.555+0300] {processor.py:175} INFO - Processing /home/vladimir/.local/lib/python3.10/site-packages/airflow/example_dags/tutorial_dag.py took 0.053 seconds
[2023-04-23T03:13:58.703+0300] {processor.py:153} INFO - Started process (PID=7064) to work on /home/vladimir/.local/lib/python3.10/site-packages/airflow/example_dags/tutorial_dag.py
[2023-04-23T03:13:58.704+0300] {processor.py:743} INFO - Processing file /home/vladimir/.local/lib/python3.10/site-packages/airflow/example_dags/tutorial_dag.py for tasks to queue
[2023-04-23T03:13:58.704+0300] {logging_mixin.py:137} INFO - [2023-04-23T03:13:58.704+0300] {dagbag.py:532} INFO - Filling up the DagBag from /home/vladimir/.local/lib/python3.10/site-packages/airflow/example_dags/tutorial_dag.py
[2023-04-23T03:13:58.714+0300] {processor.py:753} INFO - DAG(s) dict_keys(['tutorial_dag']) retrieved from /home/vladimir/.local/lib/python3.10/site-packages/airflow/example_dags/tutorial_dag.py
[2023-04-23T03:13:58.728+0300] {logging_mixin.py:137} INFO - [2023-04-23T03:13:58.728+0300] {dag.py:2705} INFO - Sync 1 DAGs
[2023-04-23T03:13:58.741+0300] {logging_mixin.py:137} INFO - [2023-04-23T03:13:58.741+0300] {dag.py:3452} INFO - Setting next_dagrun for tutorial_dag to None, run_after=None
[2023-04-23T03:13:58.752+0300] {processor.py:175} INFO - Processing /home/vladimir/.local/lib/python3.10/site-packages/airflow/example_dags/tutorial_dag.py took 0.052 seconds
[2023-04-23T03:14:39.775+0300] {processor.py:153} INFO - Started process (PID=7121) to work on /home/vladimir/.local/lib/python3.10/site-packages/airflow/example_dags/tutorial_dag.py
[2023-04-23T03:14:39.776+0300] {processor.py:743} INFO - Processing file /home/vladimir/.local/lib/python3.10/site-packages/airflow/example_dags/tutorial_dag.py for tasks to queue
[2023-04-23T03:14:39.776+0300] {logging_mixin.py:137} INFO - [2023-04-23T03:14:39.776+0300] {dagbag.py:532} INFO - Filling up the DagBag from /home/vladimir/.local/lib/python3.10/site-packages/airflow/example_dags/tutorial_dag.py
[2023-04-23T03:14:39.786+0300] {processor.py:753} INFO - DAG(s) dict_keys(['tutorial_dag']) retrieved from /home/vladimir/.local/lib/python3.10/site-packages/airflow/example_dags/tutorial_dag.py
[2023-04-23T03:14:39.800+0300] {logging_mixin.py:137} INFO - [2023-04-23T03:14:39.800+0300] {dag.py:2705} INFO - Sync 1 DAGs
[2023-04-23T03:14:39.814+0300] {logging_mixin.py:137} INFO - [2023-04-23T03:14:39.813+0300] {dag.py:3452} INFO - Setting next_dagrun for tutorial_dag to None, run_after=None
[2023-04-23T03:14:39.827+0300] {processor.py:175} INFO - Processing /home/vladimir/.local/lib/python3.10/site-packages/airflow/example_dags/tutorial_dag.py took 0.054 seconds
[2023-04-23T03:15:19.733+0300] {processor.py:153} INFO - Started process (PID=7211) to work on /home/vladimir/.local/lib/python3.10/site-packages/airflow/example_dags/tutorial_dag.py
[2023-04-23T03:15:19.734+0300] {processor.py:743} INFO - Processing file /home/vladimir/.local/lib/python3.10/site-packages/airflow/example_dags/tutorial_dag.py for tasks to queue
[2023-04-23T03:15:19.734+0300] {logging_mixin.py:137} INFO - [2023-04-23T03:15:19.734+0300] {dagbag.py:532} INFO - Filling up the DagBag from /home/vladimir/.local/lib/python3.10/site-packages/airflow/example_dags/tutorial_dag.py
[2023-04-23T03:15:19.744+0300] {processor.py:753} INFO - DAG(s) dict_keys(['tutorial_dag']) retrieved from /home/vladimir/.local/lib/python3.10/site-packages/airflow/example_dags/tutorial_dag.py
[2023-04-23T03:15:19.758+0300] {logging_mixin.py:137} INFO - [2023-04-23T03:15:19.758+0300] {dag.py:2705} INFO - Sync 1 DAGs
[2023-04-23T03:15:19.772+0300] {logging_mixin.py:137} INFO - [2023-04-23T03:15:19.772+0300] {dag.py:3452} INFO - Setting next_dagrun for tutorial_dag to None, run_after=None
[2023-04-23T03:15:19.784+0300] {processor.py:175} INFO - Processing /home/vladimir/.local/lib/python3.10/site-packages/airflow/example_dags/tutorial_dag.py took 0.054 seconds
[2023-04-23T03:16:00.809+0300] {processor.py:153} INFO - Started process (PID=7268) to work on /home/vladimir/.local/lib/python3.10/site-packages/airflow/example_dags/tutorial_dag.py
[2023-04-23T03:16:00.810+0300] {processor.py:743} INFO - Processing file /home/vladimir/.local/lib/python3.10/site-packages/airflow/example_dags/tutorial_dag.py for tasks to queue
[2023-04-23T03:16:00.811+0300] {logging_mixin.py:137} INFO - [2023-04-23T03:16:00.811+0300] {dagbag.py:532} INFO - Filling up the DagBag from /home/vladimir/.local/lib/python3.10/site-packages/airflow/example_dags/tutorial_dag.py
[2023-04-23T03:16:00.820+0300] {processor.py:753} INFO - DAG(s) dict_keys(['tutorial_dag']) retrieved from /home/vladimir/.local/lib/python3.10/site-packages/airflow/example_dags/tutorial_dag.py
[2023-04-23T03:16:00.835+0300] {logging_mixin.py:137} INFO - [2023-04-23T03:16:00.834+0300] {dag.py:2705} INFO - Sync 1 DAGs
[2023-04-23T03:16:00.848+0300] {logging_mixin.py:137} INFO - [2023-04-23T03:16:00.848+0300] {dag.py:3452} INFO - Setting next_dagrun for tutorial_dag to None, run_after=None
[2023-04-23T03:16:00.861+0300] {processor.py:175} INFO - Processing /home/vladimir/.local/lib/python3.10/site-packages/airflow/example_dags/tutorial_dag.py took 0.054 seconds
[2023-04-23T03:16:39.079+0300] {processor.py:153} INFO - Started process (PID=7342) to work on /home/vladimir/.local/lib/python3.10/site-packages/airflow/example_dags/tutorial_dag.py
[2023-04-23T03:16:39.080+0300] {processor.py:743} INFO - Processing file /home/vladimir/.local/lib/python3.10/site-packages/airflow/example_dags/tutorial_dag.py for tasks to queue
[2023-04-23T03:16:39.081+0300] {logging_mixin.py:137} INFO - [2023-04-23T03:16:39.081+0300] {dagbag.py:532} INFO - Filling up the DagBag from /home/vladimir/.local/lib/python3.10/site-packages/airflow/example_dags/tutorial_dag.py
[2023-04-23T03:16:39.090+0300] {processor.py:753} INFO - DAG(s) dict_keys(['tutorial_dag']) retrieved from /home/vladimir/.local/lib/python3.10/site-packages/airflow/example_dags/tutorial_dag.py
[2023-04-23T03:16:39.103+0300] {logging_mixin.py:137} INFO - [2023-04-23T03:16:39.103+0300] {dag.py:2705} INFO - Sync 1 DAGs
[2023-04-23T03:16:39.115+0300] {logging_mixin.py:137} INFO - [2023-04-23T03:16:39.115+0300] {dag.py:3452} INFO - Setting next_dagrun for tutorial_dag to None, run_after=None
[2023-04-23T03:16:39.128+0300] {processor.py:175} INFO - Processing /home/vladimir/.local/lib/python3.10/site-packages/airflow/example_dags/tutorial_dag.py took 0.051 seconds
[2023-04-23T03:17:21.878+0300] {processor.py:153} INFO - Started process (PID=7391) to work on /home/vladimir/.local/lib/python3.10/site-packages/airflow/example_dags/tutorial_dag.py
[2023-04-23T03:17:21.879+0300] {processor.py:743} INFO - Processing file /home/vladimir/.local/lib/python3.10/site-packages/airflow/example_dags/tutorial_dag.py for tasks to queue
[2023-04-23T03:17:21.879+0300] {logging_mixin.py:137} INFO - [2023-04-23T03:17:21.879+0300] {dagbag.py:532} INFO - Filling up the DagBag from /home/vladimir/.local/lib/python3.10/site-packages/airflow/example_dags/tutorial_dag.py
[2023-04-23T03:17:21.888+0300] {processor.py:753} INFO - DAG(s) dict_keys(['tutorial_dag']) retrieved from /home/vladimir/.local/lib/python3.10/site-packages/airflow/example_dags/tutorial_dag.py
[2023-04-23T03:17:21.901+0300] {logging_mixin.py:137} INFO - [2023-04-23T03:17:21.901+0300] {dag.py:2705} INFO - Sync 1 DAGs
[2023-04-23T03:17:21.913+0300] {logging_mixin.py:137} INFO - [2023-04-23T03:17:21.913+0300] {dag.py:3452} INFO - Setting next_dagrun for tutorial_dag to None, run_after=None
[2023-04-23T03:17:21.925+0300] {processor.py:175} INFO - Processing /home/vladimir/.local/lib/python3.10/site-packages/airflow/example_dags/tutorial_dag.py took 0.049 seconds
[2023-04-23T03:17:59.156+0300] {processor.py:153} INFO - Started process (PID=7437) to work on /home/vladimir/.local/lib/python3.10/site-packages/airflow/example_dags/tutorial_dag.py
[2023-04-23T03:17:59.157+0300] {processor.py:743} INFO - Processing file /home/vladimir/.local/lib/python3.10/site-packages/airflow/example_dags/tutorial_dag.py for tasks to queue
[2023-04-23T03:17:59.158+0300] {logging_mixin.py:137} INFO - [2023-04-23T03:17:59.158+0300] {dagbag.py:532} INFO - Filling up the DagBag from /home/vladimir/.local/lib/python3.10/site-packages/airflow/example_dags/tutorial_dag.py
[2023-04-23T03:17:59.166+0300] {processor.py:753} INFO - DAG(s) dict_keys(['tutorial_dag']) retrieved from /home/vladimir/.local/lib/python3.10/site-packages/airflow/example_dags/tutorial_dag.py
[2023-04-23T03:17:59.180+0300] {logging_mixin.py:137} INFO - [2023-04-23T03:17:59.180+0300] {dag.py:2705} INFO - Sync 1 DAGs
[2023-04-23T03:17:59.192+0300] {logging_mixin.py:137} INFO - [2023-04-23T03:17:59.192+0300] {dag.py:3452} INFO - Setting next_dagrun for tutorial_dag to None, run_after=None
[2023-04-23T03:17:59.203+0300] {processor.py:175} INFO - Processing /home/vladimir/.local/lib/python3.10/site-packages/airflow/example_dags/tutorial_dag.py took 0.049 seconds
[2023-04-23T03:18:38.129+0300] {processor.py:153} INFO - Started process (PID=7481) to work on /home/vladimir/.local/lib/python3.10/site-packages/airflow/example_dags/tutorial_dag.py
[2023-04-23T03:18:38.130+0300] {processor.py:743} INFO - Processing file /home/vladimir/.local/lib/python3.10/site-packages/airflow/example_dags/tutorial_dag.py for tasks to queue
[2023-04-23T03:18:38.130+0300] {logging_mixin.py:137} INFO - [2023-04-23T03:18:38.130+0300] {dagbag.py:532} INFO - Filling up the DagBag from /home/vladimir/.local/lib/python3.10/site-packages/airflow/example_dags/tutorial_dag.py
[2023-04-23T03:18:38.139+0300] {processor.py:753} INFO - DAG(s) dict_keys(['tutorial_dag']) retrieved from /home/vladimir/.local/lib/python3.10/site-packages/airflow/example_dags/tutorial_dag.py
[2023-04-23T03:18:38.153+0300] {logging_mixin.py:137} INFO - [2023-04-23T03:18:38.153+0300] {dag.py:2705} INFO - Sync 1 DAGs
[2023-04-23T03:18:38.164+0300] {logging_mixin.py:137} INFO - [2023-04-23T03:18:38.164+0300] {dag.py:3452} INFO - Setting next_dagrun for tutorial_dag to None, run_after=None
[2023-04-23T03:18:38.176+0300] {processor.py:175} INFO - Processing /home/vladimir/.local/lib/python3.10/site-packages/airflow/example_dags/tutorial_dag.py took 0.049 seconds
[2023-04-23T03:19:19.693+0300] {processor.py:153} INFO - Started process (PID=7527) to work on /home/vladimir/.local/lib/python3.10/site-packages/airflow/example_dags/tutorial_dag.py
[2023-04-23T03:19:19.694+0300] {processor.py:743} INFO - Processing file /home/vladimir/.local/lib/python3.10/site-packages/airflow/example_dags/tutorial_dag.py for tasks to queue
[2023-04-23T03:19:19.695+0300] {logging_mixin.py:137} INFO - [2023-04-23T03:19:19.695+0300] {dagbag.py:532} INFO - Filling up the DagBag from /home/vladimir/.local/lib/python3.10/site-packages/airflow/example_dags/tutorial_dag.py
[2023-04-23T03:19:19.704+0300] {processor.py:753} INFO - DAG(s) dict_keys(['tutorial_dag']) retrieved from /home/vladimir/.local/lib/python3.10/site-packages/airflow/example_dags/tutorial_dag.py
[2023-04-23T03:19:19.717+0300] {logging_mixin.py:137} INFO - [2023-04-23T03:19:19.717+0300] {dag.py:2705} INFO - Sync 1 DAGs
[2023-04-23T03:19:19.728+0300] {logging_mixin.py:137} INFO - [2023-04-23T03:19:19.728+0300] {dag.py:3452} INFO - Setting next_dagrun for tutorial_dag to None, run_after=None
[2023-04-23T03:19:19.739+0300] {processor.py:175} INFO - Processing /home/vladimir/.local/lib/python3.10/site-packages/airflow/example_dags/tutorial_dag.py took 0.049 seconds
[2023-04-23T03:20:08.591+0300] {processor.py:153} INFO - Started process (PID=7824) to work on /home/vladimir/.local/lib/python3.10/site-packages/airflow/example_dags/tutorial_dag.py
[2023-04-23T03:20:08.593+0300] {processor.py:743} INFO - Processing file /home/vladimir/.local/lib/python3.10/site-packages/airflow/example_dags/tutorial_dag.py for tasks to queue
[2023-04-23T03:20:08.593+0300] {logging_mixin.py:137} INFO - [2023-04-23T03:20:08.593+0300] {dagbag.py:532} INFO - Filling up the DagBag from /home/vladimir/.local/lib/python3.10/site-packages/airflow/example_dags/tutorial_dag.py
[2023-04-23T03:20:08.602+0300] {processor.py:753} INFO - DAG(s) dict_keys(['tutorial_dag']) retrieved from /home/vladimir/.local/lib/python3.10/site-packages/airflow/example_dags/tutorial_dag.py
[2023-04-23T03:20:08.616+0300] {logging_mixin.py:137} INFO - [2023-04-23T03:20:08.616+0300] {dag.py:2705} INFO - Sync 1 DAGs
[2023-04-23T03:20:08.628+0300] {logging_mixin.py:137} INFO - [2023-04-23T03:20:08.627+0300] {dag.py:3452} INFO - Setting next_dagrun for tutorial_dag to None, run_after=None
[2023-04-23T03:20:08.638+0300] {processor.py:175} INFO - Processing /home/vladimir/.local/lib/python3.10/site-packages/airflow/example_dags/tutorial_dag.py took 0.050 seconds
[2023-04-23T03:20:52.123+0300] {processor.py:153} INFO - Started process (PID=7894) to work on /home/vladimir/.local/lib/python3.10/site-packages/airflow/example_dags/tutorial_dag.py
[2023-04-23T03:20:52.124+0300] {processor.py:743} INFO - Processing file /home/vladimir/.local/lib/python3.10/site-packages/airflow/example_dags/tutorial_dag.py for tasks to queue
[2023-04-23T03:20:52.124+0300] {logging_mixin.py:137} INFO - [2023-04-23T03:20:52.124+0300] {dagbag.py:532} INFO - Filling up the DagBag from /home/vladimir/.local/lib/python3.10/site-packages/airflow/example_dags/tutorial_dag.py
[2023-04-23T03:20:52.133+0300] {processor.py:753} INFO - DAG(s) dict_keys(['tutorial_dag']) retrieved from /home/vladimir/.local/lib/python3.10/site-packages/airflow/example_dags/tutorial_dag.py
[2023-04-23T03:20:52.150+0300] {logging_mixin.py:137} INFO - [2023-04-23T03:20:52.149+0300] {dag.py:2705} INFO - Sync 1 DAGs
[2023-04-23T03:20:52.163+0300] {logging_mixin.py:137} INFO - [2023-04-23T03:20:52.163+0300] {dag.py:3452} INFO - Setting next_dagrun for tutorial_dag to None, run_after=None
[2023-04-23T03:20:52.178+0300] {processor.py:175} INFO - Processing /home/vladimir/.local/lib/python3.10/site-packages/airflow/example_dags/tutorial_dag.py took 0.058 seconds
