[2023-04-23T03:12:55.145+0300] {processor.py:153} INFO - Started process (PID=6974) to work on /home/vladimir/.local/lib/python3.10/site-packages/airflow/example_dags/tutorial.py
[2023-04-23T03:12:55.147+0300] {processor.py:743} INFO - Processing file /home/vladimir/.local/lib/python3.10/site-packages/airflow/example_dags/tutorial.py for tasks to queue
[2023-04-23T03:12:55.147+0300] {logging_mixin.py:137} INFO - [2023-04-23T03:12:55.147+0300] {dagbag.py:532} INFO - Filling up the DagBag from /home/vladimir/.local/lib/python3.10/site-packages/airflow/example_dags/tutorial.py
[2023-04-23T03:12:55.158+0300] {processor.py:753} INFO - DAG(s) dict_keys(['tutorial']) retrieved from /home/vladimir/.local/lib/python3.10/site-packages/airflow/example_dags/tutorial.py
[2023-04-23T03:12:55.170+0300] {logging_mixin.py:137} INFO - [2023-04-23T03:12:55.170+0300] {dag.py:2705} INFO - Sync 1 DAGs
[2023-04-23T03:12:55.184+0300] {logging_mixin.py:137} INFO - [2023-04-23T03:12:55.183+0300] {dag.py:3452} INFO - Setting next_dagrun for tutorial to 2023-04-22T00:12:55.183748+00:00, run_after=2023-04-23T00:12:55.183748+00:00
[2023-04-23T03:12:55.198+0300] {processor.py:175} INFO - Processing /home/vladimir/.local/lib/python3.10/site-packages/airflow/example_dags/tutorial.py took 0.055 seconds
[2023-04-23T03:13:35.679+0300] {processor.py:153} INFO - Started process (PID=7032) to work on /home/vladimir/.local/lib/python3.10/site-packages/airflow/example_dags/tutorial.py
[2023-04-23T03:13:35.680+0300] {processor.py:743} INFO - Processing file /home/vladimir/.local/lib/python3.10/site-packages/airflow/example_dags/tutorial.py for tasks to queue
[2023-04-23T03:13:35.681+0300] {logging_mixin.py:137} INFO - [2023-04-23T03:13:35.680+0300] {dagbag.py:532} INFO - Filling up the DagBag from /home/vladimir/.local/lib/python3.10/site-packages/airflow/example_dags/tutorial.py
[2023-04-23T03:13:35.692+0300] {processor.py:753} INFO - DAG(s) dict_keys(['tutorial']) retrieved from /home/vladimir/.local/lib/python3.10/site-packages/airflow/example_dags/tutorial.py
[2023-04-23T03:13:35.705+0300] {logging_mixin.py:137} INFO - [2023-04-23T03:13:35.705+0300] {dag.py:2705} INFO - Sync 1 DAGs
[2023-04-23T03:13:35.718+0300] {logging_mixin.py:137} INFO - [2023-04-23T03:13:35.718+0300] {dag.py:3452} INFO - Setting next_dagrun for tutorial to 2023-04-22T00:13:35.717887+00:00, run_after=2023-04-23T00:13:35.717887+00:00
[2023-04-23T03:13:35.730+0300] {processor.py:175} INFO - Processing /home/vladimir/.local/lib/python3.10/site-packages/airflow/example_dags/tutorial.py took 0.054 seconds
[2023-04-23T03:14:17.230+0300] {processor.py:153} INFO - Started process (PID=7087) to work on /home/vladimir/.local/lib/python3.10/site-packages/airflow/example_dags/tutorial.py
[2023-04-23T03:14:17.231+0300] {processor.py:743} INFO - Processing file /home/vladimir/.local/lib/python3.10/site-packages/airflow/example_dags/tutorial.py for tasks to queue
[2023-04-23T03:14:17.232+0300] {logging_mixin.py:137} INFO - [2023-04-23T03:14:17.232+0300] {dagbag.py:532} INFO - Filling up the DagBag from /home/vladimir/.local/lib/python3.10/site-packages/airflow/example_dags/tutorial.py
[2023-04-23T03:14:17.242+0300] {processor.py:753} INFO - DAG(s) dict_keys(['tutorial']) retrieved from /home/vladimir/.local/lib/python3.10/site-packages/airflow/example_dags/tutorial.py
[2023-04-23T03:14:17.256+0300] {logging_mixin.py:137} INFO - [2023-04-23T03:14:17.255+0300] {dag.py:2705} INFO - Sync 1 DAGs
[2023-04-23T03:14:17.268+0300] {logging_mixin.py:137} INFO - [2023-04-23T03:14:17.268+0300] {dag.py:3452} INFO - Setting next_dagrun for tutorial to 2023-04-22T00:14:17.268665+00:00, run_after=2023-04-23T00:14:17.268665+00:00
[2023-04-23T03:14:17.282+0300] {processor.py:175} INFO - Processing /home/vladimir/.local/lib/python3.10/site-packages/airflow/example_dags/tutorial.py took 0.054 seconds
[2023-04-23T03:14:57.767+0300] {processor.py:153} INFO - Started process (PID=7180) to work on /home/vladimir/.local/lib/python3.10/site-packages/airflow/example_dags/tutorial.py
[2023-04-23T03:14:57.767+0300] {processor.py:743} INFO - Processing file /home/vladimir/.local/lib/python3.10/site-packages/airflow/example_dags/tutorial.py for tasks to queue
[2023-04-23T03:14:57.768+0300] {logging_mixin.py:137} INFO - [2023-04-23T03:14:57.768+0300] {dagbag.py:532} INFO - Filling up the DagBag from /home/vladimir/.local/lib/python3.10/site-packages/airflow/example_dags/tutorial.py
[2023-04-23T03:14:57.779+0300] {processor.py:753} INFO - DAG(s) dict_keys(['tutorial']) retrieved from /home/vladimir/.local/lib/python3.10/site-packages/airflow/example_dags/tutorial.py
[2023-04-23T03:14:57.791+0300] {logging_mixin.py:137} INFO - [2023-04-23T03:14:57.791+0300] {dag.py:2705} INFO - Sync 1 DAGs
[2023-04-23T03:14:57.804+0300] {logging_mixin.py:137} INFO - [2023-04-23T03:14:57.804+0300] {dag.py:3452} INFO - Setting next_dagrun for tutorial to 2023-04-22T00:14:57.804627+00:00, run_after=2023-04-23T00:14:57.804627+00:00
[2023-04-23T03:14:57.816+0300] {processor.py:175} INFO - Processing /home/vladimir/.local/lib/python3.10/site-packages/airflow/example_dags/tutorial.py took 0.052 seconds
[2023-04-23T03:15:37.138+0300] {processor.py:153} INFO - Started process (PID=7233) to work on /home/vladimir/.local/lib/python3.10/site-packages/airflow/example_dags/tutorial.py
[2023-04-23T03:15:37.139+0300] {processor.py:743} INFO - Processing file /home/vladimir/.local/lib/python3.10/site-packages/airflow/example_dags/tutorial.py for tasks to queue
[2023-04-23T03:15:37.140+0300] {logging_mixin.py:137} INFO - [2023-04-23T03:15:37.140+0300] {dagbag.py:532} INFO - Filling up the DagBag from /home/vladimir/.local/lib/python3.10/site-packages/airflow/example_dags/tutorial.py
[2023-04-23T03:15:37.150+0300] {processor.py:753} INFO - DAG(s) dict_keys(['tutorial']) retrieved from /home/vladimir/.local/lib/python3.10/site-packages/airflow/example_dags/tutorial.py
[2023-04-23T03:15:37.163+0300] {logging_mixin.py:137} INFO - [2023-04-23T03:15:37.163+0300] {dag.py:2705} INFO - Sync 1 DAGs
[2023-04-23T03:15:37.175+0300] {logging_mixin.py:137} INFO - [2023-04-23T03:15:37.175+0300] {dag.py:3452} INFO - Setting next_dagrun for tutorial to 2023-04-22T00:15:37.175204+00:00, run_after=2023-04-23T00:15:37.175204+00:00
[2023-04-23T03:15:37.188+0300] {processor.py:175} INFO - Processing /home/vladimir/.local/lib/python3.10/site-packages/airflow/example_dags/tutorial.py took 0.052 seconds
[2023-04-23T03:16:18.812+0300] {processor.py:153} INFO - Started process (PID=7288) to work on /home/vladimir/.local/lib/python3.10/site-packages/airflow/example_dags/tutorial.py
[2023-04-23T03:16:18.813+0300] {processor.py:743} INFO - Processing file /home/vladimir/.local/lib/python3.10/site-packages/airflow/example_dags/tutorial.py for tasks to queue
[2023-04-23T03:16:18.813+0300] {logging_mixin.py:137} INFO - [2023-04-23T03:16:18.813+0300] {dagbag.py:532} INFO - Filling up the DagBag from /home/vladimir/.local/lib/python3.10/site-packages/airflow/example_dags/tutorial.py
[2023-04-23T03:16:18.827+0300] {processor.py:753} INFO - DAG(s) dict_keys(['tutorial']) retrieved from /home/vladimir/.local/lib/python3.10/site-packages/airflow/example_dags/tutorial.py
[2023-04-23T03:16:18.841+0300] {logging_mixin.py:137} INFO - [2023-04-23T03:16:18.841+0300] {dag.py:2705} INFO - Sync 1 DAGs
[2023-04-23T03:16:18.853+0300] {logging_mixin.py:137} INFO - [2023-04-23T03:16:18.853+0300] {dag.py:3452} INFO - Setting next_dagrun for tutorial to 2023-04-22T00:16:18.853643+00:00, run_after=2023-04-23T00:16:18.853643+00:00
[2023-04-23T03:16:18.868+0300] {processor.py:175} INFO - Processing /home/vladimir/.local/lib/python3.10/site-packages/airflow/example_dags/tutorial.py took 0.058 seconds
[2023-04-23T03:16:58.209+0300] {processor.py:153} INFO - Started process (PID=7364) to work on /home/vladimir/.local/lib/python3.10/site-packages/airflow/example_dags/tutorial.py
[2023-04-23T03:16:58.210+0300] {processor.py:743} INFO - Processing file /home/vladimir/.local/lib/python3.10/site-packages/airflow/example_dags/tutorial.py for tasks to queue
[2023-04-23T03:16:58.211+0300] {logging_mixin.py:137} INFO - [2023-04-23T03:16:58.211+0300] {dagbag.py:532} INFO - Filling up the DagBag from /home/vladimir/.local/lib/python3.10/site-packages/airflow/example_dags/tutorial.py
[2023-04-23T03:16:58.220+0300] {processor.py:753} INFO - DAG(s) dict_keys(['tutorial']) retrieved from /home/vladimir/.local/lib/python3.10/site-packages/airflow/example_dags/tutorial.py
[2023-04-23T03:16:58.233+0300] {logging_mixin.py:137} INFO - [2023-04-23T03:16:58.233+0300] {dag.py:2705} INFO - Sync 1 DAGs
[2023-04-23T03:16:58.246+0300] {logging_mixin.py:137} INFO - [2023-04-23T03:16:58.245+0300] {dag.py:3452} INFO - Setting next_dagrun for tutorial to 2023-04-22T00:16:58.245647+00:00, run_after=2023-04-23T00:16:58.245647+00:00
[2023-04-23T03:16:58.257+0300] {processor.py:175} INFO - Processing /home/vladimir/.local/lib/python3.10/site-packages/airflow/example_dags/tutorial.py took 0.050 seconds
[2023-04-23T03:17:38.420+0300] {processor.py:153} INFO - Started process (PID=7410) to work on /home/vladimir/.local/lib/python3.10/site-packages/airflow/example_dags/tutorial.py
[2023-04-23T03:17:38.421+0300] {processor.py:743} INFO - Processing file /home/vladimir/.local/lib/python3.10/site-packages/airflow/example_dags/tutorial.py for tasks to queue
[2023-04-23T03:17:38.421+0300] {logging_mixin.py:137} INFO - [2023-04-23T03:17:38.421+0300] {dagbag.py:532} INFO - Filling up the DagBag from /home/vladimir/.local/lib/python3.10/site-packages/airflow/example_dags/tutorial.py
[2023-04-23T03:17:38.431+0300] {processor.py:753} INFO - DAG(s) dict_keys(['tutorial']) retrieved from /home/vladimir/.local/lib/python3.10/site-packages/airflow/example_dags/tutorial.py
[2023-04-23T03:17:38.443+0300] {logging_mixin.py:137} INFO - [2023-04-23T03:17:38.443+0300] {dag.py:2705} INFO - Sync 1 DAGs
[2023-04-23T03:17:38.455+0300] {logging_mixin.py:137} INFO - [2023-04-23T03:17:38.455+0300] {dag.py:3452} INFO - Setting next_dagrun for tutorial to 2023-04-22T00:17:38.455541+00:00, run_after=2023-04-23T00:17:38.455541+00:00
[2023-04-23T03:17:38.467+0300] {processor.py:175} INFO - Processing /home/vladimir/.local/lib/python3.10/site-packages/airflow/example_dags/tutorial.py took 0.050 seconds
[2023-04-23T03:18:16.837+0300] {processor.py:153} INFO - Started process (PID=7458) to work on /home/vladimir/.local/lib/python3.10/site-packages/airflow/example_dags/tutorial.py
[2023-04-23T03:18:16.838+0300] {processor.py:743} INFO - Processing file /home/vladimir/.local/lib/python3.10/site-packages/airflow/example_dags/tutorial.py for tasks to queue
[2023-04-23T03:18:16.839+0300] {logging_mixin.py:137} INFO - [2023-04-23T03:18:16.839+0300] {dagbag.py:532} INFO - Filling up the DagBag from /home/vladimir/.local/lib/python3.10/site-packages/airflow/example_dags/tutorial.py
[2023-04-23T03:18:16.848+0300] {processor.py:753} INFO - DAG(s) dict_keys(['tutorial']) retrieved from /home/vladimir/.local/lib/python3.10/site-packages/airflow/example_dags/tutorial.py
[2023-04-23T03:18:16.862+0300] {logging_mixin.py:137} INFO - [2023-04-23T03:18:16.861+0300] {dag.py:2705} INFO - Sync 1 DAGs
[2023-04-23T03:18:16.873+0300] {logging_mixin.py:137} INFO - [2023-04-23T03:18:16.873+0300] {dag.py:3452} INFO - Setting next_dagrun for tutorial to 2023-04-22T00:18:16.873605+00:00, run_after=2023-04-23T00:18:16.873605+00:00
[2023-04-23T03:18:16.884+0300] {processor.py:175} INFO - Processing /home/vladimir/.local/lib/python3.10/site-packages/airflow/example_dags/tutorial.py took 0.049 seconds
[2023-04-23T03:18:55.668+0300] {processor.py:153} INFO - Started process (PID=7501) to work on /home/vladimir/.local/lib/python3.10/site-packages/airflow/example_dags/tutorial.py
[2023-04-23T03:18:55.669+0300] {processor.py:743} INFO - Processing file /home/vladimir/.local/lib/python3.10/site-packages/airflow/example_dags/tutorial.py for tasks to queue
[2023-04-23T03:18:55.669+0300] {logging_mixin.py:137} INFO - [2023-04-23T03:18:55.669+0300] {dagbag.py:532} INFO - Filling up the DagBag from /home/vladimir/.local/lib/python3.10/site-packages/airflow/example_dags/tutorial.py
[2023-04-23T03:18:55.679+0300] {processor.py:753} INFO - DAG(s) dict_keys(['tutorial']) retrieved from /home/vladimir/.local/lib/python3.10/site-packages/airflow/example_dags/tutorial.py
[2023-04-23T03:18:55.694+0300] {logging_mixin.py:137} INFO - [2023-04-23T03:18:55.694+0300] {dag.py:2705} INFO - Sync 1 DAGs
[2023-04-23T03:18:55.706+0300] {logging_mixin.py:137} INFO - [2023-04-23T03:18:55.706+0300] {dag.py:3452} INFO - Setting next_dagrun for tutorial to 2023-04-22T00:18:55.706269+00:00, run_after=2023-04-23T00:18:55.706269+00:00
[2023-04-23T03:18:55.718+0300] {processor.py:175} INFO - Processing /home/vladimir/.local/lib/python3.10/site-packages/airflow/example_dags/tutorial.py took 0.052 seconds
[2023-04-23T03:19:36.842+0300] {processor.py:153} INFO - Started process (PID=7589) to work on /home/vladimir/.local/lib/python3.10/site-packages/airflow/example_dags/tutorial.py
[2023-04-23T03:19:36.843+0300] {processor.py:743} INFO - Processing file /home/vladimir/.local/lib/python3.10/site-packages/airflow/example_dags/tutorial.py for tasks to queue
[2023-04-23T03:19:36.844+0300] {logging_mixin.py:137} INFO - [2023-04-23T03:19:36.844+0300] {dagbag.py:532} INFO - Filling up the DagBag from /home/vladimir/.local/lib/python3.10/site-packages/airflow/example_dags/tutorial.py
[2023-04-23T03:19:36.853+0300] {processor.py:753} INFO - DAG(s) dict_keys(['tutorial']) retrieved from /home/vladimir/.local/lib/python3.10/site-packages/airflow/example_dags/tutorial.py
[2023-04-23T03:19:36.866+0300] {logging_mixin.py:137} INFO - [2023-04-23T03:19:36.866+0300] {dag.py:2705} INFO - Sync 1 DAGs
[2023-04-23T03:19:36.879+0300] {logging_mixin.py:137} INFO - [2023-04-23T03:19:36.879+0300] {dag.py:3452} INFO - Setting next_dagrun for tutorial to 2023-04-22T00:19:36.879134+00:00, run_after=2023-04-23T00:19:36.879134+00:00
[2023-04-23T03:19:36.920+0300] {processor.py:175} INFO - Processing /home/vladimir/.local/lib/python3.10/site-packages/airflow/example_dags/tutorial.py took 0.081 seconds
[2023-04-23T03:20:28.273+0300] {processor.py:153} INFO - Started process (PID=7848) to work on /home/vladimir/.local/lib/python3.10/site-packages/airflow/example_dags/tutorial.py
[2023-04-23T03:20:28.274+0300] {processor.py:743} INFO - Processing file /home/vladimir/.local/lib/python3.10/site-packages/airflow/example_dags/tutorial.py for tasks to queue
[2023-04-23T03:20:28.275+0300] {logging_mixin.py:137} INFO - [2023-04-23T03:20:28.275+0300] {dagbag.py:532} INFO - Filling up the DagBag from /home/vladimir/.local/lib/python3.10/site-packages/airflow/example_dags/tutorial.py
[2023-04-23T03:20:28.284+0300] {processor.py:753} INFO - DAG(s) dict_keys(['tutorial']) retrieved from /home/vladimir/.local/lib/python3.10/site-packages/airflow/example_dags/tutorial.py
[2023-04-23T03:20:28.297+0300] {logging_mixin.py:137} INFO - [2023-04-23T03:20:28.297+0300] {dag.py:2705} INFO - Sync 1 DAGs
[2023-04-23T03:20:28.309+0300] {logging_mixin.py:137} INFO - [2023-04-23T03:20:28.309+0300] {dag.py:3452} INFO - Setting next_dagrun for tutorial to 2023-04-22T00:20:28.309583+00:00, run_after=2023-04-23T00:20:28.309583+00:00
[2023-04-23T03:20:28.324+0300] {processor.py:175} INFO - Processing /home/vladimir/.local/lib/python3.10/site-packages/airflow/example_dags/tutorial.py took 0.054 seconds
[2023-04-23T03:21:11.781+0300] {processor.py:153} INFO - Started process (PID=7933) to work on /home/vladimir/.local/lib/python3.10/site-packages/airflow/example_dags/tutorial.py
[2023-04-23T03:21:11.783+0300] {processor.py:743} INFO - Processing file /home/vladimir/.local/lib/python3.10/site-packages/airflow/example_dags/tutorial.py for tasks to queue
[2023-04-23T03:21:11.783+0300] {logging_mixin.py:137} INFO - [2023-04-23T03:21:11.783+0300] {dagbag.py:532} INFO - Filling up the DagBag from /home/vladimir/.local/lib/python3.10/site-packages/airflow/example_dags/tutorial.py
[2023-04-23T03:21:11.806+0300] {processor.py:753} INFO - DAG(s) dict_keys(['tutorial']) retrieved from /home/vladimir/.local/lib/python3.10/site-packages/airflow/example_dags/tutorial.py
[2023-04-23T03:21:11.844+0300] {logging_mixin.py:137} INFO - [2023-04-23T03:21:11.844+0300] {dag.py:2705} INFO - Sync 1 DAGs
[2023-04-23T03:21:11.872+0300] {logging_mixin.py:137} INFO - [2023-04-23T03:21:11.872+0300] {dag.py:3452} INFO - Setting next_dagrun for tutorial to 2023-04-22T00:21:11.872552+00:00, run_after=2023-04-23T00:21:11.872552+00:00
[2023-04-23T03:21:11.902+0300] {processor.py:175} INFO - Processing /home/vladimir/.local/lib/python3.10/site-packages/airflow/example_dags/tutorial.py took 0.131 seconds
