[2023-04-23T03:12:37.469+0300] {processor.py:153} INFO - Started process (PID=6942) to work on /home/vladimir/.local/lib/python3.10/site-packages/airflow/example_dags/tutorial_taskflow_api_virtualenv.py
[2023-04-23T03:12:37.470+0300] {processor.py:743} INFO - Processing file /home/vladimir/.local/lib/python3.10/site-packages/airflow/example_dags/tutorial_taskflow_api_virtualenv.py for tasks to queue
[2023-04-23T03:12:37.471+0300] {logging_mixin.py:137} INFO - [2023-04-23T03:12:37.471+0300] {dagbag.py:532} INFO - Filling up the DagBag from /home/vladimir/.local/lib/python3.10/site-packages/airflow/example_dags/tutorial_taskflow_api_virtualenv.py
[2023-04-23T03:12:37.481+0300] {logging_mixin.py:137} INFO - [2023-04-23T03:12:37.481+0300] {tutorial_taskflow_api_virtualenv.py:29} WARNING - The tutorial_taskflow_api_virtualenv example DAG requires virtualenv, please install it.
[2023-04-23T03:12:37.481+0300] {processor.py:755} WARNING - No viable dags retrieved from /home/vladimir/.local/lib/python3.10/site-packages/airflow/example_dags/tutorial_taskflow_api_virtualenv.py
[2023-04-23T03:12:37.487+0300] {processor.py:175} INFO - Processing /home/vladimir/.local/lib/python3.10/site-packages/airflow/example_dags/tutorial_taskflow_api_virtualenv.py took 0.020 seconds
[2023-04-23T03:13:16.366+0300] {processor.py:153} INFO - Started process (PID=7005) to work on /home/vladimir/.local/lib/python3.10/site-packages/airflow/example_dags/tutorial_taskflow_api_virtualenv.py
[2023-04-23T03:13:16.367+0300] {processor.py:743} INFO - Processing file /home/vladimir/.local/lib/python3.10/site-packages/airflow/example_dags/tutorial_taskflow_api_virtualenv.py for tasks to queue
[2023-04-23T03:13:16.368+0300] {logging_mixin.py:137} INFO - [2023-04-23T03:13:16.368+0300] {dagbag.py:532} INFO - Filling up the DagBag from /home/vladimir/.local/lib/python3.10/site-packages/airflow/example_dags/tutorial_taskflow_api_virtualenv.py
[2023-04-23T03:13:16.378+0300] {logging_mixin.py:137} INFO - [2023-04-23T03:13:16.378+0300] {tutorial_taskflow_api_virtualenv.py:29} WARNING - The tutorial_taskflow_api_virtualenv example DAG requires virtualenv, please install it.
[2023-04-23T03:13:16.378+0300] {processor.py:755} WARNING - No viable dags retrieved from /home/vladimir/.local/lib/python3.10/site-packages/airflow/example_dags/tutorial_taskflow_api_virtualenv.py
[2023-04-23T03:13:16.385+0300] {processor.py:175} INFO - Processing /home/vladimir/.local/lib/python3.10/site-packages/airflow/example_dags/tutorial_taskflow_api_virtualenv.py took 0.021 seconds
[2023-04-23T03:13:57.563+0300] {processor.py:153} INFO - Started process (PID=7063) to work on /home/vladimir/.local/lib/python3.10/site-packages/airflow/example_dags/tutorial_taskflow_api_virtualenv.py
[2023-04-23T03:13:57.564+0300] {processor.py:743} INFO - Processing file /home/vladimir/.local/lib/python3.10/site-packages/airflow/example_dags/tutorial_taskflow_api_virtualenv.py for tasks to queue
[2023-04-23T03:13:57.565+0300] {logging_mixin.py:137} INFO - [2023-04-23T03:13:57.565+0300] {dagbag.py:532} INFO - Filling up the DagBag from /home/vladimir/.local/lib/python3.10/site-packages/airflow/example_dags/tutorial_taskflow_api_virtualenv.py
[2023-04-23T03:13:57.576+0300] {logging_mixin.py:137} INFO - [2023-04-23T03:13:57.576+0300] {tutorial_taskflow_api_virtualenv.py:29} WARNING - The tutorial_taskflow_api_virtualenv example DAG requires virtualenv, please install it.
[2023-04-23T03:13:57.576+0300] {processor.py:755} WARNING - No viable dags retrieved from /home/vladimir/.local/lib/python3.10/site-packages/airflow/example_dags/tutorial_taskflow_api_virtualenv.py
[2023-04-23T03:13:57.583+0300] {processor.py:175} INFO - Processing /home/vladimir/.local/lib/python3.10/site-packages/airflow/example_dags/tutorial_taskflow_api_virtualenv.py took 0.022 seconds
[2023-04-23T03:14:38.635+0300] {processor.py:153} INFO - Started process (PID=7118) to work on /home/vladimir/.local/lib/python3.10/site-packages/airflow/example_dags/tutorial_taskflow_api_virtualenv.py
[2023-04-23T03:14:38.635+0300] {processor.py:743} INFO - Processing file /home/vladimir/.local/lib/python3.10/site-packages/airflow/example_dags/tutorial_taskflow_api_virtualenv.py for tasks to queue
[2023-04-23T03:14:38.636+0300] {logging_mixin.py:137} INFO - [2023-04-23T03:14:38.636+0300] {dagbag.py:532} INFO - Filling up the DagBag from /home/vladimir/.local/lib/python3.10/site-packages/airflow/example_dags/tutorial_taskflow_api_virtualenv.py
[2023-04-23T03:14:38.646+0300] {logging_mixin.py:137} INFO - [2023-04-23T03:14:38.646+0300] {tutorial_taskflow_api_virtualenv.py:29} WARNING - The tutorial_taskflow_api_virtualenv example DAG requires virtualenv, please install it.
[2023-04-23T03:14:38.646+0300] {processor.py:755} WARNING - No viable dags retrieved from /home/vladimir/.local/lib/python3.10/site-packages/airflow/example_dags/tutorial_taskflow_api_virtualenv.py
[2023-04-23T03:14:38.653+0300] {processor.py:175} INFO - Processing /home/vladimir/.local/lib/python3.10/site-packages/airflow/example_dags/tutorial_taskflow_api_virtualenv.py took 0.021 seconds
[2023-04-23T03:15:19.135+0300] {processor.py:153} INFO - Started process (PID=7210) to work on /home/vladimir/.local/lib/python3.10/site-packages/airflow/example_dags/tutorial_taskflow_api_virtualenv.py
[2023-04-23T03:15:19.136+0300] {processor.py:743} INFO - Processing file /home/vladimir/.local/lib/python3.10/site-packages/airflow/example_dags/tutorial_taskflow_api_virtualenv.py for tasks to queue
[2023-04-23T03:15:19.137+0300] {logging_mixin.py:137} INFO - [2023-04-23T03:15:19.137+0300] {dagbag.py:532} INFO - Filling up the DagBag from /home/vladimir/.local/lib/python3.10/site-packages/airflow/example_dags/tutorial_taskflow_api_virtualenv.py
[2023-04-23T03:15:19.149+0300] {logging_mixin.py:137} INFO - [2023-04-23T03:15:19.149+0300] {tutorial_taskflow_api_virtualenv.py:29} WARNING - The tutorial_taskflow_api_virtualenv example DAG requires virtualenv, please install it.
[2023-04-23T03:15:19.149+0300] {processor.py:755} WARNING - No viable dags retrieved from /home/vladimir/.local/lib/python3.10/site-packages/airflow/example_dags/tutorial_taskflow_api_virtualenv.py
[2023-04-23T03:15:19.158+0300] {processor.py:175} INFO - Processing /home/vladimir/.local/lib/python3.10/site-packages/airflow/example_dags/tutorial_taskflow_api_virtualenv.py took 0.025 seconds
[2023-04-23T03:15:59.675+0300] {processor.py:153} INFO - Started process (PID=7267) to work on /home/vladimir/.local/lib/python3.10/site-packages/airflow/example_dags/tutorial_taskflow_api_virtualenv.py
[2023-04-23T03:15:59.676+0300] {processor.py:743} INFO - Processing file /home/vladimir/.local/lib/python3.10/site-packages/airflow/example_dags/tutorial_taskflow_api_virtualenv.py for tasks to queue
[2023-04-23T03:15:59.677+0300] {logging_mixin.py:137} INFO - [2023-04-23T03:15:59.676+0300] {dagbag.py:532} INFO - Filling up the DagBag from /home/vladimir/.local/lib/python3.10/site-packages/airflow/example_dags/tutorial_taskflow_api_virtualenv.py
[2023-04-23T03:15:59.690+0300] {logging_mixin.py:137} INFO - [2023-04-23T03:15:59.690+0300] {tutorial_taskflow_api_virtualenv.py:29} WARNING - The tutorial_taskflow_api_virtualenv example DAG requires virtualenv, please install it.
[2023-04-23T03:15:59.690+0300] {processor.py:755} WARNING - No viable dags retrieved from /home/vladimir/.local/lib/python3.10/site-packages/airflow/example_dags/tutorial_taskflow_api_virtualenv.py
[2023-04-23T03:15:59.697+0300] {processor.py:175} INFO - Processing /home/vladimir/.local/lib/python3.10/site-packages/airflow/example_dags/tutorial_taskflow_api_virtualenv.py took 0.024 seconds
[2023-04-23T03:16:37.945+0300] {processor.py:153} INFO - Started process (PID=7341) to work on /home/vladimir/.local/lib/python3.10/site-packages/airflow/example_dags/tutorial_taskflow_api_virtualenv.py
[2023-04-23T03:16:37.946+0300] {processor.py:743} INFO - Processing file /home/vladimir/.local/lib/python3.10/site-packages/airflow/example_dags/tutorial_taskflow_api_virtualenv.py for tasks to queue
[2023-04-23T03:16:37.946+0300] {logging_mixin.py:137} INFO - [2023-04-23T03:16:37.946+0300] {dagbag.py:532} INFO - Filling up the DagBag from /home/vladimir/.local/lib/python3.10/site-packages/airflow/example_dags/tutorial_taskflow_api_virtualenv.py
[2023-04-23T03:16:37.956+0300] {logging_mixin.py:137} INFO - [2023-04-23T03:16:37.956+0300] {tutorial_taskflow_api_virtualenv.py:29} WARNING - The tutorial_taskflow_api_virtualenv example DAG requires virtualenv, please install it.
[2023-04-23T03:16:37.957+0300] {processor.py:755} WARNING - No viable dags retrieved from /home/vladimir/.local/lib/python3.10/site-packages/airflow/example_dags/tutorial_taskflow_api_virtualenv.py
[2023-04-23T03:16:37.963+0300] {processor.py:175} INFO - Processing /home/vladimir/.local/lib/python3.10/site-packages/airflow/example_dags/tutorial_taskflow_api_virtualenv.py took 0.020 seconds
[2023-04-23T03:17:20.747+0300] {processor.py:153} INFO - Started process (PID=7390) to work on /home/vladimir/.local/lib/python3.10/site-packages/airflow/example_dags/tutorial_taskflow_api_virtualenv.py
[2023-04-23T03:17:20.747+0300] {processor.py:743} INFO - Processing file /home/vladimir/.local/lib/python3.10/site-packages/airflow/example_dags/tutorial_taskflow_api_virtualenv.py for tasks to queue
[2023-04-23T03:17:20.748+0300] {logging_mixin.py:137} INFO - [2023-04-23T03:17:20.748+0300] {dagbag.py:532} INFO - Filling up the DagBag from /home/vladimir/.local/lib/python3.10/site-packages/airflow/example_dags/tutorial_taskflow_api_virtualenv.py
[2023-04-23T03:17:20.758+0300] {logging_mixin.py:137} INFO - [2023-04-23T03:17:20.757+0300] {tutorial_taskflow_api_virtualenv.py:29} WARNING - The tutorial_taskflow_api_virtualenv example DAG requires virtualenv, please install it.
[2023-04-23T03:17:20.758+0300] {processor.py:755} WARNING - No viable dags retrieved from /home/vladimir/.local/lib/python3.10/site-packages/airflow/example_dags/tutorial_taskflow_api_virtualenv.py
[2023-04-23T03:17:20.763+0300] {processor.py:175} INFO - Processing /home/vladimir/.local/lib/python3.10/site-packages/airflow/example_dags/tutorial_taskflow_api_virtualenv.py took 0.019 seconds
[2023-04-23T03:17:59.018+0300] {processor.py:153} INFO - Started process (PID=7436) to work on /home/vladimir/.local/lib/python3.10/site-packages/airflow/example_dags/tutorial_taskflow_api_virtualenv.py
[2023-04-23T03:17:59.019+0300] {processor.py:743} INFO - Processing file /home/vladimir/.local/lib/python3.10/site-packages/airflow/example_dags/tutorial_taskflow_api_virtualenv.py for tasks to queue
[2023-04-23T03:17:59.019+0300] {logging_mixin.py:137} INFO - [2023-04-23T03:17:59.019+0300] {dagbag.py:532} INFO - Filling up the DagBag from /home/vladimir/.local/lib/python3.10/site-packages/airflow/example_dags/tutorial_taskflow_api_virtualenv.py
[2023-04-23T03:17:59.029+0300] {logging_mixin.py:137} INFO - [2023-04-23T03:17:59.029+0300] {tutorial_taskflow_api_virtualenv.py:29} WARNING - The tutorial_taskflow_api_virtualenv example DAG requires virtualenv, please install it.
[2023-04-23T03:17:59.029+0300] {processor.py:755} WARNING - No viable dags retrieved from /home/vladimir/.local/lib/python3.10/site-packages/airflow/example_dags/tutorial_taskflow_api_virtualenv.py
[2023-04-23T03:17:59.035+0300] {processor.py:175} INFO - Processing /home/vladimir/.local/lib/python3.10/site-packages/airflow/example_dags/tutorial_taskflow_api_virtualenv.py took 0.019 seconds
[2023-04-23T03:18:37.956+0300] {processor.py:153} INFO - Started process (PID=7480) to work on /home/vladimir/.local/lib/python3.10/site-packages/airflow/example_dags/tutorial_taskflow_api_virtualenv.py
[2023-04-23T03:18:37.957+0300] {processor.py:743} INFO - Processing file /home/vladimir/.local/lib/python3.10/site-packages/airflow/example_dags/tutorial_taskflow_api_virtualenv.py for tasks to queue
[2023-04-23T03:18:37.957+0300] {logging_mixin.py:137} INFO - [2023-04-23T03:18:37.957+0300] {dagbag.py:532} INFO - Filling up the DagBag from /home/vladimir/.local/lib/python3.10/site-packages/airflow/example_dags/tutorial_taskflow_api_virtualenv.py
[2023-04-23T03:18:37.967+0300] {logging_mixin.py:137} INFO - [2023-04-23T03:18:37.967+0300] {tutorial_taskflow_api_virtualenv.py:29} WARNING - The tutorial_taskflow_api_virtualenv example DAG requires virtualenv, please install it.
[2023-04-23T03:18:37.968+0300] {processor.py:755} WARNING - No viable dags retrieved from /home/vladimir/.local/lib/python3.10/site-packages/airflow/example_dags/tutorial_taskflow_api_virtualenv.py
[2023-04-23T03:18:37.974+0300] {processor.py:175} INFO - Processing /home/vladimir/.local/lib/python3.10/site-packages/airflow/example_dags/tutorial_taskflow_api_virtualenv.py took 0.020 seconds
[2023-04-23T03:19:18.558+0300] {processor.py:153} INFO - Started process (PID=7526) to work on /home/vladimir/.local/lib/python3.10/site-packages/airflow/example_dags/tutorial_taskflow_api_virtualenv.py
[2023-04-23T03:19:18.559+0300] {processor.py:743} INFO - Processing file /home/vladimir/.local/lib/python3.10/site-packages/airflow/example_dags/tutorial_taskflow_api_virtualenv.py for tasks to queue
[2023-04-23T03:19:18.559+0300] {logging_mixin.py:137} INFO - [2023-04-23T03:19:18.559+0300] {dagbag.py:532} INFO - Filling up the DagBag from /home/vladimir/.local/lib/python3.10/site-packages/airflow/example_dags/tutorial_taskflow_api_virtualenv.py
[2023-04-23T03:19:18.570+0300] {logging_mixin.py:137} INFO - [2023-04-23T03:19:18.570+0300] {tutorial_taskflow_api_virtualenv.py:29} WARNING - The tutorial_taskflow_api_virtualenv example DAG requires virtualenv, please install it.
[2023-04-23T03:19:18.570+0300] {processor.py:755} WARNING - No viable dags retrieved from /home/vladimir/.local/lib/python3.10/site-packages/airflow/example_dags/tutorial_taskflow_api_virtualenv.py
[2023-04-23T03:19:18.575+0300] {processor.py:175} INFO - Processing /home/vladimir/.local/lib/python3.10/site-packages/airflow/example_dags/tutorial_taskflow_api_virtualenv.py took 0.019 seconds
[2023-04-23T03:20:07.987+0300] {processor.py:153} INFO - Started process (PID=7822) to work on /home/vladimir/.local/lib/python3.10/site-packages/airflow/example_dags/tutorial_taskflow_api_virtualenv.py
[2023-04-23T03:20:07.988+0300] {processor.py:743} INFO - Processing file /home/vladimir/.local/lib/python3.10/site-packages/airflow/example_dags/tutorial_taskflow_api_virtualenv.py for tasks to queue
[2023-04-23T03:20:07.988+0300] {logging_mixin.py:137} INFO - [2023-04-23T03:20:07.988+0300] {dagbag.py:532} INFO - Filling up the DagBag from /home/vladimir/.local/lib/python3.10/site-packages/airflow/example_dags/tutorial_taskflow_api_virtualenv.py
[2023-04-23T03:20:08.000+0300] {logging_mixin.py:137} INFO - [2023-04-23T03:20:07.999+0300] {tutorial_taskflow_api_virtualenv.py:29} WARNING - The tutorial_taskflow_api_virtualenv example DAG requires virtualenv, please install it.
[2023-04-23T03:20:08.000+0300] {processor.py:755} WARNING - No viable dags retrieved from /home/vladimir/.local/lib/python3.10/site-packages/airflow/example_dags/tutorial_taskflow_api_virtualenv.py
[2023-04-23T03:20:08.006+0300] {processor.py:175} INFO - Processing /home/vladimir/.local/lib/python3.10/site-packages/airflow/example_dags/tutorial_taskflow_api_virtualenv.py took 0.021 seconds
[2023-04-23T03:20:50.989+0300] {processor.py:153} INFO - Started process (PID=7887) to work on /home/vladimir/.local/lib/python3.10/site-packages/airflow/example_dags/tutorial_taskflow_api_virtualenv.py
[2023-04-23T03:20:50.991+0300] {processor.py:743} INFO - Processing file /home/vladimir/.local/lib/python3.10/site-packages/airflow/example_dags/tutorial_taskflow_api_virtualenv.py for tasks to queue
[2023-04-23T03:20:50.992+0300] {logging_mixin.py:137} INFO - [2023-04-23T03:20:50.991+0300] {dagbag.py:532} INFO - Filling up the DagBag from /home/vladimir/.local/lib/python3.10/site-packages/airflow/example_dags/tutorial_taskflow_api_virtualenv.py
[2023-04-23T03:20:51.009+0300] {logging_mixin.py:137} INFO - [2023-04-23T03:20:51.009+0300] {tutorial_taskflow_api_virtualenv.py:29} WARNING - The tutorial_taskflow_api_virtualenv example DAG requires virtualenv, please install it.
[2023-04-23T03:20:51.009+0300] {processor.py:755} WARNING - No viable dags retrieved from /home/vladimir/.local/lib/python3.10/site-packages/airflow/example_dags/tutorial_taskflow_api_virtualenv.py
[2023-04-23T03:20:51.016+0300] {processor.py:175} INFO - Processing /home/vladimir/.local/lib/python3.10/site-packages/airflow/example_dags/tutorial_taskflow_api_virtualenv.py took 0.032 seconds
