[2023-04-23T21:10:41.834+0300] {taskinstance.py:1090} INFO - Dependencies all met for dep_context=non-requeueable deps ti=<TaskInstance: db_train.cr_table manual__2023-04-23T18:10:38.446529+00:00 [queued]>
[2023-04-23T21:10:41.844+0300] {taskinstance.py:1090} INFO - Dependencies all met for dep_context=requeueable deps ti=<TaskInstance: db_train.cr_table manual__2023-04-23T18:10:38.446529+00:00 [queued]>
[2023-04-23T21:10:41.844+0300] {taskinstance.py:1288} INFO - 
--------------------------------------------------------------------------------
[2023-04-23T21:10:41.845+0300] {taskinstance.py:1289} INFO - Starting attempt 1 of 5
[2023-04-23T21:10:41.845+0300] {taskinstance.py:1290} INFO - 
--------------------------------------------------------------------------------
[2023-04-23T21:10:41.858+0300] {taskinstance.py:1309} INFO - Executing <Task(MySqlOperator): cr_table> on 2023-04-23 18:10:38.446529+00:00
[2023-04-23T21:10:41.861+0300] {standard_task_runner.py:55} INFO - Started process 11958 to run task
[2023-04-23T21:10:41.877+0300] {standard_task_runner.py:82} INFO - Running: ['airflow', 'tasks', 'run', 'db_train', 'cr_table', 'manual__2023-04-23T18:10:38.446529+00:00', '--job-id', '62', '--raw', '--subdir', 'DAGS_FOLDER/train_db.py', '--cfg-path', '/tmp/tmpnntjy3qx']
[2023-04-23T21:10:41.880+0300] {standard_task_runner.py:83} INFO - Job 62: Subtask cr_table
[2023-04-23T21:10:42.075+0300] {task_command.py:389} INFO - Running <TaskInstance: db_train.cr_table manual__2023-04-23T18:10:38.446529+00:00 [running]> on host vladimir-virtual-machine
[2023-04-23T21:10:42.132+0300] {taskinstance.py:1516} INFO - Exporting the following env vars:
AIRFLOW_CTX_DAG_OWNER=vladimir
AIRFLOW_CTX_DAG_ID=db_train
AIRFLOW_CTX_TASK_ID=cr_table
AIRFLOW_CTX_EXECUTION_DATE=2023-04-23T18:10:38.446529+00:00
AIRFLOW_CTX_TRY_NUMBER=1
AIRFLOW_CTX_DAG_RUN_ID=manual__2023-04-23T18:10:38.446529+00:00
[2023-04-23T21:10:42.132+0300] {sql.py:262} INFO - Executing: 
            create table if not exists popki (
                dt datetime,
                dag_id VARCHAR(40),
                primary key (dt, dag_id)
            )
        
[2023-04-23T21:10:42.136+0300] {base.py:73} INFO - Using connection ID 'mysql_connection_train' for task execution.
[2023-04-23T21:10:42.277+0300] {base.py:73} INFO - Using connection ID 'mysql_connection_train' for task execution.
[2023-04-23T21:10:42.278+0300] {sql.py:375} INFO - Running statement: 
            create table if not exists popki (
                dt datetime,
                dag_id VARCHAR(40),
                primary key (dt, dag_id)
            )
        , parameters: None
[2023-04-23T21:10:42.279+0300] {sql.py:384} INFO - Rows affected: 0
[2023-04-23T21:10:42.284+0300] {taskinstance.py:1327} INFO - Marking task as SUCCESS. dag_id=db_train, task_id=cr_table, execution_date=20230423T181038, start_date=20230423T181041, end_date=20230423T181042
[2023-04-23T21:10:42.325+0300] {local_task_job.py:212} INFO - Task exited with return code 0
[2023-04-23T21:10:42.477+0300] {taskinstance.py:2596} INFO - 1 downstream tasks scheduled from follow-on schedule check
