[2023-04-22T22:49:56.613+0300] {processor.py:153} INFO - Started process (PID=11354) to work on /home/vladimir/.local/lib/python3.10/site-packages/airflow/example_dags/subdags/subdag.py
[2023-04-22T22:49:56.614+0300] {processor.py:743} INFO - Processing file /home/vladimir/.local/lib/python3.10/site-packages/airflow/example_dags/subdags/subdag.py for tasks to queue
[2023-04-22T22:49:56.615+0300] {logging_mixin.py:137} INFO - [2023-04-22T22:49:56.615+0300] {dagbag.py:532} INFO - Filling up the DagBag from /home/vladimir/.local/lib/python3.10/site-packages/airflow/example_dags/subdags/subdag.py
[2023-04-22T22:49:56.633+0300] {processor.py:755} WARNING - No viable dags retrieved from /home/vladimir/.local/lib/python3.10/site-packages/airflow/example_dags/subdags/subdag.py
[2023-04-22T22:49:56.639+0300] {processor.py:175} INFO - Processing /home/vladimir/.local/lib/python3.10/site-packages/airflow/example_dags/subdags/subdag.py took 0.028 seconds
[2023-04-22T22:50:42.015+0300] {processor.py:153} INFO - Started process (PID=11433) to work on /home/vladimir/.local/lib/python3.10/site-packages/airflow/example_dags/subdags/subdag.py
[2023-04-22T22:50:42.016+0300] {processor.py:743} INFO - Processing file /home/vladimir/.local/lib/python3.10/site-packages/airflow/example_dags/subdags/subdag.py for tasks to queue
[2023-04-22T22:50:42.017+0300] {logging_mixin.py:137} INFO - [2023-04-22T22:50:42.016+0300] {dagbag.py:532} INFO - Filling up the DagBag from /home/vladimir/.local/lib/python3.10/site-packages/airflow/example_dags/subdags/subdag.py
[2023-04-22T22:50:42.019+0300] {processor.py:755} WARNING - No viable dags retrieved from /home/vladimir/.local/lib/python3.10/site-packages/airflow/example_dags/subdags/subdag.py
[2023-04-22T22:50:42.026+0300] {processor.py:175} INFO - Processing /home/vladimir/.local/lib/python3.10/site-packages/airflow/example_dags/subdags/subdag.py took 0.012 seconds
[2023-04-22T22:51:20.540+0300] {processor.py:153} INFO - Started process (PID=11535) to work on /home/vladimir/.local/lib/python3.10/site-packages/airflow/example_dags/subdags/subdag.py
[2023-04-22T22:51:20.548+0300] {processor.py:743} INFO - Processing file /home/vladimir/.local/lib/python3.10/site-packages/airflow/example_dags/subdags/subdag.py for tasks to queue
[2023-04-22T22:51:20.551+0300] {logging_mixin.py:137} INFO - [2023-04-22T22:51:20.550+0300] {dagbag.py:532} INFO - Filling up the DagBag from /home/vladimir/.local/lib/python3.10/site-packages/airflow/example_dags/subdags/subdag.py
[2023-04-22T22:51:20.578+0300] {processor.py:755} WARNING - No viable dags retrieved from /home/vladimir/.local/lib/python3.10/site-packages/airflow/example_dags/subdags/subdag.py
[2023-04-22T22:51:20.658+0300] {processor.py:175} INFO - Processing /home/vladimir/.local/lib/python3.10/site-packages/airflow/example_dags/subdags/subdag.py took 0.151 seconds
[2023-04-22T22:51:57.698+0300] {processor.py:153} INFO - Started process (PID=11609) to work on /home/vladimir/.local/lib/python3.10/site-packages/airflow/example_dags/subdags/subdag.py
[2023-04-22T22:51:57.699+0300] {processor.py:743} INFO - Processing file /home/vladimir/.local/lib/python3.10/site-packages/airflow/example_dags/subdags/subdag.py for tasks to queue
[2023-04-22T22:51:57.699+0300] {logging_mixin.py:137} INFO - [2023-04-22T22:51:57.699+0300] {dagbag.py:532} INFO - Filling up the DagBag from /home/vladimir/.local/lib/python3.10/site-packages/airflow/example_dags/subdags/subdag.py
[2023-04-22T22:51:57.701+0300] {processor.py:755} WARNING - No viable dags retrieved from /home/vladimir/.local/lib/python3.10/site-packages/airflow/example_dags/subdags/subdag.py
[2023-04-22T22:51:57.708+0300] {processor.py:175} INFO - Processing /home/vladimir/.local/lib/python3.10/site-packages/airflow/example_dags/subdags/subdag.py took 0.013 seconds
[2023-04-22T22:52:34.712+0300] {processor.py:153} INFO - Started process (PID=11655) to work on /home/vladimir/.local/lib/python3.10/site-packages/airflow/example_dags/subdags/subdag.py
[2023-04-22T22:52:34.713+0300] {processor.py:743} INFO - Processing file /home/vladimir/.local/lib/python3.10/site-packages/airflow/example_dags/subdags/subdag.py for tasks to queue
[2023-04-22T22:52:34.714+0300] {logging_mixin.py:137} INFO - [2023-04-22T22:52:34.714+0300] {dagbag.py:532} INFO - Filling up the DagBag from /home/vladimir/.local/lib/python3.10/site-packages/airflow/example_dags/subdags/subdag.py
[2023-04-22T22:52:34.717+0300] {processor.py:755} WARNING - No viable dags retrieved from /home/vladimir/.local/lib/python3.10/site-packages/airflow/example_dags/subdags/subdag.py
[2023-04-22T22:52:34.724+0300] {processor.py:175} INFO - Processing /home/vladimir/.local/lib/python3.10/site-packages/airflow/example_dags/subdags/subdag.py took 0.014 seconds
[2023-04-22T22:53:13.377+0300] {processor.py:153} INFO - Started process (PID=11705) to work on /home/vladimir/.local/lib/python3.10/site-packages/airflow/example_dags/subdags/subdag.py
[2023-04-22T22:53:13.378+0300] {processor.py:743} INFO - Processing file /home/vladimir/.local/lib/python3.10/site-packages/airflow/example_dags/subdags/subdag.py for tasks to queue
[2023-04-22T22:53:13.378+0300] {logging_mixin.py:137} INFO - [2023-04-22T22:53:13.378+0300] {dagbag.py:532} INFO - Filling up the DagBag from /home/vladimir/.local/lib/python3.10/site-packages/airflow/example_dags/subdags/subdag.py
[2023-04-22T22:53:13.381+0300] {processor.py:755} WARNING - No viable dags retrieved from /home/vladimir/.local/lib/python3.10/site-packages/airflow/example_dags/subdags/subdag.py
[2023-04-22T22:53:13.388+0300] {processor.py:175} INFO - Processing /home/vladimir/.local/lib/python3.10/site-packages/airflow/example_dags/subdags/subdag.py took 0.013 seconds
[2023-04-22T22:53:52.951+0300] {processor.py:153} INFO - Started process (PID=11765) to work on /home/vladimir/.local/lib/python3.10/site-packages/airflow/example_dags/subdags/subdag.py
[2023-04-22T22:53:52.952+0300] {processor.py:743} INFO - Processing file /home/vladimir/.local/lib/python3.10/site-packages/airflow/example_dags/subdags/subdag.py for tasks to queue
[2023-04-22T22:53:52.952+0300] {logging_mixin.py:137} INFO - [2023-04-22T22:53:52.952+0300] {dagbag.py:532} INFO - Filling up the DagBag from /home/vladimir/.local/lib/python3.10/site-packages/airflow/example_dags/subdags/subdag.py
[2023-04-22T22:53:52.955+0300] {processor.py:755} WARNING - No viable dags retrieved from /home/vladimir/.local/lib/python3.10/site-packages/airflow/example_dags/subdags/subdag.py
[2023-04-22T22:53:52.962+0300] {processor.py:175} INFO - Processing /home/vladimir/.local/lib/python3.10/site-packages/airflow/example_dags/subdags/subdag.py took 0.013 seconds
[2023-04-22T22:54:25.782+0300] {processor.py:153} INFO - Started process (PID=11810) to work on /home/vladimir/.local/lib/python3.10/site-packages/airflow/example_dags/subdags/subdag.py
[2023-04-22T22:54:25.782+0300] {processor.py:743} INFO - Processing file /home/vladimir/.local/lib/python3.10/site-packages/airflow/example_dags/subdags/subdag.py for tasks to queue
[2023-04-22T22:54:25.783+0300] {logging_mixin.py:137} INFO - [2023-04-22T22:54:25.783+0300] {dagbag.py:532} INFO - Filling up the DagBag from /home/vladimir/.local/lib/python3.10/site-packages/airflow/example_dags/subdags/subdag.py
[2023-04-22T22:54:25.785+0300] {processor.py:755} WARNING - No viable dags retrieved from /home/vladimir/.local/lib/python3.10/site-packages/airflow/example_dags/subdags/subdag.py
[2023-04-22T22:54:25.792+0300] {processor.py:175} INFO - Processing /home/vladimir/.local/lib/python3.10/site-packages/airflow/example_dags/subdags/subdag.py took 0.013 seconds
[2023-04-22T22:55:06.882+0300] {processor.py:153} INFO - Started process (PID=11884) to work on /home/vladimir/.local/lib/python3.10/site-packages/airflow/example_dags/subdags/subdag.py
[2023-04-22T22:55:06.883+0300] {processor.py:743} INFO - Processing file /home/vladimir/.local/lib/python3.10/site-packages/airflow/example_dags/subdags/subdag.py for tasks to queue
[2023-04-22T22:55:06.884+0300] {logging_mixin.py:137} INFO - [2023-04-22T22:55:06.884+0300] {dagbag.py:532} INFO - Filling up the DagBag from /home/vladimir/.local/lib/python3.10/site-packages/airflow/example_dags/subdags/subdag.py
[2023-04-22T22:55:06.886+0300] {processor.py:755} WARNING - No viable dags retrieved from /home/vladimir/.local/lib/python3.10/site-packages/airflow/example_dags/subdags/subdag.py
[2023-04-22T22:55:06.893+0300] {processor.py:175} INFO - Processing /home/vladimir/.local/lib/python3.10/site-packages/airflow/example_dags/subdags/subdag.py took 0.012 seconds
[2023-04-22T22:55:42.851+0300] {processor.py:153} INFO - Started process (PID=11922) to work on /home/vladimir/.local/lib/python3.10/site-packages/airflow/example_dags/subdags/subdag.py
[2023-04-22T22:55:42.852+0300] {processor.py:743} INFO - Processing file /home/vladimir/.local/lib/python3.10/site-packages/airflow/example_dags/subdags/subdag.py for tasks to queue
[2023-04-22T22:55:42.853+0300] {logging_mixin.py:137} INFO - [2023-04-22T22:55:42.852+0300] {dagbag.py:532} INFO - Filling up the DagBag from /home/vladimir/.local/lib/python3.10/site-packages/airflow/example_dags/subdags/subdag.py
[2023-04-22T22:55:42.855+0300] {processor.py:755} WARNING - No viable dags retrieved from /home/vladimir/.local/lib/python3.10/site-packages/airflow/example_dags/subdags/subdag.py
[2023-04-22T22:55:42.861+0300] {processor.py:175} INFO - Processing /home/vladimir/.local/lib/python3.10/site-packages/airflow/example_dags/subdags/subdag.py took 0.012 seconds
[2023-04-22T22:56:18.893+0300] {processor.py:153} INFO - Started process (PID=11991) to work on /home/vladimir/.local/lib/python3.10/site-packages/airflow/example_dags/subdags/subdag.py
[2023-04-22T22:56:18.893+0300] {processor.py:743} INFO - Processing file /home/vladimir/.local/lib/python3.10/site-packages/airflow/example_dags/subdags/subdag.py for tasks to queue
[2023-04-22T22:56:18.894+0300] {logging_mixin.py:137} INFO - [2023-04-22T22:56:18.894+0300] {dagbag.py:532} INFO - Filling up the DagBag from /home/vladimir/.local/lib/python3.10/site-packages/airflow/example_dags/subdags/subdag.py
[2023-04-22T22:56:18.897+0300] {processor.py:755} WARNING - No viable dags retrieved from /home/vladimir/.local/lib/python3.10/site-packages/airflow/example_dags/subdags/subdag.py
[2023-04-22T22:56:18.904+0300] {processor.py:175} INFO - Processing /home/vladimir/.local/lib/python3.10/site-packages/airflow/example_dags/subdags/subdag.py took 0.013 seconds
[2023-04-23T01:28:38.547+0300] {processor.py:153} INFO - Started process (PID=4369) to work on /home/vladimir/.local/lib/python3.10/site-packages/airflow/example_dags/subdags/subdag.py
[2023-04-23T01:28:38.605+0300] {processor.py:743} INFO - Processing file /home/vladimir/.local/lib/python3.10/site-packages/airflow/example_dags/subdags/subdag.py for tasks to queue
[2023-04-23T01:28:38.607+0300] {logging_mixin.py:137} INFO - [2023-04-23T01:28:38.607+0300] {dagbag.py:532} INFO - Filling up the DagBag from /home/vladimir/.local/lib/python3.10/site-packages/airflow/example_dags/subdags/subdag.py
[2023-04-23T01:28:38.664+0300] {processor.py:755} WARNING - No viable dags retrieved from /home/vladimir/.local/lib/python3.10/site-packages/airflow/example_dags/subdags/subdag.py
[2023-04-23T01:28:38.700+0300] {processor.py:175} INFO - Processing /home/vladimir/.local/lib/python3.10/site-packages/airflow/example_dags/subdags/subdag.py took 0.166 seconds
[2023-04-23T01:29:24.718+0300] {processor.py:153} INFO - Started process (PID=4432) to work on /home/vladimir/.local/lib/python3.10/site-packages/airflow/example_dags/subdags/subdag.py
[2023-04-23T01:29:24.719+0300] {processor.py:743} INFO - Processing file /home/vladimir/.local/lib/python3.10/site-packages/airflow/example_dags/subdags/subdag.py for tasks to queue
[2023-04-23T01:29:24.720+0300] {logging_mixin.py:137} INFO - [2023-04-23T01:29:24.720+0300] {dagbag.py:532} INFO - Filling up the DagBag from /home/vladimir/.local/lib/python3.10/site-packages/airflow/example_dags/subdags/subdag.py
[2023-04-23T01:29:24.723+0300] {processor.py:755} WARNING - No viable dags retrieved from /home/vladimir/.local/lib/python3.10/site-packages/airflow/example_dags/subdags/subdag.py
[2023-04-23T01:29:24.730+0300] {processor.py:175} INFO - Processing /home/vladimir/.local/lib/python3.10/site-packages/airflow/example_dags/subdags/subdag.py took 0.013 seconds
[2023-04-23T01:29:57.674+0300] {processor.py:153} INFO - Started process (PID=4474) to work on /home/vladimir/.local/lib/python3.10/site-packages/airflow/example_dags/subdags/subdag.py
[2023-04-23T01:29:57.675+0300] {processor.py:743} INFO - Processing file /home/vladimir/.local/lib/python3.10/site-packages/airflow/example_dags/subdags/subdag.py for tasks to queue
[2023-04-23T01:29:57.675+0300] {logging_mixin.py:137} INFO - [2023-04-23T01:29:57.675+0300] {dagbag.py:532} INFO - Filling up the DagBag from /home/vladimir/.local/lib/python3.10/site-packages/airflow/example_dags/subdags/subdag.py
[2023-04-23T01:29:57.678+0300] {processor.py:755} WARNING - No viable dags retrieved from /home/vladimir/.local/lib/python3.10/site-packages/airflow/example_dags/subdags/subdag.py
[2023-04-23T01:29:57.685+0300] {processor.py:175} INFO - Processing /home/vladimir/.local/lib/python3.10/site-packages/airflow/example_dags/subdags/subdag.py took 0.013 seconds
[2023-04-23T01:30:32.609+0300] {processor.py:153} INFO - Started process (PID=4554) to work on /home/vladimir/.local/lib/python3.10/site-packages/airflow/example_dags/subdags/subdag.py
[2023-04-23T01:30:32.610+0300] {processor.py:743} INFO - Processing file /home/vladimir/.local/lib/python3.10/site-packages/airflow/example_dags/subdags/subdag.py for tasks to queue
[2023-04-23T01:30:32.610+0300] {logging_mixin.py:137} INFO - [2023-04-23T01:30:32.610+0300] {dagbag.py:532} INFO - Filling up the DagBag from /home/vladimir/.local/lib/python3.10/site-packages/airflow/example_dags/subdags/subdag.py
[2023-04-23T01:30:32.613+0300] {processor.py:755} WARNING - No viable dags retrieved from /home/vladimir/.local/lib/python3.10/site-packages/airflow/example_dags/subdags/subdag.py
[2023-04-23T01:30:32.621+0300] {processor.py:175} INFO - Processing /home/vladimir/.local/lib/python3.10/site-packages/airflow/example_dags/subdags/subdag.py took 0.013 seconds
[2023-04-23T01:31:03.638+0300] {processor.py:153} INFO - Started process (PID=4592) to work on /home/vladimir/.local/lib/python3.10/site-packages/airflow/example_dags/subdags/subdag.py
[2023-04-23T01:31:03.638+0300] {processor.py:743} INFO - Processing file /home/vladimir/.local/lib/python3.10/site-packages/airflow/example_dags/subdags/subdag.py for tasks to queue
[2023-04-23T01:31:03.639+0300] {logging_mixin.py:137} INFO - [2023-04-23T01:31:03.639+0300] {dagbag.py:532} INFO - Filling up the DagBag from /home/vladimir/.local/lib/python3.10/site-packages/airflow/example_dags/subdags/subdag.py
[2023-04-23T01:31:03.642+0300] {processor.py:755} WARNING - No viable dags retrieved from /home/vladimir/.local/lib/python3.10/site-packages/airflow/example_dags/subdags/subdag.py
[2023-04-23T01:31:03.650+0300] {processor.py:175} INFO - Processing /home/vladimir/.local/lib/python3.10/site-packages/airflow/example_dags/subdags/subdag.py took 0.014 seconds
[2023-04-23T01:31:36.207+0300] {processor.py:153} INFO - Started process (PID=4646) to work on /home/vladimir/.local/lib/python3.10/site-packages/airflow/example_dags/subdags/subdag.py
[2023-04-23T01:31:36.208+0300] {processor.py:743} INFO - Processing file /home/vladimir/.local/lib/python3.10/site-packages/airflow/example_dags/subdags/subdag.py for tasks to queue
[2023-04-23T01:31:36.208+0300] {logging_mixin.py:137} INFO - [2023-04-23T01:31:36.208+0300] {dagbag.py:532} INFO - Filling up the DagBag from /home/vladimir/.local/lib/python3.10/site-packages/airflow/example_dags/subdags/subdag.py
[2023-04-23T01:31:36.214+0300] {processor.py:755} WARNING - No viable dags retrieved from /home/vladimir/.local/lib/python3.10/site-packages/airflow/example_dags/subdags/subdag.py
[2023-04-23T01:31:36.222+0300] {processor.py:175} INFO - Processing /home/vladimir/.local/lib/python3.10/site-packages/airflow/example_dags/subdags/subdag.py took 0.016 seconds
[2023-04-23T01:32:06.973+0300] {processor.py:153} INFO - Started process (PID=4679) to work on /home/vladimir/.local/lib/python3.10/site-packages/airflow/example_dags/subdags/subdag.py
[2023-04-23T01:32:06.974+0300] {processor.py:743} INFO - Processing file /home/vladimir/.local/lib/python3.10/site-packages/airflow/example_dags/subdags/subdag.py for tasks to queue
[2023-04-23T01:32:06.974+0300] {logging_mixin.py:137} INFO - [2023-04-23T01:32:06.974+0300] {dagbag.py:532} INFO - Filling up the DagBag from /home/vladimir/.local/lib/python3.10/site-packages/airflow/example_dags/subdags/subdag.py
[2023-04-23T01:32:06.977+0300] {processor.py:755} WARNING - No viable dags retrieved from /home/vladimir/.local/lib/python3.10/site-packages/airflow/example_dags/subdags/subdag.py
[2023-04-23T01:32:06.984+0300] {processor.py:175} INFO - Processing /home/vladimir/.local/lib/python3.10/site-packages/airflow/example_dags/subdags/subdag.py took 0.013 seconds
[2023-04-23T01:32:44.077+0300] {processor.py:153} INFO - Started process (PID=4734) to work on /home/vladimir/.local/lib/python3.10/site-packages/airflow/example_dags/subdags/subdag.py
[2023-04-23T01:32:44.078+0300] {processor.py:743} INFO - Processing file /home/vladimir/.local/lib/python3.10/site-packages/airflow/example_dags/subdags/subdag.py for tasks to queue
[2023-04-23T01:32:44.079+0300] {logging_mixin.py:137} INFO - [2023-04-23T01:32:44.078+0300] {dagbag.py:532} INFO - Filling up the DagBag from /home/vladimir/.local/lib/python3.10/site-packages/airflow/example_dags/subdags/subdag.py
[2023-04-23T01:32:44.081+0300] {processor.py:755} WARNING - No viable dags retrieved from /home/vladimir/.local/lib/python3.10/site-packages/airflow/example_dags/subdags/subdag.py
[2023-04-23T01:32:44.089+0300] {processor.py:175} INFO - Processing /home/vladimir/.local/lib/python3.10/site-packages/airflow/example_dags/subdags/subdag.py took 0.013 seconds
[2023-04-23T01:33:21.406+0300] {processor.py:153} INFO - Started process (PID=4785) to work on /home/vladimir/.local/lib/python3.10/site-packages/airflow/example_dags/subdags/subdag.py
[2023-04-23T01:33:21.406+0300] {processor.py:743} INFO - Processing file /home/vladimir/.local/lib/python3.10/site-packages/airflow/example_dags/subdags/subdag.py for tasks to queue
[2023-04-23T01:33:21.407+0300] {logging_mixin.py:137} INFO - [2023-04-23T01:33:21.407+0300] {dagbag.py:532} INFO - Filling up the DagBag from /home/vladimir/.local/lib/python3.10/site-packages/airflow/example_dags/subdags/subdag.py
[2023-04-23T01:33:21.410+0300] {processor.py:755} WARNING - No viable dags retrieved from /home/vladimir/.local/lib/python3.10/site-packages/airflow/example_dags/subdags/subdag.py
[2023-04-23T01:33:21.417+0300] {processor.py:175} INFO - Processing /home/vladimir/.local/lib/python3.10/site-packages/airflow/example_dags/subdags/subdag.py took 0.013 seconds
[2023-04-23T01:33:51.913+0300] {processor.py:153} INFO - Started process (PID=4819) to work on /home/vladimir/.local/lib/python3.10/site-packages/airflow/example_dags/subdags/subdag.py
[2023-04-23T01:33:51.914+0300] {processor.py:743} INFO - Processing file /home/vladimir/.local/lib/python3.10/site-packages/airflow/example_dags/subdags/subdag.py for tasks to queue
[2023-04-23T01:33:51.914+0300] {logging_mixin.py:137} INFO - [2023-04-23T01:33:51.914+0300] {dagbag.py:532} INFO - Filling up the DagBag from /home/vladimir/.local/lib/python3.10/site-packages/airflow/example_dags/subdags/subdag.py
[2023-04-23T01:33:51.917+0300] {processor.py:755} WARNING - No viable dags retrieved from /home/vladimir/.local/lib/python3.10/site-packages/airflow/example_dags/subdags/subdag.py
[2023-04-23T01:33:51.924+0300] {processor.py:175} INFO - Processing /home/vladimir/.local/lib/python3.10/site-packages/airflow/example_dags/subdags/subdag.py took 0.013 seconds
[2023-04-23T01:34:22.739+0300] {processor.py:153} INFO - Started process (PID=4914) to work on /home/vladimir/.local/lib/python3.10/site-packages/airflow/example_dags/subdags/subdag.py
[2023-04-23T01:34:22.740+0300] {processor.py:743} INFO - Processing file /home/vladimir/.local/lib/python3.10/site-packages/airflow/example_dags/subdags/subdag.py for tasks to queue
[2023-04-23T01:34:22.740+0300] {logging_mixin.py:137} INFO - [2023-04-23T01:34:22.740+0300] {dagbag.py:532} INFO - Filling up the DagBag from /home/vladimir/.local/lib/python3.10/site-packages/airflow/example_dags/subdags/subdag.py
[2023-04-23T01:34:22.742+0300] {processor.py:755} WARNING - No viable dags retrieved from /home/vladimir/.local/lib/python3.10/site-packages/airflow/example_dags/subdags/subdag.py
[2023-04-23T01:34:22.750+0300] {processor.py:175} INFO - Processing /home/vladimir/.local/lib/python3.10/site-packages/airflow/example_dags/subdags/subdag.py took 0.013 seconds
[2023-04-23T01:34:58.711+0300] {processor.py:153} INFO - Started process (PID=4962) to work on /home/vladimir/.local/lib/python3.10/site-packages/airflow/example_dags/subdags/subdag.py
[2023-04-23T01:34:58.712+0300] {processor.py:743} INFO - Processing file /home/vladimir/.local/lib/python3.10/site-packages/airflow/example_dags/subdags/subdag.py for tasks to queue
[2023-04-23T01:34:58.712+0300] {logging_mixin.py:137} INFO - [2023-04-23T01:34:58.712+0300] {dagbag.py:532} INFO - Filling up the DagBag from /home/vladimir/.local/lib/python3.10/site-packages/airflow/example_dags/subdags/subdag.py
[2023-04-23T01:34:58.715+0300] {processor.py:755} WARNING - No viable dags retrieved from /home/vladimir/.local/lib/python3.10/site-packages/airflow/example_dags/subdags/subdag.py
[2023-04-23T01:34:58.723+0300] {processor.py:175} INFO - Processing /home/vladimir/.local/lib/python3.10/site-packages/airflow/example_dags/subdags/subdag.py took 0.014 seconds
