[2023-04-27T18:25:53.921+0300] {processor.py:153} INFO - Started process (PID=5924) to work on /home/vladimir/.local/lib/python3.10/site-packages/airflow/example_dags/example_dag_decorator.py
[2023-04-27T18:25:53.922+0300] {processor.py:743} INFO - Processing file /home/vladimir/.local/lib/python3.10/site-packages/airflow/example_dags/example_dag_decorator.py for tasks to queue
[2023-04-27T18:25:53.922+0300] {logging_mixin.py:137} INFO - [2023-04-27T18:25:53.922+0300] {dagbag.py:532} INFO - Filling up the DagBag from /home/vladimir/.local/lib/python3.10/site-packages/airflow/example_dags/example_dag_decorator.py
[2023-04-27T18:25:53.951+0300] {logging_mixin.py:137} INFO - [2023-04-27T18:25:53.951+0300] {taskmixin.py:211} WARNING - Dependency <Task(_PythonDecoratedOperator): prepare_email>, send_email already registered for DAG: example_dag_decorator
[2023-04-27T18:25:53.951+0300] {logging_mixin.py:137} INFO - [2023-04-27T18:25:53.951+0300] {taskmixin.py:211} WARNING - Dependency <Task(EmailOperator): send_email>, prepare_email already registered for DAG: example_dag_decorator
[2023-04-27T18:25:53.959+0300] {processor.py:753} INFO - DAG(s) dict_keys(['example_dag_decorator']) retrieved from /home/vladimir/.local/lib/python3.10/site-packages/airflow/example_dags/example_dag_decorator.py
[2023-04-27T18:25:54.018+0300] {logging_mixin.py:137} INFO - [2023-04-27T18:25:54.017+0300] {manager.py:504} INFO - Created Permission View: can read on DAG:example_dag_decorator
[2023-04-27T18:25:54.023+0300] {logging_mixin.py:137} INFO - [2023-04-27T18:25:54.022+0300] {manager.py:504} INFO - Created Permission View: can delete on DAG:example_dag_decorator
[2023-04-27T18:25:54.027+0300] {logging_mixin.py:137} INFO - [2023-04-27T18:25:54.027+0300] {manager.py:504} INFO - Created Permission View: can edit on DAG:example_dag_decorator
[2023-04-27T18:25:54.027+0300] {logging_mixin.py:137} INFO - [2023-04-27T18:25:54.027+0300] {dag.py:2705} INFO - Sync 1 DAGs
[2023-04-27T18:25:54.034+0300] {logging_mixin.py:137} INFO - [2023-04-27T18:25:54.033+0300] {dag.py:2726} INFO - Creating ORM DAG for example_dag_decorator
[2023-04-27T18:25:54.039+0300] {logging_mixin.py:137} INFO - [2023-04-27T18:25:54.039+0300] {dag.py:3452} INFO - Setting next_dagrun for example_dag_decorator to None, run_after=None
[2023-04-27T18:25:54.051+0300] {processor.py:175} INFO - Processing /home/vladimir/.local/lib/python3.10/site-packages/airflow/example_dags/example_dag_decorator.py took 0.132 seconds
[2023-04-27T18:26:38.790+0300] {processor.py:153} INFO - Started process (PID=6025) to work on /home/vladimir/.local/lib/python3.10/site-packages/airflow/example_dags/example_dag_decorator.py
[2023-04-27T18:26:38.791+0300] {processor.py:743} INFO - Processing file /home/vladimir/.local/lib/python3.10/site-packages/airflow/example_dags/example_dag_decorator.py for tasks to queue
[2023-04-27T18:26:38.791+0300] {logging_mixin.py:137} INFO - [2023-04-27T18:26:38.791+0300] {dagbag.py:532} INFO - Filling up the DagBag from /home/vladimir/.local/lib/python3.10/site-packages/airflow/example_dags/example_dag_decorator.py
[2023-04-27T18:26:38.805+0300] {logging_mixin.py:137} INFO - [2023-04-27T18:26:38.805+0300] {taskmixin.py:211} WARNING - Dependency <Task(_PythonDecoratedOperator): prepare_email>, send_email already registered for DAG: example_dag_decorator
[2023-04-27T18:26:38.805+0300] {logging_mixin.py:137} INFO - [2023-04-27T18:26:38.805+0300] {taskmixin.py:211} WARNING - Dependency <Task(EmailOperator): send_email>, prepare_email already registered for DAG: example_dag_decorator
[2023-04-27T18:26:38.814+0300] {processor.py:753} INFO - DAG(s) dict_keys(['example_dag_decorator']) retrieved from /home/vladimir/.local/lib/python3.10/site-packages/airflow/example_dags/example_dag_decorator.py
[2023-04-27T18:26:38.846+0300] {logging_mixin.py:137} INFO - [2023-04-27T18:26:38.846+0300] {dag.py:2705} INFO - Sync 1 DAGs
[2023-04-27T18:26:38.857+0300] {logging_mixin.py:137} INFO - [2023-04-27T18:26:38.857+0300] {dag.py:3452} INFO - Setting next_dagrun for example_dag_decorator to None, run_after=None
[2023-04-27T18:26:38.870+0300] {processor.py:175} INFO - Processing /home/vladimir/.local/lib/python3.10/site-packages/airflow/example_dags/example_dag_decorator.py took 0.082 seconds
[2023-04-27T18:27:22.241+0300] {processor.py:153} INFO - Started process (PID=6092) to work on /home/vladimir/.local/lib/python3.10/site-packages/airflow/example_dags/example_dag_decorator.py
[2023-04-27T18:27:22.242+0300] {processor.py:743} INFO - Processing file /home/vladimir/.local/lib/python3.10/site-packages/airflow/example_dags/example_dag_decorator.py for tasks to queue
[2023-04-27T18:27:22.243+0300] {logging_mixin.py:137} INFO - [2023-04-27T18:27:22.243+0300] {dagbag.py:532} INFO - Filling up the DagBag from /home/vladimir/.local/lib/python3.10/site-packages/airflow/example_dags/example_dag_decorator.py
[2023-04-27T18:27:22.255+0300] {logging_mixin.py:137} INFO - [2023-04-27T18:27:22.255+0300] {taskmixin.py:211} WARNING - Dependency <Task(_PythonDecoratedOperator): prepare_email>, send_email already registered for DAG: example_dag_decorator
[2023-04-27T18:27:22.256+0300] {logging_mixin.py:137} INFO - [2023-04-27T18:27:22.255+0300] {taskmixin.py:211} WARNING - Dependency <Task(EmailOperator): send_email>, prepare_email already registered for DAG: example_dag_decorator
[2023-04-27T18:27:22.263+0300] {processor.py:753} INFO - DAG(s) dict_keys(['example_dag_decorator']) retrieved from /home/vladimir/.local/lib/python3.10/site-packages/airflow/example_dags/example_dag_decorator.py
[2023-04-27T18:27:22.296+0300] {logging_mixin.py:137} INFO - [2023-04-27T18:27:22.296+0300] {dag.py:2705} INFO - Sync 1 DAGs
[2023-04-27T18:27:22.306+0300] {logging_mixin.py:137} INFO - [2023-04-27T18:27:22.306+0300] {dag.py:3452} INFO - Setting next_dagrun for example_dag_decorator to None, run_after=None
[2023-04-27T18:27:22.319+0300] {processor.py:175} INFO - Processing /home/vladimir/.local/lib/python3.10/site-packages/airflow/example_dags/example_dag_decorator.py took 0.080 seconds
[2023-04-27T18:28:08.364+0300] {processor.py:153} INFO - Started process (PID=6155) to work on /home/vladimir/.local/lib/python3.10/site-packages/airflow/example_dags/example_dag_decorator.py
[2023-04-27T18:28:08.365+0300] {processor.py:743} INFO - Processing file /home/vladimir/.local/lib/python3.10/site-packages/airflow/example_dags/example_dag_decorator.py for tasks to queue
[2023-04-27T18:28:08.366+0300] {logging_mixin.py:137} INFO - [2023-04-27T18:28:08.365+0300] {dagbag.py:532} INFO - Filling up the DagBag from /home/vladimir/.local/lib/python3.10/site-packages/airflow/example_dags/example_dag_decorator.py
[2023-04-27T18:28:08.378+0300] {logging_mixin.py:137} INFO - [2023-04-27T18:28:08.378+0300] {taskmixin.py:211} WARNING - Dependency <Task(_PythonDecoratedOperator): prepare_email>, send_email already registered for DAG: example_dag_decorator
[2023-04-27T18:28:08.378+0300] {logging_mixin.py:137} INFO - [2023-04-27T18:28:08.378+0300] {taskmixin.py:211} WARNING - Dependency <Task(EmailOperator): send_email>, prepare_email already registered for DAG: example_dag_decorator
[2023-04-27T18:28:08.386+0300] {processor.py:753} INFO - DAG(s) dict_keys(['example_dag_decorator']) retrieved from /home/vladimir/.local/lib/python3.10/site-packages/airflow/example_dags/example_dag_decorator.py
[2023-04-27T18:28:08.429+0300] {logging_mixin.py:137} INFO - [2023-04-27T18:28:08.429+0300] {dag.py:2705} INFO - Sync 1 DAGs
[2023-04-27T18:28:08.439+0300] {logging_mixin.py:137} INFO - [2023-04-27T18:28:08.439+0300] {dag.py:3452} INFO - Setting next_dagrun for example_dag_decorator to None, run_after=None
[2023-04-27T18:28:08.453+0300] {processor.py:175} INFO - Processing /home/vladimir/.local/lib/python3.10/site-packages/airflow/example_dags/example_dag_decorator.py took 0.090 seconds
[2023-04-27T18:28:58.574+0300] {processor.py:153} INFO - Started process (PID=6294) to work on /home/vladimir/.local/lib/python3.10/site-packages/airflow/example_dags/example_dag_decorator.py
[2023-04-27T18:28:58.575+0300] {processor.py:743} INFO - Processing file /home/vladimir/.local/lib/python3.10/site-packages/airflow/example_dags/example_dag_decorator.py for tasks to queue
[2023-04-27T18:28:58.575+0300] {logging_mixin.py:137} INFO - [2023-04-27T18:28:58.575+0300] {dagbag.py:532} INFO - Filling up the DagBag from /home/vladimir/.local/lib/python3.10/site-packages/airflow/example_dags/example_dag_decorator.py
[2023-04-27T18:28:58.587+0300] {logging_mixin.py:137} INFO - [2023-04-27T18:28:58.587+0300] {taskmixin.py:211} WARNING - Dependency <Task(_PythonDecoratedOperator): prepare_email>, send_email already registered for DAG: example_dag_decorator
[2023-04-27T18:28:58.587+0300] {logging_mixin.py:137} INFO - [2023-04-27T18:28:58.587+0300] {taskmixin.py:211} WARNING - Dependency <Task(EmailOperator): send_email>, prepare_email already registered for DAG: example_dag_decorator
[2023-04-27T18:28:58.595+0300] {processor.py:753} INFO - DAG(s) dict_keys(['example_dag_decorator']) retrieved from /home/vladimir/.local/lib/python3.10/site-packages/airflow/example_dags/example_dag_decorator.py
[2023-04-27T18:28:58.627+0300] {logging_mixin.py:137} INFO - [2023-04-27T18:28:58.627+0300] {dag.py:2705} INFO - Sync 1 DAGs
[2023-04-27T18:28:58.642+0300] {logging_mixin.py:137} INFO - [2023-04-27T18:28:58.641+0300] {dag.py:3452} INFO - Setting next_dagrun for example_dag_decorator to None, run_after=None
[2023-04-27T18:28:58.655+0300] {processor.py:175} INFO - Processing /home/vladimir/.local/lib/python3.10/site-packages/airflow/example_dags/example_dag_decorator.py took 0.083 seconds
[2023-04-27T18:29:47.150+0300] {processor.py:153} INFO - Started process (PID=6406) to work on /home/vladimir/.local/lib/python3.10/site-packages/airflow/example_dags/example_dag_decorator.py
[2023-04-27T18:29:47.151+0300] {processor.py:743} INFO - Processing file /home/vladimir/.local/lib/python3.10/site-packages/airflow/example_dags/example_dag_decorator.py for tasks to queue
[2023-04-27T18:29:47.152+0300] {logging_mixin.py:137} INFO - [2023-04-27T18:29:47.152+0300] {dagbag.py:532} INFO - Filling up the DagBag from /home/vladimir/.local/lib/python3.10/site-packages/airflow/example_dags/example_dag_decorator.py
[2023-04-27T18:29:47.166+0300] {logging_mixin.py:137} INFO - [2023-04-27T18:29:47.166+0300] {taskmixin.py:211} WARNING - Dependency <Task(_PythonDecoratedOperator): prepare_email>, send_email already registered for DAG: example_dag_decorator
[2023-04-27T18:29:47.166+0300] {logging_mixin.py:137} INFO - [2023-04-27T18:29:47.166+0300] {taskmixin.py:211} WARNING - Dependency <Task(EmailOperator): send_email>, prepare_email already registered for DAG: example_dag_decorator
[2023-04-27T18:29:47.174+0300] {processor.py:753} INFO - DAG(s) dict_keys(['example_dag_decorator']) retrieved from /home/vladimir/.local/lib/python3.10/site-packages/airflow/example_dags/example_dag_decorator.py
[2023-04-27T18:29:47.205+0300] {logging_mixin.py:137} INFO - [2023-04-27T18:29:47.205+0300] {dag.py:2705} INFO - Sync 1 DAGs
[2023-04-27T18:29:47.216+0300] {logging_mixin.py:137} INFO - [2023-04-27T18:29:47.216+0300] {dag.py:3452} INFO - Setting next_dagrun for example_dag_decorator to None, run_after=None
[2023-04-27T18:29:47.229+0300] {processor.py:175} INFO - Processing /home/vladimir/.local/lib/python3.10/site-packages/airflow/example_dags/example_dag_decorator.py took 0.081 seconds
[2023-04-27T18:30:33.813+0300] {processor.py:153} INFO - Started process (PID=6499) to work on /home/vladimir/.local/lib/python3.10/site-packages/airflow/example_dags/example_dag_decorator.py
[2023-04-27T18:30:33.814+0300] {processor.py:743} INFO - Processing file /home/vladimir/.local/lib/python3.10/site-packages/airflow/example_dags/example_dag_decorator.py for tasks to queue
[2023-04-27T18:30:33.815+0300] {logging_mixin.py:137} INFO - [2023-04-27T18:30:33.814+0300] {dagbag.py:532} INFO - Filling up the DagBag from /home/vladimir/.local/lib/python3.10/site-packages/airflow/example_dags/example_dag_decorator.py
[2023-04-27T18:30:33.827+0300] {logging_mixin.py:137} INFO - [2023-04-27T18:30:33.827+0300] {taskmixin.py:211} WARNING - Dependency <Task(_PythonDecoratedOperator): prepare_email>, send_email already registered for DAG: example_dag_decorator
[2023-04-27T18:30:33.827+0300] {logging_mixin.py:137} INFO - [2023-04-27T18:30:33.827+0300] {taskmixin.py:211} WARNING - Dependency <Task(EmailOperator): send_email>, prepare_email already registered for DAG: example_dag_decorator
[2023-04-27T18:30:33.835+0300] {processor.py:753} INFO - DAG(s) dict_keys(['example_dag_decorator']) retrieved from /home/vladimir/.local/lib/python3.10/site-packages/airflow/example_dags/example_dag_decorator.py
[2023-04-27T18:30:33.866+0300] {logging_mixin.py:137} INFO - [2023-04-27T18:30:33.866+0300] {dag.py:2705} INFO - Sync 1 DAGs
[2023-04-27T18:30:33.878+0300] {logging_mixin.py:137} INFO - [2023-04-27T18:30:33.878+0300] {dag.py:3452} INFO - Setting next_dagrun for example_dag_decorator to None, run_after=None
[2023-04-27T18:30:33.892+0300] {processor.py:175} INFO - Processing /home/vladimir/.local/lib/python3.10/site-packages/airflow/example_dags/example_dag_decorator.py took 0.081 seconds
[2023-04-27T18:31:23.454+0300] {processor.py:153} INFO - Started process (PID=6620) to work on /home/vladimir/.local/lib/python3.10/site-packages/airflow/example_dags/example_dag_decorator.py
[2023-04-27T18:31:23.454+0300] {processor.py:743} INFO - Processing file /home/vladimir/.local/lib/python3.10/site-packages/airflow/example_dags/example_dag_decorator.py for tasks to queue
[2023-04-27T18:31:23.455+0300] {logging_mixin.py:137} INFO - [2023-04-27T18:31:23.455+0300] {dagbag.py:532} INFO - Filling up the DagBag from /home/vladimir/.local/lib/python3.10/site-packages/airflow/example_dags/example_dag_decorator.py
[2023-04-27T18:31:23.466+0300] {logging_mixin.py:137} INFO - [2023-04-27T18:31:23.466+0300] {taskmixin.py:211} WARNING - Dependency <Task(_PythonDecoratedOperator): prepare_email>, send_email already registered for DAG: example_dag_decorator
[2023-04-27T18:31:23.466+0300] {logging_mixin.py:137} INFO - [2023-04-27T18:31:23.466+0300] {taskmixin.py:211} WARNING - Dependency <Task(EmailOperator): send_email>, prepare_email already registered for DAG: example_dag_decorator
[2023-04-27T18:31:23.473+0300] {processor.py:753} INFO - DAG(s) dict_keys(['example_dag_decorator']) retrieved from /home/vladimir/.local/lib/python3.10/site-packages/airflow/example_dags/example_dag_decorator.py
[2023-04-27T18:31:23.505+0300] {logging_mixin.py:137} INFO - [2023-04-27T18:31:23.505+0300] {dag.py:2705} INFO - Sync 1 DAGs
[2023-04-27T18:31:23.516+0300] {logging_mixin.py:137} INFO - [2023-04-27T18:31:23.516+0300] {dag.py:3452} INFO - Setting next_dagrun for example_dag_decorator to None, run_after=None
[2023-04-27T18:31:23.533+0300] {processor.py:175} INFO - Processing /home/vladimir/.local/lib/python3.10/site-packages/airflow/example_dags/example_dag_decorator.py took 0.082 seconds
[2023-04-27T18:32:05.771+0300] {processor.py:153} INFO - Started process (PID=6689) to work on /home/vladimir/.local/lib/python3.10/site-packages/airflow/example_dags/example_dag_decorator.py
[2023-04-27T18:32:05.772+0300] {processor.py:743} INFO - Processing file /home/vladimir/.local/lib/python3.10/site-packages/airflow/example_dags/example_dag_decorator.py for tasks to queue
[2023-04-27T18:32:05.773+0300] {logging_mixin.py:137} INFO - [2023-04-27T18:32:05.772+0300] {dagbag.py:532} INFO - Filling up the DagBag from /home/vladimir/.local/lib/python3.10/site-packages/airflow/example_dags/example_dag_decorator.py
[2023-04-27T18:32:05.786+0300] {logging_mixin.py:137} INFO - [2023-04-27T18:32:05.785+0300] {taskmixin.py:211} WARNING - Dependency <Task(_PythonDecoratedOperator): prepare_email>, send_email already registered for DAG: example_dag_decorator
[2023-04-27T18:32:05.786+0300] {logging_mixin.py:137} INFO - [2023-04-27T18:32:05.786+0300] {taskmixin.py:211} WARNING - Dependency <Task(EmailOperator): send_email>, prepare_email already registered for DAG: example_dag_decorator
[2023-04-27T18:32:05.793+0300] {processor.py:753} INFO - DAG(s) dict_keys(['example_dag_decorator']) retrieved from /home/vladimir/.local/lib/python3.10/site-packages/airflow/example_dags/example_dag_decorator.py
[2023-04-27T18:32:05.831+0300] {logging_mixin.py:137} INFO - [2023-04-27T18:32:05.830+0300] {dag.py:2705} INFO - Sync 1 DAGs
[2023-04-27T18:32:05.840+0300] {logging_mixin.py:137} INFO - [2023-04-27T18:32:05.840+0300] {dag.py:3452} INFO - Setting next_dagrun for example_dag_decorator to None, run_after=None
[2023-04-27T18:32:05.852+0300] {processor.py:175} INFO - Processing /home/vladimir/.local/lib/python3.10/site-packages/airflow/example_dags/example_dag_decorator.py took 0.084 seconds
[2023-04-27T18:32:52.739+0300] {processor.py:153} INFO - Started process (PID=6857) to work on /home/vladimir/.local/lib/python3.10/site-packages/airflow/example_dags/example_dag_decorator.py
[2023-04-27T18:32:52.740+0300] {processor.py:743} INFO - Processing file /home/vladimir/.local/lib/python3.10/site-packages/airflow/example_dags/example_dag_decorator.py for tasks to queue
[2023-04-27T18:32:52.740+0300] {logging_mixin.py:137} INFO - [2023-04-27T18:32:52.740+0300] {dagbag.py:532} INFO - Filling up the DagBag from /home/vladimir/.local/lib/python3.10/site-packages/airflow/example_dags/example_dag_decorator.py
[2023-04-27T18:32:52.753+0300] {logging_mixin.py:137} INFO - [2023-04-27T18:32:52.753+0300] {taskmixin.py:211} WARNING - Dependency <Task(_PythonDecoratedOperator): prepare_email>, send_email already registered for DAG: example_dag_decorator
[2023-04-27T18:32:52.753+0300] {logging_mixin.py:137} INFO - [2023-04-27T18:32:52.753+0300] {taskmixin.py:211} WARNING - Dependency <Task(EmailOperator): send_email>, prepare_email already registered for DAG: example_dag_decorator
[2023-04-27T18:32:52.761+0300] {processor.py:753} INFO - DAG(s) dict_keys(['example_dag_decorator']) retrieved from /home/vladimir/.local/lib/python3.10/site-packages/airflow/example_dags/example_dag_decorator.py
[2023-04-27T18:32:52.793+0300] {logging_mixin.py:137} INFO - [2023-04-27T18:32:52.793+0300] {dag.py:2705} INFO - Sync 1 DAGs
[2023-04-27T18:32:52.803+0300] {logging_mixin.py:137} INFO - [2023-04-27T18:32:52.803+0300] {dag.py:3452} INFO - Setting next_dagrun for example_dag_decorator to None, run_after=None
[2023-04-27T18:32:52.817+0300] {processor.py:175} INFO - Processing /home/vladimir/.local/lib/python3.10/site-packages/airflow/example_dags/example_dag_decorator.py took 0.081 seconds
[2023-04-27T18:33:47.932+0300] {processor.py:153} INFO - Started process (PID=6942) to work on /home/vladimir/.local/lib/python3.10/site-packages/airflow/example_dags/example_dag_decorator.py
[2023-04-27T18:33:47.933+0300] {processor.py:743} INFO - Processing file /home/vladimir/.local/lib/python3.10/site-packages/airflow/example_dags/example_dag_decorator.py for tasks to queue
[2023-04-27T18:33:47.933+0300] {logging_mixin.py:137} INFO - [2023-04-27T18:33:47.933+0300] {dagbag.py:532} INFO - Filling up the DagBag from /home/vladimir/.local/lib/python3.10/site-packages/airflow/example_dags/example_dag_decorator.py
[2023-04-27T18:33:47.946+0300] {logging_mixin.py:137} INFO - [2023-04-27T18:33:47.946+0300] {taskmixin.py:211} WARNING - Dependency <Task(_PythonDecoratedOperator): prepare_email>, send_email already registered for DAG: example_dag_decorator
[2023-04-27T18:33:47.947+0300] {logging_mixin.py:137} INFO - [2023-04-27T18:33:47.947+0300] {taskmixin.py:211} WARNING - Dependency <Task(EmailOperator): send_email>, prepare_email already registered for DAG: example_dag_decorator
[2023-04-27T18:33:47.955+0300] {processor.py:753} INFO - DAG(s) dict_keys(['example_dag_decorator']) retrieved from /home/vladimir/.local/lib/python3.10/site-packages/airflow/example_dags/example_dag_decorator.py
[2023-04-27T18:33:47.987+0300] {logging_mixin.py:137} INFO - [2023-04-27T18:33:47.987+0300] {dag.py:2705} INFO - Sync 1 DAGs
[2023-04-27T18:33:48.000+0300] {logging_mixin.py:137} INFO - [2023-04-27T18:33:48.000+0300] {dag.py:3452} INFO - Setting next_dagrun for example_dag_decorator to None, run_after=None
[2023-04-27T18:33:48.013+0300] {processor.py:175} INFO - Processing /home/vladimir/.local/lib/python3.10/site-packages/airflow/example_dags/example_dag_decorator.py took 0.083 seconds
[2023-04-27T18:34:34.860+0300] {processor.py:153} INFO - Started process (PID=7025) to work on /home/vladimir/.local/lib/python3.10/site-packages/airflow/example_dags/example_dag_decorator.py
[2023-04-27T18:34:34.861+0300] {processor.py:743} INFO - Processing file /home/vladimir/.local/lib/python3.10/site-packages/airflow/example_dags/example_dag_decorator.py for tasks to queue
[2023-04-27T18:34:34.861+0300] {logging_mixin.py:137} INFO - [2023-04-27T18:34:34.861+0300] {dagbag.py:532} INFO - Filling up the DagBag from /home/vladimir/.local/lib/python3.10/site-packages/airflow/example_dags/example_dag_decorator.py
[2023-04-27T18:34:34.874+0300] {logging_mixin.py:137} INFO - [2023-04-27T18:34:34.874+0300] {taskmixin.py:211} WARNING - Dependency <Task(_PythonDecoratedOperator): prepare_email>, send_email already registered for DAG: example_dag_decorator
[2023-04-27T18:34:34.874+0300] {logging_mixin.py:137} INFO - [2023-04-27T18:34:34.874+0300] {taskmixin.py:211} WARNING - Dependency <Task(EmailOperator): send_email>, prepare_email already registered for DAG: example_dag_decorator
[2023-04-27T18:34:34.882+0300] {processor.py:753} INFO - DAG(s) dict_keys(['example_dag_decorator']) retrieved from /home/vladimir/.local/lib/python3.10/site-packages/airflow/example_dags/example_dag_decorator.py
[2023-04-27T18:34:34.915+0300] {logging_mixin.py:137} INFO - [2023-04-27T18:34:34.915+0300] {dag.py:2705} INFO - Sync 1 DAGs
[2023-04-27T18:34:34.928+0300] {logging_mixin.py:137} INFO - [2023-04-27T18:34:34.928+0300] {dag.py:3452} INFO - Setting next_dagrun for example_dag_decorator to None, run_after=None
[2023-04-27T18:34:34.941+0300] {processor.py:175} INFO - Processing /home/vladimir/.local/lib/python3.10/site-packages/airflow/example_dags/example_dag_decorator.py took 0.084 seconds
[2023-04-27T18:35:21.861+0300] {processor.py:153} INFO - Started process (PID=7370) to work on /home/vladimir/.local/lib/python3.10/site-packages/airflow/example_dags/example_dag_decorator.py
[2023-04-27T18:35:21.862+0300] {processor.py:743} INFO - Processing file /home/vladimir/.local/lib/python3.10/site-packages/airflow/example_dags/example_dag_decorator.py for tasks to queue
[2023-04-27T18:35:21.862+0300] {logging_mixin.py:137} INFO - [2023-04-27T18:35:21.862+0300] {dagbag.py:532} INFO - Filling up the DagBag from /home/vladimir/.local/lib/python3.10/site-packages/airflow/example_dags/example_dag_decorator.py
[2023-04-27T18:35:21.875+0300] {logging_mixin.py:137} INFO - [2023-04-27T18:35:21.875+0300] {taskmixin.py:211} WARNING - Dependency <Task(_PythonDecoratedOperator): prepare_email>, send_email already registered for DAG: example_dag_decorator
[2023-04-27T18:35:21.875+0300] {logging_mixin.py:137} INFO - [2023-04-27T18:35:21.875+0300] {taskmixin.py:211} WARNING - Dependency <Task(EmailOperator): send_email>, prepare_email already registered for DAG: example_dag_decorator
[2023-04-27T18:35:21.883+0300] {processor.py:753} INFO - DAG(s) dict_keys(['example_dag_decorator']) retrieved from /home/vladimir/.local/lib/python3.10/site-packages/airflow/example_dags/example_dag_decorator.py
[2023-04-27T18:35:21.916+0300] {logging_mixin.py:137} INFO - [2023-04-27T18:35:21.916+0300] {dag.py:2705} INFO - Sync 1 DAGs
[2023-04-27T18:35:21.926+0300] {logging_mixin.py:137} INFO - [2023-04-27T18:35:21.926+0300] {dag.py:3452} INFO - Setting next_dagrun for example_dag_decorator to None, run_after=None
[2023-04-27T18:35:21.939+0300] {processor.py:175} INFO - Processing /home/vladimir/.local/lib/python3.10/site-packages/airflow/example_dags/example_dag_decorator.py took 0.080 seconds
[2023-04-27T18:36:12.078+0300] {processor.py:153} INFO - Started process (PID=7517) to work on /home/vladimir/.local/lib/python3.10/site-packages/airflow/example_dags/example_dag_decorator.py
[2023-04-27T18:36:12.079+0300] {processor.py:743} INFO - Processing file /home/vladimir/.local/lib/python3.10/site-packages/airflow/example_dags/example_dag_decorator.py for tasks to queue
[2023-04-27T18:36:12.080+0300] {logging_mixin.py:137} INFO - [2023-04-27T18:36:12.080+0300] {dagbag.py:532} INFO - Filling up the DagBag from /home/vladimir/.local/lib/python3.10/site-packages/airflow/example_dags/example_dag_decorator.py
[2023-04-27T18:36:12.093+0300] {logging_mixin.py:137} INFO - [2023-04-27T18:36:12.093+0300] {taskmixin.py:211} WARNING - Dependency <Task(_PythonDecoratedOperator): prepare_email>, send_email already registered for DAG: example_dag_decorator
[2023-04-27T18:36:12.093+0300] {logging_mixin.py:137} INFO - [2023-04-27T18:36:12.093+0300] {taskmixin.py:211} WARNING - Dependency <Task(EmailOperator): send_email>, prepare_email already registered for DAG: example_dag_decorator
[2023-04-27T18:36:12.102+0300] {processor.py:753} INFO - DAG(s) dict_keys(['example_dag_decorator']) retrieved from /home/vladimir/.local/lib/python3.10/site-packages/airflow/example_dags/example_dag_decorator.py
[2023-04-27T18:36:12.135+0300] {logging_mixin.py:137} INFO - [2023-04-27T18:36:12.135+0300] {dag.py:2705} INFO - Sync 1 DAGs
[2023-04-27T18:36:12.146+0300] {logging_mixin.py:137} INFO - [2023-04-27T18:36:12.146+0300] {dag.py:3452} INFO - Setting next_dagrun for example_dag_decorator to None, run_after=None
[2023-04-27T18:36:12.160+0300] {processor.py:175} INFO - Processing /home/vladimir/.local/lib/python3.10/site-packages/airflow/example_dags/example_dag_decorator.py took 0.083 seconds
[2023-04-27T18:36:59.004+0300] {processor.py:153} INFO - Started process (PID=7597) to work on /home/vladimir/.local/lib/python3.10/site-packages/airflow/example_dags/example_dag_decorator.py
[2023-04-27T18:36:59.005+0300] {processor.py:743} INFO - Processing file /home/vladimir/.local/lib/python3.10/site-packages/airflow/example_dags/example_dag_decorator.py for tasks to queue
[2023-04-27T18:36:59.005+0300] {logging_mixin.py:137} INFO - [2023-04-27T18:36:59.005+0300] {dagbag.py:532} INFO - Filling up the DagBag from /home/vladimir/.local/lib/python3.10/site-packages/airflow/example_dags/example_dag_decorator.py
[2023-04-27T18:36:59.018+0300] {logging_mixin.py:137} INFO - [2023-04-27T18:36:59.017+0300] {taskmixin.py:211} WARNING - Dependency <Task(_PythonDecoratedOperator): prepare_email>, send_email already registered for DAG: example_dag_decorator
[2023-04-27T18:36:59.018+0300] {logging_mixin.py:137} INFO - [2023-04-27T18:36:59.018+0300] {taskmixin.py:211} WARNING - Dependency <Task(EmailOperator): send_email>, prepare_email already registered for DAG: example_dag_decorator
[2023-04-27T18:36:59.025+0300] {processor.py:753} INFO - DAG(s) dict_keys(['example_dag_decorator']) retrieved from /home/vladimir/.local/lib/python3.10/site-packages/airflow/example_dags/example_dag_decorator.py
[2023-04-27T18:36:59.057+0300] {logging_mixin.py:137} INFO - [2023-04-27T18:36:59.057+0300] {dag.py:2705} INFO - Sync 1 DAGs
[2023-04-27T18:36:59.068+0300] {logging_mixin.py:137} INFO - [2023-04-27T18:36:59.067+0300] {dag.py:3452} INFO - Setting next_dagrun for example_dag_decorator to None, run_after=None
[2023-04-27T18:36:59.081+0300] {processor.py:175} INFO - Processing /home/vladimir/.local/lib/python3.10/site-packages/airflow/example_dags/example_dag_decorator.py took 0.079 seconds
[2023-04-27T18:37:49.185+0300] {processor.py:153} INFO - Started process (PID=7695) to work on /home/vladimir/.local/lib/python3.10/site-packages/airflow/example_dags/example_dag_decorator.py
[2023-04-27T18:37:49.186+0300] {processor.py:743} INFO - Processing file /home/vladimir/.local/lib/python3.10/site-packages/airflow/example_dags/example_dag_decorator.py for tasks to queue
[2023-04-27T18:37:49.186+0300] {logging_mixin.py:137} INFO - [2023-04-27T18:37:49.186+0300] {dagbag.py:532} INFO - Filling up the DagBag from /home/vladimir/.local/lib/python3.10/site-packages/airflow/example_dags/example_dag_decorator.py
[2023-04-27T18:37:49.199+0300] {logging_mixin.py:137} INFO - [2023-04-27T18:37:49.199+0300] {taskmixin.py:211} WARNING - Dependency <Task(_PythonDecoratedOperator): prepare_email>, send_email already registered for DAG: example_dag_decorator
[2023-04-27T18:37:49.199+0300] {logging_mixin.py:137} INFO - [2023-04-27T18:37:49.199+0300] {taskmixin.py:211} WARNING - Dependency <Task(EmailOperator): send_email>, prepare_email already registered for DAG: example_dag_decorator
[2023-04-27T18:37:49.209+0300] {processor.py:753} INFO - DAG(s) dict_keys(['example_dag_decorator']) retrieved from /home/vladimir/.local/lib/python3.10/site-packages/airflow/example_dags/example_dag_decorator.py
[2023-04-27T18:37:49.241+0300] {logging_mixin.py:137} INFO - [2023-04-27T18:37:49.241+0300] {dag.py:2705} INFO - Sync 1 DAGs
[2023-04-27T18:37:49.252+0300] {logging_mixin.py:137} INFO - [2023-04-27T18:37:49.252+0300] {dag.py:3452} INFO - Setting next_dagrun for example_dag_decorator to None, run_after=None
[2023-04-27T18:37:49.368+0300] {processor.py:175} INFO - Processing /home/vladimir/.local/lib/python3.10/site-packages/airflow/example_dags/example_dag_decorator.py took 0.186 seconds
[2023-04-27T18:38:35.369+0300] {processor.py:153} INFO - Started process (PID=8033) to work on /home/vladimir/.local/lib/python3.10/site-packages/airflow/example_dags/example_dag_decorator.py
[2023-04-27T18:38:35.370+0300] {processor.py:743} INFO - Processing file /home/vladimir/.local/lib/python3.10/site-packages/airflow/example_dags/example_dag_decorator.py for tasks to queue
[2023-04-27T18:38:35.370+0300] {logging_mixin.py:137} INFO - [2023-04-27T18:38:35.370+0300] {dagbag.py:532} INFO - Filling up the DagBag from /home/vladimir/.local/lib/python3.10/site-packages/airflow/example_dags/example_dag_decorator.py
[2023-04-27T18:38:35.385+0300] {logging_mixin.py:137} INFO - [2023-04-27T18:38:35.384+0300] {taskmixin.py:211} WARNING - Dependency <Task(_PythonDecoratedOperator): prepare_email>, send_email already registered for DAG: example_dag_decorator
[2023-04-27T18:38:35.385+0300] {logging_mixin.py:137} INFO - [2023-04-27T18:38:35.385+0300] {taskmixin.py:211} WARNING - Dependency <Task(EmailOperator): send_email>, prepare_email already registered for DAG: example_dag_decorator
[2023-04-27T18:38:35.392+0300] {processor.py:753} INFO - DAG(s) dict_keys(['example_dag_decorator']) retrieved from /home/vladimir/.local/lib/python3.10/site-packages/airflow/example_dags/example_dag_decorator.py
[2023-04-27T18:38:35.423+0300] {logging_mixin.py:137} INFO - [2023-04-27T18:38:35.423+0300] {dag.py:2705} INFO - Sync 1 DAGs
[2023-04-27T18:38:35.434+0300] {logging_mixin.py:137} INFO - [2023-04-27T18:38:35.434+0300] {dag.py:3452} INFO - Setting next_dagrun for example_dag_decorator to None, run_after=None
[2023-04-27T18:38:35.446+0300] {processor.py:175} INFO - Processing /home/vladimir/.local/lib/python3.10/site-packages/airflow/example_dags/example_dag_decorator.py took 0.079 seconds
[2023-04-27T18:39:26.955+0300] {processor.py:153} INFO - Started process (PID=8134) to work on /home/vladimir/.local/lib/python3.10/site-packages/airflow/example_dags/example_dag_decorator.py
[2023-04-27T18:39:26.955+0300] {processor.py:743} INFO - Processing file /home/vladimir/.local/lib/python3.10/site-packages/airflow/example_dags/example_dag_decorator.py for tasks to queue
[2023-04-27T18:39:26.956+0300] {logging_mixin.py:137} INFO - [2023-04-27T18:39:26.956+0300] {dagbag.py:532} INFO - Filling up the DagBag from /home/vladimir/.local/lib/python3.10/site-packages/airflow/example_dags/example_dag_decorator.py
[2023-04-27T18:39:26.969+0300] {logging_mixin.py:137} INFO - [2023-04-27T18:39:26.969+0300] {taskmixin.py:211} WARNING - Dependency <Task(_PythonDecoratedOperator): prepare_email>, send_email already registered for DAG: example_dag_decorator
[2023-04-27T18:39:26.969+0300] {logging_mixin.py:137} INFO - [2023-04-27T18:39:26.969+0300] {taskmixin.py:211} WARNING - Dependency <Task(EmailOperator): send_email>, prepare_email already registered for DAG: example_dag_decorator
[2023-04-27T18:39:26.977+0300] {processor.py:753} INFO - DAG(s) dict_keys(['example_dag_decorator']) retrieved from /home/vladimir/.local/lib/python3.10/site-packages/airflow/example_dags/example_dag_decorator.py
[2023-04-27T18:39:27.009+0300] {logging_mixin.py:137} INFO - [2023-04-27T18:39:27.009+0300] {dag.py:2705} INFO - Sync 1 DAGs
[2023-04-27T18:39:27.020+0300] {logging_mixin.py:137} INFO - [2023-04-27T18:39:27.020+0300] {dag.py:3452} INFO - Setting next_dagrun for example_dag_decorator to None, run_after=None
[2023-04-27T18:39:27.034+0300] {processor.py:175} INFO - Processing /home/vladimir/.local/lib/python3.10/site-packages/airflow/example_dags/example_dag_decorator.py took 0.081 seconds
[2023-04-27T18:40:17.947+0300] {processor.py:153} INFO - Started process (PID=8256) to work on /home/vladimir/.local/lib/python3.10/site-packages/airflow/example_dags/example_dag_decorator.py
[2023-04-27T18:40:17.948+0300] {processor.py:743} INFO - Processing file /home/vladimir/.local/lib/python3.10/site-packages/airflow/example_dags/example_dag_decorator.py for tasks to queue
[2023-04-27T18:40:17.948+0300] {logging_mixin.py:137} INFO - [2023-04-27T18:40:17.948+0300] {dagbag.py:532} INFO - Filling up the DagBag from /home/vladimir/.local/lib/python3.10/site-packages/airflow/example_dags/example_dag_decorator.py
[2023-04-27T18:40:17.961+0300] {logging_mixin.py:137} INFO - [2023-04-27T18:40:17.961+0300] {taskmixin.py:211} WARNING - Dependency <Task(_PythonDecoratedOperator): prepare_email>, send_email already registered for DAG: example_dag_decorator
[2023-04-27T18:40:17.961+0300] {logging_mixin.py:137} INFO - [2023-04-27T18:40:17.961+0300] {taskmixin.py:211} WARNING - Dependency <Task(EmailOperator): send_email>, prepare_email already registered for DAG: example_dag_decorator
[2023-04-27T18:40:17.969+0300] {processor.py:753} INFO - DAG(s) dict_keys(['example_dag_decorator']) retrieved from /home/vladimir/.local/lib/python3.10/site-packages/airflow/example_dags/example_dag_decorator.py
[2023-04-27T18:40:18.001+0300] {logging_mixin.py:137} INFO - [2023-04-27T18:40:18.001+0300] {dag.py:2705} INFO - Sync 1 DAGs
[2023-04-27T18:40:18.011+0300] {logging_mixin.py:137} INFO - [2023-04-27T18:40:18.011+0300] {dag.py:3452} INFO - Setting next_dagrun for example_dag_decorator to None, run_after=None
[2023-04-27T18:40:18.023+0300] {processor.py:175} INFO - Processing /home/vladimir/.local/lib/python3.10/site-packages/airflow/example_dags/example_dag_decorator.py took 0.079 seconds
[2023-04-27T18:41:35.791+0300] {processor.py:153} INFO - Started process (PID=3415) to work on /home/vladimir/.local/lib/python3.10/site-packages/airflow/example_dags/example_dag_decorator.py
[2023-04-27T18:41:35.792+0300] {processor.py:743} INFO - Processing file /home/vladimir/.local/lib/python3.10/site-packages/airflow/example_dags/example_dag_decorator.py for tasks to queue
[2023-04-27T18:41:35.793+0300] {logging_mixin.py:137} INFO - [2023-04-27T18:41:35.792+0300] {dagbag.py:532} INFO - Filling up the DagBag from /home/vladimir/.local/lib/python3.10/site-packages/airflow/example_dags/example_dag_decorator.py
[2023-04-27T18:41:35.808+0300] {logging_mixin.py:137} INFO - [2023-04-27T18:41:35.808+0300] {taskmixin.py:211} WARNING - Dependency <Task(_PythonDecoratedOperator): prepare_email>, send_email already registered for DAG: example_dag_decorator
[2023-04-27T18:41:35.808+0300] {logging_mixin.py:137} INFO - [2023-04-27T18:41:35.808+0300] {taskmixin.py:211} WARNING - Dependency <Task(EmailOperator): send_email>, prepare_email already registered for DAG: example_dag_decorator
[2023-04-27T18:41:35.817+0300] {processor.py:753} INFO - DAG(s) dict_keys(['example_dag_decorator']) retrieved from /home/vladimir/.local/lib/python3.10/site-packages/airflow/example_dags/example_dag_decorator.py
[2023-04-27T18:41:35.847+0300] {logging_mixin.py:137} INFO - [2023-04-27T18:41:35.847+0300] {dag.py:2705} INFO - Sync 1 DAGs
[2023-04-27T18:41:35.858+0300] {logging_mixin.py:137} INFO - [2023-04-27T18:41:35.858+0300] {dag.py:3452} INFO - Setting next_dagrun for example_dag_decorator to None, run_after=None
[2023-04-27T18:41:35.869+0300] {processor.py:175} INFO - Processing /home/vladimir/.local/lib/python3.10/site-packages/airflow/example_dags/example_dag_decorator.py took 0.081 seconds
[2023-04-27T18:42:22.526+0300] {processor.py:153} INFO - Started process (PID=3868) to work on /home/vladimir/.local/lib/python3.10/site-packages/airflow/example_dags/example_dag_decorator.py
[2023-04-27T18:42:22.529+0300] {processor.py:743} INFO - Processing file /home/vladimir/.local/lib/python3.10/site-packages/airflow/example_dags/example_dag_decorator.py for tasks to queue
[2023-04-27T18:42:22.530+0300] {logging_mixin.py:137} INFO - [2023-04-27T18:42:22.530+0300] {dagbag.py:532} INFO - Filling up the DagBag from /home/vladimir/.local/lib/python3.10/site-packages/airflow/example_dags/example_dag_decorator.py
[2023-04-27T18:42:22.551+0300] {logging_mixin.py:137} INFO - [2023-04-27T18:42:22.551+0300] {taskmixin.py:211} WARNING - Dependency <Task(_PythonDecoratedOperator): prepare_email>, send_email already registered for DAG: example_dag_decorator
[2023-04-27T18:42:22.551+0300] {logging_mixin.py:137} INFO - [2023-04-27T18:42:22.551+0300] {taskmixin.py:211} WARNING - Dependency <Task(EmailOperator): send_email>, prepare_email already registered for DAG: example_dag_decorator
[2023-04-27T18:42:22.560+0300] {processor.py:753} INFO - DAG(s) dict_keys(['example_dag_decorator']) retrieved from /home/vladimir/.local/lib/python3.10/site-packages/airflow/example_dags/example_dag_decorator.py
[2023-04-27T18:42:22.619+0300] {logging_mixin.py:137} INFO - [2023-04-27T18:42:22.619+0300] {dag.py:2705} INFO - Sync 1 DAGs
[2023-04-27T18:42:22.639+0300] {logging_mixin.py:137} INFO - [2023-04-27T18:42:22.639+0300] {dag.py:3452} INFO - Setting next_dagrun for example_dag_decorator to None, run_after=None
[2023-04-27T18:42:22.658+0300] {processor.py:175} INFO - Processing /home/vladimir/.local/lib/python3.10/site-packages/airflow/example_dags/example_dag_decorator.py took 0.134 seconds
[2023-04-27T18:43:04.616+0300] {processor.py:153} INFO - Started process (PID=4569) to work on /home/vladimir/.local/lib/python3.10/site-packages/airflow/example_dags/example_dag_decorator.py
[2023-04-27T18:43:04.617+0300] {processor.py:743} INFO - Processing file /home/vladimir/.local/lib/python3.10/site-packages/airflow/example_dags/example_dag_decorator.py for tasks to queue
[2023-04-27T18:43:04.617+0300] {logging_mixin.py:137} INFO - [2023-04-27T18:43:04.617+0300] {dagbag.py:532} INFO - Filling up the DagBag from /home/vladimir/.local/lib/python3.10/site-packages/airflow/example_dags/example_dag_decorator.py
[2023-04-27T18:43:04.630+0300] {logging_mixin.py:137} INFO - [2023-04-27T18:43:04.630+0300] {taskmixin.py:211} WARNING - Dependency <Task(_PythonDecoratedOperator): prepare_email>, send_email already registered for DAG: example_dag_decorator
[2023-04-27T18:43:04.630+0300] {logging_mixin.py:137} INFO - [2023-04-27T18:43:04.630+0300] {taskmixin.py:211} WARNING - Dependency <Task(EmailOperator): send_email>, prepare_email already registered for DAG: example_dag_decorator
[2023-04-27T18:43:04.638+0300] {processor.py:753} INFO - DAG(s) dict_keys(['example_dag_decorator']) retrieved from /home/vladimir/.local/lib/python3.10/site-packages/airflow/example_dags/example_dag_decorator.py
[2023-04-27T18:43:04.670+0300] {logging_mixin.py:137} INFO - [2023-04-27T18:43:04.670+0300] {dag.py:2705} INFO - Sync 1 DAGs
[2023-04-27T18:43:04.681+0300] {logging_mixin.py:137} INFO - [2023-04-27T18:43:04.681+0300] {dag.py:3452} INFO - Setting next_dagrun for example_dag_decorator to None, run_after=None
[2023-04-27T18:43:04.693+0300] {processor.py:175} INFO - Processing /home/vladimir/.local/lib/python3.10/site-packages/airflow/example_dags/example_dag_decorator.py took 0.080 seconds
[2023-04-27T18:43:48.044+0300] {processor.py:153} INFO - Started process (PID=5872) to work on /home/vladimir/.local/lib/python3.10/site-packages/airflow/example_dags/example_dag_decorator.py
[2023-04-27T18:43:48.045+0300] {processor.py:743} INFO - Processing file /home/vladimir/.local/lib/python3.10/site-packages/airflow/example_dags/example_dag_decorator.py for tasks to queue
[2023-04-27T18:43:48.045+0300] {logging_mixin.py:137} INFO - [2023-04-27T18:43:48.045+0300] {dagbag.py:532} INFO - Filling up the DagBag from /home/vladimir/.local/lib/python3.10/site-packages/airflow/example_dags/example_dag_decorator.py
[2023-04-27T18:43:48.060+0300] {logging_mixin.py:137} INFO - [2023-04-27T18:43:48.060+0300] {taskmixin.py:211} WARNING - Dependency <Task(_PythonDecoratedOperator): prepare_email>, send_email already registered for DAG: example_dag_decorator
[2023-04-27T18:43:48.060+0300] {logging_mixin.py:137} INFO - [2023-04-27T18:43:48.060+0300] {taskmixin.py:211} WARNING - Dependency <Task(EmailOperator): send_email>, prepare_email already registered for DAG: example_dag_decorator
[2023-04-27T18:43:48.069+0300] {processor.py:753} INFO - DAG(s) dict_keys(['example_dag_decorator']) retrieved from /home/vladimir/.local/lib/python3.10/site-packages/airflow/example_dags/example_dag_decorator.py
[2023-04-27T18:43:48.111+0300] {logging_mixin.py:137} INFO - [2023-04-27T18:43:48.111+0300] {dag.py:2705} INFO - Sync 1 DAGs
[2023-04-27T18:43:48.122+0300] {logging_mixin.py:137} INFO - [2023-04-27T18:43:48.122+0300] {dag.py:3452} INFO - Setting next_dagrun for example_dag_decorator to None, run_after=None
[2023-04-27T18:43:48.134+0300] {processor.py:175} INFO - Processing /home/vladimir/.local/lib/python3.10/site-packages/airflow/example_dags/example_dag_decorator.py took 0.092 seconds
[2023-04-27T18:44:34.715+0300] {processor.py:153} INFO - Started process (PID=9152) to work on /home/vladimir/.local/lib/python3.10/site-packages/airflow/example_dags/example_dag_decorator.py
[2023-04-27T18:44:34.725+0300] {processor.py:743} INFO - Processing file /home/vladimir/.local/lib/python3.10/site-packages/airflow/example_dags/example_dag_decorator.py for tasks to queue
[2023-04-27T18:44:34.726+0300] {logging_mixin.py:137} INFO - [2023-04-27T18:44:34.726+0300] {dagbag.py:532} INFO - Filling up the DagBag from /home/vladimir/.local/lib/python3.10/site-packages/airflow/example_dags/example_dag_decorator.py
[2023-04-27T18:44:34.752+0300] {logging_mixin.py:137} INFO - [2023-04-27T18:44:34.752+0300] {taskmixin.py:211} WARNING - Dependency <Task(_PythonDecoratedOperator): prepare_email>, send_email already registered for DAG: example_dag_decorator
[2023-04-27T18:44:34.753+0300] {logging_mixin.py:137} INFO - [2023-04-27T18:44:34.752+0300] {taskmixin.py:211} WARNING - Dependency <Task(EmailOperator): send_email>, prepare_email already registered for DAG: example_dag_decorator
[2023-04-27T18:44:34.773+0300] {processor.py:753} INFO - DAG(s) dict_keys(['example_dag_decorator']) retrieved from /home/vladimir/.local/lib/python3.10/site-packages/airflow/example_dags/example_dag_decorator.py
[2023-04-27T18:44:34.847+0300] {logging_mixin.py:137} INFO - [2023-04-27T18:44:34.847+0300] {dag.py:2705} INFO - Sync 1 DAGs
[2023-04-27T18:44:34.886+0300] {logging_mixin.py:137} INFO - [2023-04-27T18:44:34.886+0300] {dag.py:3452} INFO - Setting next_dagrun for example_dag_decorator to None, run_after=None
[2023-04-27T18:44:34.916+0300] {processor.py:175} INFO - Processing /home/vladimir/.local/lib/python3.10/site-packages/airflow/example_dags/example_dag_decorator.py took 0.204 seconds
[2023-04-27T18:45:26.167+0300] {processor.py:153} INFO - Started process (PID=10812) to work on /home/vladimir/.local/lib/python3.10/site-packages/airflow/example_dags/example_dag_decorator.py
[2023-04-27T18:45:26.168+0300] {processor.py:743} INFO - Processing file /home/vladimir/.local/lib/python3.10/site-packages/airflow/example_dags/example_dag_decorator.py for tasks to queue
[2023-04-27T18:45:26.168+0300] {logging_mixin.py:137} INFO - [2023-04-27T18:45:26.168+0300] {dagbag.py:532} INFO - Filling up the DagBag from /home/vladimir/.local/lib/python3.10/site-packages/airflow/example_dags/example_dag_decorator.py
[2023-04-27T18:45:26.181+0300] {logging_mixin.py:137} INFO - [2023-04-27T18:45:26.181+0300] {taskmixin.py:211} WARNING - Dependency <Task(_PythonDecoratedOperator): prepare_email>, send_email already registered for DAG: example_dag_decorator
[2023-04-27T18:45:26.181+0300] {logging_mixin.py:137} INFO - [2023-04-27T18:45:26.181+0300] {taskmixin.py:211} WARNING - Dependency <Task(EmailOperator): send_email>, prepare_email already registered for DAG: example_dag_decorator
[2023-04-27T18:45:26.190+0300] {processor.py:753} INFO - DAG(s) dict_keys(['example_dag_decorator']) retrieved from /home/vladimir/.local/lib/python3.10/site-packages/airflow/example_dags/example_dag_decorator.py
[2023-04-27T18:45:26.224+0300] {logging_mixin.py:137} INFO - [2023-04-27T18:45:26.223+0300] {dag.py:2705} INFO - Sync 1 DAGs
[2023-04-27T18:45:26.237+0300] {logging_mixin.py:137} INFO - [2023-04-27T18:45:26.237+0300] {dag.py:3452} INFO - Setting next_dagrun for example_dag_decorator to None, run_after=None
[2023-04-27T18:45:26.260+0300] {processor.py:175} INFO - Processing /home/vladimir/.local/lib/python3.10/site-packages/airflow/example_dags/example_dag_decorator.py took 0.095 seconds
[2023-04-27T18:47:12.794+0300] {processor.py:153} INFO - Started process (PID=3119) to work on /home/vladimir/.local/lib/python3.10/site-packages/airflow/example_dags/example_dag_decorator.py
[2023-04-27T18:47:12.796+0300] {processor.py:743} INFO - Processing file /home/vladimir/.local/lib/python3.10/site-packages/airflow/example_dags/example_dag_decorator.py for tasks to queue
[2023-04-27T18:47:12.797+0300] {logging_mixin.py:137} INFO - [2023-04-27T18:47:12.797+0300] {dagbag.py:532} INFO - Filling up the DagBag from /home/vladimir/.local/lib/python3.10/site-packages/airflow/example_dags/example_dag_decorator.py
[2023-04-27T18:47:12.812+0300] {logging_mixin.py:137} INFO - [2023-04-27T18:47:12.812+0300] {taskmixin.py:211} WARNING - Dependency <Task(_PythonDecoratedOperator): prepare_email>, send_email already registered for DAG: example_dag_decorator
[2023-04-27T18:47:12.812+0300] {logging_mixin.py:137} INFO - [2023-04-27T18:47:12.812+0300] {taskmixin.py:211} WARNING - Dependency <Task(EmailOperator): send_email>, prepare_email already registered for DAG: example_dag_decorator
[2023-04-27T18:47:12.826+0300] {processor.py:753} INFO - DAG(s) dict_keys(['example_dag_decorator']) retrieved from /home/vladimir/.local/lib/python3.10/site-packages/airflow/example_dags/example_dag_decorator.py
[2023-04-27T18:47:12.861+0300] {logging_mixin.py:137} INFO - [2023-04-27T18:47:12.861+0300] {dag.py:2705} INFO - Sync 1 DAGs
[2023-04-27T18:47:12.877+0300] {logging_mixin.py:137} INFO - [2023-04-27T18:47:12.877+0300] {dag.py:3452} INFO - Setting next_dagrun for example_dag_decorator to None, run_after=None
[2023-04-27T18:47:12.893+0300] {processor.py:175} INFO - Processing /home/vladimir/.local/lib/python3.10/site-packages/airflow/example_dags/example_dag_decorator.py took 0.101 seconds
[2023-04-27T18:47:55.175+0300] {processor.py:153} INFO - Started process (PID=4087) to work on /home/vladimir/.local/lib/python3.10/site-packages/airflow/example_dags/example_dag_decorator.py
[2023-04-27T18:47:55.176+0300] {processor.py:743} INFO - Processing file /home/vladimir/.local/lib/python3.10/site-packages/airflow/example_dags/example_dag_decorator.py for tasks to queue
[2023-04-27T18:47:55.176+0300] {logging_mixin.py:137} INFO - [2023-04-27T18:47:55.176+0300] {dagbag.py:532} INFO - Filling up the DagBag from /home/vladimir/.local/lib/python3.10/site-packages/airflow/example_dags/example_dag_decorator.py
[2023-04-27T18:47:55.190+0300] {logging_mixin.py:137} INFO - [2023-04-27T18:47:55.189+0300] {taskmixin.py:211} WARNING - Dependency <Task(_PythonDecoratedOperator): prepare_email>, send_email already registered for DAG: example_dag_decorator
[2023-04-27T18:47:55.190+0300] {logging_mixin.py:137} INFO - [2023-04-27T18:47:55.190+0300] {taskmixin.py:211} WARNING - Dependency <Task(EmailOperator): send_email>, prepare_email already registered for DAG: example_dag_decorator
[2023-04-27T18:47:55.198+0300] {processor.py:753} INFO - DAG(s) dict_keys(['example_dag_decorator']) retrieved from /home/vladimir/.local/lib/python3.10/site-packages/airflow/example_dags/example_dag_decorator.py
[2023-04-27T18:47:55.233+0300] {logging_mixin.py:137} INFO - [2023-04-27T18:47:55.233+0300] {dag.py:2705} INFO - Sync 1 DAGs
[2023-04-27T18:47:55.245+0300] {logging_mixin.py:137} INFO - [2023-04-27T18:47:55.245+0300] {dag.py:3452} INFO - Setting next_dagrun for example_dag_decorator to None, run_after=None
[2023-04-27T18:47:55.258+0300] {processor.py:175} INFO - Processing /home/vladimir/.local/lib/python3.10/site-packages/airflow/example_dags/example_dag_decorator.py took 0.086 seconds
[2023-04-27T18:48:37.837+0300] {processor.py:153} INFO - Started process (PID=4149) to work on /home/vladimir/.local/lib/python3.10/site-packages/airflow/example_dags/example_dag_decorator.py
[2023-04-27T18:48:37.838+0300] {processor.py:743} INFO - Processing file /home/vladimir/.local/lib/python3.10/site-packages/airflow/example_dags/example_dag_decorator.py for tasks to queue
[2023-04-27T18:48:37.838+0300] {logging_mixin.py:137} INFO - [2023-04-27T18:48:37.838+0300] {dagbag.py:532} INFO - Filling up the DagBag from /home/vladimir/.local/lib/python3.10/site-packages/airflow/example_dags/example_dag_decorator.py
[2023-04-27T18:48:37.851+0300] {logging_mixin.py:137} INFO - [2023-04-27T18:48:37.851+0300] {taskmixin.py:211} WARNING - Dependency <Task(_PythonDecoratedOperator): prepare_email>, send_email already registered for DAG: example_dag_decorator
[2023-04-27T18:48:37.851+0300] {logging_mixin.py:137} INFO - [2023-04-27T18:48:37.851+0300] {taskmixin.py:211} WARNING - Dependency <Task(EmailOperator): send_email>, prepare_email already registered for DAG: example_dag_decorator
[2023-04-27T18:48:37.859+0300] {processor.py:753} INFO - DAG(s) dict_keys(['example_dag_decorator']) retrieved from /home/vladimir/.local/lib/python3.10/site-packages/airflow/example_dags/example_dag_decorator.py
[2023-04-27T18:48:37.893+0300] {logging_mixin.py:137} INFO - [2023-04-27T18:48:37.892+0300] {dag.py:2705} INFO - Sync 1 DAGs
[2023-04-27T18:48:37.910+0300] {logging_mixin.py:137} INFO - [2023-04-27T18:48:37.910+0300] {dag.py:3452} INFO - Setting next_dagrun for example_dag_decorator to None, run_after=None
[2023-04-27T18:48:37.923+0300] {processor.py:175} INFO - Processing /home/vladimir/.local/lib/python3.10/site-packages/airflow/example_dags/example_dag_decorator.py took 0.089 seconds
[2023-04-27T18:49:25.885+0300] {processor.py:153} INFO - Started process (PID=4199) to work on /home/vladimir/.local/lib/python3.10/site-packages/airflow/example_dags/example_dag_decorator.py
[2023-04-27T18:49:25.885+0300] {processor.py:743} INFO - Processing file /home/vladimir/.local/lib/python3.10/site-packages/airflow/example_dags/example_dag_decorator.py for tasks to queue
[2023-04-27T18:49:25.886+0300] {logging_mixin.py:137} INFO - [2023-04-27T18:49:25.886+0300] {dagbag.py:532} INFO - Filling up the DagBag from /home/vladimir/.local/lib/python3.10/site-packages/airflow/example_dags/example_dag_decorator.py
[2023-04-27T18:49:25.898+0300] {logging_mixin.py:137} INFO - [2023-04-27T18:49:25.898+0300] {taskmixin.py:211} WARNING - Dependency <Task(_PythonDecoratedOperator): prepare_email>, send_email already registered for DAG: example_dag_decorator
[2023-04-27T18:49:25.898+0300] {logging_mixin.py:137} INFO - [2023-04-27T18:49:25.898+0300] {taskmixin.py:211} WARNING - Dependency <Task(EmailOperator): send_email>, prepare_email already registered for DAG: example_dag_decorator
[2023-04-27T18:49:25.905+0300] {processor.py:753} INFO - DAG(s) dict_keys(['example_dag_decorator']) retrieved from /home/vladimir/.local/lib/python3.10/site-packages/airflow/example_dags/example_dag_decorator.py
[2023-04-27T18:49:25.936+0300] {logging_mixin.py:137} INFO - [2023-04-27T18:49:25.936+0300] {dag.py:2705} INFO - Sync 1 DAGs
[2023-04-27T18:49:25.946+0300] {logging_mixin.py:137} INFO - [2023-04-27T18:49:25.945+0300] {dag.py:3452} INFO - Setting next_dagrun for example_dag_decorator to None, run_after=None
[2023-04-27T18:49:25.958+0300] {processor.py:175} INFO - Processing /home/vladimir/.local/lib/python3.10/site-packages/airflow/example_dags/example_dag_decorator.py took 0.076 seconds
[2023-04-27T18:50:18.059+0300] {processor.py:153} INFO - Started process (PID=4726) to work on /home/vladimir/.local/lib/python3.10/site-packages/airflow/example_dags/example_dag_decorator.py
[2023-04-27T18:50:18.060+0300] {processor.py:743} INFO - Processing file /home/vladimir/.local/lib/python3.10/site-packages/airflow/example_dags/example_dag_decorator.py for tasks to queue
[2023-04-27T18:50:18.061+0300] {logging_mixin.py:137} INFO - [2023-04-27T18:50:18.061+0300] {dagbag.py:532} INFO - Filling up the DagBag from /home/vladimir/.local/lib/python3.10/site-packages/airflow/example_dags/example_dag_decorator.py
[2023-04-27T18:50:18.074+0300] {logging_mixin.py:137} INFO - [2023-04-27T18:50:18.074+0300] {taskmixin.py:211} WARNING - Dependency <Task(_PythonDecoratedOperator): prepare_email>, send_email already registered for DAG: example_dag_decorator
[2023-04-27T18:50:18.074+0300] {logging_mixin.py:137} INFO - [2023-04-27T18:50:18.074+0300] {taskmixin.py:211} WARNING - Dependency <Task(EmailOperator): send_email>, prepare_email already registered for DAG: example_dag_decorator
[2023-04-27T18:50:18.082+0300] {processor.py:753} INFO - DAG(s) dict_keys(['example_dag_decorator']) retrieved from /home/vladimir/.local/lib/python3.10/site-packages/airflow/example_dags/example_dag_decorator.py
[2023-04-27T18:50:18.121+0300] {logging_mixin.py:137} INFO - [2023-04-27T18:50:18.121+0300] {dag.py:2705} INFO - Sync 1 DAGs
[2023-04-27T18:50:18.133+0300] {logging_mixin.py:137} INFO - [2023-04-27T18:50:18.133+0300] {dag.py:3452} INFO - Setting next_dagrun for example_dag_decorator to None, run_after=None
[2023-04-27T18:50:18.146+0300] {processor.py:175} INFO - Processing /home/vladimir/.local/lib/python3.10/site-packages/airflow/example_dags/example_dag_decorator.py took 0.091 seconds
[2023-04-27T18:51:02.911+0300] {processor.py:153} INFO - Started process (PID=5241) to work on /home/vladimir/.local/lib/python3.10/site-packages/airflow/example_dags/example_dag_decorator.py
[2023-04-27T18:51:02.912+0300] {processor.py:743} INFO - Processing file /home/vladimir/.local/lib/python3.10/site-packages/airflow/example_dags/example_dag_decorator.py for tasks to queue
[2023-04-27T18:51:02.913+0300] {logging_mixin.py:137} INFO - [2023-04-27T18:51:02.913+0300] {dagbag.py:532} INFO - Filling up the DagBag from /home/vladimir/.local/lib/python3.10/site-packages/airflow/example_dags/example_dag_decorator.py
[2023-04-27T18:51:02.933+0300] {logging_mixin.py:137} INFO - [2023-04-27T18:51:02.933+0300] {taskmixin.py:211} WARNING - Dependency <Task(_PythonDecoratedOperator): prepare_email>, send_email already registered for DAG: example_dag_decorator
[2023-04-27T18:51:02.933+0300] {logging_mixin.py:137} INFO - [2023-04-27T18:51:02.933+0300] {taskmixin.py:211} WARNING - Dependency <Task(EmailOperator): send_email>, prepare_email already registered for DAG: example_dag_decorator
[2023-04-27T18:51:02.942+0300] {processor.py:753} INFO - DAG(s) dict_keys(['example_dag_decorator']) retrieved from /home/vladimir/.local/lib/python3.10/site-packages/airflow/example_dags/example_dag_decorator.py
[2023-04-27T18:51:02.972+0300] {logging_mixin.py:137} INFO - [2023-04-27T18:51:02.972+0300] {dag.py:2705} INFO - Sync 1 DAGs
[2023-04-27T18:51:02.983+0300] {logging_mixin.py:137} INFO - [2023-04-27T18:51:02.983+0300] {dag.py:3452} INFO - Setting next_dagrun for example_dag_decorator to None, run_after=None
[2023-04-27T18:51:02.996+0300] {processor.py:175} INFO - Processing /home/vladimir/.local/lib/python3.10/site-packages/airflow/example_dags/example_dag_decorator.py took 0.088 seconds
[2023-04-27T18:51:49.459+0300] {processor.py:153} INFO - Started process (PID=5295) to work on /home/vladimir/.local/lib/python3.10/site-packages/airflow/example_dags/example_dag_decorator.py
[2023-04-27T18:51:49.460+0300] {processor.py:743} INFO - Processing file /home/vladimir/.local/lib/python3.10/site-packages/airflow/example_dags/example_dag_decorator.py for tasks to queue
[2023-04-27T18:51:49.461+0300] {logging_mixin.py:137} INFO - [2023-04-27T18:51:49.461+0300] {dagbag.py:532} INFO - Filling up the DagBag from /home/vladimir/.local/lib/python3.10/site-packages/airflow/example_dags/example_dag_decorator.py
[2023-04-27T18:51:49.474+0300] {logging_mixin.py:137} INFO - [2023-04-27T18:51:49.473+0300] {taskmixin.py:211} WARNING - Dependency <Task(_PythonDecoratedOperator): prepare_email>, send_email already registered for DAG: example_dag_decorator
[2023-04-27T18:51:49.474+0300] {logging_mixin.py:137} INFO - [2023-04-27T18:51:49.474+0300] {taskmixin.py:211} WARNING - Dependency <Task(EmailOperator): send_email>, prepare_email already registered for DAG: example_dag_decorator
[2023-04-27T18:51:49.481+0300] {processor.py:753} INFO - DAG(s) dict_keys(['example_dag_decorator']) retrieved from /home/vladimir/.local/lib/python3.10/site-packages/airflow/example_dags/example_dag_decorator.py
[2023-04-27T18:51:49.515+0300] {logging_mixin.py:137} INFO - [2023-04-27T18:51:49.514+0300] {dag.py:2705} INFO - Sync 1 DAGs
[2023-04-27T18:51:49.526+0300] {logging_mixin.py:137} INFO - [2023-04-27T18:51:49.525+0300] {dag.py:3452} INFO - Setting next_dagrun for example_dag_decorator to None, run_after=None
[2023-04-27T18:51:49.540+0300] {processor.py:175} INFO - Processing /home/vladimir/.local/lib/python3.10/site-packages/airflow/example_dags/example_dag_decorator.py took 0.083 seconds
[2023-04-27T18:52:33.528+0300] {processor.py:153} INFO - Started process (PID=5343) to work on /home/vladimir/.local/lib/python3.10/site-packages/airflow/example_dags/example_dag_decorator.py
[2023-04-27T18:52:33.530+0300] {processor.py:743} INFO - Processing file /home/vladimir/.local/lib/python3.10/site-packages/airflow/example_dags/example_dag_decorator.py for tasks to queue
[2023-04-27T18:52:33.530+0300] {logging_mixin.py:137} INFO - [2023-04-27T18:52:33.530+0300] {dagbag.py:532} INFO - Filling up the DagBag from /home/vladimir/.local/lib/python3.10/site-packages/airflow/example_dags/example_dag_decorator.py
[2023-04-27T18:52:33.543+0300] {logging_mixin.py:137} INFO - [2023-04-27T18:52:33.542+0300] {taskmixin.py:211} WARNING - Dependency <Task(_PythonDecoratedOperator): prepare_email>, send_email already registered for DAG: example_dag_decorator
[2023-04-27T18:52:33.543+0300] {logging_mixin.py:137} INFO - [2023-04-27T18:52:33.543+0300] {taskmixin.py:211} WARNING - Dependency <Task(EmailOperator): send_email>, prepare_email already registered for DAG: example_dag_decorator
[2023-04-27T18:52:33.551+0300] {processor.py:753} INFO - DAG(s) dict_keys(['example_dag_decorator']) retrieved from /home/vladimir/.local/lib/python3.10/site-packages/airflow/example_dags/example_dag_decorator.py
[2023-04-27T18:52:33.584+0300] {logging_mixin.py:137} INFO - [2023-04-27T18:52:33.584+0300] {dag.py:2705} INFO - Sync 1 DAGs
[2023-04-27T18:52:33.595+0300] {logging_mixin.py:137} INFO - [2023-04-27T18:52:33.595+0300] {dag.py:3452} INFO - Setting next_dagrun for example_dag_decorator to None, run_after=None
[2023-04-27T18:52:33.609+0300] {processor.py:175} INFO - Processing /home/vladimir/.local/lib/python3.10/site-packages/airflow/example_dags/example_dag_decorator.py took 0.083 seconds
[2023-04-27T18:53:14.247+0300] {processor.py:153} INFO - Started process (PID=5479) to work on /home/vladimir/.local/lib/python3.10/site-packages/airflow/example_dags/example_dag_decorator.py
[2023-04-27T18:53:14.248+0300] {processor.py:743} INFO - Processing file /home/vladimir/.local/lib/python3.10/site-packages/airflow/example_dags/example_dag_decorator.py for tasks to queue
[2023-04-27T18:53:14.248+0300] {logging_mixin.py:137} INFO - [2023-04-27T18:53:14.248+0300] {dagbag.py:532} INFO - Filling up the DagBag from /home/vladimir/.local/lib/python3.10/site-packages/airflow/example_dags/example_dag_decorator.py
[2023-04-27T18:53:14.267+0300] {logging_mixin.py:137} INFO - [2023-04-27T18:53:14.267+0300] {taskmixin.py:211} WARNING - Dependency <Task(_PythonDecoratedOperator): prepare_email>, send_email already registered for DAG: example_dag_decorator
[2023-04-27T18:53:14.267+0300] {logging_mixin.py:137} INFO - [2023-04-27T18:53:14.267+0300] {taskmixin.py:211} WARNING - Dependency <Task(EmailOperator): send_email>, prepare_email already registered for DAG: example_dag_decorator
[2023-04-27T18:53:14.279+0300] {processor.py:753} INFO - DAG(s) dict_keys(['example_dag_decorator']) retrieved from /home/vladimir/.local/lib/python3.10/site-packages/airflow/example_dags/example_dag_decorator.py
[2023-04-27T18:53:14.326+0300] {logging_mixin.py:137} INFO - [2023-04-27T18:53:14.326+0300] {dag.py:2705} INFO - Sync 1 DAGs
[2023-04-27T18:53:14.339+0300] {logging_mixin.py:137} INFO - [2023-04-27T18:53:14.339+0300] {dag.py:3452} INFO - Setting next_dagrun for example_dag_decorator to None, run_after=None
[2023-04-27T18:53:14.355+0300] {processor.py:175} INFO - Processing /home/vladimir/.local/lib/python3.10/site-packages/airflow/example_dags/example_dag_decorator.py took 0.111 seconds
[2023-04-27T18:53:57.274+0300] {processor.py:153} INFO - Started process (PID=5577) to work on /home/vladimir/.local/lib/python3.10/site-packages/airflow/example_dags/example_dag_decorator.py
[2023-04-27T18:53:57.275+0300] {processor.py:743} INFO - Processing file /home/vladimir/.local/lib/python3.10/site-packages/airflow/example_dags/example_dag_decorator.py for tasks to queue
[2023-04-27T18:53:57.275+0300] {logging_mixin.py:137} INFO - [2023-04-27T18:53:57.275+0300] {dagbag.py:532} INFO - Filling up the DagBag from /home/vladimir/.local/lib/python3.10/site-packages/airflow/example_dags/example_dag_decorator.py
[2023-04-27T18:53:57.288+0300] {logging_mixin.py:137} INFO - [2023-04-27T18:53:57.288+0300] {taskmixin.py:211} WARNING - Dependency <Task(_PythonDecoratedOperator): prepare_email>, send_email already registered for DAG: example_dag_decorator
[2023-04-27T18:53:57.288+0300] {logging_mixin.py:137} INFO - [2023-04-27T18:53:57.288+0300] {taskmixin.py:211} WARNING - Dependency <Task(EmailOperator): send_email>, prepare_email already registered for DAG: example_dag_decorator
[2023-04-27T18:53:57.295+0300] {processor.py:753} INFO - DAG(s) dict_keys(['example_dag_decorator']) retrieved from /home/vladimir/.local/lib/python3.10/site-packages/airflow/example_dags/example_dag_decorator.py
[2023-04-27T18:53:57.331+0300] {logging_mixin.py:137} INFO - [2023-04-27T18:53:57.331+0300] {dag.py:2705} INFO - Sync 1 DAGs
[2023-04-27T18:53:57.342+0300] {logging_mixin.py:137} INFO - [2023-04-27T18:53:57.342+0300] {dag.py:3452} INFO - Setting next_dagrun for example_dag_decorator to None, run_after=None
[2023-04-27T18:53:57.356+0300] {processor.py:175} INFO - Processing /home/vladimir/.local/lib/python3.10/site-packages/airflow/example_dags/example_dag_decorator.py took 0.084 seconds
[2023-04-27T18:54:45.650+0300] {processor.py:153} INFO - Started process (PID=5633) to work on /home/vladimir/.local/lib/python3.10/site-packages/airflow/example_dags/example_dag_decorator.py
[2023-04-27T18:54:45.651+0300] {processor.py:743} INFO - Processing file /home/vladimir/.local/lib/python3.10/site-packages/airflow/example_dags/example_dag_decorator.py for tasks to queue
[2023-04-27T18:54:45.652+0300] {logging_mixin.py:137} INFO - [2023-04-27T18:54:45.652+0300] {dagbag.py:532} INFO - Filling up the DagBag from /home/vladimir/.local/lib/python3.10/site-packages/airflow/example_dags/example_dag_decorator.py
[2023-04-27T18:54:45.663+0300] {logging_mixin.py:137} INFO - [2023-04-27T18:54:45.663+0300] {taskmixin.py:211} WARNING - Dependency <Task(_PythonDecoratedOperator): prepare_email>, send_email already registered for DAG: example_dag_decorator
[2023-04-27T18:54:45.664+0300] {logging_mixin.py:137} INFO - [2023-04-27T18:54:45.664+0300] {taskmixin.py:211} WARNING - Dependency <Task(EmailOperator): send_email>, prepare_email already registered for DAG: example_dag_decorator
[2023-04-27T18:54:45.672+0300] {processor.py:753} INFO - DAG(s) dict_keys(['example_dag_decorator']) retrieved from /home/vladimir/.local/lib/python3.10/site-packages/airflow/example_dags/example_dag_decorator.py
[2023-04-27T18:54:45.702+0300] {logging_mixin.py:137} INFO - [2023-04-27T18:54:45.702+0300] {dag.py:2705} INFO - Sync 1 DAGs
[2023-04-27T18:54:45.713+0300] {logging_mixin.py:137} INFO - [2023-04-27T18:54:45.713+0300] {dag.py:3452} INFO - Setting next_dagrun for example_dag_decorator to None, run_after=None
[2023-04-27T18:54:45.725+0300] {processor.py:175} INFO - Processing /home/vladimir/.local/lib/python3.10/site-packages/airflow/example_dags/example_dag_decorator.py took 0.077 seconds
[2023-04-27T18:55:34.635+0300] {processor.py:153} INFO - Started process (PID=5693) to work on /home/vladimir/.local/lib/python3.10/site-packages/airflow/example_dags/example_dag_decorator.py
[2023-04-27T18:55:34.636+0300] {processor.py:743} INFO - Processing file /home/vladimir/.local/lib/python3.10/site-packages/airflow/example_dags/example_dag_decorator.py for tasks to queue
[2023-04-27T18:55:34.637+0300] {logging_mixin.py:137} INFO - [2023-04-27T18:55:34.636+0300] {dagbag.py:532} INFO - Filling up the DagBag from /home/vladimir/.local/lib/python3.10/site-packages/airflow/example_dags/example_dag_decorator.py
[2023-04-27T18:55:34.652+0300] {logging_mixin.py:137} INFO - [2023-04-27T18:55:34.652+0300] {taskmixin.py:211} WARNING - Dependency <Task(_PythonDecoratedOperator): prepare_email>, send_email already registered for DAG: example_dag_decorator
[2023-04-27T18:55:34.652+0300] {logging_mixin.py:137} INFO - [2023-04-27T18:55:34.652+0300] {taskmixin.py:211} WARNING - Dependency <Task(EmailOperator): send_email>, prepare_email already registered for DAG: example_dag_decorator
[2023-04-27T18:55:34.660+0300] {processor.py:753} INFO - DAG(s) dict_keys(['example_dag_decorator']) retrieved from /home/vladimir/.local/lib/python3.10/site-packages/airflow/example_dags/example_dag_decorator.py
[2023-04-27T18:55:34.690+0300] {logging_mixin.py:137} INFO - [2023-04-27T18:55:34.690+0300] {dag.py:2705} INFO - Sync 1 DAGs
[2023-04-27T18:55:34.701+0300] {logging_mixin.py:137} INFO - [2023-04-27T18:55:34.701+0300] {dag.py:3452} INFO - Setting next_dagrun for example_dag_decorator to None, run_after=None
[2023-04-27T18:55:34.712+0300] {processor.py:175} INFO - Processing /home/vladimir/.local/lib/python3.10/site-packages/airflow/example_dags/example_dag_decorator.py took 0.081 seconds
[2023-04-27T18:56:18.197+0300] {processor.py:153} INFO - Started process (PID=5756) to work on /home/vladimir/.local/lib/python3.10/site-packages/airflow/example_dags/example_dag_decorator.py
[2023-04-27T18:56:18.199+0300] {processor.py:743} INFO - Processing file /home/vladimir/.local/lib/python3.10/site-packages/airflow/example_dags/example_dag_decorator.py for tasks to queue
[2023-04-27T18:56:18.199+0300] {logging_mixin.py:137} INFO - [2023-04-27T18:56:18.199+0300] {dagbag.py:532} INFO - Filling up the DagBag from /home/vladimir/.local/lib/python3.10/site-packages/airflow/example_dags/example_dag_decorator.py
[2023-04-27T18:56:18.218+0300] {logging_mixin.py:137} INFO - [2023-04-27T18:56:18.218+0300] {taskmixin.py:211} WARNING - Dependency <Task(_PythonDecoratedOperator): prepare_email>, send_email already registered for DAG: example_dag_decorator
[2023-04-27T18:56:18.219+0300] {logging_mixin.py:137} INFO - [2023-04-27T18:56:18.219+0300] {taskmixin.py:211} WARNING - Dependency <Task(EmailOperator): send_email>, prepare_email already registered for DAG: example_dag_decorator
[2023-04-27T18:56:18.227+0300] {processor.py:753} INFO - DAG(s) dict_keys(['example_dag_decorator']) retrieved from /home/vladimir/.local/lib/python3.10/site-packages/airflow/example_dags/example_dag_decorator.py
[2023-04-27T18:56:18.265+0300] {logging_mixin.py:137} INFO - [2023-04-27T18:56:18.265+0300] {dag.py:2705} INFO - Sync 1 DAGs
[2023-04-27T18:56:18.277+0300] {logging_mixin.py:137} INFO - [2023-04-27T18:56:18.277+0300] {dag.py:3452} INFO - Setting next_dagrun for example_dag_decorator to None, run_after=None
[2023-04-27T18:56:18.291+0300] {processor.py:175} INFO - Processing /home/vladimir/.local/lib/python3.10/site-packages/airflow/example_dags/example_dag_decorator.py took 0.096 seconds
[2023-04-27T18:57:03.075+0300] {processor.py:153} INFO - Started process (PID=6668) to work on /home/vladimir/.local/lib/python3.10/site-packages/airflow/example_dags/example_dag_decorator.py
[2023-04-27T18:57:03.076+0300] {processor.py:743} INFO - Processing file /home/vladimir/.local/lib/python3.10/site-packages/airflow/example_dags/example_dag_decorator.py for tasks to queue
[2023-04-27T18:57:03.077+0300] {logging_mixin.py:137} INFO - [2023-04-27T18:57:03.077+0300] {dagbag.py:532} INFO - Filling up the DagBag from /home/vladimir/.local/lib/python3.10/site-packages/airflow/example_dags/example_dag_decorator.py
[2023-04-27T18:57:03.089+0300] {logging_mixin.py:137} INFO - [2023-04-27T18:57:03.089+0300] {taskmixin.py:211} WARNING - Dependency <Task(_PythonDecoratedOperator): prepare_email>, send_email already registered for DAG: example_dag_decorator
[2023-04-27T18:57:03.089+0300] {logging_mixin.py:137} INFO - [2023-04-27T18:57:03.089+0300] {taskmixin.py:211} WARNING - Dependency <Task(EmailOperator): send_email>, prepare_email already registered for DAG: example_dag_decorator
[2023-04-27T18:57:03.098+0300] {processor.py:753} INFO - DAG(s) dict_keys(['example_dag_decorator']) retrieved from /home/vladimir/.local/lib/python3.10/site-packages/airflow/example_dags/example_dag_decorator.py
[2023-04-27T18:57:03.129+0300] {logging_mixin.py:137} INFO - [2023-04-27T18:57:03.129+0300] {dag.py:2705} INFO - Sync 1 DAGs
[2023-04-27T18:57:03.139+0300] {logging_mixin.py:137} INFO - [2023-04-27T18:57:03.138+0300] {dag.py:3452} INFO - Setting next_dagrun for example_dag_decorator to None, run_after=None
[2023-04-27T18:57:03.151+0300] {processor.py:175} INFO - Processing /home/vladimir/.local/lib/python3.10/site-packages/airflow/example_dags/example_dag_decorator.py took 0.077 seconds
[2023-04-27T18:57:55.624+0300] {processor.py:153} INFO - Started process (PID=6757) to work on /home/vladimir/.local/lib/python3.10/site-packages/airflow/example_dags/example_dag_decorator.py
[2023-04-27T18:57:55.625+0300] {processor.py:743} INFO - Processing file /home/vladimir/.local/lib/python3.10/site-packages/airflow/example_dags/example_dag_decorator.py for tasks to queue
[2023-04-27T18:57:55.625+0300] {logging_mixin.py:137} INFO - [2023-04-27T18:57:55.625+0300] {dagbag.py:532} INFO - Filling up the DagBag from /home/vladimir/.local/lib/python3.10/site-packages/airflow/example_dags/example_dag_decorator.py
[2023-04-27T18:57:55.638+0300] {logging_mixin.py:137} INFO - [2023-04-27T18:57:55.638+0300] {taskmixin.py:211} WARNING - Dependency <Task(_PythonDecoratedOperator): prepare_email>, send_email already registered for DAG: example_dag_decorator
[2023-04-27T18:57:55.638+0300] {logging_mixin.py:137} INFO - [2023-04-27T18:57:55.638+0300] {taskmixin.py:211} WARNING - Dependency <Task(EmailOperator): send_email>, prepare_email already registered for DAG: example_dag_decorator
[2023-04-27T18:57:55.645+0300] {processor.py:753} INFO - DAG(s) dict_keys(['example_dag_decorator']) retrieved from /home/vladimir/.local/lib/python3.10/site-packages/airflow/example_dags/example_dag_decorator.py
[2023-04-27T18:57:55.676+0300] {logging_mixin.py:137} INFO - [2023-04-27T18:57:55.676+0300] {dag.py:2705} INFO - Sync 1 DAGs
[2023-04-27T18:57:55.686+0300] {logging_mixin.py:137} INFO - [2023-04-27T18:57:55.686+0300] {dag.py:3452} INFO - Setting next_dagrun for example_dag_decorator to None, run_after=None
[2023-04-27T18:57:55.700+0300] {processor.py:175} INFO - Processing /home/vladimir/.local/lib/python3.10/site-packages/airflow/example_dags/example_dag_decorator.py took 0.078 seconds
[2023-04-27T18:58:39.792+0300] {processor.py:153} INFO - Started process (PID=6845) to work on /home/vladimir/.local/lib/python3.10/site-packages/airflow/example_dags/example_dag_decorator.py
[2023-04-27T18:58:39.793+0300] {processor.py:743} INFO - Processing file /home/vladimir/.local/lib/python3.10/site-packages/airflow/example_dags/example_dag_decorator.py for tasks to queue
[2023-04-27T18:58:39.794+0300] {logging_mixin.py:137} INFO - [2023-04-27T18:58:39.794+0300] {dagbag.py:532} INFO - Filling up the DagBag from /home/vladimir/.local/lib/python3.10/site-packages/airflow/example_dags/example_dag_decorator.py
[2023-04-27T18:58:39.807+0300] {logging_mixin.py:137} INFO - [2023-04-27T18:58:39.806+0300] {taskmixin.py:211} WARNING - Dependency <Task(_PythonDecoratedOperator): prepare_email>, send_email already registered for DAG: example_dag_decorator
[2023-04-27T18:58:39.807+0300] {logging_mixin.py:137} INFO - [2023-04-27T18:58:39.807+0300] {taskmixin.py:211} WARNING - Dependency <Task(EmailOperator): send_email>, prepare_email already registered for DAG: example_dag_decorator
[2023-04-27T18:58:39.815+0300] {processor.py:753} INFO - DAG(s) dict_keys(['example_dag_decorator']) retrieved from /home/vladimir/.local/lib/python3.10/site-packages/airflow/example_dags/example_dag_decorator.py
[2023-04-27T18:58:39.846+0300] {logging_mixin.py:137} INFO - [2023-04-27T18:58:39.846+0300] {dag.py:2705} INFO - Sync 1 DAGs
[2023-04-27T18:58:39.857+0300] {logging_mixin.py:137} INFO - [2023-04-27T18:58:39.857+0300] {dag.py:3452} INFO - Setting next_dagrun for example_dag_decorator to None, run_after=None
[2023-04-27T18:58:39.966+0300] {processor.py:175} INFO - Processing /home/vladimir/.local/lib/python3.10/site-packages/airflow/example_dags/example_dag_decorator.py took 0.177 seconds
[2023-04-27T18:59:29.817+0300] {processor.py:153} INFO - Started process (PID=6934) to work on /home/vladimir/.local/lib/python3.10/site-packages/airflow/example_dags/example_dag_decorator.py
[2023-04-27T18:59:29.818+0300] {processor.py:743} INFO - Processing file /home/vladimir/.local/lib/python3.10/site-packages/airflow/example_dags/example_dag_decorator.py for tasks to queue
[2023-04-27T18:59:29.819+0300] {logging_mixin.py:137} INFO - [2023-04-27T18:59:29.818+0300] {dagbag.py:532} INFO - Filling up the DagBag from /home/vladimir/.local/lib/python3.10/site-packages/airflow/example_dags/example_dag_decorator.py
[2023-04-27T18:59:29.831+0300] {logging_mixin.py:137} INFO - [2023-04-27T18:59:29.831+0300] {taskmixin.py:211} WARNING - Dependency <Task(_PythonDecoratedOperator): prepare_email>, send_email already registered for DAG: example_dag_decorator
[2023-04-27T18:59:29.831+0300] {logging_mixin.py:137} INFO - [2023-04-27T18:59:29.831+0300] {taskmixin.py:211} WARNING - Dependency <Task(EmailOperator): send_email>, prepare_email already registered for DAG: example_dag_decorator
[2023-04-27T18:59:29.839+0300] {processor.py:753} INFO - DAG(s) dict_keys(['example_dag_decorator']) retrieved from /home/vladimir/.local/lib/python3.10/site-packages/airflow/example_dags/example_dag_decorator.py
[2023-04-27T18:59:29.874+0300] {logging_mixin.py:137} INFO - [2023-04-27T18:59:29.874+0300] {dag.py:2705} INFO - Sync 1 DAGs
[2023-04-27T18:59:29.887+0300] {logging_mixin.py:137} INFO - [2023-04-27T18:59:29.887+0300] {dag.py:3452} INFO - Setting next_dagrun for example_dag_decorator to None, run_after=None
[2023-04-27T18:59:29.899+0300] {processor.py:175} INFO - Processing /home/vladimir/.local/lib/python3.10/site-packages/airflow/example_dags/example_dag_decorator.py took 0.084 seconds
[2023-04-27T19:00:13.146+0300] {processor.py:153} INFO - Started process (PID=7032) to work on /home/vladimir/.local/lib/python3.10/site-packages/airflow/example_dags/example_dag_decorator.py
[2023-04-27T19:00:13.148+0300] {processor.py:743} INFO - Processing file /home/vladimir/.local/lib/python3.10/site-packages/airflow/example_dags/example_dag_decorator.py for tasks to queue
[2023-04-27T19:00:13.149+0300] {logging_mixin.py:137} INFO - [2023-04-27T19:00:13.149+0300] {dagbag.py:532} INFO - Filling up the DagBag from /home/vladimir/.local/lib/python3.10/site-packages/airflow/example_dags/example_dag_decorator.py
[2023-04-27T19:00:13.165+0300] {logging_mixin.py:137} INFO - [2023-04-27T19:00:13.165+0300] {taskmixin.py:211} WARNING - Dependency <Task(_PythonDecoratedOperator): prepare_email>, send_email already registered for DAG: example_dag_decorator
[2023-04-27T19:00:13.165+0300] {logging_mixin.py:137} INFO - [2023-04-27T19:00:13.165+0300] {taskmixin.py:211} WARNING - Dependency <Task(EmailOperator): send_email>, prepare_email already registered for DAG: example_dag_decorator
[2023-04-27T19:00:13.173+0300] {processor.py:753} INFO - DAG(s) dict_keys(['example_dag_decorator']) retrieved from /home/vladimir/.local/lib/python3.10/site-packages/airflow/example_dags/example_dag_decorator.py
[2023-04-27T19:00:13.208+0300] {logging_mixin.py:137} INFO - [2023-04-27T19:00:13.208+0300] {dag.py:2705} INFO - Sync 1 DAGs
[2023-04-27T19:00:13.218+0300] {logging_mixin.py:137} INFO - [2023-04-27T19:00:13.218+0300] {dag.py:3452} INFO - Setting next_dagrun for example_dag_decorator to None, run_after=None
[2023-04-27T19:00:13.234+0300] {processor.py:175} INFO - Processing /home/vladimir/.local/lib/python3.10/site-packages/airflow/example_dags/example_dag_decorator.py took 0.091 seconds
[2023-04-27T19:01:02.053+0300] {processor.py:153} INFO - Started process (PID=7156) to work on /home/vladimir/.local/lib/python3.10/site-packages/airflow/example_dags/example_dag_decorator.py
[2023-04-27T19:01:02.056+0300] {processor.py:743} INFO - Processing file /home/vladimir/.local/lib/python3.10/site-packages/airflow/example_dags/example_dag_decorator.py for tasks to queue
[2023-04-27T19:01:02.057+0300] {logging_mixin.py:137} INFO - [2023-04-27T19:01:02.057+0300] {dagbag.py:532} INFO - Filling up the DagBag from /home/vladimir/.local/lib/python3.10/site-packages/airflow/example_dags/example_dag_decorator.py
[2023-04-27T19:01:02.087+0300] {logging_mixin.py:137} INFO - [2023-04-27T19:01:02.087+0300] {taskmixin.py:211} WARNING - Dependency <Task(_PythonDecoratedOperator): prepare_email>, send_email already registered for DAG: example_dag_decorator
[2023-04-27T19:01:02.087+0300] {logging_mixin.py:137} INFO - [2023-04-27T19:01:02.087+0300] {taskmixin.py:211} WARNING - Dependency <Task(EmailOperator): send_email>, prepare_email already registered for DAG: example_dag_decorator
[2023-04-27T19:01:02.100+0300] {processor.py:753} INFO - DAG(s) dict_keys(['example_dag_decorator']) retrieved from /home/vladimir/.local/lib/python3.10/site-packages/airflow/example_dags/example_dag_decorator.py
[2023-04-27T19:01:02.157+0300] {logging_mixin.py:137} INFO - [2023-04-27T19:01:02.157+0300] {dag.py:2705} INFO - Sync 1 DAGs
[2023-04-27T19:01:02.175+0300] {logging_mixin.py:137} INFO - [2023-04-27T19:01:02.175+0300] {dag.py:3452} INFO - Setting next_dagrun for example_dag_decorator to None, run_after=None
[2023-04-27T19:01:02.198+0300] {processor.py:175} INFO - Processing /home/vladimir/.local/lib/python3.10/site-packages/airflow/example_dags/example_dag_decorator.py took 0.149 seconds
