[2023-04-27T18:25:06.466+0300] {processor.py:153} INFO - Started process (PID=5532) to work on /home/vladimir/.local/lib/python3.10/site-packages/airflow/example_dags/example_time_delta_sensor_async.py
[2023-04-27T18:25:06.466+0300] {processor.py:743} INFO - Processing file /home/vladimir/.local/lib/python3.10/site-packages/airflow/example_dags/example_time_delta_sensor_async.py for tasks to queue
[2023-04-27T18:25:06.467+0300] {logging_mixin.py:137} INFO - [2023-04-27T18:25:06.467+0300] {dagbag.py:532} INFO - Filling up the DagBag from /home/vladimir/.local/lib/python3.10/site-packages/airflow/example_dags/example_time_delta_sensor_async.py
[2023-04-27T18:25:06.482+0300] {processor.py:753} INFO - DAG(s) dict_keys(['example_time_delta_sensor_async']) retrieved from /home/vladimir/.local/lib/python3.10/site-packages/airflow/example_dags/example_time_delta_sensor_async.py
[2023-04-27T18:25:06.550+0300] {logging_mixin.py:137} INFO - [2023-04-27T18:25:06.550+0300] {manager.py:504} INFO - Created Permission View: can read on DAG:example_time_delta_sensor_async
[2023-04-27T18:25:06.556+0300] {logging_mixin.py:137} INFO - [2023-04-27T18:25:06.556+0300] {manager.py:504} INFO - Created Permission View: can delete on DAG:example_time_delta_sensor_async
[2023-04-27T18:25:06.561+0300] {logging_mixin.py:137} INFO - [2023-04-27T18:25:06.561+0300] {manager.py:504} INFO - Created Permission View: can edit on DAG:example_time_delta_sensor_async
[2023-04-27T18:25:06.561+0300] {logging_mixin.py:137} INFO - [2023-04-27T18:25:06.561+0300] {dag.py:2705} INFO - Sync 1 DAGs
[2023-04-27T18:25:06.572+0300] {logging_mixin.py:137} INFO - [2023-04-27T18:25:06.572+0300] {dag.py:2726} INFO - Creating ORM DAG for example_time_delta_sensor_async
[2023-04-27T18:25:06.578+0300] {logging_mixin.py:137} INFO - [2023-04-27T18:25:06.578+0300] {dag.py:3452} INFO - Setting next_dagrun for example_time_delta_sensor_async to None, run_after=None
[2023-04-27T18:25:06.627+0300] {processor.py:175} INFO - Processing /home/vladimir/.local/lib/python3.10/site-packages/airflow/example_dags/example_time_delta_sensor_async.py took 0.164 seconds
[2023-04-27T18:26:06.825+0300] {processor.py:153} INFO - Started process (PID=5975) to work on /home/vladimir/.local/lib/python3.10/site-packages/airflow/example_dags/example_time_delta_sensor_async.py
[2023-04-27T18:26:06.825+0300] {processor.py:743} INFO - Processing file /home/vladimir/.local/lib/python3.10/site-packages/airflow/example_dags/example_time_delta_sensor_async.py for tasks to queue
[2023-04-27T18:26:06.826+0300] {logging_mixin.py:137} INFO - [2023-04-27T18:26:06.826+0300] {dagbag.py:532} INFO - Filling up the DagBag from /home/vladimir/.local/lib/python3.10/site-packages/airflow/example_dags/example_time_delta_sensor_async.py
[2023-04-27T18:26:06.840+0300] {processor.py:753} INFO - DAG(s) dict_keys(['example_time_delta_sensor_async']) retrieved from /home/vladimir/.local/lib/python3.10/site-packages/airflow/example_dags/example_time_delta_sensor_async.py
[2023-04-27T18:26:06.854+0300] {logging_mixin.py:137} INFO - [2023-04-27T18:26:06.854+0300] {dag.py:2705} INFO - Sync 1 DAGs
[2023-04-27T18:26:06.867+0300] {logging_mixin.py:137} INFO - [2023-04-27T18:26:06.867+0300] {dag.py:3452} INFO - Setting next_dagrun for example_time_delta_sensor_async to None, run_after=None
[2023-04-27T18:26:06.881+0300] {processor.py:175} INFO - Processing /home/vladimir/.local/lib/python3.10/site-packages/airflow/example_dags/example_time_delta_sensor_async.py took 0.059 seconds
[2023-04-27T18:26:47.903+0300] {processor.py:153} INFO - Started process (PID=6039) to work on /home/vladimir/.local/lib/python3.10/site-packages/airflow/example_dags/example_time_delta_sensor_async.py
[2023-04-27T18:26:47.904+0300] {processor.py:743} INFO - Processing file /home/vladimir/.local/lib/python3.10/site-packages/airflow/example_dags/example_time_delta_sensor_async.py for tasks to queue
[2023-04-27T18:26:47.904+0300] {logging_mixin.py:137} INFO - [2023-04-27T18:26:47.904+0300] {dagbag.py:532} INFO - Filling up the DagBag from /home/vladimir/.local/lib/python3.10/site-packages/airflow/example_dags/example_time_delta_sensor_async.py
[2023-04-27T18:26:47.913+0300] {processor.py:753} INFO - DAG(s) dict_keys(['example_time_delta_sensor_async']) retrieved from /home/vladimir/.local/lib/python3.10/site-packages/airflow/example_dags/example_time_delta_sensor_async.py
[2023-04-27T18:26:47.927+0300] {logging_mixin.py:137} INFO - [2023-04-27T18:26:47.927+0300] {dag.py:2705} INFO - Sync 1 DAGs
[2023-04-27T18:26:47.940+0300] {logging_mixin.py:137} INFO - [2023-04-27T18:26:47.939+0300] {dag.py:3452} INFO - Setting next_dagrun for example_time_delta_sensor_async to None, run_after=None
[2023-04-27T18:26:47.954+0300] {processor.py:175} INFO - Processing /home/vladimir/.local/lib/python3.10/site-packages/airflow/example_dags/example_time_delta_sensor_async.py took 0.053 seconds
[2023-04-27T18:27:26.126+0300] {processor.py:153} INFO - Started process (PID=6098) to work on /home/vladimir/.local/lib/python3.10/site-packages/airflow/example_dags/example_time_delta_sensor_async.py
[2023-04-27T18:27:26.127+0300] {processor.py:743} INFO - Processing file /home/vladimir/.local/lib/python3.10/site-packages/airflow/example_dags/example_time_delta_sensor_async.py for tasks to queue
[2023-04-27T18:27:26.127+0300] {logging_mixin.py:137} INFO - [2023-04-27T18:27:26.127+0300] {dagbag.py:532} INFO - Filling up the DagBag from /home/vladimir/.local/lib/python3.10/site-packages/airflow/example_dags/example_time_delta_sensor_async.py
[2023-04-27T18:27:26.137+0300] {processor.py:753} INFO - DAG(s) dict_keys(['example_time_delta_sensor_async']) retrieved from /home/vladimir/.local/lib/python3.10/site-packages/airflow/example_dags/example_time_delta_sensor_async.py
[2023-04-27T18:27:26.152+0300] {logging_mixin.py:137} INFO - [2023-04-27T18:27:26.152+0300] {dag.py:2705} INFO - Sync 1 DAGs
[2023-04-27T18:27:26.164+0300] {logging_mixin.py:137} INFO - [2023-04-27T18:27:26.164+0300] {dag.py:3452} INFO - Setting next_dagrun for example_time_delta_sensor_async to None, run_after=None
[2023-04-27T18:27:26.177+0300] {processor.py:175} INFO - Processing /home/vladimir/.local/lib/python3.10/site-packages/airflow/example_dags/example_time_delta_sensor_async.py took 0.053 seconds
[2023-04-27T18:28:01.626+0300] {processor.py:153} INFO - Started process (PID=6146) to work on /home/vladimir/.local/lib/python3.10/site-packages/airflow/example_dags/example_time_delta_sensor_async.py
[2023-04-27T18:28:01.627+0300] {processor.py:743} INFO - Processing file /home/vladimir/.local/lib/python3.10/site-packages/airflow/example_dags/example_time_delta_sensor_async.py for tasks to queue
[2023-04-27T18:28:01.627+0300] {logging_mixin.py:137} INFO - [2023-04-27T18:28:01.627+0300] {dagbag.py:532} INFO - Filling up the DagBag from /home/vladimir/.local/lib/python3.10/site-packages/airflow/example_dags/example_time_delta_sensor_async.py
[2023-04-27T18:28:01.639+0300] {processor.py:753} INFO - DAG(s) dict_keys(['example_time_delta_sensor_async']) retrieved from /home/vladimir/.local/lib/python3.10/site-packages/airflow/example_dags/example_time_delta_sensor_async.py
[2023-04-27T18:28:01.653+0300] {logging_mixin.py:137} INFO - [2023-04-27T18:28:01.653+0300] {dag.py:2705} INFO - Sync 1 DAGs
[2023-04-27T18:28:01.669+0300] {logging_mixin.py:137} INFO - [2023-04-27T18:28:01.669+0300] {dag.py:3452} INFO - Setting next_dagrun for example_time_delta_sensor_async to None, run_after=None
[2023-04-27T18:28:01.682+0300] {processor.py:175} INFO - Processing /home/vladimir/.local/lib/python3.10/site-packages/airflow/example_dags/example_time_delta_sensor_async.py took 0.058 seconds
[2023-04-27T18:28:35.789+0300] {processor.py:153} INFO - Started process (PID=6200) to work on /home/vladimir/.local/lib/python3.10/site-packages/airflow/example_dags/example_time_delta_sensor_async.py
[2023-04-27T18:28:35.790+0300] {processor.py:743} INFO - Processing file /home/vladimir/.local/lib/python3.10/site-packages/airflow/example_dags/example_time_delta_sensor_async.py for tasks to queue
[2023-04-27T18:28:35.790+0300] {logging_mixin.py:137} INFO - [2023-04-27T18:28:35.790+0300] {dagbag.py:532} INFO - Filling up the DagBag from /home/vladimir/.local/lib/python3.10/site-packages/airflow/example_dags/example_time_delta_sensor_async.py
[2023-04-27T18:28:35.799+0300] {processor.py:753} INFO - DAG(s) dict_keys(['example_time_delta_sensor_async']) retrieved from /home/vladimir/.local/lib/python3.10/site-packages/airflow/example_dags/example_time_delta_sensor_async.py
[2023-04-27T18:28:35.812+0300] {logging_mixin.py:137} INFO - [2023-04-27T18:28:35.812+0300] {dag.py:2705} INFO - Sync 1 DAGs
[2023-04-27T18:28:35.825+0300] {logging_mixin.py:137} INFO - [2023-04-27T18:28:35.825+0300] {dag.py:3452} INFO - Setting next_dagrun for example_time_delta_sensor_async to None, run_after=None
[2023-04-27T18:28:35.838+0300] {processor.py:175} INFO - Processing /home/vladimir/.local/lib/python3.10/site-packages/airflow/example_dags/example_time_delta_sensor_async.py took 0.051 seconds
[2023-04-27T18:29:17.889+0300] {processor.py:153} INFO - Started process (PID=6334) to work on /home/vladimir/.local/lib/python3.10/site-packages/airflow/example_dags/example_time_delta_sensor_async.py
[2023-04-27T18:29:17.890+0300] {processor.py:743} INFO - Processing file /home/vladimir/.local/lib/python3.10/site-packages/airflow/example_dags/example_time_delta_sensor_async.py for tasks to queue
[2023-04-27T18:29:17.892+0300] {logging_mixin.py:137} INFO - [2023-04-27T18:29:17.891+0300] {dagbag.py:532} INFO - Filling up the DagBag from /home/vladimir/.local/lib/python3.10/site-packages/airflow/example_dags/example_time_delta_sensor_async.py
[2023-04-27T18:29:17.902+0300] {processor.py:753} INFO - DAG(s) dict_keys(['example_time_delta_sensor_async']) retrieved from /home/vladimir/.local/lib/python3.10/site-packages/airflow/example_dags/example_time_delta_sensor_async.py
[2023-04-27T18:29:17.918+0300] {logging_mixin.py:137} INFO - [2023-04-27T18:29:17.918+0300] {dag.py:2705} INFO - Sync 1 DAGs
[2023-04-27T18:29:17.930+0300] {logging_mixin.py:137} INFO - [2023-04-27T18:29:17.930+0300] {dag.py:3452} INFO - Setting next_dagrun for example_time_delta_sensor_async to None, run_after=None
[2023-04-27T18:29:17.941+0300] {processor.py:175} INFO - Processing /home/vladimir/.local/lib/python3.10/site-packages/airflow/example_dags/example_time_delta_sensor_async.py took 0.054 seconds
[2023-04-27T18:29:52.718+0300] {processor.py:153} INFO - Started process (PID=6415) to work on /home/vladimir/.local/lib/python3.10/site-packages/airflow/example_dags/example_time_delta_sensor_async.py
[2023-04-27T18:29:52.719+0300] {processor.py:743} INFO - Processing file /home/vladimir/.local/lib/python3.10/site-packages/airflow/example_dags/example_time_delta_sensor_async.py for tasks to queue
[2023-04-27T18:29:52.719+0300] {logging_mixin.py:137} INFO - [2023-04-27T18:29:52.719+0300] {dagbag.py:532} INFO - Filling up the DagBag from /home/vladimir/.local/lib/python3.10/site-packages/airflow/example_dags/example_time_delta_sensor_async.py
[2023-04-27T18:29:52.728+0300] {processor.py:753} INFO - DAG(s) dict_keys(['example_time_delta_sensor_async']) retrieved from /home/vladimir/.local/lib/python3.10/site-packages/airflow/example_dags/example_time_delta_sensor_async.py
[2023-04-27T18:29:52.745+0300] {logging_mixin.py:137} INFO - [2023-04-27T18:29:52.745+0300] {dag.py:2705} INFO - Sync 1 DAGs
[2023-04-27T18:29:52.757+0300] {logging_mixin.py:137} INFO - [2023-04-27T18:29:52.757+0300] {dag.py:3452} INFO - Setting next_dagrun for example_time_delta_sensor_async to None, run_after=None
[2023-04-27T18:29:52.770+0300] {processor.py:175} INFO - Processing /home/vladimir/.local/lib/python3.10/site-packages/airflow/example_dags/example_time_delta_sensor_async.py took 0.055 seconds
[2023-04-27T18:30:27.682+0300] {processor.py:153} INFO - Started process (PID=6487) to work on /home/vladimir/.local/lib/python3.10/site-packages/airflow/example_dags/example_time_delta_sensor_async.py
[2023-04-27T18:30:27.683+0300] {processor.py:743} INFO - Processing file /home/vladimir/.local/lib/python3.10/site-packages/airflow/example_dags/example_time_delta_sensor_async.py for tasks to queue
[2023-04-27T18:30:27.683+0300] {logging_mixin.py:137} INFO - [2023-04-27T18:30:27.683+0300] {dagbag.py:532} INFO - Filling up the DagBag from /home/vladimir/.local/lib/python3.10/site-packages/airflow/example_dags/example_time_delta_sensor_async.py
[2023-04-27T18:30:27.692+0300] {processor.py:753} INFO - DAG(s) dict_keys(['example_time_delta_sensor_async']) retrieved from /home/vladimir/.local/lib/python3.10/site-packages/airflow/example_dags/example_time_delta_sensor_async.py
[2023-04-27T18:30:27.706+0300] {logging_mixin.py:137} INFO - [2023-04-27T18:30:27.706+0300] {dag.py:2705} INFO - Sync 1 DAGs
[2023-04-27T18:30:27.717+0300] {logging_mixin.py:137} INFO - [2023-04-27T18:30:27.717+0300] {dag.py:3452} INFO - Setting next_dagrun for example_time_delta_sensor_async to None, run_after=None
[2023-04-27T18:30:27.731+0300] {processor.py:175} INFO - Processing /home/vladimir/.local/lib/python3.10/site-packages/airflow/example_dags/example_time_delta_sensor_async.py took 0.051 seconds
[2023-04-27T18:31:04.639+0300] {processor.py:153} INFO - Started process (PID=6579) to work on /home/vladimir/.local/lib/python3.10/site-packages/airflow/example_dags/example_time_delta_sensor_async.py
[2023-04-27T18:31:04.640+0300] {processor.py:743} INFO - Processing file /home/vladimir/.local/lib/python3.10/site-packages/airflow/example_dags/example_time_delta_sensor_async.py for tasks to queue
[2023-04-27T18:31:04.641+0300] {logging_mixin.py:137} INFO - [2023-04-27T18:31:04.641+0300] {dagbag.py:532} INFO - Filling up the DagBag from /home/vladimir/.local/lib/python3.10/site-packages/airflow/example_dags/example_time_delta_sensor_async.py
[2023-04-27T18:31:04.650+0300] {processor.py:753} INFO - DAG(s) dict_keys(['example_time_delta_sensor_async']) retrieved from /home/vladimir/.local/lib/python3.10/site-packages/airflow/example_dags/example_time_delta_sensor_async.py
[2023-04-27T18:31:04.665+0300] {logging_mixin.py:137} INFO - [2023-04-27T18:31:04.664+0300] {dag.py:2705} INFO - Sync 1 DAGs
[2023-04-27T18:31:04.676+0300] {logging_mixin.py:137} INFO - [2023-04-27T18:31:04.676+0300] {dag.py:3452} INFO - Setting next_dagrun for example_time_delta_sensor_async to None, run_after=None
[2023-04-27T18:31:04.688+0300] {processor.py:175} INFO - Processing /home/vladimir/.local/lib/python3.10/site-packages/airflow/example_dags/example_time_delta_sensor_async.py took 0.051 seconds
[2023-04-27T18:31:44.003+0300] {processor.py:153} INFO - Started process (PID=6655) to work on /home/vladimir/.local/lib/python3.10/site-packages/airflow/example_dags/example_time_delta_sensor_async.py
[2023-04-27T18:31:44.005+0300] {processor.py:743} INFO - Processing file /home/vladimir/.local/lib/python3.10/site-packages/airflow/example_dags/example_time_delta_sensor_async.py for tasks to queue
[2023-04-27T18:31:44.005+0300] {logging_mixin.py:137} INFO - [2023-04-27T18:31:44.005+0300] {dagbag.py:532} INFO - Filling up the DagBag from /home/vladimir/.local/lib/python3.10/site-packages/airflow/example_dags/example_time_delta_sensor_async.py
[2023-04-27T18:31:44.014+0300] {processor.py:753} INFO - DAG(s) dict_keys(['example_time_delta_sensor_async']) retrieved from /home/vladimir/.local/lib/python3.10/site-packages/airflow/example_dags/example_time_delta_sensor_async.py
[2023-04-27T18:31:44.027+0300] {logging_mixin.py:137} INFO - [2023-04-27T18:31:44.027+0300] {dag.py:2705} INFO - Sync 1 DAGs
[2023-04-27T18:31:44.039+0300] {logging_mixin.py:137} INFO - [2023-04-27T18:31:44.039+0300] {dag.py:3452} INFO - Setting next_dagrun for example_time_delta_sensor_async to None, run_after=None
[2023-04-27T18:31:44.053+0300] {processor.py:175} INFO - Processing /home/vladimir/.local/lib/python3.10/site-packages/airflow/example_dags/example_time_delta_sensor_async.py took 0.052 seconds
[2023-04-27T18:32:21.909+0300] {processor.py:153} INFO - Started process (PID=6714) to work on /home/vladimir/.local/lib/python3.10/site-packages/airflow/example_dags/example_time_delta_sensor_async.py
[2023-04-27T18:32:21.911+0300] {processor.py:743} INFO - Processing file /home/vladimir/.local/lib/python3.10/site-packages/airflow/example_dags/example_time_delta_sensor_async.py for tasks to queue
[2023-04-27T18:32:21.911+0300] {logging_mixin.py:137} INFO - [2023-04-27T18:32:21.911+0300] {dagbag.py:532} INFO - Filling up the DagBag from /home/vladimir/.local/lib/python3.10/site-packages/airflow/example_dags/example_time_delta_sensor_async.py
[2023-04-27T18:32:21.921+0300] {processor.py:753} INFO - DAG(s) dict_keys(['example_time_delta_sensor_async']) retrieved from /home/vladimir/.local/lib/python3.10/site-packages/airflow/example_dags/example_time_delta_sensor_async.py
[2023-04-27T18:32:21.936+0300] {logging_mixin.py:137} INFO - [2023-04-27T18:32:21.936+0300] {dag.py:2705} INFO - Sync 1 DAGs
[2023-04-27T18:32:21.951+0300] {logging_mixin.py:137} INFO - [2023-04-27T18:32:21.951+0300] {dag.py:3452} INFO - Setting next_dagrun for example_time_delta_sensor_async to None, run_after=None
[2023-04-27T18:32:21.967+0300] {processor.py:175} INFO - Processing /home/vladimir/.local/lib/python3.10/site-packages/airflow/example_dags/example_time_delta_sensor_async.py took 0.060 seconds
[2023-04-27T18:32:57.874+0300] {processor.py:153} INFO - Started process (PID=6864) to work on /home/vladimir/.local/lib/python3.10/site-packages/airflow/example_dags/example_time_delta_sensor_async.py
[2023-04-27T18:32:57.875+0300] {processor.py:743} INFO - Processing file /home/vladimir/.local/lib/python3.10/site-packages/airflow/example_dags/example_time_delta_sensor_async.py for tasks to queue
[2023-04-27T18:32:57.875+0300] {logging_mixin.py:137} INFO - [2023-04-27T18:32:57.875+0300] {dagbag.py:532} INFO - Filling up the DagBag from /home/vladimir/.local/lib/python3.10/site-packages/airflow/example_dags/example_time_delta_sensor_async.py
[2023-04-27T18:32:57.884+0300] {processor.py:753} INFO - DAG(s) dict_keys(['example_time_delta_sensor_async']) retrieved from /home/vladimir/.local/lib/python3.10/site-packages/airflow/example_dags/example_time_delta_sensor_async.py
[2023-04-27T18:32:57.897+0300] {logging_mixin.py:137} INFO - [2023-04-27T18:32:57.897+0300] {dag.py:2705} INFO - Sync 1 DAGs
[2023-04-27T18:32:57.909+0300] {logging_mixin.py:137} INFO - [2023-04-27T18:32:57.909+0300] {dag.py:3452} INFO - Setting next_dagrun for example_time_delta_sensor_async to None, run_after=None
[2023-04-27T18:32:57.922+0300] {processor.py:175} INFO - Processing /home/vladimir/.local/lib/python3.10/site-packages/airflow/example_dags/example_time_delta_sensor_async.py took 0.050 seconds
[2023-04-27T18:33:37.800+0300] {processor.py:153} INFO - Started process (PID=6926) to work on /home/vladimir/.local/lib/python3.10/site-packages/airflow/example_dags/example_time_delta_sensor_async.py
[2023-04-27T18:33:37.801+0300] {processor.py:743} INFO - Processing file /home/vladimir/.local/lib/python3.10/site-packages/airflow/example_dags/example_time_delta_sensor_async.py for tasks to queue
[2023-04-27T18:33:37.801+0300] {logging_mixin.py:137} INFO - [2023-04-27T18:33:37.801+0300] {dagbag.py:532} INFO - Filling up the DagBag from /home/vladimir/.local/lib/python3.10/site-packages/airflow/example_dags/example_time_delta_sensor_async.py
[2023-04-27T18:33:37.811+0300] {processor.py:753} INFO - DAG(s) dict_keys(['example_time_delta_sensor_async']) retrieved from /home/vladimir/.local/lib/python3.10/site-packages/airflow/example_dags/example_time_delta_sensor_async.py
[2023-04-27T18:33:37.825+0300] {logging_mixin.py:137} INFO - [2023-04-27T18:33:37.825+0300] {dag.py:2705} INFO - Sync 1 DAGs
[2023-04-27T18:33:37.836+0300] {logging_mixin.py:137} INFO - [2023-04-27T18:33:37.836+0300] {dag.py:3452} INFO - Setting next_dagrun for example_time_delta_sensor_async to None, run_after=None
[2023-04-27T18:33:37.850+0300] {processor.py:175} INFO - Processing /home/vladimir/.local/lib/python3.10/site-packages/airflow/example_dags/example_time_delta_sensor_async.py took 0.053 seconds
[2023-04-27T18:34:16.061+0300] {processor.py:153} INFO - Started process (PID=6989) to work on /home/vladimir/.local/lib/python3.10/site-packages/airflow/example_dags/example_time_delta_sensor_async.py
[2023-04-27T18:34:16.062+0300] {processor.py:743} INFO - Processing file /home/vladimir/.local/lib/python3.10/site-packages/airflow/example_dags/example_time_delta_sensor_async.py for tasks to queue
[2023-04-27T18:34:16.063+0300] {logging_mixin.py:137} INFO - [2023-04-27T18:34:16.063+0300] {dagbag.py:532} INFO - Filling up the DagBag from /home/vladimir/.local/lib/python3.10/site-packages/airflow/example_dags/example_time_delta_sensor_async.py
[2023-04-27T18:34:16.072+0300] {processor.py:753} INFO - DAG(s) dict_keys(['example_time_delta_sensor_async']) retrieved from /home/vladimir/.local/lib/python3.10/site-packages/airflow/example_dags/example_time_delta_sensor_async.py
[2023-04-27T18:34:16.088+0300] {logging_mixin.py:137} INFO - [2023-04-27T18:34:16.088+0300] {dag.py:2705} INFO - Sync 1 DAGs
[2023-04-27T18:34:16.102+0300] {logging_mixin.py:137} INFO - [2023-04-27T18:34:16.101+0300] {dag.py:3452} INFO - Setting next_dagrun for example_time_delta_sensor_async to None, run_after=None
[2023-04-27T18:34:16.115+0300] {processor.py:175} INFO - Processing /home/vladimir/.local/lib/python3.10/site-packages/airflow/example_dags/example_time_delta_sensor_async.py took 0.058 seconds
[2023-04-27T18:34:51.192+0300] {processor.py:153} INFO - Started process (PID=7071) to work on /home/vladimir/.local/lib/python3.10/site-packages/airflow/example_dags/example_time_delta_sensor_async.py
[2023-04-27T18:34:51.193+0300] {processor.py:743} INFO - Processing file /home/vladimir/.local/lib/python3.10/site-packages/airflow/example_dags/example_time_delta_sensor_async.py for tasks to queue
[2023-04-27T18:34:51.194+0300] {logging_mixin.py:137} INFO - [2023-04-27T18:34:51.194+0300] {dagbag.py:532} INFO - Filling up the DagBag from /home/vladimir/.local/lib/python3.10/site-packages/airflow/example_dags/example_time_delta_sensor_async.py
[2023-04-27T18:34:51.203+0300] {processor.py:753} INFO - DAG(s) dict_keys(['example_time_delta_sensor_async']) retrieved from /home/vladimir/.local/lib/python3.10/site-packages/airflow/example_dags/example_time_delta_sensor_async.py
[2023-04-27T18:34:51.216+0300] {logging_mixin.py:137} INFO - [2023-04-27T18:34:51.216+0300] {dag.py:2705} INFO - Sync 1 DAGs
[2023-04-27T18:34:51.228+0300] {logging_mixin.py:137} INFO - [2023-04-27T18:34:51.228+0300] {dag.py:3452} INFO - Setting next_dagrun for example_time_delta_sensor_async to None, run_after=None
[2023-04-27T18:34:51.242+0300] {processor.py:175} INFO - Processing /home/vladimir/.local/lib/python3.10/site-packages/airflow/example_dags/example_time_delta_sensor_async.py took 0.052 seconds
[2023-04-27T18:35:26.997+0300] {processor.py:153} INFO - Started process (PID=7381) to work on /home/vladimir/.local/lib/python3.10/site-packages/airflow/example_dags/example_time_delta_sensor_async.py
[2023-04-27T18:35:26.998+0300] {processor.py:743} INFO - Processing file /home/vladimir/.local/lib/python3.10/site-packages/airflow/example_dags/example_time_delta_sensor_async.py for tasks to queue
[2023-04-27T18:35:26.999+0300] {logging_mixin.py:137} INFO - [2023-04-27T18:35:26.999+0300] {dagbag.py:532} INFO - Filling up the DagBag from /home/vladimir/.local/lib/python3.10/site-packages/airflow/example_dags/example_time_delta_sensor_async.py
[2023-04-27T18:35:27.007+0300] {processor.py:753} INFO - DAG(s) dict_keys(['example_time_delta_sensor_async']) retrieved from /home/vladimir/.local/lib/python3.10/site-packages/airflow/example_dags/example_time_delta_sensor_async.py
[2023-04-27T18:35:27.020+0300] {logging_mixin.py:137} INFO - [2023-04-27T18:35:27.020+0300] {dag.py:2705} INFO - Sync 1 DAGs
[2023-04-27T18:35:27.031+0300] {logging_mixin.py:137} INFO - [2023-04-27T18:35:27.031+0300] {dag.py:3452} INFO - Setting next_dagrun for example_time_delta_sensor_async to None, run_after=None
[2023-04-27T18:35:27.044+0300] {processor.py:175} INFO - Processing /home/vladimir/.local/lib/python3.10/site-packages/airflow/example_dags/example_time_delta_sensor_async.py took 0.049 seconds
[2023-04-27T18:36:05.254+0300] {processor.py:153} INFO - Started process (PID=7504) to work on /home/vladimir/.local/lib/python3.10/site-packages/airflow/example_dags/example_time_delta_sensor_async.py
[2023-04-27T18:36:05.255+0300] {processor.py:743} INFO - Processing file /home/vladimir/.local/lib/python3.10/site-packages/airflow/example_dags/example_time_delta_sensor_async.py for tasks to queue
[2023-04-27T18:36:05.255+0300] {logging_mixin.py:137} INFO - [2023-04-27T18:36:05.255+0300] {dagbag.py:532} INFO - Filling up the DagBag from /home/vladimir/.local/lib/python3.10/site-packages/airflow/example_dags/example_time_delta_sensor_async.py
[2023-04-27T18:36:05.264+0300] {processor.py:753} INFO - DAG(s) dict_keys(['example_time_delta_sensor_async']) retrieved from /home/vladimir/.local/lib/python3.10/site-packages/airflow/example_dags/example_time_delta_sensor_async.py
[2023-04-27T18:36:05.277+0300] {logging_mixin.py:137} INFO - [2023-04-27T18:36:05.277+0300] {dag.py:2705} INFO - Sync 1 DAGs
[2023-04-27T18:36:05.289+0300] {logging_mixin.py:137} INFO - [2023-04-27T18:36:05.289+0300] {dag.py:3452} INFO - Setting next_dagrun for example_time_delta_sensor_async to None, run_after=None
[2023-04-27T18:36:05.300+0300] {processor.py:175} INFO - Processing /home/vladimir/.local/lib/python3.10/site-packages/airflow/example_dags/example_time_delta_sensor_async.py took 0.048 seconds
[2023-04-27T18:36:39.101+0300] {processor.py:153} INFO - Started process (PID=7565) to work on /home/vladimir/.local/lib/python3.10/site-packages/airflow/example_dags/example_time_delta_sensor_async.py
[2023-04-27T18:36:39.102+0300] {processor.py:743} INFO - Processing file /home/vladimir/.local/lib/python3.10/site-packages/airflow/example_dags/example_time_delta_sensor_async.py for tasks to queue
[2023-04-27T18:36:39.102+0300] {logging_mixin.py:137} INFO - [2023-04-27T18:36:39.102+0300] {dagbag.py:532} INFO - Filling up the DagBag from /home/vladimir/.local/lib/python3.10/site-packages/airflow/example_dags/example_time_delta_sensor_async.py
[2023-04-27T18:36:39.111+0300] {processor.py:753} INFO - DAG(s) dict_keys(['example_time_delta_sensor_async']) retrieved from /home/vladimir/.local/lib/python3.10/site-packages/airflow/example_dags/example_time_delta_sensor_async.py
[2023-04-27T18:36:39.126+0300] {logging_mixin.py:137} INFO - [2023-04-27T18:36:39.126+0300] {dag.py:2705} INFO - Sync 1 DAGs
[2023-04-27T18:36:39.139+0300] {logging_mixin.py:137} INFO - [2023-04-27T18:36:39.139+0300] {dag.py:3452} INFO - Setting next_dagrun for example_time_delta_sensor_async to None, run_after=None
[2023-04-27T18:36:39.155+0300] {processor.py:175} INFO - Processing /home/vladimir/.local/lib/python3.10/site-packages/airflow/example_dags/example_time_delta_sensor_async.py took 0.056 seconds
[2023-04-27T18:37:17.292+0300] {processor.py:153} INFO - Started process (PID=7648) to work on /home/vladimir/.local/lib/python3.10/site-packages/airflow/example_dags/example_time_delta_sensor_async.py
[2023-04-27T18:37:17.293+0300] {processor.py:743} INFO - Processing file /home/vladimir/.local/lib/python3.10/site-packages/airflow/example_dags/example_time_delta_sensor_async.py for tasks to queue
[2023-04-27T18:37:17.294+0300] {logging_mixin.py:137} INFO - [2023-04-27T18:37:17.294+0300] {dagbag.py:532} INFO - Filling up the DagBag from /home/vladimir/.local/lib/python3.10/site-packages/airflow/example_dags/example_time_delta_sensor_async.py
[2023-04-27T18:37:17.303+0300] {processor.py:753} INFO - DAG(s) dict_keys(['example_time_delta_sensor_async']) retrieved from /home/vladimir/.local/lib/python3.10/site-packages/airflow/example_dags/example_time_delta_sensor_async.py
[2023-04-27T18:37:17.317+0300] {logging_mixin.py:137} INFO - [2023-04-27T18:37:17.317+0300] {dag.py:2705} INFO - Sync 1 DAGs
[2023-04-27T18:37:17.330+0300] {logging_mixin.py:137} INFO - [2023-04-27T18:37:17.330+0300] {dag.py:3452} INFO - Setting next_dagrun for example_time_delta_sensor_async to None, run_after=None
[2023-04-27T18:37:17.343+0300] {processor.py:175} INFO - Processing /home/vladimir/.local/lib/python3.10/site-packages/airflow/example_dags/example_time_delta_sensor_async.py took 0.053 seconds
[2023-04-27T18:37:52.747+0300] {processor.py:153} INFO - Started process (PID=7700) to work on /home/vladimir/.local/lib/python3.10/site-packages/airflow/example_dags/example_time_delta_sensor_async.py
[2023-04-27T18:37:52.748+0300] {processor.py:743} INFO - Processing file /home/vladimir/.local/lib/python3.10/site-packages/airflow/example_dags/example_time_delta_sensor_async.py for tasks to queue
[2023-04-27T18:37:52.749+0300] {logging_mixin.py:137} INFO - [2023-04-27T18:37:52.749+0300] {dagbag.py:532} INFO - Filling up the DagBag from /home/vladimir/.local/lib/python3.10/site-packages/airflow/example_dags/example_time_delta_sensor_async.py
[2023-04-27T18:37:52.758+0300] {processor.py:753} INFO - DAG(s) dict_keys(['example_time_delta_sensor_async']) retrieved from /home/vladimir/.local/lib/python3.10/site-packages/airflow/example_dags/example_time_delta_sensor_async.py
[2023-04-27T18:37:52.772+0300] {logging_mixin.py:137} INFO - [2023-04-27T18:37:52.772+0300] {dag.py:2705} INFO - Sync 1 DAGs
[2023-04-27T18:37:52.783+0300] {logging_mixin.py:137} INFO - [2023-04-27T18:37:52.783+0300] {dag.py:3452} INFO - Setting next_dagrun for example_time_delta_sensor_async to None, run_after=None
[2023-04-27T18:37:52.795+0300] {processor.py:175} INFO - Processing /home/vladimir/.local/lib/python3.10/site-packages/airflow/example_dags/example_time_delta_sensor_async.py took 0.050 seconds
[2023-04-27T18:38:26.733+0300] {processor.py:153} INFO - Started process (PID=7913) to work on /home/vladimir/.local/lib/python3.10/site-packages/airflow/example_dags/example_time_delta_sensor_async.py
[2023-04-27T18:38:26.737+0300] {processor.py:743} INFO - Processing file /home/vladimir/.local/lib/python3.10/site-packages/airflow/example_dags/example_time_delta_sensor_async.py for tasks to queue
[2023-04-27T18:38:26.738+0300] {logging_mixin.py:137} INFO - [2023-04-27T18:38:26.738+0300] {dagbag.py:532} INFO - Filling up the DagBag from /home/vladimir/.local/lib/python3.10/site-packages/airflow/example_dags/example_time_delta_sensor_async.py
[2023-04-27T18:38:26.764+0300] {processor.py:753} INFO - DAG(s) dict_keys(['example_time_delta_sensor_async']) retrieved from /home/vladimir/.local/lib/python3.10/site-packages/airflow/example_dags/example_time_delta_sensor_async.py
[2023-04-27T18:38:26.791+0300] {logging_mixin.py:137} INFO - [2023-04-27T18:38:26.791+0300] {dag.py:2705} INFO - Sync 1 DAGs
[2023-04-27T18:38:26.805+0300] {logging_mixin.py:137} INFO - [2023-04-27T18:38:26.805+0300] {dag.py:3452} INFO - Setting next_dagrun for example_time_delta_sensor_async to None, run_after=None
[2023-04-27T18:38:26.821+0300] {processor.py:175} INFO - Processing /home/vladimir/.local/lib/python3.10/site-packages/airflow/example_dags/example_time_delta_sensor_async.py took 0.092 seconds
[2023-04-27T18:39:07.309+0300] {processor.py:153} INFO - Started process (PID=8094) to work on /home/vladimir/.local/lib/python3.10/site-packages/airflow/example_dags/example_time_delta_sensor_async.py
[2023-04-27T18:39:07.309+0300] {processor.py:743} INFO - Processing file /home/vladimir/.local/lib/python3.10/site-packages/airflow/example_dags/example_time_delta_sensor_async.py for tasks to queue
[2023-04-27T18:39:07.310+0300] {logging_mixin.py:137} INFO - [2023-04-27T18:39:07.310+0300] {dagbag.py:532} INFO - Filling up the DagBag from /home/vladimir/.local/lib/python3.10/site-packages/airflow/example_dags/example_time_delta_sensor_async.py
[2023-04-27T18:39:07.319+0300] {processor.py:753} INFO - DAG(s) dict_keys(['example_time_delta_sensor_async']) retrieved from /home/vladimir/.local/lib/python3.10/site-packages/airflow/example_dags/example_time_delta_sensor_async.py
[2023-04-27T18:39:07.332+0300] {logging_mixin.py:137} INFO - [2023-04-27T18:39:07.332+0300] {dag.py:2705} INFO - Sync 1 DAGs
[2023-04-27T18:39:07.345+0300] {logging_mixin.py:137} INFO - [2023-04-27T18:39:07.345+0300] {dag.py:3452} INFO - Setting next_dagrun for example_time_delta_sensor_async to None, run_after=None
[2023-04-27T18:39:07.358+0300] {processor.py:175} INFO - Processing /home/vladimir/.local/lib/python3.10/site-packages/airflow/example_dags/example_time_delta_sensor_async.py took 0.051 seconds
[2023-04-27T18:39:44.937+0300] {processor.py:153} INFO - Started process (PID=8174) to work on /home/vladimir/.local/lib/python3.10/site-packages/airflow/example_dags/example_time_delta_sensor_async.py
[2023-04-27T18:39:44.938+0300] {processor.py:743} INFO - Processing file /home/vladimir/.local/lib/python3.10/site-packages/airflow/example_dags/example_time_delta_sensor_async.py for tasks to queue
[2023-04-27T18:39:44.939+0300] {logging_mixin.py:137} INFO - [2023-04-27T18:39:44.939+0300] {dagbag.py:532} INFO - Filling up the DagBag from /home/vladimir/.local/lib/python3.10/site-packages/airflow/example_dags/example_time_delta_sensor_async.py
[2023-04-27T18:39:44.947+0300] {processor.py:753} INFO - DAG(s) dict_keys(['example_time_delta_sensor_async']) retrieved from /home/vladimir/.local/lib/python3.10/site-packages/airflow/example_dags/example_time_delta_sensor_async.py
[2023-04-27T18:39:44.961+0300] {logging_mixin.py:137} INFO - [2023-04-27T18:39:44.961+0300] {dag.py:2705} INFO - Sync 1 DAGs
[2023-04-27T18:39:44.973+0300] {logging_mixin.py:137} INFO - [2023-04-27T18:39:44.973+0300] {dag.py:3452} INFO - Setting next_dagrun for example_time_delta_sensor_async to None, run_after=None
[2023-04-27T18:39:44.985+0300] {processor.py:175} INFO - Processing /home/vladimir/.local/lib/python3.10/site-packages/airflow/example_dags/example_time_delta_sensor_async.py took 0.050 seconds
[2023-04-27T18:40:23.403+0300] {processor.py:153} INFO - Started process (PID=8273) to work on /home/vladimir/.local/lib/python3.10/site-packages/airflow/example_dags/example_time_delta_sensor_async.py
[2023-04-27T18:40:23.404+0300] {processor.py:743} INFO - Processing file /home/vladimir/.local/lib/python3.10/site-packages/airflow/example_dags/example_time_delta_sensor_async.py for tasks to queue
[2023-04-27T18:40:23.405+0300] {logging_mixin.py:137} INFO - [2023-04-27T18:40:23.405+0300] {dagbag.py:532} INFO - Filling up the DagBag from /home/vladimir/.local/lib/python3.10/site-packages/airflow/example_dags/example_time_delta_sensor_async.py
[2023-04-27T18:40:23.414+0300] {processor.py:753} INFO - DAG(s) dict_keys(['example_time_delta_sensor_async']) retrieved from /home/vladimir/.local/lib/python3.10/site-packages/airflow/example_dags/example_time_delta_sensor_async.py
[2023-04-27T18:40:23.427+0300] {logging_mixin.py:137} INFO - [2023-04-27T18:40:23.427+0300] {dag.py:2705} INFO - Sync 1 DAGs
[2023-04-27T18:40:23.440+0300] {logging_mixin.py:137} INFO - [2023-04-27T18:40:23.439+0300] {dag.py:3452} INFO - Setting next_dagrun for example_time_delta_sensor_async to None, run_after=None
[2023-04-27T18:40:23.452+0300] {processor.py:175} INFO - Processing /home/vladimir/.local/lib/python3.10/site-packages/airflow/example_dags/example_time_delta_sensor_async.py took 0.051 seconds
[2023-04-27T18:41:08.640+0300] {processor.py:153} INFO - Started process (PID=2771) to work on /home/vladimir/.local/lib/python3.10/site-packages/airflow/example_dags/example_time_delta_sensor_async.py
[2023-04-27T18:41:08.641+0300] {processor.py:743} INFO - Processing file /home/vladimir/.local/lib/python3.10/site-packages/airflow/example_dags/example_time_delta_sensor_async.py for tasks to queue
[2023-04-27T18:41:08.642+0300] {logging_mixin.py:137} INFO - [2023-04-27T18:41:08.642+0300] {dagbag.py:532} INFO - Filling up the DagBag from /home/vladimir/.local/lib/python3.10/site-packages/airflow/example_dags/example_time_delta_sensor_async.py
[2023-04-27T18:41:08.655+0300] {processor.py:753} INFO - DAG(s) dict_keys(['example_time_delta_sensor_async']) retrieved from /home/vladimir/.local/lib/python3.10/site-packages/airflow/example_dags/example_time_delta_sensor_async.py
[2023-04-27T18:41:08.673+0300] {logging_mixin.py:137} INFO - [2023-04-27T18:41:08.673+0300] {dag.py:2705} INFO - Sync 1 DAGs
[2023-04-27T18:41:08.690+0300] {logging_mixin.py:137} INFO - [2023-04-27T18:41:08.690+0300] {dag.py:3452} INFO - Setting next_dagrun for example_time_delta_sensor_async to None, run_after=None
[2023-04-27T18:41:08.707+0300] {processor.py:175} INFO - Processing /home/vladimir/.local/lib/python3.10/site-packages/airflow/example_dags/example_time_delta_sensor_async.py took 0.070 seconds
[2023-04-27T18:41:47.787+0300] {processor.py:153} INFO - Started process (PID=3427) to work on /home/vladimir/.local/lib/python3.10/site-packages/airflow/example_dags/example_time_delta_sensor_async.py
[2023-04-27T18:41:47.788+0300] {processor.py:743} INFO - Processing file /home/vladimir/.local/lib/python3.10/site-packages/airflow/example_dags/example_time_delta_sensor_async.py for tasks to queue
[2023-04-27T18:41:47.788+0300] {logging_mixin.py:137} INFO - [2023-04-27T18:41:47.788+0300] {dagbag.py:532} INFO - Filling up the DagBag from /home/vladimir/.local/lib/python3.10/site-packages/airflow/example_dags/example_time_delta_sensor_async.py
[2023-04-27T18:41:47.798+0300] {processor.py:753} INFO - DAG(s) dict_keys(['example_time_delta_sensor_async']) retrieved from /home/vladimir/.local/lib/python3.10/site-packages/airflow/example_dags/example_time_delta_sensor_async.py
[2023-04-27T18:41:47.810+0300] {logging_mixin.py:137} INFO - [2023-04-27T18:41:47.810+0300] {dag.py:2705} INFO - Sync 1 DAGs
[2023-04-27T18:41:47.822+0300] {logging_mixin.py:137} INFO - [2023-04-27T18:41:47.822+0300] {dag.py:3452} INFO - Setting next_dagrun for example_time_delta_sensor_async to None, run_after=None
[2023-04-27T18:41:47.835+0300] {processor.py:175} INFO - Processing /home/vladimir/.local/lib/python3.10/site-packages/airflow/example_dags/example_time_delta_sensor_async.py took 0.049 seconds
[2023-04-27T18:42:29.994+0300] {processor.py:153} INFO - Started process (PID=4468) to work on /home/vladimir/.local/lib/python3.10/site-packages/airflow/example_dags/example_time_delta_sensor_async.py
[2023-04-27T18:42:29.995+0300] {processor.py:743} INFO - Processing file /home/vladimir/.local/lib/python3.10/site-packages/airflow/example_dags/example_time_delta_sensor_async.py for tasks to queue
[2023-04-27T18:42:29.995+0300] {logging_mixin.py:137} INFO - [2023-04-27T18:42:29.995+0300] {dagbag.py:532} INFO - Filling up the DagBag from /home/vladimir/.local/lib/python3.10/site-packages/airflow/example_dags/example_time_delta_sensor_async.py
[2023-04-27T18:42:30.004+0300] {processor.py:753} INFO - DAG(s) dict_keys(['example_time_delta_sensor_async']) retrieved from /home/vladimir/.local/lib/python3.10/site-packages/airflow/example_dags/example_time_delta_sensor_async.py
[2023-04-27T18:42:30.020+0300] {logging_mixin.py:137} INFO - [2023-04-27T18:42:30.020+0300] {dag.py:2705} INFO - Sync 1 DAGs
[2023-04-27T18:42:30.033+0300] {logging_mixin.py:137} INFO - [2023-04-27T18:42:30.033+0300] {dag.py:3452} INFO - Setting next_dagrun for example_time_delta_sensor_async to None, run_after=None
[2023-04-27T18:42:30.046+0300] {processor.py:175} INFO - Processing /home/vladimir/.local/lib/python3.10/site-packages/airflow/example_dags/example_time_delta_sensor_async.py took 0.054 seconds
[2023-04-27T18:43:06.044+0300] {processor.py:153} INFO - Started process (PID=4596) to work on /home/vladimir/.local/lib/python3.10/site-packages/airflow/example_dags/example_time_delta_sensor_async.py
[2023-04-27T18:43:06.045+0300] {processor.py:743} INFO - Processing file /home/vladimir/.local/lib/python3.10/site-packages/airflow/example_dags/example_time_delta_sensor_async.py for tasks to queue
[2023-04-27T18:43:06.045+0300] {logging_mixin.py:137} INFO - [2023-04-27T18:43:06.045+0300] {dagbag.py:532} INFO - Filling up the DagBag from /home/vladimir/.local/lib/python3.10/site-packages/airflow/example_dags/example_time_delta_sensor_async.py
[2023-04-27T18:43:06.055+0300] {processor.py:753} INFO - DAG(s) dict_keys(['example_time_delta_sensor_async']) retrieved from /home/vladimir/.local/lib/python3.10/site-packages/airflow/example_dags/example_time_delta_sensor_async.py
[2023-04-27T18:43:06.073+0300] {logging_mixin.py:137} INFO - [2023-04-27T18:43:06.073+0300] {dag.py:2705} INFO - Sync 1 DAGs
[2023-04-27T18:43:06.085+0300] {logging_mixin.py:137} INFO - [2023-04-27T18:43:06.085+0300] {dag.py:3452} INFO - Setting next_dagrun for example_time_delta_sensor_async to None, run_after=None
[2023-04-27T18:43:06.104+0300] {processor.py:175} INFO - Processing /home/vladimir/.local/lib/python3.10/site-packages/airflow/example_dags/example_time_delta_sensor_async.py took 0.062 seconds
[2023-04-27T18:43:41.267+0300] {processor.py:153} INFO - Started process (PID=5255) to work on /home/vladimir/.local/lib/python3.10/site-packages/airflow/example_dags/example_time_delta_sensor_async.py
[2023-04-27T18:43:41.268+0300] {processor.py:743} INFO - Processing file /home/vladimir/.local/lib/python3.10/site-packages/airflow/example_dags/example_time_delta_sensor_async.py for tasks to queue
[2023-04-27T18:43:41.269+0300] {logging_mixin.py:137} INFO - [2023-04-27T18:43:41.269+0300] {dagbag.py:532} INFO - Filling up the DagBag from /home/vladimir/.local/lib/python3.10/site-packages/airflow/example_dags/example_time_delta_sensor_async.py
[2023-04-27T18:43:41.286+0300] {processor.py:753} INFO - DAG(s) dict_keys(['example_time_delta_sensor_async']) retrieved from /home/vladimir/.local/lib/python3.10/site-packages/airflow/example_dags/example_time_delta_sensor_async.py
[2023-04-27T18:43:41.299+0300] {logging_mixin.py:137} INFO - [2023-04-27T18:43:41.299+0300] {dag.py:2705} INFO - Sync 1 DAGs
[2023-04-27T18:43:41.311+0300] {logging_mixin.py:137} INFO - [2023-04-27T18:43:41.311+0300] {dag.py:3452} INFO - Setting next_dagrun for example_time_delta_sensor_async to None, run_after=None
[2023-04-27T18:43:41.325+0300] {processor.py:175} INFO - Processing /home/vladimir/.local/lib/python3.10/site-packages/airflow/example_dags/example_time_delta_sensor_async.py took 0.062 seconds
[2023-04-27T18:44:24.752+0300] {processor.py:153} INFO - Started process (PID=8851) to work on /home/vladimir/.local/lib/python3.10/site-packages/airflow/example_dags/example_time_delta_sensor_async.py
[2023-04-27T18:44:24.757+0300] {processor.py:743} INFO - Processing file /home/vladimir/.local/lib/python3.10/site-packages/airflow/example_dags/example_time_delta_sensor_async.py for tasks to queue
[2023-04-27T18:44:24.758+0300] {logging_mixin.py:137} INFO - [2023-04-27T18:44:24.758+0300] {dagbag.py:532} INFO - Filling up the DagBag from /home/vladimir/.local/lib/python3.10/site-packages/airflow/example_dags/example_time_delta_sensor_async.py
[2023-04-27T18:44:24.774+0300] {processor.py:753} INFO - DAG(s) dict_keys(['example_time_delta_sensor_async']) retrieved from /home/vladimir/.local/lib/python3.10/site-packages/airflow/example_dags/example_time_delta_sensor_async.py
[2023-04-27T18:44:24.801+0300] {logging_mixin.py:137} INFO - [2023-04-27T18:44:24.801+0300] {dag.py:2705} INFO - Sync 1 DAGs
[2023-04-27T18:44:24.831+0300] {logging_mixin.py:137} INFO - [2023-04-27T18:44:24.831+0300] {dag.py:3452} INFO - Setting next_dagrun for example_time_delta_sensor_async to None, run_after=None
[2023-04-27T18:44:24.864+0300] {processor.py:175} INFO - Processing /home/vladimir/.local/lib/python3.10/site-packages/airflow/example_dags/example_time_delta_sensor_async.py took 0.115 seconds
[2023-04-27T18:45:05.141+0300] {processor.py:153} INFO - Started process (PID=9820) to work on /home/vladimir/.local/lib/python3.10/site-packages/airflow/example_dags/example_time_delta_sensor_async.py
[2023-04-27T18:45:05.143+0300] {processor.py:743} INFO - Processing file /home/vladimir/.local/lib/python3.10/site-packages/airflow/example_dags/example_time_delta_sensor_async.py for tasks to queue
[2023-04-27T18:45:05.143+0300] {logging_mixin.py:137} INFO - [2023-04-27T18:45:05.143+0300] {dagbag.py:532} INFO - Filling up the DagBag from /home/vladimir/.local/lib/python3.10/site-packages/airflow/example_dags/example_time_delta_sensor_async.py
[2023-04-27T18:45:05.156+0300] {processor.py:753} INFO - DAG(s) dict_keys(['example_time_delta_sensor_async']) retrieved from /home/vladimir/.local/lib/python3.10/site-packages/airflow/example_dags/example_time_delta_sensor_async.py
[2023-04-27T18:45:05.176+0300] {logging_mixin.py:137} INFO - [2023-04-27T18:45:05.175+0300] {dag.py:2705} INFO - Sync 1 DAGs
[2023-04-27T18:45:05.203+0300] {logging_mixin.py:137} INFO - [2023-04-27T18:45:05.203+0300] {dag.py:3452} INFO - Setting next_dagrun for example_time_delta_sensor_async to None, run_after=None
[2023-04-27T18:45:05.218+0300] {processor.py:175} INFO - Processing /home/vladimir/.local/lib/python3.10/site-packages/airflow/example_dags/example_time_delta_sensor_async.py took 0.082 seconds
[2023-04-27T18:45:51.050+0300] {processor.py:153} INFO - Started process (PID=15574) to work on /home/vladimir/.local/lib/python3.10/site-packages/airflow/example_dags/example_time_delta_sensor_async.py
[2023-04-27T18:45:51.053+0300] {processor.py:743} INFO - Processing file /home/vladimir/.local/lib/python3.10/site-packages/airflow/example_dags/example_time_delta_sensor_async.py for tasks to queue
[2023-04-27T18:45:51.054+0300] {logging_mixin.py:137} INFO - [2023-04-27T18:45:51.054+0300] {dagbag.py:532} INFO - Filling up the DagBag from /home/vladimir/.local/lib/python3.10/site-packages/airflow/example_dags/example_time_delta_sensor_async.py
[2023-04-27T18:45:51.196+0300] {processor.py:753} INFO - DAG(s) dict_keys(['example_time_delta_sensor_async']) retrieved from /home/vladimir/.local/lib/python3.10/site-packages/airflow/example_dags/example_time_delta_sensor_async.py
[2023-04-27T18:45:51.275+0300] {logging_mixin.py:137} INFO - [2023-04-27T18:45:51.275+0300] {dag.py:2705} INFO - Sync 1 DAGs
[2023-04-27T18:45:51.310+0300] {logging_mixin.py:137} INFO - [2023-04-27T18:45:51.310+0300] {dag.py:3452} INFO - Setting next_dagrun for example_time_delta_sensor_async to None, run_after=None
[2023-04-27T18:45:51.337+0300] {processor.py:175} INFO - Processing /home/vladimir/.local/lib/python3.10/site-packages/airflow/example_dags/example_time_delta_sensor_async.py took 0.491 seconds
[2023-04-27T18:46:44.641+0300] {processor.py:153} INFO - Started process (PID=2720) to work on /home/vladimir/.local/lib/python3.10/site-packages/airflow/example_dags/example_time_delta_sensor_async.py
[2023-04-27T18:46:44.642+0300] {processor.py:743} INFO - Processing file /home/vladimir/.local/lib/python3.10/site-packages/airflow/example_dags/example_time_delta_sensor_async.py for tasks to queue
[2023-04-27T18:46:44.642+0300] {logging_mixin.py:137} INFO - [2023-04-27T18:46:44.642+0300] {dagbag.py:532} INFO - Filling up the DagBag from /home/vladimir/.local/lib/python3.10/site-packages/airflow/example_dags/example_time_delta_sensor_async.py
[2023-04-27T18:46:44.655+0300] {processor.py:753} INFO - DAG(s) dict_keys(['example_time_delta_sensor_async']) retrieved from /home/vladimir/.local/lib/python3.10/site-packages/airflow/example_dags/example_time_delta_sensor_async.py
[2023-04-27T18:46:44.673+0300] {logging_mixin.py:137} INFO - [2023-04-27T18:46:44.673+0300] {dag.py:2705} INFO - Sync 1 DAGs
[2023-04-27T18:46:44.687+0300] {logging_mixin.py:137} INFO - [2023-04-27T18:46:44.687+0300] {dag.py:3452} INFO - Setting next_dagrun for example_time_delta_sensor_async to None, run_after=None
[2023-04-27T18:46:44.701+0300] {processor.py:175} INFO - Processing /home/vladimir/.local/lib/python3.10/site-packages/airflow/example_dags/example_time_delta_sensor_async.py took 0.062 seconds
[2023-04-27T18:47:24.808+0300] {processor.py:153} INFO - Started process (PID=3606) to work on /home/vladimir/.local/lib/python3.10/site-packages/airflow/example_dags/example_time_delta_sensor_async.py
[2023-04-27T18:47:24.810+0300] {processor.py:743} INFO - Processing file /home/vladimir/.local/lib/python3.10/site-packages/airflow/example_dags/example_time_delta_sensor_async.py for tasks to queue
[2023-04-27T18:47:24.811+0300] {logging_mixin.py:137} INFO - [2023-04-27T18:47:24.811+0300] {dagbag.py:532} INFO - Filling up the DagBag from /home/vladimir/.local/lib/python3.10/site-packages/airflow/example_dags/example_time_delta_sensor_async.py
[2023-04-27T18:47:24.821+0300] {processor.py:753} INFO - DAG(s) dict_keys(['example_time_delta_sensor_async']) retrieved from /home/vladimir/.local/lib/python3.10/site-packages/airflow/example_dags/example_time_delta_sensor_async.py
[2023-04-27T18:47:24.837+0300] {logging_mixin.py:137} INFO - [2023-04-27T18:47:24.837+0300] {dag.py:2705} INFO - Sync 1 DAGs
[2023-04-27T18:47:24.851+0300] {logging_mixin.py:137} INFO - [2023-04-27T18:47:24.851+0300] {dag.py:3452} INFO - Setting next_dagrun for example_time_delta_sensor_async to None, run_after=None
[2023-04-27T18:47:24.865+0300] {processor.py:175} INFO - Processing /home/vladimir/.local/lib/python3.10/site-packages/airflow/example_dags/example_time_delta_sensor_async.py took 0.059 seconds
[2023-04-27T18:48:00.588+0300] {processor.py:153} INFO - Started process (PID=4098) to work on /home/vladimir/.local/lib/python3.10/site-packages/airflow/example_dags/example_time_delta_sensor_async.py
[2023-04-27T18:48:00.588+0300] {processor.py:743} INFO - Processing file /home/vladimir/.local/lib/python3.10/site-packages/airflow/example_dags/example_time_delta_sensor_async.py for tasks to queue
[2023-04-27T18:48:00.589+0300] {logging_mixin.py:137} INFO - [2023-04-27T18:48:00.589+0300] {dagbag.py:532} INFO - Filling up the DagBag from /home/vladimir/.local/lib/python3.10/site-packages/airflow/example_dags/example_time_delta_sensor_async.py
[2023-04-27T18:48:00.598+0300] {processor.py:753} INFO - DAG(s) dict_keys(['example_time_delta_sensor_async']) retrieved from /home/vladimir/.local/lib/python3.10/site-packages/airflow/example_dags/example_time_delta_sensor_async.py
[2023-04-27T18:48:00.612+0300] {logging_mixin.py:137} INFO - [2023-04-27T18:48:00.612+0300] {dag.py:2705} INFO - Sync 1 DAGs
[2023-04-27T18:48:00.625+0300] {logging_mixin.py:137} INFO - [2023-04-27T18:48:00.625+0300] {dag.py:3452} INFO - Setting next_dagrun for example_time_delta_sensor_async to None, run_after=None
[2023-04-27T18:48:00.640+0300] {processor.py:175} INFO - Processing /home/vladimir/.local/lib/python3.10/site-packages/airflow/example_dags/example_time_delta_sensor_async.py took 0.055 seconds
[2023-04-27T18:48:41.096+0300] {processor.py:153} INFO - Started process (PID=4153) to work on /home/vladimir/.local/lib/python3.10/site-packages/airflow/example_dags/example_time_delta_sensor_async.py
[2023-04-27T18:48:41.097+0300] {processor.py:743} INFO - Processing file /home/vladimir/.local/lib/python3.10/site-packages/airflow/example_dags/example_time_delta_sensor_async.py for tasks to queue
[2023-04-27T18:48:41.097+0300] {logging_mixin.py:137} INFO - [2023-04-27T18:48:41.097+0300] {dagbag.py:532} INFO - Filling up the DagBag from /home/vladimir/.local/lib/python3.10/site-packages/airflow/example_dags/example_time_delta_sensor_async.py
[2023-04-27T18:48:41.106+0300] {processor.py:753} INFO - DAG(s) dict_keys(['example_time_delta_sensor_async']) retrieved from /home/vladimir/.local/lib/python3.10/site-packages/airflow/example_dags/example_time_delta_sensor_async.py
[2023-04-27T18:48:41.119+0300] {logging_mixin.py:137} INFO - [2023-04-27T18:48:41.119+0300] {dag.py:2705} INFO - Sync 1 DAGs
[2023-04-27T18:48:41.130+0300] {logging_mixin.py:137} INFO - [2023-04-27T18:48:41.130+0300] {dag.py:3452} INFO - Setting next_dagrun for example_time_delta_sensor_async to None, run_after=None
[2023-04-27T18:48:41.144+0300] {processor.py:175} INFO - Processing /home/vladimir/.local/lib/python3.10/site-packages/airflow/example_dags/example_time_delta_sensor_async.py took 0.050 seconds
[2023-04-27T18:49:19.236+0300] {processor.py:153} INFO - Started process (PID=4192) to work on /home/vladimir/.local/lib/python3.10/site-packages/airflow/example_dags/example_time_delta_sensor_async.py
[2023-04-27T18:49:19.237+0300] {processor.py:743} INFO - Processing file /home/vladimir/.local/lib/python3.10/site-packages/airflow/example_dags/example_time_delta_sensor_async.py for tasks to queue
[2023-04-27T18:49:19.237+0300] {logging_mixin.py:137} INFO - [2023-04-27T18:49:19.237+0300] {dagbag.py:532} INFO - Filling up the DagBag from /home/vladimir/.local/lib/python3.10/site-packages/airflow/example_dags/example_time_delta_sensor_async.py
[2023-04-27T18:49:19.245+0300] {processor.py:753} INFO - DAG(s) dict_keys(['example_time_delta_sensor_async']) retrieved from /home/vladimir/.local/lib/python3.10/site-packages/airflow/example_dags/example_time_delta_sensor_async.py
[2023-04-27T18:49:19.259+0300] {logging_mixin.py:137} INFO - [2023-04-27T18:49:19.259+0300] {dag.py:2705} INFO - Sync 1 DAGs
[2023-04-27T18:49:19.272+0300] {logging_mixin.py:137} INFO - [2023-04-27T18:49:19.272+0300] {dag.py:3452} INFO - Setting next_dagrun for example_time_delta_sensor_async to None, run_after=None
[2023-04-27T18:49:19.283+0300] {processor.py:175} INFO - Processing /home/vladimir/.local/lib/python3.10/site-packages/airflow/example_dags/example_time_delta_sensor_async.py took 0.049 seconds
[2023-04-27T18:49:57.189+0300] {processor.py:153} INFO - Started process (PID=4492) to work on /home/vladimir/.local/lib/python3.10/site-packages/airflow/example_dags/example_time_delta_sensor_async.py
[2023-04-27T18:49:57.190+0300] {processor.py:743} INFO - Processing file /home/vladimir/.local/lib/python3.10/site-packages/airflow/example_dags/example_time_delta_sensor_async.py for tasks to queue
[2023-04-27T18:49:57.190+0300] {logging_mixin.py:137} INFO - [2023-04-27T18:49:57.190+0300] {dagbag.py:532} INFO - Filling up the DagBag from /home/vladimir/.local/lib/python3.10/site-packages/airflow/example_dags/example_time_delta_sensor_async.py
[2023-04-27T18:49:57.200+0300] {processor.py:753} INFO - DAG(s) dict_keys(['example_time_delta_sensor_async']) retrieved from /home/vladimir/.local/lib/python3.10/site-packages/airflow/example_dags/example_time_delta_sensor_async.py
[2023-04-27T18:49:57.221+0300] {logging_mixin.py:137} INFO - [2023-04-27T18:49:57.221+0300] {dag.py:2705} INFO - Sync 1 DAGs
[2023-04-27T18:49:57.237+0300] {logging_mixin.py:137} INFO - [2023-04-27T18:49:57.237+0300] {dag.py:3452} INFO - Setting next_dagrun for example_time_delta_sensor_async to None, run_after=None
[2023-04-27T18:49:57.251+0300] {processor.py:175} INFO - Processing /home/vladimir/.local/lib/python3.10/site-packages/airflow/example_dags/example_time_delta_sensor_async.py took 0.064 seconds
[2023-04-27T18:50:36.253+0300] {processor.py:153} INFO - Started process (PID=4991) to work on /home/vladimir/.local/lib/python3.10/site-packages/airflow/example_dags/example_time_delta_sensor_async.py
[2023-04-27T18:50:36.254+0300] {processor.py:743} INFO - Processing file /home/vladimir/.local/lib/python3.10/site-packages/airflow/example_dags/example_time_delta_sensor_async.py for tasks to queue
[2023-04-27T18:50:36.255+0300] {logging_mixin.py:137} INFO - [2023-04-27T18:50:36.255+0300] {dagbag.py:532} INFO - Filling up the DagBag from /home/vladimir/.local/lib/python3.10/site-packages/airflow/example_dags/example_time_delta_sensor_async.py
[2023-04-27T18:50:36.263+0300] {processor.py:753} INFO - DAG(s) dict_keys(['example_time_delta_sensor_async']) retrieved from /home/vladimir/.local/lib/python3.10/site-packages/airflow/example_dags/example_time_delta_sensor_async.py
[2023-04-27T18:50:36.277+0300] {logging_mixin.py:137} INFO - [2023-04-27T18:50:36.276+0300] {dag.py:2705} INFO - Sync 1 DAGs
[2023-04-27T18:50:36.288+0300] {logging_mixin.py:137} INFO - [2023-04-27T18:50:36.287+0300] {dag.py:3452} INFO - Setting next_dagrun for example_time_delta_sensor_async to None, run_after=None
[2023-04-27T18:50:36.298+0300] {processor.py:175} INFO - Processing /home/vladimir/.local/lib/python3.10/site-packages/airflow/example_dags/example_time_delta_sensor_async.py took 0.047 seconds
[2023-04-27T18:51:10.634+0300] {processor.py:153} INFO - Started process (PID=5248) to work on /home/vladimir/.local/lib/python3.10/site-packages/airflow/example_dags/example_time_delta_sensor_async.py
[2023-04-27T18:51:10.635+0300] {processor.py:743} INFO - Processing file /home/vladimir/.local/lib/python3.10/site-packages/airflow/example_dags/example_time_delta_sensor_async.py for tasks to queue
[2023-04-27T18:51:10.635+0300] {logging_mixin.py:137} INFO - [2023-04-27T18:51:10.635+0300] {dagbag.py:532} INFO - Filling up the DagBag from /home/vladimir/.local/lib/python3.10/site-packages/airflow/example_dags/example_time_delta_sensor_async.py
[2023-04-27T18:51:10.644+0300] {processor.py:753} INFO - DAG(s) dict_keys(['example_time_delta_sensor_async']) retrieved from /home/vladimir/.local/lib/python3.10/site-packages/airflow/example_dags/example_time_delta_sensor_async.py
[2023-04-27T18:51:10.659+0300] {logging_mixin.py:137} INFO - [2023-04-27T18:51:10.659+0300] {dag.py:2705} INFO - Sync 1 DAGs
[2023-04-27T18:51:10.683+0300] {logging_mixin.py:137} INFO - [2023-04-27T18:51:10.683+0300] {dag.py:3452} INFO - Setting next_dagrun for example_time_delta_sensor_async to None, run_after=None
[2023-04-27T18:51:10.709+0300] {processor.py:175} INFO - Processing /home/vladimir/.local/lib/python3.10/site-packages/airflow/example_dags/example_time_delta_sensor_async.py took 0.077 seconds
[2023-04-27T18:51:45.715+0300] {processor.py:153} INFO - Started process (PID=5291) to work on /home/vladimir/.local/lib/python3.10/site-packages/airflow/example_dags/example_time_delta_sensor_async.py
[2023-04-27T18:51:45.716+0300] {processor.py:743} INFO - Processing file /home/vladimir/.local/lib/python3.10/site-packages/airflow/example_dags/example_time_delta_sensor_async.py for tasks to queue
[2023-04-27T18:51:45.717+0300] {logging_mixin.py:137} INFO - [2023-04-27T18:51:45.717+0300] {dagbag.py:532} INFO - Filling up the DagBag from /home/vladimir/.local/lib/python3.10/site-packages/airflow/example_dags/example_time_delta_sensor_async.py
[2023-04-27T18:51:45.727+0300] {processor.py:753} INFO - DAG(s) dict_keys(['example_time_delta_sensor_async']) retrieved from /home/vladimir/.local/lib/python3.10/site-packages/airflow/example_dags/example_time_delta_sensor_async.py
[2023-04-27T18:51:45.741+0300] {logging_mixin.py:137} INFO - [2023-04-27T18:51:45.741+0300] {dag.py:2705} INFO - Sync 1 DAGs
[2023-04-27T18:51:45.753+0300] {logging_mixin.py:137} INFO - [2023-04-27T18:51:45.752+0300] {dag.py:3452} INFO - Setting next_dagrun for example_time_delta_sensor_async to None, run_after=None
[2023-04-27T18:51:45.766+0300] {processor.py:175} INFO - Processing /home/vladimir/.local/lib/python3.10/site-packages/airflow/example_dags/example_time_delta_sensor_async.py took 0.053 seconds
[2023-04-27T18:52:27.610+0300] {processor.py:153} INFO - Started process (PID=5336) to work on /home/vladimir/.local/lib/python3.10/site-packages/airflow/example_dags/example_time_delta_sensor_async.py
[2023-04-27T18:52:27.611+0300] {processor.py:743} INFO - Processing file /home/vladimir/.local/lib/python3.10/site-packages/airflow/example_dags/example_time_delta_sensor_async.py for tasks to queue
[2023-04-27T18:52:27.612+0300] {logging_mixin.py:137} INFO - [2023-04-27T18:52:27.612+0300] {dagbag.py:532} INFO - Filling up the DagBag from /home/vladimir/.local/lib/python3.10/site-packages/airflow/example_dags/example_time_delta_sensor_async.py
[2023-04-27T18:52:27.621+0300] {processor.py:753} INFO - DAG(s) dict_keys(['example_time_delta_sensor_async']) retrieved from /home/vladimir/.local/lib/python3.10/site-packages/airflow/example_dags/example_time_delta_sensor_async.py
[2023-04-27T18:52:27.636+0300] {logging_mixin.py:137} INFO - [2023-04-27T18:52:27.636+0300] {dag.py:2705} INFO - Sync 1 DAGs
[2023-04-27T18:52:27.647+0300] {logging_mixin.py:137} INFO - [2023-04-27T18:52:27.647+0300] {dag.py:3452} INFO - Setting next_dagrun for example_time_delta_sensor_async to None, run_after=None
[2023-04-27T18:52:27.660+0300] {processor.py:175} INFO - Processing /home/vladimir/.local/lib/python3.10/site-packages/airflow/example_dags/example_time_delta_sensor_async.py took 0.053 seconds
[2023-04-27T18:53:05.423+0300] {processor.py:153} INFO - Started process (PID=5381) to work on /home/vladimir/.local/lib/python3.10/site-packages/airflow/example_dags/example_time_delta_sensor_async.py
[2023-04-27T18:53:05.424+0300] {processor.py:743} INFO - Processing file /home/vladimir/.local/lib/python3.10/site-packages/airflow/example_dags/example_time_delta_sensor_async.py for tasks to queue
[2023-04-27T18:53:05.425+0300] {logging_mixin.py:137} INFO - [2023-04-27T18:53:05.425+0300] {dagbag.py:532} INFO - Filling up the DagBag from /home/vladimir/.local/lib/python3.10/site-packages/airflow/example_dags/example_time_delta_sensor_async.py
[2023-04-27T18:53:05.433+0300] {processor.py:753} INFO - DAG(s) dict_keys(['example_time_delta_sensor_async']) retrieved from /home/vladimir/.local/lib/python3.10/site-packages/airflow/example_dags/example_time_delta_sensor_async.py
[2023-04-27T18:53:05.447+0300] {logging_mixin.py:137} INFO - [2023-04-27T18:53:05.447+0300] {dag.py:2705} INFO - Sync 1 DAGs
[2023-04-27T18:53:05.460+0300] {logging_mixin.py:137} INFO - [2023-04-27T18:53:05.459+0300] {dag.py:3452} INFO - Setting next_dagrun for example_time_delta_sensor_async to None, run_after=None
[2023-04-27T18:53:05.473+0300] {processor.py:175} INFO - Processing /home/vladimir/.local/lib/python3.10/site-packages/airflow/example_dags/example_time_delta_sensor_async.py took 0.052 seconds
[2023-04-27T18:53:48.805+0300] {processor.py:153} INFO - Started process (PID=5568) to work on /home/vladimir/.local/lib/python3.10/site-packages/airflow/example_dags/example_time_delta_sensor_async.py
[2023-04-27T18:53:48.806+0300] {processor.py:743} INFO - Processing file /home/vladimir/.local/lib/python3.10/site-packages/airflow/example_dags/example_time_delta_sensor_async.py for tasks to queue
[2023-04-27T18:53:48.806+0300] {logging_mixin.py:137} INFO - [2023-04-27T18:53:48.806+0300] {dagbag.py:532} INFO - Filling up the DagBag from /home/vladimir/.local/lib/python3.10/site-packages/airflow/example_dags/example_time_delta_sensor_async.py
[2023-04-27T18:53:48.814+0300] {processor.py:753} INFO - DAG(s) dict_keys(['example_time_delta_sensor_async']) retrieved from /home/vladimir/.local/lib/python3.10/site-packages/airflow/example_dags/example_time_delta_sensor_async.py
[2023-04-27T18:53:48.827+0300] {logging_mixin.py:137} INFO - [2023-04-27T18:53:48.827+0300] {dag.py:2705} INFO - Sync 1 DAGs
[2023-04-27T18:53:48.839+0300] {logging_mixin.py:137} INFO - [2023-04-27T18:53:48.839+0300] {dag.py:3452} INFO - Setting next_dagrun for example_time_delta_sensor_async to None, run_after=None
[2023-04-27T18:53:48.851+0300] {processor.py:175} INFO - Processing /home/vladimir/.local/lib/python3.10/site-packages/airflow/example_dags/example_time_delta_sensor_async.py took 0.048 seconds
[2023-04-27T18:54:24.252+0300] {processor.py:153} INFO - Started process (PID=5605) to work on /home/vladimir/.local/lib/python3.10/site-packages/airflow/example_dags/example_time_delta_sensor_async.py
[2023-04-27T18:54:24.253+0300] {processor.py:743} INFO - Processing file /home/vladimir/.local/lib/python3.10/site-packages/airflow/example_dags/example_time_delta_sensor_async.py for tasks to queue
[2023-04-27T18:54:24.254+0300] {logging_mixin.py:137} INFO - [2023-04-27T18:54:24.254+0300] {dagbag.py:532} INFO - Filling up the DagBag from /home/vladimir/.local/lib/python3.10/site-packages/airflow/example_dags/example_time_delta_sensor_async.py
[2023-04-27T18:54:24.263+0300] {processor.py:753} INFO - DAG(s) dict_keys(['example_time_delta_sensor_async']) retrieved from /home/vladimir/.local/lib/python3.10/site-packages/airflow/example_dags/example_time_delta_sensor_async.py
[2023-04-27T18:54:24.276+0300] {logging_mixin.py:137} INFO - [2023-04-27T18:54:24.276+0300] {dag.py:2705} INFO - Sync 1 DAGs
[2023-04-27T18:54:24.287+0300] {logging_mixin.py:137} INFO - [2023-04-27T18:54:24.287+0300] {dag.py:3452} INFO - Setting next_dagrun for example_time_delta_sensor_async to None, run_after=None
[2023-04-27T18:54:24.299+0300] {processor.py:175} INFO - Processing /home/vladimir/.local/lib/python3.10/site-packages/airflow/example_dags/example_time_delta_sensor_async.py took 0.049 seconds
[2023-04-27T18:55:01.202+0300] {processor.py:153} INFO - Started process (PID=5654) to work on /home/vladimir/.local/lib/python3.10/site-packages/airflow/example_dags/example_time_delta_sensor_async.py
[2023-04-27T18:55:01.203+0300] {processor.py:743} INFO - Processing file /home/vladimir/.local/lib/python3.10/site-packages/airflow/example_dags/example_time_delta_sensor_async.py for tasks to queue
[2023-04-27T18:55:01.204+0300] {logging_mixin.py:137} INFO - [2023-04-27T18:55:01.204+0300] {dagbag.py:532} INFO - Filling up the DagBag from /home/vladimir/.local/lib/python3.10/site-packages/airflow/example_dags/example_time_delta_sensor_async.py
[2023-04-27T18:55:01.213+0300] {processor.py:753} INFO - DAG(s) dict_keys(['example_time_delta_sensor_async']) retrieved from /home/vladimir/.local/lib/python3.10/site-packages/airflow/example_dags/example_time_delta_sensor_async.py
[2023-04-27T18:55:01.229+0300] {logging_mixin.py:137} INFO - [2023-04-27T18:55:01.229+0300] {dag.py:2705} INFO - Sync 1 DAGs
[2023-04-27T18:55:01.243+0300] {logging_mixin.py:137} INFO - [2023-04-27T18:55:01.243+0300] {dag.py:3452} INFO - Setting next_dagrun for example_time_delta_sensor_async to None, run_after=None
[2023-04-27T18:55:01.258+0300] {processor.py:175} INFO - Processing /home/vladimir/.local/lib/python3.10/site-packages/airflow/example_dags/example_time_delta_sensor_async.py took 0.057 seconds
[2023-04-27T18:55:37.458+0300] {processor.py:153} INFO - Started process (PID=5696) to work on /home/vladimir/.local/lib/python3.10/site-packages/airflow/example_dags/example_time_delta_sensor_async.py
[2023-04-27T18:55:37.459+0300] {processor.py:743} INFO - Processing file /home/vladimir/.local/lib/python3.10/site-packages/airflow/example_dags/example_time_delta_sensor_async.py for tasks to queue
[2023-04-27T18:55:37.460+0300] {logging_mixin.py:137} INFO - [2023-04-27T18:55:37.460+0300] {dagbag.py:532} INFO - Filling up the DagBag from /home/vladimir/.local/lib/python3.10/site-packages/airflow/example_dags/example_time_delta_sensor_async.py
[2023-04-27T18:55:37.469+0300] {processor.py:753} INFO - DAG(s) dict_keys(['example_time_delta_sensor_async']) retrieved from /home/vladimir/.local/lib/python3.10/site-packages/airflow/example_dags/example_time_delta_sensor_async.py
[2023-04-27T18:55:37.482+0300] {logging_mixin.py:137} INFO - [2023-04-27T18:55:37.482+0300] {dag.py:2705} INFO - Sync 1 DAGs
[2023-04-27T18:55:37.493+0300] {logging_mixin.py:137} INFO - [2023-04-27T18:55:37.493+0300] {dag.py:3452} INFO - Setting next_dagrun for example_time_delta_sensor_async to None, run_after=None
[2023-04-27T18:55:37.504+0300] {processor.py:175} INFO - Processing /home/vladimir/.local/lib/python3.10/site-packages/airflow/example_dags/example_time_delta_sensor_async.py took 0.048 seconds
[2023-04-27T18:56:10.552+0300] {processor.py:153} INFO - Started process (PID=5735) to work on /home/vladimir/.local/lib/python3.10/site-packages/airflow/example_dags/example_time_delta_sensor_async.py
[2023-04-27T18:56:10.553+0300] {processor.py:743} INFO - Processing file /home/vladimir/.local/lib/python3.10/site-packages/airflow/example_dags/example_time_delta_sensor_async.py for tasks to queue
[2023-04-27T18:56:10.554+0300] {logging_mixin.py:137} INFO - [2023-04-27T18:56:10.554+0300] {dagbag.py:532} INFO - Filling up the DagBag from /home/vladimir/.local/lib/python3.10/site-packages/airflow/example_dags/example_time_delta_sensor_async.py
[2023-04-27T18:56:10.562+0300] {processor.py:753} INFO - DAG(s) dict_keys(['example_time_delta_sensor_async']) retrieved from /home/vladimir/.local/lib/python3.10/site-packages/airflow/example_dags/example_time_delta_sensor_async.py
[2023-04-27T18:56:10.575+0300] {logging_mixin.py:137} INFO - [2023-04-27T18:56:10.575+0300] {dag.py:2705} INFO - Sync 1 DAGs
[2023-04-27T18:56:10.587+0300] {logging_mixin.py:137} INFO - [2023-04-27T18:56:10.587+0300] {dag.py:3452} INFO - Setting next_dagrun for example_time_delta_sensor_async to None, run_after=None
[2023-04-27T18:56:10.599+0300] {processor.py:175} INFO - Processing /home/vladimir/.local/lib/python3.10/site-packages/airflow/example_dags/example_time_delta_sensor_async.py took 0.050 seconds
[2023-04-27T18:56:52.799+0300] {processor.py:153} INFO - Started process (PID=6649) to work on /home/vladimir/.local/lib/python3.10/site-packages/airflow/example_dags/example_time_delta_sensor_async.py
[2023-04-27T18:56:52.800+0300] {processor.py:743} INFO - Processing file /home/vladimir/.local/lib/python3.10/site-packages/airflow/example_dags/example_time_delta_sensor_async.py for tasks to queue
[2023-04-27T18:56:52.801+0300] {logging_mixin.py:137} INFO - [2023-04-27T18:56:52.801+0300] {dagbag.py:532} INFO - Filling up the DagBag from /home/vladimir/.local/lib/python3.10/site-packages/airflow/example_dags/example_time_delta_sensor_async.py
[2023-04-27T18:56:52.810+0300] {processor.py:753} INFO - DAG(s) dict_keys(['example_time_delta_sensor_async']) retrieved from /home/vladimir/.local/lib/python3.10/site-packages/airflow/example_dags/example_time_delta_sensor_async.py
[2023-04-27T18:56:52.823+0300] {logging_mixin.py:137} INFO - [2023-04-27T18:56:52.823+0300] {dag.py:2705} INFO - Sync 1 DAGs
[2023-04-27T18:56:52.836+0300] {logging_mixin.py:137} INFO - [2023-04-27T18:56:52.836+0300] {dag.py:3452} INFO - Setting next_dagrun for example_time_delta_sensor_async to None, run_after=None
[2023-04-27T18:56:52.851+0300] {processor.py:175} INFO - Processing /home/vladimir/.local/lib/python3.10/site-packages/airflow/example_dags/example_time_delta_sensor_async.py took 0.053 seconds
[2023-04-27T18:57:31.563+0300] {processor.py:153} INFO - Started process (PID=6718) to work on /home/vladimir/.local/lib/python3.10/site-packages/airflow/example_dags/example_time_delta_sensor_async.py
[2023-04-27T18:57:31.564+0300] {processor.py:743} INFO - Processing file /home/vladimir/.local/lib/python3.10/site-packages/airflow/example_dags/example_time_delta_sensor_async.py for tasks to queue
[2023-04-27T18:57:31.565+0300] {logging_mixin.py:137} INFO - [2023-04-27T18:57:31.565+0300] {dagbag.py:532} INFO - Filling up the DagBag from /home/vladimir/.local/lib/python3.10/site-packages/airflow/example_dags/example_time_delta_sensor_async.py
[2023-04-27T18:57:31.573+0300] {processor.py:753} INFO - DAG(s) dict_keys(['example_time_delta_sensor_async']) retrieved from /home/vladimir/.local/lib/python3.10/site-packages/airflow/example_dags/example_time_delta_sensor_async.py
[2023-04-27T18:57:31.586+0300] {logging_mixin.py:137} INFO - [2023-04-27T18:57:31.586+0300] {dag.py:2705} INFO - Sync 1 DAGs
[2023-04-27T18:57:31.598+0300] {logging_mixin.py:137} INFO - [2023-04-27T18:57:31.598+0300] {dag.py:3452} INFO - Setting next_dagrun for example_time_delta_sensor_async to None, run_after=None
[2023-04-27T18:57:31.611+0300] {processor.py:175} INFO - Processing /home/vladimir/.local/lib/python3.10/site-packages/airflow/example_dags/example_time_delta_sensor_async.py took 0.050 seconds
[2023-04-27T18:58:09.903+0300] {processor.py:153} INFO - Started process (PID=6783) to work on /home/vladimir/.local/lib/python3.10/site-packages/airflow/example_dags/example_time_delta_sensor_async.py
[2023-04-27T18:58:09.903+0300] {processor.py:743} INFO - Processing file /home/vladimir/.local/lib/python3.10/site-packages/airflow/example_dags/example_time_delta_sensor_async.py for tasks to queue
[2023-04-27T18:58:09.904+0300] {logging_mixin.py:137} INFO - [2023-04-27T18:58:09.904+0300] {dagbag.py:532} INFO - Filling up the DagBag from /home/vladimir/.local/lib/python3.10/site-packages/airflow/example_dags/example_time_delta_sensor_async.py
[2023-04-27T18:58:09.912+0300] {processor.py:753} INFO - DAG(s) dict_keys(['example_time_delta_sensor_async']) retrieved from /home/vladimir/.local/lib/python3.10/site-packages/airflow/example_dags/example_time_delta_sensor_async.py
[2023-04-27T18:58:09.927+0300] {logging_mixin.py:137} INFO - [2023-04-27T18:58:09.927+0300] {dag.py:2705} INFO - Sync 1 DAGs
[2023-04-27T18:58:09.938+0300] {logging_mixin.py:137} INFO - [2023-04-27T18:58:09.938+0300] {dag.py:3452} INFO - Setting next_dagrun for example_time_delta_sensor_async to None, run_after=None
[2023-04-27T18:58:09.949+0300] {processor.py:175} INFO - Processing /home/vladimir/.local/lib/python3.10/site-packages/airflow/example_dags/example_time_delta_sensor_async.py took 0.049 seconds
[2023-04-27T18:58:43.291+0300] {processor.py:153} INFO - Started process (PID=6848) to work on /home/vladimir/.local/lib/python3.10/site-packages/airflow/example_dags/example_time_delta_sensor_async.py
[2023-04-27T18:58:43.292+0300] {processor.py:743} INFO - Processing file /home/vladimir/.local/lib/python3.10/site-packages/airflow/example_dags/example_time_delta_sensor_async.py for tasks to queue
[2023-04-27T18:58:43.292+0300] {logging_mixin.py:137} INFO - [2023-04-27T18:58:43.292+0300] {dagbag.py:532} INFO - Filling up the DagBag from /home/vladimir/.local/lib/python3.10/site-packages/airflow/example_dags/example_time_delta_sensor_async.py
[2023-04-27T18:58:43.301+0300] {processor.py:753} INFO - DAG(s) dict_keys(['example_time_delta_sensor_async']) retrieved from /home/vladimir/.local/lib/python3.10/site-packages/airflow/example_dags/example_time_delta_sensor_async.py
[2023-04-27T18:58:43.314+0300] {logging_mixin.py:137} INFO - [2023-04-27T18:58:43.314+0300] {dag.py:2705} INFO - Sync 1 DAGs
[2023-04-27T18:58:43.327+0300] {logging_mixin.py:137} INFO - [2023-04-27T18:58:43.327+0300] {dag.py:3452} INFO - Setting next_dagrun for example_time_delta_sensor_async to None, run_after=None
[2023-04-27T18:58:43.339+0300] {processor.py:175} INFO - Processing /home/vladimir/.local/lib/python3.10/site-packages/airflow/example_dags/example_time_delta_sensor_async.py took 0.050 seconds
[2023-04-27T18:59:19.533+0300] {processor.py:153} INFO - Started process (PID=6914) to work on /home/vladimir/.local/lib/python3.10/site-packages/airflow/example_dags/example_time_delta_sensor_async.py
[2023-04-27T18:59:19.534+0300] {processor.py:743} INFO - Processing file /home/vladimir/.local/lib/python3.10/site-packages/airflow/example_dags/example_time_delta_sensor_async.py for tasks to queue
[2023-04-27T18:59:19.534+0300] {logging_mixin.py:137} INFO - [2023-04-27T18:59:19.534+0300] {dagbag.py:532} INFO - Filling up the DagBag from /home/vladimir/.local/lib/python3.10/site-packages/airflow/example_dags/example_time_delta_sensor_async.py
[2023-04-27T18:59:19.542+0300] {processor.py:753} INFO - DAG(s) dict_keys(['example_time_delta_sensor_async']) retrieved from /home/vladimir/.local/lib/python3.10/site-packages/airflow/example_dags/example_time_delta_sensor_async.py
[2023-04-27T18:59:19.557+0300] {logging_mixin.py:137} INFO - [2023-04-27T18:59:19.557+0300] {dag.py:2705} INFO - Sync 1 DAGs
[2023-04-27T18:59:19.571+0300] {logging_mixin.py:137} INFO - [2023-04-27T18:59:19.570+0300] {dag.py:3452} INFO - Setting next_dagrun for example_time_delta_sensor_async to None, run_after=None
[2023-04-27T18:59:19.583+0300] {processor.py:175} INFO - Processing /home/vladimir/.local/lib/python3.10/site-packages/airflow/example_dags/example_time_delta_sensor_async.py took 0.052 seconds
[2023-04-27T18:59:53.712+0300] {processor.py:153} INFO - Started process (PID=6973) to work on /home/vladimir/.local/lib/python3.10/site-packages/airflow/example_dags/example_time_delta_sensor_async.py
[2023-04-27T18:59:53.713+0300] {processor.py:743} INFO - Processing file /home/vladimir/.local/lib/python3.10/site-packages/airflow/example_dags/example_time_delta_sensor_async.py for tasks to queue
[2023-04-27T18:59:53.714+0300] {logging_mixin.py:137} INFO - [2023-04-27T18:59:53.714+0300] {dagbag.py:532} INFO - Filling up the DagBag from /home/vladimir/.local/lib/python3.10/site-packages/airflow/example_dags/example_time_delta_sensor_async.py
[2023-04-27T18:59:53.723+0300] {processor.py:753} INFO - DAG(s) dict_keys(['example_time_delta_sensor_async']) retrieved from /home/vladimir/.local/lib/python3.10/site-packages/airflow/example_dags/example_time_delta_sensor_async.py
[2023-04-27T18:59:53.737+0300] {logging_mixin.py:137} INFO - [2023-04-27T18:59:53.737+0300] {dag.py:2705} INFO - Sync 1 DAGs
[2023-04-27T18:59:53.749+0300] {logging_mixin.py:137} INFO - [2023-04-27T18:59:53.749+0300] {dag.py:3452} INFO - Setting next_dagrun for example_time_delta_sensor_async to None, run_after=None
[2023-04-27T18:59:53.763+0300] {processor.py:175} INFO - Processing /home/vladimir/.local/lib/python3.10/site-packages/airflow/example_dags/example_time_delta_sensor_async.py took 0.053 seconds
[2023-04-27T19:00:30.391+0300] {processor.py:153} INFO - Started process (PID=7060) to work on /home/vladimir/.local/lib/python3.10/site-packages/airflow/example_dags/example_time_delta_sensor_async.py
[2023-04-27T19:00:30.392+0300] {processor.py:743} INFO - Processing file /home/vladimir/.local/lib/python3.10/site-packages/airflow/example_dags/example_time_delta_sensor_async.py for tasks to queue
[2023-04-27T19:00:30.392+0300] {logging_mixin.py:137} INFO - [2023-04-27T19:00:30.392+0300] {dagbag.py:532} INFO - Filling up the DagBag from /home/vladimir/.local/lib/python3.10/site-packages/airflow/example_dags/example_time_delta_sensor_async.py
[2023-04-27T19:00:30.404+0300] {processor.py:753} INFO - DAG(s) dict_keys(['example_time_delta_sensor_async']) retrieved from /home/vladimir/.local/lib/python3.10/site-packages/airflow/example_dags/example_time_delta_sensor_async.py
[2023-04-27T19:00:30.419+0300] {logging_mixin.py:137} INFO - [2023-04-27T19:00:30.419+0300] {dag.py:2705} INFO - Sync 1 DAGs
[2023-04-27T19:00:30.433+0300] {logging_mixin.py:137} INFO - [2023-04-27T19:00:30.433+0300] {dag.py:3452} INFO - Setting next_dagrun for example_time_delta_sensor_async to None, run_after=None
[2023-04-27T19:00:30.447+0300] {processor.py:175} INFO - Processing /home/vladimir/.local/lib/python3.10/site-packages/airflow/example_dags/example_time_delta_sensor_async.py took 0.058 seconds
[2023-04-27T19:01:04.802+0300] {processor.py:153} INFO - Started process (PID=7159) to work on /home/vladimir/.local/lib/python3.10/site-packages/airflow/example_dags/example_time_delta_sensor_async.py
[2023-04-27T19:01:04.803+0300] {processor.py:743} INFO - Processing file /home/vladimir/.local/lib/python3.10/site-packages/airflow/example_dags/example_time_delta_sensor_async.py for tasks to queue
[2023-04-27T19:01:04.804+0300] {logging_mixin.py:137} INFO - [2023-04-27T19:01:04.804+0300] {dagbag.py:532} INFO - Filling up the DagBag from /home/vladimir/.local/lib/python3.10/site-packages/airflow/example_dags/example_time_delta_sensor_async.py
[2023-04-27T19:01:04.812+0300] {processor.py:753} INFO - DAG(s) dict_keys(['example_time_delta_sensor_async']) retrieved from /home/vladimir/.local/lib/python3.10/site-packages/airflow/example_dags/example_time_delta_sensor_async.py
[2023-04-27T19:01:04.826+0300] {logging_mixin.py:137} INFO - [2023-04-27T19:01:04.826+0300] {dag.py:2705} INFO - Sync 1 DAGs
[2023-04-27T19:01:04.838+0300] {logging_mixin.py:137} INFO - [2023-04-27T19:01:04.838+0300] {dag.py:3452} INFO - Setting next_dagrun for example_time_delta_sensor_async to None, run_after=None
[2023-04-27T19:01:04.851+0300] {processor.py:175} INFO - Processing /home/vladimir/.local/lib/python3.10/site-packages/airflow/example_dags/example_time_delta_sensor_async.py took 0.051 seconds
