[2023-04-27T18:25:40.478+0300] {processor.py:153} INFO - Started process (PID=5884) to work on /home/vladimir/.local/lib/python3.10/site-packages/airflow/example_dags/example_sensors.py
[2023-04-27T18:25:40.479+0300] {processor.py:743} INFO - Processing file /home/vladimir/.local/lib/python3.10/site-packages/airflow/example_dags/example_sensors.py for tasks to queue
[2023-04-27T18:25:40.480+0300] {logging_mixin.py:137} INFO - [2023-04-27T18:25:40.479+0300] {dagbag.py:532} INFO - Filling up the DagBag from /home/vladimir/.local/lib/python3.10/site-packages/airflow/example_dags/example_sensors.py
[2023-04-27T18:25:40.528+0300] {processor.py:753} INFO - DAG(s) dict_keys(['example_sensors']) retrieved from /home/vladimir/.local/lib/python3.10/site-packages/airflow/example_dags/example_sensors.py
[2023-04-27T18:25:40.638+0300] {logging_mixin.py:137} INFO - [2023-04-27T18:25:40.637+0300] {manager.py:504} INFO - Created Permission View: can read on DAG:example_sensors
[2023-04-27T18:25:40.643+0300] {logging_mixin.py:137} INFO - [2023-04-27T18:25:40.643+0300] {manager.py:504} INFO - Created Permission View: can delete on DAG:example_sensors
[2023-04-27T18:25:40.650+0300] {logging_mixin.py:137} INFO - [2023-04-27T18:25:40.650+0300] {manager.py:504} INFO - Created Permission View: can edit on DAG:example_sensors
[2023-04-27T18:25:40.650+0300] {logging_mixin.py:137} INFO - [2023-04-27T18:25:40.650+0300] {dag.py:2705} INFO - Sync 1 DAGs
[2023-04-27T18:25:40.667+0300] {logging_mixin.py:137} INFO - [2023-04-27T18:25:40.667+0300] {dag.py:2726} INFO - Creating ORM DAG for example_sensors
[2023-04-27T18:25:40.714+0300] {logging_mixin.py:137} INFO - [2023-04-27T18:25:40.714+0300] {dag.py:3452} INFO - Setting next_dagrun for example_sensors to None, run_after=None
[2023-04-27T18:25:40.751+0300] {processor.py:175} INFO - Processing /home/vladimir/.local/lib/python3.10/site-packages/airflow/example_dags/example_sensors.py took 0.276 seconds
[2023-04-27T18:26:27.375+0300] {processor.py:153} INFO - Started process (PID=6005) to work on /home/vladimir/.local/lib/python3.10/site-packages/airflow/example_dags/example_sensors.py
[2023-04-27T18:26:27.376+0300] {processor.py:743} INFO - Processing file /home/vladimir/.local/lib/python3.10/site-packages/airflow/example_dags/example_sensors.py for tasks to queue
[2023-04-27T18:26:27.376+0300] {logging_mixin.py:137} INFO - [2023-04-27T18:26:27.376+0300] {dagbag.py:532} INFO - Filling up the DagBag from /home/vladimir/.local/lib/python3.10/site-packages/airflow/example_dags/example_sensors.py
[2023-04-27T18:26:27.391+0300] {processor.py:753} INFO - DAG(s) dict_keys(['example_sensors']) retrieved from /home/vladimir/.local/lib/python3.10/site-packages/airflow/example_dags/example_sensors.py
[2023-04-27T18:26:27.407+0300] {logging_mixin.py:137} INFO - [2023-04-27T18:26:27.406+0300] {dag.py:2705} INFO - Sync 1 DAGs
[2023-04-27T18:26:27.419+0300] {logging_mixin.py:137} INFO - [2023-04-27T18:26:27.419+0300] {dag.py:3452} INFO - Setting next_dagrun for example_sensors to None, run_after=None
[2023-04-27T18:26:27.434+0300] {processor.py:175} INFO - Processing /home/vladimir/.local/lib/python3.10/site-packages/airflow/example_dags/example_sensors.py took 0.062 seconds
[2023-04-27T18:27:09.589+0300] {processor.py:153} INFO - Started process (PID=6074) to work on /home/vladimir/.local/lib/python3.10/site-packages/airflow/example_dags/example_sensors.py
[2023-04-27T18:27:09.590+0300] {processor.py:743} INFO - Processing file /home/vladimir/.local/lib/python3.10/site-packages/airflow/example_dags/example_sensors.py for tasks to queue
[2023-04-27T18:27:09.591+0300] {logging_mixin.py:137} INFO - [2023-04-27T18:27:09.590+0300] {dagbag.py:532} INFO - Filling up the DagBag from /home/vladimir/.local/lib/python3.10/site-packages/airflow/example_dags/example_sensors.py
[2023-04-27T18:27:09.617+0300] {processor.py:753} INFO - DAG(s) dict_keys(['example_sensors']) retrieved from /home/vladimir/.local/lib/python3.10/site-packages/airflow/example_dags/example_sensors.py
[2023-04-27T18:27:09.640+0300] {logging_mixin.py:137} INFO - [2023-04-27T18:27:09.640+0300] {dag.py:2705} INFO - Sync 1 DAGs
[2023-04-27T18:27:09.653+0300] {logging_mixin.py:137} INFO - [2023-04-27T18:27:09.653+0300] {dag.py:3452} INFO - Setting next_dagrun for example_sensors to None, run_after=None
[2023-04-27T18:27:09.668+0300] {processor.py:175} INFO - Processing /home/vladimir/.local/lib/python3.10/site-packages/airflow/example_dags/example_sensors.py took 0.083 seconds
[2023-04-27T18:27:54.251+0300] {processor.py:153} INFO - Started process (PID=6135) to work on /home/vladimir/.local/lib/python3.10/site-packages/airflow/example_dags/example_sensors.py
[2023-04-27T18:27:54.252+0300] {processor.py:743} INFO - Processing file /home/vladimir/.local/lib/python3.10/site-packages/airflow/example_dags/example_sensors.py for tasks to queue
[2023-04-27T18:27:54.252+0300] {logging_mixin.py:137} INFO - [2023-04-27T18:27:54.252+0300] {dagbag.py:532} INFO - Filling up the DagBag from /home/vladimir/.local/lib/python3.10/site-packages/airflow/example_dags/example_sensors.py
[2023-04-27T18:27:54.266+0300] {processor.py:753} INFO - DAG(s) dict_keys(['example_sensors']) retrieved from /home/vladimir/.local/lib/python3.10/site-packages/airflow/example_dags/example_sensors.py
[2023-04-27T18:27:54.282+0300] {logging_mixin.py:137} INFO - [2023-04-27T18:27:54.281+0300] {dag.py:2705} INFO - Sync 1 DAGs
[2023-04-27T18:27:54.294+0300] {logging_mixin.py:137} INFO - [2023-04-27T18:27:54.294+0300] {dag.py:3452} INFO - Setting next_dagrun for example_sensors to None, run_after=None
[2023-04-27T18:27:54.307+0300] {processor.py:175} INFO - Processing /home/vladimir/.local/lib/python3.10/site-packages/airflow/example_dags/example_sensors.py took 0.059 seconds
[2023-04-27T18:28:42.062+0300] {processor.py:153} INFO - Started process (PID=6208) to work on /home/vladimir/.local/lib/python3.10/site-packages/airflow/example_dags/example_sensors.py
[2023-04-27T18:28:42.063+0300] {processor.py:743} INFO - Processing file /home/vladimir/.local/lib/python3.10/site-packages/airflow/example_dags/example_sensors.py for tasks to queue
[2023-04-27T18:28:42.063+0300] {logging_mixin.py:137} INFO - [2023-04-27T18:28:42.063+0300] {dagbag.py:532} INFO - Filling up the DagBag from /home/vladimir/.local/lib/python3.10/site-packages/airflow/example_dags/example_sensors.py
[2023-04-27T18:28:42.077+0300] {processor.py:753} INFO - DAG(s) dict_keys(['example_sensors']) retrieved from /home/vladimir/.local/lib/python3.10/site-packages/airflow/example_dags/example_sensors.py
[2023-04-27T18:28:42.093+0300] {logging_mixin.py:137} INFO - [2023-04-27T18:28:42.093+0300] {dag.py:2705} INFO - Sync 1 DAGs
[2023-04-27T18:28:42.104+0300] {logging_mixin.py:137} INFO - [2023-04-27T18:28:42.104+0300] {dag.py:3452} INFO - Setting next_dagrun for example_sensors to None, run_after=None
[2023-04-27T18:28:42.118+0300] {processor.py:175} INFO - Processing /home/vladimir/.local/lib/python3.10/site-packages/airflow/example_dags/example_sensors.py took 0.058 seconds
[2023-04-27T18:29:24.157+0300] {processor.py:153} INFO - Started process (PID=6345) to work on /home/vladimir/.local/lib/python3.10/site-packages/airflow/example_dags/example_sensors.py
[2023-04-27T18:29:24.158+0300] {processor.py:743} INFO - Processing file /home/vladimir/.local/lib/python3.10/site-packages/airflow/example_dags/example_sensors.py for tasks to queue
[2023-04-27T18:29:24.159+0300] {logging_mixin.py:137} INFO - [2023-04-27T18:29:24.159+0300] {dagbag.py:532} INFO - Filling up the DagBag from /home/vladimir/.local/lib/python3.10/site-packages/airflow/example_dags/example_sensors.py
[2023-04-27T18:29:24.172+0300] {processor.py:753} INFO - DAG(s) dict_keys(['example_sensors']) retrieved from /home/vladimir/.local/lib/python3.10/site-packages/airflow/example_dags/example_sensors.py
[2023-04-27T18:29:24.189+0300] {logging_mixin.py:137} INFO - [2023-04-27T18:29:24.189+0300] {dag.py:2705} INFO - Sync 1 DAGs
[2023-04-27T18:29:24.202+0300] {logging_mixin.py:137} INFO - [2023-04-27T18:29:24.202+0300] {dag.py:3452} INFO - Setting next_dagrun for example_sensors to None, run_after=None
[2023-04-27T18:29:24.217+0300] {processor.py:175} INFO - Processing /home/vladimir/.local/lib/python3.10/site-packages/airflow/example_dags/example_sensors.py took 0.061 seconds
[2023-04-27T18:30:10.405+0300] {processor.py:153} INFO - Started process (PID=6444) to work on /home/vladimir/.local/lib/python3.10/site-packages/airflow/example_dags/example_sensors.py
[2023-04-27T18:30:10.406+0300] {processor.py:743} INFO - Processing file /home/vladimir/.local/lib/python3.10/site-packages/airflow/example_dags/example_sensors.py for tasks to queue
[2023-04-27T18:30:10.406+0300] {logging_mixin.py:137} INFO - [2023-04-27T18:30:10.406+0300] {dagbag.py:532} INFO - Filling up the DagBag from /home/vladimir/.local/lib/python3.10/site-packages/airflow/example_dags/example_sensors.py
[2023-04-27T18:30:10.420+0300] {processor.py:753} INFO - DAG(s) dict_keys(['example_sensors']) retrieved from /home/vladimir/.local/lib/python3.10/site-packages/airflow/example_dags/example_sensors.py
[2023-04-27T18:30:10.436+0300] {logging_mixin.py:137} INFO - [2023-04-27T18:30:10.436+0300] {dag.py:2705} INFO - Sync 1 DAGs
[2023-04-27T18:30:10.449+0300] {logging_mixin.py:137} INFO - [2023-04-27T18:30:10.449+0300] {dag.py:3452} INFO - Setting next_dagrun for example_sensors to None, run_after=None
[2023-04-27T18:30:10.462+0300] {processor.py:175} INFO - Processing /home/vladimir/.local/lib/python3.10/site-packages/airflow/example_dags/example_sensors.py took 0.060 seconds
[2023-04-27T18:30:59.213+0300] {processor.py:153} INFO - Started process (PID=6571) to work on /home/vladimir/.local/lib/python3.10/site-packages/airflow/example_dags/example_sensors.py
[2023-04-27T18:30:59.214+0300] {processor.py:743} INFO - Processing file /home/vladimir/.local/lib/python3.10/site-packages/airflow/example_dags/example_sensors.py for tasks to queue
[2023-04-27T18:30:59.215+0300] {logging_mixin.py:137} INFO - [2023-04-27T18:30:59.215+0300] {dagbag.py:532} INFO - Filling up the DagBag from /home/vladimir/.local/lib/python3.10/site-packages/airflow/example_dags/example_sensors.py
[2023-04-27T18:30:59.229+0300] {processor.py:753} INFO - DAG(s) dict_keys(['example_sensors']) retrieved from /home/vladimir/.local/lib/python3.10/site-packages/airflow/example_dags/example_sensors.py
[2023-04-27T18:30:59.244+0300] {logging_mixin.py:137} INFO - [2023-04-27T18:30:59.244+0300] {dag.py:2705} INFO - Sync 1 DAGs
[2023-04-27T18:30:59.255+0300] {logging_mixin.py:137} INFO - [2023-04-27T18:30:59.255+0300] {dag.py:3452} INFO - Setting next_dagrun for example_sensors to None, run_after=None
[2023-04-27T18:30:59.269+0300] {processor.py:175} INFO - Processing /home/vladimir/.local/lib/python3.10/site-packages/airflow/example_dags/example_sensors.py took 0.058 seconds
[2023-04-27T18:31:49.498+0300] {processor.py:153} INFO - Started process (PID=6664) to work on /home/vladimir/.local/lib/python3.10/site-packages/airflow/example_dags/example_sensors.py
[2023-04-27T18:31:49.499+0300] {processor.py:743} INFO - Processing file /home/vladimir/.local/lib/python3.10/site-packages/airflow/example_dags/example_sensors.py for tasks to queue
[2023-04-27T18:31:49.499+0300] {logging_mixin.py:137} INFO - [2023-04-27T18:31:49.499+0300] {dagbag.py:532} INFO - Filling up the DagBag from /home/vladimir/.local/lib/python3.10/site-packages/airflow/example_dags/example_sensors.py
[2023-04-27T18:31:49.514+0300] {processor.py:753} INFO - DAG(s) dict_keys(['example_sensors']) retrieved from /home/vladimir/.local/lib/python3.10/site-packages/airflow/example_dags/example_sensors.py
[2023-04-27T18:31:49.533+0300] {logging_mixin.py:137} INFO - [2023-04-27T18:31:49.532+0300] {dag.py:2705} INFO - Sync 1 DAGs
[2023-04-27T18:31:49.547+0300] {logging_mixin.py:137} INFO - [2023-04-27T18:31:49.547+0300] {dag.py:3452} INFO - Setting next_dagrun for example_sensors to None, run_after=None
[2023-04-27T18:31:49.562+0300] {processor.py:175} INFO - Processing /home/vladimir/.local/lib/python3.10/site-packages/airflow/example_dags/example_sensors.py took 0.066 seconds
[2023-04-27T18:32:27.048+0300] {processor.py:153} INFO - Started process (PID=6727) to work on /home/vladimir/.local/lib/python3.10/site-packages/airflow/example_dags/example_sensors.py
[2023-04-27T18:32:27.048+0300] {processor.py:743} INFO - Processing file /home/vladimir/.local/lib/python3.10/site-packages/airflow/example_dags/example_sensors.py for tasks to queue
[2023-04-27T18:32:27.049+0300] {logging_mixin.py:137} INFO - [2023-04-27T18:32:27.049+0300] {dagbag.py:532} INFO - Filling up the DagBag from /home/vladimir/.local/lib/python3.10/site-packages/airflow/example_dags/example_sensors.py
[2023-04-27T18:32:27.066+0300] {processor.py:753} INFO - DAG(s) dict_keys(['example_sensors']) retrieved from /home/vladimir/.local/lib/python3.10/site-packages/airflow/example_dags/example_sensors.py
[2023-04-27T18:32:27.083+0300] {logging_mixin.py:137} INFO - [2023-04-27T18:32:27.082+0300] {dag.py:2705} INFO - Sync 1 DAGs
[2023-04-27T18:32:27.095+0300] {logging_mixin.py:137} INFO - [2023-04-27T18:32:27.095+0300] {dag.py:3452} INFO - Setting next_dagrun for example_sensors to None, run_after=None
[2023-04-27T18:32:27.108+0300] {processor.py:175} INFO - Processing /home/vladimir/.local/lib/python3.10/site-packages/airflow/example_dags/example_sensors.py took 0.062 seconds
[2023-04-27T18:33:16.683+0300] {processor.py:153} INFO - Started process (PID=6893) to work on /home/vladimir/.local/lib/python3.10/site-packages/airflow/example_dags/example_sensors.py
[2023-04-27T18:33:16.684+0300] {processor.py:743} INFO - Processing file /home/vladimir/.local/lib/python3.10/site-packages/airflow/example_dags/example_sensors.py for tasks to queue
[2023-04-27T18:33:16.684+0300] {logging_mixin.py:137} INFO - [2023-04-27T18:33:16.684+0300] {dagbag.py:532} INFO - Filling up the DagBag from /home/vladimir/.local/lib/python3.10/site-packages/airflow/example_dags/example_sensors.py
[2023-04-27T18:33:16.699+0300] {processor.py:753} INFO - DAG(s) dict_keys(['example_sensors']) retrieved from /home/vladimir/.local/lib/python3.10/site-packages/airflow/example_dags/example_sensors.py
[2023-04-27T18:33:16.715+0300] {logging_mixin.py:137} INFO - [2023-04-27T18:33:16.715+0300] {dag.py:2705} INFO - Sync 1 DAGs
[2023-04-27T18:33:16.728+0300] {logging_mixin.py:137} INFO - [2023-04-27T18:33:16.728+0300] {dag.py:3452} INFO - Setting next_dagrun for example_sensors to None, run_after=None
[2023-04-27T18:33:16.741+0300] {processor.py:175} INFO - Processing /home/vladimir/.local/lib/python3.10/site-packages/airflow/example_dags/example_sensors.py took 0.061 seconds
[2023-04-27T18:33:59.199+0300] {processor.py:153} INFO - Started process (PID=6959) to work on /home/vladimir/.local/lib/python3.10/site-packages/airflow/example_dags/example_sensors.py
[2023-04-27T18:33:59.200+0300] {processor.py:743} INFO - Processing file /home/vladimir/.local/lib/python3.10/site-packages/airflow/example_dags/example_sensors.py for tasks to queue
[2023-04-27T18:33:59.200+0300] {logging_mixin.py:137} INFO - [2023-04-27T18:33:59.200+0300] {dagbag.py:532} INFO - Filling up the DagBag from /home/vladimir/.local/lib/python3.10/site-packages/airflow/example_dags/example_sensors.py
[2023-04-27T18:33:59.215+0300] {processor.py:753} INFO - DAG(s) dict_keys(['example_sensors']) retrieved from /home/vladimir/.local/lib/python3.10/site-packages/airflow/example_dags/example_sensors.py
[2023-04-27T18:33:59.230+0300] {logging_mixin.py:137} INFO - [2023-04-27T18:33:59.230+0300] {dag.py:2705} INFO - Sync 1 DAGs
[2023-04-27T18:33:59.244+0300] {logging_mixin.py:137} INFO - [2023-04-27T18:33:59.244+0300] {dag.py:3452} INFO - Setting next_dagrun for example_sensors to None, run_after=None
[2023-04-27T18:33:59.257+0300] {processor.py:175} INFO - Processing /home/vladimir/.local/lib/python3.10/site-packages/airflow/example_dags/example_sensors.py took 0.061 seconds
[2023-04-27T18:34:45.135+0300] {processor.py:153} INFO - Started process (PID=7053) to work on /home/vladimir/.local/lib/python3.10/site-packages/airflow/example_dags/example_sensors.py
[2023-04-27T18:34:45.137+0300] {processor.py:743} INFO - Processing file /home/vladimir/.local/lib/python3.10/site-packages/airflow/example_dags/example_sensors.py for tasks to queue
[2023-04-27T18:34:45.137+0300] {logging_mixin.py:137} INFO - [2023-04-27T18:34:45.137+0300] {dagbag.py:532} INFO - Filling up the DagBag from /home/vladimir/.local/lib/python3.10/site-packages/airflow/example_dags/example_sensors.py
[2023-04-27T18:34:45.152+0300] {processor.py:753} INFO - DAG(s) dict_keys(['example_sensors']) retrieved from /home/vladimir/.local/lib/python3.10/site-packages/airflow/example_dags/example_sensors.py
[2023-04-27T18:34:45.169+0300] {logging_mixin.py:137} INFO - [2023-04-27T18:34:45.169+0300] {dag.py:2705} INFO - Sync 1 DAGs
[2023-04-27T18:34:45.180+0300] {logging_mixin.py:137} INFO - [2023-04-27T18:34:45.180+0300] {dag.py:3452} INFO - Setting next_dagrun for example_sensors to None, run_after=None
[2023-04-27T18:34:45.194+0300] {processor.py:175} INFO - Processing /home/vladimir/.local/lib/python3.10/site-packages/airflow/example_dags/example_sensors.py took 0.061 seconds
[2023-04-27T18:35:32.144+0300] {processor.py:153} INFO - Started process (PID=7411) to work on /home/vladimir/.local/lib/python3.10/site-packages/airflow/example_dags/example_sensors.py
[2023-04-27T18:35:32.145+0300] {processor.py:743} INFO - Processing file /home/vladimir/.local/lib/python3.10/site-packages/airflow/example_dags/example_sensors.py for tasks to queue
[2023-04-27T18:35:32.146+0300] {logging_mixin.py:137} INFO - [2023-04-27T18:35:32.146+0300] {dagbag.py:532} INFO - Filling up the DagBag from /home/vladimir/.local/lib/python3.10/site-packages/airflow/example_dags/example_sensors.py
[2023-04-27T18:35:32.161+0300] {processor.py:753} INFO - DAG(s) dict_keys(['example_sensors']) retrieved from /home/vladimir/.local/lib/python3.10/site-packages/airflow/example_dags/example_sensors.py
[2023-04-27T18:35:32.181+0300] {logging_mixin.py:137} INFO - [2023-04-27T18:35:32.181+0300] {dag.py:2705} INFO - Sync 1 DAGs
[2023-04-27T18:35:32.194+0300] {logging_mixin.py:137} INFO - [2023-04-27T18:35:32.194+0300] {dag.py:3452} INFO - Setting next_dagrun for example_sensors to None, run_after=None
[2023-04-27T18:35:32.211+0300] {processor.py:175} INFO - Processing /home/vladimir/.local/lib/python3.10/site-packages/airflow/example_dags/example_sensors.py took 0.072 seconds
[2023-04-27T18:36:09.258+0300] {processor.py:153} INFO - Started process (PID=7514) to work on /home/vladimir/.local/lib/python3.10/site-packages/airflow/example_dags/example_sensors.py
[2023-04-27T18:36:09.259+0300] {processor.py:743} INFO - Processing file /home/vladimir/.local/lib/python3.10/site-packages/airflow/example_dags/example_sensors.py for tasks to queue
[2023-04-27T18:36:09.259+0300] {logging_mixin.py:137} INFO - [2023-04-27T18:36:09.259+0300] {dagbag.py:532} INFO - Filling up the DagBag from /home/vladimir/.local/lib/python3.10/site-packages/airflow/example_dags/example_sensors.py
[2023-04-27T18:36:09.273+0300] {processor.py:753} INFO - DAG(s) dict_keys(['example_sensors']) retrieved from /home/vladimir/.local/lib/python3.10/site-packages/airflow/example_dags/example_sensors.py
[2023-04-27T18:36:09.289+0300] {logging_mixin.py:137} INFO - [2023-04-27T18:36:09.289+0300] {dag.py:2705} INFO - Sync 1 DAGs
[2023-04-27T18:36:09.303+0300] {logging_mixin.py:137} INFO - [2023-04-27T18:36:09.303+0300] {dag.py:3452} INFO - Setting next_dagrun for example_sensors to None, run_after=None
[2023-04-27T18:36:09.315+0300] {processor.py:175} INFO - Processing /home/vladimir/.local/lib/python3.10/site-packages/airflow/example_dags/example_sensors.py took 0.059 seconds
[2023-04-27T18:36:55.610+0300] {processor.py:153} INFO - Started process (PID=7594) to work on /home/vladimir/.local/lib/python3.10/site-packages/airflow/example_dags/example_sensors.py
[2023-04-27T18:36:55.611+0300] {processor.py:743} INFO - Processing file /home/vladimir/.local/lib/python3.10/site-packages/airflow/example_dags/example_sensors.py for tasks to queue
[2023-04-27T18:36:55.611+0300] {logging_mixin.py:137} INFO - [2023-04-27T18:36:55.611+0300] {dagbag.py:532} INFO - Filling up the DagBag from /home/vladimir/.local/lib/python3.10/site-packages/airflow/example_dags/example_sensors.py
[2023-04-27T18:36:55.626+0300] {processor.py:753} INFO - DAG(s) dict_keys(['example_sensors']) retrieved from /home/vladimir/.local/lib/python3.10/site-packages/airflow/example_dags/example_sensors.py
[2023-04-27T18:36:55.643+0300] {logging_mixin.py:137} INFO - [2023-04-27T18:36:55.643+0300] {dag.py:2705} INFO - Sync 1 DAGs
[2023-04-27T18:36:55.655+0300] {logging_mixin.py:137} INFO - [2023-04-27T18:36:55.655+0300] {dag.py:3452} INFO - Setting next_dagrun for example_sensors to None, run_after=None
[2023-04-27T18:36:55.668+0300] {processor.py:175} INFO - Processing /home/vladimir/.local/lib/python3.10/site-packages/airflow/example_dags/example_sensors.py took 0.061 seconds
[2023-04-27T18:37:35.512+0300] {processor.py:153} INFO - Started process (PID=7670) to work on /home/vladimir/.local/lib/python3.10/site-packages/airflow/example_dags/example_sensors.py
[2023-04-27T18:37:35.513+0300] {processor.py:743} INFO - Processing file /home/vladimir/.local/lib/python3.10/site-packages/airflow/example_dags/example_sensors.py for tasks to queue
[2023-04-27T18:37:35.514+0300] {logging_mixin.py:137} INFO - [2023-04-27T18:37:35.514+0300] {dagbag.py:532} INFO - Filling up the DagBag from /home/vladimir/.local/lib/python3.10/site-packages/airflow/example_dags/example_sensors.py
[2023-04-27T18:37:35.528+0300] {processor.py:753} INFO - DAG(s) dict_keys(['example_sensors']) retrieved from /home/vladimir/.local/lib/python3.10/site-packages/airflow/example_dags/example_sensors.py
[2023-04-27T18:37:35.545+0300] {logging_mixin.py:137} INFO - [2023-04-27T18:37:35.545+0300] {dag.py:2705} INFO - Sync 1 DAGs
[2023-04-27T18:37:35.556+0300] {logging_mixin.py:137} INFO - [2023-04-27T18:37:35.556+0300] {dag.py:3452} INFO - Setting next_dagrun for example_sensors to None, run_after=None
[2023-04-27T18:37:35.569+0300] {processor.py:175} INFO - Processing /home/vladimir/.local/lib/python3.10/site-packages/airflow/example_dags/example_sensors.py took 0.059 seconds
[2023-04-27T18:38:21.596+0300] {processor.py:153} INFO - Started process (PID=7751) to work on /home/vladimir/.local/lib/python3.10/site-packages/airflow/example_dags/example_sensors.py
[2023-04-27T18:38:21.597+0300] {processor.py:743} INFO - Processing file /home/vladimir/.local/lib/python3.10/site-packages/airflow/example_dags/example_sensors.py for tasks to queue
[2023-04-27T18:38:21.597+0300] {logging_mixin.py:137} INFO - [2023-04-27T18:38:21.597+0300] {dagbag.py:532} INFO - Filling up the DagBag from /home/vladimir/.local/lib/python3.10/site-packages/airflow/example_dags/example_sensors.py
[2023-04-27T18:38:21.614+0300] {processor.py:753} INFO - DAG(s) dict_keys(['example_sensors']) retrieved from /home/vladimir/.local/lib/python3.10/site-packages/airflow/example_dags/example_sensors.py
[2023-04-27T18:38:21.631+0300] {logging_mixin.py:137} INFO - [2023-04-27T18:38:21.631+0300] {dag.py:2705} INFO - Sync 1 DAGs
[2023-04-27T18:38:21.646+0300] {logging_mixin.py:137} INFO - [2023-04-27T18:38:21.646+0300] {dag.py:3452} INFO - Setting next_dagrun for example_sensors to None, run_after=None
[2023-04-27T18:38:21.660+0300] {processor.py:175} INFO - Processing /home/vladimir/.local/lib/python3.10/site-packages/airflow/example_dags/example_sensors.py took 0.066 seconds
[2023-04-27T18:38:59.906+0300] {processor.py:153} INFO - Started process (PID=8083) to work on /home/vladimir/.local/lib/python3.10/site-packages/airflow/example_dags/example_sensors.py
[2023-04-27T18:38:59.907+0300] {processor.py:743} INFO - Processing file /home/vladimir/.local/lib/python3.10/site-packages/airflow/example_dags/example_sensors.py for tasks to queue
[2023-04-27T18:38:59.907+0300] {logging_mixin.py:137} INFO - [2023-04-27T18:38:59.907+0300] {dagbag.py:532} INFO - Filling up the DagBag from /home/vladimir/.local/lib/python3.10/site-packages/airflow/example_dags/example_sensors.py
[2023-04-27T18:38:59.921+0300] {processor.py:753} INFO - DAG(s) dict_keys(['example_sensors']) retrieved from /home/vladimir/.local/lib/python3.10/site-packages/airflow/example_dags/example_sensors.py
[2023-04-27T18:38:59.939+0300] {logging_mixin.py:137} INFO - [2023-04-27T18:38:59.939+0300] {dag.py:2705} INFO - Sync 1 DAGs
[2023-04-27T18:38:59.954+0300] {logging_mixin.py:137} INFO - [2023-04-27T18:38:59.954+0300] {dag.py:3452} INFO - Setting next_dagrun for example_sensors to None, run_after=None
[2023-04-27T18:38:59.968+0300] {processor.py:175} INFO - Processing /home/vladimir/.local/lib/python3.10/site-packages/airflow/example_dags/example_sensors.py took 0.064 seconds
[2023-04-27T18:39:38.692+0300] {processor.py:153} INFO - Started process (PID=8168) to work on /home/vladimir/.local/lib/python3.10/site-packages/airflow/example_dags/example_sensors.py
[2023-04-27T18:39:38.693+0300] {processor.py:743} INFO - Processing file /home/vladimir/.local/lib/python3.10/site-packages/airflow/example_dags/example_sensors.py for tasks to queue
[2023-04-27T18:39:38.693+0300] {logging_mixin.py:137} INFO - [2023-04-27T18:39:38.693+0300] {dagbag.py:532} INFO - Filling up the DagBag from /home/vladimir/.local/lib/python3.10/site-packages/airflow/example_dags/example_sensors.py
[2023-04-27T18:39:38.706+0300] {processor.py:753} INFO - DAG(s) dict_keys(['example_sensors']) retrieved from /home/vladimir/.local/lib/python3.10/site-packages/airflow/example_dags/example_sensors.py
[2023-04-27T18:39:38.723+0300] {logging_mixin.py:137} INFO - [2023-04-27T18:39:38.722+0300] {dag.py:2705} INFO - Sync 1 DAGs
[2023-04-27T18:39:38.734+0300] {logging_mixin.py:137} INFO - [2023-04-27T18:39:38.734+0300] {dag.py:3452} INFO - Setting next_dagrun for example_sensors to None, run_after=None
[2023-04-27T18:39:38.747+0300] {processor.py:175} INFO - Processing /home/vladimir/.local/lib/python3.10/site-packages/airflow/example_dags/example_sensors.py took 0.057 seconds
[2023-04-27T18:40:16.820+0300] {processor.py:153} INFO - Started process (PID=8253) to work on /home/vladimir/.local/lib/python3.10/site-packages/airflow/example_dags/example_sensors.py
[2023-04-27T18:40:16.821+0300] {processor.py:743} INFO - Processing file /home/vladimir/.local/lib/python3.10/site-packages/airflow/example_dags/example_sensors.py for tasks to queue
[2023-04-27T18:40:16.822+0300] {logging_mixin.py:137} INFO - [2023-04-27T18:40:16.822+0300] {dagbag.py:532} INFO - Filling up the DagBag from /home/vladimir/.local/lib/python3.10/site-packages/airflow/example_dags/example_sensors.py
[2023-04-27T18:40:16.838+0300] {processor.py:753} INFO - DAG(s) dict_keys(['example_sensors']) retrieved from /home/vladimir/.local/lib/python3.10/site-packages/airflow/example_dags/example_sensors.py
[2023-04-27T18:40:16.855+0300] {logging_mixin.py:137} INFO - [2023-04-27T18:40:16.855+0300] {dag.py:2705} INFO - Sync 1 DAGs
[2023-04-27T18:40:16.870+0300] {logging_mixin.py:137} INFO - [2023-04-27T18:40:16.870+0300] {dag.py:3452} INFO - Setting next_dagrun for example_sensors to None, run_after=None
[2023-04-27T18:40:16.883+0300] {processor.py:175} INFO - Processing /home/vladimir/.local/lib/python3.10/site-packages/airflow/example_dags/example_sensors.py took 0.065 seconds
[2023-04-27T18:41:27.256+0300] {processor.py:153} INFO - Started process (PID=3161) to work on /home/vladimir/.local/lib/python3.10/site-packages/airflow/example_dags/example_sensors.py
[2023-04-27T18:41:27.257+0300] {processor.py:743} INFO - Processing file /home/vladimir/.local/lib/python3.10/site-packages/airflow/example_dags/example_sensors.py for tasks to queue
[2023-04-27T18:41:27.258+0300] {logging_mixin.py:137} INFO - [2023-04-27T18:41:27.258+0300] {dagbag.py:532} INFO - Filling up the DagBag from /home/vladimir/.local/lib/python3.10/site-packages/airflow/example_dags/example_sensors.py
[2023-04-27T18:41:27.279+0300] {processor.py:753} INFO - DAG(s) dict_keys(['example_sensors']) retrieved from /home/vladimir/.local/lib/python3.10/site-packages/airflow/example_dags/example_sensors.py
[2023-04-27T18:41:27.305+0300] {logging_mixin.py:137} INFO - [2023-04-27T18:41:27.305+0300] {dag.py:2705} INFO - Sync 1 DAGs
[2023-04-27T18:41:27.322+0300] {logging_mixin.py:137} INFO - [2023-04-27T18:41:27.322+0300] {dag.py:3452} INFO - Setting next_dagrun for example_sensors to None, run_after=None
[2023-04-27T18:41:27.335+0300] {processor.py:175} INFO - Processing /home/vladimir/.local/lib/python3.10/site-packages/airflow/example_dags/example_sensors.py took 0.082 seconds
[2023-04-27T18:42:09.466+0300] {processor.py:153} INFO - Started process (PID=3722) to work on /home/vladimir/.local/lib/python3.10/site-packages/airflow/example_dags/example_sensors.py
[2023-04-27T18:42:09.467+0300] {processor.py:743} INFO - Processing file /home/vladimir/.local/lib/python3.10/site-packages/airflow/example_dags/example_sensors.py for tasks to queue
[2023-04-27T18:42:09.467+0300] {logging_mixin.py:137} INFO - [2023-04-27T18:42:09.467+0300] {dagbag.py:532} INFO - Filling up the DagBag from /home/vladimir/.local/lib/python3.10/site-packages/airflow/example_dags/example_sensors.py
[2023-04-27T18:42:09.484+0300] {processor.py:753} INFO - DAG(s) dict_keys(['example_sensors']) retrieved from /home/vladimir/.local/lib/python3.10/site-packages/airflow/example_dags/example_sensors.py
[2023-04-27T18:42:09.509+0300] {logging_mixin.py:137} INFO - [2023-04-27T18:42:09.509+0300] {dag.py:2705} INFO - Sync 1 DAGs
[2023-04-27T18:42:09.527+0300] {logging_mixin.py:137} INFO - [2023-04-27T18:42:09.527+0300] {dag.py:3452} INFO - Setting next_dagrun for example_sensors to None, run_after=None
[2023-04-27T18:42:09.546+0300] {processor.py:175} INFO - Processing /home/vladimir/.local/lib/python3.10/site-packages/airflow/example_dags/example_sensors.py took 0.083 seconds
[2023-04-27T18:42:51.782+0300] {processor.py:153} INFO - Started process (PID=4529) to work on /home/vladimir/.local/lib/python3.10/site-packages/airflow/example_dags/example_sensors.py
[2023-04-27T18:42:51.783+0300] {processor.py:743} INFO - Processing file /home/vladimir/.local/lib/python3.10/site-packages/airflow/example_dags/example_sensors.py for tasks to queue
[2023-04-27T18:42:51.783+0300] {logging_mixin.py:137} INFO - [2023-04-27T18:42:51.783+0300] {dagbag.py:532} INFO - Filling up the DagBag from /home/vladimir/.local/lib/python3.10/site-packages/airflow/example_dags/example_sensors.py
[2023-04-27T18:42:51.800+0300] {processor.py:753} INFO - DAG(s) dict_keys(['example_sensors']) retrieved from /home/vladimir/.local/lib/python3.10/site-packages/airflow/example_dags/example_sensors.py
[2023-04-27T18:42:51.823+0300] {logging_mixin.py:137} INFO - [2023-04-27T18:42:51.822+0300] {dag.py:2705} INFO - Sync 1 DAGs
[2023-04-27T18:42:51.838+0300] {logging_mixin.py:137} INFO - [2023-04-27T18:42:51.837+0300] {dag.py:3452} INFO - Setting next_dagrun for example_sensors to None, run_after=None
[2023-04-27T18:42:51.851+0300] {processor.py:175} INFO - Processing /home/vladimir/.local/lib/python3.10/site-packages/airflow/example_dags/example_sensors.py took 0.071 seconds
[2023-04-27T18:43:33.888+0300] {processor.py:153} INFO - Started process (PID=5206) to work on /home/vladimir/.local/lib/python3.10/site-packages/airflow/example_dags/example_sensors.py
[2023-04-27T18:43:33.889+0300] {processor.py:743} INFO - Processing file /home/vladimir/.local/lib/python3.10/site-packages/airflow/example_dags/example_sensors.py for tasks to queue
[2023-04-27T18:43:33.890+0300] {logging_mixin.py:137} INFO - [2023-04-27T18:43:33.890+0300] {dagbag.py:532} INFO - Filling up the DagBag from /home/vladimir/.local/lib/python3.10/site-packages/airflow/example_dags/example_sensors.py
[2023-04-27T18:43:33.913+0300] {processor.py:753} INFO - DAG(s) dict_keys(['example_sensors']) retrieved from /home/vladimir/.local/lib/python3.10/site-packages/airflow/example_dags/example_sensors.py
[2023-04-27T18:43:33.933+0300] {logging_mixin.py:137} INFO - [2023-04-27T18:43:33.933+0300] {dag.py:2705} INFO - Sync 1 DAGs
[2023-04-27T18:43:33.958+0300] {logging_mixin.py:137} INFO - [2023-04-27T18:43:33.958+0300] {dag.py:3452} INFO - Setting next_dagrun for example_sensors to None, run_after=None
[2023-04-27T18:43:33.972+0300] {processor.py:175} INFO - Processing /home/vladimir/.local/lib/python3.10/site-packages/airflow/example_dags/example_sensors.py took 0.086 seconds
[2023-04-27T18:44:18.219+0300] {processor.py:153} INFO - Started process (PID=8456) to work on /home/vladimir/.local/lib/python3.10/site-packages/airflow/example_dags/example_sensors.py
[2023-04-27T18:44:18.229+0300] {processor.py:743} INFO - Processing file /home/vladimir/.local/lib/python3.10/site-packages/airflow/example_dags/example_sensors.py for tasks to queue
[2023-04-27T18:44:18.229+0300] {logging_mixin.py:137} INFO - [2023-04-27T18:44:18.229+0300] {dagbag.py:532} INFO - Filling up the DagBag from /home/vladimir/.local/lib/python3.10/site-packages/airflow/example_dags/example_sensors.py
[2023-04-27T18:44:18.266+0300] {processor.py:753} INFO - DAG(s) dict_keys(['example_sensors']) retrieved from /home/vladimir/.local/lib/python3.10/site-packages/airflow/example_dags/example_sensors.py
[2023-04-27T18:44:18.293+0300] {logging_mixin.py:137} INFO - [2023-04-27T18:44:18.293+0300] {dag.py:2705} INFO - Sync 1 DAGs
[2023-04-27T18:44:18.306+0300] {logging_mixin.py:137} INFO - [2023-04-27T18:44:18.306+0300] {dag.py:3452} INFO - Setting next_dagrun for example_sensors to None, run_after=None
[2023-04-27T18:44:18.321+0300] {processor.py:175} INFO - Processing /home/vladimir/.local/lib/python3.10/site-packages/airflow/example_dags/example_sensors.py took 0.104 seconds
[2023-04-27T18:45:01.393+0300] {processor.py:153} INFO - Started process (PID=9426) to work on /home/vladimir/.local/lib/python3.10/site-packages/airflow/example_dags/example_sensors.py
[2023-04-27T18:45:01.394+0300] {processor.py:743} INFO - Processing file /home/vladimir/.local/lib/python3.10/site-packages/airflow/example_dags/example_sensors.py for tasks to queue
[2023-04-27T18:45:01.394+0300] {logging_mixin.py:137} INFO - [2023-04-27T18:45:01.394+0300] {dagbag.py:532} INFO - Filling up the DagBag from /home/vladimir/.local/lib/python3.10/site-packages/airflow/example_dags/example_sensors.py
[2023-04-27T18:45:01.413+0300] {processor.py:753} INFO - DAG(s) dict_keys(['example_sensors']) retrieved from /home/vladimir/.local/lib/python3.10/site-packages/airflow/example_dags/example_sensors.py
[2023-04-27T18:45:01.433+0300] {logging_mixin.py:137} INFO - [2023-04-27T18:45:01.433+0300] {dag.py:2705} INFO - Sync 1 DAGs
[2023-04-27T18:45:01.451+0300] {logging_mixin.py:137} INFO - [2023-04-27T18:45:01.451+0300] {dag.py:3452} INFO - Setting next_dagrun for example_sensors to None, run_after=None
[2023-04-27T18:45:01.468+0300] {processor.py:175} INFO - Processing /home/vladimir/.local/lib/python3.10/site-packages/airflow/example_dags/example_sensors.py took 0.079 seconds
[2023-04-27T18:45:59.131+0300] {processor.py:153} INFO - Started process (PID=17752) to work on /home/vladimir/.local/lib/python3.10/site-packages/airflow/example_dags/example_sensors.py
[2023-04-27T18:45:59.132+0300] {processor.py:743} INFO - Processing file /home/vladimir/.local/lib/python3.10/site-packages/airflow/example_dags/example_sensors.py for tasks to queue
[2023-04-27T18:45:59.132+0300] {logging_mixin.py:137} INFO - [2023-04-27T18:45:59.132+0300] {dagbag.py:532} INFO - Filling up the DagBag from /home/vladimir/.local/lib/python3.10/site-packages/airflow/example_dags/example_sensors.py
[2023-04-27T18:45:59.155+0300] {processor.py:753} INFO - DAG(s) dict_keys(['example_sensors']) retrieved from /home/vladimir/.local/lib/python3.10/site-packages/airflow/example_dags/example_sensors.py
[2023-04-27T18:45:59.174+0300] {logging_mixin.py:137} INFO - [2023-04-27T18:45:59.174+0300] {dag.py:2705} INFO - Sync 1 DAGs
[2023-04-27T18:45:59.200+0300] {logging_mixin.py:137} INFO - [2023-04-27T18:45:59.200+0300] {dag.py:3452} INFO - Setting next_dagrun for example_sensors to None, run_after=None
[2023-04-27T18:45:59.217+0300] {processor.py:175} INFO - Processing /home/vladimir/.local/lib/python3.10/site-packages/airflow/example_dags/example_sensors.py took 0.089 seconds
[2023-04-27T18:47:04.159+0300] {processor.py:153} INFO - Started process (PID=3082) to work on /home/vladimir/.local/lib/python3.10/site-packages/airflow/example_dags/example_sensors.py
[2023-04-27T18:47:04.160+0300] {processor.py:743} INFO - Processing file /home/vladimir/.local/lib/python3.10/site-packages/airflow/example_dags/example_sensors.py for tasks to queue
[2023-04-27T18:47:04.161+0300] {logging_mixin.py:137} INFO - [2023-04-27T18:47:04.161+0300] {dagbag.py:532} INFO - Filling up the DagBag from /home/vladimir/.local/lib/python3.10/site-packages/airflow/example_dags/example_sensors.py
[2023-04-27T18:47:04.194+0300] {processor.py:753} INFO - DAG(s) dict_keys(['example_sensors']) retrieved from /home/vladimir/.local/lib/python3.10/site-packages/airflow/example_dags/example_sensors.py
[2023-04-27T18:47:04.229+0300] {logging_mixin.py:137} INFO - [2023-04-27T18:47:04.228+0300] {dag.py:2705} INFO - Sync 1 DAGs
[2023-04-27T18:47:04.246+0300] {logging_mixin.py:137} INFO - [2023-04-27T18:47:04.246+0300] {dag.py:3452} INFO - Setting next_dagrun for example_sensors to None, run_after=None
[2023-04-27T18:47:04.262+0300] {processor.py:175} INFO - Processing /home/vladimir/.local/lib/python3.10/site-packages/airflow/example_dags/example_sensors.py took 0.107 seconds
[2023-04-27T18:47:46.509+0300] {processor.py:153} INFO - Started process (PID=4051) to work on /home/vladimir/.local/lib/python3.10/site-packages/airflow/example_dags/example_sensors.py
[2023-04-27T18:47:46.513+0300] {processor.py:743} INFO - Processing file /home/vladimir/.local/lib/python3.10/site-packages/airflow/example_dags/example_sensors.py for tasks to queue
[2023-04-27T18:47:46.514+0300] {logging_mixin.py:137} INFO - [2023-04-27T18:47:46.514+0300] {dagbag.py:532} INFO - Filling up the DagBag from /home/vladimir/.local/lib/python3.10/site-packages/airflow/example_dags/example_sensors.py
[2023-04-27T18:47:46.532+0300] {processor.py:753} INFO - DAG(s) dict_keys(['example_sensors']) retrieved from /home/vladimir/.local/lib/python3.10/site-packages/airflow/example_dags/example_sensors.py
[2023-04-27T18:47:46.551+0300] {logging_mixin.py:137} INFO - [2023-04-27T18:47:46.551+0300] {dag.py:2705} INFO - Sync 1 DAGs
[2023-04-27T18:47:46.570+0300] {logging_mixin.py:137} INFO - [2023-04-27T18:47:46.570+0300] {dag.py:3452} INFO - Setting next_dagrun for example_sensors to None, run_after=None
[2023-04-27T18:47:46.584+0300] {processor.py:175} INFO - Processing /home/vladimir/.local/lib/python3.10/site-packages/airflow/example_dags/example_sensors.py took 0.078 seconds
[2023-04-27T18:48:26.422+0300] {processor.py:153} INFO - Started process (PID=4134) to work on /home/vladimir/.local/lib/python3.10/site-packages/airflow/example_dags/example_sensors.py
[2023-04-27T18:48:26.423+0300] {processor.py:743} INFO - Processing file /home/vladimir/.local/lib/python3.10/site-packages/airflow/example_dags/example_sensors.py for tasks to queue
[2023-04-27T18:48:26.423+0300] {logging_mixin.py:137} INFO - [2023-04-27T18:48:26.423+0300] {dagbag.py:532} INFO - Filling up the DagBag from /home/vladimir/.local/lib/python3.10/site-packages/airflow/example_dags/example_sensors.py
[2023-04-27T18:48:26.438+0300] {processor.py:753} INFO - DAG(s) dict_keys(['example_sensors']) retrieved from /home/vladimir/.local/lib/python3.10/site-packages/airflow/example_dags/example_sensors.py
[2023-04-27T18:48:26.455+0300] {logging_mixin.py:137} INFO - [2023-04-27T18:48:26.455+0300] {dag.py:2705} INFO - Sync 1 DAGs
[2023-04-27T18:48:26.470+0300] {logging_mixin.py:137} INFO - [2023-04-27T18:48:26.470+0300] {dag.py:3452} INFO - Setting next_dagrun for example_sensors to None, run_after=None
[2023-04-27T18:48:26.486+0300] {processor.py:175} INFO - Processing /home/vladimir/.local/lib/python3.10/site-packages/airflow/example_dags/example_sensors.py took 0.066 seconds
[2023-04-27T18:49:11.495+0300] {processor.py:153} INFO - Started process (PID=4183) to work on /home/vladimir/.local/lib/python3.10/site-packages/airflow/example_dags/example_sensors.py
[2023-04-27T18:49:11.496+0300] {processor.py:743} INFO - Processing file /home/vladimir/.local/lib/python3.10/site-packages/airflow/example_dags/example_sensors.py for tasks to queue
[2023-04-27T18:49:11.497+0300] {logging_mixin.py:137} INFO - [2023-04-27T18:49:11.497+0300] {dagbag.py:532} INFO - Filling up the DagBag from /home/vladimir/.local/lib/python3.10/site-packages/airflow/example_dags/example_sensors.py
[2023-04-27T18:49:11.510+0300] {processor.py:753} INFO - DAG(s) dict_keys(['example_sensors']) retrieved from /home/vladimir/.local/lib/python3.10/site-packages/airflow/example_dags/example_sensors.py
[2023-04-27T18:49:11.526+0300] {logging_mixin.py:137} INFO - [2023-04-27T18:49:11.526+0300] {dag.py:2705} INFO - Sync 1 DAGs
[2023-04-27T18:49:11.538+0300] {logging_mixin.py:137} INFO - [2023-04-27T18:49:11.538+0300] {dag.py:3452} INFO - Setting next_dagrun for example_sensors to None, run_after=None
[2023-04-27T18:49:11.550+0300] {processor.py:175} INFO - Processing /home/vladimir/.local/lib/python3.10/site-packages/airflow/example_dags/example_sensors.py took 0.057 seconds
[2023-04-27T18:50:00.355+0300] {processor.py:153} INFO - Started process (PID=4495) to work on /home/vladimir/.local/lib/python3.10/site-packages/airflow/example_dags/example_sensors.py
[2023-04-27T18:50:00.356+0300] {processor.py:743} INFO - Processing file /home/vladimir/.local/lib/python3.10/site-packages/airflow/example_dags/example_sensors.py for tasks to queue
[2023-04-27T18:50:00.356+0300] {logging_mixin.py:137} INFO - [2023-04-27T18:50:00.356+0300] {dagbag.py:532} INFO - Filling up the DagBag from /home/vladimir/.local/lib/python3.10/site-packages/airflow/example_dags/example_sensors.py
[2023-04-27T18:50:00.370+0300] {processor.py:753} INFO - DAG(s) dict_keys(['example_sensors']) retrieved from /home/vladimir/.local/lib/python3.10/site-packages/airflow/example_dags/example_sensors.py
[2023-04-27T18:50:00.386+0300] {logging_mixin.py:137} INFO - [2023-04-27T18:50:00.386+0300] {dag.py:2705} INFO - Sync 1 DAGs
[2023-04-27T18:50:00.398+0300] {logging_mixin.py:137} INFO - [2023-04-27T18:50:00.397+0300] {dag.py:3452} INFO - Setting next_dagrun for example_sensors to None, run_after=None
[2023-04-27T18:50:00.409+0300] {processor.py:175} INFO - Processing /home/vladimir/.local/lib/python3.10/site-packages/airflow/example_dags/example_sensors.py took 0.057 seconds
[2023-04-27T18:50:40.258+0300] {processor.py:153} INFO - Started process (PID=5005) to work on /home/vladimir/.local/lib/python3.10/site-packages/airflow/example_dags/example_sensors.py
[2023-04-27T18:50:40.259+0300] {processor.py:743} INFO - Processing file /home/vladimir/.local/lib/python3.10/site-packages/airflow/example_dags/example_sensors.py for tasks to queue
[2023-04-27T18:50:40.259+0300] {logging_mixin.py:137} INFO - [2023-04-27T18:50:40.259+0300] {dagbag.py:532} INFO - Filling up the DagBag from /home/vladimir/.local/lib/python3.10/site-packages/airflow/example_dags/example_sensors.py
[2023-04-27T18:50:40.277+0300] {processor.py:753} INFO - DAG(s) dict_keys(['example_sensors']) retrieved from /home/vladimir/.local/lib/python3.10/site-packages/airflow/example_dags/example_sensors.py
[2023-04-27T18:50:40.313+0300] {logging_mixin.py:137} INFO - [2023-04-27T18:50:40.313+0300] {dag.py:2705} INFO - Sync 1 DAGs
[2023-04-27T18:50:40.332+0300] {logging_mixin.py:137} INFO - [2023-04-27T18:50:40.332+0300] {dag.py:3452} INFO - Setting next_dagrun for example_sensors to None, run_after=None
[2023-04-27T18:50:40.353+0300] {processor.py:175} INFO - Processing /home/vladimir/.local/lib/python3.10/site-packages/airflow/example_dags/example_sensors.py took 0.100 seconds
[2023-04-27T18:51:27.842+0300] {processor.py:153} INFO - Started process (PID=5268) to work on /home/vladimir/.local/lib/python3.10/site-packages/airflow/example_dags/example_sensors.py
[2023-04-27T18:51:27.843+0300] {processor.py:743} INFO - Processing file /home/vladimir/.local/lib/python3.10/site-packages/airflow/example_dags/example_sensors.py for tasks to queue
[2023-04-27T18:51:27.844+0300] {logging_mixin.py:137} INFO - [2023-04-27T18:51:27.844+0300] {dagbag.py:532} INFO - Filling up the DagBag from /home/vladimir/.local/lib/python3.10/site-packages/airflow/example_dags/example_sensors.py
[2023-04-27T18:51:27.858+0300] {processor.py:753} INFO - DAG(s) dict_keys(['example_sensors']) retrieved from /home/vladimir/.local/lib/python3.10/site-packages/airflow/example_dags/example_sensors.py
[2023-04-27T18:51:27.873+0300] {logging_mixin.py:137} INFO - [2023-04-27T18:51:27.873+0300] {dag.py:2705} INFO - Sync 1 DAGs
[2023-04-27T18:51:27.885+0300] {logging_mixin.py:137} INFO - [2023-04-27T18:51:27.885+0300] {dag.py:3452} INFO - Setting next_dagrun for example_sensors to None, run_after=None
[2023-04-27T18:51:27.898+0300] {processor.py:175} INFO - Processing /home/vladimir/.local/lib/python3.10/site-packages/airflow/example_dags/example_sensors.py took 0.059 seconds
[2023-04-27T18:52:08.876+0300] {processor.py:153} INFO - Started process (PID=5316) to work on /home/vladimir/.local/lib/python3.10/site-packages/airflow/example_dags/example_sensors.py
[2023-04-27T18:52:08.877+0300] {processor.py:743} INFO - Processing file /home/vladimir/.local/lib/python3.10/site-packages/airflow/example_dags/example_sensors.py for tasks to queue
[2023-04-27T18:52:08.878+0300] {logging_mixin.py:137} INFO - [2023-04-27T18:52:08.878+0300] {dagbag.py:532} INFO - Filling up the DagBag from /home/vladimir/.local/lib/python3.10/site-packages/airflow/example_dags/example_sensors.py
[2023-04-27T18:52:08.892+0300] {processor.py:753} INFO - DAG(s) dict_keys(['example_sensors']) retrieved from /home/vladimir/.local/lib/python3.10/site-packages/airflow/example_dags/example_sensors.py
[2023-04-27T18:52:08.908+0300] {logging_mixin.py:137} INFO - [2023-04-27T18:52:08.908+0300] {dag.py:2705} INFO - Sync 1 DAGs
[2023-04-27T18:52:08.920+0300] {logging_mixin.py:137} INFO - [2023-04-27T18:52:08.920+0300] {dag.py:3452} INFO - Setting next_dagrun for example_sensors to None, run_after=None
[2023-04-27T18:52:08.934+0300] {processor.py:175} INFO - Processing /home/vladimir/.local/lib/python3.10/site-packages/airflow/example_dags/example_sensors.py took 0.060 seconds
[2023-04-27T18:52:59.147+0300] {processor.py:153} INFO - Started process (PID=5370) to work on /home/vladimir/.local/lib/python3.10/site-packages/airflow/example_dags/example_sensors.py
[2023-04-27T18:52:59.148+0300] {processor.py:743} INFO - Processing file /home/vladimir/.local/lib/python3.10/site-packages/airflow/example_dags/example_sensors.py for tasks to queue
[2023-04-27T18:52:59.149+0300] {logging_mixin.py:137} INFO - [2023-04-27T18:52:59.148+0300] {dagbag.py:532} INFO - Filling up the DagBag from /home/vladimir/.local/lib/python3.10/site-packages/airflow/example_dags/example_sensors.py
[2023-04-27T18:52:59.163+0300] {processor.py:753} INFO - DAG(s) dict_keys(['example_sensors']) retrieved from /home/vladimir/.local/lib/python3.10/site-packages/airflow/example_dags/example_sensors.py
[2023-04-27T18:52:59.179+0300] {logging_mixin.py:137} INFO - [2023-04-27T18:52:59.179+0300] {dag.py:2705} INFO - Sync 1 DAGs
[2023-04-27T18:52:59.192+0300] {logging_mixin.py:137} INFO - [2023-04-27T18:52:59.192+0300] {dag.py:3452} INFO - Setting next_dagrun for example_sensors to None, run_after=None
[2023-04-27T18:52:59.206+0300] {processor.py:175} INFO - Processing /home/vladimir/.local/lib/python3.10/site-packages/airflow/example_dags/example_sensors.py took 0.062 seconds
[2023-04-27T18:53:42.143+0300] {processor.py:153} INFO - Started process (PID=5560) to work on /home/vladimir/.local/lib/python3.10/site-packages/airflow/example_dags/example_sensors.py
[2023-04-27T18:53:42.144+0300] {processor.py:743} INFO - Processing file /home/vladimir/.local/lib/python3.10/site-packages/airflow/example_dags/example_sensors.py for tasks to queue
[2023-04-27T18:53:42.145+0300] {logging_mixin.py:137} INFO - [2023-04-27T18:53:42.145+0300] {dagbag.py:532} INFO - Filling up the DagBag from /home/vladimir/.local/lib/python3.10/site-packages/airflow/example_dags/example_sensors.py
[2023-04-27T18:53:42.157+0300] {processor.py:753} INFO - DAG(s) dict_keys(['example_sensors']) retrieved from /home/vladimir/.local/lib/python3.10/site-packages/airflow/example_dags/example_sensors.py
[2023-04-27T18:53:42.173+0300] {logging_mixin.py:137} INFO - [2023-04-27T18:53:42.172+0300] {dag.py:2705} INFO - Sync 1 DAGs
[2023-04-27T18:53:42.184+0300] {logging_mixin.py:137} INFO - [2023-04-27T18:53:42.184+0300] {dag.py:3452} INFO - Setting next_dagrun for example_sensors to None, run_after=None
[2023-04-27T18:53:42.196+0300] {processor.py:175} INFO - Processing /home/vladimir/.local/lib/python3.10/site-packages/airflow/example_dags/example_sensors.py took 0.056 seconds
[2023-04-27T18:54:29.808+0300] {processor.py:153} INFO - Started process (PID=5610) to work on /home/vladimir/.local/lib/python3.10/site-packages/airflow/example_dags/example_sensors.py
[2023-04-27T18:54:29.809+0300] {processor.py:743} INFO - Processing file /home/vladimir/.local/lib/python3.10/site-packages/airflow/example_dags/example_sensors.py for tasks to queue
[2023-04-27T18:54:29.809+0300] {logging_mixin.py:137} INFO - [2023-04-27T18:54:29.809+0300] {dagbag.py:532} INFO - Filling up the DagBag from /home/vladimir/.local/lib/python3.10/site-packages/airflow/example_dags/example_sensors.py
[2023-04-27T18:54:29.823+0300] {processor.py:753} INFO - DAG(s) dict_keys(['example_sensors']) retrieved from /home/vladimir/.local/lib/python3.10/site-packages/airflow/example_dags/example_sensors.py
[2023-04-27T18:54:29.841+0300] {logging_mixin.py:137} INFO - [2023-04-27T18:54:29.841+0300] {dag.py:2705} INFO - Sync 1 DAGs
[2023-04-27T18:54:29.852+0300] {logging_mixin.py:137} INFO - [2023-04-27T18:54:29.852+0300] {dag.py:3452} INFO - Setting next_dagrun for example_sensors to None, run_after=None
[2023-04-27T18:54:29.865+0300] {processor.py:175} INFO - Processing /home/vladimir/.local/lib/python3.10/site-packages/airflow/example_dags/example_sensors.py took 0.060 seconds
[2023-04-27T18:55:18.077+0300] {processor.py:153} INFO - Started process (PID=5672) to work on /home/vladimir/.local/lib/python3.10/site-packages/airflow/example_dags/example_sensors.py
[2023-04-27T18:55:18.077+0300] {processor.py:743} INFO - Processing file /home/vladimir/.local/lib/python3.10/site-packages/airflow/example_dags/example_sensors.py for tasks to queue
[2023-04-27T18:55:18.078+0300] {logging_mixin.py:137} INFO - [2023-04-27T18:55:18.078+0300] {dagbag.py:532} INFO - Filling up the DagBag from /home/vladimir/.local/lib/python3.10/site-packages/airflow/example_dags/example_sensors.py
[2023-04-27T18:55:18.093+0300] {processor.py:753} INFO - DAG(s) dict_keys(['example_sensors']) retrieved from /home/vladimir/.local/lib/python3.10/site-packages/airflow/example_dags/example_sensors.py
[2023-04-27T18:55:18.108+0300] {logging_mixin.py:137} INFO - [2023-04-27T18:55:18.108+0300] {dag.py:2705} INFO - Sync 1 DAGs
[2023-04-27T18:55:18.119+0300] {logging_mixin.py:137} INFO - [2023-04-27T18:55:18.119+0300] {dag.py:3452} INFO - Setting next_dagrun for example_sensors to None, run_after=None
[2023-04-27T18:55:18.132+0300] {processor.py:175} INFO - Processing /home/vladimir/.local/lib/python3.10/site-packages/airflow/example_dags/example_sensors.py took 0.057 seconds
[2023-04-27T18:56:04.278+0300] {processor.py:153} INFO - Started process (PID=5727) to work on /home/vladimir/.local/lib/python3.10/site-packages/airflow/example_dags/example_sensors.py
[2023-04-27T18:56:04.279+0300] {processor.py:743} INFO - Processing file /home/vladimir/.local/lib/python3.10/site-packages/airflow/example_dags/example_sensors.py for tasks to queue
[2023-04-27T18:56:04.279+0300] {logging_mixin.py:137} INFO - [2023-04-27T18:56:04.279+0300] {dagbag.py:532} INFO - Filling up the DagBag from /home/vladimir/.local/lib/python3.10/site-packages/airflow/example_dags/example_sensors.py
[2023-04-27T18:56:04.294+0300] {processor.py:753} INFO - DAG(s) dict_keys(['example_sensors']) retrieved from /home/vladimir/.local/lib/python3.10/site-packages/airflow/example_dags/example_sensors.py
[2023-04-27T18:56:04.309+0300] {logging_mixin.py:137} INFO - [2023-04-27T18:56:04.309+0300] {dag.py:2705} INFO - Sync 1 DAGs
[2023-04-27T18:56:04.320+0300] {logging_mixin.py:137} INFO - [2023-04-27T18:56:04.320+0300] {dag.py:3452} INFO - Setting next_dagrun for example_sensors to None, run_after=None
[2023-04-27T18:56:04.333+0300] {processor.py:175} INFO - Processing /home/vladimir/.local/lib/python3.10/site-packages/airflow/example_dags/example_sensors.py took 0.058 seconds
[2023-04-27T18:56:46.356+0300] {processor.py:153} INFO - Started process (PID=6638) to work on /home/vladimir/.local/lib/python3.10/site-packages/airflow/example_dags/example_sensors.py
[2023-04-27T18:56:46.357+0300] {processor.py:743} INFO - Processing file /home/vladimir/.local/lib/python3.10/site-packages/airflow/example_dags/example_sensors.py for tasks to queue
[2023-04-27T18:56:46.357+0300] {logging_mixin.py:137} INFO - [2023-04-27T18:56:46.357+0300] {dagbag.py:532} INFO - Filling up the DagBag from /home/vladimir/.local/lib/python3.10/site-packages/airflow/example_dags/example_sensors.py
[2023-04-27T18:56:46.374+0300] {processor.py:753} INFO - DAG(s) dict_keys(['example_sensors']) retrieved from /home/vladimir/.local/lib/python3.10/site-packages/airflow/example_dags/example_sensors.py
[2023-04-27T18:56:46.389+0300] {logging_mixin.py:137} INFO - [2023-04-27T18:56:46.389+0300] {dag.py:2705} INFO - Sync 1 DAGs
[2023-04-27T18:56:46.402+0300] {logging_mixin.py:137} INFO - [2023-04-27T18:56:46.402+0300] {dag.py:3452} INFO - Setting next_dagrun for example_sensors to None, run_after=None
[2023-04-27T18:56:46.415+0300] {processor.py:175} INFO - Processing /home/vladimir/.local/lib/python3.10/site-packages/airflow/example_dags/example_sensors.py took 0.061 seconds
[2023-04-27T18:57:26.892+0300] {processor.py:153} INFO - Started process (PID=6707) to work on /home/vladimir/.local/lib/python3.10/site-packages/airflow/example_dags/example_sensors.py
[2023-04-27T18:57:26.893+0300] {processor.py:743} INFO - Processing file /home/vladimir/.local/lib/python3.10/site-packages/airflow/example_dags/example_sensors.py for tasks to queue
[2023-04-27T18:57:26.893+0300] {logging_mixin.py:137} INFO - [2023-04-27T18:57:26.893+0300] {dagbag.py:532} INFO - Filling up the DagBag from /home/vladimir/.local/lib/python3.10/site-packages/airflow/example_dags/example_sensors.py
[2023-04-27T18:57:26.908+0300] {processor.py:753} INFO - DAG(s) dict_keys(['example_sensors']) retrieved from /home/vladimir/.local/lib/python3.10/site-packages/airflow/example_dags/example_sensors.py
[2023-04-27T18:57:26.924+0300] {logging_mixin.py:137} INFO - [2023-04-27T18:57:26.924+0300] {dag.py:2705} INFO - Sync 1 DAGs
[2023-04-27T18:57:26.936+0300] {logging_mixin.py:137} INFO - [2023-04-27T18:57:26.936+0300] {dag.py:3452} INFO - Setting next_dagrun for example_sensors to None, run_after=None
[2023-04-27T18:57:26.948+0300] {processor.py:175} INFO - Processing /home/vladimir/.local/lib/python3.10/site-packages/airflow/example_dags/example_sensors.py took 0.058 seconds
[2023-04-27T18:58:07.043+0300] {processor.py:153} INFO - Started process (PID=6778) to work on /home/vladimir/.local/lib/python3.10/site-packages/airflow/example_dags/example_sensors.py
[2023-04-27T18:58:07.044+0300] {processor.py:743} INFO - Processing file /home/vladimir/.local/lib/python3.10/site-packages/airflow/example_dags/example_sensors.py for tasks to queue
[2023-04-27T18:58:07.045+0300] {logging_mixin.py:137} INFO - [2023-04-27T18:58:07.045+0300] {dagbag.py:532} INFO - Filling up the DagBag from /home/vladimir/.local/lib/python3.10/site-packages/airflow/example_dags/example_sensors.py
[2023-04-27T18:58:07.060+0300] {processor.py:753} INFO - DAG(s) dict_keys(['example_sensors']) retrieved from /home/vladimir/.local/lib/python3.10/site-packages/airflow/example_dags/example_sensors.py
[2023-04-27T18:58:07.083+0300] {logging_mixin.py:137} INFO - [2023-04-27T18:58:07.083+0300] {dag.py:2705} INFO - Sync 1 DAGs
[2023-04-27T18:58:07.097+0300] {logging_mixin.py:137} INFO - [2023-04-27T18:58:07.096+0300] {dag.py:3452} INFO - Setting next_dagrun for example_sensors to None, run_after=None
[2023-04-27T18:58:07.111+0300] {processor.py:175} INFO - Processing /home/vladimir/.local/lib/python3.10/site-packages/airflow/example_dags/example_sensors.py took 0.070 seconds
[2023-04-27T18:58:49.971+0300] {processor.py:153} INFO - Started process (PID=6862) to work on /home/vladimir/.local/lib/python3.10/site-packages/airflow/example_dags/example_sensors.py
[2023-04-27T18:58:49.971+0300] {processor.py:743} INFO - Processing file /home/vladimir/.local/lib/python3.10/site-packages/airflow/example_dags/example_sensors.py for tasks to queue
[2023-04-27T18:58:49.972+0300] {logging_mixin.py:137} INFO - [2023-04-27T18:58:49.972+0300] {dagbag.py:532} INFO - Filling up the DagBag from /home/vladimir/.local/lib/python3.10/site-packages/airflow/example_dags/example_sensors.py
[2023-04-27T18:58:49.986+0300] {processor.py:753} INFO - DAG(s) dict_keys(['example_sensors']) retrieved from /home/vladimir/.local/lib/python3.10/site-packages/airflow/example_dags/example_sensors.py
[2023-04-27T18:58:50.003+0300] {logging_mixin.py:137} INFO - [2023-04-27T18:58:50.002+0300] {dag.py:2705} INFO - Sync 1 DAGs
[2023-04-27T18:58:50.014+0300] {logging_mixin.py:137} INFO - [2023-04-27T18:58:50.014+0300] {dag.py:3452} INFO - Setting next_dagrun for example_sensors to None, run_after=None
[2023-04-27T18:58:50.027+0300] {processor.py:175} INFO - Processing /home/vladimir/.local/lib/python3.10/site-packages/airflow/example_dags/example_sensors.py took 0.059 seconds
[2023-04-27T18:59:38.529+0300] {processor.py:153} INFO - Started process (PID=6951) to work on /home/vladimir/.local/lib/python3.10/site-packages/airflow/example_dags/example_sensors.py
[2023-04-27T18:59:38.529+0300] {processor.py:743} INFO - Processing file /home/vladimir/.local/lib/python3.10/site-packages/airflow/example_dags/example_sensors.py for tasks to queue
[2023-04-27T18:59:38.530+0300] {logging_mixin.py:137} INFO - [2023-04-27T18:59:38.530+0300] {dagbag.py:532} INFO - Filling up the DagBag from /home/vladimir/.local/lib/python3.10/site-packages/airflow/example_dags/example_sensors.py
[2023-04-27T18:59:38.545+0300] {processor.py:753} INFO - DAG(s) dict_keys(['example_sensors']) retrieved from /home/vladimir/.local/lib/python3.10/site-packages/airflow/example_dags/example_sensors.py
[2023-04-27T18:59:38.562+0300] {logging_mixin.py:137} INFO - [2023-04-27T18:59:38.561+0300] {dag.py:2705} INFO - Sync 1 DAGs
[2023-04-27T18:59:38.574+0300] {logging_mixin.py:137} INFO - [2023-04-27T18:59:38.574+0300] {dag.py:3452} INFO - Setting next_dagrun for example_sensors to None, run_after=None
[2023-04-27T18:59:38.587+0300] {processor.py:175} INFO - Processing /home/vladimir/.local/lib/python3.10/site-packages/airflow/example_dags/example_sensors.py took 0.060 seconds
[2023-04-27T19:00:25.679+0300] {processor.py:153} INFO - Started process (PID=7051) to work on /home/vladimir/.local/lib/python3.10/site-packages/airflow/example_dags/example_sensors.py
[2023-04-27T19:00:25.681+0300] {processor.py:743} INFO - Processing file /home/vladimir/.local/lib/python3.10/site-packages/airflow/example_dags/example_sensors.py for tasks to queue
[2023-04-27T19:00:25.681+0300] {logging_mixin.py:137} INFO - [2023-04-27T19:00:25.681+0300] {dagbag.py:532} INFO - Filling up the DagBag from /home/vladimir/.local/lib/python3.10/site-packages/airflow/example_dags/example_sensors.py
[2023-04-27T19:00:25.695+0300] {processor.py:753} INFO - DAG(s) dict_keys(['example_sensors']) retrieved from /home/vladimir/.local/lib/python3.10/site-packages/airflow/example_dags/example_sensors.py
[2023-04-27T19:00:25.711+0300] {logging_mixin.py:137} INFO - [2023-04-27T19:00:25.711+0300] {dag.py:2705} INFO - Sync 1 DAGs
[2023-04-27T19:00:25.723+0300] {logging_mixin.py:137} INFO - [2023-04-27T19:00:25.722+0300] {dag.py:3452} INFO - Setting next_dagrun for example_sensors to None, run_after=None
[2023-04-27T19:00:25.736+0300] {processor.py:175} INFO - Processing /home/vladimir/.local/lib/python3.10/site-packages/airflow/example_dags/example_sensors.py took 0.059 seconds
[2023-04-27T19:01:10.836+0300] {processor.py:153} INFO - Started process (PID=7165) to work on /home/vladimir/.local/lib/python3.10/site-packages/airflow/example_dags/example_sensors.py
[2023-04-27T19:01:10.838+0300] {processor.py:743} INFO - Processing file /home/vladimir/.local/lib/python3.10/site-packages/airflow/example_dags/example_sensors.py for tasks to queue
[2023-04-27T19:01:10.838+0300] {logging_mixin.py:137} INFO - [2023-04-27T19:01:10.838+0300] {dagbag.py:532} INFO - Filling up the DagBag from /home/vladimir/.local/lib/python3.10/site-packages/airflow/example_dags/example_sensors.py
[2023-04-27T19:01:10.851+0300] {processor.py:753} INFO - DAG(s) dict_keys(['example_sensors']) retrieved from /home/vladimir/.local/lib/python3.10/site-packages/airflow/example_dags/example_sensors.py
[2023-04-27T19:01:10.867+0300] {logging_mixin.py:137} INFO - [2023-04-27T19:01:10.867+0300] {dag.py:2705} INFO - Sync 1 DAGs
[2023-04-27T19:01:10.879+0300] {logging_mixin.py:137} INFO - [2023-04-27T19:01:10.878+0300] {dag.py:3452} INFO - Setting next_dagrun for example_sensors to None, run_after=None
[2023-04-27T19:01:10.891+0300] {processor.py:175} INFO - Processing /home/vladimir/.local/lib/python3.10/site-packages/airflow/example_dags/example_sensors.py took 0.057 seconds
