[2023-04-27T18:25:07.698+0300] {processor.py:153} INFO - Started process (PID=5537) to work on /home/vladimir/.local/lib/python3.10/site-packages/airflow/example_dags/example_params_ui_tutorial.py
[2023-04-27T18:25:07.699+0300] {processor.py:743} INFO - Processing file /home/vladimir/.local/lib/python3.10/site-packages/airflow/example_dags/example_params_ui_tutorial.py for tasks to queue
[2023-04-27T18:25:07.699+0300] {logging_mixin.py:137} INFO - [2023-04-27T18:25:07.699+0300] {dagbag.py:532} INFO - Filling up the DagBag from /home/vladimir/.local/lib/python3.10/site-packages/airflow/example_dags/example_params_ui_tutorial.py
[2023-04-27T18:25:07.734+0300] {processor.py:753} INFO - DAG(s) dict_keys(['example_params_ui_tutorial']) retrieved from /home/vladimir/.local/lib/python3.10/site-packages/airflow/example_dags/example_params_ui_tutorial.py
[2023-04-27T18:25:07.924+0300] {logging_mixin.py:137} INFO - [2023-04-27T18:25:07.924+0300] {manager.py:504} INFO - Created Permission View: can read on DAG:example_params_ui_tutorial
[2023-04-27T18:25:07.939+0300] {logging_mixin.py:137} INFO - [2023-04-27T18:25:07.939+0300] {manager.py:504} INFO - Created Permission View: can delete on DAG:example_params_ui_tutorial
[2023-04-27T18:25:07.947+0300] {logging_mixin.py:137} INFO - [2023-04-27T18:25:07.946+0300] {manager.py:504} INFO - Created Permission View: can edit on DAG:example_params_ui_tutorial
[2023-04-27T18:25:07.947+0300] {logging_mixin.py:137} INFO - [2023-04-27T18:25:07.947+0300] {dag.py:2705} INFO - Sync 1 DAGs
[2023-04-27T18:25:07.967+0300] {logging_mixin.py:137} INFO - [2023-04-27T18:25:07.966+0300] {dag.py:2726} INFO - Creating ORM DAG for example_params_ui_tutorial
[2023-04-27T18:25:07.984+0300] {logging_mixin.py:137} INFO - [2023-04-27T18:25:07.984+0300] {dag.py:3452} INFO - Setting next_dagrun for example_params_ui_tutorial to None, run_after=None
[2023-04-27T18:25:08.019+0300] {processor.py:175} INFO - Processing /home/vladimir/.local/lib/python3.10/site-packages/airflow/example_dags/example_params_ui_tutorial.py took 0.323 seconds
[2023-04-27T18:26:07.962+0300] {processor.py:153} INFO - Started process (PID=5977) to work on /home/vladimir/.local/lib/python3.10/site-packages/airflow/example_dags/example_params_ui_tutorial.py
[2023-04-27T18:26:07.963+0300] {processor.py:743} INFO - Processing file /home/vladimir/.local/lib/python3.10/site-packages/airflow/example_dags/example_params_ui_tutorial.py for tasks to queue
[2023-04-27T18:26:07.963+0300] {logging_mixin.py:137} INFO - [2023-04-27T18:26:07.963+0300] {dagbag.py:532} INFO - Filling up the DagBag from /home/vladimir/.local/lib/python3.10/site-packages/airflow/example_dags/example_params_ui_tutorial.py
[2023-04-27T18:26:08.000+0300] {processor.py:753} INFO - DAG(s) dict_keys(['example_params_ui_tutorial']) retrieved from /home/vladimir/.local/lib/python3.10/site-packages/airflow/example_dags/example_params_ui_tutorial.py
[2023-04-27T18:26:08.037+0300] {logging_mixin.py:137} INFO - [2023-04-27T18:26:08.037+0300] {dag.py:2705} INFO - Sync 1 DAGs
[2023-04-27T18:26:08.050+0300] {logging_mixin.py:137} INFO - [2023-04-27T18:26:08.050+0300] {dag.py:3452} INFO - Setting next_dagrun for example_params_ui_tutorial to None, run_after=None
[2023-04-27T18:26:08.062+0300] {processor.py:175} INFO - Processing /home/vladimir/.local/lib/python3.10/site-packages/airflow/example_dags/example_params_ui_tutorial.py took 0.102 seconds
[2023-04-27T18:26:49.039+0300] {processor.py:153} INFO - Started process (PID=6042) to work on /home/vladimir/.local/lib/python3.10/site-packages/airflow/example_dags/example_params_ui_tutorial.py
[2023-04-27T18:26:49.042+0300] {processor.py:743} INFO - Processing file /home/vladimir/.local/lib/python3.10/site-packages/airflow/example_dags/example_params_ui_tutorial.py for tasks to queue
[2023-04-27T18:26:49.042+0300] {logging_mixin.py:137} INFO - [2023-04-27T18:26:49.042+0300] {dagbag.py:532} INFO - Filling up the DagBag from /home/vladimir/.local/lib/python3.10/site-packages/airflow/example_dags/example_params_ui_tutorial.py
[2023-04-27T18:26:49.079+0300] {processor.py:753} INFO - DAG(s) dict_keys(['example_params_ui_tutorial']) retrieved from /home/vladimir/.local/lib/python3.10/site-packages/airflow/example_dags/example_params_ui_tutorial.py
[2023-04-27T18:26:49.118+0300] {logging_mixin.py:137} INFO - [2023-04-27T18:26:49.118+0300] {dag.py:2705} INFO - Sync 1 DAGs
[2023-04-27T18:26:49.132+0300] {logging_mixin.py:137} INFO - [2023-04-27T18:26:49.132+0300] {dag.py:3452} INFO - Setting next_dagrun for example_params_ui_tutorial to None, run_after=None
[2023-04-27T18:26:49.146+0300] {processor.py:175} INFO - Processing /home/vladimir/.local/lib/python3.10/site-packages/airflow/example_dags/example_params_ui_tutorial.py took 0.108 seconds
[2023-04-27T18:27:27.258+0300] {processor.py:153} INFO - Started process (PID=6099) to work on /home/vladimir/.local/lib/python3.10/site-packages/airflow/example_dags/example_params_ui_tutorial.py
[2023-04-27T18:27:27.259+0300] {processor.py:743} INFO - Processing file /home/vladimir/.local/lib/python3.10/site-packages/airflow/example_dags/example_params_ui_tutorial.py for tasks to queue
[2023-04-27T18:27:27.259+0300] {logging_mixin.py:137} INFO - [2023-04-27T18:27:27.259+0300] {dagbag.py:532} INFO - Filling up the DagBag from /home/vladimir/.local/lib/python3.10/site-packages/airflow/example_dags/example_params_ui_tutorial.py
[2023-04-27T18:27:27.296+0300] {processor.py:753} INFO - DAG(s) dict_keys(['example_params_ui_tutorial']) retrieved from /home/vladimir/.local/lib/python3.10/site-packages/airflow/example_dags/example_params_ui_tutorial.py
[2023-04-27T18:27:27.334+0300] {logging_mixin.py:137} INFO - [2023-04-27T18:27:27.334+0300] {dag.py:2705} INFO - Sync 1 DAGs
[2023-04-27T18:27:27.346+0300] {logging_mixin.py:137} INFO - [2023-04-27T18:27:27.346+0300] {dag.py:3452} INFO - Setting next_dagrun for example_params_ui_tutorial to None, run_after=None
[2023-04-27T18:27:27.359+0300] {processor.py:175} INFO - Processing /home/vladimir/.local/lib/python3.10/site-packages/airflow/example_dags/example_params_ui_tutorial.py took 0.104 seconds
[2023-04-27T18:28:02.445+0300] {processor.py:153} INFO - Started process (PID=6147) to work on /home/vladimir/.local/lib/python3.10/site-packages/airflow/example_dags/example_params_ui_tutorial.py
[2023-04-27T18:28:02.446+0300] {processor.py:743} INFO - Processing file /home/vladimir/.local/lib/python3.10/site-packages/airflow/example_dags/example_params_ui_tutorial.py for tasks to queue
[2023-04-27T18:28:02.446+0300] {logging_mixin.py:137} INFO - [2023-04-27T18:28:02.446+0300] {dagbag.py:532} INFO - Filling up the DagBag from /home/vladimir/.local/lib/python3.10/site-packages/airflow/example_dags/example_params_ui_tutorial.py
[2023-04-27T18:28:02.480+0300] {processor.py:753} INFO - DAG(s) dict_keys(['example_params_ui_tutorial']) retrieved from /home/vladimir/.local/lib/python3.10/site-packages/airflow/example_dags/example_params_ui_tutorial.py
[2023-04-27T18:28:02.515+0300] {logging_mixin.py:137} INFO - [2023-04-27T18:28:02.515+0300] {dag.py:2705} INFO - Sync 1 DAGs
[2023-04-27T18:28:02.528+0300] {logging_mixin.py:137} INFO - [2023-04-27T18:28:02.527+0300] {dag.py:3452} INFO - Setting next_dagrun for example_params_ui_tutorial to None, run_after=None
[2023-04-27T18:28:02.539+0300] {processor.py:175} INFO - Processing /home/vladimir/.local/lib/python3.10/site-packages/airflow/example_dags/example_params_ui_tutorial.py took 0.097 seconds
[2023-04-27T18:28:36.926+0300] {processor.py:153} INFO - Started process (PID=6202) to work on /home/vladimir/.local/lib/python3.10/site-packages/airflow/example_dags/example_params_ui_tutorial.py
[2023-04-27T18:28:36.927+0300] {processor.py:743} INFO - Processing file /home/vladimir/.local/lib/python3.10/site-packages/airflow/example_dags/example_params_ui_tutorial.py for tasks to queue
[2023-04-27T18:28:36.928+0300] {logging_mixin.py:137} INFO - [2023-04-27T18:28:36.928+0300] {dagbag.py:532} INFO - Filling up the DagBag from /home/vladimir/.local/lib/python3.10/site-packages/airflow/example_dags/example_params_ui_tutorial.py
[2023-04-27T18:28:36.964+0300] {processor.py:753} INFO - DAG(s) dict_keys(['example_params_ui_tutorial']) retrieved from /home/vladimir/.local/lib/python3.10/site-packages/airflow/example_dags/example_params_ui_tutorial.py
[2023-04-27T18:28:37.000+0300] {logging_mixin.py:137} INFO - [2023-04-27T18:28:37.000+0300] {dag.py:2705} INFO - Sync 1 DAGs
[2023-04-27T18:28:37.012+0300] {logging_mixin.py:137} INFO - [2023-04-27T18:28:37.012+0300] {dag.py:3452} INFO - Setting next_dagrun for example_params_ui_tutorial to None, run_after=None
[2023-04-27T18:28:37.027+0300] {processor.py:175} INFO - Processing /home/vladimir/.local/lib/python3.10/site-packages/airflow/example_dags/example_params_ui_tutorial.py took 0.103 seconds
[2023-04-27T18:29:18.041+0300] {processor.py:153} INFO - Started process (PID=6335) to work on /home/vladimir/.local/lib/python3.10/site-packages/airflow/example_dags/example_params_ui_tutorial.py
[2023-04-27T18:29:18.043+0300] {processor.py:743} INFO - Processing file /home/vladimir/.local/lib/python3.10/site-packages/airflow/example_dags/example_params_ui_tutorial.py for tasks to queue
[2023-04-27T18:29:18.044+0300] {logging_mixin.py:137} INFO - [2023-04-27T18:29:18.044+0300] {dagbag.py:532} INFO - Filling up the DagBag from /home/vladimir/.local/lib/python3.10/site-packages/airflow/example_dags/example_params_ui_tutorial.py
[2023-04-27T18:29:18.078+0300] {processor.py:753} INFO - DAG(s) dict_keys(['example_params_ui_tutorial']) retrieved from /home/vladimir/.local/lib/python3.10/site-packages/airflow/example_dags/example_params_ui_tutorial.py
[2023-04-27T18:29:18.114+0300] {logging_mixin.py:137} INFO - [2023-04-27T18:29:18.114+0300] {dag.py:2705} INFO - Sync 1 DAGs
[2023-04-27T18:29:18.128+0300] {logging_mixin.py:137} INFO - [2023-04-27T18:29:18.128+0300] {dag.py:3452} INFO - Setting next_dagrun for example_params_ui_tutorial to None, run_after=None
[2023-04-27T18:29:18.164+0300] {processor.py:175} INFO - Processing /home/vladimir/.local/lib/python3.10/site-packages/airflow/example_dags/example_params_ui_tutorial.py took 0.127 seconds
[2023-04-27T18:29:53.861+0300] {processor.py:153} INFO - Started process (PID=6418) to work on /home/vladimir/.local/lib/python3.10/site-packages/airflow/example_dags/example_params_ui_tutorial.py
[2023-04-27T18:29:53.862+0300] {processor.py:743} INFO - Processing file /home/vladimir/.local/lib/python3.10/site-packages/airflow/example_dags/example_params_ui_tutorial.py for tasks to queue
[2023-04-27T18:29:53.862+0300] {logging_mixin.py:137} INFO - [2023-04-27T18:29:53.862+0300] {dagbag.py:532} INFO - Filling up the DagBag from /home/vladimir/.local/lib/python3.10/site-packages/airflow/example_dags/example_params_ui_tutorial.py
[2023-04-27T18:29:53.898+0300] {processor.py:753} INFO - DAG(s) dict_keys(['example_params_ui_tutorial']) retrieved from /home/vladimir/.local/lib/python3.10/site-packages/airflow/example_dags/example_params_ui_tutorial.py
[2023-04-27T18:29:53.933+0300] {logging_mixin.py:137} INFO - [2023-04-27T18:29:53.933+0300] {dag.py:2705} INFO - Sync 1 DAGs
[2023-04-27T18:29:53.946+0300] {logging_mixin.py:137} INFO - [2023-04-27T18:29:53.946+0300] {dag.py:3452} INFO - Setting next_dagrun for example_params_ui_tutorial to None, run_after=None
[2023-04-27T18:29:53.959+0300] {processor.py:175} INFO - Processing /home/vladimir/.local/lib/python3.10/site-packages/airflow/example_dags/example_params_ui_tutorial.py took 0.101 seconds
[2023-04-27T18:30:28.683+0300] {processor.py:153} INFO - Started process (PID=6488) to work on /home/vladimir/.local/lib/python3.10/site-packages/airflow/example_dags/example_params_ui_tutorial.py
[2023-04-27T18:30:28.684+0300] {processor.py:743} INFO - Processing file /home/vladimir/.local/lib/python3.10/site-packages/airflow/example_dags/example_params_ui_tutorial.py for tasks to queue
[2023-04-27T18:30:28.685+0300] {logging_mixin.py:137} INFO - [2023-04-27T18:30:28.685+0300] {dagbag.py:532} INFO - Filling up the DagBag from /home/vladimir/.local/lib/python3.10/site-packages/airflow/example_dags/example_params_ui_tutorial.py
[2023-04-27T18:30:28.720+0300] {processor.py:753} INFO - DAG(s) dict_keys(['example_params_ui_tutorial']) retrieved from /home/vladimir/.local/lib/python3.10/site-packages/airflow/example_dags/example_params_ui_tutorial.py
[2023-04-27T18:30:28.758+0300] {logging_mixin.py:137} INFO - [2023-04-27T18:30:28.758+0300] {dag.py:2705} INFO - Sync 1 DAGs
[2023-04-27T18:30:28.775+0300] {logging_mixin.py:137} INFO - [2023-04-27T18:30:28.775+0300] {dag.py:3452} INFO - Setting next_dagrun for example_params_ui_tutorial to None, run_after=None
[2023-04-27T18:30:28.787+0300] {processor.py:175} INFO - Processing /home/vladimir/.local/lib/python3.10/site-packages/airflow/example_dags/example_params_ui_tutorial.py took 0.105 seconds
[2023-04-27T18:31:05.782+0300] {processor.py:153} INFO - Started process (PID=6580) to work on /home/vladimir/.local/lib/python3.10/site-packages/airflow/example_dags/example_params_ui_tutorial.py
[2023-04-27T18:31:05.783+0300] {processor.py:743} INFO - Processing file /home/vladimir/.local/lib/python3.10/site-packages/airflow/example_dags/example_params_ui_tutorial.py for tasks to queue
[2023-04-27T18:31:05.783+0300] {logging_mixin.py:137} INFO - [2023-04-27T18:31:05.783+0300] {dagbag.py:532} INFO - Filling up the DagBag from /home/vladimir/.local/lib/python3.10/site-packages/airflow/example_dags/example_params_ui_tutorial.py
[2023-04-27T18:31:05.816+0300] {processor.py:753} INFO - DAG(s) dict_keys(['example_params_ui_tutorial']) retrieved from /home/vladimir/.local/lib/python3.10/site-packages/airflow/example_dags/example_params_ui_tutorial.py
[2023-04-27T18:31:05.854+0300] {logging_mixin.py:137} INFO - [2023-04-27T18:31:05.854+0300] {dag.py:2705} INFO - Sync 1 DAGs
[2023-04-27T18:31:05.866+0300] {logging_mixin.py:137} INFO - [2023-04-27T18:31:05.866+0300] {dag.py:3452} INFO - Setting next_dagrun for example_params_ui_tutorial to None, run_after=None
[2023-04-27T18:31:05.878+0300] {processor.py:175} INFO - Processing /home/vladimir/.local/lib/python3.10/site-packages/airflow/example_dags/example_params_ui_tutorial.py took 0.100 seconds
[2023-04-27T18:31:45.135+0300] {processor.py:153} INFO - Started process (PID=6657) to work on /home/vladimir/.local/lib/python3.10/site-packages/airflow/example_dags/example_params_ui_tutorial.py
[2023-04-27T18:31:45.136+0300] {processor.py:743} INFO - Processing file /home/vladimir/.local/lib/python3.10/site-packages/airflow/example_dags/example_params_ui_tutorial.py for tasks to queue
[2023-04-27T18:31:45.136+0300] {logging_mixin.py:137} INFO - [2023-04-27T18:31:45.136+0300] {dagbag.py:532} INFO - Filling up the DagBag from /home/vladimir/.local/lib/python3.10/site-packages/airflow/example_dags/example_params_ui_tutorial.py
[2023-04-27T18:31:45.169+0300] {processor.py:753} INFO - DAG(s) dict_keys(['example_params_ui_tutorial']) retrieved from /home/vladimir/.local/lib/python3.10/site-packages/airflow/example_dags/example_params_ui_tutorial.py
[2023-04-27T18:31:45.206+0300] {logging_mixin.py:137} INFO - [2023-04-27T18:31:45.206+0300] {dag.py:2705} INFO - Sync 1 DAGs
[2023-04-27T18:31:45.217+0300] {logging_mixin.py:137} INFO - [2023-04-27T18:31:45.217+0300] {dag.py:3452} INFO - Setting next_dagrun for example_params_ui_tutorial to None, run_after=None
[2023-04-27T18:31:45.230+0300] {processor.py:175} INFO - Processing /home/vladimir/.local/lib/python3.10/site-packages/airflow/example_dags/example_params_ui_tutorial.py took 0.098 seconds
[2023-04-27T18:32:23.048+0300] {processor.py:153} INFO - Started process (PID=6717) to work on /home/vladimir/.local/lib/python3.10/site-packages/airflow/example_dags/example_params_ui_tutorial.py
[2023-04-27T18:32:23.050+0300] {processor.py:743} INFO - Processing file /home/vladimir/.local/lib/python3.10/site-packages/airflow/example_dags/example_params_ui_tutorial.py for tasks to queue
[2023-04-27T18:32:23.050+0300] {logging_mixin.py:137} INFO - [2023-04-27T18:32:23.050+0300] {dagbag.py:532} INFO - Filling up the DagBag from /home/vladimir/.local/lib/python3.10/site-packages/airflow/example_dags/example_params_ui_tutorial.py
[2023-04-27T18:32:23.085+0300] {processor.py:753} INFO - DAG(s) dict_keys(['example_params_ui_tutorial']) retrieved from /home/vladimir/.local/lib/python3.10/site-packages/airflow/example_dags/example_params_ui_tutorial.py
[2023-04-27T18:32:23.126+0300] {logging_mixin.py:137} INFO - [2023-04-27T18:32:23.126+0300] {dag.py:2705} INFO - Sync 1 DAGs
[2023-04-27T18:32:23.139+0300] {logging_mixin.py:137} INFO - [2023-04-27T18:32:23.139+0300] {dag.py:3452} INFO - Setting next_dagrun for example_params_ui_tutorial to None, run_after=None
[2023-04-27T18:32:23.154+0300] {processor.py:175} INFO - Processing /home/vladimir/.local/lib/python3.10/site-packages/airflow/example_dags/example_params_ui_tutorial.py took 0.108 seconds
[2023-04-27T18:32:59.011+0300] {processor.py:153} INFO - Started process (PID=6867) to work on /home/vladimir/.local/lib/python3.10/site-packages/airflow/example_dags/example_params_ui_tutorial.py
[2023-04-27T18:32:59.012+0300] {processor.py:743} INFO - Processing file /home/vladimir/.local/lib/python3.10/site-packages/airflow/example_dags/example_params_ui_tutorial.py for tasks to queue
[2023-04-27T18:32:59.012+0300] {logging_mixin.py:137} INFO - [2023-04-27T18:32:59.012+0300] {dagbag.py:532} INFO - Filling up the DagBag from /home/vladimir/.local/lib/python3.10/site-packages/airflow/example_dags/example_params_ui_tutorial.py
[2023-04-27T18:32:59.046+0300] {processor.py:753} INFO - DAG(s) dict_keys(['example_params_ui_tutorial']) retrieved from /home/vladimir/.local/lib/python3.10/site-packages/airflow/example_dags/example_params_ui_tutorial.py
[2023-04-27T18:32:59.083+0300] {logging_mixin.py:137} INFO - [2023-04-27T18:32:59.083+0300] {dag.py:2705} INFO - Sync 1 DAGs
[2023-04-27T18:32:59.096+0300] {logging_mixin.py:137} INFO - [2023-04-27T18:32:59.096+0300] {dag.py:3452} INFO - Setting next_dagrun for example_params_ui_tutorial to None, run_after=None
[2023-04-27T18:32:59.109+0300] {processor.py:175} INFO - Processing /home/vladimir/.local/lib/python3.10/site-packages/airflow/example_dags/example_params_ui_tutorial.py took 0.101 seconds
[2023-04-27T18:33:38.934+0300] {processor.py:153} INFO - Started process (PID=6927) to work on /home/vladimir/.local/lib/python3.10/site-packages/airflow/example_dags/example_params_ui_tutorial.py
[2023-04-27T18:33:38.934+0300] {processor.py:743} INFO - Processing file /home/vladimir/.local/lib/python3.10/site-packages/airflow/example_dags/example_params_ui_tutorial.py for tasks to queue
[2023-04-27T18:33:38.935+0300] {logging_mixin.py:137} INFO - [2023-04-27T18:33:38.935+0300] {dagbag.py:532} INFO - Filling up the DagBag from /home/vladimir/.local/lib/python3.10/site-packages/airflow/example_dags/example_params_ui_tutorial.py
[2023-04-27T18:33:38.972+0300] {processor.py:753} INFO - DAG(s) dict_keys(['example_params_ui_tutorial']) retrieved from /home/vladimir/.local/lib/python3.10/site-packages/airflow/example_dags/example_params_ui_tutorial.py
[2023-04-27T18:33:39.014+0300] {logging_mixin.py:137} INFO - [2023-04-27T18:33:39.014+0300] {dag.py:2705} INFO - Sync 1 DAGs
[2023-04-27T18:33:39.026+0300] {logging_mixin.py:137} INFO - [2023-04-27T18:33:39.026+0300] {dag.py:3452} INFO - Setting next_dagrun for example_params_ui_tutorial to None, run_after=None
[2023-04-27T18:33:39.040+0300] {processor.py:175} INFO - Processing /home/vladimir/.local/lib/python3.10/site-packages/airflow/example_dags/example_params_ui_tutorial.py took 0.109 seconds
[2023-04-27T18:34:17.190+0300] {processor.py:153} INFO - Started process (PID=6990) to work on /home/vladimir/.local/lib/python3.10/site-packages/airflow/example_dags/example_params_ui_tutorial.py
[2023-04-27T18:34:17.191+0300] {processor.py:743} INFO - Processing file /home/vladimir/.local/lib/python3.10/site-packages/airflow/example_dags/example_params_ui_tutorial.py for tasks to queue
[2023-04-27T18:34:17.191+0300] {logging_mixin.py:137} INFO - [2023-04-27T18:34:17.191+0300] {dagbag.py:532} INFO - Filling up the DagBag from /home/vladimir/.local/lib/python3.10/site-packages/airflow/example_dags/example_params_ui_tutorial.py
[2023-04-27T18:34:17.228+0300] {processor.py:753} INFO - DAG(s) dict_keys(['example_params_ui_tutorial']) retrieved from /home/vladimir/.local/lib/python3.10/site-packages/airflow/example_dags/example_params_ui_tutorial.py
[2023-04-27T18:34:17.266+0300] {logging_mixin.py:137} INFO - [2023-04-27T18:34:17.266+0300] {dag.py:2705} INFO - Sync 1 DAGs
[2023-04-27T18:34:17.281+0300] {logging_mixin.py:137} INFO - [2023-04-27T18:34:17.280+0300] {dag.py:3452} INFO - Setting next_dagrun for example_params_ui_tutorial to None, run_after=None
[2023-04-27T18:34:17.294+0300] {processor.py:175} INFO - Processing /home/vladimir/.local/lib/python3.10/site-packages/airflow/example_dags/example_params_ui_tutorial.py took 0.107 seconds
[2023-04-27T18:34:52.327+0300] {processor.py:153} INFO - Started process (PID=7074) to work on /home/vladimir/.local/lib/python3.10/site-packages/airflow/example_dags/example_params_ui_tutorial.py
[2023-04-27T18:34:52.329+0300] {processor.py:743} INFO - Processing file /home/vladimir/.local/lib/python3.10/site-packages/airflow/example_dags/example_params_ui_tutorial.py for tasks to queue
[2023-04-27T18:34:52.330+0300] {logging_mixin.py:137} INFO - [2023-04-27T18:34:52.330+0300] {dagbag.py:532} INFO - Filling up the DagBag from /home/vladimir/.local/lib/python3.10/site-packages/airflow/example_dags/example_params_ui_tutorial.py
[2023-04-27T18:34:52.374+0300] {processor.py:753} INFO - DAG(s) dict_keys(['example_params_ui_tutorial']) retrieved from /home/vladimir/.local/lib/python3.10/site-packages/airflow/example_dags/example_params_ui_tutorial.py
[2023-04-27T18:34:52.425+0300] {logging_mixin.py:137} INFO - [2023-04-27T18:34:52.421+0300] {dag.py:2705} INFO - Sync 1 DAGs
[2023-04-27T18:34:52.441+0300] {logging_mixin.py:137} INFO - [2023-04-27T18:34:52.441+0300] {dag.py:3452} INFO - Setting next_dagrun for example_params_ui_tutorial to None, run_after=None
[2023-04-27T18:34:52.456+0300] {processor.py:175} INFO - Processing /home/vladimir/.local/lib/python3.10/site-packages/airflow/example_dags/example_params_ui_tutorial.py took 0.132 seconds
[2023-04-27T18:35:28.137+0300] {processor.py:153} INFO - Started process (PID=7383) to work on /home/vladimir/.local/lib/python3.10/site-packages/airflow/example_dags/example_params_ui_tutorial.py
[2023-04-27T18:35:28.137+0300] {processor.py:743} INFO - Processing file /home/vladimir/.local/lib/python3.10/site-packages/airflow/example_dags/example_params_ui_tutorial.py for tasks to queue
[2023-04-27T18:35:28.138+0300] {logging_mixin.py:137} INFO - [2023-04-27T18:35:28.138+0300] {dagbag.py:532} INFO - Filling up the DagBag from /home/vladimir/.local/lib/python3.10/site-packages/airflow/example_dags/example_params_ui_tutorial.py
[2023-04-27T18:35:28.171+0300] {processor.py:753} INFO - DAG(s) dict_keys(['example_params_ui_tutorial']) retrieved from /home/vladimir/.local/lib/python3.10/site-packages/airflow/example_dags/example_params_ui_tutorial.py
[2023-04-27T18:35:28.209+0300] {logging_mixin.py:137} INFO - [2023-04-27T18:35:28.209+0300] {dag.py:2705} INFO - Sync 1 DAGs
[2023-04-27T18:35:28.221+0300] {logging_mixin.py:137} INFO - [2023-04-27T18:35:28.221+0300] {dag.py:3452} INFO - Setting next_dagrun for example_params_ui_tutorial to None, run_after=None
[2023-04-27T18:35:28.232+0300] {processor.py:175} INFO - Processing /home/vladimir/.local/lib/python3.10/site-packages/airflow/example_dags/example_params_ui_tutorial.py took 0.097 seconds
[2023-04-27T18:36:06.384+0300] {processor.py:153} INFO - Started process (PID=7505) to work on /home/vladimir/.local/lib/python3.10/site-packages/airflow/example_dags/example_params_ui_tutorial.py
[2023-04-27T18:36:06.385+0300] {processor.py:743} INFO - Processing file /home/vladimir/.local/lib/python3.10/site-packages/airflow/example_dags/example_params_ui_tutorial.py for tasks to queue
[2023-04-27T18:36:06.386+0300] {logging_mixin.py:137} INFO - [2023-04-27T18:36:06.386+0300] {dagbag.py:532} INFO - Filling up the DagBag from /home/vladimir/.local/lib/python3.10/site-packages/airflow/example_dags/example_params_ui_tutorial.py
[2023-04-27T18:36:06.419+0300] {processor.py:753} INFO - DAG(s) dict_keys(['example_params_ui_tutorial']) retrieved from /home/vladimir/.local/lib/python3.10/site-packages/airflow/example_dags/example_params_ui_tutorial.py
[2023-04-27T18:36:06.457+0300] {logging_mixin.py:137} INFO - [2023-04-27T18:36:06.456+0300] {dag.py:2705} INFO - Sync 1 DAGs
[2023-04-27T18:36:06.468+0300] {logging_mixin.py:137} INFO - [2023-04-27T18:36:06.468+0300] {dag.py:3452} INFO - Setting next_dagrun for example_params_ui_tutorial to None, run_after=None
[2023-04-27T18:36:06.479+0300] {processor.py:175} INFO - Processing /home/vladimir/.local/lib/python3.10/site-packages/airflow/example_dags/example_params_ui_tutorial.py took 0.097 seconds
[2023-04-27T18:36:40.215+0300] {processor.py:153} INFO - Started process (PID=7566) to work on /home/vladimir/.local/lib/python3.10/site-packages/airflow/example_dags/example_params_ui_tutorial.py
[2023-04-27T18:36:40.216+0300] {processor.py:743} INFO - Processing file /home/vladimir/.local/lib/python3.10/site-packages/airflow/example_dags/example_params_ui_tutorial.py for tasks to queue
[2023-04-27T18:36:40.217+0300] {logging_mixin.py:137} INFO - [2023-04-27T18:36:40.217+0300] {dagbag.py:532} INFO - Filling up the DagBag from /home/vladimir/.local/lib/python3.10/site-packages/airflow/example_dags/example_params_ui_tutorial.py
[2023-04-27T18:36:40.252+0300] {processor.py:753} INFO - DAG(s) dict_keys(['example_params_ui_tutorial']) retrieved from /home/vladimir/.local/lib/python3.10/site-packages/airflow/example_dags/example_params_ui_tutorial.py
[2023-04-27T18:36:40.288+0300] {logging_mixin.py:137} INFO - [2023-04-27T18:36:40.288+0300] {dag.py:2705} INFO - Sync 1 DAGs
[2023-04-27T18:36:40.300+0300] {logging_mixin.py:137} INFO - [2023-04-27T18:36:40.300+0300] {dag.py:3452} INFO - Setting next_dagrun for example_params_ui_tutorial to None, run_after=None
[2023-04-27T18:36:40.311+0300] {processor.py:175} INFO - Processing /home/vladimir/.local/lib/python3.10/site-packages/airflow/example_dags/example_params_ui_tutorial.py took 0.099 seconds
[2023-04-27T18:37:18.422+0300] {processor.py:153} INFO - Started process (PID=7649) to work on /home/vladimir/.local/lib/python3.10/site-packages/airflow/example_dags/example_params_ui_tutorial.py
[2023-04-27T18:37:18.423+0300] {processor.py:743} INFO - Processing file /home/vladimir/.local/lib/python3.10/site-packages/airflow/example_dags/example_params_ui_tutorial.py for tasks to queue
[2023-04-27T18:37:18.424+0300] {logging_mixin.py:137} INFO - [2023-04-27T18:37:18.424+0300] {dagbag.py:532} INFO - Filling up the DagBag from /home/vladimir/.local/lib/python3.10/site-packages/airflow/example_dags/example_params_ui_tutorial.py
[2023-04-27T18:37:18.461+0300] {processor.py:753} INFO - DAG(s) dict_keys(['example_params_ui_tutorial']) retrieved from /home/vladimir/.local/lib/python3.10/site-packages/airflow/example_dags/example_params_ui_tutorial.py
[2023-04-27T18:37:18.499+0300] {logging_mixin.py:137} INFO - [2023-04-27T18:37:18.499+0300] {dag.py:2705} INFO - Sync 1 DAGs
[2023-04-27T18:37:18.511+0300] {logging_mixin.py:137} INFO - [2023-04-27T18:37:18.510+0300] {dag.py:3452} INFO - Setting next_dagrun for example_params_ui_tutorial to None, run_after=None
[2023-04-27T18:37:18.523+0300] {processor.py:175} INFO - Processing /home/vladimir/.local/lib/python3.10/site-packages/airflow/example_dags/example_params_ui_tutorial.py took 0.103 seconds
[2023-04-27T18:37:53.881+0300] {processor.py:153} INFO - Started process (PID=7701) to work on /home/vladimir/.local/lib/python3.10/site-packages/airflow/example_dags/example_params_ui_tutorial.py
[2023-04-27T18:37:53.882+0300] {processor.py:743} INFO - Processing file /home/vladimir/.local/lib/python3.10/site-packages/airflow/example_dags/example_params_ui_tutorial.py for tasks to queue
[2023-04-27T18:37:53.883+0300] {logging_mixin.py:137} INFO - [2023-04-27T18:37:53.883+0300] {dagbag.py:532} INFO - Filling up the DagBag from /home/vladimir/.local/lib/python3.10/site-packages/airflow/example_dags/example_params_ui_tutorial.py
[2023-04-27T18:37:53.917+0300] {processor.py:753} INFO - DAG(s) dict_keys(['example_params_ui_tutorial']) retrieved from /home/vladimir/.local/lib/python3.10/site-packages/airflow/example_dags/example_params_ui_tutorial.py
[2023-04-27T18:37:53.954+0300] {logging_mixin.py:137} INFO - [2023-04-27T18:37:53.954+0300] {dag.py:2705} INFO - Sync 1 DAGs
[2023-04-27T18:37:53.965+0300] {logging_mixin.py:137} INFO - [2023-04-27T18:37:53.965+0300] {dag.py:3452} INFO - Setting next_dagrun for example_params_ui_tutorial to None, run_after=None
[2023-04-27T18:37:53.979+0300] {processor.py:175} INFO - Processing /home/vladimir/.local/lib/python3.10/site-packages/airflow/example_dags/example_params_ui_tutorial.py took 0.100 seconds
[2023-04-27T18:38:27.869+0300] {processor.py:153} INFO - Started process (PID=7979) to work on /home/vladimir/.local/lib/python3.10/site-packages/airflow/example_dags/example_params_ui_tutorial.py
[2023-04-27T18:38:27.871+0300] {processor.py:743} INFO - Processing file /home/vladimir/.local/lib/python3.10/site-packages/airflow/example_dags/example_params_ui_tutorial.py for tasks to queue
[2023-04-27T18:38:27.871+0300] {logging_mixin.py:137} INFO - [2023-04-27T18:38:27.871+0300] {dagbag.py:532} INFO - Filling up the DagBag from /home/vladimir/.local/lib/python3.10/site-packages/airflow/example_dags/example_params_ui_tutorial.py
[2023-04-27T18:38:27.917+0300] {processor.py:753} INFO - DAG(s) dict_keys(['example_params_ui_tutorial']) retrieved from /home/vladimir/.local/lib/python3.10/site-packages/airflow/example_dags/example_params_ui_tutorial.py
[2023-04-27T18:38:27.955+0300] {logging_mixin.py:137} INFO - [2023-04-27T18:38:27.955+0300] {dag.py:2705} INFO - Sync 1 DAGs
[2023-04-27T18:38:27.977+0300] {logging_mixin.py:137} INFO - [2023-04-27T18:38:27.977+0300] {dag.py:3452} INFO - Setting next_dagrun for example_params_ui_tutorial to None, run_after=None
[2023-04-27T18:38:27.989+0300] {processor.py:175} INFO - Processing /home/vladimir/.local/lib/python3.10/site-packages/airflow/example_dags/example_params_ui_tutorial.py took 0.123 seconds
[2023-04-27T18:39:07.906+0300] {processor.py:153} INFO - Started process (PID=8095) to work on /home/vladimir/.local/lib/python3.10/site-packages/airflow/example_dags/example_params_ui_tutorial.py
[2023-04-27T18:39:07.907+0300] {processor.py:743} INFO - Processing file /home/vladimir/.local/lib/python3.10/site-packages/airflow/example_dags/example_params_ui_tutorial.py for tasks to queue
[2023-04-27T18:39:07.907+0300] {logging_mixin.py:137} INFO - [2023-04-27T18:39:07.907+0300] {dagbag.py:532} INFO - Filling up the DagBag from /home/vladimir/.local/lib/python3.10/site-packages/airflow/example_dags/example_params_ui_tutorial.py
[2023-04-27T18:39:07.940+0300] {processor.py:753} INFO - DAG(s) dict_keys(['example_params_ui_tutorial']) retrieved from /home/vladimir/.local/lib/python3.10/site-packages/airflow/example_dags/example_params_ui_tutorial.py
[2023-04-27T18:39:07.977+0300] {logging_mixin.py:137} INFO - [2023-04-27T18:39:07.976+0300] {dag.py:2705} INFO - Sync 1 DAGs
[2023-04-27T18:39:07.988+0300] {logging_mixin.py:137} INFO - [2023-04-27T18:39:07.988+0300] {dag.py:3452} INFO - Setting next_dagrun for example_params_ui_tutorial to None, run_after=None
[2023-04-27T18:39:08.001+0300] {processor.py:175} INFO - Processing /home/vladimir/.local/lib/python3.10/site-packages/airflow/example_dags/example_params_ui_tutorial.py took 0.098 seconds
[2023-04-27T18:39:46.066+0300] {processor.py:153} INFO - Started process (PID=8175) to work on /home/vladimir/.local/lib/python3.10/site-packages/airflow/example_dags/example_params_ui_tutorial.py
[2023-04-27T18:39:46.067+0300] {processor.py:743} INFO - Processing file /home/vladimir/.local/lib/python3.10/site-packages/airflow/example_dags/example_params_ui_tutorial.py for tasks to queue
[2023-04-27T18:39:46.067+0300] {logging_mixin.py:137} INFO - [2023-04-27T18:39:46.067+0300] {dagbag.py:532} INFO - Filling up the DagBag from /home/vladimir/.local/lib/python3.10/site-packages/airflow/example_dags/example_params_ui_tutorial.py
[2023-04-27T18:39:46.103+0300] {processor.py:753} INFO - DAG(s) dict_keys(['example_params_ui_tutorial']) retrieved from /home/vladimir/.local/lib/python3.10/site-packages/airflow/example_dags/example_params_ui_tutorial.py
[2023-04-27T18:39:46.140+0300] {logging_mixin.py:137} INFO - [2023-04-27T18:39:46.140+0300] {dag.py:2705} INFO - Sync 1 DAGs
[2023-04-27T18:39:46.153+0300] {logging_mixin.py:137} INFO - [2023-04-27T18:39:46.152+0300] {dag.py:3452} INFO - Setting next_dagrun for example_params_ui_tutorial to None, run_after=None
[2023-04-27T18:39:46.164+0300] {processor.py:175} INFO - Processing /home/vladimir/.local/lib/python3.10/site-packages/airflow/example_dags/example_params_ui_tutorial.py took 0.100 seconds
[2023-04-27T18:40:23.967+0300] {processor.py:153} INFO - Started process (PID=8274) to work on /home/vladimir/.local/lib/python3.10/site-packages/airflow/example_dags/example_params_ui_tutorial.py
[2023-04-27T18:40:23.968+0300] {processor.py:743} INFO - Processing file /home/vladimir/.local/lib/python3.10/site-packages/airflow/example_dags/example_params_ui_tutorial.py for tasks to queue
[2023-04-27T18:40:23.969+0300] {logging_mixin.py:137} INFO - [2023-04-27T18:40:23.968+0300] {dagbag.py:532} INFO - Filling up the DagBag from /home/vladimir/.local/lib/python3.10/site-packages/airflow/example_dags/example_params_ui_tutorial.py
[2023-04-27T18:40:24.002+0300] {processor.py:753} INFO - DAG(s) dict_keys(['example_params_ui_tutorial']) retrieved from /home/vladimir/.local/lib/python3.10/site-packages/airflow/example_dags/example_params_ui_tutorial.py
[2023-04-27T18:40:24.038+0300] {logging_mixin.py:137} INFO - [2023-04-27T18:40:24.038+0300] {dag.py:2705} INFO - Sync 1 DAGs
[2023-04-27T18:40:24.050+0300] {logging_mixin.py:137} INFO - [2023-04-27T18:40:24.049+0300] {dag.py:3452} INFO - Setting next_dagrun for example_params_ui_tutorial to None, run_after=None
[2023-04-27T18:40:24.061+0300] {processor.py:175} INFO - Processing /home/vladimir/.local/lib/python3.10/site-packages/airflow/example_dags/example_params_ui_tutorial.py took 0.096 seconds
[2023-04-27T18:41:09.768+0300] {processor.py:153} INFO - Started process (PID=2788) to work on /home/vladimir/.local/lib/python3.10/site-packages/airflow/example_dags/example_params_ui_tutorial.py
[2023-04-27T18:41:09.769+0300] {processor.py:743} INFO - Processing file /home/vladimir/.local/lib/python3.10/site-packages/airflow/example_dags/example_params_ui_tutorial.py for tasks to queue
[2023-04-27T18:41:09.770+0300] {logging_mixin.py:137} INFO - [2023-04-27T18:41:09.770+0300] {dagbag.py:532} INFO - Filling up the DagBag from /home/vladimir/.local/lib/python3.10/site-packages/airflow/example_dags/example_params_ui_tutorial.py
[2023-04-27T18:41:09.808+0300] {processor.py:753} INFO - DAG(s) dict_keys(['example_params_ui_tutorial']) retrieved from /home/vladimir/.local/lib/python3.10/site-packages/airflow/example_dags/example_params_ui_tutorial.py
[2023-04-27T18:41:09.846+0300] {logging_mixin.py:137} INFO - [2023-04-27T18:41:09.846+0300] {dag.py:2705} INFO - Sync 1 DAGs
[2023-04-27T18:41:09.860+0300] {logging_mixin.py:137} INFO - [2023-04-27T18:41:09.860+0300] {dag.py:3452} INFO - Setting next_dagrun for example_params_ui_tutorial to None, run_after=None
[2023-04-27T18:41:09.872+0300] {processor.py:175} INFO - Processing /home/vladimir/.local/lib/python3.10/site-packages/airflow/example_dags/example_params_ui_tutorial.py took 0.106 seconds
[2023-04-27T18:41:48.922+0300] {processor.py:153} INFO - Started process (PID=3428) to work on /home/vladimir/.local/lib/python3.10/site-packages/airflow/example_dags/example_params_ui_tutorial.py
[2023-04-27T18:41:48.923+0300] {processor.py:743} INFO - Processing file /home/vladimir/.local/lib/python3.10/site-packages/airflow/example_dags/example_params_ui_tutorial.py for tasks to queue
[2023-04-27T18:41:48.924+0300] {logging_mixin.py:137} INFO - [2023-04-27T18:41:48.923+0300] {dagbag.py:532} INFO - Filling up the DagBag from /home/vladimir/.local/lib/python3.10/site-packages/airflow/example_dags/example_params_ui_tutorial.py
[2023-04-27T18:41:48.956+0300] {processor.py:753} INFO - DAG(s) dict_keys(['example_params_ui_tutorial']) retrieved from /home/vladimir/.local/lib/python3.10/site-packages/airflow/example_dags/example_params_ui_tutorial.py
[2023-04-27T18:41:48.991+0300] {logging_mixin.py:137} INFO - [2023-04-27T18:41:48.990+0300] {dag.py:2705} INFO - Sync 1 DAGs
[2023-04-27T18:41:49.002+0300] {logging_mixin.py:137} INFO - [2023-04-27T18:41:49.002+0300] {dag.py:3452} INFO - Setting next_dagrun for example_params_ui_tutorial to None, run_after=None
[2023-04-27T18:41:49.013+0300] {processor.py:175} INFO - Processing /home/vladimir/.local/lib/python3.10/site-packages/airflow/example_dags/example_params_ui_tutorial.py took 0.094 seconds
[2023-04-27T18:42:31.132+0300] {processor.py:153} INFO - Started process (PID=4474) to work on /home/vladimir/.local/lib/python3.10/site-packages/airflow/example_dags/example_params_ui_tutorial.py
[2023-04-27T18:42:31.133+0300] {processor.py:743} INFO - Processing file /home/vladimir/.local/lib/python3.10/site-packages/airflow/example_dags/example_params_ui_tutorial.py for tasks to queue
[2023-04-27T18:42:31.134+0300] {logging_mixin.py:137} INFO - [2023-04-27T18:42:31.134+0300] {dagbag.py:532} INFO - Filling up the DagBag from /home/vladimir/.local/lib/python3.10/site-packages/airflow/example_dags/example_params_ui_tutorial.py
[2023-04-27T18:42:31.170+0300] {processor.py:753} INFO - DAG(s) dict_keys(['example_params_ui_tutorial']) retrieved from /home/vladimir/.local/lib/python3.10/site-packages/airflow/example_dags/example_params_ui_tutorial.py
[2023-04-27T18:42:31.208+0300] {logging_mixin.py:137} INFO - [2023-04-27T18:42:31.208+0300] {dag.py:2705} INFO - Sync 1 DAGs
[2023-04-27T18:42:31.221+0300] {logging_mixin.py:137} INFO - [2023-04-27T18:42:31.221+0300] {dag.py:3452} INFO - Setting next_dagrun for example_params_ui_tutorial to None, run_after=None
[2023-04-27T18:42:31.234+0300] {processor.py:175} INFO - Processing /home/vladimir/.local/lib/python3.10/site-packages/airflow/example_dags/example_params_ui_tutorial.py took 0.105 seconds
[2023-04-27T18:43:07.186+0300] {processor.py:153} INFO - Started process (PID=4978) to work on /home/vladimir/.local/lib/python3.10/site-packages/airflow/example_dags/example_params_ui_tutorial.py
[2023-04-27T18:43:07.187+0300] {processor.py:743} INFO - Processing file /home/vladimir/.local/lib/python3.10/site-packages/airflow/example_dags/example_params_ui_tutorial.py for tasks to queue
[2023-04-27T18:43:07.187+0300] {logging_mixin.py:137} INFO - [2023-04-27T18:43:07.187+0300] {dagbag.py:532} INFO - Filling up the DagBag from /home/vladimir/.local/lib/python3.10/site-packages/airflow/example_dags/example_params_ui_tutorial.py
[2023-04-27T18:43:07.223+0300] {processor.py:753} INFO - DAG(s) dict_keys(['example_params_ui_tutorial']) retrieved from /home/vladimir/.local/lib/python3.10/site-packages/airflow/example_dags/example_params_ui_tutorial.py
[2023-04-27T18:43:07.263+0300] {logging_mixin.py:137} INFO - [2023-04-27T18:43:07.263+0300] {dag.py:2705} INFO - Sync 1 DAGs
[2023-04-27T18:43:07.276+0300] {logging_mixin.py:137} INFO - [2023-04-27T18:43:07.276+0300] {dag.py:3452} INFO - Setting next_dagrun for example_params_ui_tutorial to None, run_after=None
[2023-04-27T18:43:07.293+0300] {processor.py:175} INFO - Processing /home/vladimir/.local/lib/python3.10/site-packages/airflow/example_dags/example_params_ui_tutorial.py took 0.110 seconds
[2023-04-27T18:43:42.397+0300] {processor.py:153} INFO - Started process (PID=5357) to work on /home/vladimir/.local/lib/python3.10/site-packages/airflow/example_dags/example_params_ui_tutorial.py
[2023-04-27T18:43:42.398+0300] {processor.py:743} INFO - Processing file /home/vladimir/.local/lib/python3.10/site-packages/airflow/example_dags/example_params_ui_tutorial.py for tasks to queue
[2023-04-27T18:43:42.398+0300] {logging_mixin.py:137} INFO - [2023-04-27T18:43:42.398+0300] {dagbag.py:532} INFO - Filling up the DagBag from /home/vladimir/.local/lib/python3.10/site-packages/airflow/example_dags/example_params_ui_tutorial.py
[2023-04-27T18:43:42.453+0300] {processor.py:753} INFO - DAG(s) dict_keys(['example_params_ui_tutorial']) retrieved from /home/vladimir/.local/lib/python3.10/site-packages/airflow/example_dags/example_params_ui_tutorial.py
[2023-04-27T18:43:42.505+0300] {logging_mixin.py:137} INFO - [2023-04-27T18:43:42.505+0300] {dag.py:2705} INFO - Sync 1 DAGs
[2023-04-27T18:43:42.523+0300] {logging_mixin.py:137} INFO - [2023-04-27T18:43:42.523+0300] {dag.py:3452} INFO - Setting next_dagrun for example_params_ui_tutorial to None, run_after=None
[2023-04-27T18:43:42.544+0300] {processor.py:175} INFO - Processing /home/vladimir/.local/lib/python3.10/site-packages/airflow/example_dags/example_params_ui_tutorial.py took 0.149 seconds
[2023-04-27T18:44:26.004+0300] {processor.py:153} INFO - Started process (PID=8857) to work on /home/vladimir/.local/lib/python3.10/site-packages/airflow/example_dags/example_params_ui_tutorial.py
[2023-04-27T18:44:26.017+0300] {processor.py:743} INFO - Processing file /home/vladimir/.local/lib/python3.10/site-packages/airflow/example_dags/example_params_ui_tutorial.py for tasks to queue
[2023-04-27T18:44:26.018+0300] {logging_mixin.py:137} INFO - [2023-04-27T18:44:26.018+0300] {dagbag.py:532} INFO - Filling up the DagBag from /home/vladimir/.local/lib/python3.10/site-packages/airflow/example_dags/example_params_ui_tutorial.py
[2023-04-27T18:44:26.106+0300] {processor.py:753} INFO - DAG(s) dict_keys(['example_params_ui_tutorial']) retrieved from /home/vladimir/.local/lib/python3.10/site-packages/airflow/example_dags/example_params_ui_tutorial.py
[2023-04-27T18:44:26.185+0300] {logging_mixin.py:137} INFO - [2023-04-27T18:44:26.185+0300] {dag.py:2705} INFO - Sync 1 DAGs
[2023-04-27T18:44:26.218+0300] {logging_mixin.py:137} INFO - [2023-04-27T18:44:26.218+0300] {dag.py:3452} INFO - Setting next_dagrun for example_params_ui_tutorial to None, run_after=None
[2023-04-27T18:44:26.247+0300] {processor.py:175} INFO - Processing /home/vladimir/.local/lib/python3.10/site-packages/airflow/example_dags/example_params_ui_tutorial.py took 0.245 seconds
[2023-04-27T18:45:05.549+0300] {processor.py:153} INFO - Started process (PID=9869) to work on /home/vladimir/.local/lib/python3.10/site-packages/airflow/example_dags/example_params_ui_tutorial.py
[2023-04-27T18:45:05.553+0300] {processor.py:743} INFO - Processing file /home/vladimir/.local/lib/python3.10/site-packages/airflow/example_dags/example_params_ui_tutorial.py for tasks to queue
[2023-04-27T18:45:05.553+0300] {logging_mixin.py:137} INFO - [2023-04-27T18:45:05.553+0300] {dagbag.py:532} INFO - Filling up the DagBag from /home/vladimir/.local/lib/python3.10/site-packages/airflow/example_dags/example_params_ui_tutorial.py
[2023-04-27T18:45:05.628+0300] {processor.py:753} INFO - DAG(s) dict_keys(['example_params_ui_tutorial']) retrieved from /home/vladimir/.local/lib/python3.10/site-packages/airflow/example_dags/example_params_ui_tutorial.py
[2023-04-27T18:45:05.707+0300] {logging_mixin.py:137} INFO - [2023-04-27T18:45:05.706+0300] {dag.py:2705} INFO - Sync 1 DAGs
[2023-04-27T18:45:05.743+0300] {logging_mixin.py:137} INFO - [2023-04-27T18:45:05.743+0300] {dag.py:3452} INFO - Setting next_dagrun for example_params_ui_tutorial to None, run_after=None
[2023-04-27T18:45:05.776+0300] {processor.py:175} INFO - Processing /home/vladimir/.local/lib/python3.10/site-packages/airflow/example_dags/example_params_ui_tutorial.py took 0.233 seconds
[2023-04-27T18:45:52.496+0300] {processor.py:153} INFO - Started process (PID=15982) to work on /home/vladimir/.local/lib/python3.10/site-packages/airflow/example_dags/example_params_ui_tutorial.py
[2023-04-27T18:45:52.498+0300] {processor.py:743} INFO - Processing file /home/vladimir/.local/lib/python3.10/site-packages/airflow/example_dags/example_params_ui_tutorial.py for tasks to queue
[2023-04-27T18:45:52.503+0300] {logging_mixin.py:137} INFO - [2023-04-27T18:45:52.499+0300] {dagbag.py:532} INFO - Filling up the DagBag from /home/vladimir/.local/lib/python3.10/site-packages/airflow/example_dags/example_params_ui_tutorial.py
[2023-04-27T18:45:52.743+0300] {processor.py:753} INFO - DAG(s) dict_keys(['example_params_ui_tutorial']) retrieved from /home/vladimir/.local/lib/python3.10/site-packages/airflow/example_dags/example_params_ui_tutorial.py
[2023-04-27T18:45:52.833+0300] {logging_mixin.py:137} INFO - [2023-04-27T18:45:52.833+0300] {dag.py:2705} INFO - Sync 1 DAGs
[2023-04-27T18:45:52.873+0300] {logging_mixin.py:137} INFO - [2023-04-27T18:45:52.873+0300] {dag.py:3452} INFO - Setting next_dagrun for example_params_ui_tutorial to None, run_after=None
[2023-04-27T18:45:52.927+0300] {processor.py:175} INFO - Processing /home/vladimir/.local/lib/python3.10/site-packages/airflow/example_dags/example_params_ui_tutorial.py took 0.452 seconds
[2023-04-27T18:46:45.769+0300] {processor.py:153} INFO - Started process (PID=2744) to work on /home/vladimir/.local/lib/python3.10/site-packages/airflow/example_dags/example_params_ui_tutorial.py
[2023-04-27T18:46:45.770+0300] {processor.py:743} INFO - Processing file /home/vladimir/.local/lib/python3.10/site-packages/airflow/example_dags/example_params_ui_tutorial.py for tasks to queue
[2023-04-27T18:46:45.770+0300] {logging_mixin.py:137} INFO - [2023-04-27T18:46:45.770+0300] {dagbag.py:532} INFO - Filling up the DagBag from /home/vladimir/.local/lib/python3.10/site-packages/airflow/example_dags/example_params_ui_tutorial.py
[2023-04-27T18:46:45.807+0300] {processor.py:753} INFO - DAG(s) dict_keys(['example_params_ui_tutorial']) retrieved from /home/vladimir/.local/lib/python3.10/site-packages/airflow/example_dags/example_params_ui_tutorial.py
[2023-04-27T18:46:45.846+0300] {logging_mixin.py:137} INFO - [2023-04-27T18:46:45.846+0300] {dag.py:2705} INFO - Sync 1 DAGs
[2023-04-27T18:46:45.858+0300] {logging_mixin.py:137} INFO - [2023-04-27T18:46:45.858+0300] {dag.py:3452} INFO - Setting next_dagrun for example_params_ui_tutorial to None, run_after=None
[2023-04-27T18:46:45.876+0300] {processor.py:175} INFO - Processing /home/vladimir/.local/lib/python3.10/site-packages/airflow/example_dags/example_params_ui_tutorial.py took 0.109 seconds
[2023-04-27T18:47:25.948+0300] {processor.py:153} INFO - Started process (PID=3739) to work on /home/vladimir/.local/lib/python3.10/site-packages/airflow/example_dags/example_params_ui_tutorial.py
[2023-04-27T18:47:25.949+0300] {processor.py:743} INFO - Processing file /home/vladimir/.local/lib/python3.10/site-packages/airflow/example_dags/example_params_ui_tutorial.py for tasks to queue
[2023-04-27T18:47:25.949+0300] {logging_mixin.py:137} INFO - [2023-04-27T18:47:25.949+0300] {dagbag.py:532} INFO - Filling up the DagBag from /home/vladimir/.local/lib/python3.10/site-packages/airflow/example_dags/example_params_ui_tutorial.py
[2023-04-27T18:47:25.988+0300] {processor.py:753} INFO - DAG(s) dict_keys(['example_params_ui_tutorial']) retrieved from /home/vladimir/.local/lib/python3.10/site-packages/airflow/example_dags/example_params_ui_tutorial.py
[2023-04-27T18:47:26.029+0300] {logging_mixin.py:137} INFO - [2023-04-27T18:47:26.029+0300] {dag.py:2705} INFO - Sync 1 DAGs
[2023-04-27T18:47:26.047+0300] {logging_mixin.py:137} INFO - [2023-04-27T18:47:26.047+0300] {dag.py:3452} INFO - Setting next_dagrun for example_params_ui_tutorial to None, run_after=None
[2023-04-27T18:47:26.068+0300] {processor.py:175} INFO - Processing /home/vladimir/.local/lib/python3.10/site-packages/airflow/example_dags/example_params_ui_tutorial.py took 0.122 seconds
[2023-04-27T18:48:07.007+0300] {processor.py:153} INFO - Started process (PID=4109) to work on /home/vladimir/.local/lib/python3.10/site-packages/airflow/example_dags/example_params_ui_tutorial.py
[2023-04-27T18:48:07.008+0300] {processor.py:743} INFO - Processing file /home/vladimir/.local/lib/python3.10/site-packages/airflow/example_dags/example_params_ui_tutorial.py for tasks to queue
[2023-04-27T18:48:07.009+0300] {logging_mixin.py:137} INFO - [2023-04-27T18:48:07.009+0300] {dagbag.py:532} INFO - Filling up the DagBag from /home/vladimir/.local/lib/python3.10/site-packages/airflow/example_dags/example_params_ui_tutorial.py
[2023-04-27T18:48:07.046+0300] {processor.py:753} INFO - DAG(s) dict_keys(['example_params_ui_tutorial']) retrieved from /home/vladimir/.local/lib/python3.10/site-packages/airflow/example_dags/example_params_ui_tutorial.py
[2023-04-27T18:48:07.091+0300] {logging_mixin.py:137} INFO - [2023-04-27T18:48:07.091+0300] {dag.py:2705} INFO - Sync 1 DAGs
[2023-04-27T18:48:07.105+0300] {logging_mixin.py:137} INFO - [2023-04-27T18:48:07.105+0300] {dag.py:3452} INFO - Setting next_dagrun for example_params_ui_tutorial to None, run_after=None
[2023-04-27T18:48:07.118+0300] {processor.py:175} INFO - Processing /home/vladimir/.local/lib/python3.10/site-packages/airflow/example_dags/example_params_ui_tutorial.py took 0.112 seconds
[2023-04-27T18:48:41.839+0300] {processor.py:153} INFO - Started process (PID=4154) to work on /home/vladimir/.local/lib/python3.10/site-packages/airflow/example_dags/example_params_ui_tutorial.py
[2023-04-27T18:48:41.840+0300] {processor.py:743} INFO - Processing file /home/vladimir/.local/lib/python3.10/site-packages/airflow/example_dags/example_params_ui_tutorial.py for tasks to queue
[2023-04-27T18:48:41.840+0300] {logging_mixin.py:137} INFO - [2023-04-27T18:48:41.840+0300] {dagbag.py:532} INFO - Filling up the DagBag from /home/vladimir/.local/lib/python3.10/site-packages/airflow/example_dags/example_params_ui_tutorial.py
[2023-04-27T18:48:41.874+0300] {processor.py:753} INFO - DAG(s) dict_keys(['example_params_ui_tutorial']) retrieved from /home/vladimir/.local/lib/python3.10/site-packages/airflow/example_dags/example_params_ui_tutorial.py
[2023-04-27T18:48:41.911+0300] {logging_mixin.py:137} INFO - [2023-04-27T18:48:41.911+0300] {dag.py:2705} INFO - Sync 1 DAGs
[2023-04-27T18:48:41.923+0300] {logging_mixin.py:137} INFO - [2023-04-27T18:48:41.923+0300] {dag.py:3452} INFO - Setting next_dagrun for example_params_ui_tutorial to None, run_after=None
[2023-04-27T18:48:41.935+0300] {processor.py:175} INFO - Processing /home/vladimir/.local/lib/python3.10/site-packages/airflow/example_dags/example_params_ui_tutorial.py took 0.098 seconds
[2023-04-27T18:49:20.368+0300] {processor.py:153} INFO - Started process (PID=4193) to work on /home/vladimir/.local/lib/python3.10/site-packages/airflow/example_dags/example_params_ui_tutorial.py
[2023-04-27T18:49:20.369+0300] {processor.py:743} INFO - Processing file /home/vladimir/.local/lib/python3.10/site-packages/airflow/example_dags/example_params_ui_tutorial.py for tasks to queue
[2023-04-27T18:49:20.369+0300] {logging_mixin.py:137} INFO - [2023-04-27T18:49:20.369+0300] {dagbag.py:532} INFO - Filling up the DagBag from /home/vladimir/.local/lib/python3.10/site-packages/airflow/example_dags/example_params_ui_tutorial.py
[2023-04-27T18:49:20.402+0300] {processor.py:753} INFO - DAG(s) dict_keys(['example_params_ui_tutorial']) retrieved from /home/vladimir/.local/lib/python3.10/site-packages/airflow/example_dags/example_params_ui_tutorial.py
[2023-04-27T18:49:20.440+0300] {logging_mixin.py:137} INFO - [2023-04-27T18:49:20.440+0300] {dag.py:2705} INFO - Sync 1 DAGs
[2023-04-27T18:49:20.452+0300] {logging_mixin.py:137} INFO - [2023-04-27T18:49:20.452+0300] {dag.py:3452} INFO - Setting next_dagrun for example_params_ui_tutorial to None, run_after=None
[2023-04-27T18:49:20.464+0300] {processor.py:175} INFO - Processing /home/vladimir/.local/lib/python3.10/site-packages/airflow/example_dags/example_params_ui_tutorial.py took 0.098 seconds
[2023-04-27T18:49:58.323+0300] {processor.py:153} INFO - Started process (PID=4493) to work on /home/vladimir/.local/lib/python3.10/site-packages/airflow/example_dags/example_params_ui_tutorial.py
[2023-04-27T18:49:58.324+0300] {processor.py:743} INFO - Processing file /home/vladimir/.local/lib/python3.10/site-packages/airflow/example_dags/example_params_ui_tutorial.py for tasks to queue
[2023-04-27T18:49:58.324+0300] {logging_mixin.py:137} INFO - [2023-04-27T18:49:58.324+0300] {dagbag.py:532} INFO - Filling up the DagBag from /home/vladimir/.local/lib/python3.10/site-packages/airflow/example_dags/example_params_ui_tutorial.py
[2023-04-27T18:49:58.360+0300] {processor.py:753} INFO - DAG(s) dict_keys(['example_params_ui_tutorial']) retrieved from /home/vladimir/.local/lib/python3.10/site-packages/airflow/example_dags/example_params_ui_tutorial.py
[2023-04-27T18:49:58.397+0300] {logging_mixin.py:137} INFO - [2023-04-27T18:49:58.397+0300] {dag.py:2705} INFO - Sync 1 DAGs
[2023-04-27T18:49:58.409+0300] {logging_mixin.py:137} INFO - [2023-04-27T18:49:58.409+0300] {dag.py:3452} INFO - Setting next_dagrun for example_params_ui_tutorial to None, run_after=None
[2023-04-27T18:49:58.423+0300] {processor.py:175} INFO - Processing /home/vladimir/.local/lib/python3.10/site-packages/airflow/example_dags/example_params_ui_tutorial.py took 0.103 seconds
[2023-04-27T18:50:37.389+0300] {processor.py:153} INFO - Started process (PID=4992) to work on /home/vladimir/.local/lib/python3.10/site-packages/airflow/example_dags/example_params_ui_tutorial.py
[2023-04-27T18:50:37.390+0300] {processor.py:743} INFO - Processing file /home/vladimir/.local/lib/python3.10/site-packages/airflow/example_dags/example_params_ui_tutorial.py for tasks to queue
[2023-04-27T18:50:37.391+0300] {logging_mixin.py:137} INFO - [2023-04-27T18:50:37.391+0300] {dagbag.py:532} INFO - Filling up the DagBag from /home/vladimir/.local/lib/python3.10/site-packages/airflow/example_dags/example_params_ui_tutorial.py
[2023-04-27T18:50:37.426+0300] {processor.py:753} INFO - DAG(s) dict_keys(['example_params_ui_tutorial']) retrieved from /home/vladimir/.local/lib/python3.10/site-packages/airflow/example_dags/example_params_ui_tutorial.py
[2023-04-27T18:50:37.465+0300] {logging_mixin.py:137} INFO - [2023-04-27T18:50:37.465+0300] {dag.py:2705} INFO - Sync 1 DAGs
[2023-04-27T18:50:37.477+0300] {logging_mixin.py:137} INFO - [2023-04-27T18:50:37.477+0300] {dag.py:3452} INFO - Setting next_dagrun for example_params_ui_tutorial to None, run_after=None
[2023-04-27T18:50:37.489+0300] {processor.py:175} INFO - Processing /home/vladimir/.local/lib/python3.10/site-packages/airflow/example_dags/example_params_ui_tutorial.py took 0.106 seconds
[2023-04-27T18:51:19.833+0300] {processor.py:153} INFO - Started process (PID=5257) to work on /home/vladimir/.local/lib/python3.10/site-packages/airflow/example_dags/example_params_ui_tutorial.py
[2023-04-27T18:51:19.834+0300] {processor.py:743} INFO - Processing file /home/vladimir/.local/lib/python3.10/site-packages/airflow/example_dags/example_params_ui_tutorial.py for tasks to queue
[2023-04-27T18:51:19.835+0300] {logging_mixin.py:137} INFO - [2023-04-27T18:51:19.835+0300] {dagbag.py:532} INFO - Filling up the DagBag from /home/vladimir/.local/lib/python3.10/site-packages/airflow/example_dags/example_params_ui_tutorial.py
[2023-04-27T18:51:19.868+0300] {processor.py:753} INFO - DAG(s) dict_keys(['example_params_ui_tutorial']) retrieved from /home/vladimir/.local/lib/python3.10/site-packages/airflow/example_dags/example_params_ui_tutorial.py
[2023-04-27T18:51:19.905+0300] {logging_mixin.py:137} INFO - [2023-04-27T18:51:19.905+0300] {dag.py:2705} INFO - Sync 1 DAGs
[2023-04-27T18:51:19.921+0300] {logging_mixin.py:137} INFO - [2023-04-27T18:51:19.921+0300] {dag.py:3452} INFO - Setting next_dagrun for example_params_ui_tutorial to None, run_after=None
[2023-04-27T18:51:19.935+0300] {processor.py:175} INFO - Processing /home/vladimir/.local/lib/python3.10/site-packages/airflow/example_dags/example_params_ui_tutorial.py took 0.104 seconds
[2023-04-27T18:51:53.468+0300] {processor.py:153} INFO - Started process (PID=5299) to work on /home/vladimir/.local/lib/python3.10/site-packages/airflow/example_dags/example_params_ui_tutorial.py
[2023-04-27T18:51:53.469+0300] {processor.py:743} INFO - Processing file /home/vladimir/.local/lib/python3.10/site-packages/airflow/example_dags/example_params_ui_tutorial.py for tasks to queue
[2023-04-27T18:51:53.469+0300] {logging_mixin.py:137} INFO - [2023-04-27T18:51:53.469+0300] {dagbag.py:532} INFO - Filling up the DagBag from /home/vladimir/.local/lib/python3.10/site-packages/airflow/example_dags/example_params_ui_tutorial.py
[2023-04-27T18:51:53.504+0300] {processor.py:753} INFO - DAG(s) dict_keys(['example_params_ui_tutorial']) retrieved from /home/vladimir/.local/lib/python3.10/site-packages/airflow/example_dags/example_params_ui_tutorial.py
[2023-04-27T18:51:53.542+0300] {logging_mixin.py:137} INFO - [2023-04-27T18:51:53.542+0300] {dag.py:2705} INFO - Sync 1 DAGs
[2023-04-27T18:51:53.556+0300] {logging_mixin.py:137} INFO - [2023-04-27T18:51:53.556+0300] {dag.py:3452} INFO - Setting next_dagrun for example_params_ui_tutorial to None, run_after=None
[2023-04-27T18:51:53.570+0300] {processor.py:175} INFO - Processing /home/vladimir/.local/lib/python3.10/site-packages/airflow/example_dags/example_params_ui_tutorial.py took 0.104 seconds
[2023-04-27T18:52:28.288+0300] {processor.py:153} INFO - Started process (PID=5337) to work on /home/vladimir/.local/lib/python3.10/site-packages/airflow/example_dags/example_params_ui_tutorial.py
[2023-04-27T18:52:28.288+0300] {processor.py:743} INFO - Processing file /home/vladimir/.local/lib/python3.10/site-packages/airflow/example_dags/example_params_ui_tutorial.py for tasks to queue
[2023-04-27T18:52:28.289+0300] {logging_mixin.py:137} INFO - [2023-04-27T18:52:28.289+0300] {dagbag.py:532} INFO - Filling up the DagBag from /home/vladimir/.local/lib/python3.10/site-packages/airflow/example_dags/example_params_ui_tutorial.py
[2023-04-27T18:52:28.325+0300] {processor.py:753} INFO - DAG(s) dict_keys(['example_params_ui_tutorial']) retrieved from /home/vladimir/.local/lib/python3.10/site-packages/airflow/example_dags/example_params_ui_tutorial.py
[2023-04-27T18:52:28.364+0300] {logging_mixin.py:137} INFO - [2023-04-27T18:52:28.364+0300] {dag.py:2705} INFO - Sync 1 DAGs
[2023-04-27T18:52:28.378+0300] {logging_mixin.py:137} INFO - [2023-04-27T18:52:28.378+0300] {dag.py:3452} INFO - Setting next_dagrun for example_params_ui_tutorial to None, run_after=None
[2023-04-27T18:52:28.391+0300] {processor.py:175} INFO - Processing /home/vladimir/.local/lib/python3.10/site-packages/airflow/example_dags/example_params_ui_tutorial.py took 0.106 seconds
[2023-04-27T18:53:06.556+0300] {processor.py:153} INFO - Started process (PID=5401) to work on /home/vladimir/.local/lib/python3.10/site-packages/airflow/example_dags/example_params_ui_tutorial.py
[2023-04-27T18:53:06.557+0300] {processor.py:743} INFO - Processing file /home/vladimir/.local/lib/python3.10/site-packages/airflow/example_dags/example_params_ui_tutorial.py for tasks to queue
[2023-04-27T18:53:06.558+0300] {logging_mixin.py:137} INFO - [2023-04-27T18:53:06.558+0300] {dagbag.py:532} INFO - Filling up the DagBag from /home/vladimir/.local/lib/python3.10/site-packages/airflow/example_dags/example_params_ui_tutorial.py
[2023-04-27T18:53:06.591+0300] {processor.py:753} INFO - DAG(s) dict_keys(['example_params_ui_tutorial']) retrieved from /home/vladimir/.local/lib/python3.10/site-packages/airflow/example_dags/example_params_ui_tutorial.py
[2023-04-27T18:53:06.630+0300] {logging_mixin.py:137} INFO - [2023-04-27T18:53:06.630+0300] {dag.py:2705} INFO - Sync 1 DAGs
[2023-04-27T18:53:06.643+0300] {logging_mixin.py:137} INFO - [2023-04-27T18:53:06.643+0300] {dag.py:3452} INFO - Setting next_dagrun for example_params_ui_tutorial to None, run_after=None
[2023-04-27T18:53:06.654+0300] {processor.py:175} INFO - Processing /home/vladimir/.local/lib/python3.10/site-packages/airflow/example_dags/example_params_ui_tutorial.py took 0.100 seconds
[2023-04-27T18:53:49.936+0300] {processor.py:153} INFO - Started process (PID=5569) to work on /home/vladimir/.local/lib/python3.10/site-packages/airflow/example_dags/example_params_ui_tutorial.py
[2023-04-27T18:53:49.937+0300] {processor.py:743} INFO - Processing file /home/vladimir/.local/lib/python3.10/site-packages/airflow/example_dags/example_params_ui_tutorial.py for tasks to queue
[2023-04-27T18:53:49.937+0300] {logging_mixin.py:137} INFO - [2023-04-27T18:53:49.937+0300] {dagbag.py:532} INFO - Filling up the DagBag from /home/vladimir/.local/lib/python3.10/site-packages/airflow/example_dags/example_params_ui_tutorial.py
[2023-04-27T18:53:49.969+0300] {processor.py:753} INFO - DAG(s) dict_keys(['example_params_ui_tutorial']) retrieved from /home/vladimir/.local/lib/python3.10/site-packages/airflow/example_dags/example_params_ui_tutorial.py
[2023-04-27T18:53:50.006+0300] {logging_mixin.py:137} INFO - [2023-04-27T18:53:50.006+0300] {dag.py:2705} INFO - Sync 1 DAGs
[2023-04-27T18:53:50.018+0300] {logging_mixin.py:137} INFO - [2023-04-27T18:53:50.018+0300] {dag.py:3452} INFO - Setting next_dagrun for example_params_ui_tutorial to None, run_after=None
[2023-04-27T18:53:50.031+0300] {processor.py:175} INFO - Processing /home/vladimir/.local/lib/python3.10/site-packages/airflow/example_dags/example_params_ui_tutorial.py took 0.097 seconds
[2023-04-27T18:54:25.388+0300] {processor.py:153} INFO - Started process (PID=5606) to work on /home/vladimir/.local/lib/python3.10/site-packages/airflow/example_dags/example_params_ui_tutorial.py
[2023-04-27T18:54:25.388+0300] {processor.py:743} INFO - Processing file /home/vladimir/.local/lib/python3.10/site-packages/airflow/example_dags/example_params_ui_tutorial.py for tasks to queue
[2023-04-27T18:54:25.389+0300] {logging_mixin.py:137} INFO - [2023-04-27T18:54:25.389+0300] {dagbag.py:532} INFO - Filling up the DagBag from /home/vladimir/.local/lib/python3.10/site-packages/airflow/example_dags/example_params_ui_tutorial.py
[2023-04-27T18:54:25.421+0300] {processor.py:753} INFO - DAG(s) dict_keys(['example_params_ui_tutorial']) retrieved from /home/vladimir/.local/lib/python3.10/site-packages/airflow/example_dags/example_params_ui_tutorial.py
[2023-04-27T18:54:25.456+0300] {logging_mixin.py:137} INFO - [2023-04-27T18:54:25.456+0300] {dag.py:2705} INFO - Sync 1 DAGs
[2023-04-27T18:54:25.468+0300] {logging_mixin.py:137} INFO - [2023-04-27T18:54:25.468+0300] {dag.py:3452} INFO - Setting next_dagrun for example_params_ui_tutorial to None, run_after=None
[2023-04-27T18:54:25.481+0300] {processor.py:175} INFO - Processing /home/vladimir/.local/lib/python3.10/site-packages/airflow/example_dags/example_params_ui_tutorial.py took 0.097 seconds
[2023-04-27T18:55:02.334+0300] {processor.py:153} INFO - Started process (PID=5655) to work on /home/vladimir/.local/lib/python3.10/site-packages/airflow/example_dags/example_params_ui_tutorial.py
[2023-04-27T18:55:02.335+0300] {processor.py:743} INFO - Processing file /home/vladimir/.local/lib/python3.10/site-packages/airflow/example_dags/example_params_ui_tutorial.py for tasks to queue
[2023-04-27T18:55:02.336+0300] {logging_mixin.py:137} INFO - [2023-04-27T18:55:02.336+0300] {dagbag.py:532} INFO - Filling up the DagBag from /home/vladimir/.local/lib/python3.10/site-packages/airflow/example_dags/example_params_ui_tutorial.py
[2023-04-27T18:55:02.370+0300] {processor.py:753} INFO - DAG(s) dict_keys(['example_params_ui_tutorial']) retrieved from /home/vladimir/.local/lib/python3.10/site-packages/airflow/example_dags/example_params_ui_tutorial.py
[2023-04-27T18:55:02.406+0300] {logging_mixin.py:137} INFO - [2023-04-27T18:55:02.406+0300] {dag.py:2705} INFO - Sync 1 DAGs
[2023-04-27T18:55:02.420+0300] {logging_mixin.py:137} INFO - [2023-04-27T18:55:02.419+0300] {dag.py:3452} INFO - Setting next_dagrun for example_params_ui_tutorial to None, run_after=None
[2023-04-27T18:55:02.431+0300] {processor.py:175} INFO - Processing /home/vladimir/.local/lib/python3.10/site-packages/airflow/example_dags/example_params_ui_tutorial.py took 0.099 seconds
[2023-04-27T18:55:38.593+0300] {processor.py:153} INFO - Started process (PID=5697) to work on /home/vladimir/.local/lib/python3.10/site-packages/airflow/example_dags/example_params_ui_tutorial.py
[2023-04-27T18:55:38.594+0300] {processor.py:743} INFO - Processing file /home/vladimir/.local/lib/python3.10/site-packages/airflow/example_dags/example_params_ui_tutorial.py for tasks to queue
[2023-04-27T18:55:38.595+0300] {logging_mixin.py:137} INFO - [2023-04-27T18:55:38.595+0300] {dagbag.py:532} INFO - Filling up the DagBag from /home/vladimir/.local/lib/python3.10/site-packages/airflow/example_dags/example_params_ui_tutorial.py
[2023-04-27T18:55:38.627+0300] {processor.py:753} INFO - DAG(s) dict_keys(['example_params_ui_tutorial']) retrieved from /home/vladimir/.local/lib/python3.10/site-packages/airflow/example_dags/example_params_ui_tutorial.py
[2023-04-27T18:55:38.664+0300] {logging_mixin.py:137} INFO - [2023-04-27T18:55:38.663+0300] {dag.py:2705} INFO - Sync 1 DAGs
[2023-04-27T18:55:38.676+0300] {logging_mixin.py:137} INFO - [2023-04-27T18:55:38.676+0300] {dag.py:3452} INFO - Setting next_dagrun for example_params_ui_tutorial to None, run_after=None
[2023-04-27T18:55:38.687+0300] {processor.py:175} INFO - Processing /home/vladimir/.local/lib/python3.10/site-packages/airflow/example_dags/example_params_ui_tutorial.py took 0.096 seconds
[2023-04-27T18:56:11.684+0300] {processor.py:153} INFO - Started process (PID=5736) to work on /home/vladimir/.local/lib/python3.10/site-packages/airflow/example_dags/example_params_ui_tutorial.py
[2023-04-27T18:56:11.685+0300] {processor.py:743} INFO - Processing file /home/vladimir/.local/lib/python3.10/site-packages/airflow/example_dags/example_params_ui_tutorial.py for tasks to queue
[2023-04-27T18:56:11.685+0300] {logging_mixin.py:137} INFO - [2023-04-27T18:56:11.685+0300] {dagbag.py:532} INFO - Filling up the DagBag from /home/vladimir/.local/lib/python3.10/site-packages/airflow/example_dags/example_params_ui_tutorial.py
[2023-04-27T18:56:11.718+0300] {processor.py:753} INFO - DAG(s) dict_keys(['example_params_ui_tutorial']) retrieved from /home/vladimir/.local/lib/python3.10/site-packages/airflow/example_dags/example_params_ui_tutorial.py
[2023-04-27T18:56:11.757+0300] {logging_mixin.py:137} INFO - [2023-04-27T18:56:11.757+0300] {dag.py:2705} INFO - Sync 1 DAGs
[2023-04-27T18:56:11.770+0300] {logging_mixin.py:137} INFO - [2023-04-27T18:56:11.770+0300] {dag.py:3452} INFO - Setting next_dagrun for example_params_ui_tutorial to None, run_after=None
[2023-04-27T18:56:11.791+0300] {processor.py:175} INFO - Processing /home/vladimir/.local/lib/python3.10/site-packages/airflow/example_dags/example_params_ui_tutorial.py took 0.110 seconds
[2023-04-27T18:56:53.928+0300] {processor.py:153} INFO - Started process (PID=6650) to work on /home/vladimir/.local/lib/python3.10/site-packages/airflow/example_dags/example_params_ui_tutorial.py
[2023-04-27T18:56:53.929+0300] {processor.py:743} INFO - Processing file /home/vladimir/.local/lib/python3.10/site-packages/airflow/example_dags/example_params_ui_tutorial.py for tasks to queue
[2023-04-27T18:56:53.930+0300] {logging_mixin.py:137} INFO - [2023-04-27T18:56:53.930+0300] {dagbag.py:532} INFO - Filling up the DagBag from /home/vladimir/.local/lib/python3.10/site-packages/airflow/example_dags/example_params_ui_tutorial.py
[2023-04-27T18:56:53.965+0300] {processor.py:753} INFO - DAG(s) dict_keys(['example_params_ui_tutorial']) retrieved from /home/vladimir/.local/lib/python3.10/site-packages/airflow/example_dags/example_params_ui_tutorial.py
[2023-04-27T18:56:54.002+0300] {logging_mixin.py:137} INFO - [2023-04-27T18:56:54.002+0300] {dag.py:2705} INFO - Sync 1 DAGs
[2023-04-27T18:56:54.014+0300] {logging_mixin.py:137} INFO - [2023-04-27T18:56:54.014+0300] {dag.py:3452} INFO - Setting next_dagrun for example_params_ui_tutorial to None, run_after=None
[2023-04-27T18:56:54.027+0300] {processor.py:175} INFO - Processing /home/vladimir/.local/lib/python3.10/site-packages/airflow/example_dags/example_params_ui_tutorial.py took 0.101 seconds
[2023-04-27T18:57:32.700+0300] {processor.py:153} INFO - Started process (PID=6719) to work on /home/vladimir/.local/lib/python3.10/site-packages/airflow/example_dags/example_params_ui_tutorial.py
[2023-04-27T18:57:32.701+0300] {processor.py:743} INFO - Processing file /home/vladimir/.local/lib/python3.10/site-packages/airflow/example_dags/example_params_ui_tutorial.py for tasks to queue
[2023-04-27T18:57:32.701+0300] {logging_mixin.py:137} INFO - [2023-04-27T18:57:32.701+0300] {dagbag.py:532} INFO - Filling up the DagBag from /home/vladimir/.local/lib/python3.10/site-packages/airflow/example_dags/example_params_ui_tutorial.py
[2023-04-27T18:57:32.734+0300] {processor.py:753} INFO - DAG(s) dict_keys(['example_params_ui_tutorial']) retrieved from /home/vladimir/.local/lib/python3.10/site-packages/airflow/example_dags/example_params_ui_tutorial.py
[2023-04-27T18:57:32.769+0300] {logging_mixin.py:137} INFO - [2023-04-27T18:57:32.769+0300] {dag.py:2705} INFO - Sync 1 DAGs
[2023-04-27T18:57:32.781+0300] {logging_mixin.py:137} INFO - [2023-04-27T18:57:32.781+0300] {dag.py:3452} INFO - Setting next_dagrun for example_params_ui_tutorial to None, run_after=None
[2023-04-27T18:57:32.794+0300] {processor.py:175} INFO - Processing /home/vladimir/.local/lib/python3.10/site-packages/airflow/example_dags/example_params_ui_tutorial.py took 0.096 seconds
[2023-04-27T18:58:11.036+0300] {processor.py:153} INFO - Started process (PID=6787) to work on /home/vladimir/.local/lib/python3.10/site-packages/airflow/example_dags/example_params_ui_tutorial.py
[2023-04-27T18:58:11.037+0300] {processor.py:743} INFO - Processing file /home/vladimir/.local/lib/python3.10/site-packages/airflow/example_dags/example_params_ui_tutorial.py for tasks to queue
[2023-04-27T18:58:11.037+0300] {logging_mixin.py:137} INFO - [2023-04-27T18:58:11.037+0300] {dagbag.py:532} INFO - Filling up the DagBag from /home/vladimir/.local/lib/python3.10/site-packages/airflow/example_dags/example_params_ui_tutorial.py
[2023-04-27T18:58:11.070+0300] {processor.py:753} INFO - DAG(s) dict_keys(['example_params_ui_tutorial']) retrieved from /home/vladimir/.local/lib/python3.10/site-packages/airflow/example_dags/example_params_ui_tutorial.py
[2023-04-27T18:58:11.106+0300] {logging_mixin.py:137} INFO - [2023-04-27T18:58:11.106+0300] {dag.py:2705} INFO - Sync 1 DAGs
[2023-04-27T18:58:11.118+0300] {logging_mixin.py:137} INFO - [2023-04-27T18:58:11.118+0300] {dag.py:3452} INFO - Setting next_dagrun for example_params_ui_tutorial to None, run_after=None
[2023-04-27T18:58:11.131+0300] {processor.py:175} INFO - Processing /home/vladimir/.local/lib/python3.10/site-packages/airflow/example_dags/example_params_ui_tutorial.py took 0.098 seconds
[2023-04-27T18:58:43.595+0300] {processor.py:153} INFO - Started process (PID=6849) to work on /home/vladimir/.local/lib/python3.10/site-packages/airflow/example_dags/example_params_ui_tutorial.py
[2023-04-27T18:58:43.596+0300] {processor.py:743} INFO - Processing file /home/vladimir/.local/lib/python3.10/site-packages/airflow/example_dags/example_params_ui_tutorial.py for tasks to queue
[2023-04-27T18:58:43.597+0300] {logging_mixin.py:137} INFO - [2023-04-27T18:58:43.597+0300] {dagbag.py:532} INFO - Filling up the DagBag from /home/vladimir/.local/lib/python3.10/site-packages/airflow/example_dags/example_params_ui_tutorial.py
[2023-04-27T18:58:43.633+0300] {processor.py:753} INFO - DAG(s) dict_keys(['example_params_ui_tutorial']) retrieved from /home/vladimir/.local/lib/python3.10/site-packages/airflow/example_dags/example_params_ui_tutorial.py
[2023-04-27T18:58:43.671+0300] {logging_mixin.py:137} INFO - [2023-04-27T18:58:43.671+0300] {dag.py:2705} INFO - Sync 1 DAGs
[2023-04-27T18:58:43.684+0300] {logging_mixin.py:137} INFO - [2023-04-27T18:58:43.684+0300] {dag.py:3452} INFO - Setting next_dagrun for example_params_ui_tutorial to None, run_after=None
[2023-04-27T18:58:43.696+0300] {processor.py:175} INFO - Processing /home/vladimir/.local/lib/python3.10/site-packages/airflow/example_dags/example_params_ui_tutorial.py took 0.103 seconds
[2023-04-27T18:59:20.684+0300] {processor.py:153} INFO - Started process (PID=6918) to work on /home/vladimir/.local/lib/python3.10/site-packages/airflow/example_dags/example_params_ui_tutorial.py
[2023-04-27T18:59:20.688+0300] {processor.py:743} INFO - Processing file /home/vladimir/.local/lib/python3.10/site-packages/airflow/example_dags/example_params_ui_tutorial.py for tasks to queue
[2023-04-27T18:59:20.688+0300] {logging_mixin.py:137} INFO - [2023-04-27T18:59:20.688+0300] {dagbag.py:532} INFO - Filling up the DagBag from /home/vladimir/.local/lib/python3.10/site-packages/airflow/example_dags/example_params_ui_tutorial.py
[2023-04-27T18:59:20.733+0300] {processor.py:753} INFO - DAG(s) dict_keys(['example_params_ui_tutorial']) retrieved from /home/vladimir/.local/lib/python3.10/site-packages/airflow/example_dags/example_params_ui_tutorial.py
[2023-04-27T18:59:20.773+0300] {logging_mixin.py:137} INFO - [2023-04-27T18:59:20.772+0300] {dag.py:2705} INFO - Sync 1 DAGs
[2023-04-27T18:59:20.787+0300] {logging_mixin.py:137} INFO - [2023-04-27T18:59:20.787+0300] {dag.py:3452} INFO - Setting next_dagrun for example_params_ui_tutorial to None, run_after=None
[2023-04-27T18:59:20.801+0300] {processor.py:175} INFO - Processing /home/vladimir/.local/lib/python3.10/site-packages/airflow/example_dags/example_params_ui_tutorial.py took 0.120 seconds
[2023-04-27T18:59:54.847+0300] {processor.py:153} INFO - Started process (PID=6977) to work on /home/vladimir/.local/lib/python3.10/site-packages/airflow/example_dags/example_params_ui_tutorial.py
[2023-04-27T18:59:54.848+0300] {processor.py:743} INFO - Processing file /home/vladimir/.local/lib/python3.10/site-packages/airflow/example_dags/example_params_ui_tutorial.py for tasks to queue
[2023-04-27T18:59:54.849+0300] {logging_mixin.py:137} INFO - [2023-04-27T18:59:54.849+0300] {dagbag.py:532} INFO - Filling up the DagBag from /home/vladimir/.local/lib/python3.10/site-packages/airflow/example_dags/example_params_ui_tutorial.py
[2023-04-27T18:59:54.882+0300] {processor.py:753} INFO - DAG(s) dict_keys(['example_params_ui_tutorial']) retrieved from /home/vladimir/.local/lib/python3.10/site-packages/airflow/example_dags/example_params_ui_tutorial.py
[2023-04-27T18:59:54.918+0300] {logging_mixin.py:137} INFO - [2023-04-27T18:59:54.918+0300] {dag.py:2705} INFO - Sync 1 DAGs
[2023-04-27T18:59:54.930+0300] {logging_mixin.py:137} INFO - [2023-04-27T18:59:54.930+0300] {dag.py:3452} INFO - Setting next_dagrun for example_params_ui_tutorial to None, run_after=None
[2023-04-27T18:59:54.943+0300] {processor.py:175} INFO - Processing /home/vladimir/.local/lib/python3.10/site-packages/airflow/example_dags/example_params_ui_tutorial.py took 0.098 seconds
[2023-04-27T19:00:30.545+0300] {processor.py:153} INFO - Started process (PID=7061) to work on /home/vladimir/.local/lib/python3.10/site-packages/airflow/example_dags/example_params_ui_tutorial.py
[2023-04-27T19:00:30.546+0300] {processor.py:743} INFO - Processing file /home/vladimir/.local/lib/python3.10/site-packages/airflow/example_dags/example_params_ui_tutorial.py for tasks to queue
[2023-04-27T19:00:30.546+0300] {logging_mixin.py:137} INFO - [2023-04-27T19:00:30.546+0300] {dagbag.py:532} INFO - Filling up the DagBag from /home/vladimir/.local/lib/python3.10/site-packages/airflow/example_dags/example_params_ui_tutorial.py
[2023-04-27T19:00:30.583+0300] {processor.py:753} INFO - DAG(s) dict_keys(['example_params_ui_tutorial']) retrieved from /home/vladimir/.local/lib/python3.10/site-packages/airflow/example_dags/example_params_ui_tutorial.py
[2023-04-27T19:00:30.623+0300] {logging_mixin.py:137} INFO - [2023-04-27T19:00:30.623+0300] {dag.py:2705} INFO - Sync 1 DAGs
[2023-04-27T19:00:30.636+0300] {logging_mixin.py:137} INFO - [2023-04-27T19:00:30.636+0300] {dag.py:3452} INFO - Setting next_dagrun for example_params_ui_tutorial to None, run_after=None
[2023-04-27T19:00:30.648+0300] {processor.py:175} INFO - Processing /home/vladimir/.local/lib/python3.10/site-packages/airflow/example_dags/example_params_ui_tutorial.py took 0.105 seconds
[2023-04-27T19:01:05.935+0300] {processor.py:153} INFO - Started process (PID=7160) to work on /home/vladimir/.local/lib/python3.10/site-packages/airflow/example_dags/example_params_ui_tutorial.py
[2023-04-27T19:01:05.936+0300] {processor.py:743} INFO - Processing file /home/vladimir/.local/lib/python3.10/site-packages/airflow/example_dags/example_params_ui_tutorial.py for tasks to queue
[2023-04-27T19:01:05.936+0300] {logging_mixin.py:137} INFO - [2023-04-27T19:01:05.936+0300] {dagbag.py:532} INFO - Filling up the DagBag from /home/vladimir/.local/lib/python3.10/site-packages/airflow/example_dags/example_params_ui_tutorial.py
[2023-04-27T19:01:05.977+0300] {processor.py:753} INFO - DAG(s) dict_keys(['example_params_ui_tutorial']) retrieved from /home/vladimir/.local/lib/python3.10/site-packages/airflow/example_dags/example_params_ui_tutorial.py
[2023-04-27T19:01:06.018+0300] {logging_mixin.py:137} INFO - [2023-04-27T19:01:06.018+0300] {dag.py:2705} INFO - Sync 1 DAGs
[2023-04-27T19:01:06.029+0300] {logging_mixin.py:137} INFO - [2023-04-27T19:01:06.029+0300] {dag.py:3452} INFO - Setting next_dagrun for example_params_ui_tutorial to None, run_after=None
[2023-04-27T19:01:06.041+0300] {processor.py:175} INFO - Processing /home/vladimir/.local/lib/python3.10/site-packages/airflow/example_dags/example_params_ui_tutorial.py took 0.108 seconds
