[2023-04-27T18:25:32.380+0300] {processor.py:153} INFO - Started process (PID=5836) to work on /home/vladimir/.local/lib/python3.10/site-packages/airflow/example_dags/example_task_group.py
[2023-04-27T18:25:32.390+0300] {processor.py:743} INFO - Processing file /home/vladimir/.local/lib/python3.10/site-packages/airflow/example_dags/example_task_group.py for tasks to queue
[2023-04-27T18:25:32.390+0300] {logging_mixin.py:137} INFO - [2023-04-27T18:25:32.390+0300] {dagbag.py:532} INFO - Filling up the DagBag from /home/vladimir/.local/lib/python3.10/site-packages/airflow/example_dags/example_task_group.py
[2023-04-27T18:25:32.472+0300] {processor.py:753} INFO - DAG(s) dict_keys(['example_task_group']) retrieved from /home/vladimir/.local/lib/python3.10/site-packages/airflow/example_dags/example_task_group.py
[2023-04-27T18:25:32.800+0300] {logging_mixin.py:137} INFO - [2023-04-27T18:25:32.800+0300] {manager.py:504} INFO - Created Permission View: can read on DAG:example_task_group
[2023-04-27T18:25:32.805+0300] {logging_mixin.py:137} INFO - [2023-04-27T18:25:32.805+0300] {manager.py:504} INFO - Created Permission View: can delete on DAG:example_task_group
[2023-04-27T18:25:32.813+0300] {logging_mixin.py:137} INFO - [2023-04-27T18:25:32.813+0300] {manager.py:504} INFO - Created Permission View: can edit on DAG:example_task_group
[2023-04-27T18:25:32.813+0300] {logging_mixin.py:137} INFO - [2023-04-27T18:25:32.813+0300] {dag.py:2705} INFO - Sync 1 DAGs
[2023-04-27T18:25:32.824+0300] {logging_mixin.py:137} INFO - [2023-04-27T18:25:32.824+0300] {dag.py:2726} INFO - Creating ORM DAG for example_task_group
[2023-04-27T18:25:32.840+0300] {logging_mixin.py:137} INFO - [2023-04-27T18:25:32.840+0300] {dag.py:3452} INFO - Setting next_dagrun for example_task_group to 2023-04-26T15:25:32.837525+00:00, run_after=2023-04-27T15:25:32.837525+00:00
[2023-04-27T18:25:32.861+0300] {processor.py:175} INFO - Processing /home/vladimir/.local/lib/python3.10/site-packages/airflow/example_dags/example_task_group.py took 0.509 seconds
[2023-04-27T18:26:21.956+0300] {processor.py:153} INFO - Started process (PID=5997) to work on /home/vladimir/.local/lib/python3.10/site-packages/airflow/example_dags/example_task_group.py
[2023-04-27T18:26:21.957+0300] {processor.py:743} INFO - Processing file /home/vladimir/.local/lib/python3.10/site-packages/airflow/example_dags/example_task_group.py for tasks to queue
[2023-04-27T18:26:21.958+0300] {logging_mixin.py:137} INFO - [2023-04-27T18:26:21.958+0300] {dagbag.py:532} INFO - Filling up the DagBag from /home/vladimir/.local/lib/python3.10/site-packages/airflow/example_dags/example_task_group.py
[2023-04-27T18:26:21.971+0300] {processor.py:753} INFO - DAG(s) dict_keys(['example_task_group']) retrieved from /home/vladimir/.local/lib/python3.10/site-packages/airflow/example_dags/example_task_group.py
[2023-04-27T18:26:21.986+0300] {logging_mixin.py:137} INFO - [2023-04-27T18:26:21.986+0300] {dag.py:2705} INFO - Sync 1 DAGs
[2023-04-27T18:26:22.003+0300] {logging_mixin.py:137} INFO - [2023-04-27T18:26:22.002+0300] {dag.py:3452} INFO - Setting next_dagrun for example_task_group to 2023-04-26T15:26:22.002801+00:00, run_after=2023-04-27T15:26:22.002801+00:00
[2023-04-27T18:26:22.016+0300] {processor.py:175} INFO - Processing /home/vladimir/.local/lib/python3.10/site-packages/airflow/example_dags/example_task_group.py took 0.062 seconds
[2023-04-27T18:27:03.312+0300] {processor.py:153} INFO - Started process (PID=6063) to work on /home/vladimir/.local/lib/python3.10/site-packages/airflow/example_dags/example_task_group.py
[2023-04-27T18:27:03.313+0300] {processor.py:743} INFO - Processing file /home/vladimir/.local/lib/python3.10/site-packages/airflow/example_dags/example_task_group.py for tasks to queue
[2023-04-27T18:27:03.313+0300] {logging_mixin.py:137} INFO - [2023-04-27T18:27:03.313+0300] {dagbag.py:532} INFO - Filling up the DagBag from /home/vladimir/.local/lib/python3.10/site-packages/airflow/example_dags/example_task_group.py
[2023-04-27T18:27:03.325+0300] {processor.py:753} INFO - DAG(s) dict_keys(['example_task_group']) retrieved from /home/vladimir/.local/lib/python3.10/site-packages/airflow/example_dags/example_task_group.py
[2023-04-27T18:27:03.340+0300] {logging_mixin.py:137} INFO - [2023-04-27T18:27:03.339+0300] {dag.py:2705} INFO - Sync 1 DAGs
[2023-04-27T18:27:03.352+0300] {logging_mixin.py:137} INFO - [2023-04-27T18:27:03.352+0300] {dag.py:3452} INFO - Setting next_dagrun for example_task_group to 2023-04-26T15:27:03.352666+00:00, run_after=2023-04-27T15:27:03.352666+00:00
[2023-04-27T18:27:03.368+0300] {processor.py:175} INFO - Processing /home/vladimir/.local/lib/python3.10/site-packages/airflow/example_dags/example_task_group.py took 0.058 seconds
[2023-04-27T18:27:45.549+0300] {processor.py:153} INFO - Started process (PID=6126) to work on /home/vladimir/.local/lib/python3.10/site-packages/airflow/example_dags/example_task_group.py
[2023-04-27T18:27:45.550+0300] {processor.py:743} INFO - Processing file /home/vladimir/.local/lib/python3.10/site-packages/airflow/example_dags/example_task_group.py for tasks to queue
[2023-04-27T18:27:45.550+0300] {logging_mixin.py:137} INFO - [2023-04-27T18:27:45.550+0300] {dagbag.py:532} INFO - Filling up the DagBag from /home/vladimir/.local/lib/python3.10/site-packages/airflow/example_dags/example_task_group.py
[2023-04-27T18:27:45.561+0300] {processor.py:753} INFO - DAG(s) dict_keys(['example_task_group']) retrieved from /home/vladimir/.local/lib/python3.10/site-packages/airflow/example_dags/example_task_group.py
[2023-04-27T18:27:45.576+0300] {logging_mixin.py:137} INFO - [2023-04-27T18:27:45.575+0300] {dag.py:2705} INFO - Sync 1 DAGs
[2023-04-27T18:27:45.588+0300] {logging_mixin.py:137} INFO - [2023-04-27T18:27:45.588+0300] {dag.py:3452} INFO - Setting next_dagrun for example_task_group to 2023-04-26T15:27:45.588361+00:00, run_after=2023-04-27T15:27:45.588361+00:00
[2023-04-27T18:27:45.602+0300] {processor.py:175} INFO - Processing /home/vladimir/.local/lib/python3.10/site-packages/airflow/example_dags/example_task_group.py took 0.055 seconds
[2023-04-27T18:28:30.650+0300] {processor.py:153} INFO - Started process (PID=6192) to work on /home/vladimir/.local/lib/python3.10/site-packages/airflow/example_dags/example_task_group.py
[2023-04-27T18:28:30.651+0300] {processor.py:743} INFO - Processing file /home/vladimir/.local/lib/python3.10/site-packages/airflow/example_dags/example_task_group.py for tasks to queue
[2023-04-27T18:28:30.652+0300] {logging_mixin.py:137} INFO - [2023-04-27T18:28:30.652+0300] {dagbag.py:532} INFO - Filling up the DagBag from /home/vladimir/.local/lib/python3.10/site-packages/airflow/example_dags/example_task_group.py
[2023-04-27T18:28:30.663+0300] {processor.py:753} INFO - DAG(s) dict_keys(['example_task_group']) retrieved from /home/vladimir/.local/lib/python3.10/site-packages/airflow/example_dags/example_task_group.py
[2023-04-27T18:28:30.678+0300] {logging_mixin.py:137} INFO - [2023-04-27T18:28:30.678+0300] {dag.py:2705} INFO - Sync 1 DAGs
[2023-04-27T18:28:30.691+0300] {logging_mixin.py:137} INFO - [2023-04-27T18:28:30.691+0300] {dag.py:3452} INFO - Setting next_dagrun for example_task_group to 2023-04-26T15:28:30.691415+00:00, run_after=2023-04-27T15:28:30.691415+00:00
[2023-04-27T18:28:30.705+0300] {processor.py:175} INFO - Processing /home/vladimir/.local/lib/python3.10/site-packages/airflow/example_dags/example_task_group.py took 0.057 seconds
[2023-04-27T18:29:11.108+0300] {processor.py:153} INFO - Started process (PID=6310) to work on /home/vladimir/.local/lib/python3.10/site-packages/airflow/example_dags/example_task_group.py
[2023-04-27T18:29:11.109+0300] {processor.py:743} INFO - Processing file /home/vladimir/.local/lib/python3.10/site-packages/airflow/example_dags/example_task_group.py for tasks to queue
[2023-04-27T18:29:11.110+0300] {logging_mixin.py:137} INFO - [2023-04-27T18:29:11.110+0300] {dagbag.py:532} INFO - Filling up the DagBag from /home/vladimir/.local/lib/python3.10/site-packages/airflow/example_dags/example_task_group.py
[2023-04-27T18:29:11.121+0300] {processor.py:753} INFO - DAG(s) dict_keys(['example_task_group']) retrieved from /home/vladimir/.local/lib/python3.10/site-packages/airflow/example_dags/example_task_group.py
[2023-04-27T18:29:11.135+0300] {logging_mixin.py:137} INFO - [2023-04-27T18:29:11.135+0300] {dag.py:2705} INFO - Sync 1 DAGs
[2023-04-27T18:29:11.148+0300] {logging_mixin.py:137} INFO - [2023-04-27T18:29:11.148+0300] {dag.py:3452} INFO - Setting next_dagrun for example_task_group to 2023-04-26T15:29:11.147911+00:00, run_after=2023-04-27T15:29:11.147911+00:00
[2023-04-27T18:29:11.160+0300] {processor.py:175} INFO - Processing /home/vladimir/.local/lib/python3.10/site-packages/airflow/example_dags/example_task_group.py took 0.055 seconds
[2023-04-27T18:29:57.286+0300] {processor.py:153} INFO - Started process (PID=6422) to work on /home/vladimir/.local/lib/python3.10/site-packages/airflow/example_dags/example_task_group.py
[2023-04-27T18:29:57.287+0300] {processor.py:743} INFO - Processing file /home/vladimir/.local/lib/python3.10/site-packages/airflow/example_dags/example_task_group.py for tasks to queue
[2023-04-27T18:29:57.287+0300] {logging_mixin.py:137} INFO - [2023-04-27T18:29:57.287+0300] {dagbag.py:532} INFO - Filling up the DagBag from /home/vladimir/.local/lib/python3.10/site-packages/airflow/example_dags/example_task_group.py
[2023-04-27T18:29:57.298+0300] {processor.py:753} INFO - DAG(s) dict_keys(['example_task_group']) retrieved from /home/vladimir/.local/lib/python3.10/site-packages/airflow/example_dags/example_task_group.py
[2023-04-27T18:29:57.311+0300] {logging_mixin.py:137} INFO - [2023-04-27T18:29:57.311+0300] {dag.py:2705} INFO - Sync 1 DAGs
[2023-04-27T18:29:57.323+0300] {logging_mixin.py:137} INFO - [2023-04-27T18:29:57.322+0300] {dag.py:3452} INFO - Setting next_dagrun for example_task_group to 2023-04-26T15:29:57.322774+00:00, run_after=2023-04-27T15:29:57.322774+00:00
[2023-04-27T18:29:57.336+0300] {processor.py:175} INFO - Processing /home/vladimir/.local/lib/python3.10/site-packages/airflow/example_dags/example_task_group.py took 0.052 seconds
[2023-04-27T18:30:44.088+0300] {processor.py:153} INFO - Started process (PID=6547) to work on /home/vladimir/.local/lib/python3.10/site-packages/airflow/example_dags/example_task_group.py
[2023-04-27T18:30:44.089+0300] {processor.py:743} INFO - Processing file /home/vladimir/.local/lib/python3.10/site-packages/airflow/example_dags/example_task_group.py for tasks to queue
[2023-04-27T18:30:44.089+0300] {logging_mixin.py:137} INFO - [2023-04-27T18:30:44.089+0300] {dagbag.py:532} INFO - Filling up the DagBag from /home/vladimir/.local/lib/python3.10/site-packages/airflow/example_dags/example_task_group.py
[2023-04-27T18:30:44.102+0300] {processor.py:753} INFO - DAG(s) dict_keys(['example_task_group']) retrieved from /home/vladimir/.local/lib/python3.10/site-packages/airflow/example_dags/example_task_group.py
[2023-04-27T18:30:44.116+0300] {logging_mixin.py:137} INFO - [2023-04-27T18:30:44.116+0300] {dag.py:2705} INFO - Sync 1 DAGs
[2023-04-27T18:30:44.128+0300] {logging_mixin.py:137} INFO - [2023-04-27T18:30:44.128+0300] {dag.py:3452} INFO - Setting next_dagrun for example_task_group to 2023-04-26T15:30:44.128061+00:00, run_after=2023-04-27T15:30:44.128061+00:00
[2023-04-27T18:30:44.142+0300] {processor.py:175} INFO - Processing /home/vladimir/.local/lib/python3.10/site-packages/airflow/example_dags/example_task_group.py took 0.056 seconds
[2023-04-27T18:31:22.320+0300] {processor.py:153} INFO - Started process (PID=6617) to work on /home/vladimir/.local/lib/python3.10/site-packages/airflow/example_dags/example_task_group.py
[2023-04-27T18:31:22.321+0300] {processor.py:743} INFO - Processing file /home/vladimir/.local/lib/python3.10/site-packages/airflow/example_dags/example_task_group.py for tasks to queue
[2023-04-27T18:31:22.321+0300] {logging_mixin.py:137} INFO - [2023-04-27T18:31:22.321+0300] {dagbag.py:532} INFO - Filling up the DagBag from /home/vladimir/.local/lib/python3.10/site-packages/airflow/example_dags/example_task_group.py
[2023-04-27T18:31:22.332+0300] {processor.py:753} INFO - DAG(s) dict_keys(['example_task_group']) retrieved from /home/vladimir/.local/lib/python3.10/site-packages/airflow/example_dags/example_task_group.py
[2023-04-27T18:31:22.346+0300] {logging_mixin.py:137} INFO - [2023-04-27T18:31:22.345+0300] {dag.py:2705} INFO - Sync 1 DAGs
[2023-04-27T18:31:22.358+0300] {logging_mixin.py:137} INFO - [2023-04-27T18:31:22.358+0300] {dag.py:3452} INFO - Setting next_dagrun for example_task_group to 2023-04-26T15:31:22.357956+00:00, run_after=2023-04-27T15:31:22.357956+00:00
[2023-04-27T18:31:22.372+0300] {processor.py:175} INFO - Processing /home/vladimir/.local/lib/python3.10/site-packages/airflow/example_dags/example_task_group.py took 0.055 seconds
[2023-04-27T18:32:01.361+0300] {processor.py:153} INFO - Started process (PID=6684) to work on /home/vladimir/.local/lib/python3.10/site-packages/airflow/example_dags/example_task_group.py
[2023-04-27T18:32:01.362+0300] {processor.py:743} INFO - Processing file /home/vladimir/.local/lib/python3.10/site-packages/airflow/example_dags/example_task_group.py for tasks to queue
[2023-04-27T18:32:01.362+0300] {logging_mixin.py:137} INFO - [2023-04-27T18:32:01.362+0300] {dagbag.py:532} INFO - Filling up the DagBag from /home/vladimir/.local/lib/python3.10/site-packages/airflow/example_dags/example_task_group.py
[2023-04-27T18:32:01.374+0300] {processor.py:753} INFO - DAG(s) dict_keys(['example_task_group']) retrieved from /home/vladimir/.local/lib/python3.10/site-packages/airflow/example_dags/example_task_group.py
[2023-04-27T18:32:01.387+0300] {logging_mixin.py:137} INFO - [2023-04-27T18:32:01.387+0300] {dag.py:2705} INFO - Sync 1 DAGs
[2023-04-27T18:32:01.399+0300] {logging_mixin.py:137} INFO - [2023-04-27T18:32:01.399+0300] {dag.py:3452} INFO - Setting next_dagrun for example_task_group to 2023-04-26T15:32:01.399653+00:00, run_after=2023-04-27T15:32:01.399653+00:00
[2023-04-27T18:32:01.413+0300] {processor.py:175} INFO - Processing /home/vladimir/.local/lib/python3.10/site-packages/airflow/example_dags/example_task_group.py took 0.054 seconds
[2023-04-27T18:32:37.327+0300] {processor.py:153} INFO - Started process (PID=6751) to work on /home/vladimir/.local/lib/python3.10/site-packages/airflow/example_dags/example_task_group.py
[2023-04-27T18:32:37.330+0300] {processor.py:743} INFO - Processing file /home/vladimir/.local/lib/python3.10/site-packages/airflow/example_dags/example_task_group.py for tasks to queue
[2023-04-27T18:32:37.330+0300] {logging_mixin.py:137} INFO - [2023-04-27T18:32:37.330+0300] {dagbag.py:532} INFO - Filling up the DagBag from /home/vladimir/.local/lib/python3.10/site-packages/airflow/example_dags/example_task_group.py
[2023-04-27T18:32:37.345+0300] {processor.py:753} INFO - DAG(s) dict_keys(['example_task_group']) retrieved from /home/vladimir/.local/lib/python3.10/site-packages/airflow/example_dags/example_task_group.py
[2023-04-27T18:32:37.366+0300] {logging_mixin.py:137} INFO - [2023-04-27T18:32:37.365+0300] {dag.py:2705} INFO - Sync 1 DAGs
[2023-04-27T18:32:37.382+0300] {logging_mixin.py:137} INFO - [2023-04-27T18:32:37.382+0300] {dag.py:3452} INFO - Setting next_dagrun for example_task_group to 2023-04-26T15:32:37.382448+00:00, run_after=2023-04-27T15:32:37.382448+00:00
[2023-04-27T18:32:37.404+0300] {processor.py:175} INFO - Processing /home/vladimir/.local/lib/python3.10/site-packages/airflow/example_dags/example_task_group.py took 0.080 seconds
[2023-04-27T18:33:27.668+0300] {processor.py:153} INFO - Started process (PID=6911) to work on /home/vladimir/.local/lib/python3.10/site-packages/airflow/example_dags/example_task_group.py
[2023-04-27T18:33:27.669+0300] {processor.py:743} INFO - Processing file /home/vladimir/.local/lib/python3.10/site-packages/airflow/example_dags/example_task_group.py for tasks to queue
[2023-04-27T18:33:27.669+0300] {logging_mixin.py:137} INFO - [2023-04-27T18:33:27.669+0300] {dagbag.py:532} INFO - Filling up the DagBag from /home/vladimir/.local/lib/python3.10/site-packages/airflow/example_dags/example_task_group.py
[2023-04-27T18:33:27.681+0300] {processor.py:753} INFO - DAG(s) dict_keys(['example_task_group']) retrieved from /home/vladimir/.local/lib/python3.10/site-packages/airflow/example_dags/example_task_group.py
[2023-04-27T18:33:27.696+0300] {logging_mixin.py:137} INFO - [2023-04-27T18:33:27.696+0300] {dag.py:2705} INFO - Sync 1 DAGs
[2023-04-27T18:33:27.708+0300] {logging_mixin.py:137} INFO - [2023-04-27T18:33:27.708+0300] {dag.py:3452} INFO - Setting next_dagrun for example_task_group to 2023-04-26T15:33:27.708251+00:00, run_after=2023-04-27T15:33:27.708251+00:00
[2023-04-27T18:33:27.721+0300] {processor.py:175} INFO - Processing /home/vladimir/.local/lib/python3.10/site-packages/airflow/example_dags/example_task_group.py took 0.055 seconds
[2023-04-27T18:34:09.331+0300] {processor.py:153} INFO - Started process (PID=6979) to work on /home/vladimir/.local/lib/python3.10/site-packages/airflow/example_dags/example_task_group.py
[2023-04-27T18:34:09.332+0300] {processor.py:743} INFO - Processing file /home/vladimir/.local/lib/python3.10/site-packages/airflow/example_dags/example_task_group.py for tasks to queue
[2023-04-27T18:34:09.333+0300] {logging_mixin.py:137} INFO - [2023-04-27T18:34:09.333+0300] {dagbag.py:532} INFO - Filling up the DagBag from /home/vladimir/.local/lib/python3.10/site-packages/airflow/example_dags/example_task_group.py
[2023-04-27T18:34:09.345+0300] {processor.py:753} INFO - DAG(s) dict_keys(['example_task_group']) retrieved from /home/vladimir/.local/lib/python3.10/site-packages/airflow/example_dags/example_task_group.py
[2023-04-27T18:34:09.360+0300] {logging_mixin.py:137} INFO - [2023-04-27T18:34:09.359+0300] {dag.py:2705} INFO - Sync 1 DAGs
[2023-04-27T18:34:09.374+0300] {logging_mixin.py:137} INFO - [2023-04-27T18:34:09.373+0300] {dag.py:3452} INFO - Setting next_dagrun for example_task_group to 2023-04-26T15:34:09.373786+00:00, run_after=2023-04-27T15:34:09.373786+00:00
[2023-04-27T18:34:09.388+0300] {processor.py:175} INFO - Processing /home/vladimir/.local/lib/python3.10/site-packages/airflow/example_dags/example_task_group.py took 0.059 seconds
[2023-04-27T18:34:58.568+0300] {processor.py:153} INFO - Started process (PID=7104) to work on /home/vladimir/.local/lib/python3.10/site-packages/airflow/example_dags/example_task_group.py
[2023-04-27T18:34:58.574+0300] {processor.py:743} INFO - Processing file /home/vladimir/.local/lib/python3.10/site-packages/airflow/example_dags/example_task_group.py for tasks to queue
[2023-04-27T18:34:58.575+0300] {logging_mixin.py:137} INFO - [2023-04-27T18:34:58.575+0300] {dagbag.py:532} INFO - Filling up the DagBag from /home/vladimir/.local/lib/python3.10/site-packages/airflow/example_dags/example_task_group.py
[2023-04-27T18:34:58.631+0300] {processor.py:753} INFO - DAG(s) dict_keys(['example_task_group']) retrieved from /home/vladimir/.local/lib/python3.10/site-packages/airflow/example_dags/example_task_group.py
[2023-04-27T18:34:58.695+0300] {logging_mixin.py:137} INFO - [2023-04-27T18:34:58.695+0300] {dag.py:2705} INFO - Sync 1 DAGs
[2023-04-27T18:34:58.731+0300] {logging_mixin.py:137} INFO - [2023-04-27T18:34:58.731+0300] {dag.py:3452} INFO - Setting next_dagrun for example_task_group to 2023-04-26T15:34:58.730834+00:00, run_after=2023-04-27T15:34:58.730834+00:00
[2023-04-27T18:34:58.759+0300] {processor.py:175} INFO - Processing /home/vladimir/.local/lib/python3.10/site-packages/airflow/example_dags/example_task_group.py took 0.212 seconds
[2023-04-27T18:35:44.698+0300] {processor.py:153} INFO - Started process (PID=7446) to work on /home/vladimir/.local/lib/python3.10/site-packages/airflow/example_dags/example_task_group.py
[2023-04-27T18:35:44.699+0300] {processor.py:743} INFO - Processing file /home/vladimir/.local/lib/python3.10/site-packages/airflow/example_dags/example_task_group.py for tasks to queue
[2023-04-27T18:35:44.699+0300] {logging_mixin.py:137} INFO - [2023-04-27T18:35:44.699+0300] {dagbag.py:532} INFO - Filling up the DagBag from /home/vladimir/.local/lib/python3.10/site-packages/airflow/example_dags/example_task_group.py
[2023-04-27T18:35:44.710+0300] {processor.py:753} INFO - DAG(s) dict_keys(['example_task_group']) retrieved from /home/vladimir/.local/lib/python3.10/site-packages/airflow/example_dags/example_task_group.py
[2023-04-27T18:35:44.724+0300] {logging_mixin.py:137} INFO - [2023-04-27T18:35:44.724+0300] {dag.py:2705} INFO - Sync 1 DAGs
[2023-04-27T18:35:44.736+0300] {logging_mixin.py:137} INFO - [2023-04-27T18:35:44.736+0300] {dag.py:3452} INFO - Setting next_dagrun for example_task_group to 2023-04-26T15:35:44.736156+00:00, run_after=2023-04-27T15:35:44.736156+00:00
[2023-04-27T18:35:44.750+0300] {processor.py:175} INFO - Processing /home/vladimir/.local/lib/python3.10/site-packages/airflow/example_dags/example_task_group.py took 0.055 seconds
[2023-04-27T18:36:21.938+0300] {processor.py:153} INFO - Started process (PID=7539) to work on /home/vladimir/.local/lib/python3.10/site-packages/airflow/example_dags/example_task_group.py
[2023-04-27T18:36:21.939+0300] {processor.py:743} INFO - Processing file /home/vladimir/.local/lib/python3.10/site-packages/airflow/example_dags/example_task_group.py for tasks to queue
[2023-04-27T18:36:21.940+0300] {logging_mixin.py:137} INFO - [2023-04-27T18:36:21.939+0300] {dagbag.py:532} INFO - Filling up the DagBag from /home/vladimir/.local/lib/python3.10/site-packages/airflow/example_dags/example_task_group.py
[2023-04-27T18:36:21.951+0300] {processor.py:753} INFO - DAG(s) dict_keys(['example_task_group']) retrieved from /home/vladimir/.local/lib/python3.10/site-packages/airflow/example_dags/example_task_group.py
[2023-04-27T18:36:21.967+0300] {logging_mixin.py:137} INFO - [2023-04-27T18:36:21.967+0300] {dag.py:2705} INFO - Sync 1 DAGs
[2023-04-27T18:36:21.980+0300] {logging_mixin.py:137} INFO - [2023-04-27T18:36:21.980+0300] {dag.py:3452} INFO - Setting next_dagrun for example_task_group to 2023-04-26T15:36:21.980675+00:00, run_after=2023-04-27T15:36:21.980675+00:00
[2023-04-27T18:36:21.993+0300] {processor.py:175} INFO - Processing /home/vladimir/.local/lib/python3.10/site-packages/airflow/example_dags/example_task_group.py took 0.058 seconds
[2023-04-27T18:37:09.885+0300] {processor.py:153} INFO - Started process (PID=7629) to work on /home/vladimir/.local/lib/python3.10/site-packages/airflow/example_dags/example_task_group.py
[2023-04-27T18:37:09.885+0300] {processor.py:743} INFO - Processing file /home/vladimir/.local/lib/python3.10/site-packages/airflow/example_dags/example_task_group.py for tasks to queue
[2023-04-27T18:37:09.886+0300] {logging_mixin.py:137} INFO - [2023-04-27T18:37:09.886+0300] {dagbag.py:532} INFO - Filling up the DagBag from /home/vladimir/.local/lib/python3.10/site-packages/airflow/example_dags/example_task_group.py
[2023-04-27T18:37:09.897+0300] {processor.py:753} INFO - DAG(s) dict_keys(['example_task_group']) retrieved from /home/vladimir/.local/lib/python3.10/site-packages/airflow/example_dags/example_task_group.py
[2023-04-27T18:37:09.911+0300] {logging_mixin.py:137} INFO - [2023-04-27T18:37:09.911+0300] {dag.py:2705} INFO - Sync 1 DAGs
[2023-04-27T18:37:09.923+0300] {logging_mixin.py:137} INFO - [2023-04-27T18:37:09.923+0300] {dag.py:3452} INFO - Setting next_dagrun for example_task_group to 2023-04-26T15:37:09.923293+00:00, run_after=2023-04-27T15:37:09.923293+00:00
[2023-04-27T18:37:09.935+0300] {processor.py:175} INFO - Processing /home/vladimir/.local/lib/python3.10/site-packages/airflow/example_dags/example_task_group.py took 0.053 seconds
[2023-04-27T18:37:58.330+0300] {processor.py:153} INFO - Started process (PID=7705) to work on /home/vladimir/.local/lib/python3.10/site-packages/airflow/example_dags/example_task_group.py
[2023-04-27T18:37:58.331+0300] {processor.py:743} INFO - Processing file /home/vladimir/.local/lib/python3.10/site-packages/airflow/example_dags/example_task_group.py for tasks to queue
[2023-04-27T18:37:58.332+0300] {logging_mixin.py:137} INFO - [2023-04-27T18:37:58.332+0300] {dagbag.py:532} INFO - Filling up the DagBag from /home/vladimir/.local/lib/python3.10/site-packages/airflow/example_dags/example_task_group.py
[2023-04-27T18:37:58.343+0300] {processor.py:753} INFO - DAG(s) dict_keys(['example_task_group']) retrieved from /home/vladimir/.local/lib/python3.10/site-packages/airflow/example_dags/example_task_group.py
[2023-04-27T18:37:58.358+0300] {logging_mixin.py:137} INFO - [2023-04-27T18:37:58.357+0300] {dag.py:2705} INFO - Sync 1 DAGs
[2023-04-27T18:37:58.369+0300] {logging_mixin.py:137} INFO - [2023-04-27T18:37:58.369+0300] {dag.py:3452} INFO - Setting next_dagrun for example_task_group to 2023-04-26T15:37:58.369565+00:00, run_after=2023-04-27T15:37:58.369565+00:00
[2023-04-27T18:37:58.382+0300] {processor.py:175} INFO - Processing /home/vladimir/.local/lib/python3.10/site-packages/airflow/example_dags/example_task_group.py took 0.054 seconds
[2023-04-27T18:38:44.517+0300] {processor.py:153} INFO - Started process (PID=8057) to work on /home/vladimir/.local/lib/python3.10/site-packages/airflow/example_dags/example_task_group.py
[2023-04-27T18:38:44.518+0300] {processor.py:743} INFO - Processing file /home/vladimir/.local/lib/python3.10/site-packages/airflow/example_dags/example_task_group.py for tasks to queue
[2023-04-27T18:38:44.518+0300] {logging_mixin.py:137} INFO - [2023-04-27T18:38:44.518+0300] {dagbag.py:532} INFO - Filling up the DagBag from /home/vladimir/.local/lib/python3.10/site-packages/airflow/example_dags/example_task_group.py
[2023-04-27T18:38:44.529+0300] {processor.py:753} INFO - DAG(s) dict_keys(['example_task_group']) retrieved from /home/vladimir/.local/lib/python3.10/site-packages/airflow/example_dags/example_task_group.py
[2023-04-27T18:38:44.542+0300] {logging_mixin.py:137} INFO - [2023-04-27T18:38:44.542+0300] {dag.py:2705} INFO - Sync 1 DAGs
[2023-04-27T18:38:44.554+0300] {logging_mixin.py:137} INFO - [2023-04-27T18:38:44.554+0300] {dag.py:3452} INFO - Setting next_dagrun for example_task_group to 2023-04-26T15:38:44.554686+00:00, run_after=2023-04-27T15:38:44.554686+00:00
[2023-04-27T18:38:44.567+0300] {processor.py:175} INFO - Processing /home/vladimir/.local/lib/python3.10/site-packages/airflow/example_dags/example_task_group.py took 0.052 seconds
[2023-04-27T18:39:23.559+0300] {processor.py:153} INFO - Started process (PID=8121) to work on /home/vladimir/.local/lib/python3.10/site-packages/airflow/example_dags/example_task_group.py
[2023-04-27T18:39:23.560+0300] {processor.py:743} INFO - Processing file /home/vladimir/.local/lib/python3.10/site-packages/airflow/example_dags/example_task_group.py for tasks to queue
[2023-04-27T18:39:23.560+0300] {logging_mixin.py:137} INFO - [2023-04-27T18:39:23.560+0300] {dagbag.py:532} INFO - Filling up the DagBag from /home/vladimir/.local/lib/python3.10/site-packages/airflow/example_dags/example_task_group.py
[2023-04-27T18:39:23.571+0300] {processor.py:753} INFO - DAG(s) dict_keys(['example_task_group']) retrieved from /home/vladimir/.local/lib/python3.10/site-packages/airflow/example_dags/example_task_group.py
[2023-04-27T18:39:23.587+0300] {logging_mixin.py:137} INFO - [2023-04-27T18:39:23.587+0300] {dag.py:2705} INFO - Sync 1 DAGs
[2023-04-27T18:39:23.599+0300] {logging_mixin.py:137} INFO - [2023-04-27T18:39:23.599+0300] {dag.py:3452} INFO - Setting next_dagrun for example_task_group to 2023-04-26T15:39:23.599252+00:00, run_after=2023-04-27T15:39:23.599252+00:00
[2023-04-27T18:39:23.613+0300] {processor.py:175} INFO - Processing /home/vladimir/.local/lib/python3.10/site-packages/airflow/example_dags/example_task_group.py took 0.056 seconds
[2023-04-27T18:40:02.273+0300] {processor.py:153} INFO - Started process (PID=8208) to work on /home/vladimir/.local/lib/python3.10/site-packages/airflow/example_dags/example_task_group.py
[2023-04-27T18:40:02.274+0300] {processor.py:743} INFO - Processing file /home/vladimir/.local/lib/python3.10/site-packages/airflow/example_dags/example_task_group.py for tasks to queue
[2023-04-27T18:40:02.274+0300] {logging_mixin.py:137} INFO - [2023-04-27T18:40:02.274+0300] {dagbag.py:532} INFO - Filling up the DagBag from /home/vladimir/.local/lib/python3.10/site-packages/airflow/example_dags/example_task_group.py
[2023-04-27T18:40:02.285+0300] {processor.py:753} INFO - DAG(s) dict_keys(['example_task_group']) retrieved from /home/vladimir/.local/lib/python3.10/site-packages/airflow/example_dags/example_task_group.py
[2023-04-27T18:40:02.298+0300] {logging_mixin.py:137} INFO - [2023-04-27T18:40:02.298+0300] {dag.py:2705} INFO - Sync 1 DAGs
[2023-04-27T18:40:02.310+0300] {logging_mixin.py:137} INFO - [2023-04-27T18:40:02.310+0300] {dag.py:3452} INFO - Setting next_dagrun for example_task_group to 2023-04-26T15:40:02.310508+00:00, run_after=2023-04-27T15:40:02.310508+00:00
[2023-04-27T18:40:02.322+0300] {processor.py:175} INFO - Processing /home/vladimir/.local/lib/python3.10/site-packages/airflow/example_dags/example_task_group.py took 0.052 seconds
[2023-04-27T18:40:39.103+0300] {processor.py:153} INFO - Started process (PID=8328) to work on /home/vladimir/.local/lib/python3.10/site-packages/airflow/example_dags/example_task_group.py
[2023-04-27T18:40:39.104+0300] {processor.py:743} INFO - Processing file /home/vladimir/.local/lib/python3.10/site-packages/airflow/example_dags/example_task_group.py for tasks to queue
[2023-04-27T18:40:39.105+0300] {logging_mixin.py:137} INFO - [2023-04-27T18:40:39.105+0300] {dagbag.py:532} INFO - Filling up the DagBag from /home/vladimir/.local/lib/python3.10/site-packages/airflow/example_dags/example_task_group.py
[2023-04-27T18:40:39.116+0300] {processor.py:753} INFO - DAG(s) dict_keys(['example_task_group']) retrieved from /home/vladimir/.local/lib/python3.10/site-packages/airflow/example_dags/example_task_group.py
[2023-04-27T18:40:39.130+0300] {logging_mixin.py:137} INFO - [2023-04-27T18:40:39.130+0300] {dag.py:2705} INFO - Sync 1 DAGs
[2023-04-27T18:40:39.143+0300] {logging_mixin.py:137} INFO - [2023-04-27T18:40:39.142+0300] {dag.py:3452} INFO - Setting next_dagrun for example_task_group to 2023-04-26T15:40:39.142812+00:00, run_after=2023-04-27T15:40:39.142812+00:00
[2023-04-27T18:40:39.155+0300] {processor.py:175} INFO - Processing /home/vladimir/.local/lib/python3.10/site-packages/airflow/example_dags/example_task_group.py took 0.055 seconds
[2023-04-27T18:41:22.529+0300] {processor.py:153} INFO - Started process (PID=3088) to work on /home/vladimir/.local/lib/python3.10/site-packages/airflow/example_dags/example_task_group.py
[2023-04-27T18:41:22.530+0300] {processor.py:743} INFO - Processing file /home/vladimir/.local/lib/python3.10/site-packages/airflow/example_dags/example_task_group.py for tasks to queue
[2023-04-27T18:41:22.531+0300] {logging_mixin.py:137} INFO - [2023-04-27T18:41:22.531+0300] {dagbag.py:532} INFO - Filling up the DagBag from /home/vladimir/.local/lib/python3.10/site-packages/airflow/example_dags/example_task_group.py
[2023-04-27T18:41:22.543+0300] {processor.py:753} INFO - DAG(s) dict_keys(['example_task_group']) retrieved from /home/vladimir/.local/lib/python3.10/site-packages/airflow/example_dags/example_task_group.py
[2023-04-27T18:41:22.556+0300] {logging_mixin.py:137} INFO - [2023-04-27T18:41:22.556+0300] {dag.py:2705} INFO - Sync 1 DAGs
[2023-04-27T18:41:22.570+0300] {logging_mixin.py:137} INFO - [2023-04-27T18:41:22.570+0300] {dag.py:3452} INFO - Setting next_dagrun for example_task_group to 2023-04-26T15:41:22.570333+00:00, run_after=2023-04-27T15:41:22.570333+00:00
[2023-04-27T18:41:22.586+0300] {processor.py:175} INFO - Processing /home/vladimir/.local/lib/python3.10/site-packages/airflow/example_dags/example_task_group.py took 0.059 seconds
[2023-04-27T18:42:03.188+0300] {processor.py:153} INFO - Started process (PID=3610) to work on /home/vladimir/.local/lib/python3.10/site-packages/airflow/example_dags/example_task_group.py
[2023-04-27T18:42:03.189+0300] {processor.py:743} INFO - Processing file /home/vladimir/.local/lib/python3.10/site-packages/airflow/example_dags/example_task_group.py for tasks to queue
[2023-04-27T18:42:03.189+0300] {logging_mixin.py:137} INFO - [2023-04-27T18:42:03.189+0300] {dagbag.py:532} INFO - Filling up the DagBag from /home/vladimir/.local/lib/python3.10/site-packages/airflow/example_dags/example_task_group.py
[2023-04-27T18:42:03.201+0300] {processor.py:753} INFO - DAG(s) dict_keys(['example_task_group']) retrieved from /home/vladimir/.local/lib/python3.10/site-packages/airflow/example_dags/example_task_group.py
[2023-04-27T18:42:03.214+0300] {logging_mixin.py:137} INFO - [2023-04-27T18:42:03.214+0300] {dag.py:2705} INFO - Sync 1 DAGs
[2023-04-27T18:42:03.226+0300] {logging_mixin.py:137} INFO - [2023-04-27T18:42:03.226+0300] {dag.py:3452} INFO - Setting next_dagrun for example_task_group to 2023-04-26T15:42:03.226105+00:00, run_after=2023-04-27T15:42:03.226105+00:00
[2023-04-27T18:42:03.238+0300] {processor.py:175} INFO - Processing /home/vladimir/.local/lib/python3.10/site-packages/airflow/example_dags/example_task_group.py took 0.052 seconds
[2023-04-27T18:42:45.509+0300] {processor.py:153} INFO - Started process (PID=4523) to work on /home/vladimir/.local/lib/python3.10/site-packages/airflow/example_dags/example_task_group.py
[2023-04-27T18:42:45.510+0300] {processor.py:743} INFO - Processing file /home/vladimir/.local/lib/python3.10/site-packages/airflow/example_dags/example_task_group.py for tasks to queue
[2023-04-27T18:42:45.510+0300] {logging_mixin.py:137} INFO - [2023-04-27T18:42:45.510+0300] {dagbag.py:532} INFO - Filling up the DagBag from /home/vladimir/.local/lib/python3.10/site-packages/airflow/example_dags/example_task_group.py
[2023-04-27T18:42:45.521+0300] {processor.py:753} INFO - DAG(s) dict_keys(['example_task_group']) retrieved from /home/vladimir/.local/lib/python3.10/site-packages/airflow/example_dags/example_task_group.py
[2023-04-27T18:42:45.535+0300] {logging_mixin.py:137} INFO - [2023-04-27T18:42:45.535+0300] {dag.py:2705} INFO - Sync 1 DAGs
[2023-04-27T18:42:45.546+0300] {logging_mixin.py:137} INFO - [2023-04-27T18:42:45.546+0300] {dag.py:3452} INFO - Setting next_dagrun for example_task_group to 2023-04-26T15:42:45.546743+00:00, run_after=2023-04-27T15:42:45.546743+00:00
[2023-04-27T18:42:45.559+0300] {processor.py:175} INFO - Processing /home/vladimir/.local/lib/python3.10/site-packages/airflow/example_dags/example_task_group.py took 0.052 seconds
[2023-04-27T18:43:25.444+0300] {processor.py:153} INFO - Started process (PID=5198) to work on /home/vladimir/.local/lib/python3.10/site-packages/airflow/example_dags/example_task_group.py
[2023-04-27T18:43:25.445+0300] {processor.py:743} INFO - Processing file /home/vladimir/.local/lib/python3.10/site-packages/airflow/example_dags/example_task_group.py for tasks to queue
[2023-04-27T18:43:25.446+0300] {logging_mixin.py:137} INFO - [2023-04-27T18:43:25.446+0300] {dagbag.py:532} INFO - Filling up the DagBag from /home/vladimir/.local/lib/python3.10/site-packages/airflow/example_dags/example_task_group.py
[2023-04-27T18:43:25.461+0300] {processor.py:753} INFO - DAG(s) dict_keys(['example_task_group']) retrieved from /home/vladimir/.local/lib/python3.10/site-packages/airflow/example_dags/example_task_group.py
[2023-04-27T18:43:25.479+0300] {logging_mixin.py:137} INFO - [2023-04-27T18:43:25.479+0300] {dag.py:2705} INFO - Sync 1 DAGs
[2023-04-27T18:43:25.496+0300] {logging_mixin.py:137} INFO - [2023-04-27T18:43:25.496+0300] {dag.py:3452} INFO - Setting next_dagrun for example_task_group to 2023-04-26T15:43:25.496024+00:00, run_after=2023-04-27T15:43:25.496024+00:00
[2023-04-27T18:43:25.514+0300] {processor.py:175} INFO - Processing /home/vladimir/.local/lib/python3.10/site-packages/airflow/example_dags/example_task_group.py took 0.073 seconds
[2023-04-27T18:44:12.217+0300] {processor.py:153} INFO - Started process (PID=8099) to work on /home/vladimir/.local/lib/python3.10/site-packages/airflow/example_dags/example_task_group.py
[2023-04-27T18:44:12.218+0300] {processor.py:743} INFO - Processing file /home/vladimir/.local/lib/python3.10/site-packages/airflow/example_dags/example_task_group.py for tasks to queue
[2023-04-27T18:44:12.218+0300] {logging_mixin.py:137} INFO - [2023-04-27T18:44:12.218+0300] {dagbag.py:532} INFO - Filling up the DagBag from /home/vladimir/.local/lib/python3.10/site-packages/airflow/example_dags/example_task_group.py
[2023-04-27T18:44:12.230+0300] {processor.py:753} INFO - DAG(s) dict_keys(['example_task_group']) retrieved from /home/vladimir/.local/lib/python3.10/site-packages/airflow/example_dags/example_task_group.py
[2023-04-27T18:44:12.245+0300] {logging_mixin.py:137} INFO - [2023-04-27T18:44:12.245+0300] {dag.py:2705} INFO - Sync 1 DAGs
[2023-04-27T18:44:12.262+0300] {logging_mixin.py:137} INFO - [2023-04-27T18:44:12.262+0300] {dag.py:3452} INFO - Setting next_dagrun for example_task_group to 2023-04-26T15:44:12.262301+00:00, run_after=2023-04-27T15:44:12.262301+00:00
[2023-04-27T18:44:12.278+0300] {processor.py:175} INFO - Processing /home/vladimir/.local/lib/python3.10/site-packages/airflow/example_dags/example_task_group.py took 0.064 seconds
[2023-04-27T18:44:54.839+0300] {processor.py:153} INFO - Started process (PID=9342) to work on /home/vladimir/.local/lib/python3.10/site-packages/airflow/example_dags/example_task_group.py
[2023-04-27T18:44:54.840+0300] {processor.py:743} INFO - Processing file /home/vladimir/.local/lib/python3.10/site-packages/airflow/example_dags/example_task_group.py for tasks to queue
[2023-04-27T18:44:54.841+0300] {logging_mixin.py:137} INFO - [2023-04-27T18:44:54.841+0300] {dagbag.py:532} INFO - Filling up the DagBag from /home/vladimir/.local/lib/python3.10/site-packages/airflow/example_dags/example_task_group.py
[2023-04-27T18:44:54.851+0300] {processor.py:753} INFO - DAG(s) dict_keys(['example_task_group']) retrieved from /home/vladimir/.local/lib/python3.10/site-packages/airflow/example_dags/example_task_group.py
[2023-04-27T18:44:54.866+0300] {logging_mixin.py:137} INFO - [2023-04-27T18:44:54.865+0300] {dag.py:2705} INFO - Sync 1 DAGs
[2023-04-27T18:44:54.878+0300] {logging_mixin.py:137} INFO - [2023-04-27T18:44:54.878+0300] {dag.py:3452} INFO - Setting next_dagrun for example_task_group to 2023-04-26T15:44:54.877860+00:00, run_after=2023-04-27T15:44:54.877860+00:00
[2023-04-27T18:44:54.890+0300] {processor.py:175} INFO - Processing /home/vladimir/.local/lib/python3.10/site-packages/airflow/example_dags/example_task_group.py took 0.053 seconds
[2023-04-27T18:45:37.552+0300] {processor.py:153} INFO - Started process (PID=11638) to work on /home/vladimir/.local/lib/python3.10/site-packages/airflow/example_dags/example_task_group.py
[2023-04-27T18:45:37.563+0300] {processor.py:743} INFO - Processing file /home/vladimir/.local/lib/python3.10/site-packages/airflow/example_dags/example_task_group.py for tasks to queue
[2023-04-27T18:45:37.564+0300] {logging_mixin.py:137} INFO - [2023-04-27T18:45:37.564+0300] {dagbag.py:532} INFO - Filling up the DagBag from /home/vladimir/.local/lib/python3.10/site-packages/airflow/example_dags/example_task_group.py
[2023-04-27T18:45:37.587+0300] {processor.py:753} INFO - DAG(s) dict_keys(['example_task_group']) retrieved from /home/vladimir/.local/lib/python3.10/site-packages/airflow/example_dags/example_task_group.py
[2023-04-27T18:45:37.619+0300] {logging_mixin.py:137} INFO - [2023-04-27T18:45:37.618+0300] {dag.py:2705} INFO - Sync 1 DAGs
[2023-04-27T18:45:37.632+0300] {logging_mixin.py:137} INFO - [2023-04-27T18:45:37.632+0300] {dag.py:3452} INFO - Setting next_dagrun for example_task_group to 2023-04-26T15:45:37.632306+00:00, run_after=2023-04-27T15:45:37.632306+00:00
[2023-04-27T18:45:37.646+0300] {processor.py:175} INFO - Processing /home/vladimir/.local/lib/python3.10/site-packages/airflow/example_dags/example_task_group.py took 0.096 seconds
[2023-04-27T18:46:58.644+0300] {processor.py:153} INFO - Started process (PID=2887) to work on /home/vladimir/.local/lib/python3.10/site-packages/airflow/example_dags/example_task_group.py
[2023-04-27T18:46:58.646+0300] {processor.py:743} INFO - Processing file /home/vladimir/.local/lib/python3.10/site-packages/airflow/example_dags/example_task_group.py for tasks to queue
[2023-04-27T18:46:58.647+0300] {logging_mixin.py:137} INFO - [2023-04-27T18:46:58.647+0300] {dagbag.py:532} INFO - Filling up the DagBag from /home/vladimir/.local/lib/python3.10/site-packages/airflow/example_dags/example_task_group.py
[2023-04-27T18:46:58.666+0300] {processor.py:753} INFO - DAG(s) dict_keys(['example_task_group']) retrieved from /home/vladimir/.local/lib/python3.10/site-packages/airflow/example_dags/example_task_group.py
[2023-04-27T18:46:58.684+0300] {logging_mixin.py:137} INFO - [2023-04-27T18:46:58.683+0300] {dag.py:2705} INFO - Sync 1 DAGs
[2023-04-27T18:46:58.698+0300] {logging_mixin.py:137} INFO - [2023-04-27T18:46:58.698+0300] {dag.py:3452} INFO - Setting next_dagrun for example_task_group to 2023-04-26T15:46:58.698493+00:00, run_after=2023-04-27T15:46:58.698493+00:00
[2023-04-27T18:46:58.714+0300] {processor.py:175} INFO - Processing /home/vladimir/.local/lib/python3.10/site-packages/airflow/example_dags/example_task_group.py took 0.073 seconds
[2023-04-27T18:47:40.226+0300] {processor.py:153} INFO - Started process (PID=3812) to work on /home/vladimir/.local/lib/python3.10/site-packages/airflow/example_dags/example_task_group.py
[2023-04-27T18:47:40.227+0300] {processor.py:743} INFO - Processing file /home/vladimir/.local/lib/python3.10/site-packages/airflow/example_dags/example_task_group.py for tasks to queue
[2023-04-27T18:47:40.227+0300] {logging_mixin.py:137} INFO - [2023-04-27T18:47:40.227+0300] {dagbag.py:532} INFO - Filling up the DagBag from /home/vladimir/.local/lib/python3.10/site-packages/airflow/example_dags/example_task_group.py
[2023-04-27T18:47:40.244+0300] {processor.py:753} INFO - DAG(s) dict_keys(['example_task_group']) retrieved from /home/vladimir/.local/lib/python3.10/site-packages/airflow/example_dags/example_task_group.py
[2023-04-27T18:47:40.258+0300] {logging_mixin.py:137} INFO - [2023-04-27T18:47:40.258+0300] {dag.py:2705} INFO - Sync 1 DAGs
[2023-04-27T18:47:40.271+0300] {logging_mixin.py:137} INFO - [2023-04-27T18:47:40.270+0300] {dag.py:3452} INFO - Setting next_dagrun for example_task_group to 2023-04-26T15:47:40.270760+00:00, run_after=2023-04-27T15:47:40.270760+00:00
[2023-04-27T18:47:40.284+0300] {processor.py:175} INFO - Processing /home/vladimir/.local/lib/python3.10/site-packages/airflow/example_dags/example_task_group.py took 0.060 seconds
[2023-04-27T18:48:20.850+0300] {processor.py:153} INFO - Started process (PID=4128) to work on /home/vladimir/.local/lib/python3.10/site-packages/airflow/example_dags/example_task_group.py
[2023-04-27T18:48:20.851+0300] {processor.py:743} INFO - Processing file /home/vladimir/.local/lib/python3.10/site-packages/airflow/example_dags/example_task_group.py for tasks to queue
[2023-04-27T18:48:20.852+0300] {logging_mixin.py:137} INFO - [2023-04-27T18:48:20.852+0300] {dagbag.py:532} INFO - Filling up the DagBag from /home/vladimir/.local/lib/python3.10/site-packages/airflow/example_dags/example_task_group.py
[2023-04-27T18:48:20.863+0300] {processor.py:753} INFO - DAG(s) dict_keys(['example_task_group']) retrieved from /home/vladimir/.local/lib/python3.10/site-packages/airflow/example_dags/example_task_group.py
[2023-04-27T18:48:20.876+0300] {logging_mixin.py:137} INFO - [2023-04-27T18:48:20.876+0300] {dag.py:2705} INFO - Sync 1 DAGs
[2023-04-27T18:48:20.890+0300] {logging_mixin.py:137} INFO - [2023-04-27T18:48:20.890+0300] {dag.py:3452} INFO - Setting next_dagrun for example_task_group to 2023-04-26T15:48:20.890003+00:00, run_after=2023-04-27T15:48:20.890003+00:00
[2023-04-27T18:48:20.902+0300] {processor.py:175} INFO - Processing /home/vladimir/.local/lib/python3.10/site-packages/airflow/example_dags/example_task_group.py took 0.054 seconds
[2023-04-27T18:49:05.886+0300] {processor.py:153} INFO - Started process (PID=4177) to work on /home/vladimir/.local/lib/python3.10/site-packages/airflow/example_dags/example_task_group.py
[2023-04-27T18:49:05.886+0300] {processor.py:743} INFO - Processing file /home/vladimir/.local/lib/python3.10/site-packages/airflow/example_dags/example_task_group.py for tasks to queue
[2023-04-27T18:49:05.887+0300] {logging_mixin.py:137} INFO - [2023-04-27T18:49:05.887+0300] {dagbag.py:532} INFO - Filling up the DagBag from /home/vladimir/.local/lib/python3.10/site-packages/airflow/example_dags/example_task_group.py
[2023-04-27T18:49:05.898+0300] {processor.py:753} INFO - DAG(s) dict_keys(['example_task_group']) retrieved from /home/vladimir/.local/lib/python3.10/site-packages/airflow/example_dags/example_task_group.py
[2023-04-27T18:49:05.912+0300] {logging_mixin.py:137} INFO - [2023-04-27T18:49:05.911+0300] {dag.py:2705} INFO - Sync 1 DAGs
[2023-04-27T18:49:05.925+0300] {logging_mixin.py:137} INFO - [2023-04-27T18:49:05.925+0300] {dag.py:3452} INFO - Setting next_dagrun for example_task_group to 2023-04-26T15:49:05.924950+00:00, run_after=2023-04-27T15:49:05.924950+00:00
[2023-04-27T18:49:05.936+0300] {processor.py:175} INFO - Processing /home/vladimir/.local/lib/python3.10/site-packages/airflow/example_dags/example_task_group.py took 0.052 seconds
[2023-04-27T18:49:48.324+0300] {processor.py:153} INFO - Started process (PID=4442) to work on /home/vladimir/.local/lib/python3.10/site-packages/airflow/example_dags/example_task_group.py
[2023-04-27T18:49:48.325+0300] {processor.py:743} INFO - Processing file /home/vladimir/.local/lib/python3.10/site-packages/airflow/example_dags/example_task_group.py for tasks to queue
[2023-04-27T18:49:48.326+0300] {logging_mixin.py:137} INFO - [2023-04-27T18:49:48.326+0300] {dagbag.py:532} INFO - Filling up the DagBag from /home/vladimir/.local/lib/python3.10/site-packages/airflow/example_dags/example_task_group.py
[2023-04-27T18:49:48.343+0300] {processor.py:753} INFO - DAG(s) dict_keys(['example_task_group']) retrieved from /home/vladimir/.local/lib/python3.10/site-packages/airflow/example_dags/example_task_group.py
[2023-04-27T18:49:48.365+0300] {logging_mixin.py:137} INFO - [2023-04-27T18:49:48.364+0300] {dag.py:2705} INFO - Sync 1 DAGs
[2023-04-27T18:49:48.383+0300] {logging_mixin.py:137} INFO - [2023-04-27T18:49:48.383+0300] {dag.py:3452} INFO - Setting next_dagrun for example_task_group to 2023-04-26T15:49:48.383541+00:00, run_after=2023-04-27T15:49:48.383541+00:00
[2023-04-27T18:49:48.405+0300] {processor.py:175} INFO - Processing /home/vladimir/.local/lib/python3.10/site-packages/airflow/example_dags/example_task_group.py took 0.083 seconds
[2023-04-27T18:50:27.462+0300] {processor.py:153} INFO - Started process (PID=4749) to work on /home/vladimir/.local/lib/python3.10/site-packages/airflow/example_dags/example_task_group.py
[2023-04-27T18:50:27.463+0300] {processor.py:743} INFO - Processing file /home/vladimir/.local/lib/python3.10/site-packages/airflow/example_dags/example_task_group.py for tasks to queue
[2023-04-27T18:50:27.463+0300] {logging_mixin.py:137} INFO - [2023-04-27T18:50:27.463+0300] {dagbag.py:532} INFO - Filling up the DagBag from /home/vladimir/.local/lib/python3.10/site-packages/airflow/example_dags/example_task_group.py
[2023-04-27T18:50:27.476+0300] {processor.py:753} INFO - DAG(s) dict_keys(['example_task_group']) retrieved from /home/vladimir/.local/lib/python3.10/site-packages/airflow/example_dags/example_task_group.py
[2023-04-27T18:50:27.492+0300] {logging_mixin.py:137} INFO - [2023-04-27T18:50:27.491+0300] {dag.py:2705} INFO - Sync 1 DAGs
[2023-04-27T18:50:27.505+0300] {logging_mixin.py:137} INFO - [2023-04-27T18:50:27.505+0300] {dag.py:3452} INFO - Setting next_dagrun for example_task_group to 2023-04-26T15:50:27.505154+00:00, run_after=2023-04-27T15:50:27.505154+00:00
[2023-04-27T18:50:27.516+0300] {processor.py:175} INFO - Processing /home/vladimir/.local/lib/python3.10/site-packages/airflow/example_dags/example_task_group.py took 0.056 seconds
[2023-04-27T18:51:11.910+0300] {processor.py:153} INFO - Started process (PID=5250) to work on /home/vladimir/.local/lib/python3.10/site-packages/airflow/example_dags/example_task_group.py
[2023-04-27T18:51:11.910+0300] {processor.py:743} INFO - Processing file /home/vladimir/.local/lib/python3.10/site-packages/airflow/example_dags/example_task_group.py for tasks to queue
[2023-04-27T18:51:11.911+0300] {logging_mixin.py:137} INFO - [2023-04-27T18:51:11.911+0300] {dagbag.py:532} INFO - Filling up the DagBag from /home/vladimir/.local/lib/python3.10/site-packages/airflow/example_dags/example_task_group.py
[2023-04-27T18:51:11.923+0300] {processor.py:753} INFO - DAG(s) dict_keys(['example_task_group']) retrieved from /home/vladimir/.local/lib/python3.10/site-packages/airflow/example_dags/example_task_group.py
[2023-04-27T18:51:11.936+0300] {logging_mixin.py:137} INFO - [2023-04-27T18:51:11.936+0300] {dag.py:2705} INFO - Sync 1 DAGs
[2023-04-27T18:51:11.953+0300] {logging_mixin.py:137} INFO - [2023-04-27T18:51:11.953+0300] {dag.py:3452} INFO - Setting next_dagrun for example_task_group to 2023-04-26T15:51:11.952825+00:00, run_after=2023-04-27T15:51:11.952825+00:00
[2023-04-27T18:51:11.969+0300] {processor.py:175} INFO - Processing /home/vladimir/.local/lib/python3.10/site-packages/airflow/example_dags/example_task_group.py took 0.062 seconds
[2023-04-27T18:51:47.189+0300] {processor.py:153} INFO - Started process (PID=5293) to work on /home/vladimir/.local/lib/python3.10/site-packages/airflow/example_dags/example_task_group.py
[2023-04-27T18:51:47.190+0300] {processor.py:743} INFO - Processing file /home/vladimir/.local/lib/python3.10/site-packages/airflow/example_dags/example_task_group.py for tasks to queue
[2023-04-27T18:51:47.191+0300] {logging_mixin.py:137} INFO - [2023-04-27T18:51:47.190+0300] {dagbag.py:532} INFO - Filling up the DagBag from /home/vladimir/.local/lib/python3.10/site-packages/airflow/example_dags/example_task_group.py
[2023-04-27T18:51:47.202+0300] {processor.py:753} INFO - DAG(s) dict_keys(['example_task_group']) retrieved from /home/vladimir/.local/lib/python3.10/site-packages/airflow/example_dags/example_task_group.py
[2023-04-27T18:51:47.216+0300] {logging_mixin.py:137} INFO - [2023-04-27T18:51:47.216+0300] {dag.py:2705} INFO - Sync 1 DAGs
[2023-04-27T18:51:47.229+0300] {logging_mixin.py:137} INFO - [2023-04-27T18:51:47.228+0300] {dag.py:3452} INFO - Setting next_dagrun for example_task_group to 2023-04-26T15:51:47.228751+00:00, run_after=2023-04-27T15:51:47.228751+00:00
[2023-04-27T18:51:47.242+0300] {processor.py:175} INFO - Processing /home/vladimir/.local/lib/python3.10/site-packages/airflow/example_dags/example_task_group.py took 0.056 seconds
[2023-04-27T18:52:31.788+0300] {processor.py:153} INFO - Started process (PID=5341) to work on /home/vladimir/.local/lib/python3.10/site-packages/airflow/example_dags/example_task_group.py
[2023-04-27T18:52:31.789+0300] {processor.py:743} INFO - Processing file /home/vladimir/.local/lib/python3.10/site-packages/airflow/example_dags/example_task_group.py for tasks to queue
[2023-04-27T18:52:31.790+0300] {logging_mixin.py:137} INFO - [2023-04-27T18:52:31.790+0300] {dagbag.py:532} INFO - Filling up the DagBag from /home/vladimir/.local/lib/python3.10/site-packages/airflow/example_dags/example_task_group.py
[2023-04-27T18:52:31.801+0300] {processor.py:753} INFO - DAG(s) dict_keys(['example_task_group']) retrieved from /home/vladimir/.local/lib/python3.10/site-packages/airflow/example_dags/example_task_group.py
[2023-04-27T18:52:31.814+0300] {logging_mixin.py:137} INFO - [2023-04-27T18:52:31.814+0300] {dag.py:2705} INFO - Sync 1 DAGs
[2023-04-27T18:52:31.826+0300] {logging_mixin.py:137} INFO - [2023-04-27T18:52:31.826+0300] {dag.py:3452} INFO - Setting next_dagrun for example_task_group to 2023-04-26T15:52:31.826229+00:00, run_after=2023-04-27T15:52:31.826229+00:00
[2023-04-27T18:52:31.840+0300] {processor.py:175} INFO - Processing /home/vladimir/.local/lib/python3.10/site-packages/airflow/example_dags/example_task_group.py took 0.054 seconds
[2023-04-27T18:53:09.424+0300] {processor.py:153} INFO - Started process (PID=5458) to work on /home/vladimir/.local/lib/python3.10/site-packages/airflow/example_dags/example_task_group.py
[2023-04-27T18:53:09.425+0300] {processor.py:743} INFO - Processing file /home/vladimir/.local/lib/python3.10/site-packages/airflow/example_dags/example_task_group.py for tasks to queue
[2023-04-27T18:53:09.425+0300] {logging_mixin.py:137} INFO - [2023-04-27T18:53:09.425+0300] {dagbag.py:532} INFO - Filling up the DagBag from /home/vladimir/.local/lib/python3.10/site-packages/airflow/example_dags/example_task_group.py
[2023-04-27T18:53:09.438+0300] {processor.py:753} INFO - DAG(s) dict_keys(['example_task_group']) retrieved from /home/vladimir/.local/lib/python3.10/site-packages/airflow/example_dags/example_task_group.py
[2023-04-27T18:53:09.465+0300] {logging_mixin.py:137} INFO - [2023-04-27T18:53:09.465+0300] {dag.py:2705} INFO - Sync 1 DAGs
[2023-04-27T18:53:09.483+0300] {logging_mixin.py:137} INFO - [2023-04-27T18:53:09.483+0300] {dag.py:3452} INFO - Setting next_dagrun for example_task_group to 2023-04-26T15:53:09.483405+00:00, run_after=2023-04-27T15:53:09.483405+00:00
[2023-04-27T18:53:09.497+0300] {processor.py:175} INFO - Processing /home/vladimir/.local/lib/python3.10/site-packages/airflow/example_dags/example_task_group.py took 0.076 seconds
[2023-04-27T18:53:52.810+0300] {processor.py:153} INFO - Started process (PID=5572) to work on /home/vladimir/.local/lib/python3.10/site-packages/airflow/example_dags/example_task_group.py
[2023-04-27T18:53:52.811+0300] {processor.py:743} INFO - Processing file /home/vladimir/.local/lib/python3.10/site-packages/airflow/example_dags/example_task_group.py for tasks to queue
[2023-04-27T18:53:52.811+0300] {logging_mixin.py:137} INFO - [2023-04-27T18:53:52.811+0300] {dagbag.py:532} INFO - Filling up the DagBag from /home/vladimir/.local/lib/python3.10/site-packages/airflow/example_dags/example_task_group.py
[2023-04-27T18:53:52.822+0300] {processor.py:753} INFO - DAG(s) dict_keys(['example_task_group']) retrieved from /home/vladimir/.local/lib/python3.10/site-packages/airflow/example_dags/example_task_group.py
[2023-04-27T18:53:52.835+0300] {logging_mixin.py:137} INFO - [2023-04-27T18:53:52.835+0300] {dag.py:2705} INFO - Sync 1 DAGs
[2023-04-27T18:53:52.847+0300] {logging_mixin.py:137} INFO - [2023-04-27T18:53:52.847+0300] {dag.py:3452} INFO - Setting next_dagrun for example_task_group to 2023-04-26T15:53:52.847410+00:00, run_after=2023-04-27T15:53:52.847410+00:00
[2023-04-27T18:53:52.859+0300] {processor.py:175} INFO - Processing /home/vladimir/.local/lib/python3.10/site-packages/airflow/example_dags/example_task_group.py took 0.051 seconds
[2023-04-27T18:54:41.527+0300] {processor.py:153} INFO - Started process (PID=5628) to work on /home/vladimir/.local/lib/python3.10/site-packages/airflow/example_dags/example_task_group.py
[2023-04-27T18:54:41.527+0300] {processor.py:743} INFO - Processing file /home/vladimir/.local/lib/python3.10/site-packages/airflow/example_dags/example_task_group.py for tasks to queue
[2023-04-27T18:54:41.528+0300] {logging_mixin.py:137} INFO - [2023-04-27T18:54:41.528+0300] {dagbag.py:532} INFO - Filling up the DagBag from /home/vladimir/.local/lib/python3.10/site-packages/airflow/example_dags/example_task_group.py
[2023-04-27T18:54:41.539+0300] {processor.py:753} INFO - DAG(s) dict_keys(['example_task_group']) retrieved from /home/vladimir/.local/lib/python3.10/site-packages/airflow/example_dags/example_task_group.py
[2023-04-27T18:54:41.552+0300] {logging_mixin.py:137} INFO - [2023-04-27T18:54:41.552+0300] {dag.py:2705} INFO - Sync 1 DAGs
[2023-04-27T18:54:41.564+0300] {logging_mixin.py:137} INFO - [2023-04-27T18:54:41.564+0300] {dag.py:3452} INFO - Setting next_dagrun for example_task_group to 2023-04-26T15:54:41.564263+00:00, run_after=2023-04-27T15:54:41.564263+00:00
[2023-04-27T18:54:41.576+0300] {processor.py:175} INFO - Processing /home/vladimir/.local/lib/python3.10/site-packages/airflow/example_dags/example_task_group.py took 0.051 seconds
[2023-04-27T18:55:29.497+0300] {processor.py:153} INFO - Started process (PID=5686) to work on /home/vladimir/.local/lib/python3.10/site-packages/airflow/example_dags/example_task_group.py
[2023-04-27T18:55:29.498+0300] {processor.py:743} INFO - Processing file /home/vladimir/.local/lib/python3.10/site-packages/airflow/example_dags/example_task_group.py for tasks to queue
[2023-04-27T18:55:29.498+0300] {logging_mixin.py:137} INFO - [2023-04-27T18:55:29.498+0300] {dagbag.py:532} INFO - Filling up the DagBag from /home/vladimir/.local/lib/python3.10/site-packages/airflow/example_dags/example_task_group.py
[2023-04-27T18:55:29.509+0300] {processor.py:753} INFO - DAG(s) dict_keys(['example_task_group']) retrieved from /home/vladimir/.local/lib/python3.10/site-packages/airflow/example_dags/example_task_group.py
[2023-04-27T18:55:29.522+0300] {logging_mixin.py:137} INFO - [2023-04-27T18:55:29.522+0300] {dag.py:2705} INFO - Sync 1 DAGs
[2023-04-27T18:55:29.533+0300] {logging_mixin.py:137} INFO - [2023-04-27T18:55:29.533+0300] {dag.py:3452} INFO - Setting next_dagrun for example_task_group to 2023-04-26T15:55:29.533245+00:00, run_after=2023-04-27T15:55:29.533245+00:00
[2023-04-27T18:55:29.545+0300] {processor.py:175} INFO - Processing /home/vladimir/.local/lib/python3.10/site-packages/airflow/example_dags/example_task_group.py took 0.051 seconds
[2023-04-27T18:56:13.478+0300] {processor.py:153} INFO - Started process (PID=5742) to work on /home/vladimir/.local/lib/python3.10/site-packages/airflow/example_dags/example_task_group.py
[2023-04-27T18:56:13.479+0300] {processor.py:743} INFO - Processing file /home/vladimir/.local/lib/python3.10/site-packages/airflow/example_dags/example_task_group.py for tasks to queue
[2023-04-27T18:56:13.480+0300] {logging_mixin.py:137} INFO - [2023-04-27T18:56:13.480+0300] {dagbag.py:532} INFO - Filling up the DagBag from /home/vladimir/.local/lib/python3.10/site-packages/airflow/example_dags/example_task_group.py
[2023-04-27T18:56:13.492+0300] {processor.py:753} INFO - DAG(s) dict_keys(['example_task_group']) retrieved from /home/vladimir/.local/lib/python3.10/site-packages/airflow/example_dags/example_task_group.py
[2023-04-27T18:56:13.508+0300] {logging_mixin.py:137} INFO - [2023-04-27T18:56:13.508+0300] {dag.py:2705} INFO - Sync 1 DAGs
[2023-04-27T18:56:13.521+0300] {logging_mixin.py:137} INFO - [2023-04-27T18:56:13.521+0300] {dag.py:3452} INFO - Setting next_dagrun for example_task_group to 2023-04-26T15:56:13.521347+00:00, run_after=2023-04-27T15:56:13.521347+00:00
[2023-04-27T18:56:13.534+0300] {processor.py:175} INFO - Processing /home/vladimir/.local/lib/python3.10/site-packages/airflow/example_dags/example_task_group.py took 0.058 seconds
[2023-04-27T18:56:57.625+0300] {processor.py:153} INFO - Started process (PID=6660) to work on /home/vladimir/.local/lib/python3.10/site-packages/airflow/example_dags/example_task_group.py
[2023-04-27T18:56:57.626+0300] {processor.py:743} INFO - Processing file /home/vladimir/.local/lib/python3.10/site-packages/airflow/example_dags/example_task_group.py for tasks to queue
[2023-04-27T18:56:57.628+0300] {logging_mixin.py:137} INFO - [2023-04-27T18:56:57.628+0300] {dagbag.py:532} INFO - Filling up the DagBag from /home/vladimir/.local/lib/python3.10/site-packages/airflow/example_dags/example_task_group.py
[2023-04-27T18:56:57.638+0300] {processor.py:753} INFO - DAG(s) dict_keys(['example_task_group']) retrieved from /home/vladimir/.local/lib/python3.10/site-packages/airflow/example_dags/example_task_group.py
[2023-04-27T18:56:57.652+0300] {logging_mixin.py:137} INFO - [2023-04-27T18:56:57.651+0300] {dag.py:2705} INFO - Sync 1 DAGs
[2023-04-27T18:56:57.664+0300] {logging_mixin.py:137} INFO - [2023-04-27T18:56:57.664+0300] {dag.py:3452} INFO - Setting next_dagrun for example_task_group to 2023-04-26T15:56:57.664558+00:00, run_after=2023-04-27T15:56:57.664558+00:00
[2023-04-27T18:56:57.678+0300] {processor.py:175} INFO - Processing /home/vladimir/.local/lib/python3.10/site-packages/airflow/example_dags/example_task_group.py took 0.055 seconds
[2023-04-27T18:57:36.700+0300] {processor.py:153} INFO - Started process (PID=6726) to work on /home/vladimir/.local/lib/python3.10/site-packages/airflow/example_dags/example_task_group.py
[2023-04-27T18:57:36.701+0300] {processor.py:743} INFO - Processing file /home/vladimir/.local/lib/python3.10/site-packages/airflow/example_dags/example_task_group.py for tasks to queue
[2023-04-27T18:57:36.701+0300] {logging_mixin.py:137} INFO - [2023-04-27T18:57:36.701+0300] {dagbag.py:532} INFO - Filling up the DagBag from /home/vladimir/.local/lib/python3.10/site-packages/airflow/example_dags/example_task_group.py
[2023-04-27T18:57:36.712+0300] {processor.py:753} INFO - DAG(s) dict_keys(['example_task_group']) retrieved from /home/vladimir/.local/lib/python3.10/site-packages/airflow/example_dags/example_task_group.py
[2023-04-27T18:57:36.726+0300] {logging_mixin.py:137} INFO - [2023-04-27T18:57:36.726+0300] {dag.py:2705} INFO - Sync 1 DAGs
[2023-04-27T18:57:36.739+0300] {logging_mixin.py:137} INFO - [2023-04-27T18:57:36.739+0300] {dag.py:3452} INFO - Setting next_dagrun for example_task_group to 2023-04-26T15:57:36.739246+00:00, run_after=2023-04-27T15:57:36.739246+00:00
[2023-04-27T18:57:36.751+0300] {processor.py:175} INFO - Processing /home/vladimir/.local/lib/python3.10/site-packages/airflow/example_dags/example_task_group.py took 0.054 seconds
[2023-04-27T18:58:14.426+0300] {processor.py:153} INFO - Started process (PID=6791) to work on /home/vladimir/.local/lib/python3.10/site-packages/airflow/example_dags/example_task_group.py
[2023-04-27T18:58:14.427+0300] {processor.py:743} INFO - Processing file /home/vladimir/.local/lib/python3.10/site-packages/airflow/example_dags/example_task_group.py for tasks to queue
[2023-04-27T18:58:14.428+0300] {logging_mixin.py:137} INFO - [2023-04-27T18:58:14.428+0300] {dagbag.py:532} INFO - Filling up the DagBag from /home/vladimir/.local/lib/python3.10/site-packages/airflow/example_dags/example_task_group.py
[2023-04-27T18:58:14.440+0300] {processor.py:753} INFO - DAG(s) dict_keys(['example_task_group']) retrieved from /home/vladimir/.local/lib/python3.10/site-packages/airflow/example_dags/example_task_group.py
[2023-04-27T18:58:14.454+0300] {logging_mixin.py:137} INFO - [2023-04-27T18:58:14.454+0300] {dag.py:2705} INFO - Sync 1 DAGs
[2023-04-27T18:58:14.466+0300] {logging_mixin.py:137} INFO - [2023-04-27T18:58:14.466+0300] {dag.py:3452} INFO - Setting next_dagrun for example_task_group to 2023-04-26T15:58:14.465740+00:00, run_after=2023-04-27T15:58:14.465740+00:00
[2023-04-27T18:58:14.478+0300] {processor.py:175} INFO - Processing /home/vladimir/.local/lib/python3.10/site-packages/airflow/example_dags/example_task_group.py took 0.054 seconds
[2023-04-27T18:58:59.827+0300] {processor.py:153} INFO - Started process (PID=6880) to work on /home/vladimir/.local/lib/python3.10/site-packages/airflow/example_dags/example_task_group.py
[2023-04-27T18:58:59.828+0300] {processor.py:743} INFO - Processing file /home/vladimir/.local/lib/python3.10/site-packages/airflow/example_dags/example_task_group.py for tasks to queue
[2023-04-27T18:58:59.829+0300] {logging_mixin.py:137} INFO - [2023-04-27T18:58:59.829+0300] {dagbag.py:532} INFO - Filling up the DagBag from /home/vladimir/.local/lib/python3.10/site-packages/airflow/example_dags/example_task_group.py
[2023-04-27T18:58:59.840+0300] {processor.py:753} INFO - DAG(s) dict_keys(['example_task_group']) retrieved from /home/vladimir/.local/lib/python3.10/site-packages/airflow/example_dags/example_task_group.py
[2023-04-27T18:58:59.854+0300] {logging_mixin.py:137} INFO - [2023-04-27T18:58:59.854+0300] {dag.py:2705} INFO - Sync 1 DAGs
[2023-04-27T18:58:59.866+0300] {logging_mixin.py:137} INFO - [2023-04-27T18:58:59.866+0300] {dag.py:3452} INFO - Setting next_dagrun for example_task_group to 2023-04-26T15:58:59.866673+00:00, run_after=2023-04-27T15:58:59.866673+00:00
[2023-04-27T18:58:59.879+0300] {processor.py:175} INFO - Processing /home/vladimir/.local/lib/python3.10/site-packages/airflow/example_dags/example_task_group.py took 0.054 seconds
[2023-04-27T18:59:38.359+0300] {processor.py:153} INFO - Started process (PID=6950) to work on /home/vladimir/.local/lib/python3.10/site-packages/airflow/example_dags/example_task_group.py
[2023-04-27T18:59:38.361+0300] {processor.py:743} INFO - Processing file /home/vladimir/.local/lib/python3.10/site-packages/airflow/example_dags/example_task_group.py for tasks to queue
[2023-04-27T18:59:38.361+0300] {logging_mixin.py:137} INFO - [2023-04-27T18:59:38.361+0300] {dagbag.py:532} INFO - Filling up the DagBag from /home/vladimir/.local/lib/python3.10/site-packages/airflow/example_dags/example_task_group.py
[2023-04-27T18:59:38.373+0300] {processor.py:753} INFO - DAG(s) dict_keys(['example_task_group']) retrieved from /home/vladimir/.local/lib/python3.10/site-packages/airflow/example_dags/example_task_group.py
[2023-04-27T18:59:38.386+0300] {logging_mixin.py:137} INFO - [2023-04-27T18:59:38.386+0300] {dag.py:2705} INFO - Sync 1 DAGs
[2023-04-27T18:59:38.399+0300] {logging_mixin.py:137} INFO - [2023-04-27T18:59:38.398+0300] {dag.py:3452} INFO - Setting next_dagrun for example_task_group to 2023-04-26T15:59:38.397709+00:00, run_after=2023-04-27T15:59:38.397709+00:00
[2023-04-27T18:59:38.413+0300] {processor.py:175} INFO - Processing /home/vladimir/.local/lib/python3.10/site-packages/airflow/example_dags/example_task_group.py took 0.056 seconds
[2023-04-27T19:00:24.548+0300] {processor.py:153} INFO - Started process (PID=7050) to work on /home/vladimir/.local/lib/python3.10/site-packages/airflow/example_dags/example_task_group.py
[2023-04-27T19:00:24.549+0300] {processor.py:743} INFO - Processing file /home/vladimir/.local/lib/python3.10/site-packages/airflow/example_dags/example_task_group.py for tasks to queue
[2023-04-27T19:00:24.550+0300] {logging_mixin.py:137} INFO - [2023-04-27T19:00:24.550+0300] {dagbag.py:532} INFO - Filling up the DagBag from /home/vladimir/.local/lib/python3.10/site-packages/airflow/example_dags/example_task_group.py
[2023-04-27T19:00:24.561+0300] {processor.py:753} INFO - DAG(s) dict_keys(['example_task_group']) retrieved from /home/vladimir/.local/lib/python3.10/site-packages/airflow/example_dags/example_task_group.py
[2023-04-27T19:00:24.575+0300] {logging_mixin.py:137} INFO - [2023-04-27T19:00:24.575+0300] {dag.py:2705} INFO - Sync 1 DAGs
[2023-04-27T19:00:24.586+0300] {logging_mixin.py:137} INFO - [2023-04-27T19:00:24.586+0300] {dag.py:3452} INFO - Setting next_dagrun for example_task_group to 2023-04-26T16:00:24.586607+00:00, run_after=2023-04-27T16:00:24.586607+00:00
[2023-04-27T19:00:24.601+0300] {processor.py:175} INFO - Processing /home/vladimir/.local/lib/python3.10/site-packages/airflow/example_dags/example_task_group.py took 0.055 seconds
[2023-04-27T19:01:09.697+0300] {processor.py:153} INFO - Started process (PID=7164) to work on /home/vladimir/.local/lib/python3.10/site-packages/airflow/example_dags/example_task_group.py
[2023-04-27T19:01:09.698+0300] {processor.py:743} INFO - Processing file /home/vladimir/.local/lib/python3.10/site-packages/airflow/example_dags/example_task_group.py for tasks to queue
[2023-04-27T19:01:09.699+0300] {logging_mixin.py:137} INFO - [2023-04-27T19:01:09.699+0300] {dagbag.py:532} INFO - Filling up the DagBag from /home/vladimir/.local/lib/python3.10/site-packages/airflow/example_dags/example_task_group.py
[2023-04-27T19:01:09.711+0300] {processor.py:753} INFO - DAG(s) dict_keys(['example_task_group']) retrieved from /home/vladimir/.local/lib/python3.10/site-packages/airflow/example_dags/example_task_group.py
[2023-04-27T19:01:09.726+0300] {logging_mixin.py:137} INFO - [2023-04-27T19:01:09.725+0300] {dag.py:2705} INFO - Sync 1 DAGs
[2023-04-27T19:01:09.738+0300] {logging_mixin.py:137} INFO - [2023-04-27T19:01:09.738+0300] {dag.py:3452} INFO - Setting next_dagrun for example_task_group to 2023-04-26T16:01:09.738107+00:00, run_after=2023-04-27T16:01:09.738107+00:00
[2023-04-27T19:01:09.750+0300] {processor.py:175} INFO - Processing /home/vladimir/.local/lib/python3.10/site-packages/airflow/example_dags/example_task_group.py took 0.055 seconds
