[2023-04-27T18:25:13.463+0300] {processor.py:153} INFO - Started process (PID=5598) to work on /home/vladimir/.local/lib/python3.10/site-packages/airflow/example_dags/example_short_circuit_decorator.py
[2023-04-27T18:25:13.467+0300] {processor.py:743} INFO - Processing file /home/vladimir/.local/lib/python3.10/site-packages/airflow/example_dags/example_short_circuit_decorator.py for tasks to queue
[2023-04-27T18:25:13.472+0300] {logging_mixin.py:137} INFO - [2023-04-27T18:25:13.472+0300] {dagbag.py:532} INFO - Filling up the DagBag from /home/vladimir/.local/lib/python3.10/site-packages/airflow/example_dags/example_short_circuit_decorator.py
[2023-04-27T18:25:13.783+0300] {processor.py:753} INFO - DAG(s) dict_keys(['example_short_circuit_decorator']) retrieved from /home/vladimir/.local/lib/python3.10/site-packages/airflow/example_dags/example_short_circuit_decorator.py
[2023-04-27T18:25:13.985+0300] {logging_mixin.py:137} INFO - [2023-04-27T18:25:13.985+0300] {manager.py:504} INFO - Created Permission View: can read on DAG:example_short_circuit_decorator
[2023-04-27T18:25:14.070+0300] {logging_mixin.py:137} INFO - [2023-04-27T18:25:14.070+0300] {manager.py:504} INFO - Created Permission View: can delete on DAG:example_short_circuit_decorator
[2023-04-27T18:25:14.078+0300] {logging_mixin.py:137} INFO - [2023-04-27T18:25:14.078+0300] {manager.py:504} INFO - Created Permission View: can edit on DAG:example_short_circuit_decorator
[2023-04-27T18:25:14.078+0300] {logging_mixin.py:137} INFO - [2023-04-27T18:25:14.078+0300] {dag.py:2705} INFO - Sync 1 DAGs
[2023-04-27T18:25:14.100+0300] {logging_mixin.py:137} INFO - [2023-04-27T18:25:14.100+0300] {dag.py:2726} INFO - Creating ORM DAG for example_short_circuit_decorator
[2023-04-27T18:25:14.119+0300] {logging_mixin.py:137} INFO - [2023-04-27T18:25:14.119+0300] {dag.py:3452} INFO - Setting next_dagrun for example_short_circuit_decorator to 2023-04-26T15:25:14.118548+00:00, run_after=2023-04-27T15:25:14.118548+00:00
[2023-04-27T18:25:14.265+0300] {processor.py:175} INFO - Processing /home/vladimir/.local/lib/python3.10/site-packages/airflow/example_dags/example_short_circuit_decorator.py took 0.829 seconds
[2023-04-27T18:26:11.823+0300] {processor.py:153} INFO - Started process (PID=5983) to work on /home/vladimir/.local/lib/python3.10/site-packages/airflow/example_dags/example_short_circuit_decorator.py
[2023-04-27T18:26:11.824+0300] {processor.py:743} INFO - Processing file /home/vladimir/.local/lib/python3.10/site-packages/airflow/example_dags/example_short_circuit_decorator.py for tasks to queue
[2023-04-27T18:26:11.825+0300] {logging_mixin.py:137} INFO - [2023-04-27T18:26:11.825+0300] {dagbag.py:532} INFO - Filling up the DagBag from /home/vladimir/.local/lib/python3.10/site-packages/airflow/example_dags/example_short_circuit_decorator.py
[2023-04-27T18:26:11.845+0300] {processor.py:753} INFO - DAG(s) dict_keys(['example_short_circuit_decorator']) retrieved from /home/vladimir/.local/lib/python3.10/site-packages/airflow/example_dags/example_short_circuit_decorator.py
[2023-04-27T18:26:11.859+0300] {logging_mixin.py:137} INFO - [2023-04-27T18:26:11.859+0300] {dag.py:2705} INFO - Sync 1 DAGs
[2023-04-27T18:26:11.871+0300] {logging_mixin.py:137} INFO - [2023-04-27T18:26:11.871+0300] {dag.py:3452} INFO - Setting next_dagrun for example_short_circuit_decorator to 2023-04-26T15:26:11.871144+00:00, run_after=2023-04-27T15:26:11.871144+00:00
[2023-04-27T18:26:11.888+0300] {processor.py:175} INFO - Processing /home/vladimir/.local/lib/python3.10/site-packages/airflow/example_dags/example_short_circuit_decorator.py took 0.068 seconds
[2023-04-27T18:26:53.039+0300] {processor.py:153} INFO - Started process (PID=6047) to work on /home/vladimir/.local/lib/python3.10/site-packages/airflow/example_dags/example_short_circuit_decorator.py
[2023-04-27T18:26:53.040+0300] {processor.py:743} INFO - Processing file /home/vladimir/.local/lib/python3.10/site-packages/airflow/example_dags/example_short_circuit_decorator.py for tasks to queue
[2023-04-27T18:26:53.040+0300] {logging_mixin.py:137} INFO - [2023-04-27T18:26:53.040+0300] {dagbag.py:532} INFO - Filling up the DagBag from /home/vladimir/.local/lib/python3.10/site-packages/airflow/example_dags/example_short_circuit_decorator.py
[2023-04-27T18:26:53.058+0300] {processor.py:753} INFO - DAG(s) dict_keys(['example_short_circuit_decorator']) retrieved from /home/vladimir/.local/lib/python3.10/site-packages/airflow/example_dags/example_short_circuit_decorator.py
[2023-04-27T18:26:53.073+0300] {logging_mixin.py:137} INFO - [2023-04-27T18:26:53.073+0300] {dag.py:2705} INFO - Sync 1 DAGs
[2023-04-27T18:26:53.084+0300] {logging_mixin.py:137} INFO - [2023-04-27T18:26:53.084+0300] {dag.py:3452} INFO - Setting next_dagrun for example_short_circuit_decorator to 2023-04-26T15:26:53.084666+00:00, run_after=2023-04-27T15:26:53.084666+00:00
[2023-04-27T18:26:53.099+0300] {processor.py:175} INFO - Processing /home/vladimir/.local/lib/python3.10/site-packages/airflow/example_dags/example_short_circuit_decorator.py took 0.062 seconds
[2023-04-27T18:27:31.265+0300] {processor.py:153} INFO - Started process (PID=6105) to work on /home/vladimir/.local/lib/python3.10/site-packages/airflow/example_dags/example_short_circuit_decorator.py
[2023-04-27T18:27:31.266+0300] {processor.py:743} INFO - Processing file /home/vladimir/.local/lib/python3.10/site-packages/airflow/example_dags/example_short_circuit_decorator.py for tasks to queue
[2023-04-27T18:27:31.266+0300] {logging_mixin.py:137} INFO - [2023-04-27T18:27:31.266+0300] {dagbag.py:532} INFO - Filling up the DagBag from /home/vladimir/.local/lib/python3.10/site-packages/airflow/example_dags/example_short_circuit_decorator.py
[2023-04-27T18:27:31.283+0300] {processor.py:753} INFO - DAG(s) dict_keys(['example_short_circuit_decorator']) retrieved from /home/vladimir/.local/lib/python3.10/site-packages/airflow/example_dags/example_short_circuit_decorator.py
[2023-04-27T18:27:31.297+0300] {logging_mixin.py:137} INFO - [2023-04-27T18:27:31.297+0300] {dag.py:2705} INFO - Sync 1 DAGs
[2023-04-27T18:27:31.311+0300] {logging_mixin.py:137} INFO - [2023-04-27T18:27:31.311+0300] {dag.py:3452} INFO - Setting next_dagrun for example_short_circuit_decorator to 2023-04-26T15:27:31.310885+00:00, run_after=2023-04-27T15:27:31.310885+00:00
[2023-04-27T18:27:31.325+0300] {processor.py:175} INFO - Processing /home/vladimir/.local/lib/python3.10/site-packages/airflow/example_dags/example_short_circuit_decorator.py took 0.063 seconds
[2023-04-27T18:28:11.239+0300] {processor.py:153} INFO - Started process (PID=6160) to work on /home/vladimir/.local/lib/python3.10/site-packages/airflow/example_dags/example_short_circuit_decorator.py
[2023-04-27T18:28:11.240+0300] {processor.py:743} INFO - Processing file /home/vladimir/.local/lib/python3.10/site-packages/airflow/example_dags/example_short_circuit_decorator.py for tasks to queue
[2023-04-27T18:28:11.241+0300] {logging_mixin.py:137} INFO - [2023-04-27T18:28:11.241+0300] {dagbag.py:532} INFO - Filling up the DagBag from /home/vladimir/.local/lib/python3.10/site-packages/airflow/example_dags/example_short_circuit_decorator.py
[2023-04-27T18:28:11.257+0300] {processor.py:753} INFO - DAG(s) dict_keys(['example_short_circuit_decorator']) retrieved from /home/vladimir/.local/lib/python3.10/site-packages/airflow/example_dags/example_short_circuit_decorator.py
[2023-04-27T18:28:11.271+0300] {logging_mixin.py:137} INFO - [2023-04-27T18:28:11.271+0300] {dag.py:2705} INFO - Sync 1 DAGs
[2023-04-27T18:28:11.284+0300] {logging_mixin.py:137} INFO - [2023-04-27T18:28:11.283+0300] {dag.py:3452} INFO - Setting next_dagrun for example_short_circuit_decorator to 2023-04-26T15:28:11.283749+00:00, run_after=2023-04-27T15:28:11.283749+00:00
[2023-04-27T18:28:11.296+0300] {processor.py:175} INFO - Processing /home/vladimir/.local/lib/python3.10/site-packages/airflow/example_dags/example_short_circuit_decorator.py took 0.059 seconds
[2023-04-27T18:28:50.039+0300] {processor.py:153} INFO - Started process (PID=6218) to work on /home/vladimir/.local/lib/python3.10/site-packages/airflow/example_dags/example_short_circuit_decorator.py
[2023-04-27T18:28:50.040+0300] {processor.py:743} INFO - Processing file /home/vladimir/.local/lib/python3.10/site-packages/airflow/example_dags/example_short_circuit_decorator.py for tasks to queue
[2023-04-27T18:28:50.041+0300] {logging_mixin.py:137} INFO - [2023-04-27T18:28:50.041+0300] {dagbag.py:532} INFO - Filling up the DagBag from /home/vladimir/.local/lib/python3.10/site-packages/airflow/example_dags/example_short_circuit_decorator.py
[2023-04-27T18:28:50.060+0300] {processor.py:753} INFO - DAG(s) dict_keys(['example_short_circuit_decorator']) retrieved from /home/vladimir/.local/lib/python3.10/site-packages/airflow/example_dags/example_short_circuit_decorator.py
[2023-04-27T18:28:50.075+0300] {logging_mixin.py:137} INFO - [2023-04-27T18:28:50.075+0300] {dag.py:2705} INFO - Sync 1 DAGs
[2023-04-27T18:28:50.087+0300] {logging_mixin.py:137} INFO - [2023-04-27T18:28:50.086+0300] {dag.py:3452} INFO - Setting next_dagrun for example_short_circuit_decorator to 2023-04-26T15:28:50.086767+00:00, run_after=2023-04-27T15:28:50.086767+00:00
[2023-04-27T18:28:50.101+0300] {processor.py:175} INFO - Processing /home/vladimir/.local/lib/python3.10/site-packages/airflow/example_dags/example_short_circuit_decorator.py took 0.063 seconds
[2023-04-27T18:29:30.429+0300] {processor.py:153} INFO - Started process (PID=6357) to work on /home/vladimir/.local/lib/python3.10/site-packages/airflow/example_dags/example_short_circuit_decorator.py
[2023-04-27T18:29:30.430+0300] {processor.py:743} INFO - Processing file /home/vladimir/.local/lib/python3.10/site-packages/airflow/example_dags/example_short_circuit_decorator.py for tasks to queue
[2023-04-27T18:29:30.431+0300] {logging_mixin.py:137} INFO - [2023-04-27T18:29:30.431+0300] {dagbag.py:532} INFO - Filling up the DagBag from /home/vladimir/.local/lib/python3.10/site-packages/airflow/example_dags/example_short_circuit_decorator.py
[2023-04-27T18:29:30.453+0300] {processor.py:753} INFO - DAG(s) dict_keys(['example_short_circuit_decorator']) retrieved from /home/vladimir/.local/lib/python3.10/site-packages/airflow/example_dags/example_short_circuit_decorator.py
[2023-04-27T18:29:30.467+0300] {logging_mixin.py:137} INFO - [2023-04-27T18:29:30.467+0300] {dag.py:2705} INFO - Sync 1 DAGs
[2023-04-27T18:29:30.480+0300] {logging_mixin.py:137} INFO - [2023-04-27T18:29:30.480+0300] {dag.py:3452} INFO - Setting next_dagrun for example_short_circuit_decorator to 2023-04-26T15:29:30.480322+00:00, run_after=2023-04-27T15:29:30.480322+00:00
[2023-04-27T18:29:30.493+0300] {processor.py:175} INFO - Processing /home/vladimir/.local/lib/python3.10/site-packages/airflow/example_dags/example_short_circuit_decorator.py took 0.066 seconds
[2023-04-27T18:30:04.682+0300] {processor.py:153} INFO - Started process (PID=6436) to work on /home/vladimir/.local/lib/python3.10/site-packages/airflow/example_dags/example_short_circuit_decorator.py
[2023-04-27T18:30:04.682+0300] {processor.py:743} INFO - Processing file /home/vladimir/.local/lib/python3.10/site-packages/airflow/example_dags/example_short_circuit_decorator.py for tasks to queue
[2023-04-27T18:30:04.683+0300] {logging_mixin.py:137} INFO - [2023-04-27T18:30:04.683+0300] {dagbag.py:532} INFO - Filling up the DagBag from /home/vladimir/.local/lib/python3.10/site-packages/airflow/example_dags/example_short_circuit_decorator.py
[2023-04-27T18:30:04.700+0300] {processor.py:753} INFO - DAG(s) dict_keys(['example_short_circuit_decorator']) retrieved from /home/vladimir/.local/lib/python3.10/site-packages/airflow/example_dags/example_short_circuit_decorator.py
[2023-04-27T18:30:04.714+0300] {logging_mixin.py:137} INFO - [2023-04-27T18:30:04.714+0300] {dag.py:2705} INFO - Sync 1 DAGs
[2023-04-27T18:30:04.725+0300] {logging_mixin.py:137} INFO - [2023-04-27T18:30:04.725+0300] {dag.py:3452} INFO - Setting next_dagrun for example_short_circuit_decorator to 2023-04-26T15:30:04.725638+00:00, run_after=2023-04-27T15:30:04.725638+00:00
[2023-04-27T18:30:04.739+0300] {processor.py:175} INFO - Processing /home/vladimir/.local/lib/python3.10/site-packages/airflow/example_dags/example_short_circuit_decorator.py took 0.060 seconds
[2023-04-27T18:30:40.090+0300] {processor.py:153} INFO - Started process (PID=6537) to work on /home/vladimir/.local/lib/python3.10/site-packages/airflow/example_dags/example_short_circuit_decorator.py
[2023-04-27T18:30:40.091+0300] {processor.py:743} INFO - Processing file /home/vladimir/.local/lib/python3.10/site-packages/airflow/example_dags/example_short_circuit_decorator.py for tasks to queue
[2023-04-27T18:30:40.092+0300] {logging_mixin.py:137} INFO - [2023-04-27T18:30:40.092+0300] {dagbag.py:532} INFO - Filling up the DagBag from /home/vladimir/.local/lib/python3.10/site-packages/airflow/example_dags/example_short_circuit_decorator.py
[2023-04-27T18:30:40.111+0300] {processor.py:753} INFO - DAG(s) dict_keys(['example_short_circuit_decorator']) retrieved from /home/vladimir/.local/lib/python3.10/site-packages/airflow/example_dags/example_short_circuit_decorator.py
[2023-04-27T18:30:40.126+0300] {logging_mixin.py:137} INFO - [2023-04-27T18:30:40.126+0300] {dag.py:2705} INFO - Sync 1 DAGs
[2023-04-27T18:30:40.138+0300] {logging_mixin.py:137} INFO - [2023-04-27T18:30:40.138+0300] {dag.py:3452} INFO - Setting next_dagrun for example_short_circuit_decorator to 2023-04-26T15:30:40.138453+00:00, run_after=2023-04-27T15:30:40.138453+00:00
[2023-04-27T18:30:40.153+0300] {processor.py:175} INFO - Processing /home/vladimir/.local/lib/python3.10/site-packages/airflow/example_dags/example_short_circuit_decorator.py took 0.066 seconds
[2023-04-27T18:31:17.150+0300] {processor.py:153} INFO - Started process (PID=6608) to work on /home/vladimir/.local/lib/python3.10/site-packages/airflow/example_dags/example_short_circuit_decorator.py
[2023-04-27T18:31:17.152+0300] {processor.py:743} INFO - Processing file /home/vladimir/.local/lib/python3.10/site-packages/airflow/example_dags/example_short_circuit_decorator.py for tasks to queue
[2023-04-27T18:31:17.153+0300] {logging_mixin.py:137} INFO - [2023-04-27T18:31:17.153+0300] {dagbag.py:532} INFO - Filling up the DagBag from /home/vladimir/.local/lib/python3.10/site-packages/airflow/example_dags/example_short_circuit_decorator.py
[2023-04-27T18:31:17.169+0300] {processor.py:753} INFO - DAG(s) dict_keys(['example_short_circuit_decorator']) retrieved from /home/vladimir/.local/lib/python3.10/site-packages/airflow/example_dags/example_short_circuit_decorator.py
[2023-04-27T18:31:17.192+0300] {logging_mixin.py:137} INFO - [2023-04-27T18:31:17.192+0300] {dag.py:2705} INFO - Sync 1 DAGs
[2023-04-27T18:31:17.212+0300] {logging_mixin.py:137} INFO - [2023-04-27T18:31:17.212+0300] {dag.py:3452} INFO - Setting next_dagrun for example_short_circuit_decorator to 2023-04-26T15:31:17.212067+00:00, run_after=2023-04-27T15:31:17.212067+00:00
[2023-04-27T18:31:17.230+0300] {processor.py:175} INFO - Processing /home/vladimir/.local/lib/python3.10/site-packages/airflow/example_dags/example_short_circuit_decorator.py took 0.082 seconds
[2023-04-27T18:31:56.550+0300] {processor.py:153} INFO - Started process (PID=6676) to work on /home/vladimir/.local/lib/python3.10/site-packages/airflow/example_dags/example_short_circuit_decorator.py
[2023-04-27T18:31:56.551+0300] {processor.py:743} INFO - Processing file /home/vladimir/.local/lib/python3.10/site-packages/airflow/example_dags/example_short_circuit_decorator.py for tasks to queue
[2023-04-27T18:31:56.551+0300] {logging_mixin.py:137} INFO - [2023-04-27T18:31:56.551+0300] {dagbag.py:532} INFO - Filling up the DagBag from /home/vladimir/.local/lib/python3.10/site-packages/airflow/example_dags/example_short_circuit_decorator.py
[2023-04-27T18:31:56.568+0300] {processor.py:753} INFO - DAG(s) dict_keys(['example_short_circuit_decorator']) retrieved from /home/vladimir/.local/lib/python3.10/site-packages/airflow/example_dags/example_short_circuit_decorator.py
[2023-04-27T18:31:56.581+0300] {logging_mixin.py:137} INFO - [2023-04-27T18:31:56.581+0300] {dag.py:2705} INFO - Sync 1 DAGs
[2023-04-27T18:31:56.593+0300] {logging_mixin.py:137} INFO - [2023-04-27T18:31:56.593+0300] {dag.py:3452} INFO - Setting next_dagrun for example_short_circuit_decorator to 2023-04-26T15:31:56.593369+00:00, run_after=2023-04-27T15:31:56.593369+00:00
[2023-04-27T18:31:56.606+0300] {processor.py:175} INFO - Processing /home/vladimir/.local/lib/python3.10/site-packages/airflow/example_dags/example_short_circuit_decorator.py took 0.058 seconds
[2023-04-27T18:32:33.326+0300] {processor.py:153} INFO - Started process (PID=6740) to work on /home/vladimir/.local/lib/python3.10/site-packages/airflow/example_dags/example_short_circuit_decorator.py
[2023-04-27T18:32:33.327+0300] {processor.py:743} INFO - Processing file /home/vladimir/.local/lib/python3.10/site-packages/airflow/example_dags/example_short_circuit_decorator.py for tasks to queue
[2023-04-27T18:32:33.327+0300] {logging_mixin.py:137} INFO - [2023-04-27T18:32:33.327+0300] {dagbag.py:532} INFO - Filling up the DagBag from /home/vladimir/.local/lib/python3.10/site-packages/airflow/example_dags/example_short_circuit_decorator.py
[2023-04-27T18:32:33.345+0300] {processor.py:753} INFO - DAG(s) dict_keys(['example_short_circuit_decorator']) retrieved from /home/vladimir/.local/lib/python3.10/site-packages/airflow/example_dags/example_short_circuit_decorator.py
[2023-04-27T18:32:33.359+0300] {logging_mixin.py:137} INFO - [2023-04-27T18:32:33.359+0300] {dag.py:2705} INFO - Sync 1 DAGs
[2023-04-27T18:32:33.372+0300] {logging_mixin.py:137} INFO - [2023-04-27T18:32:33.372+0300] {dag.py:3452} INFO - Setting next_dagrun for example_short_circuit_decorator to 2023-04-26T15:32:33.372332+00:00, run_after=2023-04-27T15:32:33.372332+00:00
[2023-04-27T18:32:33.386+0300] {processor.py:175} INFO - Processing /home/vladimir/.local/lib/python3.10/site-packages/airflow/example_dags/example_short_circuit_decorator.py took 0.062 seconds
[2023-04-27T18:33:09.287+0300] {processor.py:153} INFO - Started process (PID=6882) to work on /home/vladimir/.local/lib/python3.10/site-packages/airflow/example_dags/example_short_circuit_decorator.py
[2023-04-27T18:33:09.287+0300] {processor.py:743} INFO - Processing file /home/vladimir/.local/lib/python3.10/site-packages/airflow/example_dags/example_short_circuit_decorator.py for tasks to queue
[2023-04-27T18:33:09.288+0300] {logging_mixin.py:137} INFO - [2023-04-27T18:33:09.288+0300] {dagbag.py:532} INFO - Filling up the DagBag from /home/vladimir/.local/lib/python3.10/site-packages/airflow/example_dags/example_short_circuit_decorator.py
[2023-04-27T18:33:09.307+0300] {processor.py:753} INFO - DAG(s) dict_keys(['example_short_circuit_decorator']) retrieved from /home/vladimir/.local/lib/python3.10/site-packages/airflow/example_dags/example_short_circuit_decorator.py
[2023-04-27T18:33:09.325+0300] {logging_mixin.py:137} INFO - [2023-04-27T18:33:09.325+0300] {dag.py:2705} INFO - Sync 1 DAGs
[2023-04-27T18:33:09.338+0300] {logging_mixin.py:137} INFO - [2023-04-27T18:33:09.338+0300] {dag.py:3452} INFO - Setting next_dagrun for example_short_circuit_decorator to 2023-04-26T15:33:09.337978+00:00, run_after=2023-04-27T15:33:09.337978+00:00
[2023-04-27T18:33:09.351+0300] {processor.py:175} INFO - Processing /home/vladimir/.local/lib/python3.10/site-packages/airflow/example_dags/example_short_circuit_decorator.py took 0.066 seconds
[2023-04-27T18:33:52.959+0300] {processor.py:153} INFO - Started process (PID=6950) to work on /home/vladimir/.local/lib/python3.10/site-packages/airflow/example_dags/example_short_circuit_decorator.py
[2023-04-27T18:33:52.960+0300] {processor.py:743} INFO - Processing file /home/vladimir/.local/lib/python3.10/site-packages/airflow/example_dags/example_short_circuit_decorator.py for tasks to queue
[2023-04-27T18:33:52.961+0300] {logging_mixin.py:137} INFO - [2023-04-27T18:33:52.961+0300] {dagbag.py:532} INFO - Filling up the DagBag from /home/vladimir/.local/lib/python3.10/site-packages/airflow/example_dags/example_short_circuit_decorator.py
[2023-04-27T18:33:52.978+0300] {processor.py:753} INFO - DAG(s) dict_keys(['example_short_circuit_decorator']) retrieved from /home/vladimir/.local/lib/python3.10/site-packages/airflow/example_dags/example_short_circuit_decorator.py
[2023-04-27T18:33:52.992+0300] {logging_mixin.py:137} INFO - [2023-04-27T18:33:52.992+0300] {dag.py:2705} INFO - Sync 1 DAGs
[2023-04-27T18:33:53.004+0300] {logging_mixin.py:137} INFO - [2023-04-27T18:33:53.004+0300] {dag.py:3452} INFO - Setting next_dagrun for example_short_circuit_decorator to 2023-04-26T15:33:53.004239+00:00, run_after=2023-04-27T15:33:53.004239+00:00
[2023-04-27T18:33:53.018+0300] {processor.py:175} INFO - Processing /home/vladimir/.local/lib/python3.10/site-packages/airflow/example_dags/example_short_circuit_decorator.py took 0.061 seconds
[2023-04-27T18:34:28.467+0300] {processor.py:153} INFO - Started process (PID=7008) to work on /home/vladimir/.local/lib/python3.10/site-packages/airflow/example_dags/example_short_circuit_decorator.py
[2023-04-27T18:34:28.467+0300] {processor.py:743} INFO - Processing file /home/vladimir/.local/lib/python3.10/site-packages/airflow/example_dags/example_short_circuit_decorator.py for tasks to queue
[2023-04-27T18:34:28.468+0300] {logging_mixin.py:137} INFO - [2023-04-27T18:34:28.468+0300] {dagbag.py:532} INFO - Filling up the DagBag from /home/vladimir/.local/lib/python3.10/site-packages/airflow/example_dags/example_short_circuit_decorator.py
[2023-04-27T18:34:28.486+0300] {processor.py:753} INFO - DAG(s) dict_keys(['example_short_circuit_decorator']) retrieved from /home/vladimir/.local/lib/python3.10/site-packages/airflow/example_dags/example_short_circuit_decorator.py
[2023-04-27T18:34:28.500+0300] {logging_mixin.py:137} INFO - [2023-04-27T18:34:28.500+0300] {dag.py:2705} INFO - Sync 1 DAGs
[2023-04-27T18:34:28.513+0300] {logging_mixin.py:137} INFO - [2023-04-27T18:34:28.513+0300] {dag.py:3452} INFO - Setting next_dagrun for example_short_circuit_decorator to 2023-04-26T15:34:28.513328+00:00, run_after=2023-04-27T15:34:28.513328+00:00
[2023-04-27T18:34:28.525+0300] {processor.py:175} INFO - Processing /home/vladimir/.local/lib/python3.10/site-packages/airflow/example_dags/example_short_circuit_decorator.py took 0.061 seconds
[2023-04-27T18:35:05.911+0300] {processor.py:153} INFO - Started process (PID=7118) to work on /home/vladimir/.local/lib/python3.10/site-packages/airflow/example_dags/example_short_circuit_decorator.py
[2023-04-27T18:35:05.912+0300] {processor.py:743} INFO - Processing file /home/vladimir/.local/lib/python3.10/site-packages/airflow/example_dags/example_short_circuit_decorator.py for tasks to queue
[2023-04-27T18:35:05.913+0300] {logging_mixin.py:137} INFO - [2023-04-27T18:35:05.912+0300] {dagbag.py:532} INFO - Filling up the DagBag from /home/vladimir/.local/lib/python3.10/site-packages/airflow/example_dags/example_short_circuit_decorator.py
[2023-04-27T18:35:05.931+0300] {processor.py:753} INFO - DAG(s) dict_keys(['example_short_circuit_decorator']) retrieved from /home/vladimir/.local/lib/python3.10/site-packages/airflow/example_dags/example_short_circuit_decorator.py
[2023-04-27T18:35:05.947+0300] {logging_mixin.py:137} INFO - [2023-04-27T18:35:05.947+0300] {dag.py:2705} INFO - Sync 1 DAGs
[2023-04-27T18:35:05.960+0300] {logging_mixin.py:137} INFO - [2023-04-27T18:35:05.960+0300] {dag.py:3452} INFO - Setting next_dagrun for example_short_circuit_decorator to 2023-04-26T15:35:05.960493+00:00, run_after=2023-04-27T15:35:05.960493+00:00
[2023-04-27T18:35:05.976+0300] {processor.py:175} INFO - Processing /home/vladimir/.local/lib/python3.10/site-packages/airflow/example_dags/example_short_circuit_decorator.py took 0.067 seconds
[2023-04-27T18:35:40.545+0300] {processor.py:153} INFO - Started process (PID=7436) to work on /home/vladimir/.local/lib/python3.10/site-packages/airflow/example_dags/example_short_circuit_decorator.py
[2023-04-27T18:35:40.546+0300] {processor.py:743} INFO - Processing file /home/vladimir/.local/lib/python3.10/site-packages/airflow/example_dags/example_short_circuit_decorator.py for tasks to queue
[2023-04-27T18:35:40.546+0300] {logging_mixin.py:137} INFO - [2023-04-27T18:35:40.546+0300] {dagbag.py:532} INFO - Filling up the DagBag from /home/vladimir/.local/lib/python3.10/site-packages/airflow/example_dags/example_short_circuit_decorator.py
[2023-04-27T18:35:40.563+0300] {processor.py:753} INFO - DAG(s) dict_keys(['example_short_circuit_decorator']) retrieved from /home/vladimir/.local/lib/python3.10/site-packages/airflow/example_dags/example_short_circuit_decorator.py
[2023-04-27T18:35:40.577+0300] {logging_mixin.py:137} INFO - [2023-04-27T18:35:40.577+0300] {dag.py:2705} INFO - Sync 1 DAGs
[2023-04-27T18:35:40.591+0300] {logging_mixin.py:137} INFO - [2023-04-27T18:35:40.591+0300] {dag.py:3452} INFO - Setting next_dagrun for example_short_circuit_decorator to 2023-04-26T15:35:40.591319+00:00, run_after=2023-04-27T15:35:40.591319+00:00
[2023-04-27T18:35:40.605+0300] {processor.py:175} INFO - Processing /home/vladimir/.local/lib/python3.10/site-packages/airflow/example_dags/example_short_circuit_decorator.py took 0.063 seconds
[2023-04-27T18:36:18.353+0300] {processor.py:153} INFO - Started process (PID=7529) to work on /home/vladimir/.local/lib/python3.10/site-packages/airflow/example_dags/example_short_circuit_decorator.py
[2023-04-27T18:36:18.355+0300] {processor.py:743} INFO - Processing file /home/vladimir/.local/lib/python3.10/site-packages/airflow/example_dags/example_short_circuit_decorator.py for tasks to queue
[2023-04-27T18:36:18.356+0300] {logging_mixin.py:137} INFO - [2023-04-27T18:36:18.356+0300] {dagbag.py:532} INFO - Filling up the DagBag from /home/vladimir/.local/lib/python3.10/site-packages/airflow/example_dags/example_short_circuit_decorator.py
[2023-04-27T18:36:18.379+0300] {processor.py:753} INFO - DAG(s) dict_keys(['example_short_circuit_decorator']) retrieved from /home/vladimir/.local/lib/python3.10/site-packages/airflow/example_dags/example_short_circuit_decorator.py
[2023-04-27T18:36:18.394+0300] {logging_mixin.py:137} INFO - [2023-04-27T18:36:18.394+0300] {dag.py:2705} INFO - Sync 1 DAGs
[2023-04-27T18:36:18.409+0300] {logging_mixin.py:137} INFO - [2023-04-27T18:36:18.409+0300] {dag.py:3452} INFO - Setting next_dagrun for example_short_circuit_decorator to 2023-04-26T15:36:18.409143+00:00, run_after=2023-04-27T15:36:18.409143+00:00
[2023-04-27T18:36:18.424+0300] {processor.py:175} INFO - Processing /home/vladimir/.local/lib/python3.10/site-packages/airflow/example_dags/example_short_circuit_decorator.py took 0.073 seconds
[2023-04-27T18:36:52.211+0300] {processor.py:153} INFO - Started process (PID=7585) to work on /home/vladimir/.local/lib/python3.10/site-packages/airflow/example_dags/example_short_circuit_decorator.py
[2023-04-27T18:36:52.212+0300] {processor.py:743} INFO - Processing file /home/vladimir/.local/lib/python3.10/site-packages/airflow/example_dags/example_short_circuit_decorator.py for tasks to queue
[2023-04-27T18:36:52.213+0300] {logging_mixin.py:137} INFO - [2023-04-27T18:36:52.213+0300] {dagbag.py:532} INFO - Filling up the DagBag from /home/vladimir/.local/lib/python3.10/site-packages/airflow/example_dags/example_short_circuit_decorator.py
[2023-04-27T18:36:52.233+0300] {processor.py:753} INFO - DAG(s) dict_keys(['example_short_circuit_decorator']) retrieved from /home/vladimir/.local/lib/python3.10/site-packages/airflow/example_dags/example_short_circuit_decorator.py
[2023-04-27T18:36:52.248+0300] {logging_mixin.py:137} INFO - [2023-04-27T18:36:52.248+0300] {dag.py:2705} INFO - Sync 1 DAGs
[2023-04-27T18:36:52.259+0300] {logging_mixin.py:137} INFO - [2023-04-27T18:36:52.259+0300] {dag.py:3452} INFO - Setting next_dagrun for example_short_circuit_decorator to 2023-04-26T15:36:52.259629+00:00, run_after=2023-04-27T15:36:52.259629+00:00
[2023-04-27T18:36:52.272+0300] {processor.py:175} INFO - Processing /home/vladimir/.local/lib/python3.10/site-packages/airflow/example_dags/example_short_circuit_decorator.py took 0.063 seconds
[2023-04-27T18:37:30.433+0300] {processor.py:153} INFO - Started process (PID=7664) to work on /home/vladimir/.local/lib/python3.10/site-packages/airflow/example_dags/example_short_circuit_decorator.py
[2023-04-27T18:37:30.434+0300] {processor.py:743} INFO - Processing file /home/vladimir/.local/lib/python3.10/site-packages/airflow/example_dags/example_short_circuit_decorator.py for tasks to queue
[2023-04-27T18:37:30.435+0300] {logging_mixin.py:137} INFO - [2023-04-27T18:37:30.435+0300] {dagbag.py:532} INFO - Filling up the DagBag from /home/vladimir/.local/lib/python3.10/site-packages/airflow/example_dags/example_short_circuit_decorator.py
[2023-04-27T18:37:30.451+0300] {processor.py:753} INFO - DAG(s) dict_keys(['example_short_circuit_decorator']) retrieved from /home/vladimir/.local/lib/python3.10/site-packages/airflow/example_dags/example_short_circuit_decorator.py
[2023-04-27T18:37:30.467+0300] {logging_mixin.py:137} INFO - [2023-04-27T18:37:30.466+0300] {dag.py:2705} INFO - Sync 1 DAGs
[2023-04-27T18:37:30.479+0300] {logging_mixin.py:137} INFO - [2023-04-27T18:37:30.479+0300] {dag.py:3452} INFO - Setting next_dagrun for example_short_circuit_decorator to 2023-04-26T15:37:30.479498+00:00, run_after=2023-04-27T15:37:30.479498+00:00
[2023-04-27T18:37:30.492+0300] {processor.py:175} INFO - Processing /home/vladimir/.local/lib/python3.10/site-packages/airflow/example_dags/example_short_circuit_decorator.py took 0.061 seconds
[2023-04-27T18:38:05.186+0300] {processor.py:153} INFO - Started process (PID=7713) to work on /home/vladimir/.local/lib/python3.10/site-packages/airflow/example_dags/example_short_circuit_decorator.py
[2023-04-27T18:38:05.188+0300] {processor.py:743} INFO - Processing file /home/vladimir/.local/lib/python3.10/site-packages/airflow/example_dags/example_short_circuit_decorator.py for tasks to queue
[2023-04-27T18:38:05.188+0300] {logging_mixin.py:137} INFO - [2023-04-27T18:38:05.188+0300] {dagbag.py:532} INFO - Filling up the DagBag from /home/vladimir/.local/lib/python3.10/site-packages/airflow/example_dags/example_short_circuit_decorator.py
[2023-04-27T18:38:05.207+0300] {processor.py:753} INFO - DAG(s) dict_keys(['example_short_circuit_decorator']) retrieved from /home/vladimir/.local/lib/python3.10/site-packages/airflow/example_dags/example_short_circuit_decorator.py
[2023-04-27T18:38:05.222+0300] {logging_mixin.py:137} INFO - [2023-04-27T18:38:05.222+0300] {dag.py:2705} INFO - Sync 1 DAGs
[2023-04-27T18:38:05.234+0300] {logging_mixin.py:137} INFO - [2023-04-27T18:38:05.234+0300] {dag.py:3452} INFO - Setting next_dagrun for example_short_circuit_decorator to 2023-04-26T15:38:05.234671+00:00, run_after=2023-04-27T15:38:05.234671+00:00
[2023-04-27T18:38:05.247+0300] {processor.py:175} INFO - Processing /home/vladimir/.local/lib/python3.10/site-packages/airflow/example_dags/example_short_circuit_decorator.py took 0.063 seconds
[2023-04-27T18:38:41.551+0300] {processor.py:153} INFO - Started process (PID=8047) to work on /home/vladimir/.local/lib/python3.10/site-packages/airflow/example_dags/example_short_circuit_decorator.py
[2023-04-27T18:38:41.552+0300] {processor.py:743} INFO - Processing file /home/vladimir/.local/lib/python3.10/site-packages/airflow/example_dags/example_short_circuit_decorator.py for tasks to queue
[2023-04-27T18:38:41.553+0300] {logging_mixin.py:137} INFO - [2023-04-27T18:38:41.552+0300] {dagbag.py:532} INFO - Filling up the DagBag from /home/vladimir/.local/lib/python3.10/site-packages/airflow/example_dags/example_short_circuit_decorator.py
[2023-04-27T18:38:41.571+0300] {processor.py:753} INFO - DAG(s) dict_keys(['example_short_circuit_decorator']) retrieved from /home/vladimir/.local/lib/python3.10/site-packages/airflow/example_dags/example_short_circuit_decorator.py
[2023-04-27T18:38:41.588+0300] {logging_mixin.py:137} INFO - [2023-04-27T18:38:41.588+0300] {dag.py:2705} INFO - Sync 1 DAGs
[2023-04-27T18:38:41.600+0300] {logging_mixin.py:137} INFO - [2023-04-27T18:38:41.600+0300] {dag.py:3452} INFO - Setting next_dagrun for example_short_circuit_decorator to 2023-04-26T15:38:41.600106+00:00, run_after=2023-04-27T15:38:41.600106+00:00
[2023-04-27T18:38:41.614+0300] {processor.py:175} INFO - Processing /home/vladimir/.local/lib/python3.10/site-packages/airflow/example_dags/example_short_circuit_decorator.py took 0.065 seconds
[2023-04-27T18:39:20.539+0300] {processor.py:153} INFO - Started process (PID=8114) to work on /home/vladimir/.local/lib/python3.10/site-packages/airflow/example_dags/example_short_circuit_decorator.py
[2023-04-27T18:39:20.540+0300] {processor.py:743} INFO - Processing file /home/vladimir/.local/lib/python3.10/site-packages/airflow/example_dags/example_short_circuit_decorator.py for tasks to queue
[2023-04-27T18:39:20.541+0300] {logging_mixin.py:137} INFO - [2023-04-27T18:39:20.541+0300] {dagbag.py:532} INFO - Filling up the DagBag from /home/vladimir/.local/lib/python3.10/site-packages/airflow/example_dags/example_short_circuit_decorator.py
[2023-04-27T18:39:20.560+0300] {processor.py:753} INFO - DAG(s) dict_keys(['example_short_circuit_decorator']) retrieved from /home/vladimir/.local/lib/python3.10/site-packages/airflow/example_dags/example_short_circuit_decorator.py
[2023-04-27T18:39:20.574+0300] {logging_mixin.py:137} INFO - [2023-04-27T18:39:20.574+0300] {dag.py:2705} INFO - Sync 1 DAGs
[2023-04-27T18:39:20.588+0300] {logging_mixin.py:137} INFO - [2023-04-27T18:39:20.588+0300] {dag.py:3452} INFO - Setting next_dagrun for example_short_circuit_decorator to 2023-04-26T15:39:20.587857+00:00, run_after=2023-04-27T15:39:20.587857+00:00
[2023-04-27T18:39:20.602+0300] {processor.py:175} INFO - Processing /home/vladimir/.local/lib/python3.10/site-packages/airflow/example_dags/example_short_circuit_decorator.py took 0.065 seconds
[2023-04-27T18:39:58.602+0300] {processor.py:153} INFO - Started process (PID=8191) to work on /home/vladimir/.local/lib/python3.10/site-packages/airflow/example_dags/example_short_circuit_decorator.py
[2023-04-27T18:39:58.603+0300] {processor.py:743} INFO - Processing file /home/vladimir/.local/lib/python3.10/site-packages/airflow/example_dags/example_short_circuit_decorator.py for tasks to queue
[2023-04-27T18:39:58.603+0300] {logging_mixin.py:137} INFO - [2023-04-27T18:39:58.603+0300] {dagbag.py:532} INFO - Filling up the DagBag from /home/vladimir/.local/lib/python3.10/site-packages/airflow/example_dags/example_short_circuit_decorator.py
[2023-04-27T18:39:58.620+0300] {processor.py:753} INFO - DAG(s) dict_keys(['example_short_circuit_decorator']) retrieved from /home/vladimir/.local/lib/python3.10/site-packages/airflow/example_dags/example_short_circuit_decorator.py
[2023-04-27T18:39:58.635+0300] {logging_mixin.py:137} INFO - [2023-04-27T18:39:58.635+0300] {dag.py:2705} INFO - Sync 1 DAGs
[2023-04-27T18:39:58.648+0300] {logging_mixin.py:137} INFO - [2023-04-27T18:39:58.648+0300] {dag.py:3452} INFO - Setting next_dagrun for example_short_circuit_decorator to 2023-04-26T15:39:58.648523+00:00, run_after=2023-04-27T15:39:58.648523+00:00
[2023-04-27T18:39:58.662+0300] {processor.py:175} INFO - Processing /home/vladimir/.local/lib/python3.10/site-packages/airflow/example_dags/example_short_circuit_decorator.py took 0.063 seconds
[2023-04-27T18:40:35.091+0300] {processor.py:153} INFO - Started process (PID=8316) to work on /home/vladimir/.local/lib/python3.10/site-packages/airflow/example_dags/example_short_circuit_decorator.py
[2023-04-27T18:40:35.092+0300] {processor.py:743} INFO - Processing file /home/vladimir/.local/lib/python3.10/site-packages/airflow/example_dags/example_short_circuit_decorator.py for tasks to queue
[2023-04-27T18:40:35.093+0300] {logging_mixin.py:137} INFO - [2023-04-27T18:40:35.093+0300] {dagbag.py:532} INFO - Filling up the DagBag from /home/vladimir/.local/lib/python3.10/site-packages/airflow/example_dags/example_short_circuit_decorator.py
[2023-04-27T18:40:35.112+0300] {processor.py:753} INFO - DAG(s) dict_keys(['example_short_circuit_decorator']) retrieved from /home/vladimir/.local/lib/python3.10/site-packages/airflow/example_dags/example_short_circuit_decorator.py
[2023-04-27T18:40:35.126+0300] {logging_mixin.py:137} INFO - [2023-04-27T18:40:35.126+0300] {dag.py:2705} INFO - Sync 1 DAGs
[2023-04-27T18:40:35.143+0300] {logging_mixin.py:137} INFO - [2023-04-27T18:40:35.142+0300] {dag.py:3452} INFO - Setting next_dagrun for example_short_circuit_decorator to 2023-04-26T15:40:35.142664+00:00, run_after=2023-04-27T15:40:35.142664+00:00
[2023-04-27T18:40:35.155+0300] {processor.py:175} INFO - Processing /home/vladimir/.local/lib/python3.10/site-packages/airflow/example_dags/example_short_circuit_decorator.py took 0.066 seconds
[2023-04-27T18:41:12.636+0300] {processor.py:153} INFO - Started process (PID=2823) to work on /home/vladimir/.local/lib/python3.10/site-packages/airflow/example_dags/example_short_circuit_decorator.py
[2023-04-27T18:41:12.637+0300] {processor.py:743} INFO - Processing file /home/vladimir/.local/lib/python3.10/site-packages/airflow/example_dags/example_short_circuit_decorator.py for tasks to queue
[2023-04-27T18:41:12.637+0300] {logging_mixin.py:137} INFO - [2023-04-27T18:41:12.637+0300] {dagbag.py:532} INFO - Filling up the DagBag from /home/vladimir/.local/lib/python3.10/site-packages/airflow/example_dags/example_short_circuit_decorator.py
[2023-04-27T18:41:12.655+0300] {processor.py:753} INFO - DAG(s) dict_keys(['example_short_circuit_decorator']) retrieved from /home/vladimir/.local/lib/python3.10/site-packages/airflow/example_dags/example_short_circuit_decorator.py
[2023-04-27T18:41:12.672+0300] {logging_mixin.py:137} INFO - [2023-04-27T18:41:12.671+0300] {dag.py:2705} INFO - Sync 1 DAGs
[2023-04-27T18:41:12.685+0300] {logging_mixin.py:137} INFO - [2023-04-27T18:41:12.684+0300] {dag.py:3452} INFO - Setting next_dagrun for example_short_circuit_decorator to 2023-04-26T15:41:12.684802+00:00, run_after=2023-04-27T15:41:12.684802+00:00
[2023-04-27T18:41:12.697+0300] {processor.py:175} INFO - Processing /home/vladimir/.local/lib/python3.10/site-packages/airflow/example_dags/example_short_circuit_decorator.py took 0.063 seconds
[2023-04-27T18:41:52.921+0300] {processor.py:153} INFO - Started process (PID=3432) to work on /home/vladimir/.local/lib/python3.10/site-packages/airflow/example_dags/example_short_circuit_decorator.py
[2023-04-27T18:41:52.922+0300] {processor.py:743} INFO - Processing file /home/vladimir/.local/lib/python3.10/site-packages/airflow/example_dags/example_short_circuit_decorator.py for tasks to queue
[2023-04-27T18:41:52.923+0300] {logging_mixin.py:137} INFO - [2023-04-27T18:41:52.922+0300] {dagbag.py:532} INFO - Filling up the DagBag from /home/vladimir/.local/lib/python3.10/site-packages/airflow/example_dags/example_short_circuit_decorator.py
[2023-04-27T18:41:52.941+0300] {processor.py:753} INFO - DAG(s) dict_keys(['example_short_circuit_decorator']) retrieved from /home/vladimir/.local/lib/python3.10/site-packages/airflow/example_dags/example_short_circuit_decorator.py
[2023-04-27T18:41:52.955+0300] {logging_mixin.py:137} INFO - [2023-04-27T18:41:52.955+0300] {dag.py:2705} INFO - Sync 1 DAGs
[2023-04-27T18:41:52.967+0300] {logging_mixin.py:137} INFO - [2023-04-27T18:41:52.967+0300] {dag.py:3452} INFO - Setting next_dagrun for example_short_circuit_decorator to 2023-04-26T15:41:52.966884+00:00, run_after=2023-04-27T15:41:52.966884+00:00
[2023-04-27T18:41:52.980+0300] {processor.py:175} INFO - Processing /home/vladimir/.local/lib/python3.10/site-packages/airflow/example_dags/example_short_circuit_decorator.py took 0.062 seconds
[2023-04-27T18:42:35.244+0300] {processor.py:153} INFO - Started process (PID=4510) to work on /home/vladimir/.local/lib/python3.10/site-packages/airflow/example_dags/example_short_circuit_decorator.py
[2023-04-27T18:42:35.246+0300] {processor.py:743} INFO - Processing file /home/vladimir/.local/lib/python3.10/site-packages/airflow/example_dags/example_short_circuit_decorator.py for tasks to queue
[2023-04-27T18:42:35.246+0300] {logging_mixin.py:137} INFO - [2023-04-27T18:42:35.246+0300] {dagbag.py:532} INFO - Filling up the DagBag from /home/vladimir/.local/lib/python3.10/site-packages/airflow/example_dags/example_short_circuit_decorator.py
[2023-04-27T18:42:35.269+0300] {processor.py:753} INFO - DAG(s) dict_keys(['example_short_circuit_decorator']) retrieved from /home/vladimir/.local/lib/python3.10/site-packages/airflow/example_dags/example_short_circuit_decorator.py
[2023-04-27T18:42:35.288+0300] {logging_mixin.py:137} INFO - [2023-04-27T18:42:35.288+0300] {dag.py:2705} INFO - Sync 1 DAGs
[2023-04-27T18:42:35.302+0300] {logging_mixin.py:137} INFO - [2023-04-27T18:42:35.302+0300] {dag.py:3452} INFO - Setting next_dagrun for example_short_circuit_decorator to 2023-04-26T15:42:35.302380+00:00, run_after=2023-04-27T15:42:35.302380+00:00
[2023-04-27T18:42:35.317+0300] {processor.py:175} INFO - Processing /home/vladimir/.local/lib/python3.10/site-packages/airflow/example_dags/example_short_circuit_decorator.py took 0.076 seconds
[2023-04-27T18:43:11.178+0300] {processor.py:153} INFO - Started process (PID=5095) to work on /home/vladimir/.local/lib/python3.10/site-packages/airflow/example_dags/example_short_circuit_decorator.py
[2023-04-27T18:43:11.179+0300] {processor.py:743} INFO - Processing file /home/vladimir/.local/lib/python3.10/site-packages/airflow/example_dags/example_short_circuit_decorator.py for tasks to queue
[2023-04-27T18:43:11.179+0300] {logging_mixin.py:137} INFO - [2023-04-27T18:43:11.179+0300] {dagbag.py:532} INFO - Filling up the DagBag from /home/vladimir/.local/lib/python3.10/site-packages/airflow/example_dags/example_short_circuit_decorator.py
[2023-04-27T18:43:11.196+0300] {processor.py:753} INFO - DAG(s) dict_keys(['example_short_circuit_decorator']) retrieved from /home/vladimir/.local/lib/python3.10/site-packages/airflow/example_dags/example_short_circuit_decorator.py
[2023-04-27T18:43:11.210+0300] {logging_mixin.py:137} INFO - [2023-04-27T18:43:11.210+0300] {dag.py:2705} INFO - Sync 1 DAGs
[2023-04-27T18:43:11.224+0300] {logging_mixin.py:137} INFO - [2023-04-27T18:43:11.223+0300] {dag.py:3452} INFO - Setting next_dagrun for example_short_circuit_decorator to 2023-04-26T15:43:11.223703+00:00, run_after=2023-04-27T15:43:11.223703+00:00
[2023-04-27T18:43:11.238+0300] {processor.py:175} INFO - Processing /home/vladimir/.local/lib/python3.10/site-packages/airflow/example_dags/example_short_circuit_decorator.py took 0.062 seconds
[2023-04-27T18:43:53.938+0300] {processor.py:153} INFO - Started process (PID=6565) to work on /home/vladimir/.local/lib/python3.10/site-packages/airflow/example_dags/example_short_circuit_decorator.py
[2023-04-27T18:43:53.939+0300] {processor.py:743} INFO - Processing file /home/vladimir/.local/lib/python3.10/site-packages/airflow/example_dags/example_short_circuit_decorator.py for tasks to queue
[2023-04-27T18:43:53.939+0300] {logging_mixin.py:137} INFO - [2023-04-27T18:43:53.939+0300] {dagbag.py:532} INFO - Filling up the DagBag from /home/vladimir/.local/lib/python3.10/site-packages/airflow/example_dags/example_short_circuit_decorator.py
[2023-04-27T18:43:53.996+0300] {processor.py:753} INFO - DAG(s) dict_keys(['example_short_circuit_decorator']) retrieved from /home/vladimir/.local/lib/python3.10/site-packages/airflow/example_dags/example_short_circuit_decorator.py
[2023-04-27T18:43:54.042+0300] {logging_mixin.py:137} INFO - [2023-04-27T18:43:54.042+0300] {dag.py:2705} INFO - Sync 1 DAGs
[2023-04-27T18:43:54.072+0300] {logging_mixin.py:137} INFO - [2023-04-27T18:43:54.072+0300] {dag.py:3452} INFO - Setting next_dagrun for example_short_circuit_decorator to 2023-04-26T15:43:54.072535+00:00, run_after=2023-04-27T15:43:54.072535+00:00
[2023-04-27T18:43:54.086+0300] {processor.py:175} INFO - Processing /home/vladimir/.local/lib/python3.10/site-packages/airflow/example_dags/example_short_circuit_decorator.py took 0.162 seconds
[2023-04-27T18:44:37.530+0300] {processor.py:153} INFO - Started process (PID=9176) to work on /home/vladimir/.local/lib/python3.10/site-packages/airflow/example_dags/example_short_circuit_decorator.py
[2023-04-27T18:44:37.532+0300] {processor.py:743} INFO - Processing file /home/vladimir/.local/lib/python3.10/site-packages/airflow/example_dags/example_short_circuit_decorator.py for tasks to queue
[2023-04-27T18:44:37.532+0300] {logging_mixin.py:137} INFO - [2023-04-27T18:44:37.532+0300] {dagbag.py:532} INFO - Filling up the DagBag from /home/vladimir/.local/lib/python3.10/site-packages/airflow/example_dags/example_short_circuit_decorator.py
[2023-04-27T18:44:37.579+0300] {processor.py:753} INFO - DAG(s) dict_keys(['example_short_circuit_decorator']) retrieved from /home/vladimir/.local/lib/python3.10/site-packages/airflow/example_dags/example_short_circuit_decorator.py
[2023-04-27T18:44:37.610+0300] {logging_mixin.py:137} INFO - [2023-04-27T18:44:37.610+0300] {dag.py:2705} INFO - Sync 1 DAGs
[2023-04-27T18:44:37.640+0300] {logging_mixin.py:137} INFO - [2023-04-27T18:44:37.640+0300] {dag.py:3452} INFO - Setting next_dagrun for example_short_circuit_decorator to 2023-04-26T15:44:37.639918+00:00, run_after=2023-04-27T15:44:37.639918+00:00
[2023-04-27T18:44:37.673+0300] {processor.py:175} INFO - Processing /home/vladimir/.local/lib/python3.10/site-packages/airflow/example_dags/example_short_circuit_decorator.py took 0.148 seconds
[2023-04-27T18:45:15.924+0300] {processor.py:153} INFO - Started process (PID=10606) to work on /home/vladimir/.local/lib/python3.10/site-packages/airflow/example_dags/example_short_circuit_decorator.py
[2023-04-27T18:45:15.933+0300] {processor.py:743} INFO - Processing file /home/vladimir/.local/lib/python3.10/site-packages/airflow/example_dags/example_short_circuit_decorator.py for tasks to queue
[2023-04-27T18:45:15.934+0300] {logging_mixin.py:137} INFO - [2023-04-27T18:45:15.934+0300] {dagbag.py:532} INFO - Filling up the DagBag from /home/vladimir/.local/lib/python3.10/site-packages/airflow/example_dags/example_short_circuit_decorator.py
[2023-04-27T18:45:15.965+0300] {processor.py:753} INFO - DAG(s) dict_keys(['example_short_circuit_decorator']) retrieved from /home/vladimir/.local/lib/python3.10/site-packages/airflow/example_dags/example_short_circuit_decorator.py
[2023-04-27T18:45:15.997+0300] {logging_mixin.py:137} INFO - [2023-04-27T18:45:15.997+0300] {dag.py:2705} INFO - Sync 1 DAGs
[2023-04-27T18:45:16.027+0300] {logging_mixin.py:137} INFO - [2023-04-27T18:45:16.027+0300] {dag.py:3452} INFO - Setting next_dagrun for example_short_circuit_decorator to 2023-04-26T15:45:16.027274+00:00, run_after=2023-04-27T15:45:16.027274+00:00
[2023-04-27T18:45:16.047+0300] {processor.py:175} INFO - Processing /home/vladimir/.local/lib/python3.10/site-packages/airflow/example_dags/example_short_circuit_decorator.py took 0.126 seconds
[2023-04-27T18:45:57.787+0300] {processor.py:153} INFO - Started process (PID=17741) to work on /home/vladimir/.local/lib/python3.10/site-packages/airflow/example_dags/example_short_circuit_decorator.py
[2023-04-27T18:45:57.798+0300] {processor.py:743} INFO - Processing file /home/vladimir/.local/lib/python3.10/site-packages/airflow/example_dags/example_short_circuit_decorator.py for tasks to queue
[2023-04-27T18:45:57.799+0300] {logging_mixin.py:137} INFO - [2023-04-27T18:45:57.799+0300] {dagbag.py:532} INFO - Filling up the DagBag from /home/vladimir/.local/lib/python3.10/site-packages/airflow/example_dags/example_short_circuit_decorator.py
[2023-04-27T18:45:57.885+0300] {processor.py:753} INFO - DAG(s) dict_keys(['example_short_circuit_decorator']) retrieved from /home/vladimir/.local/lib/python3.10/site-packages/airflow/example_dags/example_short_circuit_decorator.py
[2023-04-27T18:45:57.925+0300] {logging_mixin.py:137} INFO - [2023-04-27T18:45:57.924+0300] {dag.py:2705} INFO - Sync 1 DAGs
[2023-04-27T18:45:57.954+0300] {logging_mixin.py:137} INFO - [2023-04-27T18:45:57.954+0300] {dag.py:3452} INFO - Setting next_dagrun for example_short_circuit_decorator to 2023-04-26T15:45:57.954213+00:00, run_after=2023-04-27T15:45:57.954213+00:00
[2023-04-27T18:45:57.997+0300] {processor.py:175} INFO - Processing /home/vladimir/.local/lib/python3.10/site-packages/airflow/example_dags/example_short_circuit_decorator.py took 0.222 seconds
[2023-04-27T18:46:48.642+0300] {processor.py:153} INFO - Started process (PID=2760) to work on /home/vladimir/.local/lib/python3.10/site-packages/airflow/example_dags/example_short_circuit_decorator.py
[2023-04-27T18:46:48.643+0300] {processor.py:743} INFO - Processing file /home/vladimir/.local/lib/python3.10/site-packages/airflow/example_dags/example_short_circuit_decorator.py for tasks to queue
[2023-04-27T18:46:48.643+0300] {logging_mixin.py:137} INFO - [2023-04-27T18:46:48.643+0300] {dagbag.py:532} INFO - Filling up the DagBag from /home/vladimir/.local/lib/python3.10/site-packages/airflow/example_dags/example_short_circuit_decorator.py
[2023-04-27T18:46:48.675+0300] {processor.py:753} INFO - DAG(s) dict_keys(['example_short_circuit_decorator']) retrieved from /home/vladimir/.local/lib/python3.10/site-packages/airflow/example_dags/example_short_circuit_decorator.py
[2023-04-27T18:46:48.693+0300] {logging_mixin.py:137} INFO - [2023-04-27T18:46:48.693+0300] {dag.py:2705} INFO - Sync 1 DAGs
[2023-04-27T18:46:48.708+0300] {logging_mixin.py:137} INFO - [2023-04-27T18:46:48.708+0300] {dag.py:3452} INFO - Setting next_dagrun for example_short_circuit_decorator to 2023-04-26T15:46:48.707888+00:00, run_after=2023-04-27T15:46:48.707888+00:00
[2023-04-27T18:46:48.723+0300] {processor.py:175} INFO - Processing /home/vladimir/.local/lib/python3.10/site-packages/airflow/example_dags/example_short_circuit_decorator.py took 0.083 seconds
[2023-04-27T18:47:29.948+0300] {processor.py:153} INFO - Started process (PID=3754) to work on /home/vladimir/.local/lib/python3.10/site-packages/airflow/example_dags/example_short_circuit_decorator.py
[2023-04-27T18:47:29.949+0300] {processor.py:743} INFO - Processing file /home/vladimir/.local/lib/python3.10/site-packages/airflow/example_dags/example_short_circuit_decorator.py for tasks to queue
[2023-04-27T18:47:29.950+0300] {logging_mixin.py:137} INFO - [2023-04-27T18:47:29.949+0300] {dagbag.py:532} INFO - Filling up the DagBag from /home/vladimir/.local/lib/python3.10/site-packages/airflow/example_dags/example_short_circuit_decorator.py
[2023-04-27T18:47:29.968+0300] {processor.py:753} INFO - DAG(s) dict_keys(['example_short_circuit_decorator']) retrieved from /home/vladimir/.local/lib/python3.10/site-packages/airflow/example_dags/example_short_circuit_decorator.py
[2023-04-27T18:47:29.983+0300] {logging_mixin.py:137} INFO - [2023-04-27T18:47:29.982+0300] {dag.py:2705} INFO - Sync 1 DAGs
[2023-04-27T18:47:29.994+0300] {logging_mixin.py:137} INFO - [2023-04-27T18:47:29.994+0300] {dag.py:3452} INFO - Setting next_dagrun for example_short_circuit_decorator to 2023-04-26T15:47:29.994052+00:00, run_after=2023-04-27T15:47:29.994052+00:00
[2023-04-27T18:47:30.006+0300] {processor.py:175} INFO - Processing /home/vladimir/.local/lib/python3.10/site-packages/airflow/example_dags/example_short_circuit_decorator.py took 0.060 seconds
[2023-04-27T18:48:10.719+0300] {processor.py:153} INFO - Started process (PID=4113) to work on /home/vladimir/.local/lib/python3.10/site-packages/airflow/example_dags/example_short_circuit_decorator.py
[2023-04-27T18:48:10.720+0300] {processor.py:743} INFO - Processing file /home/vladimir/.local/lib/python3.10/site-packages/airflow/example_dags/example_short_circuit_decorator.py for tasks to queue
[2023-04-27T18:48:10.721+0300] {logging_mixin.py:137} INFO - [2023-04-27T18:48:10.721+0300] {dagbag.py:532} INFO - Filling up the DagBag from /home/vladimir/.local/lib/python3.10/site-packages/airflow/example_dags/example_short_circuit_decorator.py
[2023-04-27T18:48:10.738+0300] {processor.py:753} INFO - DAG(s) dict_keys(['example_short_circuit_decorator']) retrieved from /home/vladimir/.local/lib/python3.10/site-packages/airflow/example_dags/example_short_circuit_decorator.py
[2023-04-27T18:48:10.752+0300] {logging_mixin.py:137} INFO - [2023-04-27T18:48:10.752+0300] {dag.py:2705} INFO - Sync 1 DAGs
[2023-04-27T18:48:10.765+0300] {logging_mixin.py:137} INFO - [2023-04-27T18:48:10.765+0300] {dag.py:3452} INFO - Setting next_dagrun for example_short_circuit_decorator to 2023-04-26T15:48:10.765128+00:00, run_after=2023-04-27T15:48:10.765128+00:00
[2023-04-27T18:48:10.776+0300] {processor.py:175} INFO - Processing /home/vladimir/.local/lib/python3.10/site-packages/airflow/example_dags/example_short_circuit_decorator.py took 0.059 seconds
[2023-04-27T18:48:52.212+0300] {processor.py:153} INFO - Started process (PID=4164) to work on /home/vladimir/.local/lib/python3.10/site-packages/airflow/example_dags/example_short_circuit_decorator.py
[2023-04-27T18:48:52.213+0300] {processor.py:743} INFO - Processing file /home/vladimir/.local/lib/python3.10/site-packages/airflow/example_dags/example_short_circuit_decorator.py for tasks to queue
[2023-04-27T18:48:52.213+0300] {logging_mixin.py:137} INFO - [2023-04-27T18:48:52.213+0300] {dagbag.py:532} INFO - Filling up the DagBag from /home/vladimir/.local/lib/python3.10/site-packages/airflow/example_dags/example_short_circuit_decorator.py
[2023-04-27T18:48:52.230+0300] {processor.py:753} INFO - DAG(s) dict_keys(['example_short_circuit_decorator']) retrieved from /home/vladimir/.local/lib/python3.10/site-packages/airflow/example_dags/example_short_circuit_decorator.py
[2023-04-27T18:48:52.244+0300] {logging_mixin.py:137} INFO - [2023-04-27T18:48:52.244+0300] {dag.py:2705} INFO - Sync 1 DAGs
[2023-04-27T18:48:52.257+0300] {logging_mixin.py:137} INFO - [2023-04-27T18:48:52.257+0300] {dag.py:3452} INFO - Setting next_dagrun for example_short_circuit_decorator to 2023-04-26T15:48:52.256927+00:00, run_after=2023-04-27T15:48:52.256927+00:00
[2023-04-27T18:48:52.271+0300] {processor.py:175} INFO - Processing /home/vladimir/.local/lib/python3.10/site-packages/airflow/example_dags/example_short_circuit_decorator.py took 0.061 seconds
[2023-04-27T18:49:30.603+0300] {processor.py:153} INFO - Started process (PID=4205) to work on /home/vladimir/.local/lib/python3.10/site-packages/airflow/example_dags/example_short_circuit_decorator.py
[2023-04-27T18:49:30.604+0300] {processor.py:743} INFO - Processing file /home/vladimir/.local/lib/python3.10/site-packages/airflow/example_dags/example_short_circuit_decorator.py for tasks to queue
[2023-04-27T18:49:30.605+0300] {logging_mixin.py:137} INFO - [2023-04-27T18:49:30.605+0300] {dagbag.py:532} INFO - Filling up the DagBag from /home/vladimir/.local/lib/python3.10/site-packages/airflow/example_dags/example_short_circuit_decorator.py
[2023-04-27T18:49:30.622+0300] {processor.py:753} INFO - DAG(s) dict_keys(['example_short_circuit_decorator']) retrieved from /home/vladimir/.local/lib/python3.10/site-packages/airflow/example_dags/example_short_circuit_decorator.py
[2023-04-27T18:49:30.637+0300] {logging_mixin.py:137} INFO - [2023-04-27T18:49:30.637+0300] {dag.py:2705} INFO - Sync 1 DAGs
[2023-04-27T18:49:30.649+0300] {logging_mixin.py:137} INFO - [2023-04-27T18:49:30.649+0300] {dag.py:3452} INFO - Setting next_dagrun for example_short_circuit_decorator to 2023-04-26T15:49:30.649300+00:00, run_after=2023-04-27T15:49:30.649300+00:00
[2023-04-27T18:49:30.662+0300] {processor.py:175} INFO - Processing /home/vladimir/.local/lib/python3.10/site-packages/airflow/example_dags/example_short_circuit_decorator.py took 0.061 seconds
[2023-04-27T18:50:09.485+0300] {processor.py:153} INFO - Started process (PID=4509) to work on /home/vladimir/.local/lib/python3.10/site-packages/airflow/example_dags/example_short_circuit_decorator.py
[2023-04-27T18:50:09.486+0300] {processor.py:743} INFO - Processing file /home/vladimir/.local/lib/python3.10/site-packages/airflow/example_dags/example_short_circuit_decorator.py for tasks to queue
[2023-04-27T18:50:09.486+0300] {logging_mixin.py:137} INFO - [2023-04-27T18:50:09.486+0300] {dagbag.py:532} INFO - Filling up the DagBag from /home/vladimir/.local/lib/python3.10/site-packages/airflow/example_dags/example_short_circuit_decorator.py
[2023-04-27T18:50:09.503+0300] {processor.py:753} INFO - DAG(s) dict_keys(['example_short_circuit_decorator']) retrieved from /home/vladimir/.local/lib/python3.10/site-packages/airflow/example_dags/example_short_circuit_decorator.py
[2023-04-27T18:50:09.519+0300] {logging_mixin.py:137} INFO - [2023-04-27T18:50:09.519+0300] {dag.py:2705} INFO - Sync 1 DAGs
[2023-04-27T18:50:09.531+0300] {logging_mixin.py:137} INFO - [2023-04-27T18:50:09.531+0300] {dag.py:3452} INFO - Setting next_dagrun for example_short_circuit_decorator to 2023-04-26T15:50:09.531023+00:00, run_after=2023-04-27T15:50:09.531023+00:00
[2023-04-27T18:50:09.542+0300] {processor.py:175} INFO - Processing /home/vladimir/.local/lib/python3.10/site-packages/airflow/example_dags/example_short_circuit_decorator.py took 0.059 seconds
[2023-04-27T18:50:46.740+0300] {processor.py:153} INFO - Started process (PID=5105) to work on /home/vladimir/.local/lib/python3.10/site-packages/airflow/example_dags/example_short_circuit_decorator.py
[2023-04-27T18:50:46.742+0300] {processor.py:743} INFO - Processing file /home/vladimir/.local/lib/python3.10/site-packages/airflow/example_dags/example_short_circuit_decorator.py for tasks to queue
[2023-04-27T18:50:46.742+0300] {logging_mixin.py:137} INFO - [2023-04-27T18:50:46.742+0300] {dagbag.py:532} INFO - Filling up the DagBag from /home/vladimir/.local/lib/python3.10/site-packages/airflow/example_dags/example_short_circuit_decorator.py
[2023-04-27T18:50:46.759+0300] {processor.py:753} INFO - DAG(s) dict_keys(['example_short_circuit_decorator']) retrieved from /home/vladimir/.local/lib/python3.10/site-packages/airflow/example_dags/example_short_circuit_decorator.py
[2023-04-27T18:50:46.775+0300] {logging_mixin.py:137} INFO - [2023-04-27T18:50:46.775+0300] {dag.py:2705} INFO - Sync 1 DAGs
[2023-04-27T18:50:46.788+0300] {logging_mixin.py:137} INFO - [2023-04-27T18:50:46.788+0300] {dag.py:3452} INFO - Setting next_dagrun for example_short_circuit_decorator to 2023-04-26T15:50:46.788495+00:00, run_after=2023-04-27T15:50:46.788495+00:00
[2023-04-27T18:50:46.801+0300] {processor.py:175} INFO - Processing /home/vladimir/.local/lib/python3.10/site-packages/airflow/example_dags/example_short_circuit_decorator.py took 0.063 seconds
[2023-04-27T18:51:23.181+0300] {processor.py:153} INFO - Started process (PID=5261) to work on /home/vladimir/.local/lib/python3.10/site-packages/airflow/example_dags/example_short_circuit_decorator.py
[2023-04-27T18:51:23.182+0300] {processor.py:743} INFO - Processing file /home/vladimir/.local/lib/python3.10/site-packages/airflow/example_dags/example_short_circuit_decorator.py for tasks to queue
[2023-04-27T18:51:23.182+0300] {logging_mixin.py:137} INFO - [2023-04-27T18:51:23.182+0300] {dagbag.py:532} INFO - Filling up the DagBag from /home/vladimir/.local/lib/python3.10/site-packages/airflow/example_dags/example_short_circuit_decorator.py
[2023-04-27T18:51:23.200+0300] {processor.py:753} INFO - DAG(s) dict_keys(['example_short_circuit_decorator']) retrieved from /home/vladimir/.local/lib/python3.10/site-packages/airflow/example_dags/example_short_circuit_decorator.py
[2023-04-27T18:51:23.214+0300] {logging_mixin.py:137} INFO - [2023-04-27T18:51:23.214+0300] {dag.py:2705} INFO - Sync 1 DAGs
[2023-04-27T18:51:23.226+0300] {logging_mixin.py:137} INFO - [2023-04-27T18:51:23.225+0300] {dag.py:3452} INFO - Setting next_dagrun for example_short_circuit_decorator to 2023-04-26T15:51:23.225783+00:00, run_after=2023-04-27T15:51:23.225783+00:00
[2023-04-27T18:51:23.237+0300] {processor.py:175} INFO - Processing /home/vladimir/.local/lib/python3.10/site-packages/airflow/example_dags/example_short_circuit_decorator.py took 0.059 seconds
[2023-04-27T18:51:57.178+0300] {processor.py:153} INFO - Started process (PID=5303) to work on /home/vladimir/.local/lib/python3.10/site-packages/airflow/example_dags/example_short_circuit_decorator.py
[2023-04-27T18:51:57.179+0300] {processor.py:743} INFO - Processing file /home/vladimir/.local/lib/python3.10/site-packages/airflow/example_dags/example_short_circuit_decorator.py for tasks to queue
[2023-04-27T18:51:57.180+0300] {logging_mixin.py:137} INFO - [2023-04-27T18:51:57.179+0300] {dagbag.py:532} INFO - Filling up the DagBag from /home/vladimir/.local/lib/python3.10/site-packages/airflow/example_dags/example_short_circuit_decorator.py
[2023-04-27T18:51:57.197+0300] {processor.py:753} INFO - DAG(s) dict_keys(['example_short_circuit_decorator']) retrieved from /home/vladimir/.local/lib/python3.10/site-packages/airflow/example_dags/example_short_circuit_decorator.py
[2023-04-27T18:51:57.213+0300] {logging_mixin.py:137} INFO - [2023-04-27T18:51:57.213+0300] {dag.py:2705} INFO - Sync 1 DAGs
[2023-04-27T18:51:57.227+0300] {logging_mixin.py:137} INFO - [2023-04-27T18:51:57.227+0300] {dag.py:3452} INFO - Setting next_dagrun for example_short_circuit_decorator to 2023-04-26T15:51:57.227003+00:00, run_after=2023-04-27T15:51:57.227003+00:00
[2023-04-27T18:51:57.243+0300] {processor.py:175} INFO - Processing /home/vladimir/.local/lib/python3.10/site-packages/airflow/example_dags/example_short_circuit_decorator.py took 0.067 seconds
[2023-04-27T18:52:41.328+0300] {processor.py:153} INFO - Started process (PID=5351) to work on /home/vladimir/.local/lib/python3.10/site-packages/airflow/example_dags/example_short_circuit_decorator.py
[2023-04-27T18:52:41.329+0300] {processor.py:743} INFO - Processing file /home/vladimir/.local/lib/python3.10/site-packages/airflow/example_dags/example_short_circuit_decorator.py for tasks to queue
[2023-04-27T18:52:41.329+0300] {logging_mixin.py:137} INFO - [2023-04-27T18:52:41.329+0300] {dagbag.py:532} INFO - Filling up the DagBag from /home/vladimir/.local/lib/python3.10/site-packages/airflow/example_dags/example_short_circuit_decorator.py
[2023-04-27T18:52:41.348+0300] {processor.py:753} INFO - DAG(s) dict_keys(['example_short_circuit_decorator']) retrieved from /home/vladimir/.local/lib/python3.10/site-packages/airflow/example_dags/example_short_circuit_decorator.py
[2023-04-27T18:52:41.363+0300] {logging_mixin.py:137} INFO - [2023-04-27T18:52:41.363+0300] {dag.py:2705} INFO - Sync 1 DAGs
[2023-04-27T18:52:41.376+0300] {logging_mixin.py:137} INFO - [2023-04-27T18:52:41.376+0300] {dag.py:3452} INFO - Setting next_dagrun for example_short_circuit_decorator to 2023-04-26T15:52:41.376278+00:00, run_after=2023-04-27T15:52:41.376278+00:00
[2023-04-27T18:52:41.390+0300] {processor.py:175} INFO - Processing /home/vladimir/.local/lib/python3.10/site-packages/airflow/example_dags/example_short_circuit_decorator.py took 0.065 seconds
[2023-04-27T18:53:19.118+0300] {processor.py:153} INFO - Started process (PID=5535) to work on /home/vladimir/.local/lib/python3.10/site-packages/airflow/example_dags/example_short_circuit_decorator.py
[2023-04-27T18:53:19.119+0300] {processor.py:743} INFO - Processing file /home/vladimir/.local/lib/python3.10/site-packages/airflow/example_dags/example_short_circuit_decorator.py for tasks to queue
[2023-04-27T18:53:19.120+0300] {logging_mixin.py:137} INFO - [2023-04-27T18:53:19.119+0300] {dagbag.py:532} INFO - Filling up the DagBag from /home/vladimir/.local/lib/python3.10/site-packages/airflow/example_dags/example_short_circuit_decorator.py
[2023-04-27T18:53:19.137+0300] {processor.py:753} INFO - DAG(s) dict_keys(['example_short_circuit_decorator']) retrieved from /home/vladimir/.local/lib/python3.10/site-packages/airflow/example_dags/example_short_circuit_decorator.py
[2023-04-27T18:53:19.153+0300] {logging_mixin.py:137} INFO - [2023-04-27T18:53:19.153+0300] {dag.py:2705} INFO - Sync 1 DAGs
[2023-04-27T18:53:19.168+0300] {logging_mixin.py:137} INFO - [2023-04-27T18:53:19.168+0300] {dag.py:3452} INFO - Setting next_dagrun for example_short_circuit_decorator to 2023-04-26T15:53:19.168400+00:00, run_after=2023-04-27T15:53:19.168400+00:00
[2023-04-27T18:53:19.182+0300] {processor.py:175} INFO - Processing /home/vladimir/.local/lib/python3.10/site-packages/airflow/example_dags/example_short_circuit_decorator.py took 0.066 seconds
[2023-04-27T18:54:00.816+0300] {processor.py:153} INFO - Started process (PID=5581) to work on /home/vladimir/.local/lib/python3.10/site-packages/airflow/example_dags/example_short_circuit_decorator.py
[2023-04-27T18:54:00.817+0300] {processor.py:743} INFO - Processing file /home/vladimir/.local/lib/python3.10/site-packages/airflow/example_dags/example_short_circuit_decorator.py for tasks to queue
[2023-04-27T18:54:00.818+0300] {logging_mixin.py:137} INFO - [2023-04-27T18:54:00.818+0300] {dagbag.py:532} INFO - Filling up the DagBag from /home/vladimir/.local/lib/python3.10/site-packages/airflow/example_dags/example_short_circuit_decorator.py
[2023-04-27T18:54:00.836+0300] {processor.py:753} INFO - DAG(s) dict_keys(['example_short_circuit_decorator']) retrieved from /home/vladimir/.local/lib/python3.10/site-packages/airflow/example_dags/example_short_circuit_decorator.py
[2023-04-27T18:54:00.852+0300] {logging_mixin.py:137} INFO - [2023-04-27T18:54:00.851+0300] {dag.py:2705} INFO - Sync 1 DAGs
[2023-04-27T18:54:00.863+0300] {logging_mixin.py:137} INFO - [2023-04-27T18:54:00.863+0300] {dag.py:3452} INFO - Setting next_dagrun for example_short_circuit_decorator to 2023-04-26T15:54:00.863362+00:00, run_after=2023-04-27T15:54:00.863362+00:00
[2023-04-27T18:54:00.875+0300] {processor.py:175} INFO - Processing /home/vladimir/.local/lib/python3.10/site-packages/airflow/example_dags/example_short_circuit_decorator.py took 0.061 seconds
[2023-04-27T18:54:36.990+0300] {processor.py:153} INFO - Started process (PID=5622) to work on /home/vladimir/.local/lib/python3.10/site-packages/airflow/example_dags/example_short_circuit_decorator.py
[2023-04-27T18:54:36.991+0300] {processor.py:743} INFO - Processing file /home/vladimir/.local/lib/python3.10/site-packages/airflow/example_dags/example_short_circuit_decorator.py for tasks to queue
[2023-04-27T18:54:36.992+0300] {logging_mixin.py:137} INFO - [2023-04-27T18:54:36.992+0300] {dagbag.py:532} INFO - Filling up the DagBag from /home/vladimir/.local/lib/python3.10/site-packages/airflow/example_dags/example_short_circuit_decorator.py
[2023-04-27T18:54:37.009+0300] {processor.py:753} INFO - DAG(s) dict_keys(['example_short_circuit_decorator']) retrieved from /home/vladimir/.local/lib/python3.10/site-packages/airflow/example_dags/example_short_circuit_decorator.py
[2023-04-27T18:54:37.023+0300] {logging_mixin.py:137} INFO - [2023-04-27T18:54:37.023+0300] {dag.py:2705} INFO - Sync 1 DAGs
[2023-04-27T18:54:37.034+0300] {logging_mixin.py:137} INFO - [2023-04-27T18:54:37.034+0300] {dag.py:3452} INFO - Setting next_dagrun for example_short_circuit_decorator to 2023-04-26T15:54:37.034469+00:00, run_after=2023-04-27T15:54:37.034469+00:00
[2023-04-27T18:54:37.047+0300] {processor.py:175} INFO - Processing /home/vladimir/.local/lib/python3.10/site-packages/airflow/example_dags/example_short_circuit_decorator.py took 0.059 seconds
[2023-04-27T18:55:14.077+0300] {processor.py:153} INFO - Started process (PID=5668) to work on /home/vladimir/.local/lib/python3.10/site-packages/airflow/example_dags/example_short_circuit_decorator.py
[2023-04-27T18:55:14.078+0300] {processor.py:743} INFO - Processing file /home/vladimir/.local/lib/python3.10/site-packages/airflow/example_dags/example_short_circuit_decorator.py for tasks to queue
[2023-04-27T18:55:14.078+0300] {logging_mixin.py:137} INFO - [2023-04-27T18:55:14.078+0300] {dagbag.py:532} INFO - Filling up the DagBag from /home/vladimir/.local/lib/python3.10/site-packages/airflow/example_dags/example_short_circuit_decorator.py
[2023-04-27T18:55:14.095+0300] {processor.py:753} INFO - DAG(s) dict_keys(['example_short_circuit_decorator']) retrieved from /home/vladimir/.local/lib/python3.10/site-packages/airflow/example_dags/example_short_circuit_decorator.py
[2023-04-27T18:55:14.108+0300] {logging_mixin.py:137} INFO - [2023-04-27T18:55:14.108+0300] {dag.py:2705} INFO - Sync 1 DAGs
[2023-04-27T18:55:14.120+0300] {logging_mixin.py:137} INFO - [2023-04-27T18:55:14.120+0300] {dag.py:3452} INFO - Setting next_dagrun for example_short_circuit_decorator to 2023-04-26T15:55:14.120271+00:00, run_after=2023-04-27T15:55:14.120271+00:00
[2023-04-27T18:55:14.132+0300] {processor.py:175} INFO - Processing /home/vladimir/.local/lib/python3.10/site-packages/airflow/example_dags/example_short_circuit_decorator.py took 0.057 seconds
[2023-04-27T18:55:50.007+0300] {processor.py:153} INFO - Started process (PID=5710) to work on /home/vladimir/.local/lib/python3.10/site-packages/airflow/example_dags/example_short_circuit_decorator.py
[2023-04-27T18:55:50.008+0300] {processor.py:743} INFO - Processing file /home/vladimir/.local/lib/python3.10/site-packages/airflow/example_dags/example_short_circuit_decorator.py for tasks to queue
[2023-04-27T18:55:50.008+0300] {logging_mixin.py:137} INFO - [2023-04-27T18:55:50.008+0300] {dagbag.py:532} INFO - Filling up the DagBag from /home/vladimir/.local/lib/python3.10/site-packages/airflow/example_dags/example_short_circuit_decorator.py
[2023-04-27T18:55:50.025+0300] {processor.py:753} INFO - DAG(s) dict_keys(['example_short_circuit_decorator']) retrieved from /home/vladimir/.local/lib/python3.10/site-packages/airflow/example_dags/example_short_circuit_decorator.py
[2023-04-27T18:55:50.039+0300] {logging_mixin.py:137} INFO - [2023-04-27T18:55:50.039+0300] {dag.py:2705} INFO - Sync 1 DAGs
[2023-04-27T18:55:50.051+0300] {logging_mixin.py:137} INFO - [2023-04-27T18:55:50.051+0300] {dag.py:3452} INFO - Setting next_dagrun for example_short_circuit_decorator to 2023-04-26T15:55:50.050931+00:00, run_after=2023-04-27T15:55:50.050931+00:00
[2023-04-27T18:55:50.063+0300] {processor.py:175} INFO - Processing /home/vladimir/.local/lib/python3.10/site-packages/airflow/example_dags/example_short_circuit_decorator.py took 0.059 seconds
[2023-04-27T18:56:32.242+0300] {processor.py:153} INFO - Started process (PID=6561) to work on /home/vladimir/.local/lib/python3.10/site-packages/airflow/example_dags/example_short_circuit_decorator.py
[2023-04-27T18:56:32.244+0300] {processor.py:743} INFO - Processing file /home/vladimir/.local/lib/python3.10/site-packages/airflow/example_dags/example_short_circuit_decorator.py for tasks to queue
[2023-04-27T18:56:32.244+0300] {logging_mixin.py:137} INFO - [2023-04-27T18:56:32.244+0300] {dagbag.py:532} INFO - Filling up the DagBag from /home/vladimir/.local/lib/python3.10/site-packages/airflow/example_dags/example_short_circuit_decorator.py
[2023-04-27T18:56:32.261+0300] {processor.py:753} INFO - DAG(s) dict_keys(['example_short_circuit_decorator']) retrieved from /home/vladimir/.local/lib/python3.10/site-packages/airflow/example_dags/example_short_circuit_decorator.py
[2023-04-27T18:56:32.277+0300] {logging_mixin.py:137} INFO - [2023-04-27T18:56:32.277+0300] {dag.py:2705} INFO - Sync 1 DAGs
[2023-04-27T18:56:32.291+0300] {logging_mixin.py:137} INFO - [2023-04-27T18:56:32.291+0300] {dag.py:3452} INFO - Setting next_dagrun for example_short_circuit_decorator to 2023-04-26T15:56:32.291185+00:00, run_after=2023-04-27T15:56:32.291185+00:00
[2023-04-27T18:56:32.304+0300] {processor.py:175} INFO - Processing /home/vladimir/.local/lib/python3.10/site-packages/airflow/example_dags/example_short_circuit_decorator.py took 0.065 seconds
[2023-04-27T18:57:06.623+0300] {processor.py:153} INFO - Started process (PID=6672) to work on /home/vladimir/.local/lib/python3.10/site-packages/airflow/example_dags/example_short_circuit_decorator.py
[2023-04-27T18:57:06.624+0300] {processor.py:743} INFO - Processing file /home/vladimir/.local/lib/python3.10/site-packages/airflow/example_dags/example_short_circuit_decorator.py for tasks to queue
[2023-04-27T18:57:06.624+0300] {logging_mixin.py:137} INFO - [2023-04-27T18:57:06.624+0300] {dagbag.py:532} INFO - Filling up the DagBag from /home/vladimir/.local/lib/python3.10/site-packages/airflow/example_dags/example_short_circuit_decorator.py
[2023-04-27T18:57:06.641+0300] {processor.py:753} INFO - DAG(s) dict_keys(['example_short_circuit_decorator']) retrieved from /home/vladimir/.local/lib/python3.10/site-packages/airflow/example_dags/example_short_circuit_decorator.py
[2023-04-27T18:57:06.655+0300] {logging_mixin.py:137} INFO - [2023-04-27T18:57:06.655+0300] {dag.py:2705} INFO - Sync 1 DAGs
[2023-04-27T18:57:06.667+0300] {logging_mixin.py:137} INFO - [2023-04-27T18:57:06.667+0300] {dag.py:3452} INFO - Setting next_dagrun for example_short_circuit_decorator to 2023-04-26T15:57:06.667432+00:00, run_after=2023-04-27T15:57:06.667432+00:00
[2023-04-27T18:57:06.679+0300] {processor.py:175} INFO - Processing /home/vladimir/.local/lib/python3.10/site-packages/airflow/example_dags/example_short_circuit_decorator.py took 0.059 seconds
[2023-04-27T18:57:47.084+0300] {processor.py:153} INFO - Started process (PID=6743) to work on /home/vladimir/.local/lib/python3.10/site-packages/airflow/example_dags/example_short_circuit_decorator.py
[2023-04-27T18:57:47.085+0300] {processor.py:743} INFO - Processing file /home/vladimir/.local/lib/python3.10/site-packages/airflow/example_dags/example_short_circuit_decorator.py for tasks to queue
[2023-04-27T18:57:47.085+0300] {logging_mixin.py:137} INFO - [2023-04-27T18:57:47.085+0300] {dagbag.py:532} INFO - Filling up the DagBag from /home/vladimir/.local/lib/python3.10/site-packages/airflow/example_dags/example_short_circuit_decorator.py
[2023-04-27T18:57:47.102+0300] {processor.py:753} INFO - DAG(s) dict_keys(['example_short_circuit_decorator']) retrieved from /home/vladimir/.local/lib/python3.10/site-packages/airflow/example_dags/example_short_circuit_decorator.py
[2023-04-27T18:57:47.117+0300] {logging_mixin.py:137} INFO - [2023-04-27T18:57:47.117+0300] {dag.py:2705} INFO - Sync 1 DAGs
[2023-04-27T18:57:47.129+0300] {logging_mixin.py:137} INFO - [2023-04-27T18:57:47.129+0300] {dag.py:3452} INFO - Setting next_dagrun for example_short_circuit_decorator to 2023-04-26T15:57:47.129058+00:00, run_after=2023-04-27T15:57:47.129058+00:00
[2023-04-27T18:57:47.141+0300] {processor.py:175} INFO - Processing /home/vladimir/.local/lib/python3.10/site-packages/airflow/example_dags/example_short_circuit_decorator.py took 0.059 seconds
[2023-04-27T18:58:23.045+0300] {processor.py:153} INFO - Started process (PID=6817) to work on /home/vladimir/.local/lib/python3.10/site-packages/airflow/example_dags/example_short_circuit_decorator.py
[2023-04-27T18:58:23.046+0300] {processor.py:743} INFO - Processing file /home/vladimir/.local/lib/python3.10/site-packages/airflow/example_dags/example_short_circuit_decorator.py for tasks to queue
[2023-04-27T18:58:23.047+0300] {logging_mixin.py:137} INFO - [2023-04-27T18:58:23.047+0300] {dagbag.py:532} INFO - Filling up the DagBag from /home/vladimir/.local/lib/python3.10/site-packages/airflow/example_dags/example_short_circuit_decorator.py
[2023-04-27T18:58:23.066+0300] {processor.py:753} INFO - DAG(s) dict_keys(['example_short_circuit_decorator']) retrieved from /home/vladimir/.local/lib/python3.10/site-packages/airflow/example_dags/example_short_circuit_decorator.py
[2023-04-27T18:58:23.083+0300] {logging_mixin.py:137} INFO - [2023-04-27T18:58:23.083+0300] {dag.py:2705} INFO - Sync 1 DAGs
[2023-04-27T18:58:23.096+0300] {logging_mixin.py:137} INFO - [2023-04-27T18:58:23.096+0300] {dag.py:3452} INFO - Setting next_dagrun for example_short_circuit_decorator to 2023-04-26T15:58:23.096152+00:00, run_after=2023-04-27T15:58:23.096152+00:00
[2023-04-27T18:58:23.111+0300] {processor.py:175} INFO - Processing /home/vladimir/.local/lib/python3.10/site-packages/airflow/example_dags/example_short_circuit_decorator.py took 0.069 seconds
[2023-04-27T18:58:57.988+0300] {processor.py:153} INFO - Started process (PID=6878) to work on /home/vladimir/.local/lib/python3.10/site-packages/airflow/example_dags/example_short_circuit_decorator.py
[2023-04-27T18:58:57.989+0300] {processor.py:743} INFO - Processing file /home/vladimir/.local/lib/python3.10/site-packages/airflow/example_dags/example_short_circuit_decorator.py for tasks to queue
[2023-04-27T18:58:57.990+0300] {logging_mixin.py:137} INFO - [2023-04-27T18:58:57.989+0300] {dagbag.py:532} INFO - Filling up the DagBag from /home/vladimir/.local/lib/python3.10/site-packages/airflow/example_dags/example_short_circuit_decorator.py
[2023-04-27T18:58:58.006+0300] {processor.py:753} INFO - DAG(s) dict_keys(['example_short_circuit_decorator']) retrieved from /home/vladimir/.local/lib/python3.10/site-packages/airflow/example_dags/example_short_circuit_decorator.py
[2023-04-27T18:58:58.020+0300] {logging_mixin.py:137} INFO - [2023-04-27T18:58:58.020+0300] {dag.py:2705} INFO - Sync 1 DAGs
[2023-04-27T18:58:58.032+0300] {logging_mixin.py:137} INFO - [2023-04-27T18:58:58.032+0300] {dag.py:3452} INFO - Setting next_dagrun for example_short_circuit_decorator to 2023-04-26T15:58:58.032066+00:00, run_after=2023-04-27T15:58:58.032066+00:00
[2023-04-27T18:58:58.045+0300] {processor.py:175} INFO - Processing /home/vladimir/.local/lib/python3.10/site-packages/airflow/example_dags/example_short_circuit_decorator.py took 0.060 seconds
[2023-04-27T18:59:36.093+0300] {processor.py:153} INFO - Started process (PID=6945) to work on /home/vladimir/.local/lib/python3.10/site-packages/airflow/example_dags/example_short_circuit_decorator.py
[2023-04-27T18:59:36.094+0300] {processor.py:743} INFO - Processing file /home/vladimir/.local/lib/python3.10/site-packages/airflow/example_dags/example_short_circuit_decorator.py for tasks to queue
[2023-04-27T18:59:36.094+0300] {logging_mixin.py:137} INFO - [2023-04-27T18:59:36.094+0300] {dagbag.py:532} INFO - Filling up the DagBag from /home/vladimir/.local/lib/python3.10/site-packages/airflow/example_dags/example_short_circuit_decorator.py
[2023-04-27T18:59:36.112+0300] {processor.py:753} INFO - DAG(s) dict_keys(['example_short_circuit_decorator']) retrieved from /home/vladimir/.local/lib/python3.10/site-packages/airflow/example_dags/example_short_circuit_decorator.py
[2023-04-27T18:59:36.126+0300] {logging_mixin.py:137} INFO - [2023-04-27T18:59:36.126+0300] {dag.py:2705} INFO - Sync 1 DAGs
[2023-04-27T18:59:36.138+0300] {logging_mixin.py:137} INFO - [2023-04-27T18:59:36.138+0300] {dag.py:3452} INFO - Setting next_dagrun for example_short_circuit_decorator to 2023-04-26T15:59:36.138144+00:00, run_after=2023-04-27T15:59:36.138144+00:00
[2023-04-27T18:59:36.150+0300] {processor.py:175} INFO - Processing /home/vladimir/.local/lib/python3.10/site-packages/airflow/example_dags/example_short_circuit_decorator.py took 0.060 seconds
[2023-04-27T19:00:20.255+0300] {processor.py:153} INFO - Started process (PID=7043) to work on /home/vladimir/.local/lib/python3.10/site-packages/airflow/example_dags/example_short_circuit_decorator.py
[2023-04-27T19:00:20.256+0300] {processor.py:743} INFO - Processing file /home/vladimir/.local/lib/python3.10/site-packages/airflow/example_dags/example_short_circuit_decorator.py for tasks to queue
[2023-04-27T19:00:20.256+0300] {logging_mixin.py:137} INFO - [2023-04-27T19:00:20.256+0300] {dagbag.py:532} INFO - Filling up the DagBag from /home/vladimir/.local/lib/python3.10/site-packages/airflow/example_dags/example_short_circuit_decorator.py
[2023-04-27T19:00:20.274+0300] {processor.py:753} INFO - DAG(s) dict_keys(['example_short_circuit_decorator']) retrieved from /home/vladimir/.local/lib/python3.10/site-packages/airflow/example_dags/example_short_circuit_decorator.py
[2023-04-27T19:00:20.288+0300] {logging_mixin.py:137} INFO - [2023-04-27T19:00:20.288+0300] {dag.py:2705} INFO - Sync 1 DAGs
[2023-04-27T19:00:20.300+0300] {logging_mixin.py:137} INFO - [2023-04-27T19:00:20.300+0300] {dag.py:3452} INFO - Setting next_dagrun for example_short_circuit_decorator to 2023-04-26T16:00:20.300413+00:00, run_after=2023-04-27T16:00:20.300413+00:00
[2023-04-27T19:00:20.314+0300] {processor.py:175} INFO - Processing /home/vladimir/.local/lib/python3.10/site-packages/airflow/example_dags/example_short_circuit_decorator.py took 0.061 seconds
[2023-04-27T19:00:58.433+0300] {processor.py:153} INFO - Started process (PID=7142) to work on /home/vladimir/.local/lib/python3.10/site-packages/airflow/example_dags/example_short_circuit_decorator.py
[2023-04-27T19:00:58.434+0300] {processor.py:743} INFO - Processing file /home/vladimir/.local/lib/python3.10/site-packages/airflow/example_dags/example_short_circuit_decorator.py for tasks to queue
[2023-04-27T19:00:58.435+0300] {logging_mixin.py:137} INFO - [2023-04-27T19:00:58.435+0300] {dagbag.py:532} INFO - Filling up the DagBag from /home/vladimir/.local/lib/python3.10/site-packages/airflow/example_dags/example_short_circuit_decorator.py
[2023-04-27T19:00:58.456+0300] {processor.py:753} INFO - DAG(s) dict_keys(['example_short_circuit_decorator']) retrieved from /home/vladimir/.local/lib/python3.10/site-packages/airflow/example_dags/example_short_circuit_decorator.py
[2023-04-27T19:00:58.472+0300] {logging_mixin.py:137} INFO - [2023-04-27T19:00:58.472+0300] {dag.py:2705} INFO - Sync 1 DAGs
[2023-04-27T19:00:58.486+0300] {logging_mixin.py:137} INFO - [2023-04-27T19:00:58.486+0300] {dag.py:3452} INFO - Setting next_dagrun for example_short_circuit_decorator to 2023-04-26T16:00:58.486039+00:00, run_after=2023-04-27T16:00:58.486039+00:00
[2023-04-27T19:00:58.498+0300] {processor.py:175} INFO - Processing /home/vladimir/.local/lib/python3.10/site-packages/airflow/example_dags/example_short_circuit_decorator.py took 0.068 seconds
