[2023-04-27T18:25:30.133+0300] {processor.py:153} INFO - Started process (PID=5808) to work on /home/vladimir/.local/lib/python3.10/site-packages/airflow/example_dags/example_latest_only.py
[2023-04-27T18:25:30.147+0300] {processor.py:743} INFO - Processing file /home/vladimir/.local/lib/python3.10/site-packages/airflow/example_dags/example_latest_only.py for tasks to queue
[2023-04-27T18:25:30.149+0300] {logging_mixin.py:137} INFO - [2023-04-27T18:25:30.149+0300] {dagbag.py:532} INFO - Filling up the DagBag from /home/vladimir/.local/lib/python3.10/site-packages/airflow/example_dags/example_latest_only.py
[2023-04-27T18:25:30.272+0300] {processor.py:753} INFO - DAG(s) dict_keys(['latest_only']) retrieved from /home/vladimir/.local/lib/python3.10/site-packages/airflow/example_dags/example_latest_only.py
[2023-04-27T18:25:30.776+0300] {logging_mixin.py:137} INFO - [2023-04-27T18:25:30.776+0300] {manager.py:504} INFO - Created Permission View: can read on DAG:latest_only
[2023-04-27T18:25:30.790+0300] {logging_mixin.py:137} INFO - [2023-04-27T18:25:30.790+0300] {manager.py:504} INFO - Created Permission View: can delete on DAG:latest_only
[2023-04-27T18:25:30.817+0300] {logging_mixin.py:137} INFO - [2023-04-27T18:25:30.817+0300] {manager.py:504} INFO - Created Permission View: can edit on DAG:latest_only
[2023-04-27T18:25:30.817+0300] {logging_mixin.py:137} INFO - [2023-04-27T18:25:30.817+0300] {dag.py:2705} INFO - Sync 1 DAGs
[2023-04-27T18:25:30.894+0300] {logging_mixin.py:137} INFO - [2023-04-27T18:25:30.894+0300] {dag.py:2726} INFO - Creating ORM DAG for latest_only
[2023-04-27T18:25:30.914+0300] {logging_mixin.py:137} INFO - [2023-04-27T18:25:30.914+0300] {dag.py:3452} INFO - Setting next_dagrun for latest_only to 2023-04-27T11:25:30.913041+00:00, run_after=2023-04-27T15:25:30.913041+00:00
[2023-04-27T18:25:30.948+0300] {processor.py:175} INFO - Processing /home/vladimir/.local/lib/python3.10/site-packages/airflow/example_dags/example_latest_only.py took 0.910 seconds
[2023-04-27T18:26:21.633+0300] {processor.py:153} INFO - Started process (PID=5996) to work on /home/vladimir/.local/lib/python3.10/site-packages/airflow/example_dags/example_latest_only.py
[2023-04-27T18:26:21.634+0300] {processor.py:743} INFO - Processing file /home/vladimir/.local/lib/python3.10/site-packages/airflow/example_dags/example_latest_only.py for tasks to queue
[2023-04-27T18:26:21.635+0300] {logging_mixin.py:137} INFO - [2023-04-27T18:26:21.635+0300] {dagbag.py:532} INFO - Filling up the DagBag from /home/vladimir/.local/lib/python3.10/site-packages/airflow/example_dags/example_latest_only.py
[2023-04-27T18:26:21.646+0300] {processor.py:753} INFO - DAG(s) dict_keys(['latest_only']) retrieved from /home/vladimir/.local/lib/python3.10/site-packages/airflow/example_dags/example_latest_only.py
[2023-04-27T18:26:21.659+0300] {logging_mixin.py:137} INFO - [2023-04-27T18:26:21.659+0300] {dag.py:2705} INFO - Sync 1 DAGs
[2023-04-27T18:26:21.670+0300] {logging_mixin.py:137} INFO - [2023-04-27T18:26:21.670+0300] {dag.py:3452} INFO - Setting next_dagrun for latest_only to 2023-04-27T11:26:21.670682+00:00, run_after=2023-04-27T15:26:21.670682+00:00
[2023-04-27T18:26:21.684+0300] {processor.py:175} INFO - Processing /home/vladimir/.local/lib/python3.10/site-packages/airflow/example_dags/example_latest_only.py took 0.053 seconds
[2023-04-27T18:27:02.447+0300] {processor.py:153} INFO - Started process (PID=6062) to work on /home/vladimir/.local/lib/python3.10/site-packages/airflow/example_dags/example_latest_only.py
[2023-04-27T18:27:02.448+0300] {processor.py:743} INFO - Processing file /home/vladimir/.local/lib/python3.10/site-packages/airflow/example_dags/example_latest_only.py for tasks to queue
[2023-04-27T18:27:02.449+0300] {logging_mixin.py:137} INFO - [2023-04-27T18:27:02.449+0300] {dagbag.py:532} INFO - Filling up the DagBag from /home/vladimir/.local/lib/python3.10/site-packages/airflow/example_dags/example_latest_only.py
[2023-04-27T18:27:02.459+0300] {processor.py:753} INFO - DAG(s) dict_keys(['latest_only']) retrieved from /home/vladimir/.local/lib/python3.10/site-packages/airflow/example_dags/example_latest_only.py
[2023-04-27T18:27:02.472+0300] {logging_mixin.py:137} INFO - [2023-04-27T18:27:02.472+0300] {dag.py:2705} INFO - Sync 1 DAGs
[2023-04-27T18:27:02.484+0300] {logging_mixin.py:137} INFO - [2023-04-27T18:27:02.483+0300] {dag.py:3452} INFO - Setting next_dagrun for latest_only to 2023-04-27T11:27:02.483758+00:00, run_after=2023-04-27T15:27:02.483758+00:00
[2023-04-27T18:27:02.498+0300] {processor.py:175} INFO - Processing /home/vladimir/.local/lib/python3.10/site-packages/airflow/example_dags/example_latest_only.py took 0.053 seconds
[2023-04-27T18:27:44.413+0300] {processor.py:153} INFO - Started process (PID=6124) to work on /home/vladimir/.local/lib/python3.10/site-packages/airflow/example_dags/example_latest_only.py
[2023-04-27T18:27:44.414+0300] {processor.py:743} INFO - Processing file /home/vladimir/.local/lib/python3.10/site-packages/airflow/example_dags/example_latest_only.py for tasks to queue
[2023-04-27T18:27:44.414+0300] {logging_mixin.py:137} INFO - [2023-04-27T18:27:44.414+0300] {dagbag.py:532} INFO - Filling up the DagBag from /home/vladimir/.local/lib/python3.10/site-packages/airflow/example_dags/example_latest_only.py
[2023-04-27T18:27:44.424+0300] {processor.py:753} INFO - DAG(s) dict_keys(['latest_only']) retrieved from /home/vladimir/.local/lib/python3.10/site-packages/airflow/example_dags/example_latest_only.py
[2023-04-27T18:27:44.437+0300] {logging_mixin.py:137} INFO - [2023-04-27T18:27:44.437+0300] {dag.py:2705} INFO - Sync 1 DAGs
[2023-04-27T18:27:44.450+0300] {logging_mixin.py:137} INFO - [2023-04-27T18:27:44.450+0300] {dag.py:3452} INFO - Setting next_dagrun for latest_only to 2023-04-27T11:27:44.449876+00:00, run_after=2023-04-27T15:27:44.449876+00:00
[2023-04-27T18:27:44.464+0300] {processor.py:175} INFO - Processing /home/vladimir/.local/lib/python3.10/site-packages/airflow/example_dags/example_latest_only.py took 0.053 seconds
[2023-04-27T18:28:30.044+0300] {processor.py:153} INFO - Started process (PID=6191) to work on /home/vladimir/.local/lib/python3.10/site-packages/airflow/example_dags/example_latest_only.py
[2023-04-27T18:28:30.045+0300] {processor.py:743} INFO - Processing file /home/vladimir/.local/lib/python3.10/site-packages/airflow/example_dags/example_latest_only.py for tasks to queue
[2023-04-27T18:28:30.045+0300] {logging_mixin.py:137} INFO - [2023-04-27T18:28:30.045+0300] {dagbag.py:532} INFO - Filling up the DagBag from /home/vladimir/.local/lib/python3.10/site-packages/airflow/example_dags/example_latest_only.py
[2023-04-27T18:28:30.055+0300] {processor.py:753} INFO - DAG(s) dict_keys(['latest_only']) retrieved from /home/vladimir/.local/lib/python3.10/site-packages/airflow/example_dags/example_latest_only.py
[2023-04-27T18:28:30.067+0300] {logging_mixin.py:137} INFO - [2023-04-27T18:28:30.067+0300] {dag.py:2705} INFO - Sync 1 DAGs
[2023-04-27T18:28:30.080+0300] {logging_mixin.py:137} INFO - [2023-04-27T18:28:30.080+0300] {dag.py:3452} INFO - Setting next_dagrun for latest_only to 2023-04-27T11:28:30.079861+00:00, run_after=2023-04-27T15:28:30.079861+00:00
[2023-04-27T18:28:30.093+0300] {processor.py:175} INFO - Processing /home/vladimir/.local/lib/python3.10/site-packages/airflow/example_dags/example_latest_only.py took 0.051 seconds
[2023-04-27T18:29:09.978+0300] {processor.py:153} INFO - Started process (PID=6309) to work on /home/vladimir/.local/lib/python3.10/site-packages/airflow/example_dags/example_latest_only.py
[2023-04-27T18:29:09.979+0300] {processor.py:743} INFO - Processing file /home/vladimir/.local/lib/python3.10/site-packages/airflow/example_dags/example_latest_only.py for tasks to queue
[2023-04-27T18:29:09.979+0300] {logging_mixin.py:137} INFO - [2023-04-27T18:29:09.979+0300] {dagbag.py:532} INFO - Filling up the DagBag from /home/vladimir/.local/lib/python3.10/site-packages/airflow/example_dags/example_latest_only.py
[2023-04-27T18:29:09.989+0300] {processor.py:753} INFO - DAG(s) dict_keys(['latest_only']) retrieved from /home/vladimir/.local/lib/python3.10/site-packages/airflow/example_dags/example_latest_only.py
[2023-04-27T18:29:10.002+0300] {logging_mixin.py:137} INFO - [2023-04-27T18:29:10.002+0300] {dag.py:2705} INFO - Sync 1 DAGs
[2023-04-27T18:29:10.014+0300] {logging_mixin.py:137} INFO - [2023-04-27T18:29:10.014+0300] {dag.py:3452} INFO - Setting next_dagrun for latest_only to 2023-04-27T11:29:10.014555+00:00, run_after=2023-04-27T15:29:10.014555+00:00
[2023-04-27T18:29:10.029+0300] {processor.py:175} INFO - Processing /home/vladimir/.local/lib/python3.10/site-packages/airflow/example_dags/example_latest_only.py took 0.053 seconds
[2023-04-27T18:29:56.154+0300] {processor.py:153} INFO - Started process (PID=6421) to work on /home/vladimir/.local/lib/python3.10/site-packages/airflow/example_dags/example_latest_only.py
[2023-04-27T18:29:56.155+0300] {processor.py:743} INFO - Processing file /home/vladimir/.local/lib/python3.10/site-packages/airflow/example_dags/example_latest_only.py for tasks to queue
[2023-04-27T18:29:56.155+0300] {logging_mixin.py:137} INFO - [2023-04-27T18:29:56.155+0300] {dagbag.py:532} INFO - Filling up the DagBag from /home/vladimir/.local/lib/python3.10/site-packages/airflow/example_dags/example_latest_only.py
[2023-04-27T18:29:56.166+0300] {processor.py:753} INFO - DAG(s) dict_keys(['latest_only']) retrieved from /home/vladimir/.local/lib/python3.10/site-packages/airflow/example_dags/example_latest_only.py
[2023-04-27T18:29:56.181+0300] {logging_mixin.py:137} INFO - [2023-04-27T18:29:56.181+0300] {dag.py:2705} INFO - Sync 1 DAGs
[2023-04-27T18:29:56.197+0300] {logging_mixin.py:137} INFO - [2023-04-27T18:29:56.197+0300] {dag.py:3452} INFO - Setting next_dagrun for latest_only to 2023-04-27T11:29:56.196955+00:00, run_after=2023-04-27T15:29:56.196955+00:00
[2023-04-27T18:29:56.212+0300] {processor.py:175} INFO - Processing /home/vladimir/.local/lib/python3.10/site-packages/airflow/example_dags/example_latest_only.py took 0.060 seconds
[2023-04-27T18:30:43.487+0300] {processor.py:153} INFO - Started process (PID=6545) to work on /home/vladimir/.local/lib/python3.10/site-packages/airflow/example_dags/example_latest_only.py
[2023-04-27T18:30:43.488+0300] {processor.py:743} INFO - Processing file /home/vladimir/.local/lib/python3.10/site-packages/airflow/example_dags/example_latest_only.py for tasks to queue
[2023-04-27T18:30:43.488+0300] {logging_mixin.py:137} INFO - [2023-04-27T18:30:43.488+0300] {dagbag.py:532} INFO - Filling up the DagBag from /home/vladimir/.local/lib/python3.10/site-packages/airflow/example_dags/example_latest_only.py
[2023-04-27T18:30:43.499+0300] {processor.py:753} INFO - DAG(s) dict_keys(['latest_only']) retrieved from /home/vladimir/.local/lib/python3.10/site-packages/airflow/example_dags/example_latest_only.py
[2023-04-27T18:30:43.512+0300] {logging_mixin.py:137} INFO - [2023-04-27T18:30:43.512+0300] {dag.py:2705} INFO - Sync 1 DAGs
[2023-04-27T18:30:43.524+0300] {logging_mixin.py:137} INFO - [2023-04-27T18:30:43.524+0300] {dag.py:3452} INFO - Setting next_dagrun for latest_only to 2023-04-27T11:30:43.524043+00:00, run_after=2023-04-27T15:30:43.524043+00:00
[2023-04-27T18:30:43.538+0300] {processor.py:175} INFO - Processing /home/vladimir/.local/lib/python3.10/site-packages/airflow/example_dags/example_latest_only.py took 0.054 seconds
[2023-04-27T18:31:21.189+0300] {processor.py:153} INFO - Started process (PID=6615) to work on /home/vladimir/.local/lib/python3.10/site-packages/airflow/example_dags/example_latest_only.py
[2023-04-27T18:31:21.190+0300] {processor.py:743} INFO - Processing file /home/vladimir/.local/lib/python3.10/site-packages/airflow/example_dags/example_latest_only.py for tasks to queue
[2023-04-27T18:31:21.191+0300] {logging_mixin.py:137} INFO - [2023-04-27T18:31:21.190+0300] {dagbag.py:532} INFO - Filling up the DagBag from /home/vladimir/.local/lib/python3.10/site-packages/airflow/example_dags/example_latest_only.py
[2023-04-27T18:31:21.200+0300] {processor.py:753} INFO - DAG(s) dict_keys(['latest_only']) retrieved from /home/vladimir/.local/lib/python3.10/site-packages/airflow/example_dags/example_latest_only.py
[2023-04-27T18:31:21.213+0300] {logging_mixin.py:137} INFO - [2023-04-27T18:31:21.213+0300] {dag.py:2705} INFO - Sync 1 DAGs
[2023-04-27T18:31:21.224+0300] {logging_mixin.py:137} INFO - [2023-04-27T18:31:21.224+0300] {dag.py:3452} INFO - Setting next_dagrun for latest_only to 2023-04-27T11:31:21.224548+00:00, run_after=2023-04-27T15:31:21.224548+00:00
[2023-04-27T18:31:21.240+0300] {processor.py:175} INFO - Processing /home/vladimir/.local/lib/python3.10/site-packages/airflow/example_dags/example_latest_only.py took 0.053 seconds
[2023-04-27T18:32:00.979+0300] {processor.py:153} INFO - Started process (PID=6682) to work on /home/vladimir/.local/lib/python3.10/site-packages/airflow/example_dags/example_latest_only.py
[2023-04-27T18:32:00.980+0300] {processor.py:743} INFO - Processing file /home/vladimir/.local/lib/python3.10/site-packages/airflow/example_dags/example_latest_only.py for tasks to queue
[2023-04-27T18:32:00.980+0300] {logging_mixin.py:137} INFO - [2023-04-27T18:32:00.980+0300] {dagbag.py:532} INFO - Filling up the DagBag from /home/vladimir/.local/lib/python3.10/site-packages/airflow/example_dags/example_latest_only.py
[2023-04-27T18:32:00.992+0300] {processor.py:753} INFO - DAG(s) dict_keys(['latest_only']) retrieved from /home/vladimir/.local/lib/python3.10/site-packages/airflow/example_dags/example_latest_only.py
[2023-04-27T18:32:01.006+0300] {logging_mixin.py:137} INFO - [2023-04-27T18:32:01.005+0300] {dag.py:2705} INFO - Sync 1 DAGs
[2023-04-27T18:32:01.018+0300] {logging_mixin.py:137} INFO - [2023-04-27T18:32:01.018+0300] {dag.py:3452} INFO - Setting next_dagrun for latest_only to 2023-04-27T11:32:01.018141+00:00, run_after=2023-04-27T15:32:01.018141+00:00
[2023-04-27T18:32:01.032+0300] {processor.py:175} INFO - Processing /home/vladimir/.local/lib/python3.10/site-packages/airflow/example_dags/example_latest_only.py took 0.055 seconds
[2023-04-27T18:32:37.043+0300] {processor.py:153} INFO - Started process (PID=6747) to work on /home/vladimir/.local/lib/python3.10/site-packages/airflow/example_dags/example_latest_only.py
[2023-04-27T18:32:37.045+0300] {processor.py:743} INFO - Processing file /home/vladimir/.local/lib/python3.10/site-packages/airflow/example_dags/example_latest_only.py for tasks to queue
[2023-04-27T18:32:37.046+0300] {logging_mixin.py:137} INFO - [2023-04-27T18:32:37.046+0300] {dagbag.py:532} INFO - Filling up the DagBag from /home/vladimir/.local/lib/python3.10/site-packages/airflow/example_dags/example_latest_only.py
[2023-04-27T18:32:37.057+0300] {processor.py:753} INFO - DAG(s) dict_keys(['latest_only']) retrieved from /home/vladimir/.local/lib/python3.10/site-packages/airflow/example_dags/example_latest_only.py
[2023-04-27T18:32:37.079+0300] {logging_mixin.py:137} INFO - [2023-04-27T18:32:37.079+0300] {dag.py:2705} INFO - Sync 1 DAGs
[2023-04-27T18:32:37.095+0300] {logging_mixin.py:137} INFO - [2023-04-27T18:32:37.094+0300] {dag.py:3452} INFO - Setting next_dagrun for latest_only to 2023-04-27T11:32:37.094761+00:00, run_after=2023-04-27T15:32:37.094761+00:00
[2023-04-27T18:32:37.112+0300] {processor.py:175} INFO - Processing /home/vladimir/.local/lib/python3.10/site-packages/airflow/example_dags/example_latest_only.py took 0.071 seconds
[2023-04-27T18:33:14.423+0300] {processor.py:153} INFO - Started process (PID=6891) to work on /home/vladimir/.local/lib/python3.10/site-packages/airflow/example_dags/example_latest_only.py
[2023-04-27T18:33:14.424+0300] {processor.py:743} INFO - Processing file /home/vladimir/.local/lib/python3.10/site-packages/airflow/example_dags/example_latest_only.py for tasks to queue
[2023-04-27T18:33:14.424+0300] {logging_mixin.py:137} INFO - [2023-04-27T18:33:14.424+0300] {dagbag.py:532} INFO - Filling up the DagBag from /home/vladimir/.local/lib/python3.10/site-packages/airflow/example_dags/example_latest_only.py
[2023-04-27T18:33:14.435+0300] {processor.py:753} INFO - DAG(s) dict_keys(['latest_only']) retrieved from /home/vladimir/.local/lib/python3.10/site-packages/airflow/example_dags/example_latest_only.py
[2023-04-27T18:33:14.449+0300] {logging_mixin.py:137} INFO - [2023-04-27T18:33:14.449+0300] {dag.py:2705} INFO - Sync 1 DAGs
[2023-04-27T18:33:14.462+0300] {logging_mixin.py:137} INFO - [2023-04-27T18:33:14.462+0300] {dag.py:3452} INFO - Setting next_dagrun for latest_only to 2023-04-27T11:33:14.462151+00:00, run_after=2023-04-27T15:33:14.462151+00:00
[2023-04-27T18:33:14.476+0300] {processor.py:175} INFO - Processing /home/vladimir/.local/lib/python3.10/site-packages/airflow/example_dags/example_latest_only.py took 0.055 seconds
[2023-04-27T18:33:57.853+0300] {processor.py:153} INFO - Started process (PID=6957) to work on /home/vladimir/.local/lib/python3.10/site-packages/airflow/example_dags/example_latest_only.py
[2023-04-27T18:33:57.854+0300] {processor.py:743} INFO - Processing file /home/vladimir/.local/lib/python3.10/site-packages/airflow/example_dags/example_latest_only.py for tasks to queue
[2023-04-27T18:33:57.854+0300] {logging_mixin.py:137} INFO - [2023-04-27T18:33:57.854+0300] {dagbag.py:532} INFO - Filling up the DagBag from /home/vladimir/.local/lib/python3.10/site-packages/airflow/example_dags/example_latest_only.py
[2023-04-27T18:33:57.864+0300] {processor.py:753} INFO - DAG(s) dict_keys(['latest_only']) retrieved from /home/vladimir/.local/lib/python3.10/site-packages/airflow/example_dags/example_latest_only.py
[2023-04-27T18:33:57.877+0300] {logging_mixin.py:137} INFO - [2023-04-27T18:33:57.877+0300] {dag.py:2705} INFO - Sync 1 DAGs
[2023-04-27T18:33:57.891+0300] {logging_mixin.py:137} INFO - [2023-04-27T18:33:57.891+0300] {dag.py:3452} INFO - Setting next_dagrun for latest_only to 2023-04-27T11:33:57.891361+00:00, run_after=2023-04-27T15:33:57.891361+00:00
[2023-04-27T18:33:57.905+0300] {processor.py:175} INFO - Processing /home/vladimir/.local/lib/python3.10/site-packages/airflow/example_dags/example_latest_only.py took 0.054 seconds
[2023-04-27T18:34:42.875+0300] {processor.py:153} INFO - Started process (PID=7050) to work on /home/vladimir/.local/lib/python3.10/site-packages/airflow/example_dags/example_latest_only.py
[2023-04-27T18:34:42.876+0300] {processor.py:743} INFO - Processing file /home/vladimir/.local/lib/python3.10/site-packages/airflow/example_dags/example_latest_only.py for tasks to queue
[2023-04-27T18:34:42.876+0300] {logging_mixin.py:137} INFO - [2023-04-27T18:34:42.876+0300] {dagbag.py:532} INFO - Filling up the DagBag from /home/vladimir/.local/lib/python3.10/site-packages/airflow/example_dags/example_latest_only.py
[2023-04-27T18:34:42.885+0300] {processor.py:753} INFO - DAG(s) dict_keys(['latest_only']) retrieved from /home/vladimir/.local/lib/python3.10/site-packages/airflow/example_dags/example_latest_only.py
[2023-04-27T18:34:42.898+0300] {logging_mixin.py:137} INFO - [2023-04-27T18:34:42.898+0300] {dag.py:2705} INFO - Sync 1 DAGs
[2023-04-27T18:34:42.910+0300] {logging_mixin.py:137} INFO - [2023-04-27T18:34:42.910+0300] {dag.py:3452} INFO - Setting next_dagrun for latest_only to 2023-04-27T11:34:42.910116+00:00, run_after=2023-04-27T15:34:42.910116+00:00
[2023-04-27T18:34:42.922+0300] {processor.py:175} INFO - Processing /home/vladimir/.local/lib/python3.10/site-packages/airflow/example_dags/example_latest_only.py took 0.049 seconds
[2023-04-27T18:35:19.134+0300] {processor.py:153} INFO - Started process (PID=7364) to work on /home/vladimir/.local/lib/python3.10/site-packages/airflow/example_dags/example_latest_only.py
[2023-04-27T18:35:19.135+0300] {processor.py:743} INFO - Processing file /home/vladimir/.local/lib/python3.10/site-packages/airflow/example_dags/example_latest_only.py for tasks to queue
[2023-04-27T18:35:19.135+0300] {logging_mixin.py:137} INFO - [2023-04-27T18:35:19.135+0300] {dagbag.py:532} INFO - Filling up the DagBag from /home/vladimir/.local/lib/python3.10/site-packages/airflow/example_dags/example_latest_only.py
[2023-04-27T18:35:19.145+0300] {processor.py:753} INFO - DAG(s) dict_keys(['latest_only']) retrieved from /home/vladimir/.local/lib/python3.10/site-packages/airflow/example_dags/example_latest_only.py
[2023-04-27T18:35:19.159+0300] {logging_mixin.py:137} INFO - [2023-04-27T18:35:19.159+0300] {dag.py:2705} INFO - Sync 1 DAGs
[2023-04-27T18:35:19.171+0300] {logging_mixin.py:137} INFO - [2023-04-27T18:35:19.171+0300] {dag.py:3452} INFO - Setting next_dagrun for latest_only to 2023-04-27T11:35:19.171253+00:00, run_after=2023-04-27T15:35:19.171253+00:00
[2023-04-27T18:35:19.184+0300] {processor.py:175} INFO - Processing /home/vladimir/.local/lib/python3.10/site-packages/airflow/example_dags/example_latest_only.py took 0.052 seconds
[2023-04-27T18:35:57.241+0300] {processor.py:153} INFO - Started process (PID=7487) to work on /home/vladimir/.local/lib/python3.10/site-packages/airflow/example_dags/example_latest_only.py
[2023-04-27T18:35:57.243+0300] {processor.py:743} INFO - Processing file /home/vladimir/.local/lib/python3.10/site-packages/airflow/example_dags/example_latest_only.py for tasks to queue
[2023-04-27T18:35:57.243+0300] {logging_mixin.py:137} INFO - [2023-04-27T18:35:57.243+0300] {dagbag.py:532} INFO - Filling up the DagBag from /home/vladimir/.local/lib/python3.10/site-packages/airflow/example_dags/example_latest_only.py
[2023-04-27T18:35:57.255+0300] {processor.py:753} INFO - DAG(s) dict_keys(['latest_only']) retrieved from /home/vladimir/.local/lib/python3.10/site-packages/airflow/example_dags/example_latest_only.py
[2023-04-27T18:35:57.272+0300] {logging_mixin.py:137} INFO - [2023-04-27T18:35:57.271+0300] {dag.py:2705} INFO - Sync 1 DAGs
[2023-04-27T18:35:57.287+0300] {logging_mixin.py:137} INFO - [2023-04-27T18:35:57.287+0300] {dag.py:3452} INFO - Setting next_dagrun for latest_only to 2023-04-27T11:35:57.287110+00:00, run_after=2023-04-27T15:35:57.287110+00:00
[2023-04-27T18:35:57.302+0300] {processor.py:175} INFO - Processing /home/vladimir/.local/lib/python3.10/site-packages/airflow/example_dags/example_latest_only.py took 0.064 seconds
[2023-04-27T18:36:42.583+0300] {processor.py:153} INFO - Started process (PID=7568) to work on /home/vladimir/.local/lib/python3.10/site-packages/airflow/example_dags/example_latest_only.py
[2023-04-27T18:36:42.584+0300] {processor.py:743} INFO - Processing file /home/vladimir/.local/lib/python3.10/site-packages/airflow/example_dags/example_latest_only.py for tasks to queue
[2023-04-27T18:36:42.585+0300] {logging_mixin.py:137} INFO - [2023-04-27T18:36:42.585+0300] {dagbag.py:532} INFO - Filling up the DagBag from /home/vladimir/.local/lib/python3.10/site-packages/airflow/example_dags/example_latest_only.py
[2023-04-27T18:36:42.595+0300] {processor.py:753} INFO - DAG(s) dict_keys(['latest_only']) retrieved from /home/vladimir/.local/lib/python3.10/site-packages/airflow/example_dags/example_latest_only.py
[2023-04-27T18:36:42.608+0300] {logging_mixin.py:137} INFO - [2023-04-27T18:36:42.608+0300] {dag.py:2705} INFO - Sync 1 DAGs
[2023-04-27T18:36:42.626+0300] {logging_mixin.py:137} INFO - [2023-04-27T18:36:42.626+0300] {dag.py:3452} INFO - Setting next_dagrun for latest_only to 2023-04-27T11:36:42.626193+00:00, run_after=2023-04-27T15:36:42.626193+00:00
[2023-04-27T18:36:42.638+0300] {processor.py:175} INFO - Processing /home/vladimir/.local/lib/python3.10/site-packages/airflow/example_dags/example_latest_only.py took 0.057 seconds
[2023-04-27T18:37:20.852+0300] {processor.py:153} INFO - Started process (PID=7652) to work on /home/vladimir/.local/lib/python3.10/site-packages/airflow/example_dags/example_latest_only.py
[2023-04-27T18:37:20.853+0300] {processor.py:743} INFO - Processing file /home/vladimir/.local/lib/python3.10/site-packages/airflow/example_dags/example_latest_only.py for tasks to queue
[2023-04-27T18:37:20.853+0300] {logging_mixin.py:137} INFO - [2023-04-27T18:37:20.853+0300] {dagbag.py:532} INFO - Filling up the DagBag from /home/vladimir/.local/lib/python3.10/site-packages/airflow/example_dags/example_latest_only.py
[2023-04-27T18:37:20.863+0300] {processor.py:753} INFO - DAG(s) dict_keys(['latest_only']) retrieved from /home/vladimir/.local/lib/python3.10/site-packages/airflow/example_dags/example_latest_only.py
[2023-04-27T18:37:20.876+0300] {logging_mixin.py:137} INFO - [2023-04-27T18:37:20.876+0300] {dag.py:2705} INFO - Sync 1 DAGs
[2023-04-27T18:37:20.889+0300] {logging_mixin.py:137} INFO - [2023-04-27T18:37:20.889+0300] {dag.py:3452} INFO - Setting next_dagrun for latest_only to 2023-04-27T11:37:20.889042+00:00, run_after=2023-04-27T15:37:20.889042+00:00
[2023-04-27T18:37:20.902+0300] {processor.py:175} INFO - Processing /home/vladimir/.local/lib/python3.10/site-packages/airflow/example_dags/example_latest_only.py took 0.053 seconds
[2023-04-27T18:37:57.198+0300] {processor.py:153} INFO - Started process (PID=7704) to work on /home/vladimir/.local/lib/python3.10/site-packages/airflow/example_dags/example_latest_only.py
[2023-04-27T18:37:57.199+0300] {processor.py:743} INFO - Processing file /home/vladimir/.local/lib/python3.10/site-packages/airflow/example_dags/example_latest_only.py for tasks to queue
[2023-04-27T18:37:57.200+0300] {logging_mixin.py:137} INFO - [2023-04-27T18:37:57.200+0300] {dagbag.py:532} INFO - Filling up the DagBag from /home/vladimir/.local/lib/python3.10/site-packages/airflow/example_dags/example_latest_only.py
[2023-04-27T18:37:57.209+0300] {processor.py:753} INFO - DAG(s) dict_keys(['latest_only']) retrieved from /home/vladimir/.local/lib/python3.10/site-packages/airflow/example_dags/example_latest_only.py
[2023-04-27T18:37:57.222+0300] {logging_mixin.py:137} INFO - [2023-04-27T18:37:57.222+0300] {dag.py:2705} INFO - Sync 1 DAGs
[2023-04-27T18:37:57.234+0300] {logging_mixin.py:137} INFO - [2023-04-27T18:37:57.234+0300] {dag.py:3452} INFO - Setting next_dagrun for latest_only to 2023-04-27T11:37:57.234149+00:00, run_after=2023-04-27T15:37:57.234149+00:00
[2023-04-27T18:37:57.247+0300] {processor.py:175} INFO - Processing /home/vladimir/.local/lib/python3.10/site-packages/airflow/example_dags/example_latest_only.py took 0.051 seconds
[2023-04-27T18:38:43.377+0300] {processor.py:153} INFO - Started process (PID=8050) to work on /home/vladimir/.local/lib/python3.10/site-packages/airflow/example_dags/example_latest_only.py
[2023-04-27T18:38:43.378+0300] {processor.py:743} INFO - Processing file /home/vladimir/.local/lib/python3.10/site-packages/airflow/example_dags/example_latest_only.py for tasks to queue
[2023-04-27T18:38:43.378+0300] {logging_mixin.py:137} INFO - [2023-04-27T18:38:43.378+0300] {dagbag.py:532} INFO - Filling up the DagBag from /home/vladimir/.local/lib/python3.10/site-packages/airflow/example_dags/example_latest_only.py
[2023-04-27T18:38:43.389+0300] {processor.py:753} INFO - DAG(s) dict_keys(['latest_only']) retrieved from /home/vladimir/.local/lib/python3.10/site-packages/airflow/example_dags/example_latest_only.py
[2023-04-27T18:38:43.403+0300] {logging_mixin.py:137} INFO - [2023-04-27T18:38:43.402+0300] {dag.py:2705} INFO - Sync 1 DAGs
[2023-04-27T18:38:43.414+0300] {logging_mixin.py:137} INFO - [2023-04-27T18:38:43.414+0300] {dag.py:3452} INFO - Setting next_dagrun for latest_only to 2023-04-27T11:38:43.414608+00:00, run_after=2023-04-27T15:38:43.414608+00:00
[2023-04-27T18:38:43.427+0300] {processor.py:175} INFO - Processing /home/vladimir/.local/lib/python3.10/site-packages/airflow/example_dags/example_latest_only.py took 0.053 seconds
[2023-04-27T18:39:23.408+0300] {processor.py:153} INFO - Started process (PID=8120) to work on /home/vladimir/.local/lib/python3.10/site-packages/airflow/example_dags/example_latest_only.py
[2023-04-27T18:39:23.409+0300] {processor.py:743} INFO - Processing file /home/vladimir/.local/lib/python3.10/site-packages/airflow/example_dags/example_latest_only.py for tasks to queue
[2023-04-27T18:39:23.409+0300] {logging_mixin.py:137} INFO - [2023-04-27T18:39:23.409+0300] {dagbag.py:532} INFO - Filling up the DagBag from /home/vladimir/.local/lib/python3.10/site-packages/airflow/example_dags/example_latest_only.py
[2023-04-27T18:39:23.420+0300] {processor.py:753} INFO - DAG(s) dict_keys(['latest_only']) retrieved from /home/vladimir/.local/lib/python3.10/site-packages/airflow/example_dags/example_latest_only.py
[2023-04-27T18:39:23.433+0300] {logging_mixin.py:137} INFO - [2023-04-27T18:39:23.433+0300] {dag.py:2705} INFO - Sync 1 DAGs
[2023-04-27T18:39:23.445+0300] {logging_mixin.py:137} INFO - [2023-04-27T18:39:23.445+0300] {dag.py:3452} INFO - Setting next_dagrun for latest_only to 2023-04-27T11:39:23.445385+00:00, run_after=2023-04-27T15:39:23.445385+00:00
[2023-04-27T18:39:23.459+0300] {processor.py:175} INFO - Processing /home/vladimir/.local/lib/python3.10/site-packages/airflow/example_dags/example_latest_only.py took 0.053 seconds
[2023-04-27T18:40:01.145+0300] {processor.py:153} INFO - Started process (PID=8207) to work on /home/vladimir/.local/lib/python3.10/site-packages/airflow/example_dags/example_latest_only.py
[2023-04-27T18:40:01.146+0300] {processor.py:743} INFO - Processing file /home/vladimir/.local/lib/python3.10/site-packages/airflow/example_dags/example_latest_only.py for tasks to queue
[2023-04-27T18:40:01.146+0300] {logging_mixin.py:137} INFO - [2023-04-27T18:40:01.146+0300] {dagbag.py:532} INFO - Filling up the DagBag from /home/vladimir/.local/lib/python3.10/site-packages/airflow/example_dags/example_latest_only.py
[2023-04-27T18:40:01.156+0300] {processor.py:753} INFO - DAG(s) dict_keys(['latest_only']) retrieved from /home/vladimir/.local/lib/python3.10/site-packages/airflow/example_dags/example_latest_only.py
[2023-04-27T18:40:01.170+0300] {logging_mixin.py:137} INFO - [2023-04-27T18:40:01.170+0300] {dag.py:2705} INFO - Sync 1 DAGs
[2023-04-27T18:40:01.183+0300] {logging_mixin.py:137} INFO - [2023-04-27T18:40:01.183+0300] {dag.py:3452} INFO - Setting next_dagrun for latest_only to 2023-04-27T11:40:01.182910+00:00, run_after=2023-04-27T15:40:01.182910+00:00
[2023-04-27T18:40:01.195+0300] {processor.py:175} INFO - Processing /home/vladimir/.local/lib/python3.10/site-packages/airflow/example_dags/example_latest_only.py took 0.052 seconds
[2023-04-27T18:40:38.490+0300] {processor.py:153} INFO - Started process (PID=8326) to work on /home/vladimir/.local/lib/python3.10/site-packages/airflow/example_dags/example_latest_only.py
[2023-04-27T18:40:38.491+0300] {processor.py:743} INFO - Processing file /home/vladimir/.local/lib/python3.10/site-packages/airflow/example_dags/example_latest_only.py for tasks to queue
[2023-04-27T18:40:38.491+0300] {logging_mixin.py:137} INFO - [2023-04-27T18:40:38.491+0300] {dagbag.py:532} INFO - Filling up the DagBag from /home/vladimir/.local/lib/python3.10/site-packages/airflow/example_dags/example_latest_only.py
[2023-04-27T18:40:38.501+0300] {processor.py:753} INFO - DAG(s) dict_keys(['latest_only']) retrieved from /home/vladimir/.local/lib/python3.10/site-packages/airflow/example_dags/example_latest_only.py
[2023-04-27T18:40:38.515+0300] {logging_mixin.py:137} INFO - [2023-04-27T18:40:38.515+0300] {dag.py:2705} INFO - Sync 1 DAGs
[2023-04-27T18:40:38.528+0300] {logging_mixin.py:137} INFO - [2023-04-27T18:40:38.527+0300] {dag.py:3452} INFO - Setting next_dagrun for latest_only to 2023-04-27T11:40:38.527802+00:00, run_after=2023-04-27T15:40:38.527802+00:00
[2023-04-27T18:40:38.541+0300] {processor.py:175} INFO - Processing /home/vladimir/.local/lib/python3.10/site-packages/airflow/example_dags/example_latest_only.py took 0.053 seconds
[2023-04-27T18:41:22.333+0300] {processor.py:153} INFO - Started process (PID=3087) to work on /home/vladimir/.local/lib/python3.10/site-packages/airflow/example_dags/example_latest_only.py
[2023-04-27T18:41:22.334+0300] {processor.py:743} INFO - Processing file /home/vladimir/.local/lib/python3.10/site-packages/airflow/example_dags/example_latest_only.py for tasks to queue
[2023-04-27T18:41:22.334+0300] {logging_mixin.py:137} INFO - [2023-04-27T18:41:22.334+0300] {dagbag.py:532} INFO - Filling up the DagBag from /home/vladimir/.local/lib/python3.10/site-packages/airflow/example_dags/example_latest_only.py
[2023-04-27T18:41:22.344+0300] {processor.py:753} INFO - DAG(s) dict_keys(['latest_only']) retrieved from /home/vladimir/.local/lib/python3.10/site-packages/airflow/example_dags/example_latest_only.py
[2023-04-27T18:41:22.359+0300] {logging_mixin.py:137} INFO - [2023-04-27T18:41:22.359+0300] {dag.py:2705} INFO - Sync 1 DAGs
[2023-04-27T18:41:22.373+0300] {logging_mixin.py:137} INFO - [2023-04-27T18:41:22.373+0300] {dag.py:3452} INFO - Setting next_dagrun for latest_only to 2023-04-27T11:41:22.373006+00:00, run_after=2023-04-27T15:41:22.373006+00:00
[2023-04-27T18:41:22.385+0300] {processor.py:175} INFO - Processing /home/vladimir/.local/lib/python3.10/site-packages/airflow/example_dags/example_latest_only.py took 0.056 seconds
[2023-04-27T18:42:02.259+0300] {processor.py:153} INFO - Started process (PID=3570) to work on /home/vladimir/.local/lib/python3.10/site-packages/airflow/example_dags/example_latest_only.py
[2023-04-27T18:42:02.260+0300] {processor.py:743} INFO - Processing file /home/vladimir/.local/lib/python3.10/site-packages/airflow/example_dags/example_latest_only.py for tasks to queue
[2023-04-27T18:42:02.260+0300] {logging_mixin.py:137} INFO - [2023-04-27T18:42:02.260+0300] {dagbag.py:532} INFO - Filling up the DagBag from /home/vladimir/.local/lib/python3.10/site-packages/airflow/example_dags/example_latest_only.py
[2023-04-27T18:42:02.272+0300] {processor.py:753} INFO - DAG(s) dict_keys(['latest_only']) retrieved from /home/vladimir/.local/lib/python3.10/site-packages/airflow/example_dags/example_latest_only.py
[2023-04-27T18:42:02.285+0300] {logging_mixin.py:137} INFO - [2023-04-27T18:42:02.284+0300] {dag.py:2705} INFO - Sync 1 DAGs
[2023-04-27T18:42:02.299+0300] {logging_mixin.py:137} INFO - [2023-04-27T18:42:02.299+0300] {dag.py:3452} INFO - Setting next_dagrun for latest_only to 2023-04-27T11:42:02.299028+00:00, run_after=2023-04-27T15:42:02.299028+00:00
[2023-04-27T18:42:02.311+0300] {processor.py:175} INFO - Processing /home/vladimir/.local/lib/python3.10/site-packages/airflow/example_dags/example_latest_only.py took 0.054 seconds
[2023-04-27T18:42:44.376+0300] {processor.py:153} INFO - Started process (PID=4522) to work on /home/vladimir/.local/lib/python3.10/site-packages/airflow/example_dags/example_latest_only.py
[2023-04-27T18:42:44.377+0300] {processor.py:743} INFO - Processing file /home/vladimir/.local/lib/python3.10/site-packages/airflow/example_dags/example_latest_only.py for tasks to queue
[2023-04-27T18:42:44.377+0300] {logging_mixin.py:137} INFO - [2023-04-27T18:42:44.377+0300] {dagbag.py:532} INFO - Filling up the DagBag from /home/vladimir/.local/lib/python3.10/site-packages/airflow/example_dags/example_latest_only.py
[2023-04-27T18:42:44.387+0300] {processor.py:753} INFO - DAG(s) dict_keys(['latest_only']) retrieved from /home/vladimir/.local/lib/python3.10/site-packages/airflow/example_dags/example_latest_only.py
[2023-04-27T18:42:44.400+0300] {logging_mixin.py:137} INFO - [2023-04-27T18:42:44.400+0300] {dag.py:2705} INFO - Sync 1 DAGs
[2023-04-27T18:42:44.412+0300] {logging_mixin.py:137} INFO - [2023-04-27T18:42:44.412+0300] {dag.py:3452} INFO - Setting next_dagrun for latest_only to 2023-04-27T11:42:44.412262+00:00, run_after=2023-04-27T15:42:44.412262+00:00
[2023-04-27T18:42:44.425+0300] {processor.py:175} INFO - Processing /home/vladimir/.local/lib/python3.10/site-packages/airflow/example_dags/example_latest_only.py took 0.052 seconds
[2023-04-27T18:43:24.888+0300] {processor.py:153} INFO - Started process (PID=5197) to work on /home/vladimir/.local/lib/python3.10/site-packages/airflow/example_dags/example_latest_only.py
[2023-04-27T18:43:24.889+0300] {processor.py:743} INFO - Processing file /home/vladimir/.local/lib/python3.10/site-packages/airflow/example_dags/example_latest_only.py for tasks to queue
[2023-04-27T18:43:24.890+0300] {logging_mixin.py:137} INFO - [2023-04-27T18:43:24.890+0300] {dagbag.py:532} INFO - Filling up the DagBag from /home/vladimir/.local/lib/python3.10/site-packages/airflow/example_dags/example_latest_only.py
[2023-04-27T18:43:24.904+0300] {processor.py:753} INFO - DAG(s) dict_keys(['latest_only']) retrieved from /home/vladimir/.local/lib/python3.10/site-packages/airflow/example_dags/example_latest_only.py
[2023-04-27T18:43:24.926+0300] {logging_mixin.py:137} INFO - [2023-04-27T18:43:24.925+0300] {dag.py:2705} INFO - Sync 1 DAGs
[2023-04-27T18:43:24.946+0300] {logging_mixin.py:137} INFO - [2023-04-27T18:43:24.946+0300] {dag.py:3452} INFO - Setting next_dagrun for latest_only to 2023-04-27T11:43:24.946339+00:00, run_after=2023-04-27T15:43:24.946339+00:00
[2023-04-27T18:43:24.974+0300] {processor.py:175} INFO - Processing /home/vladimir/.local/lib/python3.10/site-packages/airflow/example_dags/example_latest_only.py took 0.089 seconds
[2023-04-27T18:44:11.859+0300] {processor.py:153} INFO - Started process (PID=8052) to work on /home/vladimir/.local/lib/python3.10/site-packages/airflow/example_dags/example_latest_only.py
[2023-04-27T18:44:11.861+0300] {processor.py:743} INFO - Processing file /home/vladimir/.local/lib/python3.10/site-packages/airflow/example_dags/example_latest_only.py for tasks to queue
[2023-04-27T18:44:11.862+0300] {logging_mixin.py:137} INFO - [2023-04-27T18:44:11.861+0300] {dagbag.py:532} INFO - Filling up the DagBag from /home/vladimir/.local/lib/python3.10/site-packages/airflow/example_dags/example_latest_only.py
[2023-04-27T18:44:11.882+0300] {processor.py:753} INFO - DAG(s) dict_keys(['latest_only']) retrieved from /home/vladimir/.local/lib/python3.10/site-packages/airflow/example_dags/example_latest_only.py
[2023-04-27T18:44:11.906+0300] {logging_mixin.py:137} INFO - [2023-04-27T18:44:11.906+0300] {dag.py:2705} INFO - Sync 1 DAGs
[2023-04-27T18:44:11.942+0300] {logging_mixin.py:137} INFO - [2023-04-27T18:44:11.942+0300] {dag.py:3452} INFO - Setting next_dagrun for latest_only to 2023-04-27T11:44:11.942282+00:00, run_after=2023-04-27T15:44:11.942282+00:00
[2023-04-27T18:44:11.968+0300] {processor.py:175} INFO - Processing /home/vladimir/.local/lib/python3.10/site-packages/airflow/example_dags/example_latest_only.py took 0.111 seconds
[2023-04-27T18:44:53.705+0300] {processor.py:153} INFO - Started process (PID=9329) to work on /home/vladimir/.local/lib/python3.10/site-packages/airflow/example_dags/example_latest_only.py
[2023-04-27T18:44:53.706+0300] {processor.py:743} INFO - Processing file /home/vladimir/.local/lib/python3.10/site-packages/airflow/example_dags/example_latest_only.py for tasks to queue
[2023-04-27T18:44:53.706+0300] {logging_mixin.py:137} INFO - [2023-04-27T18:44:53.706+0300] {dagbag.py:532} INFO - Filling up the DagBag from /home/vladimir/.local/lib/python3.10/site-packages/airflow/example_dags/example_latest_only.py
[2023-04-27T18:44:53.715+0300] {processor.py:753} INFO - DAG(s) dict_keys(['latest_only']) retrieved from /home/vladimir/.local/lib/python3.10/site-packages/airflow/example_dags/example_latest_only.py
[2023-04-27T18:44:53.729+0300] {logging_mixin.py:137} INFO - [2023-04-27T18:44:53.729+0300] {dag.py:2705} INFO - Sync 1 DAGs
[2023-04-27T18:44:53.743+0300] {logging_mixin.py:137} INFO - [2023-04-27T18:44:53.743+0300] {dag.py:3452} INFO - Setting next_dagrun for latest_only to 2023-04-27T11:44:53.743435+00:00, run_after=2023-04-27T15:44:53.743435+00:00
[2023-04-27T18:44:53.757+0300] {processor.py:175} INFO - Processing /home/vladimir/.local/lib/python3.10/site-packages/airflow/example_dags/example_latest_only.py took 0.055 seconds
[2023-04-27T18:45:36.303+0300] {processor.py:153} INFO - Started process (PID=11512) to work on /home/vladimir/.local/lib/python3.10/site-packages/airflow/example_dags/example_latest_only.py
[2023-04-27T18:45:36.313+0300] {processor.py:743} INFO - Processing file /home/vladimir/.local/lib/python3.10/site-packages/airflow/example_dags/example_latest_only.py for tasks to queue
[2023-04-27T18:45:36.313+0300] {logging_mixin.py:137} INFO - [2023-04-27T18:45:36.313+0300] {dagbag.py:532} INFO - Filling up the DagBag from /home/vladimir/.local/lib/python3.10/site-packages/airflow/example_dags/example_latest_only.py
[2023-04-27T18:45:36.340+0300] {processor.py:753} INFO - DAG(s) dict_keys(['latest_only']) retrieved from /home/vladimir/.local/lib/python3.10/site-packages/airflow/example_dags/example_latest_only.py
[2023-04-27T18:45:36.356+0300] {logging_mixin.py:137} INFO - [2023-04-27T18:45:36.355+0300] {dag.py:2705} INFO - Sync 1 DAGs
[2023-04-27T18:45:36.382+0300] {logging_mixin.py:137} INFO - [2023-04-27T18:45:36.382+0300] {dag.py:3452} INFO - Setting next_dagrun for latest_only to 2023-04-27T11:45:36.382298+00:00, run_after=2023-04-27T15:45:36.382298+00:00
[2023-04-27T18:45:36.401+0300] {processor.py:175} INFO - Processing /home/vladimir/.local/lib/python3.10/site-packages/airflow/example_dags/example_latest_only.py took 0.100 seconds
[2023-04-27T18:46:58.323+0300] {processor.py:153} INFO - Started process (PID=2850) to work on /home/vladimir/.local/lib/python3.10/site-packages/airflow/example_dags/example_latest_only.py
[2023-04-27T18:46:58.324+0300] {processor.py:743} INFO - Processing file /home/vladimir/.local/lib/python3.10/site-packages/airflow/example_dags/example_latest_only.py for tasks to queue
[2023-04-27T18:46:58.325+0300] {logging_mixin.py:137} INFO - [2023-04-27T18:46:58.325+0300] {dagbag.py:532} INFO - Filling up the DagBag from /home/vladimir/.local/lib/python3.10/site-packages/airflow/example_dags/example_latest_only.py
[2023-04-27T18:46:58.337+0300] {processor.py:753} INFO - DAG(s) dict_keys(['latest_only']) retrieved from /home/vladimir/.local/lib/python3.10/site-packages/airflow/example_dags/example_latest_only.py
[2023-04-27T18:46:58.357+0300] {logging_mixin.py:137} INFO - [2023-04-27T18:46:58.357+0300] {dag.py:2705} INFO - Sync 1 DAGs
[2023-04-27T18:46:58.372+0300] {logging_mixin.py:137} INFO - [2023-04-27T18:46:58.372+0300] {dag.py:3452} INFO - Setting next_dagrun for latest_only to 2023-04-27T11:46:58.372529+00:00, run_after=2023-04-27T15:46:58.372529+00:00
[2023-04-27T18:46:58.387+0300] {processor.py:175} INFO - Processing /home/vladimir/.local/lib/python3.10/site-packages/airflow/example_dags/example_latest_only.py took 0.067 seconds
[2023-04-27T18:47:39.179+0300] {processor.py:153} INFO - Started process (PID=3811) to work on /home/vladimir/.local/lib/python3.10/site-packages/airflow/example_dags/example_latest_only.py
[2023-04-27T18:47:39.180+0300] {processor.py:743} INFO - Processing file /home/vladimir/.local/lib/python3.10/site-packages/airflow/example_dags/example_latest_only.py for tasks to queue
[2023-04-27T18:47:39.180+0300] {logging_mixin.py:137} INFO - [2023-04-27T18:47:39.180+0300] {dagbag.py:532} INFO - Filling up the DagBag from /home/vladimir/.local/lib/python3.10/site-packages/airflow/example_dags/example_latest_only.py
[2023-04-27T18:47:39.193+0300] {processor.py:753} INFO - DAG(s) dict_keys(['latest_only']) retrieved from /home/vladimir/.local/lib/python3.10/site-packages/airflow/example_dags/example_latest_only.py
[2023-04-27T18:47:39.207+0300] {logging_mixin.py:137} INFO - [2023-04-27T18:47:39.206+0300] {dag.py:2705} INFO - Sync 1 DAGs
[2023-04-27T18:47:39.218+0300] {logging_mixin.py:137} INFO - [2023-04-27T18:47:39.218+0300] {dag.py:3452} INFO - Setting next_dagrun for latest_only to 2023-04-27T11:47:39.218554+00:00, run_after=2023-04-27T15:47:39.218554+00:00
[2023-04-27T18:47:39.234+0300] {processor.py:175} INFO - Processing /home/vladimir/.local/lib/python3.10/site-packages/airflow/example_dags/example_latest_only.py took 0.058 seconds
[2023-04-27T18:48:19.724+0300] {processor.py:153} INFO - Started process (PID=4127) to work on /home/vladimir/.local/lib/python3.10/site-packages/airflow/example_dags/example_latest_only.py
[2023-04-27T18:48:19.725+0300] {processor.py:743} INFO - Processing file /home/vladimir/.local/lib/python3.10/site-packages/airflow/example_dags/example_latest_only.py for tasks to queue
[2023-04-27T18:48:19.726+0300] {logging_mixin.py:137} INFO - [2023-04-27T18:48:19.726+0300] {dagbag.py:532} INFO - Filling up the DagBag from /home/vladimir/.local/lib/python3.10/site-packages/airflow/example_dags/example_latest_only.py
[2023-04-27T18:48:19.735+0300] {processor.py:753} INFO - DAG(s) dict_keys(['latest_only']) retrieved from /home/vladimir/.local/lib/python3.10/site-packages/airflow/example_dags/example_latest_only.py
[2023-04-27T18:48:19.748+0300] {logging_mixin.py:137} INFO - [2023-04-27T18:48:19.748+0300] {dag.py:2705} INFO - Sync 1 DAGs
[2023-04-27T18:48:19.760+0300] {logging_mixin.py:137} INFO - [2023-04-27T18:48:19.760+0300] {dag.py:3452} INFO - Setting next_dagrun for latest_only to 2023-04-27T11:48:19.759910+00:00, run_after=2023-04-27T15:48:19.759910+00:00
[2023-04-27T18:48:19.772+0300] {processor.py:175} INFO - Processing /home/vladimir/.local/lib/python3.10/site-packages/airflow/example_dags/example_latest_only.py took 0.056 seconds
[2023-04-27T18:49:02.487+0300] {processor.py:153} INFO - Started process (PID=4174) to work on /home/vladimir/.local/lib/python3.10/site-packages/airflow/example_dags/example_latest_only.py
[2023-04-27T18:49:02.488+0300] {processor.py:743} INFO - Processing file /home/vladimir/.local/lib/python3.10/site-packages/airflow/example_dags/example_latest_only.py for tasks to queue
[2023-04-27T18:49:02.488+0300] {logging_mixin.py:137} INFO - [2023-04-27T18:49:02.488+0300] {dagbag.py:532} INFO - Filling up the DagBag from /home/vladimir/.local/lib/python3.10/site-packages/airflow/example_dags/example_latest_only.py
[2023-04-27T18:49:02.498+0300] {processor.py:753} INFO - DAG(s) dict_keys(['latest_only']) retrieved from /home/vladimir/.local/lib/python3.10/site-packages/airflow/example_dags/example_latest_only.py
[2023-04-27T18:49:02.510+0300] {logging_mixin.py:137} INFO - [2023-04-27T18:49:02.510+0300] {dag.py:2705} INFO - Sync 1 DAGs
[2023-04-27T18:49:02.523+0300] {logging_mixin.py:137} INFO - [2023-04-27T18:49:02.522+0300] {dag.py:3452} INFO - Setting next_dagrun for latest_only to 2023-04-27T11:49:02.522824+00:00, run_after=2023-04-27T15:49:02.522824+00:00
[2023-04-27T18:49:02.535+0300] {processor.py:175} INFO - Processing /home/vladimir/.local/lib/python3.10/site-packages/airflow/example_dags/example_latest_only.py took 0.050 seconds
[2023-04-27T18:49:47.192+0300] {processor.py:153} INFO - Started process (PID=4441) to work on /home/vladimir/.local/lib/python3.10/site-packages/airflow/example_dags/example_latest_only.py
[2023-04-27T18:49:47.193+0300] {processor.py:743} INFO - Processing file /home/vladimir/.local/lib/python3.10/site-packages/airflow/example_dags/example_latest_only.py for tasks to queue
[2023-04-27T18:49:47.194+0300] {logging_mixin.py:137} INFO - [2023-04-27T18:49:47.193+0300] {dagbag.py:532} INFO - Filling up the DagBag from /home/vladimir/.local/lib/python3.10/site-packages/airflow/example_dags/example_latest_only.py
[2023-04-27T18:49:47.202+0300] {processor.py:753} INFO - DAG(s) dict_keys(['latest_only']) retrieved from /home/vladimir/.local/lib/python3.10/site-packages/airflow/example_dags/example_latest_only.py
[2023-04-27T18:49:47.216+0300] {logging_mixin.py:137} INFO - [2023-04-27T18:49:47.216+0300] {dag.py:2705} INFO - Sync 1 DAGs
[2023-04-27T18:49:47.232+0300] {logging_mixin.py:137} INFO - [2023-04-27T18:49:47.232+0300] {dag.py:3452} INFO - Setting next_dagrun for latest_only to 2023-04-27T11:49:47.231953+00:00, run_after=2023-04-27T15:49:47.231953+00:00
[2023-04-27T18:49:47.245+0300] {processor.py:175} INFO - Processing /home/vladimir/.local/lib/python3.10/site-packages/airflow/example_dags/example_latest_only.py took 0.055 seconds
[2023-04-27T18:50:26.325+0300] {processor.py:153} INFO - Started process (PID=4743) to work on /home/vladimir/.local/lib/python3.10/site-packages/airflow/example_dags/example_latest_only.py
[2023-04-27T18:50:26.325+0300] {processor.py:743} INFO - Processing file /home/vladimir/.local/lib/python3.10/site-packages/airflow/example_dags/example_latest_only.py for tasks to queue
[2023-04-27T18:50:26.326+0300] {logging_mixin.py:137} INFO - [2023-04-27T18:50:26.326+0300] {dagbag.py:532} INFO - Filling up the DagBag from /home/vladimir/.local/lib/python3.10/site-packages/airflow/example_dags/example_latest_only.py
[2023-04-27T18:50:26.337+0300] {processor.py:753} INFO - DAG(s) dict_keys(['latest_only']) retrieved from /home/vladimir/.local/lib/python3.10/site-packages/airflow/example_dags/example_latest_only.py
[2023-04-27T18:50:26.351+0300] {logging_mixin.py:137} INFO - [2023-04-27T18:50:26.351+0300] {dag.py:2705} INFO - Sync 1 DAGs
[2023-04-27T18:50:26.363+0300] {logging_mixin.py:137} INFO - [2023-04-27T18:50:26.363+0300] {dag.py:3452} INFO - Setting next_dagrun for latest_only to 2023-04-27T11:50:26.363109+00:00, run_after=2023-04-27T15:50:26.363109+00:00
[2023-04-27T18:50:26.374+0300] {processor.py:175} INFO - Processing /home/vladimir/.local/lib/python3.10/site-packages/airflow/example_dags/example_latest_only.py took 0.052 seconds
[2023-04-27T18:51:11.292+0300] {processor.py:153} INFO - Started process (PID=5249) to work on /home/vladimir/.local/lib/python3.10/site-packages/airflow/example_dags/example_latest_only.py
[2023-04-27T18:51:11.293+0300] {processor.py:743} INFO - Processing file /home/vladimir/.local/lib/python3.10/site-packages/airflow/example_dags/example_latest_only.py for tasks to queue
[2023-04-27T18:51:11.293+0300] {logging_mixin.py:137} INFO - [2023-04-27T18:51:11.293+0300] {dagbag.py:532} INFO - Filling up the DagBag from /home/vladimir/.local/lib/python3.10/site-packages/airflow/example_dags/example_latest_only.py
[2023-04-27T18:51:11.303+0300] {processor.py:753} INFO - DAG(s) dict_keys(['latest_only']) retrieved from /home/vladimir/.local/lib/python3.10/site-packages/airflow/example_dags/example_latest_only.py
[2023-04-27T18:51:11.316+0300] {logging_mixin.py:137} INFO - [2023-04-27T18:51:11.315+0300] {dag.py:2705} INFO - Sync 1 DAGs
[2023-04-27T18:51:11.328+0300] {logging_mixin.py:137} INFO - [2023-04-27T18:51:11.328+0300] {dag.py:3452} INFO - Setting next_dagrun for latest_only to 2023-04-27T11:51:11.327940+00:00, run_after=2023-04-27T15:51:11.327940+00:00
[2023-04-27T18:51:11.339+0300] {processor.py:175} INFO - Processing /home/vladimir/.local/lib/python3.10/site-packages/airflow/example_dags/example_latest_only.py took 0.049 seconds
[2023-04-27T18:51:46.847+0300] {processor.py:153} INFO - Started process (PID=5292) to work on /home/vladimir/.local/lib/python3.10/site-packages/airflow/example_dags/example_latest_only.py
[2023-04-27T18:51:46.848+0300] {processor.py:743} INFO - Processing file /home/vladimir/.local/lib/python3.10/site-packages/airflow/example_dags/example_latest_only.py for tasks to queue
[2023-04-27T18:51:46.848+0300] {logging_mixin.py:137} INFO - [2023-04-27T18:51:46.848+0300] {dagbag.py:532} INFO - Filling up the DagBag from /home/vladimir/.local/lib/python3.10/site-packages/airflow/example_dags/example_latest_only.py
[2023-04-27T18:51:46.858+0300] {processor.py:753} INFO - DAG(s) dict_keys(['latest_only']) retrieved from /home/vladimir/.local/lib/python3.10/site-packages/airflow/example_dags/example_latest_only.py
[2023-04-27T18:51:46.871+0300] {logging_mixin.py:137} INFO - [2023-04-27T18:51:46.871+0300] {dag.py:2705} INFO - Sync 1 DAGs
[2023-04-27T18:51:46.884+0300] {logging_mixin.py:137} INFO - [2023-04-27T18:51:46.884+0300] {dag.py:3452} INFO - Setting next_dagrun for latest_only to 2023-04-27T11:51:46.884351+00:00, run_after=2023-04-27T15:51:46.884351+00:00
[2023-04-27T18:51:46.898+0300] {processor.py:175} INFO - Processing /home/vladimir/.local/lib/python3.10/site-packages/airflow/example_dags/example_latest_only.py took 0.054 seconds
[2023-04-27T18:52:30.658+0300] {processor.py:153} INFO - Started process (PID=5340) to work on /home/vladimir/.local/lib/python3.10/site-packages/airflow/example_dags/example_latest_only.py
[2023-04-27T18:52:30.658+0300] {processor.py:743} INFO - Processing file /home/vladimir/.local/lib/python3.10/site-packages/airflow/example_dags/example_latest_only.py for tasks to queue
[2023-04-27T18:52:30.659+0300] {logging_mixin.py:137} INFO - [2023-04-27T18:52:30.659+0300] {dagbag.py:532} INFO - Filling up the DagBag from /home/vladimir/.local/lib/python3.10/site-packages/airflow/example_dags/example_latest_only.py
[2023-04-27T18:52:30.670+0300] {processor.py:753} INFO - DAG(s) dict_keys(['latest_only']) retrieved from /home/vladimir/.local/lib/python3.10/site-packages/airflow/example_dags/example_latest_only.py
[2023-04-27T18:52:30.685+0300] {logging_mixin.py:137} INFO - [2023-04-27T18:52:30.685+0300] {dag.py:2705} INFO - Sync 1 DAGs
[2023-04-27T18:52:30.697+0300] {logging_mixin.py:137} INFO - [2023-04-27T18:52:30.697+0300] {dag.py:3452} INFO - Setting next_dagrun for latest_only to 2023-04-27T11:52:30.696998+00:00, run_after=2023-04-27T15:52:30.696998+00:00
[2023-04-27T18:52:30.710+0300] {processor.py:175} INFO - Processing /home/vladimir/.local/lib/python3.10/site-packages/airflow/example_dags/example_latest_only.py took 0.055 seconds
[2023-04-27T18:53:08.924+0300] {processor.py:153} INFO - Started process (PID=5445) to work on /home/vladimir/.local/lib/python3.10/site-packages/airflow/example_dags/example_latest_only.py
[2023-04-27T18:53:08.928+0300] {processor.py:743} INFO - Processing file /home/vladimir/.local/lib/python3.10/site-packages/airflow/example_dags/example_latest_only.py for tasks to queue
[2023-04-27T18:53:08.929+0300] {logging_mixin.py:137} INFO - [2023-04-27T18:53:08.929+0300] {dagbag.py:532} INFO - Filling up the DagBag from /home/vladimir/.local/lib/python3.10/site-packages/airflow/example_dags/example_latest_only.py
[2023-04-27T18:53:08.941+0300] {processor.py:753} INFO - DAG(s) dict_keys(['latest_only']) retrieved from /home/vladimir/.local/lib/python3.10/site-packages/airflow/example_dags/example_latest_only.py
[2023-04-27T18:53:08.960+0300] {logging_mixin.py:137} INFO - [2023-04-27T18:53:08.960+0300] {dag.py:2705} INFO - Sync 1 DAGs
[2023-04-27T18:53:08.977+0300] {logging_mixin.py:137} INFO - [2023-04-27T18:53:08.977+0300] {dag.py:3452} INFO - Setting next_dagrun for latest_only to 2023-04-27T11:53:08.977596+00:00, run_after=2023-04-27T15:53:08.977596+00:00
[2023-04-27T18:53:08.992+0300] {processor.py:175} INFO - Processing /home/vladimir/.local/lib/python3.10/site-packages/airflow/example_dags/example_latest_only.py took 0.071 seconds
[2023-04-27T18:53:51.678+0300] {processor.py:153} INFO - Started process (PID=5571) to work on /home/vladimir/.local/lib/python3.10/site-packages/airflow/example_dags/example_latest_only.py
[2023-04-27T18:53:51.679+0300] {processor.py:743} INFO - Processing file /home/vladimir/.local/lib/python3.10/site-packages/airflow/example_dags/example_latest_only.py for tasks to queue
[2023-04-27T18:53:51.679+0300] {logging_mixin.py:137} INFO - [2023-04-27T18:53:51.679+0300] {dagbag.py:532} INFO - Filling up the DagBag from /home/vladimir/.local/lib/python3.10/site-packages/airflow/example_dags/example_latest_only.py
[2023-04-27T18:53:51.689+0300] {processor.py:753} INFO - DAG(s) dict_keys(['latest_only']) retrieved from /home/vladimir/.local/lib/python3.10/site-packages/airflow/example_dags/example_latest_only.py
[2023-04-27T18:53:51.702+0300] {logging_mixin.py:137} INFO - [2023-04-27T18:53:51.702+0300] {dag.py:2705} INFO - Sync 1 DAGs
[2023-04-27T18:53:51.715+0300] {logging_mixin.py:137} INFO - [2023-04-27T18:53:51.714+0300] {dag.py:3452} INFO - Setting next_dagrun for latest_only to 2023-04-27T11:53:51.714766+00:00, run_after=2023-04-27T15:53:51.714766+00:00
[2023-04-27T18:53:51.728+0300] {processor.py:175} INFO - Processing /home/vladimir/.local/lib/python3.10/site-packages/airflow/example_dags/example_latest_only.py took 0.051 seconds
[2023-04-27T18:54:28.675+0300] {processor.py:153} INFO - Started process (PID=5609) to work on /home/vladimir/.local/lib/python3.10/site-packages/airflow/example_dags/example_latest_only.py
[2023-04-27T18:54:28.676+0300] {processor.py:743} INFO - Processing file /home/vladimir/.local/lib/python3.10/site-packages/airflow/example_dags/example_latest_only.py for tasks to queue
[2023-04-27T18:54:28.676+0300] {logging_mixin.py:137} INFO - [2023-04-27T18:54:28.676+0300] {dagbag.py:532} INFO - Filling up the DagBag from /home/vladimir/.local/lib/python3.10/site-packages/airflow/example_dags/example_latest_only.py
[2023-04-27T18:54:28.686+0300] {processor.py:753} INFO - DAG(s) dict_keys(['latest_only']) retrieved from /home/vladimir/.local/lib/python3.10/site-packages/airflow/example_dags/example_latest_only.py
[2023-04-27T18:54:28.700+0300] {logging_mixin.py:137} INFO - [2023-04-27T18:54:28.700+0300] {dag.py:2705} INFO - Sync 1 DAGs
[2023-04-27T18:54:28.713+0300] {logging_mixin.py:137} INFO - [2023-04-27T18:54:28.713+0300] {dag.py:3452} INFO - Setting next_dagrun for latest_only to 2023-04-27T11:54:28.713459+00:00, run_after=2023-04-27T15:54:28.713459+00:00
[2023-04-27T18:54:28.726+0300] {processor.py:175} INFO - Processing /home/vladimir/.local/lib/python3.10/site-packages/airflow/example_dags/example_latest_only.py took 0.053 seconds
[2023-04-27T18:55:04.788+0300] {processor.py:153} INFO - Started process (PID=5658) to work on /home/vladimir/.local/lib/python3.10/site-packages/airflow/example_dags/example_latest_only.py
[2023-04-27T18:55:04.789+0300] {processor.py:743} INFO - Processing file /home/vladimir/.local/lib/python3.10/site-packages/airflow/example_dags/example_latest_only.py for tasks to queue
[2023-04-27T18:55:04.789+0300] {logging_mixin.py:137} INFO - [2023-04-27T18:55:04.789+0300] {dagbag.py:532} INFO - Filling up the DagBag from /home/vladimir/.local/lib/python3.10/site-packages/airflow/example_dags/example_latest_only.py
[2023-04-27T18:55:04.799+0300] {processor.py:753} INFO - DAG(s) dict_keys(['latest_only']) retrieved from /home/vladimir/.local/lib/python3.10/site-packages/airflow/example_dags/example_latest_only.py
[2023-04-27T18:55:04.811+0300] {logging_mixin.py:137} INFO - [2023-04-27T18:55:04.811+0300] {dag.py:2705} INFO - Sync 1 DAGs
[2023-04-27T18:55:04.822+0300] {logging_mixin.py:137} INFO - [2023-04-27T18:55:04.822+0300] {dag.py:3452} INFO - Setting next_dagrun for latest_only to 2023-04-27T11:55:04.822691+00:00, run_after=2023-04-27T15:55:04.822691+00:00
[2023-04-27T18:55:04.835+0300] {processor.py:175} INFO - Processing /home/vladimir/.local/lib/python3.10/site-packages/airflow/example_dags/example_latest_only.py took 0.050 seconds
[2023-04-27T18:55:41.661+0300] {processor.py:153} INFO - Started process (PID=5700) to work on /home/vladimir/.local/lib/python3.10/site-packages/airflow/example_dags/example_latest_only.py
[2023-04-27T18:55:41.662+0300] {processor.py:743} INFO - Processing file /home/vladimir/.local/lib/python3.10/site-packages/airflow/example_dags/example_latest_only.py for tasks to queue
[2023-04-27T18:55:41.662+0300] {logging_mixin.py:137} INFO - [2023-04-27T18:55:41.662+0300] {dagbag.py:532} INFO - Filling up the DagBag from /home/vladimir/.local/lib/python3.10/site-packages/airflow/example_dags/example_latest_only.py
[2023-04-27T18:55:41.672+0300] {processor.py:753} INFO - DAG(s) dict_keys(['latest_only']) retrieved from /home/vladimir/.local/lib/python3.10/site-packages/airflow/example_dags/example_latest_only.py
[2023-04-27T18:55:41.685+0300] {logging_mixin.py:137} INFO - [2023-04-27T18:55:41.685+0300] {dag.py:2705} INFO - Sync 1 DAGs
[2023-04-27T18:55:41.696+0300] {logging_mixin.py:137} INFO - [2023-04-27T18:55:41.696+0300] {dag.py:3452} INFO - Setting next_dagrun for latest_only to 2023-04-27T11:55:41.696308+00:00, run_after=2023-04-27T15:55:41.696308+00:00
[2023-04-27T18:55:41.707+0300] {processor.py:175} INFO - Processing /home/vladimir/.local/lib/python3.10/site-packages/airflow/example_dags/example_latest_only.py took 0.048 seconds
[2023-04-27T18:56:24.345+0300] {processor.py:153} INFO - Started process (PID=6538) to work on /home/vladimir/.local/lib/python3.10/site-packages/airflow/example_dags/example_latest_only.py
[2023-04-27T18:56:24.346+0300] {processor.py:743} INFO - Processing file /home/vladimir/.local/lib/python3.10/site-packages/airflow/example_dags/example_latest_only.py for tasks to queue
[2023-04-27T18:56:24.347+0300] {logging_mixin.py:137} INFO - [2023-04-27T18:56:24.347+0300] {dagbag.py:532} INFO - Filling up the DagBag from /home/vladimir/.local/lib/python3.10/site-packages/airflow/example_dags/example_latest_only.py
[2023-04-27T18:56:24.359+0300] {processor.py:753} INFO - DAG(s) dict_keys(['latest_only']) retrieved from /home/vladimir/.local/lib/python3.10/site-packages/airflow/example_dags/example_latest_only.py
[2023-04-27T18:56:24.373+0300] {logging_mixin.py:137} INFO - [2023-04-27T18:56:24.373+0300] {dag.py:2705} INFO - Sync 1 DAGs
[2023-04-27T18:56:24.387+0300] {logging_mixin.py:137} INFO - [2023-04-27T18:56:24.387+0300] {dag.py:3452} INFO - Setting next_dagrun for latest_only to 2023-04-27T11:56:24.387018+00:00, run_after=2023-04-27T15:56:24.387018+00:00
[2023-04-27T18:56:24.401+0300] {processor.py:175} INFO - Processing /home/vladimir/.local/lib/python3.10/site-packages/airflow/example_dags/example_latest_only.py took 0.059 seconds
[2023-04-27T18:57:10.023+0300] {processor.py:153} INFO - Started process (PID=6678) to work on /home/vladimir/.local/lib/python3.10/site-packages/airflow/example_dags/example_latest_only.py
[2023-04-27T18:57:10.024+0300] {processor.py:743} INFO - Processing file /home/vladimir/.local/lib/python3.10/site-packages/airflow/example_dags/example_latest_only.py for tasks to queue
[2023-04-27T18:57:10.024+0300] {logging_mixin.py:137} INFO - [2023-04-27T18:57:10.024+0300] {dagbag.py:532} INFO - Filling up the DagBag from /home/vladimir/.local/lib/python3.10/site-packages/airflow/example_dags/example_latest_only.py
[2023-04-27T18:57:10.034+0300] {processor.py:753} INFO - DAG(s) dict_keys(['latest_only']) retrieved from /home/vladimir/.local/lib/python3.10/site-packages/airflow/example_dags/example_latest_only.py
[2023-04-27T18:57:10.046+0300] {logging_mixin.py:137} INFO - [2023-04-27T18:57:10.046+0300] {dag.py:2705} INFO - Sync 1 DAGs
[2023-04-27T18:57:10.060+0300] {logging_mixin.py:137} INFO - [2023-04-27T18:57:10.059+0300] {dag.py:3452} INFO - Setting next_dagrun for latest_only to 2023-04-27T11:57:10.059700+00:00, run_after=2023-04-27T15:57:10.059700+00:00
[2023-04-27T18:57:10.073+0300] {processor.py:175} INFO - Processing /home/vladimir/.local/lib/python3.10/site-packages/airflow/example_dags/example_latest_only.py took 0.052 seconds
[2023-04-27T18:57:50.490+0300] {processor.py:153} INFO - Started process (PID=6749) to work on /home/vladimir/.local/lib/python3.10/site-packages/airflow/example_dags/example_latest_only.py
[2023-04-27T18:57:50.491+0300] {processor.py:743} INFO - Processing file /home/vladimir/.local/lib/python3.10/site-packages/airflow/example_dags/example_latest_only.py for tasks to queue
[2023-04-27T18:57:50.492+0300] {logging_mixin.py:137} INFO - [2023-04-27T18:57:50.491+0300] {dagbag.py:532} INFO - Filling up the DagBag from /home/vladimir/.local/lib/python3.10/site-packages/airflow/example_dags/example_latest_only.py
[2023-04-27T18:57:50.501+0300] {processor.py:753} INFO - DAG(s) dict_keys(['latest_only']) retrieved from /home/vladimir/.local/lib/python3.10/site-packages/airflow/example_dags/example_latest_only.py
[2023-04-27T18:57:50.513+0300] {logging_mixin.py:137} INFO - [2023-04-27T18:57:50.513+0300] {dag.py:2705} INFO - Sync 1 DAGs
[2023-04-27T18:57:50.525+0300] {logging_mixin.py:137} INFO - [2023-04-27T18:57:50.525+0300] {dag.py:3452} INFO - Setting next_dagrun for latest_only to 2023-04-27T11:57:50.525190+00:00, run_after=2023-04-27T15:57:50.525190+00:00
[2023-04-27T18:57:50.538+0300] {processor.py:175} INFO - Processing /home/vladimir/.local/lib/python3.10/site-packages/airflow/example_dags/example_latest_only.py took 0.050 seconds
[2023-04-27T18:58:35.588+0300] {processor.py:153} INFO - Started process (PID=6837) to work on /home/vladimir/.local/lib/python3.10/site-packages/airflow/example_dags/example_latest_only.py
[2023-04-27T18:58:35.589+0300] {processor.py:743} INFO - Processing file /home/vladimir/.local/lib/python3.10/site-packages/airflow/example_dags/example_latest_only.py for tasks to queue
[2023-04-27T18:58:35.589+0300] {logging_mixin.py:137} INFO - [2023-04-27T18:58:35.589+0300] {dagbag.py:532} INFO - Filling up the DagBag from /home/vladimir/.local/lib/python3.10/site-packages/airflow/example_dags/example_latest_only.py
[2023-04-27T18:58:35.600+0300] {processor.py:753} INFO - DAG(s) dict_keys(['latest_only']) retrieved from /home/vladimir/.local/lib/python3.10/site-packages/airflow/example_dags/example_latest_only.py
[2023-04-27T18:58:35.614+0300] {logging_mixin.py:137} INFO - [2023-04-27T18:58:35.614+0300] {dag.py:2705} INFO - Sync 1 DAGs
[2023-04-27T18:58:35.627+0300] {logging_mixin.py:137} INFO - [2023-04-27T18:58:35.627+0300] {dag.py:3452} INFO - Setting next_dagrun for latest_only to 2023-04-27T11:58:35.627163+00:00, run_after=2023-04-27T15:58:35.627163+00:00
[2023-04-27T18:58:35.640+0300] {processor.py:175} INFO - Processing /home/vladimir/.local/lib/python3.10/site-packages/airflow/example_dags/example_latest_only.py took 0.055 seconds
[2023-04-27T18:59:13.800+0300] {processor.py:153} INFO - Started process (PID=6904) to work on /home/vladimir/.local/lib/python3.10/site-packages/airflow/example_dags/example_latest_only.py
[2023-04-27T18:59:13.801+0300] {processor.py:743} INFO - Processing file /home/vladimir/.local/lib/python3.10/site-packages/airflow/example_dags/example_latest_only.py for tasks to queue
[2023-04-27T18:59:13.802+0300] {logging_mixin.py:137} INFO - [2023-04-27T18:59:13.802+0300] {dagbag.py:532} INFO - Filling up the DagBag from /home/vladimir/.local/lib/python3.10/site-packages/airflow/example_dags/example_latest_only.py
[2023-04-27T18:59:13.812+0300] {processor.py:753} INFO - DAG(s) dict_keys(['latest_only']) retrieved from /home/vladimir/.local/lib/python3.10/site-packages/airflow/example_dags/example_latest_only.py
[2023-04-27T18:59:13.825+0300] {logging_mixin.py:137} INFO - [2023-04-27T18:59:13.825+0300] {dag.py:2705} INFO - Sync 1 DAGs
[2023-04-27T18:59:13.838+0300] {logging_mixin.py:137} INFO - [2023-04-27T18:59:13.837+0300] {dag.py:3452} INFO - Setting next_dagrun for latest_only to 2023-04-27T11:59:13.837725+00:00, run_after=2023-04-27T15:59:13.837725+00:00
[2023-04-27T18:59:13.851+0300] {processor.py:175} INFO - Processing /home/vladimir/.local/lib/python3.10/site-packages/airflow/example_dags/example_latest_only.py took 0.053 seconds
[2023-04-27T18:59:57.716+0300] {processor.py:153} INFO - Started process (PID=6980) to work on /home/vladimir/.local/lib/python3.10/site-packages/airflow/example_dags/example_latest_only.py
[2023-04-27T18:59:57.716+0300] {processor.py:743} INFO - Processing file /home/vladimir/.local/lib/python3.10/site-packages/airflow/example_dags/example_latest_only.py for tasks to queue
[2023-04-27T18:59:57.717+0300] {logging_mixin.py:137} INFO - [2023-04-27T18:59:57.717+0300] {dagbag.py:532} INFO - Filling up the DagBag from /home/vladimir/.local/lib/python3.10/site-packages/airflow/example_dags/example_latest_only.py
[2023-04-27T18:59:57.727+0300] {processor.py:753} INFO - DAG(s) dict_keys(['latest_only']) retrieved from /home/vladimir/.local/lib/python3.10/site-packages/airflow/example_dags/example_latest_only.py
[2023-04-27T18:59:57.739+0300] {logging_mixin.py:137} INFO - [2023-04-27T18:59:57.739+0300] {dag.py:2705} INFO - Sync 1 DAGs
[2023-04-27T18:59:57.750+0300] {logging_mixin.py:137} INFO - [2023-04-27T18:59:57.750+0300] {dag.py:3452} INFO - Setting next_dagrun for latest_only to 2023-04-27T11:59:57.750710+00:00, run_after=2023-04-27T15:59:57.750710+00:00
[2023-04-27T18:59:57.763+0300] {processor.py:175} INFO - Processing /home/vladimir/.local/lib/python3.10/site-packages/airflow/example_dags/example_latest_only.py took 0.049 seconds
[2023-04-27T19:00:35.967+0300] {processor.py:153} INFO - Started process (PID=7074) to work on /home/vladimir/.local/lib/python3.10/site-packages/airflow/example_dags/example_latest_only.py
[2023-04-27T19:00:35.968+0300] {processor.py:743} INFO - Processing file /home/vladimir/.local/lib/python3.10/site-packages/airflow/example_dags/example_latest_only.py for tasks to queue
[2023-04-27T19:00:35.969+0300] {logging_mixin.py:137} INFO - [2023-04-27T19:00:35.969+0300] {dagbag.py:532} INFO - Filling up the DagBag from /home/vladimir/.local/lib/python3.10/site-packages/airflow/example_dags/example_latest_only.py
[2023-04-27T19:00:35.979+0300] {processor.py:753} INFO - DAG(s) dict_keys(['latest_only']) retrieved from /home/vladimir/.local/lib/python3.10/site-packages/airflow/example_dags/example_latest_only.py
[2023-04-27T19:00:35.992+0300] {logging_mixin.py:137} INFO - [2023-04-27T19:00:35.992+0300] {dag.py:2705} INFO - Sync 1 DAGs
[2023-04-27T19:00:36.004+0300] {logging_mixin.py:137} INFO - [2023-04-27T19:00:36.004+0300] {dag.py:3452} INFO - Setting next_dagrun for latest_only to 2023-04-27T12:00:36.004260+00:00, run_after=2023-04-27T16:00:36.004260+00:00
[2023-04-27T19:00:36.018+0300] {processor.py:175} INFO - Processing /home/vladimir/.local/lib/python3.10/site-packages/airflow/example_dags/example_latest_only.py took 0.053 seconds
[2023-04-27T19:01:20.971+0300] {processor.py:153} INFO - Started process (PID=7181) to work on /home/vladimir/.local/lib/python3.10/site-packages/airflow/example_dags/example_latest_only.py
[2023-04-27T19:01:20.972+0300] {processor.py:743} INFO - Processing file /home/vladimir/.local/lib/python3.10/site-packages/airflow/example_dags/example_latest_only.py for tasks to queue
[2023-04-27T19:01:20.973+0300] {logging_mixin.py:137} INFO - [2023-04-27T19:01:20.973+0300] {dagbag.py:532} INFO - Filling up the DagBag from /home/vladimir/.local/lib/python3.10/site-packages/airflow/example_dags/example_latest_only.py
[2023-04-27T19:01:20.983+0300] {processor.py:753} INFO - DAG(s) dict_keys(['latest_only']) retrieved from /home/vladimir/.local/lib/python3.10/site-packages/airflow/example_dags/example_latest_only.py
[2023-04-27T19:01:20.997+0300] {logging_mixin.py:137} INFO - [2023-04-27T19:01:20.997+0300] {dag.py:2705} INFO - Sync 1 DAGs
[2023-04-27T19:01:21.010+0300] {logging_mixin.py:137} INFO - [2023-04-27T19:01:21.010+0300] {dag.py:3452} INFO - Setting next_dagrun for latest_only to 2023-04-27T12:01:21.010558+00:00, run_after=2023-04-27T16:01:21.010558+00:00
[2023-04-27T19:01:21.025+0300] {processor.py:175} INFO - Processing /home/vladimir/.local/lib/python3.10/site-packages/airflow/example_dags/example_latest_only.py took 0.058 seconds
