[2023-04-27T18:25:09.216+0300] {processor.py:153} INFO - Started process (PID=5543) to work on /home/vladimir/.local/lib/python3.10/site-packages/airflow/example_dags/example_xcomargs.py
[2023-04-27T18:25:09.234+0300] {processor.py:743} INFO - Processing file /home/vladimir/.local/lib/python3.10/site-packages/airflow/example_dags/example_xcomargs.py for tasks to queue
[2023-04-27T18:25:09.235+0300] {logging_mixin.py:137} INFO - [2023-04-27T18:25:09.235+0300] {dagbag.py:532} INFO - Filling up the DagBag from /home/vladimir/.local/lib/python3.10/site-packages/airflow/example_dags/example_xcomargs.py
[2023-04-27T18:25:09.364+0300] {processor.py:753} INFO - DAG(s) dict_keys(['example_xcom_args_with_operators', 'example_xcom_args']) retrieved from /home/vladimir/.local/lib/python3.10/site-packages/airflow/example_dags/example_xcomargs.py
[2023-04-27T18:25:09.540+0300] {logging_mixin.py:137} INFO - [2023-04-27T18:25:09.540+0300] {manager.py:504} INFO - Created Permission View: can read on DAG:example_xcom_args_with_operators
[2023-04-27T18:25:09.548+0300] {logging_mixin.py:137} INFO - [2023-04-27T18:25:09.548+0300] {manager.py:504} INFO - Created Permission View: can delete on DAG:example_xcom_args_with_operators
[2023-04-27T18:25:09.553+0300] {logging_mixin.py:137} INFO - [2023-04-27T18:25:09.553+0300] {manager.py:504} INFO - Created Permission View: can edit on DAG:example_xcom_args_with_operators
[2023-04-27T18:25:09.566+0300] {logging_mixin.py:137} INFO - [2023-04-27T18:25:09.565+0300] {manager.py:504} INFO - Created Permission View: can read on DAG:example_xcom_args
[2023-04-27T18:25:09.570+0300] {logging_mixin.py:137} INFO - [2023-04-27T18:25:09.570+0300] {manager.py:504} INFO - Created Permission View: can delete on DAG:example_xcom_args
[2023-04-27T18:25:09.579+0300] {logging_mixin.py:137} INFO - [2023-04-27T18:25:09.579+0300] {manager.py:504} INFO - Created Permission View: can edit on DAG:example_xcom_args
[2023-04-27T18:25:09.579+0300] {logging_mixin.py:137} INFO - [2023-04-27T18:25:09.579+0300] {dag.py:2705} INFO - Sync 2 DAGs
[2023-04-27T18:25:09.594+0300] {logging_mixin.py:137} INFO - [2023-04-27T18:25:09.594+0300] {dag.py:2726} INFO - Creating ORM DAG for example_xcom_args
[2023-04-27T18:25:09.595+0300] {logging_mixin.py:137} INFO - [2023-04-27T18:25:09.595+0300] {dag.py:2726} INFO - Creating ORM DAG for example_xcom_args_with_operators
[2023-04-27T18:25:09.605+0300] {logging_mixin.py:137} INFO - [2023-04-27T18:25:09.605+0300] {dag.py:3452} INFO - Setting next_dagrun for example_xcom_args to None, run_after=None
[2023-04-27T18:25:09.607+0300] {logging_mixin.py:137} INFO - [2023-04-27T18:25:09.606+0300] {dag.py:3452} INFO - Setting next_dagrun for example_xcom_args_with_operators to None, run_after=None
[2023-04-27T18:25:09.631+0300] {processor.py:175} INFO - Processing /home/vladimir/.local/lib/python3.10/site-packages/airflow/example_dags/example_xcomargs.py took 0.457 seconds
[2023-04-27T18:26:09.193+0300] {processor.py:153} INFO - Started process (PID=5978) to work on /home/vladimir/.local/lib/python3.10/site-packages/airflow/example_dags/example_xcomargs.py
[2023-04-27T18:26:09.194+0300] {processor.py:743} INFO - Processing file /home/vladimir/.local/lib/python3.10/site-packages/airflow/example_dags/example_xcomargs.py for tasks to queue
[2023-04-27T18:26:09.194+0300] {logging_mixin.py:137} INFO - [2023-04-27T18:26:09.194+0300] {dagbag.py:532} INFO - Filling up the DagBag from /home/vladimir/.local/lib/python3.10/site-packages/airflow/example_dags/example_xcomargs.py
[2023-04-27T18:26:09.212+0300] {processor.py:753} INFO - DAG(s) dict_keys(['example_xcom_args_with_operators', 'example_xcom_args']) retrieved from /home/vladimir/.local/lib/python3.10/site-packages/airflow/example_dags/example_xcomargs.py
[2023-04-27T18:26:09.227+0300] {logging_mixin.py:137} INFO - [2023-04-27T18:26:09.227+0300] {dag.py:2705} INFO - Sync 2 DAGs
[2023-04-27T18:26:09.239+0300] {logging_mixin.py:137} INFO - [2023-04-27T18:26:09.239+0300] {dag.py:3452} INFO - Setting next_dagrun for example_xcom_args to None, run_after=None
[2023-04-27T18:26:09.241+0300] {logging_mixin.py:137} INFO - [2023-04-27T18:26:09.241+0300] {dag.py:3452} INFO - Setting next_dagrun for example_xcom_args_with_operators to None, run_after=None
[2023-04-27T18:26:09.252+0300] {processor.py:175} INFO - Processing /home/vladimir/.local/lib/python3.10/site-packages/airflow/example_dags/example_xcomargs.py took 0.062 seconds
[2023-04-27T18:26:50.277+0300] {processor.py:153} INFO - Started process (PID=6043) to work on /home/vladimir/.local/lib/python3.10/site-packages/airflow/example_dags/example_xcomargs.py
[2023-04-27T18:26:50.278+0300] {processor.py:743} INFO - Processing file /home/vladimir/.local/lib/python3.10/site-packages/airflow/example_dags/example_xcomargs.py for tasks to queue
[2023-04-27T18:26:50.278+0300] {logging_mixin.py:137} INFO - [2023-04-27T18:26:50.278+0300] {dagbag.py:532} INFO - Filling up the DagBag from /home/vladimir/.local/lib/python3.10/site-packages/airflow/example_dags/example_xcomargs.py
[2023-04-27T18:26:50.298+0300] {processor.py:753} INFO - DAG(s) dict_keys(['example_xcom_args_with_operators', 'example_xcom_args']) retrieved from /home/vladimir/.local/lib/python3.10/site-packages/airflow/example_dags/example_xcomargs.py
[2023-04-27T18:26:50.315+0300] {logging_mixin.py:137} INFO - [2023-04-27T18:26:50.315+0300] {dag.py:2705} INFO - Sync 2 DAGs
[2023-04-27T18:26:50.329+0300] {logging_mixin.py:137} INFO - [2023-04-27T18:26:50.329+0300] {dag.py:3452} INFO - Setting next_dagrun for example_xcom_args to None, run_after=None
[2023-04-27T18:26:50.330+0300] {logging_mixin.py:137} INFO - [2023-04-27T18:26:50.330+0300] {dag.py:3452} INFO - Setting next_dagrun for example_xcom_args_with_operators to None, run_after=None
[2023-04-27T18:26:50.343+0300] {processor.py:175} INFO - Processing /home/vladimir/.local/lib/python3.10/site-packages/airflow/example_dags/example_xcomargs.py took 0.068 seconds
[2023-04-27T18:27:28.489+0300] {processor.py:153} INFO - Started process (PID=6101) to work on /home/vladimir/.local/lib/python3.10/site-packages/airflow/example_dags/example_xcomargs.py
[2023-04-27T18:27:28.490+0300] {processor.py:743} INFO - Processing file /home/vladimir/.local/lib/python3.10/site-packages/airflow/example_dags/example_xcomargs.py for tasks to queue
[2023-04-27T18:27:28.491+0300] {logging_mixin.py:137} INFO - [2023-04-27T18:27:28.491+0300] {dagbag.py:532} INFO - Filling up the DagBag from /home/vladimir/.local/lib/python3.10/site-packages/airflow/example_dags/example_xcomargs.py
[2023-04-27T18:27:28.508+0300] {processor.py:753} INFO - DAG(s) dict_keys(['example_xcom_args', 'example_xcom_args_with_operators']) retrieved from /home/vladimir/.local/lib/python3.10/site-packages/airflow/example_dags/example_xcomargs.py
[2023-04-27T18:27:28.523+0300] {logging_mixin.py:137} INFO - [2023-04-27T18:27:28.523+0300] {dag.py:2705} INFO - Sync 2 DAGs
[2023-04-27T18:27:28.536+0300] {logging_mixin.py:137} INFO - [2023-04-27T18:27:28.536+0300] {dag.py:3452} INFO - Setting next_dagrun for example_xcom_args to None, run_after=None
[2023-04-27T18:27:28.538+0300] {logging_mixin.py:137} INFO - [2023-04-27T18:27:28.538+0300] {dag.py:3452} INFO - Setting next_dagrun for example_xcom_args_with_operators to None, run_after=None
[2023-04-27T18:27:28.548+0300] {processor.py:175} INFO - Processing /home/vladimir/.local/lib/python3.10/site-packages/airflow/example_dags/example_xcomargs.py took 0.062 seconds
[2023-04-27T18:28:03.250+0300] {processor.py:153} INFO - Started process (PID=6148) to work on /home/vladimir/.local/lib/python3.10/site-packages/airflow/example_dags/example_xcomargs.py
[2023-04-27T18:28:03.250+0300] {processor.py:743} INFO - Processing file /home/vladimir/.local/lib/python3.10/site-packages/airflow/example_dags/example_xcomargs.py for tasks to queue
[2023-04-27T18:28:03.251+0300] {logging_mixin.py:137} INFO - [2023-04-27T18:28:03.251+0300] {dagbag.py:532} INFO - Filling up the DagBag from /home/vladimir/.local/lib/python3.10/site-packages/airflow/example_dags/example_xcomargs.py
[2023-04-27T18:28:03.267+0300] {processor.py:753} INFO - DAG(s) dict_keys(['example_xcom_args_with_operators', 'example_xcom_args']) retrieved from /home/vladimir/.local/lib/python3.10/site-packages/airflow/example_dags/example_xcomargs.py
[2023-04-27T18:28:03.282+0300] {logging_mixin.py:137} INFO - [2023-04-27T18:28:03.282+0300] {dag.py:2705} INFO - Sync 2 DAGs
[2023-04-27T18:28:03.294+0300] {logging_mixin.py:137} INFO - [2023-04-27T18:28:03.294+0300] {dag.py:3452} INFO - Setting next_dagrun for example_xcom_args to None, run_after=None
[2023-04-27T18:28:03.295+0300] {logging_mixin.py:137} INFO - [2023-04-27T18:28:03.295+0300] {dag.py:3452} INFO - Setting next_dagrun for example_xcom_args_with_operators to None, run_after=None
[2023-04-27T18:28:03.307+0300] {processor.py:175} INFO - Processing /home/vladimir/.local/lib/python3.10/site-packages/airflow/example_dags/example_xcomargs.py took 0.059 seconds
[2023-04-27T18:28:38.160+0300] {processor.py:153} INFO - Started process (PID=6204) to work on /home/vladimir/.local/lib/python3.10/site-packages/airflow/example_dags/example_xcomargs.py
[2023-04-27T18:28:38.161+0300] {processor.py:743} INFO - Processing file /home/vladimir/.local/lib/python3.10/site-packages/airflow/example_dags/example_xcomargs.py for tasks to queue
[2023-04-27T18:28:38.162+0300] {logging_mixin.py:137} INFO - [2023-04-27T18:28:38.162+0300] {dagbag.py:532} INFO - Filling up the DagBag from /home/vladimir/.local/lib/python3.10/site-packages/airflow/example_dags/example_xcomargs.py
[2023-04-27T18:28:38.177+0300] {processor.py:753} INFO - DAG(s) dict_keys(['example_xcom_args_with_operators', 'example_xcom_args']) retrieved from /home/vladimir/.local/lib/python3.10/site-packages/airflow/example_dags/example_xcomargs.py
[2023-04-27T18:28:38.193+0300] {logging_mixin.py:137} INFO - [2023-04-27T18:28:38.192+0300] {dag.py:2705} INFO - Sync 2 DAGs
[2023-04-27T18:28:38.205+0300] {logging_mixin.py:137} INFO - [2023-04-27T18:28:38.205+0300] {dag.py:3452} INFO - Setting next_dagrun for example_xcom_args to None, run_after=None
[2023-04-27T18:28:38.207+0300] {logging_mixin.py:137} INFO - [2023-04-27T18:28:38.207+0300] {dag.py:3452} INFO - Setting next_dagrun for example_xcom_args_with_operators to None, run_after=None
[2023-04-27T18:28:38.219+0300] {processor.py:175} INFO - Processing /home/vladimir/.local/lib/python3.10/site-packages/airflow/example_dags/example_xcomargs.py took 0.061 seconds
[2023-04-27T18:29:19.277+0300] {processor.py:153} INFO - Started process (PID=6337) to work on /home/vladimir/.local/lib/python3.10/site-packages/airflow/example_dags/example_xcomargs.py
[2023-04-27T18:29:19.278+0300] {processor.py:743} INFO - Processing file /home/vladimir/.local/lib/python3.10/site-packages/airflow/example_dags/example_xcomargs.py for tasks to queue
[2023-04-27T18:29:19.279+0300] {logging_mixin.py:137} INFO - [2023-04-27T18:29:19.279+0300] {dagbag.py:532} INFO - Filling up the DagBag from /home/vladimir/.local/lib/python3.10/site-packages/airflow/example_dags/example_xcomargs.py
[2023-04-27T18:29:19.302+0300] {processor.py:753} INFO - DAG(s) dict_keys(['example_xcom_args', 'example_xcom_args_with_operators']) retrieved from /home/vladimir/.local/lib/python3.10/site-packages/airflow/example_dags/example_xcomargs.py
[2023-04-27T18:29:19.320+0300] {logging_mixin.py:137} INFO - [2023-04-27T18:29:19.320+0300] {dag.py:2705} INFO - Sync 2 DAGs
[2023-04-27T18:29:19.333+0300] {logging_mixin.py:137} INFO - [2023-04-27T18:29:19.333+0300] {dag.py:3452} INFO - Setting next_dagrun for example_xcom_args to None, run_after=None
[2023-04-27T18:29:19.335+0300] {logging_mixin.py:137} INFO - [2023-04-27T18:29:19.335+0300] {dag.py:3452} INFO - Setting next_dagrun for example_xcom_args_with_operators to None, run_after=None
[2023-04-27T18:29:19.347+0300] {processor.py:175} INFO - Processing /home/vladimir/.local/lib/python3.10/site-packages/airflow/example_dags/example_xcomargs.py took 0.072 seconds
[2023-04-27T18:29:55.019+0300] {processor.py:153} INFO - Started process (PID=6419) to work on /home/vladimir/.local/lib/python3.10/site-packages/airflow/example_dags/example_xcomargs.py
[2023-04-27T18:29:55.020+0300] {processor.py:743} INFO - Processing file /home/vladimir/.local/lib/python3.10/site-packages/airflow/example_dags/example_xcomargs.py for tasks to queue
[2023-04-27T18:29:55.020+0300] {logging_mixin.py:137} INFO - [2023-04-27T18:29:55.020+0300] {dagbag.py:532} INFO - Filling up the DagBag from /home/vladimir/.local/lib/python3.10/site-packages/airflow/example_dags/example_xcomargs.py
[2023-04-27T18:29:55.041+0300] {processor.py:753} INFO - DAG(s) dict_keys(['example_xcom_args_with_operators', 'example_xcom_args']) retrieved from /home/vladimir/.local/lib/python3.10/site-packages/airflow/example_dags/example_xcomargs.py
[2023-04-27T18:29:55.059+0300] {logging_mixin.py:137} INFO - [2023-04-27T18:29:55.059+0300] {dag.py:2705} INFO - Sync 2 DAGs
[2023-04-27T18:29:55.072+0300] {logging_mixin.py:137} INFO - [2023-04-27T18:29:55.071+0300] {dag.py:3452} INFO - Setting next_dagrun for example_xcom_args to None, run_after=None
[2023-04-27T18:29:55.074+0300] {logging_mixin.py:137} INFO - [2023-04-27T18:29:55.074+0300] {dag.py:3452} INFO - Setting next_dagrun for example_xcom_args_with_operators to None, run_after=None
[2023-04-27T18:29:55.086+0300] {processor.py:175} INFO - Processing /home/vladimir/.local/lib/python3.10/site-packages/airflow/example_dags/example_xcomargs.py took 0.069 seconds
[2023-04-27T18:30:29.925+0300] {processor.py:153} INFO - Started process (PID=6490) to work on /home/vladimir/.local/lib/python3.10/site-packages/airflow/example_dags/example_xcomargs.py
[2023-04-27T18:30:29.926+0300] {processor.py:743} INFO - Processing file /home/vladimir/.local/lib/python3.10/site-packages/airflow/example_dags/example_xcomargs.py for tasks to queue
[2023-04-27T18:30:29.926+0300] {logging_mixin.py:137} INFO - [2023-04-27T18:30:29.926+0300] {dagbag.py:532} INFO - Filling up the DagBag from /home/vladimir/.local/lib/python3.10/site-packages/airflow/example_dags/example_xcomargs.py
[2023-04-27T18:30:29.944+0300] {processor.py:753} INFO - DAG(s) dict_keys(['example_xcom_args', 'example_xcom_args_with_operators']) retrieved from /home/vladimir/.local/lib/python3.10/site-packages/airflow/example_dags/example_xcomargs.py
[2023-04-27T18:30:29.959+0300] {logging_mixin.py:137} INFO - [2023-04-27T18:30:29.959+0300] {dag.py:2705} INFO - Sync 2 DAGs
[2023-04-27T18:30:29.971+0300] {logging_mixin.py:137} INFO - [2023-04-27T18:30:29.971+0300] {dag.py:3452} INFO - Setting next_dagrun for example_xcom_args to None, run_after=None
[2023-04-27T18:30:29.972+0300] {logging_mixin.py:137} INFO - [2023-04-27T18:30:29.972+0300] {dag.py:3452} INFO - Setting next_dagrun for example_xcom_args_with_operators to None, run_after=None
[2023-04-27T18:30:29.985+0300] {processor.py:175} INFO - Processing /home/vladimir/.local/lib/python3.10/site-packages/airflow/example_dags/example_xcomargs.py took 0.063 seconds
[2023-04-27T18:31:07.018+0300] {processor.py:153} INFO - Started process (PID=6585) to work on /home/vladimir/.local/lib/python3.10/site-packages/airflow/example_dags/example_xcomargs.py
[2023-04-27T18:31:07.019+0300] {processor.py:743} INFO - Processing file /home/vladimir/.local/lib/python3.10/site-packages/airflow/example_dags/example_xcomargs.py for tasks to queue
[2023-04-27T18:31:07.020+0300] {logging_mixin.py:137} INFO - [2023-04-27T18:31:07.019+0300] {dagbag.py:532} INFO - Filling up the DagBag from /home/vladimir/.local/lib/python3.10/site-packages/airflow/example_dags/example_xcomargs.py
[2023-04-27T18:31:07.037+0300] {processor.py:753} INFO - DAG(s) dict_keys(['example_xcom_args_with_operators', 'example_xcom_args']) retrieved from /home/vladimir/.local/lib/python3.10/site-packages/airflow/example_dags/example_xcomargs.py
[2023-04-27T18:31:07.052+0300] {logging_mixin.py:137} INFO - [2023-04-27T18:31:07.052+0300] {dag.py:2705} INFO - Sync 2 DAGs
[2023-04-27T18:31:07.065+0300] {logging_mixin.py:137} INFO - [2023-04-27T18:31:07.065+0300] {dag.py:3452} INFO - Setting next_dagrun for example_xcom_args to None, run_after=None
[2023-04-27T18:31:07.067+0300] {logging_mixin.py:137} INFO - [2023-04-27T18:31:07.066+0300] {dag.py:3452} INFO - Setting next_dagrun for example_xcom_args_with_operators to None, run_after=None
[2023-04-27T18:31:07.078+0300] {processor.py:175} INFO - Processing /home/vladimir/.local/lib/python3.10/site-packages/airflow/example_dags/example_xcomargs.py took 0.063 seconds
[2023-04-27T18:31:45.742+0300] {processor.py:153} INFO - Started process (PID=6658) to work on /home/vladimir/.local/lib/python3.10/site-packages/airflow/example_dags/example_xcomargs.py
[2023-04-27T18:31:45.742+0300] {processor.py:743} INFO - Processing file /home/vladimir/.local/lib/python3.10/site-packages/airflow/example_dags/example_xcomargs.py for tasks to queue
[2023-04-27T18:31:45.743+0300] {logging_mixin.py:137} INFO - [2023-04-27T18:31:45.743+0300] {dagbag.py:532} INFO - Filling up the DagBag from /home/vladimir/.local/lib/python3.10/site-packages/airflow/example_dags/example_xcomargs.py
[2023-04-27T18:31:45.759+0300] {processor.py:753} INFO - DAG(s) dict_keys(['example_xcom_args', 'example_xcom_args_with_operators']) retrieved from /home/vladimir/.local/lib/python3.10/site-packages/airflow/example_dags/example_xcomargs.py
[2023-04-27T18:31:45.776+0300] {logging_mixin.py:137} INFO - [2023-04-27T18:31:45.776+0300] {dag.py:2705} INFO - Sync 2 DAGs
[2023-04-27T18:31:45.789+0300] {logging_mixin.py:137} INFO - [2023-04-27T18:31:45.789+0300] {dag.py:3452} INFO - Setting next_dagrun for example_xcom_args to None, run_after=None
[2023-04-27T18:31:45.791+0300] {logging_mixin.py:137} INFO - [2023-04-27T18:31:45.791+0300] {dag.py:3452} INFO - Setting next_dagrun for example_xcom_args_with_operators to None, run_after=None
[2023-04-27T18:31:45.804+0300] {processor.py:175} INFO - Processing /home/vladimir/.local/lib/python3.10/site-packages/airflow/example_dags/example_xcomargs.py took 0.064 seconds
[2023-04-27T18:32:24.283+0300] {processor.py:153} INFO - Started process (PID=6718) to work on /home/vladimir/.local/lib/python3.10/site-packages/airflow/example_dags/example_xcomargs.py
[2023-04-27T18:32:24.284+0300] {processor.py:743} INFO - Processing file /home/vladimir/.local/lib/python3.10/site-packages/airflow/example_dags/example_xcomargs.py for tasks to queue
[2023-04-27T18:32:24.284+0300] {logging_mixin.py:137} INFO - [2023-04-27T18:32:24.284+0300] {dagbag.py:532} INFO - Filling up the DagBag from /home/vladimir/.local/lib/python3.10/site-packages/airflow/example_dags/example_xcomargs.py
[2023-04-27T18:32:24.304+0300] {processor.py:753} INFO - DAG(s) dict_keys(['example_xcom_args', 'example_xcom_args_with_operators']) retrieved from /home/vladimir/.local/lib/python3.10/site-packages/airflow/example_dags/example_xcomargs.py
[2023-04-27T18:32:24.323+0300] {logging_mixin.py:137} INFO - [2023-04-27T18:32:24.321+0300] {dag.py:2705} INFO - Sync 2 DAGs
[2023-04-27T18:32:24.338+0300] {logging_mixin.py:137} INFO - [2023-04-27T18:32:24.338+0300] {dag.py:3452} INFO - Setting next_dagrun for example_xcom_args to None, run_after=None
[2023-04-27T18:32:24.339+0300] {logging_mixin.py:137} INFO - [2023-04-27T18:32:24.339+0300] {dag.py:3452} INFO - Setting next_dagrun for example_xcom_args_with_operators to None, run_after=None
[2023-04-27T18:32:24.353+0300] {processor.py:175} INFO - Processing /home/vladimir/.local/lib/python3.10/site-packages/airflow/example_dags/example_xcomargs.py took 0.072 seconds
[2023-04-27T18:33:00.249+0300] {processor.py:153} INFO - Started process (PID=6869) to work on /home/vladimir/.local/lib/python3.10/site-packages/airflow/example_dags/example_xcomargs.py
[2023-04-27T18:33:00.250+0300] {processor.py:743} INFO - Processing file /home/vladimir/.local/lib/python3.10/site-packages/airflow/example_dags/example_xcomargs.py for tasks to queue
[2023-04-27T18:33:00.250+0300] {logging_mixin.py:137} INFO - [2023-04-27T18:33:00.250+0300] {dagbag.py:532} INFO - Filling up the DagBag from /home/vladimir/.local/lib/python3.10/site-packages/airflow/example_dags/example_xcomargs.py
[2023-04-27T18:33:00.268+0300] {processor.py:753} INFO - DAG(s) dict_keys(['example_xcom_args', 'example_xcom_args_with_operators']) retrieved from /home/vladimir/.local/lib/python3.10/site-packages/airflow/example_dags/example_xcomargs.py
[2023-04-27T18:33:00.286+0300] {logging_mixin.py:137} INFO - [2023-04-27T18:33:00.286+0300] {dag.py:2705} INFO - Sync 2 DAGs
[2023-04-27T18:33:00.299+0300] {logging_mixin.py:137} INFO - [2023-04-27T18:33:00.299+0300] {dag.py:3452} INFO - Setting next_dagrun for example_xcom_args to None, run_after=None
[2023-04-27T18:33:00.301+0300] {logging_mixin.py:137} INFO - [2023-04-27T18:33:00.301+0300] {dag.py:3452} INFO - Setting next_dagrun for example_xcom_args_with_operators to None, run_after=None
[2023-04-27T18:33:00.314+0300] {processor.py:175} INFO - Processing /home/vladimir/.local/lib/python3.10/site-packages/airflow/example_dags/example_xcomargs.py took 0.068 seconds
[2023-04-27T18:33:40.179+0300] {processor.py:153} INFO - Started process (PID=6929) to work on /home/vladimir/.local/lib/python3.10/site-packages/airflow/example_dags/example_xcomargs.py
[2023-04-27T18:33:40.179+0300] {processor.py:743} INFO - Processing file /home/vladimir/.local/lib/python3.10/site-packages/airflow/example_dags/example_xcomargs.py for tasks to queue
[2023-04-27T18:33:40.180+0300] {logging_mixin.py:137} INFO - [2023-04-27T18:33:40.180+0300] {dagbag.py:532} INFO - Filling up the DagBag from /home/vladimir/.local/lib/python3.10/site-packages/airflow/example_dags/example_xcomargs.py
[2023-04-27T18:33:40.197+0300] {processor.py:753} INFO - DAG(s) dict_keys(['example_xcom_args', 'example_xcom_args_with_operators']) retrieved from /home/vladimir/.local/lib/python3.10/site-packages/airflow/example_dags/example_xcomargs.py
[2023-04-27T18:33:40.213+0300] {logging_mixin.py:137} INFO - [2023-04-27T18:33:40.213+0300] {dag.py:2705} INFO - Sync 2 DAGs
[2023-04-27T18:33:40.225+0300] {logging_mixin.py:137} INFO - [2023-04-27T18:33:40.225+0300] {dag.py:3452} INFO - Setting next_dagrun for example_xcom_args to None, run_after=None
[2023-04-27T18:33:40.226+0300] {logging_mixin.py:137} INFO - [2023-04-27T18:33:40.226+0300] {dag.py:3452} INFO - Setting next_dagrun for example_xcom_args_with_operators to None, run_after=None
[2023-04-27T18:33:40.239+0300] {processor.py:175} INFO - Processing /home/vladimir/.local/lib/python3.10/site-packages/airflow/example_dags/example_xcomargs.py took 0.063 seconds
[2023-04-27T18:34:18.332+0300] {processor.py:153} INFO - Started process (PID=6992) to work on /home/vladimir/.local/lib/python3.10/site-packages/airflow/example_dags/example_xcomargs.py
[2023-04-27T18:34:18.333+0300] {processor.py:743} INFO - Processing file /home/vladimir/.local/lib/python3.10/site-packages/airflow/example_dags/example_xcomargs.py for tasks to queue
[2023-04-27T18:34:18.333+0300] {logging_mixin.py:137} INFO - [2023-04-27T18:34:18.333+0300] {dagbag.py:532} INFO - Filling up the DagBag from /home/vladimir/.local/lib/python3.10/site-packages/airflow/example_dags/example_xcomargs.py
[2023-04-27T18:34:18.352+0300] {processor.py:753} INFO - DAG(s) dict_keys(['example_xcom_args', 'example_xcom_args_with_operators']) retrieved from /home/vladimir/.local/lib/python3.10/site-packages/airflow/example_dags/example_xcomargs.py
[2023-04-27T18:34:18.369+0300] {logging_mixin.py:137} INFO - [2023-04-27T18:34:18.369+0300] {dag.py:2705} INFO - Sync 2 DAGs
[2023-04-27T18:34:18.382+0300] {logging_mixin.py:137} INFO - [2023-04-27T18:34:18.382+0300] {dag.py:3452} INFO - Setting next_dagrun for example_xcom_args to None, run_after=None
[2023-04-27T18:34:18.384+0300] {logging_mixin.py:137} INFO - [2023-04-27T18:34:18.384+0300] {dag.py:3452} INFO - Setting next_dagrun for example_xcom_args_with_operators to None, run_after=None
[2023-04-27T18:34:18.399+0300] {processor.py:175} INFO - Processing /home/vladimir/.local/lib/python3.10/site-packages/airflow/example_dags/example_xcomargs.py took 0.069 seconds
[2023-04-27T18:34:53.561+0300] {processor.py:153} INFO - Started process (PID=7078) to work on /home/vladimir/.local/lib/python3.10/site-packages/airflow/example_dags/example_xcomargs.py
[2023-04-27T18:34:53.561+0300] {processor.py:743} INFO - Processing file /home/vladimir/.local/lib/python3.10/site-packages/airflow/example_dags/example_xcomargs.py for tasks to queue
[2023-04-27T18:34:53.562+0300] {logging_mixin.py:137} INFO - [2023-04-27T18:34:53.562+0300] {dagbag.py:532} INFO - Filling up the DagBag from /home/vladimir/.local/lib/python3.10/site-packages/airflow/example_dags/example_xcomargs.py
[2023-04-27T18:34:53.621+0300] {processor.py:753} INFO - DAG(s) dict_keys(['example_xcom_args_with_operators', 'example_xcom_args']) retrieved from /home/vladimir/.local/lib/python3.10/site-packages/airflow/example_dags/example_xcomargs.py
[2023-04-27T18:34:53.697+0300] {logging_mixin.py:137} INFO - [2023-04-27T18:34:53.697+0300] {dag.py:2705} INFO - Sync 2 DAGs
[2023-04-27T18:34:53.746+0300] {logging_mixin.py:137} INFO - [2023-04-27T18:34:53.746+0300] {dag.py:3452} INFO - Setting next_dagrun for example_xcom_args to None, run_after=None
[2023-04-27T18:34:53.748+0300] {logging_mixin.py:137} INFO - [2023-04-27T18:34:53.748+0300] {dag.py:3452} INFO - Setting next_dagrun for example_xcom_args_with_operators to None, run_after=None
[2023-04-27T18:34:53.777+0300] {processor.py:175} INFO - Processing /home/vladimir/.local/lib/python3.10/site-packages/airflow/example_dags/example_xcomargs.py took 0.218 seconds
[2023-04-27T18:35:29.267+0300] {processor.py:153} INFO - Started process (PID=7385) to work on /home/vladimir/.local/lib/python3.10/site-packages/airflow/example_dags/example_xcomargs.py
[2023-04-27T18:35:29.268+0300] {processor.py:743} INFO - Processing file /home/vladimir/.local/lib/python3.10/site-packages/airflow/example_dags/example_xcomargs.py for tasks to queue
[2023-04-27T18:35:29.269+0300] {logging_mixin.py:137} INFO - [2023-04-27T18:35:29.269+0300] {dagbag.py:532} INFO - Filling up the DagBag from /home/vladimir/.local/lib/python3.10/site-packages/airflow/example_dags/example_xcomargs.py
[2023-04-27T18:35:29.286+0300] {processor.py:753} INFO - DAG(s) dict_keys(['example_xcom_args_with_operators', 'example_xcom_args']) retrieved from /home/vladimir/.local/lib/python3.10/site-packages/airflow/example_dags/example_xcomargs.py
[2023-04-27T18:35:29.300+0300] {logging_mixin.py:137} INFO - [2023-04-27T18:35:29.300+0300] {dag.py:2705} INFO - Sync 2 DAGs
[2023-04-27T18:35:29.313+0300] {logging_mixin.py:137} INFO - [2023-04-27T18:35:29.312+0300] {dag.py:3452} INFO - Setting next_dagrun for example_xcom_args to None, run_after=None
[2023-04-27T18:35:29.314+0300] {logging_mixin.py:137} INFO - [2023-04-27T18:35:29.314+0300] {dag.py:3452} INFO - Setting next_dagrun for example_xcom_args_with_operators to None, run_after=None
[2023-04-27T18:35:29.325+0300] {processor.py:175} INFO - Processing /home/vladimir/.local/lib/python3.10/site-packages/airflow/example_dags/example_xcomargs.py took 0.060 seconds
[2023-04-27T18:36:06.801+0300] {processor.py:153} INFO - Started process (PID=7506) to work on /home/vladimir/.local/lib/python3.10/site-packages/airflow/example_dags/example_xcomargs.py
[2023-04-27T18:36:06.802+0300] {processor.py:743} INFO - Processing file /home/vladimir/.local/lib/python3.10/site-packages/airflow/example_dags/example_xcomargs.py for tasks to queue
[2023-04-27T18:36:06.803+0300] {logging_mixin.py:137} INFO - [2023-04-27T18:36:06.803+0300] {dagbag.py:532} INFO - Filling up the DagBag from /home/vladimir/.local/lib/python3.10/site-packages/airflow/example_dags/example_xcomargs.py
[2023-04-27T18:36:06.820+0300] {processor.py:753} INFO - DAG(s) dict_keys(['example_xcom_args_with_operators', 'example_xcom_args']) retrieved from /home/vladimir/.local/lib/python3.10/site-packages/airflow/example_dags/example_xcomargs.py
[2023-04-27T18:36:06.834+0300] {logging_mixin.py:137} INFO - [2023-04-27T18:36:06.834+0300] {dag.py:2705} INFO - Sync 2 DAGs
[2023-04-27T18:36:06.847+0300] {logging_mixin.py:137} INFO - [2023-04-27T18:36:06.847+0300] {dag.py:3452} INFO - Setting next_dagrun for example_xcom_args to None, run_after=None
[2023-04-27T18:36:06.848+0300] {logging_mixin.py:137} INFO - [2023-04-27T18:36:06.848+0300] {dag.py:3452} INFO - Setting next_dagrun for example_xcom_args_with_operators to None, run_after=None
[2023-04-27T18:36:06.859+0300] {processor.py:175} INFO - Processing /home/vladimir/.local/lib/python3.10/site-packages/airflow/example_dags/example_xcomargs.py took 0.060 seconds
[2023-04-27T18:36:41.450+0300] {processor.py:153} INFO - Started process (PID=7567) to work on /home/vladimir/.local/lib/python3.10/site-packages/airflow/example_dags/example_xcomargs.py
[2023-04-27T18:36:41.450+0300] {processor.py:743} INFO - Processing file /home/vladimir/.local/lib/python3.10/site-packages/airflow/example_dags/example_xcomargs.py for tasks to queue
[2023-04-27T18:36:41.451+0300] {logging_mixin.py:137} INFO - [2023-04-27T18:36:41.451+0300] {dagbag.py:532} INFO - Filling up the DagBag from /home/vladimir/.local/lib/python3.10/site-packages/airflow/example_dags/example_xcomargs.py
[2023-04-27T18:36:41.468+0300] {processor.py:753} INFO - DAG(s) dict_keys(['example_xcom_args', 'example_xcom_args_with_operators']) retrieved from /home/vladimir/.local/lib/python3.10/site-packages/airflow/example_dags/example_xcomargs.py
[2023-04-27T18:36:41.483+0300] {logging_mixin.py:137} INFO - [2023-04-27T18:36:41.483+0300] {dag.py:2705} INFO - Sync 2 DAGs
[2023-04-27T18:36:41.496+0300] {logging_mixin.py:137} INFO - [2023-04-27T18:36:41.495+0300] {dag.py:3452} INFO - Setting next_dagrun for example_xcom_args to None, run_after=None
[2023-04-27T18:36:41.497+0300] {logging_mixin.py:137} INFO - [2023-04-27T18:36:41.497+0300] {dag.py:3452} INFO - Setting next_dagrun for example_xcom_args_with_operators to None, run_after=None
[2023-04-27T18:36:41.508+0300] {processor.py:175} INFO - Processing /home/vladimir/.local/lib/python3.10/site-packages/airflow/example_dags/example_xcomargs.py took 0.061 seconds
[2023-04-27T18:37:19.655+0300] {processor.py:153} INFO - Started process (PID=7650) to work on /home/vladimir/.local/lib/python3.10/site-packages/airflow/example_dags/example_xcomargs.py
[2023-04-27T18:37:19.656+0300] {processor.py:743} INFO - Processing file /home/vladimir/.local/lib/python3.10/site-packages/airflow/example_dags/example_xcomargs.py for tasks to queue
[2023-04-27T18:37:19.657+0300] {logging_mixin.py:137} INFO - [2023-04-27T18:37:19.657+0300] {dagbag.py:532} INFO - Filling up the DagBag from /home/vladimir/.local/lib/python3.10/site-packages/airflow/example_dags/example_xcomargs.py
[2023-04-27T18:37:19.675+0300] {processor.py:753} INFO - DAG(s) dict_keys(['example_xcom_args_with_operators', 'example_xcom_args']) retrieved from /home/vladimir/.local/lib/python3.10/site-packages/airflow/example_dags/example_xcomargs.py
[2023-04-27T18:37:19.690+0300] {logging_mixin.py:137} INFO - [2023-04-27T18:37:19.690+0300] {dag.py:2705} INFO - Sync 2 DAGs
[2023-04-27T18:37:19.703+0300] {logging_mixin.py:137} INFO - [2023-04-27T18:37:19.703+0300] {dag.py:3452} INFO - Setting next_dagrun for example_xcom_args to None, run_after=None
[2023-04-27T18:37:19.705+0300] {logging_mixin.py:137} INFO - [2023-04-27T18:37:19.705+0300] {dag.py:3452} INFO - Setting next_dagrun for example_xcom_args_with_operators to None, run_after=None
[2023-04-27T18:37:19.718+0300] {processor.py:175} INFO - Processing /home/vladimir/.local/lib/python3.10/site-packages/airflow/example_dags/example_xcomargs.py took 0.065 seconds
[2023-04-27T18:37:55.120+0300] {processor.py:153} INFO - Started process (PID=7702) to work on /home/vladimir/.local/lib/python3.10/site-packages/airflow/example_dags/example_xcomargs.py
[2023-04-27T18:37:55.120+0300] {processor.py:743} INFO - Processing file /home/vladimir/.local/lib/python3.10/site-packages/airflow/example_dags/example_xcomargs.py for tasks to queue
[2023-04-27T18:37:55.121+0300] {logging_mixin.py:137} INFO - [2023-04-27T18:37:55.121+0300] {dagbag.py:532} INFO - Filling up the DagBag from /home/vladimir/.local/lib/python3.10/site-packages/airflow/example_dags/example_xcomargs.py
[2023-04-27T18:37:55.140+0300] {processor.py:753} INFO - DAG(s) dict_keys(['example_xcom_args_with_operators', 'example_xcom_args']) retrieved from /home/vladimir/.local/lib/python3.10/site-packages/airflow/example_dags/example_xcomargs.py
[2023-04-27T18:37:55.156+0300] {logging_mixin.py:137} INFO - [2023-04-27T18:37:55.156+0300] {dag.py:2705} INFO - Sync 2 DAGs
[2023-04-27T18:37:55.169+0300] {logging_mixin.py:137} INFO - [2023-04-27T18:37:55.168+0300] {dag.py:3452} INFO - Setting next_dagrun for example_xcom_args to None, run_after=None
[2023-04-27T18:37:55.170+0300] {logging_mixin.py:137} INFO - [2023-04-27T18:37:55.170+0300] {dag.py:3452} INFO - Setting next_dagrun for example_xcom_args_with_operators to None, run_after=None
[2023-04-27T18:37:55.183+0300] {processor.py:175} INFO - Processing /home/vladimir/.local/lib/python3.10/site-packages/airflow/example_dags/example_xcomargs.py took 0.066 seconds
[2023-04-27T18:38:29.109+0300] {processor.py:153} INFO - Started process (PID=8001) to work on /home/vladimir/.local/lib/python3.10/site-packages/airflow/example_dags/example_xcomargs.py
[2023-04-27T18:38:29.110+0300] {processor.py:743} INFO - Processing file /home/vladimir/.local/lib/python3.10/site-packages/airflow/example_dags/example_xcomargs.py for tasks to queue
[2023-04-27T18:38:29.110+0300] {logging_mixin.py:137} INFO - [2023-04-27T18:38:29.110+0300] {dagbag.py:532} INFO - Filling up the DagBag from /home/vladimir/.local/lib/python3.10/site-packages/airflow/example_dags/example_xcomargs.py
[2023-04-27T18:38:29.128+0300] {processor.py:753} INFO - DAG(s) dict_keys(['example_xcom_args', 'example_xcom_args_with_operators']) retrieved from /home/vladimir/.local/lib/python3.10/site-packages/airflow/example_dags/example_xcomargs.py
[2023-04-27T18:38:29.146+0300] {logging_mixin.py:137} INFO - [2023-04-27T18:38:29.146+0300] {dag.py:2705} INFO - Sync 2 DAGs
[2023-04-27T18:38:29.161+0300] {logging_mixin.py:137} INFO - [2023-04-27T18:38:29.161+0300] {dag.py:3452} INFO - Setting next_dagrun for example_xcom_args to None, run_after=None
[2023-04-27T18:38:29.163+0300] {logging_mixin.py:137} INFO - [2023-04-27T18:38:29.163+0300] {dag.py:3452} INFO - Setting next_dagrun for example_xcom_args_with_operators to None, run_after=None
[2023-04-27T18:38:29.175+0300] {processor.py:175} INFO - Processing /home/vladimir/.local/lib/python3.10/site-packages/airflow/example_dags/example_xcomargs.py took 0.069 seconds
[2023-04-27T18:39:08.423+0300] {processor.py:153} INFO - Started process (PID=8099) to work on /home/vladimir/.local/lib/python3.10/site-packages/airflow/example_dags/example_xcomargs.py
[2023-04-27T18:39:08.424+0300] {processor.py:743} INFO - Processing file /home/vladimir/.local/lib/python3.10/site-packages/airflow/example_dags/example_xcomargs.py for tasks to queue
[2023-04-27T18:39:08.424+0300] {logging_mixin.py:137} INFO - [2023-04-27T18:39:08.424+0300] {dagbag.py:532} INFO - Filling up the DagBag from /home/vladimir/.local/lib/python3.10/site-packages/airflow/example_dags/example_xcomargs.py
[2023-04-27T18:39:08.442+0300] {processor.py:753} INFO - DAG(s) dict_keys(['example_xcom_args', 'example_xcom_args_with_operators']) retrieved from /home/vladimir/.local/lib/python3.10/site-packages/airflow/example_dags/example_xcomargs.py
[2023-04-27T18:39:08.458+0300] {logging_mixin.py:137} INFO - [2023-04-27T18:39:08.458+0300] {dag.py:2705} INFO - Sync 2 DAGs
[2023-04-27T18:39:08.470+0300] {logging_mixin.py:137} INFO - [2023-04-27T18:39:08.470+0300] {dag.py:3452} INFO - Setting next_dagrun for example_xcom_args to None, run_after=None
[2023-04-27T18:39:08.471+0300] {logging_mixin.py:137} INFO - [2023-04-27T18:39:08.471+0300] {dag.py:3452} INFO - Setting next_dagrun for example_xcom_args_with_operators to None, run_after=None
[2023-04-27T18:39:08.483+0300] {processor.py:175} INFO - Processing /home/vladimir/.local/lib/python3.10/site-packages/airflow/example_dags/example_xcomargs.py took 0.062 seconds
[2023-04-27T18:39:47.297+0300] {processor.py:153} INFO - Started process (PID=8176) to work on /home/vladimir/.local/lib/python3.10/site-packages/airflow/example_dags/example_xcomargs.py
[2023-04-27T18:39:47.298+0300] {processor.py:743} INFO - Processing file /home/vladimir/.local/lib/python3.10/site-packages/airflow/example_dags/example_xcomargs.py for tasks to queue
[2023-04-27T18:39:47.298+0300] {logging_mixin.py:137} INFO - [2023-04-27T18:39:47.298+0300] {dagbag.py:532} INFO - Filling up the DagBag from /home/vladimir/.local/lib/python3.10/site-packages/airflow/example_dags/example_xcomargs.py
[2023-04-27T18:39:47.316+0300] {processor.py:753} INFO - DAG(s) dict_keys(['example_xcom_args', 'example_xcom_args_with_operators']) retrieved from /home/vladimir/.local/lib/python3.10/site-packages/airflow/example_dags/example_xcomargs.py
[2023-04-27T18:39:47.332+0300] {logging_mixin.py:137} INFO - [2023-04-27T18:39:47.332+0300] {dag.py:2705} INFO - Sync 2 DAGs
[2023-04-27T18:39:47.345+0300] {logging_mixin.py:137} INFO - [2023-04-27T18:39:47.344+0300] {dag.py:3452} INFO - Setting next_dagrun for example_xcom_args to None, run_after=None
[2023-04-27T18:39:47.346+0300] {logging_mixin.py:137} INFO - [2023-04-27T18:39:47.346+0300] {dag.py:3452} INFO - Setting next_dagrun for example_xcom_args_with_operators to None, run_after=None
[2023-04-27T18:39:47.364+0300] {processor.py:175} INFO - Processing /home/vladimir/.local/lib/python3.10/site-packages/airflow/example_dags/example_xcomargs.py took 0.068 seconds
[2023-04-27T18:40:24.819+0300] {processor.py:153} INFO - Started process (PID=8275) to work on /home/vladimir/.local/lib/python3.10/site-packages/airflow/example_dags/example_xcomargs.py
[2023-04-27T18:40:24.820+0300] {processor.py:743} INFO - Processing file /home/vladimir/.local/lib/python3.10/site-packages/airflow/example_dags/example_xcomargs.py for tasks to queue
[2023-04-27T18:40:24.820+0300] {logging_mixin.py:137} INFO - [2023-04-27T18:40:24.820+0300] {dagbag.py:532} INFO - Filling up the DagBag from /home/vladimir/.local/lib/python3.10/site-packages/airflow/example_dags/example_xcomargs.py
[2023-04-27T18:40:24.836+0300] {processor.py:753} INFO - DAG(s) dict_keys(['example_xcom_args_with_operators', 'example_xcom_args']) retrieved from /home/vladimir/.local/lib/python3.10/site-packages/airflow/example_dags/example_xcomargs.py
[2023-04-27T18:40:24.852+0300] {logging_mixin.py:137} INFO - [2023-04-27T18:40:24.851+0300] {dag.py:2705} INFO - Sync 2 DAGs
[2023-04-27T18:40:24.864+0300] {logging_mixin.py:137} INFO - [2023-04-27T18:40:24.864+0300] {dag.py:3452} INFO - Setting next_dagrun for example_xcom_args to None, run_after=None
[2023-04-27T18:40:24.865+0300] {logging_mixin.py:137} INFO - [2023-04-27T18:40:24.865+0300] {dag.py:3452} INFO - Setting next_dagrun for example_xcom_args_with_operators to None, run_after=None
[2023-04-27T18:40:24.875+0300] {processor.py:175} INFO - Processing /home/vladimir/.local/lib/python3.10/site-packages/airflow/example_dags/example_xcomargs.py took 0.059 seconds
[2023-04-27T18:41:11.004+0300] {processor.py:153} INFO - Started process (PID=2813) to work on /home/vladimir/.local/lib/python3.10/site-packages/airflow/example_dags/example_xcomargs.py
[2023-04-27T18:41:11.005+0300] {processor.py:743} INFO - Processing file /home/vladimir/.local/lib/python3.10/site-packages/airflow/example_dags/example_xcomargs.py for tasks to queue
[2023-04-27T18:41:11.006+0300] {logging_mixin.py:137} INFO - [2023-04-27T18:41:11.006+0300] {dagbag.py:532} INFO - Filling up the DagBag from /home/vladimir/.local/lib/python3.10/site-packages/airflow/example_dags/example_xcomargs.py
[2023-04-27T18:41:11.031+0300] {processor.py:753} INFO - DAG(s) dict_keys(['example_xcom_args', 'example_xcom_args_with_operators']) retrieved from /home/vladimir/.local/lib/python3.10/site-packages/airflow/example_dags/example_xcomargs.py
[2023-04-27T18:41:11.051+0300] {logging_mixin.py:137} INFO - [2023-04-27T18:41:11.051+0300] {dag.py:2705} INFO - Sync 2 DAGs
[2023-04-27T18:41:11.066+0300] {logging_mixin.py:137} INFO - [2023-04-27T18:41:11.066+0300] {dag.py:3452} INFO - Setting next_dagrun for example_xcom_args to None, run_after=None
[2023-04-27T18:41:11.068+0300] {logging_mixin.py:137} INFO - [2023-04-27T18:41:11.068+0300] {dag.py:3452} INFO - Setting next_dagrun for example_xcom_args_with_operators to None, run_after=None
[2023-04-27T18:41:11.081+0300] {processor.py:175} INFO - Processing /home/vladimir/.local/lib/python3.10/site-packages/airflow/example_dags/example_xcomargs.py took 0.080 seconds
[2023-04-27T18:41:50.063+0300] {processor.py:153} INFO - Started process (PID=3429) to work on /home/vladimir/.local/lib/python3.10/site-packages/airflow/example_dags/example_xcomargs.py
[2023-04-27T18:41:50.064+0300] {processor.py:743} INFO - Processing file /home/vladimir/.local/lib/python3.10/site-packages/airflow/example_dags/example_xcomargs.py for tasks to queue
[2023-04-27T18:41:50.065+0300] {logging_mixin.py:137} INFO - [2023-04-27T18:41:50.065+0300] {dagbag.py:532} INFO - Filling up the DagBag from /home/vladimir/.local/lib/python3.10/site-packages/airflow/example_dags/example_xcomargs.py
[2023-04-27T18:41:50.082+0300] {processor.py:753} INFO - DAG(s) dict_keys(['example_xcom_args', 'example_xcom_args_with_operators']) retrieved from /home/vladimir/.local/lib/python3.10/site-packages/airflow/example_dags/example_xcomargs.py
[2023-04-27T18:41:50.099+0300] {logging_mixin.py:137} INFO - [2023-04-27T18:41:50.099+0300] {dag.py:2705} INFO - Sync 2 DAGs
[2023-04-27T18:41:50.111+0300] {logging_mixin.py:137} INFO - [2023-04-27T18:41:50.111+0300] {dag.py:3452} INFO - Setting next_dagrun for example_xcom_args to None, run_after=None
[2023-04-27T18:41:50.112+0300] {logging_mixin.py:137} INFO - [2023-04-27T18:41:50.112+0300] {dag.py:3452} INFO - Setting next_dagrun for example_xcom_args_with_operators to None, run_after=None
[2023-04-27T18:41:50.124+0300] {processor.py:175} INFO - Processing /home/vladimir/.local/lib/python3.10/site-packages/airflow/example_dags/example_xcomargs.py took 0.062 seconds
[2023-04-27T18:42:32.256+0300] {processor.py:153} INFO - Started process (PID=4498) to work on /home/vladimir/.local/lib/python3.10/site-packages/airflow/example_dags/example_xcomargs.py
[2023-04-27T18:42:32.262+0300] {processor.py:743} INFO - Processing file /home/vladimir/.local/lib/python3.10/site-packages/airflow/example_dags/example_xcomargs.py for tasks to queue
[2023-04-27T18:42:32.262+0300] {logging_mixin.py:137} INFO - [2023-04-27T18:42:32.262+0300] {dagbag.py:532} INFO - Filling up the DagBag from /home/vladimir/.local/lib/python3.10/site-packages/airflow/example_dags/example_xcomargs.py
[2023-04-27T18:42:32.282+0300] {processor.py:753} INFO - DAG(s) dict_keys(['example_xcom_args_with_operators', 'example_xcom_args']) retrieved from /home/vladimir/.local/lib/python3.10/site-packages/airflow/example_dags/example_xcomargs.py
[2023-04-27T18:42:32.302+0300] {logging_mixin.py:137} INFO - [2023-04-27T18:42:32.302+0300] {dag.py:2705} INFO - Sync 2 DAGs
[2023-04-27T18:42:32.320+0300] {logging_mixin.py:137} INFO - [2023-04-27T18:42:32.320+0300] {dag.py:3452} INFO - Setting next_dagrun for example_xcom_args to None, run_after=None
[2023-04-27T18:42:32.322+0300] {logging_mixin.py:137} INFO - [2023-04-27T18:42:32.322+0300] {dag.py:3452} INFO - Setting next_dagrun for example_xcom_args_with_operators to None, run_after=None
[2023-04-27T18:42:32.340+0300] {processor.py:175} INFO - Processing /home/vladimir/.local/lib/python3.10/site-packages/airflow/example_dags/example_xcomargs.py took 0.086 seconds
[2023-04-27T18:43:08.417+0300] {processor.py:153} INFO - Started process (PID=5031) to work on /home/vladimir/.local/lib/python3.10/site-packages/airflow/example_dags/example_xcomargs.py
[2023-04-27T18:43:08.418+0300] {processor.py:743} INFO - Processing file /home/vladimir/.local/lib/python3.10/site-packages/airflow/example_dags/example_xcomargs.py for tasks to queue
[2023-04-27T18:43:08.419+0300] {logging_mixin.py:137} INFO - [2023-04-27T18:43:08.419+0300] {dagbag.py:532} INFO - Filling up the DagBag from /home/vladimir/.local/lib/python3.10/site-packages/airflow/example_dags/example_xcomargs.py
[2023-04-27T18:43:08.436+0300] {processor.py:753} INFO - DAG(s) dict_keys(['example_xcom_args_with_operators', 'example_xcom_args']) retrieved from /home/vladimir/.local/lib/python3.10/site-packages/airflow/example_dags/example_xcomargs.py
[2023-04-27T18:43:08.451+0300] {logging_mixin.py:137} INFO - [2023-04-27T18:43:08.451+0300] {dag.py:2705} INFO - Sync 2 DAGs
[2023-04-27T18:43:08.464+0300] {logging_mixin.py:137} INFO - [2023-04-27T18:43:08.464+0300] {dag.py:3452} INFO - Setting next_dagrun for example_xcom_args to None, run_after=None
[2023-04-27T18:43:08.466+0300] {logging_mixin.py:137} INFO - [2023-04-27T18:43:08.466+0300] {dag.py:3452} INFO - Setting next_dagrun for example_xcom_args_with_operators to None, run_after=None
[2023-04-27T18:43:08.478+0300] {processor.py:175} INFO - Processing /home/vladimir/.local/lib/python3.10/site-packages/airflow/example_dags/example_xcomargs.py took 0.063 seconds
[2023-04-27T18:43:50.445+0300] {processor.py:153} INFO - Started process (PID=6073) to work on /home/vladimir/.local/lib/python3.10/site-packages/airflow/example_dags/example_xcomargs.py
[2023-04-27T18:43:50.449+0300] {processor.py:743} INFO - Processing file /home/vladimir/.local/lib/python3.10/site-packages/airflow/example_dags/example_xcomargs.py for tasks to queue
[2023-04-27T18:43:50.450+0300] {logging_mixin.py:137} INFO - [2023-04-27T18:43:50.450+0300] {dagbag.py:532} INFO - Filling up the DagBag from /home/vladimir/.local/lib/python3.10/site-packages/airflow/example_dags/example_xcomargs.py
[2023-04-27T18:43:50.487+0300] {processor.py:753} INFO - DAG(s) dict_keys(['example_xcom_args_with_operators', 'example_xcom_args']) retrieved from /home/vladimir/.local/lib/python3.10/site-packages/airflow/example_dags/example_xcomargs.py
[2023-04-27T18:43:50.539+0300] {logging_mixin.py:137} INFO - [2023-04-27T18:43:50.539+0300] {dag.py:2705} INFO - Sync 2 DAGs
[2023-04-27T18:43:50.583+0300] {logging_mixin.py:137} INFO - [2023-04-27T18:43:50.583+0300] {dag.py:3452} INFO - Setting next_dagrun for example_xcom_args to None, run_after=None
[2023-04-27T18:43:50.585+0300] {logging_mixin.py:137} INFO - [2023-04-27T18:43:50.585+0300] {dag.py:3452} INFO - Setting next_dagrun for example_xcom_args_with_operators to None, run_after=None
[2023-04-27T18:43:50.621+0300] {processor.py:175} INFO - Processing /home/vladimir/.local/lib/python3.10/site-packages/airflow/example_dags/example_xcomargs.py took 0.193 seconds
[2023-04-27T18:44:27.390+0300] {processor.py:153} INFO - Started process (PID=8860) to work on /home/vladimir/.local/lib/python3.10/site-packages/airflow/example_dags/example_xcomargs.py
[2023-04-27T18:44:27.393+0300] {processor.py:743} INFO - Processing file /home/vladimir/.local/lib/python3.10/site-packages/airflow/example_dags/example_xcomargs.py for tasks to queue
[2023-04-27T18:44:27.394+0300] {logging_mixin.py:137} INFO - [2023-04-27T18:44:27.394+0300] {dagbag.py:532} INFO - Filling up the DagBag from /home/vladimir/.local/lib/python3.10/site-packages/airflow/example_dags/example_xcomargs.py
[2023-04-27T18:44:27.431+0300] {processor.py:753} INFO - DAG(s) dict_keys(['example_xcom_args', 'example_xcom_args_with_operators']) retrieved from /home/vladimir/.local/lib/python3.10/site-packages/airflow/example_dags/example_xcomargs.py
[2023-04-27T18:44:27.483+0300] {logging_mixin.py:137} INFO - [2023-04-27T18:44:27.483+0300] {dag.py:2705} INFO - Sync 2 DAGs
[2023-04-27T18:44:27.518+0300] {logging_mixin.py:137} INFO - [2023-04-27T18:44:27.517+0300] {dag.py:3452} INFO - Setting next_dagrun for example_xcom_args to None, run_after=None
[2023-04-27T18:44:27.520+0300] {logging_mixin.py:137} INFO - [2023-04-27T18:44:27.520+0300] {dag.py:3452} INFO - Setting next_dagrun for example_xcom_args_with_operators to None, run_after=None
[2023-04-27T18:44:27.532+0300] {processor.py:175} INFO - Processing /home/vladimir/.local/lib/python3.10/site-packages/airflow/example_dags/example_xcomargs.py took 0.152 seconds
[2023-04-27T18:45:06.980+0300] {processor.py:153} INFO - Started process (PID=9971) to work on /home/vladimir/.local/lib/python3.10/site-packages/airflow/example_dags/example_xcomargs.py
[2023-04-27T18:45:06.991+0300] {processor.py:743} INFO - Processing file /home/vladimir/.local/lib/python3.10/site-packages/airflow/example_dags/example_xcomargs.py for tasks to queue
[2023-04-27T18:45:06.992+0300] {logging_mixin.py:137} INFO - [2023-04-27T18:45:06.992+0300] {dagbag.py:532} INFO - Filling up the DagBag from /home/vladimir/.local/lib/python3.10/site-packages/airflow/example_dags/example_xcomargs.py
[2023-04-27T18:45:07.041+0300] {processor.py:753} INFO - DAG(s) dict_keys(['example_xcom_args', 'example_xcom_args_with_operators']) retrieved from /home/vladimir/.local/lib/python3.10/site-packages/airflow/example_dags/example_xcomargs.py
[2023-04-27T18:45:07.060+0300] {logging_mixin.py:137} INFO - [2023-04-27T18:45:07.060+0300] {dag.py:2705} INFO - Sync 2 DAGs
[2023-04-27T18:45:07.074+0300] {logging_mixin.py:137} INFO - [2023-04-27T18:45:07.074+0300] {dag.py:3452} INFO - Setting next_dagrun for example_xcom_args to None, run_after=None
[2023-04-27T18:45:07.075+0300] {logging_mixin.py:137} INFO - [2023-04-27T18:45:07.075+0300] {dag.py:3452} INFO - Setting next_dagrun for example_xcom_args_with_operators to None, run_after=None
[2023-04-27T18:45:07.088+0300] {processor.py:175} INFO - Processing /home/vladimir/.local/lib/python3.10/site-packages/airflow/example_dags/example_xcomargs.py took 0.111 seconds
[2023-04-27T18:45:54.155+0300] {processor.py:153} INFO - Started process (PID=16223) to work on /home/vladimir/.local/lib/python3.10/site-packages/airflow/example_dags/example_xcomargs.py
[2023-04-27T18:45:54.156+0300] {processor.py:743} INFO - Processing file /home/vladimir/.local/lib/python3.10/site-packages/airflow/example_dags/example_xcomargs.py for tasks to queue
[2023-04-27T18:45:54.157+0300] {logging_mixin.py:137} INFO - [2023-04-27T18:45:54.157+0300] {dagbag.py:532} INFO - Filling up the DagBag from /home/vladimir/.local/lib/python3.10/site-packages/airflow/example_dags/example_xcomargs.py
[2023-04-27T18:45:54.179+0300] {processor.py:753} INFO - DAG(s) dict_keys(['example_xcom_args_with_operators', 'example_xcom_args']) retrieved from /home/vladimir/.local/lib/python3.10/site-packages/airflow/example_dags/example_xcomargs.py
[2023-04-27T18:45:54.201+0300] {logging_mixin.py:137} INFO - [2023-04-27T18:45:54.200+0300] {dag.py:2705} INFO - Sync 2 DAGs
[2023-04-27T18:45:54.215+0300] {logging_mixin.py:137} INFO - [2023-04-27T18:45:54.215+0300] {dag.py:3452} INFO - Setting next_dagrun for example_xcom_args to None, run_after=None
[2023-04-27T18:45:54.217+0300] {logging_mixin.py:137} INFO - [2023-04-27T18:45:54.217+0300] {dag.py:3452} INFO - Setting next_dagrun for example_xcom_args_with_operators to None, run_after=None
[2023-04-27T18:45:54.231+0300] {processor.py:175} INFO - Processing /home/vladimir/.local/lib/python3.10/site-packages/airflow/example_dags/example_xcomargs.py took 0.100 seconds
[2023-04-27T18:46:47.006+0300] {processor.py:153} INFO - Started process (PID=2750) to work on /home/vladimir/.local/lib/python3.10/site-packages/airflow/example_dags/example_xcomargs.py
[2023-04-27T18:46:47.007+0300] {processor.py:743} INFO - Processing file /home/vladimir/.local/lib/python3.10/site-packages/airflow/example_dags/example_xcomargs.py for tasks to queue
[2023-04-27T18:46:47.007+0300] {logging_mixin.py:137} INFO - [2023-04-27T18:46:47.007+0300] {dagbag.py:532} INFO - Filling up the DagBag from /home/vladimir/.local/lib/python3.10/site-packages/airflow/example_dags/example_xcomargs.py
[2023-04-27T18:46:47.031+0300] {processor.py:753} INFO - DAG(s) dict_keys(['example_xcom_args', 'example_xcom_args_with_operators']) retrieved from /home/vladimir/.local/lib/python3.10/site-packages/airflow/example_dags/example_xcomargs.py
[2023-04-27T18:46:47.051+0300] {logging_mixin.py:137} INFO - [2023-04-27T18:46:47.051+0300] {dag.py:2705} INFO - Sync 2 DAGs
[2023-04-27T18:46:47.071+0300] {logging_mixin.py:137} INFO - [2023-04-27T18:46:47.071+0300] {dag.py:3452} INFO - Setting next_dagrun for example_xcom_args to None, run_after=None
[2023-04-27T18:46:47.075+0300] {logging_mixin.py:137} INFO - [2023-04-27T18:46:47.074+0300] {dag.py:3452} INFO - Setting next_dagrun for example_xcom_args_with_operators to None, run_after=None
[2023-04-27T18:46:47.091+0300] {processor.py:175} INFO - Processing /home/vladimir/.local/lib/python3.10/site-packages/airflow/example_dags/example_xcomargs.py took 0.088 seconds
[2023-04-27T18:47:27.193+0300] {processor.py:153} INFO - Started process (PID=3751) to work on /home/vladimir/.local/lib/python3.10/site-packages/airflow/example_dags/example_xcomargs.py
[2023-04-27T18:47:27.194+0300] {processor.py:743} INFO - Processing file /home/vladimir/.local/lib/python3.10/site-packages/airflow/example_dags/example_xcomargs.py for tasks to queue
[2023-04-27T18:47:27.194+0300] {logging_mixin.py:137} INFO - [2023-04-27T18:47:27.194+0300] {dagbag.py:532} INFO - Filling up the DagBag from /home/vladimir/.local/lib/python3.10/site-packages/airflow/example_dags/example_xcomargs.py
[2023-04-27T18:47:27.213+0300] {processor.py:753} INFO - DAG(s) dict_keys(['example_xcom_args', 'example_xcom_args_with_operators']) retrieved from /home/vladimir/.local/lib/python3.10/site-packages/airflow/example_dags/example_xcomargs.py
[2023-04-27T18:47:27.230+0300] {logging_mixin.py:137} INFO - [2023-04-27T18:47:27.230+0300] {dag.py:2705} INFO - Sync 2 DAGs
[2023-04-27T18:47:27.244+0300] {logging_mixin.py:137} INFO - [2023-04-27T18:47:27.244+0300] {dag.py:3452} INFO - Setting next_dagrun for example_xcom_args to None, run_after=None
[2023-04-27T18:47:27.245+0300] {logging_mixin.py:137} INFO - [2023-04-27T18:47:27.245+0300] {dag.py:3452} INFO - Setting next_dagrun for example_xcom_args_with_operators to None, run_after=None
[2023-04-27T18:47:27.258+0300] {processor.py:175} INFO - Processing /home/vladimir/.local/lib/python3.10/site-packages/airflow/example_dags/example_xcomargs.py took 0.068 seconds
[2023-04-27T18:48:08.243+0300] {processor.py:153} INFO - Started process (PID=4110) to work on /home/vladimir/.local/lib/python3.10/site-packages/airflow/example_dags/example_xcomargs.py
[2023-04-27T18:48:08.244+0300] {processor.py:743} INFO - Processing file /home/vladimir/.local/lib/python3.10/site-packages/airflow/example_dags/example_xcomargs.py for tasks to queue
[2023-04-27T18:48:08.244+0300] {logging_mixin.py:137} INFO - [2023-04-27T18:48:08.244+0300] {dagbag.py:532} INFO - Filling up the DagBag from /home/vladimir/.local/lib/python3.10/site-packages/airflow/example_dags/example_xcomargs.py
[2023-04-27T18:48:08.262+0300] {processor.py:753} INFO - DAG(s) dict_keys(['example_xcom_args', 'example_xcom_args_with_operators']) retrieved from /home/vladimir/.local/lib/python3.10/site-packages/airflow/example_dags/example_xcomargs.py
[2023-04-27T18:48:08.278+0300] {logging_mixin.py:137} INFO - [2023-04-27T18:48:08.278+0300] {dag.py:2705} INFO - Sync 2 DAGs
[2023-04-27T18:48:08.290+0300] {logging_mixin.py:137} INFO - [2023-04-27T18:48:08.290+0300] {dag.py:3452} INFO - Setting next_dagrun for example_xcom_args to None, run_after=None
[2023-04-27T18:48:08.291+0300] {logging_mixin.py:137} INFO - [2023-04-27T18:48:08.291+0300] {dag.py:3452} INFO - Setting next_dagrun for example_xcom_args_with_operators to None, run_after=None
[2023-04-27T18:48:08.303+0300] {processor.py:175} INFO - Processing /home/vladimir/.local/lib/python3.10/site-packages/airflow/example_dags/example_xcomargs.py took 0.062 seconds
[2023-04-27T18:48:43.077+0300] {processor.py:153} INFO - Started process (PID=4155) to work on /home/vladimir/.local/lib/python3.10/site-packages/airflow/example_dags/example_xcomargs.py
[2023-04-27T18:48:43.078+0300] {processor.py:743} INFO - Processing file /home/vladimir/.local/lib/python3.10/site-packages/airflow/example_dags/example_xcomargs.py for tasks to queue
[2023-04-27T18:48:43.079+0300] {logging_mixin.py:137} INFO - [2023-04-27T18:48:43.078+0300] {dagbag.py:532} INFO - Filling up the DagBag from /home/vladimir/.local/lib/python3.10/site-packages/airflow/example_dags/example_xcomargs.py
[2023-04-27T18:48:43.095+0300] {processor.py:753} INFO - DAG(s) dict_keys(['example_xcom_args_with_operators', 'example_xcom_args']) retrieved from /home/vladimir/.local/lib/python3.10/site-packages/airflow/example_dags/example_xcomargs.py
[2023-04-27T18:48:43.110+0300] {logging_mixin.py:137} INFO - [2023-04-27T18:48:43.110+0300] {dag.py:2705} INFO - Sync 2 DAGs
[2023-04-27T18:48:43.122+0300] {logging_mixin.py:137} INFO - [2023-04-27T18:48:43.122+0300] {dag.py:3452} INFO - Setting next_dagrun for example_xcom_args to None, run_after=None
[2023-04-27T18:48:43.123+0300] {logging_mixin.py:137} INFO - [2023-04-27T18:48:43.123+0300] {dag.py:3452} INFO - Setting next_dagrun for example_xcom_args_with_operators to None, run_after=None
[2023-04-27T18:48:43.135+0300] {processor.py:175} INFO - Processing /home/vladimir/.local/lib/python3.10/site-packages/airflow/example_dags/example_xcomargs.py took 0.060 seconds
[2023-04-27T18:49:21.604+0300] {processor.py:153} INFO - Started process (PID=4194) to work on /home/vladimir/.local/lib/python3.10/site-packages/airflow/example_dags/example_xcomargs.py
[2023-04-27T18:49:21.605+0300] {processor.py:743} INFO - Processing file /home/vladimir/.local/lib/python3.10/site-packages/airflow/example_dags/example_xcomargs.py for tasks to queue
[2023-04-27T18:49:21.605+0300] {logging_mixin.py:137} INFO - [2023-04-27T18:49:21.605+0300] {dagbag.py:532} INFO - Filling up the DagBag from /home/vladimir/.local/lib/python3.10/site-packages/airflow/example_dags/example_xcomargs.py
[2023-04-27T18:49:21.623+0300] {processor.py:753} INFO - DAG(s) dict_keys(['example_xcom_args', 'example_xcom_args_with_operators']) retrieved from /home/vladimir/.local/lib/python3.10/site-packages/airflow/example_dags/example_xcomargs.py
[2023-04-27T18:49:21.639+0300] {logging_mixin.py:137} INFO - [2023-04-27T18:49:21.638+0300] {dag.py:2705} INFO - Sync 2 DAGs
[2023-04-27T18:49:21.651+0300] {logging_mixin.py:137} INFO - [2023-04-27T18:49:21.651+0300] {dag.py:3452} INFO - Setting next_dagrun for example_xcom_args to None, run_after=None
[2023-04-27T18:49:21.653+0300] {logging_mixin.py:137} INFO - [2023-04-27T18:49:21.653+0300] {dag.py:3452} INFO - Setting next_dagrun for example_xcom_args_with_operators to None, run_after=None
[2023-04-27T18:49:21.664+0300] {processor.py:175} INFO - Processing /home/vladimir/.local/lib/python3.10/site-packages/airflow/example_dags/example_xcomargs.py took 0.062 seconds
[2023-04-27T18:49:59.214+0300] {processor.py:153} INFO - Started process (PID=4494) to work on /home/vladimir/.local/lib/python3.10/site-packages/airflow/example_dags/example_xcomargs.py
[2023-04-27T18:49:59.215+0300] {processor.py:743} INFO - Processing file /home/vladimir/.local/lib/python3.10/site-packages/airflow/example_dags/example_xcomargs.py for tasks to queue
[2023-04-27T18:49:59.216+0300] {logging_mixin.py:137} INFO - [2023-04-27T18:49:59.215+0300] {dagbag.py:532} INFO - Filling up the DagBag from /home/vladimir/.local/lib/python3.10/site-packages/airflow/example_dags/example_xcomargs.py
[2023-04-27T18:49:59.240+0300] {processor.py:753} INFO - DAG(s) dict_keys(['example_xcom_args_with_operators', 'example_xcom_args']) retrieved from /home/vladimir/.local/lib/python3.10/site-packages/airflow/example_dags/example_xcomargs.py
[2023-04-27T18:49:59.257+0300] {logging_mixin.py:137} INFO - [2023-04-27T18:49:59.257+0300] {dag.py:2705} INFO - Sync 2 DAGs
[2023-04-27T18:49:59.269+0300] {logging_mixin.py:137} INFO - [2023-04-27T18:49:59.268+0300] {dag.py:3452} INFO - Setting next_dagrun for example_xcom_args to None, run_after=None
[2023-04-27T18:49:59.271+0300] {logging_mixin.py:137} INFO - [2023-04-27T18:49:59.271+0300] {dag.py:3452} INFO - Setting next_dagrun for example_xcom_args_with_operators to None, run_after=None
[2023-04-27T18:49:59.283+0300] {processor.py:175} INFO - Processing /home/vladimir/.local/lib/python3.10/site-packages/airflow/example_dags/example_xcomargs.py took 0.072 seconds
[2023-04-27T18:50:38.622+0300] {processor.py:153} INFO - Started process (PID=4996) to work on /home/vladimir/.local/lib/python3.10/site-packages/airflow/example_dags/example_xcomargs.py
[2023-04-27T18:50:38.623+0300] {processor.py:743} INFO - Processing file /home/vladimir/.local/lib/python3.10/site-packages/airflow/example_dags/example_xcomargs.py for tasks to queue
[2023-04-27T18:50:38.623+0300] {logging_mixin.py:137} INFO - [2023-04-27T18:50:38.623+0300] {dagbag.py:532} INFO - Filling up the DagBag from /home/vladimir/.local/lib/python3.10/site-packages/airflow/example_dags/example_xcomargs.py
[2023-04-27T18:50:38.641+0300] {processor.py:753} INFO - DAG(s) dict_keys(['example_xcom_args', 'example_xcom_args_with_operators']) retrieved from /home/vladimir/.local/lib/python3.10/site-packages/airflow/example_dags/example_xcomargs.py
[2023-04-27T18:50:38.661+0300] {logging_mixin.py:137} INFO - [2023-04-27T18:50:38.661+0300] {dag.py:2705} INFO - Sync 2 DAGs
[2023-04-27T18:50:38.674+0300] {logging_mixin.py:137} INFO - [2023-04-27T18:50:38.674+0300] {dag.py:3452} INFO - Setting next_dagrun for example_xcom_args to None, run_after=None
[2023-04-27T18:50:38.676+0300] {logging_mixin.py:137} INFO - [2023-04-27T18:50:38.676+0300] {dag.py:3452} INFO - Setting next_dagrun for example_xcom_args_with_operators to None, run_after=None
[2023-04-27T18:50:38.689+0300] {processor.py:175} INFO - Processing /home/vladimir/.local/lib/python3.10/site-packages/airflow/example_dags/example_xcomargs.py took 0.071 seconds
[2023-04-27T18:51:21.067+0300] {processor.py:153} INFO - Started process (PID=5258) to work on /home/vladimir/.local/lib/python3.10/site-packages/airflow/example_dags/example_xcomargs.py
[2023-04-27T18:51:21.068+0300] {processor.py:743} INFO - Processing file /home/vladimir/.local/lib/python3.10/site-packages/airflow/example_dags/example_xcomargs.py for tasks to queue
[2023-04-27T18:51:21.068+0300] {logging_mixin.py:137} INFO - [2023-04-27T18:51:21.068+0300] {dagbag.py:532} INFO - Filling up the DagBag from /home/vladimir/.local/lib/python3.10/site-packages/airflow/example_dags/example_xcomargs.py
[2023-04-27T18:51:21.085+0300] {processor.py:753} INFO - DAG(s) dict_keys(['example_xcom_args_with_operators', 'example_xcom_args']) retrieved from /home/vladimir/.local/lib/python3.10/site-packages/airflow/example_dags/example_xcomargs.py
[2023-04-27T18:51:21.100+0300] {logging_mixin.py:137} INFO - [2023-04-27T18:51:21.100+0300] {dag.py:2705} INFO - Sync 2 DAGs
[2023-04-27T18:51:21.112+0300] {logging_mixin.py:137} INFO - [2023-04-27T18:51:21.112+0300] {dag.py:3452} INFO - Setting next_dagrun for example_xcom_args to None, run_after=None
[2023-04-27T18:51:21.113+0300] {logging_mixin.py:137} INFO - [2023-04-27T18:51:21.113+0300] {dag.py:3452} INFO - Setting next_dagrun for example_xcom_args_with_operators to None, run_after=None
[2023-04-27T18:51:21.123+0300] {processor.py:175} INFO - Processing /home/vladimir/.local/lib/python3.10/site-packages/airflow/example_dags/example_xcomargs.py took 0.060 seconds
[2023-04-27T18:51:54.701+0300] {processor.py:153} INFO - Started process (PID=5300) to work on /home/vladimir/.local/lib/python3.10/site-packages/airflow/example_dags/example_xcomargs.py
[2023-04-27T18:51:54.701+0300] {processor.py:743} INFO - Processing file /home/vladimir/.local/lib/python3.10/site-packages/airflow/example_dags/example_xcomargs.py for tasks to queue
[2023-04-27T18:51:54.702+0300] {logging_mixin.py:137} INFO - [2023-04-27T18:51:54.702+0300] {dagbag.py:532} INFO - Filling up the DagBag from /home/vladimir/.local/lib/python3.10/site-packages/airflow/example_dags/example_xcomargs.py
[2023-04-27T18:51:54.719+0300] {processor.py:753} INFO - DAG(s) dict_keys(['example_xcom_args_with_operators', 'example_xcom_args']) retrieved from /home/vladimir/.local/lib/python3.10/site-packages/airflow/example_dags/example_xcomargs.py
[2023-04-27T18:51:54.735+0300] {logging_mixin.py:137} INFO - [2023-04-27T18:51:54.734+0300] {dag.py:2705} INFO - Sync 2 DAGs
[2023-04-27T18:51:54.747+0300] {logging_mixin.py:137} INFO - [2023-04-27T18:51:54.747+0300] {dag.py:3452} INFO - Setting next_dagrun for example_xcom_args to None, run_after=None
[2023-04-27T18:51:54.749+0300] {logging_mixin.py:137} INFO - [2023-04-27T18:51:54.749+0300] {dag.py:3452} INFO - Setting next_dagrun for example_xcom_args_with_operators to None, run_after=None
[2023-04-27T18:51:54.761+0300] {processor.py:175} INFO - Processing /home/vladimir/.local/lib/python3.10/site-packages/airflow/example_dags/example_xcomargs.py took 0.063 seconds
[2023-04-27T18:52:29.528+0300] {processor.py:153} INFO - Started process (PID=5338) to work on /home/vladimir/.local/lib/python3.10/site-packages/airflow/example_dags/example_xcomargs.py
[2023-04-27T18:52:29.528+0300] {processor.py:743} INFO - Processing file /home/vladimir/.local/lib/python3.10/site-packages/airflow/example_dags/example_xcomargs.py for tasks to queue
[2023-04-27T18:52:29.529+0300] {logging_mixin.py:137} INFO - [2023-04-27T18:52:29.529+0300] {dagbag.py:532} INFO - Filling up the DagBag from /home/vladimir/.local/lib/python3.10/site-packages/airflow/example_dags/example_xcomargs.py
[2023-04-27T18:52:29.545+0300] {processor.py:753} INFO - DAG(s) dict_keys(['example_xcom_args', 'example_xcom_args_with_operators']) retrieved from /home/vladimir/.local/lib/python3.10/site-packages/airflow/example_dags/example_xcomargs.py
[2023-04-27T18:52:29.560+0300] {logging_mixin.py:137} INFO - [2023-04-27T18:52:29.560+0300] {dag.py:2705} INFO - Sync 2 DAGs
[2023-04-27T18:52:29.573+0300] {logging_mixin.py:137} INFO - [2023-04-27T18:52:29.573+0300] {dag.py:3452} INFO - Setting next_dagrun for example_xcom_args to None, run_after=None
[2023-04-27T18:52:29.574+0300] {logging_mixin.py:137} INFO - [2023-04-27T18:52:29.574+0300] {dag.py:3452} INFO - Setting next_dagrun for example_xcom_args_with_operators to None, run_after=None
[2023-04-27T18:52:29.586+0300] {processor.py:175} INFO - Processing /home/vladimir/.local/lib/python3.10/site-packages/airflow/example_dags/example_xcomargs.py took 0.060 seconds
[2023-04-27T18:53:07.789+0300] {processor.py:153} INFO - Started process (PID=5442) to work on /home/vladimir/.local/lib/python3.10/site-packages/airflow/example_dags/example_xcomargs.py
[2023-04-27T18:53:07.790+0300] {processor.py:743} INFO - Processing file /home/vladimir/.local/lib/python3.10/site-packages/airflow/example_dags/example_xcomargs.py for tasks to queue
[2023-04-27T18:53:07.790+0300] {logging_mixin.py:137} INFO - [2023-04-27T18:53:07.790+0300] {dagbag.py:532} INFO - Filling up the DagBag from /home/vladimir/.local/lib/python3.10/site-packages/airflow/example_dags/example_xcomargs.py
[2023-04-27T18:53:07.806+0300] {processor.py:753} INFO - DAG(s) dict_keys(['example_xcom_args', 'example_xcom_args_with_operators']) retrieved from /home/vladimir/.local/lib/python3.10/site-packages/airflow/example_dags/example_xcomargs.py
[2023-04-27T18:53:07.821+0300] {logging_mixin.py:137} INFO - [2023-04-27T18:53:07.821+0300] {dag.py:2705} INFO - Sync 2 DAGs
[2023-04-27T18:53:07.834+0300] {logging_mixin.py:137} INFO - [2023-04-27T18:53:07.834+0300] {dag.py:3452} INFO - Setting next_dagrun for example_xcom_args to None, run_after=None
[2023-04-27T18:53:07.835+0300] {logging_mixin.py:137} INFO - [2023-04-27T18:53:07.835+0300] {dag.py:3452} INFO - Setting next_dagrun for example_xcom_args_with_operators to None, run_after=None
[2023-04-27T18:53:07.858+0300] {processor.py:175} INFO - Processing /home/vladimir/.local/lib/python3.10/site-packages/airflow/example_dags/example_xcomargs.py took 0.071 seconds
[2023-04-27T18:53:50.541+0300] {processor.py:153} INFO - Started process (PID=5570) to work on /home/vladimir/.local/lib/python3.10/site-packages/airflow/example_dags/example_xcomargs.py
[2023-04-27T18:53:50.543+0300] {processor.py:743} INFO - Processing file /home/vladimir/.local/lib/python3.10/site-packages/airflow/example_dags/example_xcomargs.py for tasks to queue
[2023-04-27T18:53:50.543+0300] {logging_mixin.py:137} INFO - [2023-04-27T18:53:50.543+0300] {dagbag.py:532} INFO - Filling up the DagBag from /home/vladimir/.local/lib/python3.10/site-packages/airflow/example_dags/example_xcomargs.py
[2023-04-27T18:53:50.564+0300] {processor.py:753} INFO - DAG(s) dict_keys(['example_xcom_args_with_operators', 'example_xcom_args']) retrieved from /home/vladimir/.local/lib/python3.10/site-packages/airflow/example_dags/example_xcomargs.py
[2023-04-27T18:53:50.581+0300] {logging_mixin.py:137} INFO - [2023-04-27T18:53:50.581+0300] {dag.py:2705} INFO - Sync 2 DAGs
[2023-04-27T18:53:50.592+0300] {logging_mixin.py:137} INFO - [2023-04-27T18:53:50.592+0300] {dag.py:3452} INFO - Setting next_dagrun for example_xcom_args to None, run_after=None
[2023-04-27T18:53:50.594+0300] {logging_mixin.py:137} INFO - [2023-04-27T18:53:50.594+0300] {dag.py:3452} INFO - Setting next_dagrun for example_xcom_args_with_operators to None, run_after=None
[2023-04-27T18:53:50.606+0300] {processor.py:175} INFO - Processing /home/vladimir/.local/lib/python3.10/site-packages/airflow/example_dags/example_xcomargs.py took 0.067 seconds
[2023-04-27T18:54:26.513+0300] {processor.py:153} INFO - Started process (PID=5607) to work on /home/vladimir/.local/lib/python3.10/site-packages/airflow/example_dags/example_xcomargs.py
[2023-04-27T18:54:26.514+0300] {processor.py:743} INFO - Processing file /home/vladimir/.local/lib/python3.10/site-packages/airflow/example_dags/example_xcomargs.py for tasks to queue
[2023-04-27T18:54:26.515+0300] {logging_mixin.py:137} INFO - [2023-04-27T18:54:26.514+0300] {dagbag.py:532} INFO - Filling up the DagBag from /home/vladimir/.local/lib/python3.10/site-packages/airflow/example_dags/example_xcomargs.py
[2023-04-27T18:54:26.531+0300] {processor.py:753} INFO - DAG(s) dict_keys(['example_xcom_args_with_operators', 'example_xcom_args']) retrieved from /home/vladimir/.local/lib/python3.10/site-packages/airflow/example_dags/example_xcomargs.py
[2023-04-27T18:54:26.547+0300] {logging_mixin.py:137} INFO - [2023-04-27T18:54:26.547+0300] {dag.py:2705} INFO - Sync 2 DAGs
[2023-04-27T18:54:26.559+0300] {logging_mixin.py:137} INFO - [2023-04-27T18:54:26.559+0300] {dag.py:3452} INFO - Setting next_dagrun for example_xcom_args to None, run_after=None
[2023-04-27T18:54:26.561+0300] {logging_mixin.py:137} INFO - [2023-04-27T18:54:26.560+0300] {dag.py:3452} INFO - Setting next_dagrun for example_xcom_args_with_operators to None, run_after=None
[2023-04-27T18:54:26.571+0300] {processor.py:175} INFO - Processing /home/vladimir/.local/lib/python3.10/site-packages/airflow/example_dags/example_xcomargs.py took 0.061 seconds
[2023-04-27T18:55:02.683+0300] {processor.py:153} INFO - Started process (PID=5656) to work on /home/vladimir/.local/lib/python3.10/site-packages/airflow/example_dags/example_xcomargs.py
[2023-04-27T18:55:02.684+0300] {processor.py:743} INFO - Processing file /home/vladimir/.local/lib/python3.10/site-packages/airflow/example_dags/example_xcomargs.py for tasks to queue
[2023-04-27T18:55:02.684+0300] {logging_mixin.py:137} INFO - [2023-04-27T18:55:02.684+0300] {dagbag.py:532} INFO - Filling up the DagBag from /home/vladimir/.local/lib/python3.10/site-packages/airflow/example_dags/example_xcomargs.py
[2023-04-27T18:55:02.702+0300] {processor.py:753} INFO - DAG(s) dict_keys(['example_xcom_args_with_operators', 'example_xcom_args']) retrieved from /home/vladimir/.local/lib/python3.10/site-packages/airflow/example_dags/example_xcomargs.py
[2023-04-27T18:55:02.717+0300] {logging_mixin.py:137} INFO - [2023-04-27T18:55:02.717+0300] {dag.py:2705} INFO - Sync 2 DAGs
[2023-04-27T18:55:02.728+0300] {logging_mixin.py:137} INFO - [2023-04-27T18:55:02.728+0300] {dag.py:3452} INFO - Setting next_dagrun for example_xcom_args to None, run_after=None
[2023-04-27T18:55:02.730+0300] {logging_mixin.py:137} INFO - [2023-04-27T18:55:02.730+0300] {dag.py:3452} INFO - Setting next_dagrun for example_xcom_args_with_operators to None, run_after=None
[2023-04-27T18:55:02.742+0300] {processor.py:175} INFO - Processing /home/vladimir/.local/lib/python3.10/site-packages/airflow/example_dags/example_xcomargs.py took 0.061 seconds
[2023-04-27T18:55:39.392+0300] {processor.py:153} INFO - Started process (PID=5698) to work on /home/vladimir/.local/lib/python3.10/site-packages/airflow/example_dags/example_xcomargs.py
[2023-04-27T18:55:39.393+0300] {processor.py:743} INFO - Processing file /home/vladimir/.local/lib/python3.10/site-packages/airflow/example_dags/example_xcomargs.py for tasks to queue
[2023-04-27T18:55:39.393+0300] {logging_mixin.py:137} INFO - [2023-04-27T18:55:39.393+0300] {dagbag.py:532} INFO - Filling up the DagBag from /home/vladimir/.local/lib/python3.10/site-packages/airflow/example_dags/example_xcomargs.py
[2023-04-27T18:55:39.411+0300] {processor.py:753} INFO - DAG(s) dict_keys(['example_xcom_args_with_operators', 'example_xcom_args']) retrieved from /home/vladimir/.local/lib/python3.10/site-packages/airflow/example_dags/example_xcomargs.py
[2023-04-27T18:55:39.426+0300] {logging_mixin.py:137} INFO - [2023-04-27T18:55:39.426+0300] {dag.py:2705} INFO - Sync 2 DAGs
[2023-04-27T18:55:39.441+0300] {logging_mixin.py:137} INFO - [2023-04-27T18:55:39.441+0300] {dag.py:3452} INFO - Setting next_dagrun for example_xcom_args to None, run_after=None
[2023-04-27T18:55:39.443+0300] {logging_mixin.py:137} INFO - [2023-04-27T18:55:39.443+0300] {dag.py:3452} INFO - Setting next_dagrun for example_xcom_args_with_operators to None, run_after=None
[2023-04-27T18:55:39.453+0300] {processor.py:175} INFO - Processing /home/vladimir/.local/lib/python3.10/site-packages/airflow/example_dags/example_xcomargs.py took 0.064 seconds
[2023-04-27T18:56:19.695+0300] {processor.py:153} INFO - Started process (PID=5915) to work on /home/vladimir/.local/lib/python3.10/site-packages/airflow/example_dags/example_xcomargs.py
[2023-04-27T18:56:19.696+0300] {processor.py:743} INFO - Processing file /home/vladimir/.local/lib/python3.10/site-packages/airflow/example_dags/example_xcomargs.py for tasks to queue
[2023-04-27T18:56:19.696+0300] {logging_mixin.py:137} INFO - [2023-04-27T18:56:19.696+0300] {dagbag.py:532} INFO - Filling up the DagBag from /home/vladimir/.local/lib/python3.10/site-packages/airflow/example_dags/example_xcomargs.py
[2023-04-27T18:56:19.715+0300] {processor.py:753} INFO - DAG(s) dict_keys(['example_xcom_args', 'example_xcom_args_with_operators']) retrieved from /home/vladimir/.local/lib/python3.10/site-packages/airflow/example_dags/example_xcomargs.py
[2023-04-27T18:56:19.731+0300] {logging_mixin.py:137} INFO - [2023-04-27T18:56:19.731+0300] {dag.py:2705} INFO - Sync 2 DAGs
[2023-04-27T18:56:19.750+0300] {logging_mixin.py:137} INFO - [2023-04-27T18:56:19.750+0300] {dag.py:3452} INFO - Setting next_dagrun for example_xcom_args to None, run_after=None
[2023-04-27T18:56:19.753+0300] {logging_mixin.py:137} INFO - [2023-04-27T18:56:19.753+0300] {dag.py:3452} INFO - Setting next_dagrun for example_xcom_args_with_operators to None, run_after=None
[2023-04-27T18:56:19.766+0300] {processor.py:175} INFO - Processing /home/vladimir/.local/lib/python3.10/site-packages/airflow/example_dags/example_xcomargs.py took 0.073 seconds
[2023-04-27T18:56:55.159+0300] {processor.py:153} INFO - Started process (PID=6652) to work on /home/vladimir/.local/lib/python3.10/site-packages/airflow/example_dags/example_xcomargs.py
[2023-04-27T18:56:55.161+0300] {processor.py:743} INFO - Processing file /home/vladimir/.local/lib/python3.10/site-packages/airflow/example_dags/example_xcomargs.py for tasks to queue
[2023-04-27T18:56:55.161+0300] {logging_mixin.py:137} INFO - [2023-04-27T18:56:55.161+0300] {dagbag.py:532} INFO - Filling up the DagBag from /home/vladimir/.local/lib/python3.10/site-packages/airflow/example_dags/example_xcomargs.py
[2023-04-27T18:56:55.178+0300] {processor.py:753} INFO - DAG(s) dict_keys(['example_xcom_args', 'example_xcom_args_with_operators']) retrieved from /home/vladimir/.local/lib/python3.10/site-packages/airflow/example_dags/example_xcomargs.py
[2023-04-27T18:56:55.193+0300] {logging_mixin.py:137} INFO - [2023-04-27T18:56:55.193+0300] {dag.py:2705} INFO - Sync 2 DAGs
[2023-04-27T18:56:55.206+0300] {logging_mixin.py:137} INFO - [2023-04-27T18:56:55.206+0300] {dag.py:3452} INFO - Setting next_dagrun for example_xcom_args to None, run_after=None
[2023-04-27T18:56:55.208+0300] {logging_mixin.py:137} INFO - [2023-04-27T18:56:55.208+0300] {dag.py:3452} INFO - Setting next_dagrun for example_xcom_args_with_operators to None, run_after=None
[2023-04-27T18:56:55.223+0300] {processor.py:175} INFO - Processing /home/vladimir/.local/lib/python3.10/site-packages/airflow/example_dags/example_xcomargs.py took 0.066 seconds
[2023-04-27T18:57:33.832+0300] {processor.py:153} INFO - Started process (PID=6720) to work on /home/vladimir/.local/lib/python3.10/site-packages/airflow/example_dags/example_xcomargs.py
[2023-04-27T18:57:33.833+0300] {processor.py:743} INFO - Processing file /home/vladimir/.local/lib/python3.10/site-packages/airflow/example_dags/example_xcomargs.py for tasks to queue
[2023-04-27T18:57:33.833+0300] {logging_mixin.py:137} INFO - [2023-04-27T18:57:33.833+0300] {dagbag.py:532} INFO - Filling up the DagBag from /home/vladimir/.local/lib/python3.10/site-packages/airflow/example_dags/example_xcomargs.py
[2023-04-27T18:57:33.850+0300] {processor.py:753} INFO - DAG(s) dict_keys(['example_xcom_args_with_operators', 'example_xcom_args']) retrieved from /home/vladimir/.local/lib/python3.10/site-packages/airflow/example_dags/example_xcomargs.py
[2023-04-27T18:57:33.865+0300] {logging_mixin.py:137} INFO - [2023-04-27T18:57:33.865+0300] {dag.py:2705} INFO - Sync 2 DAGs
[2023-04-27T18:57:33.876+0300] {logging_mixin.py:137} INFO - [2023-04-27T18:57:33.876+0300] {dag.py:3452} INFO - Setting next_dagrun for example_xcom_args to None, run_after=None
[2023-04-27T18:57:33.878+0300] {logging_mixin.py:137} INFO - [2023-04-27T18:57:33.878+0300] {dag.py:3452} INFO - Setting next_dagrun for example_xcom_args_with_operators to None, run_after=None
[2023-04-27T18:57:33.889+0300] {processor.py:175} INFO - Processing /home/vladimir/.local/lib/python3.10/site-packages/airflow/example_dags/example_xcomargs.py took 0.059 seconds
[2023-04-27T18:58:12.269+0300] {processor.py:153} INFO - Started process (PID=6788) to work on /home/vladimir/.local/lib/python3.10/site-packages/airflow/example_dags/example_xcomargs.py
[2023-04-27T18:58:12.270+0300] {processor.py:743} INFO - Processing file /home/vladimir/.local/lib/python3.10/site-packages/airflow/example_dags/example_xcomargs.py for tasks to queue
[2023-04-27T18:58:12.270+0300] {logging_mixin.py:137} INFO - [2023-04-27T18:58:12.270+0300] {dagbag.py:532} INFO - Filling up the DagBag from /home/vladimir/.local/lib/python3.10/site-packages/airflow/example_dags/example_xcomargs.py
[2023-04-27T18:58:12.286+0300] {processor.py:753} INFO - DAG(s) dict_keys(['example_xcom_args', 'example_xcom_args_with_operators']) retrieved from /home/vladimir/.local/lib/python3.10/site-packages/airflow/example_dags/example_xcomargs.py
[2023-04-27T18:58:12.302+0300] {logging_mixin.py:137} INFO - [2023-04-27T18:58:12.302+0300] {dag.py:2705} INFO - Sync 2 DAGs
[2023-04-27T18:58:12.314+0300] {logging_mixin.py:137} INFO - [2023-04-27T18:58:12.313+0300] {dag.py:3452} INFO - Setting next_dagrun for example_xcom_args to None, run_after=None
[2023-04-27T18:58:12.315+0300] {logging_mixin.py:137} INFO - [2023-04-27T18:58:12.315+0300] {dag.py:3452} INFO - Setting next_dagrun for example_xcom_args_with_operators to None, run_after=None
[2023-04-27T18:58:12.326+0300] {processor.py:175} INFO - Processing /home/vladimir/.local/lib/python3.10/site-packages/airflow/example_dags/example_xcomargs.py took 0.059 seconds
[2023-04-27T18:58:55.108+0300] {processor.py:153} INFO - Started process (PID=6872) to work on /home/vladimir/.local/lib/python3.10/site-packages/airflow/example_dags/example_xcomargs.py
[2023-04-27T18:58:55.109+0300] {processor.py:743} INFO - Processing file /home/vladimir/.local/lib/python3.10/site-packages/airflow/example_dags/example_xcomargs.py for tasks to queue
[2023-04-27T18:58:55.109+0300] {logging_mixin.py:137} INFO - [2023-04-27T18:58:55.109+0300] {dagbag.py:532} INFO - Filling up the DagBag from /home/vladimir/.local/lib/python3.10/site-packages/airflow/example_dags/example_xcomargs.py
[2023-04-27T18:58:55.126+0300] {processor.py:753} INFO - DAG(s) dict_keys(['example_xcom_args', 'example_xcom_args_with_operators']) retrieved from /home/vladimir/.local/lib/python3.10/site-packages/airflow/example_dags/example_xcomargs.py
[2023-04-27T18:58:55.141+0300] {logging_mixin.py:137} INFO - [2023-04-27T18:58:55.141+0300] {dag.py:2705} INFO - Sync 2 DAGs
[2023-04-27T18:58:55.153+0300] {logging_mixin.py:137} INFO - [2023-04-27T18:58:55.153+0300] {dag.py:3452} INFO - Setting next_dagrun for example_xcom_args to None, run_after=None
[2023-04-27T18:58:55.155+0300] {logging_mixin.py:137} INFO - [2023-04-27T18:58:55.155+0300] {dag.py:3452} INFO - Setting next_dagrun for example_xcom_args_with_operators to None, run_after=None
[2023-04-27T18:58:55.166+0300] {processor.py:175} INFO - Processing /home/vladimir/.local/lib/python3.10/site-packages/airflow/example_dags/example_xcomargs.py took 0.060 seconds
[2023-04-27T18:59:33.498+0300] {processor.py:153} INFO - Started process (PID=6942) to work on /home/vladimir/.local/lib/python3.10/site-packages/airflow/example_dags/example_xcomargs.py
[2023-04-27T18:59:33.499+0300] {processor.py:743} INFO - Processing file /home/vladimir/.local/lib/python3.10/site-packages/airflow/example_dags/example_xcomargs.py for tasks to queue
[2023-04-27T18:59:33.500+0300] {logging_mixin.py:137} INFO - [2023-04-27T18:59:33.500+0300] {dagbag.py:532} INFO - Filling up the DagBag from /home/vladimir/.local/lib/python3.10/site-packages/airflow/example_dags/example_xcomargs.py
[2023-04-27T18:59:33.517+0300] {processor.py:753} INFO - DAG(s) dict_keys(['example_xcom_args_with_operators', 'example_xcom_args']) retrieved from /home/vladimir/.local/lib/python3.10/site-packages/airflow/example_dags/example_xcomargs.py
[2023-04-27T18:59:33.532+0300] {logging_mixin.py:137} INFO - [2023-04-27T18:59:33.532+0300] {dag.py:2705} INFO - Sync 2 DAGs
[2023-04-27T18:59:33.544+0300] {logging_mixin.py:137} INFO - [2023-04-27T18:59:33.544+0300] {dag.py:3452} INFO - Setting next_dagrun for example_xcom_args to None, run_after=None
[2023-04-27T18:59:33.546+0300] {logging_mixin.py:137} INFO - [2023-04-27T18:59:33.546+0300] {dag.py:3452} INFO - Setting next_dagrun for example_xcom_args_with_operators to None, run_after=None
[2023-04-27T18:59:33.557+0300] {processor.py:175} INFO - Processing /home/vladimir/.local/lib/python3.10/site-packages/airflow/example_dags/example_xcomargs.py took 0.061 seconds
[2023-04-27T19:00:17.143+0300] {processor.py:153} INFO - Started process (PID=7037) to work on /home/vladimir/.local/lib/python3.10/site-packages/airflow/example_dags/example_xcomargs.py
[2023-04-27T19:00:17.144+0300] {processor.py:743} INFO - Processing file /home/vladimir/.local/lib/python3.10/site-packages/airflow/example_dags/example_xcomargs.py for tasks to queue
[2023-04-27T19:00:17.145+0300] {logging_mixin.py:137} INFO - [2023-04-27T19:00:17.145+0300] {dagbag.py:532} INFO - Filling up the DagBag from /home/vladimir/.local/lib/python3.10/site-packages/airflow/example_dags/example_xcomargs.py
[2023-04-27T19:00:17.161+0300] {processor.py:753} INFO - DAG(s) dict_keys(['example_xcom_args_with_operators', 'example_xcom_args']) retrieved from /home/vladimir/.local/lib/python3.10/site-packages/airflow/example_dags/example_xcomargs.py
[2023-04-27T19:00:17.176+0300] {logging_mixin.py:137} INFO - [2023-04-27T19:00:17.176+0300] {dag.py:2705} INFO - Sync 2 DAGs
[2023-04-27T19:00:17.188+0300] {logging_mixin.py:137} INFO - [2023-04-27T19:00:17.188+0300] {dag.py:3452} INFO - Setting next_dagrun for example_xcom_args to None, run_after=None
[2023-04-27T19:00:17.190+0300] {logging_mixin.py:137} INFO - [2023-04-27T19:00:17.190+0300] {dag.py:3452} INFO - Setting next_dagrun for example_xcom_args_with_operators to None, run_after=None
[2023-04-27T19:00:17.202+0300] {processor.py:175} INFO - Processing /home/vladimir/.local/lib/python3.10/site-packages/airflow/example_dags/example_xcomargs.py took 0.061 seconds
[2023-04-27T19:00:55.459+0300] {processor.py:153} INFO - Started process (PID=7124) to work on /home/vladimir/.local/lib/python3.10/site-packages/airflow/example_dags/example_xcomargs.py
[2023-04-27T19:00:55.461+0300] {processor.py:743} INFO - Processing file /home/vladimir/.local/lib/python3.10/site-packages/airflow/example_dags/example_xcomargs.py for tasks to queue
[2023-04-27T19:00:55.461+0300] {logging_mixin.py:137} INFO - [2023-04-27T19:00:55.461+0300] {dagbag.py:532} INFO - Filling up the DagBag from /home/vladimir/.local/lib/python3.10/site-packages/airflow/example_dags/example_xcomargs.py
[2023-04-27T19:00:55.482+0300] {processor.py:753} INFO - DAG(s) dict_keys(['example_xcom_args', 'example_xcom_args_with_operators']) retrieved from /home/vladimir/.local/lib/python3.10/site-packages/airflow/example_dags/example_xcomargs.py
[2023-04-27T19:00:55.502+0300] {logging_mixin.py:137} INFO - [2023-04-27T19:00:55.502+0300] {dag.py:2705} INFO - Sync 2 DAGs
[2023-04-27T19:00:55.518+0300] {logging_mixin.py:137} INFO - [2023-04-27T19:00:55.518+0300] {dag.py:3452} INFO - Setting next_dagrun for example_xcom_args to None, run_after=None
[2023-04-27T19:00:55.520+0300] {logging_mixin.py:137} INFO - [2023-04-27T19:00:55.520+0300] {dag.py:3452} INFO - Setting next_dagrun for example_xcom_args_with_operators to None, run_after=None
[2023-04-27T19:00:55.539+0300] {processor.py:175} INFO - Processing /home/vladimir/.local/lib/python3.10/site-packages/airflow/example_dags/example_xcomargs.py took 0.083 seconds
