[2023-04-27T18:25:37.554+0300] {processor.py:153} INFO - Started process (PID=5871) to work on /home/vladimir/.local/lib/python3.10/site-packages/airflow/example_dags/example_nested_branch_dag.py
[2023-04-27T18:25:37.555+0300] {processor.py:743} INFO - Processing file /home/vladimir/.local/lib/python3.10/site-packages/airflow/example_dags/example_nested_branch_dag.py for tasks to queue
[2023-04-27T18:25:37.555+0300] {logging_mixin.py:137} INFO - [2023-04-27T18:25:37.555+0300] {dagbag.py:532} INFO - Filling up the DagBag from /home/vladimir/.local/lib/python3.10/site-packages/airflow/example_dags/example_nested_branch_dag.py
[2023-04-27T18:25:37.576+0300] {processor.py:753} INFO - DAG(s) dict_keys(['example_nested_branch_dag']) retrieved from /home/vladimir/.local/lib/python3.10/site-packages/airflow/example_dags/example_nested_branch_dag.py
[2023-04-27T18:25:37.710+0300] {logging_mixin.py:137} INFO - [2023-04-27T18:25:37.710+0300] {manager.py:504} INFO - Created Permission View: can read on DAG:example_nested_branch_dag
[2023-04-27T18:25:37.718+0300] {logging_mixin.py:137} INFO - [2023-04-27T18:25:37.718+0300] {manager.py:504} INFO - Created Permission View: can delete on DAG:example_nested_branch_dag
[2023-04-27T18:25:37.726+0300] {logging_mixin.py:137} INFO - [2023-04-27T18:25:37.726+0300] {manager.py:504} INFO - Created Permission View: can edit on DAG:example_nested_branch_dag
[2023-04-27T18:25:37.726+0300] {logging_mixin.py:137} INFO - [2023-04-27T18:25:37.726+0300] {dag.py:2705} INFO - Sync 1 DAGs
[2023-04-27T18:25:37.755+0300] {logging_mixin.py:137} INFO - [2023-04-27T18:25:37.754+0300] {dag.py:2726} INFO - Creating ORM DAG for example_nested_branch_dag
[2023-04-27T18:25:37.775+0300] {logging_mixin.py:137} INFO - [2023-04-27T18:25:37.775+0300] {dag.py:3452} INFO - Setting next_dagrun for example_nested_branch_dag to 2023-04-26T00:00:00+00:00, run_after=2023-04-27T00:00:00+00:00
[2023-04-27T18:25:37.822+0300] {processor.py:175} INFO - Processing /home/vladimir/.local/lib/python3.10/site-packages/airflow/example_dags/example_nested_branch_dag.py took 0.270 seconds
[2023-04-27T18:26:24.508+0300] {processor.py:153} INFO - Started process (PID=6001) to work on /home/vladimir/.local/lib/python3.10/site-packages/airflow/example_dags/example_nested_branch_dag.py
[2023-04-27T18:26:24.509+0300] {processor.py:743} INFO - Processing file /home/vladimir/.local/lib/python3.10/site-packages/airflow/example_dags/example_nested_branch_dag.py for tasks to queue
[2023-04-27T18:26:24.509+0300] {logging_mixin.py:137} INFO - [2023-04-27T18:26:24.509+0300] {dagbag.py:532} INFO - Filling up the DagBag from /home/vladimir/.local/lib/python3.10/site-packages/airflow/example_dags/example_nested_branch_dag.py
[2023-04-27T18:26:24.528+0300] {processor.py:753} INFO - DAG(s) dict_keys(['example_nested_branch_dag']) retrieved from /home/vladimir/.local/lib/python3.10/site-packages/airflow/example_dags/example_nested_branch_dag.py
[2023-04-27T18:26:24.543+0300] {logging_mixin.py:137} INFO - [2023-04-27T18:26:24.542+0300] {dag.py:2705} INFO - Sync 1 DAGs
[2023-04-27T18:26:24.555+0300] {logging_mixin.py:137} INFO - [2023-04-27T18:26:24.555+0300] {dag.py:3452} INFO - Setting next_dagrun for example_nested_branch_dag to 2023-04-26T00:00:00+00:00, run_after=2023-04-27T00:00:00+00:00
[2023-04-27T18:26:24.570+0300] {processor.py:175} INFO - Processing /home/vladimir/.local/lib/python3.10/site-packages/airflow/example_dags/example_nested_branch_dag.py took 0.064 seconds
[2023-04-27T18:27:06.713+0300] {processor.py:153} INFO - Started process (PID=6069) to work on /home/vladimir/.local/lib/python3.10/site-packages/airflow/example_dags/example_nested_branch_dag.py
[2023-04-27T18:27:06.714+0300] {processor.py:743} INFO - Processing file /home/vladimir/.local/lib/python3.10/site-packages/airflow/example_dags/example_nested_branch_dag.py for tasks to queue
[2023-04-27T18:27:06.714+0300] {logging_mixin.py:137} INFO - [2023-04-27T18:27:06.714+0300] {dagbag.py:532} INFO - Filling up the DagBag from /home/vladimir/.local/lib/python3.10/site-packages/airflow/example_dags/example_nested_branch_dag.py
[2023-04-27T18:27:06.731+0300] {processor.py:753} INFO - DAG(s) dict_keys(['example_nested_branch_dag']) retrieved from /home/vladimir/.local/lib/python3.10/site-packages/airflow/example_dags/example_nested_branch_dag.py
[2023-04-27T18:27:06.747+0300] {logging_mixin.py:137} INFO - [2023-04-27T18:27:06.747+0300] {dag.py:2705} INFO - Sync 1 DAGs
[2023-04-27T18:27:06.760+0300] {logging_mixin.py:137} INFO - [2023-04-27T18:27:06.760+0300] {dag.py:3452} INFO - Setting next_dagrun for example_nested_branch_dag to 2023-04-26T00:00:00+00:00, run_after=2023-04-27T00:00:00+00:00
[2023-04-27T18:27:06.773+0300] {processor.py:175} INFO - Processing /home/vladimir/.local/lib/python3.10/site-packages/airflow/example_dags/example_nested_branch_dag.py took 0.063 seconds
[2023-04-27T18:27:51.821+0300] {processor.py:153} INFO - Started process (PID=6132) to work on /home/vladimir/.local/lib/python3.10/site-packages/airflow/example_dags/example_nested_branch_dag.py
[2023-04-27T18:27:51.821+0300] {processor.py:743} INFO - Processing file /home/vladimir/.local/lib/python3.10/site-packages/airflow/example_dags/example_nested_branch_dag.py for tasks to queue
[2023-04-27T18:27:51.822+0300] {logging_mixin.py:137} INFO - [2023-04-27T18:27:51.822+0300] {dagbag.py:532} INFO - Filling up the DagBag from /home/vladimir/.local/lib/python3.10/site-packages/airflow/example_dags/example_nested_branch_dag.py
[2023-04-27T18:27:51.838+0300] {processor.py:753} INFO - DAG(s) dict_keys(['example_nested_branch_dag']) retrieved from /home/vladimir/.local/lib/python3.10/site-packages/airflow/example_dags/example_nested_branch_dag.py
[2023-04-27T18:27:51.853+0300] {logging_mixin.py:137} INFO - [2023-04-27T18:27:51.852+0300] {dag.py:2705} INFO - Sync 1 DAGs
[2023-04-27T18:27:51.867+0300] {logging_mixin.py:137} INFO - [2023-04-27T18:27:51.867+0300] {dag.py:3452} INFO - Setting next_dagrun for example_nested_branch_dag to 2023-04-26T00:00:00+00:00, run_after=2023-04-27T00:00:00+00:00
[2023-04-27T18:27:51.880+0300] {processor.py:175} INFO - Processing /home/vladimir/.local/lib/python3.10/site-packages/airflow/example_dags/example_nested_branch_dag.py took 0.062 seconds
[2023-04-27T18:28:39.297+0300] {processor.py:153} INFO - Started process (PID=6205) to work on /home/vladimir/.local/lib/python3.10/site-packages/airflow/example_dags/example_nested_branch_dag.py
[2023-04-27T18:28:39.298+0300] {processor.py:743} INFO - Processing file /home/vladimir/.local/lib/python3.10/site-packages/airflow/example_dags/example_nested_branch_dag.py for tasks to queue
[2023-04-27T18:28:39.298+0300] {logging_mixin.py:137} INFO - [2023-04-27T18:28:39.298+0300] {dagbag.py:532} INFO - Filling up the DagBag from /home/vladimir/.local/lib/python3.10/site-packages/airflow/example_dags/example_nested_branch_dag.py
[2023-04-27T18:28:39.317+0300] {processor.py:753} INFO - DAG(s) dict_keys(['example_nested_branch_dag']) retrieved from /home/vladimir/.local/lib/python3.10/site-packages/airflow/example_dags/example_nested_branch_dag.py
[2023-04-27T18:28:39.332+0300] {logging_mixin.py:137} INFO - [2023-04-27T18:28:39.332+0300] {dag.py:2705} INFO - Sync 1 DAGs
[2023-04-27T18:28:39.346+0300] {logging_mixin.py:137} INFO - [2023-04-27T18:28:39.346+0300] {dag.py:3452} INFO - Setting next_dagrun for example_nested_branch_dag to 2023-04-26T00:00:00+00:00, run_after=2023-04-27T00:00:00+00:00
[2023-04-27T18:28:39.359+0300] {processor.py:175} INFO - Processing /home/vladimir/.local/lib/python3.10/site-packages/airflow/example_dags/example_nested_branch_dag.py took 0.065 seconds
[2023-04-27T18:29:21.538+0300] {processor.py:153} INFO - Started process (PID=6341) to work on /home/vladimir/.local/lib/python3.10/site-packages/airflow/example_dags/example_nested_branch_dag.py
[2023-04-27T18:29:21.539+0300] {processor.py:743} INFO - Processing file /home/vladimir/.local/lib/python3.10/site-packages/airflow/example_dags/example_nested_branch_dag.py for tasks to queue
[2023-04-27T18:29:21.540+0300] {logging_mixin.py:137} INFO - [2023-04-27T18:29:21.540+0300] {dagbag.py:532} INFO - Filling up the DagBag from /home/vladimir/.local/lib/python3.10/site-packages/airflow/example_dags/example_nested_branch_dag.py
[2023-04-27T18:29:21.557+0300] {processor.py:753} INFO - DAG(s) dict_keys(['example_nested_branch_dag']) retrieved from /home/vladimir/.local/lib/python3.10/site-packages/airflow/example_dags/example_nested_branch_dag.py
[2023-04-27T18:29:21.573+0300] {logging_mixin.py:137} INFO - [2023-04-27T18:29:21.572+0300] {dag.py:2705} INFO - Sync 1 DAGs
[2023-04-27T18:29:21.585+0300] {logging_mixin.py:137} INFO - [2023-04-27T18:29:21.585+0300] {dag.py:3452} INFO - Setting next_dagrun for example_nested_branch_dag to 2023-04-26T00:00:00+00:00, run_after=2023-04-27T00:00:00+00:00
[2023-04-27T18:29:21.598+0300] {processor.py:175} INFO - Processing /home/vladimir/.local/lib/python3.10/site-packages/airflow/example_dags/example_nested_branch_dag.py took 0.061 seconds
[2023-04-27T18:30:07.420+0300] {processor.py:153} INFO - Started process (PID=6439) to work on /home/vladimir/.local/lib/python3.10/site-packages/airflow/example_dags/example_nested_branch_dag.py
[2023-04-27T18:30:07.421+0300] {processor.py:743} INFO - Processing file /home/vladimir/.local/lib/python3.10/site-packages/airflow/example_dags/example_nested_branch_dag.py for tasks to queue
[2023-04-27T18:30:07.422+0300] {logging_mixin.py:137} INFO - [2023-04-27T18:30:07.422+0300] {dagbag.py:532} INFO - Filling up the DagBag from /home/vladimir/.local/lib/python3.10/site-packages/airflow/example_dags/example_nested_branch_dag.py
[2023-04-27T18:30:07.443+0300] {processor.py:753} INFO - DAG(s) dict_keys(['example_nested_branch_dag']) retrieved from /home/vladimir/.local/lib/python3.10/site-packages/airflow/example_dags/example_nested_branch_dag.py
[2023-04-27T18:30:07.457+0300] {logging_mixin.py:137} INFO - [2023-04-27T18:30:07.457+0300] {dag.py:2705} INFO - Sync 1 DAGs
[2023-04-27T18:30:07.469+0300] {logging_mixin.py:137} INFO - [2023-04-27T18:30:07.469+0300] {dag.py:3452} INFO - Setting next_dagrun for example_nested_branch_dag to 2023-04-26T00:00:00+00:00, run_after=2023-04-27T00:00:00+00:00
[2023-04-27T18:30:07.481+0300] {processor.py:175} INFO - Processing /home/vladimir/.local/lib/python3.10/site-packages/airflow/example_dags/example_nested_branch_dag.py took 0.063 seconds
[2023-04-27T18:30:46.818+0300] {processor.py:153} INFO - Started process (PID=6552) to work on /home/vladimir/.local/lib/python3.10/site-packages/airflow/example_dags/example_nested_branch_dag.py
[2023-04-27T18:30:46.819+0300] {processor.py:743} INFO - Processing file /home/vladimir/.local/lib/python3.10/site-packages/airflow/example_dags/example_nested_branch_dag.py for tasks to queue
[2023-04-27T18:30:46.820+0300] {logging_mixin.py:137} INFO - [2023-04-27T18:30:46.820+0300] {dagbag.py:532} INFO - Filling up the DagBag from /home/vladimir/.local/lib/python3.10/site-packages/airflow/example_dags/example_nested_branch_dag.py
[2023-04-27T18:30:46.837+0300] {processor.py:753} INFO - DAG(s) dict_keys(['example_nested_branch_dag']) retrieved from /home/vladimir/.local/lib/python3.10/site-packages/airflow/example_dags/example_nested_branch_dag.py
[2023-04-27T18:30:46.850+0300] {logging_mixin.py:137} INFO - [2023-04-27T18:30:46.850+0300] {dag.py:2705} INFO - Sync 1 DAGs
[2023-04-27T18:30:46.863+0300] {logging_mixin.py:137} INFO - [2023-04-27T18:30:46.863+0300] {dag.py:3452} INFO - Setting next_dagrun for example_nested_branch_dag to 2023-04-26T00:00:00+00:00, run_after=2023-04-27T00:00:00+00:00
[2023-04-27T18:30:46.877+0300] {processor.py:175} INFO - Processing /home/vladimir/.local/lib/python3.10/site-packages/airflow/example_dags/example_nested_branch_dag.py took 0.061 seconds
[2023-04-27T18:31:36.280+0300] {processor.py:153} INFO - Started process (PID=6643) to work on /home/vladimir/.local/lib/python3.10/site-packages/airflow/example_dags/example_nested_branch_dag.py
[2023-04-27T18:31:36.281+0300] {processor.py:743} INFO - Processing file /home/vladimir/.local/lib/python3.10/site-packages/airflow/example_dags/example_nested_branch_dag.py for tasks to queue
[2023-04-27T18:31:36.282+0300] {logging_mixin.py:137} INFO - [2023-04-27T18:31:36.282+0300] {dagbag.py:532} INFO - Filling up the DagBag from /home/vladimir/.local/lib/python3.10/site-packages/airflow/example_dags/example_nested_branch_dag.py
[2023-04-27T18:31:36.300+0300] {processor.py:753} INFO - DAG(s) dict_keys(['example_nested_branch_dag']) retrieved from /home/vladimir/.local/lib/python3.10/site-packages/airflow/example_dags/example_nested_branch_dag.py
[2023-04-27T18:31:36.313+0300] {logging_mixin.py:137} INFO - [2023-04-27T18:31:36.313+0300] {dag.py:2705} INFO - Sync 1 DAGs
[2023-04-27T18:31:36.326+0300] {logging_mixin.py:137} INFO - [2023-04-27T18:31:36.326+0300] {dag.py:3452} INFO - Setting next_dagrun for example_nested_branch_dag to 2023-04-26T00:00:00+00:00, run_after=2023-04-27T00:00:00+00:00
[2023-04-27T18:31:36.342+0300] {processor.py:175} INFO - Processing /home/vladimir/.local/lib/python3.10/site-packages/airflow/example_dags/example_nested_branch_dag.py took 0.063 seconds
[2023-04-27T18:32:16.773+0300] {processor.py:153} INFO - Started process (PID=6707) to work on /home/vladimir/.local/lib/python3.10/site-packages/airflow/example_dags/example_nested_branch_dag.py
[2023-04-27T18:32:16.774+0300] {processor.py:743} INFO - Processing file /home/vladimir/.local/lib/python3.10/site-packages/airflow/example_dags/example_nested_branch_dag.py for tasks to queue
[2023-04-27T18:32:16.774+0300] {logging_mixin.py:137} INFO - [2023-04-27T18:32:16.774+0300] {dagbag.py:532} INFO - Filling up the DagBag from /home/vladimir/.local/lib/python3.10/site-packages/airflow/example_dags/example_nested_branch_dag.py
[2023-04-27T18:32:16.791+0300] {processor.py:753} INFO - DAG(s) dict_keys(['example_nested_branch_dag']) retrieved from /home/vladimir/.local/lib/python3.10/site-packages/airflow/example_dags/example_nested_branch_dag.py
[2023-04-27T18:32:16.804+0300] {logging_mixin.py:137} INFO - [2023-04-27T18:32:16.804+0300] {dag.py:2705} INFO - Sync 1 DAGs
[2023-04-27T18:32:16.818+0300] {logging_mixin.py:137} INFO - [2023-04-27T18:32:16.818+0300] {dag.py:3452} INFO - Setting next_dagrun for example_nested_branch_dag to 2023-04-26T00:00:00+00:00, run_after=2023-04-27T00:00:00+00:00
[2023-04-27T18:32:16.836+0300] {processor.py:175} INFO - Processing /home/vladimir/.local/lib/python3.10/site-packages/airflow/example_dags/example_nested_branch_dag.py took 0.066 seconds
[2023-04-27T18:33:04.154+0300] {processor.py:153} INFO - Started process (PID=6875) to work on /home/vladimir/.local/lib/python3.10/site-packages/airflow/example_dags/example_nested_branch_dag.py
[2023-04-27T18:33:04.155+0300] {processor.py:743} INFO - Processing file /home/vladimir/.local/lib/python3.10/site-packages/airflow/example_dags/example_nested_branch_dag.py for tasks to queue
[2023-04-27T18:33:04.155+0300] {logging_mixin.py:137} INFO - [2023-04-27T18:33:04.155+0300] {dagbag.py:532} INFO - Filling up the DagBag from /home/vladimir/.local/lib/python3.10/site-packages/airflow/example_dags/example_nested_branch_dag.py
[2023-04-27T18:33:04.175+0300] {processor.py:753} INFO - DAG(s) dict_keys(['example_nested_branch_dag']) retrieved from /home/vladimir/.local/lib/python3.10/site-packages/airflow/example_dags/example_nested_branch_dag.py
[2023-04-27T18:33:04.193+0300] {logging_mixin.py:137} INFO - [2023-04-27T18:33:04.193+0300] {dag.py:2705} INFO - Sync 1 DAGs
[2023-04-27T18:33:04.208+0300] {logging_mixin.py:137} INFO - [2023-04-27T18:33:04.208+0300] {dag.py:3452} INFO - Setting next_dagrun for example_nested_branch_dag to 2023-04-26T00:00:00+00:00, run_after=2023-04-27T00:00:00+00:00
[2023-04-27T18:33:04.227+0300] {processor.py:175} INFO - Processing /home/vladimir/.local/lib/python3.10/site-packages/airflow/example_dags/example_nested_branch_dag.py took 0.075 seconds
[2023-04-27T18:33:44.179+0300] {processor.py:153} INFO - Started process (PID=6934) to work on /home/vladimir/.local/lib/python3.10/site-packages/airflow/example_dags/example_nested_branch_dag.py
[2023-04-27T18:33:44.179+0300] {processor.py:743} INFO - Processing file /home/vladimir/.local/lib/python3.10/site-packages/airflow/example_dags/example_nested_branch_dag.py for tasks to queue
[2023-04-27T18:33:44.180+0300] {logging_mixin.py:137} INFO - [2023-04-27T18:33:44.180+0300] {dagbag.py:532} INFO - Filling up the DagBag from /home/vladimir/.local/lib/python3.10/site-packages/airflow/example_dags/example_nested_branch_dag.py
[2023-04-27T18:33:44.197+0300] {processor.py:753} INFO - DAG(s) dict_keys(['example_nested_branch_dag']) retrieved from /home/vladimir/.local/lib/python3.10/site-packages/airflow/example_dags/example_nested_branch_dag.py
[2023-04-27T18:33:44.214+0300] {logging_mixin.py:137} INFO - [2023-04-27T18:33:44.214+0300] {dag.py:2705} INFO - Sync 1 DAGs
[2023-04-27T18:33:44.226+0300] {logging_mixin.py:137} INFO - [2023-04-27T18:33:44.226+0300] {dag.py:3452} INFO - Setting next_dagrun for example_nested_branch_dag to 2023-04-26T00:00:00+00:00, run_after=2023-04-27T00:00:00+00:00
[2023-04-27T18:33:44.239+0300] {processor.py:175} INFO - Processing /home/vladimir/.local/lib/python3.10/site-packages/airflow/example_dags/example_nested_branch_dag.py took 0.063 seconds
[2023-04-27T18:34:22.057+0300] {processor.py:153} INFO - Started process (PID=6997) to work on /home/vladimir/.local/lib/python3.10/site-packages/airflow/example_dags/example_nested_branch_dag.py
[2023-04-27T18:34:22.058+0300] {processor.py:743} INFO - Processing file /home/vladimir/.local/lib/python3.10/site-packages/airflow/example_dags/example_nested_branch_dag.py for tasks to queue
[2023-04-27T18:34:22.058+0300] {logging_mixin.py:137} INFO - [2023-04-27T18:34:22.058+0300] {dagbag.py:532} INFO - Filling up the DagBag from /home/vladimir/.local/lib/python3.10/site-packages/airflow/example_dags/example_nested_branch_dag.py
[2023-04-27T18:34:22.076+0300] {processor.py:753} INFO - DAG(s) dict_keys(['example_nested_branch_dag']) retrieved from /home/vladimir/.local/lib/python3.10/site-packages/airflow/example_dags/example_nested_branch_dag.py
[2023-04-27T18:34:22.091+0300] {logging_mixin.py:137} INFO - [2023-04-27T18:34:22.091+0300] {dag.py:2705} INFO - Sync 1 DAGs
[2023-04-27T18:34:22.105+0300] {logging_mixin.py:137} INFO - [2023-04-27T18:34:22.104+0300] {dag.py:3452} INFO - Setting next_dagrun for example_nested_branch_dag to 2023-04-26T00:00:00+00:00, run_after=2023-04-27T00:00:00+00:00
[2023-04-27T18:34:22.119+0300] {processor.py:175} INFO - Processing /home/vladimir/.local/lib/python3.10/site-packages/airflow/example_dags/example_nested_branch_dag.py took 0.064 seconds
[2023-04-27T18:35:10.137+0300] {processor.py:153} INFO - Started process (PID=7128) to work on /home/vladimir/.local/lib/python3.10/site-packages/airflow/example_dags/example_nested_branch_dag.py
[2023-04-27T18:35:10.138+0300] {processor.py:743} INFO - Processing file /home/vladimir/.local/lib/python3.10/site-packages/airflow/example_dags/example_nested_branch_dag.py for tasks to queue
[2023-04-27T18:35:10.139+0300] {logging_mixin.py:137} INFO - [2023-04-27T18:35:10.139+0300] {dagbag.py:532} INFO - Filling up the DagBag from /home/vladimir/.local/lib/python3.10/site-packages/airflow/example_dags/example_nested_branch_dag.py
[2023-04-27T18:35:10.156+0300] {processor.py:753} INFO - DAG(s) dict_keys(['example_nested_branch_dag']) retrieved from /home/vladimir/.local/lib/python3.10/site-packages/airflow/example_dags/example_nested_branch_dag.py
[2023-04-27T18:35:10.172+0300] {logging_mixin.py:137} INFO - [2023-04-27T18:35:10.171+0300] {dag.py:2705} INFO - Sync 1 DAGs
[2023-04-27T18:35:10.185+0300] {logging_mixin.py:137} INFO - [2023-04-27T18:35:10.185+0300] {dag.py:3452} INFO - Setting next_dagrun for example_nested_branch_dag to 2023-04-26T00:00:00+00:00, run_after=2023-04-27T00:00:00+00:00
[2023-04-27T18:35:10.202+0300] {processor.py:175} INFO - Processing /home/vladimir/.local/lib/python3.10/site-packages/airflow/example_dags/example_nested_branch_dag.py took 0.068 seconds
[2023-04-27T18:35:59.679+0300] {processor.py:153} INFO - Started process (PID=7491) to work on /home/vladimir/.local/lib/python3.10/site-packages/airflow/example_dags/example_nested_branch_dag.py
[2023-04-27T18:35:59.680+0300] {processor.py:743} INFO - Processing file /home/vladimir/.local/lib/python3.10/site-packages/airflow/example_dags/example_nested_branch_dag.py for tasks to queue
[2023-04-27T18:35:59.680+0300] {logging_mixin.py:137} INFO - [2023-04-27T18:35:59.680+0300] {dagbag.py:532} INFO - Filling up the DagBag from /home/vladimir/.local/lib/python3.10/site-packages/airflow/example_dags/example_nested_branch_dag.py
[2023-04-27T18:35:59.698+0300] {processor.py:753} INFO - DAG(s) dict_keys(['example_nested_branch_dag']) retrieved from /home/vladimir/.local/lib/python3.10/site-packages/airflow/example_dags/example_nested_branch_dag.py
[2023-04-27T18:35:59.714+0300] {logging_mixin.py:137} INFO - [2023-04-27T18:35:59.714+0300] {dag.py:2705} INFO - Sync 1 DAGs
[2023-04-27T18:35:59.728+0300] {logging_mixin.py:137} INFO - [2023-04-27T18:35:59.728+0300] {dag.py:3452} INFO - Setting next_dagrun for example_nested_branch_dag to 2023-04-26T00:00:00+00:00, run_after=2023-04-27T00:00:00+00:00
[2023-04-27T18:35:59.741+0300] {processor.py:175} INFO - Processing /home/vladimir/.local/lib/python3.10/site-packages/airflow/example_dags/example_nested_branch_dag.py took 0.065 seconds
[2023-04-27T18:36:45.375+0300] {processor.py:153} INFO - Started process (PID=7571) to work on /home/vladimir/.local/lib/python3.10/site-packages/airflow/example_dags/example_nested_branch_dag.py
[2023-04-27T18:36:45.375+0300] {processor.py:743} INFO - Processing file /home/vladimir/.local/lib/python3.10/site-packages/airflow/example_dags/example_nested_branch_dag.py for tasks to queue
[2023-04-27T18:36:45.376+0300] {logging_mixin.py:137} INFO - [2023-04-27T18:36:45.376+0300] {dagbag.py:532} INFO - Filling up the DagBag from /home/vladimir/.local/lib/python3.10/site-packages/airflow/example_dags/example_nested_branch_dag.py
[2023-04-27T18:36:45.394+0300] {processor.py:753} INFO - DAG(s) dict_keys(['example_nested_branch_dag']) retrieved from /home/vladimir/.local/lib/python3.10/site-packages/airflow/example_dags/example_nested_branch_dag.py
[2023-04-27T18:36:45.409+0300] {logging_mixin.py:137} INFO - [2023-04-27T18:36:45.409+0300] {dag.py:2705} INFO - Sync 1 DAGs
[2023-04-27T18:36:45.423+0300] {logging_mixin.py:137} INFO - [2023-04-27T18:36:45.422+0300] {dag.py:3452} INFO - Setting next_dagrun for example_nested_branch_dag to 2023-04-26T00:00:00+00:00, run_after=2023-04-27T00:00:00+00:00
[2023-04-27T18:36:45.434+0300] {processor.py:175} INFO - Processing /home/vladimir/.local/lib/python3.10/site-packages/airflow/example_dags/example_nested_branch_dag.py took 0.062 seconds
[2023-04-27T18:37:32.116+0300] {processor.py:153} INFO - Started process (PID=7667) to work on /home/vladimir/.local/lib/python3.10/site-packages/airflow/example_dags/example_nested_branch_dag.py
[2023-04-27T18:37:32.117+0300] {processor.py:743} INFO - Processing file /home/vladimir/.local/lib/python3.10/site-packages/airflow/example_dags/example_nested_branch_dag.py for tasks to queue
[2023-04-27T18:37:32.117+0300] {logging_mixin.py:137} INFO - [2023-04-27T18:37:32.117+0300] {dagbag.py:532} INFO - Filling up the DagBag from /home/vladimir/.local/lib/python3.10/site-packages/airflow/example_dags/example_nested_branch_dag.py
[2023-04-27T18:37:32.135+0300] {processor.py:753} INFO - DAG(s) dict_keys(['example_nested_branch_dag']) retrieved from /home/vladimir/.local/lib/python3.10/site-packages/airflow/example_dags/example_nested_branch_dag.py
[2023-04-27T18:37:32.152+0300] {logging_mixin.py:137} INFO - [2023-04-27T18:37:32.152+0300] {dag.py:2705} INFO - Sync 1 DAGs
[2023-04-27T18:37:32.166+0300] {logging_mixin.py:137} INFO - [2023-04-27T18:37:32.166+0300] {dag.py:3452} INFO - Setting next_dagrun for example_nested_branch_dag to 2023-04-26T00:00:00+00:00, run_after=2023-04-27T00:00:00+00:00
[2023-04-27T18:37:32.178+0300] {processor.py:175} INFO - Processing /home/vladimir/.local/lib/python3.10/site-packages/airflow/example_dags/example_nested_branch_dag.py took 0.064 seconds
[2023-04-27T18:38:18.862+0300] {processor.py:153} INFO - Started process (PID=7745) to work on /home/vladimir/.local/lib/python3.10/site-packages/airflow/example_dags/example_nested_branch_dag.py
[2023-04-27T18:38:18.863+0300] {processor.py:743} INFO - Processing file /home/vladimir/.local/lib/python3.10/site-packages/airflow/example_dags/example_nested_branch_dag.py for tasks to queue
[2023-04-27T18:38:18.864+0300] {logging_mixin.py:137} INFO - [2023-04-27T18:38:18.864+0300] {dagbag.py:532} INFO - Filling up the DagBag from /home/vladimir/.local/lib/python3.10/site-packages/airflow/example_dags/example_nested_branch_dag.py
[2023-04-27T18:38:18.882+0300] {processor.py:753} INFO - DAG(s) dict_keys(['example_nested_branch_dag']) retrieved from /home/vladimir/.local/lib/python3.10/site-packages/airflow/example_dags/example_nested_branch_dag.py
[2023-04-27T18:38:18.898+0300] {logging_mixin.py:137} INFO - [2023-04-27T18:38:18.898+0300] {dag.py:2705} INFO - Sync 1 DAGs
[2023-04-27T18:38:18.914+0300] {logging_mixin.py:137} INFO - [2023-04-27T18:38:18.914+0300] {dag.py:3452} INFO - Setting next_dagrun for example_nested_branch_dag to 2023-04-26T00:00:00+00:00, run_after=2023-04-27T00:00:00+00:00
[2023-04-27T18:38:18.931+0300] {processor.py:175} INFO - Processing /home/vladimir/.local/lib/python3.10/site-packages/airflow/example_dags/example_nested_branch_dag.py took 0.072 seconds
[2023-04-27T18:38:56.697+0300] {processor.py:153} INFO - Started process (PID=8078) to work on /home/vladimir/.local/lib/python3.10/site-packages/airflow/example_dags/example_nested_branch_dag.py
[2023-04-27T18:38:56.697+0300] {processor.py:743} INFO - Processing file /home/vladimir/.local/lib/python3.10/site-packages/airflow/example_dags/example_nested_branch_dag.py for tasks to queue
[2023-04-27T18:38:56.698+0300] {logging_mixin.py:137} INFO - [2023-04-27T18:38:56.698+0300] {dagbag.py:532} INFO - Filling up the DagBag from /home/vladimir/.local/lib/python3.10/site-packages/airflow/example_dags/example_nested_branch_dag.py
[2023-04-27T18:38:56.715+0300] {processor.py:753} INFO - DAG(s) dict_keys(['example_nested_branch_dag']) retrieved from /home/vladimir/.local/lib/python3.10/site-packages/airflow/example_dags/example_nested_branch_dag.py
[2023-04-27T18:38:56.729+0300] {logging_mixin.py:137} INFO - [2023-04-27T18:38:56.729+0300] {dag.py:2705} INFO - Sync 1 DAGs
[2023-04-27T18:38:56.742+0300] {logging_mixin.py:137} INFO - [2023-04-27T18:38:56.742+0300] {dag.py:3452} INFO - Setting next_dagrun for example_nested_branch_dag to 2023-04-26T00:00:00+00:00, run_after=2023-04-27T00:00:00+00:00
[2023-04-27T18:38:56.755+0300] {processor.py:175} INFO - Processing /home/vladimir/.local/lib/python3.10/site-packages/airflow/example_dags/example_nested_branch_dag.py took 0.061 seconds
[2023-04-27T18:39:35.935+0300] {processor.py:153} INFO - Started process (PID=8165) to work on /home/vladimir/.local/lib/python3.10/site-packages/airflow/example_dags/example_nested_branch_dag.py
[2023-04-27T18:39:35.936+0300] {processor.py:743} INFO - Processing file /home/vladimir/.local/lib/python3.10/site-packages/airflow/example_dags/example_nested_branch_dag.py for tasks to queue
[2023-04-27T18:39:35.936+0300] {logging_mixin.py:137} INFO - [2023-04-27T18:39:35.936+0300] {dagbag.py:532} INFO - Filling up the DagBag from /home/vladimir/.local/lib/python3.10/site-packages/airflow/example_dags/example_nested_branch_dag.py
[2023-04-27T18:39:35.953+0300] {processor.py:753} INFO - DAG(s) dict_keys(['example_nested_branch_dag']) retrieved from /home/vladimir/.local/lib/python3.10/site-packages/airflow/example_dags/example_nested_branch_dag.py
[2023-04-27T18:39:35.968+0300] {logging_mixin.py:137} INFO - [2023-04-27T18:39:35.967+0300] {dag.py:2705} INFO - Sync 1 DAGs
[2023-04-27T18:39:35.980+0300] {logging_mixin.py:137} INFO - [2023-04-27T18:39:35.980+0300] {dag.py:3452} INFO - Setting next_dagrun for example_nested_branch_dag to 2023-04-26T00:00:00+00:00, run_after=2023-04-27T00:00:00+00:00
[2023-04-27T18:39:35.992+0300] {processor.py:175} INFO - Processing /home/vladimir/.local/lib/python3.10/site-packages/airflow/example_dags/example_nested_branch_dag.py took 0.060 seconds
[2023-04-27T18:40:14.403+0300] {processor.py:153} INFO - Started process (PID=8249) to work on /home/vladimir/.local/lib/python3.10/site-packages/airflow/example_dags/example_nested_branch_dag.py
[2023-04-27T18:40:14.404+0300] {processor.py:743} INFO - Processing file /home/vladimir/.local/lib/python3.10/site-packages/airflow/example_dags/example_nested_branch_dag.py for tasks to queue
[2023-04-27T18:40:14.404+0300] {logging_mixin.py:137} INFO - [2023-04-27T18:40:14.404+0300] {dagbag.py:532} INFO - Filling up the DagBag from /home/vladimir/.local/lib/python3.10/site-packages/airflow/example_dags/example_nested_branch_dag.py
[2023-04-27T18:40:14.421+0300] {processor.py:753} INFO - DAG(s) dict_keys(['example_nested_branch_dag']) retrieved from /home/vladimir/.local/lib/python3.10/site-packages/airflow/example_dags/example_nested_branch_dag.py
[2023-04-27T18:40:14.436+0300] {logging_mixin.py:137} INFO - [2023-04-27T18:40:14.435+0300] {dag.py:2705} INFO - Sync 1 DAGs
[2023-04-27T18:40:14.450+0300] {logging_mixin.py:137} INFO - [2023-04-27T18:40:14.450+0300] {dag.py:3452} INFO - Setting next_dagrun for example_nested_branch_dag to 2023-04-26T00:00:00+00:00, run_after=2023-04-27T00:00:00+00:00
[2023-04-27T18:40:14.463+0300] {processor.py:175} INFO - Processing /home/vladimir/.local/lib/python3.10/site-packages/airflow/example_dags/example_nested_branch_dag.py took 0.063 seconds
[2023-04-27T18:41:24.388+0300] {processor.py:153} INFO - Started process (PID=3094) to work on /home/vladimir/.local/lib/python3.10/site-packages/airflow/example_dags/example_nested_branch_dag.py
[2023-04-27T18:41:24.389+0300] {processor.py:743} INFO - Processing file /home/vladimir/.local/lib/python3.10/site-packages/airflow/example_dags/example_nested_branch_dag.py for tasks to queue
[2023-04-27T18:41:24.390+0300] {logging_mixin.py:137} INFO - [2023-04-27T18:41:24.390+0300] {dagbag.py:532} INFO - Filling up the DagBag from /home/vladimir/.local/lib/python3.10/site-packages/airflow/example_dags/example_nested_branch_dag.py
[2023-04-27T18:41:24.407+0300] {processor.py:753} INFO - DAG(s) dict_keys(['example_nested_branch_dag']) retrieved from /home/vladimir/.local/lib/python3.10/site-packages/airflow/example_dags/example_nested_branch_dag.py
[2023-04-27T18:41:24.420+0300] {logging_mixin.py:137} INFO - [2023-04-27T18:41:24.420+0300] {dag.py:2705} INFO - Sync 1 DAGs
[2023-04-27T18:41:24.432+0300] {logging_mixin.py:137} INFO - [2023-04-27T18:41:24.432+0300] {dag.py:3452} INFO - Setting next_dagrun for example_nested_branch_dag to 2023-04-26T00:00:00+00:00, run_after=2023-04-27T00:00:00+00:00
[2023-04-27T18:41:24.443+0300] {processor.py:175} INFO - Processing /home/vladimir/.local/lib/python3.10/site-packages/airflow/example_dags/example_nested_branch_dag.py took 0.057 seconds
[2023-04-27T18:42:06.591+0300] {processor.py:153} INFO - Started process (PID=3715) to work on /home/vladimir/.local/lib/python3.10/site-packages/airflow/example_dags/example_nested_branch_dag.py
[2023-04-27T18:42:06.592+0300] {processor.py:743} INFO - Processing file /home/vladimir/.local/lib/python3.10/site-packages/airflow/example_dags/example_nested_branch_dag.py for tasks to queue
[2023-04-27T18:42:06.593+0300] {logging_mixin.py:137} INFO - [2023-04-27T18:42:06.592+0300] {dagbag.py:532} INFO - Filling up the DagBag from /home/vladimir/.local/lib/python3.10/site-packages/airflow/example_dags/example_nested_branch_dag.py
[2023-04-27T18:42:06.610+0300] {processor.py:753} INFO - DAG(s) dict_keys(['example_nested_branch_dag']) retrieved from /home/vladimir/.local/lib/python3.10/site-packages/airflow/example_dags/example_nested_branch_dag.py
[2023-04-27T18:42:06.624+0300] {logging_mixin.py:137} INFO - [2023-04-27T18:42:06.624+0300] {dag.py:2705} INFO - Sync 1 DAGs
[2023-04-27T18:42:06.637+0300] {logging_mixin.py:137} INFO - [2023-04-27T18:42:06.637+0300] {dag.py:3452} INFO - Setting next_dagrun for example_nested_branch_dag to 2023-04-26T00:00:00+00:00, run_after=2023-04-27T00:00:00+00:00
[2023-04-27T18:42:06.649+0300] {processor.py:175} INFO - Processing /home/vladimir/.local/lib/python3.10/site-packages/airflow/example_dags/example_nested_branch_dag.py took 0.060 seconds
[2023-04-27T18:42:48.524+0300] {processor.py:153} INFO - Started process (PID=4526) to work on /home/vladimir/.local/lib/python3.10/site-packages/airflow/example_dags/example_nested_branch_dag.py
[2023-04-27T18:42:48.525+0300] {processor.py:743} INFO - Processing file /home/vladimir/.local/lib/python3.10/site-packages/airflow/example_dags/example_nested_branch_dag.py for tasks to queue
[2023-04-27T18:42:48.525+0300] {logging_mixin.py:137} INFO - [2023-04-27T18:42:48.525+0300] {dagbag.py:532} INFO - Filling up the DagBag from /home/vladimir/.local/lib/python3.10/site-packages/airflow/example_dags/example_nested_branch_dag.py
[2023-04-27T18:42:48.542+0300] {processor.py:753} INFO - DAG(s) dict_keys(['example_nested_branch_dag']) retrieved from /home/vladimir/.local/lib/python3.10/site-packages/airflow/example_dags/example_nested_branch_dag.py
[2023-04-27T18:42:48.556+0300] {logging_mixin.py:137} INFO - [2023-04-27T18:42:48.556+0300] {dag.py:2705} INFO - Sync 1 DAGs
[2023-04-27T18:42:48.569+0300] {logging_mixin.py:137} INFO - [2023-04-27T18:42:48.569+0300] {dag.py:3452} INFO - Setting next_dagrun for example_nested_branch_dag to 2023-04-26T00:00:00+00:00, run_after=2023-04-27T00:00:00+00:00
[2023-04-27T18:42:48.582+0300] {processor.py:175} INFO - Processing /home/vladimir/.local/lib/python3.10/site-packages/airflow/example_dags/example_nested_branch_dag.py took 0.060 seconds
[2023-04-27T18:43:30.581+0300] {processor.py:153} INFO - Started process (PID=5203) to work on /home/vladimir/.local/lib/python3.10/site-packages/airflow/example_dags/example_nested_branch_dag.py
[2023-04-27T18:43:30.582+0300] {processor.py:743} INFO - Processing file /home/vladimir/.local/lib/python3.10/site-packages/airflow/example_dags/example_nested_branch_dag.py for tasks to queue
[2023-04-27T18:43:30.582+0300] {logging_mixin.py:137} INFO - [2023-04-27T18:43:30.582+0300] {dagbag.py:532} INFO - Filling up the DagBag from /home/vladimir/.local/lib/python3.10/site-packages/airflow/example_dags/example_nested_branch_dag.py
[2023-04-27T18:43:30.600+0300] {processor.py:753} INFO - DAG(s) dict_keys(['example_nested_branch_dag']) retrieved from /home/vladimir/.local/lib/python3.10/site-packages/airflow/example_dags/example_nested_branch_dag.py
[2023-04-27T18:43:30.615+0300] {logging_mixin.py:137} INFO - [2023-04-27T18:43:30.615+0300] {dag.py:2705} INFO - Sync 1 DAGs
[2023-04-27T18:43:30.629+0300] {logging_mixin.py:137} INFO - [2023-04-27T18:43:30.629+0300] {dag.py:3452} INFO - Setting next_dagrun for example_nested_branch_dag to 2023-04-26T00:00:00+00:00, run_after=2023-04-27T00:00:00+00:00
[2023-04-27T18:43:30.642+0300] {processor.py:175} INFO - Processing /home/vladimir/.local/lib/python3.10/site-packages/airflow/example_dags/example_nested_branch_dag.py took 0.063 seconds
[2023-04-27T18:44:15.751+0300] {processor.py:153} INFO - Started process (PID=8355) to work on /home/vladimir/.local/lib/python3.10/site-packages/airflow/example_dags/example_nested_branch_dag.py
[2023-04-27T18:44:15.753+0300] {processor.py:743} INFO - Processing file /home/vladimir/.local/lib/python3.10/site-packages/airflow/example_dags/example_nested_branch_dag.py for tasks to queue
[2023-04-27T18:44:15.753+0300] {logging_mixin.py:137} INFO - [2023-04-27T18:44:15.753+0300] {dagbag.py:532} INFO - Filling up the DagBag from /home/vladimir/.local/lib/python3.10/site-packages/airflow/example_dags/example_nested_branch_dag.py
[2023-04-27T18:44:15.778+0300] {processor.py:753} INFO - DAG(s) dict_keys(['example_nested_branch_dag']) retrieved from /home/vladimir/.local/lib/python3.10/site-packages/airflow/example_dags/example_nested_branch_dag.py
[2023-04-27T18:44:15.793+0300] {logging_mixin.py:137} INFO - [2023-04-27T18:44:15.793+0300] {dag.py:2705} INFO - Sync 1 DAGs
[2023-04-27T18:44:15.806+0300] {logging_mixin.py:137} INFO - [2023-04-27T18:44:15.806+0300] {dag.py:3452} INFO - Setting next_dagrun for example_nested_branch_dag to 2023-04-26T00:00:00+00:00, run_after=2023-04-27T00:00:00+00:00
[2023-04-27T18:44:15.820+0300] {processor.py:175} INFO - Processing /home/vladimir/.local/lib/python3.10/site-packages/airflow/example_dags/example_nested_branch_dag.py took 0.071 seconds
[2023-04-27T18:44:57.681+0300] {processor.py:153} INFO - Started process (PID=9370) to work on /home/vladimir/.local/lib/python3.10/site-packages/airflow/example_dags/example_nested_branch_dag.py
[2023-04-27T18:44:57.681+0300] {processor.py:743} INFO - Processing file /home/vladimir/.local/lib/python3.10/site-packages/airflow/example_dags/example_nested_branch_dag.py for tasks to queue
[2023-04-27T18:44:57.682+0300] {logging_mixin.py:137} INFO - [2023-04-27T18:44:57.682+0300] {dagbag.py:532} INFO - Filling up the DagBag from /home/vladimir/.local/lib/python3.10/site-packages/airflow/example_dags/example_nested_branch_dag.py
[2023-04-27T18:44:57.703+0300] {processor.py:753} INFO - DAG(s) dict_keys(['example_nested_branch_dag']) retrieved from /home/vladimir/.local/lib/python3.10/site-packages/airflow/example_dags/example_nested_branch_dag.py
[2023-04-27T18:44:57.734+0300] {logging_mixin.py:137} INFO - [2023-04-27T18:44:57.734+0300] {dag.py:2705} INFO - Sync 1 DAGs
[2023-04-27T18:44:57.750+0300] {logging_mixin.py:137} INFO - [2023-04-27T18:44:57.750+0300] {dag.py:3452} INFO - Setting next_dagrun for example_nested_branch_dag to 2023-04-26T00:00:00+00:00, run_after=2023-04-27T00:00:00+00:00
[2023-04-27T18:44:57.764+0300] {processor.py:175} INFO - Processing /home/vladimir/.local/lib/python3.10/site-packages/airflow/example_dags/example_nested_branch_dag.py took 0.086 seconds
[2023-04-27T18:45:40.355+0300] {processor.py:153} INFO - Started process (PID=12855) to work on /home/vladimir/.local/lib/python3.10/site-packages/airflow/example_dags/example_nested_branch_dag.py
[2023-04-27T18:45:40.356+0300] {processor.py:743} INFO - Processing file /home/vladimir/.local/lib/python3.10/site-packages/airflow/example_dags/example_nested_branch_dag.py for tasks to queue
[2023-04-27T18:45:40.356+0300] {logging_mixin.py:137} INFO - [2023-04-27T18:45:40.356+0300] {dagbag.py:532} INFO - Filling up the DagBag from /home/vladimir/.local/lib/python3.10/site-packages/airflow/example_dags/example_nested_branch_dag.py
[2023-04-27T18:45:40.379+0300] {processor.py:753} INFO - DAG(s) dict_keys(['example_nested_branch_dag']) retrieved from /home/vladimir/.local/lib/python3.10/site-packages/airflow/example_dags/example_nested_branch_dag.py
[2023-04-27T18:45:40.397+0300] {logging_mixin.py:137} INFO - [2023-04-27T18:45:40.397+0300] {dag.py:2705} INFO - Sync 1 DAGs
[2023-04-27T18:45:40.414+0300] {logging_mixin.py:137} INFO - [2023-04-27T18:45:40.414+0300] {dag.py:3452} INFO - Setting next_dagrun for example_nested_branch_dag to 2023-04-26T00:00:00+00:00, run_after=2023-04-27T00:00:00+00:00
[2023-04-27T18:45:40.428+0300] {processor.py:175} INFO - Processing /home/vladimir/.local/lib/python3.10/site-packages/airflow/example_dags/example_nested_branch_dag.py took 0.075 seconds
[2023-04-27T18:47:01.306+0300] {processor.py:153} INFO - Started process (PID=3028) to work on /home/vladimir/.local/lib/python3.10/site-packages/airflow/example_dags/example_nested_branch_dag.py
[2023-04-27T18:47:01.309+0300] {processor.py:743} INFO - Processing file /home/vladimir/.local/lib/python3.10/site-packages/airflow/example_dags/example_nested_branch_dag.py for tasks to queue
[2023-04-27T18:47:01.309+0300] {logging_mixin.py:137} INFO - [2023-04-27T18:47:01.309+0300] {dagbag.py:532} INFO - Filling up the DagBag from /home/vladimir/.local/lib/python3.10/site-packages/airflow/example_dags/example_nested_branch_dag.py
[2023-04-27T18:47:01.338+0300] {processor.py:753} INFO - DAG(s) dict_keys(['example_nested_branch_dag']) retrieved from /home/vladimir/.local/lib/python3.10/site-packages/airflow/example_dags/example_nested_branch_dag.py
[2023-04-27T18:47:01.360+0300] {logging_mixin.py:137} INFO - [2023-04-27T18:47:01.360+0300] {dag.py:2705} INFO - Sync 1 DAGs
[2023-04-27T18:47:01.378+0300] {logging_mixin.py:137} INFO - [2023-04-27T18:47:01.378+0300] {dag.py:3452} INFO - Setting next_dagrun for example_nested_branch_dag to 2023-04-26T00:00:00+00:00, run_after=2023-04-27T00:00:00+00:00
[2023-04-27T18:47:01.398+0300] {processor.py:175} INFO - Processing /home/vladimir/.local/lib/python3.10/site-packages/airflow/example_dags/example_nested_branch_dag.py took 0.095 seconds
[2023-04-27T18:47:43.633+0300] {processor.py:153} INFO - Started process (PID=3957) to work on /home/vladimir/.local/lib/python3.10/site-packages/airflow/example_dags/example_nested_branch_dag.py
[2023-04-27T18:47:43.633+0300] {processor.py:743} INFO - Processing file /home/vladimir/.local/lib/python3.10/site-packages/airflow/example_dags/example_nested_branch_dag.py for tasks to queue
[2023-04-27T18:47:43.634+0300] {logging_mixin.py:137} INFO - [2023-04-27T18:47:43.634+0300] {dagbag.py:532} INFO - Filling up the DagBag from /home/vladimir/.local/lib/python3.10/site-packages/airflow/example_dags/example_nested_branch_dag.py
[2023-04-27T18:47:43.654+0300] {processor.py:753} INFO - DAG(s) dict_keys(['example_nested_branch_dag']) retrieved from /home/vladimir/.local/lib/python3.10/site-packages/airflow/example_dags/example_nested_branch_dag.py
[2023-04-27T18:47:43.670+0300] {logging_mixin.py:137} INFO - [2023-04-27T18:47:43.670+0300] {dag.py:2705} INFO - Sync 1 DAGs
[2023-04-27T18:47:43.683+0300] {logging_mixin.py:137} INFO - [2023-04-27T18:47:43.683+0300] {dag.py:3452} INFO - Setting next_dagrun for example_nested_branch_dag to 2023-04-26T00:00:00+00:00, run_after=2023-04-27T00:00:00+00:00
[2023-04-27T18:47:43.697+0300] {processor.py:175} INFO - Processing /home/vladimir/.local/lib/python3.10/site-packages/airflow/example_dags/example_nested_branch_dag.py took 0.067 seconds
[2023-04-27T18:48:23.551+0300] {processor.py:153} INFO - Started process (PID=4131) to work on /home/vladimir/.local/lib/python3.10/site-packages/airflow/example_dags/example_nested_branch_dag.py
[2023-04-27T18:48:23.552+0300] {processor.py:743} INFO - Processing file /home/vladimir/.local/lib/python3.10/site-packages/airflow/example_dags/example_nested_branch_dag.py for tasks to queue
[2023-04-27T18:48:23.553+0300] {logging_mixin.py:137} INFO - [2023-04-27T18:48:23.553+0300] {dagbag.py:532} INFO - Filling up the DagBag from /home/vladimir/.local/lib/python3.10/site-packages/airflow/example_dags/example_nested_branch_dag.py
[2023-04-27T18:48:23.570+0300] {processor.py:753} INFO - DAG(s) dict_keys(['example_nested_branch_dag']) retrieved from /home/vladimir/.local/lib/python3.10/site-packages/airflow/example_dags/example_nested_branch_dag.py
[2023-04-27T18:48:23.585+0300] {logging_mixin.py:137} INFO - [2023-04-27T18:48:23.585+0300] {dag.py:2705} INFO - Sync 1 DAGs
[2023-04-27T18:48:23.598+0300] {logging_mixin.py:137} INFO - [2023-04-27T18:48:23.598+0300] {dag.py:3452} INFO - Setting next_dagrun for example_nested_branch_dag to 2023-04-26T00:00:00+00:00, run_after=2023-04-27T00:00:00+00:00
[2023-04-27T18:48:23.610+0300] {processor.py:175} INFO - Processing /home/vladimir/.local/lib/python3.10/site-packages/airflow/example_dags/example_nested_branch_dag.py took 0.061 seconds
[2023-04-27T18:49:08.758+0300] {processor.py:153} INFO - Started process (PID=4180) to work on /home/vladimir/.local/lib/python3.10/site-packages/airflow/example_dags/example_nested_branch_dag.py
[2023-04-27T18:49:08.759+0300] {processor.py:743} INFO - Processing file /home/vladimir/.local/lib/python3.10/site-packages/airflow/example_dags/example_nested_branch_dag.py for tasks to queue
[2023-04-27T18:49:08.760+0300] {logging_mixin.py:137} INFO - [2023-04-27T18:49:08.760+0300] {dagbag.py:532} INFO - Filling up the DagBag from /home/vladimir/.local/lib/python3.10/site-packages/airflow/example_dags/example_nested_branch_dag.py
[2023-04-27T18:49:08.777+0300] {processor.py:753} INFO - DAG(s) dict_keys(['example_nested_branch_dag']) retrieved from /home/vladimir/.local/lib/python3.10/site-packages/airflow/example_dags/example_nested_branch_dag.py
[2023-04-27T18:49:08.791+0300] {logging_mixin.py:137} INFO - [2023-04-27T18:49:08.791+0300] {dag.py:2705} INFO - Sync 1 DAGs
[2023-04-27T18:49:08.806+0300] {logging_mixin.py:137} INFO - [2023-04-27T18:49:08.806+0300] {dag.py:3452} INFO - Setting next_dagrun for example_nested_branch_dag to 2023-04-26T00:00:00+00:00, run_after=2023-04-27T00:00:00+00:00
[2023-04-27T18:49:08.818+0300] {processor.py:175} INFO - Processing /home/vladimir/.local/lib/python3.10/site-packages/airflow/example_dags/example_nested_branch_dag.py took 0.062 seconds
[2023-04-27T18:49:50.868+0300] {processor.py:153} INFO - Started process (PID=4472) to work on /home/vladimir/.local/lib/python3.10/site-packages/airflow/example_dags/example_nested_branch_dag.py
[2023-04-27T18:49:50.869+0300] {processor.py:743} INFO - Processing file /home/vladimir/.local/lib/python3.10/site-packages/airflow/example_dags/example_nested_branch_dag.py for tasks to queue
[2023-04-27T18:49:50.870+0300] {logging_mixin.py:137} INFO - [2023-04-27T18:49:50.870+0300] {dagbag.py:532} INFO - Filling up the DagBag from /home/vladimir/.local/lib/python3.10/site-packages/airflow/example_dags/example_nested_branch_dag.py
[2023-04-27T18:49:50.892+0300] {processor.py:753} INFO - DAG(s) dict_keys(['example_nested_branch_dag']) retrieved from /home/vladimir/.local/lib/python3.10/site-packages/airflow/example_dags/example_nested_branch_dag.py
[2023-04-27T18:49:50.912+0300] {logging_mixin.py:137} INFO - [2023-04-27T18:49:50.912+0300] {dag.py:2705} INFO - Sync 1 DAGs
[2023-04-27T18:49:50.927+0300] {logging_mixin.py:137} INFO - [2023-04-27T18:49:50.926+0300] {dag.py:3452} INFO - Setting next_dagrun for example_nested_branch_dag to 2023-04-26T00:00:00+00:00, run_after=2023-04-27T00:00:00+00:00
[2023-04-27T18:49:50.938+0300] {processor.py:175} INFO - Processing /home/vladimir/.local/lib/python3.10/site-packages/airflow/example_dags/example_nested_branch_dag.py took 0.072 seconds
[2023-04-27T18:50:29.970+0300] {processor.py:153} INFO - Started process (PID=4962) to work on /home/vladimir/.local/lib/python3.10/site-packages/airflow/example_dags/example_nested_branch_dag.py
[2023-04-27T18:50:29.971+0300] {processor.py:743} INFO - Processing file /home/vladimir/.local/lib/python3.10/site-packages/airflow/example_dags/example_nested_branch_dag.py for tasks to queue
[2023-04-27T18:50:29.972+0300] {logging_mixin.py:137} INFO - [2023-04-27T18:50:29.972+0300] {dagbag.py:532} INFO - Filling up the DagBag from /home/vladimir/.local/lib/python3.10/site-packages/airflow/example_dags/example_nested_branch_dag.py
[2023-04-27T18:50:30.001+0300] {processor.py:753} INFO - DAG(s) dict_keys(['example_nested_branch_dag']) retrieved from /home/vladimir/.local/lib/python3.10/site-packages/airflow/example_dags/example_nested_branch_dag.py
[2023-04-27T18:50:30.025+0300] {logging_mixin.py:137} INFO - [2023-04-27T18:50:30.025+0300] {dag.py:2705} INFO - Sync 1 DAGs
[2023-04-27T18:50:30.042+0300] {logging_mixin.py:137} INFO - [2023-04-27T18:50:30.042+0300] {dag.py:3452} INFO - Setting next_dagrun for example_nested_branch_dag to 2023-04-26T00:00:00+00:00, run_after=2023-04-27T00:00:00+00:00
[2023-04-27T18:50:30.055+0300] {processor.py:175} INFO - Processing /home/vladimir/.local/lib/python3.10/site-packages/airflow/example_dags/example_nested_branch_dag.py took 0.088 seconds
[2023-04-27T18:51:15.309+0300] {processor.py:153} INFO - Started process (PID=5253) to work on /home/vladimir/.local/lib/python3.10/site-packages/airflow/example_dags/example_nested_branch_dag.py
[2023-04-27T18:51:15.310+0300] {processor.py:743} INFO - Processing file /home/vladimir/.local/lib/python3.10/site-packages/airflow/example_dags/example_nested_branch_dag.py for tasks to queue
[2023-04-27T18:51:15.310+0300] {logging_mixin.py:137} INFO - [2023-04-27T18:51:15.310+0300] {dagbag.py:532} INFO - Filling up the DagBag from /home/vladimir/.local/lib/python3.10/site-packages/airflow/example_dags/example_nested_branch_dag.py
[2023-04-27T18:51:15.328+0300] {processor.py:753} INFO - DAG(s) dict_keys(['example_nested_branch_dag']) retrieved from /home/vladimir/.local/lib/python3.10/site-packages/airflow/example_dags/example_nested_branch_dag.py
[2023-04-27T18:51:15.342+0300] {logging_mixin.py:137} INFO - [2023-04-27T18:51:15.341+0300] {dag.py:2705} INFO - Sync 1 DAGs
[2023-04-27T18:51:15.354+0300] {logging_mixin.py:137} INFO - [2023-04-27T18:51:15.354+0300] {dag.py:3452} INFO - Setting next_dagrun for example_nested_branch_dag to 2023-04-26T00:00:00+00:00, run_after=2023-04-27T00:00:00+00:00
[2023-04-27T18:51:15.365+0300] {processor.py:175} INFO - Processing /home/vladimir/.local/lib/python3.10/site-packages/airflow/example_dags/example_nested_branch_dag.py took 0.058 seconds
[2023-04-27T18:51:59.735+0300] {processor.py:153} INFO - Started process (PID=5306) to work on /home/vladimir/.local/lib/python3.10/site-packages/airflow/example_dags/example_nested_branch_dag.py
[2023-04-27T18:51:59.736+0300] {processor.py:743} INFO - Processing file /home/vladimir/.local/lib/python3.10/site-packages/airflow/example_dags/example_nested_branch_dag.py for tasks to queue
[2023-04-27T18:51:59.736+0300] {logging_mixin.py:137} INFO - [2023-04-27T18:51:59.736+0300] {dagbag.py:532} INFO - Filling up the DagBag from /home/vladimir/.local/lib/python3.10/site-packages/airflow/example_dags/example_nested_branch_dag.py
[2023-04-27T18:51:59.754+0300] {processor.py:753} INFO - DAG(s) dict_keys(['example_nested_branch_dag']) retrieved from /home/vladimir/.local/lib/python3.10/site-packages/airflow/example_dags/example_nested_branch_dag.py
[2023-04-27T18:51:59.768+0300] {logging_mixin.py:137} INFO - [2023-04-27T18:51:59.768+0300] {dag.py:2705} INFO - Sync 1 DAGs
[2023-04-27T18:51:59.781+0300] {logging_mixin.py:137} INFO - [2023-04-27T18:51:59.781+0300] {dag.py:3452} INFO - Setting next_dagrun for example_nested_branch_dag to 2023-04-26T00:00:00+00:00, run_after=2023-04-27T00:00:00+00:00
[2023-04-27T18:51:59.795+0300] {processor.py:175} INFO - Processing /home/vladimir/.local/lib/python3.10/site-packages/airflow/example_dags/example_nested_branch_dag.py took 0.063 seconds
[2023-04-27T18:52:46.096+0300] {processor.py:153} INFO - Started process (PID=5356) to work on /home/vladimir/.local/lib/python3.10/site-packages/airflow/example_dags/example_nested_branch_dag.py
[2023-04-27T18:52:46.097+0300] {processor.py:743} INFO - Processing file /home/vladimir/.local/lib/python3.10/site-packages/airflow/example_dags/example_nested_branch_dag.py for tasks to queue
[2023-04-27T18:52:46.097+0300] {logging_mixin.py:137} INFO - [2023-04-27T18:52:46.097+0300] {dagbag.py:532} INFO - Filling up the DagBag from /home/vladimir/.local/lib/python3.10/site-packages/airflow/example_dags/example_nested_branch_dag.py
[2023-04-27T18:52:46.115+0300] {processor.py:753} INFO - DAG(s) dict_keys(['example_nested_branch_dag']) retrieved from /home/vladimir/.local/lib/python3.10/site-packages/airflow/example_dags/example_nested_branch_dag.py
[2023-04-27T18:52:46.129+0300] {logging_mixin.py:137} INFO - [2023-04-27T18:52:46.129+0300] {dag.py:2705} INFO - Sync 1 DAGs
[2023-04-27T18:52:46.142+0300] {logging_mixin.py:137} INFO - [2023-04-27T18:52:46.142+0300] {dag.py:3452} INFO - Setting next_dagrun for example_nested_branch_dag to 2023-04-26T00:00:00+00:00, run_after=2023-04-27T00:00:00+00:00
[2023-04-27T18:52:46.154+0300] {processor.py:175} INFO - Processing /home/vladimir/.local/lib/python3.10/site-packages/airflow/example_dags/example_nested_branch_dag.py took 0.060 seconds
[2023-04-27T18:53:29.272+0300] {processor.py:153} INFO - Started process (PID=5546) to work on /home/vladimir/.local/lib/python3.10/site-packages/airflow/example_dags/example_nested_branch_dag.py
[2023-04-27T18:53:29.273+0300] {processor.py:743} INFO - Processing file /home/vladimir/.local/lib/python3.10/site-packages/airflow/example_dags/example_nested_branch_dag.py for tasks to queue
[2023-04-27T18:53:29.274+0300] {logging_mixin.py:137} INFO - [2023-04-27T18:53:29.274+0300] {dagbag.py:532} INFO - Filling up the DagBag from /home/vladimir/.local/lib/python3.10/site-packages/airflow/example_dags/example_nested_branch_dag.py
[2023-04-27T18:53:29.291+0300] {processor.py:753} INFO - DAG(s) dict_keys(['example_nested_branch_dag']) retrieved from /home/vladimir/.local/lib/python3.10/site-packages/airflow/example_dags/example_nested_branch_dag.py
[2023-04-27T18:53:29.305+0300] {logging_mixin.py:137} INFO - [2023-04-27T18:53:29.305+0300] {dag.py:2705} INFO - Sync 1 DAGs
[2023-04-27T18:53:29.319+0300] {logging_mixin.py:137} INFO - [2023-04-27T18:53:29.319+0300] {dag.py:3452} INFO - Setting next_dagrun for example_nested_branch_dag to 2023-04-26T00:00:00+00:00, run_after=2023-04-27T00:00:00+00:00
[2023-04-27T18:53:29.332+0300] {processor.py:175} INFO - Processing /home/vladimir/.local/lib/python3.10/site-packages/airflow/example_dags/example_nested_branch_dag.py took 0.062 seconds
[2023-04-27T18:54:16.230+0300] {processor.py:153} INFO - Started process (PID=5597) to work on /home/vladimir/.local/lib/python3.10/site-packages/airflow/example_dags/example_nested_branch_dag.py
[2023-04-27T18:54:16.231+0300] {processor.py:743} INFO - Processing file /home/vladimir/.local/lib/python3.10/site-packages/airflow/example_dags/example_nested_branch_dag.py for tasks to queue
[2023-04-27T18:54:16.232+0300] {logging_mixin.py:137} INFO - [2023-04-27T18:54:16.232+0300] {dagbag.py:532} INFO - Filling up the DagBag from /home/vladimir/.local/lib/python3.10/site-packages/airflow/example_dags/example_nested_branch_dag.py
[2023-04-27T18:54:16.249+0300] {processor.py:753} INFO - DAG(s) dict_keys(['example_nested_branch_dag']) retrieved from /home/vladimir/.local/lib/python3.10/site-packages/airflow/example_dags/example_nested_branch_dag.py
[2023-04-27T18:54:16.262+0300] {logging_mixin.py:137} INFO - [2023-04-27T18:54:16.262+0300] {dag.py:2705} INFO - Sync 1 DAGs
[2023-04-27T18:54:16.274+0300] {logging_mixin.py:137} INFO - [2023-04-27T18:54:16.274+0300] {dag.py:3452} INFO - Setting next_dagrun for example_nested_branch_dag to 2023-04-26T00:00:00+00:00, run_after=2023-04-27T00:00:00+00:00
[2023-04-27T18:54:16.286+0300] {processor.py:175} INFO - Processing /home/vladimir/.local/lib/python3.10/site-packages/airflow/example_dags/example_nested_branch_dag.py took 0.058 seconds
[2023-04-27T18:54:55.789+0300] {processor.py:153} INFO - Started process (PID=5643) to work on /home/vladimir/.local/lib/python3.10/site-packages/airflow/example_dags/example_nested_branch_dag.py
[2023-04-27T18:54:55.789+0300] {processor.py:743} INFO - Processing file /home/vladimir/.local/lib/python3.10/site-packages/airflow/example_dags/example_nested_branch_dag.py for tasks to queue
[2023-04-27T18:54:55.790+0300] {logging_mixin.py:137} INFO - [2023-04-27T18:54:55.790+0300] {dagbag.py:532} INFO - Filling up the DagBag from /home/vladimir/.local/lib/python3.10/site-packages/airflow/example_dags/example_nested_branch_dag.py
[2023-04-27T18:54:55.808+0300] {processor.py:753} INFO - DAG(s) dict_keys(['example_nested_branch_dag']) retrieved from /home/vladimir/.local/lib/python3.10/site-packages/airflow/example_dags/example_nested_branch_dag.py
[2023-04-27T18:54:55.823+0300] {logging_mixin.py:137} INFO - [2023-04-27T18:54:55.822+0300] {dag.py:2705} INFO - Sync 1 DAGs
[2023-04-27T18:54:55.835+0300] {logging_mixin.py:137} INFO - [2023-04-27T18:54:55.835+0300] {dag.py:3452} INFO - Setting next_dagrun for example_nested_branch_dag to 2023-04-26T00:00:00+00:00, run_after=2023-04-27T00:00:00+00:00
[2023-04-27T18:54:55.848+0300] {processor.py:175} INFO - Processing /home/vladimir/.local/lib/python3.10/site-packages/airflow/example_dags/example_nested_branch_dag.py took 0.062 seconds
[2023-04-27T18:55:43.731+0300] {processor.py:153} INFO - Started process (PID=5703) to work on /home/vladimir/.local/lib/python3.10/site-packages/airflow/example_dags/example_nested_branch_dag.py
[2023-04-27T18:55:43.732+0300] {processor.py:743} INFO - Processing file /home/vladimir/.local/lib/python3.10/site-packages/airflow/example_dags/example_nested_branch_dag.py for tasks to queue
[2023-04-27T18:55:43.732+0300] {logging_mixin.py:137} INFO - [2023-04-27T18:55:43.732+0300] {dagbag.py:532} INFO - Filling up the DagBag from /home/vladimir/.local/lib/python3.10/site-packages/airflow/example_dags/example_nested_branch_dag.py
[2023-04-27T18:55:43.750+0300] {processor.py:753} INFO - DAG(s) dict_keys(['example_nested_branch_dag']) retrieved from /home/vladimir/.local/lib/python3.10/site-packages/airflow/example_dags/example_nested_branch_dag.py
[2023-04-27T18:55:43.764+0300] {logging_mixin.py:137} INFO - [2023-04-27T18:55:43.764+0300] {dag.py:2705} INFO - Sync 1 DAGs
[2023-04-27T18:55:43.776+0300] {logging_mixin.py:137} INFO - [2023-04-27T18:55:43.776+0300] {dag.py:3452} INFO - Setting next_dagrun for example_nested_branch_dag to 2023-04-26T00:00:00+00:00, run_after=2023-04-27T00:00:00+00:00
[2023-04-27T18:55:43.788+0300] {processor.py:175} INFO - Processing /home/vladimir/.local/lib/python3.10/site-packages/airflow/example_dags/example_nested_branch_dag.py took 0.060 seconds
[2023-04-27T18:56:27.219+0300] {processor.py:153} INFO - Started process (PID=6544) to work on /home/vladimir/.local/lib/python3.10/site-packages/airflow/example_dags/example_nested_branch_dag.py
[2023-04-27T18:56:27.221+0300] {processor.py:743} INFO - Processing file /home/vladimir/.local/lib/python3.10/site-packages/airflow/example_dags/example_nested_branch_dag.py for tasks to queue
[2023-04-27T18:56:27.221+0300] {logging_mixin.py:137} INFO - [2023-04-27T18:56:27.221+0300] {dagbag.py:532} INFO - Filling up the DagBag from /home/vladimir/.local/lib/python3.10/site-packages/airflow/example_dags/example_nested_branch_dag.py
[2023-04-27T18:56:27.242+0300] {processor.py:753} INFO - DAG(s) dict_keys(['example_nested_branch_dag']) retrieved from /home/vladimir/.local/lib/python3.10/site-packages/airflow/example_dags/example_nested_branch_dag.py
[2023-04-27T18:56:27.258+0300] {logging_mixin.py:137} INFO - [2023-04-27T18:56:27.257+0300] {dag.py:2705} INFO - Sync 1 DAGs
[2023-04-27T18:56:27.273+0300] {logging_mixin.py:137} INFO - [2023-04-27T18:56:27.272+0300] {dag.py:3452} INFO - Setting next_dagrun for example_nested_branch_dag to 2023-04-26T00:00:00+00:00, run_after=2023-04-27T00:00:00+00:00
[2023-04-27T18:56:27.289+0300] {processor.py:175} INFO - Processing /home/vladimir/.local/lib/python3.10/site-packages/airflow/example_dags/example_nested_branch_dag.py took 0.072 seconds
[2023-04-27T18:57:13.351+0300] {processor.py:153} INFO - Started process (PID=6684) to work on /home/vladimir/.local/lib/python3.10/site-packages/airflow/example_dags/example_nested_branch_dag.py
[2023-04-27T18:57:13.352+0300] {processor.py:743} INFO - Processing file /home/vladimir/.local/lib/python3.10/site-packages/airflow/example_dags/example_nested_branch_dag.py for tasks to queue
[2023-04-27T18:57:13.352+0300] {logging_mixin.py:137} INFO - [2023-04-27T18:57:13.352+0300] {dagbag.py:532} INFO - Filling up the DagBag from /home/vladimir/.local/lib/python3.10/site-packages/airflow/example_dags/example_nested_branch_dag.py
[2023-04-27T18:57:13.369+0300] {processor.py:753} INFO - DAG(s) dict_keys(['example_nested_branch_dag']) retrieved from /home/vladimir/.local/lib/python3.10/site-packages/airflow/example_dags/example_nested_branch_dag.py
[2023-04-27T18:57:13.382+0300] {logging_mixin.py:137} INFO - [2023-04-27T18:57:13.382+0300] {dag.py:2705} INFO - Sync 1 DAGs
[2023-04-27T18:57:13.395+0300] {logging_mixin.py:137} INFO - [2023-04-27T18:57:13.395+0300] {dag.py:3452} INFO - Setting next_dagrun for example_nested_branch_dag to 2023-04-26T00:00:00+00:00, run_after=2023-04-27T00:00:00+00:00
[2023-04-27T18:57:13.407+0300] {processor.py:175} INFO - Processing /home/vladimir/.local/lib/python3.10/site-packages/airflow/example_dags/example_nested_branch_dag.py took 0.058 seconds
[2023-04-27T18:57:53.361+0300] {processor.py:153} INFO - Started process (PID=6753) to work on /home/vladimir/.local/lib/python3.10/site-packages/airflow/example_dags/example_nested_branch_dag.py
[2023-04-27T18:57:53.362+0300] {processor.py:743} INFO - Processing file /home/vladimir/.local/lib/python3.10/site-packages/airflow/example_dags/example_nested_branch_dag.py for tasks to queue
[2023-04-27T18:57:53.363+0300] {logging_mixin.py:137} INFO - [2023-04-27T18:57:53.362+0300] {dagbag.py:532} INFO - Filling up the DagBag from /home/vladimir/.local/lib/python3.10/site-packages/airflow/example_dags/example_nested_branch_dag.py
[2023-04-27T18:57:53.381+0300] {processor.py:753} INFO - DAG(s) dict_keys(['example_nested_branch_dag']) retrieved from /home/vladimir/.local/lib/python3.10/site-packages/airflow/example_dags/example_nested_branch_dag.py
[2023-04-27T18:57:53.397+0300] {logging_mixin.py:137} INFO - [2023-04-27T18:57:53.396+0300] {dag.py:2705} INFO - Sync 1 DAGs
[2023-04-27T18:57:53.410+0300] {logging_mixin.py:137} INFO - [2023-04-27T18:57:53.410+0300] {dag.py:3452} INFO - Setting next_dagrun for example_nested_branch_dag to 2023-04-26T00:00:00+00:00, run_after=2023-04-27T00:00:00+00:00
[2023-04-27T18:57:53.423+0300] {processor.py:175} INFO - Processing /home/vladimir/.local/lib/python3.10/site-packages/airflow/example_dags/example_nested_branch_dag.py took 0.064 seconds
[2023-04-27T18:58:38.458+0300] {processor.py:153} INFO - Started process (PID=6840) to work on /home/vladimir/.local/lib/python3.10/site-packages/airflow/example_dags/example_nested_branch_dag.py
[2023-04-27T18:58:38.459+0300] {processor.py:743} INFO - Processing file /home/vladimir/.local/lib/python3.10/site-packages/airflow/example_dags/example_nested_branch_dag.py for tasks to queue
[2023-04-27T18:58:38.460+0300] {logging_mixin.py:137} INFO - [2023-04-27T18:58:38.460+0300] {dagbag.py:532} INFO - Filling up the DagBag from /home/vladimir/.local/lib/python3.10/site-packages/airflow/example_dags/example_nested_branch_dag.py
[2023-04-27T18:58:38.478+0300] {processor.py:753} INFO - DAG(s) dict_keys(['example_nested_branch_dag']) retrieved from /home/vladimir/.local/lib/python3.10/site-packages/airflow/example_dags/example_nested_branch_dag.py
[2023-04-27T18:58:38.492+0300] {logging_mixin.py:137} INFO - [2023-04-27T18:58:38.492+0300] {dag.py:2705} INFO - Sync 1 DAGs
[2023-04-27T18:58:38.504+0300] {logging_mixin.py:137} INFO - [2023-04-27T18:58:38.504+0300] {dag.py:3452} INFO - Setting next_dagrun for example_nested_branch_dag to 2023-04-26T00:00:00+00:00, run_after=2023-04-27T00:00:00+00:00
[2023-04-27T18:58:38.517+0300] {processor.py:175} INFO - Processing /home/vladimir/.local/lib/python3.10/site-packages/airflow/example_dags/example_nested_branch_dag.py took 0.061 seconds
[2023-04-27T18:59:26.956+0300] {processor.py:153} INFO - Started process (PID=6929) to work on /home/vladimir/.local/lib/python3.10/site-packages/airflow/example_dags/example_nested_branch_dag.py
[2023-04-27T18:59:26.957+0300] {processor.py:743} INFO - Processing file /home/vladimir/.local/lib/python3.10/site-packages/airflow/example_dags/example_nested_branch_dag.py for tasks to queue
[2023-04-27T18:59:26.957+0300] {logging_mixin.py:137} INFO - [2023-04-27T18:59:26.957+0300] {dagbag.py:532} INFO - Filling up the DagBag from /home/vladimir/.local/lib/python3.10/site-packages/airflow/example_dags/example_nested_branch_dag.py
[2023-04-27T18:59:26.974+0300] {processor.py:753} INFO - DAG(s) dict_keys(['example_nested_branch_dag']) retrieved from /home/vladimir/.local/lib/python3.10/site-packages/airflow/example_dags/example_nested_branch_dag.py
[2023-04-27T18:59:26.988+0300] {logging_mixin.py:137} INFO - [2023-04-27T18:59:26.988+0300] {dag.py:2705} INFO - Sync 1 DAGs
[2023-04-27T18:59:27.001+0300] {logging_mixin.py:137} INFO - [2023-04-27T18:59:27.001+0300] {dag.py:3452} INFO - Setting next_dagrun for example_nested_branch_dag to 2023-04-26T00:00:00+00:00, run_after=2023-04-27T00:00:00+00:00
[2023-04-27T18:59:27.013+0300] {processor.py:175} INFO - Processing /home/vladimir/.local/lib/python3.10/site-packages/airflow/example_dags/example_nested_branch_dag.py took 0.059 seconds
[2023-04-27T19:00:08.984+0300] {processor.py:153} INFO - Started process (PID=6999) to work on /home/vladimir/.local/lib/python3.10/site-packages/airflow/example_dags/example_nested_branch_dag.py
[2023-04-27T19:00:08.985+0300] {processor.py:743} INFO - Processing file /home/vladimir/.local/lib/python3.10/site-packages/airflow/example_dags/example_nested_branch_dag.py for tasks to queue
[2023-04-27T19:00:08.987+0300] {logging_mixin.py:137} INFO - [2023-04-27T19:00:08.986+0300] {dagbag.py:532} INFO - Filling up the DagBag from /home/vladimir/.local/lib/python3.10/site-packages/airflow/example_dags/example_nested_branch_dag.py
[2023-04-27T19:00:09.004+0300] {processor.py:753} INFO - DAG(s) dict_keys(['example_nested_branch_dag']) retrieved from /home/vladimir/.local/lib/python3.10/site-packages/airflow/example_dags/example_nested_branch_dag.py
[2023-04-27T19:00:09.018+0300] {logging_mixin.py:137} INFO - [2023-04-27T19:00:09.018+0300] {dag.py:2705} INFO - Sync 1 DAGs
[2023-04-27T19:00:09.031+0300] {logging_mixin.py:137} INFO - [2023-04-27T19:00:09.031+0300] {dag.py:3452} INFO - Setting next_dagrun for example_nested_branch_dag to 2023-04-26T00:00:00+00:00, run_after=2023-04-27T00:00:00+00:00
[2023-04-27T19:00:09.044+0300] {processor.py:175} INFO - Processing /home/vladimir/.local/lib/python3.10/site-packages/airflow/example_dags/example_nested_branch_dag.py took 0.062 seconds
[2023-04-27T19:00:46.915+0300] {processor.py:153} INFO - Started process (PID=7095) to work on /home/vladimir/.local/lib/python3.10/site-packages/airflow/example_dags/example_nested_branch_dag.py
[2023-04-27T19:00:46.915+0300] {processor.py:743} INFO - Processing file /home/vladimir/.local/lib/python3.10/site-packages/airflow/example_dags/example_nested_branch_dag.py for tasks to queue
[2023-04-27T19:00:46.916+0300] {logging_mixin.py:137} INFO - [2023-04-27T19:00:46.916+0300] {dagbag.py:532} INFO - Filling up the DagBag from /home/vladimir/.local/lib/python3.10/site-packages/airflow/example_dags/example_nested_branch_dag.py
[2023-04-27T19:00:46.934+0300] {processor.py:753} INFO - DAG(s) dict_keys(['example_nested_branch_dag']) retrieved from /home/vladimir/.local/lib/python3.10/site-packages/airflow/example_dags/example_nested_branch_dag.py
[2023-04-27T19:00:46.949+0300] {logging_mixin.py:137} INFO - [2023-04-27T19:00:46.949+0300] {dag.py:2705} INFO - Sync 1 DAGs
[2023-04-27T19:00:46.962+0300] {logging_mixin.py:137} INFO - [2023-04-27T19:00:46.962+0300] {dag.py:3452} INFO - Setting next_dagrun for example_nested_branch_dag to 2023-04-26T00:00:00+00:00, run_after=2023-04-27T00:00:00+00:00
[2023-04-27T19:00:46.975+0300] {processor.py:175} INFO - Processing /home/vladimir/.local/lib/python3.10/site-packages/airflow/example_dags/example_nested_branch_dag.py took 0.063 seconds
