[2023-04-27T18:25:15.342+0300] {processor.py:153} INFO - Started process (PID=5608) to work on /home/vladimir/.local/lib/python3.10/site-packages/airflow/example_dags/example_short_circuit_operator.py
[2023-04-27T18:25:15.350+0300] {processor.py:743} INFO - Processing file /home/vladimir/.local/lib/python3.10/site-packages/airflow/example_dags/example_short_circuit_operator.py for tasks to queue
[2023-04-27T18:25:15.351+0300] {logging_mixin.py:137} INFO - [2023-04-27T18:25:15.351+0300] {dagbag.py:532} INFO - Filling up the DagBag from /home/vladimir/.local/lib/python3.10/site-packages/airflow/example_dags/example_short_circuit_operator.py
[2023-04-27T18:25:15.410+0300] {processor.py:753} INFO - DAG(s) dict_keys(['example_short_circuit_operator']) retrieved from /home/vladimir/.local/lib/python3.10/site-packages/airflow/example_dags/example_short_circuit_operator.py
[2023-04-27T18:25:15.583+0300] {logging_mixin.py:137} INFO - [2023-04-27T18:25:15.583+0300] {manager.py:504} INFO - Created Permission View: can read on DAG:example_short_circuit_operator
[2023-04-27T18:25:15.598+0300] {logging_mixin.py:137} INFO - [2023-04-27T18:25:15.597+0300] {manager.py:504} INFO - Created Permission View: can delete on DAG:example_short_circuit_operator
[2023-04-27T18:25:15.604+0300] {logging_mixin.py:137} INFO - [2023-04-27T18:25:15.604+0300] {manager.py:504} INFO - Created Permission View: can edit on DAG:example_short_circuit_operator
[2023-04-27T18:25:15.604+0300] {logging_mixin.py:137} INFO - [2023-04-27T18:25:15.604+0300] {dag.py:2705} INFO - Sync 1 DAGs
[2023-04-27T18:25:15.628+0300] {logging_mixin.py:137} INFO - [2023-04-27T18:25:15.627+0300] {dag.py:2726} INFO - Creating ORM DAG for example_short_circuit_operator
[2023-04-27T18:25:15.645+0300] {logging_mixin.py:137} INFO - [2023-04-27T18:25:15.644+0300] {dag.py:3452} INFO - Setting next_dagrun for example_short_circuit_operator to 2023-04-26T15:25:15.644455+00:00, run_after=2023-04-27T15:25:15.644455+00:00
[2023-04-27T18:25:15.668+0300] {processor.py:175} INFO - Processing /home/vladimir/.local/lib/python3.10/site-packages/airflow/example_dags/example_short_circuit_operator.py took 0.348 seconds
[2023-04-27T18:26:11.961+0300] {processor.py:153} INFO - Started process (PID=5984) to work on /home/vladimir/.local/lib/python3.10/site-packages/airflow/example_dags/example_short_circuit_operator.py
[2023-04-27T18:26:11.962+0300] {processor.py:743} INFO - Processing file /home/vladimir/.local/lib/python3.10/site-packages/airflow/example_dags/example_short_circuit_operator.py for tasks to queue
[2023-04-27T18:26:11.962+0300] {logging_mixin.py:137} INFO - [2023-04-27T18:26:11.962+0300] {dagbag.py:532} INFO - Filling up the DagBag from /home/vladimir/.local/lib/python3.10/site-packages/airflow/example_dags/example_short_circuit_operator.py
[2023-04-27T18:26:11.975+0300] {processor.py:753} INFO - DAG(s) dict_keys(['example_short_circuit_operator']) retrieved from /home/vladimir/.local/lib/python3.10/site-packages/airflow/example_dags/example_short_circuit_operator.py
[2023-04-27T18:26:11.994+0300] {logging_mixin.py:137} INFO - [2023-04-27T18:26:11.993+0300] {dag.py:2705} INFO - Sync 1 DAGs
[2023-04-27T18:26:12.006+0300] {logging_mixin.py:137} INFO - [2023-04-27T18:26:12.006+0300] {dag.py:3452} INFO - Setting next_dagrun for example_short_circuit_operator to 2023-04-26T15:26:12.006083+00:00, run_after=2023-04-27T15:26:12.006083+00:00
[2023-04-27T18:26:12.021+0300] {processor.py:175} INFO - Processing /home/vladimir/.local/lib/python3.10/site-packages/airflow/example_dags/example_short_circuit_operator.py took 0.062 seconds
[2023-04-27T18:26:54.176+0300] {processor.py:153} INFO - Started process (PID=6049) to work on /home/vladimir/.local/lib/python3.10/site-packages/airflow/example_dags/example_short_circuit_operator.py
[2023-04-27T18:26:54.177+0300] {processor.py:743} INFO - Processing file /home/vladimir/.local/lib/python3.10/site-packages/airflow/example_dags/example_short_circuit_operator.py for tasks to queue
[2023-04-27T18:26:54.177+0300] {logging_mixin.py:137} INFO - [2023-04-27T18:26:54.177+0300] {dagbag.py:532} INFO - Filling up the DagBag from /home/vladimir/.local/lib/python3.10/site-packages/airflow/example_dags/example_short_circuit_operator.py
[2023-04-27T18:26:54.189+0300] {processor.py:753} INFO - DAG(s) dict_keys(['example_short_circuit_operator']) retrieved from /home/vladimir/.local/lib/python3.10/site-packages/airflow/example_dags/example_short_circuit_operator.py
[2023-04-27T18:26:54.206+0300] {logging_mixin.py:137} INFO - [2023-04-27T18:26:54.206+0300] {dag.py:2705} INFO - Sync 1 DAGs
[2023-04-27T18:26:54.221+0300] {logging_mixin.py:137} INFO - [2023-04-27T18:26:54.221+0300] {dag.py:3452} INFO - Setting next_dagrun for example_short_circuit_operator to 2023-04-26T15:26:54.221516+00:00, run_after=2023-04-27T15:26:54.221516+00:00
[2023-04-27T18:26:54.237+0300] {processor.py:175} INFO - Processing /home/vladimir/.local/lib/python3.10/site-packages/airflow/example_dags/example_short_circuit_operator.py took 0.063 seconds
[2023-04-27T18:27:36.400+0300] {processor.py:153} INFO - Started process (PID=6114) to work on /home/vladimir/.local/lib/python3.10/site-packages/airflow/example_dags/example_short_circuit_operator.py
[2023-04-27T18:27:36.401+0300] {processor.py:743} INFO - Processing file /home/vladimir/.local/lib/python3.10/site-packages/airflow/example_dags/example_short_circuit_operator.py for tasks to queue
[2023-04-27T18:27:36.401+0300] {logging_mixin.py:137} INFO - [2023-04-27T18:27:36.401+0300] {dagbag.py:532} INFO - Filling up the DagBag from /home/vladimir/.local/lib/python3.10/site-packages/airflow/example_dags/example_short_circuit_operator.py
[2023-04-27T18:27:36.413+0300] {processor.py:753} INFO - DAG(s) dict_keys(['example_short_circuit_operator']) retrieved from /home/vladimir/.local/lib/python3.10/site-packages/airflow/example_dags/example_short_circuit_operator.py
[2023-04-27T18:27:36.429+0300] {logging_mixin.py:137} INFO - [2023-04-27T18:27:36.429+0300] {dag.py:2705} INFO - Sync 1 DAGs
[2023-04-27T18:27:36.441+0300] {logging_mixin.py:137} INFO - [2023-04-27T18:27:36.441+0300] {dag.py:3452} INFO - Setting next_dagrun for example_short_circuit_operator to 2023-04-26T15:27:36.441454+00:00, run_after=2023-04-27T15:27:36.441454+00:00
[2023-04-27T18:27:36.456+0300] {processor.py:175} INFO - Processing /home/vladimir/.local/lib/python3.10/site-packages/airflow/example_dags/example_short_circuit_operator.py took 0.058 seconds
[2023-04-27T18:28:12.372+0300] {processor.py:153} INFO - Started process (PID=6161) to work on /home/vladimir/.local/lib/python3.10/site-packages/airflow/example_dags/example_short_circuit_operator.py
[2023-04-27T18:28:12.373+0300] {processor.py:743} INFO - Processing file /home/vladimir/.local/lib/python3.10/site-packages/airflow/example_dags/example_short_circuit_operator.py for tasks to queue
[2023-04-27T18:28:12.373+0300] {logging_mixin.py:137} INFO - [2023-04-27T18:28:12.373+0300] {dagbag.py:532} INFO - Filling up the DagBag from /home/vladimir/.local/lib/python3.10/site-packages/airflow/example_dags/example_short_circuit_operator.py
[2023-04-27T18:28:12.386+0300] {processor.py:753} INFO - DAG(s) dict_keys(['example_short_circuit_operator']) retrieved from /home/vladimir/.local/lib/python3.10/site-packages/airflow/example_dags/example_short_circuit_operator.py
[2023-04-27T18:28:12.402+0300] {logging_mixin.py:137} INFO - [2023-04-27T18:28:12.401+0300] {dag.py:2705} INFO - Sync 1 DAGs
[2023-04-27T18:28:12.415+0300] {logging_mixin.py:137} INFO - [2023-04-27T18:28:12.415+0300] {dag.py:3452} INFO - Setting next_dagrun for example_short_circuit_operator to 2023-04-26T15:28:12.415448+00:00, run_after=2023-04-27T15:28:12.415448+00:00
[2023-04-27T18:28:12.429+0300] {processor.py:175} INFO - Processing /home/vladimir/.local/lib/python3.10/site-packages/airflow/example_dags/example_short_circuit_operator.py took 0.061 seconds
[2023-04-27T18:28:51.169+0300] {processor.py:153} INFO - Started process (PID=6220) to work on /home/vladimir/.local/lib/python3.10/site-packages/airflow/example_dags/example_short_circuit_operator.py
[2023-04-27T18:28:51.169+0300] {processor.py:743} INFO - Processing file /home/vladimir/.local/lib/python3.10/site-packages/airflow/example_dags/example_short_circuit_operator.py for tasks to queue
[2023-04-27T18:28:51.170+0300] {logging_mixin.py:137} INFO - [2023-04-27T18:28:51.170+0300] {dagbag.py:532} INFO - Filling up the DagBag from /home/vladimir/.local/lib/python3.10/site-packages/airflow/example_dags/example_short_circuit_operator.py
[2023-04-27T18:28:51.182+0300] {processor.py:753} INFO - DAG(s) dict_keys(['example_short_circuit_operator']) retrieved from /home/vladimir/.local/lib/python3.10/site-packages/airflow/example_dags/example_short_circuit_operator.py
[2023-04-27T18:28:51.197+0300] {logging_mixin.py:137} INFO - [2023-04-27T18:28:51.197+0300] {dag.py:2705} INFO - Sync 1 DAGs
[2023-04-27T18:28:51.210+0300] {logging_mixin.py:137} INFO - [2023-04-27T18:28:51.210+0300] {dag.py:3452} INFO - Setting next_dagrun for example_short_circuit_operator to 2023-04-26T15:28:51.210527+00:00, run_after=2023-04-27T15:28:51.210527+00:00
[2023-04-27T18:28:51.223+0300] {processor.py:175} INFO - Processing /home/vladimir/.local/lib/python3.10/site-packages/airflow/example_dags/example_short_circuit_operator.py took 0.057 seconds
[2023-04-27T18:29:31.563+0300] {processor.py:153} INFO - Started process (PID=6358) to work on /home/vladimir/.local/lib/python3.10/site-packages/airflow/example_dags/example_short_circuit_operator.py
[2023-04-27T18:29:31.564+0300] {processor.py:743} INFO - Processing file /home/vladimir/.local/lib/python3.10/site-packages/airflow/example_dags/example_short_circuit_operator.py for tasks to queue
[2023-04-27T18:29:31.565+0300] {logging_mixin.py:137} INFO - [2023-04-27T18:29:31.565+0300] {dagbag.py:532} INFO - Filling up the DagBag from /home/vladimir/.local/lib/python3.10/site-packages/airflow/example_dags/example_short_circuit_operator.py
[2023-04-27T18:29:31.578+0300] {processor.py:753} INFO - DAG(s) dict_keys(['example_short_circuit_operator']) retrieved from /home/vladimir/.local/lib/python3.10/site-packages/airflow/example_dags/example_short_circuit_operator.py
[2023-04-27T18:29:31.596+0300] {logging_mixin.py:137} INFO - [2023-04-27T18:29:31.596+0300] {dag.py:2705} INFO - Sync 1 DAGs
[2023-04-27T18:29:31.612+0300] {logging_mixin.py:137} INFO - [2023-04-27T18:29:31.611+0300] {dag.py:3452} INFO - Setting next_dagrun for example_short_circuit_operator to 2023-04-26T15:29:31.611785+00:00, run_after=2023-04-27T15:29:31.611785+00:00
[2023-04-27T18:29:31.626+0300] {processor.py:175} INFO - Processing /home/vladimir/.local/lib/python3.10/site-packages/airflow/example_dags/example_short_circuit_operator.py took 0.065 seconds
[2023-04-27T18:30:05.154+0300] {processor.py:153} INFO - Started process (PID=6437) to work on /home/vladimir/.local/lib/python3.10/site-packages/airflow/example_dags/example_short_circuit_operator.py
[2023-04-27T18:30:05.155+0300] {processor.py:743} INFO - Processing file /home/vladimir/.local/lib/python3.10/site-packages/airflow/example_dags/example_short_circuit_operator.py for tasks to queue
[2023-04-27T18:30:05.155+0300] {logging_mixin.py:137} INFO - [2023-04-27T18:30:05.155+0300] {dagbag.py:532} INFO - Filling up the DagBag from /home/vladimir/.local/lib/python3.10/site-packages/airflow/example_dags/example_short_circuit_operator.py
[2023-04-27T18:30:05.167+0300] {processor.py:753} INFO - DAG(s) dict_keys(['example_short_circuit_operator']) retrieved from /home/vladimir/.local/lib/python3.10/site-packages/airflow/example_dags/example_short_circuit_operator.py
[2023-04-27T18:30:05.181+0300] {logging_mixin.py:137} INFO - [2023-04-27T18:30:05.181+0300] {dag.py:2705} INFO - Sync 1 DAGs
[2023-04-27T18:30:05.193+0300] {logging_mixin.py:137} INFO - [2023-04-27T18:30:05.193+0300] {dag.py:3452} INFO - Setting next_dagrun for example_short_circuit_operator to 2023-04-26T15:30:05.192745+00:00, run_after=2023-04-27T15:30:05.192745+00:00
[2023-04-27T18:30:05.207+0300] {processor.py:175} INFO - Processing /home/vladimir/.local/lib/python3.10/site-packages/airflow/example_dags/example_short_circuit_operator.py took 0.055 seconds
[2023-04-27T18:30:41.221+0300] {processor.py:153} INFO - Started process (PID=6539) to work on /home/vladimir/.local/lib/python3.10/site-packages/airflow/example_dags/example_short_circuit_operator.py
[2023-04-27T18:30:41.222+0300] {processor.py:743} INFO - Processing file /home/vladimir/.local/lib/python3.10/site-packages/airflow/example_dags/example_short_circuit_operator.py for tasks to queue
[2023-04-27T18:30:41.222+0300] {logging_mixin.py:137} INFO - [2023-04-27T18:30:41.222+0300] {dagbag.py:532} INFO - Filling up the DagBag from /home/vladimir/.local/lib/python3.10/site-packages/airflow/example_dags/example_short_circuit_operator.py
[2023-04-27T18:30:41.233+0300] {processor.py:753} INFO - DAG(s) dict_keys(['example_short_circuit_operator']) retrieved from /home/vladimir/.local/lib/python3.10/site-packages/airflow/example_dags/example_short_circuit_operator.py
[2023-04-27T18:30:41.249+0300] {logging_mixin.py:137} INFO - [2023-04-27T18:30:41.249+0300] {dag.py:2705} INFO - Sync 1 DAGs
[2023-04-27T18:30:41.266+0300] {logging_mixin.py:137} INFO - [2023-04-27T18:30:41.265+0300] {dag.py:3452} INFO - Setting next_dagrun for example_short_circuit_operator to 2023-04-26T15:30:41.265743+00:00, run_after=2023-04-27T15:30:41.265743+00:00
[2023-04-27T18:30:41.281+0300] {processor.py:175} INFO - Processing /home/vladimir/.local/lib/python3.10/site-packages/airflow/example_dags/example_short_circuit_operator.py took 0.062 seconds
[2023-04-27T18:31:18.280+0300] {processor.py:153} INFO - Started process (PID=6609) to work on /home/vladimir/.local/lib/python3.10/site-packages/airflow/example_dags/example_short_circuit_operator.py
[2023-04-27T18:31:18.282+0300] {processor.py:743} INFO - Processing file /home/vladimir/.local/lib/python3.10/site-packages/airflow/example_dags/example_short_circuit_operator.py for tasks to queue
[2023-04-27T18:31:18.282+0300] {logging_mixin.py:137} INFO - [2023-04-27T18:31:18.282+0300] {dagbag.py:532} INFO - Filling up the DagBag from /home/vladimir/.local/lib/python3.10/site-packages/airflow/example_dags/example_short_circuit_operator.py
[2023-04-27T18:31:18.294+0300] {processor.py:753} INFO - DAG(s) dict_keys(['example_short_circuit_operator']) retrieved from /home/vladimir/.local/lib/python3.10/site-packages/airflow/example_dags/example_short_circuit_operator.py
[2023-04-27T18:31:18.309+0300] {logging_mixin.py:137} INFO - [2023-04-27T18:31:18.309+0300] {dag.py:2705} INFO - Sync 1 DAGs
[2023-04-27T18:31:18.321+0300] {logging_mixin.py:137} INFO - [2023-04-27T18:31:18.321+0300] {dag.py:3452} INFO - Setting next_dagrun for example_short_circuit_operator to 2023-04-26T15:31:18.321145+00:00, run_after=2023-04-27T15:31:18.321145+00:00
[2023-04-27T18:31:18.335+0300] {processor.py:175} INFO - Processing /home/vladimir/.local/lib/python3.10/site-packages/airflow/example_dags/example_short_circuit_operator.py took 0.057 seconds
[2023-04-27T18:31:57.683+0300] {processor.py:153} INFO - Started process (PID=6677) to work on /home/vladimir/.local/lib/python3.10/site-packages/airflow/example_dags/example_short_circuit_operator.py
[2023-04-27T18:31:57.684+0300] {processor.py:743} INFO - Processing file /home/vladimir/.local/lib/python3.10/site-packages/airflow/example_dags/example_short_circuit_operator.py for tasks to queue
[2023-04-27T18:31:57.684+0300] {logging_mixin.py:137} INFO - [2023-04-27T18:31:57.684+0300] {dagbag.py:532} INFO - Filling up the DagBag from /home/vladimir/.local/lib/python3.10/site-packages/airflow/example_dags/example_short_circuit_operator.py
[2023-04-27T18:31:57.696+0300] {processor.py:753} INFO - DAG(s) dict_keys(['example_short_circuit_operator']) retrieved from /home/vladimir/.local/lib/python3.10/site-packages/airflow/example_dags/example_short_circuit_operator.py
[2023-04-27T18:31:57.712+0300] {logging_mixin.py:137} INFO - [2023-04-27T18:31:57.711+0300] {dag.py:2705} INFO - Sync 1 DAGs
[2023-04-27T18:31:57.725+0300] {logging_mixin.py:137} INFO - [2023-04-27T18:31:57.725+0300] {dag.py:3452} INFO - Setting next_dagrun for example_short_circuit_operator to 2023-04-26T15:31:57.725597+00:00, run_after=2023-04-27T15:31:57.725597+00:00
[2023-04-27T18:31:57.738+0300] {processor.py:175} INFO - Processing /home/vladimir/.local/lib/python3.10/site-packages/airflow/example_dags/example_short_circuit_operator.py took 0.058 seconds
[2023-04-27T18:32:34.457+0300] {processor.py:153} INFO - Started process (PID=6741) to work on /home/vladimir/.local/lib/python3.10/site-packages/airflow/example_dags/example_short_circuit_operator.py
[2023-04-27T18:32:34.458+0300] {processor.py:743} INFO - Processing file /home/vladimir/.local/lib/python3.10/site-packages/airflow/example_dags/example_short_circuit_operator.py for tasks to queue
[2023-04-27T18:32:34.459+0300] {logging_mixin.py:137} INFO - [2023-04-27T18:32:34.459+0300] {dagbag.py:532} INFO - Filling up the DagBag from /home/vladimir/.local/lib/python3.10/site-packages/airflow/example_dags/example_short_circuit_operator.py
[2023-04-27T18:32:34.470+0300] {processor.py:753} INFO - DAG(s) dict_keys(['example_short_circuit_operator']) retrieved from /home/vladimir/.local/lib/python3.10/site-packages/airflow/example_dags/example_short_circuit_operator.py
[2023-04-27T18:32:34.484+0300] {logging_mixin.py:137} INFO - [2023-04-27T18:32:34.484+0300] {dag.py:2705} INFO - Sync 1 DAGs
[2023-04-27T18:32:34.497+0300] {logging_mixin.py:137} INFO - [2023-04-27T18:32:34.497+0300] {dag.py:3452} INFO - Setting next_dagrun for example_short_circuit_operator to 2023-04-26T15:32:34.496949+00:00, run_after=2023-04-27T15:32:34.496949+00:00
[2023-04-27T18:32:34.510+0300] {processor.py:175} INFO - Processing /home/vladimir/.local/lib/python3.10/site-packages/airflow/example_dags/example_short_circuit_operator.py took 0.055 seconds
[2023-04-27T18:33:10.419+0300] {processor.py:153} INFO - Started process (PID=6883) to work on /home/vladimir/.local/lib/python3.10/site-packages/airflow/example_dags/example_short_circuit_operator.py
[2023-04-27T18:33:10.420+0300] {processor.py:743} INFO - Processing file /home/vladimir/.local/lib/python3.10/site-packages/airflow/example_dags/example_short_circuit_operator.py for tasks to queue
[2023-04-27T18:33:10.420+0300] {logging_mixin.py:137} INFO - [2023-04-27T18:33:10.420+0300] {dagbag.py:532} INFO - Filling up the DagBag from /home/vladimir/.local/lib/python3.10/site-packages/airflow/example_dags/example_short_circuit_operator.py
[2023-04-27T18:33:10.433+0300] {processor.py:753} INFO - DAG(s) dict_keys(['example_short_circuit_operator']) retrieved from /home/vladimir/.local/lib/python3.10/site-packages/airflow/example_dags/example_short_circuit_operator.py
[2023-04-27T18:33:10.447+0300] {logging_mixin.py:137} INFO - [2023-04-27T18:33:10.447+0300] {dag.py:2705} INFO - Sync 1 DAGs
[2023-04-27T18:33:10.460+0300] {logging_mixin.py:137} INFO - [2023-04-27T18:33:10.460+0300] {dag.py:3452} INFO - Setting next_dagrun for example_short_circuit_operator to 2023-04-26T15:33:10.460243+00:00, run_after=2023-04-27T15:33:10.460243+00:00
[2023-04-27T18:33:10.472+0300] {processor.py:175} INFO - Processing /home/vladimir/.local/lib/python3.10/site-packages/airflow/example_dags/example_short_circuit_operator.py took 0.055 seconds
[2023-04-27T18:33:54.092+0300] {processor.py:153} INFO - Started process (PID=6951) to work on /home/vladimir/.local/lib/python3.10/site-packages/airflow/example_dags/example_short_circuit_operator.py
[2023-04-27T18:33:54.093+0300] {processor.py:743} INFO - Processing file /home/vladimir/.local/lib/python3.10/site-packages/airflow/example_dags/example_short_circuit_operator.py for tasks to queue
[2023-04-27T18:33:54.093+0300] {logging_mixin.py:137} INFO - [2023-04-27T18:33:54.093+0300] {dagbag.py:532} INFO - Filling up the DagBag from /home/vladimir/.local/lib/python3.10/site-packages/airflow/example_dags/example_short_circuit_operator.py
[2023-04-27T18:33:54.105+0300] {processor.py:753} INFO - DAG(s) dict_keys(['example_short_circuit_operator']) retrieved from /home/vladimir/.local/lib/python3.10/site-packages/airflow/example_dags/example_short_circuit_operator.py
[2023-04-27T18:33:54.121+0300] {logging_mixin.py:137} INFO - [2023-04-27T18:33:54.121+0300] {dag.py:2705} INFO - Sync 1 DAGs
[2023-04-27T18:33:54.133+0300] {logging_mixin.py:137} INFO - [2023-04-27T18:33:54.133+0300] {dag.py:3452} INFO - Setting next_dagrun for example_short_circuit_operator to 2023-04-26T15:33:54.133236+00:00, run_after=2023-04-27T15:33:54.133236+00:00
[2023-04-27T18:33:54.146+0300] {processor.py:175} INFO - Processing /home/vladimir/.local/lib/python3.10/site-packages/airflow/example_dags/example_short_circuit_operator.py took 0.057 seconds
[2023-04-27T18:34:29.601+0300] {processor.py:153} INFO - Started process (PID=7009) to work on /home/vladimir/.local/lib/python3.10/site-packages/airflow/example_dags/example_short_circuit_operator.py
[2023-04-27T18:34:29.602+0300] {processor.py:743} INFO - Processing file /home/vladimir/.local/lib/python3.10/site-packages/airflow/example_dags/example_short_circuit_operator.py for tasks to queue
[2023-04-27T18:34:29.603+0300] {logging_mixin.py:137} INFO - [2023-04-27T18:34:29.603+0300] {dagbag.py:532} INFO - Filling up the DagBag from /home/vladimir/.local/lib/python3.10/site-packages/airflow/example_dags/example_short_circuit_operator.py
[2023-04-27T18:34:29.615+0300] {processor.py:753} INFO - DAG(s) dict_keys(['example_short_circuit_operator']) retrieved from /home/vladimir/.local/lib/python3.10/site-packages/airflow/example_dags/example_short_circuit_operator.py
[2023-04-27T18:34:29.630+0300] {logging_mixin.py:137} INFO - [2023-04-27T18:34:29.630+0300] {dag.py:2705} INFO - Sync 1 DAGs
[2023-04-27T18:34:29.643+0300] {logging_mixin.py:137} INFO - [2023-04-27T18:34:29.643+0300] {dag.py:3452} INFO - Setting next_dagrun for example_short_circuit_operator to 2023-04-26T15:34:29.643462+00:00, run_after=2023-04-27T15:34:29.643462+00:00
[2023-04-27T18:34:29.657+0300] {processor.py:175} INFO - Processing /home/vladimir/.local/lib/python3.10/site-packages/airflow/example_dags/example_short_circuit_operator.py took 0.059 seconds
[2023-04-27T18:35:06.321+0300] {processor.py:153} INFO - Started process (PID=7120) to work on /home/vladimir/.local/lib/python3.10/site-packages/airflow/example_dags/example_short_circuit_operator.py
[2023-04-27T18:35:06.322+0300] {processor.py:743} INFO - Processing file /home/vladimir/.local/lib/python3.10/site-packages/airflow/example_dags/example_short_circuit_operator.py for tasks to queue
[2023-04-27T18:35:06.323+0300] {logging_mixin.py:137} INFO - [2023-04-27T18:35:06.323+0300] {dagbag.py:532} INFO - Filling up the DagBag from /home/vladimir/.local/lib/python3.10/site-packages/airflow/example_dags/example_short_circuit_operator.py
[2023-04-27T18:35:06.334+0300] {processor.py:753} INFO - DAG(s) dict_keys(['example_short_circuit_operator']) retrieved from /home/vladimir/.local/lib/python3.10/site-packages/airflow/example_dags/example_short_circuit_operator.py
[2023-04-27T18:35:06.349+0300] {logging_mixin.py:137} INFO - [2023-04-27T18:35:06.348+0300] {dag.py:2705} INFO - Sync 1 DAGs
[2023-04-27T18:35:06.360+0300] {logging_mixin.py:137} INFO - [2023-04-27T18:35:06.360+0300] {dag.py:3452} INFO - Setting next_dagrun for example_short_circuit_operator to 2023-04-26T15:35:06.360496+00:00, run_after=2023-04-27T15:35:06.360496+00:00
[2023-04-27T18:35:06.374+0300] {processor.py:175} INFO - Processing /home/vladimir/.local/lib/python3.10/site-packages/airflow/example_dags/example_short_circuit_operator.py took 0.055 seconds
[2023-04-27T18:35:41.675+0300] {processor.py:153} INFO - Started process (PID=7440) to work on /home/vladimir/.local/lib/python3.10/site-packages/airflow/example_dags/example_short_circuit_operator.py
[2023-04-27T18:35:41.676+0300] {processor.py:743} INFO - Processing file /home/vladimir/.local/lib/python3.10/site-packages/airflow/example_dags/example_short_circuit_operator.py for tasks to queue
[2023-04-27T18:35:41.676+0300] {logging_mixin.py:137} INFO - [2023-04-27T18:35:41.676+0300] {dagbag.py:532} INFO - Filling up the DagBag from /home/vladimir/.local/lib/python3.10/site-packages/airflow/example_dags/example_short_circuit_operator.py
[2023-04-27T18:35:41.690+0300] {processor.py:753} INFO - DAG(s) dict_keys(['example_short_circuit_operator']) retrieved from /home/vladimir/.local/lib/python3.10/site-packages/airflow/example_dags/example_short_circuit_operator.py
[2023-04-27T18:35:41.705+0300] {logging_mixin.py:137} INFO - [2023-04-27T18:35:41.705+0300] {dag.py:2705} INFO - Sync 1 DAGs
[2023-04-27T18:35:41.719+0300] {logging_mixin.py:137} INFO - [2023-04-27T18:35:41.719+0300] {dag.py:3452} INFO - Setting next_dagrun for example_short_circuit_operator to 2023-04-26T15:35:41.718989+00:00, run_after=2023-04-27T15:35:41.718989+00:00
[2023-04-27T18:35:41.732+0300] {processor.py:175} INFO - Processing /home/vladimir/.local/lib/python3.10/site-packages/airflow/example_dags/example_short_circuit_operator.py took 0.059 seconds
[2023-04-27T18:36:19.488+0300] {processor.py:153} INFO - Started process (PID=7530) to work on /home/vladimir/.local/lib/python3.10/site-packages/airflow/example_dags/example_short_circuit_operator.py
[2023-04-27T18:36:19.490+0300] {processor.py:743} INFO - Processing file /home/vladimir/.local/lib/python3.10/site-packages/airflow/example_dags/example_short_circuit_operator.py for tasks to queue
[2023-04-27T18:36:19.490+0300] {logging_mixin.py:137} INFO - [2023-04-27T18:36:19.490+0300] {dagbag.py:532} INFO - Filling up the DagBag from /home/vladimir/.local/lib/python3.10/site-packages/airflow/example_dags/example_short_circuit_operator.py
[2023-04-27T18:36:19.501+0300] {processor.py:753} INFO - DAG(s) dict_keys(['example_short_circuit_operator']) retrieved from /home/vladimir/.local/lib/python3.10/site-packages/airflow/example_dags/example_short_circuit_operator.py
[2023-04-27T18:36:19.516+0300] {logging_mixin.py:137} INFO - [2023-04-27T18:36:19.516+0300] {dag.py:2705} INFO - Sync 1 DAGs
[2023-04-27T18:36:19.528+0300] {logging_mixin.py:137} INFO - [2023-04-27T18:36:19.528+0300] {dag.py:3452} INFO - Setting next_dagrun for example_short_circuit_operator to 2023-04-26T15:36:19.528384+00:00, run_after=2023-04-27T15:36:19.528384+00:00
[2023-04-27T18:36:19.541+0300] {processor.py:175} INFO - Processing /home/vladimir/.local/lib/python3.10/site-packages/airflow/example_dags/example_short_circuit_operator.py took 0.054 seconds
[2023-04-27T18:37:03.918+0300] {processor.py:153} INFO - Started process (PID=7611) to work on /home/vladimir/.local/lib/python3.10/site-packages/airflow/example_dags/example_short_circuit_operator.py
[2023-04-27T18:37:03.919+0300] {processor.py:743} INFO - Processing file /home/vladimir/.local/lib/python3.10/site-packages/airflow/example_dags/example_short_circuit_operator.py for tasks to queue
[2023-04-27T18:37:03.919+0300] {logging_mixin.py:137} INFO - [2023-04-27T18:37:03.919+0300] {dagbag.py:532} INFO - Filling up the DagBag from /home/vladimir/.local/lib/python3.10/site-packages/airflow/example_dags/example_short_circuit_operator.py
[2023-04-27T18:37:03.933+0300] {processor.py:753} INFO - DAG(s) dict_keys(['example_short_circuit_operator']) retrieved from /home/vladimir/.local/lib/python3.10/site-packages/airflow/example_dags/example_short_circuit_operator.py
[2023-04-27T18:37:03.949+0300] {logging_mixin.py:137} INFO - [2023-04-27T18:37:03.949+0300] {dag.py:2705} INFO - Sync 1 DAGs
[2023-04-27T18:37:03.964+0300] {logging_mixin.py:137} INFO - [2023-04-27T18:37:03.964+0300] {dag.py:3452} INFO - Setting next_dagrun for example_short_circuit_operator to 2023-04-26T15:37:03.964303+00:00, run_after=2023-04-27T15:37:03.964303+00:00
[2023-04-27T18:37:03.980+0300] {processor.py:175} INFO - Processing /home/vladimir/.local/lib/python3.10/site-packages/airflow/example_dags/example_short_circuit_operator.py took 0.064 seconds
[2023-04-27T18:37:41.117+0300] {processor.py:153} INFO - Started process (PID=7685) to work on /home/vladimir/.local/lib/python3.10/site-packages/airflow/example_dags/example_short_circuit_operator.py
[2023-04-27T18:37:41.118+0300] {processor.py:743} INFO - Processing file /home/vladimir/.local/lib/python3.10/site-packages/airflow/example_dags/example_short_circuit_operator.py for tasks to queue
[2023-04-27T18:37:41.118+0300] {logging_mixin.py:137} INFO - [2023-04-27T18:37:41.118+0300] {dagbag.py:532} INFO - Filling up the DagBag from /home/vladimir/.local/lib/python3.10/site-packages/airflow/example_dags/example_short_circuit_operator.py
[2023-04-27T18:37:41.130+0300] {processor.py:753} INFO - DAG(s) dict_keys(['example_short_circuit_operator']) retrieved from /home/vladimir/.local/lib/python3.10/site-packages/airflow/example_dags/example_short_circuit_operator.py
[2023-04-27T18:37:41.146+0300] {logging_mixin.py:137} INFO - [2023-04-27T18:37:41.145+0300] {dag.py:2705} INFO - Sync 1 DAGs
[2023-04-27T18:37:41.158+0300] {logging_mixin.py:137} INFO - [2023-04-27T18:37:41.157+0300] {dag.py:3452} INFO - Setting next_dagrun for example_short_circuit_operator to 2023-04-26T15:37:41.157739+00:00, run_after=2023-04-27T15:37:41.157739+00:00
[2023-04-27T18:37:41.170+0300] {processor.py:175} INFO - Processing /home/vladimir/.local/lib/python3.10/site-packages/airflow/example_dags/example_short_circuit_operator.py took 0.056 seconds
[2023-04-27T18:38:15.994+0300] {processor.py:153} INFO - Started process (PID=7726) to work on /home/vladimir/.local/lib/python3.10/site-packages/airflow/example_dags/example_short_circuit_operator.py
[2023-04-27T18:38:15.995+0300] {processor.py:743} INFO - Processing file /home/vladimir/.local/lib/python3.10/site-packages/airflow/example_dags/example_short_circuit_operator.py for tasks to queue
[2023-04-27T18:38:15.996+0300] {logging_mixin.py:137} INFO - [2023-04-27T18:38:15.996+0300] {dagbag.py:532} INFO - Filling up the DagBag from /home/vladimir/.local/lib/python3.10/site-packages/airflow/example_dags/example_short_circuit_operator.py
[2023-04-27T18:38:16.012+0300] {processor.py:753} INFO - DAG(s) dict_keys(['example_short_circuit_operator']) retrieved from /home/vladimir/.local/lib/python3.10/site-packages/airflow/example_dags/example_short_circuit_operator.py
[2023-04-27T18:38:16.035+0300] {logging_mixin.py:137} INFO - [2023-04-27T18:38:16.035+0300] {dag.py:2705} INFO - Sync 1 DAGs
[2023-04-27T18:38:16.052+0300] {logging_mixin.py:137} INFO - [2023-04-27T18:38:16.052+0300] {dag.py:3452} INFO - Setting next_dagrun for example_short_circuit_operator to 2023-04-26T15:38:16.052535+00:00, run_after=2023-04-27T15:38:16.052535+00:00
[2023-04-27T18:38:16.073+0300] {processor.py:175} INFO - Processing /home/vladimir/.local/lib/python3.10/site-packages/airflow/example_dags/example_short_circuit_operator.py took 0.081 seconds
[2023-04-27T18:38:53.289+0300] {processor.py:153} INFO - Started process (PID=8075) to work on /home/vladimir/.local/lib/python3.10/site-packages/airflow/example_dags/example_short_circuit_operator.py
[2023-04-27T18:38:53.290+0300] {processor.py:743} INFO - Processing file /home/vladimir/.local/lib/python3.10/site-packages/airflow/example_dags/example_short_circuit_operator.py for tasks to queue
[2023-04-27T18:38:53.290+0300] {logging_mixin.py:137} INFO - [2023-04-27T18:38:53.290+0300] {dagbag.py:532} INFO - Filling up the DagBag from /home/vladimir/.local/lib/python3.10/site-packages/airflow/example_dags/example_short_circuit_operator.py
[2023-04-27T18:38:53.302+0300] {processor.py:753} INFO - DAG(s) dict_keys(['example_short_circuit_operator']) retrieved from /home/vladimir/.local/lib/python3.10/site-packages/airflow/example_dags/example_short_circuit_operator.py
[2023-04-27T18:38:53.320+0300] {logging_mixin.py:137} INFO - [2023-04-27T18:38:53.320+0300] {dag.py:2705} INFO - Sync 1 DAGs
[2023-04-27T18:38:53.333+0300] {logging_mixin.py:137} INFO - [2023-04-27T18:38:53.333+0300] {dag.py:3452} INFO - Setting next_dagrun for example_short_circuit_operator to 2023-04-26T15:38:53.333641+00:00, run_after=2023-04-27T15:38:53.333641+00:00
[2023-04-27T18:38:53.347+0300] {processor.py:175} INFO - Processing /home/vladimir/.local/lib/python3.10/site-packages/airflow/example_dags/example_short_circuit_operator.py took 0.061 seconds
[2023-04-27T18:39:32.530+0300] {processor.py:153} INFO - Started process (PID=8161) to work on /home/vladimir/.local/lib/python3.10/site-packages/airflow/example_dags/example_short_circuit_operator.py
[2023-04-27T18:39:32.531+0300] {processor.py:743} INFO - Processing file /home/vladimir/.local/lib/python3.10/site-packages/airflow/example_dags/example_short_circuit_operator.py for tasks to queue
[2023-04-27T18:39:32.531+0300] {logging_mixin.py:137} INFO - [2023-04-27T18:39:32.531+0300] {dagbag.py:532} INFO - Filling up the DagBag from /home/vladimir/.local/lib/python3.10/site-packages/airflow/example_dags/example_short_circuit_operator.py
[2023-04-27T18:39:32.543+0300] {processor.py:753} INFO - DAG(s) dict_keys(['example_short_circuit_operator']) retrieved from /home/vladimir/.local/lib/python3.10/site-packages/airflow/example_dags/example_short_circuit_operator.py
[2023-04-27T18:39:32.558+0300] {logging_mixin.py:137} INFO - [2023-04-27T18:39:32.558+0300] {dag.py:2705} INFO - Sync 1 DAGs
[2023-04-27T18:39:32.570+0300] {logging_mixin.py:137} INFO - [2023-04-27T18:39:32.570+0300] {dag.py:3452} INFO - Setting next_dagrun for example_short_circuit_operator to 2023-04-26T15:39:32.570553+00:00, run_after=2023-04-27T15:39:32.570553+00:00
[2023-04-27T18:39:32.583+0300] {processor.py:175} INFO - Processing /home/vladimir/.local/lib/python3.10/site-packages/airflow/example_dags/example_short_circuit_operator.py took 0.056 seconds
[2023-04-27T18:40:10.547+0300] {processor.py:153} INFO - Started process (PID=8236) to work on /home/vladimir/.local/lib/python3.10/site-packages/airflow/example_dags/example_short_circuit_operator.py
[2023-04-27T18:40:10.548+0300] {processor.py:743} INFO - Processing file /home/vladimir/.local/lib/python3.10/site-packages/airflow/example_dags/example_short_circuit_operator.py for tasks to queue
[2023-04-27T18:40:10.548+0300] {logging_mixin.py:137} INFO - [2023-04-27T18:40:10.548+0300] {dagbag.py:532} INFO - Filling up the DagBag from /home/vladimir/.local/lib/python3.10/site-packages/airflow/example_dags/example_short_circuit_operator.py
[2023-04-27T18:40:10.559+0300] {processor.py:753} INFO - DAG(s) dict_keys(['example_short_circuit_operator']) retrieved from /home/vladimir/.local/lib/python3.10/site-packages/airflow/example_dags/example_short_circuit_operator.py
[2023-04-27T18:40:10.574+0300] {logging_mixin.py:137} INFO - [2023-04-27T18:40:10.574+0300] {dag.py:2705} INFO - Sync 1 DAGs
[2023-04-27T18:40:10.588+0300] {logging_mixin.py:137} INFO - [2023-04-27T18:40:10.588+0300] {dag.py:3452} INFO - Setting next_dagrun for example_short_circuit_operator to 2023-04-26T15:40:10.587844+00:00, run_after=2023-04-27T15:40:10.587844+00:00
[2023-04-27T18:40:10.599+0300] {processor.py:175} INFO - Processing /home/vladimir/.local/lib/python3.10/site-packages/airflow/example_dags/example_short_circuit_operator.py took 0.054 seconds
[2023-04-27T18:41:13.772+0300] {processor.py:153} INFO - Started process (PID=2874) to work on /home/vladimir/.local/lib/python3.10/site-packages/airflow/example_dags/example_short_circuit_operator.py
[2023-04-27T18:41:13.773+0300] {processor.py:743} INFO - Processing file /home/vladimir/.local/lib/python3.10/site-packages/airflow/example_dags/example_short_circuit_operator.py for tasks to queue
[2023-04-27T18:41:13.774+0300] {logging_mixin.py:137} INFO - [2023-04-27T18:41:13.773+0300] {dagbag.py:532} INFO - Filling up the DagBag from /home/vladimir/.local/lib/python3.10/site-packages/airflow/example_dags/example_short_circuit_operator.py
[2023-04-27T18:41:13.785+0300] {processor.py:753} INFO - DAG(s) dict_keys(['example_short_circuit_operator']) retrieved from /home/vladimir/.local/lib/python3.10/site-packages/airflow/example_dags/example_short_circuit_operator.py
[2023-04-27T18:41:13.800+0300] {logging_mixin.py:137} INFO - [2023-04-27T18:41:13.800+0300] {dag.py:2705} INFO - Sync 1 DAGs
[2023-04-27T18:41:13.812+0300] {logging_mixin.py:137} INFO - [2023-04-27T18:41:13.812+0300] {dag.py:3452} INFO - Setting next_dagrun for example_short_circuit_operator to 2023-04-26T15:41:13.812347+00:00, run_after=2023-04-27T15:41:13.812347+00:00
[2023-04-27T18:41:13.827+0300] {processor.py:175} INFO - Processing /home/vladimir/.local/lib/python3.10/site-packages/airflow/example_dags/example_short_circuit_operator.py took 0.056 seconds
[2023-04-27T18:41:54.053+0300] {processor.py:153} INFO - Started process (PID=3433) to work on /home/vladimir/.local/lib/python3.10/site-packages/airflow/example_dags/example_short_circuit_operator.py
[2023-04-27T18:41:54.054+0300] {processor.py:743} INFO - Processing file /home/vladimir/.local/lib/python3.10/site-packages/airflow/example_dags/example_short_circuit_operator.py for tasks to queue
[2023-04-27T18:41:54.055+0300] {logging_mixin.py:137} INFO - [2023-04-27T18:41:54.055+0300] {dagbag.py:532} INFO - Filling up the DagBag from /home/vladimir/.local/lib/python3.10/site-packages/airflow/example_dags/example_short_circuit_operator.py
[2023-04-27T18:41:54.067+0300] {processor.py:753} INFO - DAG(s) dict_keys(['example_short_circuit_operator']) retrieved from /home/vladimir/.local/lib/python3.10/site-packages/airflow/example_dags/example_short_circuit_operator.py
[2023-04-27T18:41:54.081+0300] {logging_mixin.py:137} INFO - [2023-04-27T18:41:54.080+0300] {dag.py:2705} INFO - Sync 1 DAGs
[2023-04-27T18:41:54.092+0300] {logging_mixin.py:137} INFO - [2023-04-27T18:41:54.092+0300] {dag.py:3452} INFO - Setting next_dagrun for example_short_circuit_operator to 2023-04-26T15:41:54.092602+00:00, run_after=2023-04-27T15:41:54.092602+00:00
[2023-04-27T18:41:54.104+0300] {processor.py:175} INFO - Processing /home/vladimir/.local/lib/python3.10/site-packages/airflow/example_dags/example_short_circuit_operator.py took 0.053 seconds
[2023-04-27T18:42:36.381+0300] {processor.py:153} INFO - Started process (PID=4511) to work on /home/vladimir/.local/lib/python3.10/site-packages/airflow/example_dags/example_short_circuit_operator.py
[2023-04-27T18:42:36.382+0300] {processor.py:743} INFO - Processing file /home/vladimir/.local/lib/python3.10/site-packages/airflow/example_dags/example_short_circuit_operator.py for tasks to queue
[2023-04-27T18:42:36.383+0300] {logging_mixin.py:137} INFO - [2023-04-27T18:42:36.383+0300] {dagbag.py:532} INFO - Filling up the DagBag from /home/vladimir/.local/lib/python3.10/site-packages/airflow/example_dags/example_short_circuit_operator.py
[2023-04-27T18:42:36.394+0300] {processor.py:753} INFO - DAG(s) dict_keys(['example_short_circuit_operator']) retrieved from /home/vladimir/.local/lib/python3.10/site-packages/airflow/example_dags/example_short_circuit_operator.py
[2023-04-27T18:42:36.408+0300] {logging_mixin.py:137} INFO - [2023-04-27T18:42:36.408+0300] {dag.py:2705} INFO - Sync 1 DAGs
[2023-04-27T18:42:36.419+0300] {logging_mixin.py:137} INFO - [2023-04-27T18:42:36.419+0300] {dag.py:3452} INFO - Setting next_dagrun for example_short_circuit_operator to 2023-04-26T15:42:36.419696+00:00, run_after=2023-04-27T15:42:36.419696+00:00
[2023-04-27T18:42:36.433+0300] {processor.py:175} INFO - Processing /home/vladimir/.local/lib/python3.10/site-packages/airflow/example_dags/example_short_circuit_operator.py took 0.054 seconds
[2023-04-27T18:43:16.308+0300] {processor.py:153} INFO - Started process (PID=5119) to work on /home/vladimir/.local/lib/python3.10/site-packages/airflow/example_dags/example_short_circuit_operator.py
[2023-04-27T18:43:16.309+0300] {processor.py:743} INFO - Processing file /home/vladimir/.local/lib/python3.10/site-packages/airflow/example_dags/example_short_circuit_operator.py for tasks to queue
[2023-04-27T18:43:16.309+0300] {logging_mixin.py:137} INFO - [2023-04-27T18:43:16.309+0300] {dagbag.py:532} INFO - Filling up the DagBag from /home/vladimir/.local/lib/python3.10/site-packages/airflow/example_dags/example_short_circuit_operator.py
[2023-04-27T18:43:16.321+0300] {processor.py:753} INFO - DAG(s) dict_keys(['example_short_circuit_operator']) retrieved from /home/vladimir/.local/lib/python3.10/site-packages/airflow/example_dags/example_short_circuit_operator.py
[2023-04-27T18:43:16.336+0300] {logging_mixin.py:137} INFO - [2023-04-27T18:43:16.335+0300] {dag.py:2705} INFO - Sync 1 DAGs
[2023-04-27T18:43:16.348+0300] {logging_mixin.py:137} INFO - [2023-04-27T18:43:16.348+0300] {dag.py:3452} INFO - Setting next_dagrun for example_short_circuit_operator to 2023-04-26T15:43:16.348431+00:00, run_after=2023-04-27T15:43:16.348431+00:00
[2023-04-27T18:43:16.360+0300] {processor.py:175} INFO - Processing /home/vladimir/.local/lib/python3.10/site-packages/airflow/example_dags/example_short_circuit_operator.py took 0.054 seconds
[2023-04-27T18:43:55.173+0300] {processor.py:153} INFO - Started process (PID=6684) to work on /home/vladimir/.local/lib/python3.10/site-packages/airflow/example_dags/example_short_circuit_operator.py
[2023-04-27T18:43:55.174+0300] {processor.py:743} INFO - Processing file /home/vladimir/.local/lib/python3.10/site-packages/airflow/example_dags/example_short_circuit_operator.py for tasks to queue
[2023-04-27T18:43:55.175+0300] {logging_mixin.py:137} INFO - [2023-04-27T18:43:55.175+0300] {dagbag.py:532} INFO - Filling up the DagBag from /home/vladimir/.local/lib/python3.10/site-packages/airflow/example_dags/example_short_circuit_operator.py
[2023-04-27T18:43:55.194+0300] {processor.py:753} INFO - DAG(s) dict_keys(['example_short_circuit_operator']) retrieved from /home/vladimir/.local/lib/python3.10/site-packages/airflow/example_dags/example_short_circuit_operator.py
[2023-04-27T18:43:55.218+0300] {logging_mixin.py:137} INFO - [2023-04-27T18:43:55.218+0300] {dag.py:2705} INFO - Sync 1 DAGs
[2023-04-27T18:43:55.233+0300] {logging_mixin.py:137} INFO - [2023-04-27T18:43:55.232+0300] {dag.py:3452} INFO - Setting next_dagrun for example_short_circuit_operator to 2023-04-26T15:43:55.232719+00:00, run_after=2023-04-27T15:43:55.232719+00:00
[2023-04-27T18:43:55.249+0300] {processor.py:175} INFO - Processing /home/vladimir/.local/lib/python3.10/site-packages/airflow/example_dags/example_short_circuit_operator.py took 0.082 seconds
[2023-04-27T18:44:38.179+0300] {processor.py:153} INFO - Started process (PID=9182) to work on /home/vladimir/.local/lib/python3.10/site-packages/airflow/example_dags/example_short_circuit_operator.py
[2023-04-27T18:44:38.184+0300] {processor.py:743} INFO - Processing file /home/vladimir/.local/lib/python3.10/site-packages/airflow/example_dags/example_short_circuit_operator.py for tasks to queue
[2023-04-27T18:44:38.184+0300] {logging_mixin.py:137} INFO - [2023-04-27T18:44:38.184+0300] {dagbag.py:532} INFO - Filling up the DagBag from /home/vladimir/.local/lib/python3.10/site-packages/airflow/example_dags/example_short_circuit_operator.py
[2023-04-27T18:44:38.199+0300] {processor.py:753} INFO - DAG(s) dict_keys(['example_short_circuit_operator']) retrieved from /home/vladimir/.local/lib/python3.10/site-packages/airflow/example_dags/example_short_circuit_operator.py
[2023-04-27T18:44:38.243+0300] {logging_mixin.py:137} INFO - [2023-04-27T18:44:38.243+0300] {dag.py:2705} INFO - Sync 1 DAGs
[2023-04-27T18:44:38.269+0300] {logging_mixin.py:137} INFO - [2023-04-27T18:44:38.269+0300] {dag.py:3452} INFO - Setting next_dagrun for example_short_circuit_operator to 2023-04-26T15:44:38.269010+00:00, run_after=2023-04-27T15:44:38.269010+00:00
[2023-04-27T18:44:38.298+0300] {processor.py:175} INFO - Processing /home/vladimir/.local/lib/python3.10/site-packages/airflow/example_dags/example_short_circuit_operator.py took 0.122 seconds
[2023-04-27T18:45:17.167+0300] {processor.py:153} INFO - Started process (PID=10663) to work on /home/vladimir/.local/lib/python3.10/site-packages/airflow/example_dags/example_short_circuit_operator.py
[2023-04-27T18:45:17.173+0300] {processor.py:743} INFO - Processing file /home/vladimir/.local/lib/python3.10/site-packages/airflow/example_dags/example_short_circuit_operator.py for tasks to queue
[2023-04-27T18:45:17.173+0300] {logging_mixin.py:137} INFO - [2023-04-27T18:45:17.173+0300] {dagbag.py:532} INFO - Filling up the DagBag from /home/vladimir/.local/lib/python3.10/site-packages/airflow/example_dags/example_short_circuit_operator.py
[2023-04-27T18:45:17.189+0300] {processor.py:753} INFO - DAG(s) dict_keys(['example_short_circuit_operator']) retrieved from /home/vladimir/.local/lib/python3.10/site-packages/airflow/example_dags/example_short_circuit_operator.py
[2023-04-27T18:45:17.221+0300] {logging_mixin.py:137} INFO - [2023-04-27T18:45:17.221+0300] {dag.py:2705} INFO - Sync 1 DAGs
[2023-04-27T18:45:17.249+0300] {logging_mixin.py:137} INFO - [2023-04-27T18:45:17.249+0300] {dag.py:3452} INFO - Setting next_dagrun for example_short_circuit_operator to 2023-04-26T15:45:17.248974+00:00, run_after=2023-04-27T15:45:17.248974+00:00
[2023-04-27T18:45:17.291+0300] {processor.py:175} INFO - Processing /home/vladimir/.local/lib/python3.10/site-packages/airflow/example_dags/example_short_circuit_operator.py took 0.126 seconds
[2023-04-27T18:46:07.194+0300] {processor.py:153} INFO - Started process (PID=18017) to work on /home/vladimir/.local/lib/python3.10/site-packages/airflow/example_dags/example_short_circuit_operator.py
[2023-04-27T18:46:07.195+0300] {processor.py:743} INFO - Processing file /home/vladimir/.local/lib/python3.10/site-packages/airflow/example_dags/example_short_circuit_operator.py for tasks to queue
[2023-04-27T18:46:07.195+0300] {logging_mixin.py:137} INFO - [2023-04-27T18:46:07.195+0300] {dagbag.py:532} INFO - Filling up the DagBag from /home/vladimir/.local/lib/python3.10/site-packages/airflow/example_dags/example_short_circuit_operator.py
[2023-04-27T18:46:07.207+0300] {processor.py:753} INFO - DAG(s) dict_keys(['example_short_circuit_operator']) retrieved from /home/vladimir/.local/lib/python3.10/site-packages/airflow/example_dags/example_short_circuit_operator.py
[2023-04-27T18:46:07.223+0300] {logging_mixin.py:137} INFO - [2023-04-27T18:46:07.223+0300] {dag.py:2705} INFO - Sync 1 DAGs
[2023-04-27T18:46:07.238+0300] {logging_mixin.py:137} INFO - [2023-04-27T18:46:07.238+0300] {dag.py:3452} INFO - Setting next_dagrun for example_short_circuit_operator to 2023-04-26T15:46:07.238091+00:00, run_after=2023-04-27T15:46:07.238091+00:00
[2023-04-27T18:46:07.252+0300] {processor.py:175} INFO - Processing /home/vladimir/.local/lib/python3.10/site-packages/airflow/example_dags/example_short_circuit_operator.py took 0.060 seconds
[2023-04-27T18:46:49.781+0300] {processor.py:153} INFO - Started process (PID=2768) to work on /home/vladimir/.local/lib/python3.10/site-packages/airflow/example_dags/example_short_circuit_operator.py
[2023-04-27T18:46:49.782+0300] {processor.py:743} INFO - Processing file /home/vladimir/.local/lib/python3.10/site-packages/airflow/example_dags/example_short_circuit_operator.py for tasks to queue
[2023-04-27T18:46:49.782+0300] {logging_mixin.py:137} INFO - [2023-04-27T18:46:49.782+0300] {dagbag.py:532} INFO - Filling up the DagBag from /home/vladimir/.local/lib/python3.10/site-packages/airflow/example_dags/example_short_circuit_operator.py
[2023-04-27T18:46:49.796+0300] {processor.py:753} INFO - DAG(s) dict_keys(['example_short_circuit_operator']) retrieved from /home/vladimir/.local/lib/python3.10/site-packages/airflow/example_dags/example_short_circuit_operator.py
[2023-04-27T18:46:49.814+0300] {logging_mixin.py:137} INFO - [2023-04-27T18:46:49.814+0300] {dag.py:2705} INFO - Sync 1 DAGs
[2023-04-27T18:46:49.828+0300] {logging_mixin.py:137} INFO - [2023-04-27T18:46:49.828+0300] {dag.py:3452} INFO - Setting next_dagrun for example_short_circuit_operator to 2023-04-26T15:46:49.828101+00:00, run_after=2023-04-27T15:46:49.828101+00:00
[2023-04-27T18:46:49.847+0300] {processor.py:175} INFO - Processing /home/vladimir/.local/lib/python3.10/site-packages/airflow/example_dags/example_short_circuit_operator.py took 0.069 seconds
[2023-04-27T18:47:31.086+0300] {processor.py:153} INFO - Started process (PID=3756) to work on /home/vladimir/.local/lib/python3.10/site-packages/airflow/example_dags/example_short_circuit_operator.py
[2023-04-27T18:47:31.086+0300] {processor.py:743} INFO - Processing file /home/vladimir/.local/lib/python3.10/site-packages/airflow/example_dags/example_short_circuit_operator.py for tasks to queue
[2023-04-27T18:47:31.087+0300] {logging_mixin.py:137} INFO - [2023-04-27T18:47:31.087+0300] {dagbag.py:532} INFO - Filling up the DagBag from /home/vladimir/.local/lib/python3.10/site-packages/airflow/example_dags/example_short_circuit_operator.py
[2023-04-27T18:47:31.099+0300] {processor.py:753} INFO - DAG(s) dict_keys(['example_short_circuit_operator']) retrieved from /home/vladimir/.local/lib/python3.10/site-packages/airflow/example_dags/example_short_circuit_operator.py
[2023-04-27T18:47:31.114+0300] {logging_mixin.py:137} INFO - [2023-04-27T18:47:31.114+0300] {dag.py:2705} INFO - Sync 1 DAGs
[2023-04-27T18:47:31.126+0300] {logging_mixin.py:137} INFO - [2023-04-27T18:47:31.126+0300] {dag.py:3452} INFO - Setting next_dagrun for example_short_circuit_operator to 2023-04-26T15:47:31.125956+00:00, run_after=2023-04-27T15:47:31.125956+00:00
[2023-04-27T18:47:31.137+0300] {processor.py:175} INFO - Processing /home/vladimir/.local/lib/python3.10/site-packages/airflow/example_dags/example_short_circuit_operator.py took 0.054 seconds
[2023-04-27T18:48:11.008+0300] {processor.py:153} INFO - Started process (PID=4114) to work on /home/vladimir/.local/lib/python3.10/site-packages/airflow/example_dags/example_short_circuit_operator.py
[2023-04-27T18:48:11.009+0300] {processor.py:743} INFO - Processing file /home/vladimir/.local/lib/python3.10/site-packages/airflow/example_dags/example_short_circuit_operator.py for tasks to queue
[2023-04-27T18:48:11.010+0300] {logging_mixin.py:137} INFO - [2023-04-27T18:48:11.010+0300] {dagbag.py:532} INFO - Filling up the DagBag from /home/vladimir/.local/lib/python3.10/site-packages/airflow/example_dags/example_short_circuit_operator.py
[2023-04-27T18:48:11.022+0300] {processor.py:753} INFO - DAG(s) dict_keys(['example_short_circuit_operator']) retrieved from /home/vladimir/.local/lib/python3.10/site-packages/airflow/example_dags/example_short_circuit_operator.py
[2023-04-27T18:48:11.036+0300] {logging_mixin.py:137} INFO - [2023-04-27T18:48:11.036+0300] {dag.py:2705} INFO - Sync 1 DAGs
[2023-04-27T18:48:11.048+0300] {logging_mixin.py:137} INFO - [2023-04-27T18:48:11.048+0300] {dag.py:3452} INFO - Setting next_dagrun for example_short_circuit_operator to 2023-04-26T15:48:11.048687+00:00, run_after=2023-04-27T15:48:11.048687+00:00
[2023-04-27T18:48:11.060+0300] {processor.py:175} INFO - Processing /home/vladimir/.local/lib/python3.10/site-packages/airflow/example_dags/example_short_circuit_operator.py took 0.054 seconds
[2023-04-27T18:48:53.351+0300] {processor.py:153} INFO - Started process (PID=4165) to work on /home/vladimir/.local/lib/python3.10/site-packages/airflow/example_dags/example_short_circuit_operator.py
[2023-04-27T18:48:53.351+0300] {processor.py:743} INFO - Processing file /home/vladimir/.local/lib/python3.10/site-packages/airflow/example_dags/example_short_circuit_operator.py for tasks to queue
[2023-04-27T18:48:53.352+0300] {logging_mixin.py:137} INFO - [2023-04-27T18:48:53.352+0300] {dagbag.py:532} INFO - Filling up the DagBag from /home/vladimir/.local/lib/python3.10/site-packages/airflow/example_dags/example_short_circuit_operator.py
[2023-04-27T18:48:53.363+0300] {processor.py:753} INFO - DAG(s) dict_keys(['example_short_circuit_operator']) retrieved from /home/vladimir/.local/lib/python3.10/site-packages/airflow/example_dags/example_short_circuit_operator.py
[2023-04-27T18:48:53.377+0300] {logging_mixin.py:137} INFO - [2023-04-27T18:48:53.377+0300] {dag.py:2705} INFO - Sync 1 DAGs
[2023-04-27T18:48:53.389+0300] {logging_mixin.py:137} INFO - [2023-04-27T18:48:53.389+0300] {dag.py:3452} INFO - Setting next_dagrun for example_short_circuit_operator to 2023-04-26T15:48:53.388947+00:00, run_after=2023-04-27T15:48:53.388947+00:00
[2023-04-27T18:48:53.401+0300] {processor.py:175} INFO - Processing /home/vladimir/.local/lib/python3.10/site-packages/airflow/example_dags/example_short_circuit_operator.py took 0.053 seconds
[2023-04-27T18:49:31.736+0300] {processor.py:153} INFO - Started process (PID=4206) to work on /home/vladimir/.local/lib/python3.10/site-packages/airflow/example_dags/example_short_circuit_operator.py
[2023-04-27T18:49:31.736+0300] {processor.py:743} INFO - Processing file /home/vladimir/.local/lib/python3.10/site-packages/airflow/example_dags/example_short_circuit_operator.py for tasks to queue
[2023-04-27T18:49:31.737+0300] {logging_mixin.py:137} INFO - [2023-04-27T18:49:31.737+0300] {dagbag.py:532} INFO - Filling up the DagBag from /home/vladimir/.local/lib/python3.10/site-packages/airflow/example_dags/example_short_circuit_operator.py
[2023-04-27T18:49:31.747+0300] {processor.py:753} INFO - DAG(s) dict_keys(['example_short_circuit_operator']) retrieved from /home/vladimir/.local/lib/python3.10/site-packages/airflow/example_dags/example_short_circuit_operator.py
[2023-04-27T18:49:31.761+0300] {logging_mixin.py:137} INFO - [2023-04-27T18:49:31.761+0300] {dag.py:2705} INFO - Sync 1 DAGs
[2023-04-27T18:49:31.773+0300] {logging_mixin.py:137} INFO - [2023-04-27T18:49:31.773+0300] {dag.py:3452} INFO - Setting next_dagrun for example_short_circuit_operator to 2023-04-26T15:49:31.773182+00:00, run_after=2023-04-27T15:49:31.773182+00:00
[2023-04-27T18:49:31.784+0300] {processor.py:175} INFO - Processing /home/vladimir/.local/lib/python3.10/site-packages/airflow/example_dags/example_short_circuit_operator.py took 0.050 seconds
[2023-04-27T18:50:10.055+0300] {processor.py:153} INFO - Started process (PID=4510) to work on /home/vladimir/.local/lib/python3.10/site-packages/airflow/example_dags/example_short_circuit_operator.py
[2023-04-27T18:50:10.056+0300] {processor.py:743} INFO - Processing file /home/vladimir/.local/lib/python3.10/site-packages/airflow/example_dags/example_short_circuit_operator.py for tasks to queue
[2023-04-27T18:50:10.056+0300] {logging_mixin.py:137} INFO - [2023-04-27T18:50:10.056+0300] {dagbag.py:532} INFO - Filling up the DagBag from /home/vladimir/.local/lib/python3.10/site-packages/airflow/example_dags/example_short_circuit_operator.py
[2023-04-27T18:50:10.069+0300] {processor.py:753} INFO - DAG(s) dict_keys(['example_short_circuit_operator']) retrieved from /home/vladimir/.local/lib/python3.10/site-packages/airflow/example_dags/example_short_circuit_operator.py
[2023-04-27T18:50:10.085+0300] {logging_mixin.py:137} INFO - [2023-04-27T18:50:10.085+0300] {dag.py:2705} INFO - Sync 1 DAGs
[2023-04-27T18:50:10.097+0300] {logging_mixin.py:137} INFO - [2023-04-27T18:50:10.097+0300] {dag.py:3452} INFO - Setting next_dagrun for example_short_circuit_operator to 2023-04-26T15:50:10.097548+00:00, run_after=2023-04-27T15:50:10.097548+00:00
[2023-04-27T18:50:10.109+0300] {processor.py:175} INFO - Processing /home/vladimir/.local/lib/python3.10/site-packages/airflow/example_dags/example_short_circuit_operator.py took 0.056 seconds
[2023-04-27T18:50:47.871+0300] {processor.py:153} INFO - Started process (PID=5107) to work on /home/vladimir/.local/lib/python3.10/site-packages/airflow/example_dags/example_short_circuit_operator.py
[2023-04-27T18:50:47.872+0300] {processor.py:743} INFO - Processing file /home/vladimir/.local/lib/python3.10/site-packages/airflow/example_dags/example_short_circuit_operator.py for tasks to queue
[2023-04-27T18:50:47.872+0300] {logging_mixin.py:137} INFO - [2023-04-27T18:50:47.872+0300] {dagbag.py:532} INFO - Filling up the DagBag from /home/vladimir/.local/lib/python3.10/site-packages/airflow/example_dags/example_short_circuit_operator.py
[2023-04-27T18:50:47.883+0300] {processor.py:753} INFO - DAG(s) dict_keys(['example_short_circuit_operator']) retrieved from /home/vladimir/.local/lib/python3.10/site-packages/airflow/example_dags/example_short_circuit_operator.py
[2023-04-27T18:50:47.898+0300] {logging_mixin.py:137} INFO - [2023-04-27T18:50:47.898+0300] {dag.py:2705} INFO - Sync 1 DAGs
[2023-04-27T18:50:47.910+0300] {logging_mixin.py:137} INFO - [2023-04-27T18:50:47.910+0300] {dag.py:3452} INFO - Setting next_dagrun for example_short_circuit_operator to 2023-04-26T15:50:47.909919+00:00, run_after=2023-04-27T15:50:47.909919+00:00
[2023-04-27T18:50:47.922+0300] {processor.py:175} INFO - Processing /home/vladimir/.local/lib/python3.10/site-packages/airflow/example_dags/example_short_circuit_operator.py took 0.053 seconds
[2023-04-27T18:51:24.312+0300] {processor.py:153} INFO - Started process (PID=5262) to work on /home/vladimir/.local/lib/python3.10/site-packages/airflow/example_dags/example_short_circuit_operator.py
[2023-04-27T18:51:24.313+0300] {processor.py:743} INFO - Processing file /home/vladimir/.local/lib/python3.10/site-packages/airflow/example_dags/example_short_circuit_operator.py for tasks to queue
[2023-04-27T18:51:24.314+0300] {logging_mixin.py:137} INFO - [2023-04-27T18:51:24.314+0300] {dagbag.py:532} INFO - Filling up the DagBag from /home/vladimir/.local/lib/python3.10/site-packages/airflow/example_dags/example_short_circuit_operator.py
[2023-04-27T18:51:24.325+0300] {processor.py:753} INFO - DAG(s) dict_keys(['example_short_circuit_operator']) retrieved from /home/vladimir/.local/lib/python3.10/site-packages/airflow/example_dags/example_short_circuit_operator.py
[2023-04-27T18:51:24.339+0300] {logging_mixin.py:137} INFO - [2023-04-27T18:51:24.339+0300] {dag.py:2705} INFO - Sync 1 DAGs
[2023-04-27T18:51:24.351+0300] {logging_mixin.py:137} INFO - [2023-04-27T18:51:24.351+0300] {dag.py:3452} INFO - Setting next_dagrun for example_short_circuit_operator to 2023-04-26T15:51:24.351365+00:00, run_after=2023-04-27T15:51:24.351365+00:00
[2023-04-27T18:51:24.362+0300] {processor.py:175} INFO - Processing /home/vladimir/.local/lib/python3.10/site-packages/airflow/example_dags/example_short_circuit_operator.py took 0.053 seconds
[2023-04-27T18:52:04.874+0300] {processor.py:153} INFO - Started process (PID=5312) to work on /home/vladimir/.local/lib/python3.10/site-packages/airflow/example_dags/example_short_circuit_operator.py
[2023-04-27T18:52:04.875+0300] {processor.py:743} INFO - Processing file /home/vladimir/.local/lib/python3.10/site-packages/airflow/example_dags/example_short_circuit_operator.py for tasks to queue
[2023-04-27T18:52:04.876+0300] {logging_mixin.py:137} INFO - [2023-04-27T18:52:04.876+0300] {dagbag.py:532} INFO - Filling up the DagBag from /home/vladimir/.local/lib/python3.10/site-packages/airflow/example_dags/example_short_circuit_operator.py
[2023-04-27T18:52:04.887+0300] {processor.py:753} INFO - DAG(s) dict_keys(['example_short_circuit_operator']) retrieved from /home/vladimir/.local/lib/python3.10/site-packages/airflow/example_dags/example_short_circuit_operator.py
[2023-04-27T18:52:04.902+0300] {logging_mixin.py:137} INFO - [2023-04-27T18:52:04.902+0300] {dag.py:2705} INFO - Sync 1 DAGs
[2023-04-27T18:52:04.914+0300] {logging_mixin.py:137} INFO - [2023-04-27T18:52:04.913+0300] {dag.py:3452} INFO - Setting next_dagrun for example_short_circuit_operator to 2023-04-26T15:52:04.913830+00:00, run_after=2023-04-27T15:52:04.913830+00:00
[2023-04-27T18:52:04.928+0300] {processor.py:175} INFO - Processing /home/vladimir/.local/lib/python3.10/site-packages/airflow/example_dags/example_short_circuit_operator.py took 0.056 seconds
[2023-04-27T18:52:41.609+0300] {processor.py:153} INFO - Started process (PID=5352) to work on /home/vladimir/.local/lib/python3.10/site-packages/airflow/example_dags/example_short_circuit_operator.py
[2023-04-27T18:52:41.610+0300] {processor.py:743} INFO - Processing file /home/vladimir/.local/lib/python3.10/site-packages/airflow/example_dags/example_short_circuit_operator.py for tasks to queue
[2023-04-27T18:52:41.610+0300] {logging_mixin.py:137} INFO - [2023-04-27T18:52:41.610+0300] {dagbag.py:532} INFO - Filling up the DagBag from /home/vladimir/.local/lib/python3.10/site-packages/airflow/example_dags/example_short_circuit_operator.py
[2023-04-27T18:52:41.623+0300] {processor.py:753} INFO - DAG(s) dict_keys(['example_short_circuit_operator']) retrieved from /home/vladimir/.local/lib/python3.10/site-packages/airflow/example_dags/example_short_circuit_operator.py
[2023-04-27T18:52:41.639+0300] {logging_mixin.py:137} INFO - [2023-04-27T18:52:41.639+0300] {dag.py:2705} INFO - Sync 1 DAGs
[2023-04-27T18:52:41.652+0300] {logging_mixin.py:137} INFO - [2023-04-27T18:52:41.652+0300] {dag.py:3452} INFO - Setting next_dagrun for example_short_circuit_operator to 2023-04-26T15:52:41.652033+00:00, run_after=2023-04-27T15:52:41.652033+00:00
[2023-04-27T18:52:41.666+0300] {processor.py:175} INFO - Processing /home/vladimir/.local/lib/python3.10/site-packages/airflow/example_dags/example_short_circuit_operator.py took 0.059 seconds
[2023-04-27T18:53:19.708+0300] {processor.py:153} INFO - Started process (PID=5536) to work on /home/vladimir/.local/lib/python3.10/site-packages/airflow/example_dags/example_short_circuit_operator.py
[2023-04-27T18:53:19.709+0300] {processor.py:743} INFO - Processing file /home/vladimir/.local/lib/python3.10/site-packages/airflow/example_dags/example_short_circuit_operator.py for tasks to queue
[2023-04-27T18:53:19.710+0300] {logging_mixin.py:137} INFO - [2023-04-27T18:53:19.709+0300] {dagbag.py:532} INFO - Filling up the DagBag from /home/vladimir/.local/lib/python3.10/site-packages/airflow/example_dags/example_short_circuit_operator.py
[2023-04-27T18:53:19.721+0300] {processor.py:753} INFO - DAG(s) dict_keys(['example_short_circuit_operator']) retrieved from /home/vladimir/.local/lib/python3.10/site-packages/airflow/example_dags/example_short_circuit_operator.py
[2023-04-27T18:53:19.736+0300] {logging_mixin.py:137} INFO - [2023-04-27T18:53:19.736+0300] {dag.py:2705} INFO - Sync 1 DAGs
[2023-04-27T18:53:19.751+0300] {logging_mixin.py:137} INFO - [2023-04-27T18:53:19.751+0300] {dag.py:3452} INFO - Setting next_dagrun for example_short_circuit_operator to 2023-04-26T15:53:19.751135+00:00, run_after=2023-04-27T15:53:19.751135+00:00
[2023-04-27T18:53:19.766+0300] {processor.py:175} INFO - Processing /home/vladimir/.local/lib/python3.10/site-packages/airflow/example_dags/example_short_circuit_operator.py took 0.060 seconds
[2023-04-27T18:54:01.953+0300] {processor.py:153} INFO - Started process (PID=5582) to work on /home/vladimir/.local/lib/python3.10/site-packages/airflow/example_dags/example_short_circuit_operator.py
[2023-04-27T18:54:01.954+0300] {processor.py:743} INFO - Processing file /home/vladimir/.local/lib/python3.10/site-packages/airflow/example_dags/example_short_circuit_operator.py for tasks to queue
[2023-04-27T18:54:01.955+0300] {logging_mixin.py:137} INFO - [2023-04-27T18:54:01.955+0300] {dagbag.py:532} INFO - Filling up the DagBag from /home/vladimir/.local/lib/python3.10/site-packages/airflow/example_dags/example_short_circuit_operator.py
[2023-04-27T18:54:01.967+0300] {processor.py:753} INFO - DAG(s) dict_keys(['example_short_circuit_operator']) retrieved from /home/vladimir/.local/lib/python3.10/site-packages/airflow/example_dags/example_short_circuit_operator.py
[2023-04-27T18:54:01.982+0300] {logging_mixin.py:137} INFO - [2023-04-27T18:54:01.981+0300] {dag.py:2705} INFO - Sync 1 DAGs
[2023-04-27T18:54:01.994+0300] {logging_mixin.py:137} INFO - [2023-04-27T18:54:01.994+0300] {dag.py:3452} INFO - Setting next_dagrun for example_short_circuit_operator to 2023-04-26T15:54:01.994553+00:00, run_after=2023-04-27T15:54:01.994553+00:00
[2023-04-27T18:54:02.006+0300] {processor.py:175} INFO - Processing /home/vladimir/.local/lib/python3.10/site-packages/airflow/example_dags/example_short_circuit_operator.py took 0.056 seconds
[2023-04-27T18:54:38.127+0300] {processor.py:153} INFO - Started process (PID=5623) to work on /home/vladimir/.local/lib/python3.10/site-packages/airflow/example_dags/example_short_circuit_operator.py
[2023-04-27T18:54:38.128+0300] {processor.py:743} INFO - Processing file /home/vladimir/.local/lib/python3.10/site-packages/airflow/example_dags/example_short_circuit_operator.py for tasks to queue
[2023-04-27T18:54:38.129+0300] {logging_mixin.py:137} INFO - [2023-04-27T18:54:38.129+0300] {dagbag.py:532} INFO - Filling up the DagBag from /home/vladimir/.local/lib/python3.10/site-packages/airflow/example_dags/example_short_circuit_operator.py
[2023-04-27T18:54:38.139+0300] {processor.py:753} INFO - DAG(s) dict_keys(['example_short_circuit_operator']) retrieved from /home/vladimir/.local/lib/python3.10/site-packages/airflow/example_dags/example_short_circuit_operator.py
[2023-04-27T18:54:38.154+0300] {logging_mixin.py:137} INFO - [2023-04-27T18:54:38.154+0300] {dag.py:2705} INFO - Sync 1 DAGs
[2023-04-27T18:54:38.167+0300] {logging_mixin.py:137} INFO - [2023-04-27T18:54:38.166+0300] {dag.py:3452} INFO - Setting next_dagrun for example_short_circuit_operator to 2023-04-26T15:54:38.166715+00:00, run_after=2023-04-27T15:54:38.166715+00:00
[2023-04-27T18:54:38.179+0300] {processor.py:175} INFO - Processing /home/vladimir/.local/lib/python3.10/site-packages/airflow/example_dags/example_short_circuit_operator.py took 0.054 seconds
[2023-04-27T18:55:14.924+0300] {processor.py:153} INFO - Started process (PID=5669) to work on /home/vladimir/.local/lib/python3.10/site-packages/airflow/example_dags/example_short_circuit_operator.py
[2023-04-27T18:55:14.925+0300] {processor.py:743} INFO - Processing file /home/vladimir/.local/lib/python3.10/site-packages/airflow/example_dags/example_short_circuit_operator.py for tasks to queue
[2023-04-27T18:55:14.925+0300] {logging_mixin.py:137} INFO - [2023-04-27T18:55:14.925+0300] {dagbag.py:532} INFO - Filling up the DagBag from /home/vladimir/.local/lib/python3.10/site-packages/airflow/example_dags/example_short_circuit_operator.py
[2023-04-27T18:55:14.936+0300] {processor.py:753} INFO - DAG(s) dict_keys(['example_short_circuit_operator']) retrieved from /home/vladimir/.local/lib/python3.10/site-packages/airflow/example_dags/example_short_circuit_operator.py
[2023-04-27T18:55:14.950+0300] {logging_mixin.py:137} INFO - [2023-04-27T18:55:14.950+0300] {dag.py:2705} INFO - Sync 1 DAGs
[2023-04-27T18:55:14.962+0300] {logging_mixin.py:137} INFO - [2023-04-27T18:55:14.962+0300] {dag.py:3452} INFO - Setting next_dagrun for example_short_circuit_operator to 2023-04-26T15:55:14.962117+00:00, run_after=2023-04-27T15:55:14.962117+00:00
[2023-04-27T18:55:14.974+0300] {processor.py:175} INFO - Processing /home/vladimir/.local/lib/python3.10/site-packages/airflow/example_dags/example_short_circuit_operator.py took 0.052 seconds
[2023-04-27T18:55:51.136+0300] {processor.py:153} INFO - Started process (PID=5711) to work on /home/vladimir/.local/lib/python3.10/site-packages/airflow/example_dags/example_short_circuit_operator.py
[2023-04-27T18:55:51.137+0300] {processor.py:743} INFO - Processing file /home/vladimir/.local/lib/python3.10/site-packages/airflow/example_dags/example_short_circuit_operator.py for tasks to queue
[2023-04-27T18:55:51.137+0300] {logging_mixin.py:137} INFO - [2023-04-27T18:55:51.137+0300] {dagbag.py:532} INFO - Filling up the DagBag from /home/vladimir/.local/lib/python3.10/site-packages/airflow/example_dags/example_short_circuit_operator.py
[2023-04-27T18:55:51.148+0300] {processor.py:753} INFO - DAG(s) dict_keys(['example_short_circuit_operator']) retrieved from /home/vladimir/.local/lib/python3.10/site-packages/airflow/example_dags/example_short_circuit_operator.py
[2023-04-27T18:55:51.162+0300] {logging_mixin.py:137} INFO - [2023-04-27T18:55:51.162+0300] {dag.py:2705} INFO - Sync 1 DAGs
[2023-04-27T18:55:51.174+0300] {logging_mixin.py:137} INFO - [2023-04-27T18:55:51.174+0300] {dag.py:3452} INFO - Setting next_dagrun for example_short_circuit_operator to 2023-04-26T15:55:51.174325+00:00, run_after=2023-04-27T15:55:51.174325+00:00
[2023-04-27T18:55:51.187+0300] {processor.py:175} INFO - Processing /home/vladimir/.local/lib/python3.10/site-packages/airflow/example_dags/example_short_circuit_operator.py took 0.054 seconds
[2023-04-27T18:56:33.374+0300] {processor.py:153} INFO - Started process (PID=6565) to work on /home/vladimir/.local/lib/python3.10/site-packages/airflow/example_dags/example_short_circuit_operator.py
[2023-04-27T18:56:33.375+0300] {processor.py:743} INFO - Processing file /home/vladimir/.local/lib/python3.10/site-packages/airflow/example_dags/example_short_circuit_operator.py for tasks to queue
[2023-04-27T18:56:33.375+0300] {logging_mixin.py:137} INFO - [2023-04-27T18:56:33.375+0300] {dagbag.py:532} INFO - Filling up the DagBag from /home/vladimir/.local/lib/python3.10/site-packages/airflow/example_dags/example_short_circuit_operator.py
[2023-04-27T18:56:33.387+0300] {processor.py:753} INFO - DAG(s) dict_keys(['example_short_circuit_operator']) retrieved from /home/vladimir/.local/lib/python3.10/site-packages/airflow/example_dags/example_short_circuit_operator.py
[2023-04-27T18:56:33.402+0300] {logging_mixin.py:137} INFO - [2023-04-27T18:56:33.402+0300] {dag.py:2705} INFO - Sync 1 DAGs
[2023-04-27T18:56:33.413+0300] {logging_mixin.py:137} INFO - [2023-04-27T18:56:33.413+0300] {dag.py:3452} INFO - Setting next_dagrun for example_short_circuit_operator to 2023-04-26T15:56:33.413606+00:00, run_after=2023-04-27T15:56:33.413606+00:00
[2023-04-27T18:56:33.426+0300] {processor.py:175} INFO - Processing /home/vladimir/.local/lib/python3.10/site-packages/airflow/example_dags/example_short_circuit_operator.py took 0.055 seconds
[2023-04-27T18:57:07.757+0300] {processor.py:153} INFO - Started process (PID=6676) to work on /home/vladimir/.local/lib/python3.10/site-packages/airflow/example_dags/example_short_circuit_operator.py
[2023-04-27T18:57:07.758+0300] {processor.py:743} INFO - Processing file /home/vladimir/.local/lib/python3.10/site-packages/airflow/example_dags/example_short_circuit_operator.py for tasks to queue
[2023-04-27T18:57:07.759+0300] {logging_mixin.py:137} INFO - [2023-04-27T18:57:07.759+0300] {dagbag.py:532} INFO - Filling up the DagBag from /home/vladimir/.local/lib/python3.10/site-packages/airflow/example_dags/example_short_circuit_operator.py
[2023-04-27T18:57:07.770+0300] {processor.py:753} INFO - DAG(s) dict_keys(['example_short_circuit_operator']) retrieved from /home/vladimir/.local/lib/python3.10/site-packages/airflow/example_dags/example_short_circuit_operator.py
[2023-04-27T18:57:07.784+0300] {logging_mixin.py:137} INFO - [2023-04-27T18:57:07.784+0300] {dag.py:2705} INFO - Sync 1 DAGs
[2023-04-27T18:57:07.797+0300] {logging_mixin.py:137} INFO - [2023-04-27T18:57:07.797+0300] {dag.py:3452} INFO - Setting next_dagrun for example_short_circuit_operator to 2023-04-26T15:57:07.797012+00:00, run_after=2023-04-27T15:57:07.797012+00:00
[2023-04-27T18:57:07.809+0300] {processor.py:175} INFO - Processing /home/vladimir/.local/lib/python3.10/site-packages/airflow/example_dags/example_short_circuit_operator.py took 0.054 seconds
[2023-04-27T18:57:48.225+0300] {processor.py:153} INFO - Started process (PID=6747) to work on /home/vladimir/.local/lib/python3.10/site-packages/airflow/example_dags/example_short_circuit_operator.py
[2023-04-27T18:57:48.226+0300] {processor.py:743} INFO - Processing file /home/vladimir/.local/lib/python3.10/site-packages/airflow/example_dags/example_short_circuit_operator.py for tasks to queue
[2023-04-27T18:57:48.227+0300] {logging_mixin.py:137} INFO - [2023-04-27T18:57:48.227+0300] {dagbag.py:532} INFO - Filling up the DagBag from /home/vladimir/.local/lib/python3.10/site-packages/airflow/example_dags/example_short_circuit_operator.py
[2023-04-27T18:57:48.238+0300] {processor.py:753} INFO - DAG(s) dict_keys(['example_short_circuit_operator']) retrieved from /home/vladimir/.local/lib/python3.10/site-packages/airflow/example_dags/example_short_circuit_operator.py
[2023-04-27T18:57:48.252+0300] {logging_mixin.py:137} INFO - [2023-04-27T18:57:48.252+0300] {dag.py:2705} INFO - Sync 1 DAGs
[2023-04-27T18:57:48.266+0300] {logging_mixin.py:137} INFO - [2023-04-27T18:57:48.266+0300] {dag.py:3452} INFO - Setting next_dagrun for example_short_circuit_operator to 2023-04-26T15:57:48.265941+00:00, run_after=2023-04-27T15:57:48.265941+00:00
[2023-04-27T18:57:48.278+0300] {processor.py:175} INFO - Processing /home/vladimir/.local/lib/python3.10/site-packages/airflow/example_dags/example_short_circuit_operator.py took 0.056 seconds
[2023-04-27T18:58:24.183+0300] {processor.py:153} INFO - Started process (PID=6818) to work on /home/vladimir/.local/lib/python3.10/site-packages/airflow/example_dags/example_short_circuit_operator.py
[2023-04-27T18:58:24.184+0300] {processor.py:743} INFO - Processing file /home/vladimir/.local/lib/python3.10/site-packages/airflow/example_dags/example_short_circuit_operator.py for tasks to queue
[2023-04-27T18:58:24.184+0300] {logging_mixin.py:137} INFO - [2023-04-27T18:58:24.184+0300] {dagbag.py:532} INFO - Filling up the DagBag from /home/vladimir/.local/lib/python3.10/site-packages/airflow/example_dags/example_short_circuit_operator.py
[2023-04-27T18:58:24.195+0300] {processor.py:753} INFO - DAG(s) dict_keys(['example_short_circuit_operator']) retrieved from /home/vladimir/.local/lib/python3.10/site-packages/airflow/example_dags/example_short_circuit_operator.py
[2023-04-27T18:58:24.210+0300] {logging_mixin.py:137} INFO - [2023-04-27T18:58:24.210+0300] {dag.py:2705} INFO - Sync 1 DAGs
[2023-04-27T18:58:24.222+0300] {logging_mixin.py:137} INFO - [2023-04-27T18:58:24.222+0300] {dag.py:3452} INFO - Setting next_dagrun for example_short_circuit_operator to 2023-04-26T15:58:24.222414+00:00, run_after=2023-04-27T15:58:24.222414+00:00
[2023-04-27T18:58:24.236+0300] {processor.py:175} INFO - Processing /home/vladimir/.local/lib/python3.10/site-packages/airflow/example_dags/example_short_circuit_operator.py took 0.057 seconds
[2023-04-27T18:59:08.120+0300] {processor.py:153} INFO - Started process (PID=6893) to work on /home/vladimir/.local/lib/python3.10/site-packages/airflow/example_dags/example_short_circuit_operator.py
[2023-04-27T18:59:08.121+0300] {processor.py:743} INFO - Processing file /home/vladimir/.local/lib/python3.10/site-packages/airflow/example_dags/example_short_circuit_operator.py for tasks to queue
[2023-04-27T18:59:08.122+0300] {logging_mixin.py:137} INFO - [2023-04-27T18:59:08.122+0300] {dagbag.py:532} INFO - Filling up the DagBag from /home/vladimir/.local/lib/python3.10/site-packages/airflow/example_dags/example_short_circuit_operator.py
[2023-04-27T18:59:08.133+0300] {processor.py:753} INFO - DAG(s) dict_keys(['example_short_circuit_operator']) retrieved from /home/vladimir/.local/lib/python3.10/site-packages/airflow/example_dags/example_short_circuit_operator.py
[2023-04-27T18:59:08.149+0300] {logging_mixin.py:137} INFO - [2023-04-27T18:59:08.149+0300] {dag.py:2705} INFO - Sync 1 DAGs
[2023-04-27T18:59:08.161+0300] {logging_mixin.py:137} INFO - [2023-04-27T18:59:08.161+0300] {dag.py:3452} INFO - Setting next_dagrun for example_short_circuit_operator to 2023-04-26T15:59:08.161374+00:00, run_after=2023-04-27T15:59:08.161374+00:00
[2023-04-27T18:59:08.173+0300] {processor.py:175} INFO - Processing /home/vladimir/.local/lib/python3.10/site-packages/airflow/example_dags/example_short_circuit_operator.py took 0.055 seconds
[2023-04-27T18:59:44.570+0300] {processor.py:153} INFO - Started process (PID=6960) to work on /home/vladimir/.local/lib/python3.10/site-packages/airflow/example_dags/example_short_circuit_operator.py
[2023-04-27T18:59:44.571+0300] {processor.py:743} INFO - Processing file /home/vladimir/.local/lib/python3.10/site-packages/airflow/example_dags/example_short_circuit_operator.py for tasks to queue
[2023-04-27T18:59:44.571+0300] {logging_mixin.py:137} INFO - [2023-04-27T18:59:44.571+0300] {dagbag.py:532} INFO - Filling up the DagBag from /home/vladimir/.local/lib/python3.10/site-packages/airflow/example_dags/example_short_circuit_operator.py
[2023-04-27T18:59:44.583+0300] {processor.py:753} INFO - DAG(s) dict_keys(['example_short_circuit_operator']) retrieved from /home/vladimir/.local/lib/python3.10/site-packages/airflow/example_dags/example_short_circuit_operator.py
[2023-04-27T18:59:44.597+0300] {logging_mixin.py:137} INFO - [2023-04-27T18:59:44.597+0300] {dag.py:2705} INFO - Sync 1 DAGs
[2023-04-27T18:59:44.610+0300] {logging_mixin.py:137} INFO - [2023-04-27T18:59:44.610+0300] {dag.py:3452} INFO - Setting next_dagrun for example_short_circuit_operator to 2023-04-26T15:59:44.609969+00:00, run_after=2023-04-27T15:59:44.609969+00:00
[2023-04-27T18:59:44.622+0300] {processor.py:175} INFO - Processing /home/vladimir/.local/lib/python3.10/site-packages/airflow/example_dags/example_short_circuit_operator.py took 0.054 seconds
[2023-04-27T19:00:21.143+0300] {processor.py:153} INFO - Started process (PID=7044) to work on /home/vladimir/.local/lib/python3.10/site-packages/airflow/example_dags/example_short_circuit_operator.py
[2023-04-27T19:00:21.144+0300] {processor.py:743} INFO - Processing file /home/vladimir/.local/lib/python3.10/site-packages/airflow/example_dags/example_short_circuit_operator.py for tasks to queue
[2023-04-27T19:00:21.144+0300] {logging_mixin.py:137} INFO - [2023-04-27T19:00:21.144+0300] {dagbag.py:532} INFO - Filling up the DagBag from /home/vladimir/.local/lib/python3.10/site-packages/airflow/example_dags/example_short_circuit_operator.py
[2023-04-27T19:00:21.155+0300] {processor.py:753} INFO - DAG(s) dict_keys(['example_short_circuit_operator']) retrieved from /home/vladimir/.local/lib/python3.10/site-packages/airflow/example_dags/example_short_circuit_operator.py
[2023-04-27T19:00:21.170+0300] {logging_mixin.py:137} INFO - [2023-04-27T19:00:21.170+0300] {dag.py:2705} INFO - Sync 1 DAGs
[2023-04-27T19:00:21.182+0300] {logging_mixin.py:137} INFO - [2023-04-27T19:00:21.182+0300] {dag.py:3452} INFO - Setting next_dagrun for example_short_circuit_operator to 2023-04-26T16:00:21.181885+00:00, run_after=2023-04-27T16:00:21.181885+00:00
[2023-04-27T19:00:21.195+0300] {processor.py:175} INFO - Processing /home/vladimir/.local/lib/python3.10/site-packages/airflow/example_dags/example_short_circuit_operator.py took 0.054 seconds
[2023-04-27T19:00:59.567+0300] {processor.py:153} INFO - Started process (PID=7150) to work on /home/vladimir/.local/lib/python3.10/site-packages/airflow/example_dags/example_short_circuit_operator.py
[2023-04-27T19:00:59.568+0300] {processor.py:743} INFO - Processing file /home/vladimir/.local/lib/python3.10/site-packages/airflow/example_dags/example_short_circuit_operator.py for tasks to queue
[2023-04-27T19:00:59.568+0300] {logging_mixin.py:137} INFO - [2023-04-27T19:00:59.568+0300] {dagbag.py:532} INFO - Filling up the DagBag from /home/vladimir/.local/lib/python3.10/site-packages/airflow/example_dags/example_short_circuit_operator.py
[2023-04-27T19:00:59.586+0300] {processor.py:753} INFO - DAG(s) dict_keys(['example_short_circuit_operator']) retrieved from /home/vladimir/.local/lib/python3.10/site-packages/airflow/example_dags/example_short_circuit_operator.py
[2023-04-27T19:00:59.605+0300] {logging_mixin.py:137} INFO - [2023-04-27T19:00:59.605+0300] {dag.py:2705} INFO - Sync 1 DAGs
[2023-04-27T19:00:59.620+0300] {logging_mixin.py:137} INFO - [2023-04-27T19:00:59.620+0300] {dag.py:3452} INFO - Setting next_dagrun for example_short_circuit_operator to 2023-04-26T16:00:59.619551+00:00, run_after=2023-04-27T16:00:59.619551+00:00
[2023-04-27T19:00:59.634+0300] {processor.py:175} INFO - Processing /home/vladimir/.local/lib/python3.10/site-packages/airflow/example_dags/example_short_circuit_operator.py took 0.070 seconds
