[2023-04-27T18:25:56.488+0300] {processor.py:153} INFO - Started process (PID=5939) to work on /home/vladimir/.local/lib/python3.10/site-packages/airflow/example_dags/example_branch_operator_decorator.py
[2023-04-27T18:25:56.489+0300] {processor.py:743} INFO - Processing file /home/vladimir/.local/lib/python3.10/site-packages/airflow/example_dags/example_branch_operator_decorator.py for tasks to queue
[2023-04-27T18:25:56.489+0300] {logging_mixin.py:137} INFO - [2023-04-27T18:25:56.489+0300] {dagbag.py:532} INFO - Filling up the DagBag from /home/vladimir/.local/lib/python3.10/site-packages/airflow/example_dags/example_branch_operator_decorator.py
[2023-04-27T18:25:56.507+0300] {processor.py:753} INFO - DAG(s) dict_keys(['example_branch_python_operator_decorator']) retrieved from /home/vladimir/.local/lib/python3.10/site-packages/airflow/example_dags/example_branch_operator_decorator.py
[2023-04-27T18:25:56.568+0300] {logging_mixin.py:137} INFO - [2023-04-27T18:25:56.567+0300] {manager.py:504} INFO - Created Permission View: can read on DAG:example_branch_python_operator_decorator
[2023-04-27T18:25:56.572+0300] {logging_mixin.py:137} INFO - [2023-04-27T18:25:56.572+0300] {manager.py:504} INFO - Created Permission View: can delete on DAG:example_branch_python_operator_decorator
[2023-04-27T18:25:56.576+0300] {logging_mixin.py:137} INFO - [2023-04-27T18:25:56.576+0300] {manager.py:504} INFO - Created Permission View: can edit on DAG:example_branch_python_operator_decorator
[2023-04-27T18:25:56.576+0300] {logging_mixin.py:137} INFO - [2023-04-27T18:25:56.576+0300] {dag.py:2705} INFO - Sync 1 DAGs
[2023-04-27T18:25:56.583+0300] {logging_mixin.py:137} INFO - [2023-04-27T18:25:56.582+0300] {dag.py:2726} INFO - Creating ORM DAG for example_branch_python_operator_decorator
[2023-04-27T18:25:56.589+0300] {logging_mixin.py:137} INFO - [2023-04-27T18:25:56.589+0300] {dag.py:3452} INFO - Setting next_dagrun for example_branch_python_operator_decorator to 2023-04-26T00:00:00+00:00, run_after=2023-04-27T00:00:00+00:00
[2023-04-27T18:25:56.608+0300] {processor.py:175} INFO - Processing /home/vladimir/.local/lib/python3.10/site-packages/airflow/example_dags/example_branch_operator_decorator.py took 0.123 seconds
[2023-04-27T18:26:41.052+0300] {processor.py:153} INFO - Started process (PID=6027) to work on /home/vladimir/.local/lib/python3.10/site-packages/airflow/example_dags/example_branch_operator_decorator.py
[2023-04-27T18:26:41.053+0300] {processor.py:743} INFO - Processing file /home/vladimir/.local/lib/python3.10/site-packages/airflow/example_dags/example_branch_operator_decorator.py for tasks to queue
[2023-04-27T18:26:41.053+0300] {logging_mixin.py:137} INFO - [2023-04-27T18:26:41.053+0300] {dagbag.py:532} INFO - Filling up the DagBag from /home/vladimir/.local/lib/python3.10/site-packages/airflow/example_dags/example_branch_operator_decorator.py
[2023-04-27T18:26:41.073+0300] {processor.py:753} INFO - DAG(s) dict_keys(['example_branch_python_operator_decorator']) retrieved from /home/vladimir/.local/lib/python3.10/site-packages/airflow/example_dags/example_branch_operator_decorator.py
[2023-04-27T18:26:41.087+0300] {logging_mixin.py:137} INFO - [2023-04-27T18:26:41.087+0300] {dag.py:2705} INFO - Sync 1 DAGs
[2023-04-27T18:26:41.101+0300] {logging_mixin.py:137} INFO - [2023-04-27T18:26:41.101+0300] {dag.py:3452} INFO - Setting next_dagrun for example_branch_python_operator_decorator to 2023-04-26T00:00:00+00:00, run_after=2023-04-27T00:00:00+00:00
[2023-04-27T18:26:41.116+0300] {processor.py:175} INFO - Processing /home/vladimir/.local/lib/python3.10/site-packages/airflow/example_dags/example_branch_operator_decorator.py took 0.066 seconds
[2023-04-27T18:27:32.177+0300] {processor.py:153} INFO - Started process (PID=6106) to work on /home/vladimir/.local/lib/python3.10/site-packages/airflow/example_dags/example_branch_operator_decorator.py
[2023-04-27T18:27:32.178+0300] {processor.py:743} INFO - Processing file /home/vladimir/.local/lib/python3.10/site-packages/airflow/example_dags/example_branch_operator_decorator.py for tasks to queue
[2023-04-27T18:27:32.178+0300] {logging_mixin.py:137} INFO - [2023-04-27T18:27:32.178+0300] {dagbag.py:532} INFO - Filling up the DagBag from /home/vladimir/.local/lib/python3.10/site-packages/airflow/example_dags/example_branch_operator_decorator.py
[2023-04-27T18:27:32.197+0300] {processor.py:753} INFO - DAG(s) dict_keys(['example_branch_python_operator_decorator']) retrieved from /home/vladimir/.local/lib/python3.10/site-packages/airflow/example_dags/example_branch_operator_decorator.py
[2023-04-27T18:27:32.212+0300] {logging_mixin.py:137} INFO - [2023-04-27T18:27:32.212+0300] {dag.py:2705} INFO - Sync 1 DAGs
[2023-04-27T18:27:32.227+0300] {logging_mixin.py:137} INFO - [2023-04-27T18:27:32.227+0300] {dag.py:3452} INFO - Setting next_dagrun for example_branch_python_operator_decorator to 2023-04-26T00:00:00+00:00, run_after=2023-04-27T00:00:00+00:00
[2023-04-27T18:27:32.241+0300] {processor.py:175} INFO - Processing /home/vladimir/.local/lib/python3.10/site-packages/airflow/example_dags/example_branch_operator_decorator.py took 0.067 seconds
[2023-04-27T18:28:16.375+0300] {processor.py:153} INFO - Started process (PID=6168) to work on /home/vladimir/.local/lib/python3.10/site-packages/airflow/example_dags/example_branch_operator_decorator.py
[2023-04-27T18:28:16.376+0300] {processor.py:743} INFO - Processing file /home/vladimir/.local/lib/python3.10/site-packages/airflow/example_dags/example_branch_operator_decorator.py for tasks to queue
[2023-04-27T18:28:16.377+0300] {logging_mixin.py:137} INFO - [2023-04-27T18:28:16.376+0300] {dagbag.py:532} INFO - Filling up the DagBag from /home/vladimir/.local/lib/python3.10/site-packages/airflow/example_dags/example_branch_operator_decorator.py
[2023-04-27T18:28:16.395+0300] {processor.py:753} INFO - DAG(s) dict_keys(['example_branch_python_operator_decorator']) retrieved from /home/vladimir/.local/lib/python3.10/site-packages/airflow/example_dags/example_branch_operator_decorator.py
[2023-04-27T18:28:16.411+0300] {logging_mixin.py:137} INFO - [2023-04-27T18:28:16.410+0300] {dag.py:2705} INFO - Sync 1 DAGs
[2023-04-27T18:28:16.429+0300] {logging_mixin.py:137} INFO - [2023-04-27T18:28:16.429+0300] {dag.py:3452} INFO - Setting next_dagrun for example_branch_python_operator_decorator to 2023-04-26T00:00:00+00:00, run_after=2023-04-27T00:00:00+00:00
[2023-04-27T18:28:16.443+0300] {processor.py:175} INFO - Processing /home/vladimir/.local/lib/python3.10/site-packages/airflow/example_dags/example_branch_operator_decorator.py took 0.070 seconds
[2023-04-27T18:29:00.622+0300] {processor.py:153} INFO - Started process (PID=6296) to work on /home/vladimir/.local/lib/python3.10/site-packages/airflow/example_dags/example_branch_operator_decorator.py
[2023-04-27T18:29:00.623+0300] {processor.py:743} INFO - Processing file /home/vladimir/.local/lib/python3.10/site-packages/airflow/example_dags/example_branch_operator_decorator.py for tasks to queue
[2023-04-27T18:29:00.624+0300] {logging_mixin.py:137} INFO - [2023-04-27T18:29:00.624+0300] {dagbag.py:532} INFO - Filling up the DagBag from /home/vladimir/.local/lib/python3.10/site-packages/airflow/example_dags/example_branch_operator_decorator.py
[2023-04-27T18:29:00.643+0300] {processor.py:753} INFO - DAG(s) dict_keys(['example_branch_python_operator_decorator']) retrieved from /home/vladimir/.local/lib/python3.10/site-packages/airflow/example_dags/example_branch_operator_decorator.py
[2023-04-27T18:29:00.660+0300] {logging_mixin.py:137} INFO - [2023-04-27T18:29:00.660+0300] {dag.py:2705} INFO - Sync 1 DAGs
[2023-04-27T18:29:00.674+0300] {logging_mixin.py:137} INFO - [2023-04-27T18:29:00.674+0300] {dag.py:3452} INFO - Setting next_dagrun for example_branch_python_operator_decorator to 2023-04-26T00:00:00+00:00, run_after=2023-04-27T00:00:00+00:00
[2023-04-27T18:29:00.687+0300] {processor.py:175} INFO - Processing /home/vladimir/.local/lib/python3.10/site-packages/airflow/example_dags/example_branch_operator_decorator.py took 0.067 seconds
[2023-04-27T18:29:48.413+0300] {processor.py:153} INFO - Started process (PID=6410) to work on /home/vladimir/.local/lib/python3.10/site-packages/airflow/example_dags/example_branch_operator_decorator.py
[2023-04-27T18:29:48.414+0300] {processor.py:743} INFO - Processing file /home/vladimir/.local/lib/python3.10/site-packages/airflow/example_dags/example_branch_operator_decorator.py for tasks to queue
[2023-04-27T18:29:48.414+0300] {logging_mixin.py:137} INFO - [2023-04-27T18:29:48.414+0300] {dagbag.py:532} INFO - Filling up the DagBag from /home/vladimir/.local/lib/python3.10/site-packages/airflow/example_dags/example_branch_operator_decorator.py
[2023-04-27T18:29:48.435+0300] {processor.py:753} INFO - DAG(s) dict_keys(['example_branch_python_operator_decorator']) retrieved from /home/vladimir/.local/lib/python3.10/site-packages/airflow/example_dags/example_branch_operator_decorator.py
[2023-04-27T18:29:48.450+0300] {logging_mixin.py:137} INFO - [2023-04-27T18:29:48.450+0300] {dag.py:2705} INFO - Sync 1 DAGs
[2023-04-27T18:29:48.463+0300] {logging_mixin.py:137} INFO - [2023-04-27T18:29:48.462+0300] {dag.py:3452} INFO - Setting next_dagrun for example_branch_python_operator_decorator to 2023-04-26T00:00:00+00:00, run_after=2023-04-27T00:00:00+00:00
[2023-04-27T18:29:48.475+0300] {processor.py:175} INFO - Processing /home/vladimir/.local/lib/python3.10/site-packages/airflow/example_dags/example_branch_operator_decorator.py took 0.064 seconds
[2023-04-27T18:30:35.552+0300] {processor.py:153} INFO - Started process (PID=6505) to work on /home/vladimir/.local/lib/python3.10/site-packages/airflow/example_dags/example_branch_operator_decorator.py
[2023-04-27T18:30:35.553+0300] {processor.py:743} INFO - Processing file /home/vladimir/.local/lib/python3.10/site-packages/airflow/example_dags/example_branch_operator_decorator.py for tasks to queue
[2023-04-27T18:30:35.554+0300] {logging_mixin.py:137} INFO - [2023-04-27T18:30:35.553+0300] {dagbag.py:532} INFO - Filling up the DagBag from /home/vladimir/.local/lib/python3.10/site-packages/airflow/example_dags/example_branch_operator_decorator.py
[2023-04-27T18:30:35.572+0300] {processor.py:753} INFO - DAG(s) dict_keys(['example_branch_python_operator_decorator']) retrieved from /home/vladimir/.local/lib/python3.10/site-packages/airflow/example_dags/example_branch_operator_decorator.py
[2023-04-27T18:30:35.586+0300] {logging_mixin.py:137} INFO - [2023-04-27T18:30:35.586+0300] {dag.py:2705} INFO - Sync 1 DAGs
[2023-04-27T18:30:35.599+0300] {logging_mixin.py:137} INFO - [2023-04-27T18:30:35.599+0300] {dag.py:3452} INFO - Setting next_dagrun for example_branch_python_operator_decorator to 2023-04-26T00:00:00+00:00, run_after=2023-04-27T00:00:00+00:00
[2023-04-27T18:30:35.614+0300] {processor.py:175} INFO - Processing /home/vladimir/.local/lib/python3.10/site-packages/airflow/example_dags/example_branch_operator_decorator.py took 0.064 seconds
[2023-04-27T18:31:25.191+0300] {processor.py:153} INFO - Started process (PID=6622) to work on /home/vladimir/.local/lib/python3.10/site-packages/airflow/example_dags/example_branch_operator_decorator.py
[2023-04-27T18:31:25.192+0300] {processor.py:743} INFO - Processing file /home/vladimir/.local/lib/python3.10/site-packages/airflow/example_dags/example_branch_operator_decorator.py for tasks to queue
[2023-04-27T18:31:25.192+0300] {logging_mixin.py:137} INFO - [2023-04-27T18:31:25.192+0300] {dagbag.py:532} INFO - Filling up the DagBag from /home/vladimir/.local/lib/python3.10/site-packages/airflow/example_dags/example_branch_operator_decorator.py
[2023-04-27T18:31:25.212+0300] {processor.py:753} INFO - DAG(s) dict_keys(['example_branch_python_operator_decorator']) retrieved from /home/vladimir/.local/lib/python3.10/site-packages/airflow/example_dags/example_branch_operator_decorator.py
[2023-04-27T18:31:25.227+0300] {logging_mixin.py:137} INFO - [2023-04-27T18:31:25.227+0300] {dag.py:2705} INFO - Sync 1 DAGs
[2023-04-27T18:31:25.242+0300] {logging_mixin.py:137} INFO - [2023-04-27T18:31:25.241+0300] {dag.py:3452} INFO - Setting next_dagrun for example_branch_python_operator_decorator to 2023-04-26T00:00:00+00:00, run_after=2023-04-27T00:00:00+00:00
[2023-04-27T18:31:25.257+0300] {processor.py:175} INFO - Processing /home/vladimir/.local/lib/python3.10/site-packages/airflow/example_dags/example_branch_operator_decorator.py took 0.068 seconds
[2023-04-27T18:32:06.681+0300] {processor.py:153} INFO - Started process (PID=6693) to work on /home/vladimir/.local/lib/python3.10/site-packages/airflow/example_dags/example_branch_operator_decorator.py
[2023-04-27T18:32:06.682+0300] {processor.py:743} INFO - Processing file /home/vladimir/.local/lib/python3.10/site-packages/airflow/example_dags/example_branch_operator_decorator.py for tasks to queue
[2023-04-27T18:32:06.683+0300] {logging_mixin.py:137} INFO - [2023-04-27T18:32:06.683+0300] {dagbag.py:532} INFO - Filling up the DagBag from /home/vladimir/.local/lib/python3.10/site-packages/airflow/example_dags/example_branch_operator_decorator.py
[2023-04-27T18:32:06.699+0300] {processor.py:753} INFO - DAG(s) dict_keys(['example_branch_python_operator_decorator']) retrieved from /home/vladimir/.local/lib/python3.10/site-packages/airflow/example_dags/example_branch_operator_decorator.py
[2023-04-27T18:32:06.713+0300] {logging_mixin.py:137} INFO - [2023-04-27T18:32:06.713+0300] {dag.py:2705} INFO - Sync 1 DAGs
[2023-04-27T18:32:06.727+0300] {logging_mixin.py:137} INFO - [2023-04-27T18:32:06.727+0300] {dag.py:3452} INFO - Setting next_dagrun for example_branch_python_operator_decorator to 2023-04-26T00:00:00+00:00, run_after=2023-04-27T00:00:00+00:00
[2023-04-27T18:32:06.739+0300] {processor.py:175} INFO - Processing /home/vladimir/.local/lib/python3.10/site-packages/airflow/example_dags/example_branch_operator_decorator.py took 0.060 seconds
[2023-04-27T18:32:55.005+0300] {processor.py:153} INFO - Started process (PID=6861) to work on /home/vladimir/.local/lib/python3.10/site-packages/airflow/example_dags/example_branch_operator_decorator.py
[2023-04-27T18:32:55.006+0300] {processor.py:743} INFO - Processing file /home/vladimir/.local/lib/python3.10/site-packages/airflow/example_dags/example_branch_operator_decorator.py for tasks to queue
[2023-04-27T18:32:55.006+0300] {logging_mixin.py:137} INFO - [2023-04-27T18:32:55.006+0300] {dagbag.py:532} INFO - Filling up the DagBag from /home/vladimir/.local/lib/python3.10/site-packages/airflow/example_dags/example_branch_operator_decorator.py
[2023-04-27T18:32:55.024+0300] {processor.py:753} INFO - DAG(s) dict_keys(['example_branch_python_operator_decorator']) retrieved from /home/vladimir/.local/lib/python3.10/site-packages/airflow/example_dags/example_branch_operator_decorator.py
[2023-04-27T18:32:55.039+0300] {logging_mixin.py:137} INFO - [2023-04-27T18:32:55.039+0300] {dag.py:2705} INFO - Sync 1 DAGs
[2023-04-27T18:32:55.052+0300] {logging_mixin.py:137} INFO - [2023-04-27T18:32:55.052+0300] {dag.py:3452} INFO - Setting next_dagrun for example_branch_python_operator_decorator to 2023-04-26T00:00:00+00:00, run_after=2023-04-27T00:00:00+00:00
[2023-04-27T18:32:55.067+0300] {processor.py:175} INFO - Processing /home/vladimir/.local/lib/python3.10/site-packages/airflow/example_dags/example_branch_operator_decorator.py took 0.064 seconds
[2023-04-27T18:33:49.314+0300] {processor.py:153} INFO - Started process (PID=6944) to work on /home/vladimir/.local/lib/python3.10/site-packages/airflow/example_dags/example_branch_operator_decorator.py
[2023-04-27T18:33:49.315+0300] {processor.py:743} INFO - Processing file /home/vladimir/.local/lib/python3.10/site-packages/airflow/example_dags/example_branch_operator_decorator.py for tasks to queue
[2023-04-27T18:33:49.316+0300] {logging_mixin.py:137} INFO - [2023-04-27T18:33:49.316+0300] {dagbag.py:532} INFO - Filling up the DagBag from /home/vladimir/.local/lib/python3.10/site-packages/airflow/example_dags/example_branch_operator_decorator.py
[2023-04-27T18:33:49.339+0300] {processor.py:753} INFO - DAG(s) dict_keys(['example_branch_python_operator_decorator']) retrieved from /home/vladimir/.local/lib/python3.10/site-packages/airflow/example_dags/example_branch_operator_decorator.py
[2023-04-27T18:33:49.356+0300] {logging_mixin.py:137} INFO - [2023-04-27T18:33:49.356+0300] {dag.py:2705} INFO - Sync 1 DAGs
[2023-04-27T18:33:49.371+0300] {logging_mixin.py:137} INFO - [2023-04-27T18:33:49.371+0300] {dag.py:3452} INFO - Setting next_dagrun for example_branch_python_operator_decorator to 2023-04-26T00:00:00+00:00, run_after=2023-04-27T00:00:00+00:00
[2023-04-27T18:33:49.385+0300] {processor.py:175} INFO - Processing /home/vladimir/.local/lib/python3.10/site-packages/airflow/example_dags/example_branch_operator_decorator.py took 0.073 seconds
[2023-04-27T18:34:36.057+0300] {processor.py:153} INFO - Started process (PID=7030) to work on /home/vladimir/.local/lib/python3.10/site-packages/airflow/example_dags/example_branch_operator_decorator.py
[2023-04-27T18:34:36.057+0300] {processor.py:743} INFO - Processing file /home/vladimir/.local/lib/python3.10/site-packages/airflow/example_dags/example_branch_operator_decorator.py for tasks to queue
[2023-04-27T18:34:36.058+0300] {logging_mixin.py:137} INFO - [2023-04-27T18:34:36.058+0300] {dagbag.py:532} INFO - Filling up the DagBag from /home/vladimir/.local/lib/python3.10/site-packages/airflow/example_dags/example_branch_operator_decorator.py
[2023-04-27T18:34:36.075+0300] {processor.py:753} INFO - DAG(s) dict_keys(['example_branch_python_operator_decorator']) retrieved from /home/vladimir/.local/lib/python3.10/site-packages/airflow/example_dags/example_branch_operator_decorator.py
[2023-04-27T18:34:36.090+0300] {logging_mixin.py:137} INFO - [2023-04-27T18:34:36.089+0300] {dag.py:2705} INFO - Sync 1 DAGs
[2023-04-27T18:34:36.102+0300] {logging_mixin.py:137} INFO - [2023-04-27T18:34:36.102+0300] {dag.py:3452} INFO - Setting next_dagrun for example_branch_python_operator_decorator to 2023-04-26T00:00:00+00:00, run_after=2023-04-27T00:00:00+00:00
[2023-04-27T18:34:36.116+0300] {processor.py:175} INFO - Processing /home/vladimir/.local/lib/python3.10/site-packages/airflow/example_dags/example_branch_operator_decorator.py took 0.061 seconds
[2023-04-27T18:35:24.128+0300] {processor.py:153} INFO - Started process (PID=7377) to work on /home/vladimir/.local/lib/python3.10/site-packages/airflow/example_dags/example_branch_operator_decorator.py
[2023-04-27T18:35:24.130+0300] {processor.py:743} INFO - Processing file /home/vladimir/.local/lib/python3.10/site-packages/airflow/example_dags/example_branch_operator_decorator.py for tasks to queue
[2023-04-27T18:35:24.131+0300] {logging_mixin.py:137} INFO - [2023-04-27T18:35:24.131+0300] {dagbag.py:532} INFO - Filling up the DagBag from /home/vladimir/.local/lib/python3.10/site-packages/airflow/example_dags/example_branch_operator_decorator.py
[2023-04-27T18:35:24.148+0300] {processor.py:753} INFO - DAG(s) dict_keys(['example_branch_python_operator_decorator']) retrieved from /home/vladimir/.local/lib/python3.10/site-packages/airflow/example_dags/example_branch_operator_decorator.py
[2023-04-27T18:35:24.164+0300] {logging_mixin.py:137} INFO - [2023-04-27T18:35:24.164+0300] {dag.py:2705} INFO - Sync 1 DAGs
[2023-04-27T18:35:24.179+0300] {logging_mixin.py:137} INFO - [2023-04-27T18:35:24.179+0300] {dag.py:3452} INFO - Setting next_dagrun for example_branch_python_operator_decorator to 2023-04-26T00:00:00+00:00, run_after=2023-04-27T00:00:00+00:00
[2023-04-27T18:35:24.193+0300] {processor.py:175} INFO - Processing /home/vladimir/.local/lib/python3.10/site-packages/airflow/example_dags/example_branch_operator_decorator.py took 0.066 seconds
[2023-04-27T18:36:14.353+0300] {processor.py:153} INFO - Started process (PID=7519) to work on /home/vladimir/.local/lib/python3.10/site-packages/airflow/example_dags/example_branch_operator_decorator.py
[2023-04-27T18:36:14.353+0300] {processor.py:743} INFO - Processing file /home/vladimir/.local/lib/python3.10/site-packages/airflow/example_dags/example_branch_operator_decorator.py for tasks to queue
[2023-04-27T18:36:14.354+0300] {logging_mixin.py:137} INFO - [2023-04-27T18:36:14.354+0300] {dagbag.py:532} INFO - Filling up the DagBag from /home/vladimir/.local/lib/python3.10/site-packages/airflow/example_dags/example_branch_operator_decorator.py
[2023-04-27T18:36:14.372+0300] {processor.py:753} INFO - DAG(s) dict_keys(['example_branch_python_operator_decorator']) retrieved from /home/vladimir/.local/lib/python3.10/site-packages/airflow/example_dags/example_branch_operator_decorator.py
[2023-04-27T18:36:14.386+0300] {logging_mixin.py:137} INFO - [2023-04-27T18:36:14.386+0300] {dag.py:2705} INFO - Sync 1 DAGs
[2023-04-27T18:36:14.402+0300] {logging_mixin.py:137} INFO - [2023-04-27T18:36:14.401+0300] {dag.py:3452} INFO - Setting next_dagrun for example_branch_python_operator_decorator to 2023-04-26T00:00:00+00:00, run_after=2023-04-27T00:00:00+00:00
[2023-04-27T18:36:14.415+0300] {processor.py:175} INFO - Processing /home/vladimir/.local/lib/python3.10/site-packages/airflow/example_dags/example_branch_operator_decorator.py took 0.064 seconds
[2023-04-27T18:37:00.581+0300] {processor.py:153} INFO - Started process (PID=7608) to work on /home/vladimir/.local/lib/python3.10/site-packages/airflow/example_dags/example_branch_operator_decorator.py
[2023-04-27T18:37:00.582+0300] {processor.py:743} INFO - Processing file /home/vladimir/.local/lib/python3.10/site-packages/airflow/example_dags/example_branch_operator_decorator.py for tasks to queue
[2023-04-27T18:37:00.582+0300] {logging_mixin.py:137} INFO - [2023-04-27T18:37:00.582+0300] {dagbag.py:532} INFO - Filling up the DagBag from /home/vladimir/.local/lib/python3.10/site-packages/airflow/example_dags/example_branch_operator_decorator.py
[2023-04-27T18:37:00.601+0300] {processor.py:753} INFO - DAG(s) dict_keys(['example_branch_python_operator_decorator']) retrieved from /home/vladimir/.local/lib/python3.10/site-packages/airflow/example_dags/example_branch_operator_decorator.py
[2023-04-27T18:37:00.617+0300] {logging_mixin.py:137} INFO - [2023-04-27T18:37:00.617+0300] {dag.py:2705} INFO - Sync 1 DAGs
[2023-04-27T18:37:00.630+0300] {logging_mixin.py:137} INFO - [2023-04-27T18:37:00.630+0300] {dag.py:3452} INFO - Setting next_dagrun for example_branch_python_operator_decorator to 2023-04-26T00:00:00+00:00, run_after=2023-04-27T00:00:00+00:00
[2023-04-27T18:37:00.643+0300] {processor.py:175} INFO - Processing /home/vladimir/.local/lib/python3.10/site-packages/airflow/example_dags/example_branch_operator_decorator.py took 0.064 seconds
[2023-04-27T18:37:50.920+0300] {processor.py:153} INFO - Started process (PID=7697) to work on /home/vladimir/.local/lib/python3.10/site-packages/airflow/example_dags/example_branch_operator_decorator.py
[2023-04-27T18:37:50.921+0300] {processor.py:743} INFO - Processing file /home/vladimir/.local/lib/python3.10/site-packages/airflow/example_dags/example_branch_operator_decorator.py for tasks to queue
[2023-04-27T18:37:50.922+0300] {logging_mixin.py:137} INFO - [2023-04-27T18:37:50.922+0300] {dagbag.py:532} INFO - Filling up the DagBag from /home/vladimir/.local/lib/python3.10/site-packages/airflow/example_dags/example_branch_operator_decorator.py
[2023-04-27T18:37:50.940+0300] {processor.py:753} INFO - DAG(s) dict_keys(['example_branch_python_operator_decorator']) retrieved from /home/vladimir/.local/lib/python3.10/site-packages/airflow/example_dags/example_branch_operator_decorator.py
[2023-04-27T18:37:50.955+0300] {logging_mixin.py:137} INFO - [2023-04-27T18:37:50.955+0300] {dag.py:2705} INFO - Sync 1 DAGs
[2023-04-27T18:37:50.969+0300] {logging_mixin.py:137} INFO - [2023-04-27T18:37:50.969+0300] {dag.py:3452} INFO - Setting next_dagrun for example_branch_python_operator_decorator to 2023-04-26T00:00:00+00:00, run_after=2023-04-27T00:00:00+00:00
[2023-04-27T18:37:50.981+0300] {processor.py:175} INFO - Processing /home/vladimir/.local/lib/python3.10/site-packages/airflow/example_dags/example_branch_operator_decorator.py took 0.063 seconds
[2023-04-27T18:38:37.102+0300] {processor.py:153} INFO - Started process (PID=8043) to work on /home/vladimir/.local/lib/python3.10/site-packages/airflow/example_dags/example_branch_operator_decorator.py
[2023-04-27T18:38:37.103+0300] {processor.py:743} INFO - Processing file /home/vladimir/.local/lib/python3.10/site-packages/airflow/example_dags/example_branch_operator_decorator.py for tasks to queue
[2023-04-27T18:38:37.103+0300] {logging_mixin.py:137} INFO - [2023-04-27T18:38:37.103+0300] {dagbag.py:532} INFO - Filling up the DagBag from /home/vladimir/.local/lib/python3.10/site-packages/airflow/example_dags/example_branch_operator_decorator.py
[2023-04-27T18:38:37.125+0300] {processor.py:753} INFO - DAG(s) dict_keys(['example_branch_python_operator_decorator']) retrieved from /home/vladimir/.local/lib/python3.10/site-packages/airflow/example_dags/example_branch_operator_decorator.py
[2023-04-27T18:38:37.139+0300] {logging_mixin.py:137} INFO - [2023-04-27T18:38:37.139+0300] {dag.py:2705} INFO - Sync 1 DAGs
[2023-04-27T18:38:37.152+0300] {logging_mixin.py:137} INFO - [2023-04-27T18:38:37.152+0300] {dag.py:3452} INFO - Setting next_dagrun for example_branch_python_operator_decorator to 2023-04-26T00:00:00+00:00, run_after=2023-04-27T00:00:00+00:00
[2023-04-27T18:38:37.165+0300] {processor.py:175} INFO - Processing /home/vladimir/.local/lib/python3.10/site-packages/airflow/example_dags/example_branch_operator_decorator.py took 0.066 seconds
[2023-04-27T18:39:28.540+0300] {processor.py:153} INFO - Started process (PID=8145) to work on /home/vladimir/.local/lib/python3.10/site-packages/airflow/example_dags/example_branch_operator_decorator.py
[2023-04-27T18:39:28.541+0300] {processor.py:743} INFO - Processing file /home/vladimir/.local/lib/python3.10/site-packages/airflow/example_dags/example_branch_operator_decorator.py for tasks to queue
[2023-04-27T18:39:28.542+0300] {logging_mixin.py:137} INFO - [2023-04-27T18:39:28.542+0300] {dagbag.py:532} INFO - Filling up the DagBag from /home/vladimir/.local/lib/python3.10/site-packages/airflow/example_dags/example_branch_operator_decorator.py
[2023-04-27T18:39:28.559+0300] {processor.py:753} INFO - DAG(s) dict_keys(['example_branch_python_operator_decorator']) retrieved from /home/vladimir/.local/lib/python3.10/site-packages/airflow/example_dags/example_branch_operator_decorator.py
[2023-04-27T18:39:28.573+0300] {logging_mixin.py:137} INFO - [2023-04-27T18:39:28.573+0300] {dag.py:2705} INFO - Sync 1 DAGs
[2023-04-27T18:39:28.585+0300] {logging_mixin.py:137} INFO - [2023-04-27T18:39:28.585+0300] {dag.py:3452} INFO - Setting next_dagrun for example_branch_python_operator_decorator to 2023-04-26T00:00:00+00:00, run_after=2023-04-27T00:00:00+00:00
[2023-04-27T18:39:28.602+0300] {processor.py:175} INFO - Processing /home/vladimir/.local/lib/python3.10/site-packages/airflow/example_dags/example_branch_operator_decorator.py took 0.064 seconds
[2023-04-27T18:40:19.682+0300] {processor.py:153} INFO - Started process (PID=8260) to work on /home/vladimir/.local/lib/python3.10/site-packages/airflow/example_dags/example_branch_operator_decorator.py
[2023-04-27T18:40:19.683+0300] {processor.py:743} INFO - Processing file /home/vladimir/.local/lib/python3.10/site-packages/airflow/example_dags/example_branch_operator_decorator.py for tasks to queue
[2023-04-27T18:40:19.684+0300] {logging_mixin.py:137} INFO - [2023-04-27T18:40:19.684+0300] {dagbag.py:532} INFO - Filling up the DagBag from /home/vladimir/.local/lib/python3.10/site-packages/airflow/example_dags/example_branch_operator_decorator.py
[2023-04-27T18:40:19.701+0300] {processor.py:753} INFO - DAG(s) dict_keys(['example_branch_python_operator_decorator']) retrieved from /home/vladimir/.local/lib/python3.10/site-packages/airflow/example_dags/example_branch_operator_decorator.py
[2023-04-27T18:40:19.716+0300] {logging_mixin.py:137} INFO - [2023-04-27T18:40:19.716+0300] {dag.py:2705} INFO - Sync 1 DAGs
[2023-04-27T18:40:19.729+0300] {logging_mixin.py:137} INFO - [2023-04-27T18:40:19.729+0300] {dag.py:3452} INFO - Setting next_dagrun for example_branch_python_operator_decorator to 2023-04-26T00:00:00+00:00, run_after=2023-04-27T00:00:00+00:00
[2023-04-27T18:40:19.739+0300] {processor.py:175} INFO - Processing /home/vladimir/.local/lib/python3.10/site-packages/airflow/example_dags/example_branch_operator_decorator.py took 0.060 seconds
[2023-04-27T18:41:37.520+0300] {processor.py:153} INFO - Started process (PID=3417) to work on /home/vladimir/.local/lib/python3.10/site-packages/airflow/example_dags/example_branch_operator_decorator.py
[2023-04-27T18:41:37.521+0300] {processor.py:743} INFO - Processing file /home/vladimir/.local/lib/python3.10/site-packages/airflow/example_dags/example_branch_operator_decorator.py for tasks to queue
[2023-04-27T18:41:37.522+0300] {logging_mixin.py:137} INFO - [2023-04-27T18:41:37.521+0300] {dagbag.py:532} INFO - Filling up the DagBag from /home/vladimir/.local/lib/python3.10/site-packages/airflow/example_dags/example_branch_operator_decorator.py
[2023-04-27T18:41:37.541+0300] {processor.py:753} INFO - DAG(s) dict_keys(['example_branch_python_operator_decorator']) retrieved from /home/vladimir/.local/lib/python3.10/site-packages/airflow/example_dags/example_branch_operator_decorator.py
[2023-04-27T18:41:37.555+0300] {logging_mixin.py:137} INFO - [2023-04-27T18:41:37.555+0300] {dag.py:2705} INFO - Sync 1 DAGs
[2023-04-27T18:41:37.568+0300] {logging_mixin.py:137} INFO - [2023-04-27T18:41:37.568+0300] {dag.py:3452} INFO - Setting next_dagrun for example_branch_python_operator_decorator to 2023-04-26T00:00:00+00:00, run_after=2023-04-27T00:00:00+00:00
[2023-04-27T18:41:37.579+0300] {processor.py:175} INFO - Processing /home/vladimir/.local/lib/python3.10/site-packages/airflow/example_dags/example_branch_operator_decorator.py took 0.062 seconds
[2023-04-27T18:42:24.863+0300] {processor.py:153} INFO - Started process (PID=4404) to work on /home/vladimir/.local/lib/python3.10/site-packages/airflow/example_dags/example_branch_operator_decorator.py
[2023-04-27T18:42:24.865+0300] {processor.py:743} INFO - Processing file /home/vladimir/.local/lib/python3.10/site-packages/airflow/example_dags/example_branch_operator_decorator.py for tasks to queue
[2023-04-27T18:42:24.865+0300] {logging_mixin.py:137} INFO - [2023-04-27T18:42:24.865+0300] {dagbag.py:532} INFO - Filling up the DagBag from /home/vladimir/.local/lib/python3.10/site-packages/airflow/example_dags/example_branch_operator_decorator.py
[2023-04-27T18:42:24.890+0300] {processor.py:753} INFO - DAG(s) dict_keys(['example_branch_python_operator_decorator']) retrieved from /home/vladimir/.local/lib/python3.10/site-packages/airflow/example_dags/example_branch_operator_decorator.py
[2023-04-27T18:42:24.907+0300] {logging_mixin.py:137} INFO - [2023-04-27T18:42:24.907+0300] {dag.py:2705} INFO - Sync 1 DAGs
[2023-04-27T18:42:24.925+0300] {logging_mixin.py:137} INFO - [2023-04-27T18:42:24.924+0300] {dag.py:3452} INFO - Setting next_dagrun for example_branch_python_operator_decorator to 2023-04-26T00:00:00+00:00, run_after=2023-04-27T00:00:00+00:00
[2023-04-27T18:42:24.937+0300] {processor.py:175} INFO - Processing /home/vladimir/.local/lib/python3.10/site-packages/airflow/example_dags/example_branch_operator_decorator.py took 0.078 seconds
[2023-04-27T18:43:12.311+0300] {processor.py:153} INFO - Started process (PID=5114) to work on /home/vladimir/.local/lib/python3.10/site-packages/airflow/example_dags/example_branch_operator_decorator.py
[2023-04-27T18:43:12.312+0300] {processor.py:743} INFO - Processing file /home/vladimir/.local/lib/python3.10/site-packages/airflow/example_dags/example_branch_operator_decorator.py for tasks to queue
[2023-04-27T18:43:12.313+0300] {logging_mixin.py:137} INFO - [2023-04-27T18:43:12.313+0300] {dagbag.py:532} INFO - Filling up the DagBag from /home/vladimir/.local/lib/python3.10/site-packages/airflow/example_dags/example_branch_operator_decorator.py
[2023-04-27T18:43:12.330+0300] {processor.py:753} INFO - DAG(s) dict_keys(['example_branch_python_operator_decorator']) retrieved from /home/vladimir/.local/lib/python3.10/site-packages/airflow/example_dags/example_branch_operator_decorator.py
[2023-04-27T18:43:12.345+0300] {logging_mixin.py:137} INFO - [2023-04-27T18:43:12.345+0300] {dag.py:2705} INFO - Sync 1 DAGs
[2023-04-27T18:43:12.358+0300] {logging_mixin.py:137} INFO - [2023-04-27T18:43:12.358+0300] {dag.py:3452} INFO - Setting next_dagrun for example_branch_python_operator_decorator to 2023-04-26T00:00:00+00:00, run_after=2023-04-27T00:00:00+00:00
[2023-04-27T18:43:12.370+0300] {processor.py:175} INFO - Processing /home/vladimir/.local/lib/python3.10/site-packages/airflow/example_dags/example_branch_operator_decorator.py took 0.061 seconds
[2023-04-27T18:44:01.554+0300] {processor.py:153} INFO - Started process (PID=7313) to work on /home/vladimir/.local/lib/python3.10/site-packages/airflow/example_dags/example_branch_operator_decorator.py
[2023-04-27T18:44:01.555+0300] {processor.py:743} INFO - Processing file /home/vladimir/.local/lib/python3.10/site-packages/airflow/example_dags/example_branch_operator_decorator.py for tasks to queue
[2023-04-27T18:44:01.555+0300] {logging_mixin.py:137} INFO - [2023-04-27T18:44:01.555+0300] {dagbag.py:532} INFO - Filling up the DagBag from /home/vladimir/.local/lib/python3.10/site-packages/airflow/example_dags/example_branch_operator_decorator.py
[2023-04-27T18:44:01.572+0300] {processor.py:753} INFO - DAG(s) dict_keys(['example_branch_python_operator_decorator']) retrieved from /home/vladimir/.local/lib/python3.10/site-packages/airflow/example_dags/example_branch_operator_decorator.py
[2023-04-27T18:44:01.588+0300] {logging_mixin.py:137} INFO - [2023-04-27T18:44:01.588+0300] {dag.py:2705} INFO - Sync 1 DAGs
[2023-04-27T18:44:01.604+0300] {logging_mixin.py:137} INFO - [2023-04-27T18:44:01.603+0300] {dag.py:3452} INFO - Setting next_dagrun for example_branch_python_operator_decorator to 2023-04-26T00:00:00+00:00, run_after=2023-04-27T00:00:00+00:00
[2023-04-27T18:44:01.618+0300] {processor.py:175} INFO - Processing /home/vladimir/.local/lib/python3.10/site-packages/airflow/example_dags/example_branch_operator_decorator.py took 0.079 seconds
[2023-04-27T18:44:44.576+0300] {processor.py:153} INFO - Started process (PID=9241) to work on /home/vladimir/.local/lib/python3.10/site-packages/airflow/example_dags/example_branch_operator_decorator.py
[2023-04-27T18:44:44.577+0300] {processor.py:743} INFO - Processing file /home/vladimir/.local/lib/python3.10/site-packages/airflow/example_dags/example_branch_operator_decorator.py for tasks to queue
[2023-04-27T18:44:44.578+0300] {logging_mixin.py:137} INFO - [2023-04-27T18:44:44.577+0300] {dagbag.py:532} INFO - Filling up the DagBag from /home/vladimir/.local/lib/python3.10/site-packages/airflow/example_dags/example_branch_operator_decorator.py
[2023-04-27T18:44:44.601+0300] {processor.py:753} INFO - DAG(s) dict_keys(['example_branch_python_operator_decorator']) retrieved from /home/vladimir/.local/lib/python3.10/site-packages/airflow/example_dags/example_branch_operator_decorator.py
[2023-04-27T18:44:44.622+0300] {logging_mixin.py:137} INFO - [2023-04-27T18:44:44.622+0300] {dag.py:2705} INFO - Sync 1 DAGs
[2023-04-27T18:44:44.639+0300] {logging_mixin.py:137} INFO - [2023-04-27T18:44:44.639+0300] {dag.py:3452} INFO - Setting next_dagrun for example_branch_python_operator_decorator to 2023-04-26T00:00:00+00:00, run_after=2023-04-27T00:00:00+00:00
[2023-04-27T18:44:44.655+0300] {processor.py:175} INFO - Processing /home/vladimir/.local/lib/python3.10/site-packages/airflow/example_dags/example_branch_operator_decorator.py took 0.082 seconds
[2023-04-27T18:45:28.436+0300] {processor.py:153} INFO - Started process (PID=10827) to work on /home/vladimir/.local/lib/python3.10/site-packages/airflow/example_dags/example_branch_operator_decorator.py
[2023-04-27T18:45:28.445+0300] {processor.py:743} INFO - Processing file /home/vladimir/.local/lib/python3.10/site-packages/airflow/example_dags/example_branch_operator_decorator.py for tasks to queue
[2023-04-27T18:45:28.446+0300] {logging_mixin.py:137} INFO - [2023-04-27T18:45:28.446+0300] {dagbag.py:532} INFO - Filling up the DagBag from /home/vladimir/.local/lib/python3.10/site-packages/airflow/example_dags/example_branch_operator_decorator.py
[2023-04-27T18:45:28.472+0300] {processor.py:753} INFO - DAG(s) dict_keys(['example_branch_python_operator_decorator']) retrieved from /home/vladimir/.local/lib/python3.10/site-packages/airflow/example_dags/example_branch_operator_decorator.py
[2023-04-27T18:45:28.505+0300] {logging_mixin.py:137} INFO - [2023-04-27T18:45:28.505+0300] {dag.py:2705} INFO - Sync 1 DAGs
[2023-04-27T18:45:28.538+0300] {logging_mixin.py:137} INFO - [2023-04-27T18:45:28.538+0300] {dag.py:3452} INFO - Setting next_dagrun for example_branch_python_operator_decorator to 2023-04-26T00:00:00+00:00, run_after=2023-04-27T00:00:00+00:00
[2023-04-27T18:45:28.562+0300] {processor.py:175} INFO - Processing /home/vladimir/.local/lib/python3.10/site-packages/airflow/example_dags/example_branch_operator_decorator.py took 0.128 seconds
[2023-04-27T18:47:14.532+0300] {processor.py:153} INFO - Started process (PID=3567) to work on /home/vladimir/.local/lib/python3.10/site-packages/airflow/example_dags/example_branch_operator_decorator.py
[2023-04-27T18:47:14.533+0300] {processor.py:743} INFO - Processing file /home/vladimir/.local/lib/python3.10/site-packages/airflow/example_dags/example_branch_operator_decorator.py for tasks to queue
[2023-04-27T18:47:14.533+0300] {logging_mixin.py:137} INFO - [2023-04-27T18:47:14.533+0300] {dagbag.py:532} INFO - Filling up the DagBag from /home/vladimir/.local/lib/python3.10/site-packages/airflow/example_dags/example_branch_operator_decorator.py
[2023-04-27T18:47:14.553+0300] {processor.py:753} INFO - DAG(s) dict_keys(['example_branch_python_operator_decorator']) retrieved from /home/vladimir/.local/lib/python3.10/site-packages/airflow/example_dags/example_branch_operator_decorator.py
[2023-04-27T18:47:14.568+0300] {logging_mixin.py:137} INFO - [2023-04-27T18:47:14.568+0300] {dag.py:2705} INFO - Sync 1 DAGs
[2023-04-27T18:47:14.582+0300] {logging_mixin.py:137} INFO - [2023-04-27T18:47:14.582+0300] {dag.py:3452} INFO - Setting next_dagrun for example_branch_python_operator_decorator to 2023-04-26T00:00:00+00:00, run_after=2023-04-27T00:00:00+00:00
[2023-04-27T18:47:14.594+0300] {processor.py:175} INFO - Processing /home/vladimir/.local/lib/python3.10/site-packages/airflow/example_dags/example_branch_operator_decorator.py took 0.065 seconds
[2023-04-27T18:48:01.868+0300] {processor.py:153} INFO - Started process (PID=4104) to work on /home/vladimir/.local/lib/python3.10/site-packages/airflow/example_dags/example_branch_operator_decorator.py
[2023-04-27T18:48:01.869+0300] {processor.py:743} INFO - Processing file /home/vladimir/.local/lib/python3.10/site-packages/airflow/example_dags/example_branch_operator_decorator.py for tasks to queue
[2023-04-27T18:48:01.869+0300] {logging_mixin.py:137} INFO - [2023-04-27T18:48:01.869+0300] {dagbag.py:532} INFO - Filling up the DagBag from /home/vladimir/.local/lib/python3.10/site-packages/airflow/example_dags/example_branch_operator_decorator.py
[2023-04-27T18:48:01.887+0300] {processor.py:753} INFO - DAG(s) dict_keys(['example_branch_python_operator_decorator']) retrieved from /home/vladimir/.local/lib/python3.10/site-packages/airflow/example_dags/example_branch_operator_decorator.py
[2023-04-27T18:48:01.901+0300] {logging_mixin.py:137} INFO - [2023-04-27T18:48:01.901+0300] {dag.py:2705} INFO - Sync 1 DAGs
[2023-04-27T18:48:01.914+0300] {logging_mixin.py:137} INFO - [2023-04-27T18:48:01.914+0300] {dag.py:3452} INFO - Setting next_dagrun for example_branch_python_operator_decorator to 2023-04-26T00:00:00+00:00, run_after=2023-04-27T00:00:00+00:00
[2023-04-27T18:48:01.926+0300] {processor.py:175} INFO - Processing /home/vladimir/.local/lib/python3.10/site-packages/airflow/example_dags/example_branch_operator_decorator.py took 0.060 seconds
[2023-04-27T18:48:45.341+0300] {processor.py:153} INFO - Started process (PID=4157) to work on /home/vladimir/.local/lib/python3.10/site-packages/airflow/example_dags/example_branch_operator_decorator.py
[2023-04-27T18:48:45.342+0300] {processor.py:743} INFO - Processing file /home/vladimir/.local/lib/python3.10/site-packages/airflow/example_dags/example_branch_operator_decorator.py for tasks to queue
[2023-04-27T18:48:45.342+0300] {logging_mixin.py:137} INFO - [2023-04-27T18:48:45.342+0300] {dagbag.py:532} INFO - Filling up the DagBag from /home/vladimir/.local/lib/python3.10/site-packages/airflow/example_dags/example_branch_operator_decorator.py
[2023-04-27T18:48:45.359+0300] {processor.py:753} INFO - DAG(s) dict_keys(['example_branch_python_operator_decorator']) retrieved from /home/vladimir/.local/lib/python3.10/site-packages/airflow/example_dags/example_branch_operator_decorator.py
[2023-04-27T18:48:45.373+0300] {logging_mixin.py:137} INFO - [2023-04-27T18:48:45.373+0300] {dag.py:2705} INFO - Sync 1 DAGs
[2023-04-27T18:48:45.389+0300] {logging_mixin.py:137} INFO - [2023-04-27T18:48:45.389+0300] {dag.py:3452} INFO - Setting next_dagrun for example_branch_python_operator_decorator to 2023-04-26T00:00:00+00:00, run_after=2023-04-27T00:00:00+00:00
[2023-04-27T18:48:45.401+0300] {processor.py:175} INFO - Processing /home/vladimir/.local/lib/python3.10/site-packages/airflow/example_dags/example_branch_operator_decorator.py took 0.062 seconds
[2023-04-27T18:49:28.146+0300] {processor.py:153} INFO - Started process (PID=4201) to work on /home/vladimir/.local/lib/python3.10/site-packages/airflow/example_dags/example_branch_operator_decorator.py
[2023-04-27T18:49:28.147+0300] {processor.py:743} INFO - Processing file /home/vladimir/.local/lib/python3.10/site-packages/airflow/example_dags/example_branch_operator_decorator.py for tasks to queue
[2023-04-27T18:49:28.147+0300] {logging_mixin.py:137} INFO - [2023-04-27T18:49:28.147+0300] {dagbag.py:532} INFO - Filling up the DagBag from /home/vladimir/.local/lib/python3.10/site-packages/airflow/example_dags/example_branch_operator_decorator.py
[2023-04-27T18:49:28.164+0300] {processor.py:753} INFO - DAG(s) dict_keys(['example_branch_python_operator_decorator']) retrieved from /home/vladimir/.local/lib/python3.10/site-packages/airflow/example_dags/example_branch_operator_decorator.py
[2023-04-27T18:49:28.179+0300] {logging_mixin.py:137} INFO - [2023-04-27T18:49:28.179+0300] {dag.py:2705} INFO - Sync 1 DAGs
[2023-04-27T18:49:28.192+0300] {logging_mixin.py:137} INFO - [2023-04-27T18:49:28.191+0300] {dag.py:3452} INFO - Setting next_dagrun for example_branch_python_operator_decorator to 2023-04-26T00:00:00+00:00, run_after=2023-04-27T00:00:00+00:00
[2023-04-27T18:49:28.203+0300] {processor.py:175} INFO - Processing /home/vladimir/.local/lib/python3.10/site-packages/airflow/example_dags/example_branch_operator_decorator.py took 0.059 seconds
[2023-04-27T18:50:19.687+0300] {processor.py:153} INFO - Started process (PID=4728) to work on /home/vladimir/.local/lib/python3.10/site-packages/airflow/example_dags/example_branch_operator_decorator.py
[2023-04-27T18:50:19.689+0300] {processor.py:743} INFO - Processing file /home/vladimir/.local/lib/python3.10/site-packages/airflow/example_dags/example_branch_operator_decorator.py for tasks to queue
[2023-04-27T18:50:19.690+0300] {logging_mixin.py:137} INFO - [2023-04-27T18:50:19.690+0300] {dagbag.py:532} INFO - Filling up the DagBag from /home/vladimir/.local/lib/python3.10/site-packages/airflow/example_dags/example_branch_operator_decorator.py
[2023-04-27T18:50:19.714+0300] {processor.py:753} INFO - DAG(s) dict_keys(['example_branch_python_operator_decorator']) retrieved from /home/vladimir/.local/lib/python3.10/site-packages/airflow/example_dags/example_branch_operator_decorator.py
[2023-04-27T18:50:19.732+0300] {logging_mixin.py:137} INFO - [2023-04-27T18:50:19.732+0300] {dag.py:2705} INFO - Sync 1 DAGs
[2023-04-27T18:50:19.747+0300] {logging_mixin.py:137} INFO - [2023-04-27T18:50:19.747+0300] {dag.py:3452} INFO - Setting next_dagrun for example_branch_python_operator_decorator to 2023-04-26T00:00:00+00:00, run_after=2023-04-27T00:00:00+00:00
[2023-04-27T18:50:19.762+0300] {processor.py:175} INFO - Processing /home/vladimir/.local/lib/python3.10/site-packages/airflow/example_dags/example_branch_operator_decorator.py took 0.077 seconds
[2023-04-27T18:51:05.174+0300] {processor.py:153} INFO - Started process (PID=5243) to work on /home/vladimir/.local/lib/python3.10/site-packages/airflow/example_dags/example_branch_operator_decorator.py
[2023-04-27T18:51:05.175+0300] {processor.py:743} INFO - Processing file /home/vladimir/.local/lib/python3.10/site-packages/airflow/example_dags/example_branch_operator_decorator.py for tasks to queue
[2023-04-27T18:51:05.176+0300] {logging_mixin.py:137} INFO - [2023-04-27T18:51:05.176+0300] {dagbag.py:532} INFO - Filling up the DagBag from /home/vladimir/.local/lib/python3.10/site-packages/airflow/example_dags/example_branch_operator_decorator.py
[2023-04-27T18:51:05.193+0300] {processor.py:753} INFO - DAG(s) dict_keys(['example_branch_python_operator_decorator']) retrieved from /home/vladimir/.local/lib/python3.10/site-packages/airflow/example_dags/example_branch_operator_decorator.py
[2023-04-27T18:51:05.208+0300] {logging_mixin.py:137} INFO - [2023-04-27T18:51:05.208+0300] {dag.py:2705} INFO - Sync 1 DAGs
[2023-04-27T18:51:05.221+0300] {logging_mixin.py:137} INFO - [2023-04-27T18:51:05.221+0300] {dag.py:3452} INFO - Setting next_dagrun for example_branch_python_operator_decorator to 2023-04-26T00:00:00+00:00, run_after=2023-04-27T00:00:00+00:00
[2023-04-27T18:51:05.235+0300] {processor.py:175} INFO - Processing /home/vladimir/.local/lib/python3.10/site-packages/airflow/example_dags/example_branch_operator_decorator.py took 0.063 seconds
[2023-04-27T18:51:51.724+0300] {processor.py:153} INFO - Started process (PID=5297) to work on /home/vladimir/.local/lib/python3.10/site-packages/airflow/example_dags/example_branch_operator_decorator.py
[2023-04-27T18:51:51.725+0300] {processor.py:743} INFO - Processing file /home/vladimir/.local/lib/python3.10/site-packages/airflow/example_dags/example_branch_operator_decorator.py for tasks to queue
[2023-04-27T18:51:51.726+0300] {logging_mixin.py:137} INFO - [2023-04-27T18:51:51.726+0300] {dagbag.py:532} INFO - Filling up the DagBag from /home/vladimir/.local/lib/python3.10/site-packages/airflow/example_dags/example_branch_operator_decorator.py
[2023-04-27T18:51:51.744+0300] {processor.py:753} INFO - DAG(s) dict_keys(['example_branch_python_operator_decorator']) retrieved from /home/vladimir/.local/lib/python3.10/site-packages/airflow/example_dags/example_branch_operator_decorator.py
[2023-04-27T18:51:51.759+0300] {logging_mixin.py:137} INFO - [2023-04-27T18:51:51.759+0300] {dag.py:2705} INFO - Sync 1 DAGs
[2023-04-27T18:51:51.772+0300] {logging_mixin.py:137} INFO - [2023-04-27T18:51:51.771+0300] {dag.py:3452} INFO - Setting next_dagrun for example_branch_python_operator_decorator to 2023-04-26T00:00:00+00:00, run_after=2023-04-27T00:00:00+00:00
[2023-04-27T18:51:51.785+0300] {processor.py:175} INFO - Processing /home/vladimir/.local/lib/python3.10/site-packages/airflow/example_dags/example_branch_operator_decorator.py took 0.063 seconds
[2023-04-27T18:52:35.797+0300] {processor.py:153} INFO - Started process (PID=5345) to work on /home/vladimir/.local/lib/python3.10/site-packages/airflow/example_dags/example_branch_operator_decorator.py
[2023-04-27T18:52:35.799+0300] {processor.py:743} INFO - Processing file /home/vladimir/.local/lib/python3.10/site-packages/airflow/example_dags/example_branch_operator_decorator.py for tasks to queue
[2023-04-27T18:52:35.799+0300] {logging_mixin.py:137} INFO - [2023-04-27T18:52:35.799+0300] {dagbag.py:532} INFO - Filling up the DagBag from /home/vladimir/.local/lib/python3.10/site-packages/airflow/example_dags/example_branch_operator_decorator.py
[2023-04-27T18:52:35.817+0300] {processor.py:753} INFO - DAG(s) dict_keys(['example_branch_python_operator_decorator']) retrieved from /home/vladimir/.local/lib/python3.10/site-packages/airflow/example_dags/example_branch_operator_decorator.py
[2023-04-27T18:52:35.831+0300] {logging_mixin.py:137} INFO - [2023-04-27T18:52:35.831+0300] {dag.py:2705} INFO - Sync 1 DAGs
[2023-04-27T18:52:35.844+0300] {logging_mixin.py:137} INFO - [2023-04-27T18:52:35.844+0300] {dag.py:3452} INFO - Setting next_dagrun for example_branch_python_operator_decorator to 2023-04-26T00:00:00+00:00, run_after=2023-04-27T00:00:00+00:00
[2023-04-27T18:52:35.857+0300] {processor.py:175} INFO - Processing /home/vladimir/.local/lib/python3.10/site-packages/airflow/example_dags/example_branch_operator_decorator.py took 0.063 seconds
[2023-04-27T18:53:23.243+0300] {processor.py:153} INFO - Started process (PID=5540) to work on /home/vladimir/.local/lib/python3.10/site-packages/airflow/example_dags/example_branch_operator_decorator.py
[2023-04-27T18:53:23.244+0300] {processor.py:743} INFO - Processing file /home/vladimir/.local/lib/python3.10/site-packages/airflow/example_dags/example_branch_operator_decorator.py for tasks to queue
[2023-04-27T18:53:23.244+0300] {logging_mixin.py:137} INFO - [2023-04-27T18:53:23.244+0300] {dagbag.py:532} INFO - Filling up the DagBag from /home/vladimir/.local/lib/python3.10/site-packages/airflow/example_dags/example_branch_operator_decorator.py
[2023-04-27T18:53:23.263+0300] {processor.py:753} INFO - DAG(s) dict_keys(['example_branch_python_operator_decorator']) retrieved from /home/vladimir/.local/lib/python3.10/site-packages/airflow/example_dags/example_branch_operator_decorator.py
[2023-04-27T18:53:23.277+0300] {logging_mixin.py:137} INFO - [2023-04-27T18:53:23.277+0300] {dag.py:2705} INFO - Sync 1 DAGs
[2023-04-27T18:53:23.290+0300] {logging_mixin.py:137} INFO - [2023-04-27T18:53:23.290+0300] {dag.py:3452} INFO - Setting next_dagrun for example_branch_python_operator_decorator to 2023-04-26T00:00:00+00:00, run_after=2023-04-27T00:00:00+00:00
[2023-04-27T18:53:23.303+0300] {processor.py:175} INFO - Processing /home/vladimir/.local/lib/python3.10/site-packages/airflow/example_dags/example_branch_operator_decorator.py took 0.063 seconds
[2023-04-27T18:54:09.352+0300] {processor.py:153} INFO - Started process (PID=5589) to work on /home/vladimir/.local/lib/python3.10/site-packages/airflow/example_dags/example_branch_operator_decorator.py
[2023-04-27T18:54:09.353+0300] {processor.py:743} INFO - Processing file /home/vladimir/.local/lib/python3.10/site-packages/airflow/example_dags/example_branch_operator_decorator.py for tasks to queue
[2023-04-27T18:54:09.354+0300] {logging_mixin.py:137} INFO - [2023-04-27T18:54:09.354+0300] {dagbag.py:532} INFO - Filling up the DagBag from /home/vladimir/.local/lib/python3.10/site-packages/airflow/example_dags/example_branch_operator_decorator.py
[2023-04-27T18:54:09.371+0300] {processor.py:753} INFO - DAG(s) dict_keys(['example_branch_python_operator_decorator']) retrieved from /home/vladimir/.local/lib/python3.10/site-packages/airflow/example_dags/example_branch_operator_decorator.py
[2023-04-27T18:54:09.385+0300] {logging_mixin.py:137} INFO - [2023-04-27T18:54:09.385+0300] {dag.py:2705} INFO - Sync 1 DAGs
[2023-04-27T18:54:09.398+0300] {logging_mixin.py:137} INFO - [2023-04-27T18:54:09.398+0300] {dag.py:3452} INFO - Setting next_dagrun for example_branch_python_operator_decorator to 2023-04-26T00:00:00+00:00, run_after=2023-04-27T00:00:00+00:00
[2023-04-27T18:54:09.410+0300] {processor.py:175} INFO - Processing /home/vladimir/.local/lib/python3.10/site-packages/airflow/example_dags/example_branch_operator_decorator.py took 0.060 seconds
[2023-04-27T18:54:57.544+0300] {processor.py:153} INFO - Started process (PID=5645) to work on /home/vladimir/.local/lib/python3.10/site-packages/airflow/example_dags/example_branch_operator_decorator.py
[2023-04-27T18:54:57.544+0300] {processor.py:743} INFO - Processing file /home/vladimir/.local/lib/python3.10/site-packages/airflow/example_dags/example_branch_operator_decorator.py for tasks to queue
[2023-04-27T18:54:57.545+0300] {logging_mixin.py:137} INFO - [2023-04-27T18:54:57.545+0300] {dagbag.py:532} INFO - Filling up the DagBag from /home/vladimir/.local/lib/python3.10/site-packages/airflow/example_dags/example_branch_operator_decorator.py
[2023-04-27T18:54:57.562+0300] {processor.py:753} INFO - DAG(s) dict_keys(['example_branch_python_operator_decorator']) retrieved from /home/vladimir/.local/lib/python3.10/site-packages/airflow/example_dags/example_branch_operator_decorator.py
[2023-04-27T18:54:57.578+0300] {logging_mixin.py:137} INFO - [2023-04-27T18:54:57.578+0300] {dag.py:2705} INFO - Sync 1 DAGs
[2023-04-27T18:54:57.590+0300] {logging_mixin.py:137} INFO - [2023-04-27T18:54:57.590+0300] {dag.py:3452} INFO - Setting next_dagrun for example_branch_python_operator_decorator to 2023-04-26T00:00:00+00:00, run_after=2023-04-27T00:00:00+00:00
[2023-04-27T18:54:57.602+0300] {processor.py:175} INFO - Processing /home/vladimir/.local/lib/python3.10/site-packages/airflow/example_dags/example_branch_operator_decorator.py took 0.061 seconds
[2023-04-27T18:55:45.328+0300] {processor.py:153} INFO - Started process (PID=5705) to work on /home/vladimir/.local/lib/python3.10/site-packages/airflow/example_dags/example_branch_operator_decorator.py
[2023-04-27T18:55:45.328+0300] {processor.py:743} INFO - Processing file /home/vladimir/.local/lib/python3.10/site-packages/airflow/example_dags/example_branch_operator_decorator.py for tasks to queue
[2023-04-27T18:55:45.329+0300] {logging_mixin.py:137} INFO - [2023-04-27T18:55:45.329+0300] {dagbag.py:532} INFO - Filling up the DagBag from /home/vladimir/.local/lib/python3.10/site-packages/airflow/example_dags/example_branch_operator_decorator.py
[2023-04-27T18:55:45.346+0300] {processor.py:753} INFO - DAG(s) dict_keys(['example_branch_python_operator_decorator']) retrieved from /home/vladimir/.local/lib/python3.10/site-packages/airflow/example_dags/example_branch_operator_decorator.py
[2023-04-27T18:55:45.360+0300] {logging_mixin.py:137} INFO - [2023-04-27T18:55:45.360+0300] {dag.py:2705} INFO - Sync 1 DAGs
[2023-04-27T18:55:45.372+0300] {logging_mixin.py:137} INFO - [2023-04-27T18:55:45.372+0300] {dag.py:3452} INFO - Setting next_dagrun for example_branch_python_operator_decorator to 2023-04-26T00:00:00+00:00, run_after=2023-04-27T00:00:00+00:00
[2023-04-27T18:55:45.384+0300] {processor.py:175} INFO - Processing /home/vladimir/.local/lib/python3.10/site-packages/airflow/example_dags/example_branch_operator_decorator.py took 0.059 seconds
[2023-04-27T18:56:28.610+0300] {processor.py:153} INFO - Started process (PID=6551) to work on /home/vladimir/.local/lib/python3.10/site-packages/airflow/example_dags/example_branch_operator_decorator.py
[2023-04-27T18:56:28.611+0300] {processor.py:743} INFO - Processing file /home/vladimir/.local/lib/python3.10/site-packages/airflow/example_dags/example_branch_operator_decorator.py for tasks to queue
[2023-04-27T18:56:28.612+0300] {logging_mixin.py:137} INFO - [2023-04-27T18:56:28.612+0300] {dagbag.py:532} INFO - Filling up the DagBag from /home/vladimir/.local/lib/python3.10/site-packages/airflow/example_dags/example_branch_operator_decorator.py
[2023-04-27T18:56:28.629+0300] {processor.py:753} INFO - DAG(s) dict_keys(['example_branch_python_operator_decorator']) retrieved from /home/vladimir/.local/lib/python3.10/site-packages/airflow/example_dags/example_branch_operator_decorator.py
[2023-04-27T18:56:28.644+0300] {logging_mixin.py:137} INFO - [2023-04-27T18:56:28.644+0300] {dag.py:2705} INFO - Sync 1 DAGs
[2023-04-27T18:56:28.658+0300] {logging_mixin.py:137} INFO - [2023-04-27T18:56:28.658+0300] {dag.py:3452} INFO - Setting next_dagrun for example_branch_python_operator_decorator to 2023-04-26T00:00:00+00:00, run_after=2023-04-27T00:00:00+00:00
[2023-04-27T18:56:28.671+0300] {processor.py:175} INFO - Processing /home/vladimir/.local/lib/python3.10/site-packages/airflow/example_dags/example_branch_operator_decorator.py took 0.063 seconds
[2023-04-27T18:57:15.024+0300] {processor.py:153} INFO - Started process (PID=6686) to work on /home/vladimir/.local/lib/python3.10/site-packages/airflow/example_dags/example_branch_operator_decorator.py
[2023-04-27T18:57:15.025+0300] {processor.py:743} INFO - Processing file /home/vladimir/.local/lib/python3.10/site-packages/airflow/example_dags/example_branch_operator_decorator.py for tasks to queue
[2023-04-27T18:57:15.026+0300] {logging_mixin.py:137} INFO - [2023-04-27T18:57:15.026+0300] {dagbag.py:532} INFO - Filling up the DagBag from /home/vladimir/.local/lib/python3.10/site-packages/airflow/example_dags/example_branch_operator_decorator.py
[2023-04-27T18:57:15.042+0300] {processor.py:753} INFO - DAG(s) dict_keys(['example_branch_python_operator_decorator']) retrieved from /home/vladimir/.local/lib/python3.10/site-packages/airflow/example_dags/example_branch_operator_decorator.py
[2023-04-27T18:57:15.056+0300] {logging_mixin.py:137} INFO - [2023-04-27T18:57:15.056+0300] {dag.py:2705} INFO - Sync 1 DAGs
[2023-04-27T18:57:15.069+0300] {logging_mixin.py:137} INFO - [2023-04-27T18:57:15.069+0300] {dag.py:3452} INFO - Setting next_dagrun for example_branch_python_operator_decorator to 2023-04-26T00:00:00+00:00, run_after=2023-04-27T00:00:00+00:00
[2023-04-27T18:57:15.079+0300] {processor.py:175} INFO - Processing /home/vladimir/.local/lib/python3.10/site-packages/airflow/example_dags/example_branch_operator_decorator.py took 0.058 seconds
[2023-04-27T18:58:07.359+0300] {processor.py:153} INFO - Started process (PID=6779) to work on /home/vladimir/.local/lib/python3.10/site-packages/airflow/example_dags/example_branch_operator_decorator.py
[2023-04-27T18:58:07.360+0300] {processor.py:743} INFO - Processing file /home/vladimir/.local/lib/python3.10/site-packages/airflow/example_dags/example_branch_operator_decorator.py for tasks to queue
[2023-04-27T18:58:07.361+0300] {logging_mixin.py:137} INFO - [2023-04-27T18:58:07.361+0300] {dagbag.py:532} INFO - Filling up the DagBag from /home/vladimir/.local/lib/python3.10/site-packages/airflow/example_dags/example_branch_operator_decorator.py
[2023-04-27T18:58:07.378+0300] {processor.py:753} INFO - DAG(s) dict_keys(['example_branch_python_operator_decorator']) retrieved from /home/vladimir/.local/lib/python3.10/site-packages/airflow/example_dags/example_branch_operator_decorator.py
[2023-04-27T18:58:07.395+0300] {logging_mixin.py:137} INFO - [2023-04-27T18:58:07.395+0300] {dag.py:2705} INFO - Sync 1 DAGs
[2023-04-27T18:58:07.411+0300] {logging_mixin.py:137} INFO - [2023-04-27T18:58:07.411+0300] {dag.py:3452} INFO - Setting next_dagrun for example_branch_python_operator_decorator to 2023-04-26T00:00:00+00:00, run_after=2023-04-27T00:00:00+00:00
[2023-04-27T18:58:07.429+0300] {processor.py:175} INFO - Processing /home/vladimir/.local/lib/python3.10/site-packages/airflow/example_dags/example_branch_operator_decorator.py took 0.072 seconds
[2023-04-27T18:58:51.102+0300] {processor.py:153} INFO - Started process (PID=6864) to work on /home/vladimir/.local/lib/python3.10/site-packages/airflow/example_dags/example_branch_operator_decorator.py
[2023-04-27T18:58:51.103+0300] {processor.py:743} INFO - Processing file /home/vladimir/.local/lib/python3.10/site-packages/airflow/example_dags/example_branch_operator_decorator.py for tasks to queue
[2023-04-27T18:58:51.104+0300] {logging_mixin.py:137} INFO - [2023-04-27T18:58:51.104+0300] {dagbag.py:532} INFO - Filling up the DagBag from /home/vladimir/.local/lib/python3.10/site-packages/airflow/example_dags/example_branch_operator_decorator.py
[2023-04-27T18:58:51.123+0300] {processor.py:753} INFO - DAG(s) dict_keys(['example_branch_python_operator_decorator']) retrieved from /home/vladimir/.local/lib/python3.10/site-packages/airflow/example_dags/example_branch_operator_decorator.py
[2023-04-27T18:58:51.138+0300] {logging_mixin.py:137} INFO - [2023-04-27T18:58:51.138+0300] {dag.py:2705} INFO - Sync 1 DAGs
[2023-04-27T18:58:51.153+0300] {logging_mixin.py:137} INFO - [2023-04-27T18:58:51.152+0300] {dag.py:3452} INFO - Setting next_dagrun for example_branch_python_operator_decorator to 2023-04-26T00:00:00+00:00, run_after=2023-04-27T00:00:00+00:00
[2023-04-27T18:58:51.166+0300] {processor.py:175} INFO - Processing /home/vladimir/.local/lib/python3.10/site-packages/airflow/example_dags/example_branch_operator_decorator.py took 0.066 seconds
[2023-04-27T18:59:40.023+0300] {processor.py:153} INFO - Started process (PID=6953) to work on /home/vladimir/.local/lib/python3.10/site-packages/airflow/example_dags/example_branch_operator_decorator.py
[2023-04-27T18:59:40.024+0300] {processor.py:743} INFO - Processing file /home/vladimir/.local/lib/python3.10/site-packages/airflow/example_dags/example_branch_operator_decorator.py for tasks to queue
[2023-04-27T18:59:40.025+0300] {logging_mixin.py:137} INFO - [2023-04-27T18:59:40.025+0300] {dagbag.py:532} INFO - Filling up the DagBag from /home/vladimir/.local/lib/python3.10/site-packages/airflow/example_dags/example_branch_operator_decorator.py
[2023-04-27T18:59:40.042+0300] {processor.py:753} INFO - DAG(s) dict_keys(['example_branch_python_operator_decorator']) retrieved from /home/vladimir/.local/lib/python3.10/site-packages/airflow/example_dags/example_branch_operator_decorator.py
[2023-04-27T18:59:40.056+0300] {logging_mixin.py:137} INFO - [2023-04-27T18:59:40.056+0300] {dag.py:2705} INFO - Sync 1 DAGs
[2023-04-27T18:59:40.070+0300] {logging_mixin.py:137} INFO - [2023-04-27T18:59:40.070+0300] {dag.py:3452} INFO - Setting next_dagrun for example_branch_python_operator_decorator to 2023-04-26T00:00:00+00:00, run_after=2023-04-27T00:00:00+00:00
[2023-04-27T18:59:40.082+0300] {processor.py:175} INFO - Processing /home/vladimir/.local/lib/python3.10/site-packages/airflow/example_dags/example_branch_operator_decorator.py took 0.060 seconds
[2023-04-27T19:00:27.424+0300] {processor.py:153} INFO - Started process (PID=7054) to work on /home/vladimir/.local/lib/python3.10/site-packages/airflow/example_dags/example_branch_operator_decorator.py
[2023-04-27T19:00:27.425+0300] {processor.py:743} INFO - Processing file /home/vladimir/.local/lib/python3.10/site-packages/airflow/example_dags/example_branch_operator_decorator.py for tasks to queue
[2023-04-27T19:00:27.426+0300] {logging_mixin.py:137} INFO - [2023-04-27T19:00:27.426+0300] {dagbag.py:532} INFO - Filling up the DagBag from /home/vladimir/.local/lib/python3.10/site-packages/airflow/example_dags/example_branch_operator_decorator.py
[2023-04-27T19:00:27.444+0300] {processor.py:753} INFO - DAG(s) dict_keys(['example_branch_python_operator_decorator']) retrieved from /home/vladimir/.local/lib/python3.10/site-packages/airflow/example_dags/example_branch_operator_decorator.py
[2023-04-27T19:00:27.461+0300] {logging_mixin.py:137} INFO - [2023-04-27T19:00:27.461+0300] {dag.py:2705} INFO - Sync 1 DAGs
[2023-04-27T19:00:27.474+0300] {logging_mixin.py:137} INFO - [2023-04-27T19:00:27.474+0300] {dag.py:3452} INFO - Setting next_dagrun for example_branch_python_operator_decorator to 2023-04-26T00:00:00+00:00, run_after=2023-04-27T00:00:00+00:00
[2023-04-27T19:00:27.488+0300] {processor.py:175} INFO - Processing /home/vladimir/.local/lib/python3.10/site-packages/airflow/example_dags/example_branch_operator_decorator.py took 0.065 seconds
[2023-04-27T19:01:12.807+0300] {processor.py:153} INFO - Started process (PID=7168) to work on /home/vladimir/.local/lib/python3.10/site-packages/airflow/example_dags/example_branch_operator_decorator.py
[2023-04-27T19:01:12.808+0300] {processor.py:743} INFO - Processing file /home/vladimir/.local/lib/python3.10/site-packages/airflow/example_dags/example_branch_operator_decorator.py for tasks to queue
[2023-04-27T19:01:12.809+0300] {logging_mixin.py:137} INFO - [2023-04-27T19:01:12.808+0300] {dagbag.py:532} INFO - Filling up the DagBag from /home/vladimir/.local/lib/python3.10/site-packages/airflow/example_dags/example_branch_operator_decorator.py
[2023-04-27T19:01:12.826+0300] {processor.py:753} INFO - DAG(s) dict_keys(['example_branch_python_operator_decorator']) retrieved from /home/vladimir/.local/lib/python3.10/site-packages/airflow/example_dags/example_branch_operator_decorator.py
[2023-04-27T19:01:12.841+0300] {logging_mixin.py:137} INFO - [2023-04-27T19:01:12.840+0300] {dag.py:2705} INFO - Sync 1 DAGs
[2023-04-27T19:01:12.853+0300] {logging_mixin.py:137} INFO - [2023-04-27T19:01:12.853+0300] {dag.py:3452} INFO - Setting next_dagrun for example_branch_python_operator_decorator to 2023-04-26T00:00:00+00:00, run_after=2023-04-27T00:00:00+00:00
[2023-04-27T19:01:12.866+0300] {processor.py:175} INFO - Processing /home/vladimir/.local/lib/python3.10/site-packages/airflow/example_dags/example_branch_operator_decorator.py took 0.061 seconds
