[2023-04-27T18:25:39.242+0300] {processor.py:153} INFO - Started process (PID=5879) to work on /home/vladimir/.local/lib/python3.10/site-packages/airflow/example_dags/example_task_group_decorator.py
[2023-04-27T18:25:39.243+0300] {processor.py:743} INFO - Processing file /home/vladimir/.local/lib/python3.10/site-packages/airflow/example_dags/example_task_group_decorator.py for tasks to queue
[2023-04-27T18:25:39.243+0300] {logging_mixin.py:137} INFO - [2023-04-27T18:25:39.243+0300] {dagbag.py:532} INFO - Filling up the DagBag from /home/vladimir/.local/lib/python3.10/site-packages/airflow/example_dags/example_task_group_decorator.py
[2023-04-27T18:25:39.264+0300] {processor.py:753} INFO - DAG(s) dict_keys(['example_task_group_decorator']) retrieved from /home/vladimir/.local/lib/python3.10/site-packages/airflow/example_dags/example_task_group_decorator.py
[2023-04-27T18:25:39.331+0300] {logging_mixin.py:137} INFO - [2023-04-27T18:25:39.331+0300] {manager.py:504} INFO - Created Permission View: can read on DAG:example_task_group_decorator
[2023-04-27T18:25:39.336+0300] {logging_mixin.py:137} INFO - [2023-04-27T18:25:39.336+0300] {manager.py:504} INFO - Created Permission View: can delete on DAG:example_task_group_decorator
[2023-04-27T18:25:39.340+0300] {logging_mixin.py:137} INFO - [2023-04-27T18:25:39.340+0300] {manager.py:504} INFO - Created Permission View: can edit on DAG:example_task_group_decorator
[2023-04-27T18:25:39.340+0300] {logging_mixin.py:137} INFO - [2023-04-27T18:25:39.340+0300] {dag.py:2705} INFO - Sync 1 DAGs
[2023-04-27T18:25:39.347+0300] {logging_mixin.py:137} INFO - [2023-04-27T18:25:39.347+0300] {dag.py:2726} INFO - Creating ORM DAG for example_task_group_decorator
[2023-04-27T18:25:39.354+0300] {logging_mixin.py:137} INFO - [2023-04-27T18:25:39.354+0300] {dag.py:3452} INFO - Setting next_dagrun for example_task_group_decorator to 2023-04-26T15:25:39.354146+00:00, run_after=2023-04-27T15:25:39.354146+00:00
[2023-04-27T18:25:39.366+0300] {processor.py:175} INFO - Processing /home/vladimir/.local/lib/python3.10/site-packages/airflow/example_dags/example_task_group_decorator.py took 0.125 seconds
[2023-04-27T18:26:26.771+0300] {processor.py:153} INFO - Started process (PID=6004) to work on /home/vladimir/.local/lib/python3.10/site-packages/airflow/example_dags/example_task_group_decorator.py
[2023-04-27T18:26:26.772+0300] {processor.py:743} INFO - Processing file /home/vladimir/.local/lib/python3.10/site-packages/airflow/example_dags/example_task_group_decorator.py for tasks to queue
[2023-04-27T18:26:26.773+0300] {logging_mixin.py:137} INFO - [2023-04-27T18:26:26.773+0300] {dagbag.py:532} INFO - Filling up the DagBag from /home/vladimir/.local/lib/python3.10/site-packages/airflow/example_dags/example_task_group_decorator.py
[2023-04-27T18:26:26.794+0300] {processor.py:753} INFO - DAG(s) dict_keys(['example_task_group_decorator']) retrieved from /home/vladimir/.local/lib/python3.10/site-packages/airflow/example_dags/example_task_group_decorator.py
[2023-04-27T18:26:26.810+0300] {logging_mixin.py:137} INFO - [2023-04-27T18:26:26.810+0300] {dag.py:2705} INFO - Sync 1 DAGs
[2023-04-27T18:26:26.823+0300] {logging_mixin.py:137} INFO - [2023-04-27T18:26:26.823+0300] {dag.py:3452} INFO - Setting next_dagrun for example_task_group_decorator to 2023-04-26T15:26:26.822865+00:00, run_after=2023-04-27T15:26:26.822865+00:00
[2023-04-27T18:26:26.838+0300] {processor.py:175} INFO - Processing /home/vladimir/.local/lib/python3.10/site-packages/airflow/example_dags/example_task_group_decorator.py took 0.069 seconds
[2023-04-27T18:27:08.449+0300] {processor.py:153} INFO - Started process (PID=6072) to work on /home/vladimir/.local/lib/python3.10/site-packages/airflow/example_dags/example_task_group_decorator.py
[2023-04-27T18:27:08.450+0300] {processor.py:743} INFO - Processing file /home/vladimir/.local/lib/python3.10/site-packages/airflow/example_dags/example_task_group_decorator.py for tasks to queue
[2023-04-27T18:27:08.451+0300] {logging_mixin.py:137} INFO - [2023-04-27T18:27:08.450+0300] {dagbag.py:532} INFO - Filling up the DagBag from /home/vladimir/.local/lib/python3.10/site-packages/airflow/example_dags/example_task_group_decorator.py
[2023-04-27T18:27:08.471+0300] {processor.py:753} INFO - DAG(s) dict_keys(['example_task_group_decorator']) retrieved from /home/vladimir/.local/lib/python3.10/site-packages/airflow/example_dags/example_task_group_decorator.py
[2023-04-27T18:27:08.489+0300] {logging_mixin.py:137} INFO - [2023-04-27T18:27:08.489+0300] {dag.py:2705} INFO - Sync 1 DAGs
[2023-04-27T18:27:08.502+0300] {logging_mixin.py:137} INFO - [2023-04-27T18:27:08.502+0300] {dag.py:3452} INFO - Setting next_dagrun for example_task_group_decorator to 2023-04-26T15:27:08.502332+00:00, run_after=2023-04-27T15:27:08.502332+00:00
[2023-04-27T18:27:08.516+0300] {processor.py:175} INFO - Processing /home/vladimir/.local/lib/python3.10/site-packages/airflow/example_dags/example_task_group_decorator.py took 0.070 seconds
[2023-04-27T18:27:53.118+0300] {processor.py:153} INFO - Started process (PID=6134) to work on /home/vladimir/.local/lib/python3.10/site-packages/airflow/example_dags/example_task_group_decorator.py
[2023-04-27T18:27:53.119+0300] {processor.py:743} INFO - Processing file /home/vladimir/.local/lib/python3.10/site-packages/airflow/example_dags/example_task_group_decorator.py for tasks to queue
[2023-04-27T18:27:53.119+0300] {logging_mixin.py:137} INFO - [2023-04-27T18:27:53.119+0300] {dagbag.py:532} INFO - Filling up the DagBag from /home/vladimir/.local/lib/python3.10/site-packages/airflow/example_dags/example_task_group_decorator.py
[2023-04-27T18:27:53.139+0300] {processor.py:753} INFO - DAG(s) dict_keys(['example_task_group_decorator']) retrieved from /home/vladimir/.local/lib/python3.10/site-packages/airflow/example_dags/example_task_group_decorator.py
[2023-04-27T18:27:53.156+0300] {logging_mixin.py:137} INFO - [2023-04-27T18:27:53.155+0300] {dag.py:2705} INFO - Sync 1 DAGs
[2023-04-27T18:27:53.170+0300] {logging_mixin.py:137} INFO - [2023-04-27T18:27:53.170+0300] {dag.py:3452} INFO - Setting next_dagrun for example_task_group_decorator to 2023-04-26T15:27:53.169841+00:00, run_after=2023-04-27T15:27:53.169841+00:00
[2023-04-27T18:27:53.182+0300] {processor.py:175} INFO - Processing /home/vladimir/.local/lib/python3.10/site-packages/airflow/example_dags/example_task_group_decorator.py took 0.067 seconds
[2023-04-27T18:28:40.925+0300] {processor.py:153} INFO - Started process (PID=6207) to work on /home/vladimir/.local/lib/python3.10/site-packages/airflow/example_dags/example_task_group_decorator.py
[2023-04-27T18:28:40.926+0300] {processor.py:743} INFO - Processing file /home/vladimir/.local/lib/python3.10/site-packages/airflow/example_dags/example_task_group_decorator.py for tasks to queue
[2023-04-27T18:28:40.926+0300] {logging_mixin.py:137} INFO - [2023-04-27T18:28:40.926+0300] {dagbag.py:532} INFO - Filling up the DagBag from /home/vladimir/.local/lib/python3.10/site-packages/airflow/example_dags/example_task_group_decorator.py
[2023-04-27T18:28:40.946+0300] {processor.py:753} INFO - DAG(s) dict_keys(['example_task_group_decorator']) retrieved from /home/vladimir/.local/lib/python3.10/site-packages/airflow/example_dags/example_task_group_decorator.py
[2023-04-27T18:28:40.962+0300] {logging_mixin.py:137} INFO - [2023-04-27T18:28:40.962+0300] {dag.py:2705} INFO - Sync 1 DAGs
[2023-04-27T18:28:40.973+0300] {logging_mixin.py:137} INFO - [2023-04-27T18:28:40.973+0300] {dag.py:3452} INFO - Setting next_dagrun for example_task_group_decorator to 2023-04-26T15:28:40.973471+00:00, run_after=2023-04-27T15:28:40.973471+00:00
[2023-04-27T18:28:40.987+0300] {processor.py:175} INFO - Processing /home/vladimir/.local/lib/python3.10/site-packages/airflow/example_dags/example_task_group_decorator.py took 0.064 seconds
[2023-04-27T18:29:23.027+0300] {processor.py:153} INFO - Started process (PID=6344) to work on /home/vladimir/.local/lib/python3.10/site-packages/airflow/example_dags/example_task_group_decorator.py
[2023-04-27T18:29:23.028+0300] {processor.py:743} INFO - Processing file /home/vladimir/.local/lib/python3.10/site-packages/airflow/example_dags/example_task_group_decorator.py for tasks to queue
[2023-04-27T18:29:23.029+0300] {logging_mixin.py:137} INFO - [2023-04-27T18:29:23.029+0300] {dagbag.py:532} INFO - Filling up the DagBag from /home/vladimir/.local/lib/python3.10/site-packages/airflow/example_dags/example_task_group_decorator.py
[2023-04-27T18:29:23.050+0300] {processor.py:753} INFO - DAG(s) dict_keys(['example_task_group_decorator']) retrieved from /home/vladimir/.local/lib/python3.10/site-packages/airflow/example_dags/example_task_group_decorator.py
[2023-04-27T18:29:23.065+0300] {logging_mixin.py:137} INFO - [2023-04-27T18:29:23.065+0300] {dag.py:2705} INFO - Sync 1 DAGs
[2023-04-27T18:29:23.077+0300] {logging_mixin.py:137} INFO - [2023-04-27T18:29:23.077+0300] {dag.py:3452} INFO - Setting next_dagrun for example_task_group_decorator to 2023-04-26T15:29:23.076968+00:00, run_after=2023-04-27T15:29:23.076968+00:00
[2023-04-27T18:29:23.090+0300] {processor.py:175} INFO - Processing /home/vladimir/.local/lib/python3.10/site-packages/airflow/example_dags/example_task_group_decorator.py took 0.065 seconds
[2023-04-27T18:30:09.272+0300] {processor.py:153} INFO - Started process (PID=6443) to work on /home/vladimir/.local/lib/python3.10/site-packages/airflow/example_dags/example_task_group_decorator.py
[2023-04-27T18:30:09.273+0300] {processor.py:743} INFO - Processing file /home/vladimir/.local/lib/python3.10/site-packages/airflow/example_dags/example_task_group_decorator.py for tasks to queue
[2023-04-27T18:30:09.274+0300] {logging_mixin.py:137} INFO - [2023-04-27T18:30:09.274+0300] {dagbag.py:532} INFO - Filling up the DagBag from /home/vladimir/.local/lib/python3.10/site-packages/airflow/example_dags/example_task_group_decorator.py
[2023-04-27T18:30:09.294+0300] {processor.py:753} INFO - DAG(s) dict_keys(['example_task_group_decorator']) retrieved from /home/vladimir/.local/lib/python3.10/site-packages/airflow/example_dags/example_task_group_decorator.py
[2023-04-27T18:30:09.309+0300] {logging_mixin.py:137} INFO - [2023-04-27T18:30:09.309+0300] {dag.py:2705} INFO - Sync 1 DAGs
[2023-04-27T18:30:09.320+0300] {logging_mixin.py:137} INFO - [2023-04-27T18:30:09.320+0300] {dag.py:3452} INFO - Setting next_dagrun for example_task_group_decorator to 2023-04-26T15:30:09.320349+00:00, run_after=2023-04-27T15:30:09.320349+00:00
[2023-04-27T18:30:09.334+0300] {processor.py:175} INFO - Processing /home/vladimir/.local/lib/python3.10/site-packages/airflow/example_dags/example_task_group_decorator.py took 0.064 seconds
[2023-04-27T18:30:58.082+0300] {processor.py:153} INFO - Started process (PID=6570) to work on /home/vladimir/.local/lib/python3.10/site-packages/airflow/example_dags/example_task_group_decorator.py
[2023-04-27T18:30:58.083+0300] {processor.py:743} INFO - Processing file /home/vladimir/.local/lib/python3.10/site-packages/airflow/example_dags/example_task_group_decorator.py for tasks to queue
[2023-04-27T18:30:58.084+0300] {logging_mixin.py:137} INFO - [2023-04-27T18:30:58.084+0300] {dagbag.py:532} INFO - Filling up the DagBag from /home/vladimir/.local/lib/python3.10/site-packages/airflow/example_dags/example_task_group_decorator.py
[2023-04-27T18:30:58.103+0300] {processor.py:753} INFO - DAG(s) dict_keys(['example_task_group_decorator']) retrieved from /home/vladimir/.local/lib/python3.10/site-packages/airflow/example_dags/example_task_group_decorator.py
[2023-04-27T18:30:58.118+0300] {logging_mixin.py:137} INFO - [2023-04-27T18:30:58.118+0300] {dag.py:2705} INFO - Sync 1 DAGs
[2023-04-27T18:30:58.130+0300] {logging_mixin.py:137} INFO - [2023-04-27T18:30:58.130+0300] {dag.py:3452} INFO - Setting next_dagrun for example_task_group_decorator to 2023-04-26T15:30:58.130025+00:00, run_after=2023-04-27T15:30:58.130025+00:00
[2023-04-27T18:30:58.143+0300] {processor.py:175} INFO - Processing /home/vladimir/.local/lib/python3.10/site-packages/airflow/example_dags/example_task_group_decorator.py took 0.063 seconds
[2023-04-27T18:31:48.681+0300] {processor.py:153} INFO - Started process (PID=6662) to work on /home/vladimir/.local/lib/python3.10/site-packages/airflow/example_dags/example_task_group_decorator.py
[2023-04-27T18:31:48.682+0300] {processor.py:743} INFO - Processing file /home/vladimir/.local/lib/python3.10/site-packages/airflow/example_dags/example_task_group_decorator.py for tasks to queue
[2023-04-27T18:31:48.682+0300] {logging_mixin.py:137} INFO - [2023-04-27T18:31:48.682+0300] {dagbag.py:532} INFO - Filling up the DagBag from /home/vladimir/.local/lib/python3.10/site-packages/airflow/example_dags/example_task_group_decorator.py
[2023-04-27T18:31:48.705+0300] {processor.py:753} INFO - DAG(s) dict_keys(['example_task_group_decorator']) retrieved from /home/vladimir/.local/lib/python3.10/site-packages/airflow/example_dags/example_task_group_decorator.py
[2023-04-27T18:31:48.722+0300] {logging_mixin.py:137} INFO - [2023-04-27T18:31:48.722+0300] {dag.py:2705} INFO - Sync 1 DAGs
[2023-04-27T18:31:48.736+0300] {logging_mixin.py:137} INFO - [2023-04-27T18:31:48.736+0300] {dag.py:3452} INFO - Setting next_dagrun for example_task_group_decorator to 2023-04-26T15:31:48.736269+00:00, run_after=2023-04-27T15:31:48.736269+00:00
[2023-04-27T18:31:48.750+0300] {processor.py:175} INFO - Processing /home/vladimir/.local/lib/python3.10/site-packages/airflow/example_dags/example_task_group_decorator.py took 0.072 seconds
[2023-04-27T18:32:26.910+0300] {processor.py:153} INFO - Started process (PID=6726) to work on /home/vladimir/.local/lib/python3.10/site-packages/airflow/example_dags/example_task_group_decorator.py
[2023-04-27T18:32:26.911+0300] {processor.py:743} INFO - Processing file /home/vladimir/.local/lib/python3.10/site-packages/airflow/example_dags/example_task_group_decorator.py for tasks to queue
[2023-04-27T18:32:26.911+0300] {logging_mixin.py:137} INFO - [2023-04-27T18:32:26.911+0300] {dagbag.py:532} INFO - Filling up the DagBag from /home/vladimir/.local/lib/python3.10/site-packages/airflow/example_dags/example_task_group_decorator.py
[2023-04-27T18:32:26.929+0300] {processor.py:753} INFO - DAG(s) dict_keys(['example_task_group_decorator']) retrieved from /home/vladimir/.local/lib/python3.10/site-packages/airflow/example_dags/example_task_group_decorator.py
[2023-04-27T18:32:26.945+0300] {logging_mixin.py:137} INFO - [2023-04-27T18:32:26.945+0300] {dag.py:2705} INFO - Sync 1 DAGs
[2023-04-27T18:32:26.957+0300] {logging_mixin.py:137} INFO - [2023-04-27T18:32:26.957+0300] {dag.py:3452} INFO - Setting next_dagrun for example_task_group_decorator to 2023-04-26T15:32:26.956872+00:00, run_after=2023-04-27T15:32:26.956872+00:00
[2023-04-27T18:32:26.968+0300] {processor.py:175} INFO - Processing /home/vladimir/.local/lib/python3.10/site-packages/airflow/example_dags/example_task_group_decorator.py took 0.061 seconds
[2023-04-27T18:33:15.552+0300] {processor.py:153} INFO - Started process (PID=6892) to work on /home/vladimir/.local/lib/python3.10/site-packages/airflow/example_dags/example_task_group_decorator.py
[2023-04-27T18:33:15.553+0300] {processor.py:743} INFO - Processing file /home/vladimir/.local/lib/python3.10/site-packages/airflow/example_dags/example_task_group_decorator.py for tasks to queue
[2023-04-27T18:33:15.553+0300] {logging_mixin.py:137} INFO - [2023-04-27T18:33:15.553+0300] {dagbag.py:532} INFO - Filling up the DagBag from /home/vladimir/.local/lib/python3.10/site-packages/airflow/example_dags/example_task_group_decorator.py
[2023-04-27T18:33:15.573+0300] {processor.py:753} INFO - DAG(s) dict_keys(['example_task_group_decorator']) retrieved from /home/vladimir/.local/lib/python3.10/site-packages/airflow/example_dags/example_task_group_decorator.py
[2023-04-27T18:33:15.589+0300] {logging_mixin.py:137} INFO - [2023-04-27T18:33:15.589+0300] {dag.py:2705} INFO - Sync 1 DAGs
[2023-04-27T18:33:15.601+0300] {logging_mixin.py:137} INFO - [2023-04-27T18:33:15.601+0300] {dag.py:3452} INFO - Setting next_dagrun for example_task_group_decorator to 2023-04-26T15:33:15.601172+00:00, run_after=2023-04-27T15:33:15.601172+00:00
[2023-04-27T18:33:15.615+0300] {processor.py:175} INFO - Processing /home/vladimir/.local/lib/python3.10/site-packages/airflow/example_dags/example_task_group_decorator.py took 0.066 seconds
[2023-04-27T18:33:58.065+0300] {processor.py:153} INFO - Started process (PID=6958) to work on /home/vladimir/.local/lib/python3.10/site-packages/airflow/example_dags/example_task_group_decorator.py
[2023-04-27T18:33:58.066+0300] {processor.py:743} INFO - Processing file /home/vladimir/.local/lib/python3.10/site-packages/airflow/example_dags/example_task_group_decorator.py for tasks to queue
[2023-04-27T18:33:58.066+0300] {logging_mixin.py:137} INFO - [2023-04-27T18:33:58.066+0300] {dagbag.py:532} INFO - Filling up the DagBag from /home/vladimir/.local/lib/python3.10/site-packages/airflow/example_dags/example_task_group_decorator.py
[2023-04-27T18:33:58.087+0300] {processor.py:753} INFO - DAG(s) dict_keys(['example_task_group_decorator']) retrieved from /home/vladimir/.local/lib/python3.10/site-packages/airflow/example_dags/example_task_group_decorator.py
[2023-04-27T18:33:58.105+0300] {logging_mixin.py:137} INFO - [2023-04-27T18:33:58.105+0300] {dag.py:2705} INFO - Sync 1 DAGs
[2023-04-27T18:33:58.116+0300] {logging_mixin.py:137} INFO - [2023-04-27T18:33:58.116+0300] {dag.py:3452} INFO - Setting next_dagrun for example_task_group_decorator to 2023-04-26T15:33:58.116688+00:00, run_after=2023-04-27T15:33:58.116688+00:00
[2023-04-27T18:33:58.128+0300] {processor.py:175} INFO - Processing /home/vladimir/.local/lib/python3.10/site-packages/airflow/example_dags/example_task_group_decorator.py took 0.066 seconds
[2023-04-27T18:34:44.005+0300] {processor.py:153} INFO - Started process (PID=7051) to work on /home/vladimir/.local/lib/python3.10/site-packages/airflow/example_dags/example_task_group_decorator.py
[2023-04-27T18:34:44.005+0300] {processor.py:743} INFO - Processing file /home/vladimir/.local/lib/python3.10/site-packages/airflow/example_dags/example_task_group_decorator.py for tasks to queue
[2023-04-27T18:34:44.006+0300] {logging_mixin.py:137} INFO - [2023-04-27T18:34:44.006+0300] {dagbag.py:532} INFO - Filling up the DagBag from /home/vladimir/.local/lib/python3.10/site-packages/airflow/example_dags/example_task_group_decorator.py
[2023-04-27T18:34:44.027+0300] {processor.py:753} INFO - DAG(s) dict_keys(['example_task_group_decorator']) retrieved from /home/vladimir/.local/lib/python3.10/site-packages/airflow/example_dags/example_task_group_decorator.py
[2023-04-27T18:34:44.042+0300] {logging_mixin.py:137} INFO - [2023-04-27T18:34:44.042+0300] {dag.py:2705} INFO - Sync 1 DAGs
[2023-04-27T18:34:44.055+0300] {logging_mixin.py:137} INFO - [2023-04-27T18:34:44.055+0300] {dag.py:3452} INFO - Setting next_dagrun for example_task_group_decorator to 2023-04-26T15:34:44.054856+00:00, run_after=2023-04-27T15:34:44.054856+00:00
[2023-04-27T18:34:44.068+0300] {processor.py:175} INFO - Processing /home/vladimir/.local/lib/python3.10/site-packages/airflow/example_dags/example_task_group_decorator.py took 0.065 seconds
[2023-04-27T18:35:31.534+0300] {processor.py:153} INFO - Started process (PID=7390) to work on /home/vladimir/.local/lib/python3.10/site-packages/airflow/example_dags/example_task_group_decorator.py
[2023-04-27T18:35:31.535+0300] {processor.py:743} INFO - Processing file /home/vladimir/.local/lib/python3.10/site-packages/airflow/example_dags/example_task_group_decorator.py for tasks to queue
[2023-04-27T18:35:31.535+0300] {logging_mixin.py:137} INFO - [2023-04-27T18:35:31.535+0300] {dagbag.py:532} INFO - Filling up the DagBag from /home/vladimir/.local/lib/python3.10/site-packages/airflow/example_dags/example_task_group_decorator.py
[2023-04-27T18:35:31.557+0300] {processor.py:753} INFO - DAG(s) dict_keys(['example_task_group_decorator']) retrieved from /home/vladimir/.local/lib/python3.10/site-packages/airflow/example_dags/example_task_group_decorator.py
[2023-04-27T18:35:31.573+0300] {logging_mixin.py:137} INFO - [2023-04-27T18:35:31.573+0300] {dag.py:2705} INFO - Sync 1 DAGs
[2023-04-27T18:35:31.585+0300] {logging_mixin.py:137} INFO - [2023-04-27T18:35:31.585+0300] {dag.py:3452} INFO - Setting next_dagrun for example_task_group_decorator to 2023-04-26T15:35:31.585290+00:00, run_after=2023-04-27T15:35:31.585290+00:00
[2023-04-27T18:35:31.599+0300] {processor.py:175} INFO - Processing /home/vladimir/.local/lib/python3.10/site-packages/airflow/example_dags/example_task_group_decorator.py took 0.067 seconds
[2023-04-27T18:36:08.121+0300] {processor.py:153} INFO - Started process (PID=7508) to work on /home/vladimir/.local/lib/python3.10/site-packages/airflow/example_dags/example_task_group_decorator.py
[2023-04-27T18:36:08.122+0300] {processor.py:743} INFO - Processing file /home/vladimir/.local/lib/python3.10/site-packages/airflow/example_dags/example_task_group_decorator.py for tasks to queue
[2023-04-27T18:36:08.123+0300] {logging_mixin.py:137} INFO - [2023-04-27T18:36:08.123+0300] {dagbag.py:532} INFO - Filling up the DagBag from /home/vladimir/.local/lib/python3.10/site-packages/airflow/example_dags/example_task_group_decorator.py
[2023-04-27T18:36:08.144+0300] {processor.py:753} INFO - DAG(s) dict_keys(['example_task_group_decorator']) retrieved from /home/vladimir/.local/lib/python3.10/site-packages/airflow/example_dags/example_task_group_decorator.py
[2023-04-27T18:36:08.160+0300] {logging_mixin.py:137} INFO - [2023-04-27T18:36:08.160+0300] {dag.py:2705} INFO - Sync 1 DAGs
[2023-04-27T18:36:08.174+0300] {logging_mixin.py:137} INFO - [2023-04-27T18:36:08.173+0300] {dag.py:3452} INFO - Setting next_dagrun for example_task_group_decorator to 2023-04-26T15:36:08.173807+00:00, run_after=2023-04-27T15:36:08.173807+00:00
[2023-04-27T18:36:08.185+0300] {processor.py:175} INFO - Processing /home/vladimir/.local/lib/python3.10/site-packages/airflow/example_dags/example_task_group_decorator.py took 0.067 seconds
[2023-04-27T18:36:54.475+0300] {processor.py:153} INFO - Started process (PID=7592) to work on /home/vladimir/.local/lib/python3.10/site-packages/airflow/example_dags/example_task_group_decorator.py
[2023-04-27T18:36:54.475+0300] {processor.py:743} INFO - Processing file /home/vladimir/.local/lib/python3.10/site-packages/airflow/example_dags/example_task_group_decorator.py for tasks to queue
[2023-04-27T18:36:54.476+0300] {logging_mixin.py:137} INFO - [2023-04-27T18:36:54.476+0300] {dagbag.py:532} INFO - Filling up the DagBag from /home/vladimir/.local/lib/python3.10/site-packages/airflow/example_dags/example_task_group_decorator.py
[2023-04-27T18:36:54.495+0300] {processor.py:753} INFO - DAG(s) dict_keys(['example_task_group_decorator']) retrieved from /home/vladimir/.local/lib/python3.10/site-packages/airflow/example_dags/example_task_group_decorator.py
[2023-04-27T18:36:54.512+0300] {logging_mixin.py:137} INFO - [2023-04-27T18:36:54.512+0300] {dag.py:2705} INFO - Sync 1 DAGs
[2023-04-27T18:36:54.526+0300] {logging_mixin.py:137} INFO - [2023-04-27T18:36:54.526+0300] {dag.py:3452} INFO - Setting next_dagrun for example_task_group_decorator to 2023-04-26T15:36:54.525949+00:00, run_after=2023-04-27T15:36:54.525949+00:00
[2023-04-27T18:36:54.550+0300] {processor.py:175} INFO - Processing /home/vladimir/.local/lib/python3.10/site-packages/airflow/example_dags/example_task_group_decorator.py took 0.077 seconds
[2023-04-27T18:37:34.381+0300] {processor.py:153} INFO - Started process (PID=7669) to work on /home/vladimir/.local/lib/python3.10/site-packages/airflow/example_dags/example_task_group_decorator.py
[2023-04-27T18:37:34.382+0300] {processor.py:743} INFO - Processing file /home/vladimir/.local/lib/python3.10/site-packages/airflow/example_dags/example_task_group_decorator.py for tasks to queue
[2023-04-27T18:37:34.382+0300] {logging_mixin.py:137} INFO - [2023-04-27T18:37:34.382+0300] {dagbag.py:532} INFO - Filling up the DagBag from /home/vladimir/.local/lib/python3.10/site-packages/airflow/example_dags/example_task_group_decorator.py
[2023-04-27T18:37:34.403+0300] {processor.py:753} INFO - DAG(s) dict_keys(['example_task_group_decorator']) retrieved from /home/vladimir/.local/lib/python3.10/site-packages/airflow/example_dags/example_task_group_decorator.py
[2023-04-27T18:37:34.418+0300] {logging_mixin.py:137} INFO - [2023-04-27T18:37:34.418+0300] {dag.py:2705} INFO - Sync 1 DAGs
[2023-04-27T18:37:34.430+0300] {logging_mixin.py:137} INFO - [2023-04-27T18:37:34.430+0300] {dag.py:3452} INFO - Setting next_dagrun for example_task_group_decorator to 2023-04-26T15:37:34.430577+00:00, run_after=2023-04-27T15:37:34.430577+00:00
[2023-04-27T18:37:34.443+0300] {processor.py:175} INFO - Processing /home/vladimir/.local/lib/python3.10/site-packages/airflow/example_dags/example_task_group_decorator.py took 0.065 seconds
[2023-04-27T18:38:21.126+0300] {processor.py:153} INFO - Started process (PID=7747) to work on /home/vladimir/.local/lib/python3.10/site-packages/airflow/example_dags/example_task_group_decorator.py
[2023-04-27T18:38:21.127+0300] {processor.py:743} INFO - Processing file /home/vladimir/.local/lib/python3.10/site-packages/airflow/example_dags/example_task_group_decorator.py for tasks to queue
[2023-04-27T18:38:21.128+0300] {logging_mixin.py:137} INFO - [2023-04-27T18:38:21.128+0300] {dagbag.py:532} INFO - Filling up the DagBag from /home/vladimir/.local/lib/python3.10/site-packages/airflow/example_dags/example_task_group_decorator.py
[2023-04-27T18:38:21.147+0300] {processor.py:753} INFO - DAG(s) dict_keys(['example_task_group_decorator']) retrieved from /home/vladimir/.local/lib/python3.10/site-packages/airflow/example_dags/example_task_group_decorator.py
[2023-04-27T18:38:21.164+0300] {logging_mixin.py:137} INFO - [2023-04-27T18:38:21.164+0300] {dag.py:2705} INFO - Sync 1 DAGs
[2023-04-27T18:38:21.177+0300] {logging_mixin.py:137} INFO - [2023-04-27T18:38:21.177+0300] {dag.py:3452} INFO - Setting next_dagrun for example_task_group_decorator to 2023-04-26T15:38:21.177036+00:00, run_after=2023-04-27T15:38:21.177036+00:00
[2023-04-27T18:38:21.192+0300] {processor.py:175} INFO - Processing /home/vladimir/.local/lib/python3.10/site-packages/airflow/example_dags/example_task_group_decorator.py took 0.068 seconds
[2023-04-27T18:38:58.774+0300] {processor.py:153} INFO - Started process (PID=8082) to work on /home/vladimir/.local/lib/python3.10/site-packages/airflow/example_dags/example_task_group_decorator.py
[2023-04-27T18:38:58.775+0300] {processor.py:743} INFO - Processing file /home/vladimir/.local/lib/python3.10/site-packages/airflow/example_dags/example_task_group_decorator.py for tasks to queue
[2023-04-27T18:38:58.775+0300] {logging_mixin.py:137} INFO - [2023-04-27T18:38:58.775+0300] {dagbag.py:532} INFO - Filling up the DagBag from /home/vladimir/.local/lib/python3.10/site-packages/airflow/example_dags/example_task_group_decorator.py
[2023-04-27T18:38:58.794+0300] {processor.py:753} INFO - DAG(s) dict_keys(['example_task_group_decorator']) retrieved from /home/vladimir/.local/lib/python3.10/site-packages/airflow/example_dags/example_task_group_decorator.py
[2023-04-27T18:38:58.810+0300] {logging_mixin.py:137} INFO - [2023-04-27T18:38:58.809+0300] {dag.py:2705} INFO - Sync 1 DAGs
[2023-04-27T18:38:58.821+0300] {logging_mixin.py:137} INFO - [2023-04-27T18:38:58.821+0300] {dag.py:3452} INFO - Setting next_dagrun for example_task_group_decorator to 2023-04-26T15:38:58.821162+00:00, run_after=2023-04-27T15:38:58.821162+00:00
[2023-04-27T18:38:58.833+0300] {processor.py:175} INFO - Processing /home/vladimir/.local/lib/python3.10/site-packages/airflow/example_dags/example_task_group_decorator.py took 0.061 seconds
[2023-04-27T18:39:38.204+0300] {processor.py:153} INFO - Started process (PID=8167) to work on /home/vladimir/.local/lib/python3.10/site-packages/airflow/example_dags/example_task_group_decorator.py
[2023-04-27T18:39:38.205+0300] {processor.py:743} INFO - Processing file /home/vladimir/.local/lib/python3.10/site-packages/airflow/example_dags/example_task_group_decorator.py for tasks to queue
[2023-04-27T18:39:38.206+0300] {logging_mixin.py:137} INFO - [2023-04-27T18:39:38.206+0300] {dagbag.py:532} INFO - Filling up the DagBag from /home/vladimir/.local/lib/python3.10/site-packages/airflow/example_dags/example_task_group_decorator.py
[2023-04-27T18:39:38.225+0300] {processor.py:753} INFO - DAG(s) dict_keys(['example_task_group_decorator']) retrieved from /home/vladimir/.local/lib/python3.10/site-packages/airflow/example_dags/example_task_group_decorator.py
[2023-04-27T18:39:38.240+0300] {logging_mixin.py:137} INFO - [2023-04-27T18:39:38.240+0300] {dag.py:2705} INFO - Sync 1 DAGs
[2023-04-27T18:39:38.252+0300] {logging_mixin.py:137} INFO - [2023-04-27T18:39:38.252+0300] {dag.py:3452} INFO - Setting next_dagrun for example_task_group_decorator to 2023-04-26T15:39:38.252205+00:00, run_after=2023-04-27T15:39:38.252205+00:00
[2023-04-27T18:39:38.264+0300] {processor.py:175} INFO - Processing /home/vladimir/.local/lib/python3.10/site-packages/airflow/example_dags/example_task_group_decorator.py took 0.063 seconds
[2023-04-27T18:40:15.686+0300] {processor.py:153} INFO - Started process (PID=8251) to work on /home/vladimir/.local/lib/python3.10/site-packages/airflow/example_dags/example_task_group_decorator.py
[2023-04-27T18:40:15.687+0300] {processor.py:743} INFO - Processing file /home/vladimir/.local/lib/python3.10/site-packages/airflow/example_dags/example_task_group_decorator.py for tasks to queue
[2023-04-27T18:40:15.687+0300] {logging_mixin.py:137} INFO - [2023-04-27T18:40:15.687+0300] {dagbag.py:532} INFO - Filling up the DagBag from /home/vladimir/.local/lib/python3.10/site-packages/airflow/example_dags/example_task_group_decorator.py
[2023-04-27T18:40:15.707+0300] {processor.py:753} INFO - DAG(s) dict_keys(['example_task_group_decorator']) retrieved from /home/vladimir/.local/lib/python3.10/site-packages/airflow/example_dags/example_task_group_decorator.py
[2023-04-27T18:40:15.722+0300] {logging_mixin.py:137} INFO - [2023-04-27T18:40:15.722+0300] {dag.py:2705} INFO - Sync 1 DAGs
[2023-04-27T18:40:15.736+0300] {logging_mixin.py:137} INFO - [2023-04-27T18:40:15.735+0300] {dag.py:3452} INFO - Setting next_dagrun for example_task_group_decorator to 2023-04-26T15:40:15.735742+00:00, run_after=2023-04-27T15:40:15.735742+00:00
[2023-04-27T18:40:15.748+0300] {processor.py:175} INFO - Processing /home/vladimir/.local/lib/python3.10/site-packages/airflow/example_dags/example_task_group_decorator.py took 0.065 seconds
[2023-04-27T18:41:26.652+0300] {processor.py:153} INFO - Started process (PID=3130) to work on /home/vladimir/.local/lib/python3.10/site-packages/airflow/example_dags/example_task_group_decorator.py
[2023-04-27T18:41:26.653+0300] {processor.py:743} INFO - Processing file /home/vladimir/.local/lib/python3.10/site-packages/airflow/example_dags/example_task_group_decorator.py for tasks to queue
[2023-04-27T18:41:26.654+0300] {logging_mixin.py:137} INFO - [2023-04-27T18:41:26.654+0300] {dagbag.py:532} INFO - Filling up the DagBag from /home/vladimir/.local/lib/python3.10/site-packages/airflow/example_dags/example_task_group_decorator.py
[2023-04-27T18:41:26.676+0300] {processor.py:753} INFO - DAG(s) dict_keys(['example_task_group_decorator']) retrieved from /home/vladimir/.local/lib/python3.10/site-packages/airflow/example_dags/example_task_group_decorator.py
[2023-04-27T18:41:26.692+0300] {logging_mixin.py:137} INFO - [2023-04-27T18:41:26.692+0300] {dag.py:2705} INFO - Sync 1 DAGs
[2023-04-27T18:41:26.705+0300] {logging_mixin.py:137} INFO - [2023-04-27T18:41:26.705+0300] {dag.py:3452} INFO - Setting next_dagrun for example_task_group_decorator to 2023-04-26T15:41:26.705585+00:00, run_after=2023-04-27T15:41:26.705585+00:00
[2023-04-27T18:41:26.720+0300] {processor.py:175} INFO - Processing /home/vladimir/.local/lib/python3.10/site-packages/airflow/example_dags/example_task_group_decorator.py took 0.070 seconds
[2023-04-27T18:42:08.325+0300] {processor.py:153} INFO - Started process (PID=3721) to work on /home/vladimir/.local/lib/python3.10/site-packages/airflow/example_dags/example_task_group_decorator.py
[2023-04-27T18:42:08.326+0300] {processor.py:743} INFO - Processing file /home/vladimir/.local/lib/python3.10/site-packages/airflow/example_dags/example_task_group_decorator.py for tasks to queue
[2023-04-27T18:42:08.326+0300] {logging_mixin.py:137} INFO - [2023-04-27T18:42:08.326+0300] {dagbag.py:532} INFO - Filling up the DagBag from /home/vladimir/.local/lib/python3.10/site-packages/airflow/example_dags/example_task_group_decorator.py
[2023-04-27T18:42:08.346+0300] {processor.py:753} INFO - DAG(s) dict_keys(['example_task_group_decorator']) retrieved from /home/vladimir/.local/lib/python3.10/site-packages/airflow/example_dags/example_task_group_decorator.py
[2023-04-27T18:42:08.360+0300] {logging_mixin.py:137} INFO - [2023-04-27T18:42:08.360+0300] {dag.py:2705} INFO - Sync 1 DAGs
[2023-04-27T18:42:08.371+0300] {logging_mixin.py:137} INFO - [2023-04-27T18:42:08.371+0300] {dag.py:3452} INFO - Setting next_dagrun for example_task_group_decorator to 2023-04-26T15:42:08.371642+00:00, run_after=2023-04-27T15:42:08.371642+00:00
[2023-04-27T18:42:08.392+0300] {processor.py:175} INFO - Processing /home/vladimir/.local/lib/python3.10/site-packages/airflow/example_dags/example_task_group_decorator.py took 0.069 seconds
[2023-04-27T18:42:50.648+0300] {processor.py:153} INFO - Started process (PID=4528) to work on /home/vladimir/.local/lib/python3.10/site-packages/airflow/example_dags/example_task_group_decorator.py
[2023-04-27T18:42:50.650+0300] {processor.py:743} INFO - Processing file /home/vladimir/.local/lib/python3.10/site-packages/airflow/example_dags/example_task_group_decorator.py for tasks to queue
[2023-04-27T18:42:50.650+0300] {logging_mixin.py:137} INFO - [2023-04-27T18:42:50.650+0300] {dagbag.py:532} INFO - Filling up the DagBag from /home/vladimir/.local/lib/python3.10/site-packages/airflow/example_dags/example_task_group_decorator.py
[2023-04-27T18:42:50.671+0300] {processor.py:753} INFO - DAG(s) dict_keys(['example_task_group_decorator']) retrieved from /home/vladimir/.local/lib/python3.10/site-packages/airflow/example_dags/example_task_group_decorator.py
[2023-04-27T18:42:50.687+0300] {logging_mixin.py:137} INFO - [2023-04-27T18:42:50.686+0300] {dag.py:2705} INFO - Sync 1 DAGs
[2023-04-27T18:42:50.699+0300] {logging_mixin.py:137} INFO - [2023-04-27T18:42:50.699+0300] {dag.py:3452} INFO - Setting next_dagrun for example_task_group_decorator to 2023-04-26T15:42:50.699053+00:00, run_after=2023-04-27T15:42:50.699053+00:00
[2023-04-27T18:42:50.711+0300] {processor.py:175} INFO - Processing /home/vladimir/.local/lib/python3.10/site-packages/airflow/example_dags/example_task_group_decorator.py took 0.070 seconds
[2023-04-27T18:43:32.798+0300] {processor.py:153} INFO - Started process (PID=5205) to work on /home/vladimir/.local/lib/python3.10/site-packages/airflow/example_dags/example_task_group_decorator.py
[2023-04-27T18:43:32.800+0300] {processor.py:743} INFO - Processing file /home/vladimir/.local/lib/python3.10/site-packages/airflow/example_dags/example_task_group_decorator.py for tasks to queue
[2023-04-27T18:43:32.801+0300] {logging_mixin.py:137} INFO - [2023-04-27T18:43:32.801+0300] {dagbag.py:532} INFO - Filling up the DagBag from /home/vladimir/.local/lib/python3.10/site-packages/airflow/example_dags/example_task_group_decorator.py
[2023-04-27T18:43:32.831+0300] {processor.py:753} INFO - DAG(s) dict_keys(['example_task_group_decorator']) retrieved from /home/vladimir/.local/lib/python3.10/site-packages/airflow/example_dags/example_task_group_decorator.py
[2023-04-27T18:43:32.851+0300] {logging_mixin.py:137} INFO - [2023-04-27T18:43:32.851+0300] {dag.py:2705} INFO - Sync 1 DAGs
[2023-04-27T18:43:32.869+0300] {logging_mixin.py:137} INFO - [2023-04-27T18:43:32.869+0300] {dag.py:3452} INFO - Setting next_dagrun for example_task_group_decorator to 2023-04-26T15:43:32.869618+00:00, run_after=2023-04-27T15:43:32.869618+00:00
[2023-04-27T18:43:32.892+0300] {processor.py:175} INFO - Processing /home/vladimir/.local/lib/python3.10/site-packages/airflow/example_dags/example_task_group_decorator.py took 0.099 seconds
[2023-04-27T18:44:17.360+0300] {processor.py:153} INFO - Started process (PID=8434) to work on /home/vladimir/.local/lib/python3.10/site-packages/airflow/example_dags/example_task_group_decorator.py
[2023-04-27T18:44:17.361+0300] {processor.py:743} INFO - Processing file /home/vladimir/.local/lib/python3.10/site-packages/airflow/example_dags/example_task_group_decorator.py for tasks to queue
[2023-04-27T18:44:17.361+0300] {logging_mixin.py:137} INFO - [2023-04-27T18:44:17.361+0300] {dagbag.py:532} INFO - Filling up the DagBag from /home/vladimir/.local/lib/python3.10/site-packages/airflow/example_dags/example_task_group_decorator.py
[2023-04-27T18:44:17.388+0300] {processor.py:753} INFO - DAG(s) dict_keys(['example_task_group_decorator']) retrieved from /home/vladimir/.local/lib/python3.10/site-packages/airflow/example_dags/example_task_group_decorator.py
[2023-04-27T18:44:17.409+0300] {logging_mixin.py:137} INFO - [2023-04-27T18:44:17.409+0300] {dag.py:2705} INFO - Sync 1 DAGs
[2023-04-27T18:44:17.426+0300] {logging_mixin.py:137} INFO - [2023-04-27T18:44:17.426+0300] {dag.py:3452} INFO - Setting next_dagrun for example_task_group_decorator to 2023-04-26T15:44:17.426646+00:00, run_after=2023-04-27T15:44:17.426646+00:00
[2023-04-27T18:44:17.465+0300] {processor.py:175} INFO - Processing /home/vladimir/.local/lib/python3.10/site-packages/airflow/example_dags/example_task_group_decorator.py took 0.108 seconds
[2023-04-27T18:45:00.112+0300] {processor.py:153} INFO - Started process (PID=9405) to work on /home/vladimir/.local/lib/python3.10/site-packages/airflow/example_dags/example_task_group_decorator.py
[2023-04-27T18:45:00.113+0300] {processor.py:743} INFO - Processing file /home/vladimir/.local/lib/python3.10/site-packages/airflow/example_dags/example_task_group_decorator.py for tasks to queue
[2023-04-27T18:45:00.113+0300] {logging_mixin.py:137} INFO - [2023-04-27T18:45:00.113+0300] {dagbag.py:532} INFO - Filling up the DagBag from /home/vladimir/.local/lib/python3.10/site-packages/airflow/example_dags/example_task_group_decorator.py
[2023-04-27T18:45:00.166+0300] {processor.py:753} INFO - DAG(s) dict_keys(['example_task_group_decorator']) retrieved from /home/vladimir/.local/lib/python3.10/site-packages/airflow/example_dags/example_task_group_decorator.py
[2023-04-27T18:45:00.216+0300] {logging_mixin.py:137} INFO - [2023-04-27T18:45:00.216+0300] {dag.py:2705} INFO - Sync 1 DAGs
[2023-04-27T18:45:00.241+0300] {logging_mixin.py:137} INFO - [2023-04-27T18:45:00.240+0300] {dag.py:3452} INFO - Setting next_dagrun for example_task_group_decorator to 2023-04-26T15:45:00.240698+00:00, run_after=2023-04-27T15:45:00.240698+00:00
[2023-04-27T18:45:00.287+0300] {processor.py:175} INFO - Processing /home/vladimir/.local/lib/python3.10/site-packages/airflow/example_dags/example_task_group_decorator.py took 0.178 seconds
[2023-04-27T18:45:42.640+0300] {processor.py:153} INFO - Started process (PID=13865) to work on /home/vladimir/.local/lib/python3.10/site-packages/airflow/example_dags/example_task_group_decorator.py
[2023-04-27T18:45:42.641+0300] {processor.py:743} INFO - Processing file /home/vladimir/.local/lib/python3.10/site-packages/airflow/example_dags/example_task_group_decorator.py for tasks to queue
[2023-04-27T18:45:42.641+0300] {logging_mixin.py:137} INFO - [2023-04-27T18:45:42.641+0300] {dagbag.py:532} INFO - Filling up the DagBag from /home/vladimir/.local/lib/python3.10/site-packages/airflow/example_dags/example_task_group_decorator.py
[2023-04-27T18:45:42.666+0300] {processor.py:753} INFO - DAG(s) dict_keys(['example_task_group_decorator']) retrieved from /home/vladimir/.local/lib/python3.10/site-packages/airflow/example_dags/example_task_group_decorator.py
[2023-04-27T18:45:42.687+0300] {logging_mixin.py:137} INFO - [2023-04-27T18:45:42.686+0300] {dag.py:2705} INFO - Sync 1 DAGs
[2023-04-27T18:45:42.703+0300] {logging_mixin.py:137} INFO - [2023-04-27T18:45:42.703+0300] {dag.py:3452} INFO - Setting next_dagrun for example_task_group_decorator to 2023-04-26T15:45:42.703231+00:00, run_after=2023-04-27T15:45:42.703231+00:00
[2023-04-27T18:45:42.719+0300] {processor.py:175} INFO - Processing /home/vladimir/.local/lib/python3.10/site-packages/airflow/example_dags/example_task_group_decorator.py took 0.081 seconds
[2023-04-27T18:47:03.779+0300] {processor.py:153} INFO - Started process (PID=3081) to work on /home/vladimir/.local/lib/python3.10/site-packages/airflow/example_dags/example_task_group_decorator.py
[2023-04-27T18:47:03.780+0300] {processor.py:743} INFO - Processing file /home/vladimir/.local/lib/python3.10/site-packages/airflow/example_dags/example_task_group_decorator.py for tasks to queue
[2023-04-27T18:47:03.781+0300] {logging_mixin.py:137} INFO - [2023-04-27T18:47:03.781+0300] {dagbag.py:532} INFO - Filling up the DagBag from /home/vladimir/.local/lib/python3.10/site-packages/airflow/example_dags/example_task_group_decorator.py
[2023-04-27T18:47:03.806+0300] {processor.py:753} INFO - DAG(s) dict_keys(['example_task_group_decorator']) retrieved from /home/vladimir/.local/lib/python3.10/site-packages/airflow/example_dags/example_task_group_decorator.py
[2023-04-27T18:47:03.826+0300] {logging_mixin.py:137} INFO - [2023-04-27T18:47:03.826+0300] {dag.py:2705} INFO - Sync 1 DAGs
[2023-04-27T18:47:03.841+0300] {logging_mixin.py:137} INFO - [2023-04-27T18:47:03.841+0300] {dag.py:3452} INFO - Setting next_dagrun for example_task_group_decorator to 2023-04-26T15:47:03.840886+00:00, run_after=2023-04-27T15:47:03.840886+00:00
[2023-04-27T18:47:03.855+0300] {processor.py:175} INFO - Processing /home/vladimir/.local/lib/python3.10/site-packages/airflow/example_dags/example_task_group_decorator.py took 0.079 seconds
[2023-04-27T18:47:45.367+0300] {processor.py:153} INFO - Started process (PID=3959) to work on /home/vladimir/.local/lib/python3.10/site-packages/airflow/example_dags/example_task_group_decorator.py
[2023-04-27T18:47:45.368+0300] {processor.py:743} INFO - Processing file /home/vladimir/.local/lib/python3.10/site-packages/airflow/example_dags/example_task_group_decorator.py for tasks to queue
[2023-04-27T18:47:45.368+0300] {logging_mixin.py:137} INFO - [2023-04-27T18:47:45.368+0300] {dagbag.py:532} INFO - Filling up the DagBag from /home/vladimir/.local/lib/python3.10/site-packages/airflow/example_dags/example_task_group_decorator.py
[2023-04-27T18:47:45.389+0300] {processor.py:753} INFO - DAG(s) dict_keys(['example_task_group_decorator']) retrieved from /home/vladimir/.local/lib/python3.10/site-packages/airflow/example_dags/example_task_group_decorator.py
[2023-04-27T18:47:45.405+0300] {logging_mixin.py:137} INFO - [2023-04-27T18:47:45.405+0300] {dag.py:2705} INFO - Sync 1 DAGs
[2023-04-27T18:47:45.416+0300] {logging_mixin.py:137} INFO - [2023-04-27T18:47:45.416+0300] {dag.py:3452} INFO - Setting next_dagrun for example_task_group_decorator to 2023-04-26T15:47:45.416563+00:00, run_after=2023-04-27T15:47:45.416563+00:00
[2023-04-27T18:47:45.430+0300] {processor.py:175} INFO - Processing /home/vladimir/.local/lib/python3.10/site-packages/airflow/example_dags/example_task_group_decorator.py took 0.065 seconds
[2023-04-27T18:48:25.445+0300] {processor.py:153} INFO - Started process (PID=4133) to work on /home/vladimir/.local/lib/python3.10/site-packages/airflow/example_dags/example_task_group_decorator.py
[2023-04-27T18:48:25.445+0300] {processor.py:743} INFO - Processing file /home/vladimir/.local/lib/python3.10/site-packages/airflow/example_dags/example_task_group_decorator.py for tasks to queue
[2023-04-27T18:48:25.446+0300] {logging_mixin.py:137} INFO - [2023-04-27T18:48:25.446+0300] {dagbag.py:532} INFO - Filling up the DagBag from /home/vladimir/.local/lib/python3.10/site-packages/airflow/example_dags/example_task_group_decorator.py
[2023-04-27T18:48:25.466+0300] {processor.py:753} INFO - DAG(s) dict_keys(['example_task_group_decorator']) retrieved from /home/vladimir/.local/lib/python3.10/site-packages/airflow/example_dags/example_task_group_decorator.py
[2023-04-27T18:48:25.481+0300] {logging_mixin.py:137} INFO - [2023-04-27T18:48:25.481+0300] {dag.py:2705} INFO - Sync 1 DAGs
[2023-04-27T18:48:25.494+0300] {logging_mixin.py:137} INFO - [2023-04-27T18:48:25.494+0300] {dag.py:3452} INFO - Setting next_dagrun for example_task_group_decorator to 2023-04-26T15:48:25.493922+00:00, run_after=2023-04-27T15:48:25.493922+00:00
[2023-04-27T18:48:25.507+0300] {processor.py:175} INFO - Processing /home/vladimir/.local/lib/python3.10/site-packages/airflow/example_dags/example_task_group_decorator.py took 0.066 seconds
[2023-04-27T18:49:10.361+0300] {processor.py:153} INFO - Started process (PID=4182) to work on /home/vladimir/.local/lib/python3.10/site-packages/airflow/example_dags/example_task_group_decorator.py
[2023-04-27T18:49:10.362+0300] {processor.py:743} INFO - Processing file /home/vladimir/.local/lib/python3.10/site-packages/airflow/example_dags/example_task_group_decorator.py for tasks to queue
[2023-04-27T18:49:10.363+0300] {logging_mixin.py:137} INFO - [2023-04-27T18:49:10.362+0300] {dagbag.py:532} INFO - Filling up the DagBag from /home/vladimir/.local/lib/python3.10/site-packages/airflow/example_dags/example_task_group_decorator.py
[2023-04-27T18:49:10.383+0300] {processor.py:753} INFO - DAG(s) dict_keys(['example_task_group_decorator']) retrieved from /home/vladimir/.local/lib/python3.10/site-packages/airflow/example_dags/example_task_group_decorator.py
[2023-04-27T18:49:10.398+0300] {logging_mixin.py:137} INFO - [2023-04-27T18:49:10.398+0300] {dag.py:2705} INFO - Sync 1 DAGs
[2023-04-27T18:49:10.412+0300] {logging_mixin.py:137} INFO - [2023-04-27T18:49:10.411+0300] {dag.py:3452} INFO - Setting next_dagrun for example_task_group_decorator to 2023-04-26T15:49:10.410836+00:00, run_after=2023-04-27T15:49:10.410836+00:00
[2023-04-27T18:49:10.424+0300] {processor.py:175} INFO - Processing /home/vladimir/.local/lib/python3.10/site-packages/airflow/example_dags/example_task_group_decorator.py took 0.064 seconds
[2023-04-27T18:49:53.137+0300] {processor.py:153} INFO - Started process (PID=4480) to work on /home/vladimir/.local/lib/python3.10/site-packages/airflow/example_dags/example_task_group_decorator.py
[2023-04-27T18:49:53.137+0300] {processor.py:743} INFO - Processing file /home/vladimir/.local/lib/python3.10/site-packages/airflow/example_dags/example_task_group_decorator.py for tasks to queue
[2023-04-27T18:49:53.138+0300] {logging_mixin.py:137} INFO - [2023-04-27T18:49:53.138+0300] {dagbag.py:532} INFO - Filling up the DagBag from /home/vladimir/.local/lib/python3.10/site-packages/airflow/example_dags/example_task_group_decorator.py
[2023-04-27T18:49:53.158+0300] {processor.py:753} INFO - DAG(s) dict_keys(['example_task_group_decorator']) retrieved from /home/vladimir/.local/lib/python3.10/site-packages/airflow/example_dags/example_task_group_decorator.py
[2023-04-27T18:49:53.178+0300] {logging_mixin.py:137} INFO - [2023-04-27T18:49:53.178+0300] {dag.py:2705} INFO - Sync 1 DAGs
[2023-04-27T18:49:53.190+0300] {logging_mixin.py:137} INFO - [2023-04-27T18:49:53.190+0300] {dag.py:3452} INFO - Setting next_dagrun for example_task_group_decorator to 2023-04-26T15:49:53.190660+00:00, run_after=2023-04-27T15:49:53.190660+00:00
[2023-04-27T18:49:53.203+0300] {processor.py:175} INFO - Processing /home/vladimir/.local/lib/python3.10/site-packages/airflow/example_dags/example_task_group_decorator.py took 0.069 seconds
[2023-04-27T18:50:39.932+0300] {processor.py:153} INFO - Started process (PID=5004) to work on /home/vladimir/.local/lib/python3.10/site-packages/airflow/example_dags/example_task_group_decorator.py
[2023-04-27T18:50:39.933+0300] {processor.py:743} INFO - Processing file /home/vladimir/.local/lib/python3.10/site-packages/airflow/example_dags/example_task_group_decorator.py for tasks to queue
[2023-04-27T18:50:39.933+0300] {logging_mixin.py:137} INFO - [2023-04-27T18:50:39.933+0300] {dagbag.py:532} INFO - Filling up the DagBag from /home/vladimir/.local/lib/python3.10/site-packages/airflow/example_dags/example_task_group_decorator.py
[2023-04-27T18:50:39.977+0300] {processor.py:753} INFO - DAG(s) dict_keys(['example_task_group_decorator']) retrieved from /home/vladimir/.local/lib/python3.10/site-packages/airflow/example_dags/example_task_group_decorator.py
[2023-04-27T18:50:40.009+0300] {logging_mixin.py:137} INFO - [2023-04-27T18:50:40.009+0300] {dag.py:2705} INFO - Sync 1 DAGs
[2023-04-27T18:50:40.037+0300] {logging_mixin.py:137} INFO - [2023-04-27T18:50:40.037+0300] {dag.py:3452} INFO - Setting next_dagrun for example_task_group_decorator to 2023-04-26T15:50:40.037111+00:00, run_after=2023-04-27T15:50:40.037111+00:00
[2023-04-27T18:50:40.062+0300] {processor.py:175} INFO - Processing /home/vladimir/.local/lib/python3.10/site-packages/airflow/example_dags/example_task_group_decorator.py took 0.140 seconds
[2023-04-27T18:51:26.704+0300] {processor.py:153} INFO - Started process (PID=5265) to work on /home/vladimir/.local/lib/python3.10/site-packages/airflow/example_dags/example_task_group_decorator.py
[2023-04-27T18:51:26.706+0300] {processor.py:743} INFO - Processing file /home/vladimir/.local/lib/python3.10/site-packages/airflow/example_dags/example_task_group_decorator.py for tasks to queue
[2023-04-27T18:51:26.706+0300] {logging_mixin.py:137} INFO - [2023-04-27T18:51:26.706+0300] {dagbag.py:532} INFO - Filling up the DagBag from /home/vladimir/.local/lib/python3.10/site-packages/airflow/example_dags/example_task_group_decorator.py
[2023-04-27T18:51:26.726+0300] {processor.py:753} INFO - DAG(s) dict_keys(['example_task_group_decorator']) retrieved from /home/vladimir/.local/lib/python3.10/site-packages/airflow/example_dags/example_task_group_decorator.py
[2023-04-27T18:51:26.742+0300] {logging_mixin.py:137} INFO - [2023-04-27T18:51:26.742+0300] {dag.py:2705} INFO - Sync 1 DAGs
[2023-04-27T18:51:26.753+0300] {logging_mixin.py:137} INFO - [2023-04-27T18:51:26.753+0300] {dag.py:3452} INFO - Setting next_dagrun for example_task_group_decorator to 2023-04-26T15:51:26.753526+00:00, run_after=2023-04-27T15:51:26.753526+00:00
[2023-04-27T18:51:26.767+0300] {processor.py:175} INFO - Processing /home/vladimir/.local/lib/python3.10/site-packages/airflow/example_dags/example_task_group_decorator.py took 0.065 seconds
[2023-04-27T18:52:07.738+0300] {processor.py:153} INFO - Started process (PID=5315) to work on /home/vladimir/.local/lib/python3.10/site-packages/airflow/example_dags/example_task_group_decorator.py
[2023-04-27T18:52:07.739+0300] {processor.py:743} INFO - Processing file /home/vladimir/.local/lib/python3.10/site-packages/airflow/example_dags/example_task_group_decorator.py for tasks to queue
[2023-04-27T18:52:07.740+0300] {logging_mixin.py:137} INFO - [2023-04-27T18:52:07.740+0300] {dagbag.py:532} INFO - Filling up the DagBag from /home/vladimir/.local/lib/python3.10/site-packages/airflow/example_dags/example_task_group_decorator.py
[2023-04-27T18:52:07.759+0300] {processor.py:753} INFO - DAG(s) dict_keys(['example_task_group_decorator']) retrieved from /home/vladimir/.local/lib/python3.10/site-packages/airflow/example_dags/example_task_group_decorator.py
[2023-04-27T18:52:07.775+0300] {logging_mixin.py:137} INFO - [2023-04-27T18:52:07.774+0300] {dag.py:2705} INFO - Sync 1 DAGs
[2023-04-27T18:52:07.788+0300] {logging_mixin.py:137} INFO - [2023-04-27T18:52:07.788+0300] {dag.py:3452} INFO - Setting next_dagrun for example_task_group_decorator to 2023-04-26T15:52:07.788624+00:00, run_after=2023-04-27T15:52:07.788624+00:00
[2023-04-27T18:52:07.802+0300] {processor.py:175} INFO - Processing /home/vladimir/.local/lib/python3.10/site-packages/airflow/example_dags/example_task_group_decorator.py took 0.067 seconds
[2023-04-27T18:52:48.360+0300] {processor.py:153} INFO - Started process (PID=5358) to work on /home/vladimir/.local/lib/python3.10/site-packages/airflow/example_dags/example_task_group_decorator.py
[2023-04-27T18:52:48.361+0300] {processor.py:743} INFO - Processing file /home/vladimir/.local/lib/python3.10/site-packages/airflow/example_dags/example_task_group_decorator.py for tasks to queue
[2023-04-27T18:52:48.361+0300] {logging_mixin.py:137} INFO - [2023-04-27T18:52:48.361+0300] {dagbag.py:532} INFO - Filling up the DagBag from /home/vladimir/.local/lib/python3.10/site-packages/airflow/example_dags/example_task_group_decorator.py
[2023-04-27T18:52:48.381+0300] {processor.py:753} INFO - DAG(s) dict_keys(['example_task_group_decorator']) retrieved from /home/vladimir/.local/lib/python3.10/site-packages/airflow/example_dags/example_task_group_decorator.py
[2023-04-27T18:52:48.396+0300] {logging_mixin.py:137} INFO - [2023-04-27T18:52:48.396+0300] {dag.py:2705} INFO - Sync 1 DAGs
[2023-04-27T18:52:48.409+0300] {logging_mixin.py:137} INFO - [2023-04-27T18:52:48.409+0300] {dag.py:3452} INFO - Setting next_dagrun for example_task_group_decorator to 2023-04-26T15:52:48.408927+00:00, run_after=2023-04-27T15:52:48.408927+00:00
[2023-04-27T18:52:48.421+0300] {processor.py:175} INFO - Processing /home/vladimir/.local/lib/python3.10/site-packages/airflow/example_dags/example_task_group_decorator.py took 0.064 seconds
[2023-04-27T18:53:31.122+0300] {processor.py:153} INFO - Started process (PID=5549) to work on /home/vladimir/.local/lib/python3.10/site-packages/airflow/example_dags/example_task_group_decorator.py
[2023-04-27T18:53:31.122+0300] {processor.py:743} INFO - Processing file /home/vladimir/.local/lib/python3.10/site-packages/airflow/example_dags/example_task_group_decorator.py for tasks to queue
[2023-04-27T18:53:31.123+0300] {logging_mixin.py:137} INFO - [2023-04-27T18:53:31.123+0300] {dagbag.py:532} INFO - Filling up the DagBag from /home/vladimir/.local/lib/python3.10/site-packages/airflow/example_dags/example_task_group_decorator.py
[2023-04-27T18:53:31.142+0300] {processor.py:753} INFO - DAG(s) dict_keys(['example_task_group_decorator']) retrieved from /home/vladimir/.local/lib/python3.10/site-packages/airflow/example_dags/example_task_group_decorator.py
[2023-04-27T18:53:31.159+0300] {logging_mixin.py:137} INFO - [2023-04-27T18:53:31.159+0300] {dag.py:2705} INFO - Sync 1 DAGs
[2023-04-27T18:53:31.171+0300] {logging_mixin.py:137} INFO - [2023-04-27T18:53:31.171+0300] {dag.py:3452} INFO - Setting next_dagrun for example_task_group_decorator to 2023-04-26T15:53:31.170851+00:00, run_after=2023-04-27T15:53:31.170851+00:00
[2023-04-27T18:53:31.182+0300] {processor.py:175} INFO - Processing /home/vladimir/.local/lib/python3.10/site-packages/airflow/example_dags/example_task_group_decorator.py took 0.062 seconds
[2023-04-27T18:54:18.499+0300] {processor.py:153} INFO - Started process (PID=5599) to work on /home/vladimir/.local/lib/python3.10/site-packages/airflow/example_dags/example_task_group_decorator.py
[2023-04-27T18:54:18.500+0300] {processor.py:743} INFO - Processing file /home/vladimir/.local/lib/python3.10/site-packages/airflow/example_dags/example_task_group_decorator.py for tasks to queue
[2023-04-27T18:54:18.501+0300] {logging_mixin.py:137} INFO - [2023-04-27T18:54:18.500+0300] {dagbag.py:532} INFO - Filling up the DagBag from /home/vladimir/.local/lib/python3.10/site-packages/airflow/example_dags/example_task_group_decorator.py
[2023-04-27T18:54:18.520+0300] {processor.py:753} INFO - DAG(s) dict_keys(['example_task_group_decorator']) retrieved from /home/vladimir/.local/lib/python3.10/site-packages/airflow/example_dags/example_task_group_decorator.py
[2023-04-27T18:54:18.535+0300] {logging_mixin.py:137} INFO - [2023-04-27T18:54:18.535+0300] {dag.py:2705} INFO - Sync 1 DAGs
[2023-04-27T18:54:18.546+0300] {logging_mixin.py:137} INFO - [2023-04-27T18:54:18.546+0300] {dag.py:3452} INFO - Setting next_dagrun for example_task_group_decorator to 2023-04-26T15:54:18.546539+00:00, run_after=2023-04-27T15:54:18.546539+00:00
[2023-04-27T18:54:18.559+0300] {processor.py:175} INFO - Processing /home/vladimir/.local/lib/python3.10/site-packages/airflow/example_dags/example_task_group_decorator.py took 0.062 seconds
[2023-04-27T18:55:07.060+0300] {processor.py:153} INFO - Started process (PID=5660) to work on /home/vladimir/.local/lib/python3.10/site-packages/airflow/example_dags/example_task_group_decorator.py
[2023-04-27T18:55:07.061+0300] {processor.py:743} INFO - Processing file /home/vladimir/.local/lib/python3.10/site-packages/airflow/example_dags/example_task_group_decorator.py for tasks to queue
[2023-04-27T18:55:07.062+0300] {logging_mixin.py:137} INFO - [2023-04-27T18:55:07.062+0300] {dagbag.py:532} INFO - Filling up the DagBag from /home/vladimir/.local/lib/python3.10/site-packages/airflow/example_dags/example_task_group_decorator.py
[2023-04-27T18:55:07.081+0300] {processor.py:753} INFO - DAG(s) dict_keys(['example_task_group_decorator']) retrieved from /home/vladimir/.local/lib/python3.10/site-packages/airflow/example_dags/example_task_group_decorator.py
[2023-04-27T18:55:07.097+0300] {logging_mixin.py:137} INFO - [2023-04-27T18:55:07.097+0300] {dag.py:2705} INFO - Sync 1 DAGs
[2023-04-27T18:55:07.109+0300] {logging_mixin.py:137} INFO - [2023-04-27T18:55:07.109+0300] {dag.py:3452} INFO - Setting next_dagrun for example_task_group_decorator to 2023-04-26T15:55:07.109492+00:00, run_after=2023-04-27T15:55:07.109492+00:00
[2023-04-27T18:55:07.123+0300] {processor.py:175} INFO - Processing /home/vladimir/.local/lib/python3.10/site-packages/airflow/example_dags/example_task_group_decorator.py took 0.068 seconds
[2023-04-27T18:55:55.141+0300] {processor.py:153} INFO - Started process (PID=5715) to work on /home/vladimir/.local/lib/python3.10/site-packages/airflow/example_dags/example_task_group_decorator.py
[2023-04-27T18:55:55.142+0300] {processor.py:743} INFO - Processing file /home/vladimir/.local/lib/python3.10/site-packages/airflow/example_dags/example_task_group_decorator.py for tasks to queue
[2023-04-27T18:55:55.143+0300] {logging_mixin.py:137} INFO - [2023-04-27T18:55:55.142+0300] {dagbag.py:532} INFO - Filling up the DagBag from /home/vladimir/.local/lib/python3.10/site-packages/airflow/example_dags/example_task_group_decorator.py
[2023-04-27T18:55:55.162+0300] {processor.py:753} INFO - DAG(s) dict_keys(['example_task_group_decorator']) retrieved from /home/vladimir/.local/lib/python3.10/site-packages/airflow/example_dags/example_task_group_decorator.py
[2023-04-27T18:55:55.177+0300] {logging_mixin.py:137} INFO - [2023-04-27T18:55:55.177+0300] {dag.py:2705} INFO - Sync 1 DAGs
[2023-04-27T18:55:55.189+0300] {logging_mixin.py:137} INFO - [2023-04-27T18:55:55.189+0300] {dag.py:3452} INFO - Setting next_dagrun for example_task_group_decorator to 2023-04-26T15:55:55.189528+00:00, run_after=2023-04-27T15:55:55.189528+00:00
[2023-04-27T18:55:55.207+0300] {processor.py:175} INFO - Processing /home/vladimir/.local/lib/python3.10/site-packages/airflow/example_dags/example_task_group_decorator.py took 0.068 seconds
[2023-04-27T18:56:37.355+0300] {processor.py:153} INFO - Started process (PID=6596) to work on /home/vladimir/.local/lib/python3.10/site-packages/airflow/example_dags/example_task_group_decorator.py
[2023-04-27T18:56:37.357+0300] {processor.py:743} INFO - Processing file /home/vladimir/.local/lib/python3.10/site-packages/airflow/example_dags/example_task_group_decorator.py for tasks to queue
[2023-04-27T18:56:37.357+0300] {logging_mixin.py:137} INFO - [2023-04-27T18:56:37.357+0300] {dagbag.py:532} INFO - Filling up the DagBag from /home/vladimir/.local/lib/python3.10/site-packages/airflow/example_dags/example_task_group_decorator.py
[2023-04-27T18:56:37.378+0300] {processor.py:753} INFO - DAG(s) dict_keys(['example_task_group_decorator']) retrieved from /home/vladimir/.local/lib/python3.10/site-packages/airflow/example_dags/example_task_group_decorator.py
[2023-04-27T18:56:37.394+0300] {logging_mixin.py:137} INFO - [2023-04-27T18:56:37.394+0300] {dag.py:2705} INFO - Sync 1 DAGs
[2023-04-27T18:56:37.408+0300] {logging_mixin.py:137} INFO - [2023-04-27T18:56:37.408+0300] {dag.py:3452} INFO - Setting next_dagrun for example_task_group_decorator to 2023-04-26T15:56:37.407995+00:00, run_after=2023-04-27T15:56:37.407995+00:00
[2023-04-27T18:56:37.421+0300] {processor.py:175} INFO - Processing /home/vladimir/.local/lib/python3.10/site-packages/airflow/example_dags/example_task_group_decorator.py took 0.068 seconds
[2023-04-27T18:57:26.427+0300] {processor.py:153} INFO - Started process (PID=6706) to work on /home/vladimir/.local/lib/python3.10/site-packages/airflow/example_dags/example_task_group_decorator.py
[2023-04-27T18:57:26.428+0300] {processor.py:743} INFO - Processing file /home/vladimir/.local/lib/python3.10/site-packages/airflow/example_dags/example_task_group_decorator.py for tasks to queue
[2023-04-27T18:57:26.429+0300] {logging_mixin.py:137} INFO - [2023-04-27T18:57:26.429+0300] {dagbag.py:532} INFO - Filling up the DagBag from /home/vladimir/.local/lib/python3.10/site-packages/airflow/example_dags/example_task_group_decorator.py
[2023-04-27T18:57:26.448+0300] {processor.py:753} INFO - DAG(s) dict_keys(['example_task_group_decorator']) retrieved from /home/vladimir/.local/lib/python3.10/site-packages/airflow/example_dags/example_task_group_decorator.py
[2023-04-27T18:57:26.463+0300] {logging_mixin.py:137} INFO - [2023-04-27T18:57:26.463+0300] {dag.py:2705} INFO - Sync 1 DAGs
[2023-04-27T18:57:26.475+0300] {logging_mixin.py:137} INFO - [2023-04-27T18:57:26.475+0300] {dag.py:3452} INFO - Setting next_dagrun for example_task_group_decorator to 2023-04-26T15:57:26.475228+00:00, run_after=2023-04-27T15:57:26.475228+00:00
[2023-04-27T18:57:26.487+0300] {processor.py:175} INFO - Processing /home/vladimir/.local/lib/python3.10/site-packages/airflow/example_dags/example_task_group_decorator.py took 0.062 seconds
[2023-04-27T18:58:05.912+0300] {processor.py:153} INFO - Started process (PID=6775) to work on /home/vladimir/.local/lib/python3.10/site-packages/airflow/example_dags/example_task_group_decorator.py
[2023-04-27T18:58:05.913+0300] {processor.py:743} INFO - Processing file /home/vladimir/.local/lib/python3.10/site-packages/airflow/example_dags/example_task_group_decorator.py for tasks to queue
[2023-04-27T18:58:05.913+0300] {logging_mixin.py:137} INFO - [2023-04-27T18:58:05.913+0300] {dagbag.py:532} INFO - Filling up the DagBag from /home/vladimir/.local/lib/python3.10/site-packages/airflow/example_dags/example_task_group_decorator.py
[2023-04-27T18:58:05.933+0300] {processor.py:753} INFO - DAG(s) dict_keys(['example_task_group_decorator']) retrieved from /home/vladimir/.local/lib/python3.10/site-packages/airflow/example_dags/example_task_group_decorator.py
[2023-04-27T18:58:05.949+0300] {logging_mixin.py:137} INFO - [2023-04-27T18:58:05.948+0300] {dag.py:2705} INFO - Sync 1 DAGs
[2023-04-27T18:58:05.961+0300] {logging_mixin.py:137} INFO - [2023-04-27T18:58:05.960+0300] {dag.py:3452} INFO - Setting next_dagrun for example_task_group_decorator to 2023-04-26T15:58:05.960778+00:00, run_after=2023-04-27T15:58:05.960778+00:00
[2023-04-27T18:58:05.972+0300] {processor.py:175} INFO - Processing /home/vladimir/.local/lib/python3.10/site-packages/airflow/example_dags/example_task_group_decorator.py took 0.062 seconds
[2023-04-27T18:58:48.834+0300] {processor.py:153} INFO - Started process (PID=6861) to work on /home/vladimir/.local/lib/python3.10/site-packages/airflow/example_dags/example_task_group_decorator.py
[2023-04-27T18:58:48.835+0300] {processor.py:743} INFO - Processing file /home/vladimir/.local/lib/python3.10/site-packages/airflow/example_dags/example_task_group_decorator.py for tasks to queue
[2023-04-27T18:58:48.835+0300] {logging_mixin.py:137} INFO - [2023-04-27T18:58:48.835+0300] {dagbag.py:532} INFO - Filling up the DagBag from /home/vladimir/.local/lib/python3.10/site-packages/airflow/example_dags/example_task_group_decorator.py
[2023-04-27T18:58:48.858+0300] {processor.py:753} INFO - DAG(s) dict_keys(['example_task_group_decorator']) retrieved from /home/vladimir/.local/lib/python3.10/site-packages/airflow/example_dags/example_task_group_decorator.py
[2023-04-27T18:58:48.875+0300] {logging_mixin.py:137} INFO - [2023-04-27T18:58:48.874+0300] {dag.py:2705} INFO - Sync 1 DAGs
[2023-04-27T18:58:48.886+0300] {logging_mixin.py:137} INFO - [2023-04-27T18:58:48.886+0300] {dag.py:3452} INFO - Setting next_dagrun for example_task_group_decorator to 2023-04-26T15:58:48.886706+00:00, run_after=2023-04-27T15:58:48.886706+00:00
[2023-04-27T18:58:48.900+0300] {processor.py:175} INFO - Processing /home/vladimir/.local/lib/python3.10/site-packages/airflow/example_dags/example_task_group_decorator.py took 0.070 seconds
[2023-04-27T18:59:28.396+0300] {processor.py:153} INFO - Started process (PID=6931) to work on /home/vladimir/.local/lib/python3.10/site-packages/airflow/example_dags/example_task_group_decorator.py
[2023-04-27T18:59:28.397+0300] {processor.py:743} INFO - Processing file /home/vladimir/.local/lib/python3.10/site-packages/airflow/example_dags/example_task_group_decorator.py for tasks to queue
[2023-04-27T18:59:28.397+0300] {logging_mixin.py:137} INFO - [2023-04-27T18:59:28.397+0300] {dagbag.py:532} INFO - Filling up the DagBag from /home/vladimir/.local/lib/python3.10/site-packages/airflow/example_dags/example_task_group_decorator.py
[2023-04-27T18:59:28.420+0300] {processor.py:753} INFO - DAG(s) dict_keys(['example_task_group_decorator']) retrieved from /home/vladimir/.local/lib/python3.10/site-packages/airflow/example_dags/example_task_group_decorator.py
[2023-04-27T18:59:28.437+0300] {logging_mixin.py:137} INFO - [2023-04-27T18:59:28.436+0300] {dag.py:2705} INFO - Sync 1 DAGs
[2023-04-27T18:59:28.450+0300] {logging_mixin.py:137} INFO - [2023-04-27T18:59:28.450+0300] {dag.py:3452} INFO - Setting next_dagrun for example_task_group_decorator to 2023-04-26T15:59:28.450309+00:00, run_after=2023-04-27T15:59:28.450309+00:00
[2023-04-27T18:59:28.464+0300] {processor.py:175} INFO - Processing /home/vladimir/.local/lib/python3.10/site-packages/airflow/example_dags/example_task_group_decorator.py took 0.072 seconds
[2023-04-27T19:00:10.863+0300] {processor.py:153} INFO - Started process (PID=7001) to work on /home/vladimir/.local/lib/python3.10/site-packages/airflow/example_dags/example_task_group_decorator.py
[2023-04-27T19:00:10.864+0300] {processor.py:743} INFO - Processing file /home/vladimir/.local/lib/python3.10/site-packages/airflow/example_dags/example_task_group_decorator.py for tasks to queue
[2023-04-27T19:00:10.865+0300] {logging_mixin.py:137} INFO - [2023-04-27T19:00:10.865+0300] {dagbag.py:532} INFO - Filling up the DagBag from /home/vladimir/.local/lib/python3.10/site-packages/airflow/example_dags/example_task_group_decorator.py
[2023-04-27T19:00:10.883+0300] {processor.py:753} INFO - DAG(s) dict_keys(['example_task_group_decorator']) retrieved from /home/vladimir/.local/lib/python3.10/site-packages/airflow/example_dags/example_task_group_decorator.py
[2023-04-27T19:00:10.899+0300] {logging_mixin.py:137} INFO - [2023-04-27T19:00:10.899+0300] {dag.py:2705} INFO - Sync 1 DAGs
[2023-04-27T19:00:10.911+0300] {logging_mixin.py:137} INFO - [2023-04-27T19:00:10.911+0300] {dag.py:3452} INFO - Setting next_dagrun for example_task_group_decorator to 2023-04-26T16:00:10.911603+00:00, run_after=2023-04-27T16:00:10.911603+00:00
[2023-04-27T19:00:10.926+0300] {processor.py:175} INFO - Processing /home/vladimir/.local/lib/python3.10/site-packages/airflow/example_dags/example_task_group_decorator.py took 0.065 seconds
[2023-04-27T19:00:49.189+0300] {processor.py:153} INFO - Started process (PID=7100) to work on /home/vladimir/.local/lib/python3.10/site-packages/airflow/example_dags/example_task_group_decorator.py
[2023-04-27T19:00:49.190+0300] {processor.py:743} INFO - Processing file /home/vladimir/.local/lib/python3.10/site-packages/airflow/example_dags/example_task_group_decorator.py for tasks to queue
[2023-04-27T19:00:49.191+0300] {logging_mixin.py:137} INFO - [2023-04-27T19:00:49.191+0300] {dagbag.py:532} INFO - Filling up the DagBag from /home/vladimir/.local/lib/python3.10/site-packages/airflow/example_dags/example_task_group_decorator.py
[2023-04-27T19:00:49.210+0300] {processor.py:753} INFO - DAG(s) dict_keys(['example_task_group_decorator']) retrieved from /home/vladimir/.local/lib/python3.10/site-packages/airflow/example_dags/example_task_group_decorator.py
[2023-04-27T19:00:49.225+0300] {logging_mixin.py:137} INFO - [2023-04-27T19:00:49.225+0300] {dag.py:2705} INFO - Sync 1 DAGs
[2023-04-27T19:00:49.242+0300] {logging_mixin.py:137} INFO - [2023-04-27T19:00:49.242+0300] {dag.py:3452} INFO - Setting next_dagrun for example_task_group_decorator to 2023-04-26T16:00:49.242292+00:00, run_after=2023-04-27T16:00:49.242292+00:00
[2023-04-27T19:00:49.253+0300] {processor.py:175} INFO - Processing /home/vladimir/.local/lib/python3.10/site-packages/airflow/example_dags/example_task_group_decorator.py took 0.066 seconds
