[2023-04-27T18:25:26.208+0300] {processor.py:153} INFO - Started process (PID=5767) to work on /home/vladimir/.local/lib/python3.10/site-packages/airflow/example_dags/example_skip_dag.py
[2023-04-27T18:25:26.254+0300] {processor.py:743} INFO - Processing file /home/vladimir/.local/lib/python3.10/site-packages/airflow/example_dags/example_skip_dag.py for tasks to queue
[2023-04-27T18:25:26.309+0300] {logging_mixin.py:137} INFO - [2023-04-27T18:25:26.308+0300] {dagbag.py:532} INFO - Filling up the DagBag from /home/vladimir/.local/lib/python3.10/site-packages/airflow/example_dags/example_skip_dag.py
[2023-04-27T18:25:26.517+0300] {processor.py:753} INFO - DAG(s) dict_keys(['example_skip_dag']) retrieved from /home/vladimir/.local/lib/python3.10/site-packages/airflow/example_dags/example_skip_dag.py
[2023-04-27T18:25:26.783+0300] {logging_mixin.py:137} INFO - [2023-04-27T18:25:26.783+0300] {manager.py:504} INFO - Created Permission View: can read on DAG:example_skip_dag
[2023-04-27T18:25:26.790+0300] {logging_mixin.py:137} INFO - [2023-04-27T18:25:26.790+0300] {manager.py:504} INFO - Created Permission View: can delete on DAG:example_skip_dag
[2023-04-27T18:25:26.798+0300] {logging_mixin.py:137} INFO - [2023-04-27T18:25:26.798+0300] {manager.py:504} INFO - Created Permission View: can edit on DAG:example_skip_dag
[2023-04-27T18:25:26.798+0300] {logging_mixin.py:137} INFO - [2023-04-27T18:25:26.798+0300] {dag.py:2705} INFO - Sync 1 DAGs
[2023-04-27T18:25:26.977+0300] {logging_mixin.py:137} INFO - [2023-04-27T18:25:26.977+0300] {dag.py:2726} INFO - Creating ORM DAG for example_skip_dag
[2023-04-27T18:25:27.119+0300] {logging_mixin.py:137} INFO - [2023-04-27T18:25:27.118+0300] {dag.py:3452} INFO - Setting next_dagrun for example_skip_dag to 2023-04-26T15:25:27.117509+00:00, run_after=2023-04-27T15:25:27.117509+00:00
[2023-04-27T18:25:27.270+0300] {processor.py:175} INFO - Processing /home/vladimir/.local/lib/python3.10/site-packages/airflow/example_dags/example_skip_dag.py took 1.223 seconds
[2023-04-27T18:26:19.367+0300] {processor.py:153} INFO - Started process (PID=5994) to work on /home/vladimir/.local/lib/python3.10/site-packages/airflow/example_dags/example_skip_dag.py
[2023-04-27T18:26:19.368+0300] {processor.py:743} INFO - Processing file /home/vladimir/.local/lib/python3.10/site-packages/airflow/example_dags/example_skip_dag.py for tasks to queue
[2023-04-27T18:26:19.368+0300] {logging_mixin.py:137} INFO - [2023-04-27T18:26:19.368+0300] {dagbag.py:532} INFO - Filling up the DagBag from /home/vladimir/.local/lib/python3.10/site-packages/airflow/example_dags/example_skip_dag.py
[2023-04-27T18:26:19.381+0300] {processor.py:753} INFO - DAG(s) dict_keys(['example_skip_dag']) retrieved from /home/vladimir/.local/lib/python3.10/site-packages/airflow/example_dags/example_skip_dag.py
[2023-04-27T18:26:19.396+0300] {logging_mixin.py:137} INFO - [2023-04-27T18:26:19.395+0300] {dag.py:2705} INFO - Sync 1 DAGs
[2023-04-27T18:26:19.409+0300] {logging_mixin.py:137} INFO - [2023-04-27T18:26:19.409+0300] {dag.py:3452} INFO - Setting next_dagrun for example_skip_dag to 2023-04-26T15:26:19.409363+00:00, run_after=2023-04-27T15:26:19.409363+00:00
[2023-04-27T18:26:19.423+0300] {processor.py:175} INFO - Processing /home/vladimir/.local/lib/python3.10/site-packages/airflow/example_dags/example_skip_dag.py took 0.059 seconds
[2023-04-27T18:27:01.495+0300] {processor.py:153} INFO - Started process (PID=6059) to work on /home/vladimir/.local/lib/python3.10/site-packages/airflow/example_dags/example_skip_dag.py
[2023-04-27T18:27:01.496+0300] {processor.py:743} INFO - Processing file /home/vladimir/.local/lib/python3.10/site-packages/airflow/example_dags/example_skip_dag.py for tasks to queue
[2023-04-27T18:27:01.497+0300] {logging_mixin.py:137} INFO - [2023-04-27T18:27:01.497+0300] {dagbag.py:532} INFO - Filling up the DagBag from /home/vladimir/.local/lib/python3.10/site-packages/airflow/example_dags/example_skip_dag.py
[2023-04-27T18:27:01.508+0300] {processor.py:753} INFO - DAG(s) dict_keys(['example_skip_dag']) retrieved from /home/vladimir/.local/lib/python3.10/site-packages/airflow/example_dags/example_skip_dag.py
[2023-04-27T18:27:01.524+0300] {logging_mixin.py:137} INFO - [2023-04-27T18:27:01.524+0300] {dag.py:2705} INFO - Sync 1 DAGs
[2023-04-27T18:27:01.539+0300] {logging_mixin.py:137} INFO - [2023-04-27T18:27:01.539+0300] {dag.py:3452} INFO - Setting next_dagrun for example_skip_dag to 2023-04-26T15:27:01.538902+00:00, run_after=2023-04-27T15:27:01.538902+00:00
[2023-04-27T18:27:01.555+0300] {processor.py:175} INFO - Processing /home/vladimir/.local/lib/python3.10/site-packages/airflow/example_dags/example_skip_dag.py took 0.063 seconds
[2023-04-27T18:27:42.986+0300] {processor.py:153} INFO - Started process (PID=6122) to work on /home/vladimir/.local/lib/python3.10/site-packages/airflow/example_dags/example_skip_dag.py
[2023-04-27T18:27:42.987+0300] {processor.py:743} INFO - Processing file /home/vladimir/.local/lib/python3.10/site-packages/airflow/example_dags/example_skip_dag.py for tasks to queue
[2023-04-27T18:27:42.987+0300] {logging_mixin.py:137} INFO - [2023-04-27T18:27:42.987+0300] {dagbag.py:532} INFO - Filling up the DagBag from /home/vladimir/.local/lib/python3.10/site-packages/airflow/example_dags/example_skip_dag.py
[2023-04-27T18:27:43.000+0300] {processor.py:753} INFO - DAG(s) dict_keys(['example_skip_dag']) retrieved from /home/vladimir/.local/lib/python3.10/site-packages/airflow/example_dags/example_skip_dag.py
[2023-04-27T18:27:43.016+0300] {logging_mixin.py:137} INFO - [2023-04-27T18:27:43.016+0300] {dag.py:2705} INFO - Sync 1 DAGs
[2023-04-27T18:27:43.034+0300] {logging_mixin.py:137} INFO - [2023-04-27T18:27:43.034+0300] {dag.py:3452} INFO - Setting next_dagrun for example_skip_dag to 2023-04-26T15:27:43.034248+00:00, run_after=2023-04-27T15:27:43.034248+00:00
[2023-04-27T18:27:43.050+0300] {processor.py:175} INFO - Processing /home/vladimir/.local/lib/python3.10/site-packages/airflow/example_dags/example_skip_dag.py took 0.067 seconds
[2023-04-27T18:28:27.782+0300] {processor.py:153} INFO - Started process (PID=6188) to work on /home/vladimir/.local/lib/python3.10/site-packages/airflow/example_dags/example_skip_dag.py
[2023-04-27T18:28:27.783+0300] {processor.py:743} INFO - Processing file /home/vladimir/.local/lib/python3.10/site-packages/airflow/example_dags/example_skip_dag.py for tasks to queue
[2023-04-27T18:28:27.783+0300] {logging_mixin.py:137} INFO - [2023-04-27T18:28:27.783+0300] {dagbag.py:532} INFO - Filling up the DagBag from /home/vladimir/.local/lib/python3.10/site-packages/airflow/example_dags/example_skip_dag.py
[2023-04-27T18:28:27.795+0300] {processor.py:753} INFO - DAG(s) dict_keys(['example_skip_dag']) retrieved from /home/vladimir/.local/lib/python3.10/site-packages/airflow/example_dags/example_skip_dag.py
[2023-04-27T18:28:27.810+0300] {logging_mixin.py:137} INFO - [2023-04-27T18:28:27.809+0300] {dag.py:2705} INFO - Sync 1 DAGs
[2023-04-27T18:28:27.825+0300] {logging_mixin.py:137} INFO - [2023-04-27T18:28:27.824+0300] {dag.py:3452} INFO - Setting next_dagrun for example_skip_dag to 2023-04-26T15:28:27.824666+00:00, run_after=2023-04-27T15:28:27.824666+00:00
[2023-04-27T18:28:27.841+0300] {processor.py:175} INFO - Processing /home/vladimir/.local/lib/python3.10/site-packages/airflow/example_dags/example_skip_dag.py took 0.060 seconds
[2023-04-27T18:29:07.715+0300] {processor.py:153} INFO - Started process (PID=6307) to work on /home/vladimir/.local/lib/python3.10/site-packages/airflow/example_dags/example_skip_dag.py
[2023-04-27T18:29:07.716+0300] {processor.py:743} INFO - Processing file /home/vladimir/.local/lib/python3.10/site-packages/airflow/example_dags/example_skip_dag.py for tasks to queue
[2023-04-27T18:29:07.717+0300] {logging_mixin.py:137} INFO - [2023-04-27T18:29:07.716+0300] {dagbag.py:532} INFO - Filling up the DagBag from /home/vladimir/.local/lib/python3.10/site-packages/airflow/example_dags/example_skip_dag.py
[2023-04-27T18:29:07.729+0300] {processor.py:753} INFO - DAG(s) dict_keys(['example_skip_dag']) retrieved from /home/vladimir/.local/lib/python3.10/site-packages/airflow/example_dags/example_skip_dag.py
[2023-04-27T18:29:07.743+0300] {logging_mixin.py:137} INFO - [2023-04-27T18:29:07.743+0300] {dag.py:2705} INFO - Sync 1 DAGs
[2023-04-27T18:29:07.756+0300] {logging_mixin.py:137} INFO - [2023-04-27T18:29:07.756+0300] {dag.py:3452} INFO - Setting next_dagrun for example_skip_dag to 2023-04-26T15:29:07.756262+00:00, run_after=2023-04-27T15:29:07.756262+00:00
[2023-04-27T18:29:07.769+0300] {processor.py:175} INFO - Processing /home/vladimir/.local/lib/python3.10/site-packages/airflow/example_dags/example_skip_dag.py took 0.056 seconds
[2023-04-27T18:29:44.886+0300] {processor.py:153} INFO - Started process (PID=6396) to work on /home/vladimir/.local/lib/python3.10/site-packages/airflow/example_dags/example_skip_dag.py
[2023-04-27T18:29:44.887+0300] {processor.py:743} INFO - Processing file /home/vladimir/.local/lib/python3.10/site-packages/airflow/example_dags/example_skip_dag.py for tasks to queue
[2023-04-27T18:29:44.887+0300] {logging_mixin.py:137} INFO - [2023-04-27T18:29:44.887+0300] {dagbag.py:532} INFO - Filling up the DagBag from /home/vladimir/.local/lib/python3.10/site-packages/airflow/example_dags/example_skip_dag.py
[2023-04-27T18:29:44.898+0300] {processor.py:753} INFO - DAG(s) dict_keys(['example_skip_dag']) retrieved from /home/vladimir/.local/lib/python3.10/site-packages/airflow/example_dags/example_skip_dag.py
[2023-04-27T18:29:44.911+0300] {logging_mixin.py:137} INFO - [2023-04-27T18:29:44.911+0300] {dag.py:2705} INFO - Sync 1 DAGs
[2023-04-27T18:29:44.924+0300] {logging_mixin.py:137} INFO - [2023-04-27T18:29:44.924+0300] {dag.py:3452} INFO - Setting next_dagrun for example_skip_dag to 2023-04-26T15:29:44.924314+00:00, run_after=2023-04-27T15:29:44.924314+00:00
[2023-04-27T18:29:44.937+0300] {processor.py:175} INFO - Processing /home/vladimir/.local/lib/python3.10/site-packages/airflow/example_dags/example_skip_dag.py took 0.053 seconds
[2023-04-27T18:30:32.189+0300] {processor.py:153} INFO - Started process (PID=6493) to work on /home/vladimir/.local/lib/python3.10/site-packages/airflow/example_dags/example_skip_dag.py
[2023-04-27T18:30:32.190+0300] {processor.py:743} INFO - Processing file /home/vladimir/.local/lib/python3.10/site-packages/airflow/example_dags/example_skip_dag.py for tasks to queue
[2023-04-27T18:30:32.191+0300] {logging_mixin.py:137} INFO - [2023-04-27T18:30:32.191+0300] {dagbag.py:532} INFO - Filling up the DagBag from /home/vladimir/.local/lib/python3.10/site-packages/airflow/example_dags/example_skip_dag.py
[2023-04-27T18:30:32.202+0300] {processor.py:753} INFO - DAG(s) dict_keys(['example_skip_dag']) retrieved from /home/vladimir/.local/lib/python3.10/site-packages/airflow/example_dags/example_skip_dag.py
[2023-04-27T18:30:32.217+0300] {logging_mixin.py:137} INFO - [2023-04-27T18:30:32.217+0300] {dag.py:2705} INFO - Sync 1 DAGs
[2023-04-27T18:30:32.230+0300] {logging_mixin.py:137} INFO - [2023-04-27T18:30:32.230+0300] {dag.py:3452} INFO - Setting next_dagrun for example_skip_dag to 2023-04-26T15:30:32.229914+00:00, run_after=2023-04-27T15:30:32.229914+00:00
[2023-04-27T18:30:32.243+0300] {processor.py:175} INFO - Processing /home/vladimir/.local/lib/python3.10/site-packages/airflow/example_dags/example_skip_dag.py took 0.056 seconds
[2023-04-27T18:31:09.283+0300] {processor.py:153} INFO - Started process (PID=6588) to work on /home/vladimir/.local/lib/python3.10/site-packages/airflow/example_dags/example_skip_dag.py
[2023-04-27T18:31:09.284+0300] {processor.py:743} INFO - Processing file /home/vladimir/.local/lib/python3.10/site-packages/airflow/example_dags/example_skip_dag.py for tasks to queue
[2023-04-27T18:31:09.284+0300] {logging_mixin.py:137} INFO - [2023-04-27T18:31:09.284+0300] {dagbag.py:532} INFO - Filling up the DagBag from /home/vladimir/.local/lib/python3.10/site-packages/airflow/example_dags/example_skip_dag.py
[2023-04-27T18:31:09.294+0300] {processor.py:753} INFO - DAG(s) dict_keys(['example_skip_dag']) retrieved from /home/vladimir/.local/lib/python3.10/site-packages/airflow/example_dags/example_skip_dag.py
[2023-04-27T18:31:09.308+0300] {logging_mixin.py:137} INFO - [2023-04-27T18:31:09.307+0300] {dag.py:2705} INFO - Sync 1 DAGs
[2023-04-27T18:31:09.319+0300] {logging_mixin.py:137} INFO - [2023-04-27T18:31:09.319+0300] {dag.py:3452} INFO - Setting next_dagrun for example_skip_dag to 2023-04-26T15:31:09.319274+00:00, run_after=2023-04-27T15:31:09.319274+00:00
[2023-04-27T18:31:09.332+0300] {processor.py:175} INFO - Processing /home/vladimir/.local/lib/python3.10/site-packages/airflow/example_dags/example_skip_dag.py took 0.051 seconds
[2023-04-27T18:31:47.552+0300] {processor.py:153} INFO - Started process (PID=6661) to work on /home/vladimir/.local/lib/python3.10/site-packages/airflow/example_dags/example_skip_dag.py
[2023-04-27T18:31:47.552+0300] {processor.py:743} INFO - Processing file /home/vladimir/.local/lib/python3.10/site-packages/airflow/example_dags/example_skip_dag.py for tasks to queue
[2023-04-27T18:31:47.553+0300] {logging_mixin.py:137} INFO - [2023-04-27T18:31:47.553+0300] {dagbag.py:532} INFO - Filling up the DagBag from /home/vladimir/.local/lib/python3.10/site-packages/airflow/example_dags/example_skip_dag.py
[2023-04-27T18:31:47.562+0300] {processor.py:753} INFO - DAG(s) dict_keys(['example_skip_dag']) retrieved from /home/vladimir/.local/lib/python3.10/site-packages/airflow/example_dags/example_skip_dag.py
[2023-04-27T18:31:47.575+0300] {logging_mixin.py:137} INFO - [2023-04-27T18:31:47.575+0300] {dag.py:2705} INFO - Sync 1 DAGs
[2023-04-27T18:31:47.587+0300] {logging_mixin.py:137} INFO - [2023-04-27T18:31:47.587+0300] {dag.py:3452} INFO - Setting next_dagrun for example_skip_dag to 2023-04-26T15:31:47.587486+00:00, run_after=2023-04-27T15:31:47.587486+00:00
[2023-04-27T18:31:47.601+0300] {processor.py:175} INFO - Processing /home/vladimir/.local/lib/python3.10/site-packages/airflow/example_dags/example_skip_dag.py took 0.052 seconds
[2023-04-27T18:32:26.544+0300] {processor.py:153} INFO - Started process (PID=6724) to work on /home/vladimir/.local/lib/python3.10/site-packages/airflow/example_dags/example_skip_dag.py
[2023-04-27T18:32:26.545+0300] {processor.py:743} INFO - Processing file /home/vladimir/.local/lib/python3.10/site-packages/airflow/example_dags/example_skip_dag.py for tasks to queue
[2023-04-27T18:32:26.546+0300] {logging_mixin.py:137} INFO - [2023-04-27T18:32:26.546+0300] {dagbag.py:532} INFO - Filling up the DagBag from /home/vladimir/.local/lib/python3.10/site-packages/airflow/example_dags/example_skip_dag.py
[2023-04-27T18:32:26.559+0300] {processor.py:753} INFO - DAG(s) dict_keys(['example_skip_dag']) retrieved from /home/vladimir/.local/lib/python3.10/site-packages/airflow/example_dags/example_skip_dag.py
[2023-04-27T18:32:26.577+0300] {logging_mixin.py:137} INFO - [2023-04-27T18:32:26.577+0300] {dag.py:2705} INFO - Sync 1 DAGs
[2023-04-27T18:32:26.594+0300] {logging_mixin.py:137} INFO - [2023-04-27T18:32:26.594+0300] {dag.py:3452} INFO - Setting next_dagrun for example_skip_dag to 2023-04-26T15:32:26.593930+00:00, run_after=2023-04-27T15:32:26.593930+00:00
[2023-04-27T18:32:26.612+0300] {processor.py:175} INFO - Processing /home/vladimir/.local/lib/python3.10/site-packages/airflow/example_dags/example_skip_dag.py took 0.070 seconds
[2023-04-27T18:33:12.682+0300] {processor.py:153} INFO - Started process (PID=6887) to work on /home/vladimir/.local/lib/python3.10/site-packages/airflow/example_dags/example_skip_dag.py
[2023-04-27T18:33:12.683+0300] {processor.py:743} INFO - Processing file /home/vladimir/.local/lib/python3.10/site-packages/airflow/example_dags/example_skip_dag.py for tasks to queue
[2023-04-27T18:33:12.684+0300] {logging_mixin.py:137} INFO - [2023-04-27T18:33:12.684+0300] {dagbag.py:532} INFO - Filling up the DagBag from /home/vladimir/.local/lib/python3.10/site-packages/airflow/example_dags/example_skip_dag.py
[2023-04-27T18:33:12.693+0300] {processor.py:753} INFO - DAG(s) dict_keys(['example_skip_dag']) retrieved from /home/vladimir/.local/lib/python3.10/site-packages/airflow/example_dags/example_skip_dag.py
[2023-04-27T18:33:12.708+0300] {logging_mixin.py:137} INFO - [2023-04-27T18:33:12.707+0300] {dag.py:2705} INFO - Sync 1 DAGs
[2023-04-27T18:33:12.721+0300] {logging_mixin.py:137} INFO - [2023-04-27T18:33:12.721+0300] {dag.py:3452} INFO - Setting next_dagrun for example_skip_dag to 2023-04-26T15:33:12.720848+00:00, run_after=2023-04-27T15:33:12.720848+00:00
[2023-04-27T18:33:12.733+0300] {processor.py:175} INFO - Processing /home/vladimir/.local/lib/python3.10/site-packages/airflow/example_dags/example_skip_dag.py took 0.055 seconds
[2023-04-27T18:33:55.586+0300] {processor.py:153} INFO - Started process (PID=6954) to work on /home/vladimir/.local/lib/python3.10/site-packages/airflow/example_dags/example_skip_dag.py
[2023-04-27T18:33:55.587+0300] {processor.py:743} INFO - Processing file /home/vladimir/.local/lib/python3.10/site-packages/airflow/example_dags/example_skip_dag.py for tasks to queue
[2023-04-27T18:33:55.588+0300] {logging_mixin.py:137} INFO - [2023-04-27T18:33:55.588+0300] {dagbag.py:532} INFO - Filling up the DagBag from /home/vladimir/.local/lib/python3.10/site-packages/airflow/example_dags/example_skip_dag.py
[2023-04-27T18:33:55.598+0300] {processor.py:753} INFO - DAG(s) dict_keys(['example_skip_dag']) retrieved from /home/vladimir/.local/lib/python3.10/site-packages/airflow/example_dags/example_skip_dag.py
[2023-04-27T18:33:55.614+0300] {logging_mixin.py:137} INFO - [2023-04-27T18:33:55.614+0300] {dag.py:2705} INFO - Sync 1 DAGs
[2023-04-27T18:33:55.629+0300] {logging_mixin.py:137} INFO - [2023-04-27T18:33:55.629+0300] {dag.py:3452} INFO - Setting next_dagrun for example_skip_dag to 2023-04-26T15:33:55.629188+00:00, run_after=2023-04-27T15:33:55.629188+00:00
[2023-04-27T18:33:55.643+0300] {processor.py:175} INFO - Processing /home/vladimir/.local/lib/python3.10/site-packages/airflow/example_dags/example_skip_dag.py took 0.059 seconds
[2023-04-27T18:34:40.607+0300] {processor.py:153} INFO - Started process (PID=7045) to work on /home/vladimir/.local/lib/python3.10/site-packages/airflow/example_dags/example_skip_dag.py
[2023-04-27T18:34:40.608+0300] {processor.py:743} INFO - Processing file /home/vladimir/.local/lib/python3.10/site-packages/airflow/example_dags/example_skip_dag.py for tasks to queue
[2023-04-27T18:34:40.608+0300] {logging_mixin.py:137} INFO - [2023-04-27T18:34:40.608+0300] {dagbag.py:532} INFO - Filling up the DagBag from /home/vladimir/.local/lib/python3.10/site-packages/airflow/example_dags/example_skip_dag.py
[2023-04-27T18:34:40.618+0300] {processor.py:753} INFO - DAG(s) dict_keys(['example_skip_dag']) retrieved from /home/vladimir/.local/lib/python3.10/site-packages/airflow/example_dags/example_skip_dag.py
[2023-04-27T18:34:40.631+0300] {logging_mixin.py:137} INFO - [2023-04-27T18:34:40.631+0300] {dag.py:2705} INFO - Sync 1 DAGs
[2023-04-27T18:34:40.645+0300] {logging_mixin.py:137} INFO - [2023-04-27T18:34:40.645+0300] {dag.py:3452} INFO - Setting next_dagrun for example_skip_dag to 2023-04-26T15:34:40.644877+00:00, run_after=2023-04-27T15:34:40.644877+00:00
[2023-04-27T18:34:40.663+0300] {processor.py:175} INFO - Processing /home/vladimir/.local/lib/python3.10/site-packages/airflow/example_dags/example_skip_dag.py took 0.059 seconds
[2023-04-27T18:35:17.863+0300] {processor.py:153} INFO - Started process (PID=7361) to work on /home/vladimir/.local/lib/python3.10/site-packages/airflow/example_dags/example_skip_dag.py
[2023-04-27T18:35:17.864+0300] {processor.py:743} INFO - Processing file /home/vladimir/.local/lib/python3.10/site-packages/airflow/example_dags/example_skip_dag.py for tasks to queue
[2023-04-27T18:35:17.864+0300] {logging_mixin.py:137} INFO - [2023-04-27T18:35:17.864+0300] {dagbag.py:532} INFO - Filling up the DagBag from /home/vladimir/.local/lib/python3.10/site-packages/airflow/example_dags/example_skip_dag.py
[2023-04-27T18:35:17.873+0300] {processor.py:753} INFO - DAG(s) dict_keys(['example_skip_dag']) retrieved from /home/vladimir/.local/lib/python3.10/site-packages/airflow/example_dags/example_skip_dag.py
[2023-04-27T18:35:17.886+0300] {logging_mixin.py:137} INFO - [2023-04-27T18:35:17.886+0300] {dag.py:2705} INFO - Sync 1 DAGs
[2023-04-27T18:35:17.900+0300] {logging_mixin.py:137} INFO - [2023-04-27T18:35:17.899+0300] {dag.py:3452} INFO - Setting next_dagrun for example_skip_dag to 2023-04-26T15:35:17.899747+00:00, run_after=2023-04-27T15:35:17.899747+00:00
[2023-04-27T18:35:17.918+0300] {processor.py:175} INFO - Processing /home/vladimir/.local/lib/python3.10/site-packages/airflow/example_dags/example_skip_dag.py took 0.058 seconds
[2023-04-27T18:35:54.977+0300] {processor.py:153} INFO - Started process (PID=7476) to work on /home/vladimir/.local/lib/python3.10/site-packages/airflow/example_dags/example_skip_dag.py
[2023-04-27T18:35:54.978+0300] {processor.py:743} INFO - Processing file /home/vladimir/.local/lib/python3.10/site-packages/airflow/example_dags/example_skip_dag.py for tasks to queue
[2023-04-27T18:35:54.979+0300] {logging_mixin.py:137} INFO - [2023-04-27T18:35:54.979+0300] {dagbag.py:532} INFO - Filling up the DagBag from /home/vladimir/.local/lib/python3.10/site-packages/airflow/example_dags/example_skip_dag.py
[2023-04-27T18:35:54.989+0300] {processor.py:753} INFO - DAG(s) dict_keys(['example_skip_dag']) retrieved from /home/vladimir/.local/lib/python3.10/site-packages/airflow/example_dags/example_skip_dag.py
[2023-04-27T18:35:55.002+0300] {logging_mixin.py:137} INFO - [2023-04-27T18:35:55.002+0300] {dag.py:2705} INFO - Sync 1 DAGs
[2023-04-27T18:35:55.014+0300] {logging_mixin.py:137} INFO - [2023-04-27T18:35:55.014+0300] {dag.py:3452} INFO - Setting next_dagrun for example_skip_dag to 2023-04-26T15:35:55.014163+00:00, run_after=2023-04-27T15:35:55.014163+00:00
[2023-04-27T18:35:55.027+0300] {processor.py:175} INFO - Processing /home/vladimir/.local/lib/python3.10/site-packages/airflow/example_dags/example_skip_dag.py took 0.052 seconds
[2023-04-27T18:36:31.215+0300] {processor.py:153} INFO - Started process (PID=7555) to work on /home/vladimir/.local/lib/python3.10/site-packages/airflow/example_dags/example_skip_dag.py
[2023-04-27T18:36:31.216+0300] {processor.py:743} INFO - Processing file /home/vladimir/.local/lib/python3.10/site-packages/airflow/example_dags/example_skip_dag.py for tasks to queue
[2023-04-27T18:36:31.216+0300] {logging_mixin.py:137} INFO - [2023-04-27T18:36:31.216+0300] {dagbag.py:532} INFO - Filling up the DagBag from /home/vladimir/.local/lib/python3.10/site-packages/airflow/example_dags/example_skip_dag.py
[2023-04-27T18:36:31.227+0300] {processor.py:753} INFO - DAG(s) dict_keys(['example_skip_dag']) retrieved from /home/vladimir/.local/lib/python3.10/site-packages/airflow/example_dags/example_skip_dag.py
[2023-04-27T18:36:31.240+0300] {logging_mixin.py:137} INFO - [2023-04-27T18:36:31.240+0300] {dag.py:2705} INFO - Sync 1 DAGs
[2023-04-27T18:36:31.253+0300] {logging_mixin.py:137} INFO - [2023-04-27T18:36:31.253+0300] {dag.py:3452} INFO - Setting next_dagrun for example_skip_dag to 2023-04-26T15:36:31.253408+00:00, run_after=2023-04-27T15:36:31.253408+00:00
[2023-04-27T18:36:31.267+0300] {processor.py:175} INFO - Processing /home/vladimir/.local/lib/python3.10/site-packages/airflow/example_dags/example_skip_dag.py took 0.054 seconds
[2023-04-27T18:37:09.611+0300] {processor.py:153} INFO - Started process (PID=7628) to work on /home/vladimir/.local/lib/python3.10/site-packages/airflow/example_dags/example_skip_dag.py
[2023-04-27T18:37:09.612+0300] {processor.py:743} INFO - Processing file /home/vladimir/.local/lib/python3.10/site-packages/airflow/example_dags/example_skip_dag.py for tasks to queue
[2023-04-27T18:37:09.613+0300] {logging_mixin.py:137} INFO - [2023-04-27T18:37:09.612+0300] {dagbag.py:532} INFO - Filling up the DagBag from /home/vladimir/.local/lib/python3.10/site-packages/airflow/example_dags/example_skip_dag.py
[2023-04-27T18:37:09.624+0300] {processor.py:753} INFO - DAG(s) dict_keys(['example_skip_dag']) retrieved from /home/vladimir/.local/lib/python3.10/site-packages/airflow/example_dags/example_skip_dag.py
[2023-04-27T18:37:09.640+0300] {logging_mixin.py:137} INFO - [2023-04-27T18:37:09.640+0300] {dag.py:2705} INFO - Sync 1 DAGs
[2023-04-27T18:37:09.653+0300] {logging_mixin.py:137} INFO - [2023-04-27T18:37:09.653+0300] {dag.py:3452} INFO - Setting next_dagrun for example_skip_dag to 2023-04-26T15:37:09.653178+00:00, run_after=2023-04-27T15:37:09.653178+00:00
[2023-04-27T18:37:09.665+0300] {processor.py:175} INFO - Processing /home/vladimir/.local/lib/python3.10/site-packages/airflow/example_dags/example_skip_dag.py took 0.057 seconds
[2023-04-27T18:37:46.921+0300] {processor.py:153} INFO - Started process (PID=7693) to work on /home/vladimir/.local/lib/python3.10/site-packages/airflow/example_dags/example_skip_dag.py
[2023-04-27T18:37:46.922+0300] {processor.py:743} INFO - Processing file /home/vladimir/.local/lib/python3.10/site-packages/airflow/example_dags/example_skip_dag.py for tasks to queue
[2023-04-27T18:37:46.922+0300] {logging_mixin.py:137} INFO - [2023-04-27T18:37:46.922+0300] {dagbag.py:532} INFO - Filling up the DagBag from /home/vladimir/.local/lib/python3.10/site-packages/airflow/example_dags/example_skip_dag.py
[2023-04-27T18:37:46.932+0300] {processor.py:753} INFO - DAG(s) dict_keys(['example_skip_dag']) retrieved from /home/vladimir/.local/lib/python3.10/site-packages/airflow/example_dags/example_skip_dag.py
[2023-04-27T18:37:46.946+0300] {logging_mixin.py:137} INFO - [2023-04-27T18:37:46.945+0300] {dag.py:2705} INFO - Sync 1 DAGs
[2023-04-27T18:37:46.957+0300] {logging_mixin.py:137} INFO - [2023-04-27T18:37:46.957+0300] {dag.py:3452} INFO - Setting next_dagrun for example_skip_dag to 2023-04-26T15:37:46.956995+00:00, run_after=2023-04-27T15:37:46.956995+00:00
[2023-04-27T18:37:46.969+0300] {processor.py:175} INFO - Processing /home/vladimir/.local/lib/python3.10/site-packages/airflow/example_dags/example_skip_dag.py took 0.050 seconds
[2023-04-27T18:38:33.102+0300] {processor.py:153} INFO - Started process (PID=8031) to work on /home/vladimir/.local/lib/python3.10/site-packages/airflow/example_dags/example_skip_dag.py
[2023-04-27T18:38:33.103+0300] {processor.py:743} INFO - Processing file /home/vladimir/.local/lib/python3.10/site-packages/airflow/example_dags/example_skip_dag.py for tasks to queue
[2023-04-27T18:38:33.104+0300] {logging_mixin.py:137} INFO - [2023-04-27T18:38:33.104+0300] {dagbag.py:532} INFO - Filling up the DagBag from /home/vladimir/.local/lib/python3.10/site-packages/airflow/example_dags/example_skip_dag.py
[2023-04-27T18:38:33.114+0300] {processor.py:753} INFO - DAG(s) dict_keys(['example_skip_dag']) retrieved from /home/vladimir/.local/lib/python3.10/site-packages/airflow/example_dags/example_skip_dag.py
[2023-04-27T18:38:33.128+0300] {logging_mixin.py:137} INFO - [2023-04-27T18:38:33.127+0300] {dag.py:2705} INFO - Sync 1 DAGs
[2023-04-27T18:38:33.139+0300] {logging_mixin.py:137} INFO - [2023-04-27T18:38:33.139+0300] {dag.py:3452} INFO - Setting next_dagrun for example_skip_dag to 2023-04-26T15:38:33.139585+00:00, run_after=2023-04-27T15:38:33.139585+00:00
[2023-04-27T18:38:33.153+0300] {processor.py:175} INFO - Processing /home/vladimir/.local/lib/python3.10/site-packages/airflow/example_dags/example_skip_dag.py took 0.053 seconds
[2023-04-27T18:39:12.261+0300] {processor.py:153} INFO - Started process (PID=8103) to work on /home/vladimir/.local/lib/python3.10/site-packages/airflow/example_dags/example_skip_dag.py
[2023-04-27T18:39:12.262+0300] {processor.py:743} INFO - Processing file /home/vladimir/.local/lib/python3.10/site-packages/airflow/example_dags/example_skip_dag.py for tasks to queue
[2023-04-27T18:39:12.262+0300] {logging_mixin.py:137} INFO - [2023-04-27T18:39:12.262+0300] {dagbag.py:532} INFO - Filling up the DagBag from /home/vladimir/.local/lib/python3.10/site-packages/airflow/example_dags/example_skip_dag.py
[2023-04-27T18:39:12.272+0300] {processor.py:753} INFO - DAG(s) dict_keys(['example_skip_dag']) retrieved from /home/vladimir/.local/lib/python3.10/site-packages/airflow/example_dags/example_skip_dag.py
[2023-04-27T18:39:12.285+0300] {logging_mixin.py:137} INFO - [2023-04-27T18:39:12.285+0300] {dag.py:2705} INFO - Sync 1 DAGs
[2023-04-27T18:39:12.296+0300] {logging_mixin.py:137} INFO - [2023-04-27T18:39:12.296+0300] {dag.py:3452} INFO - Setting next_dagrun for example_skip_dag to 2023-04-26T15:39:12.296736+00:00, run_after=2023-04-27T15:39:12.296736+00:00
[2023-04-27T18:39:12.309+0300] {processor.py:175} INFO - Processing /home/vladimir/.local/lib/python3.10/site-packages/airflow/example_dags/example_skip_dag.py took 0.051 seconds
[2023-04-27T18:39:51.205+0300] {processor.py:153} INFO - Started process (PID=8180) to work on /home/vladimir/.local/lib/python3.10/site-packages/airflow/example_dags/example_skip_dag.py
[2023-04-27T18:39:51.206+0300] {processor.py:743} INFO - Processing file /home/vladimir/.local/lib/python3.10/site-packages/airflow/example_dags/example_skip_dag.py for tasks to queue
[2023-04-27T18:39:51.207+0300] {logging_mixin.py:137} INFO - [2023-04-27T18:39:51.207+0300] {dagbag.py:532} INFO - Filling up the DagBag from /home/vladimir/.local/lib/python3.10/site-packages/airflow/example_dags/example_skip_dag.py
[2023-04-27T18:39:51.220+0300] {processor.py:753} INFO - DAG(s) dict_keys(['example_skip_dag']) retrieved from /home/vladimir/.local/lib/python3.10/site-packages/airflow/example_dags/example_skip_dag.py
[2023-04-27T18:39:51.241+0300] {logging_mixin.py:137} INFO - [2023-04-27T18:39:51.241+0300] {dag.py:2705} INFO - Sync 1 DAGs
[2023-04-27T18:39:51.254+0300] {logging_mixin.py:137} INFO - [2023-04-27T18:39:51.254+0300] {dag.py:3452} INFO - Setting next_dagrun for example_skip_dag to 2023-04-26T15:39:51.254611+00:00, run_after=2023-04-27T15:39:51.254611+00:00
[2023-04-27T18:39:51.270+0300] {processor.py:175} INFO - Processing /home/vladimir/.local/lib/python3.10/site-packages/airflow/example_dags/example_skip_dag.py took 0.067 seconds
[2023-04-27T18:40:29.349+0300] {processor.py:153} INFO - Started process (PID=8297) to work on /home/vladimir/.local/lib/python3.10/site-packages/airflow/example_dags/example_skip_dag.py
[2023-04-27T18:40:29.350+0300] {processor.py:743} INFO - Processing file /home/vladimir/.local/lib/python3.10/site-packages/airflow/example_dags/example_skip_dag.py for tasks to queue
[2023-04-27T18:40:29.350+0300] {logging_mixin.py:137} INFO - [2023-04-27T18:40:29.350+0300] {dagbag.py:532} INFO - Filling up the DagBag from /home/vladimir/.local/lib/python3.10/site-packages/airflow/example_dags/example_skip_dag.py
[2023-04-27T18:40:29.362+0300] {processor.py:753} INFO - DAG(s) dict_keys(['example_skip_dag']) retrieved from /home/vladimir/.local/lib/python3.10/site-packages/airflow/example_dags/example_skip_dag.py
[2023-04-27T18:40:29.377+0300] {logging_mixin.py:137} INFO - [2023-04-27T18:40:29.377+0300] {dag.py:2705} INFO - Sync 1 DAGs
[2023-04-27T18:40:29.390+0300] {logging_mixin.py:137} INFO - [2023-04-27T18:40:29.390+0300] {dag.py:3452} INFO - Setting next_dagrun for example_skip_dag to 2023-04-26T15:40:29.390283+00:00, run_after=2023-04-27T15:40:29.390283+00:00
[2023-04-27T18:40:29.403+0300] {processor.py:175} INFO - Processing /home/vladimir/.local/lib/python3.10/site-packages/airflow/example_dags/example_skip_dag.py took 0.056 seconds
[2023-04-27T18:41:20.067+0300] {processor.py:153} INFO - Started process (PID=3071) to work on /home/vladimir/.local/lib/python3.10/site-packages/airflow/example_dags/example_skip_dag.py
[2023-04-27T18:41:20.068+0300] {processor.py:743} INFO - Processing file /home/vladimir/.local/lib/python3.10/site-packages/airflow/example_dags/example_skip_dag.py for tasks to queue
[2023-04-27T18:41:20.068+0300] {logging_mixin.py:137} INFO - [2023-04-27T18:41:20.068+0300] {dagbag.py:532} INFO - Filling up the DagBag from /home/vladimir/.local/lib/python3.10/site-packages/airflow/example_dags/example_skip_dag.py
[2023-04-27T18:41:20.078+0300] {processor.py:753} INFO - DAG(s) dict_keys(['example_skip_dag']) retrieved from /home/vladimir/.local/lib/python3.10/site-packages/airflow/example_dags/example_skip_dag.py
[2023-04-27T18:41:20.094+0300] {logging_mixin.py:137} INFO - [2023-04-27T18:41:20.093+0300] {dag.py:2705} INFO - Sync 1 DAGs
[2023-04-27T18:41:20.106+0300] {logging_mixin.py:137} INFO - [2023-04-27T18:41:20.106+0300] {dag.py:3452} INFO - Setting next_dagrun for example_skip_dag to 2023-04-26T15:41:20.106108+00:00, run_after=2023-04-27T15:41:20.106108+00:00
[2023-04-27T18:41:20.118+0300] {processor.py:175} INFO - Processing /home/vladimir/.local/lib/python3.10/site-packages/airflow/example_dags/example_skip_dag.py took 0.054 seconds
[2023-04-27T18:42:01.463+0300] {processor.py:153} INFO - Started process (PID=3537) to work on /home/vladimir/.local/lib/python3.10/site-packages/airflow/example_dags/example_skip_dag.py
[2023-04-27T18:42:01.465+0300] {processor.py:743} INFO - Processing file /home/vladimir/.local/lib/python3.10/site-packages/airflow/example_dags/example_skip_dag.py for tasks to queue
[2023-04-27T18:42:01.465+0300] {logging_mixin.py:137} INFO - [2023-04-27T18:42:01.465+0300] {dagbag.py:532} INFO - Filling up the DagBag from /home/vladimir/.local/lib/python3.10/site-packages/airflow/example_dags/example_skip_dag.py
[2023-04-27T18:42:01.476+0300] {processor.py:753} INFO - DAG(s) dict_keys(['example_skip_dag']) retrieved from /home/vladimir/.local/lib/python3.10/site-packages/airflow/example_dags/example_skip_dag.py
[2023-04-27T18:42:01.491+0300] {logging_mixin.py:137} INFO - [2023-04-27T18:42:01.491+0300] {dag.py:2705} INFO - Sync 1 DAGs
[2023-04-27T18:42:01.505+0300] {logging_mixin.py:137} INFO - [2023-04-27T18:42:01.505+0300] {dag.py:3452} INFO - Setting next_dagrun for example_skip_dag to 2023-04-26T15:42:01.505649+00:00, run_after=2023-04-27T15:42:01.505649+00:00
[2023-04-27T18:42:01.520+0300] {processor.py:175} INFO - Processing /home/vladimir/.local/lib/python3.10/site-packages/airflow/example_dags/example_skip_dag.py took 0.059 seconds
[2023-04-27T18:42:43.011+0300] {processor.py:153} INFO - Started process (PID=4520) to work on /home/vladimir/.local/lib/python3.10/site-packages/airflow/example_dags/example_skip_dag.py
[2023-04-27T18:42:43.012+0300] {processor.py:743} INFO - Processing file /home/vladimir/.local/lib/python3.10/site-packages/airflow/example_dags/example_skip_dag.py for tasks to queue
[2023-04-27T18:42:43.012+0300] {logging_mixin.py:137} INFO - [2023-04-27T18:42:43.012+0300] {dagbag.py:532} INFO - Filling up the DagBag from /home/vladimir/.local/lib/python3.10/site-packages/airflow/example_dags/example_skip_dag.py
[2023-04-27T18:42:43.023+0300] {processor.py:753} INFO - DAG(s) dict_keys(['example_skip_dag']) retrieved from /home/vladimir/.local/lib/python3.10/site-packages/airflow/example_dags/example_skip_dag.py
[2023-04-27T18:42:43.037+0300] {logging_mixin.py:137} INFO - [2023-04-27T18:42:43.037+0300] {dag.py:2705} INFO - Sync 1 DAGs
[2023-04-27T18:42:43.049+0300] {logging_mixin.py:137} INFO - [2023-04-27T18:42:43.049+0300] {dag.py:3452} INFO - Setting next_dagrun for example_skip_dag to 2023-04-26T15:42:43.049507+00:00, run_after=2023-04-27T15:42:43.049507+00:00
[2023-04-27T18:42:43.062+0300] {processor.py:175} INFO - Processing /home/vladimir/.local/lib/python3.10/site-packages/airflow/example_dags/example_skip_dag.py took 0.054 seconds
[2023-04-27T18:43:22.603+0300] {processor.py:153} INFO - Started process (PID=5191) to work on /home/vladimir/.local/lib/python3.10/site-packages/airflow/example_dags/example_skip_dag.py
[2023-04-27T18:43:22.604+0300] {processor.py:743} INFO - Processing file /home/vladimir/.local/lib/python3.10/site-packages/airflow/example_dags/example_skip_dag.py for tasks to queue
[2023-04-27T18:43:22.605+0300] {logging_mixin.py:137} INFO - [2023-04-27T18:43:22.605+0300] {dagbag.py:532} INFO - Filling up the DagBag from /home/vladimir/.local/lib/python3.10/site-packages/airflow/example_dags/example_skip_dag.py
[2023-04-27T18:43:22.620+0300] {processor.py:753} INFO - DAG(s) dict_keys(['example_skip_dag']) retrieved from /home/vladimir/.local/lib/python3.10/site-packages/airflow/example_dags/example_skip_dag.py
[2023-04-27T18:43:22.637+0300] {logging_mixin.py:137} INFO - [2023-04-27T18:43:22.636+0300] {dag.py:2705} INFO - Sync 1 DAGs
[2023-04-27T18:43:22.652+0300] {logging_mixin.py:137} INFO - [2023-04-27T18:43:22.652+0300] {dag.py:3452} INFO - Setting next_dagrun for example_skip_dag to 2023-04-26T15:43:22.652053+00:00, run_after=2023-04-27T15:43:22.652053+00:00
[2023-04-27T18:43:22.670+0300] {processor.py:175} INFO - Processing /home/vladimir/.local/lib/python3.10/site-packages/airflow/example_dags/example_skip_dag.py took 0.070 seconds
[2023-04-27T18:44:09.395+0300] {processor.py:153} INFO - Started process (PID=7752) to work on /home/vladimir/.local/lib/python3.10/site-packages/airflow/example_dags/example_skip_dag.py
[2023-04-27T18:44:09.404+0300] {processor.py:743} INFO - Processing file /home/vladimir/.local/lib/python3.10/site-packages/airflow/example_dags/example_skip_dag.py for tasks to queue
[2023-04-27T18:44:09.405+0300] {logging_mixin.py:137} INFO - [2023-04-27T18:44:09.405+0300] {dagbag.py:532} INFO - Filling up the DagBag from /home/vladimir/.local/lib/python3.10/site-packages/airflow/example_dags/example_skip_dag.py
[2023-04-27T18:44:09.428+0300] {processor.py:753} INFO - DAG(s) dict_keys(['example_skip_dag']) retrieved from /home/vladimir/.local/lib/python3.10/site-packages/airflow/example_dags/example_skip_dag.py
[2023-04-27T18:44:09.469+0300] {logging_mixin.py:137} INFO - [2023-04-27T18:44:09.469+0300] {dag.py:2705} INFO - Sync 1 DAGs
[2023-04-27T18:44:09.494+0300] {logging_mixin.py:137} INFO - [2023-04-27T18:44:09.494+0300] {dag.py:3452} INFO - Setting next_dagrun for example_skip_dag to 2023-04-26T15:44:09.494076+00:00, run_after=2023-04-27T15:44:09.494076+00:00
[2023-04-27T18:44:09.528+0300] {processor.py:175} INFO - Processing /home/vladimir/.local/lib/python3.10/site-packages/airflow/example_dags/example_skip_dag.py took 0.148 seconds
[2023-04-27T18:44:52.118+0300] {processor.py:153} INFO - Started process (PID=9313) to work on /home/vladimir/.local/lib/python3.10/site-packages/airflow/example_dags/example_skip_dag.py
[2023-04-27T18:44:52.119+0300] {processor.py:743} INFO - Processing file /home/vladimir/.local/lib/python3.10/site-packages/airflow/example_dags/example_skip_dag.py for tasks to queue
[2023-04-27T18:44:52.120+0300] {logging_mixin.py:137} INFO - [2023-04-27T18:44:52.120+0300] {dagbag.py:532} INFO - Filling up the DagBag from /home/vladimir/.local/lib/python3.10/site-packages/airflow/example_dags/example_skip_dag.py
[2023-04-27T18:44:52.131+0300] {processor.py:753} INFO - DAG(s) dict_keys(['example_skip_dag']) retrieved from /home/vladimir/.local/lib/python3.10/site-packages/airflow/example_dags/example_skip_dag.py
[2023-04-27T18:44:52.145+0300] {logging_mixin.py:137} INFO - [2023-04-27T18:44:52.144+0300] {dag.py:2705} INFO - Sync 1 DAGs
[2023-04-27T18:44:52.158+0300] {logging_mixin.py:137} INFO - [2023-04-27T18:44:52.158+0300] {dag.py:3452} INFO - Setting next_dagrun for example_skip_dag to 2023-04-26T15:44:52.158574+00:00, run_after=2023-04-27T15:44:52.158574+00:00
[2023-04-27T18:44:52.171+0300] {processor.py:175} INFO - Processing /home/vladimir/.local/lib/python3.10/site-packages/airflow/example_dags/example_skip_dag.py took 0.056 seconds
[2023-04-27T18:45:34.347+0300] {processor.py:153} INFO - Started process (PID=11395) to work on /home/vladimir/.local/lib/python3.10/site-packages/airflow/example_dags/example_skip_dag.py
[2023-04-27T18:45:34.354+0300] {processor.py:743} INFO - Processing file /home/vladimir/.local/lib/python3.10/site-packages/airflow/example_dags/example_skip_dag.py for tasks to queue
[2023-04-27T18:45:34.355+0300] {logging_mixin.py:137} INFO - [2023-04-27T18:45:34.355+0300] {dagbag.py:532} INFO - Filling up the DagBag from /home/vladimir/.local/lib/python3.10/site-packages/airflow/example_dags/example_skip_dag.py
[2023-04-27T18:45:34.381+0300] {processor.py:753} INFO - DAG(s) dict_keys(['example_skip_dag']) retrieved from /home/vladimir/.local/lib/python3.10/site-packages/airflow/example_dags/example_skip_dag.py
[2023-04-27T18:45:34.420+0300] {logging_mixin.py:137} INFO - [2023-04-27T18:45:34.420+0300] {dag.py:2705} INFO - Sync 1 DAGs
[2023-04-27T18:45:34.468+0300] {logging_mixin.py:137} INFO - [2023-04-27T18:45:34.468+0300] {dag.py:3452} INFO - Setting next_dagrun for example_skip_dag to 2023-04-26T15:45:34.468380+00:00, run_after=2023-04-27T15:45:34.468380+00:00
[2023-04-27T18:45:34.495+0300] {processor.py:175} INFO - Processing /home/vladimir/.local/lib/python3.10/site-packages/airflow/example_dags/example_skip_dag.py took 0.150 seconds
[2023-04-27T18:46:14.600+0300] {processor.py:153} INFO - Started process (PID=18028) to work on /home/vladimir/.local/lib/python3.10/site-packages/airflow/example_dags/example_skip_dag.py
[2023-04-27T18:46:14.601+0300] {processor.py:743} INFO - Processing file /home/vladimir/.local/lib/python3.10/site-packages/airflow/example_dags/example_skip_dag.py for tasks to queue
[2023-04-27T18:46:14.601+0300] {logging_mixin.py:137} INFO - [2023-04-27T18:46:14.601+0300] {dagbag.py:532} INFO - Filling up the DagBag from /home/vladimir/.local/lib/python3.10/site-packages/airflow/example_dags/example_skip_dag.py
[2023-04-27T18:46:14.612+0300] {processor.py:753} INFO - DAG(s) dict_keys(['example_skip_dag']) retrieved from /home/vladimir/.local/lib/python3.10/site-packages/airflow/example_dags/example_skip_dag.py
[2023-04-27T18:46:14.627+0300] {logging_mixin.py:137} INFO - [2023-04-27T18:46:14.627+0300] {dag.py:2705} INFO - Sync 1 DAGs
[2023-04-27T18:46:14.640+0300] {logging_mixin.py:137} INFO - [2023-04-27T18:46:14.640+0300] {dag.py:3452} INFO - Setting next_dagrun for example_skip_dag to 2023-04-26T15:46:14.640266+00:00, run_after=2023-04-27T15:46:14.640266+00:00
[2023-04-27T18:46:14.654+0300] {processor.py:175} INFO - Processing /home/vladimir/.local/lib/python3.10/site-packages/airflow/example_dags/example_skip_dag.py took 0.056 seconds
[2023-04-27T18:46:56.054+0300] {processor.py:153} INFO - Started process (PID=2783) to work on /home/vladimir/.local/lib/python3.10/site-packages/airflow/example_dags/example_skip_dag.py
[2023-04-27T18:46:56.055+0300] {processor.py:743} INFO - Processing file /home/vladimir/.local/lib/python3.10/site-packages/airflow/example_dags/example_skip_dag.py for tasks to queue
[2023-04-27T18:46:56.055+0300] {logging_mixin.py:137} INFO - [2023-04-27T18:46:56.055+0300] {dagbag.py:532} INFO - Filling up the DagBag from /home/vladimir/.local/lib/python3.10/site-packages/airflow/example_dags/example_skip_dag.py
[2023-04-27T18:46:56.065+0300] {processor.py:753} INFO - DAG(s) dict_keys(['example_skip_dag']) retrieved from /home/vladimir/.local/lib/python3.10/site-packages/airflow/example_dags/example_skip_dag.py
[2023-04-27T18:46:56.081+0300] {logging_mixin.py:137} INFO - [2023-04-27T18:46:56.081+0300] {dag.py:2705} INFO - Sync 1 DAGs
[2023-04-27T18:46:56.094+0300] {logging_mixin.py:137} INFO - [2023-04-27T18:46:56.093+0300] {dag.py:3452} INFO - Setting next_dagrun for example_skip_dag to 2023-04-26T15:46:56.093749+00:00, run_after=2023-04-27T15:46:56.093749+00:00
[2023-04-27T18:46:56.105+0300] {processor.py:175} INFO - Processing /home/vladimir/.local/lib/python3.10/site-packages/airflow/example_dags/example_skip_dag.py took 0.053 seconds
[2023-04-27T18:47:38.498+0300] {processor.py:153} INFO - Started process (PID=3809) to work on /home/vladimir/.local/lib/python3.10/site-packages/airflow/example_dags/example_skip_dag.py
[2023-04-27T18:47:38.499+0300] {processor.py:743} INFO - Processing file /home/vladimir/.local/lib/python3.10/site-packages/airflow/example_dags/example_skip_dag.py for tasks to queue
[2023-04-27T18:47:38.500+0300] {logging_mixin.py:137} INFO - [2023-04-27T18:47:38.500+0300] {dagbag.py:532} INFO - Filling up the DagBag from /home/vladimir/.local/lib/python3.10/site-packages/airflow/example_dags/example_skip_dag.py
[2023-04-27T18:47:38.511+0300] {processor.py:753} INFO - DAG(s) dict_keys(['example_skip_dag']) retrieved from /home/vladimir/.local/lib/python3.10/site-packages/airflow/example_dags/example_skip_dag.py
[2023-04-27T18:47:38.527+0300] {logging_mixin.py:137} INFO - [2023-04-27T18:47:38.527+0300] {dag.py:2705} INFO - Sync 1 DAGs
[2023-04-27T18:47:38.540+0300] {logging_mixin.py:137} INFO - [2023-04-27T18:47:38.540+0300] {dag.py:3452} INFO - Setting next_dagrun for example_skip_dag to 2023-04-26T15:47:38.539991+00:00, run_after=2023-04-27T15:47:38.539991+00:00
[2023-04-27T18:47:38.553+0300] {processor.py:175} INFO - Processing /home/vladimir/.local/lib/python3.10/site-packages/airflow/example_dags/example_skip_dag.py took 0.057 seconds
[2023-04-27T18:48:18.415+0300] {processor.py:153} INFO - Started process (PID=4125) to work on /home/vladimir/.local/lib/python3.10/site-packages/airflow/example_dags/example_skip_dag.py
[2023-04-27T18:48:18.416+0300] {processor.py:743} INFO - Processing file /home/vladimir/.local/lib/python3.10/site-packages/airflow/example_dags/example_skip_dag.py for tasks to queue
[2023-04-27T18:48:18.417+0300] {logging_mixin.py:137} INFO - [2023-04-27T18:48:18.417+0300] {dagbag.py:532} INFO - Filling up the DagBag from /home/vladimir/.local/lib/python3.10/site-packages/airflow/example_dags/example_skip_dag.py
[2023-04-27T18:48:18.426+0300] {processor.py:753} INFO - DAG(s) dict_keys(['example_skip_dag']) retrieved from /home/vladimir/.local/lib/python3.10/site-packages/airflow/example_dags/example_skip_dag.py
[2023-04-27T18:48:18.439+0300] {logging_mixin.py:137} INFO - [2023-04-27T18:48:18.439+0300] {dag.py:2705} INFO - Sync 1 DAGs
[2023-04-27T18:48:18.451+0300] {logging_mixin.py:137} INFO - [2023-04-27T18:48:18.451+0300] {dag.py:3452} INFO - Setting next_dagrun for example_skip_dag to 2023-04-26T15:48:18.450964+00:00, run_after=2023-04-27T15:48:18.450964+00:00
[2023-04-27T18:48:18.464+0300] {processor.py:175} INFO - Processing /home/vladimir/.local/lib/python3.10/site-packages/airflow/example_dags/example_skip_dag.py took 0.051 seconds
[2023-04-27T18:49:00.227+0300] {processor.py:153} INFO - Started process (PID=4172) to work on /home/vladimir/.local/lib/python3.10/site-packages/airflow/example_dags/example_skip_dag.py
[2023-04-27T18:49:00.228+0300] {processor.py:743} INFO - Processing file /home/vladimir/.local/lib/python3.10/site-packages/airflow/example_dags/example_skip_dag.py for tasks to queue
[2023-04-27T18:49:00.228+0300] {logging_mixin.py:137} INFO - [2023-04-27T18:49:00.228+0300] {dagbag.py:532} INFO - Filling up the DagBag from /home/vladimir/.local/lib/python3.10/site-packages/airflow/example_dags/example_skip_dag.py
[2023-04-27T18:49:00.238+0300] {processor.py:753} INFO - DAG(s) dict_keys(['example_skip_dag']) retrieved from /home/vladimir/.local/lib/python3.10/site-packages/airflow/example_dags/example_skip_dag.py
[2023-04-27T18:49:00.252+0300] {logging_mixin.py:137} INFO - [2023-04-27T18:49:00.251+0300] {dag.py:2705} INFO - Sync 1 DAGs
[2023-04-27T18:49:00.264+0300] {logging_mixin.py:137} INFO - [2023-04-27T18:49:00.263+0300] {dag.py:3452} INFO - Setting next_dagrun for example_skip_dag to 2023-04-26T15:49:00.263804+00:00, run_after=2023-04-27T15:49:00.263804+00:00
[2023-04-27T18:49:00.276+0300] {processor.py:175} INFO - Processing /home/vladimir/.local/lib/python3.10/site-packages/airflow/example_dags/example_skip_dag.py took 0.051 seconds
[2023-04-27T18:49:44.928+0300] {processor.py:153} INFO - Started process (PID=4431) to work on /home/vladimir/.local/lib/python3.10/site-packages/airflow/example_dags/example_skip_dag.py
[2023-04-27T18:49:44.932+0300] {processor.py:743} INFO - Processing file /home/vladimir/.local/lib/python3.10/site-packages/airflow/example_dags/example_skip_dag.py for tasks to queue
[2023-04-27T18:49:44.932+0300] {logging_mixin.py:137} INFO - [2023-04-27T18:49:44.932+0300] {dagbag.py:532} INFO - Filling up the DagBag from /home/vladimir/.local/lib/python3.10/site-packages/airflow/example_dags/example_skip_dag.py
[2023-04-27T18:49:44.945+0300] {processor.py:753} INFO - DAG(s) dict_keys(['example_skip_dag']) retrieved from /home/vladimir/.local/lib/python3.10/site-packages/airflow/example_dags/example_skip_dag.py
[2023-04-27T18:49:44.966+0300] {logging_mixin.py:137} INFO - [2023-04-27T18:49:44.966+0300] {dag.py:2705} INFO - Sync 1 DAGs
[2023-04-27T18:49:44.991+0300] {logging_mixin.py:137} INFO - [2023-04-27T18:49:44.990+0300] {dag.py:3452} INFO - Setting next_dagrun for example_skip_dag to 2023-04-26T15:49:44.990681+00:00, run_after=2023-04-27T15:49:44.990681+00:00
[2023-04-27T18:49:45.009+0300] {processor.py:175} INFO - Processing /home/vladimir/.local/lib/python3.10/site-packages/airflow/example_dags/example_skip_dag.py took 0.085 seconds
[2023-04-27T18:50:24.827+0300] {processor.py:153} INFO - Started process (PID=4741) to work on /home/vladimir/.local/lib/python3.10/site-packages/airflow/example_dags/example_skip_dag.py
[2023-04-27T18:50:24.828+0300] {processor.py:743} INFO - Processing file /home/vladimir/.local/lib/python3.10/site-packages/airflow/example_dags/example_skip_dag.py for tasks to queue
[2023-04-27T18:50:24.829+0300] {logging_mixin.py:137} INFO - [2023-04-27T18:50:24.829+0300] {dagbag.py:532} INFO - Filling up the DagBag from /home/vladimir/.local/lib/python3.10/site-packages/airflow/example_dags/example_skip_dag.py
[2023-04-27T18:50:24.839+0300] {processor.py:753} INFO - DAG(s) dict_keys(['example_skip_dag']) retrieved from /home/vladimir/.local/lib/python3.10/site-packages/airflow/example_dags/example_skip_dag.py
[2023-04-27T18:50:24.859+0300] {logging_mixin.py:137} INFO - [2023-04-27T18:50:24.859+0300] {dag.py:2705} INFO - Sync 1 DAGs
[2023-04-27T18:50:24.872+0300] {logging_mixin.py:137} INFO - [2023-04-27T18:50:24.872+0300] {dag.py:3452} INFO - Setting next_dagrun for example_skip_dag to 2023-04-26T15:50:24.872596+00:00, run_after=2023-04-27T15:50:24.872596+00:00
[2023-04-27T18:50:24.887+0300] {processor.py:175} INFO - Processing /home/vladimir/.local/lib/python3.10/site-packages/airflow/example_dags/example_skip_dag.py took 0.063 seconds
[2023-04-27T18:50:59.283+0300] {processor.py:153} INFO - Started process (PID=5232) to work on /home/vladimir/.local/lib/python3.10/site-packages/airflow/example_dags/example_skip_dag.py
[2023-04-27T18:50:59.284+0300] {processor.py:743} INFO - Processing file /home/vladimir/.local/lib/python3.10/site-packages/airflow/example_dags/example_skip_dag.py for tasks to queue
[2023-04-27T18:50:59.284+0300] {logging_mixin.py:137} INFO - [2023-04-27T18:50:59.284+0300] {dagbag.py:532} INFO - Filling up the DagBag from /home/vladimir/.local/lib/python3.10/site-packages/airflow/example_dags/example_skip_dag.py
[2023-04-27T18:50:59.294+0300] {processor.py:753} INFO - DAG(s) dict_keys(['example_skip_dag']) retrieved from /home/vladimir/.local/lib/python3.10/site-packages/airflow/example_dags/example_skip_dag.py
[2023-04-27T18:50:59.309+0300] {logging_mixin.py:137} INFO - [2023-04-27T18:50:59.309+0300] {dag.py:2705} INFO - Sync 1 DAGs
[2023-04-27T18:50:59.321+0300] {logging_mixin.py:137} INFO - [2023-04-27T18:50:59.321+0300] {dag.py:3452} INFO - Setting next_dagrun for example_skip_dag to 2023-04-26T15:50:59.321417+00:00, run_after=2023-04-27T15:50:59.321417+00:00
[2023-04-27T18:50:59.335+0300] {processor.py:175} INFO - Processing /home/vladimir/.local/lib/python3.10/site-packages/airflow/example_dags/example_skip_dag.py took 0.055 seconds
[2023-04-27T18:51:38.124+0300] {processor.py:153} INFO - Started process (PID=5282) to work on /home/vladimir/.local/lib/python3.10/site-packages/airflow/example_dags/example_skip_dag.py
[2023-04-27T18:51:38.125+0300] {processor.py:743} INFO - Processing file /home/vladimir/.local/lib/python3.10/site-packages/airflow/example_dags/example_skip_dag.py for tasks to queue
[2023-04-27T18:51:38.126+0300] {logging_mixin.py:137} INFO - [2023-04-27T18:51:38.125+0300] {dagbag.py:532} INFO - Filling up the DagBag from /home/vladimir/.local/lib/python3.10/site-packages/airflow/example_dags/example_skip_dag.py
[2023-04-27T18:51:38.135+0300] {processor.py:753} INFO - DAG(s) dict_keys(['example_skip_dag']) retrieved from /home/vladimir/.local/lib/python3.10/site-packages/airflow/example_dags/example_skip_dag.py
[2023-04-27T18:51:38.148+0300] {logging_mixin.py:137} INFO - [2023-04-27T18:51:38.148+0300] {dag.py:2705} INFO - Sync 1 DAGs
[2023-04-27T18:51:38.160+0300] {logging_mixin.py:137} INFO - [2023-04-27T18:51:38.159+0300] {dag.py:3452} INFO - Setting next_dagrun for example_skip_dag to 2023-04-26T15:51:38.159759+00:00, run_after=2023-04-27T15:51:38.159759+00:00
[2023-04-27T18:51:38.173+0300] {processor.py:175} INFO - Processing /home/vladimir/.local/lib/python3.10/site-packages/airflow/example_dags/example_skip_dag.py took 0.051 seconds
[2023-04-27T18:52:19.151+0300] {processor.py:153} INFO - Started process (PID=5328) to work on /home/vladimir/.local/lib/python3.10/site-packages/airflow/example_dags/example_skip_dag.py
[2023-04-27T18:52:19.152+0300] {processor.py:743} INFO - Processing file /home/vladimir/.local/lib/python3.10/site-packages/airflow/example_dags/example_skip_dag.py for tasks to queue
[2023-04-27T18:52:19.152+0300] {logging_mixin.py:137} INFO - [2023-04-27T18:52:19.152+0300] {dagbag.py:532} INFO - Filling up the DagBag from /home/vladimir/.local/lib/python3.10/site-packages/airflow/example_dags/example_skip_dag.py
[2023-04-27T18:52:19.163+0300] {processor.py:753} INFO - DAG(s) dict_keys(['example_skip_dag']) retrieved from /home/vladimir/.local/lib/python3.10/site-packages/airflow/example_dags/example_skip_dag.py
[2023-04-27T18:52:19.177+0300] {logging_mixin.py:137} INFO - [2023-04-27T18:52:19.177+0300] {dag.py:2705} INFO - Sync 1 DAGs
[2023-04-27T18:52:19.190+0300] {logging_mixin.py:137} INFO - [2023-04-27T18:52:19.190+0300] {dag.py:3452} INFO - Setting next_dagrun for example_skip_dag to 2023-04-26T15:52:19.190166+00:00, run_after=2023-04-27T15:52:19.190166+00:00
[2023-04-27T18:52:19.204+0300] {processor.py:175} INFO - Processing /home/vladimir/.local/lib/python3.10/site-packages/airflow/example_dags/example_skip_dag.py took 0.056 seconds
[2023-04-27T18:52:57.874+0300] {processor.py:153} INFO - Started process (PID=5368) to work on /home/vladimir/.local/lib/python3.10/site-packages/airflow/example_dags/example_skip_dag.py
[2023-04-27T18:52:57.875+0300] {processor.py:743} INFO - Processing file /home/vladimir/.local/lib/python3.10/site-packages/airflow/example_dags/example_skip_dag.py for tasks to queue
[2023-04-27T18:52:57.876+0300] {logging_mixin.py:137} INFO - [2023-04-27T18:52:57.876+0300] {dagbag.py:532} INFO - Filling up the DagBag from /home/vladimir/.local/lib/python3.10/site-packages/airflow/example_dags/example_skip_dag.py
[2023-04-27T18:52:57.887+0300] {processor.py:753} INFO - DAG(s) dict_keys(['example_skip_dag']) retrieved from /home/vladimir/.local/lib/python3.10/site-packages/airflow/example_dags/example_skip_dag.py
[2023-04-27T18:52:57.900+0300] {logging_mixin.py:137} INFO - [2023-04-27T18:52:57.900+0300] {dag.py:2705} INFO - Sync 1 DAGs
[2023-04-27T18:52:57.912+0300] {logging_mixin.py:137} INFO - [2023-04-27T18:52:57.912+0300] {dag.py:3452} INFO - Setting next_dagrun for example_skip_dag to 2023-04-26T15:52:57.912106+00:00, run_after=2023-04-27T15:52:57.912106+00:00
[2023-04-27T18:52:57.926+0300] {processor.py:175} INFO - Processing /home/vladimir/.local/lib/python3.10/site-packages/airflow/example_dags/example_skip_dag.py took 0.054 seconds
[2023-04-27T18:53:40.262+0300] {processor.py:153} INFO - Started process (PID=5558) to work on /home/vladimir/.local/lib/python3.10/site-packages/airflow/example_dags/example_skip_dag.py
[2023-04-27T18:53:40.262+0300] {processor.py:743} INFO - Processing file /home/vladimir/.local/lib/python3.10/site-packages/airflow/example_dags/example_skip_dag.py for tasks to queue
[2023-04-27T18:53:40.263+0300] {logging_mixin.py:137} INFO - [2023-04-27T18:53:40.263+0300] {dagbag.py:532} INFO - Filling up the DagBag from /home/vladimir/.local/lib/python3.10/site-packages/airflow/example_dags/example_skip_dag.py
[2023-04-27T18:53:40.273+0300] {processor.py:753} INFO - DAG(s) dict_keys(['example_skip_dag']) retrieved from /home/vladimir/.local/lib/python3.10/site-packages/airflow/example_dags/example_skip_dag.py
[2023-04-27T18:53:40.286+0300] {logging_mixin.py:137} INFO - [2023-04-27T18:53:40.286+0300] {dag.py:2705} INFO - Sync 1 DAGs
[2023-04-27T18:53:40.299+0300] {logging_mixin.py:137} INFO - [2023-04-27T18:53:40.299+0300] {dag.py:3452} INFO - Setting next_dagrun for example_skip_dag to 2023-04-26T15:53:40.298927+00:00, run_after=2023-04-27T15:53:40.298927+00:00
[2023-04-27T18:53:40.311+0300] {processor.py:175} INFO - Processing /home/vladimir/.local/lib/python3.10/site-packages/airflow/example_dags/example_skip_dag.py took 0.052 seconds
[2023-04-27T18:54:15.253+0300] {processor.py:153} INFO - Started process (PID=5596) to work on /home/vladimir/.local/lib/python3.10/site-packages/airflow/example_dags/example_skip_dag.py
[2023-04-27T18:54:15.254+0300] {processor.py:743} INFO - Processing file /home/vladimir/.local/lib/python3.10/site-packages/airflow/example_dags/example_skip_dag.py for tasks to queue
[2023-04-27T18:54:15.254+0300] {logging_mixin.py:137} INFO - [2023-04-27T18:54:15.254+0300] {dagbag.py:532} INFO - Filling up the DagBag from /home/vladimir/.local/lib/python3.10/site-packages/airflow/example_dags/example_skip_dag.py
[2023-04-27T18:54:15.264+0300] {processor.py:753} INFO - DAG(s) dict_keys(['example_skip_dag']) retrieved from /home/vladimir/.local/lib/python3.10/site-packages/airflow/example_dags/example_skip_dag.py
[2023-04-27T18:54:15.277+0300] {logging_mixin.py:137} INFO - [2023-04-27T18:54:15.277+0300] {dag.py:2705} INFO - Sync 1 DAGs
[2023-04-27T18:54:15.289+0300] {logging_mixin.py:137} INFO - [2023-04-27T18:54:15.289+0300] {dag.py:3452} INFO - Setting next_dagrun for example_skip_dag to 2023-04-26T15:54:15.289062+00:00, run_after=2023-04-27T15:54:15.289062+00:00
[2023-04-27T18:54:15.301+0300] {processor.py:175} INFO - Processing /home/vladimir/.local/lib/python3.10/site-packages/airflow/example_dags/example_skip_dag.py took 0.051 seconds
[2023-04-27T18:54:52.403+0300] {processor.py:153} INFO - Started process (PID=5640) to work on /home/vladimir/.local/lib/python3.10/site-packages/airflow/example_dags/example_skip_dag.py
[2023-04-27T18:54:52.404+0300] {processor.py:743} INFO - Processing file /home/vladimir/.local/lib/python3.10/site-packages/airflow/example_dags/example_skip_dag.py for tasks to queue
[2023-04-27T18:54:52.404+0300] {logging_mixin.py:137} INFO - [2023-04-27T18:54:52.404+0300] {dagbag.py:532} INFO - Filling up the DagBag from /home/vladimir/.local/lib/python3.10/site-packages/airflow/example_dags/example_skip_dag.py
[2023-04-27T18:54:52.414+0300] {processor.py:753} INFO - DAG(s) dict_keys(['example_skip_dag']) retrieved from /home/vladimir/.local/lib/python3.10/site-packages/airflow/example_dags/example_skip_dag.py
[2023-04-27T18:54:52.427+0300] {logging_mixin.py:137} INFO - [2023-04-27T18:54:52.427+0300] {dag.py:2705} INFO - Sync 1 DAGs
[2023-04-27T18:54:52.438+0300] {logging_mixin.py:137} INFO - [2023-04-27T18:54:52.438+0300] {dag.py:3452} INFO - Setting next_dagrun for example_skip_dag to 2023-04-26T15:54:52.438685+00:00, run_after=2023-04-27T15:54:52.438685+00:00
[2023-04-27T18:54:52.450+0300] {processor.py:175} INFO - Processing /home/vladimir/.local/lib/python3.10/site-packages/airflow/example_dags/example_skip_dag.py took 0.049 seconds
[2023-04-27T18:55:28.352+0300] {processor.py:153} INFO - Started process (PID=5684) to work on /home/vladimir/.local/lib/python3.10/site-packages/airflow/example_dags/example_skip_dag.py
[2023-04-27T18:55:28.354+0300] {processor.py:743} INFO - Processing file /home/vladimir/.local/lib/python3.10/site-packages/airflow/example_dags/example_skip_dag.py for tasks to queue
[2023-04-27T18:55:28.356+0300] {logging_mixin.py:137} INFO - [2023-04-27T18:55:28.355+0300] {dagbag.py:532} INFO - Filling up the DagBag from /home/vladimir/.local/lib/python3.10/site-packages/airflow/example_dags/example_skip_dag.py
[2023-04-27T18:55:28.364+0300] {processor.py:753} INFO - DAG(s) dict_keys(['example_skip_dag']) retrieved from /home/vladimir/.local/lib/python3.10/site-packages/airflow/example_dags/example_skip_dag.py
[2023-04-27T18:55:28.380+0300] {logging_mixin.py:137} INFO - [2023-04-27T18:55:28.380+0300] {dag.py:2705} INFO - Sync 1 DAGs
[2023-04-27T18:55:28.392+0300] {logging_mixin.py:137} INFO - [2023-04-27T18:55:28.391+0300] {dag.py:3452} INFO - Setting next_dagrun for example_skip_dag to 2023-04-26T15:55:28.391719+00:00, run_after=2023-04-27T15:55:28.391719+00:00
[2023-04-27T18:55:28.405+0300] {processor.py:175} INFO - Processing /home/vladimir/.local/lib/python3.10/site-packages/airflow/example_dags/example_skip_dag.py took 0.055 seconds
[2023-04-27T18:56:12.917+0300] {processor.py:153} INFO - Started process (PID=5738) to work on /home/vladimir/.local/lib/python3.10/site-packages/airflow/example_dags/example_skip_dag.py
[2023-04-27T18:56:12.919+0300] {processor.py:743} INFO - Processing file /home/vladimir/.local/lib/python3.10/site-packages/airflow/example_dags/example_skip_dag.py for tasks to queue
[2023-04-27T18:56:12.920+0300] {logging_mixin.py:137} INFO - [2023-04-27T18:56:12.920+0300] {dagbag.py:532} INFO - Filling up the DagBag from /home/vladimir/.local/lib/python3.10/site-packages/airflow/example_dags/example_skip_dag.py
[2023-04-27T18:56:12.955+0300] {processor.py:753} INFO - DAG(s) dict_keys(['example_skip_dag']) retrieved from /home/vladimir/.local/lib/python3.10/site-packages/airflow/example_dags/example_skip_dag.py
[2023-04-27T18:56:12.969+0300] {logging_mixin.py:137} INFO - [2023-04-27T18:56:12.969+0300] {dag.py:2705} INFO - Sync 1 DAGs
[2023-04-27T18:56:12.982+0300] {logging_mixin.py:137} INFO - [2023-04-27T18:56:12.982+0300] {dag.py:3452} INFO - Setting next_dagrun for example_skip_dag to 2023-04-26T15:56:12.981866+00:00, run_after=2023-04-27T15:56:12.981866+00:00
[2023-04-27T18:56:12.994+0300] {processor.py:175} INFO - Processing /home/vladimir/.local/lib/python3.10/site-packages/airflow/example_dags/example_skip_dag.py took 0.081 seconds
[2023-04-27T18:56:56.488+0300] {processor.py:153} INFO - Started process (PID=6657) to work on /home/vladimir/.local/lib/python3.10/site-packages/airflow/example_dags/example_skip_dag.py
[2023-04-27T18:56:56.489+0300] {processor.py:743} INFO - Processing file /home/vladimir/.local/lib/python3.10/site-packages/airflow/example_dags/example_skip_dag.py for tasks to queue
[2023-04-27T18:56:56.490+0300] {logging_mixin.py:137} INFO - [2023-04-27T18:56:56.490+0300] {dagbag.py:532} INFO - Filling up the DagBag from /home/vladimir/.local/lib/python3.10/site-packages/airflow/example_dags/example_skip_dag.py
[2023-04-27T18:56:56.500+0300] {processor.py:753} INFO - DAG(s) dict_keys(['example_skip_dag']) retrieved from /home/vladimir/.local/lib/python3.10/site-packages/airflow/example_dags/example_skip_dag.py
[2023-04-27T18:56:56.514+0300] {logging_mixin.py:137} INFO - [2023-04-27T18:56:56.514+0300] {dag.py:2705} INFO - Sync 1 DAGs
[2023-04-27T18:56:56.529+0300] {logging_mixin.py:137} INFO - [2023-04-27T18:56:56.529+0300] {dag.py:3452} INFO - Setting next_dagrun for example_skip_dag to 2023-04-26T15:56:56.528020+00:00, run_after=2023-04-27T15:56:56.528020+00:00
[2023-04-27T18:56:56.542+0300] {processor.py:175} INFO - Processing /home/vladimir/.local/lib/python3.10/site-packages/airflow/example_dags/example_skip_dag.py took 0.056 seconds
[2023-04-27T18:57:36.096+0300] {processor.py:153} INFO - Started process (PID=6723) to work on /home/vladimir/.local/lib/python3.10/site-packages/airflow/example_dags/example_skip_dag.py
[2023-04-27T18:57:36.097+0300] {processor.py:743} INFO - Processing file /home/vladimir/.local/lib/python3.10/site-packages/airflow/example_dags/example_skip_dag.py for tasks to queue
[2023-04-27T18:57:36.098+0300] {logging_mixin.py:137} INFO - [2023-04-27T18:57:36.097+0300] {dagbag.py:532} INFO - Filling up the DagBag from /home/vladimir/.local/lib/python3.10/site-packages/airflow/example_dags/example_skip_dag.py
[2023-04-27T18:57:36.108+0300] {processor.py:753} INFO - DAG(s) dict_keys(['example_skip_dag']) retrieved from /home/vladimir/.local/lib/python3.10/site-packages/airflow/example_dags/example_skip_dag.py
[2023-04-27T18:57:36.123+0300] {logging_mixin.py:137} INFO - [2023-04-27T18:57:36.123+0300] {dag.py:2705} INFO - Sync 1 DAGs
[2023-04-27T18:57:36.137+0300] {logging_mixin.py:137} INFO - [2023-04-27T18:57:36.137+0300] {dag.py:3452} INFO - Setting next_dagrun for example_skip_dag to 2023-04-26T15:57:36.137692+00:00, run_after=2023-04-27T15:57:36.137692+00:00
[2023-04-27T18:57:36.150+0300] {processor.py:175} INFO - Processing /home/vladimir/.local/lib/python3.10/site-packages/airflow/example_dags/example_skip_dag.py took 0.056 seconds
[2023-04-27T18:58:13.908+0300] {processor.py:153} INFO - Started process (PID=6790) to work on /home/vladimir/.local/lib/python3.10/site-packages/airflow/example_dags/example_skip_dag.py
[2023-04-27T18:58:13.909+0300] {processor.py:743} INFO - Processing file /home/vladimir/.local/lib/python3.10/site-packages/airflow/example_dags/example_skip_dag.py for tasks to queue
[2023-04-27T18:58:13.909+0300] {logging_mixin.py:137} INFO - [2023-04-27T18:58:13.909+0300] {dagbag.py:532} INFO - Filling up the DagBag from /home/vladimir/.local/lib/python3.10/site-packages/airflow/example_dags/example_skip_dag.py
[2023-04-27T18:58:13.919+0300] {processor.py:753} INFO - DAG(s) dict_keys(['example_skip_dag']) retrieved from /home/vladimir/.local/lib/python3.10/site-packages/airflow/example_dags/example_skip_dag.py
[2023-04-27T18:58:13.932+0300] {logging_mixin.py:137} INFO - [2023-04-27T18:58:13.932+0300] {dag.py:2705} INFO - Sync 1 DAGs
[2023-04-27T18:58:13.945+0300] {logging_mixin.py:137} INFO - [2023-04-27T18:58:13.945+0300] {dag.py:3452} INFO - Setting next_dagrun for example_skip_dag to 2023-04-26T15:58:13.944911+00:00, run_after=2023-04-27T15:58:13.944911+00:00
[2023-04-27T18:58:13.957+0300] {processor.py:175} INFO - Processing /home/vladimir/.local/lib/python3.10/site-packages/airflow/example_dags/example_skip_dag.py took 0.052 seconds
[2023-04-27T18:58:59.108+0300] {processor.py:153} INFO - Started process (PID=6879) to work on /home/vladimir/.local/lib/python3.10/site-packages/airflow/example_dags/example_skip_dag.py
[2023-04-27T18:58:59.109+0300] {processor.py:743} INFO - Processing file /home/vladimir/.local/lib/python3.10/site-packages/airflow/example_dags/example_skip_dag.py for tasks to queue
[2023-04-27T18:58:59.110+0300] {logging_mixin.py:137} INFO - [2023-04-27T18:58:59.110+0300] {dagbag.py:532} INFO - Filling up the DagBag from /home/vladimir/.local/lib/python3.10/site-packages/airflow/example_dags/example_skip_dag.py
[2023-04-27T18:58:59.120+0300] {processor.py:753} INFO - DAG(s) dict_keys(['example_skip_dag']) retrieved from /home/vladimir/.local/lib/python3.10/site-packages/airflow/example_dags/example_skip_dag.py
[2023-04-27T18:58:59.134+0300] {logging_mixin.py:137} INFO - [2023-04-27T18:58:59.134+0300] {dag.py:2705} INFO - Sync 1 DAGs
[2023-04-27T18:58:59.146+0300] {logging_mixin.py:137} INFO - [2023-04-27T18:58:59.146+0300] {dag.py:3452} INFO - Setting next_dagrun for example_skip_dag to 2023-04-26T15:58:59.145846+00:00, run_after=2023-04-27T15:58:59.145846+00:00
[2023-04-27T18:58:59.158+0300] {processor.py:175} INFO - Processing /home/vladimir/.local/lib/python3.10/site-packages/airflow/example_dags/example_skip_dag.py took 0.052 seconds
[2023-04-27T18:59:37.224+0300] {processor.py:153} INFO - Started process (PID=6949) to work on /home/vladimir/.local/lib/python3.10/site-packages/airflow/example_dags/example_skip_dag.py
[2023-04-27T18:59:37.225+0300] {processor.py:743} INFO - Processing file /home/vladimir/.local/lib/python3.10/site-packages/airflow/example_dags/example_skip_dag.py for tasks to queue
[2023-04-27T18:59:37.225+0300] {logging_mixin.py:137} INFO - [2023-04-27T18:59:37.225+0300] {dagbag.py:532} INFO - Filling up the DagBag from /home/vladimir/.local/lib/python3.10/site-packages/airflow/example_dags/example_skip_dag.py
[2023-04-27T18:59:37.236+0300] {processor.py:753} INFO - DAG(s) dict_keys(['example_skip_dag']) retrieved from /home/vladimir/.local/lib/python3.10/site-packages/airflow/example_dags/example_skip_dag.py
[2023-04-27T18:59:37.249+0300] {logging_mixin.py:137} INFO - [2023-04-27T18:59:37.249+0300] {dag.py:2705} INFO - Sync 1 DAGs
[2023-04-27T18:59:37.262+0300] {logging_mixin.py:137} INFO - [2023-04-27T18:59:37.262+0300] {dag.py:3452} INFO - Setting next_dagrun for example_skip_dag to 2023-04-26T15:59:37.261892+00:00, run_after=2023-04-27T15:59:37.261892+00:00
[2023-04-27T18:59:37.274+0300] {processor.py:175} INFO - Processing /home/vladimir/.local/lib/python3.10/site-packages/airflow/example_dags/example_skip_dag.py took 0.053 seconds
[2023-04-27T19:00:23.416+0300] {processor.py:153} INFO - Started process (PID=7047) to work on /home/vladimir/.local/lib/python3.10/site-packages/airflow/example_dags/example_skip_dag.py
[2023-04-27T19:00:23.417+0300] {processor.py:743} INFO - Processing file /home/vladimir/.local/lib/python3.10/site-packages/airflow/example_dags/example_skip_dag.py for tasks to queue
[2023-04-27T19:00:23.418+0300] {logging_mixin.py:137} INFO - [2023-04-27T19:00:23.418+0300] {dagbag.py:532} INFO - Filling up the DagBag from /home/vladimir/.local/lib/python3.10/site-packages/airflow/example_dags/example_skip_dag.py
[2023-04-27T19:00:23.428+0300] {processor.py:753} INFO - DAG(s) dict_keys(['example_skip_dag']) retrieved from /home/vladimir/.local/lib/python3.10/site-packages/airflow/example_dags/example_skip_dag.py
[2023-04-27T19:00:23.443+0300] {logging_mixin.py:137} INFO - [2023-04-27T19:00:23.443+0300] {dag.py:2705} INFO - Sync 1 DAGs
[2023-04-27T19:00:23.457+0300] {logging_mixin.py:137} INFO - [2023-04-27T19:00:23.456+0300] {dag.py:3452} INFO - Setting next_dagrun for example_skip_dag to 2023-04-26T16:00:23.456764+00:00, run_after=2023-04-27T16:00:23.456764+00:00
[2023-04-27T19:00:23.469+0300] {processor.py:175} INFO - Processing /home/vladimir/.local/lib/python3.10/site-packages/airflow/example_dags/example_skip_dag.py took 0.055 seconds
[2023-04-27T19:01:08.806+0300] {processor.py:153} INFO - Started process (PID=7163) to work on /home/vladimir/.local/lib/python3.10/site-packages/airflow/example_dags/example_skip_dag.py
[2023-04-27T19:01:08.807+0300] {processor.py:743} INFO - Processing file /home/vladimir/.local/lib/python3.10/site-packages/airflow/example_dags/example_skip_dag.py for tasks to queue
[2023-04-27T19:01:08.807+0300] {logging_mixin.py:137} INFO - [2023-04-27T19:01:08.807+0300] {dagbag.py:532} INFO - Filling up the DagBag from /home/vladimir/.local/lib/python3.10/site-packages/airflow/example_dags/example_skip_dag.py
[2023-04-27T19:01:08.817+0300] {processor.py:753} INFO - DAG(s) dict_keys(['example_skip_dag']) retrieved from /home/vladimir/.local/lib/python3.10/site-packages/airflow/example_dags/example_skip_dag.py
[2023-04-27T19:01:08.831+0300] {logging_mixin.py:137} INFO - [2023-04-27T19:01:08.831+0300] {dag.py:2705} INFO - Sync 1 DAGs
[2023-04-27T19:01:08.844+0300] {logging_mixin.py:137} INFO - [2023-04-27T19:01:08.844+0300] {dag.py:3452} INFO - Setting next_dagrun for example_skip_dag to 2023-04-26T16:01:08.844223+00:00, run_after=2023-04-27T16:01:08.844223+00:00
[2023-04-27T19:01:08.858+0300] {processor.py:175} INFO - Processing /home/vladimir/.local/lib/python3.10/site-packages/airflow/example_dags/example_skip_dag.py took 0.054 seconds
