[2023-04-27T18:25:20.030+0300] {processor.py:153} INFO - Started process (PID=5663) to work on /home/vladimir/.local/lib/python3.10/site-packages/airflow/example_dags/example_external_task_marker_dag.py
[2023-04-27T18:25:20.037+0300] {processor.py:743} INFO - Processing file /home/vladimir/.local/lib/python3.10/site-packages/airflow/example_dags/example_external_task_marker_dag.py for tasks to queue
[2023-04-27T18:25:20.038+0300] {logging_mixin.py:137} INFO - [2023-04-27T18:25:20.038+0300] {dagbag.py:532} INFO - Filling up the DagBag from /home/vladimir/.local/lib/python3.10/site-packages/airflow/example_dags/example_external_task_marker_dag.py
[2023-04-27T18:25:20.097+0300] {processor.py:753} INFO - DAG(s) dict_keys(['example_external_task_marker_parent', 'example_external_task_marker_child']) retrieved from /home/vladimir/.local/lib/python3.10/site-packages/airflow/example_dags/example_external_task_marker_dag.py
[2023-04-27T18:25:20.291+0300] {logging_mixin.py:137} INFO - [2023-04-27T18:25:20.291+0300] {manager.py:504} INFO - Created Permission View: can read on DAG:example_external_task_marker_parent
[2023-04-27T18:25:20.300+0300] {logging_mixin.py:137} INFO - [2023-04-27T18:25:20.299+0300] {manager.py:504} INFO - Created Permission View: can delete on DAG:example_external_task_marker_parent
[2023-04-27T18:25:20.304+0300] {logging_mixin.py:137} INFO - [2023-04-27T18:25:20.304+0300] {manager.py:504} INFO - Created Permission View: can edit on DAG:example_external_task_marker_parent
[2023-04-27T18:25:20.315+0300] {logging_mixin.py:137} INFO - [2023-04-27T18:25:20.315+0300] {manager.py:504} INFO - Created Permission View: can read on DAG:example_external_task_marker_child
[2023-04-27T18:25:20.323+0300] {logging_mixin.py:137} INFO - [2023-04-27T18:25:20.323+0300] {manager.py:504} INFO - Created Permission View: can delete on DAG:example_external_task_marker_child
[2023-04-27T18:25:20.327+0300] {logging_mixin.py:137} INFO - [2023-04-27T18:25:20.327+0300] {manager.py:504} INFO - Created Permission View: can edit on DAG:example_external_task_marker_child
[2023-04-27T18:25:20.327+0300] {logging_mixin.py:137} INFO - [2023-04-27T18:25:20.327+0300] {dag.py:2705} INFO - Sync 2 DAGs
[2023-04-27T18:25:20.369+0300] {logging_mixin.py:137} INFO - [2023-04-27T18:25:20.369+0300] {dag.py:2726} INFO - Creating ORM DAG for example_external_task_marker_parent
[2023-04-27T18:25:20.370+0300] {logging_mixin.py:137} INFO - [2023-04-27T18:25:20.370+0300] {dag.py:2726} INFO - Creating ORM DAG for example_external_task_marker_child
[2023-04-27T18:25:20.432+0300] {logging_mixin.py:137} INFO - [2023-04-27T18:25:20.432+0300] {dag.py:3452} INFO - Setting next_dagrun for example_external_task_marker_child to None, run_after=None
[2023-04-27T18:25:20.433+0300] {logging_mixin.py:137} INFO - [2023-04-27T18:25:20.433+0300] {dag.py:3452} INFO - Setting next_dagrun for example_external_task_marker_parent to None, run_after=None
[2023-04-27T18:25:20.455+0300] {processor.py:175} INFO - Processing /home/vladimir/.local/lib/python3.10/site-packages/airflow/example_dags/example_external_task_marker_dag.py took 0.444 seconds
[2023-04-27T18:26:15.363+0300] {processor.py:153} INFO - Started process (PID=5989) to work on /home/vladimir/.local/lib/python3.10/site-packages/airflow/example_dags/example_external_task_marker_dag.py
[2023-04-27T18:26:15.364+0300] {processor.py:743} INFO - Processing file /home/vladimir/.local/lib/python3.10/site-packages/airflow/example_dags/example_external_task_marker_dag.py for tasks to queue
[2023-04-27T18:26:15.364+0300] {logging_mixin.py:137} INFO - [2023-04-27T18:26:15.364+0300] {dagbag.py:532} INFO - Filling up the DagBag from /home/vladimir/.local/lib/python3.10/site-packages/airflow/example_dags/example_external_task_marker_dag.py
[2023-04-27T18:26:15.374+0300] {processor.py:753} INFO - DAG(s) dict_keys(['example_external_task_marker_parent', 'example_external_task_marker_child']) retrieved from /home/vladimir/.local/lib/python3.10/site-packages/airflow/example_dags/example_external_task_marker_dag.py
[2023-04-27T18:26:15.389+0300] {logging_mixin.py:137} INFO - [2023-04-27T18:26:15.389+0300] {dag.py:2705} INFO - Sync 2 DAGs
[2023-04-27T18:26:15.401+0300] {logging_mixin.py:137} INFO - [2023-04-27T18:26:15.401+0300] {dag.py:3452} INFO - Setting next_dagrun for example_external_task_marker_child to None, run_after=None
[2023-04-27T18:26:15.402+0300] {logging_mixin.py:137} INFO - [2023-04-27T18:26:15.402+0300] {dag.py:3452} INFO - Setting next_dagrun for example_external_task_marker_parent to None, run_after=None
[2023-04-27T18:26:15.414+0300] {processor.py:175} INFO - Processing /home/vladimir/.local/lib/python3.10/site-packages/airflow/example_dags/example_external_task_marker_dag.py took 0.054 seconds
[2023-04-27T18:26:57.571+0300] {processor.py:153} INFO - Started process (PID=6052) to work on /home/vladimir/.local/lib/python3.10/site-packages/airflow/example_dags/example_external_task_marker_dag.py
[2023-04-27T18:26:57.572+0300] {processor.py:743} INFO - Processing file /home/vladimir/.local/lib/python3.10/site-packages/airflow/example_dags/example_external_task_marker_dag.py for tasks to queue
[2023-04-27T18:26:57.572+0300] {logging_mixin.py:137} INFO - [2023-04-27T18:26:57.572+0300] {dagbag.py:532} INFO - Filling up the DagBag from /home/vladimir/.local/lib/python3.10/site-packages/airflow/example_dags/example_external_task_marker_dag.py
[2023-04-27T18:26:57.582+0300] {processor.py:753} INFO - DAG(s) dict_keys(['example_external_task_marker_parent', 'example_external_task_marker_child']) retrieved from /home/vladimir/.local/lib/python3.10/site-packages/airflow/example_dags/example_external_task_marker_dag.py
[2023-04-27T18:26:57.597+0300] {logging_mixin.py:137} INFO - [2023-04-27T18:26:57.597+0300] {dag.py:2705} INFO - Sync 2 DAGs
[2023-04-27T18:26:57.611+0300] {logging_mixin.py:137} INFO - [2023-04-27T18:26:57.611+0300] {dag.py:3452} INFO - Setting next_dagrun for example_external_task_marker_child to None, run_after=None
[2023-04-27T18:26:57.612+0300] {logging_mixin.py:137} INFO - [2023-04-27T18:26:57.612+0300] {dag.py:3452} INFO - Setting next_dagrun for example_external_task_marker_parent to None, run_after=None
[2023-04-27T18:26:57.626+0300] {processor.py:175} INFO - Processing /home/vladimir/.local/lib/python3.10/site-packages/airflow/example_dags/example_external_task_marker_dag.py took 0.057 seconds
[2023-04-27T18:27:39.269+0300] {processor.py:153} INFO - Started process (PID=6117) to work on /home/vladimir/.local/lib/python3.10/site-packages/airflow/example_dags/example_external_task_marker_dag.py
[2023-04-27T18:27:39.270+0300] {processor.py:743} INFO - Processing file /home/vladimir/.local/lib/python3.10/site-packages/airflow/example_dags/example_external_task_marker_dag.py for tasks to queue
[2023-04-27T18:27:39.271+0300] {logging_mixin.py:137} INFO - [2023-04-27T18:27:39.271+0300] {dagbag.py:532} INFO - Filling up the DagBag from /home/vladimir/.local/lib/python3.10/site-packages/airflow/example_dags/example_external_task_marker_dag.py
[2023-04-27T18:27:39.281+0300] {processor.py:753} INFO - DAG(s) dict_keys(['example_external_task_marker_parent', 'example_external_task_marker_child']) retrieved from /home/vladimir/.local/lib/python3.10/site-packages/airflow/example_dags/example_external_task_marker_dag.py
[2023-04-27T18:27:39.294+0300] {logging_mixin.py:137} INFO - [2023-04-27T18:27:39.294+0300] {dag.py:2705} INFO - Sync 2 DAGs
[2023-04-27T18:27:39.306+0300] {logging_mixin.py:137} INFO - [2023-04-27T18:27:39.306+0300] {dag.py:3452} INFO - Setting next_dagrun for example_external_task_marker_child to None, run_after=None
[2023-04-27T18:27:39.308+0300] {logging_mixin.py:137} INFO - [2023-04-27T18:27:39.308+0300] {dag.py:3452} INFO - Setting next_dagrun for example_external_task_marker_parent to None, run_after=None
[2023-04-27T18:27:39.321+0300] {processor.py:175} INFO - Processing /home/vladimir/.local/lib/python3.10/site-packages/airflow/example_dags/example_external_task_marker_dag.py took 0.054 seconds
[2023-04-27T18:28:15.238+0300] {processor.py:153} INFO - Started process (PID=6165) to work on /home/vladimir/.local/lib/python3.10/site-packages/airflow/example_dags/example_external_task_marker_dag.py
[2023-04-27T18:28:15.239+0300] {processor.py:743} INFO - Processing file /home/vladimir/.local/lib/python3.10/site-packages/airflow/example_dags/example_external_task_marker_dag.py for tasks to queue
[2023-04-27T18:28:15.239+0300] {logging_mixin.py:137} INFO - [2023-04-27T18:28:15.239+0300] {dagbag.py:532} INFO - Filling up the DagBag from /home/vladimir/.local/lib/python3.10/site-packages/airflow/example_dags/example_external_task_marker_dag.py
[2023-04-27T18:28:15.249+0300] {processor.py:753} INFO - DAG(s) dict_keys(['example_external_task_marker_parent', 'example_external_task_marker_child']) retrieved from /home/vladimir/.local/lib/python3.10/site-packages/airflow/example_dags/example_external_task_marker_dag.py
[2023-04-27T18:28:15.264+0300] {logging_mixin.py:137} INFO - [2023-04-27T18:28:15.264+0300] {dag.py:2705} INFO - Sync 2 DAGs
[2023-04-27T18:28:15.277+0300] {logging_mixin.py:137} INFO - [2023-04-27T18:28:15.277+0300] {dag.py:3452} INFO - Setting next_dagrun for example_external_task_marker_child to None, run_after=None
[2023-04-27T18:28:15.279+0300] {logging_mixin.py:137} INFO - [2023-04-27T18:28:15.279+0300] {dag.py:3452} INFO - Setting next_dagrun for example_external_task_marker_parent to None, run_after=None
[2023-04-27T18:28:15.291+0300] {processor.py:175} INFO - Processing /home/vladimir/.local/lib/python3.10/site-packages/airflow/example_dags/example_external_task_marker_dag.py took 0.055 seconds
[2023-04-27T18:28:54.222+0300] {processor.py:153} INFO - Started process (PID=6229) to work on /home/vladimir/.local/lib/python3.10/site-packages/airflow/example_dags/example_external_task_marker_dag.py
[2023-04-27T18:28:54.226+0300] {processor.py:743} INFO - Processing file /home/vladimir/.local/lib/python3.10/site-packages/airflow/example_dags/example_external_task_marker_dag.py for tasks to queue
[2023-04-27T18:28:54.226+0300] {logging_mixin.py:137} INFO - [2023-04-27T18:28:54.226+0300] {dagbag.py:532} INFO - Filling up the DagBag from /home/vladimir/.local/lib/python3.10/site-packages/airflow/example_dags/example_external_task_marker_dag.py
[2023-04-27T18:28:54.237+0300] {processor.py:753} INFO - DAG(s) dict_keys(['example_external_task_marker_child', 'example_external_task_marker_parent']) retrieved from /home/vladimir/.local/lib/python3.10/site-packages/airflow/example_dags/example_external_task_marker_dag.py
[2023-04-27T18:28:54.254+0300] {logging_mixin.py:137} INFO - [2023-04-27T18:28:54.254+0300] {dag.py:2705} INFO - Sync 2 DAGs
[2023-04-27T18:28:54.270+0300] {logging_mixin.py:137} INFO - [2023-04-27T18:28:54.270+0300] {dag.py:3452} INFO - Setting next_dagrun for example_external_task_marker_child to None, run_after=None
[2023-04-27T18:28:54.273+0300] {logging_mixin.py:137} INFO - [2023-04-27T18:28:54.272+0300] {dag.py:3452} INFO - Setting next_dagrun for example_external_task_marker_parent to None, run_after=None
[2023-04-27T18:28:54.292+0300] {processor.py:175} INFO - Processing /home/vladimir/.local/lib/python3.10/site-packages/airflow/example_dags/example_external_task_marker_dag.py took 0.072 seconds
[2023-04-27T18:29:34.412+0300] {processor.py:153} INFO - Started process (PID=6363) to work on /home/vladimir/.local/lib/python3.10/site-packages/airflow/example_dags/example_external_task_marker_dag.py
[2023-04-27T18:29:34.413+0300] {processor.py:743} INFO - Processing file /home/vladimir/.local/lib/python3.10/site-packages/airflow/example_dags/example_external_task_marker_dag.py for tasks to queue
[2023-04-27T18:29:34.414+0300] {logging_mixin.py:137} INFO - [2023-04-27T18:29:34.414+0300] {dagbag.py:532} INFO - Filling up the DagBag from /home/vladimir/.local/lib/python3.10/site-packages/airflow/example_dags/example_external_task_marker_dag.py
[2023-04-27T18:29:34.424+0300] {processor.py:753} INFO - DAG(s) dict_keys(['example_external_task_marker_parent', 'example_external_task_marker_child']) retrieved from /home/vladimir/.local/lib/python3.10/site-packages/airflow/example_dags/example_external_task_marker_dag.py
[2023-04-27T18:29:34.441+0300] {logging_mixin.py:137} INFO - [2023-04-27T18:29:34.441+0300] {dag.py:2705} INFO - Sync 2 DAGs
[2023-04-27T18:29:34.453+0300] {logging_mixin.py:137} INFO - [2023-04-27T18:29:34.453+0300] {dag.py:3452} INFO - Setting next_dagrun for example_external_task_marker_child to None, run_after=None
[2023-04-27T18:29:34.460+0300] {logging_mixin.py:137} INFO - [2023-04-27T18:29:34.460+0300] {dag.py:3452} INFO - Setting next_dagrun for example_external_task_marker_parent to None, run_after=None
[2023-04-27T18:29:34.472+0300] {processor.py:175} INFO - Processing /home/vladimir/.local/lib/python3.10/site-packages/airflow/example_dags/example_external_task_marker_dag.py took 0.062 seconds
[2023-04-27T18:30:18.411+0300] {processor.py:153} INFO - Started process (PID=6467) to work on /home/vladimir/.local/lib/python3.10/site-packages/airflow/example_dags/example_external_task_marker_dag.py
[2023-04-27T18:30:18.412+0300] {processor.py:743} INFO - Processing file /home/vladimir/.local/lib/python3.10/site-packages/airflow/example_dags/example_external_task_marker_dag.py for tasks to queue
[2023-04-27T18:30:18.412+0300] {logging_mixin.py:137} INFO - [2023-04-27T18:30:18.412+0300] {dagbag.py:532} INFO - Filling up the DagBag from /home/vladimir/.local/lib/python3.10/site-packages/airflow/example_dags/example_external_task_marker_dag.py
[2023-04-27T18:30:18.422+0300] {processor.py:753} INFO - DAG(s) dict_keys(['example_external_task_marker_parent', 'example_external_task_marker_child']) retrieved from /home/vladimir/.local/lib/python3.10/site-packages/airflow/example_dags/example_external_task_marker_dag.py
[2023-04-27T18:30:18.436+0300] {logging_mixin.py:137} INFO - [2023-04-27T18:30:18.436+0300] {dag.py:2705} INFO - Sync 2 DAGs
[2023-04-27T18:30:18.450+0300] {logging_mixin.py:137} INFO - [2023-04-27T18:30:18.449+0300] {dag.py:3452} INFO - Setting next_dagrun for example_external_task_marker_child to None, run_after=None
[2023-04-27T18:30:18.451+0300] {logging_mixin.py:137} INFO - [2023-04-27T18:30:18.451+0300] {dag.py:3452} INFO - Setting next_dagrun for example_external_task_marker_parent to None, run_after=None
[2023-04-27T18:30:18.463+0300] {processor.py:175} INFO - Processing /home/vladimir/.local/lib/python3.10/site-packages/airflow/example_dags/example_external_task_marker_dag.py took 0.055 seconds
[2023-04-27T18:30:54.365+0300] {processor.py:153} INFO - Started process (PID=6564) to work on /home/vladimir/.local/lib/python3.10/site-packages/airflow/example_dags/example_external_task_marker_dag.py
[2023-04-27T18:30:54.367+0300] {processor.py:743} INFO - Processing file /home/vladimir/.local/lib/python3.10/site-packages/airflow/example_dags/example_external_task_marker_dag.py for tasks to queue
[2023-04-27T18:30:54.367+0300] {logging_mixin.py:137} INFO - [2023-04-27T18:30:54.367+0300] {dagbag.py:532} INFO - Filling up the DagBag from /home/vladimir/.local/lib/python3.10/site-packages/airflow/example_dags/example_external_task_marker_dag.py
[2023-04-27T18:30:54.377+0300] {processor.py:753} INFO - DAG(s) dict_keys(['example_external_task_marker_child', 'example_external_task_marker_parent']) retrieved from /home/vladimir/.local/lib/python3.10/site-packages/airflow/example_dags/example_external_task_marker_dag.py
[2023-04-27T18:30:54.391+0300] {logging_mixin.py:137} INFO - [2023-04-27T18:30:54.391+0300] {dag.py:2705} INFO - Sync 2 DAGs
[2023-04-27T18:30:54.402+0300] {logging_mixin.py:137} INFO - [2023-04-27T18:30:54.402+0300] {dag.py:3452} INFO - Setting next_dagrun for example_external_task_marker_child to None, run_after=None
[2023-04-27T18:30:54.404+0300] {logging_mixin.py:137} INFO - [2023-04-27T18:30:54.404+0300] {dag.py:3452} INFO - Setting next_dagrun for example_external_task_marker_parent to None, run_after=None
[2023-04-27T18:30:54.416+0300] {processor.py:175} INFO - Processing /home/vladimir/.local/lib/python3.10/site-packages/airflow/example_dags/example_external_task_marker_dag.py took 0.053 seconds
[2023-04-27T18:31:31.469+0300] {processor.py:153} INFO - Started process (PID=6635) to work on /home/vladimir/.local/lib/python3.10/site-packages/airflow/example_dags/example_external_task_marker_dag.py
[2023-04-27T18:31:31.470+0300] {processor.py:743} INFO - Processing file /home/vladimir/.local/lib/python3.10/site-packages/airflow/example_dags/example_external_task_marker_dag.py for tasks to queue
[2023-04-27T18:31:31.470+0300] {logging_mixin.py:137} INFO - [2023-04-27T18:31:31.470+0300] {dagbag.py:532} INFO - Filling up the DagBag from /home/vladimir/.local/lib/python3.10/site-packages/airflow/example_dags/example_external_task_marker_dag.py
[2023-04-27T18:31:31.479+0300] {processor.py:753} INFO - DAG(s) dict_keys(['example_external_task_marker_child', 'example_external_task_marker_parent']) retrieved from /home/vladimir/.local/lib/python3.10/site-packages/airflow/example_dags/example_external_task_marker_dag.py
[2023-04-27T18:31:31.493+0300] {logging_mixin.py:137} INFO - [2023-04-27T18:31:31.493+0300] {dag.py:2705} INFO - Sync 2 DAGs
[2023-04-27T18:31:31.505+0300] {logging_mixin.py:137} INFO - [2023-04-27T18:31:31.504+0300] {dag.py:3452} INFO - Setting next_dagrun for example_external_task_marker_child to None, run_after=None
[2023-04-27T18:31:31.506+0300] {logging_mixin.py:137} INFO - [2023-04-27T18:31:31.506+0300] {dag.py:3452} INFO - Setting next_dagrun for example_external_task_marker_parent to None, run_after=None
[2023-04-27T18:31:31.518+0300] {processor.py:175} INFO - Processing /home/vladimir/.local/lib/python3.10/site-packages/airflow/example_dags/example_external_task_marker_dag.py took 0.052 seconds
[2023-04-27T18:32:11.635+0300] {processor.py:153} INFO - Started process (PID=6698) to work on /home/vladimir/.local/lib/python3.10/site-packages/airflow/example_dags/example_external_task_marker_dag.py
[2023-04-27T18:32:11.636+0300] {processor.py:743} INFO - Processing file /home/vladimir/.local/lib/python3.10/site-packages/airflow/example_dags/example_external_task_marker_dag.py for tasks to queue
[2023-04-27T18:32:11.636+0300] {logging_mixin.py:137} INFO - [2023-04-27T18:32:11.636+0300] {dagbag.py:532} INFO - Filling up the DagBag from /home/vladimir/.local/lib/python3.10/site-packages/airflow/example_dags/example_external_task_marker_dag.py
[2023-04-27T18:32:11.646+0300] {processor.py:753} INFO - DAG(s) dict_keys(['example_external_task_marker_parent', 'example_external_task_marker_child']) retrieved from /home/vladimir/.local/lib/python3.10/site-packages/airflow/example_dags/example_external_task_marker_dag.py
[2023-04-27T18:32:11.659+0300] {logging_mixin.py:137} INFO - [2023-04-27T18:32:11.659+0300] {dag.py:2705} INFO - Sync 2 DAGs
[2023-04-27T18:32:11.671+0300] {logging_mixin.py:137} INFO - [2023-04-27T18:32:11.671+0300] {dag.py:3452} INFO - Setting next_dagrun for example_external_task_marker_child to None, run_after=None
[2023-04-27T18:32:11.673+0300] {logging_mixin.py:137} INFO - [2023-04-27T18:32:11.673+0300] {dag.py:3452} INFO - Setting next_dagrun for example_external_task_marker_parent to None, run_after=None
[2023-04-27T18:32:11.684+0300] {processor.py:175} INFO - Processing /home/vladimir/.local/lib/python3.10/site-packages/airflow/example_dags/example_external_task_marker_dag.py took 0.050 seconds
[2023-04-27T18:32:47.603+0300] {processor.py:153} INFO - Started process (PID=6849) to work on /home/vladimir/.local/lib/python3.10/site-packages/airflow/example_dags/example_external_task_marker_dag.py
[2023-04-27T18:32:47.605+0300] {processor.py:743} INFO - Processing file /home/vladimir/.local/lib/python3.10/site-packages/airflow/example_dags/example_external_task_marker_dag.py for tasks to queue
[2023-04-27T18:32:47.605+0300] {logging_mixin.py:137} INFO - [2023-04-27T18:32:47.605+0300] {dagbag.py:532} INFO - Filling up the DagBag from /home/vladimir/.local/lib/python3.10/site-packages/airflow/example_dags/example_external_task_marker_dag.py
[2023-04-27T18:32:47.616+0300] {processor.py:753} INFO - DAG(s) dict_keys(['example_external_task_marker_parent', 'example_external_task_marker_child']) retrieved from /home/vladimir/.local/lib/python3.10/site-packages/airflow/example_dags/example_external_task_marker_dag.py
[2023-04-27T18:32:47.631+0300] {logging_mixin.py:137} INFO - [2023-04-27T18:32:47.631+0300] {dag.py:2705} INFO - Sync 2 DAGs
[2023-04-27T18:32:47.643+0300] {logging_mixin.py:137} INFO - [2023-04-27T18:32:47.643+0300] {dag.py:3452} INFO - Setting next_dagrun for example_external_task_marker_child to None, run_after=None
[2023-04-27T18:32:47.644+0300] {logging_mixin.py:137} INFO - [2023-04-27T18:32:47.644+0300] {dag.py:3452} INFO - Setting next_dagrun for example_external_task_marker_parent to None, run_after=None
[2023-04-27T18:32:47.657+0300] {processor.py:175} INFO - Processing /home/vladimir/.local/lib/python3.10/site-packages/airflow/example_dags/example_external_task_marker_dag.py took 0.056 seconds
[2023-04-27T18:33:24.695+0300] {processor.py:153} INFO - Started process (PID=6906) to work on /home/vladimir/.local/lib/python3.10/site-packages/airflow/example_dags/example_external_task_marker_dag.py
[2023-04-27T18:33:24.696+0300] {processor.py:743} INFO - Processing file /home/vladimir/.local/lib/python3.10/site-packages/airflow/example_dags/example_external_task_marker_dag.py for tasks to queue
[2023-04-27T18:33:24.696+0300] {logging_mixin.py:137} INFO - [2023-04-27T18:33:24.696+0300] {dagbag.py:532} INFO - Filling up the DagBag from /home/vladimir/.local/lib/python3.10/site-packages/airflow/example_dags/example_external_task_marker_dag.py
[2023-04-27T18:33:24.707+0300] {processor.py:753} INFO - DAG(s) dict_keys(['example_external_task_marker_parent', 'example_external_task_marker_child']) retrieved from /home/vladimir/.local/lib/python3.10/site-packages/airflow/example_dags/example_external_task_marker_dag.py
[2023-04-27T18:33:24.726+0300] {logging_mixin.py:137} INFO - [2023-04-27T18:33:24.726+0300] {dag.py:2705} INFO - Sync 2 DAGs
[2023-04-27T18:33:24.739+0300] {logging_mixin.py:137} INFO - [2023-04-27T18:33:24.739+0300] {dag.py:3452} INFO - Setting next_dagrun for example_external_task_marker_child to None, run_after=None
[2023-04-27T18:33:24.743+0300] {logging_mixin.py:137} INFO - [2023-04-27T18:33:24.743+0300] {dag.py:3452} INFO - Setting next_dagrun for example_external_task_marker_parent to None, run_after=None
[2023-04-27T18:33:24.756+0300] {processor.py:175} INFO - Processing /home/vladimir/.local/lib/python3.10/site-packages/airflow/example_dags/example_external_task_marker_dag.py took 0.064 seconds
[2023-04-27T18:34:06.922+0300] {processor.py:153} INFO - Started process (PID=6974) to work on /home/vladimir/.local/lib/python3.10/site-packages/airflow/example_dags/example_external_task_marker_dag.py
[2023-04-27T18:34:06.923+0300] {processor.py:743} INFO - Processing file /home/vladimir/.local/lib/python3.10/site-packages/airflow/example_dags/example_external_task_marker_dag.py for tasks to queue
[2023-04-27T18:34:06.923+0300] {logging_mixin.py:137} INFO - [2023-04-27T18:34:06.923+0300] {dagbag.py:532} INFO - Filling up the DagBag from /home/vladimir/.local/lib/python3.10/site-packages/airflow/example_dags/example_external_task_marker_dag.py
[2023-04-27T18:34:06.934+0300] {processor.py:753} INFO - DAG(s) dict_keys(['example_external_task_marker_child', 'example_external_task_marker_parent']) retrieved from /home/vladimir/.local/lib/python3.10/site-packages/airflow/example_dags/example_external_task_marker_dag.py
[2023-04-27T18:34:06.949+0300] {logging_mixin.py:137} INFO - [2023-04-27T18:34:06.949+0300] {dag.py:2705} INFO - Sync 2 DAGs
[2023-04-27T18:34:06.962+0300] {logging_mixin.py:137} INFO - [2023-04-27T18:34:06.962+0300] {dag.py:3452} INFO - Setting next_dagrun for example_external_task_marker_child to None, run_after=None
[2023-04-27T18:34:06.963+0300] {logging_mixin.py:137} INFO - [2023-04-27T18:34:06.963+0300] {dag.py:3452} INFO - Setting next_dagrun for example_external_task_marker_parent to None, run_after=None
[2023-04-27T18:34:06.976+0300] {processor.py:175} INFO - Processing /home/vladimir/.local/lib/python3.10/site-packages/airflow/example_dags/example_external_task_marker_dag.py took 0.058 seconds
[2023-04-27T18:34:39.734+0300] {processor.py:153} INFO - Started process (PID=7043) to work on /home/vladimir/.local/lib/python3.10/site-packages/airflow/example_dags/example_external_task_marker_dag.py
[2023-04-27T18:34:39.735+0300] {processor.py:743} INFO - Processing file /home/vladimir/.local/lib/python3.10/site-packages/airflow/example_dags/example_external_task_marker_dag.py for tasks to queue
[2023-04-27T18:34:39.736+0300] {logging_mixin.py:137} INFO - [2023-04-27T18:34:39.736+0300] {dagbag.py:532} INFO - Filling up the DagBag from /home/vladimir/.local/lib/python3.10/site-packages/airflow/example_dags/example_external_task_marker_dag.py
[2023-04-27T18:34:39.746+0300] {processor.py:753} INFO - DAG(s) dict_keys(['example_external_task_marker_child', 'example_external_task_marker_parent']) retrieved from /home/vladimir/.local/lib/python3.10/site-packages/airflow/example_dags/example_external_task_marker_dag.py
[2023-04-27T18:34:39.761+0300] {logging_mixin.py:137} INFO - [2023-04-27T18:34:39.761+0300] {dag.py:2705} INFO - Sync 2 DAGs
[2023-04-27T18:34:39.773+0300] {logging_mixin.py:137} INFO - [2023-04-27T18:34:39.773+0300] {dag.py:3452} INFO - Setting next_dagrun for example_external_task_marker_child to None, run_after=None
[2023-04-27T18:34:39.775+0300] {logging_mixin.py:137} INFO - [2023-04-27T18:34:39.775+0300] {dag.py:3452} INFO - Setting next_dagrun for example_external_task_marker_parent to None, run_after=None
[2023-04-27T18:34:39.787+0300] {processor.py:175} INFO - Processing /home/vladimir/.local/lib/python3.10/site-packages/airflow/example_dags/example_external_task_marker_dag.py took 0.055 seconds
[2023-04-27T18:35:16.611+0300] {processor.py:153} INFO - Started process (PID=7358) to work on /home/vladimir/.local/lib/python3.10/site-packages/airflow/example_dags/example_external_task_marker_dag.py
[2023-04-27T18:35:16.613+0300] {processor.py:743} INFO - Processing file /home/vladimir/.local/lib/python3.10/site-packages/airflow/example_dags/example_external_task_marker_dag.py for tasks to queue
[2023-04-27T18:35:16.614+0300] {logging_mixin.py:137} INFO - [2023-04-27T18:35:16.614+0300] {dagbag.py:532} INFO - Filling up the DagBag from /home/vladimir/.local/lib/python3.10/site-packages/airflow/example_dags/example_external_task_marker_dag.py
[2023-04-27T18:35:16.633+0300] {processor.py:753} INFO - DAG(s) dict_keys(['example_external_task_marker_child', 'example_external_task_marker_parent']) retrieved from /home/vladimir/.local/lib/python3.10/site-packages/airflow/example_dags/example_external_task_marker_dag.py
[2023-04-27T18:35:16.659+0300] {logging_mixin.py:137} INFO - [2023-04-27T18:35:16.659+0300] {dag.py:2705} INFO - Sync 2 DAGs
[2023-04-27T18:35:16.676+0300] {logging_mixin.py:137} INFO - [2023-04-27T18:35:16.676+0300] {dag.py:3452} INFO - Setting next_dagrun for example_external_task_marker_child to None, run_after=None
[2023-04-27T18:35:16.680+0300] {logging_mixin.py:137} INFO - [2023-04-27T18:35:16.680+0300] {dag.py:3452} INFO - Setting next_dagrun for example_external_task_marker_parent to None, run_after=None
[2023-04-27T18:35:16.713+0300] {processor.py:175} INFO - Processing /home/vladimir/.local/lib/python3.10/site-packages/airflow/example_dags/example_external_task_marker_dag.py took 0.105 seconds
[2023-04-27T18:35:53.845+0300] {processor.py:153} INFO - Started process (PID=7474) to work on /home/vladimir/.local/lib/python3.10/site-packages/airflow/example_dags/example_external_task_marker_dag.py
[2023-04-27T18:35:53.846+0300] {processor.py:743} INFO - Processing file /home/vladimir/.local/lib/python3.10/site-packages/airflow/example_dags/example_external_task_marker_dag.py for tasks to queue
[2023-04-27T18:35:53.847+0300] {logging_mixin.py:137} INFO - [2023-04-27T18:35:53.847+0300] {dagbag.py:532} INFO - Filling up the DagBag from /home/vladimir/.local/lib/python3.10/site-packages/airflow/example_dags/example_external_task_marker_dag.py
[2023-04-27T18:35:53.857+0300] {processor.py:753} INFO - DAG(s) dict_keys(['example_external_task_marker_parent', 'example_external_task_marker_child']) retrieved from /home/vladimir/.local/lib/python3.10/site-packages/airflow/example_dags/example_external_task_marker_dag.py
[2023-04-27T18:35:53.871+0300] {logging_mixin.py:137} INFO - [2023-04-27T18:35:53.871+0300] {dag.py:2705} INFO - Sync 2 DAGs
[2023-04-27T18:35:53.883+0300] {logging_mixin.py:137} INFO - [2023-04-27T18:35:53.883+0300] {dag.py:3452} INFO - Setting next_dagrun for example_external_task_marker_child to None, run_after=None
[2023-04-27T18:35:53.885+0300] {logging_mixin.py:137} INFO - [2023-04-27T18:35:53.885+0300] {dag.py:3452} INFO - Setting next_dagrun for example_external_task_marker_parent to None, run_after=None
[2023-04-27T18:35:53.897+0300] {processor.py:175} INFO - Processing /home/vladimir/.local/lib/python3.10/site-packages/airflow/example_dags/example_external_task_marker_dag.py took 0.054 seconds
[2023-04-27T18:36:30.081+0300] {processor.py:153} INFO - Started process (PID=7554) to work on /home/vladimir/.local/lib/python3.10/site-packages/airflow/example_dags/example_external_task_marker_dag.py
[2023-04-27T18:36:30.082+0300] {processor.py:743} INFO - Processing file /home/vladimir/.local/lib/python3.10/site-packages/airflow/example_dags/example_external_task_marker_dag.py for tasks to queue
[2023-04-27T18:36:30.082+0300] {logging_mixin.py:137} INFO - [2023-04-27T18:36:30.082+0300] {dagbag.py:532} INFO - Filling up the DagBag from /home/vladimir/.local/lib/python3.10/site-packages/airflow/example_dags/example_external_task_marker_dag.py
[2023-04-27T18:36:30.092+0300] {processor.py:753} INFO - DAG(s) dict_keys(['example_external_task_marker_parent', 'example_external_task_marker_child']) retrieved from /home/vladimir/.local/lib/python3.10/site-packages/airflow/example_dags/example_external_task_marker_dag.py
[2023-04-27T18:36:30.106+0300] {logging_mixin.py:137} INFO - [2023-04-27T18:36:30.106+0300] {dag.py:2705} INFO - Sync 2 DAGs
[2023-04-27T18:36:30.118+0300] {logging_mixin.py:137} INFO - [2023-04-27T18:36:30.118+0300] {dag.py:3452} INFO - Setting next_dagrun for example_external_task_marker_child to None, run_after=None
[2023-04-27T18:36:30.120+0300] {logging_mixin.py:137} INFO - [2023-04-27T18:36:30.120+0300] {dag.py:3452} INFO - Setting next_dagrun for example_external_task_marker_parent to None, run_after=None
[2023-04-27T18:36:30.130+0300] {processor.py:175} INFO - Processing /home/vladimir/.local/lib/python3.10/site-packages/airflow/example_dags/example_external_task_marker_dag.py took 0.051 seconds
[2023-04-27T18:37:07.020+0300] {processor.py:153} INFO - Started process (PID=7623) to work on /home/vladimir/.local/lib/python3.10/site-packages/airflow/example_dags/example_external_task_marker_dag.py
[2023-04-27T18:37:07.021+0300] {processor.py:743} INFO - Processing file /home/vladimir/.local/lib/python3.10/site-packages/airflow/example_dags/example_external_task_marker_dag.py for tasks to queue
[2023-04-27T18:37:07.022+0300] {logging_mixin.py:137} INFO - [2023-04-27T18:37:07.022+0300] {dagbag.py:532} INFO - Filling up the DagBag from /home/vladimir/.local/lib/python3.10/site-packages/airflow/example_dags/example_external_task_marker_dag.py
[2023-04-27T18:37:07.031+0300] {processor.py:753} INFO - DAG(s) dict_keys(['example_external_task_marker_child', 'example_external_task_marker_parent']) retrieved from /home/vladimir/.local/lib/python3.10/site-packages/airflow/example_dags/example_external_task_marker_dag.py
[2023-04-27T18:37:07.045+0300] {logging_mixin.py:137} INFO - [2023-04-27T18:37:07.045+0300] {dag.py:2705} INFO - Sync 2 DAGs
[2023-04-27T18:37:07.057+0300] {logging_mixin.py:137} INFO - [2023-04-27T18:37:07.057+0300] {dag.py:3452} INFO - Setting next_dagrun for example_external_task_marker_child to None, run_after=None
[2023-04-27T18:37:07.058+0300] {logging_mixin.py:137} INFO - [2023-04-27T18:37:07.058+0300] {dag.py:3452} INFO - Setting next_dagrun for example_external_task_marker_parent to None, run_after=None
[2023-04-27T18:37:07.068+0300] {processor.py:175} INFO - Processing /home/vladimir/.local/lib/python3.10/site-packages/airflow/example_dags/example_external_task_marker_dag.py took 0.051 seconds
[2023-04-27T18:37:44.510+0300] {processor.py:153} INFO - Started process (PID=7688) to work on /home/vladimir/.local/lib/python3.10/site-packages/airflow/example_dags/example_external_task_marker_dag.py
[2023-04-27T18:37:44.510+0300] {processor.py:743} INFO - Processing file /home/vladimir/.local/lib/python3.10/site-packages/airflow/example_dags/example_external_task_marker_dag.py for tasks to queue
[2023-04-27T18:37:44.511+0300] {logging_mixin.py:137} INFO - [2023-04-27T18:37:44.511+0300] {dagbag.py:532} INFO - Filling up the DagBag from /home/vladimir/.local/lib/python3.10/site-packages/airflow/example_dags/example_external_task_marker_dag.py
[2023-04-27T18:37:44.520+0300] {processor.py:753} INFO - DAG(s) dict_keys(['example_external_task_marker_child', 'example_external_task_marker_parent']) retrieved from /home/vladimir/.local/lib/python3.10/site-packages/airflow/example_dags/example_external_task_marker_dag.py
[2023-04-27T18:37:44.535+0300] {logging_mixin.py:137} INFO - [2023-04-27T18:37:44.535+0300] {dag.py:2705} INFO - Sync 2 DAGs
[2023-04-27T18:37:44.547+0300] {logging_mixin.py:137} INFO - [2023-04-27T18:37:44.547+0300] {dag.py:3452} INFO - Setting next_dagrun for example_external_task_marker_child to None, run_after=None
[2023-04-27T18:37:44.548+0300] {logging_mixin.py:137} INFO - [2023-04-27T18:37:44.548+0300] {dag.py:3452} INFO - Setting next_dagrun for example_external_task_marker_parent to None, run_after=None
[2023-04-27T18:37:44.558+0300] {processor.py:175} INFO - Processing /home/vladimir/.local/lib/python3.10/site-packages/airflow/example_dags/example_external_task_marker_dag.py took 0.051 seconds
[2023-04-27T18:38:30.242+0300] {processor.py:153} INFO - Started process (PID=8004) to work on /home/vladimir/.local/lib/python3.10/site-packages/airflow/example_dags/example_external_task_marker_dag.py
[2023-04-27T18:38:30.243+0300] {processor.py:743} INFO - Processing file /home/vladimir/.local/lib/python3.10/site-packages/airflow/example_dags/example_external_task_marker_dag.py for tasks to queue
[2023-04-27T18:38:30.244+0300] {logging_mixin.py:137} INFO - [2023-04-27T18:38:30.244+0300] {dagbag.py:532} INFO - Filling up the DagBag from /home/vladimir/.local/lib/python3.10/site-packages/airflow/example_dags/example_external_task_marker_dag.py
[2023-04-27T18:38:30.253+0300] {processor.py:753} INFO - DAG(s) dict_keys(['example_external_task_marker_child', 'example_external_task_marker_parent']) retrieved from /home/vladimir/.local/lib/python3.10/site-packages/airflow/example_dags/example_external_task_marker_dag.py
[2023-04-27T18:38:30.270+0300] {logging_mixin.py:137} INFO - [2023-04-27T18:38:30.270+0300] {dag.py:2705} INFO - Sync 2 DAGs
[2023-04-27T18:38:30.283+0300] {logging_mixin.py:137} INFO - [2023-04-27T18:38:30.283+0300] {dag.py:3452} INFO - Setting next_dagrun for example_external_task_marker_child to None, run_after=None
[2023-04-27T18:38:30.285+0300] {logging_mixin.py:137} INFO - [2023-04-27T18:38:30.285+0300] {dag.py:3452} INFO - Setting next_dagrun for example_external_task_marker_parent to None, run_after=None
[2023-04-27T18:38:30.301+0300] {processor.py:175} INFO - Processing /home/vladimir/.local/lib/python3.10/site-packages/airflow/example_dags/example_external_task_marker_dag.py took 0.061 seconds
[2023-04-27T18:39:09.560+0300] {processor.py:153} INFO - Started process (PID=8100) to work on /home/vladimir/.local/lib/python3.10/site-packages/airflow/example_dags/example_external_task_marker_dag.py
[2023-04-27T18:39:09.561+0300] {processor.py:743} INFO - Processing file /home/vladimir/.local/lib/python3.10/site-packages/airflow/example_dags/example_external_task_marker_dag.py for tasks to queue
[2023-04-27T18:39:09.561+0300] {logging_mixin.py:137} INFO - [2023-04-27T18:39:09.561+0300] {dagbag.py:532} INFO - Filling up the DagBag from /home/vladimir/.local/lib/python3.10/site-packages/airflow/example_dags/example_external_task_marker_dag.py
[2023-04-27T18:39:09.572+0300] {processor.py:753} INFO - DAG(s) dict_keys(['example_external_task_marker_parent', 'example_external_task_marker_child']) retrieved from /home/vladimir/.local/lib/python3.10/site-packages/airflow/example_dags/example_external_task_marker_dag.py
[2023-04-27T18:39:09.588+0300] {logging_mixin.py:137} INFO - [2023-04-27T18:39:09.588+0300] {dag.py:2705} INFO - Sync 2 DAGs
[2023-04-27T18:39:09.600+0300] {logging_mixin.py:137} INFO - [2023-04-27T18:39:09.600+0300] {dag.py:3452} INFO - Setting next_dagrun for example_external_task_marker_child to None, run_after=None
[2023-04-27T18:39:09.602+0300] {logging_mixin.py:137} INFO - [2023-04-27T18:39:09.602+0300] {dag.py:3452} INFO - Setting next_dagrun for example_external_task_marker_parent to None, run_after=None
[2023-04-27T18:39:09.615+0300] {processor.py:175} INFO - Processing /home/vladimir/.local/lib/python3.10/site-packages/airflow/example_dags/example_external_task_marker_dag.py took 0.058 seconds
[2023-04-27T18:39:48.429+0300] {processor.py:153} INFO - Started process (PID=8177) to work on /home/vladimir/.local/lib/python3.10/site-packages/airflow/example_dags/example_external_task_marker_dag.py
[2023-04-27T18:39:48.429+0300] {processor.py:743} INFO - Processing file /home/vladimir/.local/lib/python3.10/site-packages/airflow/example_dags/example_external_task_marker_dag.py for tasks to queue
[2023-04-27T18:39:48.430+0300] {logging_mixin.py:137} INFO - [2023-04-27T18:39:48.430+0300] {dagbag.py:532} INFO - Filling up the DagBag from /home/vladimir/.local/lib/python3.10/site-packages/airflow/example_dags/example_external_task_marker_dag.py
[2023-04-27T18:39:48.439+0300] {processor.py:753} INFO - DAG(s) dict_keys(['example_external_task_marker_child', 'example_external_task_marker_parent']) retrieved from /home/vladimir/.local/lib/python3.10/site-packages/airflow/example_dags/example_external_task_marker_dag.py
[2023-04-27T18:39:48.454+0300] {logging_mixin.py:137} INFO - [2023-04-27T18:39:48.453+0300] {dag.py:2705} INFO - Sync 2 DAGs
[2023-04-27T18:39:48.465+0300] {logging_mixin.py:137} INFO - [2023-04-27T18:39:48.465+0300] {dag.py:3452} INFO - Setting next_dagrun for example_external_task_marker_child to None, run_after=None
[2023-04-27T18:39:48.467+0300] {logging_mixin.py:137} INFO - [2023-04-27T18:39:48.467+0300] {dag.py:3452} INFO - Setting next_dagrun for example_external_task_marker_parent to None, run_after=None
[2023-04-27T18:39:48.477+0300] {processor.py:175} INFO - Processing /home/vladimir/.local/lib/python3.10/site-packages/airflow/example_dags/example_external_task_marker_dag.py took 0.051 seconds
[2023-04-27T18:40:25.956+0300] {processor.py:153} INFO - Started process (PID=8285) to work on /home/vladimir/.local/lib/python3.10/site-packages/airflow/example_dags/example_external_task_marker_dag.py
[2023-04-27T18:40:25.956+0300] {processor.py:743} INFO - Processing file /home/vladimir/.local/lib/python3.10/site-packages/airflow/example_dags/example_external_task_marker_dag.py for tasks to queue
[2023-04-27T18:40:25.957+0300] {logging_mixin.py:137} INFO - [2023-04-27T18:40:25.957+0300] {dagbag.py:532} INFO - Filling up the DagBag from /home/vladimir/.local/lib/python3.10/site-packages/airflow/example_dags/example_external_task_marker_dag.py
[2023-04-27T18:40:25.970+0300] {processor.py:753} INFO - DAG(s) dict_keys(['example_external_task_marker_parent', 'example_external_task_marker_child']) retrieved from /home/vladimir/.local/lib/python3.10/site-packages/airflow/example_dags/example_external_task_marker_dag.py
[2023-04-27T18:40:25.984+0300] {logging_mixin.py:137} INFO - [2023-04-27T18:40:25.984+0300] {dag.py:2705} INFO - Sync 2 DAGs
[2023-04-27T18:40:25.997+0300] {logging_mixin.py:137} INFO - [2023-04-27T18:40:25.997+0300] {dag.py:3452} INFO - Setting next_dagrun for example_external_task_marker_child to None, run_after=None
[2023-04-27T18:40:25.999+0300] {logging_mixin.py:137} INFO - [2023-04-27T18:40:25.999+0300] {dag.py:3452} INFO - Setting next_dagrun for example_external_task_marker_parent to None, run_after=None
[2023-04-27T18:40:26.011+0300] {processor.py:175} INFO - Processing /home/vladimir/.local/lib/python3.10/site-packages/airflow/example_dags/example_external_task_marker_dag.py took 0.057 seconds
[2023-04-27T18:41:17.178+0300] {processor.py:153} INFO - Started process (PID=3024) to work on /home/vladimir/.local/lib/python3.10/site-packages/airflow/example_dags/example_external_task_marker_dag.py
[2023-04-27T18:41:17.179+0300] {processor.py:743} INFO - Processing file /home/vladimir/.local/lib/python3.10/site-packages/airflow/example_dags/example_external_task_marker_dag.py for tasks to queue
[2023-04-27T18:41:17.179+0300] {logging_mixin.py:137} INFO - [2023-04-27T18:41:17.179+0300] {dagbag.py:532} INFO - Filling up the DagBag from /home/vladimir/.local/lib/python3.10/site-packages/airflow/example_dags/example_external_task_marker_dag.py
[2023-04-27T18:41:17.189+0300] {processor.py:753} INFO - DAG(s) dict_keys(['example_external_task_marker_child', 'example_external_task_marker_parent']) retrieved from /home/vladimir/.local/lib/python3.10/site-packages/airflow/example_dags/example_external_task_marker_dag.py
[2023-04-27T18:41:17.206+0300] {logging_mixin.py:137} INFO - [2023-04-27T18:41:17.206+0300] {dag.py:2705} INFO - Sync 2 DAGs
[2023-04-27T18:41:17.218+0300] {logging_mixin.py:137} INFO - [2023-04-27T18:41:17.218+0300] {dag.py:3452} INFO - Setting next_dagrun for example_external_task_marker_child to None, run_after=None
[2023-04-27T18:41:17.220+0300] {logging_mixin.py:137} INFO - [2023-04-27T18:41:17.220+0300] {dag.py:3452} INFO - Setting next_dagrun for example_external_task_marker_parent to None, run_after=None
[2023-04-27T18:41:17.233+0300] {processor.py:175} INFO - Processing /home/vladimir/.local/lib/python3.10/site-packages/airflow/example_dags/example_external_task_marker_dag.py took 0.057 seconds
[2023-04-27T18:41:57.455+0300] {processor.py:153} INFO - Started process (PID=3439) to work on /home/vladimir/.local/lib/python3.10/site-packages/airflow/example_dags/example_external_task_marker_dag.py
[2023-04-27T18:41:57.456+0300] {processor.py:743} INFO - Processing file /home/vladimir/.local/lib/python3.10/site-packages/airflow/example_dags/example_external_task_marker_dag.py for tasks to queue
[2023-04-27T18:41:57.457+0300] {logging_mixin.py:137} INFO - [2023-04-27T18:41:57.457+0300] {dagbag.py:532} INFO - Filling up the DagBag from /home/vladimir/.local/lib/python3.10/site-packages/airflow/example_dags/example_external_task_marker_dag.py
[2023-04-27T18:41:57.467+0300] {processor.py:753} INFO - DAG(s) dict_keys(['example_external_task_marker_parent', 'example_external_task_marker_child']) retrieved from /home/vladimir/.local/lib/python3.10/site-packages/airflow/example_dags/example_external_task_marker_dag.py
[2023-04-27T18:41:57.481+0300] {logging_mixin.py:137} INFO - [2023-04-27T18:41:57.480+0300] {dag.py:2705} INFO - Sync 2 DAGs
[2023-04-27T18:41:57.493+0300] {logging_mixin.py:137} INFO - [2023-04-27T18:41:57.493+0300] {dag.py:3452} INFO - Setting next_dagrun for example_external_task_marker_child to None, run_after=None
[2023-04-27T18:41:57.495+0300] {logging_mixin.py:137} INFO - [2023-04-27T18:41:57.495+0300] {dag.py:3452} INFO - Setting next_dagrun for example_external_task_marker_parent to None, run_after=None
[2023-04-27T18:41:57.506+0300] {processor.py:175} INFO - Processing /home/vladimir/.local/lib/python3.10/site-packages/airflow/example_dags/example_external_task_marker_dag.py took 0.054 seconds
[2023-04-27T18:42:39.243+0300] {processor.py:153} INFO - Started process (PID=4514) to work on /home/vladimir/.local/lib/python3.10/site-packages/airflow/example_dags/example_external_task_marker_dag.py
[2023-04-27T18:42:39.244+0300] {processor.py:743} INFO - Processing file /home/vladimir/.local/lib/python3.10/site-packages/airflow/example_dags/example_external_task_marker_dag.py for tasks to queue
[2023-04-27T18:42:39.244+0300] {logging_mixin.py:137} INFO - [2023-04-27T18:42:39.244+0300] {dagbag.py:532} INFO - Filling up the DagBag from /home/vladimir/.local/lib/python3.10/site-packages/airflow/example_dags/example_external_task_marker_dag.py
[2023-04-27T18:42:39.253+0300] {processor.py:753} INFO - DAG(s) dict_keys(['example_external_task_marker_child', 'example_external_task_marker_parent']) retrieved from /home/vladimir/.local/lib/python3.10/site-packages/airflow/example_dags/example_external_task_marker_dag.py
[2023-04-27T18:42:39.268+0300] {logging_mixin.py:137} INFO - [2023-04-27T18:42:39.268+0300] {dag.py:2705} INFO - Sync 2 DAGs
[2023-04-27T18:42:39.279+0300] {logging_mixin.py:137} INFO - [2023-04-27T18:42:39.279+0300] {dag.py:3452} INFO - Setting next_dagrun for example_external_task_marker_child to None, run_after=None
[2023-04-27T18:42:39.281+0300] {logging_mixin.py:137} INFO - [2023-04-27T18:42:39.281+0300] {dag.py:3452} INFO - Setting next_dagrun for example_external_task_marker_parent to None, run_after=None
[2023-04-27T18:42:39.293+0300] {processor.py:175} INFO - Processing /home/vladimir/.local/lib/python3.10/site-packages/airflow/example_dags/example_external_task_marker_dag.py took 0.052 seconds
[2023-04-27T18:43:18.792+0300] {processor.py:153} INFO - Started process (PID=5126) to work on /home/vladimir/.local/lib/python3.10/site-packages/airflow/example_dags/example_external_task_marker_dag.py
[2023-04-27T18:43:18.793+0300] {processor.py:743} INFO - Processing file /home/vladimir/.local/lib/python3.10/site-packages/airflow/example_dags/example_external_task_marker_dag.py for tasks to queue
[2023-04-27T18:43:18.793+0300] {logging_mixin.py:137} INFO - [2023-04-27T18:43:18.793+0300] {dagbag.py:532} INFO - Filling up the DagBag from /home/vladimir/.local/lib/python3.10/site-packages/airflow/example_dags/example_external_task_marker_dag.py
[2023-04-27T18:43:18.802+0300] {processor.py:753} INFO - DAG(s) dict_keys(['example_external_task_marker_parent', 'example_external_task_marker_child']) retrieved from /home/vladimir/.local/lib/python3.10/site-packages/airflow/example_dags/example_external_task_marker_dag.py
[2023-04-27T18:43:18.818+0300] {logging_mixin.py:137} INFO - [2023-04-27T18:43:18.817+0300] {dag.py:2705} INFO - Sync 2 DAGs
[2023-04-27T18:43:18.830+0300] {logging_mixin.py:137} INFO - [2023-04-27T18:43:18.830+0300] {dag.py:3452} INFO - Setting next_dagrun for example_external_task_marker_child to None, run_after=None
[2023-04-27T18:43:18.832+0300] {logging_mixin.py:137} INFO - [2023-04-27T18:43:18.832+0300] {dag.py:3452} INFO - Setting next_dagrun for example_external_task_marker_parent to None, run_after=None
[2023-04-27T18:43:18.843+0300] {processor.py:175} INFO - Processing /home/vladimir/.local/lib/python3.10/site-packages/airflow/example_dags/example_external_task_marker_dag.py took 0.054 seconds
[2023-04-27T18:43:57.932+0300] {processor.py:153} INFO - Started process (PID=6964) to work on /home/vladimir/.local/lib/python3.10/site-packages/airflow/example_dags/example_external_task_marker_dag.py
[2023-04-27T18:43:57.938+0300] {processor.py:743} INFO - Processing file /home/vladimir/.local/lib/python3.10/site-packages/airflow/example_dags/example_external_task_marker_dag.py for tasks to queue
[2023-04-27T18:43:57.938+0300] {logging_mixin.py:137} INFO - [2023-04-27T18:43:57.938+0300] {dagbag.py:532} INFO - Filling up the DagBag from /home/vladimir/.local/lib/python3.10/site-packages/airflow/example_dags/example_external_task_marker_dag.py
[2023-04-27T18:43:57.966+0300] {processor.py:753} INFO - DAG(s) dict_keys(['example_external_task_marker_parent', 'example_external_task_marker_child']) retrieved from /home/vladimir/.local/lib/python3.10/site-packages/airflow/example_dags/example_external_task_marker_dag.py
[2023-04-27T18:43:58.002+0300] {logging_mixin.py:137} INFO - [2023-04-27T18:43:58.002+0300] {dag.py:2705} INFO - Sync 2 DAGs
[2023-04-27T18:43:58.030+0300] {logging_mixin.py:137} INFO - [2023-04-27T18:43:58.029+0300] {dag.py:3452} INFO - Setting next_dagrun for example_external_task_marker_child to None, run_after=None
[2023-04-27T18:43:58.032+0300] {logging_mixin.py:137} INFO - [2023-04-27T18:43:58.032+0300] {dag.py:3452} INFO - Setting next_dagrun for example_external_task_marker_parent to None, run_after=None
[2023-04-27T18:43:58.043+0300] {processor.py:175} INFO - Processing /home/vladimir/.local/lib/python3.10/site-packages/airflow/example_dags/example_external_task_marker_dag.py took 0.114 seconds
[2023-04-27T18:44:41.938+0300] {processor.py:153} INFO - Started process (PID=9217) to work on /home/vladimir/.local/lib/python3.10/site-packages/airflow/example_dags/example_external_task_marker_dag.py
[2023-04-27T18:44:41.939+0300] {processor.py:743} INFO - Processing file /home/vladimir/.local/lib/python3.10/site-packages/airflow/example_dags/example_external_task_marker_dag.py for tasks to queue
[2023-04-27T18:44:41.939+0300] {logging_mixin.py:137} INFO - [2023-04-27T18:44:41.939+0300] {dagbag.py:532} INFO - Filling up the DagBag from /home/vladimir/.local/lib/python3.10/site-packages/airflow/example_dags/example_external_task_marker_dag.py
[2023-04-27T18:44:41.951+0300] {processor.py:753} INFO - DAG(s) dict_keys(['example_external_task_marker_child', 'example_external_task_marker_parent']) retrieved from /home/vladimir/.local/lib/python3.10/site-packages/airflow/example_dags/example_external_task_marker_dag.py
[2023-04-27T18:44:41.969+0300] {logging_mixin.py:137} INFO - [2023-04-27T18:44:41.969+0300] {dag.py:2705} INFO - Sync 2 DAGs
[2023-04-27T18:44:41.996+0300] {logging_mixin.py:137} INFO - [2023-04-27T18:44:41.996+0300] {dag.py:3452} INFO - Setting next_dagrun for example_external_task_marker_child to None, run_after=None
[2023-04-27T18:44:41.999+0300] {logging_mixin.py:137} INFO - [2023-04-27T18:44:41.999+0300] {dag.py:3452} INFO - Setting next_dagrun for example_external_task_marker_parent to None, run_after=None
[2023-04-27T18:44:42.012+0300] {processor.py:175} INFO - Processing /home/vladimir/.local/lib/python3.10/site-packages/airflow/example_dags/example_external_task_marker_dag.py took 0.077 seconds
[2023-04-27T18:45:19.528+0300] {processor.py:153} INFO - Started process (PID=10778) to work on /home/vladimir/.local/lib/python3.10/site-packages/airflow/example_dags/example_external_task_marker_dag.py
[2023-04-27T18:45:19.537+0300] {processor.py:743} INFO - Processing file /home/vladimir/.local/lib/python3.10/site-packages/airflow/example_dags/example_external_task_marker_dag.py for tasks to queue
[2023-04-27T18:45:19.537+0300] {logging_mixin.py:137} INFO - [2023-04-27T18:45:19.537+0300] {dagbag.py:532} INFO - Filling up the DagBag from /home/vladimir/.local/lib/python3.10/site-packages/airflow/example_dags/example_external_task_marker_dag.py
[2023-04-27T18:45:19.548+0300] {processor.py:753} INFO - DAG(s) dict_keys(['example_external_task_marker_child', 'example_external_task_marker_parent']) retrieved from /home/vladimir/.local/lib/python3.10/site-packages/airflow/example_dags/example_external_task_marker_dag.py
[2023-04-27T18:45:19.586+0300] {logging_mixin.py:137} INFO - [2023-04-27T18:45:19.586+0300] {dag.py:2705} INFO - Sync 2 DAGs
[2023-04-27T18:45:19.620+0300] {logging_mixin.py:137} INFO - [2023-04-27T18:45:19.620+0300] {dag.py:3452} INFO - Setting next_dagrun for example_external_task_marker_child to None, run_after=None
[2023-04-27T18:45:19.622+0300] {logging_mixin.py:137} INFO - [2023-04-27T18:45:19.621+0300] {dag.py:3452} INFO - Setting next_dagrun for example_external_task_marker_parent to None, run_after=None
[2023-04-27T18:45:19.658+0300] {processor.py:175} INFO - Processing /home/vladimir/.local/lib/python3.10/site-packages/airflow/example_dags/example_external_task_marker_dag.py took 0.132 seconds
[2023-04-27T18:46:10.595+0300] {processor.py:153} INFO - Started process (PID=18024) to work on /home/vladimir/.local/lib/python3.10/site-packages/airflow/example_dags/example_external_task_marker_dag.py
[2023-04-27T18:46:10.596+0300] {processor.py:743} INFO - Processing file /home/vladimir/.local/lib/python3.10/site-packages/airflow/example_dags/example_external_task_marker_dag.py for tasks to queue
[2023-04-27T18:46:10.596+0300] {logging_mixin.py:137} INFO - [2023-04-27T18:46:10.596+0300] {dagbag.py:532} INFO - Filling up the DagBag from /home/vladimir/.local/lib/python3.10/site-packages/airflow/example_dags/example_external_task_marker_dag.py
[2023-04-27T18:46:10.607+0300] {processor.py:753} INFO - DAG(s) dict_keys(['example_external_task_marker_parent', 'example_external_task_marker_child']) retrieved from /home/vladimir/.local/lib/python3.10/site-packages/airflow/example_dags/example_external_task_marker_dag.py
[2023-04-27T18:46:10.624+0300] {logging_mixin.py:137} INFO - [2023-04-27T18:46:10.623+0300] {dag.py:2705} INFO - Sync 2 DAGs
[2023-04-27T18:46:10.637+0300] {logging_mixin.py:137} INFO - [2023-04-27T18:46:10.637+0300] {dag.py:3452} INFO - Setting next_dagrun for example_external_task_marker_child to None, run_after=None
[2023-04-27T18:46:10.639+0300] {logging_mixin.py:137} INFO - [2023-04-27T18:46:10.639+0300] {dag.py:3452} INFO - Setting next_dagrun for example_external_task_marker_parent to None, run_after=None
[2023-04-27T18:46:10.649+0300] {processor.py:175} INFO - Processing /home/vladimir/.local/lib/python3.10/site-packages/airflow/example_dags/example_external_task_marker_dag.py took 0.056 seconds
[2023-04-27T18:46:53.177+0300] {processor.py:153} INFO - Started process (PID=2779) to work on /home/vladimir/.local/lib/python3.10/site-packages/airflow/example_dags/example_external_task_marker_dag.py
[2023-04-27T18:46:53.178+0300] {processor.py:743} INFO - Processing file /home/vladimir/.local/lib/python3.10/site-packages/airflow/example_dags/example_external_task_marker_dag.py for tasks to queue
[2023-04-27T18:46:53.178+0300] {logging_mixin.py:137} INFO - [2023-04-27T18:46:53.178+0300] {dagbag.py:532} INFO - Filling up the DagBag from /home/vladimir/.local/lib/python3.10/site-packages/airflow/example_dags/example_external_task_marker_dag.py
[2023-04-27T18:46:53.189+0300] {processor.py:753} INFO - DAG(s) dict_keys(['example_external_task_marker_child', 'example_external_task_marker_parent']) retrieved from /home/vladimir/.local/lib/python3.10/site-packages/airflow/example_dags/example_external_task_marker_dag.py
[2023-04-27T18:46:53.224+0300] {logging_mixin.py:137} INFO - [2023-04-27T18:46:53.223+0300] {dag.py:2705} INFO - Sync 2 DAGs
[2023-04-27T18:46:53.238+0300] {logging_mixin.py:137} INFO - [2023-04-27T18:46:53.238+0300] {dag.py:3452} INFO - Setting next_dagrun for example_external_task_marker_child to None, run_after=None
[2023-04-27T18:46:53.240+0300] {logging_mixin.py:137} INFO - [2023-04-27T18:46:53.240+0300] {dag.py:3452} INFO - Setting next_dagrun for example_external_task_marker_parent to None, run_after=None
[2023-04-27T18:46:53.254+0300] {processor.py:175} INFO - Processing /home/vladimir/.local/lib/python3.10/site-packages/airflow/example_dags/example_external_task_marker_dag.py took 0.079 seconds
[2023-04-27T18:47:34.485+0300] {processor.py:153} INFO - Started process (PID=3789) to work on /home/vladimir/.local/lib/python3.10/site-packages/airflow/example_dags/example_external_task_marker_dag.py
[2023-04-27T18:47:34.486+0300] {processor.py:743} INFO - Processing file /home/vladimir/.local/lib/python3.10/site-packages/airflow/example_dags/example_external_task_marker_dag.py for tasks to queue
[2023-04-27T18:47:34.486+0300] {logging_mixin.py:137} INFO - [2023-04-27T18:47:34.486+0300] {dagbag.py:532} INFO - Filling up the DagBag from /home/vladimir/.local/lib/python3.10/site-packages/airflow/example_dags/example_external_task_marker_dag.py
[2023-04-27T18:47:34.499+0300] {processor.py:753} INFO - DAG(s) dict_keys(['example_external_task_marker_child', 'example_external_task_marker_parent']) retrieved from /home/vladimir/.local/lib/python3.10/site-packages/airflow/example_dags/example_external_task_marker_dag.py
[2023-04-27T18:47:34.514+0300] {logging_mixin.py:137} INFO - [2023-04-27T18:47:34.514+0300] {dag.py:2705} INFO - Sync 2 DAGs
[2023-04-27T18:47:34.527+0300] {logging_mixin.py:137} INFO - [2023-04-27T18:47:34.527+0300] {dag.py:3452} INFO - Setting next_dagrun for example_external_task_marker_child to None, run_after=None
[2023-04-27T18:47:34.529+0300] {logging_mixin.py:137} INFO - [2023-04-27T18:47:34.529+0300] {dag.py:3452} INFO - Setting next_dagrun for example_external_task_marker_parent to None, run_after=None
[2023-04-27T18:47:34.543+0300] {processor.py:175} INFO - Processing /home/vladimir/.local/lib/python3.10/site-packages/airflow/example_dags/example_external_task_marker_dag.py took 0.062 seconds
[2023-04-27T18:48:14.408+0300] {processor.py:153} INFO - Started process (PID=4117) to work on /home/vladimir/.local/lib/python3.10/site-packages/airflow/example_dags/example_external_task_marker_dag.py
[2023-04-27T18:48:14.409+0300] {processor.py:743} INFO - Processing file /home/vladimir/.local/lib/python3.10/site-packages/airflow/example_dags/example_external_task_marker_dag.py for tasks to queue
[2023-04-27T18:48:14.409+0300] {logging_mixin.py:137} INFO - [2023-04-27T18:48:14.409+0300] {dagbag.py:532} INFO - Filling up the DagBag from /home/vladimir/.local/lib/python3.10/site-packages/airflow/example_dags/example_external_task_marker_dag.py
[2023-04-27T18:48:14.420+0300] {processor.py:753} INFO - DAG(s) dict_keys(['example_external_task_marker_child', 'example_external_task_marker_parent']) retrieved from /home/vladimir/.local/lib/python3.10/site-packages/airflow/example_dags/example_external_task_marker_dag.py
[2023-04-27T18:48:14.436+0300] {logging_mixin.py:137} INFO - [2023-04-27T18:48:14.435+0300] {dag.py:2705} INFO - Sync 2 DAGs
[2023-04-27T18:48:14.449+0300] {logging_mixin.py:137} INFO - [2023-04-27T18:48:14.449+0300] {dag.py:3452} INFO - Setting next_dagrun for example_external_task_marker_child to None, run_after=None
[2023-04-27T18:48:14.451+0300] {logging_mixin.py:137} INFO - [2023-04-27T18:48:14.451+0300] {dag.py:3452} INFO - Setting next_dagrun for example_external_task_marker_parent to None, run_after=None
[2023-04-27T18:48:14.463+0300] {processor.py:175} INFO - Processing /home/vladimir/.local/lib/python3.10/site-packages/airflow/example_dags/example_external_task_marker_dag.py took 0.057 seconds
[2023-04-27T18:48:56.748+0300] {processor.py:153} INFO - Started process (PID=4168) to work on /home/vladimir/.local/lib/python3.10/site-packages/airflow/example_dags/example_external_task_marker_dag.py
[2023-04-27T18:48:56.749+0300] {processor.py:743} INFO - Processing file /home/vladimir/.local/lib/python3.10/site-packages/airflow/example_dags/example_external_task_marker_dag.py for tasks to queue
[2023-04-27T18:48:56.749+0300] {logging_mixin.py:137} INFO - [2023-04-27T18:48:56.749+0300] {dagbag.py:532} INFO - Filling up the DagBag from /home/vladimir/.local/lib/python3.10/site-packages/airflow/example_dags/example_external_task_marker_dag.py
[2023-04-27T18:48:56.758+0300] {processor.py:753} INFO - DAG(s) dict_keys(['example_external_task_marker_parent', 'example_external_task_marker_child']) retrieved from /home/vladimir/.local/lib/python3.10/site-packages/airflow/example_dags/example_external_task_marker_dag.py
[2023-04-27T18:48:56.772+0300] {logging_mixin.py:137} INFO - [2023-04-27T18:48:56.772+0300] {dag.py:2705} INFO - Sync 2 DAGs
[2023-04-27T18:48:56.785+0300] {logging_mixin.py:137} INFO - [2023-04-27T18:48:56.785+0300] {dag.py:3452} INFO - Setting next_dagrun for example_external_task_marker_child to None, run_after=None
[2023-04-27T18:48:56.787+0300] {logging_mixin.py:137} INFO - [2023-04-27T18:48:56.787+0300] {dag.py:3452} INFO - Setting next_dagrun for example_external_task_marker_parent to None, run_after=None
[2023-04-27T18:48:56.798+0300] {processor.py:175} INFO - Processing /home/vladimir/.local/lib/python3.10/site-packages/airflow/example_dags/example_external_task_marker_dag.py took 0.053 seconds
[2023-04-27T18:49:34.648+0300] {processor.py:153} INFO - Started process (PID=4209) to work on /home/vladimir/.local/lib/python3.10/site-packages/airflow/example_dags/example_external_task_marker_dag.py
[2023-04-27T18:49:34.649+0300] {processor.py:743} INFO - Processing file /home/vladimir/.local/lib/python3.10/site-packages/airflow/example_dags/example_external_task_marker_dag.py for tasks to queue
[2023-04-27T18:49:34.650+0300] {logging_mixin.py:137} INFO - [2023-04-27T18:49:34.649+0300] {dagbag.py:532} INFO - Filling up the DagBag from /home/vladimir/.local/lib/python3.10/site-packages/airflow/example_dags/example_external_task_marker_dag.py
[2023-04-27T18:49:34.659+0300] {processor.py:753} INFO - DAG(s) dict_keys(['example_external_task_marker_parent', 'example_external_task_marker_child']) retrieved from /home/vladimir/.local/lib/python3.10/site-packages/airflow/example_dags/example_external_task_marker_dag.py
[2023-04-27T18:49:34.674+0300] {logging_mixin.py:137} INFO - [2023-04-27T18:49:34.674+0300] {dag.py:2705} INFO - Sync 2 DAGs
[2023-04-27T18:49:34.688+0300] {logging_mixin.py:137} INFO - [2023-04-27T18:49:34.687+0300] {dag.py:3452} INFO - Setting next_dagrun for example_external_task_marker_child to None, run_after=None
[2023-04-27T18:49:34.689+0300] {logging_mixin.py:137} INFO - [2023-04-27T18:49:34.689+0300] {dag.py:3452} INFO - Setting next_dagrun for example_external_task_marker_parent to None, run_after=None
[2023-04-27T18:49:34.706+0300] {processor.py:175} INFO - Processing /home/vladimir/.local/lib/python3.10/site-packages/airflow/example_dags/example_external_task_marker_dag.py took 0.059 seconds
[2023-04-27T18:50:13.401+0300] {processor.py:153} INFO - Started process (PID=4618) to work on /home/vladimir/.local/lib/python3.10/site-packages/airflow/example_dags/example_external_task_marker_dag.py
[2023-04-27T18:50:13.404+0300] {processor.py:743} INFO - Processing file /home/vladimir/.local/lib/python3.10/site-packages/airflow/example_dags/example_external_task_marker_dag.py for tasks to queue
[2023-04-27T18:50:13.404+0300] {logging_mixin.py:137} INFO - [2023-04-27T18:50:13.404+0300] {dagbag.py:532} INFO - Filling up the DagBag from /home/vladimir/.local/lib/python3.10/site-packages/airflow/example_dags/example_external_task_marker_dag.py
[2023-04-27T18:50:13.414+0300] {processor.py:753} INFO - DAG(s) dict_keys(['example_external_task_marker_parent', 'example_external_task_marker_child']) retrieved from /home/vladimir/.local/lib/python3.10/site-packages/airflow/example_dags/example_external_task_marker_dag.py
[2023-04-27T18:50:13.437+0300] {logging_mixin.py:137} INFO - [2023-04-27T18:50:13.437+0300] {dag.py:2705} INFO - Sync 2 DAGs
[2023-04-27T18:50:13.452+0300] {logging_mixin.py:137} INFO - [2023-04-27T18:50:13.452+0300] {dag.py:3452} INFO - Setting next_dagrun for example_external_task_marker_child to None, run_after=None
[2023-04-27T18:50:13.454+0300] {logging_mixin.py:137} INFO - [2023-04-27T18:50:13.454+0300] {dag.py:3452} INFO - Setting next_dagrun for example_external_task_marker_parent to None, run_after=None
[2023-04-27T18:50:13.465+0300] {processor.py:175} INFO - Processing /home/vladimir/.local/lib/python3.10/site-packages/airflow/example_dags/example_external_task_marker_dag.py took 0.067 seconds
[2023-04-27T18:50:50.740+0300] {processor.py:153} INFO - Started process (PID=5197) to work on /home/vladimir/.local/lib/python3.10/site-packages/airflow/example_dags/example_external_task_marker_dag.py
[2023-04-27T18:50:50.742+0300] {processor.py:743} INFO - Processing file /home/vladimir/.local/lib/python3.10/site-packages/airflow/example_dags/example_external_task_marker_dag.py for tasks to queue
[2023-04-27T18:50:50.743+0300] {logging_mixin.py:137} INFO - [2023-04-27T18:50:50.742+0300] {dagbag.py:532} INFO - Filling up the DagBag from /home/vladimir/.local/lib/python3.10/site-packages/airflow/example_dags/example_external_task_marker_dag.py
[2023-04-27T18:50:50.757+0300] {processor.py:753} INFO - DAG(s) dict_keys(['example_external_task_marker_parent', 'example_external_task_marker_child']) retrieved from /home/vladimir/.local/lib/python3.10/site-packages/airflow/example_dags/example_external_task_marker_dag.py
[2023-04-27T18:50:50.779+0300] {logging_mixin.py:137} INFO - [2023-04-27T18:50:50.778+0300] {dag.py:2705} INFO - Sync 2 DAGs
[2023-04-27T18:50:50.791+0300] {logging_mixin.py:137} INFO - [2023-04-27T18:50:50.791+0300] {dag.py:3452} INFO - Setting next_dagrun for example_external_task_marker_child to None, run_after=None
[2023-04-27T18:50:50.793+0300] {logging_mixin.py:137} INFO - [2023-04-27T18:50:50.793+0300] {dag.py:3452} INFO - Setting next_dagrun for example_external_task_marker_parent to None, run_after=None
[2023-04-27T18:50:50.816+0300] {processor.py:175} INFO - Processing /home/vladimir/.local/lib/python3.10/site-packages/airflow/example_dags/example_external_task_marker_dag.py took 0.078 seconds
[2023-04-27T18:51:34.451+0300] {processor.py:153} INFO - Started process (PID=5278) to work on /home/vladimir/.local/lib/python3.10/site-packages/airflow/example_dags/example_external_task_marker_dag.py
[2023-04-27T18:51:34.451+0300] {processor.py:743} INFO - Processing file /home/vladimir/.local/lib/python3.10/site-packages/airflow/example_dags/example_external_task_marker_dag.py for tasks to queue
[2023-04-27T18:51:34.452+0300] {logging_mixin.py:137} INFO - [2023-04-27T18:51:34.452+0300] {dagbag.py:532} INFO - Filling up the DagBag from /home/vladimir/.local/lib/python3.10/site-packages/airflow/example_dags/example_external_task_marker_dag.py
[2023-04-27T18:51:34.462+0300] {processor.py:753} INFO - DAG(s) dict_keys(['example_external_task_marker_child', 'example_external_task_marker_parent']) retrieved from /home/vladimir/.local/lib/python3.10/site-packages/airflow/example_dags/example_external_task_marker_dag.py
[2023-04-27T18:51:34.476+0300] {logging_mixin.py:137} INFO - [2023-04-27T18:51:34.476+0300] {dag.py:2705} INFO - Sync 2 DAGs
[2023-04-27T18:51:34.488+0300] {logging_mixin.py:137} INFO - [2023-04-27T18:51:34.488+0300] {dag.py:3452} INFO - Setting next_dagrun for example_external_task_marker_child to None, run_after=None
[2023-04-27T18:51:34.490+0300] {logging_mixin.py:137} INFO - [2023-04-27T18:51:34.490+0300] {dag.py:3452} INFO - Setting next_dagrun for example_external_task_marker_parent to None, run_after=None
[2023-04-27T18:51:34.501+0300] {processor.py:175} INFO - Processing /home/vladimir/.local/lib/python3.10/site-packages/airflow/example_dags/example_external_task_marker_dag.py took 0.053 seconds
[2023-04-27T18:52:15.147+0300] {processor.py:153} INFO - Started process (PID=5324) to work on /home/vladimir/.local/lib/python3.10/site-packages/airflow/example_dags/example_external_task_marker_dag.py
[2023-04-27T18:52:15.148+0300] {processor.py:743} INFO - Processing file /home/vladimir/.local/lib/python3.10/site-packages/airflow/example_dags/example_external_task_marker_dag.py for tasks to queue
[2023-04-27T18:52:15.148+0300] {logging_mixin.py:137} INFO - [2023-04-27T18:52:15.148+0300] {dagbag.py:532} INFO - Filling up the DagBag from /home/vladimir/.local/lib/python3.10/site-packages/airflow/example_dags/example_external_task_marker_dag.py
[2023-04-27T18:52:15.158+0300] {processor.py:753} INFO - DAG(s) dict_keys(['example_external_task_marker_parent', 'example_external_task_marker_child']) retrieved from /home/vladimir/.local/lib/python3.10/site-packages/airflow/example_dags/example_external_task_marker_dag.py
[2023-04-27T18:52:15.173+0300] {logging_mixin.py:137} INFO - [2023-04-27T18:52:15.173+0300] {dag.py:2705} INFO - Sync 2 DAGs
[2023-04-27T18:52:15.186+0300] {logging_mixin.py:137} INFO - [2023-04-27T18:52:15.185+0300] {dag.py:3452} INFO - Setting next_dagrun for example_external_task_marker_child to None, run_after=None
[2023-04-27T18:52:15.187+0300] {logging_mixin.py:137} INFO - [2023-04-27T18:52:15.187+0300] {dag.py:3452} INFO - Setting next_dagrun for example_external_task_marker_parent to None, run_after=None
[2023-04-27T18:52:15.199+0300] {processor.py:175} INFO - Processing /home/vladimir/.local/lib/python3.10/site-packages/airflow/example_dags/example_external_task_marker_dag.py took 0.055 seconds
[2023-04-27T18:52:54.010+0300] {processor.py:153} INFO - Started process (PID=5364) to work on /home/vladimir/.local/lib/python3.10/site-packages/airflow/example_dags/example_external_task_marker_dag.py
[2023-04-27T18:52:54.011+0300] {processor.py:743} INFO - Processing file /home/vladimir/.local/lib/python3.10/site-packages/airflow/example_dags/example_external_task_marker_dag.py for tasks to queue
[2023-04-27T18:52:54.012+0300] {logging_mixin.py:137} INFO - [2023-04-27T18:52:54.011+0300] {dagbag.py:532} INFO - Filling up the DagBag from /home/vladimir/.local/lib/python3.10/site-packages/airflow/example_dags/example_external_task_marker_dag.py
[2023-04-27T18:52:54.022+0300] {processor.py:753} INFO - DAG(s) dict_keys(['example_external_task_marker_child', 'example_external_task_marker_parent']) retrieved from /home/vladimir/.local/lib/python3.10/site-packages/airflow/example_dags/example_external_task_marker_dag.py
[2023-04-27T18:52:54.036+0300] {logging_mixin.py:137} INFO - [2023-04-27T18:52:54.036+0300] {dag.py:2705} INFO - Sync 2 DAGs
[2023-04-27T18:52:54.048+0300] {logging_mixin.py:137} INFO - [2023-04-27T18:52:54.047+0300] {dag.py:3452} INFO - Setting next_dagrun for example_external_task_marker_child to None, run_after=None
[2023-04-27T18:52:54.050+0300] {logging_mixin.py:137} INFO - [2023-04-27T18:52:54.050+0300] {dag.py:3452} INFO - Setting next_dagrun for example_external_task_marker_parent to None, run_after=None
[2023-04-27T18:52:54.061+0300] {processor.py:175} INFO - Processing /home/vladimir/.local/lib/python3.10/site-packages/airflow/example_dags/example_external_task_marker_dag.py took 0.054 seconds
[2023-04-27T18:53:27.009+0300] {processor.py:153} INFO - Started process (PID=5544) to work on /home/vladimir/.local/lib/python3.10/site-packages/airflow/example_dags/example_external_task_marker_dag.py
[2023-04-27T18:53:27.010+0300] {processor.py:743} INFO - Processing file /home/vladimir/.local/lib/python3.10/site-packages/airflow/example_dags/example_external_task_marker_dag.py for tasks to queue
[2023-04-27T18:53:27.010+0300] {logging_mixin.py:137} INFO - [2023-04-27T18:53:27.010+0300] {dagbag.py:532} INFO - Filling up the DagBag from /home/vladimir/.local/lib/python3.10/site-packages/airflow/example_dags/example_external_task_marker_dag.py
[2023-04-27T18:53:27.020+0300] {processor.py:753} INFO - DAG(s) dict_keys(['example_external_task_marker_child', 'example_external_task_marker_parent']) retrieved from /home/vladimir/.local/lib/python3.10/site-packages/airflow/example_dags/example_external_task_marker_dag.py
[2023-04-27T18:53:27.034+0300] {logging_mixin.py:137} INFO - [2023-04-27T18:53:27.034+0300] {dag.py:2705} INFO - Sync 2 DAGs
[2023-04-27T18:53:27.046+0300] {logging_mixin.py:137} INFO - [2023-04-27T18:53:27.046+0300] {dag.py:3452} INFO - Setting next_dagrun for example_external_task_marker_child to None, run_after=None
[2023-04-27T18:53:27.051+0300] {logging_mixin.py:137} INFO - [2023-04-27T18:53:27.051+0300] {dag.py:3452} INFO - Setting next_dagrun for example_external_task_marker_parent to None, run_after=None
[2023-04-27T18:53:27.062+0300] {processor.py:175} INFO - Processing /home/vladimir/.local/lib/python3.10/site-packages/airflow/example_dags/example_external_task_marker_dag.py took 0.055 seconds
[2023-04-27T18:54:05.118+0300] {processor.py:153} INFO - Started process (PID=5585) to work on /home/vladimir/.local/lib/python3.10/site-packages/airflow/example_dags/example_external_task_marker_dag.py
[2023-04-27T18:54:05.119+0300] {processor.py:743} INFO - Processing file /home/vladimir/.local/lib/python3.10/site-packages/airflow/example_dags/example_external_task_marker_dag.py for tasks to queue
[2023-04-27T18:54:05.119+0300] {logging_mixin.py:137} INFO - [2023-04-27T18:54:05.119+0300] {dagbag.py:532} INFO - Filling up the DagBag from /home/vladimir/.local/lib/python3.10/site-packages/airflow/example_dags/example_external_task_marker_dag.py
[2023-04-27T18:54:05.129+0300] {processor.py:753} INFO - DAG(s) dict_keys(['example_external_task_marker_child', 'example_external_task_marker_parent']) retrieved from /home/vladimir/.local/lib/python3.10/site-packages/airflow/example_dags/example_external_task_marker_dag.py
[2023-04-27T18:54:05.143+0300] {logging_mixin.py:137} INFO - [2023-04-27T18:54:05.143+0300] {dag.py:2705} INFO - Sync 2 DAGs
[2023-04-27T18:54:05.156+0300] {logging_mixin.py:137} INFO - [2023-04-27T18:54:05.156+0300] {dag.py:3452} INFO - Setting next_dagrun for example_external_task_marker_child to None, run_after=None
[2023-04-27T18:54:05.158+0300] {logging_mixin.py:137} INFO - [2023-04-27T18:54:05.158+0300] {dag.py:3452} INFO - Setting next_dagrun for example_external_task_marker_parent to None, run_after=None
[2023-04-27T18:54:05.170+0300] {processor.py:175} INFO - Processing /home/vladimir/.local/lib/python3.10/site-packages/airflow/example_dags/example_external_task_marker_dag.py took 0.054 seconds
[2023-04-27T18:54:48.404+0300] {processor.py:153} INFO - Started process (PID=5636) to work on /home/vladimir/.local/lib/python3.10/site-packages/airflow/example_dags/example_external_task_marker_dag.py
[2023-04-27T18:54:48.405+0300] {processor.py:743} INFO - Processing file /home/vladimir/.local/lib/python3.10/site-packages/airflow/example_dags/example_external_task_marker_dag.py for tasks to queue
[2023-04-27T18:54:48.406+0300] {logging_mixin.py:137} INFO - [2023-04-27T18:54:48.406+0300] {dagbag.py:532} INFO - Filling up the DagBag from /home/vladimir/.local/lib/python3.10/site-packages/airflow/example_dags/example_external_task_marker_dag.py
[2023-04-27T18:54:48.415+0300] {processor.py:753} INFO - DAG(s) dict_keys(['example_external_task_marker_parent', 'example_external_task_marker_child']) retrieved from /home/vladimir/.local/lib/python3.10/site-packages/airflow/example_dags/example_external_task_marker_dag.py
[2023-04-27T18:54:48.430+0300] {logging_mixin.py:137} INFO - [2023-04-27T18:54:48.430+0300] {dag.py:2705} INFO - Sync 2 DAGs
[2023-04-27T18:54:48.441+0300] {logging_mixin.py:137} INFO - [2023-04-27T18:54:48.441+0300] {dag.py:3452} INFO - Setting next_dagrun for example_external_task_marker_child to None, run_after=None
[2023-04-27T18:54:48.443+0300] {logging_mixin.py:137} INFO - [2023-04-27T18:54:48.443+0300] {dag.py:3452} INFO - Setting next_dagrun for example_external_task_marker_parent to None, run_after=None
[2023-04-27T18:54:48.454+0300] {processor.py:175} INFO - Processing /home/vladimir/.local/lib/python3.10/site-packages/airflow/example_dags/example_external_task_marker_dag.py took 0.051 seconds
[2023-04-27T18:55:25.056+0300] {processor.py:153} INFO - Started process (PID=5680) to work on /home/vladimir/.local/lib/python3.10/site-packages/airflow/example_dags/example_external_task_marker_dag.py
[2023-04-27T18:55:25.057+0300] {processor.py:743} INFO - Processing file /home/vladimir/.local/lib/python3.10/site-packages/airflow/example_dags/example_external_task_marker_dag.py for tasks to queue
[2023-04-27T18:55:25.058+0300] {logging_mixin.py:137} INFO - [2023-04-27T18:55:25.058+0300] {dagbag.py:532} INFO - Filling up the DagBag from /home/vladimir/.local/lib/python3.10/site-packages/airflow/example_dags/example_external_task_marker_dag.py
[2023-04-27T18:55:25.069+0300] {processor.py:753} INFO - DAG(s) dict_keys(['example_external_task_marker_parent', 'example_external_task_marker_child']) retrieved from /home/vladimir/.local/lib/python3.10/site-packages/airflow/example_dags/example_external_task_marker_dag.py
[2023-04-27T18:55:25.087+0300] {logging_mixin.py:137} INFO - [2023-04-27T18:55:25.087+0300] {dag.py:2705} INFO - Sync 2 DAGs
[2023-04-27T18:55:25.099+0300] {logging_mixin.py:137} INFO - [2023-04-27T18:55:25.099+0300] {dag.py:3452} INFO - Setting next_dagrun for example_external_task_marker_child to None, run_after=None
[2023-04-27T18:55:25.101+0300] {logging_mixin.py:137} INFO - [2023-04-27T18:55:25.101+0300] {dag.py:3452} INFO - Setting next_dagrun for example_external_task_marker_parent to None, run_after=None
[2023-04-27T18:55:25.113+0300] {processor.py:175} INFO - Processing /home/vladimir/.local/lib/python3.10/site-packages/airflow/example_dags/example_external_task_marker_dag.py took 0.059 seconds
[2023-04-27T18:56:00.279+0300] {processor.py:153} INFO - Started process (PID=5723) to work on /home/vladimir/.local/lib/python3.10/site-packages/airflow/example_dags/example_external_task_marker_dag.py
[2023-04-27T18:56:00.281+0300] {processor.py:743} INFO - Processing file /home/vladimir/.local/lib/python3.10/site-packages/airflow/example_dags/example_external_task_marker_dag.py for tasks to queue
[2023-04-27T18:56:00.281+0300] {logging_mixin.py:137} INFO - [2023-04-27T18:56:00.281+0300] {dagbag.py:532} INFO - Filling up the DagBag from /home/vladimir/.local/lib/python3.10/site-packages/airflow/example_dags/example_external_task_marker_dag.py
[2023-04-27T18:56:00.291+0300] {processor.py:753} INFO - DAG(s) dict_keys(['example_external_task_marker_parent', 'example_external_task_marker_child']) retrieved from /home/vladimir/.local/lib/python3.10/site-packages/airflow/example_dags/example_external_task_marker_dag.py
[2023-04-27T18:56:00.305+0300] {logging_mixin.py:137} INFO - [2023-04-27T18:56:00.305+0300] {dag.py:2705} INFO - Sync 2 DAGs
[2023-04-27T18:56:00.318+0300] {logging_mixin.py:137} INFO - [2023-04-27T18:56:00.318+0300] {dag.py:3452} INFO - Setting next_dagrun for example_external_task_marker_child to None, run_after=None
[2023-04-27T18:56:00.320+0300] {logging_mixin.py:137} INFO - [2023-04-27T18:56:00.319+0300] {dag.py:3452} INFO - Setting next_dagrun for example_external_task_marker_parent to None, run_after=None
[2023-04-27T18:56:00.333+0300] {processor.py:175} INFO - Processing /home/vladimir/.local/lib/python3.10/site-packages/airflow/example_dags/example_external_task_marker_dag.py took 0.055 seconds
[2023-04-27T18:56:42.524+0300] {processor.py:153} INFO - Started process (PID=6615) to work on /home/vladimir/.local/lib/python3.10/site-packages/airflow/example_dags/example_external_task_marker_dag.py
[2023-04-27T18:56:42.525+0300] {processor.py:743} INFO - Processing file /home/vladimir/.local/lib/python3.10/site-packages/airflow/example_dags/example_external_task_marker_dag.py for tasks to queue
[2023-04-27T18:56:42.526+0300] {logging_mixin.py:137} INFO - [2023-04-27T18:56:42.526+0300] {dagbag.py:532} INFO - Filling up the DagBag from /home/vladimir/.local/lib/python3.10/site-packages/airflow/example_dags/example_external_task_marker_dag.py
[2023-04-27T18:56:42.536+0300] {processor.py:753} INFO - DAG(s) dict_keys(['example_external_task_marker_child', 'example_external_task_marker_parent']) retrieved from /home/vladimir/.local/lib/python3.10/site-packages/airflow/example_dags/example_external_task_marker_dag.py
[2023-04-27T18:56:42.550+0300] {logging_mixin.py:137} INFO - [2023-04-27T18:56:42.550+0300] {dag.py:2705} INFO - Sync 2 DAGs
[2023-04-27T18:56:42.562+0300] {logging_mixin.py:137} INFO - [2023-04-27T18:56:42.562+0300] {dag.py:3452} INFO - Setting next_dagrun for example_external_task_marker_child to None, run_after=None
[2023-04-27T18:56:42.564+0300] {logging_mixin.py:137} INFO - [2023-04-27T18:56:42.564+0300] {dag.py:3452} INFO - Setting next_dagrun for example_external_task_marker_parent to None, run_after=None
[2023-04-27T18:56:42.576+0300] {processor.py:175} INFO - Processing /home/vladimir/.local/lib/python3.10/site-packages/airflow/example_dags/example_external_task_marker_dag.py took 0.054 seconds
[2023-04-27T18:57:21.290+0300] {processor.py:153} INFO - Started process (PID=6696) to work on /home/vladimir/.local/lib/python3.10/site-packages/airflow/example_dags/example_external_task_marker_dag.py
[2023-04-27T18:57:21.291+0300] {processor.py:743} INFO - Processing file /home/vladimir/.local/lib/python3.10/site-packages/airflow/example_dags/example_external_task_marker_dag.py for tasks to queue
[2023-04-27T18:57:21.292+0300] {logging_mixin.py:137} INFO - [2023-04-27T18:57:21.292+0300] {dagbag.py:532} INFO - Filling up the DagBag from /home/vladimir/.local/lib/python3.10/site-packages/airflow/example_dags/example_external_task_marker_dag.py
[2023-04-27T18:57:21.300+0300] {processor.py:753} INFO - DAG(s) dict_keys(['example_external_task_marker_parent', 'example_external_task_marker_child']) retrieved from /home/vladimir/.local/lib/python3.10/site-packages/airflow/example_dags/example_external_task_marker_dag.py
[2023-04-27T18:57:21.314+0300] {logging_mixin.py:137} INFO - [2023-04-27T18:57:21.314+0300] {dag.py:2705} INFO - Sync 2 DAGs
[2023-04-27T18:57:21.326+0300] {logging_mixin.py:137} INFO - [2023-04-27T18:57:21.326+0300] {dag.py:3452} INFO - Setting next_dagrun for example_external_task_marker_child to None, run_after=None
[2023-04-27T18:57:21.328+0300] {logging_mixin.py:137} INFO - [2023-04-27T18:57:21.328+0300] {dag.py:3452} INFO - Setting next_dagrun for example_external_task_marker_parent to None, run_after=None
[2023-04-27T18:57:21.338+0300] {processor.py:175} INFO - Processing /home/vladimir/.local/lib/python3.10/site-packages/airflow/example_dags/example_external_task_marker_dag.py took 0.050 seconds
[2023-04-27T18:58:00.424+0300] {processor.py:153} INFO - Started process (PID=6766) to work on /home/vladimir/.local/lib/python3.10/site-packages/airflow/example_dags/example_external_task_marker_dag.py
[2023-04-27T18:58:00.425+0300] {processor.py:743} INFO - Processing file /home/vladimir/.local/lib/python3.10/site-packages/airflow/example_dags/example_external_task_marker_dag.py for tasks to queue
[2023-04-27T18:58:00.426+0300] {logging_mixin.py:137} INFO - [2023-04-27T18:58:00.426+0300] {dagbag.py:532} INFO - Filling up the DagBag from /home/vladimir/.local/lib/python3.10/site-packages/airflow/example_dags/example_external_task_marker_dag.py
[2023-04-27T18:58:00.436+0300] {processor.py:753} INFO - DAG(s) dict_keys(['example_external_task_marker_child', 'example_external_task_marker_parent']) retrieved from /home/vladimir/.local/lib/python3.10/site-packages/airflow/example_dags/example_external_task_marker_dag.py
[2023-04-27T18:58:00.450+0300] {logging_mixin.py:137} INFO - [2023-04-27T18:58:00.450+0300] {dag.py:2705} INFO - Sync 2 DAGs
[2023-04-27T18:58:00.462+0300] {logging_mixin.py:137} INFO - [2023-04-27T18:58:00.461+0300] {dag.py:3452} INFO - Setting next_dagrun for example_external_task_marker_child to None, run_after=None
[2023-04-27T18:58:00.463+0300] {logging_mixin.py:137} INFO - [2023-04-27T18:58:00.463+0300] {dag.py:3452} INFO - Setting next_dagrun for example_external_task_marker_parent to None, run_after=None
[2023-04-27T18:58:00.473+0300] {processor.py:175} INFO - Processing /home/vladimir/.local/lib/python3.10/site-packages/airflow/example_dags/example_external_task_marker_dag.py took 0.051 seconds
[2023-04-27T18:58:34.456+0300] {processor.py:153} INFO - Started process (PID=6836) to work on /home/vladimir/.local/lib/python3.10/site-packages/airflow/example_dags/example_external_task_marker_dag.py
[2023-04-27T18:58:34.457+0300] {processor.py:743} INFO - Processing file /home/vladimir/.local/lib/python3.10/site-packages/airflow/example_dags/example_external_task_marker_dag.py for tasks to queue
[2023-04-27T18:58:34.458+0300] {logging_mixin.py:137} INFO - [2023-04-27T18:58:34.458+0300] {dagbag.py:532} INFO - Filling up the DagBag from /home/vladimir/.local/lib/python3.10/site-packages/airflow/example_dags/example_external_task_marker_dag.py
[2023-04-27T18:58:34.469+0300] {processor.py:753} INFO - DAG(s) dict_keys(['example_external_task_marker_parent', 'example_external_task_marker_child']) retrieved from /home/vladimir/.local/lib/python3.10/site-packages/airflow/example_dags/example_external_task_marker_dag.py
[2023-04-27T18:58:34.483+0300] {logging_mixin.py:137} INFO - [2023-04-27T18:58:34.483+0300] {dag.py:2705} INFO - Sync 2 DAGs
[2023-04-27T18:58:34.496+0300] {logging_mixin.py:137} INFO - [2023-04-27T18:58:34.495+0300] {dag.py:3452} INFO - Setting next_dagrun for example_external_task_marker_child to None, run_after=None
[2023-04-27T18:58:34.497+0300] {logging_mixin.py:137} INFO - [2023-04-27T18:58:34.497+0300] {dag.py:3452} INFO - Setting next_dagrun for example_external_task_marker_parent to None, run_after=None
[2023-04-27T18:58:34.509+0300] {processor.py:175} INFO - Processing /home/vladimir/.local/lib/python3.10/site-packages/airflow/example_dags/example_external_task_marker_dag.py took 0.054 seconds
[2023-04-27T18:59:11.526+0300] {processor.py:153} INFO - Started process (PID=6898) to work on /home/vladimir/.local/lib/python3.10/site-packages/airflow/example_dags/example_external_task_marker_dag.py
[2023-04-27T18:59:11.527+0300] {processor.py:743} INFO - Processing file /home/vladimir/.local/lib/python3.10/site-packages/airflow/example_dags/example_external_task_marker_dag.py for tasks to queue
[2023-04-27T18:59:11.528+0300] {logging_mixin.py:137} INFO - [2023-04-27T18:59:11.528+0300] {dagbag.py:532} INFO - Filling up the DagBag from /home/vladimir/.local/lib/python3.10/site-packages/airflow/example_dags/example_external_task_marker_dag.py
[2023-04-27T18:59:11.537+0300] {processor.py:753} INFO - DAG(s) dict_keys(['example_external_task_marker_child', 'example_external_task_marker_parent']) retrieved from /home/vladimir/.local/lib/python3.10/site-packages/airflow/example_dags/example_external_task_marker_dag.py
[2023-04-27T18:59:11.552+0300] {logging_mixin.py:137} INFO - [2023-04-27T18:59:11.552+0300] {dag.py:2705} INFO - Sync 2 DAGs
[2023-04-27T18:59:11.564+0300] {logging_mixin.py:137} INFO - [2023-04-27T18:59:11.564+0300] {dag.py:3452} INFO - Setting next_dagrun for example_external_task_marker_child to None, run_after=None
[2023-04-27T18:59:11.566+0300] {logging_mixin.py:137} INFO - [2023-04-27T18:59:11.566+0300] {dag.py:3452} INFO - Setting next_dagrun for example_external_task_marker_parent to None, run_after=None
[2023-04-27T18:59:11.578+0300] {processor.py:175} INFO - Processing /home/vladimir/.local/lib/python3.10/site-packages/airflow/example_dags/example_external_task_marker_dag.py took 0.054 seconds
[2023-04-27T18:59:47.442+0300] {processor.py:153} INFO - Started process (PID=6963) to work on /home/vladimir/.local/lib/python3.10/site-packages/airflow/example_dags/example_external_task_marker_dag.py
[2023-04-27T18:59:47.443+0300] {processor.py:743} INFO - Processing file /home/vladimir/.local/lib/python3.10/site-packages/airflow/example_dags/example_external_task_marker_dag.py for tasks to queue
[2023-04-27T18:59:47.444+0300] {logging_mixin.py:137} INFO - [2023-04-27T18:59:47.444+0300] {dagbag.py:532} INFO - Filling up the DagBag from /home/vladimir/.local/lib/python3.10/site-packages/airflow/example_dags/example_external_task_marker_dag.py
[2023-04-27T18:59:47.454+0300] {processor.py:753} INFO - DAG(s) dict_keys(['example_external_task_marker_parent', 'example_external_task_marker_child']) retrieved from /home/vladimir/.local/lib/python3.10/site-packages/airflow/example_dags/example_external_task_marker_dag.py
[2023-04-27T18:59:47.469+0300] {logging_mixin.py:137} INFO - [2023-04-27T18:59:47.469+0300] {dag.py:2705} INFO - Sync 2 DAGs
[2023-04-27T18:59:47.481+0300] {logging_mixin.py:137} INFO - [2023-04-27T18:59:47.481+0300] {dag.py:3452} INFO - Setting next_dagrun for example_external_task_marker_child to None, run_after=None
[2023-04-27T18:59:47.483+0300] {logging_mixin.py:137} INFO - [2023-04-27T18:59:47.483+0300] {dag.py:3452} INFO - Setting next_dagrun for example_external_task_marker_parent to None, run_after=None
[2023-04-27T18:59:47.494+0300] {processor.py:175} INFO - Processing /home/vladimir/.local/lib/python3.10/site-packages/airflow/example_dags/example_external_task_marker_dag.py took 0.054 seconds
[2023-04-27T19:00:32.564+0300] {processor.py:153} INFO - Started process (PID=7068) to work on /home/vladimir/.local/lib/python3.10/site-packages/airflow/example_dags/example_external_task_marker_dag.py
[2023-04-27T19:00:32.565+0300] {processor.py:743} INFO - Processing file /home/vladimir/.local/lib/python3.10/site-packages/airflow/example_dags/example_external_task_marker_dag.py for tasks to queue
[2023-04-27T19:00:32.566+0300] {logging_mixin.py:137} INFO - [2023-04-27T19:00:32.566+0300] {dagbag.py:532} INFO - Filling up the DagBag from /home/vladimir/.local/lib/python3.10/site-packages/airflow/example_dags/example_external_task_marker_dag.py
[2023-04-27T19:00:32.576+0300] {processor.py:753} INFO - DAG(s) dict_keys(['example_external_task_marker_parent', 'example_external_task_marker_child']) retrieved from /home/vladimir/.local/lib/python3.10/site-packages/airflow/example_dags/example_external_task_marker_dag.py
[2023-04-27T19:00:32.591+0300] {logging_mixin.py:137} INFO - [2023-04-27T19:00:32.591+0300] {dag.py:2705} INFO - Sync 2 DAGs
[2023-04-27T19:00:32.603+0300] {logging_mixin.py:137} INFO - [2023-04-27T19:00:32.603+0300] {dag.py:3452} INFO - Setting next_dagrun for example_external_task_marker_child to None, run_after=None
[2023-04-27T19:00:32.606+0300] {logging_mixin.py:137} INFO - [2023-04-27T19:00:32.606+0300] {dag.py:3452} INFO - Setting next_dagrun for example_external_task_marker_parent to None, run_after=None
[2023-04-27T19:00:32.619+0300] {processor.py:175} INFO - Processing /home/vladimir/.local/lib/python3.10/site-packages/airflow/example_dags/example_external_task_marker_dag.py took 0.058 seconds
[2023-04-27T19:01:07.668+0300] {processor.py:153} INFO - Started process (PID=7162) to work on /home/vladimir/.local/lib/python3.10/site-packages/airflow/example_dags/example_external_task_marker_dag.py
[2023-04-27T19:01:07.669+0300] {processor.py:743} INFO - Processing file /home/vladimir/.local/lib/python3.10/site-packages/airflow/example_dags/example_external_task_marker_dag.py for tasks to queue
[2023-04-27T19:01:07.670+0300] {logging_mixin.py:137} INFO - [2023-04-27T19:01:07.670+0300] {dagbag.py:532} INFO - Filling up the DagBag from /home/vladimir/.local/lib/python3.10/site-packages/airflow/example_dags/example_external_task_marker_dag.py
[2023-04-27T19:01:07.679+0300] {processor.py:753} INFO - DAG(s) dict_keys(['example_external_task_marker_child', 'example_external_task_marker_parent']) retrieved from /home/vladimir/.local/lib/python3.10/site-packages/airflow/example_dags/example_external_task_marker_dag.py
[2023-04-27T19:01:07.694+0300] {logging_mixin.py:137} INFO - [2023-04-27T19:01:07.694+0300] {dag.py:2705} INFO - Sync 2 DAGs
[2023-04-27T19:01:07.706+0300] {logging_mixin.py:137} INFO - [2023-04-27T19:01:07.706+0300] {dag.py:3452} INFO - Setting next_dagrun for example_external_task_marker_child to None, run_after=None
[2023-04-27T19:01:07.708+0300] {logging_mixin.py:137} INFO - [2023-04-27T19:01:07.708+0300] {dag.py:3452} INFO - Setting next_dagrun for example_external_task_marker_parent to None, run_after=None
[2023-04-27T19:01:07.719+0300] {processor.py:175} INFO - Processing /home/vladimir/.local/lib/python3.10/site-packages/airflow/example_dags/example_external_task_marker_dag.py took 0.053 seconds
