[2023-04-27T18:25:58.960+0300] {processor.py:153} INFO - Started process (PID=5949) to work on /home/vladimir/.local/lib/python3.10/site-packages/airflow/example_dags/example_branch_labels.py
[2023-04-27T18:25:58.961+0300] {processor.py:743} INFO - Processing file /home/vladimir/.local/lib/python3.10/site-packages/airflow/example_dags/example_branch_labels.py for tasks to queue
[2023-04-27T18:25:58.961+0300] {logging_mixin.py:137} INFO - [2023-04-27T18:25:58.961+0300] {dagbag.py:532} INFO - Filling up the DagBag from /home/vladimir/.local/lib/python3.10/site-packages/airflow/example_dags/example_branch_labels.py
[2023-04-27T18:25:58.971+0300] {processor.py:753} INFO - DAG(s) dict_keys(['example_branch_labels']) retrieved from /home/vladimir/.local/lib/python3.10/site-packages/airflow/example_dags/example_branch_labels.py
[2023-04-27T18:25:59.035+0300] {logging_mixin.py:137} INFO - [2023-04-27T18:25:59.035+0300] {manager.py:504} INFO - Created Permission View: can read on DAG:example_branch_labels
[2023-04-27T18:25:59.040+0300] {logging_mixin.py:137} INFO - [2023-04-27T18:25:59.040+0300] {manager.py:504} INFO - Created Permission View: can delete on DAG:example_branch_labels
[2023-04-27T18:25:59.043+0300] {logging_mixin.py:137} INFO - [2023-04-27T18:25:59.043+0300] {manager.py:504} INFO - Created Permission View: can edit on DAG:example_branch_labels
[2023-04-27T18:25:59.043+0300] {logging_mixin.py:137} INFO - [2023-04-27T18:25:59.043+0300] {dag.py:2705} INFO - Sync 1 DAGs
[2023-04-27T18:25:59.050+0300] {logging_mixin.py:137} INFO - [2023-04-27T18:25:59.050+0300] {dag.py:2726} INFO - Creating ORM DAG for example_branch_labels
[2023-04-27T18:25:59.056+0300] {logging_mixin.py:137} INFO - [2023-04-27T18:25:59.056+0300] {dag.py:3452} INFO - Setting next_dagrun for example_branch_labels to 2023-04-26T00:00:00+00:00, run_after=2023-04-27T00:00:00+00:00
[2023-04-27T18:25:59.066+0300] {processor.py:175} INFO - Processing /home/vladimir/.local/lib/python3.10/site-packages/airflow/example_dags/example_branch_labels.py took 0.108 seconds
[2023-04-27T18:26:42.790+0300] {processor.py:153} INFO - Started process (PID=6030) to work on /home/vladimir/.local/lib/python3.10/site-packages/airflow/example_dags/example_branch_labels.py
[2023-04-27T18:26:42.792+0300] {processor.py:743} INFO - Processing file /home/vladimir/.local/lib/python3.10/site-packages/airflow/example_dags/example_branch_labels.py for tasks to queue
[2023-04-27T18:26:42.792+0300] {logging_mixin.py:137} INFO - [2023-04-27T18:26:42.792+0300] {dagbag.py:532} INFO - Filling up the DagBag from /home/vladimir/.local/lib/python3.10/site-packages/airflow/example_dags/example_branch_labels.py
[2023-04-27T18:26:42.805+0300] {processor.py:753} INFO - DAG(s) dict_keys(['example_branch_labels']) retrieved from /home/vladimir/.local/lib/python3.10/site-packages/airflow/example_dags/example_branch_labels.py
[2023-04-27T18:26:42.820+0300] {logging_mixin.py:137} INFO - [2023-04-27T18:26:42.819+0300] {dag.py:2705} INFO - Sync 1 DAGs
[2023-04-27T18:26:42.834+0300] {logging_mixin.py:137} INFO - [2023-04-27T18:26:42.834+0300] {dag.py:3452} INFO - Setting next_dagrun for example_branch_labels to 2023-04-26T00:00:00+00:00, run_after=2023-04-27T00:00:00+00:00
[2023-04-27T18:26:42.848+0300] {processor.py:175} INFO - Processing /home/vladimir/.local/lib/python3.10/site-packages/airflow/example_dags/example_branch_labels.py took 0.060 seconds
[2023-04-27T18:27:33.986+0300] {processor.py:153} INFO - Started process (PID=6109) to work on /home/vladimir/.local/lib/python3.10/site-packages/airflow/example_dags/example_branch_labels.py
[2023-04-27T18:27:33.987+0300] {processor.py:743} INFO - Processing file /home/vladimir/.local/lib/python3.10/site-packages/airflow/example_dags/example_branch_labels.py for tasks to queue
[2023-04-27T18:27:33.987+0300] {logging_mixin.py:137} INFO - [2023-04-27T18:27:33.987+0300] {dagbag.py:532} INFO - Filling up the DagBag from /home/vladimir/.local/lib/python3.10/site-packages/airflow/example_dags/example_branch_labels.py
[2023-04-27T18:27:33.998+0300] {processor.py:753} INFO - DAG(s) dict_keys(['example_branch_labels']) retrieved from /home/vladimir/.local/lib/python3.10/site-packages/airflow/example_dags/example_branch_labels.py
[2023-04-27T18:27:34.011+0300] {logging_mixin.py:137} INFO - [2023-04-27T18:27:34.011+0300] {dag.py:2705} INFO - Sync 1 DAGs
[2023-04-27T18:27:34.025+0300] {logging_mixin.py:137} INFO - [2023-04-27T18:27:34.025+0300] {dag.py:3452} INFO - Setting next_dagrun for example_branch_labels to 2023-04-26T00:00:00+00:00, run_after=2023-04-27T00:00:00+00:00
[2023-04-27T18:27:34.040+0300] {processor.py:175} INFO - Processing /home/vladimir/.local/lib/python3.10/site-packages/airflow/example_dags/example_branch_labels.py took 0.057 seconds
[2023-04-27T18:28:18.641+0300] {processor.py:153} INFO - Started process (PID=6171) to work on /home/vladimir/.local/lib/python3.10/site-packages/airflow/example_dags/example_branch_labels.py
[2023-04-27T18:28:18.642+0300] {processor.py:743} INFO - Processing file /home/vladimir/.local/lib/python3.10/site-packages/airflow/example_dags/example_branch_labels.py for tasks to queue
[2023-04-27T18:28:18.642+0300] {logging_mixin.py:137} INFO - [2023-04-27T18:28:18.642+0300] {dagbag.py:532} INFO - Filling up the DagBag from /home/vladimir/.local/lib/python3.10/site-packages/airflow/example_dags/example_branch_labels.py
[2023-04-27T18:28:18.652+0300] {processor.py:753} INFO - DAG(s) dict_keys(['example_branch_labels']) retrieved from /home/vladimir/.local/lib/python3.10/site-packages/airflow/example_dags/example_branch_labels.py
[2023-04-27T18:28:18.668+0300] {logging_mixin.py:137} INFO - [2023-04-27T18:28:18.668+0300] {dag.py:2705} INFO - Sync 1 DAGs
[2023-04-27T18:28:18.681+0300] {logging_mixin.py:137} INFO - [2023-04-27T18:28:18.681+0300] {dag.py:3452} INFO - Setting next_dagrun for example_branch_labels to 2023-04-26T00:00:00+00:00, run_after=2023-04-27T00:00:00+00:00
[2023-04-27T18:28:18.695+0300] {processor.py:175} INFO - Processing /home/vladimir/.local/lib/python3.10/site-packages/airflow/example_dags/example_branch_labels.py took 0.056 seconds
[2023-04-27T18:29:12.851+0300] {processor.py:153} INFO - Started process (PID=6327) to work on /home/vladimir/.local/lib/python3.10/site-packages/airflow/example_dags/example_branch_labels.py
[2023-04-27T18:29:12.852+0300] {processor.py:743} INFO - Processing file /home/vladimir/.local/lib/python3.10/site-packages/airflow/example_dags/example_branch_labels.py for tasks to queue
[2023-04-27T18:29:12.852+0300] {logging_mixin.py:137} INFO - [2023-04-27T18:29:12.852+0300] {dagbag.py:532} INFO - Filling up the DagBag from /home/vladimir/.local/lib/python3.10/site-packages/airflow/example_dags/example_branch_labels.py
[2023-04-27T18:29:12.863+0300] {processor.py:753} INFO - DAG(s) dict_keys(['example_branch_labels']) retrieved from /home/vladimir/.local/lib/python3.10/site-packages/airflow/example_dags/example_branch_labels.py
[2023-04-27T18:29:12.878+0300] {logging_mixin.py:137} INFO - [2023-04-27T18:29:12.878+0300] {dag.py:2705} INFO - Sync 1 DAGs
[2023-04-27T18:29:12.890+0300] {logging_mixin.py:137} INFO - [2023-04-27T18:29:12.890+0300] {dag.py:3452} INFO - Setting next_dagrun for example_branch_labels to 2023-04-26T00:00:00+00:00, run_after=2023-04-27T00:00:00+00:00
[2023-04-27T18:29:12.903+0300] {processor.py:175} INFO - Processing /home/vladimir/.local/lib/python3.10/site-packages/airflow/example_dags/example_branch_labels.py took 0.054 seconds
[2023-04-27T18:30:00.139+0300] {processor.py:153} INFO - Started process (PID=6426) to work on /home/vladimir/.local/lib/python3.10/site-packages/airflow/example_dags/example_branch_labels.py
[2023-04-27T18:30:00.140+0300] {processor.py:743} INFO - Processing file /home/vladimir/.local/lib/python3.10/site-packages/airflow/example_dags/example_branch_labels.py for tasks to queue
[2023-04-27T18:30:00.141+0300] {logging_mixin.py:137} INFO - [2023-04-27T18:30:00.140+0300] {dagbag.py:532} INFO - Filling up the DagBag from /home/vladimir/.local/lib/python3.10/site-packages/airflow/example_dags/example_branch_labels.py
[2023-04-27T18:30:00.151+0300] {processor.py:753} INFO - DAG(s) dict_keys(['example_branch_labels']) retrieved from /home/vladimir/.local/lib/python3.10/site-packages/airflow/example_dags/example_branch_labels.py
[2023-04-27T18:30:00.165+0300] {logging_mixin.py:137} INFO - [2023-04-27T18:30:00.165+0300] {dag.py:2705} INFO - Sync 1 DAGs
[2023-04-27T18:30:00.178+0300] {logging_mixin.py:137} INFO - [2023-04-27T18:30:00.178+0300] {dag.py:3452} INFO - Setting next_dagrun for example_branch_labels to 2023-04-26T00:00:00+00:00, run_after=2023-04-27T00:00:00+00:00
[2023-04-27T18:30:00.192+0300] {processor.py:175} INFO - Processing /home/vladimir/.local/lib/python3.10/site-packages/airflow/example_dags/example_branch_labels.py took 0.055 seconds
[2023-04-27T18:30:47.951+0300] {processor.py:153} INFO - Started process (PID=6554) to work on /home/vladimir/.local/lib/python3.10/site-packages/airflow/example_dags/example_branch_labels.py
[2023-04-27T18:30:47.952+0300] {processor.py:743} INFO - Processing file /home/vladimir/.local/lib/python3.10/site-packages/airflow/example_dags/example_branch_labels.py for tasks to queue
[2023-04-27T18:30:47.952+0300] {logging_mixin.py:137} INFO - [2023-04-27T18:30:47.952+0300] {dagbag.py:532} INFO - Filling up the DagBag from /home/vladimir/.local/lib/python3.10/site-packages/airflow/example_dags/example_branch_labels.py
[2023-04-27T18:30:47.963+0300] {processor.py:753} INFO - DAG(s) dict_keys(['example_branch_labels']) retrieved from /home/vladimir/.local/lib/python3.10/site-packages/airflow/example_dags/example_branch_labels.py
[2023-04-27T18:30:47.976+0300] {logging_mixin.py:137} INFO - [2023-04-27T18:30:47.976+0300] {dag.py:2705} INFO - Sync 1 DAGs
[2023-04-27T18:30:47.990+0300] {logging_mixin.py:137} INFO - [2023-04-27T18:30:47.990+0300] {dag.py:3452} INFO - Setting next_dagrun for example_branch_labels to 2023-04-26T00:00:00+00:00, run_after=2023-04-27T00:00:00+00:00
[2023-04-27T18:30:48.002+0300] {processor.py:175} INFO - Processing /home/vladimir/.local/lib/python3.10/site-packages/airflow/example_dags/example_branch_labels.py took 0.054 seconds
[2023-04-27T18:31:38.545+0300] {processor.py:153} INFO - Started process (PID=6646) to work on /home/vladimir/.local/lib/python3.10/site-packages/airflow/example_dags/example_branch_labels.py
[2023-04-27T18:31:38.546+0300] {processor.py:743} INFO - Processing file /home/vladimir/.local/lib/python3.10/site-packages/airflow/example_dags/example_branch_labels.py for tasks to queue
[2023-04-27T18:31:38.546+0300] {logging_mixin.py:137} INFO - [2023-04-27T18:31:38.546+0300] {dagbag.py:532} INFO - Filling up the DagBag from /home/vladimir/.local/lib/python3.10/site-packages/airflow/example_dags/example_branch_labels.py
[2023-04-27T18:31:38.556+0300] {processor.py:753} INFO - DAG(s) dict_keys(['example_branch_labels']) retrieved from /home/vladimir/.local/lib/python3.10/site-packages/airflow/example_dags/example_branch_labels.py
[2023-04-27T18:31:38.570+0300] {logging_mixin.py:137} INFO - [2023-04-27T18:31:38.570+0300] {dag.py:2705} INFO - Sync 1 DAGs
[2023-04-27T18:31:38.583+0300] {logging_mixin.py:137} INFO - [2023-04-27T18:31:38.583+0300] {dag.py:3452} INFO - Setting next_dagrun for example_branch_labels to 2023-04-26T00:00:00+00:00, run_after=2023-04-27T00:00:00+00:00
[2023-04-27T18:31:38.596+0300] {processor.py:175} INFO - Processing /home/vladimir/.local/lib/python3.10/site-packages/airflow/example_dags/example_branch_labels.py took 0.054 seconds
[2023-04-27T18:32:28.189+0300] {processor.py:153} INFO - Started process (PID=6728) to work on /home/vladimir/.local/lib/python3.10/site-packages/airflow/example_dags/example_branch_labels.py
[2023-04-27T18:32:28.190+0300] {processor.py:743} INFO - Processing file /home/vladimir/.local/lib/python3.10/site-packages/airflow/example_dags/example_branch_labels.py for tasks to queue
[2023-04-27T18:32:28.191+0300] {logging_mixin.py:137} INFO - [2023-04-27T18:32:28.191+0300] {dagbag.py:532} INFO - Filling up the DagBag from /home/vladimir/.local/lib/python3.10/site-packages/airflow/example_dags/example_branch_labels.py
[2023-04-27T18:32:28.201+0300] {processor.py:753} INFO - DAG(s) dict_keys(['example_branch_labels']) retrieved from /home/vladimir/.local/lib/python3.10/site-packages/airflow/example_dags/example_branch_labels.py
[2023-04-27T18:32:28.215+0300] {logging_mixin.py:137} INFO - [2023-04-27T18:32:28.215+0300] {dag.py:2705} INFO - Sync 1 DAGs
[2023-04-27T18:32:28.227+0300] {logging_mixin.py:137} INFO - [2023-04-27T18:32:28.227+0300] {dag.py:3452} INFO - Setting next_dagrun for example_branch_labels to 2023-04-26T00:00:00+00:00, run_after=2023-04-27T00:00:00+00:00
[2023-04-27T18:32:28.239+0300] {processor.py:175} INFO - Processing /home/vladimir/.local/lib/python3.10/site-packages/airflow/example_dags/example_branch_labels.py took 0.052 seconds
[2023-04-27T18:33:17.536+0300] {processor.py:153} INFO - Started process (PID=6894) to work on /home/vladimir/.local/lib/python3.10/site-packages/airflow/example_dags/example_branch_labels.py
[2023-04-27T18:33:17.537+0300] {processor.py:743} INFO - Processing file /home/vladimir/.local/lib/python3.10/site-packages/airflow/example_dags/example_branch_labels.py for tasks to queue
[2023-04-27T18:33:17.537+0300] {logging_mixin.py:137} INFO - [2023-04-27T18:33:17.537+0300] {dagbag.py:532} INFO - Filling up the DagBag from /home/vladimir/.local/lib/python3.10/site-packages/airflow/example_dags/example_branch_labels.py
[2023-04-27T18:33:17.548+0300] {processor.py:753} INFO - DAG(s) dict_keys(['example_branch_labels']) retrieved from /home/vladimir/.local/lib/python3.10/site-packages/airflow/example_dags/example_branch_labels.py
[2023-04-27T18:33:17.562+0300] {logging_mixin.py:137} INFO - [2023-04-27T18:33:17.562+0300] {dag.py:2705} INFO - Sync 1 DAGs
[2023-04-27T18:33:17.578+0300] {logging_mixin.py:137} INFO - [2023-04-27T18:33:17.578+0300] {dag.py:3452} INFO - Setting next_dagrun for example_branch_labels to 2023-04-26T00:00:00+00:00, run_after=2023-04-27T00:00:00+00:00
[2023-04-27T18:33:17.590+0300] {processor.py:175} INFO - Processing /home/vladimir/.local/lib/python3.10/site-packages/airflow/example_dags/example_branch_labels.py took 0.057 seconds
[2023-04-27T18:34:00.726+0300] {processor.py:153} INFO - Started process (PID=6963) to work on /home/vladimir/.local/lib/python3.10/site-packages/airflow/example_dags/example_branch_labels.py
[2023-04-27T18:34:00.727+0300] {processor.py:743} INFO - Processing file /home/vladimir/.local/lib/python3.10/site-packages/airflow/example_dags/example_branch_labels.py for tasks to queue
[2023-04-27T18:34:00.727+0300] {logging_mixin.py:137} INFO - [2023-04-27T18:34:00.727+0300] {dagbag.py:532} INFO - Filling up the DagBag from /home/vladimir/.local/lib/python3.10/site-packages/airflow/example_dags/example_branch_labels.py
[2023-04-27T18:34:00.738+0300] {processor.py:753} INFO - DAG(s) dict_keys(['example_branch_labels']) retrieved from /home/vladimir/.local/lib/python3.10/site-packages/airflow/example_dags/example_branch_labels.py
[2023-04-27T18:34:00.754+0300] {logging_mixin.py:137} INFO - [2023-04-27T18:34:00.754+0300] {dag.py:2705} INFO - Sync 1 DAGs
[2023-04-27T18:34:00.767+0300] {logging_mixin.py:137} INFO - [2023-04-27T18:34:00.767+0300] {dag.py:3452} INFO - Setting next_dagrun for example_branch_labels to 2023-04-26T00:00:00+00:00, run_after=2023-04-27T00:00:00+00:00
[2023-04-27T18:34:00.780+0300] {processor.py:175} INFO - Processing /home/vladimir/.local/lib/python3.10/site-packages/airflow/example_dags/example_branch_labels.py took 0.056 seconds
[2023-04-27T18:34:46.881+0300] {processor.py:153} INFO - Started process (PID=7064) to work on /home/vladimir/.local/lib/python3.10/site-packages/airflow/example_dags/example_branch_labels.py
[2023-04-27T18:34:46.882+0300] {processor.py:743} INFO - Processing file /home/vladimir/.local/lib/python3.10/site-packages/airflow/example_dags/example_branch_labels.py for tasks to queue
[2023-04-27T18:34:46.883+0300] {logging_mixin.py:137} INFO - [2023-04-27T18:34:46.883+0300] {dagbag.py:532} INFO - Filling up the DagBag from /home/vladimir/.local/lib/python3.10/site-packages/airflow/example_dags/example_branch_labels.py
[2023-04-27T18:34:46.893+0300] {processor.py:753} INFO - DAG(s) dict_keys(['example_branch_labels']) retrieved from /home/vladimir/.local/lib/python3.10/site-packages/airflow/example_dags/example_branch_labels.py
[2023-04-27T18:34:46.907+0300] {logging_mixin.py:137} INFO - [2023-04-27T18:34:46.907+0300] {dag.py:2705} INFO - Sync 1 DAGs
[2023-04-27T18:34:46.921+0300] {logging_mixin.py:137} INFO - [2023-04-27T18:34:46.921+0300] {dag.py:3452} INFO - Setting next_dagrun for example_branch_labels to 2023-04-26T00:00:00+00:00, run_after=2023-04-27T00:00:00+00:00
[2023-04-27T18:34:46.933+0300] {processor.py:175} INFO - Processing /home/vladimir/.local/lib/python3.10/site-packages/airflow/example_dags/example_branch_labels.py took 0.054 seconds
[2023-04-27T18:35:34.411+0300] {processor.py:153} INFO - Started process (PID=7414) to work on /home/vladimir/.local/lib/python3.10/site-packages/airflow/example_dags/example_branch_labels.py
[2023-04-27T18:35:34.412+0300] {processor.py:743} INFO - Processing file /home/vladimir/.local/lib/python3.10/site-packages/airflow/example_dags/example_branch_labels.py for tasks to queue
[2023-04-27T18:35:34.412+0300] {logging_mixin.py:137} INFO - [2023-04-27T18:35:34.412+0300] {dagbag.py:532} INFO - Filling up the DagBag from /home/vladimir/.local/lib/python3.10/site-packages/airflow/example_dags/example_branch_labels.py
[2023-04-27T18:35:34.423+0300] {processor.py:753} INFO - DAG(s) dict_keys(['example_branch_labels']) retrieved from /home/vladimir/.local/lib/python3.10/site-packages/airflow/example_dags/example_branch_labels.py
[2023-04-27T18:35:34.437+0300] {logging_mixin.py:137} INFO - [2023-04-27T18:35:34.437+0300] {dag.py:2705} INFO - Sync 1 DAGs
[2023-04-27T18:35:34.449+0300] {logging_mixin.py:137} INFO - [2023-04-27T18:35:34.449+0300] {dag.py:3452} INFO - Setting next_dagrun for example_branch_labels to 2023-04-26T00:00:00+00:00, run_after=2023-04-27T00:00:00+00:00
[2023-04-27T18:35:34.463+0300] {processor.py:175} INFO - Processing /home/vladimir/.local/lib/python3.10/site-packages/airflow/example_dags/example_branch_labels.py took 0.053 seconds
[2023-04-27T18:36:23.491+0300] {processor.py:153} INFO - Started process (PID=7544) to work on /home/vladimir/.local/lib/python3.10/site-packages/airflow/example_dags/example_branch_labels.py
[2023-04-27T18:36:23.492+0300] {processor.py:743} INFO - Processing file /home/vladimir/.local/lib/python3.10/site-packages/airflow/example_dags/example_branch_labels.py for tasks to queue
[2023-04-27T18:36:23.492+0300] {logging_mixin.py:137} INFO - [2023-04-27T18:36:23.492+0300] {dagbag.py:532} INFO - Filling up the DagBag from /home/vladimir/.local/lib/python3.10/site-packages/airflow/example_dags/example_branch_labels.py
[2023-04-27T18:36:23.503+0300] {processor.py:753} INFO - DAG(s) dict_keys(['example_branch_labels']) retrieved from /home/vladimir/.local/lib/python3.10/site-packages/airflow/example_dags/example_branch_labels.py
[2023-04-27T18:36:23.518+0300] {logging_mixin.py:137} INFO - [2023-04-27T18:36:23.518+0300] {dag.py:2705} INFO - Sync 1 DAGs
[2023-04-27T18:36:23.532+0300] {logging_mixin.py:137} INFO - [2023-04-27T18:36:23.532+0300] {dag.py:3452} INFO - Setting next_dagrun for example_branch_labels to 2023-04-26T00:00:00+00:00, run_after=2023-04-27T00:00:00+00:00
[2023-04-27T18:36:23.543+0300] {processor.py:175} INFO - Processing /home/vladimir/.local/lib/python3.10/site-packages/airflow/example_dags/example_branch_labels.py took 0.055 seconds
[2023-04-27T18:37:11.853+0300] {processor.py:153} INFO - Started process (PID=7632) to work on /home/vladimir/.local/lib/python3.10/site-packages/airflow/example_dags/example_branch_labels.py
[2023-04-27T18:37:11.854+0300] {processor.py:743} INFO - Processing file /home/vladimir/.local/lib/python3.10/site-packages/airflow/example_dags/example_branch_labels.py for tasks to queue
[2023-04-27T18:37:11.854+0300] {logging_mixin.py:137} INFO - [2023-04-27T18:37:11.854+0300] {dagbag.py:532} INFO - Filling up the DagBag from /home/vladimir/.local/lib/python3.10/site-packages/airflow/example_dags/example_branch_labels.py
[2023-04-27T18:37:11.864+0300] {processor.py:753} INFO - DAG(s) dict_keys(['example_branch_labels']) retrieved from /home/vladimir/.local/lib/python3.10/site-packages/airflow/example_dags/example_branch_labels.py
[2023-04-27T18:37:11.878+0300] {logging_mixin.py:137} INFO - [2023-04-27T18:37:11.878+0300] {dag.py:2705} INFO - Sync 1 DAGs
[2023-04-27T18:37:11.890+0300] {logging_mixin.py:137} INFO - [2023-04-27T18:37:11.890+0300] {dag.py:3452} INFO - Setting next_dagrun for example_branch_labels to 2023-04-26T00:00:00+00:00, run_after=2023-04-27T00:00:00+00:00
[2023-04-27T18:37:11.901+0300] {processor.py:175} INFO - Processing /home/vladimir/.local/lib/python3.10/site-packages/airflow/example_dags/example_branch_labels.py took 0.050 seconds
[2023-04-27T18:38:00.592+0300] {processor.py:153} INFO - Started process (PID=7707) to work on /home/vladimir/.local/lib/python3.10/site-packages/airflow/example_dags/example_branch_labels.py
[2023-04-27T18:38:00.593+0300] {processor.py:743} INFO - Processing file /home/vladimir/.local/lib/python3.10/site-packages/airflow/example_dags/example_branch_labels.py for tasks to queue
[2023-04-27T18:38:00.593+0300] {logging_mixin.py:137} INFO - [2023-04-27T18:38:00.593+0300] {dagbag.py:532} INFO - Filling up the DagBag from /home/vladimir/.local/lib/python3.10/site-packages/airflow/example_dags/example_branch_labels.py
[2023-04-27T18:38:00.605+0300] {processor.py:753} INFO - DAG(s) dict_keys(['example_branch_labels']) retrieved from /home/vladimir/.local/lib/python3.10/site-packages/airflow/example_dags/example_branch_labels.py
[2023-04-27T18:38:00.621+0300] {logging_mixin.py:137} INFO - [2023-04-27T18:38:00.621+0300] {dag.py:2705} INFO - Sync 1 DAGs
[2023-04-27T18:38:00.634+0300] {logging_mixin.py:137} INFO - [2023-04-27T18:38:00.634+0300] {dag.py:3452} INFO - Setting next_dagrun for example_branch_labels to 2023-04-26T00:00:00+00:00, run_after=2023-04-27T00:00:00+00:00
[2023-04-27T18:38:00.647+0300] {processor.py:175} INFO - Processing /home/vladimir/.local/lib/python3.10/site-packages/airflow/example_dags/example_branch_labels.py took 0.057 seconds
[2023-04-27T18:38:48.509+0300] {processor.py:153} INFO - Started process (PID=8070) to work on /home/vladimir/.local/lib/python3.10/site-packages/airflow/example_dags/example_branch_labels.py
[2023-04-27T18:38:48.510+0300] {processor.py:743} INFO - Processing file /home/vladimir/.local/lib/python3.10/site-packages/airflow/example_dags/example_branch_labels.py for tasks to queue
[2023-04-27T18:38:48.511+0300] {logging_mixin.py:137} INFO - [2023-04-27T18:38:48.510+0300] {dagbag.py:532} INFO - Filling up the DagBag from /home/vladimir/.local/lib/python3.10/site-packages/airflow/example_dags/example_branch_labels.py
[2023-04-27T18:38:48.521+0300] {processor.py:753} INFO - DAG(s) dict_keys(['example_branch_labels']) retrieved from /home/vladimir/.local/lib/python3.10/site-packages/airflow/example_dags/example_branch_labels.py
[2023-04-27T18:38:48.539+0300] {logging_mixin.py:137} INFO - [2023-04-27T18:38:48.539+0300] {dag.py:2705} INFO - Sync 1 DAGs
[2023-04-27T18:38:48.553+0300] {logging_mixin.py:137} INFO - [2023-04-27T18:38:48.553+0300] {dag.py:3452} INFO - Setting next_dagrun for example_branch_labels to 2023-04-26T00:00:00+00:00, run_after=2023-04-27T00:00:00+00:00
[2023-04-27T18:38:48.569+0300] {processor.py:175} INFO - Processing /home/vladimir/.local/lib/python3.10/site-packages/airflow/example_dags/example_branch_labels.py took 0.062 seconds
[2023-04-27T18:39:39.831+0300] {processor.py:153} INFO - Started process (PID=8169) to work on /home/vladimir/.local/lib/python3.10/site-packages/airflow/example_dags/example_branch_labels.py
[2023-04-27T18:39:39.832+0300] {processor.py:743} INFO - Processing file /home/vladimir/.local/lib/python3.10/site-packages/airflow/example_dags/example_branch_labels.py for tasks to queue
[2023-04-27T18:39:39.833+0300] {logging_mixin.py:137} INFO - [2023-04-27T18:39:39.833+0300] {dagbag.py:532} INFO - Filling up the DagBag from /home/vladimir/.local/lib/python3.10/site-packages/airflow/example_dags/example_branch_labels.py
[2023-04-27T18:39:39.844+0300] {processor.py:753} INFO - DAG(s) dict_keys(['example_branch_labels']) retrieved from /home/vladimir/.local/lib/python3.10/site-packages/airflow/example_dags/example_branch_labels.py
[2023-04-27T18:39:39.858+0300] {logging_mixin.py:137} INFO - [2023-04-27T18:39:39.858+0300] {dag.py:2705} INFO - Sync 1 DAGs
[2023-04-27T18:39:39.871+0300] {logging_mixin.py:137} INFO - [2023-04-27T18:39:39.871+0300] {dag.py:3452} INFO - Setting next_dagrun for example_branch_labels to 2023-04-26T00:00:00+00:00, run_after=2023-04-27T00:00:00+00:00
[2023-04-27T18:39:39.883+0300] {processor.py:175} INFO - Processing /home/vladimir/.local/lib/python3.10/site-packages/airflow/example_dags/example_branch_labels.py took 0.054 seconds
[2023-04-27T18:40:29.957+0300] {processor.py:153} INFO - Started process (PID=8298) to work on /home/vladimir/.local/lib/python3.10/site-packages/airflow/example_dags/example_branch_labels.py
[2023-04-27T18:40:29.958+0300] {processor.py:743} INFO - Processing file /home/vladimir/.local/lib/python3.10/site-packages/airflow/example_dags/example_branch_labels.py for tasks to queue
[2023-04-27T18:40:29.959+0300] {logging_mixin.py:137} INFO - [2023-04-27T18:40:29.959+0300] {dagbag.py:532} INFO - Filling up the DagBag from /home/vladimir/.local/lib/python3.10/site-packages/airflow/example_dags/example_branch_labels.py
[2023-04-27T18:40:29.968+0300] {processor.py:753} INFO - DAG(s) dict_keys(['example_branch_labels']) retrieved from /home/vladimir/.local/lib/python3.10/site-packages/airflow/example_dags/example_branch_labels.py
[2023-04-27T18:40:29.984+0300] {logging_mixin.py:137} INFO - [2023-04-27T18:40:29.983+0300] {dag.py:2705} INFO - Sync 1 DAGs
[2023-04-27T18:40:29.998+0300] {logging_mixin.py:137} INFO - [2023-04-27T18:40:29.998+0300] {dag.py:3452} INFO - Setting next_dagrun for example_branch_labels to 2023-04-26T00:00:00+00:00, run_after=2023-04-27T00:00:00+00:00
[2023-04-27T18:40:30.011+0300] {processor.py:175} INFO - Processing /home/vladimir/.local/lib/python3.10/site-packages/airflow/example_dags/example_branch_labels.py took 0.055 seconds
[2023-04-27T18:41:39.793+0300] {processor.py:153} INFO - Started process (PID=3419) to work on /home/vladimir/.local/lib/python3.10/site-packages/airflow/example_dags/example_branch_labels.py
[2023-04-27T18:41:39.794+0300] {processor.py:743} INFO - Processing file /home/vladimir/.local/lib/python3.10/site-packages/airflow/example_dags/example_branch_labels.py for tasks to queue
[2023-04-27T18:41:39.794+0300] {logging_mixin.py:137} INFO - [2023-04-27T18:41:39.794+0300] {dagbag.py:532} INFO - Filling up the DagBag from /home/vladimir/.local/lib/python3.10/site-packages/airflow/example_dags/example_branch_labels.py
[2023-04-27T18:41:39.806+0300] {processor.py:753} INFO - DAG(s) dict_keys(['example_branch_labels']) retrieved from /home/vladimir/.local/lib/python3.10/site-packages/airflow/example_dags/example_branch_labels.py
[2023-04-27T18:41:39.819+0300] {logging_mixin.py:137} INFO - [2023-04-27T18:41:39.819+0300] {dag.py:2705} INFO - Sync 1 DAGs
[2023-04-27T18:41:39.831+0300] {logging_mixin.py:137} INFO - [2023-04-27T18:41:39.831+0300] {dag.py:3452} INFO - Setting next_dagrun for example_branch_labels to 2023-04-26T00:00:00+00:00, run_after=2023-04-27T00:00:00+00:00
[2023-04-27T18:41:39.843+0300] {processor.py:175} INFO - Processing /home/vladimir/.local/lib/python3.10/site-packages/airflow/example_dags/example_branch_labels.py took 0.053 seconds
[2023-04-27T18:42:27.130+0300] {processor.py:153} INFO - Started process (PID=4461) to work on /home/vladimir/.local/lib/python3.10/site-packages/airflow/example_dags/example_branch_labels.py
[2023-04-27T18:42:27.131+0300] {processor.py:743} INFO - Processing file /home/vladimir/.local/lib/python3.10/site-packages/airflow/example_dags/example_branch_labels.py for tasks to queue
[2023-04-27T18:42:27.131+0300] {logging_mixin.py:137} INFO - [2023-04-27T18:42:27.131+0300] {dagbag.py:532} INFO - Filling up the DagBag from /home/vladimir/.local/lib/python3.10/site-packages/airflow/example_dags/example_branch_labels.py
[2023-04-27T18:42:27.146+0300] {processor.py:753} INFO - DAG(s) dict_keys(['example_branch_labels']) retrieved from /home/vladimir/.local/lib/python3.10/site-packages/airflow/example_dags/example_branch_labels.py
[2023-04-27T18:42:27.161+0300] {logging_mixin.py:137} INFO - [2023-04-27T18:42:27.161+0300] {dag.py:2705} INFO - Sync 1 DAGs
[2023-04-27T18:42:27.186+0300] {logging_mixin.py:137} INFO - [2023-04-27T18:42:27.186+0300] {dag.py:3452} INFO - Setting next_dagrun for example_branch_labels to 2023-04-26T00:00:00+00:00, run_after=2023-04-27T00:00:00+00:00
[2023-04-27T18:42:27.204+0300] {processor.py:175} INFO - Processing /home/vladimir/.local/lib/python3.10/site-packages/airflow/example_dags/example_branch_labels.py took 0.077 seconds
[2023-04-27T18:43:13.614+0300] {processor.py:153} INFO - Started process (PID=5116) to work on /home/vladimir/.local/lib/python3.10/site-packages/airflow/example_dags/example_branch_labels.py
[2023-04-27T18:43:13.614+0300] {processor.py:743} INFO - Processing file /home/vladimir/.local/lib/python3.10/site-packages/airflow/example_dags/example_branch_labels.py for tasks to queue
[2023-04-27T18:43:13.615+0300] {logging_mixin.py:137} INFO - [2023-04-27T18:43:13.615+0300] {dagbag.py:532} INFO - Filling up the DagBag from /home/vladimir/.local/lib/python3.10/site-packages/airflow/example_dags/example_branch_labels.py
[2023-04-27T18:43:13.626+0300] {processor.py:753} INFO - DAG(s) dict_keys(['example_branch_labels']) retrieved from /home/vladimir/.local/lib/python3.10/site-packages/airflow/example_dags/example_branch_labels.py
[2023-04-27T18:43:13.640+0300] {logging_mixin.py:137} INFO - [2023-04-27T18:43:13.640+0300] {dag.py:2705} INFO - Sync 1 DAGs
[2023-04-27T18:43:13.653+0300] {logging_mixin.py:137} INFO - [2023-04-27T18:43:13.653+0300] {dag.py:3452} INFO - Setting next_dagrun for example_branch_labels to 2023-04-26T00:00:00+00:00, run_after=2023-04-27T00:00:00+00:00
[2023-04-27T18:43:13.665+0300] {processor.py:175} INFO - Processing /home/vladimir/.local/lib/python3.10/site-packages/airflow/example_dags/example_branch_labels.py took 0.053 seconds
[2023-04-27T18:44:02.980+0300] {processor.py:153} INFO - Started process (PID=7485) to work on /home/vladimir/.local/lib/python3.10/site-packages/airflow/example_dags/example_branch_labels.py
[2023-04-27T18:44:02.985+0300] {processor.py:743} INFO - Processing file /home/vladimir/.local/lib/python3.10/site-packages/airflow/example_dags/example_branch_labels.py for tasks to queue
[2023-04-27T18:44:02.986+0300] {logging_mixin.py:137} INFO - [2023-04-27T18:44:02.986+0300] {dagbag.py:532} INFO - Filling up the DagBag from /home/vladimir/.local/lib/python3.10/site-packages/airflow/example_dags/example_branch_labels.py
[2023-04-27T18:44:03.014+0300] {processor.py:753} INFO - DAG(s) dict_keys(['example_branch_labels']) retrieved from /home/vladimir/.local/lib/python3.10/site-packages/airflow/example_dags/example_branch_labels.py
[2023-04-27T18:44:03.048+0300] {logging_mixin.py:137} INFO - [2023-04-27T18:44:03.048+0300] {dag.py:2705} INFO - Sync 1 DAGs
[2023-04-27T18:44:03.070+0300] {logging_mixin.py:137} INFO - [2023-04-27T18:44:03.070+0300] {dag.py:3452} INFO - Setting next_dagrun for example_branch_labels to 2023-04-26T00:00:00+00:00, run_after=2023-04-27T00:00:00+00:00
[2023-04-27T18:44:03.083+0300] {processor.py:175} INFO - Processing /home/vladimir/.local/lib/python3.10/site-packages/airflow/example_dags/example_branch_labels.py took 0.105 seconds
[2023-04-27T18:44:46.415+0300] {processor.py:153} INFO - Started process (PID=9259) to work on /home/vladimir/.local/lib/python3.10/site-packages/airflow/example_dags/example_branch_labels.py
[2023-04-27T18:44:46.416+0300] {processor.py:743} INFO - Processing file /home/vladimir/.local/lib/python3.10/site-packages/airflow/example_dags/example_branch_labels.py for tasks to queue
[2023-04-27T18:44:46.417+0300] {logging_mixin.py:137} INFO - [2023-04-27T18:44:46.417+0300] {dagbag.py:532} INFO - Filling up the DagBag from /home/vladimir/.local/lib/python3.10/site-packages/airflow/example_dags/example_branch_labels.py
[2023-04-27T18:44:46.427+0300] {processor.py:753} INFO - DAG(s) dict_keys(['example_branch_labels']) retrieved from /home/vladimir/.local/lib/python3.10/site-packages/airflow/example_dags/example_branch_labels.py
[2023-04-27T18:44:46.443+0300] {logging_mixin.py:137} INFO - [2023-04-27T18:44:46.442+0300] {dag.py:2705} INFO - Sync 1 DAGs
[2023-04-27T18:44:46.458+0300] {logging_mixin.py:137} INFO - [2023-04-27T18:44:46.457+0300] {dag.py:3452} INFO - Setting next_dagrun for example_branch_labels to 2023-04-26T00:00:00+00:00, run_after=2023-04-27T00:00:00+00:00
[2023-04-27T18:44:46.470+0300] {processor.py:175} INFO - Processing /home/vladimir/.local/lib/python3.10/site-packages/airflow/example_dags/example_branch_labels.py took 0.057 seconds
[2023-04-27T18:45:43.775+0300] {processor.py:153} INFO - Started process (PID=14263) to work on /home/vladimir/.local/lib/python3.10/site-packages/airflow/example_dags/example_branch_labels.py
[2023-04-27T18:45:43.776+0300] {processor.py:743} INFO - Processing file /home/vladimir/.local/lib/python3.10/site-packages/airflow/example_dags/example_branch_labels.py for tasks to queue
[2023-04-27T18:45:43.776+0300] {logging_mixin.py:137} INFO - [2023-04-27T18:45:43.776+0300] {dagbag.py:532} INFO - Filling up the DagBag from /home/vladimir/.local/lib/python3.10/site-packages/airflow/example_dags/example_branch_labels.py
[2023-04-27T18:45:43.790+0300] {processor.py:753} INFO - DAG(s) dict_keys(['example_branch_labels']) retrieved from /home/vladimir/.local/lib/python3.10/site-packages/airflow/example_dags/example_branch_labels.py
[2023-04-27T18:45:43.808+0300] {logging_mixin.py:137} INFO - [2023-04-27T18:45:43.808+0300] {dag.py:2705} INFO - Sync 1 DAGs
[2023-04-27T18:45:43.827+0300] {logging_mixin.py:137} INFO - [2023-04-27T18:45:43.827+0300] {dag.py:3452} INFO - Setting next_dagrun for example_branch_labels to 2023-04-26T00:00:00+00:00, run_after=2023-04-27T00:00:00+00:00
[2023-04-27T18:45:43.843+0300] {processor.py:175} INFO - Processing /home/vladimir/.local/lib/python3.10/site-packages/airflow/example_dags/example_branch_labels.py took 0.070 seconds
[2023-04-27T18:47:16.809+0300] {processor.py:153} INFO - Started process (PID=3576) to work on /home/vladimir/.local/lib/python3.10/site-packages/airflow/example_dags/example_branch_labels.py
[2023-04-27T18:47:16.809+0300] {processor.py:743} INFO - Processing file /home/vladimir/.local/lib/python3.10/site-packages/airflow/example_dags/example_branch_labels.py for tasks to queue
[2023-04-27T18:47:16.810+0300] {logging_mixin.py:137} INFO - [2023-04-27T18:47:16.810+0300] {dagbag.py:532} INFO - Filling up the DagBag from /home/vladimir/.local/lib/python3.10/site-packages/airflow/example_dags/example_branch_labels.py
[2023-04-27T18:47:16.825+0300] {processor.py:753} INFO - DAG(s) dict_keys(['example_branch_labels']) retrieved from /home/vladimir/.local/lib/python3.10/site-packages/airflow/example_dags/example_branch_labels.py
[2023-04-27T18:47:16.843+0300] {logging_mixin.py:137} INFO - [2023-04-27T18:47:16.843+0300] {dag.py:2705} INFO - Sync 1 DAGs
[2023-04-27T18:47:16.863+0300] {logging_mixin.py:137} INFO - [2023-04-27T18:47:16.863+0300] {dag.py:3452} INFO - Setting next_dagrun for example_branch_labels to 2023-04-26T00:00:00+00:00, run_after=2023-04-27T00:00:00+00:00
[2023-04-27T18:47:16.891+0300] {processor.py:175} INFO - Processing /home/vladimir/.local/lib/python3.10/site-packages/airflow/example_dags/example_branch_labels.py took 0.084 seconds
[2023-04-27T18:48:04.135+0300] {processor.py:153} INFO - Started process (PID=4106) to work on /home/vladimir/.local/lib/python3.10/site-packages/airflow/example_dags/example_branch_labels.py
[2023-04-27T18:48:04.136+0300] {processor.py:743} INFO - Processing file /home/vladimir/.local/lib/python3.10/site-packages/airflow/example_dags/example_branch_labels.py for tasks to queue
[2023-04-27T18:48:04.136+0300] {logging_mixin.py:137} INFO - [2023-04-27T18:48:04.136+0300] {dagbag.py:532} INFO - Filling up the DagBag from /home/vladimir/.local/lib/python3.10/site-packages/airflow/example_dags/example_branch_labels.py
[2023-04-27T18:48:04.147+0300] {processor.py:753} INFO - DAG(s) dict_keys(['example_branch_labels']) retrieved from /home/vladimir/.local/lib/python3.10/site-packages/airflow/example_dags/example_branch_labels.py
[2023-04-27T18:48:04.160+0300] {logging_mixin.py:137} INFO - [2023-04-27T18:48:04.160+0300] {dag.py:2705} INFO - Sync 1 DAGs
[2023-04-27T18:48:04.172+0300] {logging_mixin.py:137} INFO - [2023-04-27T18:48:04.172+0300] {dag.py:3452} INFO - Setting next_dagrun for example_branch_labels to 2023-04-26T00:00:00+00:00, run_after=2023-04-27T00:00:00+00:00
[2023-04-27T18:48:04.184+0300] {processor.py:175} INFO - Processing /home/vladimir/.local/lib/python3.10/site-packages/airflow/example_dags/example_branch_labels.py took 0.051 seconds
[2023-04-27T18:48:47.075+0300] {processor.py:153} INFO - Started process (PID=4159) to work on /home/vladimir/.local/lib/python3.10/site-packages/airflow/example_dags/example_branch_labels.py
[2023-04-27T18:48:47.076+0300] {processor.py:743} INFO - Processing file /home/vladimir/.local/lib/python3.10/site-packages/airflow/example_dags/example_branch_labels.py for tasks to queue
[2023-04-27T18:48:47.077+0300] {logging_mixin.py:137} INFO - [2023-04-27T18:48:47.077+0300] {dagbag.py:532} INFO - Filling up the DagBag from /home/vladimir/.local/lib/python3.10/site-packages/airflow/example_dags/example_branch_labels.py
[2023-04-27T18:48:47.087+0300] {processor.py:753} INFO - DAG(s) dict_keys(['example_branch_labels']) retrieved from /home/vladimir/.local/lib/python3.10/site-packages/airflow/example_dags/example_branch_labels.py
[2023-04-27T18:48:47.101+0300] {logging_mixin.py:137} INFO - [2023-04-27T18:48:47.101+0300] {dag.py:2705} INFO - Sync 1 DAGs
[2023-04-27T18:48:47.114+0300] {logging_mixin.py:137} INFO - [2023-04-27T18:48:47.114+0300] {dag.py:3452} INFO - Setting next_dagrun for example_branch_labels to 2023-04-26T00:00:00+00:00, run_after=2023-04-27T00:00:00+00:00
[2023-04-27T18:48:47.128+0300] {processor.py:175} INFO - Processing /home/vladimir/.local/lib/python3.10/site-packages/airflow/example_dags/example_branch_labels.py took 0.055 seconds
[2023-04-27T18:49:38.045+0300] {processor.py:153} INFO - Started process (PID=4212) to work on /home/vladimir/.local/lib/python3.10/site-packages/airflow/example_dags/example_branch_labels.py
[2023-04-27T18:49:38.046+0300] {processor.py:743} INFO - Processing file /home/vladimir/.local/lib/python3.10/site-packages/airflow/example_dags/example_branch_labels.py for tasks to queue
[2023-04-27T18:49:38.047+0300] {logging_mixin.py:137} INFO - [2023-04-27T18:49:38.046+0300] {dagbag.py:532} INFO - Filling up the DagBag from /home/vladimir/.local/lib/python3.10/site-packages/airflow/example_dags/example_branch_labels.py
[2023-04-27T18:49:38.057+0300] {processor.py:753} INFO - DAG(s) dict_keys(['example_branch_labels']) retrieved from /home/vladimir/.local/lib/python3.10/site-packages/airflow/example_dags/example_branch_labels.py
[2023-04-27T18:49:38.073+0300] {logging_mixin.py:137} INFO - [2023-04-27T18:49:38.073+0300] {dag.py:2705} INFO - Sync 1 DAGs
[2023-04-27T18:49:38.087+0300] {logging_mixin.py:137} INFO - [2023-04-27T18:49:38.087+0300] {dag.py:3452} INFO - Setting next_dagrun for example_branch_labels to 2023-04-26T00:00:00+00:00, run_after=2023-04-27T00:00:00+00:00
[2023-04-27T18:49:38.100+0300] {processor.py:175} INFO - Processing /home/vladimir/.local/lib/python3.10/site-packages/airflow/example_dags/example_branch_labels.py took 0.057 seconds
[2023-04-27T18:50:31.122+0300] {processor.py:153} INFO - Started process (PID=4980) to work on /home/vladimir/.local/lib/python3.10/site-packages/airflow/example_dags/example_branch_labels.py
[2023-04-27T18:50:31.124+0300] {processor.py:743} INFO - Processing file /home/vladimir/.local/lib/python3.10/site-packages/airflow/example_dags/example_branch_labels.py for tasks to queue
[2023-04-27T18:50:31.128+0300] {logging_mixin.py:137} INFO - [2023-04-27T18:50:31.128+0300] {dagbag.py:532} INFO - Filling up the DagBag from /home/vladimir/.local/lib/python3.10/site-packages/airflow/example_dags/example_branch_labels.py
[2023-04-27T18:50:31.147+0300] {processor.py:753} INFO - DAG(s) dict_keys(['example_branch_labels']) retrieved from /home/vladimir/.local/lib/python3.10/site-packages/airflow/example_dags/example_branch_labels.py
[2023-04-27T18:50:31.165+0300] {logging_mixin.py:137} INFO - [2023-04-27T18:50:31.165+0300] {dag.py:2705} INFO - Sync 1 DAGs
[2023-04-27T18:50:31.178+0300] {logging_mixin.py:137} INFO - [2023-04-27T18:50:31.178+0300] {dag.py:3452} INFO - Setting next_dagrun for example_branch_labels to 2023-04-26T00:00:00+00:00, run_after=2023-04-27T00:00:00+00:00
[2023-04-27T18:50:31.197+0300] {processor.py:175} INFO - Processing /home/vladimir/.local/lib/python3.10/site-packages/airflow/example_dags/example_branch_labels.py took 0.081 seconds
[2023-04-27T18:51:16.431+0300] {processor.py:153} INFO - Started process (PID=5254) to work on /home/vladimir/.local/lib/python3.10/site-packages/airflow/example_dags/example_branch_labels.py
[2023-04-27T18:51:16.432+0300] {processor.py:743} INFO - Processing file /home/vladimir/.local/lib/python3.10/site-packages/airflow/example_dags/example_branch_labels.py for tasks to queue
[2023-04-27T18:51:16.433+0300] {logging_mixin.py:137} INFO - [2023-04-27T18:51:16.433+0300] {dagbag.py:532} INFO - Filling up the DagBag from /home/vladimir/.local/lib/python3.10/site-packages/airflow/example_dags/example_branch_labels.py
[2023-04-27T18:51:16.442+0300] {processor.py:753} INFO - DAG(s) dict_keys(['example_branch_labels']) retrieved from /home/vladimir/.local/lib/python3.10/site-packages/airflow/example_dags/example_branch_labels.py
[2023-04-27T18:51:16.456+0300] {logging_mixin.py:137} INFO - [2023-04-27T18:51:16.456+0300] {dag.py:2705} INFO - Sync 1 DAGs
[2023-04-27T18:51:16.469+0300] {logging_mixin.py:137} INFO - [2023-04-27T18:51:16.469+0300] {dag.py:3452} INFO - Setting next_dagrun for example_branch_labels to 2023-04-26T00:00:00+00:00, run_after=2023-04-27T00:00:00+00:00
[2023-04-27T18:51:16.480+0300] {processor.py:175} INFO - Processing /home/vladimir/.local/lib/python3.10/site-packages/airflow/example_dags/example_branch_labels.py took 0.051 seconds
[2023-04-27T18:52:00.868+0300] {processor.py:153} INFO - Started process (PID=5307) to work on /home/vladimir/.local/lib/python3.10/site-packages/airflow/example_dags/example_branch_labels.py
[2023-04-27T18:52:00.869+0300] {processor.py:743} INFO - Processing file /home/vladimir/.local/lib/python3.10/site-packages/airflow/example_dags/example_branch_labels.py for tasks to queue
[2023-04-27T18:52:00.869+0300] {logging_mixin.py:137} INFO - [2023-04-27T18:52:00.869+0300] {dagbag.py:532} INFO - Filling up the DagBag from /home/vladimir/.local/lib/python3.10/site-packages/airflow/example_dags/example_branch_labels.py
[2023-04-27T18:52:00.880+0300] {processor.py:753} INFO - DAG(s) dict_keys(['example_branch_labels']) retrieved from /home/vladimir/.local/lib/python3.10/site-packages/airflow/example_dags/example_branch_labels.py
[2023-04-27T18:52:00.896+0300] {logging_mixin.py:137} INFO - [2023-04-27T18:52:00.896+0300] {dag.py:2705} INFO - Sync 1 DAGs
[2023-04-27T18:52:00.909+0300] {logging_mixin.py:137} INFO - [2023-04-27T18:52:00.909+0300] {dag.py:3452} INFO - Setting next_dagrun for example_branch_labels to 2023-04-26T00:00:00+00:00, run_after=2023-04-27T00:00:00+00:00
[2023-04-27T18:52:00.922+0300] {processor.py:175} INFO - Processing /home/vladimir/.local/lib/python3.10/site-packages/airflow/example_dags/example_branch_labels.py took 0.056 seconds
[2023-04-27T18:52:48.965+0300] {processor.py:153} INFO - Started process (PID=5359) to work on /home/vladimir/.local/lib/python3.10/site-packages/airflow/example_dags/example_branch_labels.py
[2023-04-27T18:52:48.966+0300] {processor.py:743} INFO - Processing file /home/vladimir/.local/lib/python3.10/site-packages/airflow/example_dags/example_branch_labels.py for tasks to queue
[2023-04-27T18:52:48.966+0300] {logging_mixin.py:137} INFO - [2023-04-27T18:52:48.966+0300] {dagbag.py:532} INFO - Filling up the DagBag from /home/vladimir/.local/lib/python3.10/site-packages/airflow/example_dags/example_branch_labels.py
[2023-04-27T18:52:48.977+0300] {processor.py:753} INFO - DAG(s) dict_keys(['example_branch_labels']) retrieved from /home/vladimir/.local/lib/python3.10/site-packages/airflow/example_dags/example_branch_labels.py
[2023-04-27T18:52:48.992+0300] {logging_mixin.py:137} INFO - [2023-04-27T18:52:48.992+0300] {dag.py:2705} INFO - Sync 1 DAGs
[2023-04-27T18:52:49.005+0300] {logging_mixin.py:137} INFO - [2023-04-27T18:52:49.005+0300] {dag.py:3452} INFO - Setting next_dagrun for example_branch_labels to 2023-04-26T00:00:00+00:00, run_after=2023-04-27T00:00:00+00:00
[2023-04-27T18:52:49.017+0300] {processor.py:175} INFO - Processing /home/vladimir/.local/lib/python3.10/site-packages/airflow/example_dags/example_branch_labels.py took 0.054 seconds
[2023-04-27T18:53:32.255+0300] {processor.py:153} INFO - Started process (PID=5550) to work on /home/vladimir/.local/lib/python3.10/site-packages/airflow/example_dags/example_branch_labels.py
[2023-04-27T18:53:32.256+0300] {processor.py:743} INFO - Processing file /home/vladimir/.local/lib/python3.10/site-packages/airflow/example_dags/example_branch_labels.py for tasks to queue
[2023-04-27T18:53:32.257+0300] {logging_mixin.py:137} INFO - [2023-04-27T18:53:32.257+0300] {dagbag.py:532} INFO - Filling up the DagBag from /home/vladimir/.local/lib/python3.10/site-packages/airflow/example_dags/example_branch_labels.py
[2023-04-27T18:53:32.270+0300] {processor.py:753} INFO - DAG(s) dict_keys(['example_branch_labels']) retrieved from /home/vladimir/.local/lib/python3.10/site-packages/airflow/example_dags/example_branch_labels.py
[2023-04-27T18:53:32.285+0300] {logging_mixin.py:137} INFO - [2023-04-27T18:53:32.285+0300] {dag.py:2705} INFO - Sync 1 DAGs
[2023-04-27T18:53:32.300+0300] {logging_mixin.py:137} INFO - [2023-04-27T18:53:32.300+0300] {dag.py:3452} INFO - Setting next_dagrun for example_branch_labels to 2023-04-26T00:00:00+00:00, run_after=2023-04-27T00:00:00+00:00
[2023-04-27T18:53:32.313+0300] {processor.py:175} INFO - Processing /home/vladimir/.local/lib/python3.10/site-packages/airflow/example_dags/example_branch_labels.py took 0.061 seconds
[2023-04-27T18:54:19.631+0300] {processor.py:153} INFO - Started process (PID=5600) to work on /home/vladimir/.local/lib/python3.10/site-packages/airflow/example_dags/example_branch_labels.py
[2023-04-27T18:54:19.632+0300] {processor.py:743} INFO - Processing file /home/vladimir/.local/lib/python3.10/site-packages/airflow/example_dags/example_branch_labels.py for tasks to queue
[2023-04-27T18:54:19.633+0300] {logging_mixin.py:137} INFO - [2023-04-27T18:54:19.633+0300] {dagbag.py:532} INFO - Filling up the DagBag from /home/vladimir/.local/lib/python3.10/site-packages/airflow/example_dags/example_branch_labels.py
[2023-04-27T18:54:19.643+0300] {processor.py:753} INFO - DAG(s) dict_keys(['example_branch_labels']) retrieved from /home/vladimir/.local/lib/python3.10/site-packages/airflow/example_dags/example_branch_labels.py
[2023-04-27T18:54:19.660+0300] {logging_mixin.py:137} INFO - [2023-04-27T18:54:19.660+0300] {dag.py:2705} INFO - Sync 1 DAGs
[2023-04-27T18:54:19.673+0300] {logging_mixin.py:137} INFO - [2023-04-27T18:54:19.673+0300] {dag.py:3452} INFO - Setting next_dagrun for example_branch_labels to 2023-04-26T00:00:00+00:00, run_after=2023-04-27T00:00:00+00:00
[2023-04-27T18:54:19.684+0300] {processor.py:175} INFO - Processing /home/vladimir/.local/lib/python3.10/site-packages/airflow/example_dags/example_branch_labels.py took 0.055 seconds
[2023-04-27T18:55:07.821+0300] {processor.py:153} INFO - Started process (PID=5661) to work on /home/vladimir/.local/lib/python3.10/site-packages/airflow/example_dags/example_branch_labels.py
[2023-04-27T18:55:07.822+0300] {processor.py:743} INFO - Processing file /home/vladimir/.local/lib/python3.10/site-packages/airflow/example_dags/example_branch_labels.py for tasks to queue
[2023-04-27T18:55:07.822+0300] {logging_mixin.py:137} INFO - [2023-04-27T18:55:07.822+0300] {dagbag.py:532} INFO - Filling up the DagBag from /home/vladimir/.local/lib/python3.10/site-packages/airflow/example_dags/example_branch_labels.py
[2023-04-27T18:55:07.832+0300] {processor.py:753} INFO - DAG(s) dict_keys(['example_branch_labels']) retrieved from /home/vladimir/.local/lib/python3.10/site-packages/airflow/example_dags/example_branch_labels.py
[2023-04-27T18:55:07.847+0300] {logging_mixin.py:137} INFO - [2023-04-27T18:55:07.847+0300] {dag.py:2705} INFO - Sync 1 DAGs
[2023-04-27T18:55:07.860+0300] {logging_mixin.py:137} INFO - [2023-04-27T18:55:07.860+0300] {dag.py:3452} INFO - Setting next_dagrun for example_branch_labels to 2023-04-26T00:00:00+00:00, run_after=2023-04-27T00:00:00+00:00
[2023-04-27T18:55:07.873+0300] {processor.py:175} INFO - Processing /home/vladimir/.local/lib/python3.10/site-packages/airflow/example_dags/example_branch_labels.py took 0.055 seconds
[2023-04-27T18:55:55.462+0300] {processor.py:153} INFO - Started process (PID=5716) to work on /home/vladimir/.local/lib/python3.10/site-packages/airflow/example_dags/example_branch_labels.py
[2023-04-27T18:55:55.463+0300] {processor.py:743} INFO - Processing file /home/vladimir/.local/lib/python3.10/site-packages/airflow/example_dags/example_branch_labels.py for tasks to queue
[2023-04-27T18:55:55.464+0300] {logging_mixin.py:137} INFO - [2023-04-27T18:55:55.464+0300] {dagbag.py:532} INFO - Filling up the DagBag from /home/vladimir/.local/lib/python3.10/site-packages/airflow/example_dags/example_branch_labels.py
[2023-04-27T18:55:55.476+0300] {processor.py:753} INFO - DAG(s) dict_keys(['example_branch_labels']) retrieved from /home/vladimir/.local/lib/python3.10/site-packages/airflow/example_dags/example_branch_labels.py
[2023-04-27T18:55:55.492+0300] {logging_mixin.py:137} INFO - [2023-04-27T18:55:55.492+0300] {dag.py:2705} INFO - Sync 1 DAGs
[2023-04-27T18:55:55.505+0300] {logging_mixin.py:137} INFO - [2023-04-27T18:55:55.504+0300] {dag.py:3452} INFO - Setting next_dagrun for example_branch_labels to 2023-04-26T00:00:00+00:00, run_after=2023-04-27T00:00:00+00:00
[2023-04-27T18:55:55.517+0300] {processor.py:175} INFO - Processing /home/vladimir/.local/lib/python3.10/site-packages/airflow/example_dags/example_branch_labels.py took 0.057 seconds
[2023-04-27T18:56:38.487+0300] {processor.py:153} INFO - Started process (PID=6600) to work on /home/vladimir/.local/lib/python3.10/site-packages/airflow/example_dags/example_branch_labels.py
[2023-04-27T18:56:38.488+0300] {processor.py:743} INFO - Processing file /home/vladimir/.local/lib/python3.10/site-packages/airflow/example_dags/example_branch_labels.py for tasks to queue
[2023-04-27T18:56:38.488+0300] {logging_mixin.py:137} INFO - [2023-04-27T18:56:38.488+0300] {dagbag.py:532} INFO - Filling up the DagBag from /home/vladimir/.local/lib/python3.10/site-packages/airflow/example_dags/example_branch_labels.py
[2023-04-27T18:56:38.503+0300] {processor.py:753} INFO - DAG(s) dict_keys(['example_branch_labels']) retrieved from /home/vladimir/.local/lib/python3.10/site-packages/airflow/example_dags/example_branch_labels.py
[2023-04-27T18:56:38.517+0300] {logging_mixin.py:137} INFO - [2023-04-27T18:56:38.517+0300] {dag.py:2705} INFO - Sync 1 DAGs
[2023-04-27T18:56:38.530+0300] {logging_mixin.py:137} INFO - [2023-04-27T18:56:38.530+0300] {dag.py:3452} INFO - Setting next_dagrun for example_branch_labels to 2023-04-26T00:00:00+00:00, run_after=2023-04-27T00:00:00+00:00
[2023-04-27T18:56:38.545+0300] {processor.py:175} INFO - Processing /home/vladimir/.local/lib/python3.10/site-packages/airflow/example_dags/example_branch_labels.py took 0.060 seconds
[2023-04-27T18:57:28.026+0300] {processor.py:153} INFO - Started process (PID=6710) to work on /home/vladimir/.local/lib/python3.10/site-packages/airflow/example_dags/example_branch_labels.py
[2023-04-27T18:57:28.027+0300] {processor.py:743} INFO - Processing file /home/vladimir/.local/lib/python3.10/site-packages/airflow/example_dags/example_branch_labels.py for tasks to queue
[2023-04-27T18:57:28.028+0300] {logging_mixin.py:137} INFO - [2023-04-27T18:57:28.028+0300] {dagbag.py:532} INFO - Filling up the DagBag from /home/vladimir/.local/lib/python3.10/site-packages/airflow/example_dags/example_branch_labels.py
[2023-04-27T18:57:28.038+0300] {processor.py:753} INFO - DAG(s) dict_keys(['example_branch_labels']) retrieved from /home/vladimir/.local/lib/python3.10/site-packages/airflow/example_dags/example_branch_labels.py
[2023-04-27T18:57:28.052+0300] {logging_mixin.py:137} INFO - [2023-04-27T18:57:28.051+0300] {dag.py:2705} INFO - Sync 1 DAGs
[2023-04-27T18:57:28.065+0300] {logging_mixin.py:137} INFO - [2023-04-27T18:57:28.065+0300] {dag.py:3452} INFO - Setting next_dagrun for example_branch_labels to 2023-04-26T00:00:00+00:00, run_after=2023-04-27T00:00:00+00:00
[2023-04-27T18:57:28.077+0300] {processor.py:175} INFO - Processing /home/vladimir/.local/lib/python3.10/site-packages/airflow/example_dags/example_branch_labels.py took 0.053 seconds
[2023-04-27T18:58:17.498+0300] {processor.py:153} INFO - Started process (PID=6798) to work on /home/vladimir/.local/lib/python3.10/site-packages/airflow/example_dags/example_branch_labels.py
[2023-04-27T18:58:17.498+0300] {processor.py:743} INFO - Processing file /home/vladimir/.local/lib/python3.10/site-packages/airflow/example_dags/example_branch_labels.py for tasks to queue
[2023-04-27T18:58:17.499+0300] {logging_mixin.py:137} INFO - [2023-04-27T18:58:17.499+0300] {dagbag.py:532} INFO - Filling up the DagBag from /home/vladimir/.local/lib/python3.10/site-packages/airflow/example_dags/example_branch_labels.py
[2023-04-27T18:58:17.511+0300] {processor.py:753} INFO - DAG(s) dict_keys(['example_branch_labels']) retrieved from /home/vladimir/.local/lib/python3.10/site-packages/airflow/example_dags/example_branch_labels.py
[2023-04-27T18:58:17.526+0300] {logging_mixin.py:137} INFO - [2023-04-27T18:58:17.525+0300] {dag.py:2705} INFO - Sync 1 DAGs
[2023-04-27T18:58:17.538+0300] {logging_mixin.py:137} INFO - [2023-04-27T18:58:17.538+0300] {dag.py:3452} INFO - Setting next_dagrun for example_branch_labels to 2023-04-26T00:00:00+00:00, run_after=2023-04-27T00:00:00+00:00
[2023-04-27T18:58:17.553+0300] {processor.py:175} INFO - Processing /home/vladimir/.local/lib/python3.10/site-packages/airflow/example_dags/example_branch_labels.py took 0.058 seconds
[2023-04-27T18:59:03.433+0300] {processor.py:153} INFO - Started process (PID=6887) to work on /home/vladimir/.local/lib/python3.10/site-packages/airflow/example_dags/example_branch_labels.py
[2023-04-27T18:59:03.434+0300] {processor.py:743} INFO - Processing file /home/vladimir/.local/lib/python3.10/site-packages/airflow/example_dags/example_branch_labels.py for tasks to queue
[2023-04-27T18:59:03.434+0300] {logging_mixin.py:137} INFO - [2023-04-27T18:59:03.434+0300] {dagbag.py:532} INFO - Filling up the DagBag from /home/vladimir/.local/lib/python3.10/site-packages/airflow/example_dags/example_branch_labels.py
[2023-04-27T18:59:03.445+0300] {processor.py:753} INFO - DAG(s) dict_keys(['example_branch_labels']) retrieved from /home/vladimir/.local/lib/python3.10/site-packages/airflow/example_dags/example_branch_labels.py
[2023-04-27T18:59:03.459+0300] {logging_mixin.py:137} INFO - [2023-04-27T18:59:03.459+0300] {dag.py:2705} INFO - Sync 1 DAGs
[2023-04-27T18:59:03.471+0300] {logging_mixin.py:137} INFO - [2023-04-27T18:59:03.471+0300] {dag.py:3452} INFO - Setting next_dagrun for example_branch_labels to 2023-04-26T00:00:00+00:00, run_after=2023-04-27T00:00:00+00:00
[2023-04-27T18:59:03.482+0300] {processor.py:175} INFO - Processing /home/vladimir/.local/lib/python3.10/site-packages/airflow/example_dags/example_branch_labels.py took 0.052 seconds
[2023-04-27T18:59:49.907+0300] {processor.py:153} INFO - Started process (PID=6969) to work on /home/vladimir/.local/lib/python3.10/site-packages/airflow/example_dags/example_branch_labels.py
[2023-04-27T18:59:49.908+0300] {processor.py:743} INFO - Processing file /home/vladimir/.local/lib/python3.10/site-packages/airflow/example_dags/example_branch_labels.py for tasks to queue
[2023-04-27T18:59:49.909+0300] {logging_mixin.py:137} INFO - [2023-04-27T18:59:49.909+0300] {dagbag.py:532} INFO - Filling up the DagBag from /home/vladimir/.local/lib/python3.10/site-packages/airflow/example_dags/example_branch_labels.py
[2023-04-27T18:59:49.919+0300] {processor.py:753} INFO - DAG(s) dict_keys(['example_branch_labels']) retrieved from /home/vladimir/.local/lib/python3.10/site-packages/airflow/example_dags/example_branch_labels.py
[2023-04-27T18:59:49.934+0300] {logging_mixin.py:137} INFO - [2023-04-27T18:59:49.934+0300] {dag.py:2705} INFO - Sync 1 DAGs
[2023-04-27T18:59:49.947+0300] {logging_mixin.py:137} INFO - [2023-04-27T18:59:49.947+0300] {dag.py:3452} INFO - Setting next_dagrun for example_branch_labels to 2023-04-26T00:00:00+00:00, run_after=2023-04-27T00:00:00+00:00
[2023-04-27T18:59:49.960+0300] {processor.py:175} INFO - Processing /home/vladimir/.local/lib/python3.10/site-packages/airflow/example_dags/example_branch_labels.py took 0.055 seconds
[2023-04-27T19:00:39.035+0300] {processor.py:153} INFO - Started process (PID=7078) to work on /home/vladimir/.local/lib/python3.10/site-packages/airflow/example_dags/example_branch_labels.py
[2023-04-27T19:00:39.037+0300] {processor.py:743} INFO - Processing file /home/vladimir/.local/lib/python3.10/site-packages/airflow/example_dags/example_branch_labels.py for tasks to queue
[2023-04-27T19:00:39.037+0300] {logging_mixin.py:137} INFO - [2023-04-27T19:00:39.037+0300] {dagbag.py:532} INFO - Filling up the DagBag from /home/vladimir/.local/lib/python3.10/site-packages/airflow/example_dags/example_branch_labels.py
[2023-04-27T19:00:39.049+0300] {processor.py:753} INFO - DAG(s) dict_keys(['example_branch_labels']) retrieved from /home/vladimir/.local/lib/python3.10/site-packages/airflow/example_dags/example_branch_labels.py
[2023-04-27T19:00:39.065+0300] {logging_mixin.py:137} INFO - [2023-04-27T19:00:39.064+0300] {dag.py:2705} INFO - Sync 1 DAGs
[2023-04-27T19:00:39.077+0300] {logging_mixin.py:137} INFO - [2023-04-27T19:00:39.077+0300] {dag.py:3452} INFO - Setting next_dagrun for example_branch_labels to 2023-04-26T00:00:00+00:00, run_after=2023-04-27T00:00:00+00:00
[2023-04-27T19:00:39.091+0300] {processor.py:175} INFO - Processing /home/vladimir/.local/lib/python3.10/site-packages/airflow/example_dags/example_branch_labels.py took 0.059 seconds
[2023-04-27T19:01:24.260+0300] {processor.py:153} INFO - Started process (PID=7192) to work on /home/vladimir/.local/lib/python3.10/site-packages/airflow/example_dags/example_branch_labels.py
[2023-04-27T19:01:24.261+0300] {processor.py:743} INFO - Processing file /home/vladimir/.local/lib/python3.10/site-packages/airflow/example_dags/example_branch_labels.py for tasks to queue
[2023-04-27T19:01:24.262+0300] {logging_mixin.py:137} INFO - [2023-04-27T19:01:24.262+0300] {dagbag.py:532} INFO - Filling up the DagBag from /home/vladimir/.local/lib/python3.10/site-packages/airflow/example_dags/example_branch_labels.py
[2023-04-27T19:01:24.274+0300] {processor.py:753} INFO - DAG(s) dict_keys(['example_branch_labels']) retrieved from /home/vladimir/.local/lib/python3.10/site-packages/airflow/example_dags/example_branch_labels.py
[2023-04-27T19:01:24.288+0300] {logging_mixin.py:137} INFO - [2023-04-27T19:01:24.288+0300] {dag.py:2705} INFO - Sync 1 DAGs
[2023-04-27T19:01:24.309+0300] {logging_mixin.py:137} INFO - [2023-04-27T19:01:24.309+0300] {dag.py:3452} INFO - Setting next_dagrun for example_branch_labels to 2023-04-26T00:00:00+00:00, run_after=2023-04-27T00:00:00+00:00
[2023-04-27T19:01:24.322+0300] {processor.py:175} INFO - Processing /home/vladimir/.local/lib/python3.10/site-packages/airflow/example_dags/example_branch_labels.py took 0.068 seconds
