[2023-04-27T18:25:22.262+0300] {processor.py:153} INFO - Started process (PID=5713) to work on /home/vladimir/.local/lib/python3.10/site-packages/airflow/example_dags/example_trigger_controller_dag.py
[2023-04-27T18:25:22.276+0300] {processor.py:743} INFO - Processing file /home/vladimir/.local/lib/python3.10/site-packages/airflow/example_dags/example_trigger_controller_dag.py for tasks to queue
[2023-04-27T18:25:22.280+0300] {logging_mixin.py:137} INFO - [2023-04-27T18:25:22.280+0300] {dagbag.py:532} INFO - Filling up the DagBag from /home/vladimir/.local/lib/python3.10/site-packages/airflow/example_dags/example_trigger_controller_dag.py
[2023-04-27T18:25:22.338+0300] {processor.py:753} INFO - DAG(s) dict_keys(['example_trigger_controller_dag']) retrieved from /home/vladimir/.local/lib/python3.10/site-packages/airflow/example_dags/example_trigger_controller_dag.py
[2023-04-27T18:25:22.538+0300] {logging_mixin.py:137} INFO - [2023-04-27T18:25:22.538+0300] {manager.py:504} INFO - Created Permission View: can read on DAG:example_trigger_controller_dag
[2023-04-27T18:25:22.544+0300] {logging_mixin.py:137} INFO - [2023-04-27T18:25:22.544+0300] {manager.py:504} INFO - Created Permission View: can delete on DAG:example_trigger_controller_dag
[2023-04-27T18:25:22.552+0300] {logging_mixin.py:137} INFO - [2023-04-27T18:25:22.551+0300] {manager.py:504} INFO - Created Permission View: can edit on DAG:example_trigger_controller_dag
[2023-04-27T18:25:22.552+0300] {logging_mixin.py:137} INFO - [2023-04-27T18:25:22.552+0300] {dag.py:2705} INFO - Sync 1 DAGs
[2023-04-27T18:25:22.571+0300] {logging_mixin.py:137} INFO - [2023-04-27T18:25:22.570+0300] {dag.py:2726} INFO - Creating ORM DAG for example_trigger_controller_dag
[2023-04-27T18:25:22.589+0300] {logging_mixin.py:137} INFO - [2023-04-27T18:25:22.589+0300] {dag.py:3452} INFO - Setting next_dagrun for example_trigger_controller_dag to 2021-01-01T00:00:00+00:00, run_after=2021-01-01T00:00:00+00:00
[2023-04-27T18:25:22.666+0300] {processor.py:175} INFO - Processing /home/vladimir/.local/lib/python3.10/site-packages/airflow/example_dags/example_trigger_controller_dag.py took 0.447 seconds
[2023-04-27T18:26:17.100+0300] {processor.py:153} INFO - Started process (PID=5991) to work on /home/vladimir/.local/lib/python3.10/site-packages/airflow/example_dags/example_trigger_controller_dag.py
[2023-04-27T18:26:17.101+0300] {processor.py:743} INFO - Processing file /home/vladimir/.local/lib/python3.10/site-packages/airflow/example_dags/example_trigger_controller_dag.py for tasks to queue
[2023-04-27T18:26:17.102+0300] {logging_mixin.py:137} INFO - [2023-04-27T18:26:17.101+0300] {dagbag.py:532} INFO - Filling up the DagBag from /home/vladimir/.local/lib/python3.10/site-packages/airflow/example_dags/example_trigger_controller_dag.py
[2023-04-27T18:26:17.111+0300] {processor.py:753} INFO - DAG(s) dict_keys(['example_trigger_controller_dag']) retrieved from /home/vladimir/.local/lib/python3.10/site-packages/airflow/example_dags/example_trigger_controller_dag.py
[2023-04-27T18:26:17.124+0300] {logging_mixin.py:137} INFO - [2023-04-27T18:26:17.124+0300] {dag.py:2705} INFO - Sync 1 DAGs
[2023-04-27T18:26:17.135+0300] {logging_mixin.py:137} INFO - [2023-04-27T18:26:17.135+0300] {dag.py:3452} INFO - Setting next_dagrun for example_trigger_controller_dag to 2021-01-01T00:00:00+00:00, run_after=2021-01-01T00:00:00+00:00
[2023-04-27T18:26:17.149+0300] {processor.py:175} INFO - Processing /home/vladimir/.local/lib/python3.10/site-packages/airflow/example_dags/example_trigger_controller_dag.py took 0.051 seconds
[2023-04-27T18:26:59.312+0300] {processor.py:153} INFO - Started process (PID=6056) to work on /home/vladimir/.local/lib/python3.10/site-packages/airflow/example_dags/example_trigger_controller_dag.py
[2023-04-27T18:26:59.313+0300] {processor.py:743} INFO - Processing file /home/vladimir/.local/lib/python3.10/site-packages/airflow/example_dags/example_trigger_controller_dag.py for tasks to queue
[2023-04-27T18:26:59.313+0300] {logging_mixin.py:137} INFO - [2023-04-27T18:26:59.313+0300] {dagbag.py:532} INFO - Filling up the DagBag from /home/vladimir/.local/lib/python3.10/site-packages/airflow/example_dags/example_trigger_controller_dag.py
[2023-04-27T18:26:59.322+0300] {processor.py:753} INFO - DAG(s) dict_keys(['example_trigger_controller_dag']) retrieved from /home/vladimir/.local/lib/python3.10/site-packages/airflow/example_dags/example_trigger_controller_dag.py
[2023-04-27T18:26:59.335+0300] {logging_mixin.py:137} INFO - [2023-04-27T18:26:59.335+0300] {dag.py:2705} INFO - Sync 1 DAGs
[2023-04-27T18:26:59.347+0300] {logging_mixin.py:137} INFO - [2023-04-27T18:26:59.347+0300] {dag.py:3452} INFO - Setting next_dagrun for example_trigger_controller_dag to 2021-01-01T00:00:00+00:00, run_after=2021-01-01T00:00:00+00:00
[2023-04-27T18:26:59.360+0300] {processor.py:175} INFO - Processing /home/vladimir/.local/lib/python3.10/site-packages/airflow/example_dags/example_trigger_controller_dag.py took 0.050 seconds
[2023-04-27T18:27:41.544+0300] {processor.py:153} INFO - Started process (PID=6120) to work on /home/vladimir/.local/lib/python3.10/site-packages/airflow/example_dags/example_trigger_controller_dag.py
[2023-04-27T18:27:41.545+0300] {processor.py:743} INFO - Processing file /home/vladimir/.local/lib/python3.10/site-packages/airflow/example_dags/example_trigger_controller_dag.py for tasks to queue
[2023-04-27T18:27:41.545+0300] {logging_mixin.py:137} INFO - [2023-04-27T18:27:41.545+0300] {dagbag.py:532} INFO - Filling up the DagBag from /home/vladimir/.local/lib/python3.10/site-packages/airflow/example_dags/example_trigger_controller_dag.py
[2023-04-27T18:27:41.553+0300] {processor.py:753} INFO - DAG(s) dict_keys(['example_trigger_controller_dag']) retrieved from /home/vladimir/.local/lib/python3.10/site-packages/airflow/example_dags/example_trigger_controller_dag.py
[2023-04-27T18:27:41.567+0300] {logging_mixin.py:137} INFO - [2023-04-27T18:27:41.566+0300] {dag.py:2705} INFO - Sync 1 DAGs
[2023-04-27T18:27:41.579+0300] {logging_mixin.py:137} INFO - [2023-04-27T18:27:41.578+0300] {dag.py:3452} INFO - Setting next_dagrun for example_trigger_controller_dag to 2021-01-01T00:00:00+00:00, run_after=2021-01-01T00:00:00+00:00
[2023-04-27T18:27:41.593+0300] {processor.py:175} INFO - Processing /home/vladimir/.local/lib/python3.10/site-packages/airflow/example_dags/example_trigger_controller_dag.py took 0.052 seconds
[2023-04-27T18:28:25.512+0300] {processor.py:153} INFO - Started process (PID=6184) to work on /home/vladimir/.local/lib/python3.10/site-packages/airflow/example_dags/example_trigger_controller_dag.py
[2023-04-27T18:28:25.513+0300] {processor.py:743} INFO - Processing file /home/vladimir/.local/lib/python3.10/site-packages/airflow/example_dags/example_trigger_controller_dag.py for tasks to queue
[2023-04-27T18:28:25.513+0300] {logging_mixin.py:137} INFO - [2023-04-27T18:28:25.513+0300] {dagbag.py:532} INFO - Filling up the DagBag from /home/vladimir/.local/lib/python3.10/site-packages/airflow/example_dags/example_trigger_controller_dag.py
[2023-04-27T18:28:25.523+0300] {processor.py:753} INFO - DAG(s) dict_keys(['example_trigger_controller_dag']) retrieved from /home/vladimir/.local/lib/python3.10/site-packages/airflow/example_dags/example_trigger_controller_dag.py
[2023-04-27T18:28:25.538+0300] {logging_mixin.py:137} INFO - [2023-04-27T18:28:25.538+0300] {dag.py:2705} INFO - Sync 1 DAGs
[2023-04-27T18:28:25.551+0300] {logging_mixin.py:137} INFO - [2023-04-27T18:28:25.551+0300] {dag.py:3452} INFO - Setting next_dagrun for example_trigger_controller_dag to 2021-01-01T00:00:00+00:00, run_after=2021-01-01T00:00:00+00:00
[2023-04-27T18:28:25.565+0300] {processor.py:175} INFO - Processing /home/vladimir/.local/lib/python3.10/site-packages/airflow/example_dags/example_trigger_controller_dag.py took 0.055 seconds
[2023-04-27T18:29:05.488+0300] {processor.py:153} INFO - Started process (PID=6303) to work on /home/vladimir/.local/lib/python3.10/site-packages/airflow/example_dags/example_trigger_controller_dag.py
[2023-04-27T18:29:05.489+0300] {processor.py:743} INFO - Processing file /home/vladimir/.local/lib/python3.10/site-packages/airflow/example_dags/example_trigger_controller_dag.py for tasks to queue
[2023-04-27T18:29:05.489+0300] {logging_mixin.py:137} INFO - [2023-04-27T18:29:05.489+0300] {dagbag.py:532} INFO - Filling up the DagBag from /home/vladimir/.local/lib/python3.10/site-packages/airflow/example_dags/example_trigger_controller_dag.py
[2023-04-27T18:29:05.497+0300] {processor.py:753} INFO - DAG(s) dict_keys(['example_trigger_controller_dag']) retrieved from /home/vladimir/.local/lib/python3.10/site-packages/airflow/example_dags/example_trigger_controller_dag.py
[2023-04-27T18:29:05.510+0300] {logging_mixin.py:137} INFO - [2023-04-27T18:29:05.510+0300] {dag.py:2705} INFO - Sync 1 DAGs
[2023-04-27T18:29:05.523+0300] {logging_mixin.py:137} INFO - [2023-04-27T18:29:05.523+0300] {dag.py:3452} INFO - Setting next_dagrun for example_trigger_controller_dag to 2021-01-01T00:00:00+00:00, run_after=2021-01-01T00:00:00+00:00
[2023-04-27T18:29:05.536+0300] {processor.py:175} INFO - Processing /home/vladimir/.local/lib/python3.10/site-packages/airflow/example_dags/example_trigger_controller_dag.py took 0.050 seconds
[2023-04-27T18:29:43.581+0300] {processor.py:153} INFO - Started process (PID=6390) to work on /home/vladimir/.local/lib/python3.10/site-packages/airflow/example_dags/example_trigger_controller_dag.py
[2023-04-27T18:29:43.582+0300] {processor.py:743} INFO - Processing file /home/vladimir/.local/lib/python3.10/site-packages/airflow/example_dags/example_trigger_controller_dag.py for tasks to queue
[2023-04-27T18:29:43.583+0300] {logging_mixin.py:137} INFO - [2023-04-27T18:29:43.583+0300] {dagbag.py:532} INFO - Filling up the DagBag from /home/vladimir/.local/lib/python3.10/site-packages/airflow/example_dags/example_trigger_controller_dag.py
[2023-04-27T18:29:43.591+0300] {processor.py:753} INFO - DAG(s) dict_keys(['example_trigger_controller_dag']) retrieved from /home/vladimir/.local/lib/python3.10/site-packages/airflow/example_dags/example_trigger_controller_dag.py
[2023-04-27T18:29:43.607+0300] {logging_mixin.py:137} INFO - [2023-04-27T18:29:43.607+0300] {dag.py:2705} INFO - Sync 1 DAGs
[2023-04-27T18:29:43.621+0300] {logging_mixin.py:137} INFO - [2023-04-27T18:29:43.621+0300] {dag.py:3452} INFO - Setting next_dagrun for example_trigger_controller_dag to 2021-01-01T00:00:00+00:00, run_after=2021-01-01T00:00:00+00:00
[2023-04-27T18:29:43.633+0300] {processor.py:175} INFO - Processing /home/vladimir/.local/lib/python3.10/site-packages/airflow/example_dags/example_trigger_controller_dag.py took 0.054 seconds
[2023-04-27T18:30:19.812+0300] {processor.py:153} INFO - Started process (PID=6471) to work on /home/vladimir/.local/lib/python3.10/site-packages/airflow/example_dags/example_trigger_controller_dag.py
[2023-04-27T18:30:19.813+0300] {processor.py:743} INFO - Processing file /home/vladimir/.local/lib/python3.10/site-packages/airflow/example_dags/example_trigger_controller_dag.py for tasks to queue
[2023-04-27T18:30:19.813+0300] {logging_mixin.py:137} INFO - [2023-04-27T18:30:19.813+0300] {dagbag.py:532} INFO - Filling up the DagBag from /home/vladimir/.local/lib/python3.10/site-packages/airflow/example_dags/example_trigger_controller_dag.py
[2023-04-27T18:30:19.823+0300] {processor.py:753} INFO - DAG(s) dict_keys(['example_trigger_controller_dag']) retrieved from /home/vladimir/.local/lib/python3.10/site-packages/airflow/example_dags/example_trigger_controller_dag.py
[2023-04-27T18:30:19.837+0300] {logging_mixin.py:137} INFO - [2023-04-27T18:30:19.837+0300] {dag.py:2705} INFO - Sync 1 DAGs
[2023-04-27T18:30:19.852+0300] {logging_mixin.py:137} INFO - [2023-04-27T18:30:19.852+0300] {dag.py:3452} INFO - Setting next_dagrun for example_trigger_controller_dag to 2021-01-01T00:00:00+00:00, run_after=2021-01-01T00:00:00+00:00
[2023-04-27T18:30:19.867+0300] {processor.py:175} INFO - Processing /home/vladimir/.local/lib/python3.10/site-packages/airflow/example_dags/example_trigger_controller_dag.py took 0.057 seconds
[2023-04-27T18:30:55.817+0300] {processor.py:153} INFO - Started process (PID=6567) to work on /home/vladimir/.local/lib/python3.10/site-packages/airflow/example_dags/example_trigger_controller_dag.py
[2023-04-27T18:30:55.818+0300] {processor.py:743} INFO - Processing file /home/vladimir/.local/lib/python3.10/site-packages/airflow/example_dags/example_trigger_controller_dag.py for tasks to queue
[2023-04-27T18:30:55.819+0300] {logging_mixin.py:137} INFO - [2023-04-27T18:30:55.818+0300] {dagbag.py:532} INFO - Filling up the DagBag from /home/vladimir/.local/lib/python3.10/site-packages/airflow/example_dags/example_trigger_controller_dag.py
[2023-04-27T18:30:55.827+0300] {processor.py:753} INFO - DAG(s) dict_keys(['example_trigger_controller_dag']) retrieved from /home/vladimir/.local/lib/python3.10/site-packages/airflow/example_dags/example_trigger_controller_dag.py
[2023-04-27T18:30:55.840+0300] {logging_mixin.py:137} INFO - [2023-04-27T18:30:55.840+0300] {dag.py:2705} INFO - Sync 1 DAGs
[2023-04-27T18:30:55.852+0300] {logging_mixin.py:137} INFO - [2023-04-27T18:30:55.852+0300] {dag.py:3452} INFO - Setting next_dagrun for example_trigger_controller_dag to 2021-01-01T00:00:00+00:00, run_after=2021-01-01T00:00:00+00:00
[2023-04-27T18:30:55.865+0300] {processor.py:175} INFO - Processing /home/vladimir/.local/lib/python3.10/site-packages/airflow/example_dags/example_trigger_controller_dag.py took 0.050 seconds
[2023-04-27T18:31:33.732+0300] {processor.py:153} INFO - Started process (PID=6639) to work on /home/vladimir/.local/lib/python3.10/site-packages/airflow/example_dags/example_trigger_controller_dag.py
[2023-04-27T18:31:33.733+0300] {processor.py:743} INFO - Processing file /home/vladimir/.local/lib/python3.10/site-packages/airflow/example_dags/example_trigger_controller_dag.py for tasks to queue
[2023-04-27T18:31:33.734+0300] {logging_mixin.py:137} INFO - [2023-04-27T18:31:33.734+0300] {dagbag.py:532} INFO - Filling up the DagBag from /home/vladimir/.local/lib/python3.10/site-packages/airflow/example_dags/example_trigger_controller_dag.py
[2023-04-27T18:31:33.741+0300] {processor.py:753} INFO - DAG(s) dict_keys(['example_trigger_controller_dag']) retrieved from /home/vladimir/.local/lib/python3.10/site-packages/airflow/example_dags/example_trigger_controller_dag.py
[2023-04-27T18:31:33.754+0300] {logging_mixin.py:137} INFO - [2023-04-27T18:31:33.754+0300] {dag.py:2705} INFO - Sync 1 DAGs
[2023-04-27T18:31:33.765+0300] {logging_mixin.py:137} INFO - [2023-04-27T18:31:33.765+0300] {dag.py:3452} INFO - Setting next_dagrun for example_trigger_controller_dag to 2021-01-01T00:00:00+00:00, run_after=2021-01-01T00:00:00+00:00
[2023-04-27T18:31:33.778+0300] {processor.py:175} INFO - Processing /home/vladimir/.local/lib/python3.10/site-packages/airflow/example_dags/example_trigger_controller_dag.py took 0.048 seconds
[2023-04-27T18:32:13.905+0300] {processor.py:153} INFO - Started process (PID=6702) to work on /home/vladimir/.local/lib/python3.10/site-packages/airflow/example_dags/example_trigger_controller_dag.py
[2023-04-27T18:32:13.906+0300] {processor.py:743} INFO - Processing file /home/vladimir/.local/lib/python3.10/site-packages/airflow/example_dags/example_trigger_controller_dag.py for tasks to queue
[2023-04-27T18:32:13.907+0300] {logging_mixin.py:137} INFO - [2023-04-27T18:32:13.906+0300] {dagbag.py:532} INFO - Filling up the DagBag from /home/vladimir/.local/lib/python3.10/site-packages/airflow/example_dags/example_trigger_controller_dag.py
[2023-04-27T18:32:13.914+0300] {processor.py:753} INFO - DAG(s) dict_keys(['example_trigger_controller_dag']) retrieved from /home/vladimir/.local/lib/python3.10/site-packages/airflow/example_dags/example_trigger_controller_dag.py
[2023-04-27T18:32:13.927+0300] {logging_mixin.py:137} INFO - [2023-04-27T18:32:13.927+0300] {dag.py:2705} INFO - Sync 1 DAGs
[2023-04-27T18:32:13.939+0300] {logging_mixin.py:137} INFO - [2023-04-27T18:32:13.939+0300] {dag.py:3452} INFO - Setting next_dagrun for example_trigger_controller_dag to 2021-01-01T00:00:00+00:00, run_after=2021-01-01T00:00:00+00:00
[2023-04-27T18:32:13.951+0300] {processor.py:175} INFO - Processing /home/vladimir/.local/lib/python3.10/site-packages/airflow/example_dags/example_trigger_controller_dag.py took 0.048 seconds
[2023-04-27T18:32:49.871+0300] {processor.py:153} INFO - Started process (PID=6853) to work on /home/vladimir/.local/lib/python3.10/site-packages/airflow/example_dags/example_trigger_controller_dag.py
[2023-04-27T18:32:49.872+0300] {processor.py:743} INFO - Processing file /home/vladimir/.local/lib/python3.10/site-packages/airflow/example_dags/example_trigger_controller_dag.py for tasks to queue
[2023-04-27T18:32:49.873+0300] {logging_mixin.py:137} INFO - [2023-04-27T18:32:49.873+0300] {dagbag.py:532} INFO - Filling up the DagBag from /home/vladimir/.local/lib/python3.10/site-packages/airflow/example_dags/example_trigger_controller_dag.py
[2023-04-27T18:32:49.881+0300] {processor.py:753} INFO - DAG(s) dict_keys(['example_trigger_controller_dag']) retrieved from /home/vladimir/.local/lib/python3.10/site-packages/airflow/example_dags/example_trigger_controller_dag.py
[2023-04-27T18:32:49.894+0300] {logging_mixin.py:137} INFO - [2023-04-27T18:32:49.894+0300] {dag.py:2705} INFO - Sync 1 DAGs
[2023-04-27T18:32:49.906+0300] {logging_mixin.py:137} INFO - [2023-04-27T18:32:49.906+0300] {dag.py:3452} INFO - Setting next_dagrun for example_trigger_controller_dag to 2021-01-01T00:00:00+00:00, run_after=2021-01-01T00:00:00+00:00
[2023-04-27T18:32:49.920+0300] {processor.py:175} INFO - Processing /home/vladimir/.local/lib/python3.10/site-packages/airflow/example_dags/example_trigger_controller_dag.py took 0.052 seconds
[2023-04-27T18:33:26.954+0300] {processor.py:153} INFO - Started process (PID=6910) to work on /home/vladimir/.local/lib/python3.10/site-packages/airflow/example_dags/example_trigger_controller_dag.py
[2023-04-27T18:33:26.955+0300] {processor.py:743} INFO - Processing file /home/vladimir/.local/lib/python3.10/site-packages/airflow/example_dags/example_trigger_controller_dag.py for tasks to queue
[2023-04-27T18:33:26.955+0300] {logging_mixin.py:137} INFO - [2023-04-27T18:33:26.955+0300] {dagbag.py:532} INFO - Filling up the DagBag from /home/vladimir/.local/lib/python3.10/site-packages/airflow/example_dags/example_trigger_controller_dag.py
[2023-04-27T18:33:26.963+0300] {processor.py:753} INFO - DAG(s) dict_keys(['example_trigger_controller_dag']) retrieved from /home/vladimir/.local/lib/python3.10/site-packages/airflow/example_dags/example_trigger_controller_dag.py
[2023-04-27T18:33:26.977+0300] {logging_mixin.py:137} INFO - [2023-04-27T18:33:26.977+0300] {dag.py:2705} INFO - Sync 1 DAGs
[2023-04-27T18:33:26.993+0300] {logging_mixin.py:137} INFO - [2023-04-27T18:33:26.993+0300] {dag.py:3452} INFO - Setting next_dagrun for example_trigger_controller_dag to 2021-01-01T00:00:00+00:00, run_after=2021-01-01T00:00:00+00:00
[2023-04-27T18:33:27.006+0300] {processor.py:175} INFO - Processing /home/vladimir/.local/lib/python3.10/site-packages/airflow/example_dags/example_trigger_controller_dag.py took 0.054 seconds
[2023-04-27T18:34:08.196+0300] {processor.py:153} INFO - Started process (PID=6977) to work on /home/vladimir/.local/lib/python3.10/site-packages/airflow/example_dags/example_trigger_controller_dag.py
[2023-04-27T18:34:08.197+0300] {processor.py:743} INFO - Processing file /home/vladimir/.local/lib/python3.10/site-packages/airflow/example_dags/example_trigger_controller_dag.py for tasks to queue
[2023-04-27T18:34:08.198+0300] {logging_mixin.py:137} INFO - [2023-04-27T18:34:08.198+0300] {dagbag.py:532} INFO - Filling up the DagBag from /home/vladimir/.local/lib/python3.10/site-packages/airflow/example_dags/example_trigger_controller_dag.py
[2023-04-27T18:34:08.206+0300] {processor.py:753} INFO - DAG(s) dict_keys(['example_trigger_controller_dag']) retrieved from /home/vladimir/.local/lib/python3.10/site-packages/airflow/example_dags/example_trigger_controller_dag.py
[2023-04-27T18:34:08.221+0300] {logging_mixin.py:137} INFO - [2023-04-27T18:34:08.220+0300] {dag.py:2705} INFO - Sync 1 DAGs
[2023-04-27T18:34:08.232+0300] {logging_mixin.py:137} INFO - [2023-04-27T18:34:08.232+0300] {dag.py:3452} INFO - Setting next_dagrun for example_trigger_controller_dag to 2021-01-01T00:00:00+00:00, run_after=2021-01-01T00:00:00+00:00
[2023-04-27T18:34:08.245+0300] {processor.py:175} INFO - Processing /home/vladimir/.local/lib/python3.10/site-packages/airflow/example_dags/example_trigger_controller_dag.py took 0.051 seconds
[2023-04-27T18:34:56.020+0300] {processor.py:153} INFO - Started process (PID=7082) to work on /home/vladimir/.local/lib/python3.10/site-packages/airflow/example_dags/example_trigger_controller_dag.py
[2023-04-27T18:34:56.024+0300] {processor.py:743} INFO - Processing file /home/vladimir/.local/lib/python3.10/site-packages/airflow/example_dags/example_trigger_controller_dag.py for tasks to queue
[2023-04-27T18:34:56.024+0300] {logging_mixin.py:137} INFO - [2023-04-27T18:34:56.024+0300] {dagbag.py:532} INFO - Filling up the DagBag from /home/vladimir/.local/lib/python3.10/site-packages/airflow/example_dags/example_trigger_controller_dag.py
[2023-04-27T18:34:56.032+0300] {processor.py:753} INFO - DAG(s) dict_keys(['example_trigger_controller_dag']) retrieved from /home/vladimir/.local/lib/python3.10/site-packages/airflow/example_dags/example_trigger_controller_dag.py
[2023-04-27T18:34:56.044+0300] {logging_mixin.py:137} INFO - [2023-04-27T18:34:56.044+0300] {dag.py:2705} INFO - Sync 1 DAGs
[2023-04-27T18:34:56.056+0300] {logging_mixin.py:137} INFO - [2023-04-27T18:34:56.056+0300] {dag.py:3452} INFO - Setting next_dagrun for example_trigger_controller_dag to 2021-01-01T00:00:00+00:00, run_after=2021-01-01T00:00:00+00:00
[2023-04-27T18:34:56.067+0300] {processor.py:175} INFO - Processing /home/vladimir/.local/lib/python3.10/site-packages/airflow/example_dags/example_trigger_controller_dag.py took 0.050 seconds
[2023-04-27T18:35:42.426+0300] {processor.py:153} INFO - Started process (PID=7441) to work on /home/vladimir/.local/lib/python3.10/site-packages/airflow/example_dags/example_trigger_controller_dag.py
[2023-04-27T18:35:42.427+0300] {processor.py:743} INFO - Processing file /home/vladimir/.local/lib/python3.10/site-packages/airflow/example_dags/example_trigger_controller_dag.py for tasks to queue
[2023-04-27T18:35:42.428+0300] {logging_mixin.py:137} INFO - [2023-04-27T18:35:42.428+0300] {dagbag.py:532} INFO - Filling up the DagBag from /home/vladimir/.local/lib/python3.10/site-packages/airflow/example_dags/example_trigger_controller_dag.py
[2023-04-27T18:35:42.436+0300] {processor.py:753} INFO - DAG(s) dict_keys(['example_trigger_controller_dag']) retrieved from /home/vladimir/.local/lib/python3.10/site-packages/airflow/example_dags/example_trigger_controller_dag.py
[2023-04-27T18:35:42.449+0300] {logging_mixin.py:137} INFO - [2023-04-27T18:35:42.449+0300] {dag.py:2705} INFO - Sync 1 DAGs
[2023-04-27T18:35:42.460+0300] {logging_mixin.py:137} INFO - [2023-04-27T18:35:42.460+0300] {dag.py:3452} INFO - Setting next_dagrun for example_trigger_controller_dag to 2021-01-01T00:00:00+00:00, run_after=2021-01-01T00:00:00+00:00
[2023-04-27T18:35:42.474+0300] {processor.py:175} INFO - Processing /home/vladimir/.local/lib/python3.10/site-packages/airflow/example_dags/example_trigger_controller_dag.py took 0.050 seconds
[2023-04-27T18:36:19.949+0300] {processor.py:153} INFO - Started process (PID=7531) to work on /home/vladimir/.local/lib/python3.10/site-packages/airflow/example_dags/example_trigger_controller_dag.py
[2023-04-27T18:36:19.950+0300] {processor.py:743} INFO - Processing file /home/vladimir/.local/lib/python3.10/site-packages/airflow/example_dags/example_trigger_controller_dag.py for tasks to queue
[2023-04-27T18:36:19.951+0300] {logging_mixin.py:137} INFO - [2023-04-27T18:36:19.951+0300] {dagbag.py:532} INFO - Filling up the DagBag from /home/vladimir/.local/lib/python3.10/site-packages/airflow/example_dags/example_trigger_controller_dag.py
[2023-04-27T18:36:19.962+0300] {processor.py:753} INFO - DAG(s) dict_keys(['example_trigger_controller_dag']) retrieved from /home/vladimir/.local/lib/python3.10/site-packages/airflow/example_dags/example_trigger_controller_dag.py
[2023-04-27T18:36:19.980+0300] {logging_mixin.py:137} INFO - [2023-04-27T18:36:19.980+0300] {dag.py:2705} INFO - Sync 1 DAGs
[2023-04-27T18:36:19.992+0300] {logging_mixin.py:137} INFO - [2023-04-27T18:36:19.992+0300] {dag.py:3452} INFO - Setting next_dagrun for example_trigger_controller_dag to 2021-01-01T00:00:00+00:00, run_after=2021-01-01T00:00:00+00:00
[2023-04-27T18:36:20.008+0300] {processor.py:175} INFO - Processing /home/vladimir/.local/lib/python3.10/site-packages/airflow/example_dags/example_trigger_controller_dag.py took 0.062 seconds
[2023-04-27T18:37:07.345+0300] {processor.py:153} INFO - Started process (PID=7625) to work on /home/vladimir/.local/lib/python3.10/site-packages/airflow/example_dags/example_trigger_controller_dag.py
[2023-04-27T18:37:07.345+0300] {processor.py:743} INFO - Processing file /home/vladimir/.local/lib/python3.10/site-packages/airflow/example_dags/example_trigger_controller_dag.py for tasks to queue
[2023-04-27T18:37:07.346+0300] {logging_mixin.py:137} INFO - [2023-04-27T18:37:07.346+0300] {dagbag.py:532} INFO - Filling up the DagBag from /home/vladimir/.local/lib/python3.10/site-packages/airflow/example_dags/example_trigger_controller_dag.py
[2023-04-27T18:37:07.353+0300] {processor.py:753} INFO - DAG(s) dict_keys(['example_trigger_controller_dag']) retrieved from /home/vladimir/.local/lib/python3.10/site-packages/airflow/example_dags/example_trigger_controller_dag.py
[2023-04-27T18:37:07.367+0300] {logging_mixin.py:137} INFO - [2023-04-27T18:37:07.367+0300] {dag.py:2705} INFO - Sync 1 DAGs
[2023-04-27T18:37:07.379+0300] {logging_mixin.py:137} INFO - [2023-04-27T18:37:07.379+0300] {dag.py:3452} INFO - Setting next_dagrun for example_trigger_controller_dag to 2021-01-01T00:00:00+00:00, run_after=2021-01-01T00:00:00+00:00
[2023-04-27T18:37:07.392+0300] {processor.py:175} INFO - Processing /home/vladimir/.local/lib/python3.10/site-packages/airflow/example_dags/example_trigger_controller_dag.py took 0.050 seconds
[2023-04-27T18:37:45.641+0300] {processor.py:153} INFO - Started process (PID=7689) to work on /home/vladimir/.local/lib/python3.10/site-packages/airflow/example_dags/example_trigger_controller_dag.py
[2023-04-27T18:37:45.642+0300] {processor.py:743} INFO - Processing file /home/vladimir/.local/lib/python3.10/site-packages/airflow/example_dags/example_trigger_controller_dag.py for tasks to queue
[2023-04-27T18:37:45.642+0300] {logging_mixin.py:137} INFO - [2023-04-27T18:37:45.642+0300] {dagbag.py:532} INFO - Filling up the DagBag from /home/vladimir/.local/lib/python3.10/site-packages/airflow/example_dags/example_trigger_controller_dag.py
[2023-04-27T18:37:45.650+0300] {processor.py:753} INFO - DAG(s) dict_keys(['example_trigger_controller_dag']) retrieved from /home/vladimir/.local/lib/python3.10/site-packages/airflow/example_dags/example_trigger_controller_dag.py
[2023-04-27T18:37:45.663+0300] {logging_mixin.py:137} INFO - [2023-04-27T18:37:45.663+0300] {dag.py:2705} INFO - Sync 1 DAGs
[2023-04-27T18:37:45.675+0300] {logging_mixin.py:137} INFO - [2023-04-27T18:37:45.675+0300] {dag.py:3452} INFO - Setting next_dagrun for example_trigger_controller_dag to 2021-01-01T00:00:00+00:00, run_after=2021-01-01T00:00:00+00:00
[2023-04-27T18:37:45.688+0300] {processor.py:175} INFO - Processing /home/vladimir/.local/lib/python3.10/site-packages/airflow/example_dags/example_trigger_controller_dag.py took 0.049 seconds
[2023-04-27T18:38:31.496+0300] {processor.py:153} INFO - Started process (PID=8029) to work on /home/vladimir/.local/lib/python3.10/site-packages/airflow/example_dags/example_trigger_controller_dag.py
[2023-04-27T18:38:31.497+0300] {processor.py:743} INFO - Processing file /home/vladimir/.local/lib/python3.10/site-packages/airflow/example_dags/example_trigger_controller_dag.py for tasks to queue
[2023-04-27T18:38:31.498+0300] {logging_mixin.py:137} INFO - [2023-04-27T18:38:31.498+0300] {dagbag.py:532} INFO - Filling up the DagBag from /home/vladimir/.local/lib/python3.10/site-packages/airflow/example_dags/example_trigger_controller_dag.py
[2023-04-27T18:38:31.564+0300] {processor.py:753} INFO - DAG(s) dict_keys(['example_trigger_controller_dag']) retrieved from /home/vladimir/.local/lib/python3.10/site-packages/airflow/example_dags/example_trigger_controller_dag.py
[2023-04-27T18:38:31.631+0300] {logging_mixin.py:137} INFO - [2023-04-27T18:38:31.631+0300] {dag.py:2705} INFO - Sync 1 DAGs
[2023-04-27T18:38:31.670+0300] {logging_mixin.py:137} INFO - [2023-04-27T18:38:31.669+0300] {dag.py:3452} INFO - Setting next_dagrun for example_trigger_controller_dag to 2021-01-01T00:00:00+00:00, run_after=2021-01-01T00:00:00+00:00
[2023-04-27T18:38:31.693+0300] {processor.py:175} INFO - Processing /home/vladimir/.local/lib/python3.10/site-packages/airflow/example_dags/example_trigger_controller_dag.py took 0.255 seconds
[2023-04-27T18:39:10.690+0300] {processor.py:153} INFO - Started process (PID=8101) to work on /home/vladimir/.local/lib/python3.10/site-packages/airflow/example_dags/example_trigger_controller_dag.py
[2023-04-27T18:39:10.691+0300] {processor.py:743} INFO - Processing file /home/vladimir/.local/lib/python3.10/site-packages/airflow/example_dags/example_trigger_controller_dag.py for tasks to queue
[2023-04-27T18:39:10.692+0300] {logging_mixin.py:137} INFO - [2023-04-27T18:39:10.691+0300] {dagbag.py:532} INFO - Filling up the DagBag from /home/vladimir/.local/lib/python3.10/site-packages/airflow/example_dags/example_trigger_controller_dag.py
[2023-04-27T18:39:10.700+0300] {processor.py:753} INFO - DAG(s) dict_keys(['example_trigger_controller_dag']) retrieved from /home/vladimir/.local/lib/python3.10/site-packages/airflow/example_dags/example_trigger_controller_dag.py
[2023-04-27T18:39:10.713+0300] {logging_mixin.py:137} INFO - [2023-04-27T18:39:10.713+0300] {dag.py:2705} INFO - Sync 1 DAGs
[2023-04-27T18:39:10.726+0300] {logging_mixin.py:137} INFO - [2023-04-27T18:39:10.726+0300] {dag.py:3452} INFO - Setting next_dagrun for example_trigger_controller_dag to 2021-01-01T00:00:00+00:00, run_after=2021-01-01T00:00:00+00:00
[2023-04-27T18:39:10.738+0300] {processor.py:175} INFO - Processing /home/vladimir/.local/lib/python3.10/site-packages/airflow/example_dags/example_trigger_controller_dag.py took 0.050 seconds
[2023-04-27T18:39:48.937+0300] {processor.py:153} INFO - Started process (PID=8178) to work on /home/vladimir/.local/lib/python3.10/site-packages/airflow/example_dags/example_trigger_controller_dag.py
[2023-04-27T18:39:48.938+0300] {processor.py:743} INFO - Processing file /home/vladimir/.local/lib/python3.10/site-packages/airflow/example_dags/example_trigger_controller_dag.py for tasks to queue
[2023-04-27T18:39:48.938+0300] {logging_mixin.py:137} INFO - [2023-04-27T18:39:48.938+0300] {dagbag.py:532} INFO - Filling up the DagBag from /home/vladimir/.local/lib/python3.10/site-packages/airflow/example_dags/example_trigger_controller_dag.py
[2023-04-27T18:39:48.946+0300] {processor.py:753} INFO - DAG(s) dict_keys(['example_trigger_controller_dag']) retrieved from /home/vladimir/.local/lib/python3.10/site-packages/airflow/example_dags/example_trigger_controller_dag.py
[2023-04-27T18:39:48.960+0300] {logging_mixin.py:137} INFO - [2023-04-27T18:39:48.959+0300] {dag.py:2705} INFO - Sync 1 DAGs
[2023-04-27T18:39:48.972+0300] {logging_mixin.py:137} INFO - [2023-04-27T18:39:48.972+0300] {dag.py:3452} INFO - Setting next_dagrun for example_trigger_controller_dag to 2021-01-01T00:00:00+00:00, run_after=2021-01-01T00:00:00+00:00
[2023-04-27T18:39:48.983+0300] {processor.py:175} INFO - Processing /home/vladimir/.local/lib/python3.10/site-packages/airflow/example_dags/example_trigger_controller_dag.py took 0.049 seconds
[2023-04-27T18:40:27.086+0300] {processor.py:153} INFO - Started process (PID=8287) to work on /home/vladimir/.local/lib/python3.10/site-packages/airflow/example_dags/example_trigger_controller_dag.py
[2023-04-27T18:40:27.087+0300] {processor.py:743} INFO - Processing file /home/vladimir/.local/lib/python3.10/site-packages/airflow/example_dags/example_trigger_controller_dag.py for tasks to queue
[2023-04-27T18:40:27.088+0300] {logging_mixin.py:137} INFO - [2023-04-27T18:40:27.088+0300] {dagbag.py:532} INFO - Filling up the DagBag from /home/vladimir/.local/lib/python3.10/site-packages/airflow/example_dags/example_trigger_controller_dag.py
[2023-04-27T18:40:27.097+0300] {processor.py:753} INFO - DAG(s) dict_keys(['example_trigger_controller_dag']) retrieved from /home/vladimir/.local/lib/python3.10/site-packages/airflow/example_dags/example_trigger_controller_dag.py
[2023-04-27T18:40:27.111+0300] {logging_mixin.py:137} INFO - [2023-04-27T18:40:27.111+0300] {dag.py:2705} INFO - Sync 1 DAGs
[2023-04-27T18:40:27.124+0300] {logging_mixin.py:137} INFO - [2023-04-27T18:40:27.124+0300] {dag.py:3452} INFO - Setting next_dagrun for example_trigger_controller_dag to 2021-01-01T00:00:00+00:00, run_after=2021-01-01T00:00:00+00:00
[2023-04-27T18:40:27.145+0300] {processor.py:175} INFO - Processing /home/vladimir/.local/lib/python3.10/site-packages/airflow/example_dags/example_trigger_controller_dag.py took 0.061 seconds
[2023-04-27T18:41:17.771+0300] {processor.py:153} INFO - Started process (PID=3050) to work on /home/vladimir/.local/lib/python3.10/site-packages/airflow/example_dags/example_trigger_controller_dag.py
[2023-04-27T18:41:17.773+0300] {processor.py:743} INFO - Processing file /home/vladimir/.local/lib/python3.10/site-packages/airflow/example_dags/example_trigger_controller_dag.py for tasks to queue
[2023-04-27T18:41:17.773+0300] {logging_mixin.py:137} INFO - [2023-04-27T18:41:17.773+0300] {dagbag.py:532} INFO - Filling up the DagBag from /home/vladimir/.local/lib/python3.10/site-packages/airflow/example_dags/example_trigger_controller_dag.py
[2023-04-27T18:41:17.782+0300] {processor.py:753} INFO - DAG(s) dict_keys(['example_trigger_controller_dag']) retrieved from /home/vladimir/.local/lib/python3.10/site-packages/airflow/example_dags/example_trigger_controller_dag.py
[2023-04-27T18:41:17.798+0300] {logging_mixin.py:137} INFO - [2023-04-27T18:41:17.798+0300] {dag.py:2705} INFO - Sync 1 DAGs
[2023-04-27T18:41:17.818+0300] {logging_mixin.py:137} INFO - [2023-04-27T18:41:17.818+0300] {dag.py:3452} INFO - Setting next_dagrun for example_trigger_controller_dag to 2021-01-01T00:00:00+00:00, run_after=2021-01-01T00:00:00+00:00
[2023-04-27T18:41:17.835+0300] {processor.py:175} INFO - Processing /home/vladimir/.local/lib/python3.10/site-packages/airflow/example_dags/example_trigger_controller_dag.py took 0.066 seconds
[2023-04-27T18:41:59.188+0300] {processor.py:153} INFO - Started process (PID=3468) to work on /home/vladimir/.local/lib/python3.10/site-packages/airflow/example_dags/example_trigger_controller_dag.py
[2023-04-27T18:41:59.190+0300] {processor.py:743} INFO - Processing file /home/vladimir/.local/lib/python3.10/site-packages/airflow/example_dags/example_trigger_controller_dag.py for tasks to queue
[2023-04-27T18:41:59.191+0300] {logging_mixin.py:137} INFO - [2023-04-27T18:41:59.191+0300] {dagbag.py:532} INFO - Filling up the DagBag from /home/vladimir/.local/lib/python3.10/site-packages/airflow/example_dags/example_trigger_controller_dag.py
[2023-04-27T18:41:59.206+0300] {processor.py:753} INFO - DAG(s) dict_keys(['example_trigger_controller_dag']) retrieved from /home/vladimir/.local/lib/python3.10/site-packages/airflow/example_dags/example_trigger_controller_dag.py
[2023-04-27T18:41:59.223+0300] {logging_mixin.py:137} INFO - [2023-04-27T18:41:59.223+0300] {dag.py:2705} INFO - Sync 1 DAGs
[2023-04-27T18:41:59.239+0300] {logging_mixin.py:137} INFO - [2023-04-27T18:41:59.239+0300] {dag.py:3452} INFO - Setting next_dagrun for example_trigger_controller_dag to 2021-01-01T00:00:00+00:00, run_after=2021-01-01T00:00:00+00:00
[2023-04-27T18:41:59.255+0300] {processor.py:175} INFO - Processing /home/vladimir/.local/lib/python3.10/site-packages/airflow/example_dags/example_trigger_controller_dag.py took 0.069 seconds
[2023-04-27T18:42:41.513+0300] {processor.py:153} INFO - Started process (PID=4516) to work on /home/vladimir/.local/lib/python3.10/site-packages/airflow/example_dags/example_trigger_controller_dag.py
[2023-04-27T18:42:41.514+0300] {processor.py:743} INFO - Processing file /home/vladimir/.local/lib/python3.10/site-packages/airflow/example_dags/example_trigger_controller_dag.py for tasks to queue
[2023-04-27T18:42:41.515+0300] {logging_mixin.py:137} INFO - [2023-04-27T18:42:41.515+0300] {dagbag.py:532} INFO - Filling up the DagBag from /home/vladimir/.local/lib/python3.10/site-packages/airflow/example_dags/example_trigger_controller_dag.py
[2023-04-27T18:42:41.523+0300] {processor.py:753} INFO - DAG(s) dict_keys(['example_trigger_controller_dag']) retrieved from /home/vladimir/.local/lib/python3.10/site-packages/airflow/example_dags/example_trigger_controller_dag.py
[2023-04-27T18:42:41.537+0300] {logging_mixin.py:137} INFO - [2023-04-27T18:42:41.537+0300] {dag.py:2705} INFO - Sync 1 DAGs
[2023-04-27T18:42:41.549+0300] {logging_mixin.py:137} INFO - [2023-04-27T18:42:41.549+0300] {dag.py:3452} INFO - Setting next_dagrun for example_trigger_controller_dag to 2021-01-01T00:00:00+00:00, run_after=2021-01-01T00:00:00+00:00
[2023-04-27T18:42:41.564+0300] {processor.py:175} INFO - Processing /home/vladimir/.local/lib/python3.10/site-packages/airflow/example_dags/example_trigger_controller_dag.py took 0.052 seconds
[2023-04-27T18:43:20.308+0300] {processor.py:153} INFO - Started process (PID=5179) to work on /home/vladimir/.local/lib/python3.10/site-packages/airflow/example_dags/example_trigger_controller_dag.py
[2023-04-27T18:43:20.308+0300] {processor.py:743} INFO - Processing file /home/vladimir/.local/lib/python3.10/site-packages/airflow/example_dags/example_trigger_controller_dag.py for tasks to queue
[2023-04-27T18:43:20.309+0300] {logging_mixin.py:137} INFO - [2023-04-27T18:43:20.309+0300] {dagbag.py:532} INFO - Filling up the DagBag from /home/vladimir/.local/lib/python3.10/site-packages/airflow/example_dags/example_trigger_controller_dag.py
[2023-04-27T18:43:20.316+0300] {processor.py:753} INFO - DAG(s) dict_keys(['example_trigger_controller_dag']) retrieved from /home/vladimir/.local/lib/python3.10/site-packages/airflow/example_dags/example_trigger_controller_dag.py
[2023-04-27T18:43:20.330+0300] {logging_mixin.py:137} INFO - [2023-04-27T18:43:20.329+0300] {dag.py:2705} INFO - Sync 1 DAGs
[2023-04-27T18:43:20.342+0300] {logging_mixin.py:137} INFO - [2023-04-27T18:43:20.342+0300] {dag.py:3452} INFO - Setting next_dagrun for example_trigger_controller_dag to 2021-01-01T00:00:00+00:00, run_after=2021-01-01T00:00:00+00:00
[2023-04-27T18:43:20.354+0300] {processor.py:175} INFO - Processing /home/vladimir/.local/lib/python3.10/site-packages/airflow/example_dags/example_trigger_controller_dag.py took 0.049 seconds
[2023-04-27T18:44:00.315+0300] {processor.py:153} INFO - Started process (PID=7174) to work on /home/vladimir/.local/lib/python3.10/site-packages/airflow/example_dags/example_trigger_controller_dag.py
[2023-04-27T18:44:00.325+0300] {processor.py:743} INFO - Processing file /home/vladimir/.local/lib/python3.10/site-packages/airflow/example_dags/example_trigger_controller_dag.py for tasks to queue
[2023-04-27T18:44:00.326+0300] {logging_mixin.py:137} INFO - [2023-04-27T18:44:00.326+0300] {dagbag.py:532} INFO - Filling up the DagBag from /home/vladimir/.local/lib/python3.10/site-packages/airflow/example_dags/example_trigger_controller_dag.py
[2023-04-27T18:44:00.365+0300] {processor.py:753} INFO - DAG(s) dict_keys(['example_trigger_controller_dag']) retrieved from /home/vladimir/.local/lib/python3.10/site-packages/airflow/example_dags/example_trigger_controller_dag.py
[2023-04-27T18:44:00.415+0300] {logging_mixin.py:137} INFO - [2023-04-27T18:44:00.415+0300] {dag.py:2705} INFO - Sync 1 DAGs
[2023-04-27T18:44:00.436+0300] {logging_mixin.py:137} INFO - [2023-04-27T18:44:00.435+0300] {dag.py:3452} INFO - Setting next_dagrun for example_trigger_controller_dag to 2021-01-01T00:00:00+00:00, run_after=2021-01-01T00:00:00+00:00
[2023-04-27T18:44:00.447+0300] {processor.py:175} INFO - Processing /home/vladimir/.local/lib/python3.10/site-packages/airflow/example_dags/example_trigger_controller_dag.py took 0.139 seconds
[2023-04-27T18:44:43.431+0300] {processor.py:153} INFO - Started process (PID=9231) to work on /home/vladimir/.local/lib/python3.10/site-packages/airflow/example_dags/example_trigger_controller_dag.py
[2023-04-27T18:44:43.432+0300] {processor.py:743} INFO - Processing file /home/vladimir/.local/lib/python3.10/site-packages/airflow/example_dags/example_trigger_controller_dag.py for tasks to queue
[2023-04-27T18:44:43.432+0300] {logging_mixin.py:137} INFO - [2023-04-27T18:44:43.432+0300] {dagbag.py:532} INFO - Filling up the DagBag from /home/vladimir/.local/lib/python3.10/site-packages/airflow/example_dags/example_trigger_controller_dag.py
[2023-04-27T18:44:43.442+0300] {processor.py:753} INFO - DAG(s) dict_keys(['example_trigger_controller_dag']) retrieved from /home/vladimir/.local/lib/python3.10/site-packages/airflow/example_dags/example_trigger_controller_dag.py
[2023-04-27T18:44:43.457+0300] {logging_mixin.py:137} INFO - [2023-04-27T18:44:43.457+0300] {dag.py:2705} INFO - Sync 1 DAGs
[2023-04-27T18:44:43.472+0300] {logging_mixin.py:137} INFO - [2023-04-27T18:44:43.472+0300] {dag.py:3452} INFO - Setting next_dagrun for example_trigger_controller_dag to 2021-01-01T00:00:00+00:00, run_after=2021-01-01T00:00:00+00:00
[2023-04-27T18:44:43.487+0300] {processor.py:175} INFO - Processing /home/vladimir/.local/lib/python3.10/site-packages/airflow/example_dags/example_trigger_controller_dag.py took 0.058 seconds
[2023-04-27T18:45:22.049+0300] {processor.py:153} INFO - Started process (PID=10788) to work on /home/vladimir/.local/lib/python3.10/site-packages/airflow/example_dags/example_trigger_controller_dag.py
[2023-04-27T18:45:22.049+0300] {processor.py:743} INFO - Processing file /home/vladimir/.local/lib/python3.10/site-packages/airflow/example_dags/example_trigger_controller_dag.py for tasks to queue
[2023-04-27T18:45:22.050+0300] {logging_mixin.py:137} INFO - [2023-04-27T18:45:22.050+0300] {dagbag.py:532} INFO - Filling up the DagBag from /home/vladimir/.local/lib/python3.10/site-packages/airflow/example_dags/example_trigger_controller_dag.py
[2023-04-27T18:45:22.070+0300] {processor.py:753} INFO - DAG(s) dict_keys(['example_trigger_controller_dag']) retrieved from /home/vladimir/.local/lib/python3.10/site-packages/airflow/example_dags/example_trigger_controller_dag.py
[2023-04-27T18:45:22.097+0300] {logging_mixin.py:137} INFO - [2023-04-27T18:45:22.097+0300] {dag.py:2705} INFO - Sync 1 DAGs
[2023-04-27T18:45:22.123+0300] {logging_mixin.py:137} INFO - [2023-04-27T18:45:22.123+0300] {dag.py:3452} INFO - Setting next_dagrun for example_trigger_controller_dag to 2021-01-01T00:00:00+00:00, run_after=2021-01-01T00:00:00+00:00
[2023-04-27T18:45:22.153+0300] {processor.py:175} INFO - Processing /home/vladimir/.local/lib/python3.10/site-packages/airflow/example_dags/example_trigger_controller_dag.py took 0.111 seconds
[2023-04-27T18:46:12.332+0300] {processor.py:153} INFO - Started process (PID=18026) to work on /home/vladimir/.local/lib/python3.10/site-packages/airflow/example_dags/example_trigger_controller_dag.py
[2023-04-27T18:46:12.333+0300] {processor.py:743} INFO - Processing file /home/vladimir/.local/lib/python3.10/site-packages/airflow/example_dags/example_trigger_controller_dag.py for tasks to queue
[2023-04-27T18:46:12.333+0300] {logging_mixin.py:137} INFO - [2023-04-27T18:46:12.333+0300] {dagbag.py:532} INFO - Filling up the DagBag from /home/vladimir/.local/lib/python3.10/site-packages/airflow/example_dags/example_trigger_controller_dag.py
[2023-04-27T18:46:12.342+0300] {processor.py:753} INFO - DAG(s) dict_keys(['example_trigger_controller_dag']) retrieved from /home/vladimir/.local/lib/python3.10/site-packages/airflow/example_dags/example_trigger_controller_dag.py
[2023-04-27T18:46:12.357+0300] {logging_mixin.py:137} INFO - [2023-04-27T18:46:12.357+0300] {dag.py:2705} INFO - Sync 1 DAGs
[2023-04-27T18:46:12.369+0300] {logging_mixin.py:137} INFO - [2023-04-27T18:46:12.369+0300] {dag.py:3452} INFO - Setting next_dagrun for example_trigger_controller_dag to 2021-01-01T00:00:00+00:00, run_after=2021-01-01T00:00:00+00:00
[2023-04-27T18:46:12.380+0300] {processor.py:175} INFO - Processing /home/vladimir/.local/lib/python3.10/site-packages/airflow/example_dags/example_trigger_controller_dag.py took 0.050 seconds
[2023-04-27T18:46:53.779+0300] {processor.py:153} INFO - Started process (PID=2781) to work on /home/vladimir/.local/lib/python3.10/site-packages/airflow/example_dags/example_trigger_controller_dag.py
[2023-04-27T18:46:53.781+0300] {processor.py:743} INFO - Processing file /home/vladimir/.local/lib/python3.10/site-packages/airflow/example_dags/example_trigger_controller_dag.py for tasks to queue
[2023-04-27T18:46:53.781+0300] {logging_mixin.py:137} INFO - [2023-04-27T18:46:53.781+0300] {dagbag.py:532} INFO - Filling up the DagBag from /home/vladimir/.local/lib/python3.10/site-packages/airflow/example_dags/example_trigger_controller_dag.py
[2023-04-27T18:46:53.789+0300] {processor.py:753} INFO - DAG(s) dict_keys(['example_trigger_controller_dag']) retrieved from /home/vladimir/.local/lib/python3.10/site-packages/airflow/example_dags/example_trigger_controller_dag.py
[2023-04-27T18:46:53.806+0300] {logging_mixin.py:137} INFO - [2023-04-27T18:46:53.805+0300] {dag.py:2705} INFO - Sync 1 DAGs
[2023-04-27T18:46:53.820+0300] {logging_mixin.py:137} INFO - [2023-04-27T18:46:53.820+0300] {dag.py:3452} INFO - Setting next_dagrun for example_trigger_controller_dag to 2021-01-01T00:00:00+00:00, run_after=2021-01-01T00:00:00+00:00
[2023-04-27T18:46:53.834+0300] {processor.py:175} INFO - Processing /home/vladimir/.local/lib/python3.10/site-packages/airflow/example_dags/example_trigger_controller_dag.py took 0.057 seconds
[2023-04-27T18:47:36.227+0300] {processor.py:153} INFO - Started process (PID=3802) to work on /home/vladimir/.local/lib/python3.10/site-packages/airflow/example_dags/example_trigger_controller_dag.py
[2023-04-27T18:47:36.229+0300] {processor.py:743} INFO - Processing file /home/vladimir/.local/lib/python3.10/site-packages/airflow/example_dags/example_trigger_controller_dag.py for tasks to queue
[2023-04-27T18:47:36.229+0300] {logging_mixin.py:137} INFO - [2023-04-27T18:47:36.229+0300] {dagbag.py:532} INFO - Filling up the DagBag from /home/vladimir/.local/lib/python3.10/site-packages/airflow/example_dags/example_trigger_controller_dag.py
[2023-04-27T18:47:36.238+0300] {processor.py:753} INFO - DAG(s) dict_keys(['example_trigger_controller_dag']) retrieved from /home/vladimir/.local/lib/python3.10/site-packages/airflow/example_dags/example_trigger_controller_dag.py
[2023-04-27T18:47:36.255+0300] {logging_mixin.py:137} INFO - [2023-04-27T18:47:36.255+0300] {dag.py:2705} INFO - Sync 1 DAGs
[2023-04-27T18:47:36.270+0300] {logging_mixin.py:137} INFO - [2023-04-27T18:47:36.270+0300] {dag.py:3452} INFO - Setting next_dagrun for example_trigger_controller_dag to 2021-01-01T00:00:00+00:00, run_after=2021-01-01T00:00:00+00:00
[2023-04-27T18:47:36.283+0300] {processor.py:175} INFO - Processing /home/vladimir/.local/lib/python3.10/site-packages/airflow/example_dags/example_trigger_controller_dag.py took 0.058 seconds
[2023-04-27T18:48:16.144+0300] {processor.py:153} INFO - Started process (PID=4119) to work on /home/vladimir/.local/lib/python3.10/site-packages/airflow/example_dags/example_trigger_controller_dag.py
[2023-04-27T18:48:16.145+0300] {processor.py:743} INFO - Processing file /home/vladimir/.local/lib/python3.10/site-packages/airflow/example_dags/example_trigger_controller_dag.py for tasks to queue
[2023-04-27T18:48:16.145+0300] {logging_mixin.py:137} INFO - [2023-04-27T18:48:16.145+0300] {dagbag.py:532} INFO - Filling up the DagBag from /home/vladimir/.local/lib/python3.10/site-packages/airflow/example_dags/example_trigger_controller_dag.py
[2023-04-27T18:48:16.153+0300] {processor.py:753} INFO - DAG(s) dict_keys(['example_trigger_controller_dag']) retrieved from /home/vladimir/.local/lib/python3.10/site-packages/airflow/example_dags/example_trigger_controller_dag.py
[2023-04-27T18:48:16.170+0300] {logging_mixin.py:137} INFO - [2023-04-27T18:48:16.170+0300] {dag.py:2705} INFO - Sync 1 DAGs
[2023-04-27T18:48:16.187+0300] {logging_mixin.py:137} INFO - [2023-04-27T18:48:16.187+0300] {dag.py:3452} INFO - Setting next_dagrun for example_trigger_controller_dag to 2021-01-01T00:00:00+00:00, run_after=2021-01-01T00:00:00+00:00
[2023-04-27T18:48:16.203+0300] {processor.py:175} INFO - Processing /home/vladimir/.local/lib/python3.10/site-packages/airflow/example_dags/example_trigger_controller_dag.py took 0.061 seconds
[2023-04-27T18:48:58.486+0300] {processor.py:153} INFO - Started process (PID=4170) to work on /home/vladimir/.local/lib/python3.10/site-packages/airflow/example_dags/example_trigger_controller_dag.py
[2023-04-27T18:48:58.487+0300] {processor.py:743} INFO - Processing file /home/vladimir/.local/lib/python3.10/site-packages/airflow/example_dags/example_trigger_controller_dag.py for tasks to queue
[2023-04-27T18:48:58.487+0300] {logging_mixin.py:137} INFO - [2023-04-27T18:48:58.487+0300] {dagbag.py:532} INFO - Filling up the DagBag from /home/vladimir/.local/lib/python3.10/site-packages/airflow/example_dags/example_trigger_controller_dag.py
[2023-04-27T18:48:58.495+0300] {processor.py:753} INFO - DAG(s) dict_keys(['example_trigger_controller_dag']) retrieved from /home/vladimir/.local/lib/python3.10/site-packages/airflow/example_dags/example_trigger_controller_dag.py
[2023-04-27T18:48:58.508+0300] {logging_mixin.py:137} INFO - [2023-04-27T18:48:58.508+0300] {dag.py:2705} INFO - Sync 1 DAGs
[2023-04-27T18:48:58.521+0300] {logging_mixin.py:137} INFO - [2023-04-27T18:48:58.521+0300] {dag.py:3452} INFO - Setting next_dagrun for example_trigger_controller_dag to 2021-01-01T00:00:00+00:00, run_after=2021-01-01T00:00:00+00:00
[2023-04-27T18:48:58.533+0300] {processor.py:175} INFO - Processing /home/vladimir/.local/lib/python3.10/site-packages/airflow/example_dags/example_trigger_controller_dag.py took 0.049 seconds
[2023-04-27T18:49:43.001+0300] {processor.py:153} INFO - Started process (PID=4302) to work on /home/vladimir/.local/lib/python3.10/site-packages/airflow/example_dags/example_trigger_controller_dag.py
[2023-04-27T18:49:43.002+0300] {processor.py:743} INFO - Processing file /home/vladimir/.local/lib/python3.10/site-packages/airflow/example_dags/example_trigger_controller_dag.py for tasks to queue
[2023-04-27T18:49:43.003+0300] {logging_mixin.py:137} INFO - [2023-04-27T18:49:43.003+0300] {dagbag.py:532} INFO - Filling up the DagBag from /home/vladimir/.local/lib/python3.10/site-packages/airflow/example_dags/example_trigger_controller_dag.py
[2023-04-27T18:49:43.012+0300] {processor.py:753} INFO - DAG(s) dict_keys(['example_trigger_controller_dag']) retrieved from /home/vladimir/.local/lib/python3.10/site-packages/airflow/example_dags/example_trigger_controller_dag.py
[2023-04-27T18:49:43.026+0300] {logging_mixin.py:137} INFO - [2023-04-27T18:49:43.026+0300] {dag.py:2705} INFO - Sync 1 DAGs
[2023-04-27T18:49:43.040+0300] {logging_mixin.py:137} INFO - [2023-04-27T18:49:43.040+0300] {dag.py:3452} INFO - Setting next_dagrun for example_trigger_controller_dag to 2021-01-01T00:00:00+00:00, run_after=2021-01-01T00:00:00+00:00
[2023-04-27T18:49:43.060+0300] {processor.py:175} INFO - Processing /home/vladimir/.local/lib/python3.10/site-packages/airflow/example_dags/example_trigger_controller_dag.py took 0.060 seconds
[2023-04-27T18:50:23.534+0300] {processor.py:153} INFO - Started process (PID=4739) to work on /home/vladimir/.local/lib/python3.10/site-packages/airflow/example_dags/example_trigger_controller_dag.py
[2023-04-27T18:50:23.535+0300] {processor.py:743} INFO - Processing file /home/vladimir/.local/lib/python3.10/site-packages/airflow/example_dags/example_trigger_controller_dag.py for tasks to queue
[2023-04-27T18:50:23.536+0300] {logging_mixin.py:137} INFO - [2023-04-27T18:50:23.536+0300] {dagbag.py:532} INFO - Filling up the DagBag from /home/vladimir/.local/lib/python3.10/site-packages/airflow/example_dags/example_trigger_controller_dag.py
[2023-04-27T18:50:23.545+0300] {processor.py:753} INFO - DAG(s) dict_keys(['example_trigger_controller_dag']) retrieved from /home/vladimir/.local/lib/python3.10/site-packages/airflow/example_dags/example_trigger_controller_dag.py
[2023-04-27T18:50:23.560+0300] {logging_mixin.py:137} INFO - [2023-04-27T18:50:23.560+0300] {dag.py:2705} INFO - Sync 1 DAGs
[2023-04-27T18:50:23.571+0300] {logging_mixin.py:137} INFO - [2023-04-27T18:50:23.571+0300] {dag.py:3452} INFO - Setting next_dagrun for example_trigger_controller_dag to 2021-01-01T00:00:00+00:00, run_after=2021-01-01T00:00:00+00:00
[2023-04-27T18:50:23.584+0300] {processor.py:175} INFO - Processing /home/vladimir/.local/lib/python3.10/site-packages/airflow/example_dags/example_trigger_controller_dag.py took 0.052 seconds
[2023-04-27T18:50:57.016+0300] {processor.py:153} INFO - Started process (PID=5228) to work on /home/vladimir/.local/lib/python3.10/site-packages/airflow/example_dags/example_trigger_controller_dag.py
[2023-04-27T18:50:57.017+0300] {processor.py:743} INFO - Processing file /home/vladimir/.local/lib/python3.10/site-packages/airflow/example_dags/example_trigger_controller_dag.py for tasks to queue
[2023-04-27T18:50:57.018+0300] {logging_mixin.py:137} INFO - [2023-04-27T18:50:57.018+0300] {dagbag.py:532} INFO - Filling up the DagBag from /home/vladimir/.local/lib/python3.10/site-packages/airflow/example_dags/example_trigger_controller_dag.py
[2023-04-27T18:50:57.026+0300] {processor.py:753} INFO - DAG(s) dict_keys(['example_trigger_controller_dag']) retrieved from /home/vladimir/.local/lib/python3.10/site-packages/airflow/example_dags/example_trigger_controller_dag.py
[2023-04-27T18:50:57.040+0300] {logging_mixin.py:137} INFO - [2023-04-27T18:50:57.040+0300] {dag.py:2705} INFO - Sync 1 DAGs
[2023-04-27T18:50:57.051+0300] {logging_mixin.py:137} INFO - [2023-04-27T18:50:57.051+0300] {dag.py:3452} INFO - Setting next_dagrun for example_trigger_controller_dag to 2021-01-01T00:00:00+00:00, run_after=2021-01-01T00:00:00+00:00
[2023-04-27T18:50:57.064+0300] {processor.py:175} INFO - Processing /home/vladimir/.local/lib/python3.10/site-packages/airflow/example_dags/example_trigger_controller_dag.py took 0.050 seconds
[2023-04-27T18:51:36.715+0300] {processor.py:153} INFO - Started process (PID=5280) to work on /home/vladimir/.local/lib/python3.10/site-packages/airflow/example_dags/example_trigger_controller_dag.py
[2023-04-27T18:51:36.716+0300] {processor.py:743} INFO - Processing file /home/vladimir/.local/lib/python3.10/site-packages/airflow/example_dags/example_trigger_controller_dag.py for tasks to queue
[2023-04-27T18:51:36.717+0300] {logging_mixin.py:137} INFO - [2023-04-27T18:51:36.717+0300] {dagbag.py:532} INFO - Filling up the DagBag from /home/vladimir/.local/lib/python3.10/site-packages/airflow/example_dags/example_trigger_controller_dag.py
[2023-04-27T18:51:36.726+0300] {processor.py:753} INFO - DAG(s) dict_keys(['example_trigger_controller_dag']) retrieved from /home/vladimir/.local/lib/python3.10/site-packages/airflow/example_dags/example_trigger_controller_dag.py
[2023-04-27T18:51:36.739+0300] {logging_mixin.py:137} INFO - [2023-04-27T18:51:36.739+0300] {dag.py:2705} INFO - Sync 1 DAGs
[2023-04-27T18:51:36.751+0300] {logging_mixin.py:137} INFO - [2023-04-27T18:51:36.751+0300] {dag.py:3452} INFO - Setting next_dagrun for example_trigger_controller_dag to 2021-01-01T00:00:00+00:00, run_after=2021-01-01T00:00:00+00:00
[2023-04-27T18:51:36.763+0300] {processor.py:175} INFO - Processing /home/vladimir/.local/lib/python3.10/site-packages/airflow/example_dags/example_trigger_controller_dag.py took 0.050 seconds
[2023-04-27T18:52:17.413+0300] {processor.py:153} INFO - Started process (PID=5326) to work on /home/vladimir/.local/lib/python3.10/site-packages/airflow/example_dags/example_trigger_controller_dag.py
[2023-04-27T18:52:17.414+0300] {processor.py:743} INFO - Processing file /home/vladimir/.local/lib/python3.10/site-packages/airflow/example_dags/example_trigger_controller_dag.py for tasks to queue
[2023-04-27T18:52:17.414+0300] {logging_mixin.py:137} INFO - [2023-04-27T18:52:17.414+0300] {dagbag.py:532} INFO - Filling up the DagBag from /home/vladimir/.local/lib/python3.10/site-packages/airflow/example_dags/example_trigger_controller_dag.py
[2023-04-27T18:52:17.422+0300] {processor.py:753} INFO - DAG(s) dict_keys(['example_trigger_controller_dag']) retrieved from /home/vladimir/.local/lib/python3.10/site-packages/airflow/example_dags/example_trigger_controller_dag.py
[2023-04-27T18:52:17.435+0300] {logging_mixin.py:137} INFO - [2023-04-27T18:52:17.435+0300] {dag.py:2705} INFO - Sync 1 DAGs
[2023-04-27T18:52:17.447+0300] {logging_mixin.py:137} INFO - [2023-04-27T18:52:17.447+0300] {dag.py:3452} INFO - Setting next_dagrun for example_trigger_controller_dag to 2021-01-01T00:00:00+00:00, run_after=2021-01-01T00:00:00+00:00
[2023-04-27T18:52:17.460+0300] {processor.py:175} INFO - Processing /home/vladimir/.local/lib/python3.10/site-packages/airflow/example_dags/example_trigger_controller_dag.py took 0.050 seconds
[2023-04-27T18:52:56.282+0300] {processor.py:153} INFO - Started process (PID=5366) to work on /home/vladimir/.local/lib/python3.10/site-packages/airflow/example_dags/example_trigger_controller_dag.py
[2023-04-27T18:52:56.283+0300] {processor.py:743} INFO - Processing file /home/vladimir/.local/lib/python3.10/site-packages/airflow/example_dags/example_trigger_controller_dag.py for tasks to queue
[2023-04-27T18:52:56.283+0300] {logging_mixin.py:137} INFO - [2023-04-27T18:52:56.283+0300] {dagbag.py:532} INFO - Filling up the DagBag from /home/vladimir/.local/lib/python3.10/site-packages/airflow/example_dags/example_trigger_controller_dag.py
[2023-04-27T18:52:56.292+0300] {processor.py:753} INFO - DAG(s) dict_keys(['example_trigger_controller_dag']) retrieved from /home/vladimir/.local/lib/python3.10/site-packages/airflow/example_dags/example_trigger_controller_dag.py
[2023-04-27T18:52:56.305+0300] {logging_mixin.py:137} INFO - [2023-04-27T18:52:56.305+0300] {dag.py:2705} INFO - Sync 1 DAGs
[2023-04-27T18:52:56.317+0300] {logging_mixin.py:137} INFO - [2023-04-27T18:52:56.317+0300] {dag.py:3452} INFO - Setting next_dagrun for example_trigger_controller_dag to 2021-01-01T00:00:00+00:00, run_after=2021-01-01T00:00:00+00:00
[2023-04-27T18:52:56.330+0300] {processor.py:175} INFO - Processing /home/vladimir/.local/lib/python3.10/site-packages/airflow/example_dags/example_trigger_controller_dag.py took 0.050 seconds
[2023-04-27T18:53:38.523+0300] {processor.py:153} INFO - Started process (PID=5556) to work on /home/vladimir/.local/lib/python3.10/site-packages/airflow/example_dags/example_trigger_controller_dag.py
[2023-04-27T18:53:38.524+0300] {processor.py:743} INFO - Processing file /home/vladimir/.local/lib/python3.10/site-packages/airflow/example_dags/example_trigger_controller_dag.py for tasks to queue
[2023-04-27T18:53:38.525+0300] {logging_mixin.py:137} INFO - [2023-04-27T18:53:38.525+0300] {dagbag.py:532} INFO - Filling up the DagBag from /home/vladimir/.local/lib/python3.10/site-packages/airflow/example_dags/example_trigger_controller_dag.py
[2023-04-27T18:53:38.533+0300] {processor.py:753} INFO - DAG(s) dict_keys(['example_trigger_controller_dag']) retrieved from /home/vladimir/.local/lib/python3.10/site-packages/airflow/example_dags/example_trigger_controller_dag.py
[2023-04-27T18:53:38.546+0300] {logging_mixin.py:137} INFO - [2023-04-27T18:53:38.546+0300] {dag.py:2705} INFO - Sync 1 DAGs
[2023-04-27T18:53:38.561+0300] {logging_mixin.py:137} INFO - [2023-04-27T18:53:38.561+0300] {dag.py:3452} INFO - Setting next_dagrun for example_trigger_controller_dag to 2021-01-01T00:00:00+00:00, run_after=2021-01-01T00:00:00+00:00
[2023-04-27T18:53:38.574+0300] {processor.py:175} INFO - Processing /home/vladimir/.local/lib/python3.10/site-packages/airflow/example_dags/example_trigger_controller_dag.py took 0.053 seconds
[2023-04-27T18:54:13.541+0300] {processor.py:153} INFO - Started process (PID=5594) to work on /home/vladimir/.local/lib/python3.10/site-packages/airflow/example_dags/example_trigger_controller_dag.py
[2023-04-27T18:54:13.542+0300] {processor.py:743} INFO - Processing file /home/vladimir/.local/lib/python3.10/site-packages/airflow/example_dags/example_trigger_controller_dag.py for tasks to queue
[2023-04-27T18:54:13.542+0300] {logging_mixin.py:137} INFO - [2023-04-27T18:54:13.542+0300] {dagbag.py:532} INFO - Filling up the DagBag from /home/vladimir/.local/lib/python3.10/site-packages/airflow/example_dags/example_trigger_controller_dag.py
[2023-04-27T18:54:13.555+0300] {processor.py:753} INFO - DAG(s) dict_keys(['example_trigger_controller_dag']) retrieved from /home/vladimir/.local/lib/python3.10/site-packages/airflow/example_dags/example_trigger_controller_dag.py
[2023-04-27T18:54:13.568+0300] {logging_mixin.py:137} INFO - [2023-04-27T18:54:13.568+0300] {dag.py:2705} INFO - Sync 1 DAGs
[2023-04-27T18:54:13.580+0300] {logging_mixin.py:137} INFO - [2023-04-27T18:54:13.580+0300] {dag.py:3452} INFO - Setting next_dagrun for example_trigger_controller_dag to 2021-01-01T00:00:00+00:00, run_after=2021-01-01T00:00:00+00:00
[2023-04-27T18:54:13.591+0300] {processor.py:175} INFO - Processing /home/vladimir/.local/lib/python3.10/site-packages/airflow/example_dags/example_trigger_controller_dag.py took 0.053 seconds
[2023-04-27T18:54:50.668+0300] {processor.py:153} INFO - Started process (PID=5638) to work on /home/vladimir/.local/lib/python3.10/site-packages/airflow/example_dags/example_trigger_controller_dag.py
[2023-04-27T18:54:50.669+0300] {processor.py:743} INFO - Processing file /home/vladimir/.local/lib/python3.10/site-packages/airflow/example_dags/example_trigger_controller_dag.py for tasks to queue
[2023-04-27T18:54:50.670+0300] {logging_mixin.py:137} INFO - [2023-04-27T18:54:50.670+0300] {dagbag.py:532} INFO - Filling up the DagBag from /home/vladimir/.local/lib/python3.10/site-packages/airflow/example_dags/example_trigger_controller_dag.py
[2023-04-27T18:54:50.679+0300] {processor.py:753} INFO - DAG(s) dict_keys(['example_trigger_controller_dag']) retrieved from /home/vladimir/.local/lib/python3.10/site-packages/airflow/example_dags/example_trigger_controller_dag.py
[2023-04-27T18:54:50.693+0300] {logging_mixin.py:137} INFO - [2023-04-27T18:54:50.693+0300] {dag.py:2705} INFO - Sync 1 DAGs
[2023-04-27T18:54:50.704+0300] {logging_mixin.py:137} INFO - [2023-04-27T18:54:50.704+0300] {dag.py:3452} INFO - Setting next_dagrun for example_trigger_controller_dag to 2021-01-01T00:00:00+00:00, run_after=2021-01-01T00:00:00+00:00
[2023-04-27T18:54:50.717+0300] {processor.py:175} INFO - Processing /home/vladimir/.local/lib/python3.10/site-packages/airflow/example_dags/example_trigger_controller_dag.py took 0.050 seconds
[2023-04-27T18:55:27.319+0300] {processor.py:153} INFO - Started process (PID=5682) to work on /home/vladimir/.local/lib/python3.10/site-packages/airflow/example_dags/example_trigger_controller_dag.py
[2023-04-27T18:55:27.320+0300] {processor.py:743} INFO - Processing file /home/vladimir/.local/lib/python3.10/site-packages/airflow/example_dags/example_trigger_controller_dag.py for tasks to queue
[2023-04-27T18:55:27.321+0300] {logging_mixin.py:137} INFO - [2023-04-27T18:55:27.321+0300] {dagbag.py:532} INFO - Filling up the DagBag from /home/vladimir/.local/lib/python3.10/site-packages/airflow/example_dags/example_trigger_controller_dag.py
[2023-04-27T18:55:27.329+0300] {processor.py:753} INFO - DAG(s) dict_keys(['example_trigger_controller_dag']) retrieved from /home/vladimir/.local/lib/python3.10/site-packages/airflow/example_dags/example_trigger_controller_dag.py
[2023-04-27T18:55:27.343+0300] {logging_mixin.py:137} INFO - [2023-04-27T18:55:27.342+0300] {dag.py:2705} INFO - Sync 1 DAGs
[2023-04-27T18:55:27.354+0300] {logging_mixin.py:137} INFO - [2023-04-27T18:55:27.354+0300] {dag.py:3452} INFO - Setting next_dagrun for example_trigger_controller_dag to 2021-01-01T00:00:00+00:00, run_after=2021-01-01T00:00:00+00:00
[2023-04-27T18:55:27.365+0300] {processor.py:175} INFO - Processing /home/vladimir/.local/lib/python3.10/site-packages/airflow/example_dags/example_trigger_controller_dag.py took 0.048 seconds
[2023-04-27T18:56:02.545+0300] {processor.py:153} INFO - Started process (PID=5725) to work on /home/vladimir/.local/lib/python3.10/site-packages/airflow/example_dags/example_trigger_controller_dag.py
[2023-04-27T18:56:02.546+0300] {processor.py:743} INFO - Processing file /home/vladimir/.local/lib/python3.10/site-packages/airflow/example_dags/example_trigger_controller_dag.py for tasks to queue
[2023-04-27T18:56:02.546+0300] {logging_mixin.py:137} INFO - [2023-04-27T18:56:02.546+0300] {dagbag.py:532} INFO - Filling up the DagBag from /home/vladimir/.local/lib/python3.10/site-packages/airflow/example_dags/example_trigger_controller_dag.py
[2023-04-27T18:56:02.554+0300] {processor.py:753} INFO - DAG(s) dict_keys(['example_trigger_controller_dag']) retrieved from /home/vladimir/.local/lib/python3.10/site-packages/airflow/example_dags/example_trigger_controller_dag.py
[2023-04-27T18:56:02.567+0300] {logging_mixin.py:137} INFO - [2023-04-27T18:56:02.567+0300] {dag.py:2705} INFO - Sync 1 DAGs
[2023-04-27T18:56:02.578+0300] {logging_mixin.py:137} INFO - [2023-04-27T18:56:02.578+0300] {dag.py:3452} INFO - Setting next_dagrun for example_trigger_controller_dag to 2021-01-01T00:00:00+00:00, run_after=2021-01-01T00:00:00+00:00
[2023-04-27T18:56:02.590+0300] {processor.py:175} INFO - Processing /home/vladimir/.local/lib/python3.10/site-packages/airflow/example_dags/example_trigger_controller_dag.py took 0.049 seconds
[2023-04-27T18:56:44.799+0300] {processor.py:153} INFO - Started process (PID=6636) to work on /home/vladimir/.local/lib/python3.10/site-packages/airflow/example_dags/example_trigger_controller_dag.py
[2023-04-27T18:56:44.800+0300] {processor.py:743} INFO - Processing file /home/vladimir/.local/lib/python3.10/site-packages/airflow/example_dags/example_trigger_controller_dag.py for tasks to queue
[2023-04-27T18:56:44.801+0300] {logging_mixin.py:137} INFO - [2023-04-27T18:56:44.801+0300] {dagbag.py:532} INFO - Filling up the DagBag from /home/vladimir/.local/lib/python3.10/site-packages/airflow/example_dags/example_trigger_controller_dag.py
[2023-04-27T18:56:44.809+0300] {processor.py:753} INFO - DAG(s) dict_keys(['example_trigger_controller_dag']) retrieved from /home/vladimir/.local/lib/python3.10/site-packages/airflow/example_dags/example_trigger_controller_dag.py
[2023-04-27T18:56:44.822+0300] {logging_mixin.py:137} INFO - [2023-04-27T18:56:44.822+0300] {dag.py:2705} INFO - Sync 1 DAGs
[2023-04-27T18:56:44.834+0300] {logging_mixin.py:137} INFO - [2023-04-27T18:56:44.834+0300] {dag.py:3452} INFO - Setting next_dagrun for example_trigger_controller_dag to 2021-01-01T00:00:00+00:00, run_after=2021-01-01T00:00:00+00:00
[2023-04-27T18:56:44.846+0300] {processor.py:175} INFO - Processing /home/vladimir/.local/lib/python3.10/site-packages/airflow/example_dags/example_trigger_controller_dag.py took 0.049 seconds
[2023-04-27T18:57:23.560+0300] {processor.py:153} INFO - Started process (PID=6700) to work on /home/vladimir/.local/lib/python3.10/site-packages/airflow/example_dags/example_trigger_controller_dag.py
[2023-04-27T18:57:23.561+0300] {processor.py:743} INFO - Processing file /home/vladimir/.local/lib/python3.10/site-packages/airflow/example_dags/example_trigger_controller_dag.py for tasks to queue
[2023-04-27T18:57:23.561+0300] {logging_mixin.py:137} INFO - [2023-04-27T18:57:23.561+0300] {dagbag.py:532} INFO - Filling up the DagBag from /home/vladimir/.local/lib/python3.10/site-packages/airflow/example_dags/example_trigger_controller_dag.py
[2023-04-27T18:57:23.569+0300] {processor.py:753} INFO - DAG(s) dict_keys(['example_trigger_controller_dag']) retrieved from /home/vladimir/.local/lib/python3.10/site-packages/airflow/example_dags/example_trigger_controller_dag.py
[2023-04-27T18:57:23.582+0300] {logging_mixin.py:137} INFO - [2023-04-27T18:57:23.582+0300] {dag.py:2705} INFO - Sync 1 DAGs
[2023-04-27T18:57:23.596+0300] {logging_mixin.py:137} INFO - [2023-04-27T18:57:23.596+0300] {dag.py:3452} INFO - Setting next_dagrun for example_trigger_controller_dag to 2021-01-01T00:00:00+00:00, run_after=2021-01-01T00:00:00+00:00
[2023-04-27T18:57:23.610+0300] {processor.py:175} INFO - Processing /home/vladimir/.local/lib/python3.10/site-packages/airflow/example_dags/example_trigger_controller_dag.py took 0.052 seconds
[2023-04-27T18:58:02.498+0300] {processor.py:153} INFO - Started process (PID=6769) to work on /home/vladimir/.local/lib/python3.10/site-packages/airflow/example_dags/example_trigger_controller_dag.py
[2023-04-27T18:58:02.499+0300] {processor.py:743} INFO - Processing file /home/vladimir/.local/lib/python3.10/site-packages/airflow/example_dags/example_trigger_controller_dag.py for tasks to queue
[2023-04-27T18:58:02.501+0300] {logging_mixin.py:137} INFO - [2023-04-27T18:58:02.501+0300] {dagbag.py:532} INFO - Filling up the DagBag from /home/vladimir/.local/lib/python3.10/site-packages/airflow/example_dags/example_trigger_controller_dag.py
[2023-04-27T18:58:02.509+0300] {processor.py:753} INFO - DAG(s) dict_keys(['example_trigger_controller_dag']) retrieved from /home/vladimir/.local/lib/python3.10/site-packages/airflow/example_dags/example_trigger_controller_dag.py
[2023-04-27T18:58:02.521+0300] {logging_mixin.py:137} INFO - [2023-04-27T18:58:02.521+0300] {dag.py:2705} INFO - Sync 1 DAGs
[2023-04-27T18:58:02.534+0300] {logging_mixin.py:137} INFO - [2023-04-27T18:58:02.533+0300] {dag.py:3452} INFO - Setting next_dagrun for example_trigger_controller_dag to 2021-01-01T00:00:00+00:00, run_after=2021-01-01T00:00:00+00:00
[2023-04-27T18:58:02.544+0300] {processor.py:175} INFO - Processing /home/vladimir/.local/lib/python3.10/site-packages/airflow/example_dags/example_trigger_controller_dag.py took 0.049 seconds
[2023-04-27T18:58:45.836+0300] {processor.py:153} INFO - Started process (PID=6854) to work on /home/vladimir/.local/lib/python3.10/site-packages/airflow/example_dags/example_trigger_controller_dag.py
[2023-04-27T18:58:45.837+0300] {processor.py:743} INFO - Processing file /home/vladimir/.local/lib/python3.10/site-packages/airflow/example_dags/example_trigger_controller_dag.py for tasks to queue
[2023-04-27T18:58:45.837+0300] {logging_mixin.py:137} INFO - [2023-04-27T18:58:45.837+0300] {dagbag.py:532} INFO - Filling up the DagBag from /home/vladimir/.local/lib/python3.10/site-packages/airflow/example_dags/example_trigger_controller_dag.py
[2023-04-27T18:58:45.847+0300] {processor.py:753} INFO - DAG(s) dict_keys(['example_trigger_controller_dag']) retrieved from /home/vladimir/.local/lib/python3.10/site-packages/airflow/example_dags/example_trigger_controller_dag.py
[2023-04-27T18:58:45.876+0300] {logging_mixin.py:137} INFO - [2023-04-27T18:58:45.875+0300] {dag.py:2705} INFO - Sync 1 DAGs
[2023-04-27T18:58:45.891+0300] {logging_mixin.py:137} INFO - [2023-04-27T18:58:45.891+0300] {dag.py:3452} INFO - Setting next_dagrun for example_trigger_controller_dag to 2021-01-01T00:00:00+00:00, run_after=2021-01-01T00:00:00+00:00
[2023-04-27T18:58:45.906+0300] {processor.py:175} INFO - Processing /home/vladimir/.local/lib/python3.10/site-packages/airflow/example_dags/example_trigger_controller_dag.py took 0.079 seconds
[2023-04-27T18:59:23.045+0300] {processor.py:153} INFO - Started process (PID=6921) to work on /home/vladimir/.local/lib/python3.10/site-packages/airflow/example_dags/example_trigger_controller_dag.py
[2023-04-27T18:59:23.046+0300] {processor.py:743} INFO - Processing file /home/vladimir/.local/lib/python3.10/site-packages/airflow/example_dags/example_trigger_controller_dag.py for tasks to queue
[2023-04-27T18:59:23.047+0300] {logging_mixin.py:137} INFO - [2023-04-27T18:59:23.047+0300] {dagbag.py:532} INFO - Filling up the DagBag from /home/vladimir/.local/lib/python3.10/site-packages/airflow/example_dags/example_trigger_controller_dag.py
[2023-04-27T18:59:23.055+0300] {processor.py:753} INFO - DAG(s) dict_keys(['example_trigger_controller_dag']) retrieved from /home/vladimir/.local/lib/python3.10/site-packages/airflow/example_dags/example_trigger_controller_dag.py
[2023-04-27T18:59:23.069+0300] {logging_mixin.py:137} INFO - [2023-04-27T18:59:23.069+0300] {dag.py:2705} INFO - Sync 1 DAGs
[2023-04-27T18:59:23.081+0300] {logging_mixin.py:137} INFO - [2023-04-27T18:59:23.080+0300] {dag.py:3452} INFO - Setting next_dagrun for example_trigger_controller_dag to 2021-01-01T00:00:00+00:00, run_after=2021-01-01T00:00:00+00:00
[2023-04-27T18:59:23.094+0300] {processor.py:175} INFO - Processing /home/vladimir/.local/lib/python3.10/site-packages/airflow/example_dags/example_trigger_controller_dag.py took 0.051 seconds
[2023-04-27T19:00:05.116+0300] {processor.py:153} INFO - Started process (PID=6992) to work on /home/vladimir/.local/lib/python3.10/site-packages/airflow/example_dags/example_trigger_controller_dag.py
[2023-04-27T19:00:05.118+0300] {processor.py:743} INFO - Processing file /home/vladimir/.local/lib/python3.10/site-packages/airflow/example_dags/example_trigger_controller_dag.py for tasks to queue
[2023-04-27T19:00:05.118+0300] {logging_mixin.py:137} INFO - [2023-04-27T19:00:05.118+0300] {dagbag.py:532} INFO - Filling up the DagBag from /home/vladimir/.local/lib/python3.10/site-packages/airflow/example_dags/example_trigger_controller_dag.py
[2023-04-27T19:00:05.127+0300] {processor.py:753} INFO - DAG(s) dict_keys(['example_trigger_controller_dag']) retrieved from /home/vladimir/.local/lib/python3.10/site-packages/airflow/example_dags/example_trigger_controller_dag.py
[2023-04-27T19:00:05.141+0300] {logging_mixin.py:137} INFO - [2023-04-27T19:00:05.141+0300] {dag.py:2705} INFO - Sync 1 DAGs
[2023-04-27T19:00:05.153+0300] {logging_mixin.py:137} INFO - [2023-04-27T19:00:05.153+0300] {dag.py:3452} INFO - Setting next_dagrun for example_trigger_controller_dag to 2021-01-01T00:00:00+00:00, run_after=2021-01-01T00:00:00+00:00
[2023-04-27T19:00:05.166+0300] {processor.py:175} INFO - Processing /home/vladimir/.local/lib/python3.10/site-packages/airflow/example_dags/example_trigger_controller_dag.py took 0.052 seconds
[2023-04-27T19:00:43.044+0300] {processor.py:153} INFO - Started process (PID=7090) to work on /home/vladimir/.local/lib/python3.10/site-packages/airflow/example_dags/example_trigger_controller_dag.py
[2023-04-27T19:00:43.045+0300] {processor.py:743} INFO - Processing file /home/vladimir/.local/lib/python3.10/site-packages/airflow/example_dags/example_trigger_controller_dag.py for tasks to queue
[2023-04-27T19:00:43.045+0300] {logging_mixin.py:137} INFO - [2023-04-27T19:00:43.045+0300] {dagbag.py:532} INFO - Filling up the DagBag from /home/vladimir/.local/lib/python3.10/site-packages/airflow/example_dags/example_trigger_controller_dag.py
[2023-04-27T19:00:43.054+0300] {processor.py:753} INFO - DAG(s) dict_keys(['example_trigger_controller_dag']) retrieved from /home/vladimir/.local/lib/python3.10/site-packages/airflow/example_dags/example_trigger_controller_dag.py
[2023-04-27T19:00:43.068+0300] {logging_mixin.py:137} INFO - [2023-04-27T19:00:43.067+0300] {dag.py:2705} INFO - Sync 1 DAGs
[2023-04-27T19:00:43.079+0300] {logging_mixin.py:137} INFO - [2023-04-27T19:00:43.079+0300] {dag.py:3452} INFO - Setting next_dagrun for example_trigger_controller_dag to 2021-01-01T00:00:00+00:00, run_after=2021-01-01T00:00:00+00:00
[2023-04-27T19:00:43.092+0300] {processor.py:175} INFO - Processing /home/vladimir/.local/lib/python3.10/site-packages/airflow/example_dags/example_trigger_controller_dag.py took 0.050 seconds
[2023-04-27T19:01:17.944+0300] {processor.py:153} INFO - Started process (PID=7177) to work on /home/vladimir/.local/lib/python3.10/site-packages/airflow/example_dags/example_trigger_controller_dag.py
[2023-04-27T19:01:17.945+0300] {processor.py:743} INFO - Processing file /home/vladimir/.local/lib/python3.10/site-packages/airflow/example_dags/example_trigger_controller_dag.py for tasks to queue
[2023-04-27T19:01:17.945+0300] {logging_mixin.py:137} INFO - [2023-04-27T19:01:17.945+0300] {dagbag.py:532} INFO - Filling up the DagBag from /home/vladimir/.local/lib/python3.10/site-packages/airflow/example_dags/example_trigger_controller_dag.py
[2023-04-27T19:01:17.953+0300] {processor.py:753} INFO - DAG(s) dict_keys(['example_trigger_controller_dag']) retrieved from /home/vladimir/.local/lib/python3.10/site-packages/airflow/example_dags/example_trigger_controller_dag.py
[2023-04-27T19:01:17.967+0300] {logging_mixin.py:137} INFO - [2023-04-27T19:01:17.967+0300] {dag.py:2705} INFO - Sync 1 DAGs
[2023-04-27T19:01:17.979+0300] {logging_mixin.py:137} INFO - [2023-04-27T19:01:17.978+0300] {dag.py:3452} INFO - Setting next_dagrun for example_trigger_controller_dag to 2021-01-01T00:00:00+00:00, run_after=2021-01-01T00:00:00+00:00
[2023-04-27T19:01:17.991+0300] {processor.py:175} INFO - Processing /home/vladimir/.local/lib/python3.10/site-packages/airflow/example_dags/example_trigger_controller_dag.py took 0.050 seconds
