[2023-04-27T18:25:10.122+0300] {processor.py:153} INFO - Started process (PID=5553) to work on /home/vladimir/.local/lib/python3.10/site-packages/airflow/example_dags/example_local_kubernetes_executor.py
[2023-04-27T18:25:10.123+0300] {processor.py:743} INFO - Processing file /home/vladimir/.local/lib/python3.10/site-packages/airflow/example_dags/example_local_kubernetes_executor.py for tasks to queue
[2023-04-27T18:25:10.123+0300] {logging_mixin.py:137} INFO - [2023-04-27T18:25:10.123+0300] {dagbag.py:532} INFO - Filling up the DagBag from /home/vladimir/.local/lib/python3.10/site-packages/airflow/example_dags/example_local_kubernetes_executor.py
[2023-04-27T18:25:10.196+0300] {processor.py:753} INFO - DAG(s) dict_keys(['example_local_kubernetes_executor']) retrieved from /home/vladimir/.local/lib/python3.10/site-packages/airflow/example_dags/example_local_kubernetes_executor.py
[2023-04-27T18:25:10.487+0300] {logging_mixin.py:137} INFO - [2023-04-27T18:25:10.486+0300] {manager.py:504} INFO - Created Permission View: can read on DAG:example_local_kubernetes_executor
[2023-04-27T18:25:10.497+0300] {logging_mixin.py:137} INFO - [2023-04-27T18:25:10.497+0300] {manager.py:504} INFO - Created Permission View: can delete on DAG:example_local_kubernetes_executor
[2023-04-27T18:25:10.506+0300] {logging_mixin.py:137} INFO - [2023-04-27T18:25:10.505+0300] {manager.py:504} INFO - Created Permission View: can edit on DAG:example_local_kubernetes_executor
[2023-04-27T18:25:10.506+0300] {logging_mixin.py:137} INFO - [2023-04-27T18:25:10.506+0300] {dag.py:2705} INFO - Sync 1 DAGs
[2023-04-27T18:25:10.529+0300] {logging_mixin.py:137} INFO - [2023-04-27T18:25:10.528+0300] {dag.py:2726} INFO - Creating ORM DAG for example_local_kubernetes_executor
[2023-04-27T18:25:10.550+0300] {logging_mixin.py:137} INFO - [2023-04-27T18:25:10.550+0300] {dag.py:3452} INFO - Setting next_dagrun for example_local_kubernetes_executor to None, run_after=None
[2023-04-27T18:25:10.572+0300] {processor.py:175} INFO - Processing /home/vladimir/.local/lib/python3.10/site-packages/airflow/example_dags/example_local_kubernetes_executor.py took 0.452 seconds
[2023-04-27T18:26:10.322+0300] {processor.py:153} INFO - Started process (PID=5979) to work on /home/vladimir/.local/lib/python3.10/site-packages/airflow/example_dags/example_local_kubernetes_executor.py
[2023-04-27T18:26:10.323+0300] {processor.py:743} INFO - Processing file /home/vladimir/.local/lib/python3.10/site-packages/airflow/example_dags/example_local_kubernetes_executor.py for tasks to queue
[2023-04-27T18:26:10.323+0300] {logging_mixin.py:137} INFO - [2023-04-27T18:26:10.323+0300] {dagbag.py:532} INFO - Filling up the DagBag from /home/vladimir/.local/lib/python3.10/site-packages/airflow/example_dags/example_local_kubernetes_executor.py
[2023-04-27T18:26:10.341+0300] {processor.py:753} INFO - DAG(s) dict_keys(['example_local_kubernetes_executor']) retrieved from /home/vladimir/.local/lib/python3.10/site-packages/airflow/example_dags/example_local_kubernetes_executor.py
[2023-04-27T18:26:10.360+0300] {logging_mixin.py:137} INFO - [2023-04-27T18:26:10.360+0300] {dag.py:2705} INFO - Sync 1 DAGs
[2023-04-27T18:26:10.373+0300] {logging_mixin.py:137} INFO - [2023-04-27T18:26:10.373+0300] {dag.py:3452} INFO - Setting next_dagrun for example_local_kubernetes_executor to None, run_after=None
[2023-04-27T18:26:10.386+0300] {processor.py:175} INFO - Processing /home/vladimir/.local/lib/python3.10/site-packages/airflow/example_dags/example_local_kubernetes_executor.py took 0.066 seconds
[2023-04-27T18:26:51.410+0300] {processor.py:153} INFO - Started process (PID=6045) to work on /home/vladimir/.local/lib/python3.10/site-packages/airflow/example_dags/example_local_kubernetes_executor.py
[2023-04-27T18:26:51.411+0300] {processor.py:743} INFO - Processing file /home/vladimir/.local/lib/python3.10/site-packages/airflow/example_dags/example_local_kubernetes_executor.py for tasks to queue
[2023-04-27T18:26:51.411+0300] {logging_mixin.py:137} INFO - [2023-04-27T18:26:51.411+0300] {dagbag.py:532} INFO - Filling up the DagBag from /home/vladimir/.local/lib/python3.10/site-packages/airflow/example_dags/example_local_kubernetes_executor.py
[2023-04-27T18:26:51.428+0300] {processor.py:753} INFO - DAG(s) dict_keys(['example_local_kubernetes_executor']) retrieved from /home/vladimir/.local/lib/python3.10/site-packages/airflow/example_dags/example_local_kubernetes_executor.py
[2023-04-27T18:26:51.444+0300] {logging_mixin.py:137} INFO - [2023-04-27T18:26:51.444+0300] {dag.py:2705} INFO - Sync 1 DAGs
[2023-04-27T18:26:51.457+0300] {logging_mixin.py:137} INFO - [2023-04-27T18:26:51.457+0300] {dag.py:3452} INFO - Setting next_dagrun for example_local_kubernetes_executor to None, run_after=None
[2023-04-27T18:26:51.471+0300] {processor.py:175} INFO - Processing /home/vladimir/.local/lib/python3.10/site-packages/airflow/example_dags/example_local_kubernetes_executor.py took 0.063 seconds
[2023-04-27T18:27:28.994+0300] {processor.py:153} INFO - Started process (PID=6102) to work on /home/vladimir/.local/lib/python3.10/site-packages/airflow/example_dags/example_local_kubernetes_executor.py
[2023-04-27T18:27:28.995+0300] {processor.py:743} INFO - Processing file /home/vladimir/.local/lib/python3.10/site-packages/airflow/example_dags/example_local_kubernetes_executor.py for tasks to queue
[2023-04-27T18:27:28.995+0300] {logging_mixin.py:137} INFO - [2023-04-27T18:27:28.995+0300] {dagbag.py:532} INFO - Filling up the DagBag from /home/vladimir/.local/lib/python3.10/site-packages/airflow/example_dags/example_local_kubernetes_executor.py
[2023-04-27T18:27:29.012+0300] {processor.py:753} INFO - DAG(s) dict_keys(['example_local_kubernetes_executor']) retrieved from /home/vladimir/.local/lib/python3.10/site-packages/airflow/example_dags/example_local_kubernetes_executor.py
[2023-04-27T18:27:29.027+0300] {logging_mixin.py:137} INFO - [2023-04-27T18:27:29.027+0300] {dag.py:2705} INFO - Sync 1 DAGs
[2023-04-27T18:27:29.039+0300] {logging_mixin.py:137} INFO - [2023-04-27T18:27:29.039+0300] {dag.py:3452} INFO - Setting next_dagrun for example_local_kubernetes_executor to None, run_after=None
[2023-04-27T18:27:29.053+0300] {processor.py:175} INFO - Processing /home/vladimir/.local/lib/python3.10/site-packages/airflow/example_dags/example_local_kubernetes_executor.py took 0.062 seconds
[2023-04-27T18:28:04.385+0300] {processor.py:153} INFO - Started process (PID=6149) to work on /home/vladimir/.local/lib/python3.10/site-packages/airflow/example_dags/example_local_kubernetes_executor.py
[2023-04-27T18:28:04.386+0300] {processor.py:743} INFO - Processing file /home/vladimir/.local/lib/python3.10/site-packages/airflow/example_dags/example_local_kubernetes_executor.py for tasks to queue
[2023-04-27T18:28:04.386+0300] {logging_mixin.py:137} INFO - [2023-04-27T18:28:04.386+0300] {dagbag.py:532} INFO - Filling up the DagBag from /home/vladimir/.local/lib/python3.10/site-packages/airflow/example_dags/example_local_kubernetes_executor.py
[2023-04-27T18:28:04.402+0300] {processor.py:753} INFO - DAG(s) dict_keys(['example_local_kubernetes_executor']) retrieved from /home/vladimir/.local/lib/python3.10/site-packages/airflow/example_dags/example_local_kubernetes_executor.py
[2023-04-27T18:28:04.420+0300] {logging_mixin.py:137} INFO - [2023-04-27T18:28:04.420+0300] {dag.py:2705} INFO - Sync 1 DAGs
[2023-04-27T18:28:04.433+0300] {logging_mixin.py:137} INFO - [2023-04-27T18:28:04.433+0300] {dag.py:3452} INFO - Setting next_dagrun for example_local_kubernetes_executor to None, run_after=None
[2023-04-27T18:28:04.446+0300] {processor.py:175} INFO - Processing /home/vladimir/.local/lib/python3.10/site-packages/airflow/example_dags/example_local_kubernetes_executor.py took 0.064 seconds
[2023-04-27T18:28:47.774+0300] {processor.py:153} INFO - Started process (PID=6215) to work on /home/vladimir/.local/lib/python3.10/site-packages/airflow/example_dags/example_local_kubernetes_executor.py
[2023-04-27T18:28:47.774+0300] {processor.py:743} INFO - Processing file /home/vladimir/.local/lib/python3.10/site-packages/airflow/example_dags/example_local_kubernetes_executor.py for tasks to queue
[2023-04-27T18:28:47.775+0300] {logging_mixin.py:137} INFO - [2023-04-27T18:28:47.775+0300] {dagbag.py:532} INFO - Filling up the DagBag from /home/vladimir/.local/lib/python3.10/site-packages/airflow/example_dags/example_local_kubernetes_executor.py
[2023-04-27T18:28:47.791+0300] {processor.py:753} INFO - DAG(s) dict_keys(['example_local_kubernetes_executor']) retrieved from /home/vladimir/.local/lib/python3.10/site-packages/airflow/example_dags/example_local_kubernetes_executor.py
[2023-04-27T18:28:47.809+0300] {logging_mixin.py:137} INFO - [2023-04-27T18:28:47.808+0300] {dag.py:2705} INFO - Sync 1 DAGs
[2023-04-27T18:28:47.821+0300] {logging_mixin.py:137} INFO - [2023-04-27T18:28:47.821+0300] {dag.py:3452} INFO - Setting next_dagrun for example_local_kubernetes_executor to None, run_after=None
[2023-04-27T18:28:47.834+0300] {processor.py:175} INFO - Processing /home/vladimir/.local/lib/python3.10/site-packages/airflow/example_dags/example_local_kubernetes_executor.py took 0.063 seconds
[2023-04-27T18:29:28.166+0300] {processor.py:153} INFO - Started process (PID=6354) to work on /home/vladimir/.local/lib/python3.10/site-packages/airflow/example_dags/example_local_kubernetes_executor.py
[2023-04-27T18:29:28.167+0300] {processor.py:743} INFO - Processing file /home/vladimir/.local/lib/python3.10/site-packages/airflow/example_dags/example_local_kubernetes_executor.py for tasks to queue
[2023-04-27T18:29:28.168+0300] {logging_mixin.py:137} INFO - [2023-04-27T18:29:28.168+0300] {dagbag.py:532} INFO - Filling up the DagBag from /home/vladimir/.local/lib/python3.10/site-packages/airflow/example_dags/example_local_kubernetes_executor.py
[2023-04-27T18:29:28.184+0300] {processor.py:753} INFO - DAG(s) dict_keys(['example_local_kubernetes_executor']) retrieved from /home/vladimir/.local/lib/python3.10/site-packages/airflow/example_dags/example_local_kubernetes_executor.py
[2023-04-27T18:29:28.204+0300] {logging_mixin.py:137} INFO - [2023-04-27T18:29:28.204+0300] {dag.py:2705} INFO - Sync 1 DAGs
[2023-04-27T18:29:28.216+0300] {logging_mixin.py:137} INFO - [2023-04-27T18:29:28.216+0300] {dag.py:3452} INFO - Setting next_dagrun for example_local_kubernetes_executor to None, run_after=None
[2023-04-27T18:29:28.229+0300] {processor.py:175} INFO - Processing /home/vladimir/.local/lib/python3.10/site-packages/airflow/example_dags/example_local_kubernetes_executor.py took 0.065 seconds
[2023-04-27T18:30:02.997+0300] {processor.py:153} INFO - Started process (PID=6433) to work on /home/vladimir/.local/lib/python3.10/site-packages/airflow/example_dags/example_local_kubernetes_executor.py
[2023-04-27T18:30:02.998+0300] {processor.py:743} INFO - Processing file /home/vladimir/.local/lib/python3.10/site-packages/airflow/example_dags/example_local_kubernetes_executor.py for tasks to queue
[2023-04-27T18:30:02.999+0300] {logging_mixin.py:137} INFO - [2023-04-27T18:30:02.999+0300] {dagbag.py:532} INFO - Filling up the DagBag from /home/vladimir/.local/lib/python3.10/site-packages/airflow/example_dags/example_local_kubernetes_executor.py
[2023-04-27T18:30:03.015+0300] {processor.py:753} INFO - DAG(s) dict_keys(['example_local_kubernetes_executor']) retrieved from /home/vladimir/.local/lib/python3.10/site-packages/airflow/example_dags/example_local_kubernetes_executor.py
[2023-04-27T18:30:03.030+0300] {logging_mixin.py:137} INFO - [2023-04-27T18:30:03.030+0300] {dag.py:2705} INFO - Sync 1 DAGs
[2023-04-27T18:30:03.041+0300] {logging_mixin.py:137} INFO - [2023-04-27T18:30:03.041+0300] {dag.py:3452} INFO - Setting next_dagrun for example_local_kubernetes_executor to None, run_after=None
[2023-04-27T18:30:03.055+0300] {processor.py:175} INFO - Processing /home/vladimir/.local/lib/python3.10/site-packages/airflow/example_dags/example_local_kubernetes_executor.py took 0.060 seconds
[2023-04-27T18:30:37.819+0300] {processor.py:153} INFO - Started process (PID=6519) to work on /home/vladimir/.local/lib/python3.10/site-packages/airflow/example_dags/example_local_kubernetes_executor.py
[2023-04-27T18:30:37.819+0300] {processor.py:743} INFO - Processing file /home/vladimir/.local/lib/python3.10/site-packages/airflow/example_dags/example_local_kubernetes_executor.py for tasks to queue
[2023-04-27T18:30:37.820+0300] {logging_mixin.py:137} INFO - [2023-04-27T18:30:37.820+0300] {dagbag.py:532} INFO - Filling up the DagBag from /home/vladimir/.local/lib/python3.10/site-packages/airflow/example_dags/example_local_kubernetes_executor.py
[2023-04-27T18:30:37.837+0300] {processor.py:753} INFO - DAG(s) dict_keys(['example_local_kubernetes_executor']) retrieved from /home/vladimir/.local/lib/python3.10/site-packages/airflow/example_dags/example_local_kubernetes_executor.py
[2023-04-27T18:30:37.853+0300] {logging_mixin.py:137} INFO - [2023-04-27T18:30:37.853+0300] {dag.py:2705} INFO - Sync 1 DAGs
[2023-04-27T18:30:37.865+0300] {logging_mixin.py:137} INFO - [2023-04-27T18:30:37.865+0300] {dag.py:3452} INFO - Setting next_dagrun for example_local_kubernetes_executor to None, run_after=None
[2023-04-27T18:30:37.879+0300] {processor.py:175} INFO - Processing /home/vladimir/.local/lib/python3.10/site-packages/airflow/example_dags/example_local_kubernetes_executor.py took 0.062 seconds
[2023-04-27T18:31:14.915+0300] {processor.py:153} INFO - Started process (PID=6595) to work on /home/vladimir/.local/lib/python3.10/site-packages/airflow/example_dags/example_local_kubernetes_executor.py
[2023-04-27T18:31:14.916+0300] {processor.py:743} INFO - Processing file /home/vladimir/.local/lib/python3.10/site-packages/airflow/example_dags/example_local_kubernetes_executor.py for tasks to queue
[2023-04-27T18:31:14.917+0300] {logging_mixin.py:137} INFO - [2023-04-27T18:31:14.917+0300] {dagbag.py:532} INFO - Filling up the DagBag from /home/vladimir/.local/lib/python3.10/site-packages/airflow/example_dags/example_local_kubernetes_executor.py
[2023-04-27T18:31:14.933+0300] {processor.py:753} INFO - DAG(s) dict_keys(['example_local_kubernetes_executor']) retrieved from /home/vladimir/.local/lib/python3.10/site-packages/airflow/example_dags/example_local_kubernetes_executor.py
[2023-04-27T18:31:14.949+0300] {logging_mixin.py:137} INFO - [2023-04-27T18:31:14.949+0300] {dag.py:2705} INFO - Sync 1 DAGs
[2023-04-27T18:31:14.962+0300] {logging_mixin.py:137} INFO - [2023-04-27T18:31:14.962+0300] {dag.py:3452} INFO - Setting next_dagrun for example_local_kubernetes_executor to None, run_after=None
[2023-04-27T18:31:14.977+0300] {processor.py:175} INFO - Processing /home/vladimir/.local/lib/python3.10/site-packages/airflow/example_dags/example_local_kubernetes_executor.py took 0.064 seconds
[2023-04-27T18:31:55.616+0300] {processor.py:153} INFO - Started process (PID=6673) to work on /home/vladimir/.local/lib/python3.10/site-packages/airflow/example_dags/example_local_kubernetes_executor.py
[2023-04-27T18:31:55.618+0300] {processor.py:743} INFO - Processing file /home/vladimir/.local/lib/python3.10/site-packages/airflow/example_dags/example_local_kubernetes_executor.py for tasks to queue
[2023-04-27T18:31:55.618+0300] {logging_mixin.py:137} INFO - [2023-04-27T18:31:55.618+0300] {dagbag.py:532} INFO - Filling up the DagBag from /home/vladimir/.local/lib/python3.10/site-packages/airflow/example_dags/example_local_kubernetes_executor.py
[2023-04-27T18:31:55.634+0300] {processor.py:753} INFO - DAG(s) dict_keys(['example_local_kubernetes_executor']) retrieved from /home/vladimir/.local/lib/python3.10/site-packages/airflow/example_dags/example_local_kubernetes_executor.py
[2023-04-27T18:31:55.650+0300] {logging_mixin.py:137} INFO - [2023-04-27T18:31:55.650+0300] {dag.py:2705} INFO - Sync 1 DAGs
[2023-04-27T18:31:55.662+0300] {logging_mixin.py:137} INFO - [2023-04-27T18:31:55.661+0300] {dag.py:3452} INFO - Setting next_dagrun for example_local_kubernetes_executor to None, run_after=None
[2023-04-27T18:31:55.676+0300] {processor.py:175} INFO - Processing /home/vladimir/.local/lib/python3.10/site-packages/airflow/example_dags/example_local_kubernetes_executor.py took 0.062 seconds
[2023-04-27T18:32:31.587+0300] {processor.py:153} INFO - Started process (PID=6737) to work on /home/vladimir/.local/lib/python3.10/site-packages/airflow/example_dags/example_local_kubernetes_executor.py
[2023-04-27T18:32:31.588+0300] {processor.py:743} INFO - Processing file /home/vladimir/.local/lib/python3.10/site-packages/airflow/example_dags/example_local_kubernetes_executor.py for tasks to queue
[2023-04-27T18:32:31.589+0300] {logging_mixin.py:137} INFO - [2023-04-27T18:32:31.589+0300] {dagbag.py:532} INFO - Filling up the DagBag from /home/vladimir/.local/lib/python3.10/site-packages/airflow/example_dags/example_local_kubernetes_executor.py
[2023-04-27T18:32:31.604+0300] {processor.py:753} INFO - DAG(s) dict_keys(['example_local_kubernetes_executor']) retrieved from /home/vladimir/.local/lib/python3.10/site-packages/airflow/example_dags/example_local_kubernetes_executor.py
[2023-04-27T18:32:31.625+0300] {logging_mixin.py:137} INFO - [2023-04-27T18:32:31.624+0300] {dag.py:2705} INFO - Sync 1 DAGs
[2023-04-27T18:32:31.637+0300] {logging_mixin.py:137} INFO - [2023-04-27T18:32:31.637+0300] {dag.py:3452} INFO - Setting next_dagrun for example_local_kubernetes_executor to None, run_after=None
[2023-04-27T18:32:31.651+0300] {processor.py:175} INFO - Processing /home/vladimir/.local/lib/python3.10/site-packages/airflow/example_dags/example_local_kubernetes_executor.py took 0.066 seconds
[2023-04-27T18:33:07.403+0300] {processor.py:153} INFO - Started process (PID=6879) to work on /home/vladimir/.local/lib/python3.10/site-packages/airflow/example_dags/example_local_kubernetes_executor.py
[2023-04-27T18:33:07.404+0300] {processor.py:743} INFO - Processing file /home/vladimir/.local/lib/python3.10/site-packages/airflow/example_dags/example_local_kubernetes_executor.py for tasks to queue
[2023-04-27T18:33:07.404+0300] {logging_mixin.py:137} INFO - [2023-04-27T18:33:07.404+0300] {dagbag.py:532} INFO - Filling up the DagBag from /home/vladimir/.local/lib/python3.10/site-packages/airflow/example_dags/example_local_kubernetes_executor.py
[2023-04-27T18:33:07.423+0300] {processor.py:753} INFO - DAG(s) dict_keys(['example_local_kubernetes_executor']) retrieved from /home/vladimir/.local/lib/python3.10/site-packages/airflow/example_dags/example_local_kubernetes_executor.py
[2023-04-27T18:33:07.440+0300] {logging_mixin.py:137} INFO - [2023-04-27T18:33:07.440+0300] {dag.py:2705} INFO - Sync 1 DAGs
[2023-04-27T18:33:07.452+0300] {logging_mixin.py:137} INFO - [2023-04-27T18:33:07.452+0300] {dag.py:3452} INFO - Setting next_dagrun for example_local_kubernetes_executor to None, run_after=None
[2023-04-27T18:33:07.466+0300] {processor.py:175} INFO - Processing /home/vladimir/.local/lib/python3.10/site-packages/airflow/example_dags/example_local_kubernetes_executor.py took 0.065 seconds
[2023-04-27T18:33:50.692+0300] {processor.py:153} INFO - Started process (PID=6948) to work on /home/vladimir/.local/lib/python3.10/site-packages/airflow/example_dags/example_local_kubernetes_executor.py
[2023-04-27T18:33:50.693+0300] {processor.py:743} INFO - Processing file /home/vladimir/.local/lib/python3.10/site-packages/airflow/example_dags/example_local_kubernetes_executor.py for tasks to queue
[2023-04-27T18:33:50.694+0300] {logging_mixin.py:137} INFO - [2023-04-27T18:33:50.694+0300] {dagbag.py:532} INFO - Filling up the DagBag from /home/vladimir/.local/lib/python3.10/site-packages/airflow/example_dags/example_local_kubernetes_executor.py
[2023-04-27T18:33:50.710+0300] {processor.py:753} INFO - DAG(s) dict_keys(['example_local_kubernetes_executor']) retrieved from /home/vladimir/.local/lib/python3.10/site-packages/airflow/example_dags/example_local_kubernetes_executor.py
[2023-04-27T18:33:50.729+0300] {logging_mixin.py:137} INFO - [2023-04-27T18:33:50.728+0300] {dag.py:2705} INFO - Sync 1 DAGs
[2023-04-27T18:33:50.740+0300] {logging_mixin.py:137} INFO - [2023-04-27T18:33:50.740+0300] {dag.py:3452} INFO - Setting next_dagrun for example_local_kubernetes_executor to None, run_after=None
[2023-04-27T18:33:50.755+0300] {processor.py:175} INFO - Processing /home/vladimir/.local/lib/python3.10/site-packages/airflow/example_dags/example_local_kubernetes_executor.py took 0.065 seconds
[2023-04-27T18:34:26.333+0300] {processor.py:153} INFO - Started process (PID=7006) to work on /home/vladimir/.local/lib/python3.10/site-packages/airflow/example_dags/example_local_kubernetes_executor.py
[2023-04-27T18:34:26.334+0300] {processor.py:743} INFO - Processing file /home/vladimir/.local/lib/python3.10/site-packages/airflow/example_dags/example_local_kubernetes_executor.py for tasks to queue
[2023-04-27T18:34:26.334+0300] {logging_mixin.py:137} INFO - [2023-04-27T18:34:26.334+0300] {dagbag.py:532} INFO - Filling up the DagBag from /home/vladimir/.local/lib/python3.10/site-packages/airflow/example_dags/example_local_kubernetes_executor.py
[2023-04-27T18:34:26.351+0300] {processor.py:753} INFO - DAG(s) dict_keys(['example_local_kubernetes_executor']) retrieved from /home/vladimir/.local/lib/python3.10/site-packages/airflow/example_dags/example_local_kubernetes_executor.py
[2023-04-27T18:34:26.366+0300] {logging_mixin.py:137} INFO - [2023-04-27T18:34:26.366+0300] {dag.py:2705} INFO - Sync 1 DAGs
[2023-04-27T18:34:26.378+0300] {logging_mixin.py:137} INFO - [2023-04-27T18:34:26.378+0300] {dag.py:3452} INFO - Setting next_dagrun for example_local_kubernetes_executor to None, run_after=None
[2023-04-27T18:34:26.390+0300] {processor.py:175} INFO - Processing /home/vladimir/.local/lib/python3.10/site-packages/airflow/example_dags/example_local_kubernetes_executor.py took 0.059 seconds
[2023-04-27T18:35:03.647+0300] {processor.py:153} INFO - Started process (PID=7115) to work on /home/vladimir/.local/lib/python3.10/site-packages/airflow/example_dags/example_local_kubernetes_executor.py
[2023-04-27T18:35:03.650+0300] {processor.py:743} INFO - Processing file /home/vladimir/.local/lib/python3.10/site-packages/airflow/example_dags/example_local_kubernetes_executor.py for tasks to queue
[2023-04-27T18:35:03.651+0300] {logging_mixin.py:137} INFO - [2023-04-27T18:35:03.651+0300] {dagbag.py:532} INFO - Filling up the DagBag from /home/vladimir/.local/lib/python3.10/site-packages/airflow/example_dags/example_local_kubernetes_executor.py
[2023-04-27T18:35:03.669+0300] {processor.py:753} INFO - DAG(s) dict_keys(['example_local_kubernetes_executor']) retrieved from /home/vladimir/.local/lib/python3.10/site-packages/airflow/example_dags/example_local_kubernetes_executor.py
[2023-04-27T18:35:03.685+0300] {logging_mixin.py:137} INFO - [2023-04-27T18:35:03.685+0300] {dag.py:2705} INFO - Sync 1 DAGs
[2023-04-27T18:35:03.697+0300] {logging_mixin.py:137} INFO - [2023-04-27T18:35:03.697+0300] {dag.py:3452} INFO - Setting next_dagrun for example_local_kubernetes_executor to None, run_after=None
[2023-04-27T18:35:03.712+0300] {processor.py:175} INFO - Processing /home/vladimir/.local/lib/python3.10/site-packages/airflow/example_dags/example_local_kubernetes_executor.py took 0.068 seconds
[2023-04-27T18:35:38.426+0300] {processor.py:153} INFO - Started process (PID=7423) to work on /home/vladimir/.local/lib/python3.10/site-packages/airflow/example_dags/example_local_kubernetes_executor.py
[2023-04-27T18:35:38.428+0300] {processor.py:743} INFO - Processing file /home/vladimir/.local/lib/python3.10/site-packages/airflow/example_dags/example_local_kubernetes_executor.py for tasks to queue
[2023-04-27T18:35:38.428+0300] {logging_mixin.py:137} INFO - [2023-04-27T18:35:38.428+0300] {dagbag.py:532} INFO - Filling up the DagBag from /home/vladimir/.local/lib/python3.10/site-packages/airflow/example_dags/example_local_kubernetes_executor.py
[2023-04-27T18:35:38.453+0300] {processor.py:753} INFO - DAG(s) dict_keys(['example_local_kubernetes_executor']) retrieved from /home/vladimir/.local/lib/python3.10/site-packages/airflow/example_dags/example_local_kubernetes_executor.py
[2023-04-27T18:35:38.468+0300] {logging_mixin.py:137} INFO - [2023-04-27T18:35:38.468+0300] {dag.py:2705} INFO - Sync 1 DAGs
[2023-04-27T18:35:38.481+0300] {logging_mixin.py:137} INFO - [2023-04-27T18:35:38.481+0300] {dag.py:3452} INFO - Setting next_dagrun for example_local_kubernetes_executor to None, run_after=None
[2023-04-27T18:35:38.494+0300] {processor.py:175} INFO - Processing /home/vladimir/.local/lib/python3.10/site-packages/airflow/example_dags/example_local_kubernetes_executor.py took 0.071 seconds
[2023-04-27T18:36:16.616+0300] {processor.py:153} INFO - Started process (PID=7527) to work on /home/vladimir/.local/lib/python3.10/site-packages/airflow/example_dags/example_local_kubernetes_executor.py
[2023-04-27T18:36:16.617+0300] {processor.py:743} INFO - Processing file /home/vladimir/.local/lib/python3.10/site-packages/airflow/example_dags/example_local_kubernetes_executor.py for tasks to queue
[2023-04-27T18:36:16.617+0300] {logging_mixin.py:137} INFO - [2023-04-27T18:36:16.617+0300] {dagbag.py:532} INFO - Filling up the DagBag from /home/vladimir/.local/lib/python3.10/site-packages/airflow/example_dags/example_local_kubernetes_executor.py
[2023-04-27T18:36:16.635+0300] {processor.py:753} INFO - DAG(s) dict_keys(['example_local_kubernetes_executor']) retrieved from /home/vladimir/.local/lib/python3.10/site-packages/airflow/example_dags/example_local_kubernetes_executor.py
[2023-04-27T18:36:16.650+0300] {logging_mixin.py:137} INFO - [2023-04-27T18:36:16.650+0300] {dag.py:2705} INFO - Sync 1 DAGs
[2023-04-27T18:36:16.663+0300] {logging_mixin.py:137} INFO - [2023-04-27T18:36:16.663+0300] {dag.py:3452} INFO - Setting next_dagrun for example_local_kubernetes_executor to None, run_after=None
[2023-04-27T18:36:16.674+0300] {processor.py:175} INFO - Processing /home/vladimir/.local/lib/python3.10/site-packages/airflow/example_dags/example_local_kubernetes_executor.py took 0.060 seconds
[2023-04-27T18:36:50.448+0300] {processor.py:153} INFO - Started process (PID=7579) to work on /home/vladimir/.local/lib/python3.10/site-packages/airflow/example_dags/example_local_kubernetes_executor.py
[2023-04-27T18:36:50.449+0300] {processor.py:743} INFO - Processing file /home/vladimir/.local/lib/python3.10/site-packages/airflow/example_dags/example_local_kubernetes_executor.py for tasks to queue
[2023-04-27T18:36:50.449+0300] {logging_mixin.py:137} INFO - [2023-04-27T18:36:50.449+0300] {dagbag.py:532} INFO - Filling up the DagBag from /home/vladimir/.local/lib/python3.10/site-packages/airflow/example_dags/example_local_kubernetes_executor.py
[2023-04-27T18:36:50.465+0300] {processor.py:753} INFO - DAG(s) dict_keys(['example_local_kubernetes_executor']) retrieved from /home/vladimir/.local/lib/python3.10/site-packages/airflow/example_dags/example_local_kubernetes_executor.py
[2023-04-27T18:36:50.480+0300] {logging_mixin.py:137} INFO - [2023-04-27T18:36:50.480+0300] {dag.py:2705} INFO - Sync 1 DAGs
[2023-04-27T18:36:50.492+0300] {logging_mixin.py:137} INFO - [2023-04-27T18:36:50.492+0300] {dag.py:3452} INFO - Setting next_dagrun for example_local_kubernetes_executor to None, run_after=None
[2023-04-27T18:36:50.504+0300] {processor.py:175} INFO - Processing /home/vladimir/.local/lib/python3.10/site-packages/airflow/example_dags/example_local_kubernetes_executor.py took 0.059 seconds
[2023-04-27T18:37:28.699+0300] {processor.py:153} INFO - Started process (PID=7662) to work on /home/vladimir/.local/lib/python3.10/site-packages/airflow/example_dags/example_local_kubernetes_executor.py
[2023-04-27T18:37:28.700+0300] {processor.py:743} INFO - Processing file /home/vladimir/.local/lib/python3.10/site-packages/airflow/example_dags/example_local_kubernetes_executor.py for tasks to queue
[2023-04-27T18:37:28.700+0300] {logging_mixin.py:137} INFO - [2023-04-27T18:37:28.700+0300] {dagbag.py:532} INFO - Filling up the DagBag from /home/vladimir/.local/lib/python3.10/site-packages/airflow/example_dags/example_local_kubernetes_executor.py
[2023-04-27T18:37:28.716+0300] {processor.py:753} INFO - DAG(s) dict_keys(['example_local_kubernetes_executor']) retrieved from /home/vladimir/.local/lib/python3.10/site-packages/airflow/example_dags/example_local_kubernetes_executor.py
[2023-04-27T18:37:28.732+0300] {logging_mixin.py:137} INFO - [2023-04-27T18:37:28.732+0300] {dag.py:2705} INFO - Sync 1 DAGs
[2023-04-27T18:37:28.744+0300] {logging_mixin.py:137} INFO - [2023-04-27T18:37:28.744+0300] {dag.py:3452} INFO - Setting next_dagrun for example_local_kubernetes_executor to None, run_after=None
[2023-04-27T18:37:28.757+0300] {processor.py:175} INFO - Processing /home/vladimir/.local/lib/python3.10/site-packages/airflow/example_dags/example_local_kubernetes_executor.py took 0.061 seconds
[2023-04-27T18:38:02.924+0300] {processor.py:153} INFO - Started process (PID=7711) to work on /home/vladimir/.local/lib/python3.10/site-packages/airflow/example_dags/example_local_kubernetes_executor.py
[2023-04-27T18:38:02.925+0300] {processor.py:743} INFO - Processing file /home/vladimir/.local/lib/python3.10/site-packages/airflow/example_dags/example_local_kubernetes_executor.py for tasks to queue
[2023-04-27T18:38:02.926+0300] {logging_mixin.py:137} INFO - [2023-04-27T18:38:02.926+0300] {dagbag.py:532} INFO - Filling up the DagBag from /home/vladimir/.local/lib/python3.10/site-packages/airflow/example_dags/example_local_kubernetes_executor.py
[2023-04-27T18:38:02.942+0300] {processor.py:753} INFO - DAG(s) dict_keys(['example_local_kubernetes_executor']) retrieved from /home/vladimir/.local/lib/python3.10/site-packages/airflow/example_dags/example_local_kubernetes_executor.py
[2023-04-27T18:38:02.958+0300] {logging_mixin.py:137} INFO - [2023-04-27T18:38:02.958+0300] {dag.py:2705} INFO - Sync 1 DAGs
[2023-04-27T18:38:02.970+0300] {logging_mixin.py:137} INFO - [2023-04-27T18:38:02.970+0300] {dag.py:3452} INFO - Setting next_dagrun for example_local_kubernetes_executor to None, run_after=None
[2023-04-27T18:38:02.982+0300] {processor.py:175} INFO - Processing /home/vladimir/.local/lib/python3.10/site-packages/airflow/example_dags/example_local_kubernetes_executor.py took 0.060 seconds
[2023-04-27T18:38:39.288+0300] {processor.py:153} INFO - Started process (PID=8045) to work on /home/vladimir/.local/lib/python3.10/site-packages/airflow/example_dags/example_local_kubernetes_executor.py
[2023-04-27T18:38:39.289+0300] {processor.py:743} INFO - Processing file /home/vladimir/.local/lib/python3.10/site-packages/airflow/example_dags/example_local_kubernetes_executor.py for tasks to queue
[2023-04-27T18:38:39.290+0300] {logging_mixin.py:137} INFO - [2023-04-27T18:38:39.290+0300] {dagbag.py:532} INFO - Filling up the DagBag from /home/vladimir/.local/lib/python3.10/site-packages/airflow/example_dags/example_local_kubernetes_executor.py
[2023-04-27T18:38:39.306+0300] {processor.py:753} INFO - DAG(s) dict_keys(['example_local_kubernetes_executor']) retrieved from /home/vladimir/.local/lib/python3.10/site-packages/airflow/example_dags/example_local_kubernetes_executor.py
[2023-04-27T18:38:39.322+0300] {logging_mixin.py:137} INFO - [2023-04-27T18:38:39.322+0300] {dag.py:2705} INFO - Sync 1 DAGs
[2023-04-27T18:38:39.334+0300] {logging_mixin.py:137} INFO - [2023-04-27T18:38:39.334+0300] {dag.py:3452} INFO - Setting next_dagrun for example_local_kubernetes_executor to None, run_after=None
[2023-04-27T18:38:39.346+0300] {processor.py:175} INFO - Processing /home/vladimir/.local/lib/python3.10/site-packages/airflow/example_dags/example_local_kubernetes_executor.py took 0.060 seconds
[2023-04-27T18:39:18.274+0300] {processor.py:153} INFO - Started process (PID=8112) to work on /home/vladimir/.local/lib/python3.10/site-packages/airflow/example_dags/example_local_kubernetes_executor.py
[2023-04-27T18:39:18.275+0300] {processor.py:743} INFO - Processing file /home/vladimir/.local/lib/python3.10/site-packages/airflow/example_dags/example_local_kubernetes_executor.py for tasks to queue
[2023-04-27T18:39:18.275+0300] {logging_mixin.py:137} INFO - [2023-04-27T18:39:18.275+0300] {dagbag.py:532} INFO - Filling up the DagBag from /home/vladimir/.local/lib/python3.10/site-packages/airflow/example_dags/example_local_kubernetes_executor.py
[2023-04-27T18:39:18.291+0300] {processor.py:753} INFO - DAG(s) dict_keys(['example_local_kubernetes_executor']) retrieved from /home/vladimir/.local/lib/python3.10/site-packages/airflow/example_dags/example_local_kubernetes_executor.py
[2023-04-27T18:39:18.307+0300] {logging_mixin.py:137} INFO - [2023-04-27T18:39:18.307+0300] {dag.py:2705} INFO - Sync 1 DAGs
[2023-04-27T18:39:18.320+0300] {logging_mixin.py:137} INFO - [2023-04-27T18:39:18.320+0300] {dag.py:3452} INFO - Setting next_dagrun for example_local_kubernetes_executor to None, run_after=None
[2023-04-27T18:39:18.333+0300] {processor.py:175} INFO - Processing /home/vladimir/.local/lib/python3.10/site-packages/airflow/example_dags/example_local_kubernetes_executor.py took 0.062 seconds
[2023-04-27T18:39:56.340+0300] {processor.py:153} INFO - Started process (PID=8187) to work on /home/vladimir/.local/lib/python3.10/site-packages/airflow/example_dags/example_local_kubernetes_executor.py
[2023-04-27T18:39:56.341+0300] {processor.py:743} INFO - Processing file /home/vladimir/.local/lib/python3.10/site-packages/airflow/example_dags/example_local_kubernetes_executor.py for tasks to queue
[2023-04-27T18:39:56.341+0300] {logging_mixin.py:137} INFO - [2023-04-27T18:39:56.341+0300] {dagbag.py:532} INFO - Filling up the DagBag from /home/vladimir/.local/lib/python3.10/site-packages/airflow/example_dags/example_local_kubernetes_executor.py
[2023-04-27T18:39:56.358+0300] {processor.py:753} INFO - DAG(s) dict_keys(['example_local_kubernetes_executor']) retrieved from /home/vladimir/.local/lib/python3.10/site-packages/airflow/example_dags/example_local_kubernetes_executor.py
[2023-04-27T18:39:56.376+0300] {logging_mixin.py:137} INFO - [2023-04-27T18:39:56.376+0300] {dag.py:2705} INFO - Sync 1 DAGs
[2023-04-27T18:39:56.391+0300] {logging_mixin.py:137} INFO - [2023-04-27T18:39:56.391+0300] {dag.py:3452} INFO - Setting next_dagrun for example_local_kubernetes_executor to None, run_after=None
[2023-04-27T18:39:56.404+0300] {processor.py:175} INFO - Processing /home/vladimir/.local/lib/python3.10/site-packages/airflow/example_dags/example_local_kubernetes_executor.py took 0.066 seconds
[2023-04-27T18:40:33.535+0300] {processor.py:153} INFO - Started process (PID=8303) to work on /home/vladimir/.local/lib/python3.10/site-packages/airflow/example_dags/example_local_kubernetes_executor.py
[2023-04-27T18:40:33.536+0300] {processor.py:743} INFO - Processing file /home/vladimir/.local/lib/python3.10/site-packages/airflow/example_dags/example_local_kubernetes_executor.py for tasks to queue
[2023-04-27T18:40:33.537+0300] {logging_mixin.py:137} INFO - [2023-04-27T18:40:33.536+0300] {dagbag.py:532} INFO - Filling up the DagBag from /home/vladimir/.local/lib/python3.10/site-packages/airflow/example_dags/example_local_kubernetes_executor.py
[2023-04-27T18:40:33.552+0300] {processor.py:753} INFO - DAG(s) dict_keys(['example_local_kubernetes_executor']) retrieved from /home/vladimir/.local/lib/python3.10/site-packages/airflow/example_dags/example_local_kubernetes_executor.py
[2023-04-27T18:40:33.568+0300] {logging_mixin.py:137} INFO - [2023-04-27T18:40:33.567+0300] {dag.py:2705} INFO - Sync 1 DAGs
[2023-04-27T18:40:33.581+0300] {logging_mixin.py:137} INFO - [2023-04-27T18:40:33.581+0300] {dag.py:3452} INFO - Setting next_dagrun for example_local_kubernetes_executor to None, run_after=None
[2023-04-27T18:40:33.593+0300] {processor.py:175} INFO - Processing /home/vladimir/.local/lib/python3.10/site-packages/airflow/example_dags/example_local_kubernetes_executor.py took 0.060 seconds
[2023-04-27T18:41:12.147+0300] {processor.py:153} INFO - Started process (PID=2816) to work on /home/vladimir/.local/lib/python3.10/site-packages/airflow/example_dags/example_local_kubernetes_executor.py
[2023-04-27T18:41:12.149+0300] {processor.py:743} INFO - Processing file /home/vladimir/.local/lib/python3.10/site-packages/airflow/example_dags/example_local_kubernetes_executor.py for tasks to queue
[2023-04-27T18:41:12.149+0300] {logging_mixin.py:137} INFO - [2023-04-27T18:41:12.149+0300] {dagbag.py:532} INFO - Filling up the DagBag from /home/vladimir/.local/lib/python3.10/site-packages/airflow/example_dags/example_local_kubernetes_executor.py
[2023-04-27T18:41:12.169+0300] {processor.py:753} INFO - DAG(s) dict_keys(['example_local_kubernetes_executor']) retrieved from /home/vladimir/.local/lib/python3.10/site-packages/airflow/example_dags/example_local_kubernetes_executor.py
[2023-04-27T18:41:12.189+0300] {logging_mixin.py:137} INFO - [2023-04-27T18:41:12.189+0300] {dag.py:2705} INFO - Sync 1 DAGs
[2023-04-27T18:41:12.204+0300] {logging_mixin.py:137} INFO - [2023-04-27T18:41:12.204+0300] {dag.py:3452} INFO - Setting next_dagrun for example_local_kubernetes_executor to None, run_after=None
[2023-04-27T18:41:12.223+0300] {processor.py:175} INFO - Processing /home/vladimir/.local/lib/python3.10/site-packages/airflow/example_dags/example_local_kubernetes_executor.py took 0.078 seconds
[2023-04-27T18:41:51.193+0300] {processor.py:153} INFO - Started process (PID=3430) to work on /home/vladimir/.local/lib/python3.10/site-packages/airflow/example_dags/example_local_kubernetes_executor.py
[2023-04-27T18:41:51.194+0300] {processor.py:743} INFO - Processing file /home/vladimir/.local/lib/python3.10/site-packages/airflow/example_dags/example_local_kubernetes_executor.py for tasks to queue
[2023-04-27T18:41:51.194+0300] {logging_mixin.py:137} INFO - [2023-04-27T18:41:51.194+0300] {dagbag.py:532} INFO - Filling up the DagBag from /home/vladimir/.local/lib/python3.10/site-packages/airflow/example_dags/example_local_kubernetes_executor.py
[2023-04-27T18:41:51.211+0300] {processor.py:753} INFO - DAG(s) dict_keys(['example_local_kubernetes_executor']) retrieved from /home/vladimir/.local/lib/python3.10/site-packages/airflow/example_dags/example_local_kubernetes_executor.py
[2023-04-27T18:41:51.225+0300] {logging_mixin.py:137} INFO - [2023-04-27T18:41:51.225+0300] {dag.py:2705} INFO - Sync 1 DAGs
[2023-04-27T18:41:51.236+0300] {logging_mixin.py:137} INFO - [2023-04-27T18:41:51.236+0300] {dag.py:3452} INFO - Setting next_dagrun for example_local_kubernetes_executor to None, run_after=None
[2023-04-27T18:41:51.248+0300] {processor.py:175} INFO - Processing /home/vladimir/.local/lib/python3.10/site-packages/airflow/example_dags/example_local_kubernetes_executor.py took 0.057 seconds
[2023-04-27T18:42:32.785+0300] {processor.py:153} INFO - Started process (PID=4499) to work on /home/vladimir/.local/lib/python3.10/site-packages/airflow/example_dags/example_local_kubernetes_executor.py
[2023-04-27T18:42:32.786+0300] {processor.py:743} INFO - Processing file /home/vladimir/.local/lib/python3.10/site-packages/airflow/example_dags/example_local_kubernetes_executor.py for tasks to queue
[2023-04-27T18:42:32.787+0300] {logging_mixin.py:137} INFO - [2023-04-27T18:42:32.787+0300] {dagbag.py:532} INFO - Filling up the DagBag from /home/vladimir/.local/lib/python3.10/site-packages/airflow/example_dags/example_local_kubernetes_executor.py
[2023-04-27T18:42:32.812+0300] {processor.py:753} INFO - DAG(s) dict_keys(['example_local_kubernetes_executor']) retrieved from /home/vladimir/.local/lib/python3.10/site-packages/airflow/example_dags/example_local_kubernetes_executor.py
[2023-04-27T18:42:32.842+0300] {logging_mixin.py:137} INFO - [2023-04-27T18:42:32.842+0300] {dag.py:2705} INFO - Sync 1 DAGs
[2023-04-27T18:42:32.873+0300] {logging_mixin.py:137} INFO - [2023-04-27T18:42:32.873+0300] {dag.py:3452} INFO - Setting next_dagrun for example_local_kubernetes_executor to None, run_after=None
[2023-04-27T18:42:32.906+0300] {processor.py:175} INFO - Processing /home/vladimir/.local/lib/python3.10/site-packages/airflow/example_dags/example_local_kubernetes_executor.py took 0.126 seconds
[2023-04-27T18:43:09.553+0300] {processor.py:153} INFO - Started process (PID=5087) to work on /home/vladimir/.local/lib/python3.10/site-packages/airflow/example_dags/example_local_kubernetes_executor.py
[2023-04-27T18:43:09.554+0300] {processor.py:743} INFO - Processing file /home/vladimir/.local/lib/python3.10/site-packages/airflow/example_dags/example_local_kubernetes_executor.py for tasks to queue
[2023-04-27T18:43:09.554+0300] {logging_mixin.py:137} INFO - [2023-04-27T18:43:09.554+0300] {dagbag.py:532} INFO - Filling up the DagBag from /home/vladimir/.local/lib/python3.10/site-packages/airflow/example_dags/example_local_kubernetes_executor.py
[2023-04-27T18:43:09.571+0300] {processor.py:753} INFO - DAG(s) dict_keys(['example_local_kubernetes_executor']) retrieved from /home/vladimir/.local/lib/python3.10/site-packages/airflow/example_dags/example_local_kubernetes_executor.py
[2023-04-27T18:43:09.587+0300] {logging_mixin.py:137} INFO - [2023-04-27T18:43:09.587+0300] {dag.py:2705} INFO - Sync 1 DAGs
[2023-04-27T18:43:09.600+0300] {logging_mixin.py:137} INFO - [2023-04-27T18:43:09.600+0300] {dag.py:3452} INFO - Setting next_dagrun for example_local_kubernetes_executor to None, run_after=None
[2023-04-27T18:43:09.612+0300] {processor.py:175} INFO - Processing /home/vladimir/.local/lib/python3.10/site-packages/airflow/example_dags/example_local_kubernetes_executor.py took 0.061 seconds
[2023-04-27T18:43:51.528+0300] {processor.py:153} INFO - Started process (PID=6199) to work on /home/vladimir/.local/lib/python3.10/site-packages/airflow/example_dags/example_local_kubernetes_executor.py
[2023-04-27T18:43:51.530+0300] {processor.py:743} INFO - Processing file /home/vladimir/.local/lib/python3.10/site-packages/airflow/example_dags/example_local_kubernetes_executor.py for tasks to queue
[2023-04-27T18:43:51.530+0300] {logging_mixin.py:137} INFO - [2023-04-27T18:43:51.530+0300] {dagbag.py:532} INFO - Filling up the DagBag from /home/vladimir/.local/lib/python3.10/site-packages/airflow/example_dags/example_local_kubernetes_executor.py
[2023-04-27T18:43:51.548+0300] {processor.py:753} INFO - DAG(s) dict_keys(['example_local_kubernetes_executor']) retrieved from /home/vladimir/.local/lib/python3.10/site-packages/airflow/example_dags/example_local_kubernetes_executor.py
[2023-04-27T18:43:51.568+0300] {logging_mixin.py:137} INFO - [2023-04-27T18:43:51.568+0300] {dag.py:2705} INFO - Sync 1 DAGs
[2023-04-27T18:43:51.582+0300] {logging_mixin.py:137} INFO - [2023-04-27T18:43:51.582+0300] {dag.py:3452} INFO - Setting next_dagrun for example_local_kubernetes_executor to None, run_after=None
[2023-04-27T18:43:51.594+0300] {processor.py:175} INFO - Processing /home/vladimir/.local/lib/python3.10/site-packages/airflow/example_dags/example_local_kubernetes_executor.py took 0.068 seconds
[2023-04-27T18:44:27.777+0300] {processor.py:153} INFO - Started process (PID=8879) to work on /home/vladimir/.local/lib/python3.10/site-packages/airflow/example_dags/example_local_kubernetes_executor.py
[2023-04-27T18:44:27.785+0300] {processor.py:743} INFO - Processing file /home/vladimir/.local/lib/python3.10/site-packages/airflow/example_dags/example_local_kubernetes_executor.py for tasks to queue
[2023-04-27T18:44:27.786+0300] {logging_mixin.py:137} INFO - [2023-04-27T18:44:27.786+0300] {dagbag.py:532} INFO - Filling up the DagBag from /home/vladimir/.local/lib/python3.10/site-packages/airflow/example_dags/example_local_kubernetes_executor.py
[2023-04-27T18:44:27.808+0300] {processor.py:753} INFO - DAG(s) dict_keys(['example_local_kubernetes_executor']) retrieved from /home/vladimir/.local/lib/python3.10/site-packages/airflow/example_dags/example_local_kubernetes_executor.py
[2023-04-27T18:44:27.825+0300] {logging_mixin.py:137} INFO - [2023-04-27T18:44:27.825+0300] {dag.py:2705} INFO - Sync 1 DAGs
[2023-04-27T18:44:27.845+0300] {logging_mixin.py:137} INFO - [2023-04-27T18:44:27.845+0300] {dag.py:3452} INFO - Setting next_dagrun for example_local_kubernetes_executor to None, run_after=None
[2023-04-27T18:44:27.865+0300] {processor.py:175} INFO - Processing /home/vladimir/.local/lib/python3.10/site-packages/airflow/example_dags/example_local_kubernetes_executor.py took 0.095 seconds
[2023-04-27T18:45:08.230+0300] {processor.py:153} INFO - Started process (PID=10186) to work on /home/vladimir/.local/lib/python3.10/site-packages/airflow/example_dags/example_local_kubernetes_executor.py
[2023-04-27T18:45:08.230+0300] {processor.py:743} INFO - Processing file /home/vladimir/.local/lib/python3.10/site-packages/airflow/example_dags/example_local_kubernetes_executor.py for tasks to queue
[2023-04-27T18:45:08.231+0300] {logging_mixin.py:137} INFO - [2023-04-27T18:45:08.231+0300] {dagbag.py:532} INFO - Filling up the DagBag from /home/vladimir/.local/lib/python3.10/site-packages/airflow/example_dags/example_local_kubernetes_executor.py
[2023-04-27T18:45:08.255+0300] {processor.py:753} INFO - DAG(s) dict_keys(['example_local_kubernetes_executor']) retrieved from /home/vladimir/.local/lib/python3.10/site-packages/airflow/example_dags/example_local_kubernetes_executor.py
[2023-04-27T18:45:08.279+0300] {logging_mixin.py:137} INFO - [2023-04-27T18:45:08.279+0300] {dag.py:2705} INFO - Sync 1 DAGs
[2023-04-27T18:45:08.300+0300] {logging_mixin.py:137} INFO - [2023-04-27T18:45:08.300+0300] {dag.py:3452} INFO - Setting next_dagrun for example_local_kubernetes_executor to None, run_after=None
[2023-04-27T18:45:08.322+0300] {processor.py:175} INFO - Processing /home/vladimir/.local/lib/python3.10/site-packages/airflow/example_dags/example_local_kubernetes_executor.py took 0.103 seconds
[2023-04-27T18:45:55.292+0300] {processor.py:153} INFO - Started process (PID=16913) to work on /home/vladimir/.local/lib/python3.10/site-packages/airflow/example_dags/example_local_kubernetes_executor.py
[2023-04-27T18:45:55.293+0300] {processor.py:743} INFO - Processing file /home/vladimir/.local/lib/python3.10/site-packages/airflow/example_dags/example_local_kubernetes_executor.py for tasks to queue
[2023-04-27T18:45:55.294+0300] {logging_mixin.py:137} INFO - [2023-04-27T18:45:55.293+0300] {dagbag.py:532} INFO - Filling up the DagBag from /home/vladimir/.local/lib/python3.10/site-packages/airflow/example_dags/example_local_kubernetes_executor.py
[2023-04-27T18:45:55.311+0300] {processor.py:753} INFO - DAG(s) dict_keys(['example_local_kubernetes_executor']) retrieved from /home/vladimir/.local/lib/python3.10/site-packages/airflow/example_dags/example_local_kubernetes_executor.py
[2023-04-27T18:45:55.328+0300] {logging_mixin.py:137} INFO - [2023-04-27T18:45:55.327+0300] {dag.py:2705} INFO - Sync 1 DAGs
[2023-04-27T18:45:55.341+0300] {logging_mixin.py:137} INFO - [2023-04-27T18:45:55.341+0300] {dag.py:3452} INFO - Setting next_dagrun for example_local_kubernetes_executor to None, run_after=None
[2023-04-27T18:45:55.353+0300] {processor.py:175} INFO - Processing /home/vladimir/.local/lib/python3.10/site-packages/airflow/example_dags/example_local_kubernetes_executor.py took 0.064 seconds
[2023-04-27T18:46:48.145+0300] {processor.py:153} INFO - Started process (PID=2755) to work on /home/vladimir/.local/lib/python3.10/site-packages/airflow/example_dags/example_local_kubernetes_executor.py
[2023-04-27T18:46:48.146+0300] {processor.py:743} INFO - Processing file /home/vladimir/.local/lib/python3.10/site-packages/airflow/example_dags/example_local_kubernetes_executor.py for tasks to queue
[2023-04-27T18:46:48.146+0300] {logging_mixin.py:137} INFO - [2023-04-27T18:46:48.146+0300] {dagbag.py:532} INFO - Filling up the DagBag from /home/vladimir/.local/lib/python3.10/site-packages/airflow/example_dags/example_local_kubernetes_executor.py
[2023-04-27T18:46:48.164+0300] {processor.py:753} INFO - DAG(s) dict_keys(['example_local_kubernetes_executor']) retrieved from /home/vladimir/.local/lib/python3.10/site-packages/airflow/example_dags/example_local_kubernetes_executor.py
[2023-04-27T18:46:48.182+0300] {logging_mixin.py:137} INFO - [2023-04-27T18:46:48.182+0300] {dag.py:2705} INFO - Sync 1 DAGs
[2023-04-27T18:46:48.197+0300] {logging_mixin.py:137} INFO - [2023-04-27T18:46:48.197+0300] {dag.py:3452} INFO - Setting next_dagrun for example_local_kubernetes_executor to None, run_after=None
[2023-04-27T18:46:48.211+0300] {processor.py:175} INFO - Processing /home/vladimir/.local/lib/python3.10/site-packages/airflow/example_dags/example_local_kubernetes_executor.py took 0.069 seconds
[2023-04-27T18:47:28.323+0300] {processor.py:153} INFO - Started process (PID=3752) to work on /home/vladimir/.local/lib/python3.10/site-packages/airflow/example_dags/example_local_kubernetes_executor.py
[2023-04-27T18:47:28.324+0300] {processor.py:743} INFO - Processing file /home/vladimir/.local/lib/python3.10/site-packages/airflow/example_dags/example_local_kubernetes_executor.py for tasks to queue
[2023-04-27T18:47:28.325+0300] {logging_mixin.py:137} INFO - [2023-04-27T18:47:28.325+0300] {dagbag.py:532} INFO - Filling up the DagBag from /home/vladimir/.local/lib/python3.10/site-packages/airflow/example_dags/example_local_kubernetes_executor.py
[2023-04-27T18:47:28.342+0300] {processor.py:753} INFO - DAG(s) dict_keys(['example_local_kubernetes_executor']) retrieved from /home/vladimir/.local/lib/python3.10/site-packages/airflow/example_dags/example_local_kubernetes_executor.py
[2023-04-27T18:47:28.356+0300] {logging_mixin.py:137} INFO - [2023-04-27T18:47:28.356+0300] {dag.py:2705} INFO - Sync 1 DAGs
[2023-04-27T18:47:28.368+0300] {logging_mixin.py:137} INFO - [2023-04-27T18:47:28.368+0300] {dag.py:3452} INFO - Setting next_dagrun for example_local_kubernetes_executor to None, run_after=None
[2023-04-27T18:47:28.380+0300] {processor.py:175} INFO - Processing /home/vladimir/.local/lib/python3.10/site-packages/airflow/example_dags/example_local_kubernetes_executor.py took 0.059 seconds
[2023-04-27T18:48:09.175+0300] {processor.py:153} INFO - Started process (PID=4111) to work on /home/vladimir/.local/lib/python3.10/site-packages/airflow/example_dags/example_local_kubernetes_executor.py
[2023-04-27T18:48:09.177+0300] {processor.py:743} INFO - Processing file /home/vladimir/.local/lib/python3.10/site-packages/airflow/example_dags/example_local_kubernetes_executor.py for tasks to queue
[2023-04-27T18:48:09.177+0300] {logging_mixin.py:137} INFO - [2023-04-27T18:48:09.177+0300] {dagbag.py:532} INFO - Filling up the DagBag from /home/vladimir/.local/lib/python3.10/site-packages/airflow/example_dags/example_local_kubernetes_executor.py
[2023-04-27T18:48:09.197+0300] {processor.py:753} INFO - DAG(s) dict_keys(['example_local_kubernetes_executor']) retrieved from /home/vladimir/.local/lib/python3.10/site-packages/airflow/example_dags/example_local_kubernetes_executor.py
[2023-04-27T18:48:09.214+0300] {logging_mixin.py:137} INFO - [2023-04-27T18:48:09.214+0300] {dag.py:2705} INFO - Sync 1 DAGs
[2023-04-27T18:48:09.228+0300] {logging_mixin.py:137} INFO - [2023-04-27T18:48:09.228+0300] {dag.py:3452} INFO - Setting next_dagrun for example_local_kubernetes_executor to None, run_after=None
[2023-04-27T18:48:09.241+0300] {processor.py:175} INFO - Processing /home/vladimir/.local/lib/python3.10/site-packages/airflow/example_dags/example_local_kubernetes_executor.py took 0.068 seconds
[2023-04-27T18:48:50.095+0300] {processor.py:153} INFO - Started process (PID=4162) to work on /home/vladimir/.local/lib/python3.10/site-packages/airflow/example_dags/example_local_kubernetes_executor.py
[2023-04-27T18:48:50.096+0300] {processor.py:743} INFO - Processing file /home/vladimir/.local/lib/python3.10/site-packages/airflow/example_dags/example_local_kubernetes_executor.py for tasks to queue
[2023-04-27T18:48:50.096+0300] {logging_mixin.py:137} INFO - [2023-04-27T18:48:50.096+0300] {dagbag.py:532} INFO - Filling up the DagBag from /home/vladimir/.local/lib/python3.10/site-packages/airflow/example_dags/example_local_kubernetes_executor.py
[2023-04-27T18:48:50.113+0300] {processor.py:753} INFO - DAG(s) dict_keys(['example_local_kubernetes_executor']) retrieved from /home/vladimir/.local/lib/python3.10/site-packages/airflow/example_dags/example_local_kubernetes_executor.py
[2023-04-27T18:48:50.128+0300] {logging_mixin.py:137} INFO - [2023-04-27T18:48:50.128+0300] {dag.py:2705} INFO - Sync 1 DAGs
[2023-04-27T18:48:50.141+0300] {logging_mixin.py:137} INFO - [2023-04-27T18:48:50.140+0300] {dag.py:3452} INFO - Setting next_dagrun for example_local_kubernetes_executor to None, run_after=None
[2023-04-27T18:48:50.153+0300] {processor.py:175} INFO - Processing /home/vladimir/.local/lib/python3.10/site-packages/airflow/example_dags/example_local_kubernetes_executor.py took 0.060 seconds
[2023-04-27T18:49:28.373+0300] {processor.py:153} INFO - Started process (PID=4202) to work on /home/vladimir/.local/lib/python3.10/site-packages/airflow/example_dags/example_local_kubernetes_executor.py
[2023-04-27T18:49:28.374+0300] {processor.py:743} INFO - Processing file /home/vladimir/.local/lib/python3.10/site-packages/airflow/example_dags/example_local_kubernetes_executor.py for tasks to queue
[2023-04-27T18:49:28.375+0300] {logging_mixin.py:137} INFO - [2023-04-27T18:49:28.375+0300] {dagbag.py:532} INFO - Filling up the DagBag from /home/vladimir/.local/lib/python3.10/site-packages/airflow/example_dags/example_local_kubernetes_executor.py
[2023-04-27T18:49:28.392+0300] {processor.py:753} INFO - DAG(s) dict_keys(['example_local_kubernetes_executor']) retrieved from /home/vladimir/.local/lib/python3.10/site-packages/airflow/example_dags/example_local_kubernetes_executor.py
[2023-04-27T18:49:28.408+0300] {logging_mixin.py:137} INFO - [2023-04-27T18:49:28.408+0300] {dag.py:2705} INFO - Sync 1 DAGs
[2023-04-27T18:49:28.425+0300] {logging_mixin.py:137} INFO - [2023-04-27T18:49:28.424+0300] {dag.py:3452} INFO - Setting next_dagrun for example_local_kubernetes_executor to None, run_after=None
[2023-04-27T18:49:28.437+0300] {processor.py:175} INFO - Processing /home/vladimir/.local/lib/python3.10/site-packages/airflow/example_dags/example_local_kubernetes_executor.py took 0.066 seconds
[2023-04-27T18:50:07.749+0300] {processor.py:153} INFO - Started process (PID=4507) to work on /home/vladimir/.local/lib/python3.10/site-packages/airflow/example_dags/example_local_kubernetes_executor.py
[2023-04-27T18:50:07.750+0300] {processor.py:743} INFO - Processing file /home/vladimir/.local/lib/python3.10/site-packages/airflow/example_dags/example_local_kubernetes_executor.py for tasks to queue
[2023-04-27T18:50:07.750+0300] {logging_mixin.py:137} INFO - [2023-04-27T18:50:07.750+0300] {dagbag.py:532} INFO - Filling up the DagBag from /home/vladimir/.local/lib/python3.10/site-packages/airflow/example_dags/example_local_kubernetes_executor.py
[2023-04-27T18:50:07.767+0300] {processor.py:753} INFO - DAG(s) dict_keys(['example_local_kubernetes_executor']) retrieved from /home/vladimir/.local/lib/python3.10/site-packages/airflow/example_dags/example_local_kubernetes_executor.py
[2023-04-27T18:50:07.783+0300] {logging_mixin.py:137} INFO - [2023-04-27T18:50:07.783+0300] {dag.py:2705} INFO - Sync 1 DAGs
[2023-04-27T18:50:07.796+0300] {logging_mixin.py:137} INFO - [2023-04-27T18:50:07.796+0300] {dag.py:3452} INFO - Setting next_dagrun for example_local_kubernetes_executor to None, run_after=None
[2023-04-27T18:50:07.808+0300] {processor.py:175} INFO - Processing /home/vladimir/.local/lib/python3.10/site-packages/airflow/example_dags/example_local_kubernetes_executor.py took 0.061 seconds
[2023-04-27T18:50:45.120+0300] {processor.py:153} INFO - Started process (PID=5058) to work on /home/vladimir/.local/lib/python3.10/site-packages/airflow/example_dags/example_local_kubernetes_executor.py
[2023-04-27T18:50:45.121+0300] {processor.py:743} INFO - Processing file /home/vladimir/.local/lib/python3.10/site-packages/airflow/example_dags/example_local_kubernetes_executor.py for tasks to queue
[2023-04-27T18:50:45.122+0300] {logging_mixin.py:137} INFO - [2023-04-27T18:50:45.122+0300] {dagbag.py:532} INFO - Filling up the DagBag from /home/vladimir/.local/lib/python3.10/site-packages/airflow/example_dags/example_local_kubernetes_executor.py
[2023-04-27T18:50:45.141+0300] {processor.py:753} INFO - DAG(s) dict_keys(['example_local_kubernetes_executor']) retrieved from /home/vladimir/.local/lib/python3.10/site-packages/airflow/example_dags/example_local_kubernetes_executor.py
[2023-04-27T18:50:45.160+0300] {logging_mixin.py:137} INFO - [2023-04-27T18:50:45.160+0300] {dag.py:2705} INFO - Sync 1 DAGs
[2023-04-27T18:50:45.178+0300] {logging_mixin.py:137} INFO - [2023-04-27T18:50:45.178+0300] {dag.py:3452} INFO - Setting next_dagrun for example_local_kubernetes_executor to None, run_after=None
[2023-04-27T18:50:45.195+0300] {processor.py:175} INFO - Processing /home/vladimir/.local/lib/python3.10/site-packages/airflow/example_dags/example_local_kubernetes_executor.py took 0.080 seconds
[2023-04-27T18:51:21.567+0300] {processor.py:153} INFO - Started process (PID=5259) to work on /home/vladimir/.local/lib/python3.10/site-packages/airflow/example_dags/example_local_kubernetes_executor.py
[2023-04-27T18:51:21.568+0300] {processor.py:743} INFO - Processing file /home/vladimir/.local/lib/python3.10/site-packages/airflow/example_dags/example_local_kubernetes_executor.py for tasks to queue
[2023-04-27T18:51:21.569+0300] {logging_mixin.py:137} INFO - [2023-04-27T18:51:21.569+0300] {dagbag.py:532} INFO - Filling up the DagBag from /home/vladimir/.local/lib/python3.10/site-packages/airflow/example_dags/example_local_kubernetes_executor.py
[2023-04-27T18:51:21.585+0300] {processor.py:753} INFO - DAG(s) dict_keys(['example_local_kubernetes_executor']) retrieved from /home/vladimir/.local/lib/python3.10/site-packages/airflow/example_dags/example_local_kubernetes_executor.py
[2023-04-27T18:51:21.600+0300] {logging_mixin.py:137} INFO - [2023-04-27T18:51:21.600+0300] {dag.py:2705} INFO - Sync 1 DAGs
[2023-04-27T18:51:21.611+0300] {logging_mixin.py:137} INFO - [2023-04-27T18:51:21.611+0300] {dag.py:3452} INFO - Setting next_dagrun for example_local_kubernetes_executor to None, run_after=None
[2023-04-27T18:51:21.623+0300] {processor.py:175} INFO - Processing /home/vladimir/.local/lib/python3.10/site-packages/airflow/example_dags/example_local_kubernetes_executor.py took 0.058 seconds
[2023-04-27T18:51:55.832+0300] {processor.py:153} INFO - Started process (PID=5301) to work on /home/vladimir/.local/lib/python3.10/site-packages/airflow/example_dags/example_local_kubernetes_executor.py
[2023-04-27T18:51:55.833+0300] {processor.py:743} INFO - Processing file /home/vladimir/.local/lib/python3.10/site-packages/airflow/example_dags/example_local_kubernetes_executor.py for tasks to queue
[2023-04-27T18:51:55.834+0300] {logging_mixin.py:137} INFO - [2023-04-27T18:51:55.834+0300] {dagbag.py:532} INFO - Filling up the DagBag from /home/vladimir/.local/lib/python3.10/site-packages/airflow/example_dags/example_local_kubernetes_executor.py
[2023-04-27T18:51:55.850+0300] {processor.py:753} INFO - DAG(s) dict_keys(['example_local_kubernetes_executor']) retrieved from /home/vladimir/.local/lib/python3.10/site-packages/airflow/example_dags/example_local_kubernetes_executor.py
[2023-04-27T18:51:55.864+0300] {logging_mixin.py:137} INFO - [2023-04-27T18:51:55.864+0300] {dag.py:2705} INFO - Sync 1 DAGs
[2023-04-27T18:51:55.876+0300] {logging_mixin.py:137} INFO - [2023-04-27T18:51:55.876+0300] {dag.py:3452} INFO - Setting next_dagrun for example_local_kubernetes_executor to None, run_after=None
[2023-04-27T18:51:55.889+0300] {processor.py:175} INFO - Processing /home/vladimir/.local/lib/python3.10/site-packages/airflow/example_dags/example_local_kubernetes_executor.py took 0.060 seconds
[2023-04-27T18:52:39.059+0300] {processor.py:153} INFO - Started process (PID=5349) to work on /home/vladimir/.local/lib/python3.10/site-packages/airflow/example_dags/example_local_kubernetes_executor.py
[2023-04-27T18:52:39.060+0300] {processor.py:743} INFO - Processing file /home/vladimir/.local/lib/python3.10/site-packages/airflow/example_dags/example_local_kubernetes_executor.py for tasks to queue
[2023-04-27T18:52:39.060+0300] {logging_mixin.py:137} INFO - [2023-04-27T18:52:39.060+0300] {dagbag.py:532} INFO - Filling up the DagBag from /home/vladimir/.local/lib/python3.10/site-packages/airflow/example_dags/example_local_kubernetes_executor.py
[2023-04-27T18:52:39.078+0300] {processor.py:753} INFO - DAG(s) dict_keys(['example_local_kubernetes_executor']) retrieved from /home/vladimir/.local/lib/python3.10/site-packages/airflow/example_dags/example_local_kubernetes_executor.py
[2023-04-27T18:52:39.094+0300] {logging_mixin.py:137} INFO - [2023-04-27T18:52:39.094+0300] {dag.py:2705} INFO - Sync 1 DAGs
[2023-04-27T18:52:39.108+0300] {logging_mixin.py:137} INFO - [2023-04-27T18:52:39.108+0300] {dag.py:3452} INFO - Setting next_dagrun for example_local_kubernetes_executor to None, run_after=None
[2023-04-27T18:52:39.120+0300] {processor.py:175} INFO - Processing /home/vladimir/.local/lib/python3.10/site-packages/airflow/example_dags/example_local_kubernetes_executor.py took 0.064 seconds
[2023-04-27T18:53:16.840+0300] {processor.py:153} INFO - Started process (PID=5490) to work on /home/vladimir/.local/lib/python3.10/site-packages/airflow/example_dags/example_local_kubernetes_executor.py
[2023-04-27T18:53:16.842+0300] {processor.py:743} INFO - Processing file /home/vladimir/.local/lib/python3.10/site-packages/airflow/example_dags/example_local_kubernetes_executor.py for tasks to queue
[2023-04-27T18:53:16.843+0300] {logging_mixin.py:137} INFO - [2023-04-27T18:53:16.843+0300] {dagbag.py:532} INFO - Filling up the DagBag from /home/vladimir/.local/lib/python3.10/site-packages/airflow/example_dags/example_local_kubernetes_executor.py
[2023-04-27T18:53:16.862+0300] {processor.py:753} INFO - DAG(s) dict_keys(['example_local_kubernetes_executor']) retrieved from /home/vladimir/.local/lib/python3.10/site-packages/airflow/example_dags/example_local_kubernetes_executor.py
[2023-04-27T18:53:16.879+0300] {logging_mixin.py:137} INFO - [2023-04-27T18:53:16.878+0300] {dag.py:2705} INFO - Sync 1 DAGs
[2023-04-27T18:53:16.893+0300] {logging_mixin.py:137} INFO - [2023-04-27T18:53:16.892+0300] {dag.py:3452} INFO - Setting next_dagrun for example_local_kubernetes_executor to None, run_after=None
[2023-04-27T18:53:16.907+0300] {processor.py:175} INFO - Processing /home/vladimir/.local/lib/python3.10/site-packages/airflow/example_dags/example_local_kubernetes_executor.py took 0.069 seconds
[2023-04-27T18:53:59.538+0300] {processor.py:153} INFO - Started process (PID=5579) to work on /home/vladimir/.local/lib/python3.10/site-packages/airflow/example_dags/example_local_kubernetes_executor.py
[2023-04-27T18:53:59.539+0300] {processor.py:743} INFO - Processing file /home/vladimir/.local/lib/python3.10/site-packages/airflow/example_dags/example_local_kubernetes_executor.py for tasks to queue
[2023-04-27T18:53:59.540+0300] {logging_mixin.py:137} INFO - [2023-04-27T18:53:59.540+0300] {dagbag.py:532} INFO - Filling up the DagBag from /home/vladimir/.local/lib/python3.10/site-packages/airflow/example_dags/example_local_kubernetes_executor.py
[2023-04-27T18:53:59.557+0300] {processor.py:753} INFO - DAG(s) dict_keys(['example_local_kubernetes_executor']) retrieved from /home/vladimir/.local/lib/python3.10/site-packages/airflow/example_dags/example_local_kubernetes_executor.py
[2023-04-27T18:53:59.571+0300] {logging_mixin.py:137} INFO - [2023-04-27T18:53:59.571+0300] {dag.py:2705} INFO - Sync 1 DAGs
[2023-04-27T18:53:59.583+0300] {logging_mixin.py:137} INFO - [2023-04-27T18:53:59.583+0300] {dag.py:3452} INFO - Setting next_dagrun for example_local_kubernetes_executor to None, run_after=None
[2023-04-27T18:53:59.594+0300] {processor.py:175} INFO - Processing /home/vladimir/.local/lib/python3.10/site-packages/airflow/example_dags/example_local_kubernetes_executor.py took 0.058 seconds
[2023-04-27T18:54:35.519+0300] {processor.py:153} INFO - Started process (PID=5620) to work on /home/vladimir/.local/lib/python3.10/site-packages/airflow/example_dags/example_local_kubernetes_executor.py
[2023-04-27T18:54:35.520+0300] {processor.py:743} INFO - Processing file /home/vladimir/.local/lib/python3.10/site-packages/airflow/example_dags/example_local_kubernetes_executor.py for tasks to queue
[2023-04-27T18:54:35.520+0300] {logging_mixin.py:137} INFO - [2023-04-27T18:54:35.520+0300] {dagbag.py:532} INFO - Filling up the DagBag from /home/vladimir/.local/lib/python3.10/site-packages/airflow/example_dags/example_local_kubernetes_executor.py
[2023-04-27T18:54:35.536+0300] {processor.py:753} INFO - DAG(s) dict_keys(['example_local_kubernetes_executor']) retrieved from /home/vladimir/.local/lib/python3.10/site-packages/airflow/example_dags/example_local_kubernetes_executor.py
[2023-04-27T18:54:35.552+0300] {logging_mixin.py:137} INFO - [2023-04-27T18:54:35.551+0300] {dag.py:2705} INFO - Sync 1 DAGs
[2023-04-27T18:54:35.564+0300] {logging_mixin.py:137} INFO - [2023-04-27T18:54:35.564+0300] {dag.py:3452} INFO - Setting next_dagrun for example_local_kubernetes_executor to None, run_after=None
[2023-04-27T18:54:35.576+0300] {processor.py:175} INFO - Processing /home/vladimir/.local/lib/python3.10/site-packages/airflow/example_dags/example_local_kubernetes_executor.py took 0.060 seconds
[2023-04-27T18:55:12.459+0300] {processor.py:153} INFO - Started process (PID=5666) to work on /home/vladimir/.local/lib/python3.10/site-packages/airflow/example_dags/example_local_kubernetes_executor.py
[2023-04-27T18:55:12.460+0300] {processor.py:743} INFO - Processing file /home/vladimir/.local/lib/python3.10/site-packages/airflow/example_dags/example_local_kubernetes_executor.py for tasks to queue
[2023-04-27T18:55:12.460+0300] {logging_mixin.py:137} INFO - [2023-04-27T18:55:12.460+0300] {dagbag.py:532} INFO - Filling up the DagBag from /home/vladimir/.local/lib/python3.10/site-packages/airflow/example_dags/example_local_kubernetes_executor.py
[2023-04-27T18:55:12.477+0300] {processor.py:753} INFO - DAG(s) dict_keys(['example_local_kubernetes_executor']) retrieved from /home/vladimir/.local/lib/python3.10/site-packages/airflow/example_dags/example_local_kubernetes_executor.py
[2023-04-27T18:55:12.491+0300] {logging_mixin.py:137} INFO - [2023-04-27T18:55:12.491+0300] {dag.py:2705} INFO - Sync 1 DAGs
[2023-04-27T18:55:12.502+0300] {logging_mixin.py:137} INFO - [2023-04-27T18:55:12.502+0300] {dag.py:3452} INFO - Setting next_dagrun for example_local_kubernetes_executor to None, run_after=None
[2023-04-27T18:55:12.514+0300] {processor.py:175} INFO - Processing /home/vladimir/.local/lib/python3.10/site-packages/airflow/example_dags/example_local_kubernetes_executor.py took 0.057 seconds
[2023-04-27T18:55:48.723+0300] {processor.py:153} INFO - Started process (PID=5708) to work on /home/vladimir/.local/lib/python3.10/site-packages/airflow/example_dags/example_local_kubernetes_executor.py
[2023-04-27T18:55:48.724+0300] {processor.py:743} INFO - Processing file /home/vladimir/.local/lib/python3.10/site-packages/airflow/example_dags/example_local_kubernetes_executor.py for tasks to queue
[2023-04-27T18:55:48.724+0300] {logging_mixin.py:137} INFO - [2023-04-27T18:55:48.724+0300] {dagbag.py:532} INFO - Filling up the DagBag from /home/vladimir/.local/lib/python3.10/site-packages/airflow/example_dags/example_local_kubernetes_executor.py
[2023-04-27T18:55:48.740+0300] {processor.py:753} INFO - DAG(s) dict_keys(['example_local_kubernetes_executor']) retrieved from /home/vladimir/.local/lib/python3.10/site-packages/airflow/example_dags/example_local_kubernetes_executor.py
[2023-04-27T18:55:48.754+0300] {logging_mixin.py:137} INFO - [2023-04-27T18:55:48.754+0300] {dag.py:2705} INFO - Sync 1 DAGs
[2023-04-27T18:55:48.765+0300] {logging_mixin.py:137} INFO - [2023-04-27T18:55:48.765+0300] {dag.py:3452} INFO - Setting next_dagrun for example_local_kubernetes_executor to None, run_after=None
[2023-04-27T18:55:48.778+0300] {processor.py:175} INFO - Processing /home/vladimir/.local/lib/python3.10/site-packages/airflow/example_dags/example_local_kubernetes_executor.py took 0.057 seconds
[2023-04-27T18:56:20.837+0300] {processor.py:153} INFO - Started process (PID=5984) to work on /home/vladimir/.local/lib/python3.10/site-packages/airflow/example_dags/example_local_kubernetes_executor.py
[2023-04-27T18:56:20.838+0300] {processor.py:743} INFO - Processing file /home/vladimir/.local/lib/python3.10/site-packages/airflow/example_dags/example_local_kubernetes_executor.py for tasks to queue
[2023-04-27T18:56:20.838+0300] {logging_mixin.py:137} INFO - [2023-04-27T18:56:20.838+0300] {dagbag.py:532} INFO - Filling up the DagBag from /home/vladimir/.local/lib/python3.10/site-packages/airflow/example_dags/example_local_kubernetes_executor.py
[2023-04-27T18:56:20.857+0300] {processor.py:753} INFO - DAG(s) dict_keys(['example_local_kubernetes_executor']) retrieved from /home/vladimir/.local/lib/python3.10/site-packages/airflow/example_dags/example_local_kubernetes_executor.py
[2023-04-27T18:56:20.874+0300] {logging_mixin.py:137} INFO - [2023-04-27T18:56:20.874+0300] {dag.py:2705} INFO - Sync 1 DAGs
[2023-04-27T18:56:20.890+0300] {logging_mixin.py:137} INFO - [2023-04-27T18:56:20.890+0300] {dag.py:3452} INFO - Setting next_dagrun for example_local_kubernetes_executor to None, run_after=None
[2023-04-27T18:56:20.907+0300] {processor.py:175} INFO - Processing /home/vladimir/.local/lib/python3.10/site-packages/airflow/example_dags/example_local_kubernetes_executor.py took 0.073 seconds
[2023-04-27T18:56:55.667+0300] {processor.py:153} INFO - Started process (PID=6655) to work on /home/vladimir/.local/lib/python3.10/site-packages/airflow/example_dags/example_local_kubernetes_executor.py
[2023-04-27T18:56:55.668+0300] {processor.py:743} INFO - Processing file /home/vladimir/.local/lib/python3.10/site-packages/airflow/example_dags/example_local_kubernetes_executor.py for tasks to queue
[2023-04-27T18:56:55.668+0300] {logging_mixin.py:137} INFO - [2023-04-27T18:56:55.668+0300] {dagbag.py:532} INFO - Filling up the DagBag from /home/vladimir/.local/lib/python3.10/site-packages/airflow/example_dags/example_local_kubernetes_executor.py
[2023-04-27T18:56:55.685+0300] {processor.py:753} INFO - DAG(s) dict_keys(['example_local_kubernetes_executor']) retrieved from /home/vladimir/.local/lib/python3.10/site-packages/airflow/example_dags/example_local_kubernetes_executor.py
[2023-04-27T18:56:55.700+0300] {logging_mixin.py:137} INFO - [2023-04-27T18:56:55.700+0300] {dag.py:2705} INFO - Sync 1 DAGs
[2023-04-27T18:56:55.713+0300] {logging_mixin.py:137} INFO - [2023-04-27T18:56:55.713+0300] {dag.py:3452} INFO - Setting next_dagrun for example_local_kubernetes_executor to None, run_after=None
[2023-04-27T18:56:55.726+0300] {processor.py:175} INFO - Processing /home/vladimir/.local/lib/python3.10/site-packages/airflow/example_dags/example_local_kubernetes_executor.py took 0.062 seconds
[2023-04-27T18:57:34.963+0300] {processor.py:153} INFO - Started process (PID=6721) to work on /home/vladimir/.local/lib/python3.10/site-packages/airflow/example_dags/example_local_kubernetes_executor.py
[2023-04-27T18:57:34.964+0300] {processor.py:743} INFO - Processing file /home/vladimir/.local/lib/python3.10/site-packages/airflow/example_dags/example_local_kubernetes_executor.py for tasks to queue
[2023-04-27T18:57:34.964+0300] {logging_mixin.py:137} INFO - [2023-04-27T18:57:34.964+0300] {dagbag.py:532} INFO - Filling up the DagBag from /home/vladimir/.local/lib/python3.10/site-packages/airflow/example_dags/example_local_kubernetes_executor.py
[2023-04-27T18:57:34.980+0300] {processor.py:753} INFO - DAG(s) dict_keys(['example_local_kubernetes_executor']) retrieved from /home/vladimir/.local/lib/python3.10/site-packages/airflow/example_dags/example_local_kubernetes_executor.py
[2023-04-27T18:57:34.995+0300] {logging_mixin.py:137} INFO - [2023-04-27T18:57:34.995+0300] {dag.py:2705} INFO - Sync 1 DAGs
[2023-04-27T18:57:35.007+0300] {logging_mixin.py:137} INFO - [2023-04-27T18:57:35.007+0300] {dag.py:3452} INFO - Setting next_dagrun for example_local_kubernetes_executor to None, run_after=None
[2023-04-27T18:57:35.018+0300] {processor.py:175} INFO - Processing /home/vladimir/.local/lib/python3.10/site-packages/airflow/example_dags/example_local_kubernetes_executor.py took 0.058 seconds
[2023-04-27T18:58:12.771+0300] {processor.py:153} INFO - Started process (PID=6789) to work on /home/vladimir/.local/lib/python3.10/site-packages/airflow/example_dags/example_local_kubernetes_executor.py
[2023-04-27T18:58:12.773+0300] {processor.py:743} INFO - Processing file /home/vladimir/.local/lib/python3.10/site-packages/airflow/example_dags/example_local_kubernetes_executor.py for tasks to queue
[2023-04-27T18:58:12.773+0300] {logging_mixin.py:137} INFO - [2023-04-27T18:58:12.773+0300] {dagbag.py:532} INFO - Filling up the DagBag from /home/vladimir/.local/lib/python3.10/site-packages/airflow/example_dags/example_local_kubernetes_executor.py
[2023-04-27T18:58:12.798+0300] {processor.py:753} INFO - DAG(s) dict_keys(['example_local_kubernetes_executor']) retrieved from /home/vladimir/.local/lib/python3.10/site-packages/airflow/example_dags/example_local_kubernetes_executor.py
[2023-04-27T18:58:12.817+0300] {logging_mixin.py:137} INFO - [2023-04-27T18:58:12.816+0300] {dag.py:2705} INFO - Sync 1 DAGs
[2023-04-27T18:58:12.831+0300] {logging_mixin.py:137} INFO - [2023-04-27T18:58:12.831+0300] {dag.py:3452} INFO - Setting next_dagrun for example_local_kubernetes_executor to None, run_after=None
[2023-04-27T18:58:12.845+0300] {processor.py:175} INFO - Processing /home/vladimir/.local/lib/python3.10/site-packages/airflow/example_dags/example_local_kubernetes_executor.py took 0.076 seconds
[2023-04-27T18:58:56.241+0300] {processor.py:153} INFO - Started process (PID=6874) to work on /home/vladimir/.local/lib/python3.10/site-packages/airflow/example_dags/example_local_kubernetes_executor.py
[2023-04-27T18:58:56.242+0300] {processor.py:743} INFO - Processing file /home/vladimir/.local/lib/python3.10/site-packages/airflow/example_dags/example_local_kubernetes_executor.py for tasks to queue
[2023-04-27T18:58:56.243+0300] {logging_mixin.py:137} INFO - [2023-04-27T18:58:56.243+0300] {dagbag.py:532} INFO - Filling up the DagBag from /home/vladimir/.local/lib/python3.10/site-packages/airflow/example_dags/example_local_kubernetes_executor.py
[2023-04-27T18:58:56.259+0300] {processor.py:753} INFO - DAG(s) dict_keys(['example_local_kubernetes_executor']) retrieved from /home/vladimir/.local/lib/python3.10/site-packages/airflow/example_dags/example_local_kubernetes_executor.py
[2023-04-27T18:58:56.276+0300] {logging_mixin.py:137} INFO - [2023-04-27T18:58:56.275+0300] {dag.py:2705} INFO - Sync 1 DAGs
[2023-04-27T18:58:56.289+0300] {logging_mixin.py:137} INFO - [2023-04-27T18:58:56.288+0300] {dag.py:3452} INFO - Setting next_dagrun for example_local_kubernetes_executor to None, run_after=None
[2023-04-27T18:58:56.302+0300] {processor.py:175} INFO - Processing /home/vladimir/.local/lib/python3.10/site-packages/airflow/example_dags/example_local_kubernetes_executor.py took 0.063 seconds
[2023-04-27T18:59:34.630+0300] {processor.py:153} INFO - Started process (PID=6943) to work on /home/vladimir/.local/lib/python3.10/site-packages/airflow/example_dags/example_local_kubernetes_executor.py
[2023-04-27T18:59:34.632+0300] {processor.py:743} INFO - Processing file /home/vladimir/.local/lib/python3.10/site-packages/airflow/example_dags/example_local_kubernetes_executor.py for tasks to queue
[2023-04-27T18:59:34.632+0300] {logging_mixin.py:137} INFO - [2023-04-27T18:59:34.632+0300] {dagbag.py:532} INFO - Filling up the DagBag from /home/vladimir/.local/lib/python3.10/site-packages/airflow/example_dags/example_local_kubernetes_executor.py
[2023-04-27T18:59:34.650+0300] {processor.py:753} INFO - DAG(s) dict_keys(['example_local_kubernetes_executor']) retrieved from /home/vladimir/.local/lib/python3.10/site-packages/airflow/example_dags/example_local_kubernetes_executor.py
[2023-04-27T18:59:34.668+0300] {logging_mixin.py:137} INFO - [2023-04-27T18:59:34.668+0300] {dag.py:2705} INFO - Sync 1 DAGs
[2023-04-27T18:59:34.680+0300] {logging_mixin.py:137} INFO - [2023-04-27T18:59:34.680+0300] {dag.py:3452} INFO - Setting next_dagrun for example_local_kubernetes_executor to None, run_after=None
[2023-04-27T18:59:34.692+0300] {processor.py:175} INFO - Processing /home/vladimir/.local/lib/python3.10/site-packages/airflow/example_dags/example_local_kubernetes_executor.py took 0.064 seconds
[2023-04-27T19:00:18.275+0300] {processor.py:153} INFO - Started process (PID=7041) to work on /home/vladimir/.local/lib/python3.10/site-packages/airflow/example_dags/example_local_kubernetes_executor.py
[2023-04-27T19:00:18.276+0300] {processor.py:743} INFO - Processing file /home/vladimir/.local/lib/python3.10/site-packages/airflow/example_dags/example_local_kubernetes_executor.py for tasks to queue
[2023-04-27T19:00:18.277+0300] {logging_mixin.py:137} INFO - [2023-04-27T19:00:18.277+0300] {dagbag.py:532} INFO - Filling up the DagBag from /home/vladimir/.local/lib/python3.10/site-packages/airflow/example_dags/example_local_kubernetes_executor.py
[2023-04-27T19:00:18.293+0300] {processor.py:753} INFO - DAG(s) dict_keys(['example_local_kubernetes_executor']) retrieved from /home/vladimir/.local/lib/python3.10/site-packages/airflow/example_dags/example_local_kubernetes_executor.py
[2023-04-27T19:00:18.308+0300] {logging_mixin.py:137} INFO - [2023-04-27T19:00:18.307+0300] {dag.py:2705} INFO - Sync 1 DAGs
[2023-04-27T19:00:18.320+0300] {logging_mixin.py:137} INFO - [2023-04-27T19:00:18.320+0300] {dag.py:3452} INFO - Setting next_dagrun for example_local_kubernetes_executor to None, run_after=None
[2023-04-27T19:00:18.334+0300] {processor.py:175} INFO - Processing /home/vladimir/.local/lib/python3.10/site-packages/airflow/example_dags/example_local_kubernetes_executor.py took 0.062 seconds
[2023-04-27T19:00:56.592+0300] {processor.py:153} INFO - Started process (PID=7125) to work on /home/vladimir/.local/lib/python3.10/site-packages/airflow/example_dags/example_local_kubernetes_executor.py
[2023-04-27T19:00:56.596+0300] {processor.py:743} INFO - Processing file /home/vladimir/.local/lib/python3.10/site-packages/airflow/example_dags/example_local_kubernetes_executor.py for tasks to queue
[2023-04-27T19:00:56.597+0300] {logging_mixin.py:137} INFO - [2023-04-27T19:00:56.596+0300] {dagbag.py:532} INFO - Filling up the DagBag from /home/vladimir/.local/lib/python3.10/site-packages/airflow/example_dags/example_local_kubernetes_executor.py
[2023-04-27T19:00:56.625+0300] {processor.py:753} INFO - DAG(s) dict_keys(['example_local_kubernetes_executor']) retrieved from /home/vladimir/.local/lib/python3.10/site-packages/airflow/example_dags/example_local_kubernetes_executor.py
[2023-04-27T19:00:56.650+0300] {logging_mixin.py:137} INFO - [2023-04-27T19:00:56.650+0300] {dag.py:2705} INFO - Sync 1 DAGs
[2023-04-27T19:00:56.674+0300] {logging_mixin.py:137} INFO - [2023-04-27T19:00:56.674+0300] {dag.py:3452} INFO - Setting next_dagrun for example_local_kubernetes_executor to None, run_after=None
[2023-04-27T19:00:56.693+0300] {processor.py:175} INFO - Processing /home/vladimir/.local/lib/python3.10/site-packages/airflow/example_dags/example_local_kubernetes_executor.py took 0.107 seconds
