[2023-04-27T18:25:34.225+0300] {processor.py:153} INFO - Started process (PID=5856) to work on /home/vladimir/.local/lib/python3.10/site-packages/airflow/example_dags/example_xcom.py
[2023-04-27T18:25:34.235+0300] {processor.py:743} INFO - Processing file /home/vladimir/.local/lib/python3.10/site-packages/airflow/example_dags/example_xcom.py for tasks to queue
[2023-04-27T18:25:34.238+0300] {logging_mixin.py:137} INFO - [2023-04-27T18:25:34.238+0300] {dagbag.py:532} INFO - Filling up the DagBag from /home/vladimir/.local/lib/python3.10/site-packages/airflow/example_dags/example_xcom.py
[2023-04-27T18:25:34.341+0300] {processor.py:753} INFO - DAG(s) dict_keys(['example_xcom']) retrieved from /home/vladimir/.local/lib/python3.10/site-packages/airflow/example_dags/example_xcom.py
[2023-04-27T18:25:34.743+0300] {logging_mixin.py:137} INFO - [2023-04-27T18:25:34.743+0300] {manager.py:504} INFO - Created Permission View: can read on DAG:example_xcom
[2023-04-27T18:25:34.751+0300] {logging_mixin.py:137} INFO - [2023-04-27T18:25:34.751+0300] {manager.py:504} INFO - Created Permission View: can delete on DAG:example_xcom
[2023-04-27T18:25:34.762+0300] {logging_mixin.py:137} INFO - [2023-04-27T18:25:34.762+0300] {manager.py:504} INFO - Created Permission View: can edit on DAG:example_xcom
[2023-04-27T18:25:34.762+0300] {logging_mixin.py:137} INFO - [2023-04-27T18:25:34.762+0300] {dag.py:2705} INFO - Sync 1 DAGs
[2023-04-27T18:25:34.807+0300] {logging_mixin.py:137} INFO - [2023-04-27T18:25:34.807+0300] {dag.py:2726} INFO - Creating ORM DAG for example_xcom
[2023-04-27T18:25:34.841+0300] {logging_mixin.py:137} INFO - [2023-04-27T18:25:34.841+0300] {dag.py:3452} INFO - Setting next_dagrun for example_xcom to 2021-01-01T00:00:00+00:00, run_after=2021-01-01T00:00:00+00:00
[2023-04-27T18:25:34.869+0300] {processor.py:175} INFO - Processing /home/vladimir/.local/lib/python3.10/site-packages/airflow/example_dags/example_xcom.py took 0.680 seconds
[2023-04-27T18:26:22.237+0300] {processor.py:153} INFO - Started process (PID=5998) to work on /home/vladimir/.local/lib/python3.10/site-packages/airflow/example_dags/example_xcom.py
[2023-04-27T18:26:22.239+0300] {processor.py:743} INFO - Processing file /home/vladimir/.local/lib/python3.10/site-packages/airflow/example_dags/example_xcom.py for tasks to queue
[2023-04-27T18:26:22.239+0300] {logging_mixin.py:137} INFO - [2023-04-27T18:26:22.239+0300] {dagbag.py:532} INFO - Filling up the DagBag from /home/vladimir/.local/lib/python3.10/site-packages/airflow/example_dags/example_xcom.py
[2023-04-27T18:26:22.257+0300] {processor.py:753} INFO - DAG(s) dict_keys(['example_xcom']) retrieved from /home/vladimir/.local/lib/python3.10/site-packages/airflow/example_dags/example_xcom.py
[2023-04-27T18:26:22.273+0300] {logging_mixin.py:137} INFO - [2023-04-27T18:26:22.272+0300] {dag.py:2705} INFO - Sync 1 DAGs
[2023-04-27T18:26:22.285+0300] {logging_mixin.py:137} INFO - [2023-04-27T18:26:22.285+0300] {dag.py:3452} INFO - Setting next_dagrun for example_xcom to 2021-01-01T00:00:00+00:00, run_after=2021-01-01T00:00:00+00:00
[2023-04-27T18:26:22.300+0300] {processor.py:175} INFO - Processing /home/vladimir/.local/lib/python3.10/site-packages/airflow/example_dags/example_xcom.py took 0.064 seconds
[2023-04-27T18:27:04.450+0300] {processor.py:153} INFO - Started process (PID=6065) to work on /home/vladimir/.local/lib/python3.10/site-packages/airflow/example_dags/example_xcom.py
[2023-04-27T18:27:04.451+0300] {processor.py:743} INFO - Processing file /home/vladimir/.local/lib/python3.10/site-packages/airflow/example_dags/example_xcom.py for tasks to queue
[2023-04-27T18:27:04.451+0300] {logging_mixin.py:137} INFO - [2023-04-27T18:27:04.451+0300] {dagbag.py:532} INFO - Filling up the DagBag from /home/vladimir/.local/lib/python3.10/site-packages/airflow/example_dags/example_xcom.py
[2023-04-27T18:27:04.469+0300] {processor.py:753} INFO - DAG(s) dict_keys(['example_xcom']) retrieved from /home/vladimir/.local/lib/python3.10/site-packages/airflow/example_dags/example_xcom.py
[2023-04-27T18:27:04.484+0300] {logging_mixin.py:137} INFO - [2023-04-27T18:27:04.484+0300] {dag.py:2705} INFO - Sync 1 DAGs
[2023-04-27T18:27:04.497+0300] {logging_mixin.py:137} INFO - [2023-04-27T18:27:04.497+0300] {dag.py:3452} INFO - Setting next_dagrun for example_xcom to 2021-01-01T00:00:00+00:00, run_after=2021-01-01T00:00:00+00:00
[2023-04-27T18:27:04.513+0300] {processor.py:175} INFO - Processing /home/vladimir/.local/lib/python3.10/site-packages/airflow/example_dags/example_xcom.py took 0.066 seconds
[2023-04-27T18:27:46.685+0300] {processor.py:153} INFO - Started process (PID=6127) to work on /home/vladimir/.local/lib/python3.10/site-packages/airflow/example_dags/example_xcom.py
[2023-04-27T18:27:46.686+0300] {processor.py:743} INFO - Processing file /home/vladimir/.local/lib/python3.10/site-packages/airflow/example_dags/example_xcom.py for tasks to queue
[2023-04-27T18:27:46.687+0300] {logging_mixin.py:137} INFO - [2023-04-27T18:27:46.687+0300] {dagbag.py:532} INFO - Filling up the DagBag from /home/vladimir/.local/lib/python3.10/site-packages/airflow/example_dags/example_xcom.py
[2023-04-27T18:27:46.703+0300] {processor.py:753} INFO - DAG(s) dict_keys(['example_xcom']) retrieved from /home/vladimir/.local/lib/python3.10/site-packages/airflow/example_dags/example_xcom.py
[2023-04-27T18:27:46.717+0300] {logging_mixin.py:137} INFO - [2023-04-27T18:27:46.716+0300] {dag.py:2705} INFO - Sync 1 DAGs
[2023-04-27T18:27:46.729+0300] {logging_mixin.py:137} INFO - [2023-04-27T18:27:46.729+0300] {dag.py:3452} INFO - Setting next_dagrun for example_xcom to 2021-01-01T00:00:00+00:00, run_after=2021-01-01T00:00:00+00:00
[2023-04-27T18:27:46.742+0300] {processor.py:175} INFO - Processing /home/vladimir/.local/lib/python3.10/site-packages/airflow/example_dags/example_xcom.py took 0.059 seconds
[2023-04-27T18:28:31.788+0300] {processor.py:153} INFO - Started process (PID=6194) to work on /home/vladimir/.local/lib/python3.10/site-packages/airflow/example_dags/example_xcom.py
[2023-04-27T18:28:31.789+0300] {processor.py:743} INFO - Processing file /home/vladimir/.local/lib/python3.10/site-packages/airflow/example_dags/example_xcom.py for tasks to queue
[2023-04-27T18:28:31.790+0300] {logging_mixin.py:137} INFO - [2023-04-27T18:28:31.790+0300] {dagbag.py:532} INFO - Filling up the DagBag from /home/vladimir/.local/lib/python3.10/site-packages/airflow/example_dags/example_xcom.py
[2023-04-27T18:28:31.807+0300] {processor.py:753} INFO - DAG(s) dict_keys(['example_xcom']) retrieved from /home/vladimir/.local/lib/python3.10/site-packages/airflow/example_dags/example_xcom.py
[2023-04-27T18:28:31.822+0300] {logging_mixin.py:137} INFO - [2023-04-27T18:28:31.822+0300] {dag.py:2705} INFO - Sync 1 DAGs
[2023-04-27T18:28:31.835+0300] {logging_mixin.py:137} INFO - [2023-04-27T18:28:31.834+0300] {dag.py:3452} INFO - Setting next_dagrun for example_xcom to 2021-01-01T00:00:00+00:00, run_after=2021-01-01T00:00:00+00:00
[2023-04-27T18:28:31.848+0300] {processor.py:175} INFO - Processing /home/vladimir/.local/lib/python3.10/site-packages/airflow/example_dags/example_xcom.py took 0.062 seconds
[2023-04-27T18:29:11.715+0300] {processor.py:153} INFO - Started process (PID=6311) to work on /home/vladimir/.local/lib/python3.10/site-packages/airflow/example_dags/example_xcom.py
[2023-04-27T18:29:11.716+0300] {processor.py:743} INFO - Processing file /home/vladimir/.local/lib/python3.10/site-packages/airflow/example_dags/example_xcom.py for tasks to queue
[2023-04-27T18:29:11.716+0300] {logging_mixin.py:137} INFO - [2023-04-27T18:29:11.716+0300] {dagbag.py:532} INFO - Filling up the DagBag from /home/vladimir/.local/lib/python3.10/site-packages/airflow/example_dags/example_xcom.py
[2023-04-27T18:29:11.738+0300] {processor.py:753} INFO - DAG(s) dict_keys(['example_xcom']) retrieved from /home/vladimir/.local/lib/python3.10/site-packages/airflow/example_dags/example_xcom.py
[2023-04-27T18:29:11.752+0300] {logging_mixin.py:137} INFO - [2023-04-27T18:29:11.752+0300] {dag.py:2705} INFO - Sync 1 DAGs
[2023-04-27T18:29:11.765+0300] {logging_mixin.py:137} INFO - [2023-04-27T18:29:11.764+0300] {dag.py:3452} INFO - Setting next_dagrun for example_xcom to 2021-01-01T00:00:00+00:00, run_after=2021-01-01T00:00:00+00:00
[2023-04-27T18:29:11.778+0300] {processor.py:175} INFO - Processing /home/vladimir/.local/lib/python3.10/site-packages/airflow/example_dags/example_xcom.py took 0.065 seconds
[2023-04-27T18:29:57.859+0300] {processor.py:153} INFO - Started process (PID=6423) to work on /home/vladimir/.local/lib/python3.10/site-packages/airflow/example_dags/example_xcom.py
[2023-04-27T18:29:57.860+0300] {processor.py:743} INFO - Processing file /home/vladimir/.local/lib/python3.10/site-packages/airflow/example_dags/example_xcom.py for tasks to queue
[2023-04-27T18:29:57.860+0300] {logging_mixin.py:137} INFO - [2023-04-27T18:29:57.860+0300] {dagbag.py:532} INFO - Filling up the DagBag from /home/vladimir/.local/lib/python3.10/site-packages/airflow/example_dags/example_xcom.py
[2023-04-27T18:29:57.877+0300] {processor.py:753} INFO - DAG(s) dict_keys(['example_xcom']) retrieved from /home/vladimir/.local/lib/python3.10/site-packages/airflow/example_dags/example_xcom.py
[2023-04-27T18:29:57.892+0300] {logging_mixin.py:137} INFO - [2023-04-27T18:29:57.892+0300] {dag.py:2705} INFO - Sync 1 DAGs
[2023-04-27T18:29:57.904+0300] {logging_mixin.py:137} INFO - [2023-04-27T18:29:57.904+0300] {dag.py:3452} INFO - Setting next_dagrun for example_xcom to 2021-01-01T00:00:00+00:00, run_after=2021-01-01T00:00:00+00:00
[2023-04-27T18:29:57.918+0300] {processor.py:175} INFO - Processing /home/vladimir/.local/lib/python3.10/site-packages/airflow/example_dags/example_xcom.py took 0.061 seconds
[2023-04-27T18:30:45.229+0300] {processor.py:153} INFO - Started process (PID=6548) to work on /home/vladimir/.local/lib/python3.10/site-packages/airflow/example_dags/example_xcom.py
[2023-04-27T18:30:45.230+0300] {processor.py:743} INFO - Processing file /home/vladimir/.local/lib/python3.10/site-packages/airflow/example_dags/example_xcom.py for tasks to queue
[2023-04-27T18:30:45.230+0300] {logging_mixin.py:137} INFO - [2023-04-27T18:30:45.230+0300] {dagbag.py:532} INFO - Filling up the DagBag from /home/vladimir/.local/lib/python3.10/site-packages/airflow/example_dags/example_xcom.py
[2023-04-27T18:30:45.247+0300] {processor.py:753} INFO - DAG(s) dict_keys(['example_xcom']) retrieved from /home/vladimir/.local/lib/python3.10/site-packages/airflow/example_dags/example_xcom.py
[2023-04-27T18:30:45.261+0300] {logging_mixin.py:137} INFO - [2023-04-27T18:30:45.261+0300] {dag.py:2705} INFO - Sync 1 DAGs
[2023-04-27T18:30:45.272+0300] {logging_mixin.py:137} INFO - [2023-04-27T18:30:45.272+0300] {dag.py:3452} INFO - Setting next_dagrun for example_xcom to 2021-01-01T00:00:00+00:00, run_after=2021-01-01T00:00:00+00:00
[2023-04-27T18:30:45.284+0300] {processor.py:175} INFO - Processing /home/vladimir/.local/lib/python3.10/site-packages/airflow/example_dags/example_xcom.py took 0.057 seconds
[2023-04-27T18:31:34.362+0300] {processor.py:153} INFO - Started process (PID=6640) to work on /home/vladimir/.local/lib/python3.10/site-packages/airflow/example_dags/example_xcom.py
[2023-04-27T18:31:34.363+0300] {processor.py:743} INFO - Processing file /home/vladimir/.local/lib/python3.10/site-packages/airflow/example_dags/example_xcom.py for tasks to queue
[2023-04-27T18:31:34.363+0300] {logging_mixin.py:137} INFO - [2023-04-27T18:31:34.363+0300] {dagbag.py:532} INFO - Filling up the DagBag from /home/vladimir/.local/lib/python3.10/site-packages/airflow/example_dags/example_xcom.py
[2023-04-27T18:31:34.382+0300] {processor.py:753} INFO - DAG(s) dict_keys(['example_xcom']) retrieved from /home/vladimir/.local/lib/python3.10/site-packages/airflow/example_dags/example_xcom.py
[2023-04-27T18:31:34.397+0300] {logging_mixin.py:137} INFO - [2023-04-27T18:31:34.397+0300] {dag.py:2705} INFO - Sync 1 DAGs
[2023-04-27T18:31:34.411+0300] {logging_mixin.py:137} INFO - [2023-04-27T18:31:34.411+0300] {dag.py:3452} INFO - Setting next_dagrun for example_xcom to 2021-01-01T00:00:00+00:00, run_after=2021-01-01T00:00:00+00:00
[2023-04-27T18:31:34.423+0300] {processor.py:175} INFO - Processing /home/vladimir/.local/lib/python3.10/site-packages/airflow/example_dags/example_xcom.py took 0.064 seconds
[2023-04-27T18:32:15.037+0300] {processor.py:153} INFO - Started process (PID=6704) to work on /home/vladimir/.local/lib/python3.10/site-packages/airflow/example_dags/example_xcom.py
[2023-04-27T18:32:15.038+0300] {processor.py:743} INFO - Processing file /home/vladimir/.local/lib/python3.10/site-packages/airflow/example_dags/example_xcom.py for tasks to queue
[2023-04-27T18:32:15.038+0300] {logging_mixin.py:137} INFO - [2023-04-27T18:32:15.038+0300] {dagbag.py:532} INFO - Filling up the DagBag from /home/vladimir/.local/lib/python3.10/site-packages/airflow/example_dags/example_xcom.py
[2023-04-27T18:32:15.054+0300] {processor.py:753} INFO - DAG(s) dict_keys(['example_xcom']) retrieved from /home/vladimir/.local/lib/python3.10/site-packages/airflow/example_dags/example_xcom.py
[2023-04-27T18:32:15.067+0300] {logging_mixin.py:137} INFO - [2023-04-27T18:32:15.067+0300] {dag.py:2705} INFO - Sync 1 DAGs
[2023-04-27T18:32:15.080+0300] {logging_mixin.py:137} INFO - [2023-04-27T18:32:15.080+0300] {dag.py:3452} INFO - Setting next_dagrun for example_xcom to 2021-01-01T00:00:00+00:00, run_after=2021-01-01T00:00:00+00:00
[2023-04-27T18:32:15.092+0300] {processor.py:175} INFO - Processing /home/vladimir/.local/lib/python3.10/site-packages/airflow/example_dags/example_xcom.py took 0.057 seconds
[2023-04-27T18:33:02.249+0300] {processor.py:153} INFO - Started process (PID=6872) to work on /home/vladimir/.local/lib/python3.10/site-packages/airflow/example_dags/example_xcom.py
[2023-04-27T18:33:02.250+0300] {processor.py:743} INFO - Processing file /home/vladimir/.local/lib/python3.10/site-packages/airflow/example_dags/example_xcom.py for tasks to queue
[2023-04-27T18:33:02.251+0300] {logging_mixin.py:137} INFO - [2023-04-27T18:33:02.251+0300] {dagbag.py:532} INFO - Filling up the DagBag from /home/vladimir/.local/lib/python3.10/site-packages/airflow/example_dags/example_xcom.py
[2023-04-27T18:33:02.271+0300] {processor.py:753} INFO - DAG(s) dict_keys(['example_xcom']) retrieved from /home/vladimir/.local/lib/python3.10/site-packages/airflow/example_dags/example_xcom.py
[2023-04-27T18:33:02.286+0300] {logging_mixin.py:137} INFO - [2023-04-27T18:33:02.286+0300] {dag.py:2705} INFO - Sync 1 DAGs
[2023-04-27T18:33:02.298+0300] {logging_mixin.py:137} INFO - [2023-04-27T18:33:02.298+0300] {dag.py:3452} INFO - Setting next_dagrun for example_xcom to 2021-01-01T00:00:00+00:00, run_after=2021-01-01T00:00:00+00:00
[2023-04-27T18:33:02.313+0300] {processor.py:175} INFO - Processing /home/vladimir/.local/lib/python3.10/site-packages/airflow/example_dags/example_xcom.py took 0.067 seconds
[2023-04-27T18:33:42.442+0300] {processor.py:153} INFO - Started process (PID=6931) to work on /home/vladimir/.local/lib/python3.10/site-packages/airflow/example_dags/example_xcom.py
[2023-04-27T18:33:42.443+0300] {processor.py:743} INFO - Processing file /home/vladimir/.local/lib/python3.10/site-packages/airflow/example_dags/example_xcom.py for tasks to queue
[2023-04-27T18:33:42.444+0300] {logging_mixin.py:137} INFO - [2023-04-27T18:33:42.443+0300] {dagbag.py:532} INFO - Filling up the DagBag from /home/vladimir/.local/lib/python3.10/site-packages/airflow/example_dags/example_xcom.py
[2023-04-27T18:33:42.461+0300] {processor.py:753} INFO - DAG(s) dict_keys(['example_xcom']) retrieved from /home/vladimir/.local/lib/python3.10/site-packages/airflow/example_dags/example_xcom.py
[2023-04-27T18:33:42.475+0300] {logging_mixin.py:137} INFO - [2023-04-27T18:33:42.475+0300] {dag.py:2705} INFO - Sync 1 DAGs
[2023-04-27T18:33:42.486+0300] {logging_mixin.py:137} INFO - [2023-04-27T18:33:42.486+0300] {dag.py:3452} INFO - Setting next_dagrun for example_xcom to 2021-01-01T00:00:00+00:00, run_after=2021-01-01T00:00:00+00:00
[2023-04-27T18:33:42.499+0300] {processor.py:175} INFO - Processing /home/vladimir/.local/lib/python3.10/site-packages/airflow/example_dags/example_xcom.py took 0.059 seconds
[2023-04-27T18:34:20.057+0300] {processor.py:153} INFO - Started process (PID=6995) to work on /home/vladimir/.local/lib/python3.10/site-packages/airflow/example_dags/example_xcom.py
[2023-04-27T18:34:20.058+0300] {processor.py:743} INFO - Processing file /home/vladimir/.local/lib/python3.10/site-packages/airflow/example_dags/example_xcom.py for tasks to queue
[2023-04-27T18:34:20.059+0300] {logging_mixin.py:137} INFO - [2023-04-27T18:34:20.059+0300] {dagbag.py:532} INFO - Filling up the DagBag from /home/vladimir/.local/lib/python3.10/site-packages/airflow/example_dags/example_xcom.py
[2023-04-27T18:34:20.076+0300] {processor.py:753} INFO - DAG(s) dict_keys(['example_xcom']) retrieved from /home/vladimir/.local/lib/python3.10/site-packages/airflow/example_dags/example_xcom.py
[2023-04-27T18:34:20.092+0300] {logging_mixin.py:137} INFO - [2023-04-27T18:34:20.091+0300] {dag.py:2705} INFO - Sync 1 DAGs
[2023-04-27T18:34:20.105+0300] {logging_mixin.py:137} INFO - [2023-04-27T18:34:20.105+0300] {dag.py:3452} INFO - Setting next_dagrun for example_xcom to 2021-01-01T00:00:00+00:00, run_after=2021-01-01T00:00:00+00:00
[2023-04-27T18:34:20.118+0300] {processor.py:175} INFO - Processing /home/vladimir/.local/lib/python3.10/site-packages/airflow/example_dags/example_xcom.py took 0.063 seconds
[2023-04-27T18:35:08.600+0300] {processor.py:153} INFO - Started process (PID=7125) to work on /home/vladimir/.local/lib/python3.10/site-packages/airflow/example_dags/example_xcom.py
[2023-04-27T18:35:08.601+0300] {processor.py:743} INFO - Processing file /home/vladimir/.local/lib/python3.10/site-packages/airflow/example_dags/example_xcom.py for tasks to queue
[2023-04-27T18:35:08.602+0300] {logging_mixin.py:137} INFO - [2023-04-27T18:35:08.602+0300] {dagbag.py:532} INFO - Filling up the DagBag from /home/vladimir/.local/lib/python3.10/site-packages/airflow/example_dags/example_xcom.py
[2023-04-27T18:35:08.623+0300] {processor.py:753} INFO - DAG(s) dict_keys(['example_xcom']) retrieved from /home/vladimir/.local/lib/python3.10/site-packages/airflow/example_dags/example_xcom.py
[2023-04-27T18:35:08.638+0300] {logging_mixin.py:137} INFO - [2023-04-27T18:35:08.637+0300] {dag.py:2705} INFO - Sync 1 DAGs
[2023-04-27T18:35:08.649+0300] {logging_mixin.py:137} INFO - [2023-04-27T18:35:08.649+0300] {dag.py:3452} INFO - Setting next_dagrun for example_xcom to 2021-01-01T00:00:00+00:00, run_after=2021-01-01T00:00:00+00:00
[2023-04-27T18:35:08.664+0300] {processor.py:175} INFO - Processing /home/vladimir/.local/lib/python3.10/site-packages/airflow/example_dags/example_xcom.py took 0.066 seconds
[2023-04-27T18:35:57.845+0300] {processor.py:153} INFO - Started process (PID=7488) to work on /home/vladimir/.local/lib/python3.10/site-packages/airflow/example_dags/example_xcom.py
[2023-04-27T18:35:57.846+0300] {processor.py:743} INFO - Processing file /home/vladimir/.local/lib/python3.10/site-packages/airflow/example_dags/example_xcom.py for tasks to queue
[2023-04-27T18:35:57.846+0300] {logging_mixin.py:137} INFO - [2023-04-27T18:35:57.846+0300] {dagbag.py:532} INFO - Filling up the DagBag from /home/vladimir/.local/lib/python3.10/site-packages/airflow/example_dags/example_xcom.py
[2023-04-27T18:35:57.862+0300] {processor.py:753} INFO - DAG(s) dict_keys(['example_xcom']) retrieved from /home/vladimir/.local/lib/python3.10/site-packages/airflow/example_dags/example_xcom.py
[2023-04-27T18:35:57.876+0300] {logging_mixin.py:137} INFO - [2023-04-27T18:35:57.876+0300] {dag.py:2705} INFO - Sync 1 DAGs
[2023-04-27T18:35:57.889+0300] {logging_mixin.py:137} INFO - [2023-04-27T18:35:57.888+0300] {dag.py:3452} INFO - Setting next_dagrun for example_xcom to 2021-01-01T00:00:00+00:00, run_after=2021-01-01T00:00:00+00:00
[2023-04-27T18:35:57.901+0300] {processor.py:175} INFO - Processing /home/vladimir/.local/lib/python3.10/site-packages/airflow/example_dags/example_xcom.py took 0.059 seconds
[2023-04-27T18:36:43.713+0300] {processor.py:153} INFO - Started process (PID=7569) to work on /home/vladimir/.local/lib/python3.10/site-packages/airflow/example_dags/example_xcom.py
[2023-04-27T18:36:43.714+0300] {processor.py:743} INFO - Processing file /home/vladimir/.local/lib/python3.10/site-packages/airflow/example_dags/example_xcom.py for tasks to queue
[2023-04-27T18:36:43.715+0300] {logging_mixin.py:137} INFO - [2023-04-27T18:36:43.715+0300] {dagbag.py:532} INFO - Filling up the DagBag from /home/vladimir/.local/lib/python3.10/site-packages/airflow/example_dags/example_xcom.py
[2023-04-27T18:36:43.729+0300] {processor.py:753} INFO - DAG(s) dict_keys(['example_xcom']) retrieved from /home/vladimir/.local/lib/python3.10/site-packages/airflow/example_dags/example_xcom.py
[2023-04-27T18:36:43.743+0300] {logging_mixin.py:137} INFO - [2023-04-27T18:36:43.743+0300] {dag.py:2705} INFO - Sync 1 DAGs
[2023-04-27T18:36:43.756+0300] {logging_mixin.py:137} INFO - [2023-04-27T18:36:43.755+0300] {dag.py:3452} INFO - Setting next_dagrun for example_xcom to 2021-01-01T00:00:00+00:00, run_after=2021-01-01T00:00:00+00:00
[2023-04-27T18:36:43.767+0300] {processor.py:175} INFO - Processing /home/vladimir/.local/lib/python3.10/site-packages/airflow/example_dags/example_xcom.py took 0.057 seconds
[2023-04-27T18:37:21.986+0300] {processor.py:153} INFO - Started process (PID=7653) to work on /home/vladimir/.local/lib/python3.10/site-packages/airflow/example_dags/example_xcom.py
[2023-04-27T18:37:21.987+0300] {processor.py:743} INFO - Processing file /home/vladimir/.local/lib/python3.10/site-packages/airflow/example_dags/example_xcom.py for tasks to queue
[2023-04-27T18:37:21.987+0300] {logging_mixin.py:137} INFO - [2023-04-27T18:37:21.987+0300] {dagbag.py:532} INFO - Filling up the DagBag from /home/vladimir/.local/lib/python3.10/site-packages/airflow/example_dags/example_xcom.py
[2023-04-27T18:37:22.004+0300] {processor.py:753} INFO - DAG(s) dict_keys(['example_xcom']) retrieved from /home/vladimir/.local/lib/python3.10/site-packages/airflow/example_dags/example_xcom.py
[2023-04-27T18:37:22.019+0300] {logging_mixin.py:137} INFO - [2023-04-27T18:37:22.019+0300] {dag.py:2705} INFO - Sync 1 DAGs
[2023-04-27T18:37:22.032+0300] {logging_mixin.py:137} INFO - [2023-04-27T18:37:22.032+0300] {dag.py:3452} INFO - Setting next_dagrun for example_xcom to 2021-01-01T00:00:00+00:00, run_after=2021-01-01T00:00:00+00:00
[2023-04-27T18:37:22.053+0300] {processor.py:175} INFO - Processing /home/vladimir/.local/lib/python3.10/site-packages/airflow/example_dags/example_xcom.py took 0.069 seconds
[2023-04-27T18:38:07.455+0300] {processor.py:153} INFO - Started process (PID=7715) to work on /home/vladimir/.local/lib/python3.10/site-packages/airflow/example_dags/example_xcom.py
[2023-04-27T18:38:07.456+0300] {processor.py:743} INFO - Processing file /home/vladimir/.local/lib/python3.10/site-packages/airflow/example_dags/example_xcom.py for tasks to queue
[2023-04-27T18:38:07.456+0300] {logging_mixin.py:137} INFO - [2023-04-27T18:38:07.456+0300] {dagbag.py:532} INFO - Filling up the DagBag from /home/vladimir/.local/lib/python3.10/site-packages/airflow/example_dags/example_xcom.py
[2023-04-27T18:38:07.473+0300] {processor.py:753} INFO - DAG(s) dict_keys(['example_xcom']) retrieved from /home/vladimir/.local/lib/python3.10/site-packages/airflow/example_dags/example_xcom.py
[2023-04-27T18:38:07.487+0300] {logging_mixin.py:137} INFO - [2023-04-27T18:38:07.487+0300] {dag.py:2705} INFO - Sync 1 DAGs
[2023-04-27T18:38:07.498+0300] {logging_mixin.py:137} INFO - [2023-04-27T18:38:07.498+0300] {dag.py:3452} INFO - Setting next_dagrun for example_xcom to 2021-01-01T00:00:00+00:00, run_after=2021-01-01T00:00:00+00:00
[2023-04-27T18:38:07.511+0300] {processor.py:175} INFO - Processing /home/vladimir/.local/lib/python3.10/site-packages/airflow/example_dags/example_xcom.py took 0.059 seconds
[2023-04-27T18:38:45.648+0300] {processor.py:153} INFO - Started process (PID=8058) to work on /home/vladimir/.local/lib/python3.10/site-packages/airflow/example_dags/example_xcom.py
[2023-04-27T18:38:45.649+0300] {processor.py:743} INFO - Processing file /home/vladimir/.local/lib/python3.10/site-packages/airflow/example_dags/example_xcom.py for tasks to queue
[2023-04-27T18:38:45.649+0300] {logging_mixin.py:137} INFO - [2023-04-27T18:38:45.649+0300] {dagbag.py:532} INFO - Filling up the DagBag from /home/vladimir/.local/lib/python3.10/site-packages/airflow/example_dags/example_xcom.py
[2023-04-27T18:38:45.665+0300] {processor.py:753} INFO - DAG(s) dict_keys(['example_xcom']) retrieved from /home/vladimir/.local/lib/python3.10/site-packages/airflow/example_dags/example_xcom.py
[2023-04-27T18:38:45.679+0300] {logging_mixin.py:137} INFO - [2023-04-27T18:38:45.679+0300] {dag.py:2705} INFO - Sync 1 DAGs
[2023-04-27T18:38:45.693+0300] {logging_mixin.py:137} INFO - [2023-04-27T18:38:45.693+0300] {dag.py:3452} INFO - Setting next_dagrun for example_xcom to 2021-01-01T00:00:00+00:00, run_after=2021-01-01T00:00:00+00:00
[2023-04-27T18:38:45.705+0300] {processor.py:175} INFO - Processing /home/vladimir/.local/lib/python3.10/site-packages/airflow/example_dags/example_xcom.py took 0.060 seconds
[2023-04-27T18:39:24.693+0300] {processor.py:153} INFO - Started process (PID=8122) to work on /home/vladimir/.local/lib/python3.10/site-packages/airflow/example_dags/example_xcom.py
[2023-04-27T18:39:24.694+0300] {processor.py:743} INFO - Processing file /home/vladimir/.local/lib/python3.10/site-packages/airflow/example_dags/example_xcom.py for tasks to queue
[2023-04-27T18:39:24.694+0300] {logging_mixin.py:137} INFO - [2023-04-27T18:39:24.694+0300] {dagbag.py:532} INFO - Filling up the DagBag from /home/vladimir/.local/lib/python3.10/site-packages/airflow/example_dags/example_xcom.py
[2023-04-27T18:39:24.711+0300] {processor.py:753} INFO - DAG(s) dict_keys(['example_xcom']) retrieved from /home/vladimir/.local/lib/python3.10/site-packages/airflow/example_dags/example_xcom.py
[2023-04-27T18:39:24.725+0300] {logging_mixin.py:137} INFO - [2023-04-27T18:39:24.725+0300] {dag.py:2705} INFO - Sync 1 DAGs
[2023-04-27T18:39:24.736+0300] {logging_mixin.py:137} INFO - [2023-04-27T18:39:24.736+0300] {dag.py:3452} INFO - Setting next_dagrun for example_xcom to 2021-01-01T00:00:00+00:00, run_after=2021-01-01T00:00:00+00:00
[2023-04-27T18:39:24.750+0300] {processor.py:175} INFO - Processing /home/vladimir/.local/lib/python3.10/site-packages/airflow/example_dags/example_xcom.py took 0.059 seconds
[2023-04-27T18:40:03.139+0300] {processor.py:153} INFO - Started process (PID=8213) to work on /home/vladimir/.local/lib/python3.10/site-packages/airflow/example_dags/example_xcom.py
[2023-04-27T18:40:03.140+0300] {processor.py:743} INFO - Processing file /home/vladimir/.local/lib/python3.10/site-packages/airflow/example_dags/example_xcom.py for tasks to queue
[2023-04-27T18:40:03.140+0300] {logging_mixin.py:137} INFO - [2023-04-27T18:40:03.140+0300] {dagbag.py:532} INFO - Filling up the DagBag from /home/vladimir/.local/lib/python3.10/site-packages/airflow/example_dags/example_xcom.py
[2023-04-27T18:40:03.158+0300] {processor.py:753} INFO - DAG(s) dict_keys(['example_xcom']) retrieved from /home/vladimir/.local/lib/python3.10/site-packages/airflow/example_dags/example_xcom.py
[2023-04-27T18:40:03.173+0300] {logging_mixin.py:137} INFO - [2023-04-27T18:40:03.173+0300] {dag.py:2705} INFO - Sync 1 DAGs
[2023-04-27T18:40:03.186+0300] {logging_mixin.py:137} INFO - [2023-04-27T18:40:03.186+0300] {dag.py:3452} INFO - Setting next_dagrun for example_xcom to 2021-01-01T00:00:00+00:00, run_after=2021-01-01T00:00:00+00:00
[2023-04-27T18:40:03.201+0300] {processor.py:175} INFO - Processing /home/vladimir/.local/lib/python3.10/site-packages/airflow/example_dags/example_xcom.py took 0.065 seconds
[2023-04-27T18:40:40.228+0300] {processor.py:153} INFO - Started process (PID=8330) to work on /home/vladimir/.local/lib/python3.10/site-packages/airflow/example_dags/example_xcom.py
[2023-04-27T18:40:40.229+0300] {processor.py:743} INFO - Processing file /home/vladimir/.local/lib/python3.10/site-packages/airflow/example_dags/example_xcom.py for tasks to queue
[2023-04-27T18:40:40.229+0300] {logging_mixin.py:137} INFO - [2023-04-27T18:40:40.229+0300] {dagbag.py:532} INFO - Filling up the DagBag from /home/vladimir/.local/lib/python3.10/site-packages/airflow/example_dags/example_xcom.py
[2023-04-27T18:40:40.245+0300] {processor.py:753} INFO - DAG(s) dict_keys(['example_xcom']) retrieved from /home/vladimir/.local/lib/python3.10/site-packages/airflow/example_dags/example_xcom.py
[2023-04-27T18:40:40.260+0300] {logging_mixin.py:137} INFO - [2023-04-27T18:40:40.259+0300] {dag.py:2705} INFO - Sync 1 DAGs
[2023-04-27T18:40:40.272+0300] {logging_mixin.py:137} INFO - [2023-04-27T18:40:40.272+0300] {dag.py:3452} INFO - Setting next_dagrun for example_xcom to 2021-01-01T00:00:00+00:00, run_after=2021-01-01T00:00:00+00:00
[2023-04-27T18:40:40.284+0300] {processor.py:175} INFO - Processing /home/vladimir/.local/lib/python3.10/site-packages/airflow/example_dags/example_xcom.py took 0.058 seconds
[2023-04-27T18:41:22.926+0300] {processor.py:153} INFO - Started process (PID=3090) to work on /home/vladimir/.local/lib/python3.10/site-packages/airflow/example_dags/example_xcom.py
[2023-04-27T18:41:22.927+0300] {processor.py:743} INFO - Processing file /home/vladimir/.local/lib/python3.10/site-packages/airflow/example_dags/example_xcom.py for tasks to queue
[2023-04-27T18:41:22.927+0300] {logging_mixin.py:137} INFO - [2023-04-27T18:41:22.927+0300] {dagbag.py:532} INFO - Filling up the DagBag from /home/vladimir/.local/lib/python3.10/site-packages/airflow/example_dags/example_xcom.py
[2023-04-27T18:41:22.943+0300] {processor.py:753} INFO - DAG(s) dict_keys(['example_xcom']) retrieved from /home/vladimir/.local/lib/python3.10/site-packages/airflow/example_dags/example_xcom.py
[2023-04-27T18:41:22.966+0300] {logging_mixin.py:137} INFO - [2023-04-27T18:41:22.966+0300] {dag.py:2705} INFO - Sync 1 DAGs
[2023-04-27T18:41:22.977+0300] {logging_mixin.py:137} INFO - [2023-04-27T18:41:22.977+0300] {dag.py:3452} INFO - Setting next_dagrun for example_xcom to 2021-01-01T00:00:00+00:00, run_after=2021-01-01T00:00:00+00:00
[2023-04-27T18:41:22.990+0300] {processor.py:175} INFO - Processing /home/vladimir/.local/lib/python3.10/site-packages/airflow/example_dags/example_xcom.py took 0.066 seconds
[2023-04-27T18:42:04.323+0300] {processor.py:153} INFO - Started process (PID=3660) to work on /home/vladimir/.local/lib/python3.10/site-packages/airflow/example_dags/example_xcom.py
[2023-04-27T18:42:04.324+0300] {processor.py:743} INFO - Processing file /home/vladimir/.local/lib/python3.10/site-packages/airflow/example_dags/example_xcom.py for tasks to queue
[2023-04-27T18:42:04.325+0300] {logging_mixin.py:137} INFO - [2023-04-27T18:42:04.324+0300] {dagbag.py:532} INFO - Filling up the DagBag from /home/vladimir/.local/lib/python3.10/site-packages/airflow/example_dags/example_xcom.py
[2023-04-27T18:42:04.342+0300] {processor.py:753} INFO - DAG(s) dict_keys(['example_xcom']) retrieved from /home/vladimir/.local/lib/python3.10/site-packages/airflow/example_dags/example_xcom.py
[2023-04-27T18:42:04.358+0300] {logging_mixin.py:137} INFO - [2023-04-27T18:42:04.358+0300] {dag.py:2705} INFO - Sync 1 DAGs
[2023-04-27T18:42:04.371+0300] {logging_mixin.py:137} INFO - [2023-04-27T18:42:04.371+0300] {dag.py:3452} INFO - Setting next_dagrun for example_xcom to 2021-01-01T00:00:00+00:00, run_after=2021-01-01T00:00:00+00:00
[2023-04-27T18:42:04.385+0300] {processor.py:175} INFO - Processing /home/vladimir/.local/lib/python3.10/site-packages/airflow/example_dags/example_xcom.py took 0.063 seconds
[2023-04-27T18:42:46.646+0300] {processor.py:153} INFO - Started process (PID=4524) to work on /home/vladimir/.local/lib/python3.10/site-packages/airflow/example_dags/example_xcom.py
[2023-04-27T18:42:46.647+0300] {processor.py:743} INFO - Processing file /home/vladimir/.local/lib/python3.10/site-packages/airflow/example_dags/example_xcom.py for tasks to queue
[2023-04-27T18:42:46.648+0300] {logging_mixin.py:137} INFO - [2023-04-27T18:42:46.648+0300] {dagbag.py:532} INFO - Filling up the DagBag from /home/vladimir/.local/lib/python3.10/site-packages/airflow/example_dags/example_xcom.py
[2023-04-27T18:42:46.669+0300] {processor.py:753} INFO - DAG(s) dict_keys(['example_xcom']) retrieved from /home/vladimir/.local/lib/python3.10/site-packages/airflow/example_dags/example_xcom.py
[2023-04-27T18:42:46.685+0300] {logging_mixin.py:137} INFO - [2023-04-27T18:42:46.684+0300] {dag.py:2705} INFO - Sync 1 DAGs
[2023-04-27T18:42:46.698+0300] {logging_mixin.py:137} INFO - [2023-04-27T18:42:46.698+0300] {dag.py:3452} INFO - Setting next_dagrun for example_xcom to 2021-01-01T00:00:00+00:00, run_after=2021-01-01T00:00:00+00:00
[2023-04-27T18:42:46.712+0300] {processor.py:175} INFO - Processing /home/vladimir/.local/lib/python3.10/site-packages/airflow/example_dags/example_xcom.py took 0.068 seconds
[2023-04-27T18:43:28.971+0300] {processor.py:153} INFO - Started process (PID=5201) to work on /home/vladimir/.local/lib/python3.10/site-packages/airflow/example_dags/example_xcom.py
[2023-04-27T18:43:28.973+0300] {processor.py:743} INFO - Processing file /home/vladimir/.local/lib/python3.10/site-packages/airflow/example_dags/example_xcom.py for tasks to queue
[2023-04-27T18:43:28.976+0300] {logging_mixin.py:137} INFO - [2023-04-27T18:43:28.976+0300] {dagbag.py:532} INFO - Filling up the DagBag from /home/vladimir/.local/lib/python3.10/site-packages/airflow/example_dags/example_xcom.py
[2023-04-27T18:43:29.005+0300] {processor.py:753} INFO - DAG(s) dict_keys(['example_xcom']) retrieved from /home/vladimir/.local/lib/python3.10/site-packages/airflow/example_dags/example_xcom.py
[2023-04-27T18:43:29.025+0300] {logging_mixin.py:137} INFO - [2023-04-27T18:43:29.024+0300] {dag.py:2705} INFO - Sync 1 DAGs
[2023-04-27T18:43:29.045+0300] {logging_mixin.py:137} INFO - [2023-04-27T18:43:29.044+0300] {dag.py:3452} INFO - Setting next_dagrun for example_xcom to 2021-01-01T00:00:00+00:00, run_after=2021-01-01T00:00:00+00:00
[2023-04-27T18:43:29.066+0300] {processor.py:175} INFO - Processing /home/vladimir/.local/lib/python3.10/site-packages/airflow/example_dags/example_xcom.py took 0.100 seconds
[2023-04-27T18:44:13.376+0300] {processor.py:153} INFO - Started process (PID=8177) to work on /home/vladimir/.local/lib/python3.10/site-packages/airflow/example_dags/example_xcom.py
[2023-04-27T18:44:13.385+0300] {processor.py:743} INFO - Processing file /home/vladimir/.local/lib/python3.10/site-packages/airflow/example_dags/example_xcom.py for tasks to queue
[2023-04-27T18:44:13.385+0300] {logging_mixin.py:137} INFO - [2023-04-27T18:44:13.385+0300] {dagbag.py:532} INFO - Filling up the DagBag from /home/vladimir/.local/lib/python3.10/site-packages/airflow/example_dags/example_xcom.py
[2023-04-27T18:44:13.443+0300] {processor.py:753} INFO - DAG(s) dict_keys(['example_xcom']) retrieved from /home/vladimir/.local/lib/python3.10/site-packages/airflow/example_dags/example_xcom.py
[2023-04-27T18:44:13.504+0300] {logging_mixin.py:137} INFO - [2023-04-27T18:44:13.503+0300] {dag.py:2705} INFO - Sync 1 DAGs
[2023-04-27T18:44:13.518+0300] {logging_mixin.py:137} INFO - [2023-04-27T18:44:13.518+0300] {dag.py:3452} INFO - Setting next_dagrun for example_xcom to 2021-01-01T00:00:00+00:00, run_after=2021-01-01T00:00:00+00:00
[2023-04-27T18:44:13.534+0300] {processor.py:175} INFO - Processing /home/vladimir/.local/lib/python3.10/site-packages/airflow/example_dags/example_xcom.py took 0.161 seconds
[2023-04-27T18:44:55.412+0300] {processor.py:153} INFO - Started process (PID=9348) to work on /home/vladimir/.local/lib/python3.10/site-packages/airflow/example_dags/example_xcom.py
[2023-04-27T18:44:55.413+0300] {processor.py:743} INFO - Processing file /home/vladimir/.local/lib/python3.10/site-packages/airflow/example_dags/example_xcom.py for tasks to queue
[2023-04-27T18:44:55.414+0300] {logging_mixin.py:137} INFO - [2023-04-27T18:44:55.413+0300] {dagbag.py:532} INFO - Filling up the DagBag from /home/vladimir/.local/lib/python3.10/site-packages/airflow/example_dags/example_xcom.py
[2023-04-27T18:44:55.431+0300] {processor.py:753} INFO - DAG(s) dict_keys(['example_xcom']) retrieved from /home/vladimir/.local/lib/python3.10/site-packages/airflow/example_dags/example_xcom.py
[2023-04-27T18:44:55.447+0300] {logging_mixin.py:137} INFO - [2023-04-27T18:44:55.446+0300] {dag.py:2705} INFO - Sync 1 DAGs
[2023-04-27T18:44:55.460+0300] {logging_mixin.py:137} INFO - [2023-04-27T18:44:55.460+0300] {dag.py:3452} INFO - Setting next_dagrun for example_xcom to 2021-01-01T00:00:00+00:00, run_after=2021-01-01T00:00:00+00:00
[2023-04-27T18:44:55.471+0300] {processor.py:175} INFO - Processing /home/vladimir/.local/lib/python3.10/site-packages/airflow/example_dags/example_xcom.py took 0.061 seconds
[2023-04-27T18:45:38.692+0300] {processor.py:153} INFO - Started process (PID=12079) to work on /home/vladimir/.local/lib/python3.10/site-packages/airflow/example_dags/example_xcom.py
[2023-04-27T18:45:38.693+0300] {processor.py:743} INFO - Processing file /home/vladimir/.local/lib/python3.10/site-packages/airflow/example_dags/example_xcom.py for tasks to queue
[2023-04-27T18:45:38.693+0300] {logging_mixin.py:137} INFO - [2023-04-27T18:45:38.693+0300] {dagbag.py:532} INFO - Filling up the DagBag from /home/vladimir/.local/lib/python3.10/site-packages/airflow/example_dags/example_xcom.py
[2023-04-27T18:45:38.710+0300] {processor.py:753} INFO - DAG(s) dict_keys(['example_xcom']) retrieved from /home/vladimir/.local/lib/python3.10/site-packages/airflow/example_dags/example_xcom.py
[2023-04-27T18:45:38.725+0300] {logging_mixin.py:137} INFO - [2023-04-27T18:45:38.725+0300] {dag.py:2705} INFO - Sync 1 DAGs
[2023-04-27T18:45:38.740+0300] {logging_mixin.py:137} INFO - [2023-04-27T18:45:38.739+0300] {dag.py:3452} INFO - Setting next_dagrun for example_xcom to 2021-01-01T00:00:00+00:00, run_after=2021-01-01T00:00:00+00:00
[2023-04-27T18:45:38.752+0300] {processor.py:175} INFO - Processing /home/vladimir/.local/lib/python3.10/site-packages/airflow/example_dags/example_xcom.py took 0.065 seconds
[2023-04-27T18:46:58.927+0300] {processor.py:153} INFO - Started process (PID=2926) to work on /home/vladimir/.local/lib/python3.10/site-packages/airflow/example_dags/example_xcom.py
[2023-04-27T18:46:58.930+0300] {processor.py:743} INFO - Processing file /home/vladimir/.local/lib/python3.10/site-packages/airflow/example_dags/example_xcom.py for tasks to queue
[2023-04-27T18:46:58.930+0300] {logging_mixin.py:137} INFO - [2023-04-27T18:46:58.930+0300] {dagbag.py:532} INFO - Filling up the DagBag from /home/vladimir/.local/lib/python3.10/site-packages/airflow/example_dags/example_xcom.py
[2023-04-27T18:46:58.957+0300] {processor.py:753} INFO - DAG(s) dict_keys(['example_xcom']) retrieved from /home/vladimir/.local/lib/python3.10/site-packages/airflow/example_dags/example_xcom.py
[2023-04-27T18:46:58.977+0300] {logging_mixin.py:137} INFO - [2023-04-27T18:46:58.977+0300] {dag.py:2705} INFO - Sync 1 DAGs
[2023-04-27T18:46:59.001+0300] {logging_mixin.py:137} INFO - [2023-04-27T18:46:59.001+0300] {dag.py:3452} INFO - Setting next_dagrun for example_xcom to 2021-01-01T00:00:00+00:00, run_after=2021-01-01T00:00:00+00:00
[2023-04-27T18:46:59.016+0300] {processor.py:175} INFO - Processing /home/vladimir/.local/lib/python3.10/site-packages/airflow/example_dags/example_xcom.py took 0.092 seconds
[2023-04-27T18:47:41.368+0300] {processor.py:153} INFO - Started process (PID=3953) to work on /home/vladimir/.local/lib/python3.10/site-packages/airflow/example_dags/example_xcom.py
[2023-04-27T18:47:41.369+0300] {processor.py:743} INFO - Processing file /home/vladimir/.local/lib/python3.10/site-packages/airflow/example_dags/example_xcom.py for tasks to queue
[2023-04-27T18:47:41.371+0300] {logging_mixin.py:137} INFO - [2023-04-27T18:47:41.370+0300] {dagbag.py:532} INFO - Filling up the DagBag from /home/vladimir/.local/lib/python3.10/site-packages/airflow/example_dags/example_xcom.py
[2023-04-27T18:47:41.394+0300] {processor.py:753} INFO - DAG(s) dict_keys(['example_xcom']) retrieved from /home/vladimir/.local/lib/python3.10/site-packages/airflow/example_dags/example_xcom.py
[2023-04-27T18:47:41.417+0300] {logging_mixin.py:137} INFO - [2023-04-27T18:47:41.417+0300] {dag.py:2705} INFO - Sync 1 DAGs
[2023-04-27T18:47:41.429+0300] {logging_mixin.py:137} INFO - [2023-04-27T18:47:41.429+0300] {dag.py:3452} INFO - Setting next_dagrun for example_xcom to 2021-01-01T00:00:00+00:00, run_after=2021-01-01T00:00:00+00:00
[2023-04-27T18:47:41.444+0300] {processor.py:175} INFO - Processing /home/vladimir/.local/lib/python3.10/site-packages/airflow/example_dags/example_xcom.py took 0.077 seconds
[2023-04-27T18:48:21.282+0300] {processor.py:153} INFO - Started process (PID=4129) to work on /home/vladimir/.local/lib/python3.10/site-packages/airflow/example_dags/example_xcom.py
[2023-04-27T18:48:21.283+0300] {processor.py:743} INFO - Processing file /home/vladimir/.local/lib/python3.10/site-packages/airflow/example_dags/example_xcom.py for tasks to queue
[2023-04-27T18:48:21.283+0300] {logging_mixin.py:137} INFO - [2023-04-27T18:48:21.283+0300] {dagbag.py:532} INFO - Filling up the DagBag from /home/vladimir/.local/lib/python3.10/site-packages/airflow/example_dags/example_xcom.py
[2023-04-27T18:48:21.300+0300] {processor.py:753} INFO - DAG(s) dict_keys(['example_xcom']) retrieved from /home/vladimir/.local/lib/python3.10/site-packages/airflow/example_dags/example_xcom.py
[2023-04-27T18:48:21.313+0300] {logging_mixin.py:137} INFO - [2023-04-27T18:48:21.313+0300] {dag.py:2705} INFO - Sync 1 DAGs
[2023-04-27T18:48:21.328+0300] {logging_mixin.py:137} INFO - [2023-04-27T18:48:21.328+0300] {dag.py:3452} INFO - Setting next_dagrun for example_xcom to 2021-01-01T00:00:00+00:00, run_after=2021-01-01T00:00:00+00:00
[2023-04-27T18:48:21.340+0300] {processor.py:175} INFO - Processing /home/vladimir/.local/lib/python3.10/site-packages/airflow/example_dags/example_xcom.py took 0.061 seconds
[2023-04-27T18:49:07.015+0300] {processor.py:153} INFO - Started process (PID=4178) to work on /home/vladimir/.local/lib/python3.10/site-packages/airflow/example_dags/example_xcom.py
[2023-04-27T18:49:07.016+0300] {processor.py:743} INFO - Processing file /home/vladimir/.local/lib/python3.10/site-packages/airflow/example_dags/example_xcom.py for tasks to queue
[2023-04-27T18:49:07.016+0300] {logging_mixin.py:137} INFO - [2023-04-27T18:49:07.016+0300] {dagbag.py:532} INFO - Filling up the DagBag from /home/vladimir/.local/lib/python3.10/site-packages/airflow/example_dags/example_xcom.py
[2023-04-27T18:49:07.032+0300] {processor.py:753} INFO - DAG(s) dict_keys(['example_xcom']) retrieved from /home/vladimir/.local/lib/python3.10/site-packages/airflow/example_dags/example_xcom.py
[2023-04-27T18:49:07.046+0300] {logging_mixin.py:137} INFO - [2023-04-27T18:49:07.046+0300] {dag.py:2705} INFO - Sync 1 DAGs
[2023-04-27T18:49:07.059+0300] {logging_mixin.py:137} INFO - [2023-04-27T18:49:07.059+0300] {dag.py:3452} INFO - Setting next_dagrun for example_xcom to 2021-01-01T00:00:00+00:00, run_after=2021-01-01T00:00:00+00:00
[2023-04-27T18:49:07.071+0300] {processor.py:175} INFO - Processing /home/vladimir/.local/lib/python3.10/site-packages/airflow/example_dags/example_xcom.py took 0.059 seconds
[2023-04-27T18:49:48.925+0300] {processor.py:153} INFO - Started process (PID=4443) to work on /home/vladimir/.local/lib/python3.10/site-packages/airflow/example_dags/example_xcom.py
[2023-04-27T18:49:48.926+0300] {processor.py:743} INFO - Processing file /home/vladimir/.local/lib/python3.10/site-packages/airflow/example_dags/example_xcom.py for tasks to queue
[2023-04-27T18:49:48.926+0300] {logging_mixin.py:137} INFO - [2023-04-27T18:49:48.926+0300] {dagbag.py:532} INFO - Filling up the DagBag from /home/vladimir/.local/lib/python3.10/site-packages/airflow/example_dags/example_xcom.py
[2023-04-27T18:49:48.942+0300] {processor.py:753} INFO - DAG(s) dict_keys(['example_xcom']) retrieved from /home/vladimir/.local/lib/python3.10/site-packages/airflow/example_dags/example_xcom.py
[2023-04-27T18:49:48.962+0300] {logging_mixin.py:137} INFO - [2023-04-27T18:49:48.962+0300] {dag.py:2705} INFO - Sync 1 DAGs
[2023-04-27T18:49:48.975+0300] {logging_mixin.py:137} INFO - [2023-04-27T18:49:48.975+0300] {dag.py:3452} INFO - Setting next_dagrun for example_xcom to 2021-01-01T00:00:00+00:00, run_after=2021-01-01T00:00:00+00:00
[2023-04-27T18:49:48.988+0300] {processor.py:175} INFO - Processing /home/vladimir/.local/lib/python3.10/site-packages/airflow/example_dags/example_xcom.py took 0.065 seconds
[2023-04-27T18:50:28.594+0300] {processor.py:153} INFO - Started process (PID=4900) to work on /home/vladimir/.local/lib/python3.10/site-packages/airflow/example_dags/example_xcom.py
[2023-04-27T18:50:28.595+0300] {processor.py:743} INFO - Processing file /home/vladimir/.local/lib/python3.10/site-packages/airflow/example_dags/example_xcom.py for tasks to queue
[2023-04-27T18:50:28.595+0300] {logging_mixin.py:137} INFO - [2023-04-27T18:50:28.595+0300] {dagbag.py:532} INFO - Filling up the DagBag from /home/vladimir/.local/lib/python3.10/site-packages/airflow/example_dags/example_xcom.py
[2023-04-27T18:50:28.614+0300] {processor.py:753} INFO - DAG(s) dict_keys(['example_xcom']) retrieved from /home/vladimir/.local/lib/python3.10/site-packages/airflow/example_dags/example_xcom.py
[2023-04-27T18:50:28.631+0300] {logging_mixin.py:137} INFO - [2023-04-27T18:50:28.631+0300] {dag.py:2705} INFO - Sync 1 DAGs
[2023-04-27T18:50:28.645+0300] {logging_mixin.py:137} INFO - [2023-04-27T18:50:28.645+0300] {dag.py:3452} INFO - Setting next_dagrun for example_xcom to 2021-01-01T00:00:00+00:00, run_after=2021-01-01T00:00:00+00:00
[2023-04-27T18:50:28.661+0300] {processor.py:175} INFO - Processing /home/vladimir/.local/lib/python3.10/site-packages/airflow/example_dags/example_xcom.py took 0.070 seconds
[2023-04-27T18:51:13.047+0300] {processor.py:153} INFO - Started process (PID=5251) to work on /home/vladimir/.local/lib/python3.10/site-packages/airflow/example_dags/example_xcom.py
[2023-04-27T18:51:13.048+0300] {processor.py:743} INFO - Processing file /home/vladimir/.local/lib/python3.10/site-packages/airflow/example_dags/example_xcom.py for tasks to queue
[2023-04-27T18:51:13.048+0300] {logging_mixin.py:137} INFO - [2023-04-27T18:51:13.048+0300] {dagbag.py:532} INFO - Filling up the DagBag from /home/vladimir/.local/lib/python3.10/site-packages/airflow/example_dags/example_xcom.py
[2023-04-27T18:51:13.066+0300] {processor.py:753} INFO - DAG(s) dict_keys(['example_xcom']) retrieved from /home/vladimir/.local/lib/python3.10/site-packages/airflow/example_dags/example_xcom.py
[2023-04-27T18:51:13.080+0300] {logging_mixin.py:137} INFO - [2023-04-27T18:51:13.080+0300] {dag.py:2705} INFO - Sync 1 DAGs
[2023-04-27T18:51:13.092+0300] {logging_mixin.py:137} INFO - [2023-04-27T18:51:13.092+0300] {dag.py:3452} INFO - Setting next_dagrun for example_xcom to 2021-01-01T00:00:00+00:00, run_after=2021-01-01T00:00:00+00:00
[2023-04-27T18:51:13.105+0300] {processor.py:175} INFO - Processing /home/vladimir/.local/lib/python3.10/site-packages/airflow/example_dags/example_xcom.py took 0.060 seconds
[2023-04-27T18:51:57.464+0300] {processor.py:153} INFO - Started process (PID=5304) to work on /home/vladimir/.local/lib/python3.10/site-packages/airflow/example_dags/example_xcom.py
[2023-04-27T18:51:57.465+0300] {processor.py:743} INFO - Processing file /home/vladimir/.local/lib/python3.10/site-packages/airflow/example_dags/example_xcom.py for tasks to queue
[2023-04-27T18:51:57.466+0300] {logging_mixin.py:137} INFO - [2023-04-27T18:51:57.466+0300] {dagbag.py:532} INFO - Filling up the DagBag from /home/vladimir/.local/lib/python3.10/site-packages/airflow/example_dags/example_xcom.py
[2023-04-27T18:51:57.483+0300] {processor.py:753} INFO - DAG(s) dict_keys(['example_xcom']) retrieved from /home/vladimir/.local/lib/python3.10/site-packages/airflow/example_dags/example_xcom.py
[2023-04-27T18:51:57.497+0300] {logging_mixin.py:137} INFO - [2023-04-27T18:51:57.497+0300] {dag.py:2705} INFO - Sync 1 DAGs
[2023-04-27T18:51:57.509+0300] {logging_mixin.py:137} INFO - [2023-04-27T18:51:57.509+0300] {dag.py:3452} INFO - Setting next_dagrun for example_xcom to 2021-01-01T00:00:00+00:00, run_after=2021-01-01T00:00:00+00:00
[2023-04-27T18:51:57.523+0300] {processor.py:175} INFO - Processing /home/vladimir/.local/lib/python3.10/site-packages/airflow/example_dags/example_xcom.py took 0.061 seconds
[2023-04-27T18:52:43.829+0300] {processor.py:153} INFO - Started process (PID=5354) to work on /home/vladimir/.local/lib/python3.10/site-packages/airflow/example_dags/example_xcom.py
[2023-04-27T18:52:43.830+0300] {processor.py:743} INFO - Processing file /home/vladimir/.local/lib/python3.10/site-packages/airflow/example_dags/example_xcom.py for tasks to queue
[2023-04-27T18:52:43.831+0300] {logging_mixin.py:137} INFO - [2023-04-27T18:52:43.830+0300] {dagbag.py:532} INFO - Filling up the DagBag from /home/vladimir/.local/lib/python3.10/site-packages/airflow/example_dags/example_xcom.py
[2023-04-27T18:52:43.847+0300] {processor.py:753} INFO - DAG(s) dict_keys(['example_xcom']) retrieved from /home/vladimir/.local/lib/python3.10/site-packages/airflow/example_dags/example_xcom.py
[2023-04-27T18:52:43.861+0300] {logging_mixin.py:137} INFO - [2023-04-27T18:52:43.861+0300] {dag.py:2705} INFO - Sync 1 DAGs
[2023-04-27T18:52:43.874+0300] {logging_mixin.py:137} INFO - [2023-04-27T18:52:43.873+0300] {dag.py:3452} INFO - Setting next_dagrun for example_xcom to 2021-01-01T00:00:00+00:00, run_after=2021-01-01T00:00:00+00:00
[2023-04-27T18:52:43.889+0300] {processor.py:175} INFO - Processing /home/vladimir/.local/lib/python3.10/site-packages/airflow/example_dags/example_xcom.py took 0.063 seconds
[2023-04-27T18:53:21.979+0300] {processor.py:153} INFO - Started process (PID=5538) to work on /home/vladimir/.local/lib/python3.10/site-packages/airflow/example_dags/example_xcom.py
[2023-04-27T18:53:21.979+0300] {processor.py:743} INFO - Processing file /home/vladimir/.local/lib/python3.10/site-packages/airflow/example_dags/example_xcom.py for tasks to queue
[2023-04-27T18:53:21.980+0300] {logging_mixin.py:137} INFO - [2023-04-27T18:53:21.980+0300] {dagbag.py:532} INFO - Filling up the DagBag from /home/vladimir/.local/lib/python3.10/site-packages/airflow/example_dags/example_xcom.py
[2023-04-27T18:53:22.002+0300] {processor.py:753} INFO - DAG(s) dict_keys(['example_xcom']) retrieved from /home/vladimir/.local/lib/python3.10/site-packages/airflow/example_dags/example_xcom.py
[2023-04-27T18:53:22.017+0300] {logging_mixin.py:137} INFO - [2023-04-27T18:53:22.017+0300] {dag.py:2705} INFO - Sync 1 DAGs
[2023-04-27T18:53:22.031+0300] {logging_mixin.py:137} INFO - [2023-04-27T18:53:22.031+0300] {dag.py:3452} INFO - Setting next_dagrun for example_xcom to 2021-01-01T00:00:00+00:00, run_after=2021-01-01T00:00:00+00:00
[2023-04-27T18:53:22.045+0300] {processor.py:175} INFO - Processing /home/vladimir/.local/lib/python3.10/site-packages/airflow/example_dags/example_xcom.py took 0.069 seconds
[2023-04-27T18:54:05.952+0300] {processor.py:153} INFO - Started process (PID=5586) to work on /home/vladimir/.local/lib/python3.10/site-packages/airflow/example_dags/example_xcom.py
[2023-04-27T18:54:05.953+0300] {processor.py:743} INFO - Processing file /home/vladimir/.local/lib/python3.10/site-packages/airflow/example_dags/example_xcom.py for tasks to queue
[2023-04-27T18:54:05.953+0300] {logging_mixin.py:137} INFO - [2023-04-27T18:54:05.953+0300] {dagbag.py:532} INFO - Filling up the DagBag from /home/vladimir/.local/lib/python3.10/site-packages/airflow/example_dags/example_xcom.py
[2023-04-27T18:54:05.969+0300] {processor.py:753} INFO - DAG(s) dict_keys(['example_xcom']) retrieved from /home/vladimir/.local/lib/python3.10/site-packages/airflow/example_dags/example_xcom.py
[2023-04-27T18:54:05.983+0300] {logging_mixin.py:137} INFO - [2023-04-27T18:54:05.982+0300] {dag.py:2705} INFO - Sync 1 DAGs
[2023-04-27T18:54:05.994+0300] {logging_mixin.py:137} INFO - [2023-04-27T18:54:05.994+0300] {dag.py:3452} INFO - Setting next_dagrun for example_xcom to 2021-01-01T00:00:00+00:00, run_after=2021-01-01T00:00:00+00:00
[2023-04-27T18:54:06.006+0300] {processor.py:175} INFO - Processing /home/vladimir/.local/lib/python3.10/site-packages/airflow/example_dags/example_xcom.py took 0.056 seconds
[2023-04-27T18:54:53.543+0300] {processor.py:153} INFO - Started process (PID=5641) to work on /home/vladimir/.local/lib/python3.10/site-packages/airflow/example_dags/example_xcom.py
[2023-04-27T18:54:53.544+0300] {processor.py:743} INFO - Processing file /home/vladimir/.local/lib/python3.10/site-packages/airflow/example_dags/example_xcom.py for tasks to queue
[2023-04-27T18:54:53.545+0300] {logging_mixin.py:137} INFO - [2023-04-27T18:54:53.545+0300] {dagbag.py:532} INFO - Filling up the DagBag from /home/vladimir/.local/lib/python3.10/site-packages/airflow/example_dags/example_xcom.py
[2023-04-27T18:54:53.563+0300] {processor.py:753} INFO - DAG(s) dict_keys(['example_xcom']) retrieved from /home/vladimir/.local/lib/python3.10/site-packages/airflow/example_dags/example_xcom.py
[2023-04-27T18:54:53.580+0300] {logging_mixin.py:137} INFO - [2023-04-27T18:54:53.580+0300] {dag.py:2705} INFO - Sync 1 DAGs
[2023-04-27T18:54:53.594+0300] {logging_mixin.py:137} INFO - [2023-04-27T18:54:53.593+0300] {dag.py:3452} INFO - Setting next_dagrun for example_xcom to 2021-01-01T00:00:00+00:00, run_after=2021-01-01T00:00:00+00:00
[2023-04-27T18:54:53.607+0300] {processor.py:175} INFO - Processing /home/vladimir/.local/lib/python3.10/site-packages/airflow/example_dags/example_xcom.py took 0.065 seconds
[2023-04-27T18:55:42.792+0300] {processor.py:153} INFO - Started process (PID=5701) to work on /home/vladimir/.local/lib/python3.10/site-packages/airflow/example_dags/example_xcom.py
[2023-04-27T18:55:42.792+0300] {processor.py:743} INFO - Processing file /home/vladimir/.local/lib/python3.10/site-packages/airflow/example_dags/example_xcom.py for tasks to queue
[2023-04-27T18:55:42.793+0300] {logging_mixin.py:137} INFO - [2023-04-27T18:55:42.793+0300] {dagbag.py:532} INFO - Filling up the DagBag from /home/vladimir/.local/lib/python3.10/site-packages/airflow/example_dags/example_xcom.py
[2023-04-27T18:55:42.808+0300] {processor.py:753} INFO - DAG(s) dict_keys(['example_xcom']) retrieved from /home/vladimir/.local/lib/python3.10/site-packages/airflow/example_dags/example_xcom.py
[2023-04-27T18:55:42.821+0300] {logging_mixin.py:137} INFO - [2023-04-27T18:55:42.821+0300] {dag.py:2705} INFO - Sync 1 DAGs
[2023-04-27T18:55:42.832+0300] {logging_mixin.py:137} INFO - [2023-04-27T18:55:42.832+0300] {dag.py:3452} INFO - Setting next_dagrun for example_xcom to 2021-01-01T00:00:00+00:00, run_after=2021-01-01T00:00:00+00:00
[2023-04-27T18:55:42.844+0300] {processor.py:175} INFO - Processing /home/vladimir/.local/lib/python3.10/site-packages/airflow/example_dags/example_xcom.py took 0.055 seconds
[2023-04-27T18:56:24.835+0300] {processor.py:153} INFO - Started process (PID=6539) to work on /home/vladimir/.local/lib/python3.10/site-packages/airflow/example_dags/example_xcom.py
[2023-04-27T18:56:24.836+0300] {processor.py:743} INFO - Processing file /home/vladimir/.local/lib/python3.10/site-packages/airflow/example_dags/example_xcom.py for tasks to queue
[2023-04-27T18:56:24.837+0300] {logging_mixin.py:137} INFO - [2023-04-27T18:56:24.837+0300] {dagbag.py:532} INFO - Filling up the DagBag from /home/vladimir/.local/lib/python3.10/site-packages/airflow/example_dags/example_xcom.py
[2023-04-27T18:56:24.852+0300] {processor.py:753} INFO - DAG(s) dict_keys(['example_xcom']) retrieved from /home/vladimir/.local/lib/python3.10/site-packages/airflow/example_dags/example_xcom.py
[2023-04-27T18:56:24.867+0300] {logging_mixin.py:137} INFO - [2023-04-27T18:56:24.867+0300] {dag.py:2705} INFO - Sync 1 DAGs
[2023-04-27T18:56:24.880+0300] {logging_mixin.py:137} INFO - [2023-04-27T18:56:24.880+0300] {dag.py:3452} INFO - Setting next_dagrun for example_xcom to 2021-01-01T00:00:00+00:00, run_after=2021-01-01T00:00:00+00:00
[2023-04-27T18:56:24.893+0300] {processor.py:175} INFO - Processing /home/vladimir/.local/lib/python3.10/site-packages/airflow/example_dags/example_xcom.py took 0.060 seconds
[2023-04-27T18:57:11.080+0300] {processor.py:153} INFO - Started process (PID=6679) to work on /home/vladimir/.local/lib/python3.10/site-packages/airflow/example_dags/example_xcom.py
[2023-04-27T18:57:11.081+0300] {processor.py:743} INFO - Processing file /home/vladimir/.local/lib/python3.10/site-packages/airflow/example_dags/example_xcom.py for tasks to queue
[2023-04-27T18:57:11.082+0300] {logging_mixin.py:137} INFO - [2023-04-27T18:57:11.082+0300] {dagbag.py:532} INFO - Filling up the DagBag from /home/vladimir/.local/lib/python3.10/site-packages/airflow/example_dags/example_xcom.py
[2023-04-27T18:57:11.097+0300] {processor.py:753} INFO - DAG(s) dict_keys(['example_xcom']) retrieved from /home/vladimir/.local/lib/python3.10/site-packages/airflow/example_dags/example_xcom.py
[2023-04-27T18:57:11.110+0300] {logging_mixin.py:137} INFO - [2023-04-27T18:57:11.110+0300] {dag.py:2705} INFO - Sync 1 DAGs
[2023-04-27T18:57:11.123+0300] {logging_mixin.py:137} INFO - [2023-04-27T18:57:11.122+0300] {dag.py:3452} INFO - Setting next_dagrun for example_xcom to 2021-01-01T00:00:00+00:00, run_after=2021-01-01T00:00:00+00:00
[2023-04-27T18:57:11.134+0300] {processor.py:175} INFO - Processing /home/vladimir/.local/lib/python3.10/site-packages/airflow/example_dags/example_xcom.py took 0.056 seconds
[2023-04-27T18:57:51.621+0300] {processor.py:153} INFO - Started process (PID=6750) to work on /home/vladimir/.local/lib/python3.10/site-packages/airflow/example_dags/example_xcom.py
[2023-04-27T18:57:51.622+0300] {processor.py:743} INFO - Processing file /home/vladimir/.local/lib/python3.10/site-packages/airflow/example_dags/example_xcom.py for tasks to queue
[2023-04-27T18:57:51.623+0300] {logging_mixin.py:137} INFO - [2023-04-27T18:57:51.623+0300] {dagbag.py:532} INFO - Filling up the DagBag from /home/vladimir/.local/lib/python3.10/site-packages/airflow/example_dags/example_xcom.py
[2023-04-27T18:57:51.640+0300] {processor.py:753} INFO - DAG(s) dict_keys(['example_xcom']) retrieved from /home/vladimir/.local/lib/python3.10/site-packages/airflow/example_dags/example_xcom.py
[2023-04-27T18:57:51.655+0300] {logging_mixin.py:137} INFO - [2023-04-27T18:57:51.654+0300] {dag.py:2705} INFO - Sync 1 DAGs
[2023-04-27T18:57:51.666+0300] {logging_mixin.py:137} INFO - [2023-04-27T18:57:51.666+0300] {dag.py:3452} INFO - Setting next_dagrun for example_xcom to 2021-01-01T00:00:00+00:00, run_after=2021-01-01T00:00:00+00:00
[2023-04-27T18:57:51.679+0300] {processor.py:175} INFO - Processing /home/vladimir/.local/lib/python3.10/site-packages/airflow/example_dags/example_xcom.py took 0.060 seconds
[2023-04-27T18:58:36.719+0300] {processor.py:153} INFO - Started process (PID=6838) to work on /home/vladimir/.local/lib/python3.10/site-packages/airflow/example_dags/example_xcom.py
[2023-04-27T18:58:36.720+0300] {processor.py:743} INFO - Processing file /home/vladimir/.local/lib/python3.10/site-packages/airflow/example_dags/example_xcom.py for tasks to queue
[2023-04-27T18:58:36.720+0300] {logging_mixin.py:137} INFO - [2023-04-27T18:58:36.720+0300] {dagbag.py:532} INFO - Filling up the DagBag from /home/vladimir/.local/lib/python3.10/site-packages/airflow/example_dags/example_xcom.py
[2023-04-27T18:58:36.738+0300] {processor.py:753} INFO - DAG(s) dict_keys(['example_xcom']) retrieved from /home/vladimir/.local/lib/python3.10/site-packages/airflow/example_dags/example_xcom.py
[2023-04-27T18:58:36.752+0300] {logging_mixin.py:137} INFO - [2023-04-27T18:58:36.752+0300] {dag.py:2705} INFO - Sync 1 DAGs
[2023-04-27T18:58:36.764+0300] {logging_mixin.py:137} INFO - [2023-04-27T18:58:36.764+0300] {dag.py:3452} INFO - Setting next_dagrun for example_xcom to 2021-01-01T00:00:00+00:00, run_after=2021-01-01T00:00:00+00:00
[2023-04-27T18:58:36.776+0300] {processor.py:175} INFO - Processing /home/vladimir/.local/lib/python3.10/site-packages/airflow/example_dags/example_xcom.py took 0.060 seconds
[2023-04-27T18:59:24.682+0300] {processor.py:153} INFO - Started process (PID=6923) to work on /home/vladimir/.local/lib/python3.10/site-packages/airflow/example_dags/example_xcom.py
[2023-04-27T18:59:24.684+0300] {processor.py:743} INFO - Processing file /home/vladimir/.local/lib/python3.10/site-packages/airflow/example_dags/example_xcom.py for tasks to queue
[2023-04-27T18:59:24.684+0300] {logging_mixin.py:137} INFO - [2023-04-27T18:59:24.684+0300] {dagbag.py:532} INFO - Filling up the DagBag from /home/vladimir/.local/lib/python3.10/site-packages/airflow/example_dags/example_xcom.py
[2023-04-27T18:59:24.702+0300] {processor.py:753} INFO - DAG(s) dict_keys(['example_xcom']) retrieved from /home/vladimir/.local/lib/python3.10/site-packages/airflow/example_dags/example_xcom.py
[2023-04-27T18:59:24.718+0300] {logging_mixin.py:137} INFO - [2023-04-27T18:59:24.718+0300] {dag.py:2705} INFO - Sync 1 DAGs
[2023-04-27T18:59:24.730+0300] {logging_mixin.py:137} INFO - [2023-04-27T18:59:24.730+0300] {dag.py:3452} INFO - Setting next_dagrun for example_xcom to 2021-01-01T00:00:00+00:00, run_after=2021-01-01T00:00:00+00:00
[2023-04-27T18:59:24.742+0300] {processor.py:175} INFO - Processing /home/vladimir/.local/lib/python3.10/site-packages/airflow/example_dags/example_xcom.py took 0.064 seconds
[2023-04-27T19:00:06.866+0300] {processor.py:153} INFO - Started process (PID=6997) to work on /home/vladimir/.local/lib/python3.10/site-packages/airflow/example_dags/example_xcom.py
[2023-04-27T19:00:06.867+0300] {processor.py:743} INFO - Processing file /home/vladimir/.local/lib/python3.10/site-packages/airflow/example_dags/example_xcom.py for tasks to queue
[2023-04-27T19:00:06.868+0300] {logging_mixin.py:137} INFO - [2023-04-27T19:00:06.868+0300] {dagbag.py:532} INFO - Filling up the DagBag from /home/vladimir/.local/lib/python3.10/site-packages/airflow/example_dags/example_xcom.py
[2023-04-27T19:00:06.886+0300] {processor.py:753} INFO - DAG(s) dict_keys(['example_xcom']) retrieved from /home/vladimir/.local/lib/python3.10/site-packages/airflow/example_dags/example_xcom.py
[2023-04-27T19:00:06.904+0300] {logging_mixin.py:137} INFO - [2023-04-27T19:00:06.904+0300] {dag.py:2705} INFO - Sync 1 DAGs
[2023-04-27T19:00:06.916+0300] {logging_mixin.py:137} INFO - [2023-04-27T19:00:06.916+0300] {dag.py:3452} INFO - Setting next_dagrun for example_xcom to 2021-01-01T00:00:00+00:00, run_after=2021-01-01T00:00:00+00:00
[2023-04-27T19:00:06.929+0300] {processor.py:175} INFO - Processing /home/vladimir/.local/lib/python3.10/site-packages/airflow/example_dags/example_xcom.py took 0.065 seconds
[2023-04-27T19:00:45.308+0300] {processor.py:153} INFO - Started process (PID=7092) to work on /home/vladimir/.local/lib/python3.10/site-packages/airflow/example_dags/example_xcom.py
[2023-04-27T19:00:45.309+0300] {processor.py:743} INFO - Processing file /home/vladimir/.local/lib/python3.10/site-packages/airflow/example_dags/example_xcom.py for tasks to queue
[2023-04-27T19:00:45.310+0300] {logging_mixin.py:137} INFO - [2023-04-27T19:00:45.310+0300] {dagbag.py:532} INFO - Filling up the DagBag from /home/vladimir/.local/lib/python3.10/site-packages/airflow/example_dags/example_xcom.py
[2023-04-27T19:00:45.328+0300] {processor.py:753} INFO - DAG(s) dict_keys(['example_xcom']) retrieved from /home/vladimir/.local/lib/python3.10/site-packages/airflow/example_dags/example_xcom.py
[2023-04-27T19:00:45.342+0300] {logging_mixin.py:137} INFO - [2023-04-27T19:00:45.342+0300] {dag.py:2705} INFO - Sync 1 DAGs
[2023-04-27T19:00:45.356+0300] {logging_mixin.py:137} INFO - [2023-04-27T19:00:45.356+0300] {dag.py:3452} INFO - Setting next_dagrun for example_xcom to 2021-01-01T00:00:00+00:00, run_after=2021-01-01T00:00:00+00:00
[2023-04-27T19:00:45.370+0300] {processor.py:175} INFO - Processing /home/vladimir/.local/lib/python3.10/site-packages/airflow/example_dags/example_xcom.py took 0.065 seconds
