[2023-04-27T18:26:01.363+0300] {processor.py:153} INFO - Started process (PID=5964) to work on /home/vladimir/.local/lib/python3.10/site-packages/airflow/example_dags/example_branch_python_dop_operator_3.py
[2023-04-27T18:26:01.363+0300] {processor.py:743} INFO - Processing file /home/vladimir/.local/lib/python3.10/site-packages/airflow/example_dags/example_branch_python_dop_operator_3.py for tasks to queue
[2023-04-27T18:26:01.364+0300] {logging_mixin.py:137} INFO - [2023-04-27T18:26:01.364+0300] {dagbag.py:532} INFO - Filling up the DagBag from /home/vladimir/.local/lib/python3.10/site-packages/airflow/example_dags/example_branch_python_dop_operator_3.py
[2023-04-27T18:26:01.384+0300] {processor.py:753} INFO - DAG(s) dict_keys(['example_branch_dop_operator_v3']) retrieved from /home/vladimir/.local/lib/python3.10/site-packages/airflow/example_dags/example_branch_python_dop_operator_3.py
[2023-04-27T18:26:01.444+0300] {logging_mixin.py:137} INFO - [2023-04-27T18:26:01.444+0300] {manager.py:504} INFO - Created Permission View: can read on DAG:example_branch_dop_operator_v3
[2023-04-27T18:26:01.449+0300] {logging_mixin.py:137} INFO - [2023-04-27T18:26:01.449+0300] {manager.py:504} INFO - Created Permission View: can delete on DAG:example_branch_dop_operator_v3
[2023-04-27T18:26:01.455+0300] {logging_mixin.py:137} INFO - [2023-04-27T18:26:01.455+0300] {manager.py:504} INFO - Created Permission View: can edit on DAG:example_branch_dop_operator_v3
[2023-04-27T18:26:01.455+0300] {logging_mixin.py:137} INFO - [2023-04-27T18:26:01.455+0300] {dag.py:2705} INFO - Sync 1 DAGs
[2023-04-27T18:26:01.462+0300] {logging_mixin.py:137} INFO - [2023-04-27T18:26:01.462+0300] {dag.py:2726} INFO - Creating ORM DAG for example_branch_dop_operator_v3
[2023-04-27T18:26:01.472+0300] {logging_mixin.py:137} INFO - [2023-04-27T18:26:01.472+0300] {dag.py:3452} INFO - Setting next_dagrun for example_branch_dop_operator_v3 to 2023-04-27T15:25:00+00:00, run_after=2023-04-27T15:26:00+00:00
[2023-04-27T18:26:01.487+0300] {processor.py:175} INFO - Processing /home/vladimir/.local/lib/python3.10/site-packages/airflow/example_dags/example_branch_python_dop_operator_3.py took 0.126 seconds
[2023-04-27T18:26:45.059+0300] {processor.py:153} INFO - Started process (PID=6035) to work on /home/vladimir/.local/lib/python3.10/site-packages/airflow/example_dags/example_branch_python_dop_operator_3.py
[2023-04-27T18:26:45.060+0300] {processor.py:743} INFO - Processing file /home/vladimir/.local/lib/python3.10/site-packages/airflow/example_dags/example_branch_python_dop_operator_3.py for tasks to queue
[2023-04-27T18:26:45.060+0300] {logging_mixin.py:137} INFO - [2023-04-27T18:26:45.060+0300] {dagbag.py:532} INFO - Filling up the DagBag from /home/vladimir/.local/lib/python3.10/site-packages/airflow/example_dags/example_branch_python_dop_operator_3.py
[2023-04-27T18:26:45.078+0300] {processor.py:753} INFO - DAG(s) dict_keys(['example_branch_dop_operator_v3']) retrieved from /home/vladimir/.local/lib/python3.10/site-packages/airflow/example_dags/example_branch_python_dop_operator_3.py
[2023-04-27T18:26:45.091+0300] {logging_mixin.py:137} INFO - [2023-04-27T18:26:45.091+0300] {dag.py:2705} INFO - Sync 1 DAGs
[2023-04-27T18:26:45.106+0300] {logging_mixin.py:137} INFO - [2023-04-27T18:26:45.106+0300] {dag.py:3452} INFO - Setting next_dagrun for example_branch_dop_operator_v3 to 2023-04-27T15:25:00+00:00, run_after=2023-04-27T15:26:00+00:00
[2023-04-27T18:26:45.119+0300] {processor.py:175} INFO - Processing /home/vladimir/.local/lib/python3.10/site-packages/airflow/example_dags/example_branch_python_dop_operator_3.py took 0.063 seconds
[2023-04-27T18:27:35.270+0300] {processor.py:153} INFO - Started process (PID=6112) to work on /home/vladimir/.local/lib/python3.10/site-packages/airflow/example_dags/example_branch_python_dop_operator_3.py
[2023-04-27T18:27:35.271+0300] {processor.py:743} INFO - Processing file /home/vladimir/.local/lib/python3.10/site-packages/airflow/example_dags/example_branch_python_dop_operator_3.py for tasks to queue
[2023-04-27T18:27:35.271+0300] {logging_mixin.py:137} INFO - [2023-04-27T18:27:35.271+0300] {dagbag.py:532} INFO - Filling up the DagBag from /home/vladimir/.local/lib/python3.10/site-packages/airflow/example_dags/example_branch_python_dop_operator_3.py
[2023-04-27T18:27:35.288+0300] {processor.py:753} INFO - DAG(s) dict_keys(['example_branch_dop_operator_v3']) retrieved from /home/vladimir/.local/lib/python3.10/site-packages/airflow/example_dags/example_branch_python_dop_operator_3.py
[2023-04-27T18:27:35.301+0300] {logging_mixin.py:137} INFO - [2023-04-27T18:27:35.301+0300] {dag.py:2705} INFO - Sync 1 DAGs
[2023-04-27T18:27:35.316+0300] {logging_mixin.py:137} INFO - [2023-04-27T18:27:35.316+0300] {dag.py:3452} INFO - Setting next_dagrun for example_branch_dop_operator_v3 to 2023-04-27T15:26:00+00:00, run_after=2023-04-27T15:27:00+00:00
[2023-04-27T18:27:35.329+0300] {processor.py:175} INFO - Processing /home/vladimir/.local/lib/python3.10/site-packages/airflow/example_dags/example_branch_python_dop_operator_3.py took 0.061 seconds
[2023-04-27T18:28:20.375+0300] {processor.py:153} INFO - Started process (PID=6174) to work on /home/vladimir/.local/lib/python3.10/site-packages/airflow/example_dags/example_branch_python_dop_operator_3.py
[2023-04-27T18:28:20.376+0300] {processor.py:743} INFO - Processing file /home/vladimir/.local/lib/python3.10/site-packages/airflow/example_dags/example_branch_python_dop_operator_3.py for tasks to queue
[2023-04-27T18:28:20.376+0300] {logging_mixin.py:137} INFO - [2023-04-27T18:28:20.376+0300] {dagbag.py:532} INFO - Filling up the DagBag from /home/vladimir/.local/lib/python3.10/site-packages/airflow/example_dags/example_branch_python_dop_operator_3.py
[2023-04-27T18:28:20.393+0300] {processor.py:753} INFO - DAG(s) dict_keys(['example_branch_dop_operator_v3']) retrieved from /home/vladimir/.local/lib/python3.10/site-packages/airflow/example_dags/example_branch_python_dop_operator_3.py
[2023-04-27T18:28:20.407+0300] {logging_mixin.py:137} INFO - [2023-04-27T18:28:20.406+0300] {dag.py:2705} INFO - Sync 1 DAGs
[2023-04-27T18:28:20.426+0300] {logging_mixin.py:137} INFO - [2023-04-27T18:28:20.426+0300] {dag.py:3452} INFO - Setting next_dagrun for example_branch_dop_operator_v3 to 2023-04-27T15:27:00+00:00, run_after=2023-04-27T15:28:00+00:00
[2023-04-27T18:28:20.441+0300] {processor.py:175} INFO - Processing /home/vladimir/.local/lib/python3.10/site-packages/airflow/example_dags/example_branch_python_dop_operator_3.py took 0.068 seconds
[2023-04-27T18:29:14.488+0300] {processor.py:153} INFO - Started process (PID=6330) to work on /home/vladimir/.local/lib/python3.10/site-packages/airflow/example_dags/example_branch_python_dop_operator_3.py
[2023-04-27T18:29:14.488+0300] {processor.py:743} INFO - Processing file /home/vladimir/.local/lib/python3.10/site-packages/airflow/example_dags/example_branch_python_dop_operator_3.py for tasks to queue
[2023-04-27T18:29:14.489+0300] {logging_mixin.py:137} INFO - [2023-04-27T18:29:14.489+0300] {dagbag.py:532} INFO - Filling up the DagBag from /home/vladimir/.local/lib/python3.10/site-packages/airflow/example_dags/example_branch_python_dop_operator_3.py
[2023-04-27T18:29:14.504+0300] {processor.py:753} INFO - DAG(s) dict_keys(['example_branch_dop_operator_v3']) retrieved from /home/vladimir/.local/lib/python3.10/site-packages/airflow/example_dags/example_branch_python_dop_operator_3.py
[2023-04-27T18:29:14.517+0300] {logging_mixin.py:137} INFO - [2023-04-27T18:29:14.517+0300] {dag.py:2705} INFO - Sync 1 DAGs
[2023-04-27T18:29:14.532+0300] {logging_mixin.py:137} INFO - [2023-04-27T18:29:14.532+0300] {dag.py:3452} INFO - Setting next_dagrun for example_branch_dop_operator_v3 to 2023-04-27T15:28:00+00:00, run_after=2023-04-27T15:29:00+00:00
[2023-04-27T18:29:14.544+0300] {processor.py:175} INFO - Processing /home/vladimir/.local/lib/python3.10/site-packages/airflow/example_dags/example_branch_python_dop_operator_3.py took 0.058 seconds
[2023-04-27T18:30:01.893+0300] {processor.py:153} INFO - Started process (PID=6431) to work on /home/vladimir/.local/lib/python3.10/site-packages/airflow/example_dags/example_branch_python_dop_operator_3.py
[2023-04-27T18:30:01.894+0300] {processor.py:743} INFO - Processing file /home/vladimir/.local/lib/python3.10/site-packages/airflow/example_dags/example_branch_python_dop_operator_3.py for tasks to queue
[2023-04-27T18:30:01.895+0300] {logging_mixin.py:137} INFO - [2023-04-27T18:30:01.895+0300] {dagbag.py:532} INFO - Filling up the DagBag from /home/vladimir/.local/lib/python3.10/site-packages/airflow/example_dags/example_branch_python_dop_operator_3.py
[2023-04-27T18:30:01.912+0300] {processor.py:753} INFO - DAG(s) dict_keys(['example_branch_dop_operator_v3']) retrieved from /home/vladimir/.local/lib/python3.10/site-packages/airflow/example_dags/example_branch_python_dop_operator_3.py
[2023-04-27T18:30:01.925+0300] {logging_mixin.py:137} INFO - [2023-04-27T18:30:01.924+0300] {dag.py:2705} INFO - Sync 1 DAGs
[2023-04-27T18:30:01.939+0300] {logging_mixin.py:137} INFO - [2023-04-27T18:30:01.939+0300] {dag.py:3452} INFO - Setting next_dagrun for example_branch_dop_operator_v3 to 2023-04-27T15:29:00+00:00, run_after=2023-04-27T15:30:00+00:00
[2023-04-27T18:30:01.953+0300] {processor.py:175} INFO - Processing /home/vladimir/.local/lib/python3.10/site-packages/airflow/example_dags/example_branch_python_dop_operator_3.py took 0.063 seconds
[2023-04-27T18:30:49.231+0300] {processor.py:153} INFO - Started process (PID=6556) to work on /home/vladimir/.local/lib/python3.10/site-packages/airflow/example_dags/example_branch_python_dop_operator_3.py
[2023-04-27T18:30:49.232+0300] {processor.py:743} INFO - Processing file /home/vladimir/.local/lib/python3.10/site-packages/airflow/example_dags/example_branch_python_dop_operator_3.py for tasks to queue
[2023-04-27T18:30:49.233+0300] {logging_mixin.py:137} INFO - [2023-04-27T18:30:49.233+0300] {dagbag.py:532} INFO - Filling up the DagBag from /home/vladimir/.local/lib/python3.10/site-packages/airflow/example_dags/example_branch_python_dop_operator_3.py
[2023-04-27T18:30:49.251+0300] {processor.py:753} INFO - DAG(s) dict_keys(['example_branch_dop_operator_v3']) retrieved from /home/vladimir/.local/lib/python3.10/site-packages/airflow/example_dags/example_branch_python_dop_operator_3.py
[2023-04-27T18:30:49.265+0300] {logging_mixin.py:137} INFO - [2023-04-27T18:30:49.264+0300] {dag.py:2705} INFO - Sync 1 DAGs
[2023-04-27T18:30:49.280+0300] {logging_mixin.py:137} INFO - [2023-04-27T18:30:49.280+0300] {dag.py:3452} INFO - Setting next_dagrun for example_branch_dop_operator_v3 to 2023-04-27T15:29:00+00:00, run_after=2023-04-27T15:30:00+00:00
[2023-04-27T18:30:49.292+0300] {processor.py:175} INFO - Processing /home/vladimir/.local/lib/python3.10/site-packages/airflow/example_dags/example_branch_python_dop_operator_3.py took 0.066 seconds
[2023-04-27T18:31:40.605+0300] {processor.py:153} INFO - Started process (PID=6649) to work on /home/vladimir/.local/lib/python3.10/site-packages/airflow/example_dags/example_branch_python_dop_operator_3.py
[2023-04-27T18:31:40.605+0300] {processor.py:743} INFO - Processing file /home/vladimir/.local/lib/python3.10/site-packages/airflow/example_dags/example_branch_python_dop_operator_3.py for tasks to queue
[2023-04-27T18:31:40.606+0300] {logging_mixin.py:137} INFO - [2023-04-27T18:31:40.606+0300] {dagbag.py:532} INFO - Filling up the DagBag from /home/vladimir/.local/lib/python3.10/site-packages/airflow/example_dags/example_branch_python_dop_operator_3.py
[2023-04-27T18:31:40.624+0300] {processor.py:753} INFO - DAG(s) dict_keys(['example_branch_dop_operator_v3']) retrieved from /home/vladimir/.local/lib/python3.10/site-packages/airflow/example_dags/example_branch_python_dop_operator_3.py
[2023-04-27T18:31:40.637+0300] {logging_mixin.py:137} INFO - [2023-04-27T18:31:40.637+0300] {dag.py:2705} INFO - Sync 1 DAGs
[2023-04-27T18:31:40.652+0300] {logging_mixin.py:137} INFO - [2023-04-27T18:31:40.652+0300] {dag.py:3452} INFO - Setting next_dagrun for example_branch_dop_operator_v3 to 2023-04-27T15:30:00+00:00, run_after=2023-04-27T15:31:00+00:00
[2023-04-27T18:31:40.664+0300] {processor.py:175} INFO - Processing /home/vladimir/.local/lib/python3.10/site-packages/airflow/example_dags/example_branch_python_dop_operator_3.py took 0.061 seconds
[2023-04-27T18:32:30.458+0300] {processor.py:153} INFO - Started process (PID=6736) to work on /home/vladimir/.local/lib/python3.10/site-packages/airflow/example_dags/example_branch_python_dop_operator_3.py
[2023-04-27T18:32:30.459+0300] {processor.py:743} INFO - Processing file /home/vladimir/.local/lib/python3.10/site-packages/airflow/example_dags/example_branch_python_dop_operator_3.py for tasks to queue
[2023-04-27T18:32:30.459+0300] {logging_mixin.py:137} INFO - [2023-04-27T18:32:30.459+0300] {dagbag.py:532} INFO - Filling up the DagBag from /home/vladimir/.local/lib/python3.10/site-packages/airflow/example_dags/example_branch_python_dop_operator_3.py
[2023-04-27T18:32:30.475+0300] {processor.py:753} INFO - DAG(s) dict_keys(['example_branch_dop_operator_v3']) retrieved from /home/vladimir/.local/lib/python3.10/site-packages/airflow/example_dags/example_branch_python_dop_operator_3.py
[2023-04-27T18:32:30.489+0300] {logging_mixin.py:137} INFO - [2023-04-27T18:32:30.489+0300] {dag.py:2705} INFO - Sync 1 DAGs
[2023-04-27T18:32:30.504+0300] {logging_mixin.py:137} INFO - [2023-04-27T18:32:30.504+0300] {dag.py:3452} INFO - Setting next_dagrun for example_branch_dop_operator_v3 to 2023-04-27T15:31:00+00:00, run_after=2023-04-27T15:32:00+00:00
[2023-04-27T18:32:30.518+0300] {processor.py:175} INFO - Processing /home/vladimir/.local/lib/python3.10/site-packages/airflow/example_dags/example_branch_python_dop_operator_3.py took 0.063 seconds
[2023-04-27T18:33:19.556+0300] {processor.py:153} INFO - Started process (PID=6898) to work on /home/vladimir/.local/lib/python3.10/site-packages/airflow/example_dags/example_branch_python_dop_operator_3.py
[2023-04-27T18:33:19.557+0300] {processor.py:743} INFO - Processing file /home/vladimir/.local/lib/python3.10/site-packages/airflow/example_dags/example_branch_python_dop_operator_3.py for tasks to queue
[2023-04-27T18:33:19.557+0300] {logging_mixin.py:137} INFO - [2023-04-27T18:33:19.557+0300] {dagbag.py:532} INFO - Filling up the DagBag from /home/vladimir/.local/lib/python3.10/site-packages/airflow/example_dags/example_branch_python_dop_operator_3.py
[2023-04-27T18:33:19.576+0300] {processor.py:753} INFO - DAG(s) dict_keys(['example_branch_dop_operator_v3']) retrieved from /home/vladimir/.local/lib/python3.10/site-packages/airflow/example_dags/example_branch_python_dop_operator_3.py
[2023-04-27T18:33:19.589+0300] {logging_mixin.py:137} INFO - [2023-04-27T18:33:19.589+0300] {dag.py:2705} INFO - Sync 1 DAGs
[2023-04-27T18:33:19.604+0300] {logging_mixin.py:137} INFO - [2023-04-27T18:33:19.604+0300] {dag.py:3452} INFO - Setting next_dagrun for example_branch_dop_operator_v3 to 2023-04-27T15:32:00+00:00, run_after=2023-04-27T15:33:00+00:00
[2023-04-27T18:33:19.621+0300] {processor.py:175} INFO - Processing /home/vladimir/.local/lib/python3.10/site-packages/airflow/example_dags/example_branch_python_dop_operator_3.py took 0.068 seconds
[2023-04-27T18:34:02.380+0300] {processor.py:153} INFO - Started process (PID=6966) to work on /home/vladimir/.local/lib/python3.10/site-packages/airflow/example_dags/example_branch_python_dop_operator_3.py
[2023-04-27T18:34:02.381+0300] {processor.py:743} INFO - Processing file /home/vladimir/.local/lib/python3.10/site-packages/airflow/example_dags/example_branch_python_dop_operator_3.py for tasks to queue
[2023-04-27T18:34:02.381+0300] {logging_mixin.py:137} INFO - [2023-04-27T18:34:02.381+0300] {dagbag.py:532} INFO - Filling up the DagBag from /home/vladimir/.local/lib/python3.10/site-packages/airflow/example_dags/example_branch_python_dop_operator_3.py
[2023-04-27T18:34:02.398+0300] {processor.py:753} INFO - DAG(s) dict_keys(['example_branch_dop_operator_v3']) retrieved from /home/vladimir/.local/lib/python3.10/site-packages/airflow/example_dags/example_branch_python_dop_operator_3.py
[2023-04-27T18:34:02.412+0300] {logging_mixin.py:137} INFO - [2023-04-27T18:34:02.412+0300] {dag.py:2705} INFO - Sync 1 DAGs
[2023-04-27T18:34:02.427+0300] {logging_mixin.py:137} INFO - [2023-04-27T18:34:02.427+0300] {dag.py:3452} INFO - Setting next_dagrun for example_branch_dop_operator_v3 to 2023-04-27T15:33:00+00:00, run_after=2023-04-27T15:34:00+00:00
[2023-04-27T18:34:02.440+0300] {processor.py:175} INFO - Processing /home/vladimir/.local/lib/python3.10/site-packages/airflow/example_dags/example_branch_python_dop_operator_3.py took 0.062 seconds
[2023-04-27T18:34:48.733+0300] {processor.py:153} INFO - Started process (PID=7066) to work on /home/vladimir/.local/lib/python3.10/site-packages/airflow/example_dags/example_branch_python_dop_operator_3.py
[2023-04-27T18:34:48.734+0300] {processor.py:743} INFO - Processing file /home/vladimir/.local/lib/python3.10/site-packages/airflow/example_dags/example_branch_python_dop_operator_3.py for tasks to queue
[2023-04-27T18:34:48.735+0300] {logging_mixin.py:137} INFO - [2023-04-27T18:34:48.735+0300] {dagbag.py:532} INFO - Filling up the DagBag from /home/vladimir/.local/lib/python3.10/site-packages/airflow/example_dags/example_branch_python_dop_operator_3.py
[2023-04-27T18:34:48.757+0300] {processor.py:753} INFO - DAG(s) dict_keys(['example_branch_dop_operator_v3']) retrieved from /home/vladimir/.local/lib/python3.10/site-packages/airflow/example_dags/example_branch_python_dop_operator_3.py
[2023-04-27T18:34:48.774+0300] {logging_mixin.py:137} INFO - [2023-04-27T18:34:48.774+0300] {dag.py:2705} INFO - Sync 1 DAGs
[2023-04-27T18:34:48.792+0300] {logging_mixin.py:137} INFO - [2023-04-27T18:34:48.792+0300] {dag.py:3452} INFO - Setting next_dagrun for example_branch_dop_operator_v3 to 2023-04-27T15:33:00+00:00, run_after=2023-04-27T15:34:00+00:00
[2023-04-27T18:34:48.808+0300] {processor.py:175} INFO - Processing /home/vladimir/.local/lib/python3.10/site-packages/airflow/example_dags/example_branch_python_dop_operator_3.py took 0.078 seconds
[2023-04-27T18:35:36.532+0300] {processor.py:153} INFO - Started process (PID=7419) to work on /home/vladimir/.local/lib/python3.10/site-packages/airflow/example_dags/example_branch_python_dop_operator_3.py
[2023-04-27T18:35:36.533+0300] {processor.py:743} INFO - Processing file /home/vladimir/.local/lib/python3.10/site-packages/airflow/example_dags/example_branch_python_dop_operator_3.py for tasks to queue
[2023-04-27T18:35:36.534+0300] {logging_mixin.py:137} INFO - [2023-04-27T18:35:36.533+0300] {dagbag.py:532} INFO - Filling up the DagBag from /home/vladimir/.local/lib/python3.10/site-packages/airflow/example_dags/example_branch_python_dop_operator_3.py
[2023-04-27T18:35:36.550+0300] {processor.py:753} INFO - DAG(s) dict_keys(['example_branch_dop_operator_v3']) retrieved from /home/vladimir/.local/lib/python3.10/site-packages/airflow/example_dags/example_branch_python_dop_operator_3.py
[2023-04-27T18:35:36.565+0300] {logging_mixin.py:137} INFO - [2023-04-27T18:35:36.565+0300] {dag.py:2705} INFO - Sync 1 DAGs
[2023-04-27T18:35:36.580+0300] {logging_mixin.py:137} INFO - [2023-04-27T18:35:36.580+0300] {dag.py:3452} INFO - Setting next_dagrun for example_branch_dop_operator_v3 to 2023-04-27T15:34:00+00:00, run_after=2023-04-27T15:35:00+00:00
[2023-04-27T18:35:36.595+0300] {processor.py:175} INFO - Processing /home/vladimir/.local/lib/python3.10/site-packages/airflow/example_dags/example_branch_python_dop_operator_3.py took 0.065 seconds
[2023-04-27T18:36:25.761+0300] {processor.py:153} INFO - Started process (PID=7546) to work on /home/vladimir/.local/lib/python3.10/site-packages/airflow/example_dags/example_branch_python_dop_operator_3.py
[2023-04-27T18:36:25.762+0300] {processor.py:743} INFO - Processing file /home/vladimir/.local/lib/python3.10/site-packages/airflow/example_dags/example_branch_python_dop_operator_3.py for tasks to queue
[2023-04-27T18:36:25.762+0300] {logging_mixin.py:137} INFO - [2023-04-27T18:36:25.762+0300] {dagbag.py:532} INFO - Filling up the DagBag from /home/vladimir/.local/lib/python3.10/site-packages/airflow/example_dags/example_branch_python_dop_operator_3.py
[2023-04-27T18:36:25.780+0300] {processor.py:753} INFO - DAG(s) dict_keys(['example_branch_dop_operator_v3']) retrieved from /home/vladimir/.local/lib/python3.10/site-packages/airflow/example_dags/example_branch_python_dop_operator_3.py
[2023-04-27T18:36:25.793+0300] {logging_mixin.py:137} INFO - [2023-04-27T18:36:25.793+0300] {dag.py:2705} INFO - Sync 1 DAGs
[2023-04-27T18:36:25.809+0300] {logging_mixin.py:137} INFO - [2023-04-27T18:36:25.808+0300] {dag.py:3452} INFO - Setting next_dagrun for example_branch_dop_operator_v3 to 2023-04-27T15:35:00+00:00, run_after=2023-04-27T15:36:00+00:00
[2023-04-27T18:36:25.821+0300] {processor.py:175} INFO - Processing /home/vladimir/.local/lib/python3.10/site-packages/airflow/example_dags/example_branch_python_dop_operator_3.py took 0.063 seconds
[2023-04-27T18:37:14.114+0300] {processor.py:153} INFO - Started process (PID=7635) to work on /home/vladimir/.local/lib/python3.10/site-packages/airflow/example_dags/example_branch_python_dop_operator_3.py
[2023-04-27T18:37:14.115+0300] {processor.py:743} INFO - Processing file /home/vladimir/.local/lib/python3.10/site-packages/airflow/example_dags/example_branch_python_dop_operator_3.py for tasks to queue
[2023-04-27T18:37:14.116+0300] {logging_mixin.py:137} INFO - [2023-04-27T18:37:14.116+0300] {dagbag.py:532} INFO - Filling up the DagBag from /home/vladimir/.local/lib/python3.10/site-packages/airflow/example_dags/example_branch_python_dop_operator_3.py
[2023-04-27T18:37:14.135+0300] {processor.py:753} INFO - DAG(s) dict_keys(['example_branch_dop_operator_v3']) retrieved from /home/vladimir/.local/lib/python3.10/site-packages/airflow/example_dags/example_branch_python_dop_operator_3.py
[2023-04-27T18:37:14.150+0300] {logging_mixin.py:137} INFO - [2023-04-27T18:37:14.150+0300] {dag.py:2705} INFO - Sync 1 DAGs
[2023-04-27T18:37:14.165+0300] {logging_mixin.py:137} INFO - [2023-04-27T18:37:14.165+0300] {dag.py:3452} INFO - Setting next_dagrun for example_branch_dop_operator_v3 to 2023-04-27T15:36:00+00:00, run_after=2023-04-27T15:37:00+00:00
[2023-04-27T18:37:14.177+0300] {processor.py:175} INFO - Processing /home/vladimir/.local/lib/python3.10/site-packages/airflow/example_dags/example_branch_python_dop_operator_3.py took 0.065 seconds
[2023-04-27T18:38:01.381+0300] {processor.py:153} INFO - Started process (PID=7709) to work on /home/vladimir/.local/lib/python3.10/site-packages/airflow/example_dags/example_branch_python_dop_operator_3.py
[2023-04-27T18:38:01.382+0300] {processor.py:743} INFO - Processing file /home/vladimir/.local/lib/python3.10/site-packages/airflow/example_dags/example_branch_python_dop_operator_3.py for tasks to queue
[2023-04-27T18:38:01.383+0300] {logging_mixin.py:137} INFO - [2023-04-27T18:38:01.383+0300] {dagbag.py:532} INFO - Filling up the DagBag from /home/vladimir/.local/lib/python3.10/site-packages/airflow/example_dags/example_branch_python_dop_operator_3.py
[2023-04-27T18:38:01.400+0300] {processor.py:753} INFO - DAG(s) dict_keys(['example_branch_dop_operator_v3']) retrieved from /home/vladimir/.local/lib/python3.10/site-packages/airflow/example_dags/example_branch_python_dop_operator_3.py
[2023-04-27T18:38:01.418+0300] {logging_mixin.py:137} INFO - [2023-04-27T18:38:01.418+0300] {dag.py:2705} INFO - Sync 1 DAGs
[2023-04-27T18:38:01.437+0300] {logging_mixin.py:137} INFO - [2023-04-27T18:38:01.437+0300] {dag.py:3452} INFO - Setting next_dagrun for example_branch_dop_operator_v3 to 2023-04-27T15:37:00+00:00, run_after=2023-04-27T15:38:00+00:00
[2023-04-27T18:38:01.451+0300] {processor.py:175} INFO - Processing /home/vladimir/.local/lib/python3.10/site-packages/airflow/example_dags/example_branch_python_dop_operator_3.py took 0.073 seconds
[2023-04-27T18:38:50.775+0300] {processor.py:153} INFO - Started process (PID=8072) to work on /home/vladimir/.local/lib/python3.10/site-packages/airflow/example_dags/example_branch_python_dop_operator_3.py
[2023-04-27T18:38:50.776+0300] {processor.py:743} INFO - Processing file /home/vladimir/.local/lib/python3.10/site-packages/airflow/example_dags/example_branch_python_dop_operator_3.py for tasks to queue
[2023-04-27T18:38:50.776+0300] {logging_mixin.py:137} INFO - [2023-04-27T18:38:50.776+0300] {dagbag.py:532} INFO - Filling up the DagBag from /home/vladimir/.local/lib/python3.10/site-packages/airflow/example_dags/example_branch_python_dop_operator_3.py
[2023-04-27T18:38:50.794+0300] {processor.py:753} INFO - DAG(s) dict_keys(['example_branch_dop_operator_v3']) retrieved from /home/vladimir/.local/lib/python3.10/site-packages/airflow/example_dags/example_branch_python_dop_operator_3.py
[2023-04-27T18:38:50.807+0300] {logging_mixin.py:137} INFO - [2023-04-27T18:38:50.807+0300] {dag.py:2705} INFO - Sync 1 DAGs
[2023-04-27T18:38:50.822+0300] {logging_mixin.py:137} INFO - [2023-04-27T18:38:50.821+0300] {dag.py:3452} INFO - Setting next_dagrun for example_branch_dop_operator_v3 to 2023-04-27T15:37:00+00:00, run_after=2023-04-27T15:38:00+00:00
[2023-04-27T18:38:50.834+0300] {processor.py:175} INFO - Processing /home/vladimir/.local/lib/python3.10/site-packages/airflow/example_dags/example_branch_python_dop_operator_3.py took 0.061 seconds
[2023-04-27T18:39:42.096+0300] {processor.py:153} INFO - Started process (PID=8171) to work on /home/vladimir/.local/lib/python3.10/site-packages/airflow/example_dags/example_branch_python_dop_operator_3.py
[2023-04-27T18:39:42.097+0300] {processor.py:743} INFO - Processing file /home/vladimir/.local/lib/python3.10/site-packages/airflow/example_dags/example_branch_python_dop_operator_3.py for tasks to queue
[2023-04-27T18:39:42.097+0300] {logging_mixin.py:137} INFO - [2023-04-27T18:39:42.097+0300] {dagbag.py:532} INFO - Filling up the DagBag from /home/vladimir/.local/lib/python3.10/site-packages/airflow/example_dags/example_branch_python_dop_operator_3.py
[2023-04-27T18:39:42.114+0300] {processor.py:753} INFO - DAG(s) dict_keys(['example_branch_dop_operator_v3']) retrieved from /home/vladimir/.local/lib/python3.10/site-packages/airflow/example_dags/example_branch_python_dop_operator_3.py
[2023-04-27T18:39:42.127+0300] {logging_mixin.py:137} INFO - [2023-04-27T18:39:42.127+0300] {dag.py:2705} INFO - Sync 1 DAGs
[2023-04-27T18:39:42.142+0300] {logging_mixin.py:137} INFO - [2023-04-27T18:39:42.141+0300] {dag.py:3452} INFO - Setting next_dagrun for example_branch_dop_operator_v3 to 2023-04-27T15:38:00+00:00, run_after=2023-04-27T15:39:00+00:00
[2023-04-27T18:39:42.154+0300] {processor.py:175} INFO - Processing /home/vladimir/.local/lib/python3.10/site-packages/airflow/example_dags/example_branch_python_dop_operator_3.py took 0.060 seconds
[2023-04-27T18:40:32.224+0300] {processor.py:153} INFO - Started process (PID=8301) to work on /home/vladimir/.local/lib/python3.10/site-packages/airflow/example_dags/example_branch_python_dop_operator_3.py
[2023-04-27T18:40:32.224+0300] {processor.py:743} INFO - Processing file /home/vladimir/.local/lib/python3.10/site-packages/airflow/example_dags/example_branch_python_dop_operator_3.py for tasks to queue
[2023-04-27T18:40:32.225+0300] {logging_mixin.py:137} INFO - [2023-04-27T18:40:32.225+0300] {dagbag.py:532} INFO - Filling up the DagBag from /home/vladimir/.local/lib/python3.10/site-packages/airflow/example_dags/example_branch_python_dop_operator_3.py
[2023-04-27T18:40:32.243+0300] {processor.py:753} INFO - DAG(s) dict_keys(['example_branch_dop_operator_v3']) retrieved from /home/vladimir/.local/lib/python3.10/site-packages/airflow/example_dags/example_branch_python_dop_operator_3.py
[2023-04-27T18:40:32.257+0300] {logging_mixin.py:137} INFO - [2023-04-27T18:40:32.257+0300] {dag.py:2705} INFO - Sync 1 DAGs
[2023-04-27T18:40:32.273+0300] {logging_mixin.py:137} INFO - [2023-04-27T18:40:32.273+0300] {dag.py:3452} INFO - Setting next_dagrun for example_branch_dop_operator_v3 to 2023-04-27T15:39:00+00:00, run_after=2023-04-27T15:40:00+00:00
[2023-04-27T18:40:32.289+0300] {processor.py:175} INFO - Processing /home/vladimir/.local/lib/python3.10/site-packages/airflow/example_dags/example_branch_python_dop_operator_3.py took 0.067 seconds
[2023-04-27T18:41:41.991+0300] {processor.py:153} INFO - Started process (PID=3421) to work on /home/vladimir/.local/lib/python3.10/site-packages/airflow/example_dags/example_branch_python_dop_operator_3.py
[2023-04-27T18:41:41.992+0300] {processor.py:743} INFO - Processing file /home/vladimir/.local/lib/python3.10/site-packages/airflow/example_dags/example_branch_python_dop_operator_3.py for tasks to queue
[2023-04-27T18:41:41.992+0300] {logging_mixin.py:137} INFO - [2023-04-27T18:41:41.992+0300] {dagbag.py:532} INFO - Filling up the DagBag from /home/vladimir/.local/lib/python3.10/site-packages/airflow/example_dags/example_branch_python_dop_operator_3.py
[2023-04-27T18:41:42.009+0300] {processor.py:753} INFO - DAG(s) dict_keys(['example_branch_dop_operator_v3']) retrieved from /home/vladimir/.local/lib/python3.10/site-packages/airflow/example_dags/example_branch_python_dop_operator_3.py
[2023-04-27T18:41:42.022+0300] {logging_mixin.py:137} INFO - [2023-04-27T18:41:42.022+0300] {dag.py:2705} INFO - Sync 1 DAGs
[2023-04-27T18:41:42.036+0300] {logging_mixin.py:137} INFO - [2023-04-27T18:41:42.036+0300] {dag.py:3452} INFO - Setting next_dagrun for example_branch_dop_operator_v3 to 2023-04-27T15:40:00+00:00, run_after=2023-04-27T15:41:00+00:00
[2023-04-27T18:41:42.049+0300] {processor.py:175} INFO - Processing /home/vladimir/.local/lib/python3.10/site-packages/airflow/example_dags/example_branch_python_dop_operator_3.py took 0.060 seconds
[2023-04-27T18:42:28.861+0300] {processor.py:153} INFO - Started process (PID=4463) to work on /home/vladimir/.local/lib/python3.10/site-packages/airflow/example_dags/example_branch_python_dop_operator_3.py
[2023-04-27T18:42:28.863+0300] {processor.py:743} INFO - Processing file /home/vladimir/.local/lib/python3.10/site-packages/airflow/example_dags/example_branch_python_dop_operator_3.py for tasks to queue
[2023-04-27T18:42:28.864+0300] {logging_mixin.py:137} INFO - [2023-04-27T18:42:28.864+0300] {dagbag.py:532} INFO - Filling up the DagBag from /home/vladimir/.local/lib/python3.10/site-packages/airflow/example_dags/example_branch_python_dop_operator_3.py
[2023-04-27T18:42:28.880+0300] {processor.py:753} INFO - DAG(s) dict_keys(['example_branch_dop_operator_v3']) retrieved from /home/vladimir/.local/lib/python3.10/site-packages/airflow/example_dags/example_branch_python_dop_operator_3.py
[2023-04-27T18:42:28.892+0300] {logging_mixin.py:137} INFO - [2023-04-27T18:42:28.892+0300] {dag.py:2705} INFO - Sync 1 DAGs
[2023-04-27T18:42:28.908+0300] {logging_mixin.py:137} INFO - [2023-04-27T18:42:28.907+0300] {dag.py:3452} INFO - Setting next_dagrun for example_branch_dop_operator_v3 to 2023-04-27T15:41:00+00:00, run_after=2023-04-27T15:42:00+00:00
[2023-04-27T18:42:28.920+0300] {processor.py:175} INFO - Processing /home/vladimir/.local/lib/python3.10/site-packages/airflow/example_dags/example_branch_python_dop_operator_3.py took 0.061 seconds
[2023-04-27T18:43:15.177+0300] {processor.py:153} INFO - Started process (PID=5118) to work on /home/vladimir/.local/lib/python3.10/site-packages/airflow/example_dags/example_branch_python_dop_operator_3.py
[2023-04-27T18:43:15.177+0300] {processor.py:743} INFO - Processing file /home/vladimir/.local/lib/python3.10/site-packages/airflow/example_dags/example_branch_python_dop_operator_3.py for tasks to queue
[2023-04-27T18:43:15.178+0300] {logging_mixin.py:137} INFO - [2023-04-27T18:43:15.178+0300] {dagbag.py:532} INFO - Filling up the DagBag from /home/vladimir/.local/lib/python3.10/site-packages/airflow/example_dags/example_branch_python_dop_operator_3.py
[2023-04-27T18:43:15.195+0300] {processor.py:753} INFO - DAG(s) dict_keys(['example_branch_dop_operator_v3']) retrieved from /home/vladimir/.local/lib/python3.10/site-packages/airflow/example_dags/example_branch_python_dop_operator_3.py
[2023-04-27T18:43:15.208+0300] {logging_mixin.py:137} INFO - [2023-04-27T18:43:15.208+0300] {dag.py:2705} INFO - Sync 1 DAGs
[2023-04-27T18:43:15.223+0300] {logging_mixin.py:137} INFO - [2023-04-27T18:43:15.223+0300] {dag.py:3452} INFO - Setting next_dagrun for example_branch_dop_operator_v3 to 2023-04-27T15:42:00+00:00, run_after=2023-04-27T15:43:00+00:00
[2023-04-27T18:43:15.235+0300] {processor.py:175} INFO - Processing /home/vladimir/.local/lib/python3.10/site-packages/airflow/example_dags/example_branch_python_dop_operator_3.py took 0.061 seconds
[2023-04-27T18:44:05.450+0300] {processor.py:153} INFO - Started process (PID=7506) to work on /home/vladimir/.local/lib/python3.10/site-packages/airflow/example_dags/example_branch_python_dop_operator_3.py
[2023-04-27T18:44:05.451+0300] {processor.py:743} INFO - Processing file /home/vladimir/.local/lib/python3.10/site-packages/airflow/example_dags/example_branch_python_dop_operator_3.py for tasks to queue
[2023-04-27T18:44:05.451+0300] {logging_mixin.py:137} INFO - [2023-04-27T18:44:05.451+0300] {dagbag.py:532} INFO - Filling up the DagBag from /home/vladimir/.local/lib/python3.10/site-packages/airflow/example_dags/example_branch_python_dop_operator_3.py
[2023-04-27T18:44:05.487+0300] {processor.py:753} INFO - DAG(s) dict_keys(['example_branch_dop_operator_v3']) retrieved from /home/vladimir/.local/lib/python3.10/site-packages/airflow/example_dags/example_branch_python_dop_operator_3.py
[2023-04-27T18:44:05.515+0300] {logging_mixin.py:137} INFO - [2023-04-27T18:44:05.515+0300] {dag.py:2705} INFO - Sync 1 DAGs
[2023-04-27T18:44:05.551+0300] {logging_mixin.py:137} INFO - [2023-04-27T18:44:05.551+0300] {dag.py:3452} INFO - Setting next_dagrun for example_branch_dop_operator_v3 to 2023-04-27T15:43:00+00:00, run_after=2023-04-27T15:44:00+00:00
[2023-04-27T18:44:05.571+0300] {processor.py:175} INFO - Processing /home/vladimir/.local/lib/python3.10/site-packages/airflow/example_dags/example_branch_python_dop_operator_3.py took 0.136 seconds
[2023-04-27T18:44:48.570+0300] {processor.py:153} INFO - Started process (PID=9279) to work on /home/vladimir/.local/lib/python3.10/site-packages/airflow/example_dags/example_branch_python_dop_operator_3.py
[2023-04-27T18:44:48.571+0300] {processor.py:743} INFO - Processing file /home/vladimir/.local/lib/python3.10/site-packages/airflow/example_dags/example_branch_python_dop_operator_3.py for tasks to queue
[2023-04-27T18:44:48.571+0300] {logging_mixin.py:137} INFO - [2023-04-27T18:44:48.571+0300] {dagbag.py:532} INFO - Filling up the DagBag from /home/vladimir/.local/lib/python3.10/site-packages/airflow/example_dags/example_branch_python_dop_operator_3.py
[2023-04-27T18:44:48.589+0300] {processor.py:753} INFO - DAG(s) dict_keys(['example_branch_dop_operator_v3']) retrieved from /home/vladimir/.local/lib/python3.10/site-packages/airflow/example_dags/example_branch_python_dop_operator_3.py
[2023-04-27T18:44:48.606+0300] {logging_mixin.py:137} INFO - [2023-04-27T18:44:48.605+0300] {dag.py:2705} INFO - Sync 1 DAGs
[2023-04-27T18:44:48.635+0300] {logging_mixin.py:137} INFO - [2023-04-27T18:44:48.635+0300] {dag.py:3452} INFO - Setting next_dagrun for example_branch_dop_operator_v3 to 2023-04-27T15:43:00+00:00, run_after=2023-04-27T15:44:00+00:00
[2023-04-27T18:44:48.649+0300] {processor.py:175} INFO - Processing /home/vladimir/.local/lib/python3.10/site-packages/airflow/example_dags/example_branch_python_dop_operator_3.py took 0.081 seconds
[2023-04-27T18:45:45.512+0300] {processor.py:153} INFO - Started process (PID=14606) to work on /home/vladimir/.local/lib/python3.10/site-packages/airflow/example_dags/example_branch_python_dop_operator_3.py
[2023-04-27T18:45:45.521+0300] {processor.py:743} INFO - Processing file /home/vladimir/.local/lib/python3.10/site-packages/airflow/example_dags/example_branch_python_dop_operator_3.py for tasks to queue
[2023-04-27T18:45:45.522+0300] {logging_mixin.py:137} INFO - [2023-04-27T18:45:45.522+0300] {dagbag.py:532} INFO - Filling up the DagBag from /home/vladimir/.local/lib/python3.10/site-packages/airflow/example_dags/example_branch_python_dop_operator_3.py
[2023-04-27T18:45:45.552+0300] {processor.py:753} INFO - DAG(s) dict_keys(['example_branch_dop_operator_v3']) retrieved from /home/vladimir/.local/lib/python3.10/site-packages/airflow/example_dags/example_branch_python_dop_operator_3.py
[2023-04-27T18:45:45.581+0300] {logging_mixin.py:137} INFO - [2023-04-27T18:45:45.581+0300] {dag.py:2705} INFO - Sync 1 DAGs
[2023-04-27T18:45:45.602+0300] {logging_mixin.py:137} INFO - [2023-04-27T18:45:45.602+0300] {dag.py:3452} INFO - Setting next_dagrun for example_branch_dop_operator_v3 to 2023-04-27T15:44:00+00:00, run_after=2023-04-27T15:45:00+00:00
[2023-04-27T18:45:45.628+0300] {processor.py:175} INFO - Processing /home/vladimir/.local/lib/python3.10/site-packages/airflow/example_dags/example_branch_python_dop_operator_3.py took 0.128 seconds
[2023-04-27T18:47:18.911+0300] {processor.py:153} INFO - Started process (PID=3590) to work on /home/vladimir/.local/lib/python3.10/site-packages/airflow/example_dags/example_branch_python_dop_operator_3.py
[2023-04-27T18:47:18.912+0300] {processor.py:743} INFO - Processing file /home/vladimir/.local/lib/python3.10/site-packages/airflow/example_dags/example_branch_python_dop_operator_3.py for tasks to queue
[2023-04-27T18:47:18.912+0300] {logging_mixin.py:137} INFO - [2023-04-27T18:47:18.912+0300] {dagbag.py:532} INFO - Filling up the DagBag from /home/vladimir/.local/lib/python3.10/site-packages/airflow/example_dags/example_branch_python_dop_operator_3.py
[2023-04-27T18:47:18.930+0300] {processor.py:753} INFO - DAG(s) dict_keys(['example_branch_dop_operator_v3']) retrieved from /home/vladimir/.local/lib/python3.10/site-packages/airflow/example_dags/example_branch_python_dop_operator_3.py
[2023-04-27T18:47:18.944+0300] {logging_mixin.py:137} INFO - [2023-04-27T18:47:18.944+0300] {dag.py:2705} INFO - Sync 1 DAGs
[2023-04-27T18:47:18.959+0300] {logging_mixin.py:137} INFO - [2023-04-27T18:47:18.959+0300] {dag.py:3452} INFO - Setting next_dagrun for example_branch_dop_operator_v3 to 2023-04-27T15:46:00+00:00, run_after=2023-04-27T15:47:00+00:00
[2023-04-27T18:47:18.972+0300] {processor.py:175} INFO - Processing /home/vladimir/.local/lib/python3.10/site-packages/airflow/example_dags/example_branch_python_dop_operator_3.py took 0.064 seconds
[2023-04-27T18:48:05.870+0300] {processor.py:153} INFO - Started process (PID=4108) to work on /home/vladimir/.local/lib/python3.10/site-packages/airflow/example_dags/example_branch_python_dop_operator_3.py
[2023-04-27T18:48:05.870+0300] {processor.py:743} INFO - Processing file /home/vladimir/.local/lib/python3.10/site-packages/airflow/example_dags/example_branch_python_dop_operator_3.py for tasks to queue
[2023-04-27T18:48:05.871+0300] {logging_mixin.py:137} INFO - [2023-04-27T18:48:05.871+0300] {dagbag.py:532} INFO - Filling up the DagBag from /home/vladimir/.local/lib/python3.10/site-packages/airflow/example_dags/example_branch_python_dop_operator_3.py
[2023-04-27T18:48:05.888+0300] {processor.py:753} INFO - DAG(s) dict_keys(['example_branch_dop_operator_v3']) retrieved from /home/vladimir/.local/lib/python3.10/site-packages/airflow/example_dags/example_branch_python_dop_operator_3.py
[2023-04-27T18:48:05.903+0300] {logging_mixin.py:137} INFO - [2023-04-27T18:48:05.903+0300] {dag.py:2705} INFO - Sync 1 DAGs
[2023-04-27T18:48:05.918+0300] {logging_mixin.py:137} INFO - [2023-04-27T18:48:05.918+0300] {dag.py:3452} INFO - Setting next_dagrun for example_branch_dop_operator_v3 to 2023-04-27T15:47:00+00:00, run_after=2023-04-27T15:48:00+00:00
[2023-04-27T18:48:05.931+0300] {processor.py:175} INFO - Processing /home/vladimir/.local/lib/python3.10/site-packages/airflow/example_dags/example_branch_python_dop_operator_3.py took 0.063 seconds
[2023-04-27T18:48:49.346+0300] {processor.py:153} INFO - Started process (PID=4161) to work on /home/vladimir/.local/lib/python3.10/site-packages/airflow/example_dags/example_branch_python_dop_operator_3.py
[2023-04-27T18:48:49.346+0300] {processor.py:743} INFO - Processing file /home/vladimir/.local/lib/python3.10/site-packages/airflow/example_dags/example_branch_python_dop_operator_3.py for tasks to queue
[2023-04-27T18:48:49.347+0300] {logging_mixin.py:137} INFO - [2023-04-27T18:48:49.347+0300] {dagbag.py:532} INFO - Filling up the DagBag from /home/vladimir/.local/lib/python3.10/site-packages/airflow/example_dags/example_branch_python_dop_operator_3.py
[2023-04-27T18:48:49.363+0300] {processor.py:753} INFO - DAG(s) dict_keys(['example_branch_dop_operator_v3']) retrieved from /home/vladimir/.local/lib/python3.10/site-packages/airflow/example_dags/example_branch_python_dop_operator_3.py
[2023-04-27T18:48:49.377+0300] {logging_mixin.py:137} INFO - [2023-04-27T18:48:49.376+0300] {dag.py:2705} INFO - Sync 1 DAGs
[2023-04-27T18:48:49.393+0300] {logging_mixin.py:137} INFO - [2023-04-27T18:48:49.393+0300] {dag.py:3452} INFO - Setting next_dagrun for example_branch_dop_operator_v3 to 2023-04-27T15:47:00+00:00, run_after=2023-04-27T15:48:00+00:00
[2023-04-27T18:48:49.404+0300] {processor.py:175} INFO - Processing /home/vladimir/.local/lib/python3.10/site-packages/airflow/example_dags/example_branch_python_dop_operator_3.py took 0.061 seconds
[2023-04-27T18:49:39.790+0300] {processor.py:153} INFO - Started process (PID=4260) to work on /home/vladimir/.local/lib/python3.10/site-packages/airflow/example_dags/example_branch_python_dop_operator_3.py
[2023-04-27T18:49:39.791+0300] {processor.py:743} INFO - Processing file /home/vladimir/.local/lib/python3.10/site-packages/airflow/example_dags/example_branch_python_dop_operator_3.py for tasks to queue
[2023-04-27T18:49:39.792+0300] {logging_mixin.py:137} INFO - [2023-04-27T18:49:39.791+0300] {dagbag.py:532} INFO - Filling up the DagBag from /home/vladimir/.local/lib/python3.10/site-packages/airflow/example_dags/example_branch_python_dop_operator_3.py
[2023-04-27T18:49:39.811+0300] {processor.py:753} INFO - DAG(s) dict_keys(['example_branch_dop_operator_v3']) retrieved from /home/vladimir/.local/lib/python3.10/site-packages/airflow/example_dags/example_branch_python_dop_operator_3.py
[2023-04-27T18:49:39.826+0300] {logging_mixin.py:137} INFO - [2023-04-27T18:49:39.826+0300] {dag.py:2705} INFO - Sync 1 DAGs
[2023-04-27T18:49:39.841+0300] {logging_mixin.py:137} INFO - [2023-04-27T18:49:39.840+0300] {dag.py:3452} INFO - Setting next_dagrun for example_branch_dop_operator_v3 to 2023-04-27T15:48:00+00:00, run_after=2023-04-27T15:49:00+00:00
[2023-04-27T18:49:39.852+0300] {processor.py:175} INFO - Processing /home/vladimir/.local/lib/python3.10/site-packages/airflow/example_dags/example_branch_python_dop_operator_3.py took 0.064 seconds
[2023-04-27T18:50:32.538+0300] {processor.py:153} INFO - Started process (PID=4986) to work on /home/vladimir/.local/lib/python3.10/site-packages/airflow/example_dags/example_branch_python_dop_operator_3.py
[2023-04-27T18:50:32.541+0300] {processor.py:743} INFO - Processing file /home/vladimir/.local/lib/python3.10/site-packages/airflow/example_dags/example_branch_python_dop_operator_3.py for tasks to queue
[2023-04-27T18:50:32.541+0300] {logging_mixin.py:137} INFO - [2023-04-27T18:50:32.541+0300] {dagbag.py:532} INFO - Filling up the DagBag from /home/vladimir/.local/lib/python3.10/site-packages/airflow/example_dags/example_branch_python_dop_operator_3.py
[2023-04-27T18:50:32.564+0300] {processor.py:753} INFO - DAG(s) dict_keys(['example_branch_dop_operator_v3']) retrieved from /home/vladimir/.local/lib/python3.10/site-packages/airflow/example_dags/example_branch_python_dop_operator_3.py
[2023-04-27T18:50:32.583+0300] {logging_mixin.py:137} INFO - [2023-04-27T18:50:32.583+0300] {dag.py:2705} INFO - Sync 1 DAGs
[2023-04-27T18:50:32.608+0300] {logging_mixin.py:137} INFO - [2023-04-27T18:50:32.608+0300] {dag.py:3452} INFO - Setting next_dagrun for example_branch_dop_operator_v3 to 2023-04-27T15:49:00+00:00, run_after=2023-04-27T15:50:00+00:00
[2023-04-27T18:50:32.628+0300] {processor.py:175} INFO - Processing /home/vladimir/.local/lib/python3.10/site-packages/airflow/example_dags/example_branch_python_dop_operator_3.py took 0.092 seconds
[2023-04-27T18:51:18.699+0300] {processor.py:153} INFO - Started process (PID=5256) to work on /home/vladimir/.local/lib/python3.10/site-packages/airflow/example_dags/example_branch_python_dop_operator_3.py
[2023-04-27T18:51:18.700+0300] {processor.py:743} INFO - Processing file /home/vladimir/.local/lib/python3.10/site-packages/airflow/example_dags/example_branch_python_dop_operator_3.py for tasks to queue
[2023-04-27T18:51:18.701+0300] {logging_mixin.py:137} INFO - [2023-04-27T18:51:18.701+0300] {dagbag.py:532} INFO - Filling up the DagBag from /home/vladimir/.local/lib/python3.10/site-packages/airflow/example_dags/example_branch_python_dop_operator_3.py
[2023-04-27T18:51:18.718+0300] {processor.py:753} INFO - DAG(s) dict_keys(['example_branch_dop_operator_v3']) retrieved from /home/vladimir/.local/lib/python3.10/site-packages/airflow/example_dags/example_branch_python_dop_operator_3.py
[2023-04-27T18:51:18.731+0300] {logging_mixin.py:137} INFO - [2023-04-27T18:51:18.731+0300] {dag.py:2705} INFO - Sync 1 DAGs
[2023-04-27T18:51:18.745+0300] {logging_mixin.py:137} INFO - [2023-04-27T18:51:18.745+0300] {dag.py:3452} INFO - Setting next_dagrun for example_branch_dop_operator_v3 to 2023-04-27T15:50:00+00:00, run_after=2023-04-27T15:51:00+00:00
[2023-04-27T18:51:18.756+0300] {processor.py:175} INFO - Processing /home/vladimir/.local/lib/python3.10/site-packages/airflow/example_dags/example_branch_python_dop_operator_3.py took 0.059 seconds
[2023-04-27T18:52:02.465+0300] {processor.py:153} INFO - Started process (PID=5309) to work on /home/vladimir/.local/lib/python3.10/site-packages/airflow/example_dags/example_branch_python_dop_operator_3.py
[2023-04-27T18:52:02.466+0300] {processor.py:743} INFO - Processing file /home/vladimir/.local/lib/python3.10/site-packages/airflow/example_dags/example_branch_python_dop_operator_3.py for tasks to queue
[2023-04-27T18:52:02.467+0300] {logging_mixin.py:137} INFO - [2023-04-27T18:52:02.467+0300] {dagbag.py:532} INFO - Filling up the DagBag from /home/vladimir/.local/lib/python3.10/site-packages/airflow/example_dags/example_branch_python_dop_operator_3.py
[2023-04-27T18:52:02.483+0300] {processor.py:753} INFO - DAG(s) dict_keys(['example_branch_dop_operator_v3']) retrieved from /home/vladimir/.local/lib/python3.10/site-packages/airflow/example_dags/example_branch_python_dop_operator_3.py
[2023-04-27T18:52:02.498+0300] {logging_mixin.py:137} INFO - [2023-04-27T18:52:02.498+0300] {dag.py:2705} INFO - Sync 1 DAGs
[2023-04-27T18:52:02.512+0300] {logging_mixin.py:137} INFO - [2023-04-27T18:52:02.512+0300] {dag.py:3452} INFO - Setting next_dagrun for example_branch_dop_operator_v3 to 2023-04-27T15:51:00+00:00, run_after=2023-04-27T15:52:00+00:00
[2023-04-27T18:52:02.527+0300] {processor.py:175} INFO - Processing /home/vladimir/.local/lib/python3.10/site-packages/airflow/example_dags/example_branch_python_dop_operator_3.py took 0.064 seconds
[2023-04-27T18:52:51.232+0300] {processor.py:153} INFO - Started process (PID=5361) to work on /home/vladimir/.local/lib/python3.10/site-packages/airflow/example_dags/example_branch_python_dop_operator_3.py
[2023-04-27T18:52:51.233+0300] {processor.py:743} INFO - Processing file /home/vladimir/.local/lib/python3.10/site-packages/airflow/example_dags/example_branch_python_dop_operator_3.py for tasks to queue
[2023-04-27T18:52:51.233+0300] {logging_mixin.py:137} INFO - [2023-04-27T18:52:51.233+0300] {dagbag.py:532} INFO - Filling up the DagBag from /home/vladimir/.local/lib/python3.10/site-packages/airflow/example_dags/example_branch_python_dop_operator_3.py
[2023-04-27T18:52:51.251+0300] {processor.py:753} INFO - DAG(s) dict_keys(['example_branch_dop_operator_v3']) retrieved from /home/vladimir/.local/lib/python3.10/site-packages/airflow/example_dags/example_branch_python_dop_operator_3.py
[2023-04-27T18:52:51.264+0300] {logging_mixin.py:137} INFO - [2023-04-27T18:52:51.264+0300] {dag.py:2705} INFO - Sync 1 DAGs
[2023-04-27T18:52:51.280+0300] {logging_mixin.py:137} INFO - [2023-04-27T18:52:51.280+0300] {dag.py:3452} INFO - Setting next_dagrun for example_branch_dop_operator_v3 to 2023-04-27T15:51:00+00:00, run_after=2023-04-27T15:52:00+00:00
[2023-04-27T18:52:51.293+0300] {processor.py:175} INFO - Processing /home/vladimir/.local/lib/python3.10/site-packages/airflow/example_dags/example_branch_python_dop_operator_3.py took 0.064 seconds
[2023-04-27T18:53:34.511+0300] {processor.py:153} INFO - Started process (PID=5552) to work on /home/vladimir/.local/lib/python3.10/site-packages/airflow/example_dags/example_branch_python_dop_operator_3.py
[2023-04-27T18:53:34.512+0300] {processor.py:743} INFO - Processing file /home/vladimir/.local/lib/python3.10/site-packages/airflow/example_dags/example_branch_python_dop_operator_3.py for tasks to queue
[2023-04-27T18:53:34.513+0300] {logging_mixin.py:137} INFO - [2023-04-27T18:53:34.513+0300] {dagbag.py:532} INFO - Filling up the DagBag from /home/vladimir/.local/lib/python3.10/site-packages/airflow/example_dags/example_branch_python_dop_operator_3.py
[2023-04-27T18:53:34.533+0300] {processor.py:753} INFO - DAG(s) dict_keys(['example_branch_dop_operator_v3']) retrieved from /home/vladimir/.local/lib/python3.10/site-packages/airflow/example_dags/example_branch_python_dop_operator_3.py
[2023-04-27T18:53:34.550+0300] {logging_mixin.py:137} INFO - [2023-04-27T18:53:34.549+0300] {dag.py:2705} INFO - Sync 1 DAGs
[2023-04-27T18:53:34.566+0300] {logging_mixin.py:137} INFO - [2023-04-27T18:53:34.566+0300] {dag.py:3452} INFO - Setting next_dagrun for example_branch_dop_operator_v3 to 2023-04-27T15:52:00+00:00, run_after=2023-04-27T15:53:00+00:00
[2023-04-27T18:53:34.579+0300] {processor.py:175} INFO - Processing /home/vladimir/.local/lib/python3.10/site-packages/airflow/example_dags/example_branch_python_dop_operator_3.py took 0.070 seconds
[2023-04-27T18:54:21.366+0300] {processor.py:153} INFO - Started process (PID=5602) to work on /home/vladimir/.local/lib/python3.10/site-packages/airflow/example_dags/example_branch_python_dop_operator_3.py
[2023-04-27T18:54:21.367+0300] {processor.py:743} INFO - Processing file /home/vladimir/.local/lib/python3.10/site-packages/airflow/example_dags/example_branch_python_dop_operator_3.py for tasks to queue
[2023-04-27T18:54:21.367+0300] {logging_mixin.py:137} INFO - [2023-04-27T18:54:21.367+0300] {dagbag.py:532} INFO - Filling up the DagBag from /home/vladimir/.local/lib/python3.10/site-packages/airflow/example_dags/example_branch_python_dop_operator_3.py
[2023-04-27T18:54:21.387+0300] {processor.py:753} INFO - DAG(s) dict_keys(['example_branch_dop_operator_v3']) retrieved from /home/vladimir/.local/lib/python3.10/site-packages/airflow/example_dags/example_branch_python_dop_operator_3.py
[2023-04-27T18:54:21.415+0300] {logging_mixin.py:137} INFO - [2023-04-27T18:54:21.415+0300] {dag.py:2705} INFO - Sync 1 DAGs
[2023-04-27T18:54:21.435+0300] {logging_mixin.py:137} INFO - [2023-04-27T18:54:21.435+0300] {dag.py:3452} INFO - Setting next_dagrun for example_branch_dop_operator_v3 to 2023-04-27T15:53:00+00:00, run_after=2023-04-27T15:54:00+00:00
[2023-04-27T18:54:21.454+0300] {processor.py:175} INFO - Processing /home/vladimir/.local/lib/python3.10/site-packages/airflow/example_dags/example_branch_python_dop_operator_3.py took 0.090 seconds
[2023-04-27T18:55:10.193+0300] {processor.py:153} INFO - Started process (PID=5663) to work on /home/vladimir/.local/lib/python3.10/site-packages/airflow/example_dags/example_branch_python_dop_operator_3.py
[2023-04-27T18:55:10.194+0300] {processor.py:743} INFO - Processing file /home/vladimir/.local/lib/python3.10/site-packages/airflow/example_dags/example_branch_python_dop_operator_3.py for tasks to queue
[2023-04-27T18:55:10.195+0300] {logging_mixin.py:137} INFO - [2023-04-27T18:55:10.195+0300] {dagbag.py:532} INFO - Filling up the DagBag from /home/vladimir/.local/lib/python3.10/site-packages/airflow/example_dags/example_branch_python_dop_operator_3.py
[2023-04-27T18:55:10.213+0300] {processor.py:753} INFO - DAG(s) dict_keys(['example_branch_dop_operator_v3']) retrieved from /home/vladimir/.local/lib/python3.10/site-packages/airflow/example_dags/example_branch_python_dop_operator_3.py
[2023-04-27T18:55:10.226+0300] {logging_mixin.py:137} INFO - [2023-04-27T18:55:10.226+0300] {dag.py:2705} INFO - Sync 1 DAGs
[2023-04-27T18:55:10.242+0300] {logging_mixin.py:137} INFO - [2023-04-27T18:55:10.242+0300] {dag.py:3452} INFO - Setting next_dagrun for example_branch_dop_operator_v3 to 2023-04-27T15:54:00+00:00, run_after=2023-04-27T15:55:00+00:00
[2023-04-27T18:55:10.254+0300] {processor.py:175} INFO - Processing /home/vladimir/.local/lib/python3.10/site-packages/airflow/example_dags/example_branch_python_dop_operator_3.py took 0.063 seconds
[2023-04-27T18:55:57.727+0300] {processor.py:153} INFO - Started process (PID=5718) to work on /home/vladimir/.local/lib/python3.10/site-packages/airflow/example_dags/example_branch_python_dop_operator_3.py
[2023-04-27T18:55:57.728+0300] {processor.py:743} INFO - Processing file /home/vladimir/.local/lib/python3.10/site-packages/airflow/example_dags/example_branch_python_dop_operator_3.py for tasks to queue
[2023-04-27T18:55:57.729+0300] {logging_mixin.py:137} INFO - [2023-04-27T18:55:57.728+0300] {dagbag.py:532} INFO - Filling up the DagBag from /home/vladimir/.local/lib/python3.10/site-packages/airflow/example_dags/example_branch_python_dop_operator_3.py
[2023-04-27T18:55:57.744+0300] {processor.py:753} INFO - DAG(s) dict_keys(['example_branch_dop_operator_v3']) retrieved from /home/vladimir/.local/lib/python3.10/site-packages/airflow/example_dags/example_branch_python_dop_operator_3.py
[2023-04-27T18:55:57.757+0300] {logging_mixin.py:137} INFO - [2023-04-27T18:55:57.757+0300] {dag.py:2705} INFO - Sync 1 DAGs
[2023-04-27T18:55:57.771+0300] {logging_mixin.py:137} INFO - [2023-04-27T18:55:57.771+0300] {dag.py:3452} INFO - Setting next_dagrun for example_branch_dop_operator_v3 to 2023-04-27T15:54:00+00:00, run_after=2023-04-27T15:55:00+00:00
[2023-04-27T18:55:57.789+0300] {processor.py:175} INFO - Processing /home/vladimir/.local/lib/python3.10/site-packages/airflow/example_dags/example_branch_python_dop_operator_3.py took 0.064 seconds
[2023-04-27T18:56:39.526+0300] {processor.py:153} INFO - Started process (PID=6602) to work on /home/vladimir/.local/lib/python3.10/site-packages/airflow/example_dags/example_branch_python_dop_operator_3.py
[2023-04-27T18:56:39.528+0300] {processor.py:743} INFO - Processing file /home/vladimir/.local/lib/python3.10/site-packages/airflow/example_dags/example_branch_python_dop_operator_3.py for tasks to queue
[2023-04-27T18:56:39.528+0300] {logging_mixin.py:137} INFO - [2023-04-27T18:56:39.528+0300] {dagbag.py:532} INFO - Filling up the DagBag from /home/vladimir/.local/lib/python3.10/site-packages/airflow/example_dags/example_branch_python_dop_operator_3.py
[2023-04-27T18:56:39.548+0300] {processor.py:753} INFO - DAG(s) dict_keys(['example_branch_dop_operator_v3']) retrieved from /home/vladimir/.local/lib/python3.10/site-packages/airflow/example_dags/example_branch_python_dop_operator_3.py
[2023-04-27T18:56:39.563+0300] {logging_mixin.py:137} INFO - [2023-04-27T18:56:39.563+0300] {dag.py:2705} INFO - Sync 1 DAGs
[2023-04-27T18:56:39.580+0300] {logging_mixin.py:137} INFO - [2023-04-27T18:56:39.579+0300] {dag.py:3452} INFO - Setting next_dagrun for example_branch_dop_operator_v3 to 2023-04-27T15:55:00+00:00, run_after=2023-04-27T15:56:00+00:00
[2023-04-27T18:56:39.593+0300] {processor.py:175} INFO - Processing /home/vladimir/.local/lib/python3.10/site-packages/airflow/example_dags/example_branch_python_dop_operator_3.py took 0.069 seconds
[2023-04-27T18:57:30.158+0300] {processor.py:153} INFO - Started process (PID=6713) to work on /home/vladimir/.local/lib/python3.10/site-packages/airflow/example_dags/example_branch_python_dop_operator_3.py
[2023-04-27T18:57:30.160+0300] {processor.py:743} INFO - Processing file /home/vladimir/.local/lib/python3.10/site-packages/airflow/example_dags/example_branch_python_dop_operator_3.py for tasks to queue
[2023-04-27T18:57:30.160+0300] {logging_mixin.py:137} INFO - [2023-04-27T18:57:30.160+0300] {dagbag.py:532} INFO - Filling up the DagBag from /home/vladimir/.local/lib/python3.10/site-packages/airflow/example_dags/example_branch_python_dop_operator_3.py
[2023-04-27T18:57:30.184+0300] {processor.py:753} INFO - DAG(s) dict_keys(['example_branch_dop_operator_v3']) retrieved from /home/vladimir/.local/lib/python3.10/site-packages/airflow/example_dags/example_branch_python_dop_operator_3.py
[2023-04-27T18:57:30.201+0300] {logging_mixin.py:137} INFO - [2023-04-27T18:57:30.201+0300] {dag.py:2705} INFO - Sync 1 DAGs
[2023-04-27T18:57:30.218+0300] {logging_mixin.py:137} INFO - [2023-04-27T18:57:30.217+0300] {dag.py:3452} INFO - Setting next_dagrun for example_branch_dop_operator_v3 to 2023-04-27T15:56:00+00:00, run_after=2023-04-27T15:57:00+00:00
[2023-04-27T18:57:30.232+0300] {processor.py:175} INFO - Processing /home/vladimir/.local/lib/python3.10/site-packages/airflow/example_dags/example_branch_python_dop_operator_3.py took 0.076 seconds
[2023-04-27T18:58:19.046+0300] {processor.py:153} INFO - Started process (PID=6801) to work on /home/vladimir/.local/lib/python3.10/site-packages/airflow/example_dags/example_branch_python_dop_operator_3.py
[2023-04-27T18:58:19.047+0300] {processor.py:743} INFO - Processing file /home/vladimir/.local/lib/python3.10/site-packages/airflow/example_dags/example_branch_python_dop_operator_3.py for tasks to queue
[2023-04-27T18:58:19.047+0300] {logging_mixin.py:137} INFO - [2023-04-27T18:58:19.047+0300] {dagbag.py:532} INFO - Filling up the DagBag from /home/vladimir/.local/lib/python3.10/site-packages/airflow/example_dags/example_branch_python_dop_operator_3.py
[2023-04-27T18:58:19.065+0300] {processor.py:753} INFO - DAG(s) dict_keys(['example_branch_dop_operator_v3']) retrieved from /home/vladimir/.local/lib/python3.10/site-packages/airflow/example_dags/example_branch_python_dop_operator_3.py
[2023-04-27T18:58:19.080+0300] {logging_mixin.py:137} INFO - [2023-04-27T18:58:19.080+0300] {dag.py:2705} INFO - Sync 1 DAGs
[2023-04-27T18:58:19.098+0300] {logging_mixin.py:137} INFO - [2023-04-27T18:58:19.098+0300] {dag.py:3452} INFO - Setting next_dagrun for example_branch_dop_operator_v3 to 2023-04-27T15:57:00+00:00, run_after=2023-04-27T15:58:00+00:00
[2023-04-27T18:58:19.110+0300] {processor.py:175} INFO - Processing /home/vladimir/.local/lib/python3.10/site-packages/airflow/example_dags/example_branch_python_dop_operator_3.py took 0.067 seconds
[2023-04-27T18:59:05.386+0300] {processor.py:153} INFO - Started process (PID=6889) to work on /home/vladimir/.local/lib/python3.10/site-packages/airflow/example_dags/example_branch_python_dop_operator_3.py
[2023-04-27T18:59:05.387+0300] {processor.py:743} INFO - Processing file /home/vladimir/.local/lib/python3.10/site-packages/airflow/example_dags/example_branch_python_dop_operator_3.py for tasks to queue
[2023-04-27T18:59:05.388+0300] {logging_mixin.py:137} INFO - [2023-04-27T18:59:05.388+0300] {dagbag.py:532} INFO - Filling up the DagBag from /home/vladimir/.local/lib/python3.10/site-packages/airflow/example_dags/example_branch_python_dop_operator_3.py
[2023-04-27T18:59:05.405+0300] {processor.py:753} INFO - DAG(s) dict_keys(['example_branch_dop_operator_v3']) retrieved from /home/vladimir/.local/lib/python3.10/site-packages/airflow/example_dags/example_branch_python_dop_operator_3.py
[2023-04-27T18:59:05.418+0300] {logging_mixin.py:137} INFO - [2023-04-27T18:59:05.418+0300] {dag.py:2705} INFO - Sync 1 DAGs
[2023-04-27T18:59:05.432+0300] {logging_mixin.py:137} INFO - [2023-04-27T18:59:05.432+0300] {dag.py:3452} INFO - Setting next_dagrun for example_branch_dop_operator_v3 to 2023-04-27T15:58:00+00:00, run_after=2023-04-27T15:59:00+00:00
[2023-04-27T18:59:05.443+0300] {processor.py:175} INFO - Processing /home/vladimir/.local/lib/python3.10/site-packages/airflow/example_dags/example_branch_python_dop_operator_3.py took 0.059 seconds
[2023-04-27T18:59:51.448+0300] {processor.py:153} INFO - Started process (PID=6971) to work on /home/vladimir/.local/lib/python3.10/site-packages/airflow/example_dags/example_branch_python_dop_operator_3.py
[2023-04-27T18:59:51.451+0300] {processor.py:743} INFO - Processing file /home/vladimir/.local/lib/python3.10/site-packages/airflow/example_dags/example_branch_python_dop_operator_3.py for tasks to queue
[2023-04-27T18:59:51.451+0300] {logging_mixin.py:137} INFO - [2023-04-27T18:59:51.451+0300] {dagbag.py:532} INFO - Filling up the DagBag from /home/vladimir/.local/lib/python3.10/site-packages/airflow/example_dags/example_branch_python_dop_operator_3.py
[2023-04-27T18:59:51.469+0300] {processor.py:753} INFO - DAG(s) dict_keys(['example_branch_dop_operator_v3']) retrieved from /home/vladimir/.local/lib/python3.10/site-packages/airflow/example_dags/example_branch_python_dop_operator_3.py
[2023-04-27T18:59:51.484+0300] {logging_mixin.py:137} INFO - [2023-04-27T18:59:51.484+0300] {dag.py:2705} INFO - Sync 1 DAGs
[2023-04-27T18:59:51.500+0300] {logging_mixin.py:137} INFO - [2023-04-27T18:59:51.500+0300] {dag.py:3452} INFO - Setting next_dagrun for example_branch_dop_operator_v3 to 2023-04-27T15:58:00+00:00, run_after=2023-04-27T15:59:00+00:00
[2023-04-27T18:59:51.512+0300] {processor.py:175} INFO - Processing /home/vladimir/.local/lib/python3.10/site-packages/airflow/example_dags/example_branch_python_dop_operator_3.py took 0.067 seconds
[2023-04-27T19:00:40.165+0300] {processor.py:153} INFO - Started process (PID=7082) to work on /home/vladimir/.local/lib/python3.10/site-packages/airflow/example_dags/example_branch_python_dop_operator_3.py
[2023-04-27T19:00:40.166+0300] {processor.py:743} INFO - Processing file /home/vladimir/.local/lib/python3.10/site-packages/airflow/example_dags/example_branch_python_dop_operator_3.py for tasks to queue
[2023-04-27T19:00:40.166+0300] {logging_mixin.py:137} INFO - [2023-04-27T19:00:40.166+0300] {dagbag.py:532} INFO - Filling up the DagBag from /home/vladimir/.local/lib/python3.10/site-packages/airflow/example_dags/example_branch_python_dop_operator_3.py
[2023-04-27T19:00:40.184+0300] {processor.py:753} INFO - DAG(s) dict_keys(['example_branch_dop_operator_v3']) retrieved from /home/vladimir/.local/lib/python3.10/site-packages/airflow/example_dags/example_branch_python_dop_operator_3.py
[2023-04-27T19:00:40.201+0300] {logging_mixin.py:137} INFO - [2023-04-27T19:00:40.201+0300] {dag.py:2705} INFO - Sync 1 DAGs
[2023-04-27T19:00:40.218+0300] {logging_mixin.py:137} INFO - [2023-04-27T19:00:40.218+0300] {dag.py:3452} INFO - Setting next_dagrun for example_branch_dop_operator_v3 to 2023-04-27T15:59:00+00:00, run_after=2023-04-27T16:00:00+00:00
[2023-04-27T19:00:40.233+0300] {processor.py:175} INFO - Processing /home/vladimir/.local/lib/python3.10/site-packages/airflow/example_dags/example_branch_python_dop_operator_3.py took 0.070 seconds
[2023-04-27T19:01:26.525+0300] {processor.py:153} INFO - Started process (PID=7195) to work on /home/vladimir/.local/lib/python3.10/site-packages/airflow/example_dags/example_branch_python_dop_operator_3.py
[2023-04-27T19:01:26.527+0300] {processor.py:743} INFO - Processing file /home/vladimir/.local/lib/python3.10/site-packages/airflow/example_dags/example_branch_python_dop_operator_3.py for tasks to queue
[2023-04-27T19:01:26.527+0300] {logging_mixin.py:137} INFO - [2023-04-27T19:01:26.527+0300] {dagbag.py:532} INFO - Filling up the DagBag from /home/vladimir/.local/lib/python3.10/site-packages/airflow/example_dags/example_branch_python_dop_operator_3.py
[2023-04-27T19:01:26.549+0300] {processor.py:753} INFO - DAG(s) dict_keys(['example_branch_dop_operator_v3']) retrieved from /home/vladimir/.local/lib/python3.10/site-packages/airflow/example_dags/example_branch_python_dop_operator_3.py
[2023-04-27T19:01:26.573+0300] {logging_mixin.py:137} INFO - [2023-04-27T19:01:26.573+0300] {dag.py:2705} INFO - Sync 1 DAGs
[2023-04-27T19:01:26.604+0300] {logging_mixin.py:137} INFO - [2023-04-27T19:01:26.604+0300] {dag.py:3452} INFO - Setting next_dagrun for example_branch_dop_operator_v3 to 2023-04-27T16:00:00+00:00, run_after=2023-04-27T16:01:00+00:00
[2023-04-27T19:01:26.621+0300] {processor.py:175} INFO - Processing /home/vladimir/.local/lib/python3.10/site-packages/airflow/example_dags/example_branch_python_dop_operator_3.py took 0.098 seconds
