[2023-04-27T18:25:01.835+0300] {processor.py:153} INFO - Started process (PID=5513) to work on /home/vladimir/.local/lib/python3.10/site-packages/airflow/example_dags/example_kubernetes_executor.py
[2023-04-27T18:25:01.836+0300] {processor.py:743} INFO - Processing file /home/vladimir/.local/lib/python3.10/site-packages/airflow/example_dags/example_kubernetes_executor.py for tasks to queue
[2023-04-27T18:25:01.836+0300] {logging_mixin.py:137} INFO - [2023-04-27T18:25:01.836+0300] {dagbag.py:532} INFO - Filling up the DagBag from /home/vladimir/.local/lib/python3.10/site-packages/airflow/example_dags/example_kubernetes_executor.py
[2023-04-27T18:25:01.856+0300] {processor.py:753} INFO - DAG(s) dict_keys(['example_kubernetes_executor']) retrieved from /home/vladimir/.local/lib/python3.10/site-packages/airflow/example_dags/example_kubernetes_executor.py
[2023-04-27T18:25:01.920+0300] {logging_mixin.py:137} INFO - [2023-04-27T18:25:01.920+0300] {manager.py:504} INFO - Created Permission View: can read on DAG:example_kubernetes_executor
[2023-04-27T18:25:01.929+0300] {logging_mixin.py:137} INFO - [2023-04-27T18:25:01.929+0300] {manager.py:504} INFO - Created Permission View: can delete on DAG:example_kubernetes_executor
[2023-04-27T18:25:01.933+0300] {logging_mixin.py:137} INFO - [2023-04-27T18:25:01.933+0300] {manager.py:504} INFO - Created Permission View: can edit on DAG:example_kubernetes_executor
[2023-04-27T18:25:01.933+0300] {logging_mixin.py:137} INFO - [2023-04-27T18:25:01.933+0300] {dag.py:2705} INFO - Sync 1 DAGs
[2023-04-27T18:25:01.966+0300] {logging_mixin.py:137} INFO - [2023-04-27T18:25:01.965+0300] {dag.py:2726} INFO - Creating ORM DAG for example_kubernetes_executor
[2023-04-27T18:25:01.977+0300] {logging_mixin.py:137} INFO - [2023-04-27T18:25:01.977+0300] {dag.py:3452} INFO - Setting next_dagrun for example_kubernetes_executor to None, run_after=None
[2023-04-27T18:25:01.996+0300] {processor.py:175} INFO - Processing /home/vladimir/.local/lib/python3.10/site-packages/airflow/example_dags/example_kubernetes_executor.py took 0.169 seconds
[2023-04-27T18:26:02.826+0300] {processor.py:153} INFO - Started process (PID=5970) to work on /home/vladimir/.local/lib/python3.10/site-packages/airflow/example_dags/example_kubernetes_executor.py
[2023-04-27T18:26:02.827+0300] {processor.py:743} INFO - Processing file /home/vladimir/.local/lib/python3.10/site-packages/airflow/example_dags/example_kubernetes_executor.py for tasks to queue
[2023-04-27T18:26:02.828+0300] {logging_mixin.py:137} INFO - [2023-04-27T18:26:02.828+0300] {dagbag.py:532} INFO - Filling up the DagBag from /home/vladimir/.local/lib/python3.10/site-packages/airflow/example_dags/example_kubernetes_executor.py
[2023-04-27T18:26:02.848+0300] {processor.py:753} INFO - DAG(s) dict_keys(['example_kubernetes_executor']) retrieved from /home/vladimir/.local/lib/python3.10/site-packages/airflow/example_dags/example_kubernetes_executor.py
[2023-04-27T18:26:02.864+0300] {logging_mixin.py:137} INFO - [2023-04-27T18:26:02.864+0300] {dag.py:2705} INFO - Sync 1 DAGs
[2023-04-27T18:26:02.875+0300] {logging_mixin.py:137} INFO - [2023-04-27T18:26:02.875+0300] {dag.py:3452} INFO - Setting next_dagrun for example_kubernetes_executor to None, run_after=None
[2023-04-27T18:26:02.889+0300] {processor.py:175} INFO - Processing /home/vladimir/.local/lib/python3.10/site-packages/airflow/example_dags/example_kubernetes_executor.py took 0.065 seconds
[2023-04-27T18:26:35.913+0300] {processor.py:153} INFO - Started process (PID=6019) to work on /home/vladimir/.local/lib/python3.10/site-packages/airflow/example_dags/example_kubernetes_executor.py
[2023-04-27T18:26:35.913+0300] {processor.py:743} INFO - Processing file /home/vladimir/.local/lib/python3.10/site-packages/airflow/example_dags/example_kubernetes_executor.py for tasks to queue
[2023-04-27T18:26:35.914+0300] {logging_mixin.py:137} INFO - [2023-04-27T18:26:35.914+0300] {dagbag.py:532} INFO - Filling up the DagBag from /home/vladimir/.local/lib/python3.10/site-packages/airflow/example_dags/example_kubernetes_executor.py
[2023-04-27T18:26:35.934+0300] {processor.py:753} INFO - DAG(s) dict_keys(['example_kubernetes_executor']) retrieved from /home/vladimir/.local/lib/python3.10/site-packages/airflow/example_dags/example_kubernetes_executor.py
[2023-04-27T18:26:35.950+0300] {logging_mixin.py:137} INFO - [2023-04-27T18:26:35.949+0300] {dag.py:2705} INFO - Sync 1 DAGs
[2023-04-27T18:26:35.961+0300] {logging_mixin.py:137} INFO - [2023-04-27T18:26:35.961+0300] {dag.py:3452} INFO - Setting next_dagrun for example_kubernetes_executor to None, run_after=None
[2023-04-27T18:26:35.975+0300] {processor.py:175} INFO - Processing /home/vladimir/.local/lib/python3.10/site-packages/airflow/example_dags/example_kubernetes_executor.py took 0.065 seconds
[2023-04-27T18:27:11.854+0300] {processor.py:153} INFO - Started process (PID=6077) to work on /home/vladimir/.local/lib/python3.10/site-packages/airflow/example_dags/example_kubernetes_executor.py
[2023-04-27T18:27:11.855+0300] {processor.py:743} INFO - Processing file /home/vladimir/.local/lib/python3.10/site-packages/airflow/example_dags/example_kubernetes_executor.py for tasks to queue
[2023-04-27T18:27:11.856+0300] {logging_mixin.py:137} INFO - [2023-04-27T18:27:11.856+0300] {dagbag.py:532} INFO - Filling up the DagBag from /home/vladimir/.local/lib/python3.10/site-packages/airflow/example_dags/example_kubernetes_executor.py
[2023-04-27T18:27:11.876+0300] {processor.py:753} INFO - DAG(s) dict_keys(['example_kubernetes_executor']) retrieved from /home/vladimir/.local/lib/python3.10/site-packages/airflow/example_dags/example_kubernetes_executor.py
[2023-04-27T18:27:11.895+0300] {logging_mixin.py:137} INFO - [2023-04-27T18:27:11.894+0300] {dag.py:2705} INFO - Sync 1 DAGs
[2023-04-27T18:27:11.908+0300] {logging_mixin.py:137} INFO - [2023-04-27T18:27:11.908+0300] {dag.py:3452} INFO - Setting next_dagrun for example_kubernetes_executor to None, run_after=None
[2023-04-27T18:27:11.920+0300] {processor.py:175} INFO - Processing /home/vladimir/.local/lib/python3.10/site-packages/airflow/example_dags/example_kubernetes_executor.py took 0.069 seconds
[2023-04-27T18:27:49.550+0300] {processor.py:153} INFO - Started process (PID=6130) to work on /home/vladimir/.local/lib/python3.10/site-packages/airflow/example_dags/example_kubernetes_executor.py
[2023-04-27T18:27:49.551+0300] {processor.py:743} INFO - Processing file /home/vladimir/.local/lib/python3.10/site-packages/airflow/example_dags/example_kubernetes_executor.py for tasks to queue
[2023-04-27T18:27:49.552+0300] {logging_mixin.py:137} INFO - [2023-04-27T18:27:49.552+0300] {dagbag.py:532} INFO - Filling up the DagBag from /home/vladimir/.local/lib/python3.10/site-packages/airflow/example_dags/example_kubernetes_executor.py
[2023-04-27T18:27:49.571+0300] {processor.py:753} INFO - DAG(s) dict_keys(['example_kubernetes_executor']) retrieved from /home/vladimir/.local/lib/python3.10/site-packages/airflow/example_dags/example_kubernetes_executor.py
[2023-04-27T18:27:49.589+0300] {logging_mixin.py:137} INFO - [2023-04-27T18:27:49.588+0300] {dag.py:2705} INFO - Sync 1 DAGs
[2023-04-27T18:27:49.602+0300] {logging_mixin.py:137} INFO - [2023-04-27T18:27:49.602+0300] {dag.py:3452} INFO - Setting next_dagrun for example_kubernetes_executor to None, run_after=None
[2023-04-27T18:27:49.616+0300] {processor.py:175} INFO - Processing /home/vladimir/.local/lib/python3.10/site-packages/airflow/example_dags/example_kubernetes_executor.py took 0.069 seconds
[2023-04-27T18:28:22.644+0300] {processor.py:153} INFO - Started process (PID=6178) to work on /home/vladimir/.local/lib/python3.10/site-packages/airflow/example_dags/example_kubernetes_executor.py
[2023-04-27T18:28:22.644+0300] {processor.py:743} INFO - Processing file /home/vladimir/.local/lib/python3.10/site-packages/airflow/example_dags/example_kubernetes_executor.py for tasks to queue
[2023-04-27T18:28:22.645+0300] {logging_mixin.py:137} INFO - [2023-04-27T18:28:22.645+0300] {dagbag.py:532} INFO - Filling up the DagBag from /home/vladimir/.local/lib/python3.10/site-packages/airflow/example_dags/example_kubernetes_executor.py
[2023-04-27T18:28:22.664+0300] {processor.py:753} INFO - DAG(s) dict_keys(['example_kubernetes_executor']) retrieved from /home/vladimir/.local/lib/python3.10/site-packages/airflow/example_dags/example_kubernetes_executor.py
[2023-04-27T18:28:22.685+0300] {logging_mixin.py:137} INFO - [2023-04-27T18:28:22.685+0300] {dag.py:2705} INFO - Sync 1 DAGs
[2023-04-27T18:28:22.697+0300] {logging_mixin.py:137} INFO - [2023-04-27T18:28:22.697+0300] {dag.py:3452} INFO - Setting next_dagrun for example_kubernetes_executor to None, run_after=None
[2023-04-27T18:28:22.709+0300] {processor.py:175} INFO - Processing /home/vladimir/.local/lib/python3.10/site-packages/airflow/example_dags/example_kubernetes_executor.py took 0.067 seconds
[2023-04-27T18:29:02.907+0300] {processor.py:153} INFO - Started process (PID=6300) to work on /home/vladimir/.local/lib/python3.10/site-packages/airflow/example_dags/example_kubernetes_executor.py
[2023-04-27T18:29:02.908+0300] {processor.py:743} INFO - Processing file /home/vladimir/.local/lib/python3.10/site-packages/airflow/example_dags/example_kubernetes_executor.py for tasks to queue
[2023-04-27T18:29:02.908+0300] {logging_mixin.py:137} INFO - [2023-04-27T18:29:02.908+0300] {dagbag.py:532} INFO - Filling up the DagBag from /home/vladimir/.local/lib/python3.10/site-packages/airflow/example_dags/example_kubernetes_executor.py
[2023-04-27T18:29:02.928+0300] {processor.py:753} INFO - DAG(s) dict_keys(['example_kubernetes_executor']) retrieved from /home/vladimir/.local/lib/python3.10/site-packages/airflow/example_dags/example_kubernetes_executor.py
[2023-04-27T18:29:02.946+0300] {logging_mixin.py:137} INFO - [2023-04-27T18:29:02.946+0300] {dag.py:2705} INFO - Sync 1 DAGs
[2023-04-27T18:29:02.957+0300] {logging_mixin.py:137} INFO - [2023-04-27T18:29:02.957+0300] {dag.py:3452} INFO - Setting next_dagrun for example_kubernetes_executor to None, run_after=None
[2023-04-27T18:29:02.970+0300] {processor.py:175} INFO - Processing /home/vladimir/.local/lib/python3.10/site-packages/airflow/example_dags/example_kubernetes_executor.py took 0.065 seconds
[2023-04-27T18:29:40.705+0300] {processor.py:153} INFO - Started process (PID=6374) to work on /home/vladimir/.local/lib/python3.10/site-packages/airflow/example_dags/example_kubernetes_executor.py
[2023-04-27T18:29:40.705+0300] {processor.py:743} INFO - Processing file /home/vladimir/.local/lib/python3.10/site-packages/airflow/example_dags/example_kubernetes_executor.py for tasks to queue
[2023-04-27T18:29:40.706+0300] {logging_mixin.py:137} INFO - [2023-04-27T18:29:40.706+0300] {dagbag.py:532} INFO - Filling up the DagBag from /home/vladimir/.local/lib/python3.10/site-packages/airflow/example_dags/example_kubernetes_executor.py
[2023-04-27T18:29:40.726+0300] {processor.py:753} INFO - DAG(s) dict_keys(['example_kubernetes_executor']) retrieved from /home/vladimir/.local/lib/python3.10/site-packages/airflow/example_dags/example_kubernetes_executor.py
[2023-04-27T18:29:40.748+0300] {logging_mixin.py:137} INFO - [2023-04-27T18:29:40.748+0300] {dag.py:2705} INFO - Sync 1 DAGs
[2023-04-27T18:29:40.759+0300] {logging_mixin.py:137} INFO - [2023-04-27T18:29:40.759+0300] {dag.py:3452} INFO - Setting next_dagrun for example_kubernetes_executor to None, run_after=None
[2023-04-27T18:29:40.772+0300] {processor.py:175} INFO - Processing /home/vladimir/.local/lib/python3.10/site-packages/airflow/example_dags/example_kubernetes_executor.py took 0.070 seconds
[2023-04-27T18:30:15.286+0300] {processor.py:153} INFO - Started process (PID=6463) to work on /home/vladimir/.local/lib/python3.10/site-packages/airflow/example_dags/example_kubernetes_executor.py
[2023-04-27T18:30:15.287+0300] {processor.py:743} INFO - Processing file /home/vladimir/.local/lib/python3.10/site-packages/airflow/example_dags/example_kubernetes_executor.py for tasks to queue
[2023-04-27T18:30:15.288+0300] {logging_mixin.py:137} INFO - [2023-04-27T18:30:15.288+0300] {dagbag.py:532} INFO - Filling up the DagBag from /home/vladimir/.local/lib/python3.10/site-packages/airflow/example_dags/example_kubernetes_executor.py
[2023-04-27T18:30:15.309+0300] {processor.py:753} INFO - DAG(s) dict_keys(['example_kubernetes_executor']) retrieved from /home/vladimir/.local/lib/python3.10/site-packages/airflow/example_dags/example_kubernetes_executor.py
[2023-04-27T18:30:15.326+0300] {logging_mixin.py:137} INFO - [2023-04-27T18:30:15.326+0300] {dag.py:2705} INFO - Sync 1 DAGs
[2023-04-27T18:30:15.338+0300] {logging_mixin.py:137} INFO - [2023-04-27T18:30:15.338+0300] {dag.py:3452} INFO - Setting next_dagrun for example_kubernetes_executor to None, run_after=None
[2023-04-27T18:30:15.351+0300] {processor.py:175} INFO - Processing /home/vladimir/.local/lib/python3.10/site-packages/airflow/example_dags/example_kubernetes_executor.py took 0.067 seconds
[2023-04-27T18:30:51.496+0300] {processor.py:153} INFO - Started process (PID=6559) to work on /home/vladimir/.local/lib/python3.10/site-packages/airflow/example_dags/example_kubernetes_executor.py
[2023-04-27T18:30:51.497+0300] {processor.py:743} INFO - Processing file /home/vladimir/.local/lib/python3.10/site-packages/airflow/example_dags/example_kubernetes_executor.py for tasks to queue
[2023-04-27T18:30:51.498+0300] {logging_mixin.py:137} INFO - [2023-04-27T18:30:51.497+0300] {dagbag.py:532} INFO - Filling up the DagBag from /home/vladimir/.local/lib/python3.10/site-packages/airflow/example_dags/example_kubernetes_executor.py
[2023-04-27T18:30:51.519+0300] {processor.py:753} INFO - DAG(s) dict_keys(['example_kubernetes_executor']) retrieved from /home/vladimir/.local/lib/python3.10/site-packages/airflow/example_dags/example_kubernetes_executor.py
[2023-04-27T18:30:51.536+0300] {logging_mixin.py:137} INFO - [2023-04-27T18:30:51.535+0300] {dag.py:2705} INFO - Sync 1 DAGs
[2023-04-27T18:30:51.547+0300] {logging_mixin.py:137} INFO - [2023-04-27T18:30:51.547+0300] {dag.py:3452} INFO - Setting next_dagrun for example_kubernetes_executor to None, run_after=None
[2023-04-27T18:30:51.561+0300] {processor.py:175} INFO - Processing /home/vladimir/.local/lib/python3.10/site-packages/airflow/example_dags/example_kubernetes_executor.py took 0.067 seconds
[2023-04-27T18:31:28.413+0300] {processor.py:153} INFO - Started process (PID=6630) to work on /home/vladimir/.local/lib/python3.10/site-packages/airflow/example_dags/example_kubernetes_executor.py
[2023-04-27T18:31:28.414+0300] {processor.py:743} INFO - Processing file /home/vladimir/.local/lib/python3.10/site-packages/airflow/example_dags/example_kubernetes_executor.py for tasks to queue
[2023-04-27T18:31:28.415+0300] {logging_mixin.py:137} INFO - [2023-04-27T18:31:28.414+0300] {dagbag.py:532} INFO - Filling up the DagBag from /home/vladimir/.local/lib/python3.10/site-packages/airflow/example_dags/example_kubernetes_executor.py
[2023-04-27T18:31:28.435+0300] {processor.py:753} INFO - DAG(s) dict_keys(['example_kubernetes_executor']) retrieved from /home/vladimir/.local/lib/python3.10/site-packages/airflow/example_dags/example_kubernetes_executor.py
[2023-04-27T18:31:28.455+0300] {logging_mixin.py:137} INFO - [2023-04-27T18:31:28.455+0300] {dag.py:2705} INFO - Sync 1 DAGs
[2023-04-27T18:31:28.469+0300] {logging_mixin.py:137} INFO - [2023-04-27T18:31:28.469+0300] {dag.py:3452} INFO - Setting next_dagrun for example_kubernetes_executor to None, run_after=None
[2023-04-27T18:31:28.482+0300] {processor.py:175} INFO - Processing /home/vladimir/.local/lib/python3.10/site-packages/airflow/example_dags/example_kubernetes_executor.py took 0.071 seconds
[2023-04-27T18:32:08.948+0300] {processor.py:153} INFO - Started process (PID=6695) to work on /home/vladimir/.local/lib/python3.10/site-packages/airflow/example_dags/example_kubernetes_executor.py
[2023-04-27T18:32:08.949+0300] {processor.py:743} INFO - Processing file /home/vladimir/.local/lib/python3.10/site-packages/airflow/example_dags/example_kubernetes_executor.py for tasks to queue
[2023-04-27T18:32:08.949+0300] {logging_mixin.py:137} INFO - [2023-04-27T18:32:08.949+0300] {dagbag.py:532} INFO - Filling up the DagBag from /home/vladimir/.local/lib/python3.10/site-packages/airflow/example_dags/example_kubernetes_executor.py
[2023-04-27T18:32:08.968+0300] {processor.py:753} INFO - DAG(s) dict_keys(['example_kubernetes_executor']) retrieved from /home/vladimir/.local/lib/python3.10/site-packages/airflow/example_dags/example_kubernetes_executor.py
[2023-04-27T18:32:08.984+0300] {logging_mixin.py:137} INFO - [2023-04-27T18:32:08.984+0300] {dag.py:2705} INFO - Sync 1 DAGs
[2023-04-27T18:32:08.996+0300] {logging_mixin.py:137} INFO - [2023-04-27T18:32:08.996+0300] {dag.py:3452} INFO - Setting next_dagrun for example_kubernetes_executor to None, run_after=None
[2023-04-27T18:32:09.008+0300] {processor.py:175} INFO - Processing /home/vladimir/.local/lib/python3.10/site-packages/airflow/example_dags/example_kubernetes_executor.py took 0.063 seconds
[2023-04-27T18:32:45.865+0300] {processor.py:153} INFO - Started process (PID=6844) to work on /home/vladimir/.local/lib/python3.10/site-packages/airflow/example_dags/example_kubernetes_executor.py
[2023-04-27T18:32:45.866+0300] {processor.py:743} INFO - Processing file /home/vladimir/.local/lib/python3.10/site-packages/airflow/example_dags/example_kubernetes_executor.py for tasks to queue
[2023-04-27T18:32:45.866+0300] {logging_mixin.py:137} INFO - [2023-04-27T18:32:45.866+0300] {dagbag.py:532} INFO - Filling up the DagBag from /home/vladimir/.local/lib/python3.10/site-packages/airflow/example_dags/example_kubernetes_executor.py
[2023-04-27T18:32:45.885+0300] {processor.py:753} INFO - DAG(s) dict_keys(['example_kubernetes_executor']) retrieved from /home/vladimir/.local/lib/python3.10/site-packages/airflow/example_dags/example_kubernetes_executor.py
[2023-04-27T18:32:45.903+0300] {logging_mixin.py:137} INFO - [2023-04-27T18:32:45.903+0300] {dag.py:2705} INFO - Sync 1 DAGs
[2023-04-27T18:32:45.914+0300] {logging_mixin.py:137} INFO - [2023-04-27T18:32:45.914+0300] {dag.py:3452} INFO - Setting next_dagrun for example_kubernetes_executor to None, run_after=None
[2023-04-27T18:32:45.927+0300] {processor.py:175} INFO - Processing /home/vladimir/.local/lib/python3.10/site-packages/airflow/example_dags/example_kubernetes_executor.py took 0.065 seconds
[2023-04-27T18:33:21.555+0300] {processor.py:153} INFO - Started process (PID=6901) to work on /home/vladimir/.local/lib/python3.10/site-packages/airflow/example_dags/example_kubernetes_executor.py
[2023-04-27T18:33:21.557+0300] {processor.py:743} INFO - Processing file /home/vladimir/.local/lib/python3.10/site-packages/airflow/example_dags/example_kubernetes_executor.py for tasks to queue
[2023-04-27T18:33:21.557+0300] {logging_mixin.py:137} INFO - [2023-04-27T18:33:21.557+0300] {dagbag.py:532} INFO - Filling up the DagBag from /home/vladimir/.local/lib/python3.10/site-packages/airflow/example_dags/example_kubernetes_executor.py
[2023-04-27T18:33:21.576+0300] {processor.py:753} INFO - DAG(s) dict_keys(['example_kubernetes_executor']) retrieved from /home/vladimir/.local/lib/python3.10/site-packages/airflow/example_dags/example_kubernetes_executor.py
[2023-04-27T18:33:21.593+0300] {logging_mixin.py:137} INFO - [2023-04-27T18:33:21.593+0300] {dag.py:2705} INFO - Sync 1 DAGs
[2023-04-27T18:33:21.607+0300] {logging_mixin.py:137} INFO - [2023-04-27T18:33:21.607+0300] {dag.py:3452} INFO - Setting next_dagrun for example_kubernetes_executor to None, run_after=None
[2023-04-27T18:33:21.620+0300] {processor.py:175} INFO - Processing /home/vladimir/.local/lib/python3.10/site-packages/airflow/example_dags/example_kubernetes_executor.py took 0.067 seconds
[2023-04-27T18:34:03.511+0300] {processor.py:153} INFO - Started process (PID=6969) to work on /home/vladimir/.local/lib/python3.10/site-packages/airflow/example_dags/example_kubernetes_executor.py
[2023-04-27T18:34:03.512+0300] {processor.py:743} INFO - Processing file /home/vladimir/.local/lib/python3.10/site-packages/airflow/example_dags/example_kubernetes_executor.py for tasks to queue
[2023-04-27T18:34:03.512+0300] {logging_mixin.py:137} INFO - [2023-04-27T18:34:03.512+0300] {dagbag.py:532} INFO - Filling up the DagBag from /home/vladimir/.local/lib/python3.10/site-packages/airflow/example_dags/example_kubernetes_executor.py
[2023-04-27T18:34:03.533+0300] {processor.py:753} INFO - DAG(s) dict_keys(['example_kubernetes_executor']) retrieved from /home/vladimir/.local/lib/python3.10/site-packages/airflow/example_dags/example_kubernetes_executor.py
[2023-04-27T18:34:03.553+0300] {logging_mixin.py:137} INFO - [2023-04-27T18:34:03.553+0300] {dag.py:2705} INFO - Sync 1 DAGs
[2023-04-27T18:34:03.565+0300] {logging_mixin.py:137} INFO - [2023-04-27T18:34:03.565+0300] {dag.py:3452} INFO - Setting next_dagrun for example_kubernetes_executor to None, run_after=None
[2023-04-27T18:34:03.578+0300] {processor.py:175} INFO - Processing /home/vladimir/.local/lib/python3.10/site-packages/airflow/example_dags/example_kubernetes_executor.py took 0.070 seconds
[2023-04-27T18:34:37.193+0300] {processor.py:153} INFO - Started process (PID=7039) to work on /home/vladimir/.local/lib/python3.10/site-packages/airflow/example_dags/example_kubernetes_executor.py
[2023-04-27T18:34:37.194+0300] {processor.py:743} INFO - Processing file /home/vladimir/.local/lib/python3.10/site-packages/airflow/example_dags/example_kubernetes_executor.py for tasks to queue
[2023-04-27T18:34:37.194+0300] {logging_mixin.py:137} INFO - [2023-04-27T18:34:37.194+0300] {dagbag.py:532} INFO - Filling up the DagBag from /home/vladimir/.local/lib/python3.10/site-packages/airflow/example_dags/example_kubernetes_executor.py
[2023-04-27T18:34:37.214+0300] {processor.py:753} INFO - DAG(s) dict_keys(['example_kubernetes_executor']) retrieved from /home/vladimir/.local/lib/python3.10/site-packages/airflow/example_dags/example_kubernetes_executor.py
[2023-04-27T18:34:37.231+0300] {logging_mixin.py:137} INFO - [2023-04-27T18:34:37.231+0300] {dag.py:2705} INFO - Sync 1 DAGs
[2023-04-27T18:34:37.244+0300] {logging_mixin.py:137} INFO - [2023-04-27T18:34:37.244+0300] {dag.py:3452} INFO - Setting next_dagrun for example_kubernetes_executor to None, run_after=None
[2023-04-27T18:34:37.269+0300] {processor.py:175} INFO - Processing /home/vladimir/.local/lib/python3.10/site-packages/airflow/example_dags/example_kubernetes_executor.py took 0.079 seconds
[2023-04-27T18:35:13.741+0300] {processor.py:153} INFO - Started process (PID=7290) to work on /home/vladimir/.local/lib/python3.10/site-packages/airflow/example_dags/example_kubernetes_executor.py
[2023-04-27T18:35:13.743+0300] {processor.py:743} INFO - Processing file /home/vladimir/.local/lib/python3.10/site-packages/airflow/example_dags/example_kubernetes_executor.py for tasks to queue
[2023-04-27T18:35:13.744+0300] {logging_mixin.py:137} INFO - [2023-04-27T18:35:13.744+0300] {dagbag.py:532} INFO - Filling up the DagBag from /home/vladimir/.local/lib/python3.10/site-packages/airflow/example_dags/example_kubernetes_executor.py
[2023-04-27T18:35:13.765+0300] {processor.py:753} INFO - DAG(s) dict_keys(['example_kubernetes_executor']) retrieved from /home/vladimir/.local/lib/python3.10/site-packages/airflow/example_dags/example_kubernetes_executor.py
[2023-04-27T18:35:13.785+0300] {logging_mixin.py:137} INFO - [2023-04-27T18:35:13.785+0300] {dag.py:2705} INFO - Sync 1 DAGs
[2023-04-27T18:35:13.801+0300] {logging_mixin.py:137} INFO - [2023-04-27T18:35:13.800+0300] {dag.py:3452} INFO - Setting next_dagrun for example_kubernetes_executor to None, run_after=None
[2023-04-27T18:35:13.820+0300] {processor.py:175} INFO - Processing /home/vladimir/.local/lib/python3.10/site-packages/airflow/example_dags/example_kubernetes_executor.py took 0.081 seconds
[2023-04-27T18:35:49.546+0300] {processor.py:153} INFO - Started process (PID=7455) to work on /home/vladimir/.local/lib/python3.10/site-packages/airflow/example_dags/example_kubernetes_executor.py
[2023-04-27T18:35:49.547+0300] {processor.py:743} INFO - Processing file /home/vladimir/.local/lib/python3.10/site-packages/airflow/example_dags/example_kubernetes_executor.py for tasks to queue
[2023-04-27T18:35:49.548+0300] {logging_mixin.py:137} INFO - [2023-04-27T18:35:49.548+0300] {dagbag.py:532} INFO - Filling up the DagBag from /home/vladimir/.local/lib/python3.10/site-packages/airflow/example_dags/example_kubernetes_executor.py
[2023-04-27T18:35:49.569+0300] {processor.py:753} INFO - DAG(s) dict_keys(['example_kubernetes_executor']) retrieved from /home/vladimir/.local/lib/python3.10/site-packages/airflow/example_dags/example_kubernetes_executor.py
[2023-04-27T18:35:49.589+0300] {logging_mixin.py:137} INFO - [2023-04-27T18:35:49.589+0300] {dag.py:2705} INFO - Sync 1 DAGs
[2023-04-27T18:35:49.605+0300] {logging_mixin.py:137} INFO - [2023-04-27T18:35:49.605+0300] {dag.py:3452} INFO - Setting next_dagrun for example_kubernetes_executor to None, run_after=None
[2023-04-27T18:35:49.620+0300] {processor.py:175} INFO - Processing /home/vladimir/.local/lib/python3.10/site-packages/airflow/example_dags/example_kubernetes_executor.py took 0.077 seconds
[2023-04-27T18:36:26.892+0300] {processor.py:153} INFO - Started process (PID=7550) to work on /home/vladimir/.local/lib/python3.10/site-packages/airflow/example_dags/example_kubernetes_executor.py
[2023-04-27T18:36:26.893+0300] {processor.py:743} INFO - Processing file /home/vladimir/.local/lib/python3.10/site-packages/airflow/example_dags/example_kubernetes_executor.py for tasks to queue
[2023-04-27T18:36:26.894+0300] {logging_mixin.py:137} INFO - [2023-04-27T18:36:26.894+0300] {dagbag.py:532} INFO - Filling up the DagBag from /home/vladimir/.local/lib/python3.10/site-packages/airflow/example_dags/example_kubernetes_executor.py
[2023-04-27T18:36:26.914+0300] {processor.py:753} INFO - DAG(s) dict_keys(['example_kubernetes_executor']) retrieved from /home/vladimir/.local/lib/python3.10/site-packages/airflow/example_dags/example_kubernetes_executor.py
[2023-04-27T18:36:26.931+0300] {logging_mixin.py:137} INFO - [2023-04-27T18:36:26.931+0300] {dag.py:2705} INFO - Sync 1 DAGs
[2023-04-27T18:36:26.944+0300] {logging_mixin.py:137} INFO - [2023-04-27T18:36:26.944+0300] {dag.py:3452} INFO - Setting next_dagrun for example_kubernetes_executor to None, run_after=None
[2023-04-27T18:36:26.956+0300] {processor.py:175} INFO - Processing /home/vladimir/.local/lib/python3.10/site-packages/airflow/example_dags/example_kubernetes_executor.py took 0.066 seconds
[2023-04-27T18:37:01.649+0300] {processor.py:153} INFO - Started process (PID=7609) to work on /home/vladimir/.local/lib/python3.10/site-packages/airflow/example_dags/example_kubernetes_executor.py
[2023-04-27T18:37:01.650+0300] {processor.py:743} INFO - Processing file /home/vladimir/.local/lib/python3.10/site-packages/airflow/example_dags/example_kubernetes_executor.py for tasks to queue
[2023-04-27T18:37:01.650+0300] {logging_mixin.py:137} INFO - [2023-04-27T18:37:01.650+0300] {dagbag.py:532} INFO - Filling up the DagBag from /home/vladimir/.local/lib/python3.10/site-packages/airflow/example_dags/example_kubernetes_executor.py
[2023-04-27T18:37:01.670+0300] {processor.py:753} INFO - DAG(s) dict_keys(['example_kubernetes_executor']) retrieved from /home/vladimir/.local/lib/python3.10/site-packages/airflow/example_dags/example_kubernetes_executor.py
[2023-04-27T18:37:01.688+0300] {logging_mixin.py:137} INFO - [2023-04-27T18:37:01.688+0300] {dag.py:2705} INFO - Sync 1 DAGs
[2023-04-27T18:37:01.700+0300] {logging_mixin.py:137} INFO - [2023-04-27T18:37:01.700+0300] {dag.py:3452} INFO - Setting next_dagrun for example_kubernetes_executor to None, run_after=None
[2023-04-27T18:37:01.711+0300] {processor.py:175} INFO - Processing /home/vladimir/.local/lib/python3.10/site-packages/airflow/example_dags/example_kubernetes_executor.py took 0.064 seconds
[2023-04-27T18:37:39.881+0300] {processor.py:153} INFO - Started process (PID=7674) to work on /home/vladimir/.local/lib/python3.10/site-packages/airflow/example_dags/example_kubernetes_executor.py
[2023-04-27T18:37:39.882+0300] {processor.py:743} INFO - Processing file /home/vladimir/.local/lib/python3.10/site-packages/airflow/example_dags/example_kubernetes_executor.py for tasks to queue
[2023-04-27T18:37:39.882+0300] {logging_mixin.py:137} INFO - [2023-04-27T18:37:39.882+0300] {dagbag.py:532} INFO - Filling up the DagBag from /home/vladimir/.local/lib/python3.10/site-packages/airflow/example_dags/example_kubernetes_executor.py
[2023-04-27T18:37:39.902+0300] {processor.py:753} INFO - DAG(s) dict_keys(['example_kubernetes_executor']) retrieved from /home/vladimir/.local/lib/python3.10/site-packages/airflow/example_dags/example_kubernetes_executor.py
[2023-04-27T18:37:39.920+0300] {logging_mixin.py:137} INFO - [2023-04-27T18:37:39.920+0300] {dag.py:2705} INFO - Sync 1 DAGs
[2023-04-27T18:37:39.932+0300] {logging_mixin.py:137} INFO - [2023-04-27T18:37:39.932+0300] {dag.py:3452} INFO - Setting next_dagrun for example_kubernetes_executor to None, run_after=None
[2023-04-27T18:37:39.945+0300] {processor.py:175} INFO - Processing /home/vladimir/.local/lib/python3.10/site-packages/airflow/example_dags/example_kubernetes_executor.py took 0.066 seconds
[2023-04-27T18:38:13.726+0300] {processor.py:153} INFO - Started process (PID=7722) to work on /home/vladimir/.local/lib/python3.10/site-packages/airflow/example_dags/example_kubernetes_executor.py
[2023-04-27T18:38:13.727+0300] {processor.py:743} INFO - Processing file /home/vladimir/.local/lib/python3.10/site-packages/airflow/example_dags/example_kubernetes_executor.py for tasks to queue
[2023-04-27T18:38:13.728+0300] {logging_mixin.py:137} INFO - [2023-04-27T18:38:13.728+0300] {dagbag.py:532} INFO - Filling up the DagBag from /home/vladimir/.local/lib/python3.10/site-packages/airflow/example_dags/example_kubernetes_executor.py
[2023-04-27T18:38:13.748+0300] {processor.py:753} INFO - DAG(s) dict_keys(['example_kubernetes_executor']) retrieved from /home/vladimir/.local/lib/python3.10/site-packages/airflow/example_dags/example_kubernetes_executor.py
[2023-04-27T18:38:13.767+0300] {logging_mixin.py:137} INFO - [2023-04-27T18:38:13.767+0300] {dag.py:2705} INFO - Sync 1 DAGs
[2023-04-27T18:38:13.778+0300] {logging_mixin.py:137} INFO - [2023-04-27T18:38:13.778+0300] {dag.py:3452} INFO - Setting next_dagrun for example_kubernetes_executor to None, run_after=None
[2023-04-27T18:38:13.791+0300] {processor.py:175} INFO - Processing /home/vladimir/.local/lib/python3.10/site-packages/airflow/example_dags/example_kubernetes_executor.py took 0.067 seconds
[2023-04-27T18:38:51.865+0300] {processor.py:153} INFO - Started process (PID=8073) to work on /home/vladimir/.local/lib/python3.10/site-packages/airflow/example_dags/example_kubernetes_executor.py
[2023-04-27T18:38:51.866+0300] {processor.py:743} INFO - Processing file /home/vladimir/.local/lib/python3.10/site-packages/airflow/example_dags/example_kubernetes_executor.py for tasks to queue
[2023-04-27T18:38:51.867+0300] {logging_mixin.py:137} INFO - [2023-04-27T18:38:51.867+0300] {dagbag.py:532} INFO - Filling up the DagBag from /home/vladimir/.local/lib/python3.10/site-packages/airflow/example_dags/example_kubernetes_executor.py
[2023-04-27T18:38:51.890+0300] {processor.py:753} INFO - DAG(s) dict_keys(['example_kubernetes_executor']) retrieved from /home/vladimir/.local/lib/python3.10/site-packages/airflow/example_dags/example_kubernetes_executor.py
[2023-04-27T18:38:51.909+0300] {logging_mixin.py:137} INFO - [2023-04-27T18:38:51.909+0300] {dag.py:2705} INFO - Sync 1 DAGs
[2023-04-27T18:38:51.922+0300] {logging_mixin.py:137} INFO - [2023-04-27T18:38:51.921+0300] {dag.py:3452} INFO - Setting next_dagrun for example_kubernetes_executor to None, run_after=None
[2023-04-27T18:38:51.936+0300] {processor.py:175} INFO - Processing /home/vladimir/.local/lib/python3.10/site-packages/airflow/example_dags/example_kubernetes_executor.py took 0.072 seconds
[2023-04-27T18:39:30.804+0300] {processor.py:153} INFO - Started process (PID=8159) to work on /home/vladimir/.local/lib/python3.10/site-packages/airflow/example_dags/example_kubernetes_executor.py
[2023-04-27T18:39:30.804+0300] {processor.py:743} INFO - Processing file /home/vladimir/.local/lib/python3.10/site-packages/airflow/example_dags/example_kubernetes_executor.py for tasks to queue
[2023-04-27T18:39:30.805+0300] {logging_mixin.py:137} INFO - [2023-04-27T18:39:30.805+0300] {dagbag.py:532} INFO - Filling up the DagBag from /home/vladimir/.local/lib/python3.10/site-packages/airflow/example_dags/example_kubernetes_executor.py
[2023-04-27T18:39:30.826+0300] {processor.py:753} INFO - DAG(s) dict_keys(['example_kubernetes_executor']) retrieved from /home/vladimir/.local/lib/python3.10/site-packages/airflow/example_dags/example_kubernetes_executor.py
[2023-04-27T18:39:30.845+0300] {logging_mixin.py:137} INFO - [2023-04-27T18:39:30.845+0300] {dag.py:2705} INFO - Sync 1 DAGs
[2023-04-27T18:39:30.857+0300] {logging_mixin.py:137} INFO - [2023-04-27T18:39:30.857+0300] {dag.py:3452} INFO - Setting next_dagrun for example_kubernetes_executor to None, run_after=None
[2023-04-27T18:39:30.871+0300] {processor.py:175} INFO - Processing /home/vladimir/.local/lib/python3.10/site-packages/airflow/example_dags/example_kubernetes_executor.py took 0.070 seconds
[2023-04-27T18:40:08.829+0300] {processor.py:153} INFO - Started process (PID=8225) to work on /home/vladimir/.local/lib/python3.10/site-packages/airflow/example_dags/example_kubernetes_executor.py
[2023-04-27T18:40:08.830+0300] {processor.py:743} INFO - Processing file /home/vladimir/.local/lib/python3.10/site-packages/airflow/example_dags/example_kubernetes_executor.py for tasks to queue
[2023-04-27T18:40:08.830+0300] {logging_mixin.py:137} INFO - [2023-04-27T18:40:08.830+0300] {dagbag.py:532} INFO - Filling up the DagBag from /home/vladimir/.local/lib/python3.10/site-packages/airflow/example_dags/example_kubernetes_executor.py
[2023-04-27T18:40:08.850+0300] {processor.py:753} INFO - DAG(s) dict_keys(['example_kubernetes_executor']) retrieved from /home/vladimir/.local/lib/python3.10/site-packages/airflow/example_dags/example_kubernetes_executor.py
[2023-04-27T18:40:08.874+0300] {logging_mixin.py:137} INFO - [2023-04-27T18:40:08.874+0300] {dag.py:2705} INFO - Sync 1 DAGs
[2023-04-27T18:40:08.889+0300] {logging_mixin.py:137} INFO - [2023-04-27T18:40:08.889+0300] {dag.py:3452} INFO - Setting next_dagrun for example_kubernetes_executor to None, run_after=None
[2023-04-27T18:40:08.903+0300] {processor.py:175} INFO - Processing /home/vladimir/.local/lib/python3.10/site-packages/airflow/example_dags/example_kubernetes_executor.py took 0.077 seconds
[2023-04-27T18:41:03.879+0300] {processor.py:153} INFO - Started process (PID=2283) to work on /home/vladimir/.local/lib/python3.10/site-packages/airflow/example_dags/example_kubernetes_executor.py
[2023-04-27T18:41:03.888+0300] {processor.py:743} INFO - Processing file /home/vladimir/.local/lib/python3.10/site-packages/airflow/example_dags/example_kubernetes_executor.py for tasks to queue
[2023-04-27T18:41:03.888+0300] {logging_mixin.py:137} INFO - [2023-04-27T18:41:03.888+0300] {dagbag.py:532} INFO - Filling up the DagBag from /home/vladimir/.local/lib/python3.10/site-packages/airflow/example_dags/example_kubernetes_executor.py
[2023-04-27T18:41:03.951+0300] {processor.py:753} INFO - DAG(s) dict_keys(['example_kubernetes_executor']) retrieved from /home/vladimir/.local/lib/python3.10/site-packages/airflow/example_dags/example_kubernetes_executor.py
[2023-04-27T18:41:03.996+0300] {logging_mixin.py:137} INFO - [2023-04-27T18:41:03.996+0300] {dag.py:2705} INFO - Sync 1 DAGs
[2023-04-27T18:41:04.020+0300] {logging_mixin.py:137} INFO - [2023-04-27T18:41:04.020+0300] {dag.py:3452} INFO - Setting next_dagrun for example_kubernetes_executor to None, run_after=None
[2023-04-27T18:41:04.056+0300] {processor.py:175} INFO - Processing /home/vladimir/.local/lib/python3.10/site-packages/airflow/example_dags/example_kubernetes_executor.py took 0.179 seconds
[2023-04-27T18:41:43.786+0300] {processor.py:153} INFO - Started process (PID=3423) to work on /home/vladimir/.local/lib/python3.10/site-packages/airflow/example_dags/example_kubernetes_executor.py
[2023-04-27T18:41:43.787+0300] {processor.py:743} INFO - Processing file /home/vladimir/.local/lib/python3.10/site-packages/airflow/example_dags/example_kubernetes_executor.py for tasks to queue
[2023-04-27T18:41:43.787+0300] {logging_mixin.py:137} INFO - [2023-04-27T18:41:43.787+0300] {dagbag.py:532} INFO - Filling up the DagBag from /home/vladimir/.local/lib/python3.10/site-packages/airflow/example_dags/example_kubernetes_executor.py
[2023-04-27T18:41:43.807+0300] {processor.py:753} INFO - DAG(s) dict_keys(['example_kubernetes_executor']) retrieved from /home/vladimir/.local/lib/python3.10/site-packages/airflow/example_dags/example_kubernetes_executor.py
[2023-04-27T18:41:43.823+0300] {logging_mixin.py:137} INFO - [2023-04-27T18:41:43.823+0300] {dag.py:2705} INFO - Sync 1 DAGs
[2023-04-27T18:41:43.834+0300] {logging_mixin.py:137} INFO - [2023-04-27T18:41:43.834+0300] {dag.py:3452} INFO - Setting next_dagrun for example_kubernetes_executor to None, run_after=None
[2023-04-27T18:41:43.847+0300] {processor.py:175} INFO - Processing /home/vladimir/.local/lib/python3.10/site-packages/airflow/example_dags/example_kubernetes_executor.py took 0.063 seconds
[2023-04-27T18:42:18.250+0300] {processor.py:153} INFO - Started process (PID=3741) to work on /home/vladimir/.local/lib/python3.10/site-packages/airflow/example_dags/example_kubernetes_executor.py
[2023-04-27T18:42:18.251+0300] {processor.py:743} INFO - Processing file /home/vladimir/.local/lib/python3.10/site-packages/airflow/example_dags/example_kubernetes_executor.py for tasks to queue
[2023-04-27T18:42:18.251+0300] {logging_mixin.py:137} INFO - [2023-04-27T18:42:18.251+0300] {dagbag.py:532} INFO - Filling up the DagBag from /home/vladimir/.local/lib/python3.10/site-packages/airflow/example_dags/example_kubernetes_executor.py
[2023-04-27T18:42:18.274+0300] {processor.py:753} INFO - DAG(s) dict_keys(['example_kubernetes_executor']) retrieved from /home/vladimir/.local/lib/python3.10/site-packages/airflow/example_dags/example_kubernetes_executor.py
[2023-04-27T18:42:18.293+0300] {logging_mixin.py:137} INFO - [2023-04-27T18:42:18.293+0300] {dag.py:2705} INFO - Sync 1 DAGs
[2023-04-27T18:42:18.308+0300] {logging_mixin.py:137} INFO - [2023-04-27T18:42:18.308+0300] {dag.py:3452} INFO - Setting next_dagrun for example_kubernetes_executor to None, run_after=None
[2023-04-27T18:42:18.321+0300] {processor.py:175} INFO - Processing /home/vladimir/.local/lib/python3.10/site-packages/airflow/example_dags/example_kubernetes_executor.py took 0.073 seconds
[2023-04-27T18:42:55.776+0300] {processor.py:153} INFO - Started process (PID=4550) to work on /home/vladimir/.local/lib/python3.10/site-packages/airflow/example_dags/example_kubernetes_executor.py
[2023-04-27T18:42:55.777+0300] {processor.py:743} INFO - Processing file /home/vladimir/.local/lib/python3.10/site-packages/airflow/example_dags/example_kubernetes_executor.py for tasks to queue
[2023-04-27T18:42:55.778+0300] {logging_mixin.py:137} INFO - [2023-04-27T18:42:55.778+0300] {dagbag.py:532} INFO - Filling up the DagBag from /home/vladimir/.local/lib/python3.10/site-packages/airflow/example_dags/example_kubernetes_executor.py
[2023-04-27T18:42:55.798+0300] {processor.py:753} INFO - DAG(s) dict_keys(['example_kubernetes_executor']) retrieved from /home/vladimir/.local/lib/python3.10/site-packages/airflow/example_dags/example_kubernetes_executor.py
[2023-04-27T18:42:55.815+0300] {logging_mixin.py:137} INFO - [2023-04-27T18:42:55.814+0300] {dag.py:2705} INFO - Sync 1 DAGs
[2023-04-27T18:42:55.827+0300] {logging_mixin.py:137} INFO - [2023-04-27T18:42:55.827+0300] {dag.py:3452} INFO - Setting next_dagrun for example_kubernetes_executor to None, run_after=None
[2023-04-27T18:42:55.838+0300] {processor.py:175} INFO - Processing /home/vladimir/.local/lib/python3.10/site-packages/airflow/example_dags/example_kubernetes_executor.py took 0.064 seconds
[2023-04-27T18:43:27.834+0300] {processor.py:153} INFO - Started process (PID=5200) to work on /home/vladimir/.local/lib/python3.10/site-packages/airflow/example_dags/example_kubernetes_executor.py
[2023-04-27T18:43:27.835+0300] {processor.py:743} INFO - Processing file /home/vladimir/.local/lib/python3.10/site-packages/airflow/example_dags/example_kubernetes_executor.py for tasks to queue
[2023-04-27T18:43:27.835+0300] {logging_mixin.py:137} INFO - [2023-04-27T18:43:27.835+0300] {dagbag.py:532} INFO - Filling up the DagBag from /home/vladimir/.local/lib/python3.10/site-packages/airflow/example_dags/example_kubernetes_executor.py
[2023-04-27T18:43:27.860+0300] {processor.py:753} INFO - DAG(s) dict_keys(['example_kubernetes_executor']) retrieved from /home/vladimir/.local/lib/python3.10/site-packages/airflow/example_dags/example_kubernetes_executor.py
[2023-04-27T18:43:27.885+0300] {logging_mixin.py:137} INFO - [2023-04-27T18:43:27.885+0300] {dag.py:2705} INFO - Sync 1 DAGs
[2023-04-27T18:43:27.898+0300] {logging_mixin.py:137} INFO - [2023-04-27T18:43:27.898+0300] {dag.py:3452} INFO - Setting next_dagrun for example_kubernetes_executor to None, run_after=None
[2023-04-27T18:43:27.914+0300] {processor.py:175} INFO - Processing /home/vladimir/.local/lib/python3.10/site-packages/airflow/example_dags/example_kubernetes_executor.py took 0.082 seconds
[2023-04-27T18:44:06.985+0300] {processor.py:153} INFO - Started process (PID=7532) to work on /home/vladimir/.local/lib/python3.10/site-packages/airflow/example_dags/example_kubernetes_executor.py
[2023-04-27T18:44:06.993+0300] {processor.py:743} INFO - Processing file /home/vladimir/.local/lib/python3.10/site-packages/airflow/example_dags/example_kubernetes_executor.py for tasks to queue
[2023-04-27T18:44:06.993+0300] {logging_mixin.py:137} INFO - [2023-04-27T18:44:06.993+0300] {dagbag.py:532} INFO - Filling up the DagBag from /home/vladimir/.local/lib/python3.10/site-packages/airflow/example_dags/example_kubernetes_executor.py
[2023-04-27T18:44:07.053+0300] {processor.py:753} INFO - DAG(s) dict_keys(['example_kubernetes_executor']) retrieved from /home/vladimir/.local/lib/python3.10/site-packages/airflow/example_dags/example_kubernetes_executor.py
[2023-04-27T18:44:07.089+0300] {logging_mixin.py:137} INFO - [2023-04-27T18:44:07.086+0300] {dag.py:2705} INFO - Sync 1 DAGs
[2023-04-27T18:44:07.108+0300] {logging_mixin.py:137} INFO - [2023-04-27T18:44:07.108+0300] {dag.py:3452} INFO - Setting next_dagrun for example_kubernetes_executor to None, run_after=None
[2023-04-27T18:44:07.127+0300] {processor.py:175} INFO - Processing /home/vladimir/.local/lib/python3.10/site-packages/airflow/example_dags/example_kubernetes_executor.py took 0.152 seconds
[2023-04-27T18:44:49.847+0300] {processor.py:153} INFO - Started process (PID=9292) to work on /home/vladimir/.local/lib/python3.10/site-packages/airflow/example_dags/example_kubernetes_executor.py
[2023-04-27T18:44:49.848+0300] {processor.py:743} INFO - Processing file /home/vladimir/.local/lib/python3.10/site-packages/airflow/example_dags/example_kubernetes_executor.py for tasks to queue
[2023-04-27T18:44:49.849+0300] {logging_mixin.py:137} INFO - [2023-04-27T18:44:49.848+0300] {dagbag.py:532} INFO - Filling up the DagBag from /home/vladimir/.local/lib/python3.10/site-packages/airflow/example_dags/example_kubernetes_executor.py
[2023-04-27T18:44:49.870+0300] {processor.py:753} INFO - DAG(s) dict_keys(['example_kubernetes_executor']) retrieved from /home/vladimir/.local/lib/python3.10/site-packages/airflow/example_dags/example_kubernetes_executor.py
[2023-04-27T18:44:49.890+0300] {logging_mixin.py:137} INFO - [2023-04-27T18:44:49.890+0300] {dag.py:2705} INFO - Sync 1 DAGs
[2023-04-27T18:44:49.904+0300] {logging_mixin.py:137} INFO - [2023-04-27T18:44:49.904+0300] {dag.py:3452} INFO - Setting next_dagrun for example_kubernetes_executor to None, run_after=None
[2023-04-27T18:44:49.917+0300] {processor.py:175} INFO - Processing /home/vladimir/.local/lib/python3.10/site-packages/airflow/example_dags/example_kubernetes_executor.py took 0.072 seconds
[2023-04-27T18:45:32.500+0300] {processor.py:153} INFO - Started process (PID=11113) to work on /home/vladimir/.local/lib/python3.10/site-packages/airflow/example_dags/example_kubernetes_executor.py
[2023-04-27T18:45:32.504+0300] {processor.py:743} INFO - Processing file /home/vladimir/.local/lib/python3.10/site-packages/airflow/example_dags/example_kubernetes_executor.py for tasks to queue
[2023-04-27T18:45:32.505+0300] {logging_mixin.py:137} INFO - [2023-04-27T18:45:32.505+0300] {dagbag.py:532} INFO - Filling up the DagBag from /home/vladimir/.local/lib/python3.10/site-packages/airflow/example_dags/example_kubernetes_executor.py
[2023-04-27T18:45:32.536+0300] {processor.py:753} INFO - DAG(s) dict_keys(['example_kubernetes_executor']) retrieved from /home/vladimir/.local/lib/python3.10/site-packages/airflow/example_dags/example_kubernetes_executor.py
[2023-04-27T18:45:32.555+0300] {logging_mixin.py:137} INFO - [2023-04-27T18:45:32.555+0300] {dag.py:2705} INFO - Sync 1 DAGs
[2023-04-27T18:45:32.569+0300] {logging_mixin.py:137} INFO - [2023-04-27T18:45:32.569+0300] {dag.py:3452} INFO - Setting next_dagrun for example_kubernetes_executor to None, run_after=None
[2023-04-27T18:45:32.583+0300] {processor.py:175} INFO - Processing /home/vladimir/.local/lib/python3.10/site-packages/airflow/example_dags/example_kubernetes_executor.py took 0.096 seconds
[2023-04-27T18:46:06.774+0300] {processor.py:153} INFO - Started process (PID=18014) to work on /home/vladimir/.local/lib/python3.10/site-packages/airflow/example_dags/example_kubernetes_executor.py
[2023-04-27T18:46:06.775+0300] {processor.py:743} INFO - Processing file /home/vladimir/.local/lib/python3.10/site-packages/airflow/example_dags/example_kubernetes_executor.py for tasks to queue
[2023-04-27T18:46:06.776+0300] {logging_mixin.py:137} INFO - [2023-04-27T18:46:06.776+0300] {dagbag.py:532} INFO - Filling up the DagBag from /home/vladimir/.local/lib/python3.10/site-packages/airflow/example_dags/example_kubernetes_executor.py
[2023-04-27T18:46:06.797+0300] {processor.py:753} INFO - DAG(s) dict_keys(['example_kubernetes_executor']) retrieved from /home/vladimir/.local/lib/python3.10/site-packages/airflow/example_dags/example_kubernetes_executor.py
[2023-04-27T18:46:06.818+0300] {logging_mixin.py:137} INFO - [2023-04-27T18:46:06.818+0300] {dag.py:2705} INFO - Sync 1 DAGs
[2023-04-27T18:46:06.831+0300] {logging_mixin.py:137} INFO - [2023-04-27T18:46:06.831+0300] {dag.py:3452} INFO - Setting next_dagrun for example_kubernetes_executor to None, run_after=None
[2023-04-27T18:46:06.847+0300] {processor.py:175} INFO - Processing /home/vladimir/.local/lib/python3.10/site-packages/airflow/example_dags/example_kubernetes_executor.py took 0.075 seconds
[2023-04-27T18:46:39.955+0300] {processor.py:153} INFO - Started process (PID=2295) to work on /home/vladimir/.local/lib/python3.10/site-packages/airflow/example_dags/example_kubernetes_executor.py
[2023-04-27T18:46:39.960+0300] {processor.py:743} INFO - Processing file /home/vladimir/.local/lib/python3.10/site-packages/airflow/example_dags/example_kubernetes_executor.py for tasks to queue
[2023-04-27T18:46:39.960+0300] {logging_mixin.py:137} INFO - [2023-04-27T18:46:39.960+0300] {dagbag.py:532} INFO - Filling up the DagBag from /home/vladimir/.local/lib/python3.10/site-packages/airflow/example_dags/example_kubernetes_executor.py
[2023-04-27T18:46:40.022+0300] {processor.py:753} INFO - DAG(s) dict_keys(['example_kubernetes_executor']) retrieved from /home/vladimir/.local/lib/python3.10/site-packages/airflow/example_dags/example_kubernetes_executor.py
[2023-04-27T18:46:40.067+0300] {logging_mixin.py:137} INFO - [2023-04-27T18:46:40.067+0300] {dag.py:2705} INFO - Sync 1 DAGs
[2023-04-27T18:46:40.127+0300] {logging_mixin.py:137} INFO - [2023-04-27T18:46:40.127+0300] {dag.py:3452} INFO - Setting next_dagrun for example_kubernetes_executor to None, run_after=None
[2023-04-27T18:46:40.170+0300] {processor.py:175} INFO - Processing /home/vladimir/.local/lib/python3.10/site-packages/airflow/example_dags/example_kubernetes_executor.py took 0.220 seconds
[2023-04-27T18:47:20.808+0300] {processor.py:153} INFO - Started process (PID=3592) to work on /home/vladimir/.local/lib/python3.10/site-packages/airflow/example_dags/example_kubernetes_executor.py
[2023-04-27T18:47:20.809+0300] {processor.py:743} INFO - Processing file /home/vladimir/.local/lib/python3.10/site-packages/airflow/example_dags/example_kubernetes_executor.py for tasks to queue
[2023-04-27T18:47:20.809+0300] {logging_mixin.py:137} INFO - [2023-04-27T18:47:20.809+0300] {dagbag.py:532} INFO - Filling up the DagBag from /home/vladimir/.local/lib/python3.10/site-packages/airflow/example_dags/example_kubernetes_executor.py
[2023-04-27T18:47:20.831+0300] {processor.py:753} INFO - DAG(s) dict_keys(['example_kubernetes_executor']) retrieved from /home/vladimir/.local/lib/python3.10/site-packages/airflow/example_dags/example_kubernetes_executor.py
[2023-04-27T18:47:20.848+0300] {logging_mixin.py:137} INFO - [2023-04-27T18:47:20.848+0300] {dag.py:2705} INFO - Sync 1 DAGs
[2023-04-27T18:47:20.860+0300] {logging_mixin.py:137} INFO - [2023-04-27T18:47:20.860+0300] {dag.py:3452} INFO - Setting next_dagrun for example_kubernetes_executor to None, run_after=None
[2023-04-27T18:47:20.873+0300] {processor.py:175} INFO - Processing /home/vladimir/.local/lib/python3.10/site-packages/airflow/example_dags/example_kubernetes_executor.py took 0.068 seconds
[2023-04-27T18:47:56.732+0300] {processor.py:153} INFO - Started process (PID=4091) to work on /home/vladimir/.local/lib/python3.10/site-packages/airflow/example_dags/example_kubernetes_executor.py
[2023-04-27T18:47:56.733+0300] {processor.py:743} INFO - Processing file /home/vladimir/.local/lib/python3.10/site-packages/airflow/example_dags/example_kubernetes_executor.py for tasks to queue
[2023-04-27T18:47:56.733+0300] {logging_mixin.py:137} INFO - [2023-04-27T18:47:56.733+0300] {dagbag.py:532} INFO - Filling up the DagBag from /home/vladimir/.local/lib/python3.10/site-packages/airflow/example_dags/example_kubernetes_executor.py
[2023-04-27T18:47:56.757+0300] {processor.py:753} INFO - DAG(s) dict_keys(['example_kubernetes_executor']) retrieved from /home/vladimir/.local/lib/python3.10/site-packages/airflow/example_dags/example_kubernetes_executor.py
[2023-04-27T18:47:56.773+0300] {logging_mixin.py:137} INFO - [2023-04-27T18:47:56.773+0300] {dag.py:2705} INFO - Sync 1 DAGs
[2023-04-27T18:47:56.787+0300] {logging_mixin.py:137} INFO - [2023-04-27T18:47:56.787+0300] {dag.py:3452} INFO - Setting next_dagrun for example_kubernetes_executor to None, run_after=None
[2023-04-27T18:47:56.800+0300] {processor.py:175} INFO - Processing /home/vladimir/.local/lib/python3.10/site-packages/airflow/example_dags/example_kubernetes_executor.py took 0.071 seconds
[2023-04-27T18:48:28.700+0300] {processor.py:153} INFO - Started process (PID=4138) to work on /home/vladimir/.local/lib/python3.10/site-packages/airflow/example_dags/example_kubernetes_executor.py
[2023-04-27T18:48:28.701+0300] {processor.py:743} INFO - Processing file /home/vladimir/.local/lib/python3.10/site-packages/airflow/example_dags/example_kubernetes_executor.py for tasks to queue
[2023-04-27T18:48:28.702+0300] {logging_mixin.py:137} INFO - [2023-04-27T18:48:28.702+0300] {dagbag.py:532} INFO - Filling up the DagBag from /home/vladimir/.local/lib/python3.10/site-packages/airflow/example_dags/example_kubernetes_executor.py
[2023-04-27T18:48:28.726+0300] {processor.py:753} INFO - DAG(s) dict_keys(['example_kubernetes_executor']) retrieved from /home/vladimir/.local/lib/python3.10/site-packages/airflow/example_dags/example_kubernetes_executor.py
[2023-04-27T18:48:28.743+0300] {logging_mixin.py:137} INFO - [2023-04-27T18:48:28.743+0300] {dag.py:2705} INFO - Sync 1 DAGs
[2023-04-27T18:48:28.758+0300] {logging_mixin.py:137} INFO - [2023-04-27T18:48:28.758+0300] {dag.py:3452} INFO - Setting next_dagrun for example_kubernetes_executor to None, run_after=None
[2023-04-27T18:48:28.772+0300] {processor.py:175} INFO - Processing /home/vladimir/.local/lib/python3.10/site-packages/airflow/example_dags/example_kubernetes_executor.py took 0.074 seconds
[2023-04-27T18:49:04.755+0300] {processor.py:153} INFO - Started process (PID=4176) to work on /home/vladimir/.local/lib/python3.10/site-packages/airflow/example_dags/example_kubernetes_executor.py
[2023-04-27T18:49:04.756+0300] {processor.py:743} INFO - Processing file /home/vladimir/.local/lib/python3.10/site-packages/airflow/example_dags/example_kubernetes_executor.py for tasks to queue
[2023-04-27T18:49:04.757+0300] {logging_mixin.py:137} INFO - [2023-04-27T18:49:04.756+0300] {dagbag.py:532} INFO - Filling up the DagBag from /home/vladimir/.local/lib/python3.10/site-packages/airflow/example_dags/example_kubernetes_executor.py
[2023-04-27T18:49:04.777+0300] {processor.py:753} INFO - DAG(s) dict_keys(['example_kubernetes_executor']) retrieved from /home/vladimir/.local/lib/python3.10/site-packages/airflow/example_dags/example_kubernetes_executor.py
[2023-04-27T18:49:04.793+0300] {logging_mixin.py:137} INFO - [2023-04-27T18:49:04.793+0300] {dag.py:2705} INFO - Sync 1 DAGs
[2023-04-27T18:49:04.805+0300] {logging_mixin.py:137} INFO - [2023-04-27T18:49:04.804+0300] {dag.py:3452} INFO - Setting next_dagrun for example_kubernetes_executor to None, run_after=None
[2023-04-27T18:49:04.816+0300] {processor.py:175} INFO - Processing /home/vladimir/.local/lib/python3.10/site-packages/airflow/example_dags/example_kubernetes_executor.py took 0.063 seconds
[2023-04-27T18:49:41.868+0300] {processor.py:153} INFO - Started process (PID=4264) to work on /home/vladimir/.local/lib/python3.10/site-packages/airflow/example_dags/example_kubernetes_executor.py
[2023-04-27T18:49:41.869+0300] {processor.py:743} INFO - Processing file /home/vladimir/.local/lib/python3.10/site-packages/airflow/example_dags/example_kubernetes_executor.py for tasks to queue
[2023-04-27T18:49:41.870+0300] {logging_mixin.py:137} INFO - [2023-04-27T18:49:41.870+0300] {dagbag.py:532} INFO - Filling up the DagBag from /home/vladimir/.local/lib/python3.10/site-packages/airflow/example_dags/example_kubernetes_executor.py
[2023-04-27T18:49:41.889+0300] {processor.py:753} INFO - DAG(s) dict_keys(['example_kubernetes_executor']) retrieved from /home/vladimir/.local/lib/python3.10/site-packages/airflow/example_dags/example_kubernetes_executor.py
[2023-04-27T18:49:41.907+0300] {logging_mixin.py:137} INFO - [2023-04-27T18:49:41.907+0300] {dag.py:2705} INFO - Sync 1 DAGs
[2023-04-27T18:49:41.919+0300] {logging_mixin.py:137} INFO - [2023-04-27T18:49:41.919+0300] {dag.py:3452} INFO - Setting next_dagrun for example_kubernetes_executor to None, run_after=None
[2023-04-27T18:49:41.932+0300] {processor.py:175} INFO - Processing /home/vladimir/.local/lib/python3.10/site-packages/airflow/example_dags/example_kubernetes_executor.py took 0.066 seconds
[2023-04-27T18:50:22.403+0300] {processor.py:153} INFO - Started process (PID=4736) to work on /home/vladimir/.local/lib/python3.10/site-packages/airflow/example_dags/example_kubernetes_executor.py
[2023-04-27T18:50:22.405+0300] {processor.py:743} INFO - Processing file /home/vladimir/.local/lib/python3.10/site-packages/airflow/example_dags/example_kubernetes_executor.py for tasks to queue
[2023-04-27T18:50:22.405+0300] {logging_mixin.py:137} INFO - [2023-04-27T18:50:22.405+0300] {dagbag.py:532} INFO - Filling up the DagBag from /home/vladimir/.local/lib/python3.10/site-packages/airflow/example_dags/example_kubernetes_executor.py
[2023-04-27T18:50:22.427+0300] {processor.py:753} INFO - DAG(s) dict_keys(['example_kubernetes_executor']) retrieved from /home/vladimir/.local/lib/python3.10/site-packages/airflow/example_dags/example_kubernetes_executor.py
[2023-04-27T18:50:22.443+0300] {logging_mixin.py:137} INFO - [2023-04-27T18:50:22.443+0300] {dag.py:2705} INFO - Sync 1 DAGs
[2023-04-27T18:50:22.455+0300] {logging_mixin.py:137} INFO - [2023-04-27T18:50:22.455+0300] {dag.py:3452} INFO - Setting next_dagrun for example_kubernetes_executor to None, run_after=None
[2023-04-27T18:50:22.467+0300] {processor.py:175} INFO - Processing /home/vladimir/.local/lib/python3.10/site-packages/airflow/example_dags/example_kubernetes_executor.py took 0.067 seconds
[2023-04-27T18:50:55.880+0300] {processor.py:153} INFO - Started process (PID=5227) to work on /home/vladimir/.local/lib/python3.10/site-packages/airflow/example_dags/example_kubernetes_executor.py
[2023-04-27T18:50:55.881+0300] {processor.py:743} INFO - Processing file /home/vladimir/.local/lib/python3.10/site-packages/airflow/example_dags/example_kubernetes_executor.py for tasks to queue
[2023-04-27T18:50:55.882+0300] {logging_mixin.py:137} INFO - [2023-04-27T18:50:55.882+0300] {dagbag.py:532} INFO - Filling up the DagBag from /home/vladimir/.local/lib/python3.10/site-packages/airflow/example_dags/example_kubernetes_executor.py
[2023-04-27T18:50:55.902+0300] {processor.py:753} INFO - DAG(s) dict_keys(['example_kubernetes_executor']) retrieved from /home/vladimir/.local/lib/python3.10/site-packages/airflow/example_dags/example_kubernetes_executor.py
[2023-04-27T18:50:55.918+0300] {logging_mixin.py:137} INFO - [2023-04-27T18:50:55.918+0300] {dag.py:2705} INFO - Sync 1 DAGs
[2023-04-27T18:50:55.929+0300] {logging_mixin.py:137} INFO - [2023-04-27T18:50:55.929+0300] {dag.py:3452} INFO - Setting next_dagrun for example_kubernetes_executor to None, run_after=None
[2023-04-27T18:50:55.941+0300] {processor.py:175} INFO - Processing /home/vladimir/.local/lib/python3.10/site-packages/airflow/example_dags/example_kubernetes_executor.py took 0.063 seconds
[2023-04-27T18:51:32.180+0300] {processor.py:153} INFO - Started process (PID=5276) to work on /home/vladimir/.local/lib/python3.10/site-packages/airflow/example_dags/example_kubernetes_executor.py
[2023-04-27T18:51:32.181+0300] {processor.py:743} INFO - Processing file /home/vladimir/.local/lib/python3.10/site-packages/airflow/example_dags/example_kubernetes_executor.py for tasks to queue
[2023-04-27T18:51:32.182+0300] {logging_mixin.py:137} INFO - [2023-04-27T18:51:32.182+0300] {dagbag.py:532} INFO - Filling up the DagBag from /home/vladimir/.local/lib/python3.10/site-packages/airflow/example_dags/example_kubernetes_executor.py
[2023-04-27T18:51:32.202+0300] {processor.py:753} INFO - DAG(s) dict_keys(['example_kubernetes_executor']) retrieved from /home/vladimir/.local/lib/python3.10/site-packages/airflow/example_dags/example_kubernetes_executor.py
[2023-04-27T18:51:32.218+0300] {logging_mixin.py:137} INFO - [2023-04-27T18:51:32.218+0300] {dag.py:2705} INFO - Sync 1 DAGs
[2023-04-27T18:51:32.230+0300] {logging_mixin.py:137} INFO - [2023-04-27T18:51:32.230+0300] {dag.py:3452} INFO - Setting next_dagrun for example_kubernetes_executor to None, run_after=None
[2023-04-27T18:51:32.243+0300] {processor.py:175} INFO - Processing /home/vladimir/.local/lib/python3.10/site-packages/airflow/example_dags/example_kubernetes_executor.py took 0.066 seconds
[2023-04-27T18:52:03.739+0300] {processor.py:153} INFO - Started process (PID=5311) to work on /home/vladimir/.local/lib/python3.10/site-packages/airflow/example_dags/example_kubernetes_executor.py
[2023-04-27T18:52:03.740+0300] {processor.py:743} INFO - Processing file /home/vladimir/.local/lib/python3.10/site-packages/airflow/example_dags/example_kubernetes_executor.py for tasks to queue
[2023-04-27T18:52:03.740+0300] {logging_mixin.py:137} INFO - [2023-04-27T18:52:03.740+0300] {dagbag.py:532} INFO - Filling up the DagBag from /home/vladimir/.local/lib/python3.10/site-packages/airflow/example_dags/example_kubernetes_executor.py
[2023-04-27T18:52:03.760+0300] {processor.py:753} INFO - DAG(s) dict_keys(['example_kubernetes_executor']) retrieved from /home/vladimir/.local/lib/python3.10/site-packages/airflow/example_dags/example_kubernetes_executor.py
[2023-04-27T18:52:03.777+0300] {logging_mixin.py:137} INFO - [2023-04-27T18:52:03.777+0300] {dag.py:2705} INFO - Sync 1 DAGs
[2023-04-27T18:52:03.789+0300] {logging_mixin.py:137} INFO - [2023-04-27T18:52:03.789+0300] {dag.py:3452} INFO - Setting next_dagrun for example_kubernetes_executor to None, run_after=None
[2023-04-27T18:52:03.801+0300] {processor.py:175} INFO - Processing /home/vladimir/.local/lib/python3.10/site-packages/airflow/example_dags/example_kubernetes_executor.py took 0.064 seconds
[2023-04-27T18:52:38.665+0300] {processor.py:153} INFO - Started process (PID=5348) to work on /home/vladimir/.local/lib/python3.10/site-packages/airflow/example_dags/example_kubernetes_executor.py
[2023-04-27T18:52:38.667+0300] {processor.py:743} INFO - Processing file /home/vladimir/.local/lib/python3.10/site-packages/airflow/example_dags/example_kubernetes_executor.py for tasks to queue
[2023-04-27T18:52:38.668+0300] {logging_mixin.py:137} INFO - [2023-04-27T18:52:38.668+0300] {dagbag.py:532} INFO - Filling up the DagBag from /home/vladimir/.local/lib/python3.10/site-packages/airflow/example_dags/example_kubernetes_executor.py
[2023-04-27T18:52:38.688+0300] {processor.py:753} INFO - DAG(s) dict_keys(['example_kubernetes_executor']) retrieved from /home/vladimir/.local/lib/python3.10/site-packages/airflow/example_dags/example_kubernetes_executor.py
[2023-04-27T18:52:38.705+0300] {logging_mixin.py:137} INFO - [2023-04-27T18:52:38.705+0300] {dag.py:2705} INFO - Sync 1 DAGs
[2023-04-27T18:52:38.717+0300] {logging_mixin.py:137} INFO - [2023-04-27T18:52:38.717+0300] {dag.py:3452} INFO - Setting next_dagrun for example_kubernetes_executor to None, run_after=None
[2023-04-27T18:52:38.730+0300] {processor.py:175} INFO - Processing /home/vladimir/.local/lib/python3.10/site-packages/airflow/example_dags/example_kubernetes_executor.py took 0.067 seconds
[2023-04-27T18:53:15.711+0300] {processor.py:153} INFO - Started process (PID=5486) to work on /home/vladimir/.local/lib/python3.10/site-packages/airflow/example_dags/example_kubernetes_executor.py
[2023-04-27T18:53:15.715+0300] {processor.py:743} INFO - Processing file /home/vladimir/.local/lib/python3.10/site-packages/airflow/example_dags/example_kubernetes_executor.py for tasks to queue
[2023-04-27T18:53:15.716+0300] {logging_mixin.py:137} INFO - [2023-04-27T18:53:15.716+0300] {dagbag.py:532} INFO - Filling up the DagBag from /home/vladimir/.local/lib/python3.10/site-packages/airflow/example_dags/example_kubernetes_executor.py
[2023-04-27T18:53:15.743+0300] {processor.py:753} INFO - DAG(s) dict_keys(['example_kubernetes_executor']) retrieved from /home/vladimir/.local/lib/python3.10/site-packages/airflow/example_dags/example_kubernetes_executor.py
[2023-04-27T18:53:15.766+0300] {logging_mixin.py:137} INFO - [2023-04-27T18:53:15.765+0300] {dag.py:2705} INFO - Sync 1 DAGs
[2023-04-27T18:53:15.780+0300] {logging_mixin.py:137} INFO - [2023-04-27T18:53:15.780+0300] {dag.py:3452} INFO - Setting next_dagrun for example_kubernetes_executor to None, run_after=None
[2023-04-27T18:53:15.797+0300] {processor.py:175} INFO - Processing /home/vladimir/.local/lib/python3.10/site-packages/airflow/example_dags/example_kubernetes_executor.py took 0.089 seconds
[2023-04-27T18:53:47.673+0300] {processor.py:153} INFO - Started process (PID=5567) to work on /home/vladimir/.local/lib/python3.10/site-packages/airflow/example_dags/example_kubernetes_executor.py
[2023-04-27T18:53:47.673+0300] {processor.py:743} INFO - Processing file /home/vladimir/.local/lib/python3.10/site-packages/airflow/example_dags/example_kubernetes_executor.py for tasks to queue
[2023-04-27T18:53:47.674+0300] {logging_mixin.py:137} INFO - [2023-04-27T18:53:47.674+0300] {dagbag.py:532} INFO - Filling up the DagBag from /home/vladimir/.local/lib/python3.10/site-packages/airflow/example_dags/example_kubernetes_executor.py
[2023-04-27T18:53:47.692+0300] {processor.py:753} INFO - DAG(s) dict_keys(['example_kubernetes_executor']) retrieved from /home/vladimir/.local/lib/python3.10/site-packages/airflow/example_dags/example_kubernetes_executor.py
[2023-04-27T18:53:47.709+0300] {logging_mixin.py:137} INFO - [2023-04-27T18:53:47.709+0300] {dag.py:2705} INFO - Sync 1 DAGs
[2023-04-27T18:53:47.720+0300] {logging_mixin.py:137} INFO - [2023-04-27T18:53:47.720+0300] {dag.py:3452} INFO - Setting next_dagrun for example_kubernetes_executor to None, run_after=None
[2023-04-27T18:53:47.731+0300] {processor.py:175} INFO - Processing /home/vladimir/.local/lib/python3.10/site-packages/airflow/example_dags/example_kubernetes_executor.py took 0.060 seconds
[2023-04-27T18:54:23.644+0300] {processor.py:153} INFO - Started process (PID=5604) to work on /home/vladimir/.local/lib/python3.10/site-packages/airflow/example_dags/example_kubernetes_executor.py
[2023-04-27T18:54:23.645+0300] {processor.py:743} INFO - Processing file /home/vladimir/.local/lib/python3.10/site-packages/airflow/example_dags/example_kubernetes_executor.py for tasks to queue
[2023-04-27T18:54:23.645+0300] {logging_mixin.py:137} INFO - [2023-04-27T18:54:23.645+0300] {dagbag.py:532} INFO - Filling up the DagBag from /home/vladimir/.local/lib/python3.10/site-packages/airflow/example_dags/example_kubernetes_executor.py
[2023-04-27T18:54:23.665+0300] {processor.py:753} INFO - DAG(s) dict_keys(['example_kubernetes_executor']) retrieved from /home/vladimir/.local/lib/python3.10/site-packages/airflow/example_dags/example_kubernetes_executor.py
[2023-04-27T18:54:23.682+0300] {logging_mixin.py:137} INFO - [2023-04-27T18:54:23.682+0300] {dag.py:2705} INFO - Sync 1 DAGs
[2023-04-27T18:54:23.694+0300] {logging_mixin.py:137} INFO - [2023-04-27T18:54:23.693+0300] {dag.py:3452} INFO - Setting next_dagrun for example_kubernetes_executor to None, run_after=None
[2023-04-27T18:54:23.706+0300] {processor.py:175} INFO - Processing /home/vladimir/.local/lib/python3.10/site-packages/airflow/example_dags/example_kubernetes_executor.py took 0.064 seconds
[2023-04-27T18:55:00.071+0300] {processor.py:153} INFO - Started process (PID=5650) to work on /home/vladimir/.local/lib/python3.10/site-packages/airflow/example_dags/example_kubernetes_executor.py
[2023-04-27T18:55:00.072+0300] {processor.py:743} INFO - Processing file /home/vladimir/.local/lib/python3.10/site-packages/airflow/example_dags/example_kubernetes_executor.py for tasks to queue
[2023-04-27T18:55:00.072+0300] {logging_mixin.py:137} INFO - [2023-04-27T18:55:00.072+0300] {dagbag.py:532} INFO - Filling up the DagBag from /home/vladimir/.local/lib/python3.10/site-packages/airflow/example_dags/example_kubernetes_executor.py
[2023-04-27T18:55:00.092+0300] {processor.py:753} INFO - DAG(s) dict_keys(['example_kubernetes_executor']) retrieved from /home/vladimir/.local/lib/python3.10/site-packages/airflow/example_dags/example_kubernetes_executor.py
[2023-04-27T18:55:00.110+0300] {logging_mixin.py:137} INFO - [2023-04-27T18:55:00.109+0300] {dag.py:2705} INFO - Sync 1 DAGs
[2023-04-27T18:55:00.123+0300] {logging_mixin.py:137} INFO - [2023-04-27T18:55:00.123+0300] {dag.py:3452} INFO - Setting next_dagrun for example_kubernetes_executor to None, run_after=None
[2023-04-27T18:55:00.136+0300] {processor.py:175} INFO - Processing /home/vladimir/.local/lib/python3.10/site-packages/airflow/example_dags/example_kubernetes_executor.py took 0.067 seconds
[2023-04-27T18:55:36.326+0300] {processor.py:153} INFO - Started process (PID=5695) to work on /home/vladimir/.local/lib/python3.10/site-packages/airflow/example_dags/example_kubernetes_executor.py
[2023-04-27T18:55:36.327+0300] {processor.py:743} INFO - Processing file /home/vladimir/.local/lib/python3.10/site-packages/airflow/example_dags/example_kubernetes_executor.py for tasks to queue
[2023-04-27T18:55:36.328+0300] {logging_mixin.py:137} INFO - [2023-04-27T18:55:36.328+0300] {dagbag.py:532} INFO - Filling up the DagBag from /home/vladimir/.local/lib/python3.10/site-packages/airflow/example_dags/example_kubernetes_executor.py
[2023-04-27T18:55:36.347+0300] {processor.py:753} INFO - DAG(s) dict_keys(['example_kubernetes_executor']) retrieved from /home/vladimir/.local/lib/python3.10/site-packages/airflow/example_dags/example_kubernetes_executor.py
[2023-04-27T18:55:36.366+0300] {logging_mixin.py:137} INFO - [2023-04-27T18:55:36.366+0300] {dag.py:2705} INFO - Sync 1 DAGs
[2023-04-27T18:55:36.379+0300] {logging_mixin.py:137} INFO - [2023-04-27T18:55:36.379+0300] {dag.py:3452} INFO - Setting next_dagrun for example_kubernetes_executor to None, run_after=None
[2023-04-27T18:55:36.395+0300] {processor.py:175} INFO - Processing /home/vladimir/.local/lib/python3.10/site-packages/airflow/example_dags/example_kubernetes_executor.py took 0.070 seconds
[2023-04-27T18:56:09.416+0300] {processor.py:153} INFO - Started process (PID=5734) to work on /home/vladimir/.local/lib/python3.10/site-packages/airflow/example_dags/example_kubernetes_executor.py
[2023-04-27T18:56:09.417+0300] {processor.py:743} INFO - Processing file /home/vladimir/.local/lib/python3.10/site-packages/airflow/example_dags/example_kubernetes_executor.py for tasks to queue
[2023-04-27T18:56:09.418+0300] {logging_mixin.py:137} INFO - [2023-04-27T18:56:09.418+0300] {dagbag.py:532} INFO - Filling up the DagBag from /home/vladimir/.local/lib/python3.10/site-packages/airflow/example_dags/example_kubernetes_executor.py
[2023-04-27T18:56:09.436+0300] {processor.py:753} INFO - DAG(s) dict_keys(['example_kubernetes_executor']) retrieved from /home/vladimir/.local/lib/python3.10/site-packages/airflow/example_dags/example_kubernetes_executor.py
[2023-04-27T18:56:09.454+0300] {logging_mixin.py:137} INFO - [2023-04-27T18:56:09.454+0300] {dag.py:2705} INFO - Sync 1 DAGs
[2023-04-27T18:56:09.467+0300] {logging_mixin.py:137} INFO - [2023-04-27T18:56:09.467+0300] {dag.py:3452} INFO - Setting next_dagrun for example_kubernetes_executor to None, run_after=None
[2023-04-27T18:56:09.480+0300] {processor.py:175} INFO - Processing /home/vladimir/.local/lib/python3.10/site-packages/airflow/example_dags/example_kubernetes_executor.py took 0.067 seconds
[2023-04-27T18:56:41.394+0300] {processor.py:153} INFO - Started process (PID=6604) to work on /home/vladimir/.local/lib/python3.10/site-packages/airflow/example_dags/example_kubernetes_executor.py
[2023-04-27T18:56:41.395+0300] {processor.py:743} INFO - Processing file /home/vladimir/.local/lib/python3.10/site-packages/airflow/example_dags/example_kubernetes_executor.py for tasks to queue
[2023-04-27T18:56:41.395+0300] {logging_mixin.py:137} INFO - [2023-04-27T18:56:41.395+0300] {dagbag.py:532} INFO - Filling up the DagBag from /home/vladimir/.local/lib/python3.10/site-packages/airflow/example_dags/example_kubernetes_executor.py
[2023-04-27T18:56:41.415+0300] {processor.py:753} INFO - DAG(s) dict_keys(['example_kubernetes_executor']) retrieved from /home/vladimir/.local/lib/python3.10/site-packages/airflow/example_dags/example_kubernetes_executor.py
[2023-04-27T18:56:41.433+0300] {logging_mixin.py:137} INFO - [2023-04-27T18:56:41.433+0300] {dag.py:2705} INFO - Sync 1 DAGs
[2023-04-27T18:56:41.446+0300] {logging_mixin.py:137} INFO - [2023-04-27T18:56:41.446+0300] {dag.py:3452} INFO - Setting next_dagrun for example_kubernetes_executor to None, run_after=None
[2023-04-27T18:56:41.457+0300] {processor.py:175} INFO - Processing /home/vladimir/.local/lib/python3.10/site-packages/airflow/example_dags/example_kubernetes_executor.py took 0.066 seconds
[2023-04-27T18:57:17.894+0300] {processor.py:153} INFO - Started process (PID=6689) to work on /home/vladimir/.local/lib/python3.10/site-packages/airflow/example_dags/example_kubernetes_executor.py
[2023-04-27T18:57:17.895+0300] {processor.py:743} INFO - Processing file /home/vladimir/.local/lib/python3.10/site-packages/airflow/example_dags/example_kubernetes_executor.py for tasks to queue
[2023-04-27T18:57:17.895+0300] {logging_mixin.py:137} INFO - [2023-04-27T18:57:17.895+0300] {dagbag.py:532} INFO - Filling up the DagBag from /home/vladimir/.local/lib/python3.10/site-packages/airflow/example_dags/example_kubernetes_executor.py
[2023-04-27T18:57:17.915+0300] {processor.py:753} INFO - DAG(s) dict_keys(['example_kubernetes_executor']) retrieved from /home/vladimir/.local/lib/python3.10/site-packages/airflow/example_dags/example_kubernetes_executor.py
[2023-04-27T18:57:17.932+0300] {logging_mixin.py:137} INFO - [2023-04-27T18:57:17.931+0300] {dag.py:2705} INFO - Sync 1 DAGs
[2023-04-27T18:57:17.943+0300] {logging_mixin.py:137} INFO - [2023-04-27T18:57:17.943+0300] {dag.py:3452} INFO - Setting next_dagrun for example_kubernetes_executor to None, run_after=None
[2023-04-27T18:57:17.954+0300] {processor.py:175} INFO - Processing /home/vladimir/.local/lib/python3.10/site-packages/airflow/example_dags/example_kubernetes_executor.py took 0.062 seconds
[2023-04-27T18:57:57.360+0300] {processor.py:153} INFO - Started process (PID=6760) to work on /home/vladimir/.local/lib/python3.10/site-packages/airflow/example_dags/example_kubernetes_executor.py
[2023-04-27T18:57:57.361+0300] {processor.py:743} INFO - Processing file /home/vladimir/.local/lib/python3.10/site-packages/airflow/example_dags/example_kubernetes_executor.py for tasks to queue
[2023-04-27T18:57:57.362+0300] {logging_mixin.py:137} INFO - [2023-04-27T18:57:57.362+0300] {dagbag.py:532} INFO - Filling up the DagBag from /home/vladimir/.local/lib/python3.10/site-packages/airflow/example_dags/example_kubernetes_executor.py
[2023-04-27T18:57:57.381+0300] {processor.py:753} INFO - DAG(s) dict_keys(['example_kubernetes_executor']) retrieved from /home/vladimir/.local/lib/python3.10/site-packages/airflow/example_dags/example_kubernetes_executor.py
[2023-04-27T18:57:57.398+0300] {logging_mixin.py:137} INFO - [2023-04-27T18:57:57.398+0300] {dag.py:2705} INFO - Sync 1 DAGs
[2023-04-27T18:57:57.410+0300] {logging_mixin.py:137} INFO - [2023-04-27T18:57:57.410+0300] {dag.py:3452} INFO - Setting next_dagrun for example_kubernetes_executor to None, run_after=None
[2023-04-27T18:57:57.423+0300] {processor.py:175} INFO - Processing /home/vladimir/.local/lib/python3.10/site-packages/airflow/example_dags/example_kubernetes_executor.py took 0.066 seconds
[2023-04-27T18:58:31.826+0300] {processor.py:153} INFO - Started process (PID=6830) to work on /home/vladimir/.local/lib/python3.10/site-packages/airflow/example_dags/example_kubernetes_executor.py
[2023-04-27T18:58:31.827+0300] {processor.py:743} INFO - Processing file /home/vladimir/.local/lib/python3.10/site-packages/airflow/example_dags/example_kubernetes_executor.py for tasks to queue
[2023-04-27T18:58:31.827+0300] {logging_mixin.py:137} INFO - [2023-04-27T18:58:31.827+0300] {dagbag.py:532} INFO - Filling up the DagBag from /home/vladimir/.local/lib/python3.10/site-packages/airflow/example_dags/example_kubernetes_executor.py
[2023-04-27T18:58:31.847+0300] {processor.py:753} INFO - DAG(s) dict_keys(['example_kubernetes_executor']) retrieved from /home/vladimir/.local/lib/python3.10/site-packages/airflow/example_dags/example_kubernetes_executor.py
[2023-04-27T18:58:31.864+0300] {logging_mixin.py:137} INFO - [2023-04-27T18:58:31.864+0300] {dag.py:2705} INFO - Sync 1 DAGs
[2023-04-27T18:58:31.876+0300] {logging_mixin.py:137} INFO - [2023-04-27T18:58:31.876+0300] {dag.py:3452} INFO - Setting next_dagrun for example_kubernetes_executor to None, run_after=None
[2023-04-27T18:58:31.889+0300] {processor.py:175} INFO - Processing /home/vladimir/.local/lib/python3.10/site-packages/airflow/example_dags/example_kubernetes_executor.py took 0.065 seconds
[2023-04-27T18:59:07.650+0300] {processor.py:153} INFO - Started process (PID=6891) to work on /home/vladimir/.local/lib/python3.10/site-packages/airflow/example_dags/example_kubernetes_executor.py
[2023-04-27T18:59:07.651+0300] {processor.py:743} INFO - Processing file /home/vladimir/.local/lib/python3.10/site-packages/airflow/example_dags/example_kubernetes_executor.py for tasks to queue
[2023-04-27T18:59:07.651+0300] {logging_mixin.py:137} INFO - [2023-04-27T18:59:07.651+0300] {dagbag.py:532} INFO - Filling up the DagBag from /home/vladimir/.local/lib/python3.10/site-packages/airflow/example_dags/example_kubernetes_executor.py
[2023-04-27T18:59:07.671+0300] {processor.py:753} INFO - DAG(s) dict_keys(['example_kubernetes_executor']) retrieved from /home/vladimir/.local/lib/python3.10/site-packages/airflow/example_dags/example_kubernetes_executor.py
[2023-04-27T18:59:07.687+0300] {logging_mixin.py:137} INFO - [2023-04-27T18:59:07.687+0300] {dag.py:2705} INFO - Sync 1 DAGs
[2023-04-27T18:59:07.701+0300] {logging_mixin.py:137} INFO - [2023-04-27T18:59:07.701+0300] {dag.py:3452} INFO - Setting next_dagrun for example_kubernetes_executor to None, run_after=None
[2023-04-27T18:59:07.714+0300] {processor.py:175} INFO - Processing /home/vladimir/.local/lib/python3.10/site-packages/airflow/example_dags/example_kubernetes_executor.py took 0.067 seconds
[2023-04-27T18:59:43.438+0300] {processor.py:153} INFO - Started process (PID=6959) to work on /home/vladimir/.local/lib/python3.10/site-packages/airflow/example_dags/example_kubernetes_executor.py
[2023-04-27T18:59:43.439+0300] {processor.py:743} INFO - Processing file /home/vladimir/.local/lib/python3.10/site-packages/airflow/example_dags/example_kubernetes_executor.py for tasks to queue
[2023-04-27T18:59:43.439+0300] {logging_mixin.py:137} INFO - [2023-04-27T18:59:43.439+0300] {dagbag.py:532} INFO - Filling up the DagBag from /home/vladimir/.local/lib/python3.10/site-packages/airflow/example_dags/example_kubernetes_executor.py
[2023-04-27T18:59:43.459+0300] {processor.py:753} INFO - DAG(s) dict_keys(['example_kubernetes_executor']) retrieved from /home/vladimir/.local/lib/python3.10/site-packages/airflow/example_dags/example_kubernetes_executor.py
[2023-04-27T18:59:43.476+0300] {logging_mixin.py:137} INFO - [2023-04-27T18:59:43.476+0300] {dag.py:2705} INFO - Sync 1 DAGs
[2023-04-27T18:59:43.487+0300] {logging_mixin.py:137} INFO - [2023-04-27T18:59:43.487+0300] {dag.py:3452} INFO - Setting next_dagrun for example_kubernetes_executor to None, run_after=None
[2023-04-27T18:59:43.501+0300] {processor.py:175} INFO - Processing /home/vladimir/.local/lib/python3.10/site-packages/airflow/example_dags/example_kubernetes_executor.py took 0.066 seconds
[2023-04-27T19:00:16.004+0300] {processor.py:153} INFO - Started process (PID=7036) to work on /home/vladimir/.local/lib/python3.10/site-packages/airflow/example_dags/example_kubernetes_executor.py
[2023-04-27T19:00:16.005+0300] {processor.py:743} INFO - Processing file /home/vladimir/.local/lib/python3.10/site-packages/airflow/example_dags/example_kubernetes_executor.py for tasks to queue
[2023-04-27T19:00:16.006+0300] {logging_mixin.py:137} INFO - [2023-04-27T19:00:16.005+0300] {dagbag.py:532} INFO - Filling up the DagBag from /home/vladimir/.local/lib/python3.10/site-packages/airflow/example_dags/example_kubernetes_executor.py
[2023-04-27T19:00:16.025+0300] {processor.py:753} INFO - DAG(s) dict_keys(['example_kubernetes_executor']) retrieved from /home/vladimir/.local/lib/python3.10/site-packages/airflow/example_dags/example_kubernetes_executor.py
[2023-04-27T19:00:16.042+0300] {logging_mixin.py:137} INFO - [2023-04-27T19:00:16.042+0300] {dag.py:2705} INFO - Sync 1 DAGs
[2023-04-27T19:00:16.056+0300] {logging_mixin.py:137} INFO - [2023-04-27T19:00:16.056+0300] {dag.py:3452} INFO - Setting next_dagrun for example_kubernetes_executor to None, run_after=None
[2023-04-27T19:00:16.069+0300] {processor.py:175} INFO - Processing /home/vladimir/.local/lib/python3.10/site-packages/airflow/example_dags/example_kubernetes_executor.py took 0.067 seconds
[2023-04-27T19:00:54.323+0300] {processor.py:153} INFO - Started process (PID=7117) to work on /home/vladimir/.local/lib/python3.10/site-packages/airflow/example_dags/example_kubernetes_executor.py
[2023-04-27T19:00:54.324+0300] {processor.py:743} INFO - Processing file /home/vladimir/.local/lib/python3.10/site-packages/airflow/example_dags/example_kubernetes_executor.py for tasks to queue
[2023-04-27T19:00:54.325+0300] {logging_mixin.py:137} INFO - [2023-04-27T19:00:54.324+0300] {dagbag.py:532} INFO - Filling up the DagBag from /home/vladimir/.local/lib/python3.10/site-packages/airflow/example_dags/example_kubernetes_executor.py
[2023-04-27T19:00:54.347+0300] {processor.py:753} INFO - DAG(s) dict_keys(['example_kubernetes_executor']) retrieved from /home/vladimir/.local/lib/python3.10/site-packages/airflow/example_dags/example_kubernetes_executor.py
[2023-04-27T19:00:54.372+0300] {logging_mixin.py:137} INFO - [2023-04-27T19:00:54.372+0300] {dag.py:2705} INFO - Sync 1 DAGs
[2023-04-27T19:00:54.386+0300] {logging_mixin.py:137} INFO - [2023-04-27T19:00:54.386+0300] {dag.py:3452} INFO - Setting next_dagrun for example_kubernetes_executor to None, run_after=None
[2023-04-27T19:00:54.398+0300] {processor.py:175} INFO - Processing /home/vladimir/.local/lib/python3.10/site-packages/airflow/example_dags/example_kubernetes_executor.py took 0.078 seconds
[2023-04-27T19:01:28.259+0300] {processor.py:153} INFO - Started process (PID=7197) to work on /home/vladimir/.local/lib/python3.10/site-packages/airflow/example_dags/example_kubernetes_executor.py
[2023-04-27T19:01:28.263+0300] {processor.py:743} INFO - Processing file /home/vladimir/.local/lib/python3.10/site-packages/airflow/example_dags/example_kubernetes_executor.py for tasks to queue
[2023-04-27T19:01:28.264+0300] {logging_mixin.py:137} INFO - [2023-04-27T19:01:28.264+0300] {dagbag.py:532} INFO - Filling up the DagBag from /home/vladimir/.local/lib/python3.10/site-packages/airflow/example_dags/example_kubernetes_executor.py
[2023-04-27T19:01:28.288+0300] {processor.py:753} INFO - DAG(s) dict_keys(['example_kubernetes_executor']) retrieved from /home/vladimir/.local/lib/python3.10/site-packages/airflow/example_dags/example_kubernetes_executor.py
[2023-04-27T19:01:28.307+0300] {logging_mixin.py:137} INFO - [2023-04-27T19:01:28.307+0300] {dag.py:2705} INFO - Sync 1 DAGs
[2023-04-27T19:01:28.320+0300] {logging_mixin.py:137} INFO - [2023-04-27T19:01:28.320+0300] {dag.py:3452} INFO - Setting next_dagrun for example_kubernetes_executor to None, run_after=None
[2023-04-27T19:01:28.334+0300] {processor.py:175} INFO - Processing /home/vladimir/.local/lib/python3.10/site-packages/airflow/example_dags/example_kubernetes_executor.py took 0.077 seconds
