[2023-04-27T18:25:41.098+0300] {processor.py:153} INFO - Started process (PID=5885) to work on /home/vladimir/.local/lib/python3.10/site-packages/airflow/example_dags/example_sla_dag.py
[2023-04-27T18:25:41.098+0300] {processor.py:743} INFO - Processing file /home/vladimir/.local/lib/python3.10/site-packages/airflow/example_dags/example_sla_dag.py for tasks to queue
[2023-04-27T18:25:41.099+0300] {logging_mixin.py:137} INFO - [2023-04-27T18:25:41.099+0300] {dagbag.py:532} INFO - Filling up the DagBag from /home/vladimir/.local/lib/python3.10/site-packages/airflow/example_dags/example_sla_dag.py
[2023-04-27T18:25:41.130+0300] {processor.py:753} INFO - DAG(s) dict_keys(['example_sla_dag']) retrieved from /home/vladimir/.local/lib/python3.10/site-packages/airflow/example_dags/example_sla_dag.py
[2023-04-27T18:25:41.259+0300] {logging_mixin.py:137} INFO - [2023-04-27T18:25:41.258+0300] {manager.py:504} INFO - Created Permission View: can read on DAG:example_sla_dag
[2023-04-27T18:25:41.297+0300] {logging_mixin.py:137} INFO - [2023-04-27T18:25:41.296+0300] {manager.py:504} INFO - Created Permission View: can delete on DAG:example_sla_dag
[2023-04-27T18:25:41.306+0300] {logging_mixin.py:137} INFO - [2023-04-27T18:25:41.306+0300] {manager.py:504} INFO - Created Permission View: can edit on DAG:example_sla_dag
[2023-04-27T18:25:41.307+0300] {logging_mixin.py:137} INFO - [2023-04-27T18:25:41.307+0300] {dag.py:2705} INFO - Sync 1 DAGs
[2023-04-27T18:25:41.329+0300] {logging_mixin.py:137} INFO - [2023-04-27T18:25:41.328+0300] {dag.py:2726} INFO - Creating ORM DAG for example_sla_dag
[2023-04-27T18:25:41.355+0300] {logging_mixin.py:137} INFO - [2023-04-27T18:25:41.355+0300] {dag.py:3452} INFO - Setting next_dagrun for example_sla_dag to 2023-04-27T15:22:00+00:00, run_after=2023-04-27T15:24:00+00:00
[2023-04-27T18:25:41.389+0300] {processor.py:175} INFO - Processing /home/vladimir/.local/lib/python3.10/site-packages/airflow/example_dags/example_sla_dag.py took 0.303 seconds
[2023-04-27T18:26:28.511+0300] {processor.py:153} INFO - Started process (PID=6007) to work on /home/vladimir/.local/lib/python3.10/site-packages/airflow/example_dags/example_sla_dag.py
[2023-04-27T18:26:28.512+0300] {processor.py:743} INFO - Processing file /home/vladimir/.local/lib/python3.10/site-packages/airflow/example_dags/example_sla_dag.py for tasks to queue
[2023-04-27T18:26:28.513+0300] {logging_mixin.py:137} INFO - [2023-04-27T18:26:28.512+0300] {dagbag.py:532} INFO - Filling up the DagBag from /home/vladimir/.local/lib/python3.10/site-packages/airflow/example_dags/example_sla_dag.py
[2023-04-27T18:26:28.530+0300] {processor.py:753} INFO - DAG(s) dict_keys(['example_sla_dag']) retrieved from /home/vladimir/.local/lib/python3.10/site-packages/airflow/example_dags/example_sla_dag.py
[2023-04-27T18:26:28.544+0300] {logging_mixin.py:137} INFO - [2023-04-27T18:26:28.544+0300] {dag.py:2705} INFO - Sync 1 DAGs
[2023-04-27T18:26:28.558+0300] {logging_mixin.py:137} INFO - [2023-04-27T18:26:28.558+0300] {dag.py:3452} INFO - Setting next_dagrun for example_sla_dag to 2023-04-27T15:24:00+00:00, run_after=2023-04-27T15:26:00+00:00
[2023-04-27T18:26:28.573+0300] {processor.py:175} INFO - Processing /home/vladimir/.local/lib/python3.10/site-packages/airflow/example_dags/example_sla_dag.py took 0.064 seconds
[2023-04-27T18:27:13.589+0300] {processor.py:153} INFO - Started process (PID=6080) to work on /home/vladimir/.local/lib/python3.10/site-packages/airflow/example_dags/example_sla_dag.py
[2023-04-27T18:27:13.590+0300] {processor.py:743} INFO - Processing file /home/vladimir/.local/lib/python3.10/site-packages/airflow/example_dags/example_sla_dag.py for tasks to queue
[2023-04-27T18:27:13.590+0300] {logging_mixin.py:137} INFO - [2023-04-27T18:27:13.590+0300] {dagbag.py:532} INFO - Filling up the DagBag from /home/vladimir/.local/lib/python3.10/site-packages/airflow/example_dags/example_sla_dag.py
[2023-04-27T18:27:13.613+0300] {processor.py:753} INFO - DAG(s) dict_keys(['example_sla_dag']) retrieved from /home/vladimir/.local/lib/python3.10/site-packages/airflow/example_dags/example_sla_dag.py
[2023-04-27T18:27:13.632+0300] {logging_mixin.py:137} INFO - [2023-04-27T18:27:13.632+0300] {dag.py:2705} INFO - Sync 1 DAGs
[2023-04-27T18:27:13.655+0300] {logging_mixin.py:137} INFO - [2023-04-27T18:27:13.654+0300] {dag.py:3452} INFO - Setting next_dagrun for example_sla_dag to 2023-04-27T15:24:00+00:00, run_after=2023-04-27T15:26:00+00:00
[2023-04-27T18:27:13.700+0300] {processor.py:175} INFO - Processing /home/vladimir/.local/lib/python3.10/site-packages/airflow/example_dags/example_sla_dag.py took 0.114 seconds
[2023-04-27T18:27:54.690+0300] {processor.py:153} INFO - Started process (PID=6136) to work on /home/vladimir/.local/lib/python3.10/site-packages/airflow/example_dags/example_sla_dag.py
[2023-04-27T18:27:54.691+0300] {processor.py:743} INFO - Processing file /home/vladimir/.local/lib/python3.10/site-packages/airflow/example_dags/example_sla_dag.py for tasks to queue
[2023-04-27T18:27:54.692+0300] {logging_mixin.py:137} INFO - [2023-04-27T18:27:54.692+0300] {dagbag.py:532} INFO - Filling up the DagBag from /home/vladimir/.local/lib/python3.10/site-packages/airflow/example_dags/example_sla_dag.py
[2023-04-27T18:27:54.710+0300] {processor.py:753} INFO - DAG(s) dict_keys(['example_sla_dag']) retrieved from /home/vladimir/.local/lib/python3.10/site-packages/airflow/example_dags/example_sla_dag.py
[2023-04-27T18:27:54.724+0300] {logging_mixin.py:137} INFO - [2023-04-27T18:27:54.723+0300] {dag.py:2705} INFO - Sync 1 DAGs
[2023-04-27T18:27:54.740+0300] {logging_mixin.py:137} INFO - [2023-04-27T18:27:54.740+0300] {dag.py:3452} INFO - Setting next_dagrun for example_sla_dag to 2023-04-27T15:24:00+00:00, run_after=2023-04-27T15:26:00+00:00
[2023-04-27T18:27:54.754+0300] {processor.py:175} INFO - Processing /home/vladimir/.local/lib/python3.10/site-packages/airflow/example_dags/example_sla_dag.py took 0.066 seconds
[2023-04-27T18:28:43.193+0300] {processor.py:153} INFO - Started process (PID=6209) to work on /home/vladimir/.local/lib/python3.10/site-packages/airflow/example_dags/example_sla_dag.py
[2023-04-27T18:28:43.194+0300] {processor.py:743} INFO - Processing file /home/vladimir/.local/lib/python3.10/site-packages/airflow/example_dags/example_sla_dag.py for tasks to queue
[2023-04-27T18:28:43.195+0300] {logging_mixin.py:137} INFO - [2023-04-27T18:28:43.195+0300] {dagbag.py:532} INFO - Filling up the DagBag from /home/vladimir/.local/lib/python3.10/site-packages/airflow/example_dags/example_sla_dag.py
[2023-04-27T18:28:43.213+0300] {processor.py:753} INFO - DAG(s) dict_keys(['example_sla_dag']) retrieved from /home/vladimir/.local/lib/python3.10/site-packages/airflow/example_dags/example_sla_dag.py
[2023-04-27T18:28:43.227+0300] {logging_mixin.py:137} INFO - [2023-04-27T18:28:43.227+0300] {dag.py:2705} INFO - Sync 1 DAGs
[2023-04-27T18:28:43.241+0300] {logging_mixin.py:137} INFO - [2023-04-27T18:28:43.240+0300] {dag.py:3452} INFO - Setting next_dagrun for example_sla_dag to 2023-04-27T15:26:00+00:00, run_after=2023-04-27T15:28:00+00:00
[2023-04-27T18:28:43.255+0300] {processor.py:175} INFO - Processing /home/vladimir/.local/lib/python3.10/site-packages/airflow/example_dags/example_sla_dag.py took 0.064 seconds
[2023-04-27T18:29:24.623+0300] {processor.py:153} INFO - Started process (PID=6348) to work on /home/vladimir/.local/lib/python3.10/site-packages/airflow/example_dags/example_sla_dag.py
[2023-04-27T18:29:24.624+0300] {processor.py:743} INFO - Processing file /home/vladimir/.local/lib/python3.10/site-packages/airflow/example_dags/example_sla_dag.py for tasks to queue
[2023-04-27T18:29:24.624+0300] {logging_mixin.py:137} INFO - [2023-04-27T18:29:24.624+0300] {dagbag.py:532} INFO - Filling up the DagBag from /home/vladimir/.local/lib/python3.10/site-packages/airflow/example_dags/example_sla_dag.py
[2023-04-27T18:29:24.643+0300] {processor.py:753} INFO - DAG(s) dict_keys(['example_sla_dag']) retrieved from /home/vladimir/.local/lib/python3.10/site-packages/airflow/example_dags/example_sla_dag.py
[2023-04-27T18:29:24.658+0300] {logging_mixin.py:137} INFO - [2023-04-27T18:29:24.657+0300] {dag.py:2705} INFO - Sync 1 DAGs
[2023-04-27T18:29:24.672+0300] {logging_mixin.py:137} INFO - [2023-04-27T18:29:24.672+0300] {dag.py:3452} INFO - Setting next_dagrun for example_sla_dag to 2023-04-27T15:26:00+00:00, run_after=2023-04-27T15:28:00+00:00
[2023-04-27T18:29:24.685+0300] {processor.py:175} INFO - Processing /home/vladimir/.local/lib/python3.10/site-packages/airflow/example_dags/example_sla_dag.py took 0.065 seconds
[2023-04-27T18:30:11.536+0300] {processor.py:153} INFO - Started process (PID=6445) to work on /home/vladimir/.local/lib/python3.10/site-packages/airflow/example_dags/example_sla_dag.py
[2023-04-27T18:30:11.537+0300] {processor.py:743} INFO - Processing file /home/vladimir/.local/lib/python3.10/site-packages/airflow/example_dags/example_sla_dag.py for tasks to queue
[2023-04-27T18:30:11.538+0300] {logging_mixin.py:137} INFO - [2023-04-27T18:30:11.537+0300] {dagbag.py:532} INFO - Filling up the DagBag from /home/vladimir/.local/lib/python3.10/site-packages/airflow/example_dags/example_sla_dag.py
[2023-04-27T18:30:11.554+0300] {processor.py:753} INFO - DAG(s) dict_keys(['example_sla_dag']) retrieved from /home/vladimir/.local/lib/python3.10/site-packages/airflow/example_dags/example_sla_dag.py
[2023-04-27T18:30:11.567+0300] {logging_mixin.py:137} INFO - [2023-04-27T18:30:11.567+0300] {dag.py:2705} INFO - Sync 1 DAGs
[2023-04-27T18:30:11.581+0300] {logging_mixin.py:137} INFO - [2023-04-27T18:30:11.581+0300] {dag.py:3452} INFO - Setting next_dagrun for example_sla_dag to 2023-04-27T15:28:00+00:00, run_after=2023-04-27T15:30:00+00:00
[2023-04-27T18:30:11.593+0300] {processor.py:175} INFO - Processing /home/vladimir/.local/lib/python3.10/site-packages/airflow/example_dags/example_sla_dag.py took 0.060 seconds
[2023-04-27T18:30:59.501+0300] {processor.py:153} INFO - Started process (PID=6572) to work on /home/vladimir/.local/lib/python3.10/site-packages/airflow/example_dags/example_sla_dag.py
[2023-04-27T18:30:59.502+0300] {processor.py:743} INFO - Processing file /home/vladimir/.local/lib/python3.10/site-packages/airflow/example_dags/example_sla_dag.py for tasks to queue
[2023-04-27T18:30:59.503+0300] {logging_mixin.py:137} INFO - [2023-04-27T18:30:59.503+0300] {dagbag.py:532} INFO - Filling up the DagBag from /home/vladimir/.local/lib/python3.10/site-packages/airflow/example_dags/example_sla_dag.py
[2023-04-27T18:30:59.524+0300] {processor.py:753} INFO - DAG(s) dict_keys(['example_sla_dag']) retrieved from /home/vladimir/.local/lib/python3.10/site-packages/airflow/example_dags/example_sla_dag.py
[2023-04-27T18:30:59.538+0300] {logging_mixin.py:137} INFO - [2023-04-27T18:30:59.537+0300] {dag.py:2705} INFO - Sync 1 DAGs
[2023-04-27T18:30:59.552+0300] {logging_mixin.py:137} INFO - [2023-04-27T18:30:59.551+0300] {dag.py:3452} INFO - Setting next_dagrun for example_sla_dag to 2023-04-27T15:28:00+00:00, run_after=2023-04-27T15:30:00+00:00
[2023-04-27T18:30:59.566+0300] {processor.py:175} INFO - Processing /home/vladimir/.local/lib/python3.10/site-packages/airflow/example_dags/example_sla_dag.py took 0.067 seconds
[2023-04-27T18:31:50.635+0300] {processor.py:153} INFO - Started process (PID=6666) to work on /home/vladimir/.local/lib/python3.10/site-packages/airflow/example_dags/example_sla_dag.py
[2023-04-27T18:31:50.636+0300] {processor.py:743} INFO - Processing file /home/vladimir/.local/lib/python3.10/site-packages/airflow/example_dags/example_sla_dag.py for tasks to queue
[2023-04-27T18:31:50.637+0300] {logging_mixin.py:137} INFO - [2023-04-27T18:31:50.637+0300] {dagbag.py:532} INFO - Filling up the DagBag from /home/vladimir/.local/lib/python3.10/site-packages/airflow/example_dags/example_sla_dag.py
[2023-04-27T18:31:50.652+0300] {processor.py:753} INFO - DAG(s) dict_keys(['example_sla_dag']) retrieved from /home/vladimir/.local/lib/python3.10/site-packages/airflow/example_dags/example_sla_dag.py
[2023-04-27T18:31:50.665+0300] {logging_mixin.py:137} INFO - [2023-04-27T18:31:50.665+0300] {dag.py:2705} INFO - Sync 1 DAGs
[2023-04-27T18:31:50.679+0300] {logging_mixin.py:137} INFO - [2023-04-27T18:31:50.679+0300] {dag.py:3452} INFO - Setting next_dagrun for example_sla_dag to 2023-04-27T15:28:00+00:00, run_after=2023-04-27T15:30:00+00:00
[2023-04-27T18:31:50.690+0300] {processor.py:175} INFO - Processing /home/vladimir/.local/lib/python3.10/site-packages/airflow/example_dags/example_sla_dag.py took 0.057 seconds
[2023-04-27T18:32:38.467+0300] {processor.py:153} INFO - Started process (PID=6758) to work on /home/vladimir/.local/lib/python3.10/site-packages/airflow/example_dags/example_sla_dag.py
[2023-04-27T18:32:38.469+0300] {processor.py:743} INFO - Processing file /home/vladimir/.local/lib/python3.10/site-packages/airflow/example_dags/example_sla_dag.py for tasks to queue
[2023-04-27T18:32:38.469+0300] {logging_mixin.py:137} INFO - [2023-04-27T18:32:38.469+0300] {dagbag.py:532} INFO - Filling up the DagBag from /home/vladimir/.local/lib/python3.10/site-packages/airflow/example_dags/example_sla_dag.py
[2023-04-27T18:32:38.495+0300] {processor.py:753} INFO - DAG(s) dict_keys(['example_sla_dag']) retrieved from /home/vladimir/.local/lib/python3.10/site-packages/airflow/example_dags/example_sla_dag.py
[2023-04-27T18:32:38.510+0300] {logging_mixin.py:137} INFO - [2023-04-27T18:32:38.510+0300] {dag.py:2705} INFO - Sync 1 DAGs
[2023-04-27T18:32:38.529+0300] {logging_mixin.py:137} INFO - [2023-04-27T18:32:38.528+0300] {dag.py:3452} INFO - Setting next_dagrun for example_sla_dag to 2023-04-27T15:30:00+00:00, run_after=2023-04-27T15:32:00+00:00
[2023-04-27T18:32:38.547+0300] {processor.py:175} INFO - Processing /home/vladimir/.local/lib/python3.10/site-packages/airflow/example_dags/example_sla_dag.py took 0.083 seconds
[2023-04-27T18:33:28.694+0300] {processor.py:153} INFO - Started process (PID=6914) to work on /home/vladimir/.local/lib/python3.10/site-packages/airflow/example_dags/example_sla_dag.py
[2023-04-27T18:33:28.695+0300] {processor.py:743} INFO - Processing file /home/vladimir/.local/lib/python3.10/site-packages/airflow/example_dags/example_sla_dag.py for tasks to queue
[2023-04-27T18:33:28.695+0300] {logging_mixin.py:137} INFO - [2023-04-27T18:33:28.695+0300] {dagbag.py:532} INFO - Filling up the DagBag from /home/vladimir/.local/lib/python3.10/site-packages/airflow/example_dags/example_sla_dag.py
[2023-04-27T18:33:28.712+0300] {processor.py:753} INFO - DAG(s) dict_keys(['example_sla_dag']) retrieved from /home/vladimir/.local/lib/python3.10/site-packages/airflow/example_dags/example_sla_dag.py
[2023-04-27T18:33:28.726+0300] {logging_mixin.py:137} INFO - [2023-04-27T18:33:28.726+0300] {dag.py:2705} INFO - Sync 1 DAGs
[2023-04-27T18:33:28.741+0300] {logging_mixin.py:137} INFO - [2023-04-27T18:33:28.741+0300] {dag.py:3452} INFO - Setting next_dagrun for example_sla_dag to 2023-04-27T15:30:00+00:00, run_after=2023-04-27T15:32:00+00:00
[2023-04-27T18:33:28.753+0300] {processor.py:175} INFO - Processing /home/vladimir/.local/lib/python3.10/site-packages/airflow/example_dags/example_sla_dag.py took 0.061 seconds
[2023-04-27T18:34:09.783+0300] {processor.py:153} INFO - Started process (PID=6981) to work on /home/vladimir/.local/lib/python3.10/site-packages/airflow/example_dags/example_sla_dag.py
[2023-04-27T18:34:09.784+0300] {processor.py:743} INFO - Processing file /home/vladimir/.local/lib/python3.10/site-packages/airflow/example_dags/example_sla_dag.py for tasks to queue
[2023-04-27T18:34:09.785+0300] {logging_mixin.py:137} INFO - [2023-04-27T18:34:09.785+0300] {dagbag.py:532} INFO - Filling up the DagBag from /home/vladimir/.local/lib/python3.10/site-packages/airflow/example_dags/example_sla_dag.py
[2023-04-27T18:34:09.803+0300] {processor.py:753} INFO - DAG(s) dict_keys(['example_sla_dag']) retrieved from /home/vladimir/.local/lib/python3.10/site-packages/airflow/example_dags/example_sla_dag.py
[2023-04-27T18:34:09.817+0300] {logging_mixin.py:137} INFO - [2023-04-27T18:34:09.817+0300] {dag.py:2705} INFO - Sync 1 DAGs
[2023-04-27T18:34:09.833+0300] {logging_mixin.py:137} INFO - [2023-04-27T18:34:09.833+0300] {dag.py:3452} INFO - Setting next_dagrun for example_sla_dag to 2023-04-27T15:32:00+00:00, run_after=2023-04-27T15:34:00+00:00
[2023-04-27T18:34:09.847+0300] {processor.py:175} INFO - Processing /home/vladimir/.local/lib/python3.10/site-packages/airflow/example_dags/example_sla_dag.py took 0.066 seconds
[2023-04-27T18:34:58.866+0300] {processor.py:153} INFO - Started process (PID=7106) to work on /home/vladimir/.local/lib/python3.10/site-packages/airflow/example_dags/example_sla_dag.py
[2023-04-27T18:34:58.868+0300] {processor.py:743} INFO - Processing file /home/vladimir/.local/lib/python3.10/site-packages/airflow/example_dags/example_sla_dag.py for tasks to queue
[2023-04-27T18:34:58.868+0300] {logging_mixin.py:137} INFO - [2023-04-27T18:34:58.868+0300] {dagbag.py:532} INFO - Filling up the DagBag from /home/vladimir/.local/lib/python3.10/site-packages/airflow/example_dags/example_sla_dag.py
[2023-04-27T18:34:58.898+0300] {processor.py:753} INFO - DAG(s) dict_keys(['example_sla_dag']) retrieved from /home/vladimir/.local/lib/python3.10/site-packages/airflow/example_dags/example_sla_dag.py
[2023-04-27T18:34:58.911+0300] {logging_mixin.py:137} INFO - [2023-04-27T18:34:58.911+0300] {dag.py:2705} INFO - Sync 1 DAGs
[2023-04-27T18:34:58.924+0300] {logging_mixin.py:137} INFO - [2023-04-27T18:34:58.924+0300] {dag.py:3452} INFO - Setting next_dagrun for example_sla_dag to 2023-04-27T15:32:00+00:00, run_after=2023-04-27T15:34:00+00:00
[2023-04-27T18:34:58.936+0300] {processor.py:175} INFO - Processing /home/vladimir/.local/lib/python3.10/site-packages/airflow/example_dags/example_sla_dag.py took 0.071 seconds
[2023-04-27T18:35:45.828+0300] {processor.py:153} INFO - Started process (PID=7447) to work on /home/vladimir/.local/lib/python3.10/site-packages/airflow/example_dags/example_sla_dag.py
[2023-04-27T18:35:45.829+0300] {processor.py:743} INFO - Processing file /home/vladimir/.local/lib/python3.10/site-packages/airflow/example_dags/example_sla_dag.py for tasks to queue
[2023-04-27T18:35:45.829+0300] {logging_mixin.py:137} INFO - [2023-04-27T18:35:45.829+0300] {dagbag.py:532} INFO - Filling up the DagBag from /home/vladimir/.local/lib/python3.10/site-packages/airflow/example_dags/example_sla_dag.py
[2023-04-27T18:35:45.845+0300] {processor.py:753} INFO - DAG(s) dict_keys(['example_sla_dag']) retrieved from /home/vladimir/.local/lib/python3.10/site-packages/airflow/example_dags/example_sla_dag.py
[2023-04-27T18:35:45.858+0300] {logging_mixin.py:137} INFO - [2023-04-27T18:35:45.858+0300] {dag.py:2705} INFO - Sync 1 DAGs
[2023-04-27T18:35:45.873+0300] {logging_mixin.py:137} INFO - [2023-04-27T18:35:45.873+0300] {dag.py:3452} INFO - Setting next_dagrun for example_sla_dag to 2023-04-27T15:32:00+00:00, run_after=2023-04-27T15:34:00+00:00
[2023-04-27T18:35:45.886+0300] {processor.py:175} INFO - Processing /home/vladimir/.local/lib/python3.10/site-packages/airflow/example_dags/example_sla_dag.py took 0.061 seconds
[2023-04-27T18:36:33.477+0300] {processor.py:153} INFO - Started process (PID=7558) to work on /home/vladimir/.local/lib/python3.10/site-packages/airflow/example_dags/example_sla_dag.py
[2023-04-27T18:36:33.477+0300] {processor.py:743} INFO - Processing file /home/vladimir/.local/lib/python3.10/site-packages/airflow/example_dags/example_sla_dag.py for tasks to queue
[2023-04-27T18:36:33.478+0300] {logging_mixin.py:137} INFO - [2023-04-27T18:36:33.478+0300] {dagbag.py:532} INFO - Filling up the DagBag from /home/vladimir/.local/lib/python3.10/site-packages/airflow/example_dags/example_sla_dag.py
[2023-04-27T18:36:33.495+0300] {processor.py:753} INFO - DAG(s) dict_keys(['example_sla_dag']) retrieved from /home/vladimir/.local/lib/python3.10/site-packages/airflow/example_dags/example_sla_dag.py
[2023-04-27T18:36:33.509+0300] {logging_mixin.py:137} INFO - [2023-04-27T18:36:33.509+0300] {dag.py:2705} INFO - Sync 1 DAGs
[2023-04-27T18:36:33.524+0300] {logging_mixin.py:137} INFO - [2023-04-27T18:36:33.524+0300] {dag.py:3452} INFO - Setting next_dagrun for example_sla_dag to 2023-04-27T15:34:00+00:00, run_after=2023-04-27T15:36:00+00:00
[2023-04-27T18:36:33.537+0300] {processor.py:175} INFO - Processing /home/vladimir/.local/lib/python3.10/site-packages/airflow/example_dags/example_sla_dag.py took 0.063 seconds
[2023-04-27T18:37:23.612+0300] {processor.py:153} INFO - Started process (PID=7655) to work on /home/vladimir/.local/lib/python3.10/site-packages/airflow/example_dags/example_sla_dag.py
[2023-04-27T18:37:23.613+0300] {processor.py:743} INFO - Processing file /home/vladimir/.local/lib/python3.10/site-packages/airflow/example_dags/example_sla_dag.py for tasks to queue
[2023-04-27T18:37:23.614+0300] {logging_mixin.py:137} INFO - [2023-04-27T18:37:23.613+0300] {dagbag.py:532} INFO - Filling up the DagBag from /home/vladimir/.local/lib/python3.10/site-packages/airflow/example_dags/example_sla_dag.py
[2023-04-27T18:37:23.630+0300] {processor.py:753} INFO - DAG(s) dict_keys(['example_sla_dag']) retrieved from /home/vladimir/.local/lib/python3.10/site-packages/airflow/example_dags/example_sla_dag.py
[2023-04-27T18:37:23.643+0300] {logging_mixin.py:137} INFO - [2023-04-27T18:37:23.643+0300] {dag.py:2705} INFO - Sync 1 DAGs
[2023-04-27T18:37:23.658+0300] {logging_mixin.py:137} INFO - [2023-04-27T18:37:23.657+0300] {dag.py:3452} INFO - Setting next_dagrun for example_sla_dag to 2023-04-27T15:34:00+00:00, run_after=2023-04-27T15:36:00+00:00
[2023-04-27T18:37:23.670+0300] {processor.py:175} INFO - Processing /home/vladimir/.local/lib/python3.10/site-packages/airflow/example_dags/example_sla_dag.py took 0.060 seconds
[2023-04-27T18:38:09.017+0300] {processor.py:153} INFO - Started process (PID=7717) to work on /home/vladimir/.local/lib/python3.10/site-packages/airflow/example_dags/example_sla_dag.py
[2023-04-27T18:38:09.018+0300] {processor.py:743} INFO - Processing file /home/vladimir/.local/lib/python3.10/site-packages/airflow/example_dags/example_sla_dag.py for tasks to queue
[2023-04-27T18:38:09.019+0300] {logging_mixin.py:137} INFO - [2023-04-27T18:38:09.019+0300] {dagbag.py:532} INFO - Filling up the DagBag from /home/vladimir/.local/lib/python3.10/site-packages/airflow/example_dags/example_sla_dag.py
[2023-04-27T18:38:09.035+0300] {processor.py:753} INFO - DAG(s) dict_keys(['example_sla_dag']) retrieved from /home/vladimir/.local/lib/python3.10/site-packages/airflow/example_dags/example_sla_dag.py
[2023-04-27T18:38:09.049+0300] {logging_mixin.py:137} INFO - [2023-04-27T18:38:09.048+0300] {dag.py:2705} INFO - Sync 1 DAGs
[2023-04-27T18:38:09.062+0300] {logging_mixin.py:137} INFO - [2023-04-27T18:38:09.062+0300] {dag.py:3452} INFO - Setting next_dagrun for example_sla_dag to 2023-04-27T15:36:00+00:00, run_after=2023-04-27T15:38:00+00:00
[2023-04-27T18:38:09.075+0300] {processor.py:175} INFO - Processing /home/vladimir/.local/lib/python3.10/site-packages/airflow/example_dags/example_sla_dag.py took 0.060 seconds
[2023-04-27T18:39:01.040+0300] {processor.py:153} INFO - Started process (PID=8084) to work on /home/vladimir/.local/lib/python3.10/site-packages/airflow/example_dags/example_sla_dag.py
[2023-04-27T18:39:01.041+0300] {processor.py:743} INFO - Processing file /home/vladimir/.local/lib/python3.10/site-packages/airflow/example_dags/example_sla_dag.py for tasks to queue
[2023-04-27T18:39:01.042+0300] {logging_mixin.py:137} INFO - [2023-04-27T18:39:01.042+0300] {dagbag.py:532} INFO - Filling up the DagBag from /home/vladimir/.local/lib/python3.10/site-packages/airflow/example_dags/example_sla_dag.py
[2023-04-27T18:39:01.063+0300] {processor.py:753} INFO - DAG(s) dict_keys(['example_sla_dag']) retrieved from /home/vladimir/.local/lib/python3.10/site-packages/airflow/example_dags/example_sla_dag.py
[2023-04-27T18:39:01.080+0300] {logging_mixin.py:137} INFO - [2023-04-27T18:39:01.080+0300] {dag.py:2705} INFO - Sync 1 DAGs
[2023-04-27T18:39:01.098+0300] {logging_mixin.py:137} INFO - [2023-04-27T18:39:01.098+0300] {dag.py:3452} INFO - Setting next_dagrun for example_sla_dag to 2023-04-27T15:36:00+00:00, run_after=2023-04-27T15:38:00+00:00
[2023-04-27T18:39:01.111+0300] {processor.py:175} INFO - Processing /home/vladimir/.local/lib/python3.10/site-packages/airflow/example_dags/example_sla_dag.py took 0.073 seconds
[2023-04-27T18:39:52.334+0300] {processor.py:153} INFO - Started process (PID=8181) to work on /home/vladimir/.local/lib/python3.10/site-packages/airflow/example_dags/example_sla_dag.py
[2023-04-27T18:39:52.335+0300] {processor.py:743} INFO - Processing file /home/vladimir/.local/lib/python3.10/site-packages/airflow/example_dags/example_sla_dag.py for tasks to queue
[2023-04-27T18:39:52.336+0300] {logging_mixin.py:137} INFO - [2023-04-27T18:39:52.336+0300] {dagbag.py:532} INFO - Filling up the DagBag from /home/vladimir/.local/lib/python3.10/site-packages/airflow/example_dags/example_sla_dag.py
[2023-04-27T18:39:52.352+0300] {processor.py:753} INFO - DAG(s) dict_keys(['example_sla_dag']) retrieved from /home/vladimir/.local/lib/python3.10/site-packages/airflow/example_dags/example_sla_dag.py
[2023-04-27T18:39:52.366+0300] {logging_mixin.py:137} INFO - [2023-04-27T18:39:52.365+0300] {dag.py:2705} INFO - Sync 1 DAGs
[2023-04-27T18:39:52.379+0300] {logging_mixin.py:137} INFO - [2023-04-27T18:39:52.379+0300] {dag.py:3452} INFO - Setting next_dagrun for example_sla_dag to 2023-04-27T15:36:00+00:00, run_after=2023-04-27T15:38:00+00:00
[2023-04-27T18:39:52.393+0300] {processor.py:175} INFO - Processing /home/vladimir/.local/lib/python3.10/site-packages/airflow/example_dags/example_sla_dag.py took 0.060 seconds
[2023-04-27T18:40:41.365+0300] {processor.py:153} INFO - Started process (PID=8333) to work on /home/vladimir/.local/lib/python3.10/site-packages/airflow/example_dags/example_sla_dag.py
[2023-04-27T18:40:41.366+0300] {processor.py:743} INFO - Processing file /home/vladimir/.local/lib/python3.10/site-packages/airflow/example_dags/example_sla_dag.py for tasks to queue
[2023-04-27T18:40:41.367+0300] {logging_mixin.py:137} INFO - [2023-04-27T18:40:41.367+0300] {dagbag.py:532} INFO - Filling up the DagBag from /home/vladimir/.local/lib/python3.10/site-packages/airflow/example_dags/example_sla_dag.py
[2023-04-27T18:40:41.384+0300] {processor.py:753} INFO - DAG(s) dict_keys(['example_sla_dag']) retrieved from /home/vladimir/.local/lib/python3.10/site-packages/airflow/example_dags/example_sla_dag.py
[2023-04-27T18:40:41.397+0300] {logging_mixin.py:137} INFO - [2023-04-27T18:40:41.397+0300] {dag.py:2705} INFO - Sync 1 DAGs
[2023-04-27T18:40:41.412+0300] {logging_mixin.py:137} INFO - [2023-04-27T18:40:41.412+0300] {dag.py:3452} INFO - Setting next_dagrun for example_sla_dag to 2023-04-27T15:38:00+00:00, run_after=2023-04-27T15:40:00+00:00
[2023-04-27T18:40:41.425+0300] {processor.py:175} INFO - Processing /home/vladimir/.local/lib/python3.10/site-packages/airflow/example_dags/example_sla_dag.py took 0.062 seconds
[2023-04-27T18:41:28.393+0300] {processor.py:153} INFO - Started process (PID=3265) to work on /home/vladimir/.local/lib/python3.10/site-packages/airflow/example_dags/example_sla_dag.py
[2023-04-27T18:41:28.394+0300] {processor.py:743} INFO - Processing file /home/vladimir/.local/lib/python3.10/site-packages/airflow/example_dags/example_sla_dag.py for tasks to queue
[2023-04-27T18:41:28.394+0300] {logging_mixin.py:137} INFO - [2023-04-27T18:41:28.394+0300] {dagbag.py:532} INFO - Filling up the DagBag from /home/vladimir/.local/lib/python3.10/site-packages/airflow/example_dags/example_sla_dag.py
[2023-04-27T18:41:28.427+0300] {processor.py:753} INFO - DAG(s) dict_keys(['example_sla_dag']) retrieved from /home/vladimir/.local/lib/python3.10/site-packages/airflow/example_dags/example_sla_dag.py
[2023-04-27T18:41:28.451+0300] {logging_mixin.py:137} INFO - [2023-04-27T18:41:28.451+0300] {dag.py:2705} INFO - Sync 1 DAGs
[2023-04-27T18:41:28.473+0300] {logging_mixin.py:137} INFO - [2023-04-27T18:41:28.472+0300] {dag.py:3452} INFO - Setting next_dagrun for example_sla_dag to 2023-04-27T15:38:00+00:00, run_after=2023-04-27T15:40:00+00:00
[2023-04-27T18:41:28.485+0300] {processor.py:175} INFO - Processing /home/vladimir/.local/lib/python3.10/site-packages/airflow/example_dags/example_sla_dag.py took 0.095 seconds
[2023-04-27T18:42:10.606+0300] {processor.py:153} INFO - Started process (PID=3726) to work on /home/vladimir/.local/lib/python3.10/site-packages/airflow/example_dags/example_sla_dag.py
[2023-04-27T18:42:10.606+0300] {processor.py:743} INFO - Processing file /home/vladimir/.local/lib/python3.10/site-packages/airflow/example_dags/example_sla_dag.py for tasks to queue
[2023-04-27T18:42:10.607+0300] {logging_mixin.py:137} INFO - [2023-04-27T18:42:10.607+0300] {dagbag.py:532} INFO - Filling up the DagBag from /home/vladimir/.local/lib/python3.10/site-packages/airflow/example_dags/example_sla_dag.py
[2023-04-27T18:42:10.628+0300] {processor.py:753} INFO - DAG(s) dict_keys(['example_sla_dag']) retrieved from /home/vladimir/.local/lib/python3.10/site-packages/airflow/example_dags/example_sla_dag.py
[2023-04-27T18:42:10.643+0300] {logging_mixin.py:137} INFO - [2023-04-27T18:42:10.643+0300] {dag.py:2705} INFO - Sync 1 DAGs
[2023-04-27T18:42:10.660+0300] {logging_mixin.py:137} INFO - [2023-04-27T18:42:10.660+0300] {dag.py:3452} INFO - Setting next_dagrun for example_sla_dag to 2023-04-27T15:40:00+00:00, run_after=2023-04-27T15:42:00+00:00
[2023-04-27T18:42:10.672+0300] {processor.py:175} INFO - Processing /home/vladimir/.local/lib/python3.10/site-packages/airflow/example_dags/example_sla_dag.py took 0.070 seconds
[2023-04-27T18:42:52.915+0300] {processor.py:153} INFO - Started process (PID=4532) to work on /home/vladimir/.local/lib/python3.10/site-packages/airflow/example_dags/example_sla_dag.py
[2023-04-27T18:42:52.916+0300] {processor.py:743} INFO - Processing file /home/vladimir/.local/lib/python3.10/site-packages/airflow/example_dags/example_sla_dag.py for tasks to queue
[2023-04-27T18:42:52.916+0300] {logging_mixin.py:137} INFO - [2023-04-27T18:42:52.916+0300] {dagbag.py:532} INFO - Filling up the DagBag from /home/vladimir/.local/lib/python3.10/site-packages/airflow/example_dags/example_sla_dag.py
[2023-04-27T18:42:52.932+0300] {processor.py:753} INFO - DAG(s) dict_keys(['example_sla_dag']) retrieved from /home/vladimir/.local/lib/python3.10/site-packages/airflow/example_dags/example_sla_dag.py
[2023-04-27T18:42:52.945+0300] {logging_mixin.py:137} INFO - [2023-04-27T18:42:52.945+0300] {dag.py:2705} INFO - Sync 1 DAGs
[2023-04-27T18:42:52.960+0300] {logging_mixin.py:137} INFO - [2023-04-27T18:42:52.960+0300] {dag.py:3452} INFO - Setting next_dagrun for example_sla_dag to 2023-04-27T15:40:00+00:00, run_after=2023-04-27T15:42:00+00:00
[2023-04-27T18:42:52.972+0300] {processor.py:175} INFO - Processing /home/vladimir/.local/lib/python3.10/site-packages/airflow/example_dags/example_sla_dag.py took 0.059 seconds
[2023-04-27T18:43:35.027+0300] {processor.py:153} INFO - Started process (PID=5207) to work on /home/vladimir/.local/lib/python3.10/site-packages/airflow/example_dags/example_sla_dag.py
[2023-04-27T18:43:35.028+0300] {processor.py:743} INFO - Processing file /home/vladimir/.local/lib/python3.10/site-packages/airflow/example_dags/example_sla_dag.py for tasks to queue
[2023-04-27T18:43:35.028+0300] {logging_mixin.py:137} INFO - [2023-04-27T18:43:35.028+0300] {dagbag.py:532} INFO - Filling up the DagBag from /home/vladimir/.local/lib/python3.10/site-packages/airflow/example_dags/example_sla_dag.py
[2023-04-27T18:43:35.055+0300] {processor.py:753} INFO - DAG(s) dict_keys(['example_sla_dag']) retrieved from /home/vladimir/.local/lib/python3.10/site-packages/airflow/example_dags/example_sla_dag.py
[2023-04-27T18:43:35.072+0300] {logging_mixin.py:137} INFO - [2023-04-27T18:43:35.071+0300] {dag.py:2705} INFO - Sync 1 DAGs
[2023-04-27T18:43:35.103+0300] {logging_mixin.py:137} INFO - [2023-04-27T18:43:35.102+0300] {dag.py:3452} INFO - Setting next_dagrun for example_sla_dag to 2023-04-27T15:40:00+00:00, run_after=2023-04-27T15:42:00+00:00
[2023-04-27T18:43:35.120+0300] {processor.py:175} INFO - Processing /home/vladimir/.local/lib/python3.10/site-packages/airflow/example_dags/example_sla_dag.py took 0.095 seconds
[2023-04-27T18:44:19.463+0300] {processor.py:153} INFO - Started process (PID=8532) to work on /home/vladimir/.local/lib/python3.10/site-packages/airflow/example_dags/example_sla_dag.py
[2023-04-27T18:44:19.464+0300] {processor.py:743} INFO - Processing file /home/vladimir/.local/lib/python3.10/site-packages/airflow/example_dags/example_sla_dag.py for tasks to queue
[2023-04-27T18:44:19.465+0300] {logging_mixin.py:137} INFO - [2023-04-27T18:44:19.465+0300] {dagbag.py:532} INFO - Filling up the DagBag from /home/vladimir/.local/lib/python3.10/site-packages/airflow/example_dags/example_sla_dag.py
[2023-04-27T18:44:19.483+0300] {processor.py:753} INFO - DAG(s) dict_keys(['example_sla_dag']) retrieved from /home/vladimir/.local/lib/python3.10/site-packages/airflow/example_dags/example_sla_dag.py
[2023-04-27T18:44:19.498+0300] {logging_mixin.py:137} INFO - [2023-04-27T18:44:19.498+0300] {dag.py:2705} INFO - Sync 1 DAGs
[2023-04-27T18:44:19.515+0300] {logging_mixin.py:137} INFO - [2023-04-27T18:44:19.515+0300] {dag.py:3452} INFO - Setting next_dagrun for example_sla_dag to 2023-04-27T15:42:00+00:00, run_after=2023-04-27T15:44:00+00:00
[2023-04-27T18:44:19.530+0300] {processor.py:175} INFO - Processing /home/vladimir/.local/lib/python3.10/site-packages/airflow/example_dags/example_sla_dag.py took 0.070 seconds
[2023-04-27T18:45:09.129+0300] {processor.py:153} INFO - Started process (PID=10268) to work on /home/vladimir/.local/lib/python3.10/site-packages/airflow/example_dags/example_sla_dag.py
[2023-04-27T18:45:09.137+0300] {processor.py:743} INFO - Processing file /home/vladimir/.local/lib/python3.10/site-packages/airflow/example_dags/example_sla_dag.py for tasks to queue
[2023-04-27T18:45:09.138+0300] {logging_mixin.py:137} INFO - [2023-04-27T18:45:09.138+0300] {dagbag.py:532} INFO - Filling up the DagBag from /home/vladimir/.local/lib/python3.10/site-packages/airflow/example_dags/example_sla_dag.py
[2023-04-27T18:45:09.191+0300] {processor.py:753} INFO - DAG(s) dict_keys(['example_sla_dag']) retrieved from /home/vladimir/.local/lib/python3.10/site-packages/airflow/example_dags/example_sla_dag.py
[2023-04-27T18:45:09.245+0300] {logging_mixin.py:137} INFO - [2023-04-27T18:45:09.245+0300] {dag.py:2705} INFO - Sync 1 DAGs
[2023-04-27T18:45:09.272+0300] {logging_mixin.py:137} INFO - [2023-04-27T18:45:09.272+0300] {dag.py:3452} INFO - Setting next_dagrun for example_sla_dag to 2023-04-27T15:42:00+00:00, run_after=2023-04-27T15:44:00+00:00
[2023-04-27T18:45:09.315+0300] {processor.py:175} INFO - Processing /home/vladimir/.local/lib/python3.10/site-packages/airflow/example_dags/example_sla_dag.py took 0.190 seconds
[2023-04-27T18:46:00.282+0300] {processor.py:153} INFO - Started process (PID=17795) to work on /home/vladimir/.local/lib/python3.10/site-packages/airflow/example_dags/example_sla_dag.py
[2023-04-27T18:46:00.287+0300] {processor.py:743} INFO - Processing file /home/vladimir/.local/lib/python3.10/site-packages/airflow/example_dags/example_sla_dag.py for tasks to queue
[2023-04-27T18:46:00.287+0300] {logging_mixin.py:137} INFO - [2023-04-27T18:46:00.287+0300] {dagbag.py:532} INFO - Filling up the DagBag from /home/vladimir/.local/lib/python3.10/site-packages/airflow/example_dags/example_sla_dag.py
[2023-04-27T18:46:00.333+0300] {processor.py:753} INFO - DAG(s) dict_keys(['example_sla_dag']) retrieved from /home/vladimir/.local/lib/python3.10/site-packages/airflow/example_dags/example_sla_dag.py
[2023-04-27T18:46:00.363+0300] {logging_mixin.py:137} INFO - [2023-04-27T18:46:00.363+0300] {dag.py:2705} INFO - Sync 1 DAGs
[2023-04-27T18:46:00.394+0300] {logging_mixin.py:137} INFO - [2023-04-27T18:46:00.394+0300] {dag.py:3452} INFO - Setting next_dagrun for example_sla_dag to 2023-04-27T15:44:00+00:00, run_after=2023-04-27T15:46:00+00:00
[2023-04-27T18:46:00.424+0300] {processor.py:175} INFO - Processing /home/vladimir/.local/lib/python3.10/site-packages/airflow/example_dags/example_sla_dag.py took 0.154 seconds
[2023-04-27T18:47:05.397+0300] {processor.py:153} INFO - Started process (PID=3083) to work on /home/vladimir/.local/lib/python3.10/site-packages/airflow/example_dags/example_sla_dag.py
[2023-04-27T18:47:05.398+0300] {processor.py:743} INFO - Processing file /home/vladimir/.local/lib/python3.10/site-packages/airflow/example_dags/example_sla_dag.py for tasks to queue
[2023-04-27T18:47:05.398+0300] {logging_mixin.py:137} INFO - [2023-04-27T18:47:05.398+0300] {dagbag.py:532} INFO - Filling up the DagBag from /home/vladimir/.local/lib/python3.10/site-packages/airflow/example_dags/example_sla_dag.py
[2023-04-27T18:47:05.415+0300] {processor.py:753} INFO - DAG(s) dict_keys(['example_sla_dag']) retrieved from /home/vladimir/.local/lib/python3.10/site-packages/airflow/example_dags/example_sla_dag.py
[2023-04-27T18:47:05.431+0300] {logging_mixin.py:137} INFO - [2023-04-27T18:47:05.430+0300] {dag.py:2705} INFO - Sync 1 DAGs
[2023-04-27T18:47:05.444+0300] {logging_mixin.py:137} INFO - [2023-04-27T18:47:05.444+0300] {dag.py:3452} INFO - Setting next_dagrun for example_sla_dag to 2023-04-27T15:44:00+00:00, run_after=2023-04-27T15:46:00+00:00
[2023-04-27T18:47:05.457+0300] {processor.py:175} INFO - Processing /home/vladimir/.local/lib/python3.10/site-packages/airflow/example_dags/example_sla_dag.py took 0.062 seconds
[2023-04-27T18:47:47.647+0300] {processor.py:153} INFO - Started process (PID=4060) to work on /home/vladimir/.local/lib/python3.10/site-packages/airflow/example_dags/example_sla_dag.py
[2023-04-27T18:47:47.648+0300] {processor.py:743} INFO - Processing file /home/vladimir/.local/lib/python3.10/site-packages/airflow/example_dags/example_sla_dag.py for tasks to queue
[2023-04-27T18:47:47.649+0300] {logging_mixin.py:137} INFO - [2023-04-27T18:47:47.649+0300] {dagbag.py:532} INFO - Filling up the DagBag from /home/vladimir/.local/lib/python3.10/site-packages/airflow/example_dags/example_sla_dag.py
[2023-04-27T18:47:47.667+0300] {processor.py:753} INFO - DAG(s) dict_keys(['example_sla_dag']) retrieved from /home/vladimir/.local/lib/python3.10/site-packages/airflow/example_dags/example_sla_dag.py
[2023-04-27T18:47:47.681+0300] {logging_mixin.py:137} INFO - [2023-04-27T18:47:47.680+0300] {dag.py:2705} INFO - Sync 1 DAGs
[2023-04-27T18:47:47.695+0300] {logging_mixin.py:137} INFO - [2023-04-27T18:47:47.695+0300] {dag.py:3452} INFO - Setting next_dagrun for example_sla_dag to 2023-04-27T15:44:00+00:00, run_after=2023-04-27T15:46:00+00:00
[2023-04-27T18:47:47.710+0300] {processor.py:175} INFO - Processing /home/vladimir/.local/lib/python3.10/site-packages/airflow/example_dags/example_sla_dag.py took 0.065 seconds
[2023-04-27T18:48:29.831+0300] {processor.py:153} INFO - Started process (PID=4139) to work on /home/vladimir/.local/lib/python3.10/site-packages/airflow/example_dags/example_sla_dag.py
[2023-04-27T18:48:29.832+0300] {processor.py:743} INFO - Processing file /home/vladimir/.local/lib/python3.10/site-packages/airflow/example_dags/example_sla_dag.py for tasks to queue
[2023-04-27T18:48:29.833+0300] {logging_mixin.py:137} INFO - [2023-04-27T18:48:29.833+0300] {dagbag.py:532} INFO - Filling up the DagBag from /home/vladimir/.local/lib/python3.10/site-packages/airflow/example_dags/example_sla_dag.py
[2023-04-27T18:48:29.849+0300] {processor.py:753} INFO - DAG(s) dict_keys(['example_sla_dag']) retrieved from /home/vladimir/.local/lib/python3.10/site-packages/airflow/example_dags/example_sla_dag.py
[2023-04-27T18:48:29.862+0300] {logging_mixin.py:137} INFO - [2023-04-27T18:48:29.862+0300] {dag.py:2705} INFO - Sync 1 DAGs
[2023-04-27T18:48:29.877+0300] {logging_mixin.py:137} INFO - [2023-04-27T18:48:29.877+0300] {dag.py:3452} INFO - Setting next_dagrun for example_sla_dag to 2023-04-27T15:46:00+00:00, run_after=2023-04-27T15:48:00+00:00
[2023-04-27T18:48:29.890+0300] {processor.py:175} INFO - Processing /home/vladimir/.local/lib/python3.10/site-packages/airflow/example_dags/example_sla_dag.py took 0.061 seconds
[2023-04-27T18:49:12.626+0300] {processor.py:153} INFO - Started process (PID=4184) to work on /home/vladimir/.local/lib/python3.10/site-packages/airflow/example_dags/example_sla_dag.py
[2023-04-27T18:49:12.627+0300] {processor.py:743} INFO - Processing file /home/vladimir/.local/lib/python3.10/site-packages/airflow/example_dags/example_sla_dag.py for tasks to queue
[2023-04-27T18:49:12.627+0300] {logging_mixin.py:137} INFO - [2023-04-27T18:49:12.627+0300] {dagbag.py:532} INFO - Filling up the DagBag from /home/vladimir/.local/lib/python3.10/site-packages/airflow/example_dags/example_sla_dag.py
[2023-04-27T18:49:12.643+0300] {processor.py:753} INFO - DAG(s) dict_keys(['example_sla_dag']) retrieved from /home/vladimir/.local/lib/python3.10/site-packages/airflow/example_dags/example_sla_dag.py
[2023-04-27T18:49:12.655+0300] {logging_mixin.py:137} INFO - [2023-04-27T18:49:12.655+0300] {dag.py:2705} INFO - Sync 1 DAGs
[2023-04-27T18:49:12.671+0300] {logging_mixin.py:137} INFO - [2023-04-27T18:49:12.671+0300] {dag.py:3452} INFO - Setting next_dagrun for example_sla_dag to 2023-04-27T15:46:00+00:00, run_after=2023-04-27T15:48:00+00:00
[2023-04-27T18:49:12.682+0300] {processor.py:175} INFO - Processing /home/vladimir/.local/lib/python3.10/site-packages/airflow/example_dags/example_sla_dag.py took 0.059 seconds
[2023-04-27T18:50:01.004+0300] {processor.py:153} INFO - Started process (PID=4496) to work on /home/vladimir/.local/lib/python3.10/site-packages/airflow/example_dags/example_sla_dag.py
[2023-04-27T18:50:01.005+0300] {processor.py:743} INFO - Processing file /home/vladimir/.local/lib/python3.10/site-packages/airflow/example_dags/example_sla_dag.py for tasks to queue
[2023-04-27T18:50:01.005+0300] {logging_mixin.py:137} INFO - [2023-04-27T18:50:01.005+0300] {dagbag.py:532} INFO - Filling up the DagBag from /home/vladimir/.local/lib/python3.10/site-packages/airflow/example_dags/example_sla_dag.py
[2023-04-27T18:50:01.022+0300] {processor.py:753} INFO - DAG(s) dict_keys(['example_sla_dag']) retrieved from /home/vladimir/.local/lib/python3.10/site-packages/airflow/example_dags/example_sla_dag.py
[2023-04-27T18:50:01.035+0300] {logging_mixin.py:137} INFO - [2023-04-27T18:50:01.035+0300] {dag.py:2705} INFO - Sync 1 DAGs
[2023-04-27T18:50:01.048+0300] {logging_mixin.py:137} INFO - [2023-04-27T18:50:01.048+0300] {dag.py:3452} INFO - Setting next_dagrun for example_sla_dag to 2023-04-27T15:48:00+00:00, run_after=2023-04-27T15:50:00+00:00
[2023-04-27T18:50:01.061+0300] {processor.py:175} INFO - Processing /home/vladimir/.local/lib/python3.10/site-packages/airflow/example_dags/example_sla_dag.py took 0.060 seconds
[2023-04-27T18:50:41.502+0300] {processor.py:153} INFO - Started process (PID=5006) to work on /home/vladimir/.local/lib/python3.10/site-packages/airflow/example_dags/example_sla_dag.py
[2023-04-27T18:50:41.503+0300] {processor.py:743} INFO - Processing file /home/vladimir/.local/lib/python3.10/site-packages/airflow/example_dags/example_sla_dag.py for tasks to queue
[2023-04-27T18:50:41.504+0300] {logging_mixin.py:137} INFO - [2023-04-27T18:50:41.504+0300] {dagbag.py:532} INFO - Filling up the DagBag from /home/vladimir/.local/lib/python3.10/site-packages/airflow/example_dags/example_sla_dag.py
[2023-04-27T18:50:41.522+0300] {processor.py:753} INFO - DAG(s) dict_keys(['example_sla_dag']) retrieved from /home/vladimir/.local/lib/python3.10/site-packages/airflow/example_dags/example_sla_dag.py
[2023-04-27T18:50:41.537+0300] {logging_mixin.py:137} INFO - [2023-04-27T18:50:41.537+0300] {dag.py:2705} INFO - Sync 1 DAGs
[2023-04-27T18:50:41.553+0300] {logging_mixin.py:137} INFO - [2023-04-27T18:50:41.553+0300] {dag.py:3452} INFO - Setting next_dagrun for example_sla_dag to 2023-04-27T15:48:00+00:00, run_after=2023-04-27T15:50:00+00:00
[2023-04-27T18:50:41.566+0300] {processor.py:175} INFO - Processing /home/vladimir/.local/lib/python3.10/site-packages/airflow/example_dags/example_sla_dag.py took 0.067 seconds
[2023-04-27T18:51:28.972+0300] {processor.py:153} INFO - Started process (PID=5269) to work on /home/vladimir/.local/lib/python3.10/site-packages/airflow/example_dags/example_sla_dag.py
[2023-04-27T18:51:28.973+0300] {processor.py:743} INFO - Processing file /home/vladimir/.local/lib/python3.10/site-packages/airflow/example_dags/example_sla_dag.py for tasks to queue
[2023-04-27T18:51:28.974+0300] {logging_mixin.py:137} INFO - [2023-04-27T18:51:28.974+0300] {dagbag.py:532} INFO - Filling up the DagBag from /home/vladimir/.local/lib/python3.10/site-packages/airflow/example_dags/example_sla_dag.py
[2023-04-27T18:51:28.990+0300] {processor.py:753} INFO - DAG(s) dict_keys(['example_sla_dag']) retrieved from /home/vladimir/.local/lib/python3.10/site-packages/airflow/example_dags/example_sla_dag.py
[2023-04-27T18:51:29.003+0300] {logging_mixin.py:137} INFO - [2023-04-27T18:51:29.003+0300] {dag.py:2705} INFO - Sync 1 DAGs
[2023-04-27T18:51:29.017+0300] {logging_mixin.py:137} INFO - [2023-04-27T18:51:29.017+0300] {dag.py:3452} INFO - Setting next_dagrun for example_sla_dag to 2023-04-27T15:48:00+00:00, run_after=2023-04-27T15:50:00+00:00
[2023-04-27T18:51:29.031+0300] {processor.py:175} INFO - Processing /home/vladimir/.local/lib/python3.10/site-packages/airflow/example_dags/example_sla_dag.py took 0.061 seconds
[2023-04-27T18:52:10.009+0300] {processor.py:153} INFO - Started process (PID=5317) to work on /home/vladimir/.local/lib/python3.10/site-packages/airflow/example_dags/example_sla_dag.py
[2023-04-27T18:52:10.011+0300] {processor.py:743} INFO - Processing file /home/vladimir/.local/lib/python3.10/site-packages/airflow/example_dags/example_sla_dag.py for tasks to queue
[2023-04-27T18:52:10.011+0300] {logging_mixin.py:137} INFO - [2023-04-27T18:52:10.011+0300] {dagbag.py:532} INFO - Filling up the DagBag from /home/vladimir/.local/lib/python3.10/site-packages/airflow/example_dags/example_sla_dag.py
[2023-04-27T18:52:10.028+0300] {processor.py:753} INFO - DAG(s) dict_keys(['example_sla_dag']) retrieved from /home/vladimir/.local/lib/python3.10/site-packages/airflow/example_dags/example_sla_dag.py
[2023-04-27T18:52:10.042+0300] {logging_mixin.py:137} INFO - [2023-04-27T18:52:10.042+0300] {dag.py:2705} INFO - Sync 1 DAGs
[2023-04-27T18:52:10.056+0300] {logging_mixin.py:137} INFO - [2023-04-27T18:52:10.056+0300] {dag.py:3452} INFO - Setting next_dagrun for example_sla_dag to 2023-04-27T15:50:00+00:00, run_after=2023-04-27T15:52:00+00:00
[2023-04-27T18:52:10.068+0300] {processor.py:175} INFO - Processing /home/vladimir/.local/lib/python3.10/site-packages/airflow/example_dags/example_sla_dag.py took 0.062 seconds
[2023-04-27T18:53:00.284+0300] {processor.py:153} INFO - Started process (PID=5371) to work on /home/vladimir/.local/lib/python3.10/site-packages/airflow/example_dags/example_sla_dag.py
[2023-04-27T18:53:00.285+0300] {processor.py:743} INFO - Processing file /home/vladimir/.local/lib/python3.10/site-packages/airflow/example_dags/example_sla_dag.py for tasks to queue
[2023-04-27T18:53:00.286+0300] {logging_mixin.py:137} INFO - [2023-04-27T18:53:00.286+0300] {dagbag.py:532} INFO - Filling up the DagBag from /home/vladimir/.local/lib/python3.10/site-packages/airflow/example_dags/example_sla_dag.py
[2023-04-27T18:53:00.302+0300] {processor.py:753} INFO - DAG(s) dict_keys(['example_sla_dag']) retrieved from /home/vladimir/.local/lib/python3.10/site-packages/airflow/example_dags/example_sla_dag.py
[2023-04-27T18:53:00.315+0300] {logging_mixin.py:137} INFO - [2023-04-27T18:53:00.315+0300] {dag.py:2705} INFO - Sync 1 DAGs
[2023-04-27T18:53:00.330+0300] {logging_mixin.py:137} INFO - [2023-04-27T18:53:00.330+0300] {dag.py:3452} INFO - Setting next_dagrun for example_sla_dag to 2023-04-27T15:50:00+00:00, run_after=2023-04-27T15:52:00+00:00
[2023-04-27T18:53:00.344+0300] {processor.py:175} INFO - Processing /home/vladimir/.local/lib/python3.10/site-packages/airflow/example_dags/example_sla_dag.py took 0.062 seconds
[2023-04-27T18:53:43.276+0300] {processor.py:153} INFO - Started process (PID=5561) to work on /home/vladimir/.local/lib/python3.10/site-packages/airflow/example_dags/example_sla_dag.py
[2023-04-27T18:53:43.277+0300] {processor.py:743} INFO - Processing file /home/vladimir/.local/lib/python3.10/site-packages/airflow/example_dags/example_sla_dag.py for tasks to queue
[2023-04-27T18:53:43.278+0300] {logging_mixin.py:137} INFO - [2023-04-27T18:53:43.277+0300] {dagbag.py:532} INFO - Filling up the DagBag from /home/vladimir/.local/lib/python3.10/site-packages/airflow/example_dags/example_sla_dag.py
[2023-04-27T18:53:43.294+0300] {processor.py:753} INFO - DAG(s) dict_keys(['example_sla_dag']) retrieved from /home/vladimir/.local/lib/python3.10/site-packages/airflow/example_dags/example_sla_dag.py
[2023-04-27T18:53:43.307+0300] {logging_mixin.py:137} INFO - [2023-04-27T18:53:43.307+0300] {dag.py:2705} INFO - Sync 1 DAGs
[2023-04-27T18:53:43.320+0300] {logging_mixin.py:137} INFO - [2023-04-27T18:53:43.320+0300] {dag.py:3452} INFO - Setting next_dagrun for example_sla_dag to 2023-04-27T15:50:00+00:00, run_after=2023-04-27T15:52:00+00:00
[2023-04-27T18:53:43.332+0300] {processor.py:175} INFO - Processing /home/vladimir/.local/lib/python3.10/site-packages/airflow/example_dags/example_sla_dag.py took 0.058 seconds
[2023-04-27T18:54:30.942+0300] {processor.py:153} INFO - Started process (PID=5612) to work on /home/vladimir/.local/lib/python3.10/site-packages/airflow/example_dags/example_sla_dag.py
[2023-04-27T18:54:30.943+0300] {processor.py:743} INFO - Processing file /home/vladimir/.local/lib/python3.10/site-packages/airflow/example_dags/example_sla_dag.py for tasks to queue
[2023-04-27T18:54:30.943+0300] {logging_mixin.py:137} INFO - [2023-04-27T18:54:30.943+0300] {dagbag.py:532} INFO - Filling up the DagBag from /home/vladimir/.local/lib/python3.10/site-packages/airflow/example_dags/example_sla_dag.py
[2023-04-27T18:54:30.959+0300] {processor.py:753} INFO - DAG(s) dict_keys(['example_sla_dag']) retrieved from /home/vladimir/.local/lib/python3.10/site-packages/airflow/example_dags/example_sla_dag.py
[2023-04-27T18:54:30.972+0300] {logging_mixin.py:137} INFO - [2023-04-27T18:54:30.972+0300] {dag.py:2705} INFO - Sync 1 DAGs
[2023-04-27T18:54:30.985+0300] {logging_mixin.py:137} INFO - [2023-04-27T18:54:30.985+0300] {dag.py:3452} INFO - Setting next_dagrun for example_sla_dag to 2023-04-27T15:52:00+00:00, run_after=2023-04-27T15:54:00+00:00
[2023-04-27T18:54:30.997+0300] {processor.py:175} INFO - Processing /home/vladimir/.local/lib/python3.10/site-packages/airflow/example_dags/example_sla_dag.py took 0.058 seconds
[2023-04-27T18:55:19.216+0300] {processor.py:153} INFO - Started process (PID=5673) to work on /home/vladimir/.local/lib/python3.10/site-packages/airflow/example_dags/example_sla_dag.py
[2023-04-27T18:55:19.217+0300] {processor.py:743} INFO - Processing file /home/vladimir/.local/lib/python3.10/site-packages/airflow/example_dags/example_sla_dag.py for tasks to queue
[2023-04-27T18:55:19.217+0300] {logging_mixin.py:137} INFO - [2023-04-27T18:55:19.217+0300] {dagbag.py:532} INFO - Filling up the DagBag from /home/vladimir/.local/lib/python3.10/site-packages/airflow/example_dags/example_sla_dag.py
[2023-04-27T18:55:19.233+0300] {processor.py:753} INFO - DAG(s) dict_keys(['example_sla_dag']) retrieved from /home/vladimir/.local/lib/python3.10/site-packages/airflow/example_dags/example_sla_dag.py
[2023-04-27T18:55:19.246+0300] {logging_mixin.py:137} INFO - [2023-04-27T18:55:19.246+0300] {dag.py:2705} INFO - Sync 1 DAGs
[2023-04-27T18:55:19.261+0300] {logging_mixin.py:137} INFO - [2023-04-27T18:55:19.260+0300] {dag.py:3452} INFO - Setting next_dagrun for example_sla_dag to 2023-04-27T15:52:00+00:00, run_after=2023-04-27T15:54:00+00:00
[2023-04-27T18:55:19.273+0300] {processor.py:175} INFO - Processing /home/vladimir/.local/lib/python3.10/site-packages/airflow/example_dags/example_sla_dag.py took 0.059 seconds
[2023-04-27T18:56:05.416+0300] {processor.py:153} INFO - Started process (PID=5728) to work on /home/vladimir/.local/lib/python3.10/site-packages/airflow/example_dags/example_sla_dag.py
[2023-04-27T18:56:05.417+0300] {processor.py:743} INFO - Processing file /home/vladimir/.local/lib/python3.10/site-packages/airflow/example_dags/example_sla_dag.py for tasks to queue
[2023-04-27T18:56:05.417+0300] {logging_mixin.py:137} INFO - [2023-04-27T18:56:05.417+0300] {dagbag.py:532} INFO - Filling up the DagBag from /home/vladimir/.local/lib/python3.10/site-packages/airflow/example_dags/example_sla_dag.py
[2023-04-27T18:56:05.433+0300] {processor.py:753} INFO - DAG(s) dict_keys(['example_sla_dag']) retrieved from /home/vladimir/.local/lib/python3.10/site-packages/airflow/example_dags/example_sla_dag.py
[2023-04-27T18:56:05.446+0300] {logging_mixin.py:137} INFO - [2023-04-27T18:56:05.446+0300] {dag.py:2705} INFO - Sync 1 DAGs
[2023-04-27T18:56:05.459+0300] {logging_mixin.py:137} INFO - [2023-04-27T18:56:05.459+0300] {dag.py:3452} INFO - Setting next_dagrun for example_sla_dag to 2023-04-27T15:54:00+00:00, run_after=2023-04-27T15:56:00+00:00
[2023-04-27T18:56:05.472+0300] {processor.py:175} INFO - Processing /home/vladimir/.local/lib/python3.10/site-packages/airflow/example_dags/example_sla_dag.py took 0.058 seconds
[2023-04-27T18:56:47.488+0300] {processor.py:153} INFO - Started process (PID=6639) to work on /home/vladimir/.local/lib/python3.10/site-packages/airflow/example_dags/example_sla_dag.py
[2023-04-27T18:56:47.489+0300] {processor.py:743} INFO - Processing file /home/vladimir/.local/lib/python3.10/site-packages/airflow/example_dags/example_sla_dag.py for tasks to queue
[2023-04-27T18:56:47.490+0300] {logging_mixin.py:137} INFO - [2023-04-27T18:56:47.490+0300] {dagbag.py:532} INFO - Filling up the DagBag from /home/vladimir/.local/lib/python3.10/site-packages/airflow/example_dags/example_sla_dag.py
[2023-04-27T18:56:47.507+0300] {processor.py:753} INFO - DAG(s) dict_keys(['example_sla_dag']) retrieved from /home/vladimir/.local/lib/python3.10/site-packages/airflow/example_dags/example_sla_dag.py
[2023-04-27T18:56:47.521+0300] {logging_mixin.py:137} INFO - [2023-04-27T18:56:47.521+0300] {dag.py:2705} INFO - Sync 1 DAGs
[2023-04-27T18:56:47.536+0300] {logging_mixin.py:137} INFO - [2023-04-27T18:56:47.536+0300] {dag.py:3452} INFO - Setting next_dagrun for example_sla_dag to 2023-04-27T15:54:00+00:00, run_after=2023-04-27T15:56:00+00:00
[2023-04-27T18:56:47.577+0300] {processor.py:175} INFO - Processing /home/vladimir/.local/lib/python3.10/site-packages/airflow/example_dags/example_sla_dag.py took 0.091 seconds
[2023-04-27T18:57:37.024+0300] {processor.py:153} INFO - Started process (PID=6727) to work on /home/vladimir/.local/lib/python3.10/site-packages/airflow/example_dags/example_sla_dag.py
[2023-04-27T18:57:37.025+0300] {processor.py:743} INFO - Processing file /home/vladimir/.local/lib/python3.10/site-packages/airflow/example_dags/example_sla_dag.py for tasks to queue
[2023-04-27T18:57:37.025+0300] {logging_mixin.py:137} INFO - [2023-04-27T18:57:37.025+0300] {dagbag.py:532} INFO - Filling up the DagBag from /home/vladimir/.local/lib/python3.10/site-packages/airflow/example_dags/example_sla_dag.py
[2023-04-27T18:57:37.042+0300] {processor.py:753} INFO - DAG(s) dict_keys(['example_sla_dag']) retrieved from /home/vladimir/.local/lib/python3.10/site-packages/airflow/example_dags/example_sla_dag.py
[2023-04-27T18:57:37.055+0300] {logging_mixin.py:137} INFO - [2023-04-27T18:57:37.055+0300] {dag.py:2705} INFO - Sync 1 DAGs
[2023-04-27T18:57:37.069+0300] {logging_mixin.py:137} INFO - [2023-04-27T18:57:37.069+0300] {dag.py:3452} INFO - Setting next_dagrun for example_sla_dag to 2023-04-27T15:54:00+00:00, run_after=2023-04-27T15:56:00+00:00
[2023-04-27T18:57:37.081+0300] {processor.py:175} INFO - Processing /home/vladimir/.local/lib/python3.10/site-packages/airflow/example_dags/example_sla_dag.py took 0.059 seconds
[2023-04-27T18:58:15.560+0300] {processor.py:153} INFO - Started process (PID=6792) to work on /home/vladimir/.local/lib/python3.10/site-packages/airflow/example_dags/example_sla_dag.py
[2023-04-27T18:58:15.561+0300] {processor.py:743} INFO - Processing file /home/vladimir/.local/lib/python3.10/site-packages/airflow/example_dags/example_sla_dag.py for tasks to queue
[2023-04-27T18:58:15.561+0300] {logging_mixin.py:137} INFO - [2023-04-27T18:58:15.561+0300] {dagbag.py:532} INFO - Filling up the DagBag from /home/vladimir/.local/lib/python3.10/site-packages/airflow/example_dags/example_sla_dag.py
[2023-04-27T18:58:15.577+0300] {processor.py:753} INFO - DAG(s) dict_keys(['example_sla_dag']) retrieved from /home/vladimir/.local/lib/python3.10/site-packages/airflow/example_dags/example_sla_dag.py
[2023-04-27T18:58:15.591+0300] {logging_mixin.py:137} INFO - [2023-04-27T18:58:15.591+0300] {dag.py:2705} INFO - Sync 1 DAGs
[2023-04-27T18:58:15.604+0300] {logging_mixin.py:137} INFO - [2023-04-27T18:58:15.604+0300] {dag.py:3452} INFO - Setting next_dagrun for example_sla_dag to 2023-04-27T15:56:00+00:00, run_after=2023-04-27T15:58:00+00:00
[2023-04-27T18:58:15.617+0300] {processor.py:175} INFO - Processing /home/vladimir/.local/lib/python3.10/site-packages/airflow/example_dags/example_sla_dag.py took 0.059 seconds
[2023-04-27T18:59:00.965+0300] {processor.py:153} INFO - Started process (PID=6881) to work on /home/vladimir/.local/lib/python3.10/site-packages/airflow/example_dags/example_sla_dag.py
[2023-04-27T18:59:00.966+0300] {processor.py:743} INFO - Processing file /home/vladimir/.local/lib/python3.10/site-packages/airflow/example_dags/example_sla_dag.py for tasks to queue
[2023-04-27T18:59:00.966+0300] {logging_mixin.py:137} INFO - [2023-04-27T18:59:00.966+0300] {dagbag.py:532} INFO - Filling up the DagBag from /home/vladimir/.local/lib/python3.10/site-packages/airflow/example_dags/example_sla_dag.py
[2023-04-27T18:59:00.982+0300] {processor.py:753} INFO - DAG(s) dict_keys(['example_sla_dag']) retrieved from /home/vladimir/.local/lib/python3.10/site-packages/airflow/example_dags/example_sla_dag.py
[2023-04-27T18:59:00.995+0300] {logging_mixin.py:137} INFO - [2023-04-27T18:59:00.995+0300] {dag.py:2705} INFO - Sync 1 DAGs
[2023-04-27T18:59:01.008+0300] {logging_mixin.py:137} INFO - [2023-04-27T18:59:01.008+0300] {dag.py:3452} INFO - Setting next_dagrun for example_sla_dag to 2023-04-27T15:56:00+00:00, run_after=2023-04-27T15:58:00+00:00
[2023-04-27T18:59:01.020+0300] {processor.py:175} INFO - Processing /home/vladimir/.local/lib/python3.10/site-packages/airflow/example_dags/example_sla_dag.py took 0.057 seconds
[2023-04-27T18:59:39.661+0300] {processor.py:153} INFO - Started process (PID=6952) to work on /home/vladimir/.local/lib/python3.10/site-packages/airflow/example_dags/example_sla_dag.py
[2023-04-27T18:59:39.662+0300] {processor.py:743} INFO - Processing file /home/vladimir/.local/lib/python3.10/site-packages/airflow/example_dags/example_sla_dag.py for tasks to queue
[2023-04-27T18:59:39.663+0300] {logging_mixin.py:137} INFO - [2023-04-27T18:59:39.663+0300] {dagbag.py:532} INFO - Filling up the DagBag from /home/vladimir/.local/lib/python3.10/site-packages/airflow/example_dags/example_sla_dag.py
[2023-04-27T18:59:39.679+0300] {processor.py:753} INFO - DAG(s) dict_keys(['example_sla_dag']) retrieved from /home/vladimir/.local/lib/python3.10/site-packages/airflow/example_dags/example_sla_dag.py
[2023-04-27T18:59:39.693+0300] {logging_mixin.py:137} INFO - [2023-04-27T18:59:39.693+0300] {dag.py:2705} INFO - Sync 1 DAGs
[2023-04-27T18:59:39.707+0300] {logging_mixin.py:137} INFO - [2023-04-27T18:59:39.707+0300] {dag.py:3452} INFO - Setting next_dagrun for example_sla_dag to 2023-04-27T15:56:00+00:00, run_after=2023-04-27T15:58:00+00:00
[2023-04-27T18:59:39.719+0300] {processor.py:175} INFO - Processing /home/vladimir/.local/lib/python3.10/site-packages/airflow/example_dags/example_sla_dag.py took 0.060 seconds
[2023-04-27T19:00:26.285+0300] {processor.py:153} INFO - Started process (PID=7053) to work on /home/vladimir/.local/lib/python3.10/site-packages/airflow/example_dags/example_sla_dag.py
[2023-04-27T19:00:26.287+0300] {processor.py:743} INFO - Processing file /home/vladimir/.local/lib/python3.10/site-packages/airflow/example_dags/example_sla_dag.py for tasks to queue
[2023-04-27T19:00:26.287+0300] {logging_mixin.py:137} INFO - [2023-04-27T19:00:26.287+0300] {dagbag.py:532} INFO - Filling up the DagBag from /home/vladimir/.local/lib/python3.10/site-packages/airflow/example_dags/example_sla_dag.py
[2023-04-27T19:00:26.303+0300] {processor.py:753} INFO - DAG(s) dict_keys(['example_sla_dag']) retrieved from /home/vladimir/.local/lib/python3.10/site-packages/airflow/example_dags/example_sla_dag.py
[2023-04-27T19:00:26.318+0300] {logging_mixin.py:137} INFO - [2023-04-27T19:00:26.318+0300] {dag.py:2705} INFO - Sync 1 DAGs
[2023-04-27T19:00:26.334+0300] {logging_mixin.py:137} INFO - [2023-04-27T19:00:26.334+0300] {dag.py:3452} INFO - Setting next_dagrun for example_sla_dag to 2023-04-27T15:58:00+00:00, run_after=2023-04-27T16:00:00+00:00
[2023-04-27T19:00:26.348+0300] {processor.py:175} INFO - Processing /home/vladimir/.local/lib/python3.10/site-packages/airflow/example_dags/example_sla_dag.py took 0.065 seconds
[2023-04-27T19:01:11.967+0300] {processor.py:153} INFO - Started process (PID=7166) to work on /home/vladimir/.local/lib/python3.10/site-packages/airflow/example_dags/example_sla_dag.py
[2023-04-27T19:01:11.967+0300] {processor.py:743} INFO - Processing file /home/vladimir/.local/lib/python3.10/site-packages/airflow/example_dags/example_sla_dag.py for tasks to queue
[2023-04-27T19:01:11.968+0300] {logging_mixin.py:137} INFO - [2023-04-27T19:01:11.968+0300] {dagbag.py:532} INFO - Filling up the DagBag from /home/vladimir/.local/lib/python3.10/site-packages/airflow/example_dags/example_sla_dag.py
[2023-04-27T19:01:11.985+0300] {processor.py:753} INFO - DAG(s) dict_keys(['example_sla_dag']) retrieved from /home/vladimir/.local/lib/python3.10/site-packages/airflow/example_dags/example_sla_dag.py
[2023-04-27T19:01:11.999+0300] {logging_mixin.py:137} INFO - [2023-04-27T19:01:11.999+0300] {dag.py:2705} INFO - Sync 1 DAGs
[2023-04-27T19:01:12.014+0300] {logging_mixin.py:137} INFO - [2023-04-27T19:01:12.014+0300] {dag.py:3452} INFO - Setting next_dagrun for example_sla_dag to 2023-04-27T15:58:00+00:00, run_after=2023-04-27T16:00:00+00:00
[2023-04-27T19:01:12.027+0300] {processor.py:175} INFO - Processing /home/vladimir/.local/lib/python3.10/site-packages/airflow/example_dags/example_sla_dag.py took 0.063 seconds
