[2023-04-27T18:25:03.060+0300] {processor.py:153} INFO - Started process (PID=5518) to work on /home/vladimir/.local/lib/python3.10/site-packages/airflow/example_dags/example_dynamic_task_mapping.py
[2023-04-27T18:25:03.060+0300] {processor.py:743} INFO - Processing file /home/vladimir/.local/lib/python3.10/site-packages/airflow/example_dags/example_dynamic_task_mapping.py for tasks to queue
[2023-04-27T18:25:03.061+0300] {logging_mixin.py:137} INFO - [2023-04-27T18:25:03.061+0300] {dagbag.py:532} INFO - Filling up the DagBag from /home/vladimir/.local/lib/python3.10/site-packages/airflow/example_dags/example_dynamic_task_mapping.py
[2023-04-27T18:25:03.088+0300] {processor.py:753} INFO - DAG(s) dict_keys(['example_dynamic_task_mapping']) retrieved from /home/vladimir/.local/lib/python3.10/site-packages/airflow/example_dags/example_dynamic_task_mapping.py
[2023-04-27T18:25:03.261+0300] {logging_mixin.py:137} INFO - [2023-04-27T18:25:03.261+0300] {manager.py:504} INFO - Created Permission View: can read on DAG:example_dynamic_task_mapping
[2023-04-27T18:25:03.275+0300] {logging_mixin.py:137} INFO - [2023-04-27T18:25:03.275+0300] {manager.py:504} INFO - Created Permission View: can delete on DAG:example_dynamic_task_mapping
[2023-04-27T18:25:03.300+0300] {logging_mixin.py:137} INFO - [2023-04-27T18:25:03.300+0300] {manager.py:504} INFO - Created Permission View: can edit on DAG:example_dynamic_task_mapping
[2023-04-27T18:25:03.300+0300] {logging_mixin.py:137} INFO - [2023-04-27T18:25:03.300+0300] {dag.py:2705} INFO - Sync 1 DAGs
[2023-04-27T18:25:03.361+0300] {logging_mixin.py:137} INFO - [2023-04-27T18:25:03.360+0300] {dag.py:2726} INFO - Creating ORM DAG for example_dynamic_task_mapping
[2023-04-27T18:25:03.406+0300] {logging_mixin.py:137} INFO - [2023-04-27T18:25:03.405+0300] {dag.py:3452} INFO - Setting next_dagrun for example_dynamic_task_mapping to 2022-03-04T00:00:00+00:00, run_after=2022-03-05T00:00:00+00:00
[2023-04-27T18:25:03.447+0300] {processor.py:175} INFO - Processing /home/vladimir/.local/lib/python3.10/site-packages/airflow/example_dags/example_dynamic_task_mapping.py took 0.389 seconds
[2023-04-27T18:26:03.955+0300] {processor.py:153} INFO - Started process (PID=5971) to work on /home/vladimir/.local/lib/python3.10/site-packages/airflow/example_dags/example_dynamic_task_mapping.py
[2023-04-27T18:26:03.956+0300] {processor.py:743} INFO - Processing file /home/vladimir/.local/lib/python3.10/site-packages/airflow/example_dags/example_dynamic_task_mapping.py for tasks to queue
[2023-04-27T18:26:03.956+0300] {logging_mixin.py:137} INFO - [2023-04-27T18:26:03.956+0300] {dagbag.py:532} INFO - Filling up the DagBag from /home/vladimir/.local/lib/python3.10/site-packages/airflow/example_dags/example_dynamic_task_mapping.py
[2023-04-27T18:26:03.972+0300] {processor.py:753} INFO - DAG(s) dict_keys(['example_dynamic_task_mapping']) retrieved from /home/vladimir/.local/lib/python3.10/site-packages/airflow/example_dags/example_dynamic_task_mapping.py
[2023-04-27T18:26:03.984+0300] {logging_mixin.py:137} INFO - [2023-04-27T18:26:03.984+0300] {dag.py:2705} INFO - Sync 1 DAGs
[2023-04-27T18:26:03.995+0300] {logging_mixin.py:137} INFO - [2023-04-27T18:26:03.995+0300] {dag.py:3452} INFO - Setting next_dagrun for example_dynamic_task_mapping to 2022-03-04T00:00:00+00:00, run_after=2022-03-05T00:00:00+00:00
[2023-04-27T18:26:04.007+0300] {processor.py:175} INFO - Processing /home/vladimir/.local/lib/python3.10/site-packages/airflow/example_dags/example_dynamic_task_mapping.py took 0.054 seconds
[2023-04-27T18:26:37.042+0300] {processor.py:153} INFO - Started process (PID=6022) to work on /home/vladimir/.local/lib/python3.10/site-packages/airflow/example_dags/example_dynamic_task_mapping.py
[2023-04-27T18:26:37.043+0300] {processor.py:743} INFO - Processing file /home/vladimir/.local/lib/python3.10/site-packages/airflow/example_dags/example_dynamic_task_mapping.py for tasks to queue
[2023-04-27T18:26:37.044+0300] {logging_mixin.py:137} INFO - [2023-04-27T18:26:37.044+0300] {dagbag.py:532} INFO - Filling up the DagBag from /home/vladimir/.local/lib/python3.10/site-packages/airflow/example_dags/example_dynamic_task_mapping.py
[2023-04-27T18:26:37.061+0300] {processor.py:753} INFO - DAG(s) dict_keys(['example_dynamic_task_mapping']) retrieved from /home/vladimir/.local/lib/python3.10/site-packages/airflow/example_dags/example_dynamic_task_mapping.py
[2023-04-27T18:26:37.074+0300] {logging_mixin.py:137} INFO - [2023-04-27T18:26:37.074+0300] {dag.py:2705} INFO - Sync 1 DAGs
[2023-04-27T18:26:37.086+0300] {logging_mixin.py:137} INFO - [2023-04-27T18:26:37.086+0300] {dag.py:3452} INFO - Setting next_dagrun for example_dynamic_task_mapping to 2022-03-04T00:00:00+00:00, run_after=2022-03-05T00:00:00+00:00
[2023-04-27T18:26:37.100+0300] {processor.py:175} INFO - Processing /home/vladimir/.local/lib/python3.10/site-packages/airflow/example_dags/example_dynamic_task_mapping.py took 0.060 seconds
[2023-04-27T18:27:12.582+0300] {processor.py:153} INFO - Started process (PID=6078) to work on /home/vladimir/.local/lib/python3.10/site-packages/airflow/example_dags/example_dynamic_task_mapping.py
[2023-04-27T18:27:12.583+0300] {processor.py:743} INFO - Processing file /home/vladimir/.local/lib/python3.10/site-packages/airflow/example_dags/example_dynamic_task_mapping.py for tasks to queue
[2023-04-27T18:27:12.583+0300] {logging_mixin.py:137} INFO - [2023-04-27T18:27:12.583+0300] {dagbag.py:532} INFO - Filling up the DagBag from /home/vladimir/.local/lib/python3.10/site-packages/airflow/example_dags/example_dynamic_task_mapping.py
[2023-04-27T18:27:12.610+0300] {processor.py:753} INFO - DAG(s) dict_keys(['example_dynamic_task_mapping']) retrieved from /home/vladimir/.local/lib/python3.10/site-packages/airflow/example_dags/example_dynamic_task_mapping.py
[2023-04-27T18:27:12.627+0300] {logging_mixin.py:137} INFO - [2023-04-27T18:27:12.627+0300] {dag.py:2705} INFO - Sync 1 DAGs
[2023-04-27T18:27:12.647+0300] {logging_mixin.py:137} INFO - [2023-04-27T18:27:12.647+0300] {dag.py:3452} INFO - Setting next_dagrun for example_dynamic_task_mapping to 2022-03-04T00:00:00+00:00, run_after=2022-03-05T00:00:00+00:00
[2023-04-27T18:27:12.669+0300] {processor.py:175} INFO - Processing /home/vladimir/.local/lib/python3.10/site-packages/airflow/example_dags/example_dynamic_task_mapping.py took 0.090 seconds
[2023-04-27T18:27:50.688+0300] {processor.py:153} INFO - Started process (PID=6131) to work on /home/vladimir/.local/lib/python3.10/site-packages/airflow/example_dags/example_dynamic_task_mapping.py
[2023-04-27T18:27:50.689+0300] {processor.py:743} INFO - Processing file /home/vladimir/.local/lib/python3.10/site-packages/airflow/example_dags/example_dynamic_task_mapping.py for tasks to queue
[2023-04-27T18:27:50.690+0300] {logging_mixin.py:137} INFO - [2023-04-27T18:27:50.690+0300] {dagbag.py:532} INFO - Filling up the DagBag from /home/vladimir/.local/lib/python3.10/site-packages/airflow/example_dags/example_dynamic_task_mapping.py
[2023-04-27T18:27:50.706+0300] {processor.py:753} INFO - DAG(s) dict_keys(['example_dynamic_task_mapping']) retrieved from /home/vladimir/.local/lib/python3.10/site-packages/airflow/example_dags/example_dynamic_task_mapping.py
[2023-04-27T18:27:50.718+0300] {logging_mixin.py:137} INFO - [2023-04-27T18:27:50.718+0300] {dag.py:2705} INFO - Sync 1 DAGs
[2023-04-27T18:27:50.731+0300] {logging_mixin.py:137} INFO - [2023-04-27T18:27:50.731+0300] {dag.py:3452} INFO - Setting next_dagrun for example_dynamic_task_mapping to 2022-03-04T00:00:00+00:00, run_after=2022-03-05T00:00:00+00:00
[2023-04-27T18:27:50.744+0300] {processor.py:175} INFO - Processing /home/vladimir/.local/lib/python3.10/site-packages/airflow/example_dags/example_dynamic_task_mapping.py took 0.058 seconds
[2023-04-27T18:28:23.517+0300] {processor.py:153} INFO - Started process (PID=6179) to work on /home/vladimir/.local/lib/python3.10/site-packages/airflow/example_dags/example_dynamic_task_mapping.py
[2023-04-27T18:28:23.518+0300] {processor.py:743} INFO - Processing file /home/vladimir/.local/lib/python3.10/site-packages/airflow/example_dags/example_dynamic_task_mapping.py for tasks to queue
[2023-04-27T18:28:23.518+0300] {logging_mixin.py:137} INFO - [2023-04-27T18:28:23.518+0300] {dagbag.py:532} INFO - Filling up the DagBag from /home/vladimir/.local/lib/python3.10/site-packages/airflow/example_dags/example_dynamic_task_mapping.py
[2023-04-27T18:28:23.534+0300] {processor.py:753} INFO - DAG(s) dict_keys(['example_dynamic_task_mapping']) retrieved from /home/vladimir/.local/lib/python3.10/site-packages/airflow/example_dags/example_dynamic_task_mapping.py
[2023-04-27T18:28:23.547+0300] {logging_mixin.py:137} INFO - [2023-04-27T18:28:23.547+0300] {dag.py:2705} INFO - Sync 1 DAGs
[2023-04-27T18:28:23.559+0300] {logging_mixin.py:137} INFO - [2023-04-27T18:28:23.559+0300] {dag.py:3452} INFO - Setting next_dagrun for example_dynamic_task_mapping to 2022-03-04T00:00:00+00:00, run_after=2022-03-05T00:00:00+00:00
[2023-04-27T18:28:23.573+0300] {processor.py:175} INFO - Processing /home/vladimir/.local/lib/python3.10/site-packages/airflow/example_dags/example_dynamic_task_mapping.py took 0.058 seconds
[2023-04-27T18:29:04.040+0300] {processor.py:153} INFO - Started process (PID=6301) to work on /home/vladimir/.local/lib/python3.10/site-packages/airflow/example_dags/example_dynamic_task_mapping.py
[2023-04-27T18:29:04.041+0300] {processor.py:743} INFO - Processing file /home/vladimir/.local/lib/python3.10/site-packages/airflow/example_dags/example_dynamic_task_mapping.py for tasks to queue
[2023-04-27T18:29:04.041+0300] {logging_mixin.py:137} INFO - [2023-04-27T18:29:04.041+0300] {dagbag.py:532} INFO - Filling up the DagBag from /home/vladimir/.local/lib/python3.10/site-packages/airflow/example_dags/example_dynamic_task_mapping.py
[2023-04-27T18:29:04.057+0300] {processor.py:753} INFO - DAG(s) dict_keys(['example_dynamic_task_mapping']) retrieved from /home/vladimir/.local/lib/python3.10/site-packages/airflow/example_dags/example_dynamic_task_mapping.py
[2023-04-27T18:29:04.070+0300] {logging_mixin.py:137} INFO - [2023-04-27T18:29:04.070+0300] {dag.py:2705} INFO - Sync 1 DAGs
[2023-04-27T18:29:04.082+0300] {logging_mixin.py:137} INFO - [2023-04-27T18:29:04.082+0300] {dag.py:3452} INFO - Setting next_dagrun for example_dynamic_task_mapping to 2022-03-04T00:00:00+00:00, run_after=2022-03-05T00:00:00+00:00
[2023-04-27T18:29:04.096+0300] {processor.py:175} INFO - Processing /home/vladimir/.local/lib/python3.10/site-packages/airflow/example_dags/example_dynamic_task_mapping.py took 0.059 seconds
[2023-04-27T18:29:41.835+0300] {processor.py:153} INFO - Started process (PID=6376) to work on /home/vladimir/.local/lib/python3.10/site-packages/airflow/example_dags/example_dynamic_task_mapping.py
[2023-04-27T18:29:41.836+0300] {processor.py:743} INFO - Processing file /home/vladimir/.local/lib/python3.10/site-packages/airflow/example_dags/example_dynamic_task_mapping.py for tasks to queue
[2023-04-27T18:29:41.837+0300] {logging_mixin.py:137} INFO - [2023-04-27T18:29:41.837+0300] {dagbag.py:532} INFO - Filling up the DagBag from /home/vladimir/.local/lib/python3.10/site-packages/airflow/example_dags/example_dynamic_task_mapping.py
[2023-04-27T18:29:41.854+0300] {processor.py:753} INFO - DAG(s) dict_keys(['example_dynamic_task_mapping']) retrieved from /home/vladimir/.local/lib/python3.10/site-packages/airflow/example_dags/example_dynamic_task_mapping.py
[2023-04-27T18:29:41.867+0300] {logging_mixin.py:137} INFO - [2023-04-27T18:29:41.867+0300] {dag.py:2705} INFO - Sync 1 DAGs
[2023-04-27T18:29:41.880+0300] {logging_mixin.py:137} INFO - [2023-04-27T18:29:41.880+0300] {dag.py:3452} INFO - Setting next_dagrun for example_dynamic_task_mapping to 2022-03-04T00:00:00+00:00, run_after=2022-03-05T00:00:00+00:00
[2023-04-27T18:29:41.892+0300] {processor.py:175} INFO - Processing /home/vladimir/.local/lib/python3.10/site-packages/airflow/example_dags/example_dynamic_task_mapping.py took 0.059 seconds
[2023-04-27T18:30:16.420+0300] {processor.py:153} INFO - Started process (PID=6464) to work on /home/vladimir/.local/lib/python3.10/site-packages/airflow/example_dags/example_dynamic_task_mapping.py
[2023-04-27T18:30:16.422+0300] {processor.py:743} INFO - Processing file /home/vladimir/.local/lib/python3.10/site-packages/airflow/example_dags/example_dynamic_task_mapping.py for tasks to queue
[2023-04-27T18:30:16.422+0300] {logging_mixin.py:137} INFO - [2023-04-27T18:30:16.422+0300] {dagbag.py:532} INFO - Filling up the DagBag from /home/vladimir/.local/lib/python3.10/site-packages/airflow/example_dags/example_dynamic_task_mapping.py
[2023-04-27T18:30:16.439+0300] {processor.py:753} INFO - DAG(s) dict_keys(['example_dynamic_task_mapping']) retrieved from /home/vladimir/.local/lib/python3.10/site-packages/airflow/example_dags/example_dynamic_task_mapping.py
[2023-04-27T18:30:16.451+0300] {logging_mixin.py:137} INFO - [2023-04-27T18:30:16.451+0300] {dag.py:2705} INFO - Sync 1 DAGs
[2023-04-27T18:30:16.463+0300] {logging_mixin.py:137} INFO - [2023-04-27T18:30:16.463+0300] {dag.py:3452} INFO - Setting next_dagrun for example_dynamic_task_mapping to 2022-03-04T00:00:00+00:00, run_after=2022-03-05T00:00:00+00:00
[2023-04-27T18:30:16.479+0300] {processor.py:175} INFO - Processing /home/vladimir/.local/lib/python3.10/site-packages/airflow/example_dags/example_dynamic_task_mapping.py took 0.060 seconds
[2023-04-27T18:30:52.628+0300] {processor.py:153} INFO - Started process (PID=6561) to work on /home/vladimir/.local/lib/python3.10/site-packages/airflow/example_dags/example_dynamic_task_mapping.py
[2023-04-27T18:30:52.629+0300] {processor.py:743} INFO - Processing file /home/vladimir/.local/lib/python3.10/site-packages/airflow/example_dags/example_dynamic_task_mapping.py for tasks to queue
[2023-04-27T18:30:52.629+0300] {logging_mixin.py:137} INFO - [2023-04-27T18:30:52.629+0300] {dagbag.py:532} INFO - Filling up the DagBag from /home/vladimir/.local/lib/python3.10/site-packages/airflow/example_dags/example_dynamic_task_mapping.py
[2023-04-27T18:30:52.645+0300] {processor.py:753} INFO - DAG(s) dict_keys(['example_dynamic_task_mapping']) retrieved from /home/vladimir/.local/lib/python3.10/site-packages/airflow/example_dags/example_dynamic_task_mapping.py
[2023-04-27T18:30:52.657+0300] {logging_mixin.py:137} INFO - [2023-04-27T18:30:52.657+0300] {dag.py:2705} INFO - Sync 1 DAGs
[2023-04-27T18:30:52.669+0300] {logging_mixin.py:137} INFO - [2023-04-27T18:30:52.669+0300] {dag.py:3452} INFO - Setting next_dagrun for example_dynamic_task_mapping to 2022-03-04T00:00:00+00:00, run_after=2022-03-05T00:00:00+00:00
[2023-04-27T18:30:52.681+0300] {processor.py:175} INFO - Processing /home/vladimir/.local/lib/python3.10/site-packages/airflow/example_dags/example_dynamic_task_mapping.py took 0.056 seconds
[2023-04-27T18:31:29.545+0300] {processor.py:153} INFO - Started process (PID=6632) to work on /home/vladimir/.local/lib/python3.10/site-packages/airflow/example_dags/example_dynamic_task_mapping.py
[2023-04-27T18:31:29.545+0300] {processor.py:743} INFO - Processing file /home/vladimir/.local/lib/python3.10/site-packages/airflow/example_dags/example_dynamic_task_mapping.py for tasks to queue
[2023-04-27T18:31:29.546+0300] {logging_mixin.py:137} INFO - [2023-04-27T18:31:29.546+0300] {dagbag.py:532} INFO - Filling up the DagBag from /home/vladimir/.local/lib/python3.10/site-packages/airflow/example_dags/example_dynamic_task_mapping.py
[2023-04-27T18:31:29.562+0300] {processor.py:753} INFO - DAG(s) dict_keys(['example_dynamic_task_mapping']) retrieved from /home/vladimir/.local/lib/python3.10/site-packages/airflow/example_dags/example_dynamic_task_mapping.py
[2023-04-27T18:31:29.574+0300] {logging_mixin.py:137} INFO - [2023-04-27T18:31:29.574+0300] {dag.py:2705} INFO - Sync 1 DAGs
[2023-04-27T18:31:29.586+0300] {logging_mixin.py:137} INFO - [2023-04-27T18:31:29.586+0300] {dag.py:3452} INFO - Setting next_dagrun for example_dynamic_task_mapping to 2022-03-04T00:00:00+00:00, run_after=2022-03-05T00:00:00+00:00
[2023-04-27T18:31:29.599+0300] {processor.py:175} INFO - Processing /home/vladimir/.local/lib/python3.10/site-packages/airflow/example_dags/example_dynamic_task_mapping.py took 0.057 seconds
[2023-04-27T18:32:10.077+0300] {processor.py:153} INFO - Started process (PID=6696) to work on /home/vladimir/.local/lib/python3.10/site-packages/airflow/example_dags/example_dynamic_task_mapping.py
[2023-04-27T18:32:10.078+0300] {processor.py:743} INFO - Processing file /home/vladimir/.local/lib/python3.10/site-packages/airflow/example_dags/example_dynamic_task_mapping.py for tasks to queue
[2023-04-27T18:32:10.078+0300] {logging_mixin.py:137} INFO - [2023-04-27T18:32:10.078+0300] {dagbag.py:532} INFO - Filling up the DagBag from /home/vladimir/.local/lib/python3.10/site-packages/airflow/example_dags/example_dynamic_task_mapping.py
[2023-04-27T18:32:10.093+0300] {processor.py:753} INFO - DAG(s) dict_keys(['example_dynamic_task_mapping']) retrieved from /home/vladimir/.local/lib/python3.10/site-packages/airflow/example_dags/example_dynamic_task_mapping.py
[2023-04-27T18:32:10.105+0300] {logging_mixin.py:137} INFO - [2023-04-27T18:32:10.105+0300] {dag.py:2705} INFO - Sync 1 DAGs
[2023-04-27T18:32:10.117+0300] {logging_mixin.py:137} INFO - [2023-04-27T18:32:10.117+0300] {dag.py:3452} INFO - Setting next_dagrun for example_dynamic_task_mapping to 2022-03-04T00:00:00+00:00, run_after=2022-03-05T00:00:00+00:00
[2023-04-27T18:32:10.129+0300] {processor.py:175} INFO - Processing /home/vladimir/.local/lib/python3.10/site-packages/airflow/example_dags/example_dynamic_task_mapping.py took 0.053 seconds
[2023-04-27T18:32:46.996+0300] {processor.py:153} INFO - Started process (PID=6846) to work on /home/vladimir/.local/lib/python3.10/site-packages/airflow/example_dags/example_dynamic_task_mapping.py
[2023-04-27T18:32:46.997+0300] {processor.py:743} INFO - Processing file /home/vladimir/.local/lib/python3.10/site-packages/airflow/example_dags/example_dynamic_task_mapping.py for tasks to queue
[2023-04-27T18:32:46.998+0300] {logging_mixin.py:137} INFO - [2023-04-27T18:32:46.998+0300] {dagbag.py:532} INFO - Filling up the DagBag from /home/vladimir/.local/lib/python3.10/site-packages/airflow/example_dags/example_dynamic_task_mapping.py
[2023-04-27T18:32:47.014+0300] {processor.py:753} INFO - DAG(s) dict_keys(['example_dynamic_task_mapping']) retrieved from /home/vladimir/.local/lib/python3.10/site-packages/airflow/example_dags/example_dynamic_task_mapping.py
[2023-04-27T18:32:47.027+0300] {logging_mixin.py:137} INFO - [2023-04-27T18:32:47.027+0300] {dag.py:2705} INFO - Sync 1 DAGs
[2023-04-27T18:32:47.038+0300] {logging_mixin.py:137} INFO - [2023-04-27T18:32:47.038+0300] {dag.py:3452} INFO - Setting next_dagrun for example_dynamic_task_mapping to 2022-03-04T00:00:00+00:00, run_after=2022-03-05T00:00:00+00:00
[2023-04-27T18:32:47.050+0300] {processor.py:175} INFO - Processing /home/vladimir/.local/lib/python3.10/site-packages/airflow/example_dags/example_dynamic_task_mapping.py took 0.056 seconds
[2023-04-27T18:33:22.687+0300] {processor.py:153} INFO - Started process (PID=6903) to work on /home/vladimir/.local/lib/python3.10/site-packages/airflow/example_dags/example_dynamic_task_mapping.py
[2023-04-27T18:33:22.688+0300] {processor.py:743} INFO - Processing file /home/vladimir/.local/lib/python3.10/site-packages/airflow/example_dags/example_dynamic_task_mapping.py for tasks to queue
[2023-04-27T18:33:22.688+0300] {logging_mixin.py:137} INFO - [2023-04-27T18:33:22.688+0300] {dagbag.py:532} INFO - Filling up the DagBag from /home/vladimir/.local/lib/python3.10/site-packages/airflow/example_dags/example_dynamic_task_mapping.py
[2023-04-27T18:33:22.704+0300] {processor.py:753} INFO - DAG(s) dict_keys(['example_dynamic_task_mapping']) retrieved from /home/vladimir/.local/lib/python3.10/site-packages/airflow/example_dags/example_dynamic_task_mapping.py
[2023-04-27T18:33:22.718+0300] {logging_mixin.py:137} INFO - [2023-04-27T18:33:22.718+0300] {dag.py:2705} INFO - Sync 1 DAGs
[2023-04-27T18:33:22.730+0300] {logging_mixin.py:137} INFO - [2023-04-27T18:33:22.730+0300] {dag.py:3452} INFO - Setting next_dagrun for example_dynamic_task_mapping to 2022-03-04T00:00:00+00:00, run_after=2022-03-05T00:00:00+00:00
[2023-04-27T18:33:22.743+0300] {processor.py:175} INFO - Processing /home/vladimir/.local/lib/python3.10/site-packages/airflow/example_dags/example_dynamic_task_mapping.py took 0.058 seconds
[2023-04-27T18:34:04.645+0300] {processor.py:153} INFO - Started process (PID=6970) to work on /home/vladimir/.local/lib/python3.10/site-packages/airflow/example_dags/example_dynamic_task_mapping.py
[2023-04-27T18:34:04.646+0300] {processor.py:743} INFO - Processing file /home/vladimir/.local/lib/python3.10/site-packages/airflow/example_dags/example_dynamic_task_mapping.py for tasks to queue
[2023-04-27T18:34:04.647+0300] {logging_mixin.py:137} INFO - [2023-04-27T18:34:04.647+0300] {dagbag.py:532} INFO - Filling up the DagBag from /home/vladimir/.local/lib/python3.10/site-packages/airflow/example_dags/example_dynamic_task_mapping.py
[2023-04-27T18:34:04.663+0300] {processor.py:753} INFO - DAG(s) dict_keys(['example_dynamic_task_mapping']) retrieved from /home/vladimir/.local/lib/python3.10/site-packages/airflow/example_dags/example_dynamic_task_mapping.py
[2023-04-27T18:34:04.676+0300] {logging_mixin.py:137} INFO - [2023-04-27T18:34:04.676+0300] {dag.py:2705} INFO - Sync 1 DAGs
[2023-04-27T18:34:04.689+0300] {logging_mixin.py:137} INFO - [2023-04-27T18:34:04.689+0300] {dag.py:3452} INFO - Setting next_dagrun for example_dynamic_task_mapping to 2022-03-04T00:00:00+00:00, run_after=2022-03-05T00:00:00+00:00
[2023-04-27T18:34:04.704+0300] {processor.py:175} INFO - Processing /home/vladimir/.local/lib/python3.10/site-packages/airflow/example_dags/example_dynamic_task_mapping.py took 0.061 seconds
[2023-04-27T18:34:38.325+0300] {processor.py:153} INFO - Started process (PID=7040) to work on /home/vladimir/.local/lib/python3.10/site-packages/airflow/example_dags/example_dynamic_task_mapping.py
[2023-04-27T18:34:38.326+0300] {processor.py:743} INFO - Processing file /home/vladimir/.local/lib/python3.10/site-packages/airflow/example_dags/example_dynamic_task_mapping.py for tasks to queue
[2023-04-27T18:34:38.327+0300] {logging_mixin.py:137} INFO - [2023-04-27T18:34:38.327+0300] {dagbag.py:532} INFO - Filling up the DagBag from /home/vladimir/.local/lib/python3.10/site-packages/airflow/example_dags/example_dynamic_task_mapping.py
[2023-04-27T18:34:38.346+0300] {processor.py:753} INFO - DAG(s) dict_keys(['example_dynamic_task_mapping']) retrieved from /home/vladimir/.local/lib/python3.10/site-packages/airflow/example_dags/example_dynamic_task_mapping.py
[2023-04-27T18:34:38.362+0300] {logging_mixin.py:137} INFO - [2023-04-27T18:34:38.362+0300] {dag.py:2705} INFO - Sync 1 DAGs
[2023-04-27T18:34:38.377+0300] {logging_mixin.py:137} INFO - [2023-04-27T18:34:38.377+0300] {dag.py:3452} INFO - Setting next_dagrun for example_dynamic_task_mapping to 2022-03-04T00:00:00+00:00, run_after=2022-03-05T00:00:00+00:00
[2023-04-27T18:34:38.391+0300] {processor.py:175} INFO - Processing /home/vladimir/.local/lib/python3.10/site-packages/airflow/example_dags/example_dynamic_task_mapping.py took 0.068 seconds
[2023-04-27T18:35:14.882+0300] {processor.py:153} INFO - Started process (PID=7354) to work on /home/vladimir/.local/lib/python3.10/site-packages/airflow/example_dags/example_dynamic_task_mapping.py
[2023-04-27T18:35:14.883+0300] {processor.py:743} INFO - Processing file /home/vladimir/.local/lib/python3.10/site-packages/airflow/example_dags/example_dynamic_task_mapping.py for tasks to queue
[2023-04-27T18:35:14.883+0300] {logging_mixin.py:137} INFO - [2023-04-27T18:35:14.883+0300] {dagbag.py:532} INFO - Filling up the DagBag from /home/vladimir/.local/lib/python3.10/site-packages/airflow/example_dags/example_dynamic_task_mapping.py
[2023-04-27T18:35:14.912+0300] {processor.py:753} INFO - DAG(s) dict_keys(['example_dynamic_task_mapping']) retrieved from /home/vladimir/.local/lib/python3.10/site-packages/airflow/example_dags/example_dynamic_task_mapping.py
[2023-04-27T18:35:14.928+0300] {logging_mixin.py:137} INFO - [2023-04-27T18:35:14.928+0300] {dag.py:2705} INFO - Sync 1 DAGs
[2023-04-27T18:35:14.952+0300] {logging_mixin.py:137} INFO - [2023-04-27T18:35:14.948+0300] {dag.py:3452} INFO - Setting next_dagrun for example_dynamic_task_mapping to 2022-03-04T00:00:00+00:00, run_after=2022-03-05T00:00:00+00:00
[2023-04-27T18:35:14.969+0300] {processor.py:175} INFO - Processing /home/vladimir/.local/lib/python3.10/site-packages/airflow/example_dags/example_dynamic_task_mapping.py took 0.089 seconds
[2023-04-27T18:35:50.678+0300] {processor.py:153} INFO - Started process (PID=7467) to work on /home/vladimir/.local/lib/python3.10/site-packages/airflow/example_dags/example_dynamic_task_mapping.py
[2023-04-27T18:35:50.679+0300] {processor.py:743} INFO - Processing file /home/vladimir/.local/lib/python3.10/site-packages/airflow/example_dags/example_dynamic_task_mapping.py for tasks to queue
[2023-04-27T18:35:50.680+0300] {logging_mixin.py:137} INFO - [2023-04-27T18:35:50.680+0300] {dagbag.py:532} INFO - Filling up the DagBag from /home/vladimir/.local/lib/python3.10/site-packages/airflow/example_dags/example_dynamic_task_mapping.py
[2023-04-27T18:35:50.696+0300] {processor.py:753} INFO - DAG(s) dict_keys(['example_dynamic_task_mapping']) retrieved from /home/vladimir/.local/lib/python3.10/site-packages/airflow/example_dags/example_dynamic_task_mapping.py
[2023-04-27T18:35:50.709+0300] {logging_mixin.py:137} INFO - [2023-04-27T18:35:50.709+0300] {dag.py:2705} INFO - Sync 1 DAGs
[2023-04-27T18:35:50.722+0300] {logging_mixin.py:137} INFO - [2023-04-27T18:35:50.722+0300] {dag.py:3452} INFO - Setting next_dagrun for example_dynamic_task_mapping to 2022-03-04T00:00:00+00:00, run_after=2022-03-05T00:00:00+00:00
[2023-04-27T18:35:50.735+0300] {processor.py:175} INFO - Processing /home/vladimir/.local/lib/python3.10/site-packages/airflow/example_dags/example_dynamic_task_mapping.py took 0.058 seconds
[2023-04-27T18:36:28.025+0300] {processor.py:153} INFO - Started process (PID=7551) to work on /home/vladimir/.local/lib/python3.10/site-packages/airflow/example_dags/example_dynamic_task_mapping.py
[2023-04-27T18:36:28.026+0300] {processor.py:743} INFO - Processing file /home/vladimir/.local/lib/python3.10/site-packages/airflow/example_dags/example_dynamic_task_mapping.py for tasks to queue
[2023-04-27T18:36:28.026+0300] {logging_mixin.py:137} INFO - [2023-04-27T18:36:28.026+0300] {dagbag.py:532} INFO - Filling up the DagBag from /home/vladimir/.local/lib/python3.10/site-packages/airflow/example_dags/example_dynamic_task_mapping.py
[2023-04-27T18:36:28.049+0300] {processor.py:753} INFO - DAG(s) dict_keys(['example_dynamic_task_mapping']) retrieved from /home/vladimir/.local/lib/python3.10/site-packages/airflow/example_dags/example_dynamic_task_mapping.py
[2023-04-27T18:36:28.066+0300] {logging_mixin.py:137} INFO - [2023-04-27T18:36:28.065+0300] {dag.py:2705} INFO - Sync 1 DAGs
[2023-04-27T18:36:28.080+0300] {logging_mixin.py:137} INFO - [2023-04-27T18:36:28.080+0300] {dag.py:3452} INFO - Setting next_dagrun for example_dynamic_task_mapping to 2022-03-04T00:00:00+00:00, run_after=2022-03-05T00:00:00+00:00
[2023-04-27T18:36:28.091+0300] {processor.py:175} INFO - Processing /home/vladimir/.local/lib/python3.10/site-packages/airflow/example_dags/example_dynamic_task_mapping.py took 0.069 seconds
[2023-04-27T18:37:02.785+0300] {processor.py:153} INFO - Started process (PID=7610) to work on /home/vladimir/.local/lib/python3.10/site-packages/airflow/example_dags/example_dynamic_task_mapping.py
[2023-04-27T18:37:02.786+0300] {processor.py:743} INFO - Processing file /home/vladimir/.local/lib/python3.10/site-packages/airflow/example_dags/example_dynamic_task_mapping.py for tasks to queue
[2023-04-27T18:37:02.787+0300] {logging_mixin.py:137} INFO - [2023-04-27T18:37:02.787+0300] {dagbag.py:532} INFO - Filling up the DagBag from /home/vladimir/.local/lib/python3.10/site-packages/airflow/example_dags/example_dynamic_task_mapping.py
[2023-04-27T18:37:02.804+0300] {processor.py:753} INFO - DAG(s) dict_keys(['example_dynamic_task_mapping']) retrieved from /home/vladimir/.local/lib/python3.10/site-packages/airflow/example_dags/example_dynamic_task_mapping.py
[2023-04-27T18:37:02.818+0300] {logging_mixin.py:137} INFO - [2023-04-27T18:37:02.818+0300] {dag.py:2705} INFO - Sync 1 DAGs
[2023-04-27T18:37:02.833+0300] {logging_mixin.py:137} INFO - [2023-04-27T18:37:02.833+0300] {dag.py:3452} INFO - Setting next_dagrun for example_dynamic_task_mapping to 2022-03-04T00:00:00+00:00, run_after=2022-03-05T00:00:00+00:00
[2023-04-27T18:37:02.849+0300] {processor.py:175} INFO - Processing /home/vladimir/.local/lib/python3.10/site-packages/airflow/example_dags/example_dynamic_task_mapping.py took 0.066 seconds
[2023-04-27T18:37:40.650+0300] {processor.py:153} INFO - Started process (PID=7684) to work on /home/vladimir/.local/lib/python3.10/site-packages/airflow/example_dags/example_dynamic_task_mapping.py
[2023-04-27T18:37:40.651+0300] {processor.py:743} INFO - Processing file /home/vladimir/.local/lib/python3.10/site-packages/airflow/example_dags/example_dynamic_task_mapping.py for tasks to queue
[2023-04-27T18:37:40.651+0300] {logging_mixin.py:137} INFO - [2023-04-27T18:37:40.651+0300] {dagbag.py:532} INFO - Filling up the DagBag from /home/vladimir/.local/lib/python3.10/site-packages/airflow/example_dags/example_dynamic_task_mapping.py
[2023-04-27T18:37:40.669+0300] {processor.py:753} INFO - DAG(s) dict_keys(['example_dynamic_task_mapping']) retrieved from /home/vladimir/.local/lib/python3.10/site-packages/airflow/example_dags/example_dynamic_task_mapping.py
[2023-04-27T18:37:40.682+0300] {logging_mixin.py:137} INFO - [2023-04-27T18:37:40.682+0300] {dag.py:2705} INFO - Sync 1 DAGs
[2023-04-27T18:37:40.694+0300] {logging_mixin.py:137} INFO - [2023-04-27T18:37:40.694+0300] {dag.py:3452} INFO - Setting next_dagrun for example_dynamic_task_mapping to 2022-03-04T00:00:00+00:00, run_after=2022-03-05T00:00:00+00:00
[2023-04-27T18:37:40.706+0300] {processor.py:175} INFO - Processing /home/vladimir/.local/lib/python3.10/site-packages/airflow/example_dags/example_dynamic_task_mapping.py took 0.058 seconds
[2023-04-27T18:38:14.860+0300] {processor.py:153} INFO - Started process (PID=7723) to work on /home/vladimir/.local/lib/python3.10/site-packages/airflow/example_dags/example_dynamic_task_mapping.py
[2023-04-27T18:38:14.861+0300] {processor.py:743} INFO - Processing file /home/vladimir/.local/lib/python3.10/site-packages/airflow/example_dags/example_dynamic_task_mapping.py for tasks to queue
[2023-04-27T18:38:14.862+0300] {logging_mixin.py:137} INFO - [2023-04-27T18:38:14.862+0300] {dagbag.py:532} INFO - Filling up the DagBag from /home/vladimir/.local/lib/python3.10/site-packages/airflow/example_dags/example_dynamic_task_mapping.py
[2023-04-27T18:38:14.878+0300] {processor.py:753} INFO - DAG(s) dict_keys(['example_dynamic_task_mapping']) retrieved from /home/vladimir/.local/lib/python3.10/site-packages/airflow/example_dags/example_dynamic_task_mapping.py
[2023-04-27T18:38:14.893+0300] {logging_mixin.py:137} INFO - [2023-04-27T18:38:14.892+0300] {dag.py:2705} INFO - Sync 1 DAGs
[2023-04-27T18:38:14.906+0300] {logging_mixin.py:137} INFO - [2023-04-27T18:38:14.906+0300] {dag.py:3452} INFO - Setting next_dagrun for example_dynamic_task_mapping to 2022-03-04T00:00:00+00:00, run_after=2022-03-05T00:00:00+00:00
[2023-04-27T18:38:14.919+0300] {processor.py:175} INFO - Processing /home/vladimir/.local/lib/python3.10/site-packages/airflow/example_dags/example_dynamic_task_mapping.py took 0.061 seconds
[2023-04-27T18:38:52.505+0300] {processor.py:153} INFO - Started process (PID=8074) to work on /home/vladimir/.local/lib/python3.10/site-packages/airflow/example_dags/example_dynamic_task_mapping.py
[2023-04-27T18:38:52.506+0300] {processor.py:743} INFO - Processing file /home/vladimir/.local/lib/python3.10/site-packages/airflow/example_dags/example_dynamic_task_mapping.py for tasks to queue
[2023-04-27T18:38:52.506+0300] {logging_mixin.py:137} INFO - [2023-04-27T18:38:52.506+0300] {dagbag.py:532} INFO - Filling up the DagBag from /home/vladimir/.local/lib/python3.10/site-packages/airflow/example_dags/example_dynamic_task_mapping.py
[2023-04-27T18:38:52.530+0300] {processor.py:753} INFO - DAG(s) dict_keys(['example_dynamic_task_mapping']) retrieved from /home/vladimir/.local/lib/python3.10/site-packages/airflow/example_dags/example_dynamic_task_mapping.py
[2023-04-27T18:38:52.557+0300] {logging_mixin.py:137} INFO - [2023-04-27T18:38:52.557+0300] {dag.py:2705} INFO - Sync 1 DAGs
[2023-04-27T18:38:52.575+0300] {logging_mixin.py:137} INFO - [2023-04-27T18:38:52.575+0300] {dag.py:3452} INFO - Setting next_dagrun for example_dynamic_task_mapping to 2022-03-04T00:00:00+00:00, run_after=2022-03-05T00:00:00+00:00
[2023-04-27T18:38:52.588+0300] {processor.py:175} INFO - Processing /home/vladimir/.local/lib/python3.10/site-packages/airflow/example_dags/example_dynamic_task_mapping.py took 0.085 seconds
[2023-04-27T18:39:31.939+0300] {processor.py:153} INFO - Started process (PID=8160) to work on /home/vladimir/.local/lib/python3.10/site-packages/airflow/example_dags/example_dynamic_task_mapping.py
[2023-04-27T18:39:31.940+0300] {processor.py:743} INFO - Processing file /home/vladimir/.local/lib/python3.10/site-packages/airflow/example_dags/example_dynamic_task_mapping.py for tasks to queue
[2023-04-27T18:39:31.940+0300] {logging_mixin.py:137} INFO - [2023-04-27T18:39:31.940+0300] {dagbag.py:532} INFO - Filling up the DagBag from /home/vladimir/.local/lib/python3.10/site-packages/airflow/example_dags/example_dynamic_task_mapping.py
[2023-04-27T18:39:31.957+0300] {processor.py:753} INFO - DAG(s) dict_keys(['example_dynamic_task_mapping']) retrieved from /home/vladimir/.local/lib/python3.10/site-packages/airflow/example_dags/example_dynamic_task_mapping.py
[2023-04-27T18:39:31.972+0300] {logging_mixin.py:137} INFO - [2023-04-27T18:39:31.971+0300] {dag.py:2705} INFO - Sync 1 DAGs
[2023-04-27T18:39:31.984+0300] {logging_mixin.py:137} INFO - [2023-04-27T18:39:31.984+0300] {dag.py:3452} INFO - Setting next_dagrun for example_dynamic_task_mapping to 2022-03-04T00:00:00+00:00, run_after=2022-03-05T00:00:00+00:00
[2023-04-27T18:39:31.997+0300] {processor.py:175} INFO - Processing /home/vladimir/.local/lib/python3.10/site-packages/airflow/example_dags/example_dynamic_task_mapping.py took 0.060 seconds
[2023-04-27T18:40:09.410+0300] {processor.py:153} INFO - Started process (PID=8234) to work on /home/vladimir/.local/lib/python3.10/site-packages/airflow/example_dags/example_dynamic_task_mapping.py
[2023-04-27T18:40:09.411+0300] {processor.py:743} INFO - Processing file /home/vladimir/.local/lib/python3.10/site-packages/airflow/example_dags/example_dynamic_task_mapping.py for tasks to queue
[2023-04-27T18:40:09.412+0300] {logging_mixin.py:137} INFO - [2023-04-27T18:40:09.412+0300] {dagbag.py:532} INFO - Filling up the DagBag from /home/vladimir/.local/lib/python3.10/site-packages/airflow/example_dags/example_dynamic_task_mapping.py
[2023-04-27T18:40:09.433+0300] {processor.py:753} INFO - DAG(s) dict_keys(['example_dynamic_task_mapping']) retrieved from /home/vladimir/.local/lib/python3.10/site-packages/airflow/example_dags/example_dynamic_task_mapping.py
[2023-04-27T18:40:09.449+0300] {logging_mixin.py:137} INFO - [2023-04-27T18:40:09.449+0300] {dag.py:2705} INFO - Sync 1 DAGs
[2023-04-27T18:40:09.463+0300] {logging_mixin.py:137} INFO - [2023-04-27T18:40:09.463+0300] {dag.py:3452} INFO - Setting next_dagrun for example_dynamic_task_mapping to 2022-03-04T00:00:00+00:00, run_after=2022-03-05T00:00:00+00:00
[2023-04-27T18:40:09.475+0300] {processor.py:175} INFO - Processing /home/vladimir/.local/lib/python3.10/site-packages/airflow/example_dags/example_dynamic_task_mapping.py took 0.067 seconds
[2023-04-27T18:41:05.154+0300] {processor.py:153} INFO - Started process (PID=2327) to work on /home/vladimir/.local/lib/python3.10/site-packages/airflow/example_dags/example_dynamic_task_mapping.py
[2023-04-27T18:41:05.160+0300] {processor.py:743} INFO - Processing file /home/vladimir/.local/lib/python3.10/site-packages/airflow/example_dags/example_dynamic_task_mapping.py for tasks to queue
[2023-04-27T18:41:05.160+0300] {logging_mixin.py:137} INFO - [2023-04-27T18:41:05.160+0300] {dagbag.py:532} INFO - Filling up the DagBag from /home/vladimir/.local/lib/python3.10/site-packages/airflow/example_dags/example_dynamic_task_mapping.py
[2023-04-27T18:41:05.194+0300] {processor.py:753} INFO - DAG(s) dict_keys(['example_dynamic_task_mapping']) retrieved from /home/vladimir/.local/lib/python3.10/site-packages/airflow/example_dags/example_dynamic_task_mapping.py
[2023-04-27T18:41:05.214+0300] {logging_mixin.py:137} INFO - [2023-04-27T18:41:05.214+0300] {dag.py:2705} INFO - Sync 1 DAGs
[2023-04-27T18:41:05.228+0300] {logging_mixin.py:137} INFO - [2023-04-27T18:41:05.228+0300] {dag.py:3452} INFO - Setting next_dagrun for example_dynamic_task_mapping to 2022-03-04T00:00:00+00:00, run_after=2022-03-05T00:00:00+00:00
[2023-04-27T18:41:05.242+0300] {processor.py:175} INFO - Processing /home/vladimir/.local/lib/python3.10/site-packages/airflow/example_dags/example_dynamic_task_mapping.py took 0.096 seconds
[2023-04-27T18:41:44.921+0300] {processor.py:153} INFO - Started process (PID=3424) to work on /home/vladimir/.local/lib/python3.10/site-packages/airflow/example_dags/example_dynamic_task_mapping.py
[2023-04-27T18:41:44.922+0300] {processor.py:743} INFO - Processing file /home/vladimir/.local/lib/python3.10/site-packages/airflow/example_dags/example_dynamic_task_mapping.py for tasks to queue
[2023-04-27T18:41:44.923+0300] {logging_mixin.py:137} INFO - [2023-04-27T18:41:44.923+0300] {dagbag.py:532} INFO - Filling up the DagBag from /home/vladimir/.local/lib/python3.10/site-packages/airflow/example_dags/example_dynamic_task_mapping.py
[2023-04-27T18:41:44.939+0300] {processor.py:753} INFO - DAG(s) dict_keys(['example_dynamic_task_mapping']) retrieved from /home/vladimir/.local/lib/python3.10/site-packages/airflow/example_dags/example_dynamic_task_mapping.py
[2023-04-27T18:41:44.951+0300] {logging_mixin.py:137} INFO - [2023-04-27T18:41:44.951+0300] {dag.py:2705} INFO - Sync 1 DAGs
[2023-04-27T18:41:44.962+0300] {logging_mixin.py:137} INFO - [2023-04-27T18:41:44.962+0300] {dag.py:3452} INFO - Setting next_dagrun for example_dynamic_task_mapping to 2022-03-04T00:00:00+00:00, run_after=2022-03-05T00:00:00+00:00
[2023-04-27T18:41:44.974+0300] {processor.py:175} INFO - Processing /home/vladimir/.local/lib/python3.10/site-packages/airflow/example_dags/example_dynamic_task_mapping.py took 0.055 seconds
[2023-04-27T18:42:18.591+0300] {processor.py:153} INFO - Started process (PID=3742) to work on /home/vladimir/.local/lib/python3.10/site-packages/airflow/example_dags/example_dynamic_task_mapping.py
[2023-04-27T18:42:18.592+0300] {processor.py:743} INFO - Processing file /home/vladimir/.local/lib/python3.10/site-packages/airflow/example_dags/example_dynamic_task_mapping.py for tasks to queue
[2023-04-27T18:42:18.593+0300] {logging_mixin.py:137} INFO - [2023-04-27T18:42:18.593+0300] {dagbag.py:532} INFO - Filling up the DagBag from /home/vladimir/.local/lib/python3.10/site-packages/airflow/example_dags/example_dynamic_task_mapping.py
[2023-04-27T18:42:18.609+0300] {processor.py:753} INFO - DAG(s) dict_keys(['example_dynamic_task_mapping']) retrieved from /home/vladimir/.local/lib/python3.10/site-packages/airflow/example_dags/example_dynamic_task_mapping.py
[2023-04-27T18:42:18.622+0300] {logging_mixin.py:137} INFO - [2023-04-27T18:42:18.622+0300] {dag.py:2705} INFO - Sync 1 DAGs
[2023-04-27T18:42:18.634+0300] {logging_mixin.py:137} INFO - [2023-04-27T18:42:18.634+0300] {dag.py:3452} INFO - Setting next_dagrun for example_dynamic_task_mapping to 2022-03-04T00:00:00+00:00, run_after=2022-03-05T00:00:00+00:00
[2023-04-27T18:42:18.647+0300] {processor.py:175} INFO - Processing /home/vladimir/.local/lib/python3.10/site-packages/airflow/example_dags/example_dynamic_task_mapping.py took 0.058 seconds
[2023-04-27T18:42:56.911+0300] {processor.py:153} INFO - Started process (PID=4551) to work on /home/vladimir/.local/lib/python3.10/site-packages/airflow/example_dags/example_dynamic_task_mapping.py
[2023-04-27T18:42:56.912+0300] {processor.py:743} INFO - Processing file /home/vladimir/.local/lib/python3.10/site-packages/airflow/example_dags/example_dynamic_task_mapping.py for tasks to queue
[2023-04-27T18:42:56.913+0300] {logging_mixin.py:137} INFO - [2023-04-27T18:42:56.913+0300] {dagbag.py:532} INFO - Filling up the DagBag from /home/vladimir/.local/lib/python3.10/site-packages/airflow/example_dags/example_dynamic_task_mapping.py
[2023-04-27T18:42:56.929+0300] {processor.py:753} INFO - DAG(s) dict_keys(['example_dynamic_task_mapping']) retrieved from /home/vladimir/.local/lib/python3.10/site-packages/airflow/example_dags/example_dynamic_task_mapping.py
[2023-04-27T18:42:56.942+0300] {logging_mixin.py:137} INFO - [2023-04-27T18:42:56.941+0300] {dag.py:2705} INFO - Sync 1 DAGs
[2023-04-27T18:42:56.955+0300] {logging_mixin.py:137} INFO - [2023-04-27T18:42:56.955+0300] {dag.py:3452} INFO - Setting next_dagrun for example_dynamic_task_mapping to 2022-03-04T00:00:00+00:00, run_after=2022-03-05T00:00:00+00:00
[2023-04-27T18:42:56.966+0300] {processor.py:175} INFO - Processing /home/vladimir/.local/lib/python3.10/site-packages/airflow/example_dags/example_dynamic_task_mapping.py took 0.057 seconds
[2023-04-27T18:43:38.409+0300] {processor.py:153} INFO - Started process (PID=5211) to work on /home/vladimir/.local/lib/python3.10/site-packages/airflow/example_dags/example_dynamic_task_mapping.py
[2023-04-27T18:43:38.410+0300] {processor.py:743} INFO - Processing file /home/vladimir/.local/lib/python3.10/site-packages/airflow/example_dags/example_dynamic_task_mapping.py for tasks to queue
[2023-04-27T18:43:38.411+0300] {logging_mixin.py:137} INFO - [2023-04-27T18:43:38.410+0300] {dagbag.py:532} INFO - Filling up the DagBag from /home/vladimir/.local/lib/python3.10/site-packages/airflow/example_dags/example_dynamic_task_mapping.py
[2023-04-27T18:43:38.431+0300] {processor.py:753} INFO - DAG(s) dict_keys(['example_dynamic_task_mapping']) retrieved from /home/vladimir/.local/lib/python3.10/site-packages/airflow/example_dags/example_dynamic_task_mapping.py
[2023-04-27T18:43:38.452+0300] {logging_mixin.py:137} INFO - [2023-04-27T18:43:38.451+0300] {dag.py:2705} INFO - Sync 1 DAGs
[2023-04-27T18:43:38.471+0300] {logging_mixin.py:137} INFO - [2023-04-27T18:43:38.470+0300] {dag.py:3452} INFO - Setting next_dagrun for example_dynamic_task_mapping to 2022-03-04T00:00:00+00:00, run_after=2022-03-05T00:00:00+00:00
[2023-04-27T18:43:38.487+0300] {processor.py:175} INFO - Processing /home/vladimir/.local/lib/python3.10/site-packages/airflow/example_dags/example_dynamic_task_mapping.py took 0.081 seconds
[2023-04-27T18:44:22.370+0300] {processor.py:153} INFO - Started process (PID=8699) to work on /home/vladimir/.local/lib/python3.10/site-packages/airflow/example_dags/example_dynamic_task_mapping.py
[2023-04-27T18:44:22.371+0300] {processor.py:743} INFO - Processing file /home/vladimir/.local/lib/python3.10/site-packages/airflow/example_dags/example_dynamic_task_mapping.py for tasks to queue
[2023-04-27T18:44:22.371+0300] {logging_mixin.py:137} INFO - [2023-04-27T18:44:22.371+0300] {dagbag.py:532} INFO - Filling up the DagBag from /home/vladimir/.local/lib/python3.10/site-packages/airflow/example_dags/example_dynamic_task_mapping.py
[2023-04-27T18:44:22.390+0300] {processor.py:753} INFO - DAG(s) dict_keys(['example_dynamic_task_mapping']) retrieved from /home/vladimir/.local/lib/python3.10/site-packages/airflow/example_dags/example_dynamic_task_mapping.py
[2023-04-27T18:44:22.405+0300] {logging_mixin.py:137} INFO - [2023-04-27T18:44:22.405+0300] {dag.py:2705} INFO - Sync 1 DAGs
[2023-04-27T18:44:22.418+0300] {logging_mixin.py:137} INFO - [2023-04-27T18:44:22.418+0300] {dag.py:3452} INFO - Setting next_dagrun for example_dynamic_task_mapping to 2022-03-04T00:00:00+00:00, run_after=2022-03-05T00:00:00+00:00
[2023-04-27T18:44:22.430+0300] {processor.py:175} INFO - Processing /home/vladimir/.local/lib/python3.10/site-packages/airflow/example_dags/example_dynamic_task_mapping.py took 0.062 seconds
[2023-04-27T18:45:01.974+0300] {processor.py:153} INFO - Started process (PID=9480) to work on /home/vladimir/.local/lib/python3.10/site-packages/airflow/example_dags/example_dynamic_task_mapping.py
[2023-04-27T18:45:01.975+0300] {processor.py:743} INFO - Processing file /home/vladimir/.local/lib/python3.10/site-packages/airflow/example_dags/example_dynamic_task_mapping.py for tasks to queue
[2023-04-27T18:45:01.976+0300] {logging_mixin.py:137} INFO - [2023-04-27T18:45:01.976+0300] {dagbag.py:532} INFO - Filling up the DagBag from /home/vladimir/.local/lib/python3.10/site-packages/airflow/example_dags/example_dynamic_task_mapping.py
[2023-04-27T18:45:01.997+0300] {processor.py:753} INFO - DAG(s) dict_keys(['example_dynamic_task_mapping']) retrieved from /home/vladimir/.local/lib/python3.10/site-packages/airflow/example_dags/example_dynamic_task_mapping.py
[2023-04-27T18:45:02.023+0300] {logging_mixin.py:137} INFO - [2023-04-27T18:45:02.023+0300] {dag.py:2705} INFO - Sync 1 DAGs
[2023-04-27T18:45:02.040+0300] {logging_mixin.py:137} INFO - [2023-04-27T18:45:02.040+0300] {dag.py:3452} INFO - Setting next_dagrun for example_dynamic_task_mapping to 2022-03-04T00:00:00+00:00, run_after=2022-03-05T00:00:00+00:00
[2023-04-27T18:45:02.057+0300] {processor.py:175} INFO - Processing /home/vladimir/.local/lib/python3.10/site-packages/airflow/example_dags/example_dynamic_task_mapping.py took 0.084 seconds
[2023-04-27T18:45:46.559+0300] {processor.py:153} INFO - Started process (PID=14869) to work on /home/vladimir/.local/lib/python3.10/site-packages/airflow/example_dags/example_dynamic_task_mapping.py
[2023-04-27T18:45:46.560+0300] {processor.py:743} INFO - Processing file /home/vladimir/.local/lib/python3.10/site-packages/airflow/example_dags/example_dynamic_task_mapping.py for tasks to queue
[2023-04-27T18:45:46.560+0300] {logging_mixin.py:137} INFO - [2023-04-27T18:45:46.560+0300] {dagbag.py:532} INFO - Filling up the DagBag from /home/vladimir/.local/lib/python3.10/site-packages/airflow/example_dags/example_dynamic_task_mapping.py
[2023-04-27T18:45:46.593+0300] {processor.py:753} INFO - DAG(s) dict_keys(['example_dynamic_task_mapping']) retrieved from /home/vladimir/.local/lib/python3.10/site-packages/airflow/example_dags/example_dynamic_task_mapping.py
[2023-04-27T18:45:46.615+0300] {logging_mixin.py:137} INFO - [2023-04-27T18:45:46.614+0300] {dag.py:2705} INFO - Sync 1 DAGs
[2023-04-27T18:45:46.633+0300] {logging_mixin.py:137} INFO - [2023-04-27T18:45:46.633+0300] {dag.py:3452} INFO - Setting next_dagrun for example_dynamic_task_mapping to 2022-03-04T00:00:00+00:00, run_after=2022-03-05T00:00:00+00:00
[2023-04-27T18:45:46.646+0300] {processor.py:175} INFO - Processing /home/vladimir/.local/lib/python3.10/site-packages/airflow/example_dags/example_dynamic_task_mapping.py took 0.090 seconds
[2023-04-27T18:46:41.310+0300] {processor.py:153} INFO - Started process (PID=2340) to work on /home/vladimir/.local/lib/python3.10/site-packages/airflow/example_dags/example_dynamic_task_mapping.py
[2023-04-27T18:46:41.321+0300] {processor.py:743} INFO - Processing file /home/vladimir/.local/lib/python3.10/site-packages/airflow/example_dags/example_dynamic_task_mapping.py for tasks to queue
[2023-04-27T18:46:41.321+0300] {logging_mixin.py:137} INFO - [2023-04-27T18:46:41.321+0300] {dagbag.py:532} INFO - Filling up the DagBag from /home/vladimir/.local/lib/python3.10/site-packages/airflow/example_dags/example_dynamic_task_mapping.py
[2023-04-27T18:46:41.361+0300] {processor.py:753} INFO - DAG(s) dict_keys(['example_dynamic_task_mapping']) retrieved from /home/vladimir/.local/lib/python3.10/site-packages/airflow/example_dags/example_dynamic_task_mapping.py
[2023-04-27T18:46:41.400+0300] {logging_mixin.py:137} INFO - [2023-04-27T18:46:41.400+0300] {dag.py:2705} INFO - Sync 1 DAGs
[2023-04-27T18:46:41.429+0300] {logging_mixin.py:137} INFO - [2023-04-27T18:46:41.429+0300] {dag.py:3452} INFO - Setting next_dagrun for example_dynamic_task_mapping to 2022-03-04T00:00:00+00:00, run_after=2022-03-05T00:00:00+00:00
[2023-04-27T18:46:41.460+0300] {processor.py:175} INFO - Processing /home/vladimir/.local/lib/python3.10/site-packages/airflow/example_dags/example_dynamic_task_mapping.py took 0.161 seconds
[2023-04-27T18:47:21.940+0300] {processor.py:153} INFO - Started process (PID=3596) to work on /home/vladimir/.local/lib/python3.10/site-packages/airflow/example_dags/example_dynamic_task_mapping.py
[2023-04-27T18:47:21.941+0300] {processor.py:743} INFO - Processing file /home/vladimir/.local/lib/python3.10/site-packages/airflow/example_dags/example_dynamic_task_mapping.py for tasks to queue
[2023-04-27T18:47:21.941+0300] {logging_mixin.py:137} INFO - [2023-04-27T18:47:21.941+0300] {dagbag.py:532} INFO - Filling up the DagBag from /home/vladimir/.local/lib/python3.10/site-packages/airflow/example_dags/example_dynamic_task_mapping.py
[2023-04-27T18:47:21.958+0300] {processor.py:753} INFO - DAG(s) dict_keys(['example_dynamic_task_mapping']) retrieved from /home/vladimir/.local/lib/python3.10/site-packages/airflow/example_dags/example_dynamic_task_mapping.py
[2023-04-27T18:47:21.970+0300] {logging_mixin.py:137} INFO - [2023-04-27T18:47:21.970+0300] {dag.py:2705} INFO - Sync 1 DAGs
[2023-04-27T18:47:21.982+0300] {logging_mixin.py:137} INFO - [2023-04-27T18:47:21.982+0300] {dag.py:3452} INFO - Setting next_dagrun for example_dynamic_task_mapping to 2022-03-04T00:00:00+00:00, run_after=2022-03-05T00:00:00+00:00
[2023-04-27T18:47:21.995+0300] {processor.py:175} INFO - Processing /home/vladimir/.local/lib/python3.10/site-packages/airflow/example_dags/example_dynamic_task_mapping.py took 0.057 seconds
[2023-04-27T18:47:57.869+0300] {processor.py:153} INFO - Started process (PID=4095) to work on /home/vladimir/.local/lib/python3.10/site-packages/airflow/example_dags/example_dynamic_task_mapping.py
[2023-04-27T18:47:57.870+0300] {processor.py:743} INFO - Processing file /home/vladimir/.local/lib/python3.10/site-packages/airflow/example_dags/example_dynamic_task_mapping.py for tasks to queue
[2023-04-27T18:47:57.870+0300] {logging_mixin.py:137} INFO - [2023-04-27T18:47:57.870+0300] {dagbag.py:532} INFO - Filling up the DagBag from /home/vladimir/.local/lib/python3.10/site-packages/airflow/example_dags/example_dynamic_task_mapping.py
[2023-04-27T18:47:57.886+0300] {processor.py:753} INFO - DAG(s) dict_keys(['example_dynamic_task_mapping']) retrieved from /home/vladimir/.local/lib/python3.10/site-packages/airflow/example_dags/example_dynamic_task_mapping.py
[2023-04-27T18:47:57.899+0300] {logging_mixin.py:137} INFO - [2023-04-27T18:47:57.899+0300] {dag.py:2705} INFO - Sync 1 DAGs
[2023-04-27T18:47:57.912+0300] {logging_mixin.py:137} INFO - [2023-04-27T18:47:57.912+0300] {dag.py:3452} INFO - Setting next_dagrun for example_dynamic_task_mapping to 2022-03-04T00:00:00+00:00, run_after=2022-03-05T00:00:00+00:00
[2023-04-27T18:47:57.924+0300] {processor.py:175} INFO - Processing /home/vladimir/.local/lib/python3.10/site-packages/airflow/example_dags/example_dynamic_task_mapping.py took 0.058 seconds
[2023-04-27T18:48:38.632+0300] {processor.py:153} INFO - Started process (PID=4150) to work on /home/vladimir/.local/lib/python3.10/site-packages/airflow/example_dags/example_dynamic_task_mapping.py
[2023-04-27T18:48:38.634+0300] {processor.py:743} INFO - Processing file /home/vladimir/.local/lib/python3.10/site-packages/airflow/example_dags/example_dynamic_task_mapping.py for tasks to queue
[2023-04-27T18:48:38.634+0300] {logging_mixin.py:137} INFO - [2023-04-27T18:48:38.634+0300] {dagbag.py:532} INFO - Filling up the DagBag from /home/vladimir/.local/lib/python3.10/site-packages/airflow/example_dags/example_dynamic_task_mapping.py
[2023-04-27T18:48:38.650+0300] {processor.py:753} INFO - DAG(s) dict_keys(['example_dynamic_task_mapping']) retrieved from /home/vladimir/.local/lib/python3.10/site-packages/airflow/example_dags/example_dynamic_task_mapping.py
[2023-04-27T18:48:38.663+0300] {logging_mixin.py:137} INFO - [2023-04-27T18:48:38.662+0300] {dag.py:2705} INFO - Sync 1 DAGs
[2023-04-27T18:48:38.675+0300] {logging_mixin.py:137} INFO - [2023-04-27T18:48:38.675+0300] {dag.py:3452} INFO - Setting next_dagrun for example_dynamic_task_mapping to 2022-03-04T00:00:00+00:00, run_after=2022-03-05T00:00:00+00:00
[2023-04-27T18:48:38.688+0300] {processor.py:175} INFO - Processing /home/vladimir/.local/lib/python3.10/site-packages/airflow/example_dags/example_dynamic_task_mapping.py took 0.058 seconds
[2023-04-27T18:49:16.364+0300] {processor.py:153} INFO - Started process (PID=4189) to work on /home/vladimir/.local/lib/python3.10/site-packages/airflow/example_dags/example_dynamic_task_mapping.py
[2023-04-27T18:49:16.365+0300] {processor.py:743} INFO - Processing file /home/vladimir/.local/lib/python3.10/site-packages/airflow/example_dags/example_dynamic_task_mapping.py for tasks to queue
[2023-04-27T18:49:16.366+0300] {logging_mixin.py:137} INFO - [2023-04-27T18:49:16.366+0300] {dagbag.py:532} INFO - Filling up the DagBag from /home/vladimir/.local/lib/python3.10/site-packages/airflow/example_dags/example_dynamic_task_mapping.py
[2023-04-27T18:49:16.381+0300] {processor.py:753} INFO - DAG(s) dict_keys(['example_dynamic_task_mapping']) retrieved from /home/vladimir/.local/lib/python3.10/site-packages/airflow/example_dags/example_dynamic_task_mapping.py
[2023-04-27T18:49:16.395+0300] {logging_mixin.py:137} INFO - [2023-04-27T18:49:16.395+0300] {dag.py:2705} INFO - Sync 1 DAGs
[2023-04-27T18:49:16.409+0300] {logging_mixin.py:137} INFO - [2023-04-27T18:49:16.408+0300] {dag.py:3452} INFO - Setting next_dagrun for example_dynamic_task_mapping to 2022-03-04T00:00:00+00:00, run_after=2022-03-05T00:00:00+00:00
[2023-04-27T18:49:16.420+0300] {processor.py:175} INFO - Processing /home/vladimir/.local/lib/python3.10/site-packages/airflow/example_dags/example_dynamic_task_mapping.py took 0.058 seconds
[2023-04-27T18:49:54.075+0300] {processor.py:153} INFO - Started process (PID=4481) to work on /home/vladimir/.local/lib/python3.10/site-packages/airflow/example_dags/example_dynamic_task_mapping.py
[2023-04-27T18:49:54.076+0300] {processor.py:743} INFO - Processing file /home/vladimir/.local/lib/python3.10/site-packages/airflow/example_dags/example_dynamic_task_mapping.py for tasks to queue
[2023-04-27T18:49:54.077+0300] {logging_mixin.py:137} INFO - [2023-04-27T18:49:54.077+0300] {dagbag.py:532} INFO - Filling up the DagBag from /home/vladimir/.local/lib/python3.10/site-packages/airflow/example_dags/example_dynamic_task_mapping.py
[2023-04-27T18:49:54.095+0300] {processor.py:753} INFO - DAG(s) dict_keys(['example_dynamic_task_mapping']) retrieved from /home/vladimir/.local/lib/python3.10/site-packages/airflow/example_dags/example_dynamic_task_mapping.py
[2023-04-27T18:49:54.110+0300] {logging_mixin.py:137} INFO - [2023-04-27T18:49:54.109+0300] {dag.py:2705} INFO - Sync 1 DAGs
[2023-04-27T18:49:54.123+0300] {logging_mixin.py:137} INFO - [2023-04-27T18:49:54.123+0300] {dag.py:3452} INFO - Setting next_dagrun for example_dynamic_task_mapping to 2022-03-04T00:00:00+00:00, run_after=2022-03-05T00:00:00+00:00
[2023-04-27T18:49:54.135+0300] {processor.py:175} INFO - Processing /home/vladimir/.local/lib/python3.10/site-packages/airflow/example_dags/example_dynamic_task_mapping.py took 0.062 seconds
[2023-04-27T18:50:33.668+0300] {processor.py:153} INFO - Started process (PID=4987) to work on /home/vladimir/.local/lib/python3.10/site-packages/airflow/example_dags/example_dynamic_task_mapping.py
[2023-04-27T18:50:33.669+0300] {processor.py:743} INFO - Processing file /home/vladimir/.local/lib/python3.10/site-packages/airflow/example_dags/example_dynamic_task_mapping.py for tasks to queue
[2023-04-27T18:50:33.669+0300] {logging_mixin.py:137} INFO - [2023-04-27T18:50:33.669+0300] {dagbag.py:532} INFO - Filling up the DagBag from /home/vladimir/.local/lib/python3.10/site-packages/airflow/example_dags/example_dynamic_task_mapping.py
[2023-04-27T18:50:33.686+0300] {processor.py:753} INFO - DAG(s) dict_keys(['example_dynamic_task_mapping']) retrieved from /home/vladimir/.local/lib/python3.10/site-packages/airflow/example_dags/example_dynamic_task_mapping.py
[2023-04-27T18:50:33.699+0300] {logging_mixin.py:137} INFO - [2023-04-27T18:50:33.699+0300] {dag.py:2705} INFO - Sync 1 DAGs
[2023-04-27T18:50:33.711+0300] {logging_mixin.py:137} INFO - [2023-04-27T18:50:33.711+0300] {dag.py:3452} INFO - Setting next_dagrun for example_dynamic_task_mapping to 2022-03-04T00:00:00+00:00, run_after=2022-03-05T00:00:00+00:00
[2023-04-27T18:50:33.725+0300] {processor.py:175} INFO - Processing /home/vladimir/.local/lib/python3.10/site-packages/airflow/example_dags/example_dynamic_task_mapping.py took 0.059 seconds
[2023-04-27T18:51:07.292+0300] {processor.py:153} INFO - Started process (PID=5245) to work on /home/vladimir/.local/lib/python3.10/site-packages/airflow/example_dags/example_dynamic_task_mapping.py
[2023-04-27T18:51:07.292+0300] {processor.py:743} INFO - Processing file /home/vladimir/.local/lib/python3.10/site-packages/airflow/example_dags/example_dynamic_task_mapping.py for tasks to queue
[2023-04-27T18:51:07.293+0300] {logging_mixin.py:137} INFO - [2023-04-27T18:51:07.293+0300] {dagbag.py:532} INFO - Filling up the DagBag from /home/vladimir/.local/lib/python3.10/site-packages/airflow/example_dags/example_dynamic_task_mapping.py
[2023-04-27T18:51:07.309+0300] {processor.py:753} INFO - DAG(s) dict_keys(['example_dynamic_task_mapping']) retrieved from /home/vladimir/.local/lib/python3.10/site-packages/airflow/example_dags/example_dynamic_task_mapping.py
[2023-04-27T18:51:07.323+0300] {logging_mixin.py:137} INFO - [2023-04-27T18:51:07.323+0300] {dag.py:2705} INFO - Sync 1 DAGs
[2023-04-27T18:51:07.334+0300] {logging_mixin.py:137} INFO - [2023-04-27T18:51:07.334+0300] {dag.py:3452} INFO - Setting next_dagrun for example_dynamic_task_mapping to 2022-03-04T00:00:00+00:00, run_after=2022-03-05T00:00:00+00:00
[2023-04-27T18:51:07.346+0300] {processor.py:175} INFO - Processing /home/vladimir/.local/lib/python3.10/site-packages/airflow/example_dags/example_dynamic_task_mapping.py took 0.057 seconds
[2023-04-27T18:51:42.313+0300] {processor.py:153} INFO - Started process (PID=5288) to work on /home/vladimir/.local/lib/python3.10/site-packages/airflow/example_dags/example_dynamic_task_mapping.py
[2023-04-27T18:51:42.314+0300] {processor.py:743} INFO - Processing file /home/vladimir/.local/lib/python3.10/site-packages/airflow/example_dags/example_dynamic_task_mapping.py for tasks to queue
[2023-04-27T18:51:42.314+0300] {logging_mixin.py:137} INFO - [2023-04-27T18:51:42.314+0300] {dagbag.py:532} INFO - Filling up the DagBag from /home/vladimir/.local/lib/python3.10/site-packages/airflow/example_dags/example_dynamic_task_mapping.py
[2023-04-27T18:51:42.332+0300] {processor.py:753} INFO - DAG(s) dict_keys(['example_dynamic_task_mapping']) retrieved from /home/vladimir/.local/lib/python3.10/site-packages/airflow/example_dags/example_dynamic_task_mapping.py
[2023-04-27T18:51:42.347+0300] {logging_mixin.py:137} INFO - [2023-04-27T18:51:42.347+0300] {dag.py:2705} INFO - Sync 1 DAGs
[2023-04-27T18:51:42.359+0300] {logging_mixin.py:137} INFO - [2023-04-27T18:51:42.359+0300] {dag.py:3452} INFO - Setting next_dagrun for example_dynamic_task_mapping to 2022-03-04T00:00:00+00:00, run_after=2022-03-05T00:00:00+00:00
[2023-04-27T18:51:42.374+0300] {processor.py:175} INFO - Processing /home/vladimir/.local/lib/python3.10/site-packages/airflow/example_dags/example_dynamic_task_mapping.py took 0.064 seconds
[2023-04-27T18:52:12.877+0300] {processor.py:153} INFO - Started process (PID=5321) to work on /home/vladimir/.local/lib/python3.10/site-packages/airflow/example_dags/example_dynamic_task_mapping.py
[2023-04-27T18:52:12.878+0300] {processor.py:743} INFO - Processing file /home/vladimir/.local/lib/python3.10/site-packages/airflow/example_dags/example_dynamic_task_mapping.py for tasks to queue
[2023-04-27T18:52:12.879+0300] {logging_mixin.py:137} INFO - [2023-04-27T18:52:12.879+0300] {dagbag.py:532} INFO - Filling up the DagBag from /home/vladimir/.local/lib/python3.10/site-packages/airflow/example_dags/example_dynamic_task_mapping.py
[2023-04-27T18:52:12.895+0300] {processor.py:753} INFO - DAG(s) dict_keys(['example_dynamic_task_mapping']) retrieved from /home/vladimir/.local/lib/python3.10/site-packages/airflow/example_dags/example_dynamic_task_mapping.py
[2023-04-27T18:52:12.909+0300] {logging_mixin.py:137} INFO - [2023-04-27T18:52:12.909+0300] {dag.py:2705} INFO - Sync 1 DAGs
[2023-04-27T18:52:12.921+0300] {logging_mixin.py:137} INFO - [2023-04-27T18:52:12.921+0300] {dag.py:3452} INFO - Setting next_dagrun for example_dynamic_task_mapping to 2022-03-04T00:00:00+00:00, run_after=2022-03-05T00:00:00+00:00
[2023-04-27T18:52:12.933+0300] {processor.py:175} INFO - Processing /home/vladimir/.local/lib/python3.10/site-packages/airflow/example_dags/example_dynamic_task_mapping.py took 0.059 seconds
[2023-04-27T18:52:52.362+0300] {processor.py:153} INFO - Started process (PID=5362) to work on /home/vladimir/.local/lib/python3.10/site-packages/airflow/example_dags/example_dynamic_task_mapping.py
[2023-04-27T18:52:52.363+0300] {processor.py:743} INFO - Processing file /home/vladimir/.local/lib/python3.10/site-packages/airflow/example_dags/example_dynamic_task_mapping.py for tasks to queue
[2023-04-27T18:52:52.364+0300] {logging_mixin.py:137} INFO - [2023-04-27T18:52:52.364+0300] {dagbag.py:532} INFO - Filling up the DagBag from /home/vladimir/.local/lib/python3.10/site-packages/airflow/example_dags/example_dynamic_task_mapping.py
[2023-04-27T18:52:52.380+0300] {processor.py:753} INFO - DAG(s) dict_keys(['example_dynamic_task_mapping']) retrieved from /home/vladimir/.local/lib/python3.10/site-packages/airflow/example_dags/example_dynamic_task_mapping.py
[2023-04-27T18:52:52.393+0300] {logging_mixin.py:137} INFO - [2023-04-27T18:52:52.393+0300] {dag.py:2705} INFO - Sync 1 DAGs
[2023-04-27T18:52:52.406+0300] {logging_mixin.py:137} INFO - [2023-04-27T18:52:52.406+0300] {dag.py:3452} INFO - Setting next_dagrun for example_dynamic_task_mapping to 2022-03-04T00:00:00+00:00, run_after=2022-03-05T00:00:00+00:00
[2023-04-27T18:52:52.419+0300] {processor.py:175} INFO - Processing /home/vladimir/.local/lib/python3.10/site-packages/airflow/example_dags/example_dynamic_task_mapping.py took 0.059 seconds
[2023-04-27T18:53:24.845+0300] {processor.py:153} INFO - Started process (PID=5542) to work on /home/vladimir/.local/lib/python3.10/site-packages/airflow/example_dags/example_dynamic_task_mapping.py
[2023-04-27T18:53:24.846+0300] {processor.py:743} INFO - Processing file /home/vladimir/.local/lib/python3.10/site-packages/airflow/example_dags/example_dynamic_task_mapping.py for tasks to queue
[2023-04-27T18:53:24.846+0300] {logging_mixin.py:137} INFO - [2023-04-27T18:53:24.846+0300] {dagbag.py:532} INFO - Filling up the DagBag from /home/vladimir/.local/lib/python3.10/site-packages/airflow/example_dags/example_dynamic_task_mapping.py
[2023-04-27T18:53:24.862+0300] {processor.py:753} INFO - DAG(s) dict_keys(['example_dynamic_task_mapping']) retrieved from /home/vladimir/.local/lib/python3.10/site-packages/airflow/example_dags/example_dynamic_task_mapping.py
[2023-04-27T18:53:24.876+0300] {logging_mixin.py:137} INFO - [2023-04-27T18:53:24.876+0300] {dag.py:2705} INFO - Sync 1 DAGs
[2023-04-27T18:53:24.887+0300] {logging_mixin.py:137} INFO - [2023-04-27T18:53:24.887+0300] {dag.py:3452} INFO - Setting next_dagrun for example_dynamic_task_mapping to 2022-03-04T00:00:00+00:00, run_after=2022-03-05T00:00:00+00:00
[2023-04-27T18:53:24.900+0300] {processor.py:175} INFO - Processing /home/vladimir/.local/lib/python3.10/site-packages/airflow/example_dags/example_dynamic_task_mapping.py took 0.058 seconds
[2023-04-27T18:53:58.407+0300] {processor.py:153} INFO - Started process (PID=5578) to work on /home/vladimir/.local/lib/python3.10/site-packages/airflow/example_dags/example_dynamic_task_mapping.py
[2023-04-27T18:53:58.408+0300] {processor.py:743} INFO - Processing file /home/vladimir/.local/lib/python3.10/site-packages/airflow/example_dags/example_dynamic_task_mapping.py for tasks to queue
[2023-04-27T18:53:58.408+0300] {logging_mixin.py:137} INFO - [2023-04-27T18:53:58.408+0300] {dagbag.py:532} INFO - Filling up the DagBag from /home/vladimir/.local/lib/python3.10/site-packages/airflow/example_dags/example_dynamic_task_mapping.py
[2023-04-27T18:53:58.425+0300] {processor.py:753} INFO - DAG(s) dict_keys(['example_dynamic_task_mapping']) retrieved from /home/vladimir/.local/lib/python3.10/site-packages/airflow/example_dags/example_dynamic_task_mapping.py
[2023-04-27T18:53:58.441+0300] {logging_mixin.py:137} INFO - [2023-04-27T18:53:58.441+0300] {dag.py:2705} INFO - Sync 1 DAGs
[2023-04-27T18:53:58.457+0300] {logging_mixin.py:137} INFO - [2023-04-27T18:53:58.456+0300] {dag.py:3452} INFO - Setting next_dagrun for example_dynamic_task_mapping to 2022-03-04T00:00:00+00:00, run_after=2022-03-05T00:00:00+00:00
[2023-04-27T18:53:58.470+0300] {processor.py:175} INFO - Processing /home/vladimir/.local/lib/python3.10/site-packages/airflow/example_dags/example_dynamic_task_mapping.py took 0.065 seconds
[2023-04-27T18:54:34.383+0300] {processor.py:153} INFO - Started process (PID=5619) to work on /home/vladimir/.local/lib/python3.10/site-packages/airflow/example_dags/example_dynamic_task_mapping.py
[2023-04-27T18:54:34.384+0300] {processor.py:743} INFO - Processing file /home/vladimir/.local/lib/python3.10/site-packages/airflow/example_dags/example_dynamic_task_mapping.py for tasks to queue
[2023-04-27T18:54:34.385+0300] {logging_mixin.py:137} INFO - [2023-04-27T18:54:34.385+0300] {dagbag.py:532} INFO - Filling up the DagBag from /home/vladimir/.local/lib/python3.10/site-packages/airflow/example_dags/example_dynamic_task_mapping.py
[2023-04-27T18:54:34.402+0300] {processor.py:753} INFO - DAG(s) dict_keys(['example_dynamic_task_mapping']) retrieved from /home/vladimir/.local/lib/python3.10/site-packages/airflow/example_dags/example_dynamic_task_mapping.py
[2023-04-27T18:54:34.416+0300] {logging_mixin.py:137} INFO - [2023-04-27T18:54:34.416+0300] {dag.py:2705} INFO - Sync 1 DAGs
[2023-04-27T18:54:34.428+0300] {logging_mixin.py:137} INFO - [2023-04-27T18:54:34.428+0300] {dag.py:3452} INFO - Setting next_dagrun for example_dynamic_task_mapping to 2022-03-04T00:00:00+00:00, run_after=2022-03-05T00:00:00+00:00
[2023-04-27T18:54:34.440+0300] {processor.py:175} INFO - Processing /home/vladimir/.local/lib/python3.10/site-packages/airflow/example_dags/example_dynamic_task_mapping.py took 0.058 seconds
[2023-04-27T18:55:11.322+0300] {processor.py:153} INFO - Started process (PID=5664) to work on /home/vladimir/.local/lib/python3.10/site-packages/airflow/example_dags/example_dynamic_task_mapping.py
[2023-04-27T18:55:11.323+0300] {processor.py:743} INFO - Processing file /home/vladimir/.local/lib/python3.10/site-packages/airflow/example_dags/example_dynamic_task_mapping.py for tasks to queue
[2023-04-27T18:55:11.323+0300] {logging_mixin.py:137} INFO - [2023-04-27T18:55:11.323+0300] {dagbag.py:532} INFO - Filling up the DagBag from /home/vladimir/.local/lib/python3.10/site-packages/airflow/example_dags/example_dynamic_task_mapping.py
[2023-04-27T18:55:11.343+0300] {processor.py:753} INFO - DAG(s) dict_keys(['example_dynamic_task_mapping']) retrieved from /home/vladimir/.local/lib/python3.10/site-packages/airflow/example_dags/example_dynamic_task_mapping.py
[2023-04-27T18:55:11.358+0300] {logging_mixin.py:137} INFO - [2023-04-27T18:55:11.357+0300] {dag.py:2705} INFO - Sync 1 DAGs
[2023-04-27T18:55:11.371+0300] {logging_mixin.py:137} INFO - [2023-04-27T18:55:11.371+0300] {dag.py:3452} INFO - Setting next_dagrun for example_dynamic_task_mapping to 2022-03-04T00:00:00+00:00, run_after=2022-03-05T00:00:00+00:00
[2023-04-27T18:55:11.386+0300] {processor.py:175} INFO - Processing /home/vladimir/.local/lib/python3.10/site-packages/airflow/example_dags/example_dynamic_task_mapping.py took 0.066 seconds
[2023-04-27T18:55:47.592+0300] {processor.py:153} INFO - Started process (PID=5707) to work on /home/vladimir/.local/lib/python3.10/site-packages/airflow/example_dags/example_dynamic_task_mapping.py
[2023-04-27T18:55:47.593+0300] {processor.py:743} INFO - Processing file /home/vladimir/.local/lib/python3.10/site-packages/airflow/example_dags/example_dynamic_task_mapping.py for tasks to queue
[2023-04-27T18:55:47.593+0300] {logging_mixin.py:137} INFO - [2023-04-27T18:55:47.593+0300] {dagbag.py:532} INFO - Filling up the DagBag from /home/vladimir/.local/lib/python3.10/site-packages/airflow/example_dags/example_dynamic_task_mapping.py
[2023-04-27T18:55:47.609+0300] {processor.py:753} INFO - DAG(s) dict_keys(['example_dynamic_task_mapping']) retrieved from /home/vladimir/.local/lib/python3.10/site-packages/airflow/example_dags/example_dynamic_task_mapping.py
[2023-04-27T18:55:47.622+0300] {logging_mixin.py:137} INFO - [2023-04-27T18:55:47.622+0300] {dag.py:2705} INFO - Sync 1 DAGs
[2023-04-27T18:55:47.634+0300] {logging_mixin.py:137} INFO - [2023-04-27T18:55:47.634+0300] {dag.py:3452} INFO - Setting next_dagrun for example_dynamic_task_mapping to 2022-03-04T00:00:00+00:00, run_after=2022-03-05T00:00:00+00:00
[2023-04-27T18:55:47.646+0300] {processor.py:175} INFO - Processing /home/vladimir/.local/lib/python3.10/site-packages/airflow/example_dags/example_dynamic_task_mapping.py took 0.056 seconds
[2023-04-27T18:56:19.333+0300] {processor.py:153} INFO - Started process (PID=5821) to work on /home/vladimir/.local/lib/python3.10/site-packages/airflow/example_dags/example_dynamic_task_mapping.py
[2023-04-27T18:56:19.334+0300] {processor.py:743} INFO - Processing file /home/vladimir/.local/lib/python3.10/site-packages/airflow/example_dags/example_dynamic_task_mapping.py for tasks to queue
[2023-04-27T18:56:19.334+0300] {logging_mixin.py:137} INFO - [2023-04-27T18:56:19.334+0300] {dagbag.py:532} INFO - Filling up the DagBag from /home/vladimir/.local/lib/python3.10/site-packages/airflow/example_dags/example_dynamic_task_mapping.py
[2023-04-27T18:56:19.351+0300] {processor.py:753} INFO - DAG(s) dict_keys(['example_dynamic_task_mapping']) retrieved from /home/vladimir/.local/lib/python3.10/site-packages/airflow/example_dags/example_dynamic_task_mapping.py
[2023-04-27T18:56:19.365+0300] {logging_mixin.py:137} INFO - [2023-04-27T18:56:19.365+0300] {dag.py:2705} INFO - Sync 1 DAGs
[2023-04-27T18:56:19.378+0300] {logging_mixin.py:137} INFO - [2023-04-27T18:56:19.377+0300] {dag.py:3452} INFO - Setting next_dagrun for example_dynamic_task_mapping to 2022-03-04T00:00:00+00:00, run_after=2022-03-05T00:00:00+00:00
[2023-04-27T18:56:19.390+0300] {processor.py:175} INFO - Processing /home/vladimir/.local/lib/python3.10/site-packages/airflow/example_dags/example_dynamic_task_mapping.py took 0.060 seconds
[2023-04-27T18:56:51.666+0300] {processor.py:153} INFO - Started process (PID=6648) to work on /home/vladimir/.local/lib/python3.10/site-packages/airflow/example_dags/example_dynamic_task_mapping.py
[2023-04-27T18:56:51.667+0300] {processor.py:743} INFO - Processing file /home/vladimir/.local/lib/python3.10/site-packages/airflow/example_dags/example_dynamic_task_mapping.py for tasks to queue
[2023-04-27T18:56:51.668+0300] {logging_mixin.py:137} INFO - [2023-04-27T18:56:51.668+0300] {dagbag.py:532} INFO - Filling up the DagBag from /home/vladimir/.local/lib/python3.10/site-packages/airflow/example_dags/example_dynamic_task_mapping.py
[2023-04-27T18:56:51.684+0300] {processor.py:753} INFO - DAG(s) dict_keys(['example_dynamic_task_mapping']) retrieved from /home/vladimir/.local/lib/python3.10/site-packages/airflow/example_dags/example_dynamic_task_mapping.py
[2023-04-27T18:56:51.698+0300] {logging_mixin.py:137} INFO - [2023-04-27T18:56:51.698+0300] {dag.py:2705} INFO - Sync 1 DAGs
[2023-04-27T18:56:51.711+0300] {logging_mixin.py:137} INFO - [2023-04-27T18:56:51.710+0300] {dag.py:3452} INFO - Setting next_dagrun for example_dynamic_task_mapping to 2022-03-04T00:00:00+00:00, run_after=2022-03-05T00:00:00+00:00
[2023-04-27T18:56:51.724+0300] {processor.py:175} INFO - Processing /home/vladimir/.local/lib/python3.10/site-packages/airflow/example_dags/example_dynamic_task_mapping.py took 0.060 seconds
[2023-04-27T18:57:31.312+0300] {processor.py:153} INFO - Started process (PID=6717) to work on /home/vladimir/.local/lib/python3.10/site-packages/airflow/example_dags/example_dynamic_task_mapping.py
[2023-04-27T18:57:31.313+0300] {processor.py:743} INFO - Processing file /home/vladimir/.local/lib/python3.10/site-packages/airflow/example_dags/example_dynamic_task_mapping.py for tasks to queue
[2023-04-27T18:57:31.314+0300] {logging_mixin.py:137} INFO - [2023-04-27T18:57:31.313+0300] {dagbag.py:532} INFO - Filling up the DagBag from /home/vladimir/.local/lib/python3.10/site-packages/airflow/example_dags/example_dynamic_task_mapping.py
[2023-04-27T18:57:31.329+0300] {processor.py:753} INFO - DAG(s) dict_keys(['example_dynamic_task_mapping']) retrieved from /home/vladimir/.local/lib/python3.10/site-packages/airflow/example_dags/example_dynamic_task_mapping.py
[2023-04-27T18:57:31.343+0300] {logging_mixin.py:137} INFO - [2023-04-27T18:57:31.343+0300] {dag.py:2705} INFO - Sync 1 DAGs
[2023-04-27T18:57:31.355+0300] {logging_mixin.py:137} INFO - [2023-04-27T18:57:31.355+0300] {dag.py:3452} INFO - Setting next_dagrun for example_dynamic_task_mapping to 2022-03-04T00:00:00+00:00, run_after=2022-03-05T00:00:00+00:00
[2023-04-27T18:57:31.366+0300] {processor.py:175} INFO - Processing /home/vladimir/.local/lib/python3.10/site-packages/airflow/example_dags/example_dynamic_task_mapping.py took 0.056 seconds
[2023-04-27T18:58:08.771+0300] {processor.py:153} INFO - Started process (PID=6781) to work on /home/vladimir/.local/lib/python3.10/site-packages/airflow/example_dags/example_dynamic_task_mapping.py
[2023-04-27T18:58:08.772+0300] {processor.py:743} INFO - Processing file /home/vladimir/.local/lib/python3.10/site-packages/airflow/example_dags/example_dynamic_task_mapping.py for tasks to queue
[2023-04-27T18:58:08.772+0300] {logging_mixin.py:137} INFO - [2023-04-27T18:58:08.772+0300] {dagbag.py:532} INFO - Filling up the DagBag from /home/vladimir/.local/lib/python3.10/site-packages/airflow/example_dags/example_dynamic_task_mapping.py
[2023-04-27T18:58:08.788+0300] {processor.py:753} INFO - DAG(s) dict_keys(['example_dynamic_task_mapping']) retrieved from /home/vladimir/.local/lib/python3.10/site-packages/airflow/example_dags/example_dynamic_task_mapping.py
[2023-04-27T18:58:08.802+0300] {logging_mixin.py:137} INFO - [2023-04-27T18:58:08.802+0300] {dag.py:2705} INFO - Sync 1 DAGs
[2023-04-27T18:58:08.814+0300] {logging_mixin.py:137} INFO - [2023-04-27T18:58:08.813+0300] {dag.py:3452} INFO - Setting next_dagrun for example_dynamic_task_mapping to 2022-03-04T00:00:00+00:00, run_after=2022-03-05T00:00:00+00:00
[2023-04-27T18:58:08.824+0300] {processor.py:175} INFO - Processing /home/vladimir/.local/lib/python3.10/site-packages/airflow/example_dags/example_dynamic_task_mapping.py took 0.055 seconds
[2023-04-27T18:58:42.159+0300] {processor.py:153} INFO - Started process (PID=6847) to work on /home/vladimir/.local/lib/python3.10/site-packages/airflow/example_dags/example_dynamic_task_mapping.py
[2023-04-27T18:58:42.160+0300] {processor.py:743} INFO - Processing file /home/vladimir/.local/lib/python3.10/site-packages/airflow/example_dags/example_dynamic_task_mapping.py for tasks to queue
[2023-04-27T18:58:42.160+0300] {logging_mixin.py:137} INFO - [2023-04-27T18:58:42.160+0300] {dagbag.py:532} INFO - Filling up the DagBag from /home/vladimir/.local/lib/python3.10/site-packages/airflow/example_dags/example_dynamic_task_mapping.py
[2023-04-27T18:58:42.176+0300] {processor.py:753} INFO - DAG(s) dict_keys(['example_dynamic_task_mapping']) retrieved from /home/vladimir/.local/lib/python3.10/site-packages/airflow/example_dags/example_dynamic_task_mapping.py
[2023-04-27T18:58:42.189+0300] {logging_mixin.py:137} INFO - [2023-04-27T18:58:42.189+0300] {dag.py:2705} INFO - Sync 1 DAGs
[2023-04-27T18:58:42.201+0300] {logging_mixin.py:137} INFO - [2023-04-27T18:58:42.201+0300] {dag.py:3452} INFO - Setting next_dagrun for example_dynamic_task_mapping to 2022-03-04T00:00:00+00:00, run_after=2022-03-05T00:00:00+00:00
[2023-04-27T18:58:42.213+0300] {processor.py:175} INFO - Processing /home/vladimir/.local/lib/python3.10/site-packages/airflow/example_dags/example_dynamic_task_mapping.py took 0.056 seconds
[2023-04-27T18:59:19.396+0300] {processor.py:153} INFO - Started process (PID=6913) to work on /home/vladimir/.local/lib/python3.10/site-packages/airflow/example_dags/example_dynamic_task_mapping.py
[2023-04-27T18:59:19.397+0300] {processor.py:743} INFO - Processing file /home/vladimir/.local/lib/python3.10/site-packages/airflow/example_dags/example_dynamic_task_mapping.py for tasks to queue
[2023-04-27T18:59:19.398+0300] {logging_mixin.py:137} INFO - [2023-04-27T18:59:19.397+0300] {dagbag.py:532} INFO - Filling up the DagBag from /home/vladimir/.local/lib/python3.10/site-packages/airflow/example_dags/example_dynamic_task_mapping.py
[2023-04-27T18:59:19.418+0300] {processor.py:753} INFO - DAG(s) dict_keys(['example_dynamic_task_mapping']) retrieved from /home/vladimir/.local/lib/python3.10/site-packages/airflow/example_dags/example_dynamic_task_mapping.py
[2023-04-27T18:59:19.434+0300] {logging_mixin.py:137} INFO - [2023-04-27T18:59:19.434+0300] {dag.py:2705} INFO - Sync 1 DAGs
[2023-04-27T18:59:19.447+0300] {logging_mixin.py:137} INFO - [2023-04-27T18:59:19.447+0300] {dag.py:3452} INFO - Setting next_dagrun for example_dynamic_task_mapping to 2022-03-04T00:00:00+00:00, run_after=2022-03-05T00:00:00+00:00
[2023-04-27T18:59:19.460+0300] {processor.py:175} INFO - Processing /home/vladimir/.local/lib/python3.10/site-packages/airflow/example_dags/example_dynamic_task_mapping.py took 0.067 seconds
[2023-04-27T18:59:52.578+0300] {processor.py:153} INFO - Started process (PID=6972) to work on /home/vladimir/.local/lib/python3.10/site-packages/airflow/example_dags/example_dynamic_task_mapping.py
[2023-04-27T18:59:52.579+0300] {processor.py:743} INFO - Processing file /home/vladimir/.local/lib/python3.10/site-packages/airflow/example_dags/example_dynamic_task_mapping.py for tasks to queue
[2023-04-27T18:59:52.579+0300] {logging_mixin.py:137} INFO - [2023-04-27T18:59:52.579+0300] {dagbag.py:532} INFO - Filling up the DagBag from /home/vladimir/.local/lib/python3.10/site-packages/airflow/example_dags/example_dynamic_task_mapping.py
[2023-04-27T18:59:52.595+0300] {processor.py:753} INFO - DAG(s) dict_keys(['example_dynamic_task_mapping']) retrieved from /home/vladimir/.local/lib/python3.10/site-packages/airflow/example_dags/example_dynamic_task_mapping.py
[2023-04-27T18:59:52.609+0300] {logging_mixin.py:137} INFO - [2023-04-27T18:59:52.609+0300] {dag.py:2705} INFO - Sync 1 DAGs
[2023-04-27T18:59:52.621+0300] {logging_mixin.py:137} INFO - [2023-04-27T18:59:52.621+0300] {dag.py:3452} INFO - Setting next_dagrun for example_dynamic_task_mapping to 2022-03-04T00:00:00+00:00, run_after=2022-03-05T00:00:00+00:00
[2023-04-27T18:59:52.635+0300] {processor.py:175} INFO - Processing /home/vladimir/.local/lib/python3.10/site-packages/airflow/example_dags/example_dynamic_task_mapping.py took 0.059 seconds
[2023-04-27T19:00:29.257+0300] {processor.py:153} INFO - Started process (PID=7057) to work on /home/vladimir/.local/lib/python3.10/site-packages/airflow/example_dags/example_dynamic_task_mapping.py
[2023-04-27T19:00:29.259+0300] {processor.py:743} INFO - Processing file /home/vladimir/.local/lib/python3.10/site-packages/airflow/example_dags/example_dynamic_task_mapping.py for tasks to queue
[2023-04-27T19:00:29.260+0300] {logging_mixin.py:137} INFO - [2023-04-27T19:00:29.260+0300] {dagbag.py:532} INFO - Filling up the DagBag from /home/vladimir/.local/lib/python3.10/site-packages/airflow/example_dags/example_dynamic_task_mapping.py
[2023-04-27T19:00:29.276+0300] {processor.py:753} INFO - DAG(s) dict_keys(['example_dynamic_task_mapping']) retrieved from /home/vladimir/.local/lib/python3.10/site-packages/airflow/example_dags/example_dynamic_task_mapping.py
[2023-04-27T19:00:29.290+0300] {logging_mixin.py:137} INFO - [2023-04-27T19:00:29.290+0300] {dag.py:2705} INFO - Sync 1 DAGs
[2023-04-27T19:00:29.305+0300] {logging_mixin.py:137} INFO - [2023-04-27T19:00:29.304+0300] {dag.py:3452} INFO - Setting next_dagrun for example_dynamic_task_mapping to 2022-03-04T00:00:00+00:00, run_after=2022-03-05T00:00:00+00:00
[2023-04-27T19:00:29.318+0300] {processor.py:175} INFO - Processing /home/vladimir/.local/lib/python3.10/site-packages/airflow/example_dags/example_dynamic_task_mapping.py took 0.064 seconds
[2023-04-27T19:01:03.668+0300] {processor.py:153} INFO - Started process (PID=7158) to work on /home/vladimir/.local/lib/python3.10/site-packages/airflow/example_dags/example_dynamic_task_mapping.py
[2023-04-27T19:01:03.669+0300] {processor.py:743} INFO - Processing file /home/vladimir/.local/lib/python3.10/site-packages/airflow/example_dags/example_dynamic_task_mapping.py for tasks to queue
[2023-04-27T19:01:03.670+0300] {logging_mixin.py:137} INFO - [2023-04-27T19:01:03.669+0300] {dagbag.py:532} INFO - Filling up the DagBag from /home/vladimir/.local/lib/python3.10/site-packages/airflow/example_dags/example_dynamic_task_mapping.py
[2023-04-27T19:01:03.685+0300] {processor.py:753} INFO - DAG(s) dict_keys(['example_dynamic_task_mapping']) retrieved from /home/vladimir/.local/lib/python3.10/site-packages/airflow/example_dags/example_dynamic_task_mapping.py
[2023-04-27T19:01:03.698+0300] {logging_mixin.py:137} INFO - [2023-04-27T19:01:03.698+0300] {dag.py:2705} INFO - Sync 1 DAGs
[2023-04-27T19:01:03.710+0300] {logging_mixin.py:137} INFO - [2023-04-27T19:01:03.710+0300] {dag.py:3452} INFO - Setting next_dagrun for example_dynamic_task_mapping to 2022-03-04T00:00:00+00:00, run_after=2022-03-05T00:00:00+00:00
[2023-04-27T19:01:03.722+0300] {processor.py:175} INFO - Processing /home/vladimir/.local/lib/python3.10/site-packages/airflow/example_dags/example_dynamic_task_mapping.py took 0.056 seconds
