[2023-04-27T18:25:05.124+0300] {processor.py:153} INFO - Started process (PID=5527) to work on /home/vladimir/.local/lib/python3.10/site-packages/airflow/example_dags/tutorial_dag.py
[2023-04-27T18:25:05.125+0300] {processor.py:743} INFO - Processing file /home/vladimir/.local/lib/python3.10/site-packages/airflow/example_dags/tutorial_dag.py for tasks to queue
[2023-04-27T18:25:05.126+0300] {logging_mixin.py:137} INFO - [2023-04-27T18:25:05.125+0300] {dagbag.py:532} INFO - Filling up the DagBag from /home/vladimir/.local/lib/python3.10/site-packages/airflow/example_dags/tutorial_dag.py
[2023-04-27T18:25:05.136+0300] {processor.py:753} INFO - DAG(s) dict_keys(['tutorial_dag']) retrieved from /home/vladimir/.local/lib/python3.10/site-packages/airflow/example_dags/tutorial_dag.py
[2023-04-27T18:25:05.324+0300] {logging_mixin.py:137} INFO - [2023-04-27T18:25:05.323+0300] {manager.py:504} INFO - Created Permission View: can read on DAG:tutorial_dag
[2023-04-27T18:25:05.333+0300] {logging_mixin.py:137} INFO - [2023-04-27T18:25:05.332+0300] {manager.py:504} INFO - Created Permission View: can delete on DAG:tutorial_dag
[2023-04-27T18:25:05.338+0300] {logging_mixin.py:137} INFO - [2023-04-27T18:25:05.338+0300] {manager.py:504} INFO - Created Permission View: can edit on DAG:tutorial_dag
[2023-04-27T18:25:05.338+0300] {logging_mixin.py:137} INFO - [2023-04-27T18:25:05.338+0300] {dag.py:2705} INFO - Sync 1 DAGs
[2023-04-27T18:25:05.355+0300] {logging_mixin.py:137} INFO - [2023-04-27T18:25:05.355+0300] {dag.py:2726} INFO - Creating ORM DAG for tutorial_dag
[2023-04-27T18:25:05.368+0300] {logging_mixin.py:137} INFO - [2023-04-27T18:25:05.368+0300] {dag.py:3452} INFO - Setting next_dagrun for tutorial_dag to None, run_after=None
[2023-04-27T18:25:05.392+0300] {processor.py:175} INFO - Processing /home/vladimir/.local/lib/python3.10/site-packages/airflow/example_dags/tutorial_dag.py took 0.269 seconds
[2023-04-27T18:26:06.227+0300] {processor.py:153} INFO - Started process (PID=5974) to work on /home/vladimir/.local/lib/python3.10/site-packages/airflow/example_dags/tutorial_dag.py
[2023-04-27T18:26:06.228+0300] {processor.py:743} INFO - Processing file /home/vladimir/.local/lib/python3.10/site-packages/airflow/example_dags/tutorial_dag.py for tasks to queue
[2023-04-27T18:26:06.228+0300] {logging_mixin.py:137} INFO - [2023-04-27T18:26:06.228+0300] {dagbag.py:532} INFO - Filling up the DagBag from /home/vladimir/.local/lib/python3.10/site-packages/airflow/example_dags/tutorial_dag.py
[2023-04-27T18:26:06.239+0300] {processor.py:753} INFO - DAG(s) dict_keys(['tutorial_dag']) retrieved from /home/vladimir/.local/lib/python3.10/site-packages/airflow/example_dags/tutorial_dag.py
[2023-04-27T18:26:06.254+0300] {logging_mixin.py:137} INFO - [2023-04-27T18:26:06.253+0300] {dag.py:2705} INFO - Sync 1 DAGs
[2023-04-27T18:26:06.266+0300] {logging_mixin.py:137} INFO - [2023-04-27T18:26:06.266+0300] {dag.py:3452} INFO - Setting next_dagrun for tutorial_dag to None, run_after=None
[2023-04-27T18:26:06.282+0300] {processor.py:175} INFO - Processing /home/vladimir/.local/lib/python3.10/site-packages/airflow/example_dags/tutorial_dag.py took 0.058 seconds
[2023-04-27T18:26:46.772+0300] {processor.py:153} INFO - Started process (PID=6037) to work on /home/vladimir/.local/lib/python3.10/site-packages/airflow/example_dags/tutorial_dag.py
[2023-04-27T18:26:46.773+0300] {processor.py:743} INFO - Processing file /home/vladimir/.local/lib/python3.10/site-packages/airflow/example_dags/tutorial_dag.py for tasks to queue
[2023-04-27T18:26:46.773+0300] {logging_mixin.py:137} INFO - [2023-04-27T18:26:46.773+0300] {dagbag.py:532} INFO - Filling up the DagBag from /home/vladimir/.local/lib/python3.10/site-packages/airflow/example_dags/tutorial_dag.py
[2023-04-27T18:26:46.782+0300] {processor.py:753} INFO - DAG(s) dict_keys(['tutorial_dag']) retrieved from /home/vladimir/.local/lib/python3.10/site-packages/airflow/example_dags/tutorial_dag.py
[2023-04-27T18:26:46.796+0300] {logging_mixin.py:137} INFO - [2023-04-27T18:26:46.795+0300] {dag.py:2705} INFO - Sync 1 DAGs
[2023-04-27T18:26:46.807+0300] {logging_mixin.py:137} INFO - [2023-04-27T18:26:46.807+0300] {dag.py:3452} INFO - Setting next_dagrun for tutorial_dag to None, run_after=None
[2023-04-27T18:26:46.821+0300] {processor.py:175} INFO - Processing /home/vladimir/.local/lib/python3.10/site-packages/airflow/example_dags/tutorial_dag.py took 0.054 seconds
[2023-04-27T18:27:24.992+0300] {processor.py:153} INFO - Started process (PID=6096) to work on /home/vladimir/.local/lib/python3.10/site-packages/airflow/example_dags/tutorial_dag.py
[2023-04-27T18:27:24.994+0300] {processor.py:743} INFO - Processing file /home/vladimir/.local/lib/python3.10/site-packages/airflow/example_dags/tutorial_dag.py for tasks to queue
[2023-04-27T18:27:24.994+0300] {logging_mixin.py:137} INFO - [2023-04-27T18:27:24.994+0300] {dagbag.py:532} INFO - Filling up the DagBag from /home/vladimir/.local/lib/python3.10/site-packages/airflow/example_dags/tutorial_dag.py
[2023-04-27T18:27:25.004+0300] {processor.py:753} INFO - DAG(s) dict_keys(['tutorial_dag']) retrieved from /home/vladimir/.local/lib/python3.10/site-packages/airflow/example_dags/tutorial_dag.py
[2023-04-27T18:27:25.019+0300] {logging_mixin.py:137} INFO - [2023-04-27T18:27:25.019+0300] {dag.py:2705} INFO - Sync 1 DAGs
[2023-04-27T18:27:25.031+0300] {logging_mixin.py:137} INFO - [2023-04-27T18:27:25.031+0300] {dag.py:3452} INFO - Setting next_dagrun for tutorial_dag to None, run_after=None
[2023-04-27T18:27:25.046+0300] {processor.py:175} INFO - Processing /home/vladimir/.local/lib/python3.10/site-packages/airflow/example_dags/tutorial_dag.py took 0.056 seconds
[2023-04-27T18:28:00.491+0300] {processor.py:153} INFO - Started process (PID=6144) to work on /home/vladimir/.local/lib/python3.10/site-packages/airflow/example_dags/tutorial_dag.py
[2023-04-27T18:28:00.492+0300] {processor.py:743} INFO - Processing file /home/vladimir/.local/lib/python3.10/site-packages/airflow/example_dags/tutorial_dag.py for tasks to queue
[2023-04-27T18:28:00.492+0300] {logging_mixin.py:137} INFO - [2023-04-27T18:28:00.492+0300] {dagbag.py:532} INFO - Filling up the DagBag from /home/vladimir/.local/lib/python3.10/site-packages/airflow/example_dags/tutorial_dag.py
[2023-04-27T18:28:00.502+0300] {processor.py:753} INFO - DAG(s) dict_keys(['tutorial_dag']) retrieved from /home/vladimir/.local/lib/python3.10/site-packages/airflow/example_dags/tutorial_dag.py
[2023-04-27T18:28:00.518+0300] {logging_mixin.py:137} INFO - [2023-04-27T18:28:00.517+0300] {dag.py:2705} INFO - Sync 1 DAGs
[2023-04-27T18:28:00.531+0300] {logging_mixin.py:137} INFO - [2023-04-27T18:28:00.531+0300] {dag.py:3452} INFO - Setting next_dagrun for tutorial_dag to None, run_after=None
[2023-04-27T18:28:00.545+0300] {processor.py:175} INFO - Processing /home/vladimir/.local/lib/python3.10/site-packages/airflow/example_dags/tutorial_dag.py took 0.056 seconds
[2023-04-27T18:28:34.785+0300] {processor.py:153} INFO - Started process (PID=6199) to work on /home/vladimir/.local/lib/python3.10/site-packages/airflow/example_dags/tutorial_dag.py
[2023-04-27T18:28:34.786+0300] {processor.py:743} INFO - Processing file /home/vladimir/.local/lib/python3.10/site-packages/airflow/example_dags/tutorial_dag.py for tasks to queue
[2023-04-27T18:28:34.787+0300] {logging_mixin.py:137} INFO - [2023-04-27T18:28:34.787+0300] {dagbag.py:532} INFO - Filling up the DagBag from /home/vladimir/.local/lib/python3.10/site-packages/airflow/example_dags/tutorial_dag.py
[2023-04-27T18:28:34.796+0300] {processor.py:753} INFO - DAG(s) dict_keys(['tutorial_dag']) retrieved from /home/vladimir/.local/lib/python3.10/site-packages/airflow/example_dags/tutorial_dag.py
[2023-04-27T18:28:34.809+0300] {logging_mixin.py:137} INFO - [2023-04-27T18:28:34.809+0300] {dag.py:2705} INFO - Sync 1 DAGs
[2023-04-27T18:28:34.821+0300] {logging_mixin.py:137} INFO - [2023-04-27T18:28:34.821+0300] {dag.py:3452} INFO - Setting next_dagrun for tutorial_dag to None, run_after=None
[2023-04-27T18:28:34.833+0300] {processor.py:175} INFO - Processing /home/vladimir/.local/lib/python3.10/site-packages/airflow/example_dags/tutorial_dag.py took 0.051 seconds
[2023-04-27T18:29:16.752+0300] {processor.py:153} INFO - Started process (PID=6332) to work on /home/vladimir/.local/lib/python3.10/site-packages/airflow/example_dags/tutorial_dag.py
[2023-04-27T18:29:16.753+0300] {processor.py:743} INFO - Processing file /home/vladimir/.local/lib/python3.10/site-packages/airflow/example_dags/tutorial_dag.py for tasks to queue
[2023-04-27T18:29:16.753+0300] {logging_mixin.py:137} INFO - [2023-04-27T18:29:16.753+0300] {dagbag.py:532} INFO - Filling up the DagBag from /home/vladimir/.local/lib/python3.10/site-packages/airflow/example_dags/tutorial_dag.py
[2023-04-27T18:29:16.762+0300] {processor.py:753} INFO - DAG(s) dict_keys(['tutorial_dag']) retrieved from /home/vladimir/.local/lib/python3.10/site-packages/airflow/example_dags/tutorial_dag.py
[2023-04-27T18:29:16.776+0300] {logging_mixin.py:137} INFO - [2023-04-27T18:29:16.776+0300] {dag.py:2705} INFO - Sync 1 DAGs
[2023-04-27T18:29:16.787+0300] {logging_mixin.py:137} INFO - [2023-04-27T18:29:16.787+0300] {dag.py:3452} INFO - Setting next_dagrun for tutorial_dag to None, run_after=None
[2023-04-27T18:29:16.799+0300] {processor.py:175} INFO - Processing /home/vladimir/.local/lib/python3.10/site-packages/airflow/example_dags/tutorial_dag.py took 0.049 seconds
[2023-04-27T18:29:51.807+0300] {processor.py:153} INFO - Started process (PID=6413) to work on /home/vladimir/.local/lib/python3.10/site-packages/airflow/example_dags/tutorial_dag.py
[2023-04-27T18:29:51.808+0300] {processor.py:743} INFO - Processing file /home/vladimir/.local/lib/python3.10/site-packages/airflow/example_dags/tutorial_dag.py for tasks to queue
[2023-04-27T18:29:51.808+0300] {logging_mixin.py:137} INFO - [2023-04-27T18:29:51.808+0300] {dagbag.py:532} INFO - Filling up the DagBag from /home/vladimir/.local/lib/python3.10/site-packages/airflow/example_dags/tutorial_dag.py
[2023-04-27T18:29:51.817+0300] {processor.py:753} INFO - DAG(s) dict_keys(['tutorial_dag']) retrieved from /home/vladimir/.local/lib/python3.10/site-packages/airflow/example_dags/tutorial_dag.py
[2023-04-27T18:29:51.831+0300] {logging_mixin.py:137} INFO - [2023-04-27T18:29:51.831+0300] {dag.py:2705} INFO - Sync 1 DAGs
[2023-04-27T18:29:51.843+0300] {logging_mixin.py:137} INFO - [2023-04-27T18:29:51.843+0300] {dag.py:3452} INFO - Setting next_dagrun for tutorial_dag to None, run_after=None
[2023-04-27T18:29:51.854+0300] {processor.py:175} INFO - Processing /home/vladimir/.local/lib/python3.10/site-packages/airflow/example_dags/tutorial_dag.py took 0.049 seconds
[2023-04-27T18:30:26.551+0300] {processor.py:153} INFO - Started process (PID=6485) to work on /home/vladimir/.local/lib/python3.10/site-packages/airflow/example_dags/tutorial_dag.py
[2023-04-27T18:30:26.552+0300] {processor.py:743} INFO - Processing file /home/vladimir/.local/lib/python3.10/site-packages/airflow/example_dags/tutorial_dag.py for tasks to queue
[2023-04-27T18:30:26.553+0300] {logging_mixin.py:137} INFO - [2023-04-27T18:30:26.553+0300] {dagbag.py:532} INFO - Filling up the DagBag from /home/vladimir/.local/lib/python3.10/site-packages/airflow/example_dags/tutorial_dag.py
[2023-04-27T18:30:26.562+0300] {processor.py:753} INFO - DAG(s) dict_keys(['tutorial_dag']) retrieved from /home/vladimir/.local/lib/python3.10/site-packages/airflow/example_dags/tutorial_dag.py
[2023-04-27T18:30:26.576+0300] {logging_mixin.py:137} INFO - [2023-04-27T18:30:26.576+0300] {dag.py:2705} INFO - Sync 1 DAGs
[2023-04-27T18:30:26.594+0300] {logging_mixin.py:137} INFO - [2023-04-27T18:30:26.594+0300] {dag.py:3452} INFO - Setting next_dagrun for tutorial_dag to None, run_after=None
[2023-04-27T18:30:26.607+0300] {processor.py:175} INFO - Processing /home/vladimir/.local/lib/python3.10/site-packages/airflow/example_dags/tutorial_dag.py took 0.058 seconds
[2023-04-27T18:31:04.092+0300] {processor.py:153} INFO - Started process (PID=6578) to work on /home/vladimir/.local/lib/python3.10/site-packages/airflow/example_dags/tutorial_dag.py
[2023-04-27T18:31:04.093+0300] {processor.py:743} INFO - Processing file /home/vladimir/.local/lib/python3.10/site-packages/airflow/example_dags/tutorial_dag.py for tasks to queue
[2023-04-27T18:31:04.094+0300] {logging_mixin.py:137} INFO - [2023-04-27T18:31:04.093+0300] {dagbag.py:532} INFO - Filling up the DagBag from /home/vladimir/.local/lib/python3.10/site-packages/airflow/example_dags/tutorial_dag.py
[2023-04-27T18:31:04.102+0300] {processor.py:753} INFO - DAG(s) dict_keys(['tutorial_dag']) retrieved from /home/vladimir/.local/lib/python3.10/site-packages/airflow/example_dags/tutorial_dag.py
[2023-04-27T18:31:04.116+0300] {logging_mixin.py:137} INFO - [2023-04-27T18:31:04.116+0300] {dag.py:2705} INFO - Sync 1 DAGs
[2023-04-27T18:31:04.127+0300] {logging_mixin.py:137} INFO - [2023-04-27T18:31:04.127+0300] {dag.py:3452} INFO - Setting next_dagrun for tutorial_dag to None, run_after=None
[2023-04-27T18:31:04.139+0300] {processor.py:175} INFO - Processing /home/vladimir/.local/lib/python3.10/site-packages/airflow/example_dags/tutorial_dag.py took 0.049 seconds
[2023-04-27T18:31:42.872+0300] {processor.py:153} INFO - Started process (PID=6654) to work on /home/vladimir/.local/lib/python3.10/site-packages/airflow/example_dags/tutorial_dag.py
[2023-04-27T18:31:42.873+0300] {processor.py:743} INFO - Processing file /home/vladimir/.local/lib/python3.10/site-packages/airflow/example_dags/tutorial_dag.py for tasks to queue
[2023-04-27T18:31:42.874+0300] {logging_mixin.py:137} INFO - [2023-04-27T18:31:42.874+0300] {dagbag.py:532} INFO - Filling up the DagBag from /home/vladimir/.local/lib/python3.10/site-packages/airflow/example_dags/tutorial_dag.py
[2023-04-27T18:31:42.883+0300] {processor.py:753} INFO - DAG(s) dict_keys(['tutorial_dag']) retrieved from /home/vladimir/.local/lib/python3.10/site-packages/airflow/example_dags/tutorial_dag.py
[2023-04-27T18:31:42.896+0300] {logging_mixin.py:137} INFO - [2023-04-27T18:31:42.896+0300] {dag.py:2705} INFO - Sync 1 DAGs
[2023-04-27T18:31:42.907+0300] {logging_mixin.py:137} INFO - [2023-04-27T18:31:42.907+0300] {dag.py:3452} INFO - Setting next_dagrun for tutorial_dag to None, run_after=None
[2023-04-27T18:31:42.922+0300] {processor.py:175} INFO - Processing /home/vladimir/.local/lib/python3.10/site-packages/airflow/example_dags/tutorial_dag.py took 0.052 seconds
[2023-04-27T18:32:20.906+0300] {processor.py:153} INFO - Started process (PID=6713) to work on /home/vladimir/.local/lib/python3.10/site-packages/airflow/example_dags/tutorial_dag.py
[2023-04-27T18:32:20.907+0300] {processor.py:743} INFO - Processing file /home/vladimir/.local/lib/python3.10/site-packages/airflow/example_dags/tutorial_dag.py for tasks to queue
[2023-04-27T18:32:20.908+0300] {logging_mixin.py:137} INFO - [2023-04-27T18:32:20.908+0300] {dagbag.py:532} INFO - Filling up the DagBag from /home/vladimir/.local/lib/python3.10/site-packages/airflow/example_dags/tutorial_dag.py
[2023-04-27T18:32:20.917+0300] {processor.py:753} INFO - DAG(s) dict_keys(['tutorial_dag']) retrieved from /home/vladimir/.local/lib/python3.10/site-packages/airflow/example_dags/tutorial_dag.py
[2023-04-27T18:32:20.931+0300] {logging_mixin.py:137} INFO - [2023-04-27T18:32:20.931+0300] {dag.py:2705} INFO - Sync 1 DAGs
[2023-04-27T18:32:20.944+0300] {logging_mixin.py:137} INFO - [2023-04-27T18:32:20.944+0300] {dag.py:3452} INFO - Setting next_dagrun for tutorial_dag to None, run_after=None
[2023-04-27T18:32:20.957+0300] {processor.py:175} INFO - Processing /home/vladimir/.local/lib/python3.10/site-packages/airflow/example_dags/tutorial_dag.py took 0.053 seconds
[2023-04-27T18:32:57.268+0300] {processor.py:153} INFO - Started process (PID=6863) to work on /home/vladimir/.local/lib/python3.10/site-packages/airflow/example_dags/tutorial_dag.py
[2023-04-27T18:32:57.269+0300] {processor.py:743} INFO - Processing file /home/vladimir/.local/lib/python3.10/site-packages/airflow/example_dags/tutorial_dag.py for tasks to queue
[2023-04-27T18:32:57.269+0300] {logging_mixin.py:137} INFO - [2023-04-27T18:32:57.269+0300] {dagbag.py:532} INFO - Filling up the DagBag from /home/vladimir/.local/lib/python3.10/site-packages/airflow/example_dags/tutorial_dag.py
[2023-04-27T18:32:57.280+0300] {processor.py:753} INFO - DAG(s) dict_keys(['tutorial_dag']) retrieved from /home/vladimir/.local/lib/python3.10/site-packages/airflow/example_dags/tutorial_dag.py
[2023-04-27T18:32:57.294+0300] {logging_mixin.py:137} INFO - [2023-04-27T18:32:57.294+0300] {dag.py:2705} INFO - Sync 1 DAGs
[2023-04-27T18:32:57.306+0300] {logging_mixin.py:137} INFO - [2023-04-27T18:32:57.306+0300] {dag.py:3452} INFO - Setting next_dagrun for tutorial_dag to None, run_after=None
[2023-04-27T18:32:57.320+0300] {processor.py:175} INFO - Processing /home/vladimir/.local/lib/python3.10/site-packages/airflow/example_dags/tutorial_dag.py took 0.054 seconds
[2023-04-27T18:33:36.693+0300] {processor.py:153} INFO - Started process (PID=6925) to work on /home/vladimir/.local/lib/python3.10/site-packages/airflow/example_dags/tutorial_dag.py
[2023-04-27T18:33:36.694+0300] {processor.py:743} INFO - Processing file /home/vladimir/.local/lib/python3.10/site-packages/airflow/example_dags/tutorial_dag.py for tasks to queue
[2023-04-27T18:33:36.694+0300] {logging_mixin.py:137} INFO - [2023-04-27T18:33:36.694+0300] {dagbag.py:532} INFO - Filling up the DagBag from /home/vladimir/.local/lib/python3.10/site-packages/airflow/example_dags/tutorial_dag.py
[2023-04-27T18:33:36.704+0300] {processor.py:753} INFO - DAG(s) dict_keys(['tutorial_dag']) retrieved from /home/vladimir/.local/lib/python3.10/site-packages/airflow/example_dags/tutorial_dag.py
[2023-04-27T18:33:36.720+0300] {logging_mixin.py:137} INFO - [2023-04-27T18:33:36.720+0300] {dag.py:2705} INFO - Sync 1 DAGs
[2023-04-27T18:33:36.732+0300] {logging_mixin.py:137} INFO - [2023-04-27T18:33:36.732+0300] {dag.py:3452} INFO - Setting next_dagrun for tutorial_dag to None, run_after=None
[2023-04-27T18:33:36.745+0300] {processor.py:175} INFO - Processing /home/vladimir/.local/lib/python3.10/site-packages/airflow/example_dags/tutorial_dag.py took 0.054 seconds
[2023-04-27T18:34:14.921+0300] {processor.py:153} INFO - Started process (PID=6987) to work on /home/vladimir/.local/lib/python3.10/site-packages/airflow/example_dags/tutorial_dag.py
[2023-04-27T18:34:14.922+0300] {processor.py:743} INFO - Processing file /home/vladimir/.local/lib/python3.10/site-packages/airflow/example_dags/tutorial_dag.py for tasks to queue
[2023-04-27T18:34:14.922+0300] {logging_mixin.py:137} INFO - [2023-04-27T18:34:14.922+0300] {dagbag.py:532} INFO - Filling up the DagBag from /home/vladimir/.local/lib/python3.10/site-packages/airflow/example_dags/tutorial_dag.py
[2023-04-27T18:34:14.932+0300] {processor.py:753} INFO - DAG(s) dict_keys(['tutorial_dag']) retrieved from /home/vladimir/.local/lib/python3.10/site-packages/airflow/example_dags/tutorial_dag.py
[2023-04-27T18:34:14.947+0300] {logging_mixin.py:137} INFO - [2023-04-27T18:34:14.946+0300] {dag.py:2705} INFO - Sync 1 DAGs
[2023-04-27T18:34:14.959+0300] {logging_mixin.py:137} INFO - [2023-04-27T18:34:14.959+0300] {dag.py:3452} INFO - Setting next_dagrun for tutorial_dag to None, run_after=None
[2023-04-27T18:34:14.972+0300] {processor.py:175} INFO - Processing /home/vladimir/.local/lib/python3.10/site-packages/airflow/example_dags/tutorial_dag.py took 0.054 seconds
[2023-04-27T18:34:50.881+0300] {processor.py:153} INFO - Started process (PID=7068) to work on /home/vladimir/.local/lib/python3.10/site-packages/airflow/example_dags/tutorial_dag.py
[2023-04-27T18:34:50.882+0300] {processor.py:743} INFO - Processing file /home/vladimir/.local/lib/python3.10/site-packages/airflow/example_dags/tutorial_dag.py for tasks to queue
[2023-04-27T18:34:50.883+0300] {logging_mixin.py:137} INFO - [2023-04-27T18:34:50.883+0300] {dagbag.py:532} INFO - Filling up the DagBag from /home/vladimir/.local/lib/python3.10/site-packages/airflow/example_dags/tutorial_dag.py
[2023-04-27T18:34:50.893+0300] {processor.py:753} INFO - DAG(s) dict_keys(['tutorial_dag']) retrieved from /home/vladimir/.local/lib/python3.10/site-packages/airflow/example_dags/tutorial_dag.py
[2023-04-27T18:34:50.909+0300] {logging_mixin.py:137} INFO - [2023-04-27T18:34:50.909+0300] {dag.py:2705} INFO - Sync 1 DAGs
[2023-04-27T18:34:50.924+0300] {logging_mixin.py:137} INFO - [2023-04-27T18:34:50.923+0300] {dag.py:3452} INFO - Setting next_dagrun for tutorial_dag to None, run_after=None
[2023-04-27T18:34:50.938+0300] {processor.py:175} INFO - Processing /home/vladimir/.local/lib/python3.10/site-packages/airflow/example_dags/tutorial_dag.py took 0.059 seconds
[2023-04-27T18:35:26.390+0300] {processor.py:153} INFO - Started process (PID=7380) to work on /home/vladimir/.local/lib/python3.10/site-packages/airflow/example_dags/tutorial_dag.py
[2023-04-27T18:35:26.391+0300] {processor.py:743} INFO - Processing file /home/vladimir/.local/lib/python3.10/site-packages/airflow/example_dags/tutorial_dag.py for tasks to queue
[2023-04-27T18:35:26.392+0300] {logging_mixin.py:137} INFO - [2023-04-27T18:35:26.392+0300] {dagbag.py:532} INFO - Filling up the DagBag from /home/vladimir/.local/lib/python3.10/site-packages/airflow/example_dags/tutorial_dag.py
[2023-04-27T18:35:26.401+0300] {processor.py:753} INFO - DAG(s) dict_keys(['tutorial_dag']) retrieved from /home/vladimir/.local/lib/python3.10/site-packages/airflow/example_dags/tutorial_dag.py
[2023-04-27T18:35:26.415+0300] {logging_mixin.py:137} INFO - [2023-04-27T18:35:26.415+0300] {dag.py:2705} INFO - Sync 1 DAGs
[2023-04-27T18:35:26.427+0300] {logging_mixin.py:137} INFO - [2023-04-27T18:35:26.426+0300] {dag.py:3452} INFO - Setting next_dagrun for tutorial_dag to None, run_after=None
[2023-04-27T18:35:26.441+0300] {processor.py:175} INFO - Processing /home/vladimir/.local/lib/python3.10/site-packages/airflow/example_dags/tutorial_dag.py took 0.053 seconds
[2023-04-27T18:36:04.124+0300] {processor.py:153} INFO - Started process (PID=7503) to work on /home/vladimir/.local/lib/python3.10/site-packages/airflow/example_dags/tutorial_dag.py
[2023-04-27T18:36:04.125+0300] {processor.py:743} INFO - Processing file /home/vladimir/.local/lib/python3.10/site-packages/airflow/example_dags/tutorial_dag.py for tasks to queue
[2023-04-27T18:36:04.125+0300] {logging_mixin.py:137} INFO - [2023-04-27T18:36:04.125+0300] {dagbag.py:532} INFO - Filling up the DagBag from /home/vladimir/.local/lib/python3.10/site-packages/airflow/example_dags/tutorial_dag.py
[2023-04-27T18:36:04.135+0300] {processor.py:753} INFO - DAG(s) dict_keys(['tutorial_dag']) retrieved from /home/vladimir/.local/lib/python3.10/site-packages/airflow/example_dags/tutorial_dag.py
[2023-04-27T18:36:04.148+0300] {logging_mixin.py:137} INFO - [2023-04-27T18:36:04.148+0300] {dag.py:2705} INFO - Sync 1 DAGs
[2023-04-27T18:36:04.160+0300] {logging_mixin.py:137} INFO - [2023-04-27T18:36:04.160+0300] {dag.py:3452} INFO - Setting next_dagrun for tutorial_dag to None, run_after=None
[2023-04-27T18:36:04.171+0300] {processor.py:175} INFO - Processing /home/vladimir/.local/lib/python3.10/site-packages/airflow/example_dags/tutorial_dag.py took 0.050 seconds
[2023-04-27T18:36:38.210+0300] {processor.py:153} INFO - Started process (PID=7564) to work on /home/vladimir/.local/lib/python3.10/site-packages/airflow/example_dags/tutorial_dag.py
[2023-04-27T18:36:38.211+0300] {processor.py:743} INFO - Processing file /home/vladimir/.local/lib/python3.10/site-packages/airflow/example_dags/tutorial_dag.py for tasks to queue
[2023-04-27T18:36:38.212+0300] {logging_mixin.py:137} INFO - [2023-04-27T18:36:38.212+0300] {dagbag.py:532} INFO - Filling up the DagBag from /home/vladimir/.local/lib/python3.10/site-packages/airflow/example_dags/tutorial_dag.py
[2023-04-27T18:36:38.221+0300] {processor.py:753} INFO - DAG(s) dict_keys(['tutorial_dag']) retrieved from /home/vladimir/.local/lib/python3.10/site-packages/airflow/example_dags/tutorial_dag.py
[2023-04-27T18:36:38.239+0300] {logging_mixin.py:137} INFO - [2023-04-27T18:36:38.238+0300] {dag.py:2705} INFO - Sync 1 DAGs
[2023-04-27T18:36:38.251+0300] {logging_mixin.py:137} INFO - [2023-04-27T18:36:38.251+0300] {dag.py:3452} INFO - Setting next_dagrun for tutorial_dag to None, run_after=None
[2023-04-27T18:36:38.262+0300] {processor.py:175} INFO - Processing /home/vladimir/.local/lib/python3.10/site-packages/airflow/example_dags/tutorial_dag.py took 0.055 seconds
[2023-04-27T18:37:16.160+0300] {processor.py:153} INFO - Started process (PID=7637) to work on /home/vladimir/.local/lib/python3.10/site-packages/airflow/example_dags/tutorial_dag.py
[2023-04-27T18:37:16.161+0300] {processor.py:743} INFO - Processing file /home/vladimir/.local/lib/python3.10/site-packages/airflow/example_dags/tutorial_dag.py for tasks to queue
[2023-04-27T18:37:16.162+0300] {logging_mixin.py:137} INFO - [2023-04-27T18:37:16.162+0300] {dagbag.py:532} INFO - Filling up the DagBag from /home/vladimir/.local/lib/python3.10/site-packages/airflow/example_dags/tutorial_dag.py
[2023-04-27T18:37:16.171+0300] {processor.py:753} INFO - DAG(s) dict_keys(['tutorial_dag']) retrieved from /home/vladimir/.local/lib/python3.10/site-packages/airflow/example_dags/tutorial_dag.py
[2023-04-27T18:37:16.186+0300] {logging_mixin.py:137} INFO - [2023-04-27T18:37:16.186+0300] {dag.py:2705} INFO - Sync 1 DAGs
[2023-04-27T18:37:16.198+0300] {logging_mixin.py:137} INFO - [2023-04-27T18:37:16.198+0300] {dag.py:3452} INFO - Setting next_dagrun for tutorial_dag to None, run_after=None
[2023-04-27T18:37:16.211+0300] {processor.py:175} INFO - Processing /home/vladimir/.local/lib/python3.10/site-packages/airflow/example_dags/tutorial_dag.py took 0.053 seconds
[2023-04-27T18:37:52.383+0300] {processor.py:153} INFO - Started process (PID=7699) to work on /home/vladimir/.local/lib/python3.10/site-packages/airflow/example_dags/tutorial_dag.py
[2023-04-27T18:37:52.384+0300] {processor.py:743} INFO - Processing file /home/vladimir/.local/lib/python3.10/site-packages/airflow/example_dags/tutorial_dag.py for tasks to queue
[2023-04-27T18:37:52.384+0300] {logging_mixin.py:137} INFO - [2023-04-27T18:37:52.384+0300] {dagbag.py:532} INFO - Filling up the DagBag from /home/vladimir/.local/lib/python3.10/site-packages/airflow/example_dags/tutorial_dag.py
[2023-04-27T18:37:52.393+0300] {processor.py:753} INFO - DAG(s) dict_keys(['tutorial_dag']) retrieved from /home/vladimir/.local/lib/python3.10/site-packages/airflow/example_dags/tutorial_dag.py
[2023-04-27T18:37:52.407+0300] {logging_mixin.py:137} INFO - [2023-04-27T18:37:52.407+0300] {dag.py:2705} INFO - Sync 1 DAGs
[2023-04-27T18:37:52.419+0300] {logging_mixin.py:137} INFO - [2023-04-27T18:37:52.419+0300] {dag.py:3452} INFO - Setting next_dagrun for tutorial_dag to None, run_after=None
[2023-04-27T18:37:52.430+0300] {processor.py:175} INFO - Processing /home/vladimir/.local/lib/python3.10/site-packages/airflow/example_dags/tutorial_dag.py took 0.049 seconds
[2023-04-27T18:38:26.426+0300] {processor.py:153} INFO - Started process (PID=7878) to work on /home/vladimir/.local/lib/python3.10/site-packages/airflow/example_dags/tutorial_dag.py
[2023-04-27T18:38:26.427+0300] {processor.py:743} INFO - Processing file /home/vladimir/.local/lib/python3.10/site-packages/airflow/example_dags/tutorial_dag.py for tasks to queue
[2023-04-27T18:38:26.427+0300] {logging_mixin.py:137} INFO - [2023-04-27T18:38:26.427+0300] {dagbag.py:532} INFO - Filling up the DagBag from /home/vladimir/.local/lib/python3.10/site-packages/airflow/example_dags/tutorial_dag.py
[2023-04-27T18:38:26.437+0300] {processor.py:753} INFO - DAG(s) dict_keys(['tutorial_dag']) retrieved from /home/vladimir/.local/lib/python3.10/site-packages/airflow/example_dags/tutorial_dag.py
[2023-04-27T18:38:26.455+0300] {logging_mixin.py:137} INFO - [2023-04-27T18:38:26.455+0300] {dag.py:2705} INFO - Sync 1 DAGs
[2023-04-27T18:38:26.467+0300] {logging_mixin.py:137} INFO - [2023-04-27T18:38:26.467+0300] {dag.py:3452} INFO - Setting next_dagrun for tutorial_dag to None, run_after=None
[2023-04-27T18:38:26.479+0300] {processor.py:175} INFO - Processing /home/vladimir/.local/lib/python3.10/site-packages/airflow/example_dags/tutorial_dag.py took 0.055 seconds
[2023-04-27T18:39:06.177+0300] {processor.py:153} INFO - Started process (PID=8093) to work on /home/vladimir/.local/lib/python3.10/site-packages/airflow/example_dags/tutorial_dag.py
[2023-04-27T18:39:06.178+0300] {processor.py:743} INFO - Processing file /home/vladimir/.local/lib/python3.10/site-packages/airflow/example_dags/tutorial_dag.py for tasks to queue
[2023-04-27T18:39:06.179+0300] {logging_mixin.py:137} INFO - [2023-04-27T18:39:06.179+0300] {dagbag.py:532} INFO - Filling up the DagBag from /home/vladimir/.local/lib/python3.10/site-packages/airflow/example_dags/tutorial_dag.py
[2023-04-27T18:39:06.188+0300] {processor.py:753} INFO - DAG(s) dict_keys(['tutorial_dag']) retrieved from /home/vladimir/.local/lib/python3.10/site-packages/airflow/example_dags/tutorial_dag.py
[2023-04-27T18:39:06.202+0300] {logging_mixin.py:137} INFO - [2023-04-27T18:39:06.202+0300] {dag.py:2705} INFO - Sync 1 DAGs
[2023-04-27T18:39:06.215+0300] {logging_mixin.py:137} INFO - [2023-04-27T18:39:06.215+0300] {dag.py:3452} INFO - Setting next_dagrun for tutorial_dag to None, run_after=None
[2023-04-27T18:39:06.227+0300] {processor.py:175} INFO - Processing /home/vladimir/.local/lib/python3.10/site-packages/airflow/example_dags/tutorial_dag.py took 0.053 seconds
[2023-04-27T18:39:43.801+0300] {processor.py:153} INFO - Started process (PID=8173) to work on /home/vladimir/.local/lib/python3.10/site-packages/airflow/example_dags/tutorial_dag.py
[2023-04-27T18:39:43.802+0300] {processor.py:743} INFO - Processing file /home/vladimir/.local/lib/python3.10/site-packages/airflow/example_dags/tutorial_dag.py for tasks to queue
[2023-04-27T18:39:43.802+0300] {logging_mixin.py:137} INFO - [2023-04-27T18:39:43.802+0300] {dagbag.py:532} INFO - Filling up the DagBag from /home/vladimir/.local/lib/python3.10/site-packages/airflow/example_dags/tutorial_dag.py
[2023-04-27T18:39:43.811+0300] {processor.py:753} INFO - DAG(s) dict_keys(['tutorial_dag']) retrieved from /home/vladimir/.local/lib/python3.10/site-packages/airflow/example_dags/tutorial_dag.py
[2023-04-27T18:39:43.825+0300] {logging_mixin.py:137} INFO - [2023-04-27T18:39:43.825+0300] {dag.py:2705} INFO - Sync 1 DAGs
[2023-04-27T18:39:43.837+0300] {logging_mixin.py:137} INFO - [2023-04-27T18:39:43.837+0300] {dag.py:3452} INFO - Setting next_dagrun for tutorial_dag to None, run_after=None
[2023-04-27T18:39:43.849+0300] {processor.py:175} INFO - Processing /home/vladimir/.local/lib/python3.10/site-packages/airflow/example_dags/tutorial_dag.py took 0.051 seconds
[2023-04-27T18:40:23.081+0300] {processor.py:153} INFO - Started process (PID=8272) to work on /home/vladimir/.local/lib/python3.10/site-packages/airflow/example_dags/tutorial_dag.py
[2023-04-27T18:40:23.084+0300] {processor.py:743} INFO - Processing file /home/vladimir/.local/lib/python3.10/site-packages/airflow/example_dags/tutorial_dag.py for tasks to queue
[2023-04-27T18:40:23.084+0300] {logging_mixin.py:137} INFO - [2023-04-27T18:40:23.084+0300] {dagbag.py:532} INFO - Filling up the DagBag from /home/vladimir/.local/lib/python3.10/site-packages/airflow/example_dags/tutorial_dag.py
[2023-04-27T18:40:23.094+0300] {processor.py:753} INFO - DAG(s) dict_keys(['tutorial_dag']) retrieved from /home/vladimir/.local/lib/python3.10/site-packages/airflow/example_dags/tutorial_dag.py
[2023-04-27T18:40:23.108+0300] {logging_mixin.py:137} INFO - [2023-04-27T18:40:23.107+0300] {dag.py:2705} INFO - Sync 1 DAGs
[2023-04-27T18:40:23.120+0300] {logging_mixin.py:137} INFO - [2023-04-27T18:40:23.120+0300] {dag.py:3452} INFO - Setting next_dagrun for tutorial_dag to None, run_after=None
[2023-04-27T18:40:23.132+0300] {processor.py:175} INFO - Processing /home/vladimir/.local/lib/python3.10/site-packages/airflow/example_dags/tutorial_dag.py took 0.053 seconds
[2023-04-27T18:41:07.406+0300] {processor.py:153} INFO - Started process (PID=2696) to work on /home/vladimir/.local/lib/python3.10/site-packages/airflow/example_dags/tutorial_dag.py
[2023-04-27T18:41:07.408+0300] {processor.py:743} INFO - Processing file /home/vladimir/.local/lib/python3.10/site-packages/airflow/example_dags/tutorial_dag.py for tasks to queue
[2023-04-27T18:41:07.409+0300] {logging_mixin.py:137} INFO - [2023-04-27T18:41:07.409+0300] {dagbag.py:532} INFO - Filling up the DagBag from /home/vladimir/.local/lib/python3.10/site-packages/airflow/example_dags/tutorial_dag.py
[2023-04-27T18:41:07.438+0300] {processor.py:753} INFO - DAG(s) dict_keys(['tutorial_dag']) retrieved from /home/vladimir/.local/lib/python3.10/site-packages/airflow/example_dags/tutorial_dag.py
[2023-04-27T18:41:07.481+0300] {logging_mixin.py:137} INFO - [2023-04-27T18:41:07.481+0300] {dag.py:2705} INFO - Sync 1 DAGs
[2023-04-27T18:41:07.512+0300] {logging_mixin.py:137} INFO - [2023-04-27T18:41:07.512+0300] {dag.py:3452} INFO - Setting next_dagrun for tutorial_dag to None, run_after=None
[2023-04-27T18:41:07.529+0300] {processor.py:175} INFO - Processing /home/vladimir/.local/lib/python3.10/site-packages/airflow/example_dags/tutorial_dag.py took 0.127 seconds
[2023-04-27T18:41:46.850+0300] {processor.py:153} INFO - Started process (PID=3426) to work on /home/vladimir/.local/lib/python3.10/site-packages/airflow/example_dags/tutorial_dag.py
[2023-04-27T18:41:46.851+0300] {processor.py:743} INFO - Processing file /home/vladimir/.local/lib/python3.10/site-packages/airflow/example_dags/tutorial_dag.py for tasks to queue
[2023-04-27T18:41:46.851+0300] {logging_mixin.py:137} INFO - [2023-04-27T18:41:46.851+0300] {dagbag.py:532} INFO - Filling up the DagBag from /home/vladimir/.local/lib/python3.10/site-packages/airflow/example_dags/tutorial_dag.py
[2023-04-27T18:41:46.861+0300] {processor.py:753} INFO - DAG(s) dict_keys(['tutorial_dag']) retrieved from /home/vladimir/.local/lib/python3.10/site-packages/airflow/example_dags/tutorial_dag.py
[2023-04-27T18:41:46.874+0300] {logging_mixin.py:137} INFO - [2023-04-27T18:41:46.874+0300] {dag.py:2705} INFO - Sync 1 DAGs
[2023-04-27T18:41:46.885+0300] {logging_mixin.py:137} INFO - [2023-04-27T18:41:46.885+0300] {dag.py:3452} INFO - Setting next_dagrun for tutorial_dag to None, run_after=None
[2023-04-27T18:41:46.897+0300] {processor.py:175} INFO - Processing /home/vladimir/.local/lib/python3.10/site-packages/airflow/example_dags/tutorial_dag.py took 0.049 seconds
[2023-04-27T18:42:20.868+0300] {processor.py:153} INFO - Started process (PID=3752) to work on /home/vladimir/.local/lib/python3.10/site-packages/airflow/example_dags/tutorial_dag.py
[2023-04-27T18:42:20.869+0300] {processor.py:743} INFO - Processing file /home/vladimir/.local/lib/python3.10/site-packages/airflow/example_dags/tutorial_dag.py for tasks to queue
[2023-04-27T18:42:20.870+0300] {logging_mixin.py:137} INFO - [2023-04-27T18:42:20.870+0300] {dagbag.py:532} INFO - Filling up the DagBag from /home/vladimir/.local/lib/python3.10/site-packages/airflow/example_dags/tutorial_dag.py
[2023-04-27T18:42:20.880+0300] {processor.py:753} INFO - DAG(s) dict_keys(['tutorial_dag']) retrieved from /home/vladimir/.local/lib/python3.10/site-packages/airflow/example_dags/tutorial_dag.py
[2023-04-27T18:42:20.896+0300] {logging_mixin.py:137} INFO - [2023-04-27T18:42:20.896+0300] {dag.py:2705} INFO - Sync 1 DAGs
[2023-04-27T18:42:20.909+0300] {logging_mixin.py:137} INFO - [2023-04-27T18:42:20.909+0300] {dag.py:3452} INFO - Setting next_dagrun for tutorial_dag to None, run_after=None
[2023-04-27T18:42:20.923+0300] {processor.py:175} INFO - Processing /home/vladimir/.local/lib/python3.10/site-packages/airflow/example_dags/tutorial_dag.py took 0.057 seconds
[2023-04-27T18:42:59.178+0300] {processor.py:153} INFO - Started process (PID=4563) to work on /home/vladimir/.local/lib/python3.10/site-packages/airflow/example_dags/tutorial_dag.py
[2023-04-27T18:42:59.179+0300] {processor.py:743} INFO - Processing file /home/vladimir/.local/lib/python3.10/site-packages/airflow/example_dags/tutorial_dag.py for tasks to queue
[2023-04-27T18:42:59.179+0300] {logging_mixin.py:137} INFO - [2023-04-27T18:42:59.179+0300] {dagbag.py:532} INFO - Filling up the DagBag from /home/vladimir/.local/lib/python3.10/site-packages/airflow/example_dags/tutorial_dag.py
[2023-04-27T18:42:59.189+0300] {processor.py:753} INFO - DAG(s) dict_keys(['tutorial_dag']) retrieved from /home/vladimir/.local/lib/python3.10/site-packages/airflow/example_dags/tutorial_dag.py
[2023-04-27T18:42:59.204+0300] {logging_mixin.py:137} INFO - [2023-04-27T18:42:59.204+0300] {dag.py:2705} INFO - Sync 1 DAGs
[2023-04-27T18:42:59.215+0300] {logging_mixin.py:137} INFO - [2023-04-27T18:42:59.215+0300] {dag.py:3452} INFO - Setting next_dagrun for tutorial_dag to None, run_after=None
[2023-04-27T18:42:59.229+0300] {processor.py:175} INFO - Processing /home/vladimir/.local/lib/python3.10/site-packages/airflow/example_dags/tutorial_dag.py took 0.054 seconds
[2023-04-27T18:43:40.680+0300] {processor.py:153} INFO - Started process (PID=5215) to work on /home/vladimir/.local/lib/python3.10/site-packages/airflow/example_dags/tutorial_dag.py
[2023-04-27T18:43:40.681+0300] {processor.py:743} INFO - Processing file /home/vladimir/.local/lib/python3.10/site-packages/airflow/example_dags/tutorial_dag.py for tasks to queue
[2023-04-27T18:43:40.682+0300] {logging_mixin.py:137} INFO - [2023-04-27T18:43:40.682+0300] {dagbag.py:532} INFO - Filling up the DagBag from /home/vladimir/.local/lib/python3.10/site-packages/airflow/example_dags/tutorial_dag.py
[2023-04-27T18:43:40.690+0300] {processor.py:753} INFO - DAG(s) dict_keys(['tutorial_dag']) retrieved from /home/vladimir/.local/lib/python3.10/site-packages/airflow/example_dags/tutorial_dag.py
[2023-04-27T18:43:40.704+0300] {logging_mixin.py:137} INFO - [2023-04-27T18:43:40.704+0300] {dag.py:2705} INFO - Sync 1 DAGs
[2023-04-27T18:43:40.719+0300] {logging_mixin.py:137} INFO - [2023-04-27T18:43:40.718+0300] {dag.py:3452} INFO - Setting next_dagrun for tutorial_dag to None, run_after=None
[2023-04-27T18:43:40.732+0300] {processor.py:175} INFO - Processing /home/vladimir/.local/lib/python3.10/site-packages/airflow/example_dags/tutorial_dag.py took 0.054 seconds
[2023-04-27T18:44:23.759+0300] {processor.py:153} INFO - Started process (PID=8768) to work on /home/vladimir/.local/lib/python3.10/site-packages/airflow/example_dags/tutorial_dag.py
[2023-04-27T18:44:23.764+0300] {processor.py:743} INFO - Processing file /home/vladimir/.local/lib/python3.10/site-packages/airflow/example_dags/tutorial_dag.py for tasks to queue
[2023-04-27T18:44:23.765+0300] {logging_mixin.py:137} INFO - [2023-04-27T18:44:23.765+0300] {dagbag.py:532} INFO - Filling up the DagBag from /home/vladimir/.local/lib/python3.10/site-packages/airflow/example_dags/tutorial_dag.py
[2023-04-27T18:44:23.774+0300] {processor.py:753} INFO - DAG(s) dict_keys(['tutorial_dag']) retrieved from /home/vladimir/.local/lib/python3.10/site-packages/airflow/example_dags/tutorial_dag.py
[2023-04-27T18:44:23.794+0300] {logging_mixin.py:137} INFO - [2023-04-27T18:44:23.794+0300] {dag.py:2705} INFO - Sync 1 DAGs
[2023-04-27T18:44:23.816+0300] {logging_mixin.py:137} INFO - [2023-04-27T18:44:23.816+0300] {dag.py:3452} INFO - Setting next_dagrun for tutorial_dag to None, run_after=None
[2023-04-27T18:44:23.836+0300] {processor.py:175} INFO - Processing /home/vladimir/.local/lib/python3.10/site-packages/airflow/example_dags/tutorial_dag.py took 0.079 seconds
[2023-04-27T18:45:03.872+0300] {processor.py:153} INFO - Started process (PID=9630) to work on /home/vladimir/.local/lib/python3.10/site-packages/airflow/example_dags/tutorial_dag.py
[2023-04-27T18:45:03.882+0300] {processor.py:743} INFO - Processing file /home/vladimir/.local/lib/python3.10/site-packages/airflow/example_dags/tutorial_dag.py for tasks to queue
[2023-04-27T18:45:03.882+0300] {logging_mixin.py:137} INFO - [2023-04-27T18:45:03.882+0300] {dagbag.py:532} INFO - Filling up the DagBag from /home/vladimir/.local/lib/python3.10/site-packages/airflow/example_dags/tutorial_dag.py
[2023-04-27T18:45:03.901+0300] {processor.py:753} INFO - DAG(s) dict_keys(['tutorial_dag']) retrieved from /home/vladimir/.local/lib/python3.10/site-packages/airflow/example_dags/tutorial_dag.py
[2023-04-27T18:45:03.932+0300] {logging_mixin.py:137} INFO - [2023-04-27T18:45:03.931+0300] {dag.py:2705} INFO - Sync 1 DAGs
[2023-04-27T18:45:03.969+0300] {logging_mixin.py:137} INFO - [2023-04-27T18:45:03.963+0300] {dag.py:3452} INFO - Setting next_dagrun for tutorial_dag to None, run_after=None
[2023-04-27T18:45:03.999+0300] {processor.py:175} INFO - Processing /home/vladimir/.local/lib/python3.10/site-packages/airflow/example_dags/tutorial_dag.py took 0.129 seconds
[2023-04-27T18:45:48.948+0300] {processor.py:153} INFO - Started process (PID=15356) to work on /home/vladimir/.local/lib/python3.10/site-packages/airflow/example_dags/tutorial_dag.py
[2023-04-27T18:45:48.969+0300] {processor.py:743} INFO - Processing file /home/vladimir/.local/lib/python3.10/site-packages/airflow/example_dags/tutorial_dag.py for tasks to queue
[2023-04-27T18:45:48.970+0300] {logging_mixin.py:137} INFO - [2023-04-27T18:45:48.970+0300] {dagbag.py:532} INFO - Filling up the DagBag from /home/vladimir/.local/lib/python3.10/site-packages/airflow/example_dags/tutorial_dag.py
[2023-04-27T18:45:49.228+0300] {processor.py:753} INFO - DAG(s) dict_keys(['tutorial_dag']) retrieved from /home/vladimir/.local/lib/python3.10/site-packages/airflow/example_dags/tutorial_dag.py
[2023-04-27T18:45:49.373+0300] {logging_mixin.py:137} INFO - [2023-04-27T18:45:49.373+0300] {dag.py:2705} INFO - Sync 1 DAGs
[2023-04-27T18:45:49.496+0300] {logging_mixin.py:137} INFO - [2023-04-27T18:45:49.496+0300] {dag.py:3452} INFO - Setting next_dagrun for tutorial_dag to None, run_after=None
[2023-04-27T18:45:49.602+0300] {processor.py:175} INFO - Processing /home/vladimir/.local/lib/python3.10/site-packages/airflow/example_dags/tutorial_dag.py took 0.685 seconds
[2023-04-27T18:46:43.507+0300] {processor.py:153} INFO - Started process (PID=2350) to work on /home/vladimir/.local/lib/python3.10/site-packages/airflow/example_dags/tutorial_dag.py
[2023-04-27T18:46:43.521+0300] {processor.py:743} INFO - Processing file /home/vladimir/.local/lib/python3.10/site-packages/airflow/example_dags/tutorial_dag.py for tasks to queue
[2023-04-27T18:46:43.521+0300] {logging_mixin.py:137} INFO - [2023-04-27T18:46:43.521+0300] {dagbag.py:532} INFO - Filling up the DagBag from /home/vladimir/.local/lib/python3.10/site-packages/airflow/example_dags/tutorial_dag.py
[2023-04-27T18:46:43.534+0300] {processor.py:753} INFO - DAG(s) dict_keys(['tutorial_dag']) retrieved from /home/vladimir/.local/lib/python3.10/site-packages/airflow/example_dags/tutorial_dag.py
[2023-04-27T18:46:43.551+0300] {logging_mixin.py:137} INFO - [2023-04-27T18:46:43.551+0300] {dag.py:2705} INFO - Sync 1 DAGs
[2023-04-27T18:46:43.564+0300] {logging_mixin.py:137} INFO - [2023-04-27T18:46:43.564+0300] {dag.py:3452} INFO - Setting next_dagrun for tutorial_dag to None, run_after=None
[2023-04-27T18:46:43.580+0300] {processor.py:175} INFO - Processing /home/vladimir/.local/lib/python3.10/site-packages/airflow/example_dags/tutorial_dag.py took 0.076 seconds
[2023-04-27T18:47:23.769+0300] {processor.py:153} INFO - Started process (PID=3598) to work on /home/vladimir/.local/lib/python3.10/site-packages/airflow/example_dags/tutorial_dag.py
[2023-04-27T18:47:23.770+0300] {processor.py:743} INFO - Processing file /home/vladimir/.local/lib/python3.10/site-packages/airflow/example_dags/tutorial_dag.py for tasks to queue
[2023-04-27T18:47:23.770+0300] {logging_mixin.py:137} INFO - [2023-04-27T18:47:23.770+0300] {dagbag.py:532} INFO - Filling up the DagBag from /home/vladimir/.local/lib/python3.10/site-packages/airflow/example_dags/tutorial_dag.py
[2023-04-27T18:47:23.781+0300] {processor.py:753} INFO - DAG(s) dict_keys(['tutorial_dag']) retrieved from /home/vladimir/.local/lib/python3.10/site-packages/airflow/example_dags/tutorial_dag.py
[2023-04-27T18:47:23.795+0300] {logging_mixin.py:137} INFO - [2023-04-27T18:47:23.795+0300] {dag.py:2705} INFO - Sync 1 DAGs
[2023-04-27T18:47:23.806+0300] {logging_mixin.py:137} INFO - [2023-04-27T18:47:23.806+0300] {dag.py:3452} INFO - Setting next_dagrun for tutorial_dag to None, run_after=None
[2023-04-27T18:47:23.819+0300] {processor.py:175} INFO - Processing /home/vladimir/.local/lib/python3.10/site-packages/airflow/example_dags/tutorial_dag.py took 0.052 seconds
[2023-04-27T18:47:59.448+0300] {processor.py:153} INFO - Started process (PID=4097) to work on /home/vladimir/.local/lib/python3.10/site-packages/airflow/example_dags/tutorial_dag.py
[2023-04-27T18:47:59.450+0300] {processor.py:743} INFO - Processing file /home/vladimir/.local/lib/python3.10/site-packages/airflow/example_dags/tutorial_dag.py for tasks to queue
[2023-04-27T18:47:59.450+0300] {logging_mixin.py:137} INFO - [2023-04-27T18:47:59.450+0300] {dagbag.py:532} INFO - Filling up the DagBag from /home/vladimir/.local/lib/python3.10/site-packages/airflow/example_dags/tutorial_dag.py
[2023-04-27T18:47:59.461+0300] {processor.py:753} INFO - DAG(s) dict_keys(['tutorial_dag']) retrieved from /home/vladimir/.local/lib/python3.10/site-packages/airflow/example_dags/tutorial_dag.py
[2023-04-27T18:47:59.479+0300] {logging_mixin.py:137} INFO - [2023-04-27T18:47:59.478+0300] {dag.py:2705} INFO - Sync 1 DAGs
[2023-04-27T18:47:59.495+0300] {logging_mixin.py:137} INFO - [2023-04-27T18:47:59.495+0300] {dag.py:3452} INFO - Setting next_dagrun for tutorial_dag to None, run_after=None
[2023-04-27T18:47:59.508+0300] {processor.py:175} INFO - Processing /home/vladimir/.local/lib/python3.10/site-packages/airflow/example_dags/tutorial_dag.py took 0.063 seconds
[2023-04-27T18:48:39.964+0300] {processor.py:153} INFO - Started process (PID=4152) to work on /home/vladimir/.local/lib/python3.10/site-packages/airflow/example_dags/tutorial_dag.py
[2023-04-27T18:48:39.964+0300] {processor.py:743} INFO - Processing file /home/vladimir/.local/lib/python3.10/site-packages/airflow/example_dags/tutorial_dag.py for tasks to queue
[2023-04-27T18:48:39.965+0300] {logging_mixin.py:137} INFO - [2023-04-27T18:48:39.965+0300] {dagbag.py:532} INFO - Filling up the DagBag from /home/vladimir/.local/lib/python3.10/site-packages/airflow/example_dags/tutorial_dag.py
[2023-04-27T18:48:39.974+0300] {processor.py:753} INFO - DAG(s) dict_keys(['tutorial_dag']) retrieved from /home/vladimir/.local/lib/python3.10/site-packages/airflow/example_dags/tutorial_dag.py
[2023-04-27T18:48:39.987+0300] {logging_mixin.py:137} INFO - [2023-04-27T18:48:39.987+0300] {dag.py:2705} INFO - Sync 1 DAGs
[2023-04-27T18:48:39.999+0300] {logging_mixin.py:137} INFO - [2023-04-27T18:48:39.998+0300] {dag.py:3452} INFO - Setting next_dagrun for tutorial_dag to None, run_after=None
[2023-04-27T18:48:40.011+0300] {processor.py:175} INFO - Processing /home/vladimir/.local/lib/python3.10/site-packages/airflow/example_dags/tutorial_dag.py took 0.049 seconds
[2023-04-27T18:49:18.101+0300] {processor.py:153} INFO - Started process (PID=4191) to work on /home/vladimir/.local/lib/python3.10/site-packages/airflow/example_dags/tutorial_dag.py
[2023-04-27T18:49:18.101+0300] {processor.py:743} INFO - Processing file /home/vladimir/.local/lib/python3.10/site-packages/airflow/example_dags/tutorial_dag.py for tasks to queue
[2023-04-27T18:49:18.102+0300] {logging_mixin.py:137} INFO - [2023-04-27T18:49:18.102+0300] {dagbag.py:532} INFO - Filling up the DagBag from /home/vladimir/.local/lib/python3.10/site-packages/airflow/example_dags/tutorial_dag.py
[2023-04-27T18:49:18.111+0300] {processor.py:753} INFO - DAG(s) dict_keys(['tutorial_dag']) retrieved from /home/vladimir/.local/lib/python3.10/site-packages/airflow/example_dags/tutorial_dag.py
[2023-04-27T18:49:18.124+0300] {logging_mixin.py:137} INFO - [2023-04-27T18:49:18.124+0300] {dag.py:2705} INFO - Sync 1 DAGs
[2023-04-27T18:49:18.136+0300] {logging_mixin.py:137} INFO - [2023-04-27T18:49:18.136+0300] {dag.py:3452} INFO - Setting next_dagrun for tutorial_dag to None, run_after=None
[2023-04-27T18:49:18.148+0300] {processor.py:175} INFO - Processing /home/vladimir/.local/lib/python3.10/site-packages/airflow/example_dags/tutorial_dag.py took 0.050 seconds
[2023-04-27T18:49:56.057+0300] {processor.py:153} INFO - Started process (PID=4483) to work on /home/vladimir/.local/lib/python3.10/site-packages/airflow/example_dags/tutorial_dag.py
[2023-04-27T18:49:56.058+0300] {processor.py:743} INFO - Processing file /home/vladimir/.local/lib/python3.10/site-packages/airflow/example_dags/tutorial_dag.py for tasks to queue
[2023-04-27T18:49:56.058+0300] {logging_mixin.py:137} INFO - [2023-04-27T18:49:56.058+0300] {dagbag.py:532} INFO - Filling up the DagBag from /home/vladimir/.local/lib/python3.10/site-packages/airflow/example_dags/tutorial_dag.py
[2023-04-27T18:49:56.069+0300] {processor.py:753} INFO - DAG(s) dict_keys(['tutorial_dag']) retrieved from /home/vladimir/.local/lib/python3.10/site-packages/airflow/example_dags/tutorial_dag.py
[2023-04-27T18:49:56.084+0300] {logging_mixin.py:137} INFO - [2023-04-27T18:49:56.084+0300] {dag.py:2705} INFO - Sync 1 DAGs
[2023-04-27T18:49:56.096+0300] {logging_mixin.py:137} INFO - [2023-04-27T18:49:56.096+0300] {dag.py:3452} INFO - Setting next_dagrun for tutorial_dag to None, run_after=None
[2023-04-27T18:49:56.109+0300] {processor.py:175} INFO - Processing /home/vladimir/.local/lib/python3.10/site-packages/airflow/example_dags/tutorial_dag.py took 0.055 seconds
[2023-04-27T18:50:35.115+0300] {processor.py:153} INFO - Started process (PID=4990) to work on /home/vladimir/.local/lib/python3.10/site-packages/airflow/example_dags/tutorial_dag.py
[2023-04-27T18:50:35.116+0300] {processor.py:743} INFO - Processing file /home/vladimir/.local/lib/python3.10/site-packages/airflow/example_dags/tutorial_dag.py for tasks to queue
[2023-04-27T18:50:35.116+0300] {logging_mixin.py:137} INFO - [2023-04-27T18:50:35.116+0300] {dagbag.py:532} INFO - Filling up the DagBag from /home/vladimir/.local/lib/python3.10/site-packages/airflow/example_dags/tutorial_dag.py
[2023-04-27T18:50:35.125+0300] {processor.py:753} INFO - DAG(s) dict_keys(['tutorial_dag']) retrieved from /home/vladimir/.local/lib/python3.10/site-packages/airflow/example_dags/tutorial_dag.py
[2023-04-27T18:50:35.141+0300] {logging_mixin.py:137} INFO - [2023-04-27T18:50:35.140+0300] {dag.py:2705} INFO - Sync 1 DAGs
[2023-04-27T18:50:35.152+0300] {logging_mixin.py:137} INFO - [2023-04-27T18:50:35.152+0300] {dag.py:3452} INFO - Setting next_dagrun for tutorial_dag to None, run_after=None
[2023-04-27T18:50:35.166+0300] {processor.py:175} INFO - Processing /home/vladimir/.local/lib/python3.10/site-packages/airflow/example_dags/tutorial_dag.py took 0.053 seconds
[2023-04-27T18:51:09.557+0300] {processor.py:153} INFO - Started process (PID=5247) to work on /home/vladimir/.local/lib/python3.10/site-packages/airflow/example_dags/tutorial_dag.py
[2023-04-27T18:51:09.561+0300] {processor.py:743} INFO - Processing file /home/vladimir/.local/lib/python3.10/site-packages/airflow/example_dags/tutorial_dag.py for tasks to queue
[2023-04-27T18:51:09.561+0300] {logging_mixin.py:137} INFO - [2023-04-27T18:51:09.561+0300] {dagbag.py:532} INFO - Filling up the DagBag from /home/vladimir/.local/lib/python3.10/site-packages/airflow/example_dags/tutorial_dag.py
[2023-04-27T18:51:09.570+0300] {processor.py:753} INFO - DAG(s) dict_keys(['tutorial_dag']) retrieved from /home/vladimir/.local/lib/python3.10/site-packages/airflow/example_dags/tutorial_dag.py
[2023-04-27T18:51:09.592+0300] {logging_mixin.py:137} INFO - [2023-04-27T18:51:09.592+0300] {dag.py:2705} INFO - Sync 1 DAGs
[2023-04-27T18:51:09.605+0300] {logging_mixin.py:137} INFO - [2023-04-27T18:51:09.605+0300] {dag.py:3452} INFO - Setting next_dagrun for tutorial_dag to None, run_after=None
[2023-04-27T18:51:09.618+0300] {processor.py:175} INFO - Processing /home/vladimir/.local/lib/python3.10/site-packages/airflow/example_dags/tutorial_dag.py took 0.063 seconds
[2023-04-27T18:51:44.584+0300] {processor.py:153} INFO - Started process (PID=5290) to work on /home/vladimir/.local/lib/python3.10/site-packages/airflow/example_dags/tutorial_dag.py
[2023-04-27T18:51:44.585+0300] {processor.py:743} INFO - Processing file /home/vladimir/.local/lib/python3.10/site-packages/airflow/example_dags/tutorial_dag.py for tasks to queue
[2023-04-27T18:51:44.586+0300] {logging_mixin.py:137} INFO - [2023-04-27T18:51:44.586+0300] {dagbag.py:532} INFO - Filling up the DagBag from /home/vladimir/.local/lib/python3.10/site-packages/airflow/example_dags/tutorial_dag.py
[2023-04-27T18:51:44.596+0300] {processor.py:753} INFO - DAG(s) dict_keys(['tutorial_dag']) retrieved from /home/vladimir/.local/lib/python3.10/site-packages/airflow/example_dags/tutorial_dag.py
[2023-04-27T18:51:44.611+0300] {logging_mixin.py:137} INFO - [2023-04-27T18:51:44.611+0300] {dag.py:2705} INFO - Sync 1 DAGs
[2023-04-27T18:51:44.624+0300] {logging_mixin.py:137} INFO - [2023-04-27T18:51:44.623+0300] {dag.py:3452} INFO - Setting next_dagrun for tutorial_dag to None, run_after=None
[2023-04-27T18:51:44.638+0300] {processor.py:175} INFO - Processing /home/vladimir/.local/lib/python3.10/site-packages/airflow/example_dags/tutorial_dag.py took 0.056 seconds
[2023-04-27T18:52:26.477+0300] {processor.py:153} INFO - Started process (PID=5335) to work on /home/vladimir/.local/lib/python3.10/site-packages/airflow/example_dags/tutorial_dag.py
[2023-04-27T18:52:26.478+0300] {processor.py:743} INFO - Processing file /home/vladimir/.local/lib/python3.10/site-packages/airflow/example_dags/tutorial_dag.py for tasks to queue
[2023-04-27T18:52:26.479+0300] {logging_mixin.py:137} INFO - [2023-04-27T18:52:26.479+0300] {dagbag.py:532} INFO - Filling up the DagBag from /home/vladimir/.local/lib/python3.10/site-packages/airflow/example_dags/tutorial_dag.py
[2023-04-27T18:52:26.488+0300] {processor.py:753} INFO - DAG(s) dict_keys(['tutorial_dag']) retrieved from /home/vladimir/.local/lib/python3.10/site-packages/airflow/example_dags/tutorial_dag.py
[2023-04-27T18:52:26.502+0300] {logging_mixin.py:137} INFO - [2023-04-27T18:52:26.502+0300] {dag.py:2705} INFO - Sync 1 DAGs
[2023-04-27T18:52:26.517+0300] {logging_mixin.py:137} INFO - [2023-04-27T18:52:26.517+0300] {dag.py:3452} INFO - Setting next_dagrun for tutorial_dag to None, run_after=None
[2023-04-27T18:52:26.535+0300] {processor.py:175} INFO - Processing /home/vladimir/.local/lib/python3.10/site-packages/airflow/example_dags/tutorial_dag.py took 0.061 seconds
[2023-04-27T18:53:04.287+0300] {processor.py:153} INFO - Started process (PID=5380) to work on /home/vladimir/.local/lib/python3.10/site-packages/airflow/example_dags/tutorial_dag.py
[2023-04-27T18:53:04.287+0300] {processor.py:743} INFO - Processing file /home/vladimir/.local/lib/python3.10/site-packages/airflow/example_dags/tutorial_dag.py for tasks to queue
[2023-04-27T18:53:04.288+0300] {logging_mixin.py:137} INFO - [2023-04-27T18:53:04.288+0300] {dagbag.py:532} INFO - Filling up the DagBag from /home/vladimir/.local/lib/python3.10/site-packages/airflow/example_dags/tutorial_dag.py
[2023-04-27T18:53:04.298+0300] {processor.py:753} INFO - DAG(s) dict_keys(['tutorial_dag']) retrieved from /home/vladimir/.local/lib/python3.10/site-packages/airflow/example_dags/tutorial_dag.py
[2023-04-27T18:53:04.312+0300] {logging_mixin.py:137} INFO - [2023-04-27T18:53:04.312+0300] {dag.py:2705} INFO - Sync 1 DAGs
[2023-04-27T18:53:04.325+0300] {logging_mixin.py:137} INFO - [2023-04-27T18:53:04.325+0300] {dag.py:3452} INFO - Setting next_dagrun for tutorial_dag to None, run_after=None
[2023-04-27T18:53:04.338+0300] {processor.py:175} INFO - Processing /home/vladimir/.local/lib/python3.10/site-packages/airflow/example_dags/tutorial_dag.py took 0.054 seconds
[2023-04-27T18:53:36.262+0300] {processor.py:153} INFO - Started process (PID=5554) to work on /home/vladimir/.local/lib/python3.10/site-packages/airflow/example_dags/tutorial_dag.py
[2023-04-27T18:53:36.263+0300] {processor.py:743} INFO - Processing file /home/vladimir/.local/lib/python3.10/site-packages/airflow/example_dags/tutorial_dag.py for tasks to queue
[2023-04-27T18:53:36.264+0300] {logging_mixin.py:137} INFO - [2023-04-27T18:53:36.264+0300] {dagbag.py:532} INFO - Filling up the DagBag from /home/vladimir/.local/lib/python3.10/site-packages/airflow/example_dags/tutorial_dag.py
[2023-04-27T18:53:36.273+0300] {processor.py:753} INFO - DAG(s) dict_keys(['tutorial_dag']) retrieved from /home/vladimir/.local/lib/python3.10/site-packages/airflow/example_dags/tutorial_dag.py
[2023-04-27T18:53:36.287+0300] {logging_mixin.py:137} INFO - [2023-04-27T18:53:36.287+0300] {dag.py:2705} INFO - Sync 1 DAGs
[2023-04-27T18:53:36.299+0300] {logging_mixin.py:137} INFO - [2023-04-27T18:53:36.299+0300] {dag.py:3452} INFO - Setting next_dagrun for tutorial_dag to None, run_after=None
[2023-04-27T18:53:36.310+0300] {processor.py:175} INFO - Processing /home/vladimir/.local/lib/python3.10/site-packages/airflow/example_dags/tutorial_dag.py took 0.052 seconds
[2023-04-27T18:54:12.232+0300] {processor.py:153} INFO - Started process (PID=5592) to work on /home/vladimir/.local/lib/python3.10/site-packages/airflow/example_dags/tutorial_dag.py
[2023-04-27T18:54:12.233+0300] {processor.py:743} INFO - Processing file /home/vladimir/.local/lib/python3.10/site-packages/airflow/example_dags/tutorial_dag.py for tasks to queue
[2023-04-27T18:54:12.234+0300] {logging_mixin.py:137} INFO - [2023-04-27T18:54:12.234+0300] {dagbag.py:532} INFO - Filling up the DagBag from /home/vladimir/.local/lib/python3.10/site-packages/airflow/example_dags/tutorial_dag.py
[2023-04-27T18:54:12.243+0300] {processor.py:753} INFO - DAG(s) dict_keys(['tutorial_dag']) retrieved from /home/vladimir/.local/lib/python3.10/site-packages/airflow/example_dags/tutorial_dag.py
[2023-04-27T18:54:12.257+0300] {logging_mixin.py:137} INFO - [2023-04-27T18:54:12.257+0300] {dag.py:2705} INFO - Sync 1 DAGs
[2023-04-27T18:54:12.268+0300] {logging_mixin.py:137} INFO - [2023-04-27T18:54:12.268+0300] {dag.py:3452} INFO - Setting next_dagrun for tutorial_dag to None, run_after=None
[2023-04-27T18:54:12.280+0300] {processor.py:175} INFO - Processing /home/vladimir/.local/lib/python3.10/site-packages/airflow/example_dags/tutorial_dag.py took 0.050 seconds
[2023-04-27T18:54:47.267+0300] {processor.py:153} INFO - Started process (PID=5635) to work on /home/vladimir/.local/lib/python3.10/site-packages/airflow/example_dags/tutorial_dag.py
[2023-04-27T18:54:47.268+0300] {processor.py:743} INFO - Processing file /home/vladimir/.local/lib/python3.10/site-packages/airflow/example_dags/tutorial_dag.py for tasks to queue
[2023-04-27T18:54:47.268+0300] {logging_mixin.py:137} INFO - [2023-04-27T18:54:47.268+0300] {dagbag.py:532} INFO - Filling up the DagBag from /home/vladimir/.local/lib/python3.10/site-packages/airflow/example_dags/tutorial_dag.py
[2023-04-27T18:54:47.277+0300] {processor.py:753} INFO - DAG(s) dict_keys(['tutorial_dag']) retrieved from /home/vladimir/.local/lib/python3.10/site-packages/airflow/example_dags/tutorial_dag.py
[2023-04-27T18:54:47.291+0300] {logging_mixin.py:137} INFO - [2023-04-27T18:54:47.290+0300] {dag.py:2705} INFO - Sync 1 DAGs
[2023-04-27T18:54:47.303+0300] {logging_mixin.py:137} INFO - [2023-04-27T18:54:47.303+0300] {dag.py:3452} INFO - Setting next_dagrun for tutorial_dag to None, run_after=None
[2023-04-27T18:54:47.316+0300] {processor.py:175} INFO - Processing /home/vladimir/.local/lib/python3.10/site-packages/airflow/example_dags/tutorial_dag.py took 0.051 seconds
[2023-04-27T18:55:24.355+0300] {processor.py:153} INFO - Started process (PID=5679) to work on /home/vladimir/.local/lib/python3.10/site-packages/airflow/example_dags/tutorial_dag.py
[2023-04-27T18:55:24.356+0300] {processor.py:743} INFO - Processing file /home/vladimir/.local/lib/python3.10/site-packages/airflow/example_dags/tutorial_dag.py for tasks to queue
[2023-04-27T18:55:24.357+0300] {logging_mixin.py:137} INFO - [2023-04-27T18:55:24.357+0300] {dagbag.py:532} INFO - Filling up the DagBag from /home/vladimir/.local/lib/python3.10/site-packages/airflow/example_dags/tutorial_dag.py
[2023-04-27T18:55:24.366+0300] {processor.py:753} INFO - DAG(s) dict_keys(['tutorial_dag']) retrieved from /home/vladimir/.local/lib/python3.10/site-packages/airflow/example_dags/tutorial_dag.py
[2023-04-27T18:55:24.379+0300] {logging_mixin.py:137} INFO - [2023-04-27T18:55:24.379+0300] {dag.py:2705} INFO - Sync 1 DAGs
[2023-04-27T18:55:24.391+0300] {logging_mixin.py:137} INFO - [2023-04-27T18:55:24.391+0300] {dag.py:3452} INFO - Setting next_dagrun for tutorial_dag to None, run_after=None
[2023-04-27T18:55:24.404+0300] {processor.py:175} INFO - Processing /home/vladimir/.local/lib/python3.10/site-packages/airflow/example_dags/tutorial_dag.py took 0.051 seconds
[2023-04-27T18:55:59.141+0300] {processor.py:153} INFO - Started process (PID=5720) to work on /home/vladimir/.local/lib/python3.10/site-packages/airflow/example_dags/tutorial_dag.py
[2023-04-27T18:55:59.142+0300] {processor.py:743} INFO - Processing file /home/vladimir/.local/lib/python3.10/site-packages/airflow/example_dags/tutorial_dag.py for tasks to queue
[2023-04-27T18:55:59.142+0300] {logging_mixin.py:137} INFO - [2023-04-27T18:55:59.142+0300] {dagbag.py:532} INFO - Filling up the DagBag from /home/vladimir/.local/lib/python3.10/site-packages/airflow/example_dags/tutorial_dag.py
[2023-04-27T18:55:59.152+0300] {processor.py:753} INFO - DAG(s) dict_keys(['tutorial_dag']) retrieved from /home/vladimir/.local/lib/python3.10/site-packages/airflow/example_dags/tutorial_dag.py
[2023-04-27T18:55:59.164+0300] {logging_mixin.py:137} INFO - [2023-04-27T18:55:59.164+0300] {dag.py:2705} INFO - Sync 1 DAGs
[2023-04-27T18:55:59.176+0300] {logging_mixin.py:137} INFO - [2023-04-27T18:55:59.176+0300] {dag.py:3452} INFO - Setting next_dagrun for tutorial_dag to None, run_after=None
[2023-04-27T18:55:59.188+0300] {processor.py:175} INFO - Processing /home/vladimir/.local/lib/python3.10/site-packages/airflow/example_dags/tutorial_dag.py took 0.049 seconds
[2023-04-27T18:56:31.113+0300] {processor.py:153} INFO - Started process (PID=6556) to work on /home/vladimir/.local/lib/python3.10/site-packages/airflow/example_dags/tutorial_dag.py
[2023-04-27T18:56:31.114+0300] {processor.py:743} INFO - Processing file /home/vladimir/.local/lib/python3.10/site-packages/airflow/example_dags/tutorial_dag.py for tasks to queue
[2023-04-27T18:56:31.114+0300] {logging_mixin.py:137} INFO - [2023-04-27T18:56:31.114+0300] {dagbag.py:532} INFO - Filling up the DagBag from /home/vladimir/.local/lib/python3.10/site-packages/airflow/example_dags/tutorial_dag.py
[2023-04-27T18:56:31.123+0300] {processor.py:753} INFO - DAG(s) dict_keys(['tutorial_dag']) retrieved from /home/vladimir/.local/lib/python3.10/site-packages/airflow/example_dags/tutorial_dag.py
[2023-04-27T18:56:31.138+0300] {logging_mixin.py:137} INFO - [2023-04-27T18:56:31.138+0300] {dag.py:2705} INFO - Sync 1 DAGs
[2023-04-27T18:56:31.150+0300] {logging_mixin.py:137} INFO - [2023-04-27T18:56:31.149+0300] {dag.py:3452} INFO - Setting next_dagrun for tutorial_dag to None, run_after=None
[2023-04-27T18:56:31.162+0300] {processor.py:175} INFO - Processing /home/vladimir/.local/lib/python3.10/site-packages/airflow/example_dags/tutorial_dag.py took 0.052 seconds
[2023-04-27T18:57:05.338+0300] {processor.py:153} INFO - Started process (PID=6670) to work on /home/vladimir/.local/lib/python3.10/site-packages/airflow/example_dags/tutorial_dag.py
[2023-04-27T18:57:05.339+0300] {processor.py:743} INFO - Processing file /home/vladimir/.local/lib/python3.10/site-packages/airflow/example_dags/tutorial_dag.py for tasks to queue
[2023-04-27T18:57:05.339+0300] {logging_mixin.py:137} INFO - [2023-04-27T18:57:05.339+0300] {dagbag.py:532} INFO - Filling up the DagBag from /home/vladimir/.local/lib/python3.10/site-packages/airflow/example_dags/tutorial_dag.py
[2023-04-27T18:57:05.349+0300] {processor.py:753} INFO - DAG(s) dict_keys(['tutorial_dag']) retrieved from /home/vladimir/.local/lib/python3.10/site-packages/airflow/example_dags/tutorial_dag.py
[2023-04-27T18:57:05.364+0300] {logging_mixin.py:137} INFO - [2023-04-27T18:57:05.363+0300] {dag.py:2705} INFO - Sync 1 DAGs
[2023-04-27T18:57:05.377+0300] {logging_mixin.py:137} INFO - [2023-04-27T18:57:05.376+0300] {dag.py:3452} INFO - Setting next_dagrun for tutorial_dag to None, run_after=None
[2023-04-27T18:57:05.389+0300] {processor.py:175} INFO - Processing /home/vladimir/.local/lib/python3.10/site-packages/airflow/example_dags/tutorial_dag.py took 0.054 seconds
[2023-04-27T18:57:45.291+0300] {processor.py:153} INFO - Started process (PID=6741) to work on /home/vladimir/.local/lib/python3.10/site-packages/airflow/example_dags/tutorial_dag.py
[2023-04-27T18:57:45.292+0300] {processor.py:743} INFO - Processing file /home/vladimir/.local/lib/python3.10/site-packages/airflow/example_dags/tutorial_dag.py for tasks to queue
[2023-04-27T18:57:45.293+0300] {logging_mixin.py:137} INFO - [2023-04-27T18:57:45.293+0300] {dagbag.py:532} INFO - Filling up the DagBag from /home/vladimir/.local/lib/python3.10/site-packages/airflow/example_dags/tutorial_dag.py
[2023-04-27T18:57:45.303+0300] {processor.py:753} INFO - DAG(s) dict_keys(['tutorial_dag']) retrieved from /home/vladimir/.local/lib/python3.10/site-packages/airflow/example_dags/tutorial_dag.py
[2023-04-27T18:57:45.317+0300] {logging_mixin.py:137} INFO - [2023-04-27T18:57:45.317+0300] {dag.py:2705} INFO - Sync 1 DAGs
[2023-04-27T18:57:45.329+0300] {logging_mixin.py:137} INFO - [2023-04-27T18:57:45.329+0300] {dag.py:3452} INFO - Setting next_dagrun for tutorial_dag to None, run_after=None
[2023-04-27T18:57:45.341+0300] {processor.py:175} INFO - Processing /home/vladimir/.local/lib/python3.10/site-packages/airflow/example_dags/tutorial_dag.py took 0.052 seconds
[2023-04-27T18:58:21.313+0300] {processor.py:153} INFO - Started process (PID=6805) to work on /home/vladimir/.local/lib/python3.10/site-packages/airflow/example_dags/tutorial_dag.py
[2023-04-27T18:58:21.314+0300] {processor.py:743} INFO - Processing file /home/vladimir/.local/lib/python3.10/site-packages/airflow/example_dags/tutorial_dag.py for tasks to queue
[2023-04-27T18:58:21.314+0300] {logging_mixin.py:137} INFO - [2023-04-27T18:58:21.314+0300] {dagbag.py:532} INFO - Filling up the DagBag from /home/vladimir/.local/lib/python3.10/site-packages/airflow/example_dags/tutorial_dag.py
[2023-04-27T18:58:21.324+0300] {processor.py:753} INFO - DAG(s) dict_keys(['tutorial_dag']) retrieved from /home/vladimir/.local/lib/python3.10/site-packages/airflow/example_dags/tutorial_dag.py
[2023-04-27T18:58:21.338+0300] {logging_mixin.py:137} INFO - [2023-04-27T18:58:21.338+0300] {dag.py:2705} INFO - Sync 1 DAGs
[2023-04-27T18:58:21.350+0300] {logging_mixin.py:137} INFO - [2023-04-27T18:58:21.350+0300] {dag.py:3452} INFO - Setting next_dagrun for tutorial_dag to None, run_after=None
[2023-04-27T18:58:21.363+0300] {processor.py:175} INFO - Processing /home/vladimir/.local/lib/python3.10/site-packages/airflow/example_dags/tutorial_dag.py took 0.052 seconds
[2023-04-27T18:58:53.970+0300] {processor.py:153} INFO - Started process (PID=6871) to work on /home/vladimir/.local/lib/python3.10/site-packages/airflow/example_dags/tutorial_dag.py
[2023-04-27T18:58:53.971+0300] {processor.py:743} INFO - Processing file /home/vladimir/.local/lib/python3.10/site-packages/airflow/example_dags/tutorial_dag.py for tasks to queue
[2023-04-27T18:58:53.971+0300] {logging_mixin.py:137} INFO - [2023-04-27T18:58:53.971+0300] {dagbag.py:532} INFO - Filling up the DagBag from /home/vladimir/.local/lib/python3.10/site-packages/airflow/example_dags/tutorial_dag.py
[2023-04-27T18:58:53.980+0300] {processor.py:753} INFO - DAG(s) dict_keys(['tutorial_dag']) retrieved from /home/vladimir/.local/lib/python3.10/site-packages/airflow/example_dags/tutorial_dag.py
[2023-04-27T18:58:53.995+0300] {logging_mixin.py:137} INFO - [2023-04-27T18:58:53.994+0300] {dag.py:2705} INFO - Sync 1 DAGs
[2023-04-27T18:58:54.006+0300] {logging_mixin.py:137} INFO - [2023-04-27T18:58:54.006+0300] {dag.py:3452} INFO - Setting next_dagrun for tutorial_dag to None, run_after=None
[2023-04-27T18:58:54.019+0300] {processor.py:175} INFO - Processing /home/vladimir/.local/lib/python3.10/site-packages/airflow/example_dags/tutorial_dag.py took 0.051 seconds
[2023-04-27T18:59:32.367+0300] {processor.py:153} INFO - Started process (PID=6941) to work on /home/vladimir/.local/lib/python3.10/site-packages/airflow/example_dags/tutorial_dag.py
[2023-04-27T18:59:32.369+0300] {processor.py:743} INFO - Processing file /home/vladimir/.local/lib/python3.10/site-packages/airflow/example_dags/tutorial_dag.py for tasks to queue
[2023-04-27T18:59:32.369+0300] {logging_mixin.py:137} INFO - [2023-04-27T18:59:32.369+0300] {dagbag.py:532} INFO - Filling up the DagBag from /home/vladimir/.local/lib/python3.10/site-packages/airflow/example_dags/tutorial_dag.py
[2023-04-27T18:59:32.379+0300] {processor.py:753} INFO - DAG(s) dict_keys(['tutorial_dag']) retrieved from /home/vladimir/.local/lib/python3.10/site-packages/airflow/example_dags/tutorial_dag.py
[2023-04-27T18:59:32.393+0300] {logging_mixin.py:137} INFO - [2023-04-27T18:59:32.393+0300] {dag.py:2705} INFO - Sync 1 DAGs
[2023-04-27T18:59:32.405+0300] {logging_mixin.py:137} INFO - [2023-04-27T18:59:32.404+0300] {dag.py:3452} INFO - Setting next_dagrun for tutorial_dag to None, run_after=None
[2023-04-27T18:59:32.416+0300] {processor.py:175} INFO - Processing /home/vladimir/.local/lib/python3.10/site-packages/airflow/example_dags/tutorial_dag.py took 0.052 seconds
[2023-04-27T19:00:03.987+0300] {processor.py:153} INFO - Started process (PID=6991) to work on /home/vladimir/.local/lib/python3.10/site-packages/airflow/example_dags/tutorial_dag.py
[2023-04-27T19:00:03.988+0300] {processor.py:743} INFO - Processing file /home/vladimir/.local/lib/python3.10/site-packages/airflow/example_dags/tutorial_dag.py for tasks to queue
[2023-04-27T19:00:03.988+0300] {logging_mixin.py:137} INFO - [2023-04-27T19:00:03.988+0300] {dagbag.py:532} INFO - Filling up the DagBag from /home/vladimir/.local/lib/python3.10/site-packages/airflow/example_dags/tutorial_dag.py
[2023-04-27T19:00:03.998+0300] {processor.py:753} INFO - DAG(s) dict_keys(['tutorial_dag']) retrieved from /home/vladimir/.local/lib/python3.10/site-packages/airflow/example_dags/tutorial_dag.py
[2023-04-27T19:00:04.012+0300] {logging_mixin.py:137} INFO - [2023-04-27T19:00:04.012+0300] {dag.py:2705} INFO - Sync 1 DAGs
[2023-04-27T19:00:04.023+0300] {logging_mixin.py:137} INFO - [2023-04-27T19:00:04.023+0300] {dag.py:3452} INFO - Setting next_dagrun for tutorial_dag to None, run_after=None
[2023-04-27T19:00:04.036+0300] {processor.py:175} INFO - Processing /home/vladimir/.local/lib/python3.10/site-packages/airflow/example_dags/tutorial_dag.py took 0.052 seconds
[2023-04-27T19:00:41.904+0300] {processor.py:153} INFO - Started process (PID=7087) to work on /home/vladimir/.local/lib/python3.10/site-packages/airflow/example_dags/tutorial_dag.py
[2023-04-27T19:00:41.905+0300] {processor.py:743} INFO - Processing file /home/vladimir/.local/lib/python3.10/site-packages/airflow/example_dags/tutorial_dag.py for tasks to queue
[2023-04-27T19:00:41.906+0300] {logging_mixin.py:137} INFO - [2023-04-27T19:00:41.906+0300] {dagbag.py:532} INFO - Filling up the DagBag from /home/vladimir/.local/lib/python3.10/site-packages/airflow/example_dags/tutorial_dag.py
[2023-04-27T19:00:41.916+0300] {processor.py:753} INFO - DAG(s) dict_keys(['tutorial_dag']) retrieved from /home/vladimir/.local/lib/python3.10/site-packages/airflow/example_dags/tutorial_dag.py
[2023-04-27T19:00:41.931+0300] {logging_mixin.py:137} INFO - [2023-04-27T19:00:41.931+0300] {dag.py:2705} INFO - Sync 1 DAGs
[2023-04-27T19:00:41.943+0300] {logging_mixin.py:137} INFO - [2023-04-27T19:00:41.943+0300] {dag.py:3452} INFO - Setting next_dagrun for tutorial_dag to None, run_after=None
[2023-04-27T19:00:41.958+0300] {processor.py:175} INFO - Processing /home/vladimir/.local/lib/python3.10/site-packages/airflow/example_dags/tutorial_dag.py took 0.056 seconds
[2023-04-27T19:01:16.051+0300] {processor.py:153} INFO - Started process (PID=7175) to work on /home/vladimir/.local/lib/python3.10/site-packages/airflow/example_dags/tutorial_dag.py
[2023-04-27T19:01:16.053+0300] {processor.py:743} INFO - Processing file /home/vladimir/.local/lib/python3.10/site-packages/airflow/example_dags/tutorial_dag.py for tasks to queue
[2023-04-27T19:01:16.053+0300] {logging_mixin.py:137} INFO - [2023-04-27T19:01:16.053+0300] {dagbag.py:532} INFO - Filling up the DagBag from /home/vladimir/.local/lib/python3.10/site-packages/airflow/example_dags/tutorial_dag.py
[2023-04-27T19:01:16.063+0300] {processor.py:753} INFO - DAG(s) dict_keys(['tutorial_dag']) retrieved from /home/vladimir/.local/lib/python3.10/site-packages/airflow/example_dags/tutorial_dag.py
[2023-04-27T19:01:16.078+0300] {logging_mixin.py:137} INFO - [2023-04-27T19:01:16.078+0300] {dag.py:2705} INFO - Sync 1 DAGs
[2023-04-27T19:01:16.092+0300] {logging_mixin.py:137} INFO - [2023-04-27T19:01:16.092+0300] {dag.py:3452} INFO - Setting next_dagrun for tutorial_dag to None, run_after=None
[2023-04-27T19:01:16.107+0300] {processor.py:175} INFO - Processing /home/vladimir/.local/lib/python3.10/site-packages/airflow/example_dags/tutorial_dag.py took 0.058 seconds
