[2023-04-27T18:25:35.942+0300] {processor.py:153} INFO - Started process (PID=5864) to work on /home/vladimir/.local/lib/python3.10/site-packages/airflow/example_dags/tutorial.py
[2023-04-27T18:25:35.950+0300] {processor.py:743} INFO - Processing file /home/vladimir/.local/lib/python3.10/site-packages/airflow/example_dags/tutorial.py for tasks to queue
[2023-04-27T18:25:35.952+0300] {logging_mixin.py:137} INFO - [2023-04-27T18:25:35.951+0300] {dagbag.py:532} INFO - Filling up the DagBag from /home/vladimir/.local/lib/python3.10/site-packages/airflow/example_dags/tutorial.py
[2023-04-27T18:25:36.032+0300] {processor.py:753} INFO - DAG(s) dict_keys(['tutorial']) retrieved from /home/vladimir/.local/lib/python3.10/site-packages/airflow/example_dags/tutorial.py
[2023-04-27T18:25:36.355+0300] {logging_mixin.py:137} INFO - [2023-04-27T18:25:36.354+0300] {manager.py:504} INFO - Created Permission View: can read on DAG:tutorial
[2023-04-27T18:25:36.367+0300] {logging_mixin.py:137} INFO - [2023-04-27T18:25:36.367+0300] {manager.py:504} INFO - Created Permission View: can delete on DAG:tutorial
[2023-04-27T18:25:36.378+0300] {logging_mixin.py:137} INFO - [2023-04-27T18:25:36.378+0300] {manager.py:504} INFO - Created Permission View: can edit on DAG:tutorial
[2023-04-27T18:25:36.378+0300] {logging_mixin.py:137} INFO - [2023-04-27T18:25:36.378+0300] {dag.py:2705} INFO - Sync 1 DAGs
[2023-04-27T18:25:36.402+0300] {logging_mixin.py:137} INFO - [2023-04-27T18:25:36.402+0300] {dag.py:2726} INFO - Creating ORM DAG for tutorial
[2023-04-27T18:25:36.422+0300] {logging_mixin.py:137} INFO - [2023-04-27T18:25:36.422+0300] {dag.py:3452} INFO - Setting next_dagrun for tutorial to 2023-04-26T15:25:36.421544+00:00, run_after=2023-04-27T15:25:36.421544+00:00
[2023-04-27T18:25:36.450+0300] {processor.py:175} INFO - Processing /home/vladimir/.local/lib/python3.10/site-packages/airflow/example_dags/tutorial.py took 0.531 seconds
[2023-04-27T18:26:23.377+0300] {processor.py:153} INFO - Started process (PID=6000) to work on /home/vladimir/.local/lib/python3.10/site-packages/airflow/example_dags/tutorial.py
[2023-04-27T18:26:23.378+0300] {processor.py:743} INFO - Processing file /home/vladimir/.local/lib/python3.10/site-packages/airflow/example_dags/tutorial.py for tasks to queue
[2023-04-27T18:26:23.379+0300] {logging_mixin.py:137} INFO - [2023-04-27T18:26:23.379+0300] {dagbag.py:532} INFO - Filling up the DagBag from /home/vladimir/.local/lib/python3.10/site-packages/airflow/example_dags/tutorial.py
[2023-04-27T18:26:23.393+0300] {processor.py:753} INFO - DAG(s) dict_keys(['tutorial']) retrieved from /home/vladimir/.local/lib/python3.10/site-packages/airflow/example_dags/tutorial.py
[2023-04-27T18:26:23.408+0300] {logging_mixin.py:137} INFO - [2023-04-27T18:26:23.407+0300] {dag.py:2705} INFO - Sync 1 DAGs
[2023-04-27T18:26:23.422+0300] {logging_mixin.py:137} INFO - [2023-04-27T18:26:23.422+0300] {dag.py:3452} INFO - Setting next_dagrun for tutorial to 2023-04-26T15:26:23.422159+00:00, run_after=2023-04-27T15:26:23.422159+00:00
[2023-04-27T18:26:23.437+0300] {processor.py:175} INFO - Processing /home/vladimir/.local/lib/python3.10/site-packages/airflow/example_dags/tutorial.py took 0.062 seconds
[2023-04-27T18:27:05.581+0300] {processor.py:153} INFO - Started process (PID=6067) to work on /home/vladimir/.local/lib/python3.10/site-packages/airflow/example_dags/tutorial.py
[2023-04-27T18:27:05.582+0300] {processor.py:743} INFO - Processing file /home/vladimir/.local/lib/python3.10/site-packages/airflow/example_dags/tutorial.py for tasks to queue
[2023-04-27T18:27:05.582+0300] {logging_mixin.py:137} INFO - [2023-04-27T18:27:05.582+0300] {dagbag.py:532} INFO - Filling up the DagBag from /home/vladimir/.local/lib/python3.10/site-packages/airflow/example_dags/tutorial.py
[2023-04-27T18:27:05.592+0300] {processor.py:753} INFO - DAG(s) dict_keys(['tutorial']) retrieved from /home/vladimir/.local/lib/python3.10/site-packages/airflow/example_dags/tutorial.py
[2023-04-27T18:27:05.606+0300] {logging_mixin.py:137} INFO - [2023-04-27T18:27:05.605+0300] {dag.py:2705} INFO - Sync 1 DAGs
[2023-04-27T18:27:05.618+0300] {logging_mixin.py:137} INFO - [2023-04-27T18:27:05.618+0300] {dag.py:3452} INFO - Setting next_dagrun for tutorial to 2023-04-26T15:27:05.618032+00:00, run_after=2023-04-27T15:27:05.618032+00:00
[2023-04-27T18:27:05.635+0300] {processor.py:175} INFO - Processing /home/vladimir/.local/lib/python3.10/site-packages/airflow/example_dags/tutorial.py took 0.056 seconds
[2023-04-27T18:27:47.314+0300] {processor.py:153} INFO - Started process (PID=6128) to work on /home/vladimir/.local/lib/python3.10/site-packages/airflow/example_dags/tutorial.py
[2023-04-27T18:27:47.315+0300] {processor.py:743} INFO - Processing file /home/vladimir/.local/lib/python3.10/site-packages/airflow/example_dags/tutorial.py for tasks to queue
[2023-04-27T18:27:47.315+0300] {logging_mixin.py:137} INFO - [2023-04-27T18:27:47.315+0300] {dagbag.py:532} INFO - Filling up the DagBag from /home/vladimir/.local/lib/python3.10/site-packages/airflow/example_dags/tutorial.py
[2023-04-27T18:27:47.326+0300] {processor.py:753} INFO - DAG(s) dict_keys(['tutorial']) retrieved from /home/vladimir/.local/lib/python3.10/site-packages/airflow/example_dags/tutorial.py
[2023-04-27T18:27:47.339+0300] {logging_mixin.py:137} INFO - [2023-04-27T18:27:47.339+0300] {dag.py:2705} INFO - Sync 1 DAGs
[2023-04-27T18:27:47.353+0300] {logging_mixin.py:137} INFO - [2023-04-27T18:27:47.353+0300] {dag.py:3452} INFO - Setting next_dagrun for tutorial to 2023-04-26T15:27:47.353280+00:00, run_after=2023-04-27T15:27:47.353280+00:00
[2023-04-27T18:27:47.367+0300] {processor.py:175} INFO - Processing /home/vladimir/.local/lib/python3.10/site-packages/airflow/example_dags/tutorial.py took 0.056 seconds
[2023-04-27T18:28:32.639+0300] {processor.py:153} INFO - Started process (PID=6196) to work on /home/vladimir/.local/lib/python3.10/site-packages/airflow/example_dags/tutorial.py
[2023-04-27T18:28:32.640+0300] {processor.py:743} INFO - Processing file /home/vladimir/.local/lib/python3.10/site-packages/airflow/example_dags/tutorial.py for tasks to queue
[2023-04-27T18:28:32.640+0300] {logging_mixin.py:137} INFO - [2023-04-27T18:28:32.640+0300] {dagbag.py:532} INFO - Filling up the DagBag from /home/vladimir/.local/lib/python3.10/site-packages/airflow/example_dags/tutorial.py
[2023-04-27T18:28:32.651+0300] {processor.py:753} INFO - DAG(s) dict_keys(['tutorial']) retrieved from /home/vladimir/.local/lib/python3.10/site-packages/airflow/example_dags/tutorial.py
[2023-04-27T18:28:32.664+0300] {logging_mixin.py:137} INFO - [2023-04-27T18:28:32.664+0300] {dag.py:2705} INFO - Sync 1 DAGs
[2023-04-27T18:28:32.678+0300] {logging_mixin.py:137} INFO - [2023-04-27T18:28:32.678+0300] {dag.py:3452} INFO - Setting next_dagrun for tutorial to 2023-04-26T15:28:32.678100+00:00, run_after=2023-04-27T15:28:32.678100+00:00
[2023-04-27T18:28:32.695+0300] {processor.py:175} INFO - Processing /home/vladimir/.local/lib/python3.10/site-packages/airflow/example_dags/tutorial.py took 0.059 seconds
[2023-04-27T18:29:20.407+0300] {processor.py:153} INFO - Started process (PID=6339) to work on /home/vladimir/.local/lib/python3.10/site-packages/airflow/example_dags/tutorial.py
[2023-04-27T18:29:20.408+0300] {processor.py:743} INFO - Processing file /home/vladimir/.local/lib/python3.10/site-packages/airflow/example_dags/tutorial.py for tasks to queue
[2023-04-27T18:29:20.408+0300] {logging_mixin.py:137} INFO - [2023-04-27T18:29:20.408+0300] {dagbag.py:532} INFO - Filling up the DagBag from /home/vladimir/.local/lib/python3.10/site-packages/airflow/example_dags/tutorial.py
[2023-04-27T18:29:20.419+0300] {processor.py:753} INFO - DAG(s) dict_keys(['tutorial']) retrieved from /home/vladimir/.local/lib/python3.10/site-packages/airflow/example_dags/tutorial.py
[2023-04-27T18:29:20.434+0300] {logging_mixin.py:137} INFO - [2023-04-27T18:29:20.434+0300] {dag.py:2705} INFO - Sync 1 DAGs
[2023-04-27T18:29:20.446+0300] {logging_mixin.py:137} INFO - [2023-04-27T18:29:20.446+0300] {dag.py:3452} INFO - Setting next_dagrun for tutorial to 2023-04-26T15:29:20.446268+00:00, run_after=2023-04-27T15:29:20.446268+00:00
[2023-04-27T18:29:20.465+0300] {processor.py:175} INFO - Processing /home/vladimir/.local/lib/python3.10/site-packages/airflow/example_dags/tutorial.py took 0.061 seconds
[2023-04-27T18:29:58.995+0300] {processor.py:153} INFO - Started process (PID=6425) to work on /home/vladimir/.local/lib/python3.10/site-packages/airflow/example_dags/tutorial.py
[2023-04-27T18:29:58.996+0300] {processor.py:743} INFO - Processing file /home/vladimir/.local/lib/python3.10/site-packages/airflow/example_dags/tutorial.py for tasks to queue
[2023-04-27T18:29:58.996+0300] {logging_mixin.py:137} INFO - [2023-04-27T18:29:58.996+0300] {dagbag.py:532} INFO - Filling up the DagBag from /home/vladimir/.local/lib/python3.10/site-packages/airflow/example_dags/tutorial.py
[2023-04-27T18:29:59.007+0300] {processor.py:753} INFO - DAG(s) dict_keys(['tutorial']) retrieved from /home/vladimir/.local/lib/python3.10/site-packages/airflow/example_dags/tutorial.py
[2023-04-27T18:29:59.020+0300] {logging_mixin.py:137} INFO - [2023-04-27T18:29:59.020+0300] {dag.py:2705} INFO - Sync 1 DAGs
[2023-04-27T18:29:59.031+0300] {logging_mixin.py:137} INFO - [2023-04-27T18:29:59.031+0300] {dag.py:3452} INFO - Setting next_dagrun for tutorial to 2023-04-26T15:29:59.031330+00:00, run_after=2023-04-27T15:29:59.031330+00:00
[2023-04-27T18:29:59.045+0300] {processor.py:175} INFO - Processing /home/vladimir/.local/lib/python3.10/site-packages/airflow/example_dags/tutorial.py took 0.052 seconds
[2023-04-27T18:30:45.686+0300] {processor.py:153} INFO - Started process (PID=6549) to work on /home/vladimir/.local/lib/python3.10/site-packages/airflow/example_dags/tutorial.py
[2023-04-27T18:30:45.687+0300] {processor.py:743} INFO - Processing file /home/vladimir/.local/lib/python3.10/site-packages/airflow/example_dags/tutorial.py for tasks to queue
[2023-04-27T18:30:45.688+0300] {logging_mixin.py:137} INFO - [2023-04-27T18:30:45.688+0300] {dagbag.py:532} INFO - Filling up the DagBag from /home/vladimir/.local/lib/python3.10/site-packages/airflow/example_dags/tutorial.py
[2023-04-27T18:30:45.698+0300] {processor.py:753} INFO - DAG(s) dict_keys(['tutorial']) retrieved from /home/vladimir/.local/lib/python3.10/site-packages/airflow/example_dags/tutorial.py
[2023-04-27T18:30:45.710+0300] {logging_mixin.py:137} INFO - [2023-04-27T18:30:45.710+0300] {dag.py:2705} INFO - Sync 1 DAGs
[2023-04-27T18:30:45.722+0300] {logging_mixin.py:137} INFO - [2023-04-27T18:30:45.722+0300] {dag.py:3452} INFO - Setting next_dagrun for tutorial to 2023-04-26T15:30:45.722720+00:00, run_after=2023-04-27T15:30:45.722720+00:00
[2023-04-27T18:30:45.734+0300] {processor.py:175} INFO - Processing /home/vladimir/.local/lib/python3.10/site-packages/airflow/example_dags/tutorial.py took 0.050 seconds
[2023-04-27T18:31:35.468+0300] {processor.py:153} INFO - Started process (PID=6641) to work on /home/vladimir/.local/lib/python3.10/site-packages/airflow/example_dags/tutorial.py
[2023-04-27T18:31:35.469+0300] {processor.py:743} INFO - Processing file /home/vladimir/.local/lib/python3.10/site-packages/airflow/example_dags/tutorial.py for tasks to queue
[2023-04-27T18:31:35.470+0300] {logging_mixin.py:137} INFO - [2023-04-27T18:31:35.469+0300] {dagbag.py:532} INFO - Filling up the DagBag from /home/vladimir/.local/lib/python3.10/site-packages/airflow/example_dags/tutorial.py
[2023-04-27T18:31:35.480+0300] {processor.py:753} INFO - DAG(s) dict_keys(['tutorial']) retrieved from /home/vladimir/.local/lib/python3.10/site-packages/airflow/example_dags/tutorial.py
[2023-04-27T18:31:35.494+0300] {logging_mixin.py:137} INFO - [2023-04-27T18:31:35.494+0300] {dag.py:2705} INFO - Sync 1 DAGs
[2023-04-27T18:31:35.506+0300] {logging_mixin.py:137} INFO - [2023-04-27T18:31:35.506+0300] {dag.py:3452} INFO - Setting next_dagrun for tutorial to 2023-04-26T15:31:35.506091+00:00, run_after=2023-04-27T15:31:35.506091+00:00
[2023-04-27T18:31:35.520+0300] {processor.py:175} INFO - Processing /home/vladimir/.local/lib/python3.10/site-packages/airflow/example_dags/tutorial.py took 0.054 seconds
[2023-04-27T18:32:16.167+0300] {processor.py:153} INFO - Started process (PID=6705) to work on /home/vladimir/.local/lib/python3.10/site-packages/airflow/example_dags/tutorial.py
[2023-04-27T18:32:16.168+0300] {processor.py:743} INFO - Processing file /home/vladimir/.local/lib/python3.10/site-packages/airflow/example_dags/tutorial.py for tasks to queue
[2023-04-27T18:32:16.168+0300] {logging_mixin.py:137} INFO - [2023-04-27T18:32:16.168+0300] {dagbag.py:532} INFO - Filling up the DagBag from /home/vladimir/.local/lib/python3.10/site-packages/airflow/example_dags/tutorial.py
[2023-04-27T18:32:16.178+0300] {processor.py:753} INFO - DAG(s) dict_keys(['tutorial']) retrieved from /home/vladimir/.local/lib/python3.10/site-packages/airflow/example_dags/tutorial.py
[2023-04-27T18:32:16.191+0300] {logging_mixin.py:137} INFO - [2023-04-27T18:32:16.191+0300] {dag.py:2705} INFO - Sync 1 DAGs
[2023-04-27T18:32:16.204+0300] {logging_mixin.py:137} INFO - [2023-04-27T18:32:16.204+0300] {dag.py:3452} INFO - Setting next_dagrun for tutorial to 2023-04-26T15:32:16.204553+00:00, run_after=2023-04-27T15:32:16.204553+00:00
[2023-04-27T18:32:16.217+0300] {processor.py:175} INFO - Processing /home/vladimir/.local/lib/python3.10/site-packages/airflow/example_dags/tutorial.py took 0.052 seconds
[2023-04-27T18:33:03.011+0300] {processor.py:153} INFO - Started process (PID=6873) to work on /home/vladimir/.local/lib/python3.10/site-packages/airflow/example_dags/tutorial.py
[2023-04-27T18:33:03.012+0300] {processor.py:743} INFO - Processing file /home/vladimir/.local/lib/python3.10/site-packages/airflow/example_dags/tutorial.py for tasks to queue
[2023-04-27T18:33:03.013+0300] {logging_mixin.py:137} INFO - [2023-04-27T18:33:03.013+0300] {dagbag.py:532} INFO - Filling up the DagBag from /home/vladimir/.local/lib/python3.10/site-packages/airflow/example_dags/tutorial.py
[2023-04-27T18:33:03.024+0300] {processor.py:753} INFO - DAG(s) dict_keys(['tutorial']) retrieved from /home/vladimir/.local/lib/python3.10/site-packages/airflow/example_dags/tutorial.py
[2023-04-27T18:33:03.040+0300] {logging_mixin.py:137} INFO - [2023-04-27T18:33:03.040+0300] {dag.py:2705} INFO - Sync 1 DAGs
[2023-04-27T18:33:03.053+0300] {logging_mixin.py:137} INFO - [2023-04-27T18:33:03.053+0300] {dag.py:3452} INFO - Setting next_dagrun for tutorial to 2023-04-26T15:33:03.052864+00:00, run_after=2023-04-27T15:33:03.052864+00:00
[2023-04-27T18:33:03.066+0300] {processor.py:175} INFO - Processing /home/vladimir/.local/lib/python3.10/site-packages/airflow/example_dags/tutorial.py took 0.058 seconds
[2023-04-27T18:33:43.572+0300] {processor.py:153} INFO - Started process (PID=6933) to work on /home/vladimir/.local/lib/python3.10/site-packages/airflow/example_dags/tutorial.py
[2023-04-27T18:33:43.573+0300] {processor.py:743} INFO - Processing file /home/vladimir/.local/lib/python3.10/site-packages/airflow/example_dags/tutorial.py for tasks to queue
[2023-04-27T18:33:43.573+0300] {logging_mixin.py:137} INFO - [2023-04-27T18:33:43.573+0300] {dagbag.py:532} INFO - Filling up the DagBag from /home/vladimir/.local/lib/python3.10/site-packages/airflow/example_dags/tutorial.py
[2023-04-27T18:33:43.583+0300] {processor.py:753} INFO - DAG(s) dict_keys(['tutorial']) retrieved from /home/vladimir/.local/lib/python3.10/site-packages/airflow/example_dags/tutorial.py
[2023-04-27T18:33:43.597+0300] {logging_mixin.py:137} INFO - [2023-04-27T18:33:43.597+0300] {dag.py:2705} INFO - Sync 1 DAGs
[2023-04-27T18:33:43.610+0300] {logging_mixin.py:137} INFO - [2023-04-27T18:33:43.610+0300] {dag.py:3452} INFO - Setting next_dagrun for tutorial to 2023-04-26T15:33:43.610547+00:00, run_after=2023-04-27T15:33:43.610547+00:00
[2023-04-27T18:33:43.623+0300] {processor.py:175} INFO - Processing /home/vladimir/.local/lib/python3.10/site-packages/airflow/example_dags/tutorial.py took 0.053 seconds
[2023-04-27T18:34:20.922+0300] {processor.py:153} INFO - Started process (PID=6996) to work on /home/vladimir/.local/lib/python3.10/site-packages/airflow/example_dags/tutorial.py
[2023-04-27T18:34:20.923+0300] {processor.py:743} INFO - Processing file /home/vladimir/.local/lib/python3.10/site-packages/airflow/example_dags/tutorial.py for tasks to queue
[2023-04-27T18:34:20.923+0300] {logging_mixin.py:137} INFO - [2023-04-27T18:34:20.923+0300] {dagbag.py:532} INFO - Filling up the DagBag from /home/vladimir/.local/lib/python3.10/site-packages/airflow/example_dags/tutorial.py
[2023-04-27T18:34:20.934+0300] {processor.py:753} INFO - DAG(s) dict_keys(['tutorial']) retrieved from /home/vladimir/.local/lib/python3.10/site-packages/airflow/example_dags/tutorial.py
[2023-04-27T18:34:20.949+0300] {logging_mixin.py:137} INFO - [2023-04-27T18:34:20.948+0300] {dag.py:2705} INFO - Sync 1 DAGs
[2023-04-27T18:34:20.963+0300] {logging_mixin.py:137} INFO - [2023-04-27T18:34:20.963+0300] {dag.py:3452} INFO - Setting next_dagrun for tutorial to 2023-04-26T15:34:20.962868+00:00, run_after=2023-04-27T15:34:20.962868+00:00
[2023-04-27T18:34:20.976+0300] {processor.py:175} INFO - Processing /home/vladimir/.local/lib/python3.10/site-packages/airflow/example_dags/tutorial.py took 0.057 seconds
[2023-04-27T18:35:09.000+0300] {processor.py:153} INFO - Started process (PID=7127) to work on /home/vladimir/.local/lib/python3.10/site-packages/airflow/example_dags/tutorial.py
[2023-04-27T18:35:09.001+0300] {processor.py:743} INFO - Processing file /home/vladimir/.local/lib/python3.10/site-packages/airflow/example_dags/tutorial.py for tasks to queue
[2023-04-27T18:35:09.001+0300] {logging_mixin.py:137} INFO - [2023-04-27T18:35:09.001+0300] {dagbag.py:532} INFO - Filling up the DagBag from /home/vladimir/.local/lib/python3.10/site-packages/airflow/example_dags/tutorial.py
[2023-04-27T18:35:09.012+0300] {processor.py:753} INFO - DAG(s) dict_keys(['tutorial']) retrieved from /home/vladimir/.local/lib/python3.10/site-packages/airflow/example_dags/tutorial.py
[2023-04-27T18:35:09.024+0300] {logging_mixin.py:137} INFO - [2023-04-27T18:35:09.024+0300] {dag.py:2705} INFO - Sync 1 DAGs
[2023-04-27T18:35:09.036+0300] {logging_mixin.py:137} INFO - [2023-04-27T18:35:09.036+0300] {dag.py:3452} INFO - Setting next_dagrun for tutorial to 2023-04-26T15:35:09.036353+00:00, run_after=2023-04-27T15:35:09.036353+00:00
[2023-04-27T18:35:09.054+0300] {processor.py:175} INFO - Processing /home/vladimir/.local/lib/python3.10/site-packages/airflow/example_dags/tutorial.py took 0.056 seconds
[2023-04-27T18:35:58.985+0300] {processor.py:153} INFO - Started process (PID=7490) to work on /home/vladimir/.local/lib/python3.10/site-packages/airflow/example_dags/tutorial.py
[2023-04-27T18:35:58.986+0300] {processor.py:743} INFO - Processing file /home/vladimir/.local/lib/python3.10/site-packages/airflow/example_dags/tutorial.py for tasks to queue
[2023-04-27T18:35:58.987+0300] {logging_mixin.py:137} INFO - [2023-04-27T18:35:58.987+0300] {dagbag.py:532} INFO - Filling up the DagBag from /home/vladimir/.local/lib/python3.10/site-packages/airflow/example_dags/tutorial.py
[2023-04-27T18:35:58.998+0300] {processor.py:753} INFO - DAG(s) dict_keys(['tutorial']) retrieved from /home/vladimir/.local/lib/python3.10/site-packages/airflow/example_dags/tutorial.py
[2023-04-27T18:35:59.012+0300] {logging_mixin.py:137} INFO - [2023-04-27T18:35:59.012+0300] {dag.py:2705} INFO - Sync 1 DAGs
[2023-04-27T18:35:59.024+0300] {logging_mixin.py:137} INFO - [2023-04-27T18:35:59.024+0300] {dag.py:3452} INFO - Setting next_dagrun for tutorial to 2023-04-26T15:35:59.023946+00:00, run_after=2023-04-27T15:35:59.023946+00:00
[2023-04-27T18:35:59.039+0300] {processor.py:175} INFO - Processing /home/vladimir/.local/lib/python3.10/site-packages/airflow/example_dags/tutorial.py took 0.058 seconds
[2023-04-27T18:36:44.238+0300] {processor.py:153} INFO - Started process (PID=7570) to work on /home/vladimir/.local/lib/python3.10/site-packages/airflow/example_dags/tutorial.py
[2023-04-27T18:36:44.238+0300] {processor.py:743} INFO - Processing file /home/vladimir/.local/lib/python3.10/site-packages/airflow/example_dags/tutorial.py for tasks to queue
[2023-04-27T18:36:44.239+0300] {logging_mixin.py:137} INFO - [2023-04-27T18:36:44.239+0300] {dagbag.py:532} INFO - Filling up the DagBag from /home/vladimir/.local/lib/python3.10/site-packages/airflow/example_dags/tutorial.py
[2023-04-27T18:36:44.249+0300] {processor.py:753} INFO - DAG(s) dict_keys(['tutorial']) retrieved from /home/vladimir/.local/lib/python3.10/site-packages/airflow/example_dags/tutorial.py
[2023-04-27T18:36:44.264+0300] {logging_mixin.py:137} INFO - [2023-04-27T18:36:44.264+0300] {dag.py:2705} INFO - Sync 1 DAGs
[2023-04-27T18:36:44.276+0300] {logging_mixin.py:137} INFO - [2023-04-27T18:36:44.276+0300] {dag.py:3452} INFO - Setting next_dagrun for tutorial to 2023-04-26T15:36:44.276527+00:00, run_after=2023-04-27T15:36:44.276527+00:00
[2023-04-27T18:36:44.289+0300] {processor.py:175} INFO - Processing /home/vladimir/.local/lib/python3.10/site-packages/airflow/example_dags/tutorial.py took 0.054 seconds
[2023-04-27T18:37:22.479+0300] {processor.py:153} INFO - Started process (PID=7654) to work on /home/vladimir/.local/lib/python3.10/site-packages/airflow/example_dags/tutorial.py
[2023-04-27T18:37:22.480+0300] {processor.py:743} INFO - Processing file /home/vladimir/.local/lib/python3.10/site-packages/airflow/example_dags/tutorial.py for tasks to queue
[2023-04-27T18:37:22.481+0300] {logging_mixin.py:137} INFO - [2023-04-27T18:37:22.480+0300] {dagbag.py:532} INFO - Filling up the DagBag from /home/vladimir/.local/lib/python3.10/site-packages/airflow/example_dags/tutorial.py
[2023-04-27T18:37:22.491+0300] {processor.py:753} INFO - DAG(s) dict_keys(['tutorial']) retrieved from /home/vladimir/.local/lib/python3.10/site-packages/airflow/example_dags/tutorial.py
[2023-04-27T18:37:22.505+0300] {logging_mixin.py:137} INFO - [2023-04-27T18:37:22.504+0300] {dag.py:2705} INFO - Sync 1 DAGs
[2023-04-27T18:37:22.517+0300] {logging_mixin.py:137} INFO - [2023-04-27T18:37:22.516+0300] {dag.py:3452} INFO - Setting next_dagrun for tutorial to 2023-04-26T15:37:22.516771+00:00, run_after=2023-04-27T15:37:22.516771+00:00
[2023-04-27T18:37:22.529+0300] {processor.py:175} INFO - Processing /home/vladimir/.local/lib/python3.10/site-packages/airflow/example_dags/tutorial.py took 0.052 seconds
[2023-04-27T18:38:07.880+0300] {processor.py:153} INFO - Started process (PID=7716) to work on /home/vladimir/.local/lib/python3.10/site-packages/airflow/example_dags/tutorial.py
[2023-04-27T18:38:07.881+0300] {processor.py:743} INFO - Processing file /home/vladimir/.local/lib/python3.10/site-packages/airflow/example_dags/tutorial.py for tasks to queue
[2023-04-27T18:38:07.882+0300] {logging_mixin.py:137} INFO - [2023-04-27T18:38:07.882+0300] {dagbag.py:532} INFO - Filling up the DagBag from /home/vladimir/.local/lib/python3.10/site-packages/airflow/example_dags/tutorial.py
[2023-04-27T18:38:07.892+0300] {processor.py:753} INFO - DAG(s) dict_keys(['tutorial']) retrieved from /home/vladimir/.local/lib/python3.10/site-packages/airflow/example_dags/tutorial.py
[2023-04-27T18:38:07.905+0300] {logging_mixin.py:137} INFO - [2023-04-27T18:38:07.905+0300] {dag.py:2705} INFO - Sync 1 DAGs
[2023-04-27T18:38:07.918+0300] {logging_mixin.py:137} INFO - [2023-04-27T18:38:07.918+0300] {dag.py:3452} INFO - Setting next_dagrun for tutorial to 2023-04-26T15:38:07.917999+00:00, run_after=2023-04-27T15:38:07.917999+00:00
[2023-04-27T18:38:07.931+0300] {processor.py:175} INFO - Processing /home/vladimir/.local/lib/python3.10/site-packages/airflow/example_dags/tutorial.py took 0.053 seconds
[2023-04-27T18:38:46.781+0300] {processor.py:153} INFO - Started process (PID=8060) to work on /home/vladimir/.local/lib/python3.10/site-packages/airflow/example_dags/tutorial.py
[2023-04-27T18:38:46.782+0300] {processor.py:743} INFO - Processing file /home/vladimir/.local/lib/python3.10/site-packages/airflow/example_dags/tutorial.py for tasks to queue
[2023-04-27T18:38:46.783+0300] {logging_mixin.py:137} INFO - [2023-04-27T18:38:46.783+0300] {dagbag.py:532} INFO - Filling up the DagBag from /home/vladimir/.local/lib/python3.10/site-packages/airflow/example_dags/tutorial.py
[2023-04-27T18:38:46.794+0300] {processor.py:753} INFO - DAG(s) dict_keys(['tutorial']) retrieved from /home/vladimir/.local/lib/python3.10/site-packages/airflow/example_dags/tutorial.py
[2023-04-27T18:38:46.808+0300] {logging_mixin.py:137} INFO - [2023-04-27T18:38:46.808+0300] {dag.py:2705} INFO - Sync 1 DAGs
[2023-04-27T18:38:46.821+0300] {logging_mixin.py:137} INFO - [2023-04-27T18:38:46.821+0300] {dag.py:3452} INFO - Setting next_dagrun for tutorial to 2023-04-26T15:38:46.820911+00:00, run_after=2023-04-27T15:38:46.820911+00:00
[2023-04-27T18:38:46.834+0300] {processor.py:175} INFO - Processing /home/vladimir/.local/lib/python3.10/site-packages/airflow/example_dags/tutorial.py took 0.055 seconds
[2023-04-27T18:39:25.825+0300] {processor.py:153} INFO - Started process (PID=8132) to work on /home/vladimir/.local/lib/python3.10/site-packages/airflow/example_dags/tutorial.py
[2023-04-27T18:39:25.826+0300] {processor.py:743} INFO - Processing file /home/vladimir/.local/lib/python3.10/site-packages/airflow/example_dags/tutorial.py for tasks to queue
[2023-04-27T18:39:25.827+0300] {logging_mixin.py:137} INFO - [2023-04-27T18:39:25.827+0300] {dagbag.py:532} INFO - Filling up the DagBag from /home/vladimir/.local/lib/python3.10/site-packages/airflow/example_dags/tutorial.py
[2023-04-27T18:39:25.838+0300] {processor.py:753} INFO - DAG(s) dict_keys(['tutorial']) retrieved from /home/vladimir/.local/lib/python3.10/site-packages/airflow/example_dags/tutorial.py
[2023-04-27T18:39:25.852+0300] {logging_mixin.py:137} INFO - [2023-04-27T18:39:25.852+0300] {dag.py:2705} INFO - Sync 1 DAGs
[2023-04-27T18:39:25.864+0300] {logging_mixin.py:137} INFO - [2023-04-27T18:39:25.863+0300] {dag.py:3452} INFO - Setting next_dagrun for tutorial to 2023-04-26T15:39:25.863811+00:00, run_after=2023-04-27T15:39:25.863811+00:00
[2023-04-27T18:39:25.877+0300] {processor.py:175} INFO - Processing /home/vladimir/.local/lib/python3.10/site-packages/airflow/example_dags/tutorial.py took 0.054 seconds
[2023-04-27T18:40:13.271+0300] {processor.py:153} INFO - Started process (PID=8248) to work on /home/vladimir/.local/lib/python3.10/site-packages/airflow/example_dags/tutorial.py
[2023-04-27T18:40:13.271+0300] {processor.py:743} INFO - Processing file /home/vladimir/.local/lib/python3.10/site-packages/airflow/example_dags/tutorial.py for tasks to queue
[2023-04-27T18:40:13.272+0300] {logging_mixin.py:137} INFO - [2023-04-27T18:40:13.272+0300] {dagbag.py:532} INFO - Filling up the DagBag from /home/vladimir/.local/lib/python3.10/site-packages/airflow/example_dags/tutorial.py
[2023-04-27T18:40:13.283+0300] {processor.py:753} INFO - DAG(s) dict_keys(['tutorial']) retrieved from /home/vladimir/.local/lib/python3.10/site-packages/airflow/example_dags/tutorial.py
[2023-04-27T18:40:13.296+0300] {logging_mixin.py:137} INFO - [2023-04-27T18:40:13.296+0300] {dag.py:2705} INFO - Sync 1 DAGs
[2023-04-27T18:40:13.309+0300] {logging_mixin.py:137} INFO - [2023-04-27T18:40:13.309+0300] {dag.py:3452} INFO - Setting next_dagrun for tutorial to 2023-04-26T15:40:13.309384+00:00, run_after=2023-04-27T15:40:13.309384+00:00
[2023-04-27T18:40:13.322+0300] {processor.py:175} INFO - Processing /home/vladimir/.local/lib/python3.10/site-packages/airflow/example_dags/tutorial.py took 0.054 seconds
[2023-04-27T18:41:23.255+0300] {processor.py:153} INFO - Started process (PID=3093) to work on /home/vladimir/.local/lib/python3.10/site-packages/airflow/example_dags/tutorial.py
[2023-04-27T18:41:23.256+0300] {processor.py:743} INFO - Processing file /home/vladimir/.local/lib/python3.10/site-packages/airflow/example_dags/tutorial.py for tasks to queue
[2023-04-27T18:41:23.257+0300] {logging_mixin.py:137} INFO - [2023-04-27T18:41:23.257+0300] {dagbag.py:532} INFO - Filling up the DagBag from /home/vladimir/.local/lib/python3.10/site-packages/airflow/example_dags/tutorial.py
[2023-04-27T18:41:23.267+0300] {processor.py:753} INFO - DAG(s) dict_keys(['tutorial']) retrieved from /home/vladimir/.local/lib/python3.10/site-packages/airflow/example_dags/tutorial.py
[2023-04-27T18:41:23.279+0300] {logging_mixin.py:137} INFO - [2023-04-27T18:41:23.279+0300] {dag.py:2705} INFO - Sync 1 DAGs
[2023-04-27T18:41:23.290+0300] {logging_mixin.py:137} INFO - [2023-04-27T18:41:23.290+0300] {dag.py:3452} INFO - Setting next_dagrun for tutorial to 2023-04-26T15:41:23.290453+00:00, run_after=2023-04-27T15:41:23.290453+00:00
[2023-04-27T18:41:23.302+0300] {processor.py:175} INFO - Processing /home/vladimir/.local/lib/python3.10/site-packages/airflow/example_dags/tutorial.py took 0.049 seconds
[2023-04-27T18:42:05.460+0300] {processor.py:153} INFO - Started process (PID=3714) to work on /home/vladimir/.local/lib/python3.10/site-packages/airflow/example_dags/tutorial.py
[2023-04-27T18:42:05.461+0300] {processor.py:743} INFO - Processing file /home/vladimir/.local/lib/python3.10/site-packages/airflow/example_dags/tutorial.py for tasks to queue
[2023-04-27T18:42:05.462+0300] {logging_mixin.py:137} INFO - [2023-04-27T18:42:05.461+0300] {dagbag.py:532} INFO - Filling up the DagBag from /home/vladimir/.local/lib/python3.10/site-packages/airflow/example_dags/tutorial.py
[2023-04-27T18:42:05.473+0300] {processor.py:753} INFO - DAG(s) dict_keys(['tutorial']) retrieved from /home/vladimir/.local/lib/python3.10/site-packages/airflow/example_dags/tutorial.py
[2023-04-27T18:42:05.486+0300] {logging_mixin.py:137} INFO - [2023-04-27T18:42:05.486+0300] {dag.py:2705} INFO - Sync 1 DAGs
[2023-04-27T18:42:05.498+0300] {logging_mixin.py:137} INFO - [2023-04-27T18:42:05.498+0300] {dag.py:3452} INFO - Setting next_dagrun for tutorial to 2023-04-26T15:42:05.498079+00:00, run_after=2023-04-27T15:42:05.498079+00:00
[2023-04-27T18:42:05.509+0300] {processor.py:175} INFO - Processing /home/vladimir/.local/lib/python3.10/site-packages/airflow/example_dags/tutorial.py took 0.051 seconds
[2023-04-27T18:42:47.391+0300] {processor.py:153} INFO - Started process (PID=4525) to work on /home/vladimir/.local/lib/python3.10/site-packages/airflow/example_dags/tutorial.py
[2023-04-27T18:42:47.392+0300] {processor.py:743} INFO - Processing file /home/vladimir/.local/lib/python3.10/site-packages/airflow/example_dags/tutorial.py for tasks to queue
[2023-04-27T18:42:47.393+0300] {logging_mixin.py:137} INFO - [2023-04-27T18:42:47.393+0300] {dagbag.py:532} INFO - Filling up the DagBag from /home/vladimir/.local/lib/python3.10/site-packages/airflow/example_dags/tutorial.py
[2023-04-27T18:42:47.405+0300] {processor.py:753} INFO - DAG(s) dict_keys(['tutorial']) retrieved from /home/vladimir/.local/lib/python3.10/site-packages/airflow/example_dags/tutorial.py
[2023-04-27T18:42:47.419+0300] {logging_mixin.py:137} INFO - [2023-04-27T18:42:47.419+0300] {dag.py:2705} INFO - Sync 1 DAGs
[2023-04-27T18:42:47.433+0300] {logging_mixin.py:137} INFO - [2023-04-27T18:42:47.433+0300] {dag.py:3452} INFO - Setting next_dagrun for tutorial to 2023-04-26T15:42:47.433366+00:00, run_after=2023-04-27T15:42:47.433366+00:00
[2023-04-27T18:42:47.448+0300] {processor.py:175} INFO - Processing /home/vladimir/.local/lib/python3.10/site-packages/airflow/example_dags/tutorial.py took 0.059 seconds
[2023-04-27T18:43:30.209+0300] {processor.py:153} INFO - Started process (PID=5202) to work on /home/vladimir/.local/lib/python3.10/site-packages/airflow/example_dags/tutorial.py
[2023-04-27T18:43:30.210+0300] {processor.py:743} INFO - Processing file /home/vladimir/.local/lib/python3.10/site-packages/airflow/example_dags/tutorial.py for tasks to queue
[2023-04-27T18:43:30.211+0300] {logging_mixin.py:137} INFO - [2023-04-27T18:43:30.211+0300] {dagbag.py:532} INFO - Filling up the DagBag from /home/vladimir/.local/lib/python3.10/site-packages/airflow/example_dags/tutorial.py
[2023-04-27T18:43:30.223+0300] {processor.py:753} INFO - DAG(s) dict_keys(['tutorial']) retrieved from /home/vladimir/.local/lib/python3.10/site-packages/airflow/example_dags/tutorial.py
[2023-04-27T18:43:30.241+0300] {logging_mixin.py:137} INFO - [2023-04-27T18:43:30.241+0300] {dag.py:2705} INFO - Sync 1 DAGs
[2023-04-27T18:43:30.256+0300] {logging_mixin.py:137} INFO - [2023-04-27T18:43:30.256+0300] {dag.py:3452} INFO - Setting next_dagrun for tutorial to 2023-04-26T15:43:30.256192+00:00, run_after=2023-04-27T15:43:30.256192+00:00
[2023-04-27T18:43:30.269+0300] {processor.py:175} INFO - Processing /home/vladimir/.local/lib/python3.10/site-packages/airflow/example_dags/tutorial.py took 0.063 seconds
[2023-04-27T18:44:14.440+0300] {processor.py:153} INFO - Started process (PID=8261) to work on /home/vladimir/.local/lib/python3.10/site-packages/airflow/example_dags/tutorial.py
[2023-04-27T18:44:14.447+0300] {processor.py:743} INFO - Processing file /home/vladimir/.local/lib/python3.10/site-packages/airflow/example_dags/tutorial.py for tasks to queue
[2023-04-27T18:44:14.448+0300] {logging_mixin.py:137} INFO - [2023-04-27T18:44:14.448+0300] {dagbag.py:532} INFO - Filling up the DagBag from /home/vladimir/.local/lib/python3.10/site-packages/airflow/example_dags/tutorial.py
[2023-04-27T18:44:14.482+0300] {processor.py:753} INFO - DAG(s) dict_keys(['tutorial']) retrieved from /home/vladimir/.local/lib/python3.10/site-packages/airflow/example_dags/tutorial.py
[2023-04-27T18:44:14.547+0300] {logging_mixin.py:137} INFO - [2023-04-27T18:44:14.547+0300] {dag.py:2705} INFO - Sync 1 DAGs
[2023-04-27T18:44:14.593+0300] {logging_mixin.py:137} INFO - [2023-04-27T18:44:14.593+0300] {dag.py:3452} INFO - Setting next_dagrun for tutorial to 2023-04-26T15:44:14.593646+00:00, run_after=2023-04-27T15:44:14.593646+00:00
[2023-04-27T18:44:14.630+0300] {processor.py:175} INFO - Processing /home/vladimir/.local/lib/python3.10/site-packages/airflow/example_dags/tutorial.py took 0.209 seconds
[2023-04-27T18:44:56.545+0300] {processor.py:153} INFO - Started process (PID=9359) to work on /home/vladimir/.local/lib/python3.10/site-packages/airflow/example_dags/tutorial.py
[2023-04-27T18:44:56.546+0300] {processor.py:743} INFO - Processing file /home/vladimir/.local/lib/python3.10/site-packages/airflow/example_dags/tutorial.py for tasks to queue
[2023-04-27T18:44:56.547+0300] {logging_mixin.py:137} INFO - [2023-04-27T18:44:56.547+0300] {dagbag.py:532} INFO - Filling up the DagBag from /home/vladimir/.local/lib/python3.10/site-packages/airflow/example_dags/tutorial.py
[2023-04-27T18:44:56.559+0300] {processor.py:753} INFO - DAG(s) dict_keys(['tutorial']) retrieved from /home/vladimir/.local/lib/python3.10/site-packages/airflow/example_dags/tutorial.py
[2023-04-27T18:44:56.579+0300] {logging_mixin.py:137} INFO - [2023-04-27T18:44:56.578+0300] {dag.py:2705} INFO - Sync 1 DAGs
[2023-04-27T18:44:56.594+0300] {logging_mixin.py:137} INFO - [2023-04-27T18:44:56.594+0300] {dag.py:3452} INFO - Setting next_dagrun for tutorial to 2023-04-26T15:44:56.594012+00:00, run_after=2023-04-27T15:44:56.594012+00:00
[2023-04-27T18:44:56.608+0300] {processor.py:175} INFO - Processing /home/vladimir/.local/lib/python3.10/site-packages/airflow/example_dags/tutorial.py took 0.065 seconds
[2023-04-27T18:45:39.836+0300] {processor.py:153} INFO - Started process (PID=12625) to work on /home/vladimir/.local/lib/python3.10/site-packages/airflow/example_dags/tutorial.py
[2023-04-27T18:45:39.837+0300] {processor.py:743} INFO - Processing file /home/vladimir/.local/lib/python3.10/site-packages/airflow/example_dags/tutorial.py for tasks to queue
[2023-04-27T18:45:39.837+0300] {logging_mixin.py:137} INFO - [2023-04-27T18:45:39.837+0300] {dagbag.py:532} INFO - Filling up the DagBag from /home/vladimir/.local/lib/python3.10/site-packages/airflow/example_dags/tutorial.py
[2023-04-27T18:45:39.851+0300] {processor.py:753} INFO - DAG(s) dict_keys(['tutorial']) retrieved from /home/vladimir/.local/lib/python3.10/site-packages/airflow/example_dags/tutorial.py
[2023-04-27T18:45:39.868+0300] {logging_mixin.py:137} INFO - [2023-04-27T18:45:39.868+0300] {dag.py:2705} INFO - Sync 1 DAGs
[2023-04-27T18:45:39.884+0300] {logging_mixin.py:137} INFO - [2023-04-27T18:45:39.884+0300] {dag.py:3452} INFO - Setting next_dagrun for tutorial to 2023-04-26T15:45:39.884161+00:00, run_after=2023-04-27T15:45:39.884161+00:00
[2023-04-27T18:45:39.901+0300] {processor.py:175} INFO - Processing /home/vladimir/.local/lib/python3.10/site-packages/airflow/example_dags/tutorial.py took 0.067 seconds
[2023-04-27T18:47:00.171+0300] {processor.py:153} INFO - Started process (PID=2997) to work on /home/vladimir/.local/lib/python3.10/site-packages/airflow/example_dags/tutorial.py
[2023-04-27T18:47:00.172+0300] {processor.py:743} INFO - Processing file /home/vladimir/.local/lib/python3.10/site-packages/airflow/example_dags/tutorial.py for tasks to queue
[2023-04-27T18:47:00.173+0300] {logging_mixin.py:137} INFO - [2023-04-27T18:47:00.172+0300] {dagbag.py:532} INFO - Filling up the DagBag from /home/vladimir/.local/lib/python3.10/site-packages/airflow/example_dags/tutorial.py
[2023-04-27T18:47:00.188+0300] {processor.py:753} INFO - DAG(s) dict_keys(['tutorial']) retrieved from /home/vladimir/.local/lib/python3.10/site-packages/airflow/example_dags/tutorial.py
[2023-04-27T18:47:00.217+0300] {logging_mixin.py:137} INFO - [2023-04-27T18:47:00.217+0300] {dag.py:2705} INFO - Sync 1 DAGs
[2023-04-27T18:47:00.233+0300] {logging_mixin.py:137} INFO - [2023-04-27T18:47:00.233+0300] {dag.py:3452} INFO - Setting next_dagrun for tutorial to 2023-04-26T15:47:00.233427+00:00, run_after=2023-04-27T15:47:00.233427+00:00
[2023-04-27T18:47:00.249+0300] {processor.py:175} INFO - Processing /home/vladimir/.local/lib/python3.10/site-packages/airflow/example_dags/tutorial.py took 0.085 seconds
[2023-04-27T18:47:42.500+0300] {processor.py:153} INFO - Started process (PID=3954) to work on /home/vladimir/.local/lib/python3.10/site-packages/airflow/example_dags/tutorial.py
[2023-04-27T18:47:42.501+0300] {processor.py:743} INFO - Processing file /home/vladimir/.local/lib/python3.10/site-packages/airflow/example_dags/tutorial.py for tasks to queue
[2023-04-27T18:47:42.501+0300] {logging_mixin.py:137} INFO - [2023-04-27T18:47:42.501+0300] {dagbag.py:532} INFO - Filling up the DagBag from /home/vladimir/.local/lib/python3.10/site-packages/airflow/example_dags/tutorial.py
[2023-04-27T18:47:42.512+0300] {processor.py:753} INFO - DAG(s) dict_keys(['tutorial']) retrieved from /home/vladimir/.local/lib/python3.10/site-packages/airflow/example_dags/tutorial.py
[2023-04-27T18:47:42.526+0300] {logging_mixin.py:137} INFO - [2023-04-27T18:47:42.526+0300] {dag.py:2705} INFO - Sync 1 DAGs
[2023-04-27T18:47:42.538+0300] {logging_mixin.py:137} INFO - [2023-04-27T18:47:42.538+0300] {dag.py:3452} INFO - Setting next_dagrun for tutorial to 2023-04-26T15:47:42.537973+00:00, run_after=2023-04-27T15:47:42.537973+00:00
[2023-04-27T18:47:42.551+0300] {processor.py:175} INFO - Processing /home/vladimir/.local/lib/python3.10/site-packages/airflow/example_dags/tutorial.py took 0.054 seconds
[2023-04-27T18:48:22.420+0300] {processor.py:153} INFO - Started process (PID=4130) to work on /home/vladimir/.local/lib/python3.10/site-packages/airflow/example_dags/tutorial.py
[2023-04-27T18:48:22.421+0300] {processor.py:743} INFO - Processing file /home/vladimir/.local/lib/python3.10/site-packages/airflow/example_dags/tutorial.py for tasks to queue
[2023-04-27T18:48:22.421+0300] {logging_mixin.py:137} INFO - [2023-04-27T18:48:22.421+0300] {dagbag.py:532} INFO - Filling up the DagBag from /home/vladimir/.local/lib/python3.10/site-packages/airflow/example_dags/tutorial.py
[2023-04-27T18:48:22.433+0300] {processor.py:753} INFO - DAG(s) dict_keys(['tutorial']) retrieved from /home/vladimir/.local/lib/python3.10/site-packages/airflow/example_dags/tutorial.py
[2023-04-27T18:48:22.446+0300] {logging_mixin.py:137} INFO - [2023-04-27T18:48:22.446+0300] {dag.py:2705} INFO - Sync 1 DAGs
[2023-04-27T18:48:22.459+0300] {logging_mixin.py:137} INFO - [2023-04-27T18:48:22.459+0300] {dag.py:3452} INFO - Setting next_dagrun for tutorial to 2023-04-26T15:48:22.459085+00:00, run_after=2023-04-27T15:48:22.459085+00:00
[2023-04-27T18:48:22.473+0300] {processor.py:175} INFO - Processing /home/vladimir/.local/lib/python3.10/site-packages/airflow/example_dags/tutorial.py took 0.055 seconds
[2023-04-27T18:49:07.623+0300] {processor.py:153} INFO - Started process (PID=4179) to work on /home/vladimir/.local/lib/python3.10/site-packages/airflow/example_dags/tutorial.py
[2023-04-27T18:49:07.624+0300] {processor.py:743} INFO - Processing file /home/vladimir/.local/lib/python3.10/site-packages/airflow/example_dags/tutorial.py for tasks to queue
[2023-04-27T18:49:07.624+0300] {logging_mixin.py:137} INFO - [2023-04-27T18:49:07.624+0300] {dagbag.py:532} INFO - Filling up the DagBag from /home/vladimir/.local/lib/python3.10/site-packages/airflow/example_dags/tutorial.py
[2023-04-27T18:49:07.634+0300] {processor.py:753} INFO - DAG(s) dict_keys(['tutorial']) retrieved from /home/vladimir/.local/lib/python3.10/site-packages/airflow/example_dags/tutorial.py
[2023-04-27T18:49:07.647+0300] {logging_mixin.py:137} INFO - [2023-04-27T18:49:07.647+0300] {dag.py:2705} INFO - Sync 1 DAGs
[2023-04-27T18:49:07.659+0300] {logging_mixin.py:137} INFO - [2023-04-27T18:49:07.659+0300] {dag.py:3452} INFO - Setting next_dagrun for tutorial to 2023-04-26T15:49:07.659626+00:00, run_after=2023-04-27T15:49:07.659626+00:00
[2023-04-27T18:49:07.671+0300] {processor.py:175} INFO - Processing /home/vladimir/.local/lib/python3.10/site-packages/airflow/example_dags/tutorial.py took 0.051 seconds
[2023-04-27T18:49:50.076+0300] {processor.py:153} INFO - Started process (PID=4469) to work on /home/vladimir/.local/lib/python3.10/site-packages/airflow/example_dags/tutorial.py
[2023-04-27T18:49:50.078+0300] {processor.py:743} INFO - Processing file /home/vladimir/.local/lib/python3.10/site-packages/airflow/example_dags/tutorial.py for tasks to queue
[2023-04-27T18:49:50.078+0300] {logging_mixin.py:137} INFO - [2023-04-27T18:49:50.078+0300] {dagbag.py:532} INFO - Filling up the DagBag from /home/vladimir/.local/lib/python3.10/site-packages/airflow/example_dags/tutorial.py
[2023-04-27T18:49:50.089+0300] {processor.py:753} INFO - DAG(s) dict_keys(['tutorial']) retrieved from /home/vladimir/.local/lib/python3.10/site-packages/airflow/example_dags/tutorial.py
[2023-04-27T18:49:50.107+0300] {logging_mixin.py:137} INFO - [2023-04-27T18:49:50.107+0300] {dag.py:2705} INFO - Sync 1 DAGs
[2023-04-27T18:49:50.124+0300] {logging_mixin.py:137} INFO - [2023-04-27T18:49:50.124+0300] {dag.py:3452} INFO - Setting next_dagrun for tutorial to 2023-04-26T15:49:50.124420+00:00, run_after=2023-04-27T15:49:50.124420+00:00
[2023-04-27T18:49:50.145+0300] {processor.py:175} INFO - Processing /home/vladimir/.local/lib/python3.10/site-packages/airflow/example_dags/tutorial.py took 0.071 seconds
[2023-04-27T18:50:29.727+0300] {processor.py:153} INFO - Started process (PID=4952) to work on /home/vladimir/.local/lib/python3.10/site-packages/airflow/example_dags/tutorial.py
[2023-04-27T18:50:29.730+0300] {processor.py:743} INFO - Processing file /home/vladimir/.local/lib/python3.10/site-packages/airflow/example_dags/tutorial.py for tasks to queue
[2023-04-27T18:50:29.731+0300] {logging_mixin.py:137} INFO - [2023-04-27T18:50:29.731+0300] {dagbag.py:532} INFO - Filling up the DagBag from /home/vladimir/.local/lib/python3.10/site-packages/airflow/example_dags/tutorial.py
[2023-04-27T18:50:29.743+0300] {processor.py:753} INFO - DAG(s) dict_keys(['tutorial']) retrieved from /home/vladimir/.local/lib/python3.10/site-packages/airflow/example_dags/tutorial.py
[2023-04-27T18:50:29.769+0300] {logging_mixin.py:137} INFO - [2023-04-27T18:50:29.768+0300] {dag.py:2705} INFO - Sync 1 DAGs
[2023-04-27T18:50:29.785+0300] {logging_mixin.py:137} INFO - [2023-04-27T18:50:29.785+0300] {dag.py:3452} INFO - Setting next_dagrun for tutorial to 2023-04-26T15:50:29.785521+00:00, run_after=2023-04-27T15:50:29.785521+00:00
[2023-04-27T18:50:29.800+0300] {processor.py:175} INFO - Processing /home/vladimir/.local/lib/python3.10/site-packages/airflow/example_dags/tutorial.py took 0.076 seconds
[2023-04-27T18:51:14.175+0300] {processor.py:153} INFO - Started process (PID=5252) to work on /home/vladimir/.local/lib/python3.10/site-packages/airflow/example_dags/tutorial.py
[2023-04-27T18:51:14.176+0300] {processor.py:743} INFO - Processing file /home/vladimir/.local/lib/python3.10/site-packages/airflow/example_dags/tutorial.py for tasks to queue
[2023-04-27T18:51:14.177+0300] {logging_mixin.py:137} INFO - [2023-04-27T18:51:14.177+0300] {dagbag.py:532} INFO - Filling up the DagBag from /home/vladimir/.local/lib/python3.10/site-packages/airflow/example_dags/tutorial.py
[2023-04-27T18:51:14.187+0300] {processor.py:753} INFO - DAG(s) dict_keys(['tutorial']) retrieved from /home/vladimir/.local/lib/python3.10/site-packages/airflow/example_dags/tutorial.py
[2023-04-27T18:51:14.201+0300] {logging_mixin.py:137} INFO - [2023-04-27T18:51:14.200+0300] {dag.py:2705} INFO - Sync 1 DAGs
[2023-04-27T18:51:14.212+0300] {logging_mixin.py:137} INFO - [2023-04-27T18:51:14.212+0300] {dag.py:3452} INFO - Setting next_dagrun for tutorial to 2023-04-26T15:51:14.212227+00:00, run_after=2023-04-27T15:51:14.212227+00:00
[2023-04-27T18:51:14.223+0300] {processor.py:175} INFO - Processing /home/vladimir/.local/lib/python3.10/site-packages/airflow/example_dags/tutorial.py took 0.050 seconds
[2023-04-27T18:51:58.603+0300] {processor.py:153} INFO - Started process (PID=5305) to work on /home/vladimir/.local/lib/python3.10/site-packages/airflow/example_dags/tutorial.py
[2023-04-27T18:51:58.604+0300] {processor.py:743} INFO - Processing file /home/vladimir/.local/lib/python3.10/site-packages/airflow/example_dags/tutorial.py for tasks to queue
[2023-04-27T18:51:58.605+0300] {logging_mixin.py:137} INFO - [2023-04-27T18:51:58.605+0300] {dagbag.py:532} INFO - Filling up the DagBag from /home/vladimir/.local/lib/python3.10/site-packages/airflow/example_dags/tutorial.py
[2023-04-27T18:51:58.616+0300] {processor.py:753} INFO - DAG(s) dict_keys(['tutorial']) retrieved from /home/vladimir/.local/lib/python3.10/site-packages/airflow/example_dags/tutorial.py
[2023-04-27T18:51:58.629+0300] {logging_mixin.py:137} INFO - [2023-04-27T18:51:58.629+0300] {dag.py:2705} INFO - Sync 1 DAGs
[2023-04-27T18:51:58.642+0300] {logging_mixin.py:137} INFO - [2023-04-27T18:51:58.642+0300] {dag.py:3452} INFO - Setting next_dagrun for tutorial to 2023-04-26T15:51:58.642042+00:00, run_after=2023-04-27T15:51:58.642042+00:00
[2023-04-27T18:51:58.655+0300] {processor.py:175} INFO - Processing /home/vladimir/.local/lib/python3.10/site-packages/airflow/example_dags/tutorial.py took 0.054 seconds
[2023-04-27T18:52:44.964+0300] {processor.py:153} INFO - Started process (PID=5355) to work on /home/vladimir/.local/lib/python3.10/site-packages/airflow/example_dags/tutorial.py
[2023-04-27T18:52:44.965+0300] {processor.py:743} INFO - Processing file /home/vladimir/.local/lib/python3.10/site-packages/airflow/example_dags/tutorial.py for tasks to queue
[2023-04-27T18:52:44.966+0300] {logging_mixin.py:137} INFO - [2023-04-27T18:52:44.965+0300] {dagbag.py:532} INFO - Filling up the DagBag from /home/vladimir/.local/lib/python3.10/site-packages/airflow/example_dags/tutorial.py
[2023-04-27T18:52:44.976+0300] {processor.py:753} INFO - DAG(s) dict_keys(['tutorial']) retrieved from /home/vladimir/.local/lib/python3.10/site-packages/airflow/example_dags/tutorial.py
[2023-04-27T18:52:44.989+0300] {logging_mixin.py:137} INFO - [2023-04-27T18:52:44.989+0300] {dag.py:2705} INFO - Sync 1 DAGs
[2023-04-27T18:52:45.002+0300] {logging_mixin.py:137} INFO - [2023-04-27T18:52:45.002+0300] {dag.py:3452} INFO - Setting next_dagrun for tutorial to 2023-04-26T15:52:45.002099+00:00, run_after=2023-04-27T15:52:45.002099+00:00
[2023-04-27T18:52:45.013+0300] {processor.py:175} INFO - Processing /home/vladimir/.local/lib/python3.10/site-packages/airflow/example_dags/tutorial.py took 0.052 seconds
[2023-04-27T18:53:28.145+0300] {processor.py:153} INFO - Started process (PID=5545) to work on /home/vladimir/.local/lib/python3.10/site-packages/airflow/example_dags/tutorial.py
[2023-04-27T18:53:28.146+0300] {processor.py:743} INFO - Processing file /home/vladimir/.local/lib/python3.10/site-packages/airflow/example_dags/tutorial.py for tasks to queue
[2023-04-27T18:53:28.146+0300] {logging_mixin.py:137} INFO - [2023-04-27T18:53:28.146+0300] {dagbag.py:532} INFO - Filling up the DagBag from /home/vladimir/.local/lib/python3.10/site-packages/airflow/example_dags/tutorial.py
[2023-04-27T18:53:28.158+0300] {processor.py:753} INFO - DAG(s) dict_keys(['tutorial']) retrieved from /home/vladimir/.local/lib/python3.10/site-packages/airflow/example_dags/tutorial.py
[2023-04-27T18:53:28.170+0300] {logging_mixin.py:137} INFO - [2023-04-27T18:53:28.170+0300] {dag.py:2705} INFO - Sync 1 DAGs
[2023-04-27T18:53:28.182+0300] {logging_mixin.py:137} INFO - [2023-04-27T18:53:28.182+0300] {dag.py:3452} INFO - Setting next_dagrun for tutorial to 2023-04-26T15:53:28.182485+00:00, run_after=2023-04-27T15:53:28.182485+00:00
[2023-04-27T18:53:28.195+0300] {processor.py:175} INFO - Processing /home/vladimir/.local/lib/python3.10/site-packages/airflow/example_dags/tutorial.py took 0.053 seconds
[2023-04-27T18:54:07.092+0300] {processor.py:153} INFO - Started process (PID=5587) to work on /home/vladimir/.local/lib/python3.10/site-packages/airflow/example_dags/tutorial.py
[2023-04-27T18:54:07.093+0300] {processor.py:743} INFO - Processing file /home/vladimir/.local/lib/python3.10/site-packages/airflow/example_dags/tutorial.py for tasks to queue
[2023-04-27T18:54:07.094+0300] {logging_mixin.py:137} INFO - [2023-04-27T18:54:07.094+0300] {dagbag.py:532} INFO - Filling up the DagBag from /home/vladimir/.local/lib/python3.10/site-packages/airflow/example_dags/tutorial.py
[2023-04-27T18:54:07.104+0300] {processor.py:753} INFO - DAG(s) dict_keys(['tutorial']) retrieved from /home/vladimir/.local/lib/python3.10/site-packages/airflow/example_dags/tutorial.py
[2023-04-27T18:54:07.117+0300] {logging_mixin.py:137} INFO - [2023-04-27T18:54:07.117+0300] {dag.py:2705} INFO - Sync 1 DAGs
[2023-04-27T18:54:07.129+0300] {logging_mixin.py:137} INFO - [2023-04-27T18:54:07.128+0300] {dag.py:3452} INFO - Setting next_dagrun for tutorial to 2023-04-26T15:54:07.128792+00:00, run_after=2023-04-27T15:54:07.128792+00:00
[2023-04-27T18:54:07.140+0300] {processor.py:175} INFO - Processing /home/vladimir/.local/lib/python3.10/site-packages/airflow/example_dags/tutorial.py took 0.050 seconds
[2023-04-27T18:54:54.651+0300] {processor.py:153} INFO - Started process (PID=5642) to work on /home/vladimir/.local/lib/python3.10/site-packages/airflow/example_dags/tutorial.py
[2023-04-27T18:54:54.652+0300] {processor.py:743} INFO - Processing file /home/vladimir/.local/lib/python3.10/site-packages/airflow/example_dags/tutorial.py for tasks to queue
[2023-04-27T18:54:54.652+0300] {logging_mixin.py:137} INFO - [2023-04-27T18:54:54.652+0300] {dagbag.py:532} INFO - Filling up the DagBag from /home/vladimir/.local/lib/python3.10/site-packages/airflow/example_dags/tutorial.py
[2023-04-27T18:54:54.662+0300] {processor.py:753} INFO - DAG(s) dict_keys(['tutorial']) retrieved from /home/vladimir/.local/lib/python3.10/site-packages/airflow/example_dags/tutorial.py
[2023-04-27T18:54:54.676+0300] {logging_mixin.py:137} INFO - [2023-04-27T18:54:54.675+0300] {dag.py:2705} INFO - Sync 1 DAGs
[2023-04-27T18:54:54.687+0300] {logging_mixin.py:137} INFO - [2023-04-27T18:54:54.687+0300] {dag.py:3452} INFO - Setting next_dagrun for tutorial to 2023-04-26T15:54:54.687257+00:00, run_after=2023-04-27T15:54:54.687257+00:00
[2023-04-27T18:54:54.699+0300] {processor.py:175} INFO - Processing /home/vladimir/.local/lib/python3.10/site-packages/airflow/example_dags/tutorial.py took 0.050 seconds
[2023-04-27T18:55:43.210+0300] {processor.py:153} INFO - Started process (PID=5702) to work on /home/vladimir/.local/lib/python3.10/site-packages/airflow/example_dags/tutorial.py
[2023-04-27T18:55:43.211+0300] {processor.py:743} INFO - Processing file /home/vladimir/.local/lib/python3.10/site-packages/airflow/example_dags/tutorial.py for tasks to queue
[2023-04-27T18:55:43.212+0300] {logging_mixin.py:137} INFO - [2023-04-27T18:55:43.212+0300] {dagbag.py:532} INFO - Filling up the DagBag from /home/vladimir/.local/lib/python3.10/site-packages/airflow/example_dags/tutorial.py
[2023-04-27T18:55:43.222+0300] {processor.py:753} INFO - DAG(s) dict_keys(['tutorial']) retrieved from /home/vladimir/.local/lib/python3.10/site-packages/airflow/example_dags/tutorial.py
[2023-04-27T18:55:43.235+0300] {logging_mixin.py:137} INFO - [2023-04-27T18:55:43.235+0300] {dag.py:2705} INFO - Sync 1 DAGs
[2023-04-27T18:55:43.247+0300] {logging_mixin.py:137} INFO - [2023-04-27T18:55:43.247+0300] {dag.py:3452} INFO - Setting next_dagrun for tutorial to 2023-04-26T15:55:43.246903+00:00, run_after=2023-04-27T15:55:43.246903+00:00
[2023-04-27T18:55:43.258+0300] {processor.py:175} INFO - Processing /home/vladimir/.local/lib/python3.10/site-packages/airflow/example_dags/tutorial.py took 0.051 seconds
[2023-04-27T18:56:25.977+0300] {processor.py:153} INFO - Started process (PID=6541) to work on /home/vladimir/.local/lib/python3.10/site-packages/airflow/example_dags/tutorial.py
[2023-04-27T18:56:25.980+0300] {processor.py:743} INFO - Processing file /home/vladimir/.local/lib/python3.10/site-packages/airflow/example_dags/tutorial.py for tasks to queue
[2023-04-27T18:56:25.980+0300] {logging_mixin.py:137} INFO - [2023-04-27T18:56:25.980+0300] {dagbag.py:532} INFO - Filling up the DagBag from /home/vladimir/.local/lib/python3.10/site-packages/airflow/example_dags/tutorial.py
[2023-04-27T18:56:25.998+0300] {processor.py:753} INFO - DAG(s) dict_keys(['tutorial']) retrieved from /home/vladimir/.local/lib/python3.10/site-packages/airflow/example_dags/tutorial.py
[2023-04-27T18:56:26.017+0300] {logging_mixin.py:137} INFO - [2023-04-27T18:56:26.016+0300] {dag.py:2705} INFO - Sync 1 DAGs
[2023-04-27T18:56:26.043+0300] {logging_mixin.py:137} INFO - [2023-04-27T18:56:26.043+0300] {dag.py:3452} INFO - Setting next_dagrun for tutorial to 2023-04-26T15:56:26.043051+00:00, run_after=2023-04-27T15:56:26.043051+00:00
[2023-04-27T18:56:26.068+0300] {processor.py:175} INFO - Processing /home/vladimir/.local/lib/python3.10/site-packages/airflow/example_dags/tutorial.py took 0.098 seconds
[2023-04-27T18:57:12.219+0300] {processor.py:153} INFO - Started process (PID=6680) to work on /home/vladimir/.local/lib/python3.10/site-packages/airflow/example_dags/tutorial.py
[2023-04-27T18:57:12.220+0300] {processor.py:743} INFO - Processing file /home/vladimir/.local/lib/python3.10/site-packages/airflow/example_dags/tutorial.py for tasks to queue
[2023-04-27T18:57:12.221+0300] {logging_mixin.py:137} INFO - [2023-04-27T18:57:12.221+0300] {dagbag.py:532} INFO - Filling up the DagBag from /home/vladimir/.local/lib/python3.10/site-packages/airflow/example_dags/tutorial.py
[2023-04-27T18:57:12.231+0300] {processor.py:753} INFO - DAG(s) dict_keys(['tutorial']) retrieved from /home/vladimir/.local/lib/python3.10/site-packages/airflow/example_dags/tutorial.py
[2023-04-27T18:57:12.244+0300] {logging_mixin.py:137} INFO - [2023-04-27T18:57:12.244+0300] {dag.py:2705} INFO - Sync 1 DAGs
[2023-04-27T18:57:12.256+0300] {logging_mixin.py:137} INFO - [2023-04-27T18:57:12.256+0300] {dag.py:3452} INFO - Setting next_dagrun for tutorial to 2023-04-26T15:57:12.256090+00:00, run_after=2023-04-27T15:57:12.256090+00:00
[2023-04-27T18:57:12.267+0300] {processor.py:175} INFO - Processing /home/vladimir/.local/lib/python3.10/site-packages/airflow/example_dags/tutorial.py took 0.050 seconds
[2023-04-27T18:57:52.224+0300] {processor.py:153} INFO - Started process (PID=6751) to work on /home/vladimir/.local/lib/python3.10/site-packages/airflow/example_dags/tutorial.py
[2023-04-27T18:57:52.226+0300] {processor.py:743} INFO - Processing file /home/vladimir/.local/lib/python3.10/site-packages/airflow/example_dags/tutorial.py for tasks to queue
[2023-04-27T18:57:52.226+0300] {logging_mixin.py:137} INFO - [2023-04-27T18:57:52.226+0300] {dagbag.py:532} INFO - Filling up the DagBag from /home/vladimir/.local/lib/python3.10/site-packages/airflow/example_dags/tutorial.py
[2023-04-27T18:57:52.237+0300] {processor.py:753} INFO - DAG(s) dict_keys(['tutorial']) retrieved from /home/vladimir/.local/lib/python3.10/site-packages/airflow/example_dags/tutorial.py
[2023-04-27T18:57:52.250+0300] {logging_mixin.py:137} INFO - [2023-04-27T18:57:52.250+0300] {dag.py:2705} INFO - Sync 1 DAGs
[2023-04-27T18:57:52.262+0300] {logging_mixin.py:137} INFO - [2023-04-27T18:57:52.261+0300] {dag.py:3452} INFO - Setting next_dagrun for tutorial to 2023-04-26T15:57:52.261797+00:00, run_after=2023-04-27T15:57:52.261797+00:00
[2023-04-27T18:57:52.274+0300] {processor.py:175} INFO - Processing /home/vladimir/.local/lib/python3.10/site-packages/airflow/example_dags/tutorial.py took 0.052 seconds
[2023-04-27T18:58:37.717+0300] {processor.py:153} INFO - Started process (PID=6839) to work on /home/vladimir/.local/lib/python3.10/site-packages/airflow/example_dags/tutorial.py
[2023-04-27T18:58:37.718+0300] {processor.py:743} INFO - Processing file /home/vladimir/.local/lib/python3.10/site-packages/airflow/example_dags/tutorial.py for tasks to queue
[2023-04-27T18:58:37.719+0300] {logging_mixin.py:137} INFO - [2023-04-27T18:58:37.719+0300] {dagbag.py:532} INFO - Filling up the DagBag from /home/vladimir/.local/lib/python3.10/site-packages/airflow/example_dags/tutorial.py
[2023-04-27T18:58:37.730+0300] {processor.py:753} INFO - DAG(s) dict_keys(['tutorial']) retrieved from /home/vladimir/.local/lib/python3.10/site-packages/airflow/example_dags/tutorial.py
[2023-04-27T18:58:37.743+0300] {logging_mixin.py:137} INFO - [2023-04-27T18:58:37.743+0300] {dag.py:2705} INFO - Sync 1 DAGs
[2023-04-27T18:58:37.755+0300] {logging_mixin.py:137} INFO - [2023-04-27T18:58:37.755+0300] {dag.py:3452} INFO - Setting next_dagrun for tutorial to 2023-04-26T15:58:37.755318+00:00, run_after=2023-04-27T15:58:37.755318+00:00
[2023-04-27T18:58:37.768+0300] {processor.py:175} INFO - Processing /home/vladimir/.local/lib/python3.10/site-packages/airflow/example_dags/tutorial.py took 0.053 seconds
[2023-04-27T18:59:25.819+0300] {processor.py:153} INFO - Started process (PID=6928) to work on /home/vladimir/.local/lib/python3.10/site-packages/airflow/example_dags/tutorial.py
[2023-04-27T18:59:25.820+0300] {processor.py:743} INFO - Processing file /home/vladimir/.local/lib/python3.10/site-packages/airflow/example_dags/tutorial.py for tasks to queue
[2023-04-27T18:59:25.821+0300] {logging_mixin.py:137} INFO - [2023-04-27T18:59:25.821+0300] {dagbag.py:532} INFO - Filling up the DagBag from /home/vladimir/.local/lib/python3.10/site-packages/airflow/example_dags/tutorial.py
[2023-04-27T18:59:25.832+0300] {processor.py:753} INFO - DAG(s) dict_keys(['tutorial']) retrieved from /home/vladimir/.local/lib/python3.10/site-packages/airflow/example_dags/tutorial.py
[2023-04-27T18:59:25.845+0300] {logging_mixin.py:137} INFO - [2023-04-27T18:59:25.845+0300] {dag.py:2705} INFO - Sync 1 DAGs
[2023-04-27T18:59:25.859+0300] {logging_mixin.py:137} INFO - [2023-04-27T18:59:25.859+0300] {dag.py:3452} INFO - Setting next_dagrun for tutorial to 2023-04-26T15:59:25.858852+00:00, run_after=2023-04-27T15:59:25.858852+00:00
[2023-04-27T18:59:25.877+0300] {processor.py:175} INFO - Processing /home/vladimir/.local/lib/python3.10/site-packages/airflow/example_dags/tutorial.py took 0.061 seconds
[2023-04-27T19:00:08.000+0300] {processor.py:153} INFO - Started process (PID=6998) to work on /home/vladimir/.local/lib/python3.10/site-packages/airflow/example_dags/tutorial.py
[2023-04-27T19:00:08.001+0300] {processor.py:743} INFO - Processing file /home/vladimir/.local/lib/python3.10/site-packages/airflow/example_dags/tutorial.py for tasks to queue
[2023-04-27T19:00:08.002+0300] {logging_mixin.py:137} INFO - [2023-04-27T19:00:08.001+0300] {dagbag.py:532} INFO - Filling up the DagBag from /home/vladimir/.local/lib/python3.10/site-packages/airflow/example_dags/tutorial.py
[2023-04-27T19:00:08.013+0300] {processor.py:753} INFO - DAG(s) dict_keys(['tutorial']) retrieved from /home/vladimir/.local/lib/python3.10/site-packages/airflow/example_dags/tutorial.py
[2023-04-27T19:00:08.025+0300] {logging_mixin.py:137} INFO - [2023-04-27T19:00:08.025+0300] {dag.py:2705} INFO - Sync 1 DAGs
[2023-04-27T19:00:08.037+0300] {logging_mixin.py:137} INFO - [2023-04-27T19:00:08.037+0300] {dag.py:3452} INFO - Setting next_dagrun for tutorial to 2023-04-26T16:00:08.037239+00:00, run_after=2023-04-27T16:00:08.037239+00:00
[2023-04-27T19:00:08.049+0300] {processor.py:175} INFO - Processing /home/vladimir/.local/lib/python3.10/site-packages/airflow/example_dags/tutorial.py took 0.051 seconds
[2023-04-27T19:00:45.780+0300] {processor.py:153} INFO - Started process (PID=7093) to work on /home/vladimir/.local/lib/python3.10/site-packages/airflow/example_dags/tutorial.py
[2023-04-27T19:00:45.780+0300] {processor.py:743} INFO - Processing file /home/vladimir/.local/lib/python3.10/site-packages/airflow/example_dags/tutorial.py for tasks to queue
[2023-04-27T19:00:45.781+0300] {logging_mixin.py:137} INFO - [2023-04-27T19:00:45.781+0300] {dagbag.py:532} INFO - Filling up the DagBag from /home/vladimir/.local/lib/python3.10/site-packages/airflow/example_dags/tutorial.py
[2023-04-27T19:00:45.791+0300] {processor.py:753} INFO - DAG(s) dict_keys(['tutorial']) retrieved from /home/vladimir/.local/lib/python3.10/site-packages/airflow/example_dags/tutorial.py
[2023-04-27T19:00:45.804+0300] {logging_mixin.py:137} INFO - [2023-04-27T19:00:45.804+0300] {dag.py:2705} INFO - Sync 1 DAGs
[2023-04-27T19:00:45.817+0300] {logging_mixin.py:137} INFO - [2023-04-27T19:00:45.817+0300] {dag.py:3452} INFO - Setting next_dagrun for tutorial to 2023-04-26T16:00:45.816820+00:00, run_after=2023-04-27T16:00:45.816820+00:00
[2023-04-27T19:00:45.830+0300] {processor.py:175} INFO - Processing /home/vladimir/.local/lib/python3.10/site-packages/airflow/example_dags/tutorial.py took 0.052 seconds
