[2023-04-23T03:13:03.223+0300] {processor.py:153} INFO - Started process (PID=6985) to work on /home/vladimir/.local/lib/python3.10/site-packages/airflow/example_dags/plugins/listener_plugin.py
[2023-04-23T03:13:03.223+0300] {processor.py:743} INFO - Processing file /home/vladimir/.local/lib/python3.10/site-packages/airflow/example_dags/plugins/listener_plugin.py for tasks to queue
[2023-04-23T03:13:03.224+0300] {logging_mixin.py:137} INFO - [2023-04-23T03:13:03.224+0300] {dagbag.py:532} INFO - Filling up the DagBag from /home/vladimir/.local/lib/python3.10/site-packages/airflow/example_dags/plugins/listener_plugin.py
[2023-04-23T03:13:03.226+0300] {processor.py:755} WARNING - No viable dags retrieved from /home/vladimir/.local/lib/python3.10/site-packages/airflow/example_dags/plugins/listener_plugin.py
[2023-04-23T03:13:03.233+0300] {processor.py:175} INFO - Processing /home/vladimir/.local/lib/python3.10/site-packages/airflow/example_dags/plugins/listener_plugin.py took 0.012 seconds
[2023-04-23T03:13:44.421+0300] {processor.py:153} INFO - Started process (PID=7046) to work on /home/vladimir/.local/lib/python3.10/site-packages/airflow/example_dags/plugins/listener_plugin.py
[2023-04-23T03:13:44.422+0300] {processor.py:743} INFO - Processing file /home/vladimir/.local/lib/python3.10/site-packages/airflow/example_dags/plugins/listener_plugin.py for tasks to queue
[2023-04-23T03:13:44.423+0300] {logging_mixin.py:137} INFO - [2023-04-23T03:13:44.422+0300] {dagbag.py:532} INFO - Filling up the DagBag from /home/vladimir/.local/lib/python3.10/site-packages/airflow/example_dags/plugins/listener_plugin.py
[2023-04-23T03:13:44.424+0300] {processor.py:755} WARNING - No viable dags retrieved from /home/vladimir/.local/lib/python3.10/site-packages/airflow/example_dags/plugins/listener_plugin.py
[2023-04-23T03:13:44.431+0300] {processor.py:175} INFO - Processing /home/vladimir/.local/lib/python3.10/site-packages/airflow/example_dags/plugins/listener_plugin.py took 0.013 seconds
[2023-04-23T03:14:25.561+0300] {processor.py:153} INFO - Started process (PID=7098) to work on /home/vladimir/.local/lib/python3.10/site-packages/airflow/example_dags/plugins/listener_plugin.py
[2023-04-23T03:14:25.562+0300] {processor.py:743} INFO - Processing file /home/vladimir/.local/lib/python3.10/site-packages/airflow/example_dags/plugins/listener_plugin.py for tasks to queue
[2023-04-23T03:14:25.563+0300] {logging_mixin.py:137} INFO - [2023-04-23T03:14:25.563+0300] {dagbag.py:532} INFO - Filling up the DagBag from /home/vladimir/.local/lib/python3.10/site-packages/airflow/example_dags/plugins/listener_plugin.py
[2023-04-23T03:14:25.564+0300] {processor.py:755} WARNING - No viable dags retrieved from /home/vladimir/.local/lib/python3.10/site-packages/airflow/example_dags/plugins/listener_plugin.py
[2023-04-23T03:14:25.571+0300] {processor.py:175} INFO - Processing /home/vladimir/.local/lib/python3.10/site-packages/airflow/example_dags/plugins/listener_plugin.py took 0.012 seconds
[2023-04-23T03:15:05.458+0300] {processor.py:153} INFO - Started process (PID=7195) to work on /home/vladimir/.local/lib/python3.10/site-packages/airflow/example_dags/plugins/listener_plugin.py
[2023-04-23T03:15:05.459+0300] {processor.py:743} INFO - Processing file /home/vladimir/.local/lib/python3.10/site-packages/airflow/example_dags/plugins/listener_plugin.py for tasks to queue
[2023-04-23T03:15:05.459+0300] {logging_mixin.py:137} INFO - [2023-04-23T03:15:05.459+0300] {dagbag.py:532} INFO - Filling up the DagBag from /home/vladimir/.local/lib/python3.10/site-packages/airflow/example_dags/plugins/listener_plugin.py
[2023-04-23T03:15:05.461+0300] {processor.py:755} WARNING - No viable dags retrieved from /home/vladimir/.local/lib/python3.10/site-packages/airflow/example_dags/plugins/listener_plugin.py
[2023-04-23T03:15:05.468+0300] {processor.py:175} INFO - Processing /home/vladimir/.local/lib/python3.10/site-packages/airflow/example_dags/plugins/listener_plugin.py took 0.012 seconds
[2023-04-23T03:15:45.407+0300] {processor.py:153} INFO - Started process (PID=7245) to work on /home/vladimir/.local/lib/python3.10/site-packages/airflow/example_dags/plugins/listener_plugin.py
[2023-04-23T03:15:45.408+0300] {processor.py:743} INFO - Processing file /home/vladimir/.local/lib/python3.10/site-packages/airflow/example_dags/plugins/listener_plugin.py for tasks to queue
[2023-04-23T03:15:45.408+0300] {logging_mixin.py:137} INFO - [2023-04-23T03:15:45.408+0300] {dagbag.py:532} INFO - Filling up the DagBag from /home/vladimir/.local/lib/python3.10/site-packages/airflow/example_dags/plugins/listener_plugin.py
[2023-04-23T03:15:45.410+0300] {processor.py:755} WARNING - No viable dags retrieved from /home/vladimir/.local/lib/python3.10/site-packages/airflow/example_dags/plugins/listener_plugin.py
[2023-04-23T03:15:45.417+0300] {processor.py:175} INFO - Processing /home/vladimir/.local/lib/python3.10/site-packages/airflow/example_dags/plugins/listener_plugin.py took 0.012 seconds
[2023-04-23T03:16:26.493+0300] {processor.py:153} INFO - Started process (PID=7301) to work on /home/vladimir/.local/lib/python3.10/site-packages/airflow/example_dags/plugins/listener_plugin.py
[2023-04-23T03:16:26.495+0300] {processor.py:743} INFO - Processing file /home/vladimir/.local/lib/python3.10/site-packages/airflow/example_dags/plugins/listener_plugin.py for tasks to queue
[2023-04-23T03:16:26.496+0300] {logging_mixin.py:137} INFO - [2023-04-23T03:16:26.496+0300] {dagbag.py:532} INFO - Filling up the DagBag from /home/vladimir/.local/lib/python3.10/site-packages/airflow/example_dags/plugins/listener_plugin.py
[2023-04-23T03:16:26.497+0300] {processor.py:755} WARNING - No viable dags retrieved from /home/vladimir/.local/lib/python3.10/site-packages/airflow/example_dags/plugins/listener_plugin.py
[2023-04-23T03:16:26.505+0300] {processor.py:175} INFO - Processing /home/vladimir/.local/lib/python3.10/site-packages/airflow/example_dags/plugins/listener_plugin.py took 0.014 seconds
[2023-04-23T03:17:07.322+0300] {processor.py:153} INFO - Started process (PID=7375) to work on /home/vladimir/.local/lib/python3.10/site-packages/airflow/example_dags/plugins/listener_plugin.py
[2023-04-23T03:17:07.323+0300] {processor.py:743} INFO - Processing file /home/vladimir/.local/lib/python3.10/site-packages/airflow/example_dags/plugins/listener_plugin.py for tasks to queue
[2023-04-23T03:17:07.324+0300] {logging_mixin.py:137} INFO - [2023-04-23T03:17:07.324+0300] {dagbag.py:532} INFO - Filling up the DagBag from /home/vladimir/.local/lib/python3.10/site-packages/airflow/example_dags/plugins/listener_plugin.py
[2023-04-23T03:17:07.325+0300] {processor.py:755} WARNING - No viable dags retrieved from /home/vladimir/.local/lib/python3.10/site-packages/airflow/example_dags/plugins/listener_plugin.py
[2023-04-23T03:17:07.332+0300] {processor.py:175} INFO - Processing /home/vladimir/.local/lib/python3.10/site-packages/airflow/example_dags/plugins/listener_plugin.py took 0.011 seconds
[2023-04-23T03:17:46.028+0300] {processor.py:153} INFO - Started process (PID=7418) to work on /home/vladimir/.local/lib/python3.10/site-packages/airflow/example_dags/plugins/listener_plugin.py
[2023-04-23T03:17:46.029+0300] {processor.py:743} INFO - Processing file /home/vladimir/.local/lib/python3.10/site-packages/airflow/example_dags/plugins/listener_plugin.py for tasks to queue
[2023-04-23T03:17:46.029+0300] {logging_mixin.py:137} INFO - [2023-04-23T03:17:46.029+0300] {dagbag.py:532} INFO - Filling up the DagBag from /home/vladimir/.local/lib/python3.10/site-packages/airflow/example_dags/plugins/listener_plugin.py
[2023-04-23T03:17:46.031+0300] {processor.py:755} WARNING - No viable dags retrieved from /home/vladimir/.local/lib/python3.10/site-packages/airflow/example_dags/plugins/listener_plugin.py
[2023-04-23T03:17:46.037+0300] {processor.py:175} INFO - Processing /home/vladimir/.local/lib/python3.10/site-packages/airflow/example_dags/plugins/listener_plugin.py took 0.011 seconds
[2023-04-23T03:18:24.133+0300] {processor.py:153} INFO - Started process (PID=7466) to work on /home/vladimir/.local/lib/python3.10/site-packages/airflow/example_dags/plugins/listener_plugin.py
[2023-04-23T03:18:24.134+0300] {processor.py:743} INFO - Processing file /home/vladimir/.local/lib/python3.10/site-packages/airflow/example_dags/plugins/listener_plugin.py for tasks to queue
[2023-04-23T03:18:24.134+0300] {logging_mixin.py:137} INFO - [2023-04-23T03:18:24.134+0300] {dagbag.py:532} INFO - Filling up the DagBag from /home/vladimir/.local/lib/python3.10/site-packages/airflow/example_dags/plugins/listener_plugin.py
[2023-04-23T03:18:24.136+0300] {processor.py:755} WARNING - No viable dags retrieved from /home/vladimir/.local/lib/python3.10/site-packages/airflow/example_dags/plugins/listener_plugin.py
[2023-04-23T03:18:24.142+0300] {processor.py:175} INFO - Processing /home/vladimir/.local/lib/python3.10/site-packages/airflow/example_dags/plugins/listener_plugin.py took 0.012 seconds
[2023-04-23T03:19:04.414+0300] {processor.py:153} INFO - Started process (PID=7509) to work on /home/vladimir/.local/lib/python3.10/site-packages/airflow/example_dags/plugins/listener_plugin.py
[2023-04-23T03:19:04.414+0300] {processor.py:743} INFO - Processing file /home/vladimir/.local/lib/python3.10/site-packages/airflow/example_dags/plugins/listener_plugin.py for tasks to queue
[2023-04-23T03:19:04.415+0300] {logging_mixin.py:137} INFO - [2023-04-23T03:19:04.415+0300] {dagbag.py:532} INFO - Filling up the DagBag from /home/vladimir/.local/lib/python3.10/site-packages/airflow/example_dags/plugins/listener_plugin.py
[2023-04-23T03:19:04.416+0300] {processor.py:755} WARNING - No viable dags retrieved from /home/vladimir/.local/lib/python3.10/site-packages/airflow/example_dags/plugins/listener_plugin.py
[2023-04-23T03:19:04.423+0300] {processor.py:175} INFO - Processing /home/vladimir/.local/lib/python3.10/site-packages/airflow/example_dags/plugins/listener_plugin.py took 0.011 seconds
[2023-04-23T03:19:47.245+0300] {processor.py:153} INFO - Started process (PID=7694) to work on /home/vladimir/.local/lib/python3.10/site-packages/airflow/example_dags/plugins/listener_plugin.py
[2023-04-23T03:19:47.246+0300] {processor.py:743} INFO - Processing file /home/vladimir/.local/lib/python3.10/site-packages/airflow/example_dags/plugins/listener_plugin.py for tasks to queue
[2023-04-23T03:19:47.246+0300] {logging_mixin.py:137} INFO - [2023-04-23T03:19:47.246+0300] {dagbag.py:532} INFO - Filling up the DagBag from /home/vladimir/.local/lib/python3.10/site-packages/airflow/example_dags/plugins/listener_plugin.py
[2023-04-23T03:19:47.248+0300] {processor.py:755} WARNING - No viable dags retrieved from /home/vladimir/.local/lib/python3.10/site-packages/airflow/example_dags/plugins/listener_plugin.py
[2023-04-23T03:19:47.261+0300] {processor.py:175} INFO - Processing /home/vladimir/.local/lib/python3.10/site-packages/airflow/example_dags/plugins/listener_plugin.py took 0.018 seconds
[2023-04-23T03:20:35.955+0300] {processor.py:153} INFO - Started process (PID=7858) to work on /home/vladimir/.local/lib/python3.10/site-packages/airflow/example_dags/plugins/listener_plugin.py
[2023-04-23T03:20:35.958+0300] {processor.py:743} INFO - Processing file /home/vladimir/.local/lib/python3.10/site-packages/airflow/example_dags/plugins/listener_plugin.py for tasks to queue
[2023-04-23T03:20:35.958+0300] {logging_mixin.py:137} INFO - [2023-04-23T03:20:35.958+0300] {dagbag.py:532} INFO - Filling up the DagBag from /home/vladimir/.local/lib/python3.10/site-packages/airflow/example_dags/plugins/listener_plugin.py
[2023-04-23T03:20:35.960+0300] {processor.py:755} WARNING - No viable dags retrieved from /home/vladimir/.local/lib/python3.10/site-packages/airflow/example_dags/plugins/listener_plugin.py
[2023-04-23T03:20:35.967+0300] {processor.py:175} INFO - Processing /home/vladimir/.local/lib/python3.10/site-packages/airflow/example_dags/plugins/listener_plugin.py took 0.015 seconds
[2023-04-23T03:21:20.497+0300] {processor.py:153} INFO - Started process (PID=7941) to work on /home/vladimir/.local/lib/python3.10/site-packages/airflow/example_dags/plugins/listener_plugin.py
[2023-04-23T03:21:20.498+0300] {processor.py:743} INFO - Processing file /home/vladimir/.local/lib/python3.10/site-packages/airflow/example_dags/plugins/listener_plugin.py for tasks to queue
[2023-04-23T03:21:20.498+0300] {logging_mixin.py:137} INFO - [2023-04-23T03:21:20.498+0300] {dagbag.py:532} INFO - Filling up the DagBag from /home/vladimir/.local/lib/python3.10/site-packages/airflow/example_dags/plugins/listener_plugin.py
[2023-04-23T03:21:20.500+0300] {processor.py:755} WARNING - No viable dags retrieved from /home/vladimir/.local/lib/python3.10/site-packages/airflow/example_dags/plugins/listener_plugin.py
[2023-04-23T03:21:20.507+0300] {processor.py:175} INFO - Processing /home/vladimir/.local/lib/python3.10/site-packages/airflow/example_dags/plugins/listener_plugin.py took 0.013 seconds
