[2023-04-23T16:30:36.992+0300] {taskinstance.py:1090} INFO - Dependencies all met for dep_context=non-requeueable deps ti=<TaskInstance: db_train.cr_table manual__2023-04-23T13:30:33.584449+00:00 [queued]>
[2023-04-23T16:30:37.003+0300] {taskinstance.py:1090} INFO - Dependencies all met for dep_context=requeueable deps ti=<TaskInstance: db_train.cr_table manual__2023-04-23T13:30:33.584449+00:00 [queued]>
[2023-04-23T16:30:37.003+0300] {taskinstance.py:1288} INFO - 
--------------------------------------------------------------------------------
[2023-04-23T16:30:37.004+0300] {taskinstance.py:1289} INFO - Starting attempt 1 of 5
[2023-04-23T16:30:37.004+0300] {taskinstance.py:1290} INFO - 
--------------------------------------------------------------------------------
[2023-04-23T16:30:37.016+0300] {taskinstance.py:1309} INFO - Executing <Task(MySqlOperator): cr_table> on 2023-04-23 13:30:33.584449+00:00
[2023-04-23T16:30:37.022+0300] {standard_task_runner.py:55} INFO - Started process 32283 to run task
[2023-04-23T16:30:37.032+0300] {standard_task_runner.py:82} INFO - Running: ['airflow', 'tasks', 'run', 'db_train', 'cr_table', 'manual__2023-04-23T13:30:33.584449+00:00', '--job-id', '29', '--raw', '--subdir', 'DAGS_FOLDER/train_db.py', '--cfg-path', '/tmp/tmpzq02pohs']
[2023-04-23T16:30:37.034+0300] {standard_task_runner.py:83} INFO - Job 29: Subtask cr_table
[2023-04-23T16:30:37.297+0300] {task_command.py:389} INFO - Running <TaskInstance: db_train.cr_table manual__2023-04-23T13:30:33.584449+00:00 [running]> on host vladimir-virtual-machine
[2023-04-23T16:30:37.364+0300] {taskinstance.py:1516} INFO - Exporting the following env vars:
AIRFLOW_CTX_DAG_OWNER=vladimir
AIRFLOW_CTX_DAG_ID=db_train
AIRFLOW_CTX_TASK_ID=cr_table
AIRFLOW_CTX_EXECUTION_DATE=2023-04-23T13:30:33.584449+00:00
AIRFLOW_CTX_TRY_NUMBER=1
AIRFLOW_CTX_DAG_RUN_ID=manual__2023-04-23T13:30:33.584449+00:00
[2023-04-23T16:30:37.365+0300] {sql.py:262} INFO - Executing: 
            create table if not exists popki (
                dt date,
                dag_id VARCHAR(40),
                primary key (dt, dag_id)
            )
        
[2023-04-23T16:30:37.373+0300] {base.py:73} INFO - Using connection ID 'mysql_connection_train' for task execution.
[2023-04-23T16:30:37.512+0300] {base.py:73} INFO - Using connection ID 'mysql_connection_train' for task execution.
[2023-04-23T16:30:37.514+0300] {sql.py:375} INFO - Running statement: 
            create table if not exists popki (
                dt date,
                dag_id VARCHAR(40),
                primary key (dt, dag_id)
            )
        , parameters: None
[2023-04-23T16:30:37.516+0300] {sql.py:384} INFO - Rows affected: 0
[2023-04-23T16:30:37.522+0300] {taskinstance.py:1327} INFO - Marking task as SUCCESS. dag_id=db_train, task_id=cr_table, execution_date=20230423T133033, start_date=20230423T133036, end_date=20230423T133037
[2023-04-23T16:30:37.565+0300] {local_task_job.py:212} INFO - Task exited with return code 0
[2023-04-23T16:30:37.847+0300] {taskinstance.py:2596} INFO - 1 downstream tasks scheduled from follow-on schedule check
