[2023-04-23T21:02:45.450+0300] {taskinstance.py:1090} INFO - Dependencies all met for dep_context=non-requeueable deps ti=<TaskInstance: db_train.write_record manual__2023-04-23T18:02:35.510142+00:00 [queued]>
[2023-04-23T21:02:45.484+0300] {taskinstance.py:1090} INFO - Dependencies all met for dep_context=requeueable deps ti=<TaskInstance: db_train.write_record manual__2023-04-23T18:02:35.510142+00:00 [queued]>
[2023-04-23T21:02:45.484+0300] {taskinstance.py:1288} INFO - 
--------------------------------------------------------------------------------
[2023-04-23T21:02:45.484+0300] {taskinstance.py:1289} INFO - Starting attempt 1 of 5
[2023-04-23T21:02:45.484+0300] {taskinstance.py:1290} INFO - 
--------------------------------------------------------------------------------
[2023-04-23T21:02:45.503+0300] {taskinstance.py:1309} INFO - Executing <Task(MySqlOperator): write_record> on 2023-04-23 18:02:35.510142+00:00
[2023-04-23T21:02:45.508+0300] {standard_task_runner.py:55} INFO - Started process 7557 to run task
[2023-04-23T21:02:45.519+0300] {standard_task_runner.py:82} INFO - Running: ['airflow', 'tasks', 'run', 'db_train', 'write_record', 'manual__2023-04-23T18:02:35.510142+00:00', '--job-id', '58', '--raw', '--subdir', 'DAGS_FOLDER/train_db.py', '--cfg-path', '/tmp/tmpeq5id0mo']
[2023-04-23T21:02:45.521+0300] {standard_task_runner.py:83} INFO - Job 58: Subtask write_record
[2023-04-23T21:02:45.810+0300] {task_command.py:389} INFO - Running <TaskInstance: db_train.write_record manual__2023-04-23T18:02:35.510142+00:00 [running]> on host vladimir-virtual-machine
[2023-04-23T21:02:45.893+0300] {taskinstance.py:1516} INFO - Exporting the following env vars:
AIRFLOW_CTX_DAG_OWNER=vladimir
AIRFLOW_CTX_DAG_ID=db_train
AIRFLOW_CTX_TASK_ID=write_record
AIRFLOW_CTX_EXECUTION_DATE=2023-04-23T18:02:35.510142+00:00
AIRFLOW_CTX_TRY_NUMBER=1
AIRFLOW_CTX_DAG_RUN_ID=manual__2023-04-23T18:02:35.510142+00:00
[2023-04-23T21:02:45.898+0300] {sql.py:262} INFO - Executing: 
            INSERT INTO popki
            VALUES('2023-04-23', 'db_train')
        
[2023-04-23T21:02:45.904+0300] {base.py:73} INFO - Using connection ID 'mysql_connection_train' for task execution.
[2023-04-23T21:02:46.081+0300] {base.py:73} INFO - Using connection ID 'mysql_connection_train' for task execution.
[2023-04-23T21:02:46.082+0300] {sql.py:375} INFO - Running statement: 
            INSERT INTO popki
            VALUES('2023-04-23', 'db_train')
        , parameters: None
[2023-04-23T21:02:46.083+0300] {sql.py:384} INFO - Rows affected: 1
[2023-04-23T21:02:46.092+0300] {taskinstance.py:1327} INFO - Marking task as SUCCESS. dag_id=db_train, task_id=write_record, execution_date=20230423T180235, start_date=20230423T180245, end_date=20230423T180246
[2023-04-23T21:02:46.148+0300] {local_task_job.py:212} INFO - Task exited with return code 0
[2023-04-23T21:02:46.265+0300] {taskinstance.py:2596} INFO - 0 downstream tasks scheduled from follow-on schedule check
