[2023-04-23T21:10:47.931+0300] {taskinstance.py:1090} INFO - Dependencies all met for dep_context=non-requeueable deps ti=<TaskInstance: db_train.write_record manual__2023-04-23T18:10:38.446529+00:00 [queued]>
[2023-04-23T21:10:47.938+0300] {taskinstance.py:1090} INFO - Dependencies all met for dep_context=requeueable deps ti=<TaskInstance: db_train.write_record manual__2023-04-23T18:10:38.446529+00:00 [queued]>
[2023-04-23T21:10:47.939+0300] {taskinstance.py:1288} INFO - 
--------------------------------------------------------------------------------
[2023-04-23T21:10:47.939+0300] {taskinstance.py:1289} INFO - Starting attempt 1 of 5
[2023-04-23T21:10:47.939+0300] {taskinstance.py:1290} INFO - 
--------------------------------------------------------------------------------
[2023-04-23T21:10:47.953+0300] {taskinstance.py:1309} INFO - Executing <Task(MySqlOperator): write_record> on 2023-04-23 18:10:38.446529+00:00
[2023-04-23T21:10:47.956+0300] {standard_task_runner.py:55} INFO - Started process 12006 to run task
[2023-04-23T21:10:47.979+0300] {standard_task_runner.py:82} INFO - Running: ['airflow', 'tasks', 'run', 'db_train', 'write_record', 'manual__2023-04-23T18:10:38.446529+00:00', '--job-id', '64', '--raw', '--subdir', 'DAGS_FOLDER/train_db.py', '--cfg-path', '/tmp/tmpv7_fr0vs']
[2023-04-23T21:10:47.981+0300] {standard_task_runner.py:83} INFO - Job 64: Subtask write_record
[2023-04-23T21:10:48.148+0300] {task_command.py:389} INFO - Running <TaskInstance: db_train.write_record manual__2023-04-23T18:10:38.446529+00:00 [running]> on host vladimir-virtual-machine
[2023-04-23T21:10:48.201+0300] {taskinstance.py:1516} INFO - Exporting the following env vars:
AIRFLOW_CTX_DAG_OWNER=vladimir
AIRFLOW_CTX_DAG_ID=db_train
AIRFLOW_CTX_TASK_ID=write_record
AIRFLOW_CTX_EXECUTION_DATE=2023-04-23T18:10:38.446529+00:00
AIRFLOW_CTX_TRY_NUMBER=1
AIRFLOW_CTX_DAG_RUN_ID=manual__2023-04-23T18:10:38.446529+00:00
[2023-04-23T21:10:48.201+0300] {sql.py:262} INFO - Executing: 
            INSERT INTO popki
            VALUES('2023-04-23T18:10:38.446529+00:00', 'db_train')
        
[2023-04-23T21:10:48.205+0300] {base.py:73} INFO - Using connection ID 'mysql_connection_train' for task execution.
[2023-04-23T21:10:48.354+0300] {base.py:73} INFO - Using connection ID 'mysql_connection_train' for task execution.
[2023-04-23T21:10:48.356+0300] {sql.py:375} INFO - Running statement: 
            INSERT INTO popki
            VALUES('2023-04-23T18:10:38.446529+00:00', 'db_train')
        , parameters: None
[2023-04-23T21:10:48.356+0300] {sql.py:384} INFO - Rows affected: 1
[2023-04-23T21:10:48.367+0300] {taskinstance.py:1327} INFO - Marking task as SUCCESS. dag_id=db_train, task_id=write_record, execution_date=20230423T181038, start_date=20230423T181047, end_date=20230423T181048
[2023-04-23T21:10:48.384+0300] {local_task_job.py:212} INFO - Task exited with return code 0
[2023-04-23T21:10:48.501+0300] {taskinstance.py:2596} INFO - 0 downstream tasks scheduled from follow-on schedule check
