[2023-04-23T16:46:06.392+0300] {taskinstance.py:1090} INFO - Dependencies all met for dep_context=non-requeueable deps ti=<TaskInstance: db_train.write_record manual__2023-04-23T13:28:57.014749+00:00 [queued]>
[2023-04-23T16:46:06.406+0300] {taskinstance.py:1090} INFO - Dependencies all met for dep_context=requeueable deps ti=<TaskInstance: db_train.write_record manual__2023-04-23T13:28:57.014749+00:00 [queued]>
[2023-04-23T16:46:06.406+0300] {taskinstance.py:1288} INFO - 
--------------------------------------------------------------------------------
[2023-04-23T16:46:06.406+0300] {taskinstance.py:1289} INFO - Starting attempt 2 of 5
[2023-04-23T16:46:06.406+0300] {taskinstance.py:1290} INFO - 
--------------------------------------------------------------------------------
[2023-04-23T16:46:06.436+0300] {taskinstance.py:1309} INFO - Executing <Task(MySqlOperator): write_record> on 2023-04-23 13:28:57.014749+00:00
[2023-04-23T16:46:06.442+0300] {standard_task_runner.py:55} INFO - Started process 2969 to run task
[2023-04-23T16:46:06.457+0300] {standard_task_runner.py:82} INFO - Running: ['airflow', 'tasks', 'run', 'db_train', 'write_record', 'manual__2023-04-23T13:28:57.014749+00:00', '--job-id', '33', '--raw', '--subdir', 'DAGS_FOLDER/train_db.py', '--cfg-path', '/tmp/tmpnyk64ui2']
[2023-04-23T16:46:06.460+0300] {standard_task_runner.py:83} INFO - Job 33: Subtask write_record
[2023-04-23T16:46:06.859+0300] {task_command.py:389} INFO - Running <TaskInstance: db_train.write_record manual__2023-04-23T13:28:57.014749+00:00 [running]> on host vladimir-virtual-machine
[2023-04-23T16:46:06.950+0300] {taskinstance.py:1516} INFO - Exporting the following env vars:
AIRFLOW_CTX_DAG_OWNER=vladimir
AIRFLOW_CTX_DAG_ID=db_train
AIRFLOW_CTX_TASK_ID=write_record
AIRFLOW_CTX_EXECUTION_DATE=2023-04-23T13:28:57.014749+00:00
AIRFLOW_CTX_TRY_NUMBER=2
AIRFLOW_CTX_DAG_RUN_ID=manual__2023-04-23T13:28:57.014749+00:00
[2023-04-23T16:46:06.951+0300] {sql.py:262} INFO - Executing: 
            INSERT INTO popki
            VALUES('2023-04-23', 'db_train')
        
[2023-04-23T16:46:06.957+0300] {base.py:73} INFO - Using connection ID 'mysql_connection_train' for task execution.
[2023-04-23T16:46:07.166+0300] {base.py:73} INFO - Using connection ID 'mysql_connection_train' for task execution.
[2023-04-23T16:46:07.167+0300] {sql.py:375} INFO - Running statement: 
            INSERT INTO popki
            VALUES('2023-04-23', 'db_train')
        , parameters: None
[2023-04-23T16:46:07.168+0300] {taskinstance.py:1776} ERROR - Task failed with exception
Traceback (most recent call last):
  File "/home/vladimir/.local/lib/python3.10/site-packages/airflow/providers/common/sql/operators/sql.py", line 268, in execute
    output = hook.run(
  File "/home/vladimir/.local/lib/python3.10/site-packages/airflow/providers/common/sql/hooks/sql.py", line 349, in run
    self._run_command(cur, sql_statement, parameters)
  File "/home/vladimir/.local/lib/python3.10/site-packages/airflow/providers/common/sql/hooks/sql.py", line 380, in _run_command
    cur.execute(sql_statement)
  File "/usr/local/lib/python3.10/dist-packages/MySQLdb/cursors.py", line 206, in execute
    res = self._query(query)
  File "/usr/local/lib/python3.10/dist-packages/MySQLdb/cursors.py", line 319, in _query
    db.query(q)
  File "/usr/local/lib/python3.10/dist-packages/MySQLdb/connections.py", line 254, in query
    _mysql.connection.query(self, query)
MySQLdb.IntegrityError: (1062, "Duplicate entry '2023-04-23-db_train' for key 'popki.PRIMARY'")
[2023-04-23T16:46:07.178+0300] {taskinstance.py:1327} INFO - Marking task as UP_FOR_RETRY. dag_id=db_train, task_id=write_record, execution_date=20230423T132857, start_date=20230423T134606, end_date=20230423T134607
[2023-04-23T16:46:07.206+0300] {standard_task_runner.py:100} ERROR - Failed to execute job 33 for task write_record ((1062, "Duplicate entry '2023-04-23-db_train' for key 'popki.PRIMARY'"); 2969)
[2023-04-23T16:46:07.226+0300] {local_task_job.py:212} INFO - Task exited with return code 1
[2023-04-23T16:46:07.237+0300] {taskinstance.py:2596} INFO - 0 downstream tasks scheduled from follow-on schedule check
