[2023-04-22T22:50:33.983+0300] {processor.py:153} INFO - Started process (PID=11422) to work on /home/vladimir/.local/lib/python3.10/site-packages/airflow/example_dags/plugins/event_listener.py
[2023-04-22T22:50:33.984+0300] {processor.py:743} INFO - Processing file /home/vladimir/.local/lib/python3.10/site-packages/airflow/example_dags/plugins/event_listener.py for tasks to queue
[2023-04-22T22:50:33.984+0300] {logging_mixin.py:137} INFO - [2023-04-22T22:50:33.984+0300] {dagbag.py:532} INFO - Filling up the DagBag from /home/vladimir/.local/lib/python3.10/site-packages/airflow/example_dags/plugins/event_listener.py
[2023-04-22T22:50:33.986+0300] {processor.py:755} WARNING - No viable dags retrieved from /home/vladimir/.local/lib/python3.10/site-packages/airflow/example_dags/plugins/event_listener.py
[2023-04-22T22:50:33.991+0300] {processor.py:175} INFO - Processing /home/vladimir/.local/lib/python3.10/site-packages/airflow/example_dags/plugins/event_listener.py took 0.011 seconds
[2023-04-22T22:51:15.270+0300] {processor.py:153} INFO - Started process (PID=11498) to work on /home/vladimir/.local/lib/python3.10/site-packages/airflow/example_dags/plugins/event_listener.py
[2023-04-22T22:51:15.271+0300] {processor.py:743} INFO - Processing file /home/vladimir/.local/lib/python3.10/site-packages/airflow/example_dags/plugins/event_listener.py for tasks to queue
[2023-04-22T22:51:15.271+0300] {logging_mixin.py:137} INFO - [2023-04-22T22:51:15.271+0300] {dagbag.py:532} INFO - Filling up the DagBag from /home/vladimir/.local/lib/python3.10/site-packages/airflow/example_dags/plugins/event_listener.py
[2023-04-22T22:51:15.272+0300] {processor.py:755} WARNING - No viable dags retrieved from /home/vladimir/.local/lib/python3.10/site-packages/airflow/example_dags/plugins/event_listener.py
[2023-04-22T22:51:15.279+0300] {processor.py:175} INFO - Processing /home/vladimir/.local/lib/python3.10/site-packages/airflow/example_dags/plugins/event_listener.py took 0.011 seconds
[2023-04-22T22:52:02.753+0300] {processor.py:153} INFO - Started process (PID=11615) to work on /home/vladimir/.local/lib/python3.10/site-packages/airflow/example_dags/plugins/event_listener.py
[2023-04-22T22:52:02.754+0300] {processor.py:743} INFO - Processing file /home/vladimir/.local/lib/python3.10/site-packages/airflow/example_dags/plugins/event_listener.py for tasks to queue
[2023-04-22T22:52:02.754+0300] {logging_mixin.py:137} INFO - [2023-04-22T22:52:02.754+0300] {dagbag.py:532} INFO - Filling up the DagBag from /home/vladimir/.local/lib/python3.10/site-packages/airflow/example_dags/plugins/event_listener.py
[2023-04-22T22:52:02.755+0300] {processor.py:755} WARNING - No viable dags retrieved from /home/vladimir/.local/lib/python3.10/site-packages/airflow/example_dags/plugins/event_listener.py
[2023-04-22T22:52:02.763+0300] {processor.py:175} INFO - Processing /home/vladimir/.local/lib/python3.10/site-packages/airflow/example_dags/plugins/event_listener.py took 0.012 seconds
[2023-04-22T22:52:42.925+0300] {processor.py:153} INFO - Started process (PID=11663) to work on /home/vladimir/.local/lib/python3.10/site-packages/airflow/example_dags/plugins/event_listener.py
[2023-04-22T22:52:42.926+0300] {processor.py:743} INFO - Processing file /home/vladimir/.local/lib/python3.10/site-packages/airflow/example_dags/plugins/event_listener.py for tasks to queue
[2023-04-22T22:52:42.926+0300] {logging_mixin.py:137} INFO - [2023-04-22T22:52:42.926+0300] {dagbag.py:532} INFO - Filling up the DagBag from /home/vladimir/.local/lib/python3.10/site-packages/airflow/example_dags/plugins/event_listener.py
[2023-04-22T22:52:42.927+0300] {processor.py:755} WARNING - No viable dags retrieved from /home/vladimir/.local/lib/python3.10/site-packages/airflow/example_dags/plugins/event_listener.py
[2023-04-22T22:52:42.934+0300] {processor.py:175} INFO - Processing /home/vladimir/.local/lib/python3.10/site-packages/airflow/example_dags/plugins/event_listener.py took 0.011 seconds
[2023-04-22T22:53:21.626+0300] {processor.py:153} INFO - Started process (PID=11715) to work on /home/vladimir/.local/lib/python3.10/site-packages/airflow/example_dags/plugins/event_listener.py
[2023-04-22T22:53:21.627+0300] {processor.py:743} INFO - Processing file /home/vladimir/.local/lib/python3.10/site-packages/airflow/example_dags/plugins/event_listener.py for tasks to queue
[2023-04-22T22:53:21.627+0300] {logging_mixin.py:137} INFO - [2023-04-22T22:53:21.627+0300] {dagbag.py:532} INFO - Filling up the DagBag from /home/vladimir/.local/lib/python3.10/site-packages/airflow/example_dags/plugins/event_listener.py
[2023-04-22T22:53:21.628+0300] {processor.py:755} WARNING - No viable dags retrieved from /home/vladimir/.local/lib/python3.10/site-packages/airflow/example_dags/plugins/event_listener.py
[2023-04-22T22:53:21.635+0300] {processor.py:175} INFO - Processing /home/vladimir/.local/lib/python3.10/site-packages/airflow/example_dags/plugins/event_listener.py took 0.011 seconds
[2023-04-22T22:54:02.156+0300] {processor.py:153} INFO - Started process (PID=11778) to work on /home/vladimir/.local/lib/python3.10/site-packages/airflow/example_dags/plugins/event_listener.py
[2023-04-22T22:54:02.157+0300] {processor.py:743} INFO - Processing file /home/vladimir/.local/lib/python3.10/site-packages/airflow/example_dags/plugins/event_listener.py for tasks to queue
[2023-04-22T22:54:02.157+0300] {logging_mixin.py:137} INFO - [2023-04-22T22:54:02.157+0300] {dagbag.py:532} INFO - Filling up the DagBag from /home/vladimir/.local/lib/python3.10/site-packages/airflow/example_dags/plugins/event_listener.py
[2023-04-22T22:54:02.159+0300] {processor.py:755} WARNING - No viable dags retrieved from /home/vladimir/.local/lib/python3.10/site-packages/airflow/example_dags/plugins/event_listener.py
[2023-04-22T22:54:02.165+0300] {processor.py:175} INFO - Processing /home/vladimir/.local/lib/python3.10/site-packages/airflow/example_dags/plugins/event_listener.py took 0.011 seconds
[2023-04-22T22:54:42.687+0300] {processor.py:153} INFO - Started process (PID=11832) to work on /home/vladimir/.local/lib/python3.10/site-packages/airflow/example_dags/plugins/event_listener.py
[2023-04-22T22:54:42.688+0300] {processor.py:743} INFO - Processing file /home/vladimir/.local/lib/python3.10/site-packages/airflow/example_dags/plugins/event_listener.py for tasks to queue
[2023-04-22T22:54:42.688+0300] {logging_mixin.py:137} INFO - [2023-04-22T22:54:42.688+0300] {dagbag.py:532} INFO - Filling up the DagBag from /home/vladimir/.local/lib/python3.10/site-packages/airflow/example_dags/plugins/event_listener.py
[2023-04-22T22:54:42.689+0300] {processor.py:755} WARNING - No viable dags retrieved from /home/vladimir/.local/lib/python3.10/site-packages/airflow/example_dags/plugins/event_listener.py
[2023-04-22T22:54:42.696+0300] {processor.py:175} INFO - Processing /home/vladimir/.local/lib/python3.10/site-packages/airflow/example_dags/plugins/event_listener.py took 0.011 seconds
[2023-04-22T22:55:29.174+0300] {processor.py:153} INFO - Started process (PID=11907) to work on /home/vladimir/.local/lib/python3.10/site-packages/airflow/example_dags/plugins/event_listener.py
[2023-04-22T22:55:29.175+0300] {processor.py:743} INFO - Processing file /home/vladimir/.local/lib/python3.10/site-packages/airflow/example_dags/plugins/event_listener.py for tasks to queue
[2023-04-22T22:55:29.175+0300] {logging_mixin.py:137} INFO - [2023-04-22T22:55:29.175+0300] {dagbag.py:532} INFO - Filling up the DagBag from /home/vladimir/.local/lib/python3.10/site-packages/airflow/example_dags/plugins/event_listener.py
[2023-04-22T22:55:29.176+0300] {processor.py:755} WARNING - No viable dags retrieved from /home/vladimir/.local/lib/python3.10/site-packages/airflow/example_dags/plugins/event_listener.py
[2023-04-22T22:55:29.183+0300] {processor.py:175} INFO - Processing /home/vladimir/.local/lib/python3.10/site-packages/airflow/example_dags/plugins/event_listener.py took 0.011 seconds
[2023-04-22T22:56:17.289+0300] {processor.py:153} INFO - Started process (PID=11989) to work on /home/vladimir/.local/lib/python3.10/site-packages/airflow/example_dags/plugins/event_listener.py
[2023-04-22T22:56:17.289+0300] {processor.py:743} INFO - Processing file /home/vladimir/.local/lib/python3.10/site-packages/airflow/example_dags/plugins/event_listener.py for tasks to queue
[2023-04-22T22:56:17.290+0300] {logging_mixin.py:137} INFO - [2023-04-22T22:56:17.290+0300] {dagbag.py:532} INFO - Filling up the DagBag from /home/vladimir/.local/lib/python3.10/site-packages/airflow/example_dags/plugins/event_listener.py
[2023-04-22T22:56:17.291+0300] {processor.py:755} WARNING - No viable dags retrieved from /home/vladimir/.local/lib/python3.10/site-packages/airflow/example_dags/plugins/event_listener.py
[2023-04-22T22:56:17.297+0300] {processor.py:175} INFO - Processing /home/vladimir/.local/lib/python3.10/site-packages/airflow/example_dags/plugins/event_listener.py took 0.011 seconds
[2023-04-23T01:29:17.211+0300] {processor.py:153} INFO - Started process (PID=4421) to work on /home/vladimir/.local/lib/python3.10/site-packages/airflow/example_dags/plugins/event_listener.py
[2023-04-23T01:29:17.219+0300] {processor.py:743} INFO - Processing file /home/vladimir/.local/lib/python3.10/site-packages/airflow/example_dags/plugins/event_listener.py for tasks to queue
[2023-04-23T01:29:17.220+0300] {logging_mixin.py:137} INFO - [2023-04-23T01:29:17.219+0300] {dagbag.py:532} INFO - Filling up the DagBag from /home/vladimir/.local/lib/python3.10/site-packages/airflow/example_dags/plugins/event_listener.py
[2023-04-23T01:29:17.221+0300] {processor.py:755} WARNING - No viable dags retrieved from /home/vladimir/.local/lib/python3.10/site-packages/airflow/example_dags/plugins/event_listener.py
[2023-04-23T01:29:17.227+0300] {processor.py:175} INFO - Processing /home/vladimir/.local/lib/python3.10/site-packages/airflow/example_dags/plugins/event_listener.py took 0.018 seconds
[2023-04-23T01:29:56.540+0300] {processor.py:153} INFO - Started process (PID=4473) to work on /home/vladimir/.local/lib/python3.10/site-packages/airflow/example_dags/plugins/event_listener.py
[2023-04-23T01:29:56.541+0300] {processor.py:743} INFO - Processing file /home/vladimir/.local/lib/python3.10/site-packages/airflow/example_dags/plugins/event_listener.py for tasks to queue
[2023-04-23T01:29:56.541+0300] {logging_mixin.py:137} INFO - [2023-04-23T01:29:56.541+0300] {dagbag.py:532} INFO - Filling up the DagBag from /home/vladimir/.local/lib/python3.10/site-packages/airflow/example_dags/plugins/event_listener.py
[2023-04-23T01:29:56.543+0300] {processor.py:755} WARNING - No viable dags retrieved from /home/vladimir/.local/lib/python3.10/site-packages/airflow/example_dags/plugins/event_listener.py
[2023-04-23T01:29:56.551+0300] {processor.py:175} INFO - Processing /home/vladimir/.local/lib/python3.10/site-packages/airflow/example_dags/plugins/event_listener.py took 0.013 seconds
[2023-04-23T01:30:40.823+0300] {processor.py:153} INFO - Started process (PID=4565) to work on /home/vladimir/.local/lib/python3.10/site-packages/airflow/example_dags/plugins/event_listener.py
[2023-04-23T01:30:40.825+0300] {processor.py:743} INFO - Processing file /home/vladimir/.local/lib/python3.10/site-packages/airflow/example_dags/plugins/event_listener.py for tasks to queue
[2023-04-23T01:30:40.825+0300] {logging_mixin.py:137} INFO - [2023-04-23T01:30:40.825+0300] {dagbag.py:532} INFO - Filling up the DagBag from /home/vladimir/.local/lib/python3.10/site-packages/airflow/example_dags/plugins/event_listener.py
[2023-04-23T01:30:40.826+0300] {processor.py:755} WARNING - No viable dags retrieved from /home/vladimir/.local/lib/python3.10/site-packages/airflow/example_dags/plugins/event_listener.py
[2023-04-23T01:30:40.834+0300] {processor.py:175} INFO - Processing /home/vladimir/.local/lib/python3.10/site-packages/airflow/example_dags/plugins/event_listener.py took 0.013 seconds
[2023-04-23T01:31:25.527+0300] {processor.py:153} INFO - Started process (PID=4627) to work on /home/vladimir/.local/lib/python3.10/site-packages/airflow/example_dags/plugins/event_listener.py
[2023-04-23T01:31:25.528+0300] {processor.py:743} INFO - Processing file /home/vladimir/.local/lib/python3.10/site-packages/airflow/example_dags/plugins/event_listener.py for tasks to queue
[2023-04-23T01:31:25.528+0300] {logging_mixin.py:137} INFO - [2023-04-23T01:31:25.528+0300] {dagbag.py:532} INFO - Filling up the DagBag from /home/vladimir/.local/lib/python3.10/site-packages/airflow/example_dags/plugins/event_listener.py
[2023-04-23T01:31:25.529+0300] {processor.py:755} WARNING - No viable dags retrieved from /home/vladimir/.local/lib/python3.10/site-packages/airflow/example_dags/plugins/event_listener.py
[2023-04-23T01:31:25.536+0300] {processor.py:175} INFO - Processing /home/vladimir/.local/lib/python3.10/site-packages/airflow/example_dags/plugins/event_listener.py took 0.012 seconds
[2023-04-23T01:32:06.195+0300] {processor.py:153} INFO - Started process (PID=4678) to work on /home/vladimir/.local/lib/python3.10/site-packages/airflow/example_dags/plugins/event_listener.py
[2023-04-23T01:32:06.196+0300] {processor.py:743} INFO - Processing file /home/vladimir/.local/lib/python3.10/site-packages/airflow/example_dags/plugins/event_listener.py for tasks to queue
[2023-04-23T01:32:06.196+0300] {logging_mixin.py:137} INFO - [2023-04-23T01:32:06.196+0300] {dagbag.py:532} INFO - Filling up the DagBag from /home/vladimir/.local/lib/python3.10/site-packages/airflow/example_dags/plugins/event_listener.py
[2023-04-23T01:32:06.197+0300] {processor.py:755} WARNING - No viable dags retrieved from /home/vladimir/.local/lib/python3.10/site-packages/airflow/example_dags/plugins/event_listener.py
[2023-04-23T01:32:06.204+0300] {processor.py:175} INFO - Processing /home/vladimir/.local/lib/python3.10/site-packages/airflow/example_dags/plugins/event_listener.py took 0.011 seconds
[2023-04-23T01:32:53.219+0300] {processor.py:153} INFO - Started process (PID=4743) to work on /home/vladimir/.local/lib/python3.10/site-packages/airflow/example_dags/plugins/event_listener.py
[2023-04-23T01:32:53.220+0300] {processor.py:743} INFO - Processing file /home/vladimir/.local/lib/python3.10/site-packages/airflow/example_dags/plugins/event_listener.py for tasks to queue
[2023-04-23T01:32:53.221+0300] {logging_mixin.py:137} INFO - [2023-04-23T01:32:53.220+0300] {dagbag.py:532} INFO - Filling up the DagBag from /home/vladimir/.local/lib/python3.10/site-packages/airflow/example_dags/plugins/event_listener.py
[2023-04-23T01:32:53.221+0300] {processor.py:755} WARNING - No viable dags retrieved from /home/vladimir/.local/lib/python3.10/site-packages/airflow/example_dags/plugins/event_listener.py
[2023-04-23T01:32:53.228+0300] {processor.py:175} INFO - Processing /home/vladimir/.local/lib/python3.10/site-packages/airflow/example_dags/plugins/event_listener.py took 0.011 seconds
[2023-04-23T01:33:37.469+0300] {processor.py:153} INFO - Started process (PID=4804) to work on /home/vladimir/.local/lib/python3.10/site-packages/airflow/example_dags/plugins/event_listener.py
[2023-04-23T01:33:37.469+0300] {processor.py:743} INFO - Processing file /home/vladimir/.local/lib/python3.10/site-packages/airflow/example_dags/plugins/event_listener.py for tasks to queue
[2023-04-23T01:33:37.470+0300] {logging_mixin.py:137} INFO - [2023-04-23T01:33:37.470+0300] {dagbag.py:532} INFO - Filling up the DagBag from /home/vladimir/.local/lib/python3.10/site-packages/airflow/example_dags/plugins/event_listener.py
[2023-04-23T01:33:37.471+0300] {processor.py:755} WARNING - No viable dags retrieved from /home/vladimir/.local/lib/python3.10/site-packages/airflow/example_dags/plugins/event_listener.py
[2023-04-23T01:33:37.478+0300] {processor.py:175} INFO - Processing /home/vladimir/.local/lib/python3.10/site-packages/airflow/example_dags/plugins/event_listener.py took 0.011 seconds
[2023-04-23T01:34:18.935+0300] {processor.py:153} INFO - Started process (PID=4910) to work on /home/vladimir/.local/lib/python3.10/site-packages/airflow/example_dags/plugins/event_listener.py
[2023-04-23T01:34:18.936+0300] {processor.py:743} INFO - Processing file /home/vladimir/.local/lib/python3.10/site-packages/airflow/example_dags/plugins/event_listener.py for tasks to queue
[2023-04-23T01:34:18.937+0300] {logging_mixin.py:137} INFO - [2023-04-23T01:34:18.937+0300] {dagbag.py:532} INFO - Filling up the DagBag from /home/vladimir/.local/lib/python3.10/site-packages/airflow/example_dags/plugins/event_listener.py
[2023-04-23T01:34:18.938+0300] {processor.py:755} WARNING - No viable dags retrieved from /home/vladimir/.local/lib/python3.10/site-packages/airflow/example_dags/plugins/event_listener.py
[2023-04-23T01:34:18.945+0300] {processor.py:175} INFO - Processing /home/vladimir/.local/lib/python3.10/site-packages/airflow/example_dags/plugins/event_listener.py took 0.012 seconds
[2023-04-23T01:35:08.055+0300] {processor.py:153} INFO - Started process (PID=4974) to work on /home/vladimir/.local/lib/python3.10/site-packages/airflow/example_dags/plugins/event_listener.py
[2023-04-23T01:35:08.056+0300] {processor.py:743} INFO - Processing file /home/vladimir/.local/lib/python3.10/site-packages/airflow/example_dags/plugins/event_listener.py for tasks to queue
[2023-04-23T01:35:08.057+0300] {logging_mixin.py:137} INFO - [2023-04-23T01:35:08.057+0300] {dagbag.py:532} INFO - Filling up the DagBag from /home/vladimir/.local/lib/python3.10/site-packages/airflow/example_dags/plugins/event_listener.py
[2023-04-23T01:35:08.058+0300] {processor.py:755} WARNING - No viable dags retrieved from /home/vladimir/.local/lib/python3.10/site-packages/airflow/example_dags/plugins/event_listener.py
[2023-04-23T01:35:08.064+0300] {processor.py:175} INFO - Processing /home/vladimir/.local/lib/python3.10/site-packages/airflow/example_dags/plugins/event_listener.py took 0.011 seconds
