[2023-04-22T22:50:35.113+0300] {processor.py:153} INFO - Started process (PID=11423) to work on /home/vladimir/.local/lib/python3.10/site-packages/airflow/example_dags/plugins/listener_plugin.py
[2023-04-22T22:50:35.113+0300] {processor.py:743} INFO - Processing file /home/vladimir/.local/lib/python3.10/site-packages/airflow/example_dags/plugins/listener_plugin.py for tasks to queue
[2023-04-22T22:50:35.114+0300] {logging_mixin.py:137} INFO - [2023-04-22T22:50:35.114+0300] {dagbag.py:532} INFO - Filling up the DagBag from /home/vladimir/.local/lib/python3.10/site-packages/airflow/example_dags/plugins/listener_plugin.py
[2023-04-22T22:50:35.115+0300] {processor.py:755} WARNING - No viable dags retrieved from /home/vladimir/.local/lib/python3.10/site-packages/airflow/example_dags/plugins/listener_plugin.py
[2023-04-22T22:50:35.121+0300] {processor.py:175} INFO - Processing /home/vladimir/.local/lib/python3.10/site-packages/airflow/example_dags/plugins/listener_plugin.py took 0.011 seconds
[2023-04-22T22:51:16.405+0300] {processor.py:153} INFO - Started process (PID=11499) to work on /home/vladimir/.local/lib/python3.10/site-packages/airflow/example_dags/plugins/listener_plugin.py
[2023-04-22T22:51:16.406+0300] {processor.py:743} INFO - Processing file /home/vladimir/.local/lib/python3.10/site-packages/airflow/example_dags/plugins/listener_plugin.py for tasks to queue
[2023-04-22T22:51:16.406+0300] {logging_mixin.py:137} INFO - [2023-04-22T22:51:16.406+0300] {dagbag.py:532} INFO - Filling up the DagBag from /home/vladimir/.local/lib/python3.10/site-packages/airflow/example_dags/plugins/listener_plugin.py
[2023-04-22T22:51:16.408+0300] {processor.py:755} WARNING - No viable dags retrieved from /home/vladimir/.local/lib/python3.10/site-packages/airflow/example_dags/plugins/listener_plugin.py
[2023-04-22T22:51:16.414+0300] {processor.py:175} INFO - Processing /home/vladimir/.local/lib/python3.10/site-packages/airflow/example_dags/plugins/listener_plugin.py took 0.011 seconds
[2023-04-22T22:52:03.886+0300] {processor.py:153} INFO - Started process (PID=11616) to work on /home/vladimir/.local/lib/python3.10/site-packages/airflow/example_dags/plugins/listener_plugin.py
[2023-04-22T22:52:03.887+0300] {processor.py:743} INFO - Processing file /home/vladimir/.local/lib/python3.10/site-packages/airflow/example_dags/plugins/listener_plugin.py for tasks to queue
[2023-04-22T22:52:03.887+0300] {logging_mixin.py:137} INFO - [2023-04-22T22:52:03.887+0300] {dagbag.py:532} INFO - Filling up the DagBag from /home/vladimir/.local/lib/python3.10/site-packages/airflow/example_dags/plugins/listener_plugin.py
[2023-04-22T22:52:03.889+0300] {processor.py:755} WARNING - No viable dags retrieved from /home/vladimir/.local/lib/python3.10/site-packages/airflow/example_dags/plugins/listener_plugin.py
[2023-04-22T22:52:03.895+0300] {processor.py:175} INFO - Processing /home/vladimir/.local/lib/python3.10/site-packages/airflow/example_dags/plugins/listener_plugin.py took 0.012 seconds
[2023-04-22T22:52:43.104+0300] {processor.py:153} INFO - Started process (PID=11664) to work on /home/vladimir/.local/lib/python3.10/site-packages/airflow/example_dags/plugins/listener_plugin.py
[2023-04-22T22:52:43.104+0300] {processor.py:743} INFO - Processing file /home/vladimir/.local/lib/python3.10/site-packages/airflow/example_dags/plugins/listener_plugin.py for tasks to queue
[2023-04-22T22:52:43.105+0300] {logging_mixin.py:137} INFO - [2023-04-22T22:52:43.105+0300] {dagbag.py:532} INFO - Filling up the DagBag from /home/vladimir/.local/lib/python3.10/site-packages/airflow/example_dags/plugins/listener_plugin.py
[2023-04-22T22:52:43.106+0300] {processor.py:755} WARNING - No viable dags retrieved from /home/vladimir/.local/lib/python3.10/site-packages/airflow/example_dags/plugins/listener_plugin.py
[2023-04-22T22:52:43.113+0300] {processor.py:175} INFO - Processing /home/vladimir/.local/lib/python3.10/site-packages/airflow/example_dags/plugins/listener_plugin.py took 0.012 seconds
[2023-04-22T22:53:22.763+0300] {processor.py:153} INFO - Started process (PID=11716) to work on /home/vladimir/.local/lib/python3.10/site-packages/airflow/example_dags/plugins/listener_plugin.py
[2023-04-22T22:53:22.764+0300] {processor.py:743} INFO - Processing file /home/vladimir/.local/lib/python3.10/site-packages/airflow/example_dags/plugins/listener_plugin.py for tasks to queue
[2023-04-22T22:53:22.764+0300] {logging_mixin.py:137} INFO - [2023-04-22T22:53:22.764+0300] {dagbag.py:532} INFO - Filling up the DagBag from /home/vladimir/.local/lib/python3.10/site-packages/airflow/example_dags/plugins/listener_plugin.py
[2023-04-22T22:53:22.766+0300] {processor.py:755} WARNING - No viable dags retrieved from /home/vladimir/.local/lib/python3.10/site-packages/airflow/example_dags/plugins/listener_plugin.py
[2023-04-22T22:53:22.772+0300] {processor.py:175} INFO - Processing /home/vladimir/.local/lib/python3.10/site-packages/airflow/example_dags/plugins/listener_plugin.py took 0.012 seconds
[2023-04-22T22:54:03.288+0300] {processor.py:153} INFO - Started process (PID=11779) to work on /home/vladimir/.local/lib/python3.10/site-packages/airflow/example_dags/plugins/listener_plugin.py
[2023-04-22T22:54:03.289+0300] {processor.py:743} INFO - Processing file /home/vladimir/.local/lib/python3.10/site-packages/airflow/example_dags/plugins/listener_plugin.py for tasks to queue
[2023-04-22T22:54:03.290+0300] {logging_mixin.py:137} INFO - [2023-04-22T22:54:03.290+0300] {dagbag.py:532} INFO - Filling up the DagBag from /home/vladimir/.local/lib/python3.10/site-packages/airflow/example_dags/plugins/listener_plugin.py
[2023-04-22T22:54:03.291+0300] {processor.py:755} WARNING - No viable dags retrieved from /home/vladimir/.local/lib/python3.10/site-packages/airflow/example_dags/plugins/listener_plugin.py
[2023-04-22T22:54:03.298+0300] {processor.py:175} INFO - Processing /home/vladimir/.local/lib/python3.10/site-packages/airflow/example_dags/plugins/listener_plugin.py took 0.012 seconds
[2023-04-22T22:54:43.817+0300] {processor.py:153} INFO - Started process (PID=11833) to work on /home/vladimir/.local/lib/python3.10/site-packages/airflow/example_dags/plugins/listener_plugin.py
[2023-04-22T22:54:43.818+0300] {processor.py:743} INFO - Processing file /home/vladimir/.local/lib/python3.10/site-packages/airflow/example_dags/plugins/listener_plugin.py for tasks to queue
[2023-04-22T22:54:43.819+0300] {logging_mixin.py:137} INFO - [2023-04-22T22:54:43.819+0300] {dagbag.py:532} INFO - Filling up the DagBag from /home/vladimir/.local/lib/python3.10/site-packages/airflow/example_dags/plugins/listener_plugin.py
[2023-04-22T22:54:43.820+0300] {processor.py:755} WARNING - No viable dags retrieved from /home/vladimir/.local/lib/python3.10/site-packages/airflow/example_dags/plugins/listener_plugin.py
[2023-04-22T22:54:43.827+0300] {processor.py:175} INFO - Processing /home/vladimir/.local/lib/python3.10/site-packages/airflow/example_dags/plugins/listener_plugin.py took 0.011 seconds
[2023-04-22T22:55:29.415+0300] {processor.py:153} INFO - Started process (PID=11908) to work on /home/vladimir/.local/lib/python3.10/site-packages/airflow/example_dags/plugins/listener_plugin.py
[2023-04-22T22:55:29.416+0300] {processor.py:743} INFO - Processing file /home/vladimir/.local/lib/python3.10/site-packages/airflow/example_dags/plugins/listener_plugin.py for tasks to queue
[2023-04-22T22:55:29.416+0300] {logging_mixin.py:137} INFO - [2023-04-22T22:55:29.416+0300] {dagbag.py:532} INFO - Filling up the DagBag from /home/vladimir/.local/lib/python3.10/site-packages/airflow/example_dags/plugins/listener_plugin.py
[2023-04-22T22:55:29.418+0300] {processor.py:755} WARNING - No viable dags retrieved from /home/vladimir/.local/lib/python3.10/site-packages/airflow/example_dags/plugins/listener_plugin.py
[2023-04-22T22:55:29.424+0300] {processor.py:175} INFO - Processing /home/vladimir/.local/lib/python3.10/site-packages/airflow/example_dags/plugins/listener_plugin.py took 0.011 seconds
[2023-04-22T22:56:17.755+0300] {processor.py:153} INFO - Started process (PID=11990) to work on /home/vladimir/.local/lib/python3.10/site-packages/airflow/example_dags/plugins/listener_plugin.py
[2023-04-22T22:56:17.757+0300] {processor.py:743} INFO - Processing file /home/vladimir/.local/lib/python3.10/site-packages/airflow/example_dags/plugins/listener_plugin.py for tasks to queue
[2023-04-22T22:56:17.757+0300] {logging_mixin.py:137} INFO - [2023-04-22T22:56:17.757+0300] {dagbag.py:532} INFO - Filling up the DagBag from /home/vladimir/.local/lib/python3.10/site-packages/airflow/example_dags/plugins/listener_plugin.py
[2023-04-22T22:56:17.759+0300] {processor.py:755} WARNING - No viable dags retrieved from /home/vladimir/.local/lib/python3.10/site-packages/airflow/example_dags/plugins/listener_plugin.py
[2023-04-22T22:56:17.765+0300] {processor.py:175} INFO - Processing /home/vladimir/.local/lib/python3.10/site-packages/airflow/example_dags/plugins/listener_plugin.py took 0.012 seconds
[2023-04-23T01:29:18.351+0300] {processor.py:153} INFO - Started process (PID=4422) to work on /home/vladimir/.local/lib/python3.10/site-packages/airflow/example_dags/plugins/listener_plugin.py
[2023-04-23T01:29:18.353+0300] {processor.py:743} INFO - Processing file /home/vladimir/.local/lib/python3.10/site-packages/airflow/example_dags/plugins/listener_plugin.py for tasks to queue
[2023-04-23T01:29:18.353+0300] {logging_mixin.py:137} INFO - [2023-04-23T01:29:18.353+0300] {dagbag.py:532} INFO - Filling up the DagBag from /home/vladimir/.local/lib/python3.10/site-packages/airflow/example_dags/plugins/listener_plugin.py
[2023-04-23T01:29:18.355+0300] {processor.py:755} WARNING - No viable dags retrieved from /home/vladimir/.local/lib/python3.10/site-packages/airflow/example_dags/plugins/listener_plugin.py
[2023-04-23T01:29:18.361+0300] {processor.py:175} INFO - Processing /home/vladimir/.local/lib/python3.10/site-packages/airflow/example_dags/plugins/listener_plugin.py took 0.012 seconds
[2023-04-23T01:30:02.946+0300] {processor.py:153} INFO - Started process (PID=4482) to work on /home/vladimir/.local/lib/python3.10/site-packages/airflow/example_dags/plugins/listener_plugin.py
[2023-04-23T01:30:02.947+0300] {processor.py:743} INFO - Processing file /home/vladimir/.local/lib/python3.10/site-packages/airflow/example_dags/plugins/listener_plugin.py for tasks to queue
[2023-04-23T01:30:02.947+0300] {logging_mixin.py:137} INFO - [2023-04-23T01:30:02.947+0300] {dagbag.py:532} INFO - Filling up the DagBag from /home/vladimir/.local/lib/python3.10/site-packages/airflow/example_dags/plugins/listener_plugin.py
[2023-04-23T01:30:02.949+0300] {processor.py:755} WARNING - No viable dags retrieved from /home/vladimir/.local/lib/python3.10/site-packages/airflow/example_dags/plugins/listener_plugin.py
[2023-04-23T01:30:02.955+0300] {processor.py:175} INFO - Processing /home/vladimir/.local/lib/python3.10/site-packages/airflow/example_dags/plugins/listener_plugin.py took 0.012 seconds
[2023-04-23T01:30:44.824+0300] {processor.py:153} INFO - Started process (PID=4570) to work on /home/vladimir/.local/lib/python3.10/site-packages/airflow/example_dags/plugins/listener_plugin.py
[2023-04-23T01:30:44.825+0300] {processor.py:743} INFO - Processing file /home/vladimir/.local/lib/python3.10/site-packages/airflow/example_dags/plugins/listener_plugin.py for tasks to queue
[2023-04-23T01:30:44.825+0300] {logging_mixin.py:137} INFO - [2023-04-23T01:30:44.825+0300] {dagbag.py:532} INFO - Filling up the DagBag from /home/vladimir/.local/lib/python3.10/site-packages/airflow/example_dags/plugins/listener_plugin.py
[2023-04-23T01:30:44.826+0300] {processor.py:755} WARNING - No viable dags retrieved from /home/vladimir/.local/lib/python3.10/site-packages/airflow/example_dags/plugins/listener_plugin.py
[2023-04-23T01:30:44.832+0300] {processor.py:175} INFO - Processing /home/vladimir/.local/lib/python3.10/site-packages/airflow/example_dags/plugins/listener_plugin.py took 0.010 seconds
[2023-04-23T01:31:31.072+0300] {processor.py:153} INFO - Started process (PID=4634) to work on /home/vladimir/.local/lib/python3.10/site-packages/airflow/example_dags/plugins/listener_plugin.py
[2023-04-23T01:31:31.072+0300] {processor.py:743} INFO - Processing file /home/vladimir/.local/lib/python3.10/site-packages/airflow/example_dags/plugins/listener_plugin.py for tasks to queue
[2023-04-23T01:31:31.073+0300] {logging_mixin.py:137} INFO - [2023-04-23T01:31:31.073+0300] {dagbag.py:532} INFO - Filling up the DagBag from /home/vladimir/.local/lib/python3.10/site-packages/airflow/example_dags/plugins/listener_plugin.py
[2023-04-23T01:31:31.074+0300] {processor.py:755} WARNING - No viable dags retrieved from /home/vladimir/.local/lib/python3.10/site-packages/airflow/example_dags/plugins/listener_plugin.py
[2023-04-23T01:31:31.081+0300] {processor.py:175} INFO - Processing /home/vladimir/.local/lib/python3.10/site-packages/airflow/example_dags/plugins/listener_plugin.py took 0.011 seconds
[2023-04-23T01:32:11.618+0300] {processor.py:153} INFO - Started process (PID=4683) to work on /home/vladimir/.local/lib/python3.10/site-packages/airflow/example_dags/plugins/listener_plugin.py
[2023-04-23T01:32:11.618+0300] {processor.py:743} INFO - Processing file /home/vladimir/.local/lib/python3.10/site-packages/airflow/example_dags/plugins/listener_plugin.py for tasks to queue
[2023-04-23T01:32:11.619+0300] {logging_mixin.py:137} INFO - [2023-04-23T01:32:11.619+0300] {dagbag.py:532} INFO - Filling up the DagBag from /home/vladimir/.local/lib/python3.10/site-packages/airflow/example_dags/plugins/listener_plugin.py
[2023-04-23T01:32:11.620+0300] {processor.py:755} WARNING - No viable dags retrieved from /home/vladimir/.local/lib/python3.10/site-packages/airflow/example_dags/plugins/listener_plugin.py
[2023-04-23T01:32:11.629+0300] {processor.py:175} INFO - Processing /home/vladimir/.local/lib/python3.10/site-packages/airflow/example_dags/plugins/listener_plugin.py took 0.015 seconds
[2023-04-23T01:32:54.356+0300] {processor.py:153} INFO - Started process (PID=4744) to work on /home/vladimir/.local/lib/python3.10/site-packages/airflow/example_dags/plugins/listener_plugin.py
[2023-04-23T01:32:54.357+0300] {processor.py:743} INFO - Processing file /home/vladimir/.local/lib/python3.10/site-packages/airflow/example_dags/plugins/listener_plugin.py for tasks to queue
[2023-04-23T01:32:54.357+0300] {logging_mixin.py:137} INFO - [2023-04-23T01:32:54.357+0300] {dagbag.py:532} INFO - Filling up the DagBag from /home/vladimir/.local/lib/python3.10/site-packages/airflow/example_dags/plugins/listener_plugin.py
[2023-04-23T01:32:54.359+0300] {processor.py:755} WARNING - No viable dags retrieved from /home/vladimir/.local/lib/python3.10/site-packages/airflow/example_dags/plugins/listener_plugin.py
[2023-04-23T01:32:54.365+0300] {processor.py:175} INFO - Processing /home/vladimir/.local/lib/python3.10/site-packages/airflow/example_dags/plugins/listener_plugin.py took 0.011 seconds
[2023-04-23T01:33:38.603+0300] {processor.py:153} INFO - Started process (PID=4805) to work on /home/vladimir/.local/lib/python3.10/site-packages/airflow/example_dags/plugins/listener_plugin.py
[2023-04-23T01:33:38.604+0300] {processor.py:743} INFO - Processing file /home/vladimir/.local/lib/python3.10/site-packages/airflow/example_dags/plugins/listener_plugin.py for tasks to queue
[2023-04-23T01:33:38.604+0300] {logging_mixin.py:137} INFO - [2023-04-23T01:33:38.604+0300] {dagbag.py:532} INFO - Filling up the DagBag from /home/vladimir/.local/lib/python3.10/site-packages/airflow/example_dags/plugins/listener_plugin.py
[2023-04-23T01:33:38.606+0300] {processor.py:755} WARNING - No viable dags retrieved from /home/vladimir/.local/lib/python3.10/site-packages/airflow/example_dags/plugins/listener_plugin.py
[2023-04-23T01:33:38.613+0300] {processor.py:175} INFO - Processing /home/vladimir/.local/lib/python3.10/site-packages/airflow/example_dags/plugins/listener_plugin.py took 0.012 seconds
[2023-04-23T01:34:19.916+0300] {processor.py:153} INFO - Started process (PID=4911) to work on /home/vladimir/.local/lib/python3.10/site-packages/airflow/example_dags/plugins/listener_plugin.py
[2023-04-23T01:34:19.917+0300] {processor.py:743} INFO - Processing file /home/vladimir/.local/lib/python3.10/site-packages/airflow/example_dags/plugins/listener_plugin.py for tasks to queue
[2023-04-23T01:34:19.918+0300] {logging_mixin.py:137} INFO - [2023-04-23T01:34:19.917+0300] {dagbag.py:532} INFO - Filling up the DagBag from /home/vladimir/.local/lib/python3.10/site-packages/airflow/example_dags/plugins/listener_plugin.py
[2023-04-23T01:34:19.919+0300] {processor.py:755} WARNING - No viable dags retrieved from /home/vladimir/.local/lib/python3.10/site-packages/airflow/example_dags/plugins/listener_plugin.py
[2023-04-23T01:34:19.927+0300] {processor.py:175} INFO - Processing /home/vladimir/.local/lib/python3.10/site-packages/airflow/example_dags/plugins/listener_plugin.py took 0.013 seconds
[2023-04-23T01:35:08.271+0300] {processor.py:153} INFO - Started process (PID=4975) to work on /home/vladimir/.local/lib/python3.10/site-packages/airflow/example_dags/plugins/listener_plugin.py
[2023-04-23T01:35:08.272+0300] {processor.py:743} INFO - Processing file /home/vladimir/.local/lib/python3.10/site-packages/airflow/example_dags/plugins/listener_plugin.py for tasks to queue
[2023-04-23T01:35:08.273+0300] {logging_mixin.py:137} INFO - [2023-04-23T01:35:08.272+0300] {dagbag.py:532} INFO - Filling up the DagBag from /home/vladimir/.local/lib/python3.10/site-packages/airflow/example_dags/plugins/listener_plugin.py
[2023-04-23T01:35:08.274+0300] {processor.py:755} WARNING - No viable dags retrieved from /home/vladimir/.local/lib/python3.10/site-packages/airflow/example_dags/plugins/listener_plugin.py
[2023-04-23T01:35:08.281+0300] {processor.py:175} INFO - Processing /home/vladimir/.local/lib/python3.10/site-packages/airflow/example_dags/plugins/listener_plugin.py took 0.012 seconds
