[2023-04-22T22:50:32.642+0300] {processor.py:153} INFO - Started process (PID=11421) to work on /home/vladimir/.local/lib/python3.10/site-packages/airflow/example_dags/plugins/workday.py
[2023-04-22T22:50:32.643+0300] {processor.py:743} INFO - Processing file /home/vladimir/.local/lib/python3.10/site-packages/airflow/example_dags/plugins/workday.py for tasks to queue
[2023-04-22T22:50:32.643+0300] {logging_mixin.py:137} INFO - [2023-04-22T22:50:32.643+0300] {dagbag.py:532} INFO - Filling up the DagBag from /home/vladimir/.local/lib/python3.10/site-packages/airflow/example_dags/plugins/workday.py
[2023-04-22T22:50:32.909+0300] {processor.py:755} WARNING - No viable dags retrieved from /home/vladimir/.local/lib/python3.10/site-packages/airflow/example_dags/plugins/workday.py
[2023-04-22T22:50:32.913+0300] {processor.py:175} INFO - Processing /home/vladimir/.local/lib/python3.10/site-packages/airflow/example_dags/plugins/workday.py took 0.273 seconds
[2023-04-22T22:51:13.932+0300] {processor.py:153} INFO - Started process (PID=11497) to work on /home/vladimir/.local/lib/python3.10/site-packages/airflow/example_dags/plugins/workday.py
[2023-04-22T22:51:13.933+0300] {processor.py:743} INFO - Processing file /home/vladimir/.local/lib/python3.10/site-packages/airflow/example_dags/plugins/workday.py for tasks to queue
[2023-04-22T22:51:13.933+0300] {logging_mixin.py:137} INFO - [2023-04-22T22:51:13.933+0300] {dagbag.py:532} INFO - Filling up the DagBag from /home/vladimir/.local/lib/python3.10/site-packages/airflow/example_dags/plugins/workday.py
[2023-04-22T22:51:14.148+0300] {processor.py:755} WARNING - No viable dags retrieved from /home/vladimir/.local/lib/python3.10/site-packages/airflow/example_dags/plugins/workday.py
[2023-04-22T22:51:14.152+0300] {processor.py:175} INFO - Processing /home/vladimir/.local/lib/python3.10/site-packages/airflow/example_dags/plugins/workday.py took 0.222 seconds
[2023-04-22T22:51:56.673+0300] {processor.py:153} INFO - Started process (PID=11608) to work on /home/vladimir/.local/lib/python3.10/site-packages/airflow/example_dags/plugins/workday.py
[2023-04-22T22:51:56.674+0300] {processor.py:743} INFO - Processing file /home/vladimir/.local/lib/python3.10/site-packages/airflow/example_dags/plugins/workday.py for tasks to queue
[2023-04-22T22:51:56.675+0300] {logging_mixin.py:137} INFO - [2023-04-22T22:51:56.674+0300] {dagbag.py:532} INFO - Filling up the DagBag from /home/vladimir/.local/lib/python3.10/site-packages/airflow/example_dags/plugins/workday.py
[2023-04-22T22:51:56.887+0300] {processor.py:755} WARNING - No viable dags retrieved from /home/vladimir/.local/lib/python3.10/site-packages/airflow/example_dags/plugins/workday.py
[2023-04-22T22:51:56.892+0300] {processor.py:175} INFO - Processing /home/vladimir/.local/lib/python3.10/site-packages/airflow/example_dags/plugins/workday.py took 0.221 seconds
[2023-04-22T22:52:41.587+0300] {processor.py:153} INFO - Started process (PID=11662) to work on /home/vladimir/.local/lib/python3.10/site-packages/airflow/example_dags/plugins/workday.py
[2023-04-22T22:52:41.587+0300] {processor.py:743} INFO - Processing file /home/vladimir/.local/lib/python3.10/site-packages/airflow/example_dags/plugins/workday.py for tasks to queue
[2023-04-22T22:52:41.588+0300] {logging_mixin.py:137} INFO - [2023-04-22T22:52:41.588+0300] {dagbag.py:532} INFO - Filling up the DagBag from /home/vladimir/.local/lib/python3.10/site-packages/airflow/example_dags/plugins/workday.py
[2023-04-22T22:52:41.808+0300] {processor.py:755} WARNING - No viable dags retrieved from /home/vladimir/.local/lib/python3.10/site-packages/airflow/example_dags/plugins/workday.py
[2023-04-22T22:52:41.813+0300] {processor.py:175} INFO - Processing /home/vladimir/.local/lib/python3.10/site-packages/airflow/example_dags/plugins/workday.py took 0.228 seconds
[2023-04-22T22:53:20.284+0300] {processor.py:153} INFO - Started process (PID=11712) to work on /home/vladimir/.local/lib/python3.10/site-packages/airflow/example_dags/plugins/workday.py
[2023-04-22T22:53:20.284+0300] {processor.py:743} INFO - Processing file /home/vladimir/.local/lib/python3.10/site-packages/airflow/example_dags/plugins/workday.py for tasks to queue
[2023-04-22T22:53:20.285+0300] {logging_mixin.py:137} INFO - [2023-04-22T22:53:20.285+0300] {dagbag.py:532} INFO - Filling up the DagBag from /home/vladimir/.local/lib/python3.10/site-packages/airflow/example_dags/plugins/workday.py
[2023-04-22T22:53:20.515+0300] {processor.py:755} WARNING - No viable dags retrieved from /home/vladimir/.local/lib/python3.10/site-packages/airflow/example_dags/plugins/workday.py
[2023-04-22T22:53:20.520+0300] {processor.py:175} INFO - Processing /home/vladimir/.local/lib/python3.10/site-packages/airflow/example_dags/plugins/workday.py took 0.239 seconds
[2023-04-22T22:54:00.820+0300] {processor.py:153} INFO - Started process (PID=11774) to work on /home/vladimir/.local/lib/python3.10/site-packages/airflow/example_dags/plugins/workday.py
[2023-04-22T22:54:00.821+0300] {processor.py:743} INFO - Processing file /home/vladimir/.local/lib/python3.10/site-packages/airflow/example_dags/plugins/workday.py for tasks to queue
[2023-04-22T22:54:00.822+0300] {logging_mixin.py:137} INFO - [2023-04-22T22:54:00.821+0300] {dagbag.py:532} INFO - Filling up the DagBag from /home/vladimir/.local/lib/python3.10/site-packages/airflow/example_dags/plugins/workday.py
[2023-04-22T22:54:01.036+0300] {processor.py:755} WARNING - No viable dags retrieved from /home/vladimir/.local/lib/python3.10/site-packages/airflow/example_dags/plugins/workday.py
[2023-04-22T22:54:01.041+0300] {processor.py:175} INFO - Processing /home/vladimir/.local/lib/python3.10/site-packages/airflow/example_dags/plugins/workday.py took 0.223 seconds
[2023-04-22T22:54:41.353+0300] {processor.py:153} INFO - Started process (PID=11831) to work on /home/vladimir/.local/lib/python3.10/site-packages/airflow/example_dags/plugins/workday.py
[2023-04-22T22:54:41.354+0300] {processor.py:743} INFO - Processing file /home/vladimir/.local/lib/python3.10/site-packages/airflow/example_dags/plugins/workday.py for tasks to queue
[2023-04-22T22:54:41.354+0300] {logging_mixin.py:137} INFO - [2023-04-22T22:54:41.354+0300] {dagbag.py:532} INFO - Filling up the DagBag from /home/vladimir/.local/lib/python3.10/site-packages/airflow/example_dags/plugins/workday.py
[2023-04-22T22:54:41.568+0300] {processor.py:755} WARNING - No viable dags retrieved from /home/vladimir/.local/lib/python3.10/site-packages/airflow/example_dags/plugins/workday.py
[2023-04-22T22:54:41.573+0300] {processor.py:175} INFO - Processing /home/vladimir/.local/lib/python3.10/site-packages/airflow/example_dags/plugins/workday.py took 0.222 seconds
[2023-04-22T22:55:27.437+0300] {processor.py:153} INFO - Started process (PID=11906) to work on /home/vladimir/.local/lib/python3.10/site-packages/airflow/example_dags/plugins/workday.py
[2023-04-22T22:55:27.437+0300] {processor.py:743} INFO - Processing file /home/vladimir/.local/lib/python3.10/site-packages/airflow/example_dags/plugins/workday.py for tasks to queue
[2023-04-22T22:55:27.438+0300] {logging_mixin.py:137} INFO - [2023-04-22T22:55:27.438+0300] {dagbag.py:532} INFO - Filling up the DagBag from /home/vladimir/.local/lib/python3.10/site-packages/airflow/example_dags/plugins/workday.py
[2023-04-22T22:55:28.099+0300] {processor.py:755} WARNING - No viable dags retrieved from /home/vladimir/.local/lib/python3.10/site-packages/airflow/example_dags/plugins/workday.py
[2023-04-22T22:55:28.115+0300] {processor.py:175} INFO - Processing /home/vladimir/.local/lib/python3.10/site-packages/airflow/example_dags/plugins/workday.py took 0.680 seconds
[2023-04-22T22:56:15.956+0300] {processor.py:153} INFO - Started process (PID=11982) to work on /home/vladimir/.local/lib/python3.10/site-packages/airflow/example_dags/plugins/workday.py
[2023-04-22T22:56:15.957+0300] {processor.py:743} INFO - Processing file /home/vladimir/.local/lib/python3.10/site-packages/airflow/example_dags/plugins/workday.py for tasks to queue
[2023-04-22T22:56:15.957+0300] {logging_mixin.py:137} INFO - [2023-04-22T22:56:15.957+0300] {dagbag.py:532} INFO - Filling up the DagBag from /home/vladimir/.local/lib/python3.10/site-packages/airflow/example_dags/plugins/workday.py
[2023-04-22T22:56:16.187+0300] {processor.py:755} WARNING - No viable dags retrieved from /home/vladimir/.local/lib/python3.10/site-packages/airflow/example_dags/plugins/workday.py
[2023-04-22T22:56:16.192+0300] {processor.py:175} INFO - Processing /home/vladimir/.local/lib/python3.10/site-packages/airflow/example_dags/plugins/workday.py took 0.239 seconds
[2023-04-23T01:29:14.466+0300] {processor.py:153} INFO - Started process (PID=4415) to work on /home/vladimir/.local/lib/python3.10/site-packages/airflow/example_dags/plugins/workday.py
[2023-04-23T01:29:14.467+0300] {processor.py:743} INFO - Processing file /home/vladimir/.local/lib/python3.10/site-packages/airflow/example_dags/plugins/workday.py for tasks to queue
[2023-04-23T01:29:14.467+0300] {logging_mixin.py:137} INFO - [2023-04-23T01:29:14.467+0300] {dagbag.py:532} INFO - Filling up the DagBag from /home/vladimir/.local/lib/python3.10/site-packages/airflow/example_dags/plugins/workday.py
[2023-04-23T01:29:16.121+0300] {processor.py:755} WARNING - No viable dags retrieved from /home/vladimir/.local/lib/python3.10/site-packages/airflow/example_dags/plugins/workday.py
[2023-04-23T01:29:16.126+0300] {processor.py:175} INFO - Processing /home/vladimir/.local/lib/python3.10/site-packages/airflow/example_dags/plugins/workday.py took 1.662 seconds
[2023-04-23T01:29:55.550+0300] {processor.py:153} INFO - Started process (PID=4472) to work on /home/vladimir/.local/lib/python3.10/site-packages/airflow/example_dags/plugins/workday.py
[2023-04-23T01:29:55.550+0300] {processor.py:743} INFO - Processing file /home/vladimir/.local/lib/python3.10/site-packages/airflow/example_dags/plugins/workday.py for tasks to queue
[2023-04-23T01:29:55.551+0300] {logging_mixin.py:137} INFO - [2023-04-23T01:29:55.551+0300] {dagbag.py:532} INFO - Filling up the DagBag from /home/vladimir/.local/lib/python3.10/site-packages/airflow/example_dags/plugins/workday.py
[2023-04-23T01:29:55.772+0300] {processor.py:755} WARNING - No viable dags retrieved from /home/vladimir/.local/lib/python3.10/site-packages/airflow/example_dags/plugins/workday.py
[2023-04-23T01:29:55.776+0300] {processor.py:175} INFO - Processing /home/vladimir/.local/lib/python3.10/site-packages/airflow/example_dags/plugins/workday.py took 0.229 seconds
[2023-04-23T01:30:39.485+0300] {processor.py:153} INFO - Started process (PID=4564) to work on /home/vladimir/.local/lib/python3.10/site-packages/airflow/example_dags/plugins/workday.py
[2023-04-23T01:30:39.486+0300] {processor.py:743} INFO - Processing file /home/vladimir/.local/lib/python3.10/site-packages/airflow/example_dags/plugins/workday.py for tasks to queue
[2023-04-23T01:30:39.486+0300] {logging_mixin.py:137} INFO - [2023-04-23T01:30:39.486+0300] {dagbag.py:532} INFO - Filling up the DagBag from /home/vladimir/.local/lib/python3.10/site-packages/airflow/example_dags/plugins/workday.py
[2023-04-23T01:30:39.715+0300] {processor.py:755} WARNING - No viable dags retrieved from /home/vladimir/.local/lib/python3.10/site-packages/airflow/example_dags/plugins/workday.py
[2023-04-23T01:30:39.720+0300] {processor.py:175} INFO - Processing /home/vladimir/.local/lib/python3.10/site-packages/airflow/example_dags/plugins/workday.py took 0.237 seconds
[2023-04-23T01:31:24.192+0300] {processor.py:153} INFO - Started process (PID=4626) to work on /home/vladimir/.local/lib/python3.10/site-packages/airflow/example_dags/plugins/workday.py
[2023-04-23T01:31:24.193+0300] {processor.py:743} INFO - Processing file /home/vladimir/.local/lib/python3.10/site-packages/airflow/example_dags/plugins/workday.py for tasks to queue
[2023-04-23T01:31:24.194+0300] {logging_mixin.py:137} INFO - [2023-04-23T01:31:24.193+0300] {dagbag.py:532} INFO - Filling up the DagBag from /home/vladimir/.local/lib/python3.10/site-packages/airflow/example_dags/plugins/workday.py
[2023-04-23T01:31:24.457+0300] {processor.py:755} WARNING - No viable dags retrieved from /home/vladimir/.local/lib/python3.10/site-packages/airflow/example_dags/plugins/workday.py
[2023-04-23T01:31:24.462+0300] {processor.py:175} INFO - Processing /home/vladimir/.local/lib/python3.10/site-packages/airflow/example_dags/plugins/workday.py took 0.272 seconds
[2023-04-23T01:32:05.239+0300] {processor.py:153} INFO - Started process (PID=4677) to work on /home/vladimir/.local/lib/python3.10/site-packages/airflow/example_dags/plugins/workday.py
[2023-04-23T01:32:05.240+0300] {processor.py:743} INFO - Processing file /home/vladimir/.local/lib/python3.10/site-packages/airflow/example_dags/plugins/workday.py for tasks to queue
[2023-04-23T01:32:05.240+0300] {logging_mixin.py:137} INFO - [2023-04-23T01:32:05.240+0300] {dagbag.py:532} INFO - Filling up the DagBag from /home/vladimir/.local/lib/python3.10/site-packages/airflow/example_dags/plugins/workday.py
[2023-04-23T01:32:05.473+0300] {processor.py:755} WARNING - No viable dags retrieved from /home/vladimir/.local/lib/python3.10/site-packages/airflow/example_dags/plugins/workday.py
[2023-04-23T01:32:05.481+0300] {processor.py:175} INFO - Processing /home/vladimir/.local/lib/python3.10/site-packages/airflow/example_dags/plugins/workday.py took 0.244 seconds
[2023-04-23T01:32:51.695+0300] {processor.py:153} INFO - Started process (PID=4742) to work on /home/vladimir/.local/lib/python3.10/site-packages/airflow/example_dags/plugins/workday.py
[2023-04-23T01:32:51.696+0300] {processor.py:743} INFO - Processing file /home/vladimir/.local/lib/python3.10/site-packages/airflow/example_dags/plugins/workday.py for tasks to queue
[2023-04-23T01:32:51.696+0300] {logging_mixin.py:137} INFO - [2023-04-23T01:32:51.696+0300] {dagbag.py:532} INFO - Filling up the DagBag from /home/vladimir/.local/lib/python3.10/site-packages/airflow/example_dags/plugins/workday.py
[2023-04-23T01:32:52.094+0300] {processor.py:755} WARNING - No viable dags retrieved from /home/vladimir/.local/lib/python3.10/site-packages/airflow/example_dags/plugins/workday.py
[2023-04-23T01:32:52.104+0300] {processor.py:175} INFO - Processing /home/vladimir/.local/lib/python3.10/site-packages/airflow/example_dags/plugins/workday.py took 0.411 seconds
[2023-04-23T01:33:36.035+0300] {processor.py:153} INFO - Started process (PID=4802) to work on /home/vladimir/.local/lib/python3.10/site-packages/airflow/example_dags/plugins/workday.py
[2023-04-23T01:33:36.036+0300] {processor.py:743} INFO - Processing file /home/vladimir/.local/lib/python3.10/site-packages/airflow/example_dags/plugins/workday.py for tasks to queue
[2023-04-23T01:33:36.037+0300] {logging_mixin.py:137} INFO - [2023-04-23T01:33:36.037+0300] {dagbag.py:532} INFO - Filling up the DagBag from /home/vladimir/.local/lib/python3.10/site-packages/airflow/example_dags/plugins/workday.py
[2023-04-23T01:33:36.335+0300] {processor.py:755} WARNING - No viable dags retrieved from /home/vladimir/.local/lib/python3.10/site-packages/airflow/example_dags/plugins/workday.py
[2023-04-23T01:33:36.346+0300] {processor.py:175} INFO - Processing /home/vladimir/.local/lib/python3.10/site-packages/airflow/example_dags/plugins/workday.py took 0.313 seconds
[2023-04-23T01:34:17.598+0300] {processor.py:153} INFO - Started process (PID=4909) to work on /home/vladimir/.local/lib/python3.10/site-packages/airflow/example_dags/plugins/workday.py
[2023-04-23T01:34:17.599+0300] {processor.py:743} INFO - Processing file /home/vladimir/.local/lib/python3.10/site-packages/airflow/example_dags/plugins/workday.py for tasks to queue
[2023-04-23T01:34:17.600+0300] {logging_mixin.py:137} INFO - [2023-04-23T01:34:17.599+0300] {dagbag.py:532} INFO - Filling up the DagBag from /home/vladimir/.local/lib/python3.10/site-packages/airflow/example_dags/plugins/workday.py
[2023-04-23T01:34:17.841+0300] {processor.py:755} WARNING - No viable dags retrieved from /home/vladimir/.local/lib/python3.10/site-packages/airflow/example_dags/plugins/workday.py
[2023-04-23T01:34:17.848+0300] {processor.py:175} INFO - Processing /home/vladimir/.local/lib/python3.10/site-packages/airflow/example_dags/plugins/workday.py took 0.252 seconds
[2023-04-23T01:35:06.717+0300] {processor.py:153} INFO - Started process (PID=4973) to work on /home/vladimir/.local/lib/python3.10/site-packages/airflow/example_dags/plugins/workday.py
[2023-04-23T01:35:06.718+0300] {processor.py:743} INFO - Processing file /home/vladimir/.local/lib/python3.10/site-packages/airflow/example_dags/plugins/workday.py for tasks to queue
[2023-04-23T01:35:06.718+0300] {logging_mixin.py:137} INFO - [2023-04-23T01:35:06.718+0300] {dagbag.py:532} INFO - Filling up the DagBag from /home/vladimir/.local/lib/python3.10/site-packages/airflow/example_dags/plugins/workday.py
[2023-04-23T01:35:06.983+0300] {processor.py:755} WARNING - No viable dags retrieved from /home/vladimir/.local/lib/python3.10/site-packages/airflow/example_dags/plugins/workday.py
[2023-04-23T01:35:06.994+0300] {processor.py:175} INFO - Processing /home/vladimir/.local/lib/python3.10/site-packages/airflow/example_dags/plugins/workday.py took 0.279 seconds
