[2023-04-27T18:25:47.515+0300] {processor.py:153} INFO - Started process (PID=5909) to work on /home/vladimir/.local/lib/python3.10/site-packages/airflow/example_dags/plugins/event_listener.py
[2023-04-27T18:25:47.516+0300] {processor.py:743} INFO - Processing file /home/vladimir/.local/lib/python3.10/site-packages/airflow/example_dags/plugins/event_listener.py for tasks to queue
[2023-04-27T18:25:47.516+0300] {logging_mixin.py:137} INFO - [2023-04-27T18:25:47.516+0300] {dagbag.py:532} INFO - Filling up the DagBag from /home/vladimir/.local/lib/python3.10/site-packages/airflow/example_dags/plugins/event_listener.py
[2023-04-27T18:25:47.517+0300] {processor.py:755} WARNING - No viable dags retrieved from /home/vladimir/.local/lib/python3.10/site-packages/airflow/example_dags/plugins/event_listener.py
[2023-04-27T18:25:47.523+0300] {processor.py:175} INFO - Processing /home/vladimir/.local/lib/python3.10/site-packages/airflow/example_dags/plugins/event_listener.py took 0.010 seconds
[2023-04-27T18:26:30.981+0300] {processor.py:153} INFO - Started process (PID=6010) to work on /home/vladimir/.local/lib/python3.10/site-packages/airflow/example_dags/plugins/event_listener.py
[2023-04-27T18:26:30.982+0300] {processor.py:743} INFO - Processing file /home/vladimir/.local/lib/python3.10/site-packages/airflow/example_dags/plugins/event_listener.py for tasks to queue
[2023-04-27T18:26:30.982+0300] {logging_mixin.py:137} INFO - [2023-04-27T18:26:30.982+0300] {dagbag.py:532} INFO - Filling up the DagBag from /home/vladimir/.local/lib/python3.10/site-packages/airflow/example_dags/plugins/event_listener.py
[2023-04-27T18:26:30.983+0300] {processor.py:755} WARNING - No viable dags retrieved from /home/vladimir/.local/lib/python3.10/site-packages/airflow/example_dags/plugins/event_listener.py
[2023-04-27T18:26:30.992+0300] {processor.py:175} INFO - Processing /home/vladimir/.local/lib/python3.10/site-packages/airflow/example_dags/plugins/event_listener.py took 0.013 seconds
[2023-04-27T18:27:16.176+0300] {processor.py:153} INFO - Started process (PID=6083) to work on /home/vladimir/.local/lib/python3.10/site-packages/airflow/example_dags/plugins/event_listener.py
[2023-04-27T18:27:16.177+0300] {processor.py:743} INFO - Processing file /home/vladimir/.local/lib/python3.10/site-packages/airflow/example_dags/plugins/event_listener.py for tasks to queue
[2023-04-27T18:27:16.177+0300] {logging_mixin.py:137} INFO - [2023-04-27T18:27:16.177+0300] {dagbag.py:532} INFO - Filling up the DagBag from /home/vladimir/.local/lib/python3.10/site-packages/airflow/example_dags/plugins/event_listener.py
[2023-04-27T18:27:16.178+0300] {processor.py:755} WARNING - No viable dags retrieved from /home/vladimir/.local/lib/python3.10/site-packages/airflow/example_dags/plugins/event_listener.py
[2023-04-27T18:27:16.185+0300] {processor.py:175} INFO - Processing /home/vladimir/.local/lib/python3.10/site-packages/airflow/example_dags/plugins/event_listener.py took 0.012 seconds
[2023-04-27T18:27:57.159+0300] {processor.py:153} INFO - Started process (PID=6140) to work on /home/vladimir/.local/lib/python3.10/site-packages/airflow/example_dags/plugins/event_listener.py
[2023-04-27T18:27:57.160+0300] {processor.py:743} INFO - Processing file /home/vladimir/.local/lib/python3.10/site-packages/airflow/example_dags/plugins/event_listener.py for tasks to queue
[2023-04-27T18:27:57.160+0300] {logging_mixin.py:137} INFO - [2023-04-27T18:27:57.160+0300] {dagbag.py:532} INFO - Filling up the DagBag from /home/vladimir/.local/lib/python3.10/site-packages/airflow/example_dags/plugins/event_listener.py
[2023-04-27T18:27:57.161+0300] {processor.py:755} WARNING - No viable dags retrieved from /home/vladimir/.local/lib/python3.10/site-packages/airflow/example_dags/plugins/event_listener.py
[2023-04-27T18:27:57.168+0300] {processor.py:175} INFO - Processing /home/vladimir/.local/lib/python3.10/site-packages/airflow/example_dags/plugins/event_listener.py took 0.012 seconds
[2023-04-27T18:28:45.223+0300] {processor.py:153} INFO - Started process (PID=6212) to work on /home/vladimir/.local/lib/python3.10/site-packages/airflow/example_dags/plugins/event_listener.py
[2023-04-27T18:28:45.224+0300] {processor.py:743} INFO - Processing file /home/vladimir/.local/lib/python3.10/site-packages/airflow/example_dags/plugins/event_listener.py for tasks to queue
[2023-04-27T18:28:45.224+0300] {logging_mixin.py:137} INFO - [2023-04-27T18:28:45.224+0300] {dagbag.py:532} INFO - Filling up the DagBag from /home/vladimir/.local/lib/python3.10/site-packages/airflow/example_dags/plugins/event_listener.py
[2023-04-27T18:28:45.225+0300] {processor.py:755} WARNING - No viable dags retrieved from /home/vladimir/.local/lib/python3.10/site-packages/airflow/example_dags/plugins/event_listener.py
[2023-04-27T18:28:45.233+0300] {processor.py:175} INFO - Processing /home/vladimir/.local/lib/python3.10/site-packages/airflow/example_dags/plugins/event_listener.py took 0.012 seconds
[2023-04-27T18:29:27.029+0300] {processor.py:153} INFO - Started process (PID=6353) to work on /home/vladimir/.local/lib/python3.10/site-packages/airflow/example_dags/plugins/event_listener.py
[2023-04-27T18:29:27.030+0300] {processor.py:743} INFO - Processing file /home/vladimir/.local/lib/python3.10/site-packages/airflow/example_dags/plugins/event_listener.py for tasks to queue
[2023-04-27T18:29:27.030+0300] {logging_mixin.py:137} INFO - [2023-04-27T18:29:27.030+0300] {dagbag.py:532} INFO - Filling up the DagBag from /home/vladimir/.local/lib/python3.10/site-packages/airflow/example_dags/plugins/event_listener.py
[2023-04-27T18:29:27.031+0300] {processor.py:755} WARNING - No viable dags retrieved from /home/vladimir/.local/lib/python3.10/site-packages/airflow/example_dags/plugins/event_listener.py
[2023-04-27T18:29:27.038+0300] {processor.py:175} INFO - Processing /home/vladimir/.local/lib/python3.10/site-packages/airflow/example_dags/plugins/event_listener.py took 0.012 seconds
[2023-04-27T18:30:13.272+0300] {processor.py:153} INFO - Started process (PID=6448) to work on /home/vladimir/.local/lib/python3.10/site-packages/airflow/example_dags/plugins/event_listener.py
[2023-04-27T18:30:13.273+0300] {processor.py:743} INFO - Processing file /home/vladimir/.local/lib/python3.10/site-packages/airflow/example_dags/plugins/event_listener.py for tasks to queue
[2023-04-27T18:30:13.273+0300] {logging_mixin.py:137} INFO - [2023-04-27T18:30:13.273+0300] {dagbag.py:532} INFO - Filling up the DagBag from /home/vladimir/.local/lib/python3.10/site-packages/airflow/example_dags/plugins/event_listener.py
[2023-04-27T18:30:13.274+0300] {processor.py:755} WARNING - No viable dags retrieved from /home/vladimir/.local/lib/python3.10/site-packages/airflow/example_dags/plugins/event_listener.py
[2023-04-27T18:30:13.284+0300] {processor.py:175} INFO - Processing /home/vladimir/.local/lib/python3.10/site-packages/airflow/example_dags/plugins/event_listener.py took 0.015 seconds
[2023-04-27T18:31:01.980+0300] {processor.py:153} INFO - Started process (PID=6576) to work on /home/vladimir/.local/lib/python3.10/site-packages/airflow/example_dags/plugins/event_listener.py
[2023-04-27T18:31:01.981+0300] {processor.py:743} INFO - Processing file /home/vladimir/.local/lib/python3.10/site-packages/airflow/example_dags/plugins/event_listener.py for tasks to queue
[2023-04-27T18:31:01.981+0300] {logging_mixin.py:137} INFO - [2023-04-27T18:31:01.981+0300] {dagbag.py:532} INFO - Filling up the DagBag from /home/vladimir/.local/lib/python3.10/site-packages/airflow/example_dags/plugins/event_listener.py
[2023-04-27T18:31:01.982+0300] {processor.py:755} WARNING - No viable dags retrieved from /home/vladimir/.local/lib/python3.10/site-packages/airflow/example_dags/plugins/event_listener.py
[2023-04-27T18:31:01.990+0300] {processor.py:175} INFO - Processing /home/vladimir/.local/lib/python3.10/site-packages/airflow/example_dags/plugins/event_listener.py took 0.012 seconds
[2023-04-27T18:31:52.224+0300] {processor.py:153} INFO - Started process (PID=6670) to work on /home/vladimir/.local/lib/python3.10/site-packages/airflow/example_dags/plugins/event_listener.py
[2023-04-27T18:31:52.225+0300] {processor.py:743} INFO - Processing file /home/vladimir/.local/lib/python3.10/site-packages/airflow/example_dags/plugins/event_listener.py for tasks to queue
[2023-04-27T18:31:52.225+0300] {logging_mixin.py:137} INFO - [2023-04-27T18:31:52.225+0300] {dagbag.py:532} INFO - Filling up the DagBag from /home/vladimir/.local/lib/python3.10/site-packages/airflow/example_dags/plugins/event_listener.py
[2023-04-27T18:31:52.226+0300] {processor.py:755} WARNING - No viable dags retrieved from /home/vladimir/.local/lib/python3.10/site-packages/airflow/example_dags/plugins/event_listener.py
[2023-04-27T18:31:52.233+0300] {processor.py:175} INFO - Processing /home/vladimir/.local/lib/python3.10/site-packages/airflow/example_dags/plugins/event_listener.py took 0.011 seconds
[2023-04-27T18:32:42.012+0300] {processor.py:153} INFO - Started process (PID=6839) to work on /home/vladimir/.local/lib/python3.10/site-packages/airflow/example_dags/plugins/event_listener.py
[2023-04-27T18:32:42.013+0300] {processor.py:743} INFO - Processing file /home/vladimir/.local/lib/python3.10/site-packages/airflow/example_dags/plugins/event_listener.py for tasks to queue
[2023-04-27T18:32:42.014+0300] {logging_mixin.py:137} INFO - [2023-04-27T18:32:42.014+0300] {dagbag.py:532} INFO - Filling up the DagBag from /home/vladimir/.local/lib/python3.10/site-packages/airflow/example_dags/plugins/event_listener.py
[2023-04-27T18:32:42.016+0300] {processor.py:755} WARNING - No viable dags retrieved from /home/vladimir/.local/lib/python3.10/site-packages/airflow/example_dags/plugins/event_listener.py
[2023-04-27T18:32:42.033+0300] {processor.py:175} INFO - Processing /home/vladimir/.local/lib/python3.10/site-packages/airflow/example_dags/plugins/event_listener.py took 0.023 seconds
[2023-04-27T18:33:31.571+0300] {processor.py:153} INFO - Started process (PID=6919) to work on /home/vladimir/.local/lib/python3.10/site-packages/airflow/example_dags/plugins/event_listener.py
[2023-04-27T18:33:31.572+0300] {processor.py:743} INFO - Processing file /home/vladimir/.local/lib/python3.10/site-packages/airflow/example_dags/plugins/event_listener.py for tasks to queue
[2023-04-27T18:33:31.573+0300] {logging_mixin.py:137} INFO - [2023-04-27T18:33:31.572+0300] {dagbag.py:532} INFO - Filling up the DagBag from /home/vladimir/.local/lib/python3.10/site-packages/airflow/example_dags/plugins/event_listener.py
[2023-04-27T18:33:31.573+0300] {processor.py:755} WARNING - No viable dags retrieved from /home/vladimir/.local/lib/python3.10/site-packages/airflow/example_dags/plugins/event_listener.py
[2023-04-27T18:33:31.580+0300] {processor.py:175} INFO - Processing /home/vladimir/.local/lib/python3.10/site-packages/airflow/example_dags/plugins/event_listener.py took 0.011 seconds
[2023-04-27T18:34:12.255+0300] {processor.py:153} INFO - Started process (PID=6984) to work on /home/vladimir/.local/lib/python3.10/site-packages/airflow/example_dags/plugins/event_listener.py
[2023-04-27T18:34:12.256+0300] {processor.py:743} INFO - Processing file /home/vladimir/.local/lib/python3.10/site-packages/airflow/example_dags/plugins/event_listener.py for tasks to queue
[2023-04-27T18:34:12.256+0300] {logging_mixin.py:137} INFO - [2023-04-27T18:34:12.256+0300] {dagbag.py:532} INFO - Filling up the DagBag from /home/vladimir/.local/lib/python3.10/site-packages/airflow/example_dags/plugins/event_listener.py
[2023-04-27T18:34:12.257+0300] {processor.py:755} WARNING - No viable dags retrieved from /home/vladimir/.local/lib/python3.10/site-packages/airflow/example_dags/plugins/event_listener.py
[2023-04-27T18:34:12.264+0300] {processor.py:175} INFO - Processing /home/vladimir/.local/lib/python3.10/site-packages/airflow/example_dags/plugins/event_listener.py took 0.011 seconds
[2023-04-27T18:35:01.183+0300] {processor.py:153} INFO - Started process (PID=7112) to work on /home/vladimir/.local/lib/python3.10/site-packages/airflow/example_dags/plugins/event_listener.py
[2023-04-27T18:35:01.185+0300] {processor.py:743} INFO - Processing file /home/vladimir/.local/lib/python3.10/site-packages/airflow/example_dags/plugins/event_listener.py for tasks to queue
[2023-04-27T18:35:01.185+0300] {logging_mixin.py:137} INFO - [2023-04-27T18:35:01.185+0300] {dagbag.py:532} INFO - Filling up the DagBag from /home/vladimir/.local/lib/python3.10/site-packages/airflow/example_dags/plugins/event_listener.py
[2023-04-27T18:35:01.186+0300] {processor.py:755} WARNING - No viable dags retrieved from /home/vladimir/.local/lib/python3.10/site-packages/airflow/example_dags/plugins/event_listener.py
[2023-04-27T18:35:01.203+0300] {processor.py:175} INFO - Processing /home/vladimir/.local/lib/python3.10/site-packages/airflow/example_dags/plugins/event_listener.py took 0.024 seconds
[2023-04-27T18:35:47.566+0300] {processor.py:153} INFO - Started process (PID=7453) to work on /home/vladimir/.local/lib/python3.10/site-packages/airflow/example_dags/plugins/event_listener.py
[2023-04-27T18:35:47.567+0300] {processor.py:743} INFO - Processing file /home/vladimir/.local/lib/python3.10/site-packages/airflow/example_dags/plugins/event_listener.py for tasks to queue
[2023-04-27T18:35:47.567+0300] {logging_mixin.py:137} INFO - [2023-04-27T18:35:47.567+0300] {dagbag.py:532} INFO - Filling up the DagBag from /home/vladimir/.local/lib/python3.10/site-packages/airflow/example_dags/plugins/event_listener.py
[2023-04-27T18:35:47.568+0300] {processor.py:755} WARNING - No viable dags retrieved from /home/vladimir/.local/lib/python3.10/site-packages/airflow/example_dags/plugins/event_listener.py
[2023-04-27T18:35:47.575+0300] {processor.py:175} INFO - Processing /home/vladimir/.local/lib/python3.10/site-packages/airflow/example_dags/plugins/event_listener.py took 0.012 seconds
[2023-04-27T18:36:35.100+0300] {processor.py:153} INFO - Started process (PID=7561) to work on /home/vladimir/.local/lib/python3.10/site-packages/airflow/example_dags/plugins/event_listener.py
[2023-04-27T18:36:35.102+0300] {processor.py:743} INFO - Processing file /home/vladimir/.local/lib/python3.10/site-packages/airflow/example_dags/plugins/event_listener.py for tasks to queue
[2023-04-27T18:36:35.102+0300] {logging_mixin.py:137} INFO - [2023-04-27T18:36:35.102+0300] {dagbag.py:532} INFO - Filling up the DagBag from /home/vladimir/.local/lib/python3.10/site-packages/airflow/example_dags/plugins/event_listener.py
[2023-04-27T18:36:35.104+0300] {processor.py:755} WARNING - No viable dags retrieved from /home/vladimir/.local/lib/python3.10/site-packages/airflow/example_dags/plugins/event_listener.py
[2023-04-27T18:36:35.111+0300] {processor.py:175} INFO - Processing /home/vladimir/.local/lib/python3.10/site-packages/airflow/example_dags/plugins/event_listener.py took 0.012 seconds
[2023-04-27T18:37:25.297+0300] {processor.py:153} INFO - Started process (PID=7658) to work on /home/vladimir/.local/lib/python3.10/site-packages/airflow/example_dags/plugins/event_listener.py
[2023-04-27T18:37:25.298+0300] {processor.py:743} INFO - Processing file /home/vladimir/.local/lib/python3.10/site-packages/airflow/example_dags/plugins/event_listener.py for tasks to queue
[2023-04-27T18:37:25.298+0300] {logging_mixin.py:137} INFO - [2023-04-27T18:37:25.298+0300] {dagbag.py:532} INFO - Filling up the DagBag from /home/vladimir/.local/lib/python3.10/site-packages/airflow/example_dags/plugins/event_listener.py
[2023-04-27T18:37:25.300+0300] {processor.py:755} WARNING - No viable dags retrieved from /home/vladimir/.local/lib/python3.10/site-packages/airflow/example_dags/plugins/event_listener.py
[2023-04-27T18:37:25.307+0300] {processor.py:175} INFO - Processing /home/vladimir/.local/lib/python3.10/site-packages/airflow/example_dags/plugins/event_listener.py took 0.012 seconds
[2023-04-27T18:38:11.454+0300] {processor.py:153} INFO - Started process (PID=7720) to work on /home/vladimir/.local/lib/python3.10/site-packages/airflow/example_dags/plugins/event_listener.py
[2023-04-27T18:38:11.455+0300] {processor.py:743} INFO - Processing file /home/vladimir/.local/lib/python3.10/site-packages/airflow/example_dags/plugins/event_listener.py for tasks to queue
[2023-04-27T18:38:11.455+0300] {logging_mixin.py:137} INFO - [2023-04-27T18:38:11.455+0300] {dagbag.py:532} INFO - Filling up the DagBag from /home/vladimir/.local/lib/python3.10/site-packages/airflow/example_dags/plugins/event_listener.py
[2023-04-27T18:38:11.456+0300] {processor.py:755} WARNING - No viable dags retrieved from /home/vladimir/.local/lib/python3.10/site-packages/airflow/example_dags/plugins/event_listener.py
[2023-04-27T18:38:11.463+0300] {processor.py:175} INFO - Processing /home/vladimir/.local/lib/python3.10/site-packages/airflow/example_dags/plugins/event_listener.py took 0.012 seconds
[2023-04-27T18:39:02.773+0300] {processor.py:153} INFO - Started process (PID=8090) to work on /home/vladimir/.local/lib/python3.10/site-packages/airflow/example_dags/plugins/event_listener.py
[2023-04-27T18:39:02.774+0300] {processor.py:743} INFO - Processing file /home/vladimir/.local/lib/python3.10/site-packages/airflow/example_dags/plugins/event_listener.py for tasks to queue
[2023-04-27T18:39:02.774+0300] {logging_mixin.py:137} INFO - [2023-04-27T18:39:02.774+0300] {dagbag.py:532} INFO - Filling up the DagBag from /home/vladimir/.local/lib/python3.10/site-packages/airflow/example_dags/plugins/event_listener.py
[2023-04-27T18:39:02.775+0300] {processor.py:755} WARNING - No viable dags retrieved from /home/vladimir/.local/lib/python3.10/site-packages/airflow/example_dags/plugins/event_listener.py
[2023-04-27T18:39:02.782+0300] {processor.py:175} INFO - Processing /home/vladimir/.local/lib/python3.10/site-packages/airflow/example_dags/plugins/event_listener.py took 0.011 seconds
[2023-04-27T18:39:53.830+0300] {processor.py:153} INFO - Started process (PID=8184) to work on /home/vladimir/.local/lib/python3.10/site-packages/airflow/example_dags/plugins/event_listener.py
[2023-04-27T18:39:53.831+0300] {processor.py:743} INFO - Processing file /home/vladimir/.local/lib/python3.10/site-packages/airflow/example_dags/plugins/event_listener.py for tasks to queue
[2023-04-27T18:39:53.831+0300] {logging_mixin.py:137} INFO - [2023-04-27T18:39:53.831+0300] {dagbag.py:532} INFO - Filling up the DagBag from /home/vladimir/.local/lib/python3.10/site-packages/airflow/example_dags/plugins/event_listener.py
[2023-04-27T18:39:53.833+0300] {processor.py:755} WARNING - No viable dags retrieved from /home/vladimir/.local/lib/python3.10/site-packages/airflow/example_dags/plugins/event_listener.py
[2023-04-27T18:39:53.840+0300] {processor.py:175} INFO - Processing /home/vladimir/.local/lib/python3.10/site-packages/airflow/example_dags/plugins/event_listener.py took 0.012 seconds
[2023-04-27T18:41:31.167+0300] {processor.py:153} INFO - Started process (PID=3398) to work on /home/vladimir/.local/lib/python3.10/site-packages/airflow/example_dags/plugins/event_listener.py
[2023-04-27T18:41:31.170+0300] {processor.py:743} INFO - Processing file /home/vladimir/.local/lib/python3.10/site-packages/airflow/example_dags/plugins/event_listener.py for tasks to queue
[2023-04-27T18:41:31.171+0300] {logging_mixin.py:137} INFO - [2023-04-27T18:41:31.171+0300] {dagbag.py:532} INFO - Filling up the DagBag from /home/vladimir/.local/lib/python3.10/site-packages/airflow/example_dags/plugins/event_listener.py
[2023-04-27T18:41:31.172+0300] {processor.py:755} WARNING - No viable dags retrieved from /home/vladimir/.local/lib/python3.10/site-packages/airflow/example_dags/plugins/event_listener.py
[2023-04-27T18:41:31.184+0300] {processor.py:175} INFO - Processing /home/vladimir/.local/lib/python3.10/site-packages/airflow/example_dags/plugins/event_listener.py took 0.019 seconds
[2023-04-27T18:42:12.391+0300] {processor.py:153} INFO - Started process (PID=3735) to work on /home/vladimir/.local/lib/python3.10/site-packages/airflow/example_dags/plugins/event_listener.py
[2023-04-27T18:42:12.392+0300] {processor.py:743} INFO - Processing file /home/vladimir/.local/lib/python3.10/site-packages/airflow/example_dags/plugins/event_listener.py for tasks to queue
[2023-04-27T18:42:12.393+0300] {logging_mixin.py:137} INFO - [2023-04-27T18:42:12.393+0300] {dagbag.py:532} INFO - Filling up the DagBag from /home/vladimir/.local/lib/python3.10/site-packages/airflow/example_dags/plugins/event_listener.py
[2023-04-27T18:42:12.394+0300] {processor.py:755} WARNING - No viable dags retrieved from /home/vladimir/.local/lib/python3.10/site-packages/airflow/example_dags/plugins/event_listener.py
[2023-04-27T18:42:12.402+0300] {processor.py:175} INFO - Processing /home/vladimir/.local/lib/python3.10/site-packages/airflow/example_dags/plugins/event_listener.py took 0.013 seconds
[2023-04-27T18:42:54.477+0300] {processor.py:153} INFO - Started process (PID=4536) to work on /home/vladimir/.local/lib/python3.10/site-packages/airflow/example_dags/plugins/event_listener.py
[2023-04-27T18:42:54.477+0300] {processor.py:743} INFO - Processing file /home/vladimir/.local/lib/python3.10/site-packages/airflow/example_dags/plugins/event_listener.py for tasks to queue
[2023-04-27T18:42:54.478+0300] {logging_mixin.py:137} INFO - [2023-04-27T18:42:54.478+0300] {dagbag.py:532} INFO - Filling up the DagBag from /home/vladimir/.local/lib/python3.10/site-packages/airflow/example_dags/plugins/event_listener.py
[2023-04-27T18:42:54.479+0300] {processor.py:755} WARNING - No viable dags retrieved from /home/vladimir/.local/lib/python3.10/site-packages/airflow/example_dags/plugins/event_listener.py
[2023-04-27T18:42:54.485+0300] {processor.py:175} INFO - Processing /home/vladimir/.local/lib/python3.10/site-packages/airflow/example_dags/plugins/event_listener.py took 0.011 seconds
[2023-04-27T18:43:37.272+0300] {processor.py:153} INFO - Started process (PID=5210) to work on /home/vladimir/.local/lib/python3.10/site-packages/airflow/example_dags/plugins/event_listener.py
[2023-04-27T18:43:37.275+0300] {processor.py:743} INFO - Processing file /home/vladimir/.local/lib/python3.10/site-packages/airflow/example_dags/plugins/event_listener.py for tasks to queue
[2023-04-27T18:43:37.278+0300] {logging_mixin.py:137} INFO - [2023-04-27T18:43:37.277+0300] {dagbag.py:532} INFO - Filling up the DagBag from /home/vladimir/.local/lib/python3.10/site-packages/airflow/example_dags/plugins/event_listener.py
[2023-04-27T18:43:37.282+0300] {processor.py:755} WARNING - No viable dags retrieved from /home/vladimir/.local/lib/python3.10/site-packages/airflow/example_dags/plugins/event_listener.py
[2023-04-27T18:43:37.291+0300] {processor.py:175} INFO - Processing /home/vladimir/.local/lib/python3.10/site-packages/airflow/example_dags/plugins/event_listener.py took 0.021 seconds
[2023-04-27T18:44:28.930+0300] {processor.py:153} INFO - Started process (PID=8927) to work on /home/vladimir/.local/lib/python3.10/site-packages/airflow/example_dags/plugins/event_listener.py
[2023-04-27T18:44:28.931+0300] {processor.py:743} INFO - Processing file /home/vladimir/.local/lib/python3.10/site-packages/airflow/example_dags/plugins/event_listener.py for tasks to queue
[2023-04-27T18:44:28.931+0300] {logging_mixin.py:137} INFO - [2023-04-27T18:44:28.931+0300] {dagbag.py:532} INFO - Filling up the DagBag from /home/vladimir/.local/lib/python3.10/site-packages/airflow/example_dags/plugins/event_listener.py
[2023-04-27T18:44:28.932+0300] {processor.py:755} WARNING - No viable dags retrieved from /home/vladimir/.local/lib/python3.10/site-packages/airflow/example_dags/plugins/event_listener.py
[2023-04-27T18:44:28.940+0300] {processor.py:175} INFO - Processing /home/vladimir/.local/lib/python3.10/site-packages/airflow/example_dags/plugins/event_listener.py took 0.013 seconds
[2023-04-27T18:45:12.141+0300] {processor.py:153} INFO - Started process (PID=10400) to work on /home/vladimir/.local/lib/python3.10/site-packages/airflow/example_dags/plugins/event_listener.py
[2023-04-27T18:45:12.145+0300] {processor.py:743} INFO - Processing file /home/vladimir/.local/lib/python3.10/site-packages/airflow/example_dags/plugins/event_listener.py for tasks to queue
[2023-04-27T18:45:12.145+0300] {logging_mixin.py:137} INFO - [2023-04-27T18:45:12.145+0300] {dagbag.py:532} INFO - Filling up the DagBag from /home/vladimir/.local/lib/python3.10/site-packages/airflow/example_dags/plugins/event_listener.py
[2023-04-27T18:45:12.146+0300] {processor.py:755} WARNING - No viable dags retrieved from /home/vladimir/.local/lib/python3.10/site-packages/airflow/example_dags/plugins/event_listener.py
[2023-04-27T18:45:12.171+0300] {processor.py:175} INFO - Processing /home/vladimir/.local/lib/python3.10/site-packages/airflow/example_dags/plugins/event_listener.py took 0.045 seconds
[2023-04-27T18:46:03.213+0300] {processor.py:153} INFO - Started process (PID=17900) to work on /home/vladimir/.local/lib/python3.10/site-packages/airflow/example_dags/plugins/event_listener.py
[2023-04-27T18:46:03.215+0300] {processor.py:743} INFO - Processing file /home/vladimir/.local/lib/python3.10/site-packages/airflow/example_dags/plugins/event_listener.py for tasks to queue
[2023-04-27T18:46:03.215+0300] {logging_mixin.py:137} INFO - [2023-04-27T18:46:03.215+0300] {dagbag.py:532} INFO - Filling up the DagBag from /home/vladimir/.local/lib/python3.10/site-packages/airflow/example_dags/plugins/event_listener.py
[2023-04-27T18:46:03.216+0300] {processor.py:755} WARNING - No viable dags retrieved from /home/vladimir/.local/lib/python3.10/site-packages/airflow/example_dags/plugins/event_listener.py
[2023-04-27T18:46:03.224+0300] {processor.py:175} INFO - Processing /home/vladimir/.local/lib/python3.10/site-packages/airflow/example_dags/plugins/event_listener.py took 0.013 seconds
[2023-04-27T18:47:08.064+0300] {processor.py:153} INFO - Started process (PID=3098) to work on /home/vladimir/.local/lib/python3.10/site-packages/airflow/example_dags/plugins/event_listener.py
[2023-04-27T18:47:08.065+0300] {processor.py:743} INFO - Processing file /home/vladimir/.local/lib/python3.10/site-packages/airflow/example_dags/plugins/event_listener.py for tasks to queue
[2023-04-27T18:47:08.065+0300] {logging_mixin.py:137} INFO - [2023-04-27T18:47:08.065+0300] {dagbag.py:532} INFO - Filling up the DagBag from /home/vladimir/.local/lib/python3.10/site-packages/airflow/example_dags/plugins/event_listener.py
[2023-04-27T18:47:08.066+0300] {processor.py:755} WARNING - No viable dags retrieved from /home/vladimir/.local/lib/python3.10/site-packages/airflow/example_dags/plugins/event_listener.py
[2023-04-27T18:47:08.073+0300] {processor.py:175} INFO - Processing /home/vladimir/.local/lib/python3.10/site-packages/airflow/example_dags/plugins/event_listener.py took 0.011 seconds
[2023-04-27T18:47:49.316+0300] {processor.py:153} INFO - Started process (PID=4063) to work on /home/vladimir/.local/lib/python3.10/site-packages/airflow/example_dags/plugins/event_listener.py
[2023-04-27T18:47:49.317+0300] {processor.py:743} INFO - Processing file /home/vladimir/.local/lib/python3.10/site-packages/airflow/example_dags/plugins/event_listener.py for tasks to queue
[2023-04-27T18:47:49.318+0300] {logging_mixin.py:137} INFO - [2023-04-27T18:47:49.317+0300] {dagbag.py:532} INFO - Filling up the DagBag from /home/vladimir/.local/lib/python3.10/site-packages/airflow/example_dags/plugins/event_listener.py
[2023-04-27T18:47:49.319+0300] {processor.py:755} WARNING - No viable dags retrieved from /home/vladimir/.local/lib/python3.10/site-packages/airflow/example_dags/plugins/event_listener.py
[2023-04-27T18:47:49.329+0300] {processor.py:175} INFO - Processing /home/vladimir/.local/lib/python3.10/site-packages/airflow/example_dags/plugins/event_listener.py took 0.018 seconds
[2023-04-27T18:48:31.561+0300] {processor.py:153} INFO - Started process (PID=4143) to work on /home/vladimir/.local/lib/python3.10/site-packages/airflow/example_dags/plugins/event_listener.py
[2023-04-27T18:48:31.562+0300] {processor.py:743} INFO - Processing file /home/vladimir/.local/lib/python3.10/site-packages/airflow/example_dags/plugins/event_listener.py for tasks to queue
[2023-04-27T18:48:31.562+0300] {logging_mixin.py:137} INFO - [2023-04-27T18:48:31.562+0300] {dagbag.py:532} INFO - Filling up the DagBag from /home/vladimir/.local/lib/python3.10/site-packages/airflow/example_dags/plugins/event_listener.py
[2023-04-27T18:48:31.563+0300] {processor.py:755} WARNING - No viable dags retrieved from /home/vladimir/.local/lib/python3.10/site-packages/airflow/example_dags/plugins/event_listener.py
[2023-04-27T18:48:31.570+0300] {processor.py:175} INFO - Processing /home/vladimir/.local/lib/python3.10/site-packages/airflow/example_dags/plugins/event_listener.py took 0.012 seconds
[2023-04-27T18:49:14.099+0300] {processor.py:153} INFO - Started process (PID=4187) to work on /home/vladimir/.local/lib/python3.10/site-packages/airflow/example_dags/plugins/event_listener.py
[2023-04-27T18:49:14.100+0300] {processor.py:743} INFO - Processing file /home/vladimir/.local/lib/python3.10/site-packages/airflow/example_dags/plugins/event_listener.py for tasks to queue
[2023-04-27T18:49:14.100+0300] {logging_mixin.py:137} INFO - [2023-04-27T18:49:14.100+0300] {dagbag.py:532} INFO - Filling up the DagBag from /home/vladimir/.local/lib/python3.10/site-packages/airflow/example_dags/plugins/event_listener.py
[2023-04-27T18:49:14.101+0300] {processor.py:755} WARNING - No viable dags retrieved from /home/vladimir/.local/lib/python3.10/site-packages/airflow/example_dags/plugins/event_listener.py
[2023-04-27T18:49:14.108+0300] {processor.py:175} INFO - Processing /home/vladimir/.local/lib/python3.10/site-packages/airflow/example_dags/plugins/event_listener.py took 0.011 seconds
[2023-04-27T18:50:03.470+0300] {processor.py:153} INFO - Started process (PID=4503) to work on /home/vladimir/.local/lib/python3.10/site-packages/airflow/example_dags/plugins/event_listener.py
[2023-04-27T18:50:03.471+0300] {processor.py:743} INFO - Processing file /home/vladimir/.local/lib/python3.10/site-packages/airflow/example_dags/plugins/event_listener.py for tasks to queue
[2023-04-27T18:50:03.472+0300] {logging_mixin.py:137} INFO - [2023-04-27T18:50:03.472+0300] {dagbag.py:532} INFO - Filling up the DagBag from /home/vladimir/.local/lib/python3.10/site-packages/airflow/example_dags/plugins/event_listener.py
[2023-04-27T18:50:03.473+0300] {processor.py:755} WARNING - No viable dags retrieved from /home/vladimir/.local/lib/python3.10/site-packages/airflow/example_dags/plugins/event_listener.py
[2023-04-27T18:50:03.480+0300] {processor.py:175} INFO - Processing /home/vladimir/.local/lib/python3.10/site-packages/airflow/example_dags/plugins/event_listener.py took 0.012 seconds
[2023-04-27T18:50:43.975+0300] {processor.py:153} INFO - Started process (PID=5009) to work on /home/vladimir/.local/lib/python3.10/site-packages/airflow/example_dags/plugins/event_listener.py
[2023-04-27T18:50:43.976+0300] {processor.py:743} INFO - Processing file /home/vladimir/.local/lib/python3.10/site-packages/airflow/example_dags/plugins/event_listener.py for tasks to queue
[2023-04-27T18:50:43.976+0300] {logging_mixin.py:137} INFO - [2023-04-27T18:50:43.976+0300] {dagbag.py:532} INFO - Filling up the DagBag from /home/vladimir/.local/lib/python3.10/site-packages/airflow/example_dags/plugins/event_listener.py
[2023-04-27T18:50:43.978+0300] {processor.py:755} WARNING - No viable dags retrieved from /home/vladimir/.local/lib/python3.10/site-packages/airflow/example_dags/plugins/event_listener.py
[2023-04-27T18:50:43.984+0300] {processor.py:175} INFO - Processing /home/vladimir/.local/lib/python3.10/site-packages/airflow/example_dags/plugins/event_listener.py took 0.012 seconds
[2023-04-27T18:51:31.437+0300] {processor.py:153} INFO - Started process (PID=5273) to work on /home/vladimir/.local/lib/python3.10/site-packages/airflow/example_dags/plugins/event_listener.py
[2023-04-27T18:51:31.438+0300] {processor.py:743} INFO - Processing file /home/vladimir/.local/lib/python3.10/site-packages/airflow/example_dags/plugins/event_listener.py for tasks to queue
[2023-04-27T18:51:31.439+0300] {logging_mixin.py:137} INFO - [2023-04-27T18:51:31.438+0300] {dagbag.py:532} INFO - Filling up the DagBag from /home/vladimir/.local/lib/python3.10/site-packages/airflow/example_dags/plugins/event_listener.py
[2023-04-27T18:51:31.440+0300] {processor.py:755} WARNING - No viable dags retrieved from /home/vladimir/.local/lib/python3.10/site-packages/airflow/example_dags/plugins/event_listener.py
[2023-04-27T18:51:31.447+0300] {processor.py:175} INFO - Processing /home/vladimir/.local/lib/python3.10/site-packages/airflow/example_dags/plugins/event_listener.py took 0.012 seconds
[2023-04-27T18:52:12.475+0300] {processor.py:153} INFO - Started process (PID=5320) to work on /home/vladimir/.local/lib/python3.10/site-packages/airflow/example_dags/plugins/event_listener.py
[2023-04-27T18:52:12.476+0300] {processor.py:743} INFO - Processing file /home/vladimir/.local/lib/python3.10/site-packages/airflow/example_dags/plugins/event_listener.py for tasks to queue
[2023-04-27T18:52:12.476+0300] {logging_mixin.py:137} INFO - [2023-04-27T18:52:12.476+0300] {dagbag.py:532} INFO - Filling up the DagBag from /home/vladimir/.local/lib/python3.10/site-packages/airflow/example_dags/plugins/event_listener.py
[2023-04-27T18:52:12.477+0300] {processor.py:755} WARNING - No viable dags retrieved from /home/vladimir/.local/lib/python3.10/site-packages/airflow/example_dags/plugins/event_listener.py
[2023-04-27T18:52:12.484+0300] {processor.py:175} INFO - Processing /home/vladimir/.local/lib/python3.10/site-packages/airflow/example_dags/plugins/event_listener.py took 0.012 seconds
[2023-04-27T18:53:02.757+0300] {processor.py:153} INFO - Started process (PID=5374) to work on /home/vladimir/.local/lib/python3.10/site-packages/airflow/example_dags/plugins/event_listener.py
[2023-04-27T18:53:02.758+0300] {processor.py:743} INFO - Processing file /home/vladimir/.local/lib/python3.10/site-packages/airflow/example_dags/plugins/event_listener.py for tasks to queue
[2023-04-27T18:53:02.758+0300] {logging_mixin.py:137} INFO - [2023-04-27T18:53:02.758+0300] {dagbag.py:532} INFO - Filling up the DagBag from /home/vladimir/.local/lib/python3.10/site-packages/airflow/example_dags/plugins/event_listener.py
[2023-04-27T18:53:02.759+0300] {processor.py:755} WARNING - No viable dags retrieved from /home/vladimir/.local/lib/python3.10/site-packages/airflow/example_dags/plugins/event_listener.py
[2023-04-27T18:53:02.767+0300] {processor.py:175} INFO - Processing /home/vladimir/.local/lib/python3.10/site-packages/airflow/example_dags/plugins/event_listener.py took 0.012 seconds
[2023-04-27T18:53:44.843+0300] {processor.py:153} INFO - Started process (PID=5564) to work on /home/vladimir/.local/lib/python3.10/site-packages/airflow/example_dags/plugins/event_listener.py
[2023-04-27T18:53:44.844+0300] {processor.py:743} INFO - Processing file /home/vladimir/.local/lib/python3.10/site-packages/airflow/example_dags/plugins/event_listener.py for tasks to queue
[2023-04-27T18:53:44.844+0300] {logging_mixin.py:137} INFO - [2023-04-27T18:53:44.844+0300] {dagbag.py:532} INFO - Filling up the DagBag from /home/vladimir/.local/lib/python3.10/site-packages/airflow/example_dags/plugins/event_listener.py
[2023-04-27T18:53:44.845+0300] {processor.py:755} WARNING - No viable dags retrieved from /home/vladimir/.local/lib/python3.10/site-packages/airflow/example_dags/plugins/event_listener.py
[2023-04-27T18:53:44.852+0300] {processor.py:175} INFO - Processing /home/vladimir/.local/lib/python3.10/site-packages/airflow/example_dags/plugins/event_listener.py took 0.011 seconds
[2023-04-27T18:54:32.991+0300] {processor.py:153} INFO - Started process (PID=5617) to work on /home/vladimir/.local/lib/python3.10/site-packages/airflow/example_dags/plugins/event_listener.py
[2023-04-27T18:54:32.992+0300] {processor.py:743} INFO - Processing file /home/vladimir/.local/lib/python3.10/site-packages/airflow/example_dags/plugins/event_listener.py for tasks to queue
[2023-04-27T18:54:32.993+0300] {logging_mixin.py:137} INFO - [2023-04-27T18:54:32.993+0300] {dagbag.py:532} INFO - Filling up the DagBag from /home/vladimir/.local/lib/python3.10/site-packages/airflow/example_dags/plugins/event_listener.py
[2023-04-27T18:54:32.994+0300] {processor.py:755} WARNING - No viable dags retrieved from /home/vladimir/.local/lib/python3.10/site-packages/airflow/example_dags/plugins/event_listener.py
[2023-04-27T18:54:33.001+0300] {processor.py:175} INFO - Processing /home/vladimir/.local/lib/python3.10/site-packages/airflow/example_dags/plugins/event_listener.py took 0.012 seconds
[2023-04-27T18:55:21.678+0300] {processor.py:153} INFO - Started process (PID=5676) to work on /home/vladimir/.local/lib/python3.10/site-packages/airflow/example_dags/plugins/event_listener.py
[2023-04-27T18:55:21.679+0300] {processor.py:743} INFO - Processing file /home/vladimir/.local/lib/python3.10/site-packages/airflow/example_dags/plugins/event_listener.py for tasks to queue
[2023-04-27T18:55:21.679+0300] {logging_mixin.py:137} INFO - [2023-04-27T18:55:21.679+0300] {dagbag.py:532} INFO - Filling up the DagBag from /home/vladimir/.local/lib/python3.10/site-packages/airflow/example_dags/plugins/event_listener.py
[2023-04-27T18:55:21.680+0300] {processor.py:755} WARNING - No viable dags retrieved from /home/vladimir/.local/lib/python3.10/site-packages/airflow/example_dags/plugins/event_listener.py
[2023-04-27T18:55:21.688+0300] {processor.py:175} INFO - Processing /home/vladimir/.local/lib/python3.10/site-packages/airflow/example_dags/plugins/event_listener.py took 0.012 seconds
[2023-04-27T18:56:06.932+0300] {processor.py:153} INFO - Started process (PID=5731) to work on /home/vladimir/.local/lib/python3.10/site-packages/airflow/example_dags/plugins/event_listener.py
[2023-04-27T18:56:06.933+0300] {processor.py:743} INFO - Processing file /home/vladimir/.local/lib/python3.10/site-packages/airflow/example_dags/plugins/event_listener.py for tasks to queue
[2023-04-27T18:56:06.933+0300] {logging_mixin.py:137} INFO - [2023-04-27T18:56:06.933+0300] {dagbag.py:532} INFO - Filling up the DagBag from /home/vladimir/.local/lib/python3.10/site-packages/airflow/example_dags/plugins/event_listener.py
[2023-04-27T18:56:06.934+0300] {processor.py:755} WARNING - No viable dags retrieved from /home/vladimir/.local/lib/python3.10/site-packages/airflow/example_dags/plugins/event_listener.py
[2023-04-27T18:56:06.942+0300] {processor.py:175} INFO - Processing /home/vladimir/.local/lib/python3.10/site-packages/airflow/example_dags/plugins/event_listener.py took 0.012 seconds
[2023-04-27T18:56:49.952+0300] {processor.py:153} INFO - Started process (PID=6646) to work on /home/vladimir/.local/lib/python3.10/site-packages/airflow/example_dags/plugins/event_listener.py
[2023-04-27T18:56:49.953+0300] {processor.py:743} INFO - Processing file /home/vladimir/.local/lib/python3.10/site-packages/airflow/example_dags/plugins/event_listener.py for tasks to queue
[2023-04-27T18:56:49.954+0300] {logging_mixin.py:137} INFO - [2023-04-27T18:56:49.953+0300] {dagbag.py:532} INFO - Filling up the DagBag from /home/vladimir/.local/lib/python3.10/site-packages/airflow/example_dags/plugins/event_listener.py
[2023-04-27T18:56:49.955+0300] {processor.py:755} WARNING - No viable dags retrieved from /home/vladimir/.local/lib/python3.10/site-packages/airflow/example_dags/plugins/event_listener.py
[2023-04-27T18:56:49.962+0300] {processor.py:175} INFO - Processing /home/vladimir/.local/lib/python3.10/site-packages/airflow/example_dags/plugins/event_listener.py took 0.012 seconds
[2023-04-27T18:57:39.492+0300] {processor.py:153} INFO - Started process (PID=6730) to work on /home/vladimir/.local/lib/python3.10/site-packages/airflow/example_dags/plugins/event_listener.py
[2023-04-27T18:57:39.493+0300] {processor.py:743} INFO - Processing file /home/vladimir/.local/lib/python3.10/site-packages/airflow/example_dags/plugins/event_listener.py for tasks to queue
[2023-04-27T18:57:39.494+0300] {logging_mixin.py:137} INFO - [2023-04-27T18:57:39.494+0300] {dagbag.py:532} INFO - Filling up the DagBag from /home/vladimir/.local/lib/python3.10/site-packages/airflow/example_dags/plugins/event_listener.py
[2023-04-27T18:57:39.495+0300] {processor.py:755} WARNING - No viable dags retrieved from /home/vladimir/.local/lib/python3.10/site-packages/airflow/example_dags/plugins/event_listener.py
[2023-04-27T18:57:39.502+0300] {processor.py:175} INFO - Processing /home/vladimir/.local/lib/python3.10/site-packages/airflow/example_dags/plugins/event_listener.py took 0.012 seconds
[2023-04-27T18:58:26.448+0300] {processor.py:153} INFO - Started process (PID=6820) to work on /home/vladimir/.local/lib/python3.10/site-packages/airflow/example_dags/plugins/event_listener.py
[2023-04-27T18:58:26.448+0300] {processor.py:743} INFO - Processing file /home/vladimir/.local/lib/python3.10/site-packages/airflow/example_dags/plugins/event_listener.py for tasks to queue
[2023-04-27T18:58:26.449+0300] {logging_mixin.py:137} INFO - [2023-04-27T18:58:26.449+0300] {dagbag.py:532} INFO - Filling up the DagBag from /home/vladimir/.local/lib/python3.10/site-packages/airflow/example_dags/plugins/event_listener.py
[2023-04-27T18:58:26.450+0300] {processor.py:755} WARNING - No viable dags retrieved from /home/vladimir/.local/lib/python3.10/site-packages/airflow/example_dags/plugins/event_listener.py
[2023-04-27T18:58:26.456+0300] {processor.py:175} INFO - Processing /home/vladimir/.local/lib/python3.10/site-packages/airflow/example_dags/plugins/event_listener.py took 0.011 seconds
[2023-04-27T18:59:14.396+0300] {processor.py:153} INFO - Started process (PID=6907) to work on /home/vladimir/.local/lib/python3.10/site-packages/airflow/example_dags/plugins/event_listener.py
[2023-04-27T18:59:14.397+0300] {processor.py:743} INFO - Processing file /home/vladimir/.local/lib/python3.10/site-packages/airflow/example_dags/plugins/event_listener.py for tasks to queue
[2023-04-27T18:59:14.398+0300] {logging_mixin.py:137} INFO - [2023-04-27T18:59:14.398+0300] {dagbag.py:532} INFO - Filling up the DagBag from /home/vladimir/.local/lib/python3.10/site-packages/airflow/example_dags/plugins/event_listener.py
[2023-04-27T18:59:14.399+0300] {processor.py:755} WARNING - No viable dags retrieved from /home/vladimir/.local/lib/python3.10/site-packages/airflow/example_dags/plugins/event_listener.py
[2023-04-27T18:59:14.405+0300] {processor.py:175} INFO - Processing /home/vladimir/.local/lib/python3.10/site-packages/airflow/example_dags/plugins/event_listener.py took 0.011 seconds
[2023-04-27T18:59:58.850+0300] {processor.py:153} INFO - Started process (PID=6981) to work on /home/vladimir/.local/lib/python3.10/site-packages/airflow/example_dags/plugins/event_listener.py
[2023-04-27T18:59:58.851+0300] {processor.py:743} INFO - Processing file /home/vladimir/.local/lib/python3.10/site-packages/airflow/example_dags/plugins/event_listener.py for tasks to queue
[2023-04-27T18:59:58.852+0300] {logging_mixin.py:137} INFO - [2023-04-27T18:59:58.852+0300] {dagbag.py:532} INFO - Filling up the DagBag from /home/vladimir/.local/lib/python3.10/site-packages/airflow/example_dags/plugins/event_listener.py
[2023-04-27T18:59:58.853+0300] {processor.py:755} WARNING - No viable dags retrieved from /home/vladimir/.local/lib/python3.10/site-packages/airflow/example_dags/plugins/event_listener.py
[2023-04-27T18:59:58.860+0300] {processor.py:175} INFO - Processing /home/vladimir/.local/lib/python3.10/site-packages/airflow/example_dags/plugins/event_listener.py took 0.012 seconds
[2023-04-27T19:00:37.904+0300] {processor.py:153} INFO - Started process (PID=7077) to work on /home/vladimir/.local/lib/python3.10/site-packages/airflow/example_dags/plugins/event_listener.py
[2023-04-27T19:00:37.905+0300] {processor.py:743} INFO - Processing file /home/vladimir/.local/lib/python3.10/site-packages/airflow/example_dags/plugins/event_listener.py for tasks to queue
[2023-04-27T19:00:37.905+0300] {logging_mixin.py:137} INFO - [2023-04-27T19:00:37.905+0300] {dagbag.py:532} INFO - Filling up the DagBag from /home/vladimir/.local/lib/python3.10/site-packages/airflow/example_dags/plugins/event_listener.py
[2023-04-27T19:00:37.906+0300] {processor.py:755} WARNING - No viable dags retrieved from /home/vladimir/.local/lib/python3.10/site-packages/airflow/example_dags/plugins/event_listener.py
[2023-04-27T19:00:37.913+0300] {processor.py:175} INFO - Processing /home/vladimir/.local/lib/python3.10/site-packages/airflow/example_dags/plugins/event_listener.py took 0.012 seconds
[2023-04-27T19:01:23.088+0300] {processor.py:153} INFO - Started process (PID=7187) to work on /home/vladimir/.local/lib/python3.10/site-packages/airflow/example_dags/plugins/event_listener.py
[2023-04-27T19:01:23.089+0300] {processor.py:743} INFO - Processing file /home/vladimir/.local/lib/python3.10/site-packages/airflow/example_dags/plugins/event_listener.py for tasks to queue
[2023-04-27T19:01:23.090+0300] {logging_mixin.py:137} INFO - [2023-04-27T19:01:23.090+0300] {dagbag.py:532} INFO - Filling up the DagBag from /home/vladimir/.local/lib/python3.10/site-packages/airflow/example_dags/plugins/event_listener.py
[2023-04-27T19:01:23.092+0300] {processor.py:755} WARNING - No viable dags retrieved from /home/vladimir/.local/lib/python3.10/site-packages/airflow/example_dags/plugins/event_listener.py
[2023-04-27T19:01:23.100+0300] {processor.py:175} INFO - Processing /home/vladimir/.local/lib/python3.10/site-packages/airflow/example_dags/plugins/event_listener.py took 0.016 seconds
