[2023-04-27T18:25:48.646+0300] {processor.py:153} INFO - Started process (PID=5910) to work on /home/vladimir/.local/lib/python3.10/site-packages/airflow/example_dags/plugins/listener_plugin.py
[2023-04-27T18:25:48.647+0300] {processor.py:743} INFO - Processing file /home/vladimir/.local/lib/python3.10/site-packages/airflow/example_dags/plugins/listener_plugin.py for tasks to queue
[2023-04-27T18:25:48.647+0300] {logging_mixin.py:137} INFO - [2023-04-27T18:25:48.647+0300] {dagbag.py:532} INFO - Filling up the DagBag from /home/vladimir/.local/lib/python3.10/site-packages/airflow/example_dags/plugins/listener_plugin.py
[2023-04-27T18:25:48.649+0300] {processor.py:755} WARNING - No viable dags retrieved from /home/vladimir/.local/lib/python3.10/site-packages/airflow/example_dags/plugins/listener_plugin.py
[2023-04-27T18:25:48.657+0300] {processor.py:175} INFO - Processing /home/vladimir/.local/lib/python3.10/site-packages/airflow/example_dags/plugins/listener_plugin.py took 0.012 seconds
[2023-04-27T18:26:31.629+0300] {processor.py:153} INFO - Started process (PID=6011) to work on /home/vladimir/.local/lib/python3.10/site-packages/airflow/example_dags/plugins/listener_plugin.py
[2023-04-27T18:26:31.630+0300] {processor.py:743} INFO - Processing file /home/vladimir/.local/lib/python3.10/site-packages/airflow/example_dags/plugins/listener_plugin.py for tasks to queue
[2023-04-27T18:26:31.631+0300] {logging_mixin.py:137} INFO - [2023-04-27T18:26:31.631+0300] {dagbag.py:532} INFO - Filling up the DagBag from /home/vladimir/.local/lib/python3.10/site-packages/airflow/example_dags/plugins/listener_plugin.py
[2023-04-27T18:26:31.632+0300] {processor.py:755} WARNING - No viable dags retrieved from /home/vladimir/.local/lib/python3.10/site-packages/airflow/example_dags/plugins/listener_plugin.py
[2023-04-27T18:26:31.642+0300] {processor.py:175} INFO - Processing /home/vladimir/.local/lib/python3.10/site-packages/airflow/example_dags/plugins/listener_plugin.py took 0.015 seconds
[2023-04-27T18:27:17.041+0300] {processor.py:153} INFO - Started process (PID=6084) to work on /home/vladimir/.local/lib/python3.10/site-packages/airflow/example_dags/plugins/listener_plugin.py
[2023-04-27T18:27:17.042+0300] {processor.py:743} INFO - Processing file /home/vladimir/.local/lib/python3.10/site-packages/airflow/example_dags/plugins/listener_plugin.py for tasks to queue
[2023-04-27T18:27:17.043+0300] {logging_mixin.py:137} INFO - [2023-04-27T18:27:17.043+0300] {dagbag.py:532} INFO - Filling up the DagBag from /home/vladimir/.local/lib/python3.10/site-packages/airflow/example_dags/plugins/listener_plugin.py
[2023-04-27T18:27:17.045+0300] {processor.py:755} WARNING - No viable dags retrieved from /home/vladimir/.local/lib/python3.10/site-packages/airflow/example_dags/plugins/listener_plugin.py
[2023-04-27T18:27:17.052+0300] {processor.py:175} INFO - Processing /home/vladimir/.local/lib/python3.10/site-packages/airflow/example_dags/plugins/listener_plugin.py took 0.013 seconds
[2023-04-27T18:27:58.290+0300] {processor.py:153} INFO - Started process (PID=6141) to work on /home/vladimir/.local/lib/python3.10/site-packages/airflow/example_dags/plugins/listener_plugin.py
[2023-04-27T18:27:58.291+0300] {processor.py:743} INFO - Processing file /home/vladimir/.local/lib/python3.10/site-packages/airflow/example_dags/plugins/listener_plugin.py for tasks to queue
[2023-04-27T18:27:58.291+0300] {logging_mixin.py:137} INFO - [2023-04-27T18:27:58.291+0300] {dagbag.py:532} INFO - Filling up the DagBag from /home/vladimir/.local/lib/python3.10/site-packages/airflow/example_dags/plugins/listener_plugin.py
[2023-04-27T18:27:58.293+0300] {processor.py:755} WARNING - No viable dags retrieved from /home/vladimir/.local/lib/python3.10/site-packages/airflow/example_dags/plugins/listener_plugin.py
[2023-04-27T18:27:58.300+0300] {processor.py:175} INFO - Processing /home/vladimir/.local/lib/python3.10/site-packages/airflow/example_dags/plugins/listener_plugin.py took 0.012 seconds
[2023-04-27T18:28:46.062+0300] {processor.py:153} INFO - Started process (PID=6213) to work on /home/vladimir/.local/lib/python3.10/site-packages/airflow/example_dags/plugins/listener_plugin.py
[2023-04-27T18:28:46.063+0300] {processor.py:743} INFO - Processing file /home/vladimir/.local/lib/python3.10/site-packages/airflow/example_dags/plugins/listener_plugin.py for tasks to queue
[2023-04-27T18:28:46.064+0300] {logging_mixin.py:137} INFO - [2023-04-27T18:28:46.063+0300] {dagbag.py:532} INFO - Filling up the DagBag from /home/vladimir/.local/lib/python3.10/site-packages/airflow/example_dags/plugins/listener_plugin.py
[2023-04-27T18:28:46.065+0300] {processor.py:755} WARNING - No viable dags retrieved from /home/vladimir/.local/lib/python3.10/site-packages/airflow/example_dags/plugins/listener_plugin.py
[2023-04-27T18:28:46.072+0300] {processor.py:175} INFO - Processing /home/vladimir/.local/lib/python3.10/site-packages/airflow/example_dags/plugins/listener_plugin.py took 0.012 seconds
[2023-04-27T18:29:34.753+0300] {processor.py:153} INFO - Started process (PID=6364) to work on /home/vladimir/.local/lib/python3.10/site-packages/airflow/example_dags/plugins/listener_plugin.py
[2023-04-27T18:29:34.754+0300] {processor.py:743} INFO - Processing file /home/vladimir/.local/lib/python3.10/site-packages/airflow/example_dags/plugins/listener_plugin.py for tasks to queue
[2023-04-27T18:29:34.755+0300] {logging_mixin.py:137} INFO - [2023-04-27T18:29:34.755+0300] {dagbag.py:532} INFO - Filling up the DagBag from /home/vladimir/.local/lib/python3.10/site-packages/airflow/example_dags/plugins/listener_plugin.py
[2023-04-27T18:29:34.757+0300] {processor.py:755} WARNING - No viable dags retrieved from /home/vladimir/.local/lib/python3.10/site-packages/airflow/example_dags/plugins/listener_plugin.py
[2023-04-27T18:29:34.763+0300] {processor.py:175} INFO - Processing /home/vladimir/.local/lib/python3.10/site-packages/airflow/example_dags/plugins/listener_plugin.py took 0.012 seconds
[2023-04-27T18:30:20.944+0300] {processor.py:153} INFO - Started process (PID=6472) to work on /home/vladimir/.local/lib/python3.10/site-packages/airflow/example_dags/plugins/listener_plugin.py
[2023-04-27T18:30:20.945+0300] {processor.py:743} INFO - Processing file /home/vladimir/.local/lib/python3.10/site-packages/airflow/example_dags/plugins/listener_plugin.py for tasks to queue
[2023-04-27T18:30:20.945+0300] {logging_mixin.py:137} INFO - [2023-04-27T18:30:20.945+0300] {dagbag.py:532} INFO - Filling up the DagBag from /home/vladimir/.local/lib/python3.10/site-packages/airflow/example_dags/plugins/listener_plugin.py
[2023-04-27T18:30:20.947+0300] {processor.py:755} WARNING - No viable dags retrieved from /home/vladimir/.local/lib/python3.10/site-packages/airflow/example_dags/plugins/listener_plugin.py
[2023-04-27T18:30:20.954+0300] {processor.py:175} INFO - Processing /home/vladimir/.local/lib/python3.10/site-packages/airflow/example_dags/plugins/listener_plugin.py took 0.012 seconds
[2023-04-27T18:31:09.777+0300] {processor.py:153} INFO - Started process (PID=6589) to work on /home/vladimir/.local/lib/python3.10/site-packages/airflow/example_dags/plugins/listener_plugin.py
[2023-04-27T18:31:09.778+0300] {processor.py:743} INFO - Processing file /home/vladimir/.local/lib/python3.10/site-packages/airflow/example_dags/plugins/listener_plugin.py for tasks to queue
[2023-04-27T18:31:09.778+0300] {logging_mixin.py:137} INFO - [2023-04-27T18:31:09.778+0300] {dagbag.py:532} INFO - Filling up the DagBag from /home/vladimir/.local/lib/python3.10/site-packages/airflow/example_dags/plugins/listener_plugin.py
[2023-04-27T18:31:09.783+0300] {processor.py:755} WARNING - No viable dags retrieved from /home/vladimir/.local/lib/python3.10/site-packages/airflow/example_dags/plugins/listener_plugin.py
[2023-04-27T18:31:09.790+0300] {processor.py:175} INFO - Processing /home/vladimir/.local/lib/python3.10/site-packages/airflow/example_dags/plugins/listener_plugin.py took 0.015 seconds
[2023-04-27T18:31:53.356+0300] {processor.py:153} INFO - Started process (PID=6671) to work on /home/vladimir/.local/lib/python3.10/site-packages/airflow/example_dags/plugins/listener_plugin.py
[2023-04-27T18:31:53.357+0300] {processor.py:743} INFO - Processing file /home/vladimir/.local/lib/python3.10/site-packages/airflow/example_dags/plugins/listener_plugin.py for tasks to queue
[2023-04-27T18:31:53.357+0300] {logging_mixin.py:137} INFO - [2023-04-27T18:31:53.357+0300] {dagbag.py:532} INFO - Filling up the DagBag from /home/vladimir/.local/lib/python3.10/site-packages/airflow/example_dags/plugins/listener_plugin.py
[2023-04-27T18:31:53.359+0300] {processor.py:755} WARNING - No viable dags retrieved from /home/vladimir/.local/lib/python3.10/site-packages/airflow/example_dags/plugins/listener_plugin.py
[2023-04-27T18:31:53.365+0300] {processor.py:175} INFO - Processing /home/vladimir/.local/lib/python3.10/site-packages/airflow/example_dags/plugins/listener_plugin.py took 0.012 seconds
[2023-04-27T18:32:42.464+0300] {processor.py:153} INFO - Started process (PID=6840) to work on /home/vladimir/.local/lib/python3.10/site-packages/airflow/example_dags/plugins/listener_plugin.py
[2023-04-27T18:32:42.465+0300] {processor.py:743} INFO - Processing file /home/vladimir/.local/lib/python3.10/site-packages/airflow/example_dags/plugins/listener_plugin.py for tasks to queue
[2023-04-27T18:32:42.465+0300] {logging_mixin.py:137} INFO - [2023-04-27T18:32:42.465+0300] {dagbag.py:532} INFO - Filling up the DagBag from /home/vladimir/.local/lib/python3.10/site-packages/airflow/example_dags/plugins/listener_plugin.py
[2023-04-27T18:32:42.467+0300] {processor.py:755} WARNING - No viable dags retrieved from /home/vladimir/.local/lib/python3.10/site-packages/airflow/example_dags/plugins/listener_plugin.py
[2023-04-27T18:32:42.473+0300] {processor.py:175} INFO - Processing /home/vladimir/.local/lib/python3.10/site-packages/airflow/example_dags/plugins/listener_plugin.py took 0.011 seconds
[2023-04-27T18:33:32.701+0300] {processor.py:153} INFO - Started process (PID=6920) to work on /home/vladimir/.local/lib/python3.10/site-packages/airflow/example_dags/plugins/listener_plugin.py
[2023-04-27T18:33:32.702+0300] {processor.py:743} INFO - Processing file /home/vladimir/.local/lib/python3.10/site-packages/airflow/example_dags/plugins/listener_plugin.py for tasks to queue
[2023-04-27T18:33:32.702+0300] {logging_mixin.py:137} INFO - [2023-04-27T18:33:32.702+0300] {dagbag.py:532} INFO - Filling up the DagBag from /home/vladimir/.local/lib/python3.10/site-packages/airflow/example_dags/plugins/listener_plugin.py
[2023-04-27T18:33:32.704+0300] {processor.py:755} WARNING - No viable dags retrieved from /home/vladimir/.local/lib/python3.10/site-packages/airflow/example_dags/plugins/listener_plugin.py
[2023-04-27T18:33:32.711+0300] {processor.py:175} INFO - Processing /home/vladimir/.local/lib/python3.10/site-packages/airflow/example_dags/plugins/listener_plugin.py took 0.013 seconds
[2023-04-27T18:34:13.386+0300] {processor.py:153} INFO - Started process (PID=6985) to work on /home/vladimir/.local/lib/python3.10/site-packages/airflow/example_dags/plugins/listener_plugin.py
[2023-04-27T18:34:13.387+0300] {processor.py:743} INFO - Processing file /home/vladimir/.local/lib/python3.10/site-packages/airflow/example_dags/plugins/listener_plugin.py for tasks to queue
[2023-04-27T18:34:13.387+0300] {logging_mixin.py:137} INFO - [2023-04-27T18:34:13.387+0300] {dagbag.py:532} INFO - Filling up the DagBag from /home/vladimir/.local/lib/python3.10/site-packages/airflow/example_dags/plugins/listener_plugin.py
[2023-04-27T18:34:13.389+0300] {processor.py:755} WARNING - No viable dags retrieved from /home/vladimir/.local/lib/python3.10/site-packages/airflow/example_dags/plugins/listener_plugin.py
[2023-04-27T18:34:13.396+0300] {processor.py:175} INFO - Processing /home/vladimir/.local/lib/python3.10/site-packages/airflow/example_dags/plugins/listener_plugin.py took 0.012 seconds
[2023-04-27T18:35:01.381+0300] {processor.py:153} INFO - Started process (PID=7113) to work on /home/vladimir/.local/lib/python3.10/site-packages/airflow/example_dags/plugins/listener_plugin.py
[2023-04-27T18:35:01.383+0300] {processor.py:743} INFO - Processing file /home/vladimir/.local/lib/python3.10/site-packages/airflow/example_dags/plugins/listener_plugin.py for tasks to queue
[2023-04-27T18:35:01.383+0300] {logging_mixin.py:137} INFO - [2023-04-27T18:35:01.383+0300] {dagbag.py:532} INFO - Filling up the DagBag from /home/vladimir/.local/lib/python3.10/site-packages/airflow/example_dags/plugins/listener_plugin.py
[2023-04-27T18:35:01.385+0300] {processor.py:755} WARNING - No viable dags retrieved from /home/vladimir/.local/lib/python3.10/site-packages/airflow/example_dags/plugins/listener_plugin.py
[2023-04-27T18:35:01.395+0300] {processor.py:175} INFO - Processing /home/vladimir/.local/lib/python3.10/site-packages/airflow/example_dags/plugins/listener_plugin.py took 0.017 seconds
[2023-04-27T18:35:48.705+0300] {processor.py:153} INFO - Started process (PID=7454) to work on /home/vladimir/.local/lib/python3.10/site-packages/airflow/example_dags/plugins/listener_plugin.py
[2023-04-27T18:35:48.706+0300] {processor.py:743} INFO - Processing file /home/vladimir/.local/lib/python3.10/site-packages/airflow/example_dags/plugins/listener_plugin.py for tasks to queue
[2023-04-27T18:35:48.706+0300] {logging_mixin.py:137} INFO - [2023-04-27T18:35:48.706+0300] {dagbag.py:532} INFO - Filling up the DagBag from /home/vladimir/.local/lib/python3.10/site-packages/airflow/example_dags/plugins/listener_plugin.py
[2023-04-27T18:35:48.708+0300] {processor.py:755} WARNING - No viable dags retrieved from /home/vladimir/.local/lib/python3.10/site-packages/airflow/example_dags/plugins/listener_plugin.py
[2023-04-27T18:35:48.715+0300] {processor.py:175} INFO - Processing /home/vladimir/.local/lib/python3.10/site-packages/airflow/example_dags/plugins/listener_plugin.py took 0.012 seconds
[2023-04-27T18:36:36.233+0300] {processor.py:153} INFO - Started process (PID=7562) to work on /home/vladimir/.local/lib/python3.10/site-packages/airflow/example_dags/plugins/listener_plugin.py
[2023-04-27T18:36:36.234+0300] {processor.py:743} INFO - Processing file /home/vladimir/.local/lib/python3.10/site-packages/airflow/example_dags/plugins/listener_plugin.py for tasks to queue
[2023-04-27T18:36:36.235+0300] {logging_mixin.py:137} INFO - [2023-04-27T18:36:36.235+0300] {dagbag.py:532} INFO - Filling up the DagBag from /home/vladimir/.local/lib/python3.10/site-packages/airflow/example_dags/plugins/listener_plugin.py
[2023-04-27T18:36:36.237+0300] {processor.py:755} WARNING - No viable dags retrieved from /home/vladimir/.local/lib/python3.10/site-packages/airflow/example_dags/plugins/listener_plugin.py
[2023-04-27T18:36:36.244+0300] {processor.py:175} INFO - Processing /home/vladimir/.local/lib/python3.10/site-packages/airflow/example_dags/plugins/listener_plugin.py took 0.014 seconds
[2023-04-27T18:37:26.433+0300] {processor.py:153} INFO - Started process (PID=7660) to work on /home/vladimir/.local/lib/python3.10/site-packages/airflow/example_dags/plugins/listener_plugin.py
[2023-04-27T18:37:26.434+0300] {processor.py:743} INFO - Processing file /home/vladimir/.local/lib/python3.10/site-packages/airflow/example_dags/plugins/listener_plugin.py for tasks to queue
[2023-04-27T18:37:26.435+0300] {logging_mixin.py:137} INFO - [2023-04-27T18:37:26.435+0300] {dagbag.py:532} INFO - Filling up the DagBag from /home/vladimir/.local/lib/python3.10/site-packages/airflow/example_dags/plugins/listener_plugin.py
[2023-04-27T18:37:26.436+0300] {processor.py:755} WARNING - No viable dags retrieved from /home/vladimir/.local/lib/python3.10/site-packages/airflow/example_dags/plugins/listener_plugin.py
[2023-04-27T18:37:26.445+0300] {processor.py:175} INFO - Processing /home/vladimir/.local/lib/python3.10/site-packages/airflow/example_dags/plugins/listener_plugin.py took 0.014 seconds
[2023-04-27T18:38:12.596+0300] {processor.py:153} INFO - Started process (PID=7721) to work on /home/vladimir/.local/lib/python3.10/site-packages/airflow/example_dags/plugins/listener_plugin.py
[2023-04-27T18:38:12.597+0300] {processor.py:743} INFO - Processing file /home/vladimir/.local/lib/python3.10/site-packages/airflow/example_dags/plugins/listener_plugin.py for tasks to queue
[2023-04-27T18:38:12.597+0300] {logging_mixin.py:137} INFO - [2023-04-27T18:38:12.597+0300] {dagbag.py:532} INFO - Filling up the DagBag from /home/vladimir/.local/lib/python3.10/site-packages/airflow/example_dags/plugins/listener_plugin.py
[2023-04-27T18:38:12.599+0300] {processor.py:755} WARNING - No viable dags retrieved from /home/vladimir/.local/lib/python3.10/site-packages/airflow/example_dags/plugins/listener_plugin.py
[2023-04-27T18:38:12.606+0300] {processor.py:175} INFO - Processing /home/vladimir/.local/lib/python3.10/site-packages/airflow/example_dags/plugins/listener_plugin.py took 0.013 seconds
[2023-04-27T18:39:03.904+0300] {processor.py:153} INFO - Started process (PID=8091) to work on /home/vladimir/.local/lib/python3.10/site-packages/airflow/example_dags/plugins/listener_plugin.py
[2023-04-27T18:39:03.905+0300] {processor.py:743} INFO - Processing file /home/vladimir/.local/lib/python3.10/site-packages/airflow/example_dags/plugins/listener_plugin.py for tasks to queue
[2023-04-27T18:39:03.906+0300] {logging_mixin.py:137} INFO - [2023-04-27T18:39:03.906+0300] {dagbag.py:532} INFO - Filling up the DagBag from /home/vladimir/.local/lib/python3.10/site-packages/airflow/example_dags/plugins/listener_plugin.py
[2023-04-27T18:39:03.907+0300] {processor.py:755} WARNING - No viable dags retrieved from /home/vladimir/.local/lib/python3.10/site-packages/airflow/example_dags/plugins/listener_plugin.py
[2023-04-27T18:39:03.914+0300] {processor.py:175} INFO - Processing /home/vladimir/.local/lib/python3.10/site-packages/airflow/example_dags/plugins/listener_plugin.py took 0.011 seconds
[2023-04-27T18:39:54.073+0300] {processor.py:153} INFO - Started process (PID=8185) to work on /home/vladimir/.local/lib/python3.10/site-packages/airflow/example_dags/plugins/listener_plugin.py
[2023-04-27T18:39:54.074+0300] {processor.py:743} INFO - Processing file /home/vladimir/.local/lib/python3.10/site-packages/airflow/example_dags/plugins/listener_plugin.py for tasks to queue
[2023-04-27T18:39:54.075+0300] {logging_mixin.py:137} INFO - [2023-04-27T18:39:54.075+0300] {dagbag.py:532} INFO - Filling up the DagBag from /home/vladimir/.local/lib/python3.10/site-packages/airflow/example_dags/plugins/listener_plugin.py
[2023-04-27T18:39:54.077+0300] {processor.py:755} WARNING - No viable dags retrieved from /home/vladimir/.local/lib/python3.10/site-packages/airflow/example_dags/plugins/listener_plugin.py
[2023-04-27T18:39:54.084+0300] {processor.py:175} INFO - Processing /home/vladimir/.local/lib/python3.10/site-packages/airflow/example_dags/plugins/listener_plugin.py took 0.013 seconds
[2023-04-27T18:41:31.720+0300] {processor.py:153} INFO - Started process (PID=3400) to work on /home/vladimir/.local/lib/python3.10/site-packages/airflow/example_dags/plugins/listener_plugin.py
[2023-04-27T18:41:31.721+0300] {processor.py:743} INFO - Processing file /home/vladimir/.local/lib/python3.10/site-packages/airflow/example_dags/plugins/listener_plugin.py for tasks to queue
[2023-04-27T18:41:31.721+0300] {logging_mixin.py:137} INFO - [2023-04-27T18:41:31.721+0300] {dagbag.py:532} INFO - Filling up the DagBag from /home/vladimir/.local/lib/python3.10/site-packages/airflow/example_dags/plugins/listener_plugin.py
[2023-04-27T18:41:31.723+0300] {processor.py:755} WARNING - No viable dags retrieved from /home/vladimir/.local/lib/python3.10/site-packages/airflow/example_dags/plugins/listener_plugin.py
[2023-04-27T18:41:31.731+0300] {processor.py:175} INFO - Processing /home/vladimir/.local/lib/python3.10/site-packages/airflow/example_dags/plugins/listener_plugin.py took 0.015 seconds
[2023-04-27T18:42:13.459+0300] {processor.py:153} INFO - Started process (PID=3736) to work on /home/vladimir/.local/lib/python3.10/site-packages/airflow/example_dags/plugins/listener_plugin.py
[2023-04-27T18:42:13.460+0300] {processor.py:743} INFO - Processing file /home/vladimir/.local/lib/python3.10/site-packages/airflow/example_dags/plugins/listener_plugin.py for tasks to queue
[2023-04-27T18:42:13.461+0300] {logging_mixin.py:137} INFO - [2023-04-27T18:42:13.460+0300] {dagbag.py:532} INFO - Filling up the DagBag from /home/vladimir/.local/lib/python3.10/site-packages/airflow/example_dags/plugins/listener_plugin.py
[2023-04-27T18:42:13.462+0300] {processor.py:755} WARNING - No viable dags retrieved from /home/vladimir/.local/lib/python3.10/site-packages/airflow/example_dags/plugins/listener_plugin.py
[2023-04-27T18:42:13.470+0300] {processor.py:175} INFO - Processing /home/vladimir/.local/lib/python3.10/site-packages/airflow/example_dags/plugins/listener_plugin.py took 0.013 seconds
[2023-04-27T18:42:59.776+0300] {processor.py:153} INFO - Started process (PID=4564) to work on /home/vladimir/.local/lib/python3.10/site-packages/airflow/example_dags/plugins/listener_plugin.py
[2023-04-27T18:42:59.777+0300] {processor.py:743} INFO - Processing file /home/vladimir/.local/lib/python3.10/site-packages/airflow/example_dags/plugins/listener_plugin.py for tasks to queue
[2023-04-27T18:42:59.778+0300] {logging_mixin.py:137} INFO - [2023-04-27T18:42:59.778+0300] {dagbag.py:532} INFO - Filling up the DagBag from /home/vladimir/.local/lib/python3.10/site-packages/airflow/example_dags/plugins/listener_plugin.py
[2023-04-27T18:42:59.780+0300] {processor.py:755} WARNING - No viable dags retrieved from /home/vladimir/.local/lib/python3.10/site-packages/airflow/example_dags/plugins/listener_plugin.py
[2023-04-27T18:42:59.787+0300] {processor.py:175} INFO - Processing /home/vladimir/.local/lib/python3.10/site-packages/airflow/example_dags/plugins/listener_plugin.py took 0.014 seconds
[2023-04-27T18:43:43.633+0300] {processor.py:153} INFO - Started process (PID=5446) to work on /home/vladimir/.local/lib/python3.10/site-packages/airflow/example_dags/plugins/listener_plugin.py
[2023-04-27T18:43:43.634+0300] {processor.py:743} INFO - Processing file /home/vladimir/.local/lib/python3.10/site-packages/airflow/example_dags/plugins/listener_plugin.py for tasks to queue
[2023-04-27T18:43:43.634+0300] {logging_mixin.py:137} INFO - [2023-04-27T18:43:43.634+0300] {dagbag.py:532} INFO - Filling up the DagBag from /home/vladimir/.local/lib/python3.10/site-packages/airflow/example_dags/plugins/listener_plugin.py
[2023-04-27T18:43:43.636+0300] {processor.py:755} WARNING - No viable dags retrieved from /home/vladimir/.local/lib/python3.10/site-packages/airflow/example_dags/plugins/listener_plugin.py
[2023-04-27T18:43:43.647+0300] {processor.py:175} INFO - Processing /home/vladimir/.local/lib/python3.10/site-packages/airflow/example_dags/plugins/listener_plugin.py took 0.016 seconds
[2023-04-27T18:44:30.069+0300] {processor.py:153} INFO - Started process (PID=9022) to work on /home/vladimir/.local/lib/python3.10/site-packages/airflow/example_dags/plugins/listener_plugin.py
[2023-04-27T18:44:30.071+0300] {processor.py:743} INFO - Processing file /home/vladimir/.local/lib/python3.10/site-packages/airflow/example_dags/plugins/listener_plugin.py for tasks to queue
[2023-04-27T18:44:30.072+0300] {logging_mixin.py:137} INFO - [2023-04-27T18:44:30.072+0300] {dagbag.py:532} INFO - Filling up the DagBag from /home/vladimir/.local/lib/python3.10/site-packages/airflow/example_dags/plugins/listener_plugin.py
[2023-04-27T18:44:30.073+0300] {processor.py:755} WARNING - No viable dags retrieved from /home/vladimir/.local/lib/python3.10/site-packages/airflow/example_dags/plugins/listener_plugin.py
[2023-04-27T18:44:30.088+0300] {processor.py:175} INFO - Processing /home/vladimir/.local/lib/python3.10/site-packages/airflow/example_dags/plugins/listener_plugin.py took 0.022 seconds
[2023-04-27T18:45:13.276+0300] {processor.py:153} INFO - Started process (PID=10415) to work on /home/vladimir/.local/lib/python3.10/site-packages/airflow/example_dags/plugins/listener_plugin.py
[2023-04-27T18:45:13.277+0300] {processor.py:743} INFO - Processing file /home/vladimir/.local/lib/python3.10/site-packages/airflow/example_dags/plugins/listener_plugin.py for tasks to queue
[2023-04-27T18:45:13.278+0300] {logging_mixin.py:137} INFO - [2023-04-27T18:45:13.277+0300] {dagbag.py:532} INFO - Filling up the DagBag from /home/vladimir/.local/lib/python3.10/site-packages/airflow/example_dags/plugins/listener_plugin.py
[2023-04-27T18:45:13.279+0300] {processor.py:755} WARNING - No viable dags retrieved from /home/vladimir/.local/lib/python3.10/site-packages/airflow/example_dags/plugins/listener_plugin.py
[2023-04-27T18:45:13.292+0300] {processor.py:175} INFO - Processing /home/vladimir/.local/lib/python3.10/site-packages/airflow/example_dags/plugins/listener_plugin.py took 0.019 seconds
[2023-04-27T18:46:04.345+0300] {processor.py:153} INFO - Started process (PID=17976) to work on /home/vladimir/.local/lib/python3.10/site-packages/airflow/example_dags/plugins/listener_plugin.py
[2023-04-27T18:46:04.347+0300] {processor.py:743} INFO - Processing file /home/vladimir/.local/lib/python3.10/site-packages/airflow/example_dags/plugins/listener_plugin.py for tasks to queue
[2023-04-27T18:46:04.347+0300] {logging_mixin.py:137} INFO - [2023-04-27T18:46:04.347+0300] {dagbag.py:532} INFO - Filling up the DagBag from /home/vladimir/.local/lib/python3.10/site-packages/airflow/example_dags/plugins/listener_plugin.py
[2023-04-27T18:46:04.349+0300] {processor.py:755} WARNING - No viable dags retrieved from /home/vladimir/.local/lib/python3.10/site-packages/airflow/example_dags/plugins/listener_plugin.py
[2023-04-27T18:46:04.356+0300] {processor.py:175} INFO - Processing /home/vladimir/.local/lib/python3.10/site-packages/airflow/example_dags/plugins/listener_plugin.py took 0.014 seconds
[2023-04-27T18:47:08.635+0300] {processor.py:153} INFO - Started process (PID=3099) to work on /home/vladimir/.local/lib/python3.10/site-packages/airflow/example_dags/plugins/listener_plugin.py
[2023-04-27T18:47:08.636+0300] {processor.py:743} INFO - Processing file /home/vladimir/.local/lib/python3.10/site-packages/airflow/example_dags/plugins/listener_plugin.py for tasks to queue
[2023-04-27T18:47:08.637+0300] {logging_mixin.py:137} INFO - [2023-04-27T18:47:08.637+0300] {dagbag.py:532} INFO - Filling up the DagBag from /home/vladimir/.local/lib/python3.10/site-packages/airflow/example_dags/plugins/listener_plugin.py
[2023-04-27T18:47:08.639+0300] {processor.py:755} WARNING - No viable dags retrieved from /home/vladimir/.local/lib/python3.10/site-packages/airflow/example_dags/plugins/listener_plugin.py
[2023-04-27T18:47:08.646+0300] {processor.py:175} INFO - Processing /home/vladimir/.local/lib/python3.10/site-packages/airflow/example_dags/plugins/listener_plugin.py took 0.014 seconds
[2023-04-27T18:47:50.448+0300] {processor.py:153} INFO - Started process (PID=4064) to work on /home/vladimir/.local/lib/python3.10/site-packages/airflow/example_dags/plugins/listener_plugin.py
[2023-04-27T18:47:50.449+0300] {processor.py:743} INFO - Processing file /home/vladimir/.local/lib/python3.10/site-packages/airflow/example_dags/plugins/listener_plugin.py for tasks to queue
[2023-04-27T18:47:50.450+0300] {logging_mixin.py:137} INFO - [2023-04-27T18:47:50.450+0300] {dagbag.py:532} INFO - Filling up the DagBag from /home/vladimir/.local/lib/python3.10/site-packages/airflow/example_dags/plugins/listener_plugin.py
[2023-04-27T18:47:50.452+0300] {processor.py:755} WARNING - No viable dags retrieved from /home/vladimir/.local/lib/python3.10/site-packages/airflow/example_dags/plugins/listener_plugin.py
[2023-04-27T18:47:50.459+0300] {processor.py:175} INFO - Processing /home/vladimir/.local/lib/python3.10/site-packages/airflow/example_dags/plugins/listener_plugin.py took 0.013 seconds
[2023-04-27T18:48:32.702+0300] {processor.py:153} INFO - Started process (PID=4144) to work on /home/vladimir/.local/lib/python3.10/site-packages/airflow/example_dags/plugins/listener_plugin.py
[2023-04-27T18:48:32.703+0300] {processor.py:743} INFO - Processing file /home/vladimir/.local/lib/python3.10/site-packages/airflow/example_dags/plugins/listener_plugin.py for tasks to queue
[2023-04-27T18:48:32.703+0300] {logging_mixin.py:137} INFO - [2023-04-27T18:48:32.703+0300] {dagbag.py:532} INFO - Filling up the DagBag from /home/vladimir/.local/lib/python3.10/site-packages/airflow/example_dags/plugins/listener_plugin.py
[2023-04-27T18:48:32.705+0300] {processor.py:755} WARNING - No viable dags retrieved from /home/vladimir/.local/lib/python3.10/site-packages/airflow/example_dags/plugins/listener_plugin.py
[2023-04-27T18:48:32.711+0300] {processor.py:175} INFO - Processing /home/vladimir/.local/lib/python3.10/site-packages/airflow/example_dags/plugins/listener_plugin.py took 0.012 seconds
[2023-04-27T18:49:15.234+0300] {processor.py:153} INFO - Started process (PID=4188) to work on /home/vladimir/.local/lib/python3.10/site-packages/airflow/example_dags/plugins/listener_plugin.py
[2023-04-27T18:49:15.235+0300] {processor.py:743} INFO - Processing file /home/vladimir/.local/lib/python3.10/site-packages/airflow/example_dags/plugins/listener_plugin.py for tasks to queue
[2023-04-27T18:49:15.235+0300] {logging_mixin.py:137} INFO - [2023-04-27T18:49:15.235+0300] {dagbag.py:532} INFO - Filling up the DagBag from /home/vladimir/.local/lib/python3.10/site-packages/airflow/example_dags/plugins/listener_plugin.py
[2023-04-27T18:49:15.237+0300] {processor.py:755} WARNING - No viable dags retrieved from /home/vladimir/.local/lib/python3.10/site-packages/airflow/example_dags/plugins/listener_plugin.py
[2023-04-27T18:49:15.244+0300] {processor.py:175} INFO - Processing /home/vladimir/.local/lib/python3.10/site-packages/airflow/example_dags/plugins/listener_plugin.py took 0.012 seconds
[2023-04-27T18:50:04.351+0300] {processor.py:153} INFO - Started process (PID=4504) to work on /home/vladimir/.local/lib/python3.10/site-packages/airflow/example_dags/plugins/listener_plugin.py
[2023-04-27T18:50:04.352+0300] {processor.py:743} INFO - Processing file /home/vladimir/.local/lib/python3.10/site-packages/airflow/example_dags/plugins/listener_plugin.py for tasks to queue
[2023-04-27T18:50:04.353+0300] {logging_mixin.py:137} INFO - [2023-04-27T18:50:04.353+0300] {dagbag.py:532} INFO - Filling up the DagBag from /home/vladimir/.local/lib/python3.10/site-packages/airflow/example_dags/plugins/listener_plugin.py
[2023-04-27T18:50:04.355+0300] {processor.py:755} WARNING - No viable dags retrieved from /home/vladimir/.local/lib/python3.10/site-packages/airflow/example_dags/plugins/listener_plugin.py
[2023-04-27T18:50:04.363+0300] {processor.py:175} INFO - Processing /home/vladimir/.local/lib/python3.10/site-packages/airflow/example_dags/plugins/listener_plugin.py took 0.015 seconds
[2023-04-27T18:50:52.771+0300] {processor.py:153} INFO - Started process (PID=5223) to work on /home/vladimir/.local/lib/python3.10/site-packages/airflow/example_dags/plugins/listener_plugin.py
[2023-04-27T18:50:52.773+0300] {processor.py:743} INFO - Processing file /home/vladimir/.local/lib/python3.10/site-packages/airflow/example_dags/plugins/listener_plugin.py for tasks to queue
[2023-04-27T18:50:52.774+0300] {logging_mixin.py:137} INFO - [2023-04-27T18:50:52.773+0300] {dagbag.py:532} INFO - Filling up the DagBag from /home/vladimir/.local/lib/python3.10/site-packages/airflow/example_dags/plugins/listener_plugin.py
[2023-04-27T18:50:52.775+0300] {processor.py:755} WARNING - No viable dags retrieved from /home/vladimir/.local/lib/python3.10/site-packages/airflow/example_dags/plugins/listener_plugin.py
[2023-04-27T18:50:52.783+0300] {processor.py:175} INFO - Processing /home/vladimir/.local/lib/python3.10/site-packages/airflow/example_dags/plugins/listener_plugin.py took 0.014 seconds
[2023-04-27T18:51:38.925+0300] {processor.py:153} INFO - Started process (PID=5284) to work on /home/vladimir/.local/lib/python3.10/site-packages/airflow/example_dags/plugins/listener_plugin.py
[2023-04-27T18:51:38.926+0300] {processor.py:743} INFO - Processing file /home/vladimir/.local/lib/python3.10/site-packages/airflow/example_dags/plugins/listener_plugin.py for tasks to queue
[2023-04-27T18:51:38.927+0300] {logging_mixin.py:137} INFO - [2023-04-27T18:51:38.927+0300] {dagbag.py:532} INFO - Filling up the DagBag from /home/vladimir/.local/lib/python3.10/site-packages/airflow/example_dags/plugins/listener_plugin.py
[2023-04-27T18:51:38.928+0300] {processor.py:755} WARNING - No viable dags retrieved from /home/vladimir/.local/lib/python3.10/site-packages/airflow/example_dags/plugins/listener_plugin.py
[2023-04-27T18:51:38.936+0300] {processor.py:175} INFO - Processing /home/vladimir/.local/lib/python3.10/site-packages/airflow/example_dags/plugins/listener_plugin.py took 0.012 seconds
[2023-04-27T18:52:21.416+0300] {processor.py:153} INFO - Started process (PID=5330) to work on /home/vladimir/.local/lib/python3.10/site-packages/airflow/example_dags/plugins/listener_plugin.py
[2023-04-27T18:52:21.416+0300] {processor.py:743} INFO - Processing file /home/vladimir/.local/lib/python3.10/site-packages/airflow/example_dags/plugins/listener_plugin.py for tasks to queue
[2023-04-27T18:52:21.417+0300] {logging_mixin.py:137} INFO - [2023-04-27T18:52:21.417+0300] {dagbag.py:532} INFO - Filling up the DagBag from /home/vladimir/.local/lib/python3.10/site-packages/airflow/example_dags/plugins/listener_plugin.py
[2023-04-27T18:52:21.419+0300] {processor.py:755} WARNING - No viable dags retrieved from /home/vladimir/.local/lib/python3.10/site-packages/airflow/example_dags/plugins/listener_plugin.py
[2023-04-27T18:52:21.425+0300] {processor.py:175} INFO - Processing /home/vladimir/.local/lib/python3.10/site-packages/airflow/example_dags/plugins/listener_plugin.py took 0.012 seconds
[2023-04-27T18:53:03.010+0300] {processor.py:153} INFO - Started process (PID=5375) to work on /home/vladimir/.local/lib/python3.10/site-packages/airflow/example_dags/plugins/listener_plugin.py
[2023-04-27T18:53:03.011+0300] {processor.py:743} INFO - Processing file /home/vladimir/.local/lib/python3.10/site-packages/airflow/example_dags/plugins/listener_plugin.py for tasks to queue
[2023-04-27T18:53:03.012+0300] {logging_mixin.py:137} INFO - [2023-04-27T18:53:03.012+0300] {dagbag.py:532} INFO - Filling up the DagBag from /home/vladimir/.local/lib/python3.10/site-packages/airflow/example_dags/plugins/listener_plugin.py
[2023-04-27T18:53:03.014+0300] {processor.py:755} WARNING - No viable dags retrieved from /home/vladimir/.local/lib/python3.10/site-packages/airflow/example_dags/plugins/listener_plugin.py
[2023-04-27T18:53:03.022+0300] {processor.py:175} INFO - Processing /home/vladimir/.local/lib/python3.10/site-packages/airflow/example_dags/plugins/listener_plugin.py took 0.014 seconds
[2023-04-27T18:53:45.401+0300] {processor.py:153} INFO - Started process (PID=5565) to work on /home/vladimir/.local/lib/python3.10/site-packages/airflow/example_dags/plugins/listener_plugin.py
[2023-04-27T18:53:45.402+0300] {processor.py:743} INFO - Processing file /home/vladimir/.local/lib/python3.10/site-packages/airflow/example_dags/plugins/listener_plugin.py for tasks to queue
[2023-04-27T18:53:45.402+0300] {logging_mixin.py:137} INFO - [2023-04-27T18:53:45.402+0300] {dagbag.py:532} INFO - Filling up the DagBag from /home/vladimir/.local/lib/python3.10/site-packages/airflow/example_dags/plugins/listener_plugin.py
[2023-04-27T18:53:45.404+0300] {processor.py:755} WARNING - No viable dags retrieved from /home/vladimir/.local/lib/python3.10/site-packages/airflow/example_dags/plugins/listener_plugin.py
[2023-04-27T18:53:45.410+0300] {processor.py:175} INFO - Processing /home/vladimir/.local/lib/python3.10/site-packages/airflow/example_dags/plugins/listener_plugin.py took 0.012 seconds
[2023-04-27T18:54:34.125+0300] {processor.py:153} INFO - Started process (PID=5618) to work on /home/vladimir/.local/lib/python3.10/site-packages/airflow/example_dags/plugins/listener_plugin.py
[2023-04-27T18:54:34.126+0300] {processor.py:743} INFO - Processing file /home/vladimir/.local/lib/python3.10/site-packages/airflow/example_dags/plugins/listener_plugin.py for tasks to queue
[2023-04-27T18:54:34.127+0300] {logging_mixin.py:137} INFO - [2023-04-27T18:54:34.126+0300] {dagbag.py:532} INFO - Filling up the DagBag from /home/vladimir/.local/lib/python3.10/site-packages/airflow/example_dags/plugins/listener_plugin.py
[2023-04-27T18:54:34.128+0300] {processor.py:755} WARNING - No viable dags retrieved from /home/vladimir/.local/lib/python3.10/site-packages/airflow/example_dags/plugins/listener_plugin.py
[2023-04-27T18:54:34.136+0300] {processor.py:175} INFO - Processing /home/vladimir/.local/lib/python3.10/site-packages/airflow/example_dags/plugins/listener_plugin.py took 0.013 seconds
[2023-04-27T18:55:22.810+0300] {processor.py:153} INFO - Started process (PID=5677) to work on /home/vladimir/.local/lib/python3.10/site-packages/airflow/example_dags/plugins/listener_plugin.py
[2023-04-27T18:55:22.811+0300] {processor.py:743} INFO - Processing file /home/vladimir/.local/lib/python3.10/site-packages/airflow/example_dags/plugins/listener_plugin.py for tasks to queue
[2023-04-27T18:55:22.812+0300] {logging_mixin.py:137} INFO - [2023-04-27T18:55:22.812+0300] {dagbag.py:532} INFO - Filling up the DagBag from /home/vladimir/.local/lib/python3.10/site-packages/airflow/example_dags/plugins/listener_plugin.py
[2023-04-27T18:55:22.813+0300] {processor.py:755} WARNING - No viable dags retrieved from /home/vladimir/.local/lib/python3.10/site-packages/airflow/example_dags/plugins/listener_plugin.py
[2023-04-27T18:55:22.820+0300] {processor.py:175} INFO - Processing /home/vladimir/.local/lib/python3.10/site-packages/airflow/example_dags/plugins/listener_plugin.py took 0.013 seconds
[2023-04-27T18:56:08.063+0300] {processor.py:153} INFO - Started process (PID=5732) to work on /home/vladimir/.local/lib/python3.10/site-packages/airflow/example_dags/plugins/listener_plugin.py
[2023-04-27T18:56:08.064+0300] {processor.py:743} INFO - Processing file /home/vladimir/.local/lib/python3.10/site-packages/airflow/example_dags/plugins/listener_plugin.py for tasks to queue
[2023-04-27T18:56:08.065+0300] {logging_mixin.py:137} INFO - [2023-04-27T18:56:08.065+0300] {dagbag.py:532} INFO - Filling up the DagBag from /home/vladimir/.local/lib/python3.10/site-packages/airflow/example_dags/plugins/listener_plugin.py
[2023-04-27T18:56:08.068+0300] {processor.py:755} WARNING - No viable dags retrieved from /home/vladimir/.local/lib/python3.10/site-packages/airflow/example_dags/plugins/listener_plugin.py
[2023-04-27T18:56:08.074+0300] {processor.py:175} INFO - Processing /home/vladimir/.local/lib/python3.10/site-packages/airflow/example_dags/plugins/listener_plugin.py took 0.013 seconds
[2023-04-27T18:56:50.529+0300] {processor.py:153} INFO - Started process (PID=6647) to work on /home/vladimir/.local/lib/python3.10/site-packages/airflow/example_dags/plugins/listener_plugin.py
[2023-04-27T18:56:50.530+0300] {processor.py:743} INFO - Processing file /home/vladimir/.local/lib/python3.10/site-packages/airflow/example_dags/plugins/listener_plugin.py for tasks to queue
[2023-04-27T18:56:50.531+0300] {logging_mixin.py:137} INFO - [2023-04-27T18:56:50.531+0300] {dagbag.py:532} INFO - Filling up the DagBag from /home/vladimir/.local/lib/python3.10/site-packages/airflow/example_dags/plugins/listener_plugin.py
[2023-04-27T18:56:50.533+0300] {processor.py:755} WARNING - No viable dags retrieved from /home/vladimir/.local/lib/python3.10/site-packages/airflow/example_dags/plugins/listener_plugin.py
[2023-04-27T18:56:50.541+0300] {processor.py:175} INFO - Processing /home/vladimir/.local/lib/python3.10/site-packages/airflow/example_dags/plugins/listener_plugin.py took 0.014 seconds
[2023-04-27T18:57:39.660+0300] {processor.py:153} INFO - Started process (PID=6731) to work on /home/vladimir/.local/lib/python3.10/site-packages/airflow/example_dags/plugins/listener_plugin.py
[2023-04-27T18:57:39.661+0300] {processor.py:743} INFO - Processing file /home/vladimir/.local/lib/python3.10/site-packages/airflow/example_dags/plugins/listener_plugin.py for tasks to queue
[2023-04-27T18:57:39.661+0300] {logging_mixin.py:137} INFO - [2023-04-27T18:57:39.661+0300] {dagbag.py:532} INFO - Filling up the DagBag from /home/vladimir/.local/lib/python3.10/site-packages/airflow/example_dags/plugins/listener_plugin.py
[2023-04-27T18:57:39.663+0300] {processor.py:755} WARNING - No viable dags retrieved from /home/vladimir/.local/lib/python3.10/site-packages/airflow/example_dags/plugins/listener_plugin.py
[2023-04-27T18:57:39.671+0300] {processor.py:175} INFO - Processing /home/vladimir/.local/lib/python3.10/site-packages/airflow/example_dags/plugins/listener_plugin.py took 0.013 seconds
[2023-04-27T18:58:27.581+0300] {processor.py:153} INFO - Started process (PID=6822) to work on /home/vladimir/.local/lib/python3.10/site-packages/airflow/example_dags/plugins/listener_plugin.py
[2023-04-27T18:58:27.582+0300] {processor.py:743} INFO - Processing file /home/vladimir/.local/lib/python3.10/site-packages/airflow/example_dags/plugins/listener_plugin.py for tasks to queue
[2023-04-27T18:58:27.582+0300] {logging_mixin.py:137} INFO - [2023-04-27T18:58:27.582+0300] {dagbag.py:532} INFO - Filling up the DagBag from /home/vladimir/.local/lib/python3.10/site-packages/airflow/example_dags/plugins/listener_plugin.py
[2023-04-27T18:58:27.584+0300] {processor.py:755} WARNING - No viable dags retrieved from /home/vladimir/.local/lib/python3.10/site-packages/airflow/example_dags/plugins/listener_plugin.py
[2023-04-27T18:58:27.591+0300] {processor.py:175} INFO - Processing /home/vladimir/.local/lib/python3.10/site-packages/airflow/example_dags/plugins/listener_plugin.py took 0.013 seconds
[2023-04-27T18:59:14.965+0300] {processor.py:153} INFO - Started process (PID=6908) to work on /home/vladimir/.local/lib/python3.10/site-packages/airflow/example_dags/plugins/listener_plugin.py
[2023-04-27T18:59:14.965+0300] {processor.py:743} INFO - Processing file /home/vladimir/.local/lib/python3.10/site-packages/airflow/example_dags/plugins/listener_plugin.py for tasks to queue
[2023-04-27T18:59:14.966+0300] {logging_mixin.py:137} INFO - [2023-04-27T18:59:14.966+0300] {dagbag.py:532} INFO - Filling up the DagBag from /home/vladimir/.local/lib/python3.10/site-packages/airflow/example_dags/plugins/listener_plugin.py
[2023-04-27T18:59:14.967+0300] {processor.py:755} WARNING - No viable dags retrieved from /home/vladimir/.local/lib/python3.10/site-packages/airflow/example_dags/plugins/listener_plugin.py
[2023-04-27T18:59:14.975+0300] {processor.py:175} INFO - Processing /home/vladimir/.local/lib/python3.10/site-packages/airflow/example_dags/plugins/listener_plugin.py took 0.013 seconds
[2023-04-27T18:59:59.986+0300] {processor.py:153} INFO - Started process (PID=6983) to work on /home/vladimir/.local/lib/python3.10/site-packages/airflow/example_dags/plugins/listener_plugin.py
[2023-04-27T18:59:59.987+0300] {processor.py:743} INFO - Processing file /home/vladimir/.local/lib/python3.10/site-packages/airflow/example_dags/plugins/listener_plugin.py for tasks to queue
[2023-04-27T18:59:59.987+0300] {logging_mixin.py:137} INFO - [2023-04-27T18:59:59.987+0300] {dagbag.py:532} INFO - Filling up the DagBag from /home/vladimir/.local/lib/python3.10/site-packages/airflow/example_dags/plugins/listener_plugin.py
[2023-04-27T18:59:59.989+0300] {processor.py:755} WARNING - No viable dags retrieved from /home/vladimir/.local/lib/python3.10/site-packages/airflow/example_dags/plugins/listener_plugin.py
[2023-04-27T18:59:59.999+0300] {processor.py:175} INFO - Processing /home/vladimir/.local/lib/python3.10/site-packages/airflow/example_dags/plugins/listener_plugin.py took 0.016 seconds
[2023-04-27T19:00:49.524+0300] {processor.py:153} INFO - Started process (PID=7101) to work on /home/vladimir/.local/lib/python3.10/site-packages/airflow/example_dags/plugins/listener_plugin.py
[2023-04-27T19:00:49.525+0300] {processor.py:743} INFO - Processing file /home/vladimir/.local/lib/python3.10/site-packages/airflow/example_dags/plugins/listener_plugin.py for tasks to queue
[2023-04-27T19:00:49.526+0300] {logging_mixin.py:137} INFO - [2023-04-27T19:00:49.525+0300] {dagbag.py:532} INFO - Filling up the DagBag from /home/vladimir/.local/lib/python3.10/site-packages/airflow/example_dags/plugins/listener_plugin.py
[2023-04-27T19:00:49.527+0300] {processor.py:755} WARNING - No viable dags retrieved from /home/vladimir/.local/lib/python3.10/site-packages/airflow/example_dags/plugins/listener_plugin.py
[2023-04-27T19:00:49.534+0300] {processor.py:175} INFO - Processing /home/vladimir/.local/lib/python3.10/site-packages/airflow/example_dags/plugins/listener_plugin.py took 0.012 seconds
