[2023-04-27T18:25:42.465+0300] {processor.py:153} INFO - Started process (PID=5900) to work on /home/vladimir/.local/lib/python3.10/site-packages/airflow/example_dags/plugins/workday.py
[2023-04-27T18:25:42.470+0300] {processor.py:743} INFO - Processing file /home/vladimir/.local/lib/python3.10/site-packages/airflow/example_dags/plugins/workday.py for tasks to queue
[2023-04-27T18:25:42.472+0300] {logging_mixin.py:137} INFO - [2023-04-27T18:25:42.471+0300] {dagbag.py:532} INFO - Filling up the DagBag from /home/vladimir/.local/lib/python3.10/site-packages/airflow/example_dags/plugins/workday.py
[2023-04-27T18:25:46.388+0300] {processor.py:755} WARNING - No viable dags retrieved from /home/vladimir/.local/lib/python3.10/site-packages/airflow/example_dags/plugins/workday.py
[2023-04-27T18:25:46.400+0300] {processor.py:175} INFO - Processing /home/vladimir/.local/lib/python3.10/site-packages/airflow/example_dags/plugins/workday.py took 3.956 seconds
[2023-04-27T18:26:29.649+0300] {processor.py:153} INFO - Started process (PID=6008) to work on /home/vladimir/.local/lib/python3.10/site-packages/airflow/example_dags/plugins/workday.py
[2023-04-27T18:26:29.649+0300] {processor.py:743} INFO - Processing file /home/vladimir/.local/lib/python3.10/site-packages/airflow/example_dags/plugins/workday.py for tasks to queue
[2023-04-27T18:26:29.650+0300] {logging_mixin.py:137} INFO - [2023-04-27T18:26:29.650+0300] {dagbag.py:532} INFO - Filling up the DagBag from /home/vladimir/.local/lib/python3.10/site-packages/airflow/example_dags/plugins/workday.py
[2023-04-27T18:26:29.927+0300] {processor.py:755} WARNING - No viable dags retrieved from /home/vladimir/.local/lib/python3.10/site-packages/airflow/example_dags/plugins/workday.py
[2023-04-27T18:26:29.932+0300] {processor.py:175} INFO - Processing /home/vladimir/.local/lib/python3.10/site-packages/airflow/example_dags/plugins/workday.py took 0.285 seconds
[2023-04-27T18:27:14.842+0300] {processor.py:153} INFO - Started process (PID=6081) to work on /home/vladimir/.local/lib/python3.10/site-packages/airflow/example_dags/plugins/workday.py
[2023-04-27T18:27:14.843+0300] {processor.py:743} INFO - Processing file /home/vladimir/.local/lib/python3.10/site-packages/airflow/example_dags/plugins/workday.py for tasks to queue
[2023-04-27T18:27:14.843+0300] {logging_mixin.py:137} INFO - [2023-04-27T18:27:14.843+0300] {dagbag.py:532} INFO - Filling up the DagBag from /home/vladimir/.local/lib/python3.10/site-packages/airflow/example_dags/plugins/workday.py
[2023-04-27T18:27:15.107+0300] {processor.py:755} WARNING - No viable dags retrieved from /home/vladimir/.local/lib/python3.10/site-packages/airflow/example_dags/plugins/workday.py
[2023-04-27T18:27:15.112+0300] {processor.py:175} INFO - Processing /home/vladimir/.local/lib/python3.10/site-packages/airflow/example_dags/plugins/workday.py took 0.272 seconds
[2023-04-27T18:27:55.827+0300] {processor.py:153} INFO - Started process (PID=6138) to work on /home/vladimir/.local/lib/python3.10/site-packages/airflow/example_dags/plugins/workday.py
[2023-04-27T18:27:55.827+0300] {processor.py:743} INFO - Processing file /home/vladimir/.local/lib/python3.10/site-packages/airflow/example_dags/plugins/workday.py for tasks to queue
[2023-04-27T18:27:55.828+0300] {logging_mixin.py:137} INFO - [2023-04-27T18:27:55.828+0300] {dagbag.py:532} INFO - Filling up the DagBag from /home/vladimir/.local/lib/python3.10/site-packages/airflow/example_dags/plugins/workday.py
[2023-04-27T18:27:56.089+0300] {processor.py:755} WARNING - No viable dags retrieved from /home/vladimir/.local/lib/python3.10/site-packages/airflow/example_dags/plugins/workday.py
[2023-04-27T18:27:56.093+0300] {processor.py:175} INFO - Processing /home/vladimir/.local/lib/python3.10/site-packages/airflow/example_dags/plugins/workday.py took 0.269 seconds
[2023-04-27T18:28:43.789+0300] {processor.py:153} INFO - Started process (PID=6210) to work on /home/vladimir/.local/lib/python3.10/site-packages/airflow/example_dags/plugins/workday.py
[2023-04-27T18:28:43.790+0300] {processor.py:743} INFO - Processing file /home/vladimir/.local/lib/python3.10/site-packages/airflow/example_dags/plugins/workday.py for tasks to queue
[2023-04-27T18:28:43.790+0300] {logging_mixin.py:137} INFO - [2023-04-27T18:28:43.790+0300] {dagbag.py:532} INFO - Filling up the DagBag from /home/vladimir/.local/lib/python3.10/site-packages/airflow/example_dags/plugins/workday.py
[2023-04-27T18:28:44.101+0300] {processor.py:755} WARNING - No viable dags retrieved from /home/vladimir/.local/lib/python3.10/site-packages/airflow/example_dags/plugins/workday.py
[2023-04-27T18:28:44.107+0300] {processor.py:175} INFO - Processing /home/vladimir/.local/lib/python3.10/site-packages/airflow/example_dags/plugins/workday.py took 0.321 seconds
[2023-04-27T18:29:25.756+0300] {processor.py:153} INFO - Started process (PID=6351) to work on /home/vladimir/.local/lib/python3.10/site-packages/airflow/example_dags/plugins/workday.py
[2023-04-27T18:29:25.757+0300] {processor.py:743} INFO - Processing file /home/vladimir/.local/lib/python3.10/site-packages/airflow/example_dags/plugins/workday.py for tasks to queue
[2023-04-27T18:29:25.757+0300] {logging_mixin.py:137} INFO - [2023-04-27T18:29:25.757+0300] {dagbag.py:532} INFO - Filling up the DagBag from /home/vladimir/.local/lib/python3.10/site-packages/airflow/example_dags/plugins/workday.py
[2023-04-27T18:29:26.019+0300] {processor.py:755} WARNING - No viable dags retrieved from /home/vladimir/.local/lib/python3.10/site-packages/airflow/example_dags/plugins/workday.py
[2023-04-27T18:29:26.023+0300] {processor.py:175} INFO - Processing /home/vladimir/.local/lib/python3.10/site-packages/airflow/example_dags/plugins/workday.py took 0.270 seconds
[2023-04-27T18:30:12.669+0300] {processor.py:153} INFO - Started process (PID=6446) to work on /home/vladimir/.local/lib/python3.10/site-packages/airflow/example_dags/plugins/workday.py
[2023-04-27T18:30:12.669+0300] {processor.py:743} INFO - Processing file /home/vladimir/.local/lib/python3.10/site-packages/airflow/example_dags/plugins/workday.py for tasks to queue
[2023-04-27T18:30:12.670+0300] {logging_mixin.py:137} INFO - [2023-04-27T18:30:12.670+0300] {dagbag.py:532} INFO - Filling up the DagBag from /home/vladimir/.local/lib/python3.10/site-packages/airflow/example_dags/plugins/workday.py
[2023-04-27T18:30:12.934+0300] {processor.py:755} WARNING - No viable dags retrieved from /home/vladimir/.local/lib/python3.10/site-packages/airflow/example_dags/plugins/workday.py
[2023-04-27T18:30:12.938+0300] {processor.py:175} INFO - Processing /home/vladimir/.local/lib/python3.10/site-packages/airflow/example_dags/plugins/workday.py took 0.272 seconds
[2023-04-27T18:31:00.641+0300] {processor.py:153} INFO - Started process (PID=6574) to work on /home/vladimir/.local/lib/python3.10/site-packages/airflow/example_dags/plugins/workday.py
[2023-04-27T18:31:00.642+0300] {processor.py:743} INFO - Processing file /home/vladimir/.local/lib/python3.10/site-packages/airflow/example_dags/plugins/workday.py for tasks to queue
[2023-04-27T18:31:00.643+0300] {logging_mixin.py:137} INFO - [2023-04-27T18:31:00.643+0300] {dagbag.py:532} INFO - Filling up the DagBag from /home/vladimir/.local/lib/python3.10/site-packages/airflow/example_dags/plugins/workday.py
[2023-04-27T18:31:00.901+0300] {processor.py:755} WARNING - No viable dags retrieved from /home/vladimir/.local/lib/python3.10/site-packages/airflow/example_dags/plugins/workday.py
[2023-04-27T18:31:00.906+0300] {processor.py:175} INFO - Processing /home/vladimir/.local/lib/python3.10/site-packages/airflow/example_dags/plugins/workday.py took 0.268 seconds
[2023-04-27T18:31:50.887+0300] {processor.py:153} INFO - Started process (PID=6668) to work on /home/vladimir/.local/lib/python3.10/site-packages/airflow/example_dags/plugins/workday.py
[2023-04-27T18:31:50.888+0300] {processor.py:743} INFO - Processing file /home/vladimir/.local/lib/python3.10/site-packages/airflow/example_dags/plugins/workday.py for tasks to queue
[2023-04-27T18:31:50.888+0300] {logging_mixin.py:137} INFO - [2023-04-27T18:31:50.888+0300] {dagbag.py:532} INFO - Filling up the DagBag from /home/vladimir/.local/lib/python3.10/site-packages/airflow/example_dags/plugins/workday.py
[2023-04-27T18:31:51.161+0300] {processor.py:755} WARNING - No viable dags retrieved from /home/vladimir/.local/lib/python3.10/site-packages/airflow/example_dags/plugins/workday.py
[2023-04-27T18:31:51.165+0300] {processor.py:175} INFO - Processing /home/vladimir/.local/lib/python3.10/site-packages/airflow/example_dags/plugins/workday.py took 0.280 seconds
[2023-04-27T18:32:39.944+0300] {processor.py:153} INFO - Started process (PID=6791) to work on /home/vladimir/.local/lib/python3.10/site-packages/airflow/example_dags/plugins/workday.py
[2023-04-27T18:32:39.967+0300] {processor.py:743} INFO - Processing file /home/vladimir/.local/lib/python3.10/site-packages/airflow/example_dags/plugins/workday.py for tasks to queue
[2023-04-27T18:32:39.969+0300] {logging_mixin.py:137} INFO - [2023-04-27T18:32:39.969+0300] {dagbag.py:532} INFO - Filling up the DagBag from /home/vladimir/.local/lib/python3.10/site-packages/airflow/example_dags/plugins/workday.py
[2023-04-27T18:32:40.883+0300] {processor.py:755} WARNING - No viable dags retrieved from /home/vladimir/.local/lib/python3.10/site-packages/airflow/example_dags/plugins/workday.py
[2023-04-27T18:32:40.888+0300] {processor.py:175} INFO - Processing /home/vladimir/.local/lib/python3.10/site-packages/airflow/example_dags/plugins/workday.py took 1.024 seconds
[2023-04-27T18:33:29.832+0300] {processor.py:153} INFO - Started process (PID=6917) to work on /home/vladimir/.local/lib/python3.10/site-packages/airflow/example_dags/plugins/workday.py
[2023-04-27T18:33:29.833+0300] {processor.py:743} INFO - Processing file /home/vladimir/.local/lib/python3.10/site-packages/airflow/example_dags/plugins/workday.py for tasks to queue
[2023-04-27T18:33:29.834+0300] {logging_mixin.py:137} INFO - [2023-04-27T18:33:29.834+0300] {dagbag.py:532} INFO - Filling up the DagBag from /home/vladimir/.local/lib/python3.10/site-packages/airflow/example_dags/plugins/workday.py
[2023-04-27T18:33:30.453+0300] {processor.py:755} WARNING - No viable dags retrieved from /home/vladimir/.local/lib/python3.10/site-packages/airflow/example_dags/plugins/workday.py
[2023-04-27T18:33:30.466+0300] {processor.py:175} INFO - Processing /home/vladimir/.local/lib/python3.10/site-packages/airflow/example_dags/plugins/workday.py took 0.636 seconds
[2023-04-27T18:34:10.921+0300] {processor.py:153} INFO - Started process (PID=6982) to work on /home/vladimir/.local/lib/python3.10/site-packages/airflow/example_dags/plugins/workday.py
[2023-04-27T18:34:10.923+0300] {processor.py:743} INFO - Processing file /home/vladimir/.local/lib/python3.10/site-packages/airflow/example_dags/plugins/workday.py for tasks to queue
[2023-04-27T18:34:10.923+0300] {logging_mixin.py:137} INFO - [2023-04-27T18:34:10.923+0300] {dagbag.py:532} INFO - Filling up the DagBag from /home/vladimir/.local/lib/python3.10/site-packages/airflow/example_dags/plugins/workday.py
[2023-04-27T18:34:11.192+0300] {processor.py:755} WARNING - No viable dags retrieved from /home/vladimir/.local/lib/python3.10/site-packages/airflow/example_dags/plugins/workday.py
[2023-04-27T18:34:11.197+0300] {processor.py:175} INFO - Processing /home/vladimir/.local/lib/python3.10/site-packages/airflow/example_dags/plugins/workday.py took 0.278 seconds
[2023-04-27T18:35:00.000+0300] {processor.py:153} INFO - Started process (PID=7107) to work on /home/vladimir/.local/lib/python3.10/site-packages/airflow/example_dags/plugins/workday.py
[2023-04-27T18:35:00.001+0300] {processor.py:743} INFO - Processing file /home/vladimir/.local/lib/python3.10/site-packages/airflow/example_dags/plugins/workday.py for tasks to queue
[2023-04-27T18:35:00.002+0300] {logging_mixin.py:137} INFO - [2023-04-27T18:35:00.002+0300] {dagbag.py:532} INFO - Filling up the DagBag from /home/vladimir/.local/lib/python3.10/site-packages/airflow/example_dags/plugins/workday.py
[2023-04-27T18:35:01.069+0300] {processor.py:755} WARNING - No viable dags retrieved from /home/vladimir/.local/lib/python3.10/site-packages/airflow/example_dags/plugins/workday.py
[2023-04-27T18:35:01.084+0300] {processor.py:175} INFO - Processing /home/vladimir/.local/lib/python3.10/site-packages/airflow/example_dags/plugins/workday.py took 1.085 seconds
[2023-04-27T18:35:46.958+0300] {processor.py:153} INFO - Started process (PID=7450) to work on /home/vladimir/.local/lib/python3.10/site-packages/airflow/example_dags/plugins/workday.py
[2023-04-27T18:35:46.959+0300] {processor.py:743} INFO - Processing file /home/vladimir/.local/lib/python3.10/site-packages/airflow/example_dags/plugins/workday.py for tasks to queue
[2023-04-27T18:35:46.959+0300] {logging_mixin.py:137} INFO - [2023-04-27T18:35:46.959+0300] {dagbag.py:532} INFO - Filling up the DagBag from /home/vladimir/.local/lib/python3.10/site-packages/airflow/example_dags/plugins/workday.py
[2023-04-27T18:35:47.236+0300] {processor.py:755} WARNING - No viable dags retrieved from /home/vladimir/.local/lib/python3.10/site-packages/airflow/example_dags/plugins/workday.py
[2023-04-27T18:35:47.241+0300] {processor.py:175} INFO - Processing /home/vladimir/.local/lib/python3.10/site-packages/airflow/example_dags/plugins/workday.py took 0.285 seconds
[2023-04-27T18:36:33.764+0300] {processor.py:153} INFO - Started process (PID=7559) to work on /home/vladimir/.local/lib/python3.10/site-packages/airflow/example_dags/plugins/workday.py
[2023-04-27T18:36:33.765+0300] {processor.py:743} INFO - Processing file /home/vladimir/.local/lib/python3.10/site-packages/airflow/example_dags/plugins/workday.py for tasks to queue
[2023-04-27T18:36:33.766+0300] {logging_mixin.py:137} INFO - [2023-04-27T18:36:33.766+0300] {dagbag.py:532} INFO - Filling up the DagBag from /home/vladimir/.local/lib/python3.10/site-packages/airflow/example_dags/plugins/workday.py
[2023-04-27T18:36:34.022+0300] {processor.py:755} WARNING - No viable dags retrieved from /home/vladimir/.local/lib/python3.10/site-packages/airflow/example_dags/plugins/workday.py
[2023-04-27T18:36:34.027+0300] {processor.py:175} INFO - Processing /home/vladimir/.local/lib/python3.10/site-packages/airflow/example_dags/plugins/workday.py took 0.265 seconds
[2023-04-27T18:37:24.742+0300] {processor.py:153} INFO - Started process (PID=7656) to work on /home/vladimir/.local/lib/python3.10/site-packages/airflow/example_dags/plugins/workday.py
[2023-04-27T18:37:24.743+0300] {processor.py:743} INFO - Processing file /home/vladimir/.local/lib/python3.10/site-packages/airflow/example_dags/plugins/workday.py for tasks to queue
[2023-04-27T18:37:24.743+0300] {logging_mixin.py:137} INFO - [2023-04-27T18:37:24.743+0300] {dagbag.py:532} INFO - Filling up the DagBag from /home/vladimir/.local/lib/python3.10/site-packages/airflow/example_dags/plugins/workday.py
[2023-04-27T18:37:25.002+0300] {processor.py:755} WARNING - No viable dags retrieved from /home/vladimir/.local/lib/python3.10/site-packages/airflow/example_dags/plugins/workday.py
[2023-04-27T18:37:25.007+0300] {processor.py:175} INFO - Processing /home/vladimir/.local/lib/python3.10/site-packages/airflow/example_dags/plugins/workday.py took 0.267 seconds
[2023-04-27T18:38:10.150+0300] {processor.py:153} INFO - Started process (PID=7718) to work on /home/vladimir/.local/lib/python3.10/site-packages/airflow/example_dags/plugins/workday.py
[2023-04-27T18:38:10.151+0300] {processor.py:743} INFO - Processing file /home/vladimir/.local/lib/python3.10/site-packages/airflow/example_dags/plugins/workday.py for tasks to queue
[2023-04-27T18:38:10.151+0300] {logging_mixin.py:137} INFO - [2023-04-27T18:38:10.151+0300] {dagbag.py:532} INFO - Filling up the DagBag from /home/vladimir/.local/lib/python3.10/site-packages/airflow/example_dags/plugins/workday.py
[2023-04-27T18:38:10.404+0300] {processor.py:755} WARNING - No viable dags retrieved from /home/vladimir/.local/lib/python3.10/site-packages/airflow/example_dags/plugins/workday.py
[2023-04-27T18:38:10.409+0300] {processor.py:175} INFO - Processing /home/vladimir/.local/lib/python3.10/site-packages/airflow/example_dags/plugins/workday.py took 0.261 seconds
[2023-04-27T18:39:01.924+0300] {processor.py:153} INFO - Started process (PID=8088) to work on /home/vladimir/.local/lib/python3.10/site-packages/airflow/example_dags/plugins/workday.py
[2023-04-27T18:39:01.925+0300] {processor.py:743} INFO - Processing file /home/vladimir/.local/lib/python3.10/site-packages/airflow/example_dags/plugins/workday.py for tasks to queue
[2023-04-27T18:39:01.925+0300] {logging_mixin.py:137} INFO - [2023-04-27T18:39:01.925+0300] {dagbag.py:532} INFO - Filling up the DagBag from /home/vladimir/.local/lib/python3.10/site-packages/airflow/example_dags/plugins/workday.py
[2023-04-27T18:39:02.195+0300] {processor.py:755} WARNING - No viable dags retrieved from /home/vladimir/.local/lib/python3.10/site-packages/airflow/example_dags/plugins/workday.py
[2023-04-27T18:39:02.199+0300] {processor.py:175} INFO - Processing /home/vladimir/.local/lib/python3.10/site-packages/airflow/example_dags/plugins/workday.py took 0.278 seconds
[2023-04-27T18:39:52.801+0300] {processor.py:153} INFO - Started process (PID=8182) to work on /home/vladimir/.local/lib/python3.10/site-packages/airflow/example_dags/plugins/workday.py
[2023-04-27T18:39:52.803+0300] {processor.py:743} INFO - Processing file /home/vladimir/.local/lib/python3.10/site-packages/airflow/example_dags/plugins/workday.py for tasks to queue
[2023-04-27T18:39:52.803+0300] {logging_mixin.py:137} INFO - [2023-04-27T18:39:52.803+0300] {dagbag.py:532} INFO - Filling up the DagBag from /home/vladimir/.local/lib/python3.10/site-packages/airflow/example_dags/plugins/workday.py
[2023-04-27T18:39:53.061+0300] {processor.py:755} WARNING - No viable dags retrieved from /home/vladimir/.local/lib/python3.10/site-packages/airflow/example_dags/plugins/workday.py
[2023-04-27T18:39:53.066+0300] {processor.py:175} INFO - Processing /home/vladimir/.local/lib/python3.10/site-packages/airflow/example_dags/plugins/workday.py took 0.267 seconds
[2023-04-27T18:40:42.497+0300] {processor.py:153} INFO - Started process (PID=8335) to work on /home/vladimir/.local/lib/python3.10/site-packages/airflow/example_dags/plugins/workday.py
[2023-04-27T18:40:42.498+0300] {processor.py:743} INFO - Processing file /home/vladimir/.local/lib/python3.10/site-packages/airflow/example_dags/plugins/workday.py for tasks to queue
[2023-04-27T18:40:42.499+0300] {logging_mixin.py:137} INFO - [2023-04-27T18:40:42.499+0300] {dagbag.py:532} INFO - Filling up the DagBag from /home/vladimir/.local/lib/python3.10/site-packages/airflow/example_dags/plugins/workday.py
[2023-04-27T18:40:42.764+0300] {processor.py:755} WARNING - No viable dags retrieved from /home/vladimir/.local/lib/python3.10/site-packages/airflow/example_dags/plugins/workday.py
[2023-04-27T18:40:42.769+0300] {processor.py:175} INFO - Processing /home/vladimir/.local/lib/python3.10/site-packages/airflow/example_dags/plugins/workday.py took 0.274 seconds
[2023-04-27T18:41:29.636+0300] {processor.py:153} INFO - Started process (PID=3335) to work on /home/vladimir/.local/lib/python3.10/site-packages/airflow/example_dags/plugins/workday.py
[2023-04-27T18:41:29.641+0300] {processor.py:743} INFO - Processing file /home/vladimir/.local/lib/python3.10/site-packages/airflow/example_dags/plugins/workday.py for tasks to queue
[2023-04-27T18:41:29.642+0300] {logging_mixin.py:137} INFO - [2023-04-27T18:41:29.642+0300] {dagbag.py:532} INFO - Filling up the DagBag from /home/vladimir/.local/lib/python3.10/site-packages/airflow/example_dags/plugins/workday.py
[2023-04-27T18:41:30.099+0300] {processor.py:755} WARNING - No viable dags retrieved from /home/vladimir/.local/lib/python3.10/site-packages/airflow/example_dags/plugins/workday.py
[2023-04-27T18:41:30.104+0300] {processor.py:175} INFO - Processing /home/vladimir/.local/lib/python3.10/site-packages/airflow/example_dags/plugins/workday.py took 0.470 seconds
[2023-04-27T18:42:11.734+0300] {processor.py:153} INFO - Started process (PID=3728) to work on /home/vladimir/.local/lib/python3.10/site-packages/airflow/example_dags/plugins/workday.py
[2023-04-27T18:42:11.736+0300] {processor.py:743} INFO - Processing file /home/vladimir/.local/lib/python3.10/site-packages/airflow/example_dags/plugins/workday.py for tasks to queue
[2023-04-27T18:42:11.736+0300] {logging_mixin.py:137} INFO - [2023-04-27T18:42:11.736+0300] {dagbag.py:532} INFO - Filling up the DagBag from /home/vladimir/.local/lib/python3.10/site-packages/airflow/example_dags/plugins/workday.py
[2023-04-27T18:42:12.073+0300] {processor.py:755} WARNING - No viable dags retrieved from /home/vladimir/.local/lib/python3.10/site-packages/airflow/example_dags/plugins/workday.py
[2023-04-27T18:42:12.078+0300] {processor.py:175} INFO - Processing /home/vladimir/.local/lib/python3.10/site-packages/airflow/example_dags/plugins/workday.py took 0.346 seconds
[2023-04-27T18:42:53.143+0300] {processor.py:153} INFO - Started process (PID=4533) to work on /home/vladimir/.local/lib/python3.10/site-packages/airflow/example_dags/plugins/workday.py
[2023-04-27T18:42:53.143+0300] {processor.py:743} INFO - Processing file /home/vladimir/.local/lib/python3.10/site-packages/airflow/example_dags/plugins/workday.py for tasks to queue
[2023-04-27T18:42:53.144+0300] {logging_mixin.py:137} INFO - [2023-04-27T18:42:53.144+0300] {dagbag.py:532} INFO - Filling up the DagBag from /home/vladimir/.local/lib/python3.10/site-packages/airflow/example_dags/plugins/workday.py
[2023-04-27T18:42:53.411+0300] {processor.py:755} WARNING - No viable dags retrieved from /home/vladimir/.local/lib/python3.10/site-packages/airflow/example_dags/plugins/workday.py
[2023-04-27T18:42:53.416+0300] {processor.py:175} INFO - Processing /home/vladimir/.local/lib/python3.10/site-packages/airflow/example_dags/plugins/workday.py took 0.276 seconds
[2023-04-27T18:43:35.721+0300] {processor.py:153} INFO - Started process (PID=5208) to work on /home/vladimir/.local/lib/python3.10/site-packages/airflow/example_dags/plugins/workday.py
[2023-04-27T18:43:35.722+0300] {processor.py:743} INFO - Processing file /home/vladimir/.local/lib/python3.10/site-packages/airflow/example_dags/plugins/workday.py for tasks to queue
[2023-04-27T18:43:35.723+0300] {logging_mixin.py:137} INFO - [2023-04-27T18:43:35.723+0300] {dagbag.py:532} INFO - Filling up the DagBag from /home/vladimir/.local/lib/python3.10/site-packages/airflow/example_dags/plugins/workday.py
[2023-04-27T18:43:36.121+0300] {processor.py:755} WARNING - No viable dags retrieved from /home/vladimir/.local/lib/python3.10/site-packages/airflow/example_dags/plugins/workday.py
[2023-04-27T18:43:36.132+0300] {processor.py:175} INFO - Processing /home/vladimir/.local/lib/python3.10/site-packages/airflow/example_dags/plugins/workday.py took 0.416 seconds
[2023-04-27T18:44:20.603+0300] {processor.py:153} INFO - Started process (PID=8597) to work on /home/vladimir/.local/lib/python3.10/site-packages/airflow/example_dags/plugins/workday.py
[2023-04-27T18:44:20.605+0300] {processor.py:743} INFO - Processing file /home/vladimir/.local/lib/python3.10/site-packages/airflow/example_dags/plugins/workday.py for tasks to queue
[2023-04-27T18:44:20.605+0300] {logging_mixin.py:137} INFO - [2023-04-27T18:44:20.605+0300] {dagbag.py:532} INFO - Filling up the DagBag from /home/vladimir/.local/lib/python3.10/site-packages/airflow/example_dags/plugins/workday.py
[2023-04-27T18:44:21.236+0300] {processor.py:755} WARNING - No viable dags retrieved from /home/vladimir/.local/lib/python3.10/site-packages/airflow/example_dags/plugins/workday.py
[2023-04-27T18:44:21.249+0300] {processor.py:175} INFO - Processing /home/vladimir/.local/lib/python3.10/site-packages/airflow/example_dags/plugins/workday.py took 0.648 seconds
[2023-04-27T18:45:10.384+0300] {processor.py:153} INFO - Started process (PID=10398) to work on /home/vladimir/.local/lib/python3.10/site-packages/airflow/example_dags/plugins/workday.py
[2023-04-27T18:45:10.393+0300] {processor.py:743} INFO - Processing file /home/vladimir/.local/lib/python3.10/site-packages/airflow/example_dags/plugins/workday.py for tasks to queue
[2023-04-27T18:45:10.393+0300] {logging_mixin.py:137} INFO - [2023-04-27T18:45:10.393+0300] {dagbag.py:532} INFO - Filling up the DagBag from /home/vladimir/.local/lib/python3.10/site-packages/airflow/example_dags/plugins/workday.py
[2023-04-27T18:45:10.979+0300] {processor.py:755} WARNING - No viable dags retrieved from /home/vladimir/.local/lib/python3.10/site-packages/airflow/example_dags/plugins/workday.py
[2023-04-27T18:45:10.988+0300] {processor.py:175} INFO - Processing /home/vladimir/.local/lib/python3.10/site-packages/airflow/example_dags/plugins/workday.py took 0.606 seconds
[2023-04-27T18:46:01.538+0300] {processor.py:153} INFO - Started process (PID=17803) to work on /home/vladimir/.local/lib/python3.10/site-packages/airflow/example_dags/plugins/workday.py
[2023-04-27T18:46:01.540+0300] {processor.py:743} INFO - Processing file /home/vladimir/.local/lib/python3.10/site-packages/airflow/example_dags/plugins/workday.py for tasks to queue
[2023-04-27T18:46:01.541+0300] {logging_mixin.py:137} INFO - [2023-04-27T18:46:01.540+0300] {dagbag.py:532} INFO - Filling up the DagBag from /home/vladimir/.local/lib/python3.10/site-packages/airflow/example_dags/plugins/workday.py
[2023-04-27T18:46:02.130+0300] {processor.py:755} WARNING - No viable dags retrieved from /home/vladimir/.local/lib/python3.10/site-packages/airflow/example_dags/plugins/workday.py
[2023-04-27T18:46:02.135+0300] {processor.py:175} INFO - Processing /home/vladimir/.local/lib/python3.10/site-packages/airflow/example_dags/plugins/workday.py took 0.602 seconds
[2023-04-27T18:47:06.527+0300] {processor.py:153} INFO - Started process (PID=3096) to work on /home/vladimir/.local/lib/python3.10/site-packages/airflow/example_dags/plugins/workday.py
[2023-04-27T18:47:06.528+0300] {processor.py:743} INFO - Processing file /home/vladimir/.local/lib/python3.10/site-packages/airflow/example_dags/plugins/workday.py for tasks to queue
[2023-04-27T18:47:06.528+0300] {logging_mixin.py:137} INFO - [2023-04-27T18:47:06.528+0300] {dagbag.py:532} INFO - Filling up the DagBag from /home/vladimir/.local/lib/python3.10/site-packages/airflow/example_dags/plugins/workday.py
[2023-04-27T18:47:06.969+0300] {processor.py:755} WARNING - No viable dags retrieved from /home/vladimir/.local/lib/python3.10/site-packages/airflow/example_dags/plugins/workday.py
[2023-04-27T18:47:06.974+0300] {processor.py:175} INFO - Processing /home/vladimir/.local/lib/python3.10/site-packages/airflow/example_dags/plugins/workday.py took 0.449 seconds
[2023-04-27T18:47:48.779+0300] {processor.py:153} INFO - Started process (PID=4061) to work on /home/vladimir/.local/lib/python3.10/site-packages/airflow/example_dags/plugins/workday.py
[2023-04-27T18:47:48.780+0300] {processor.py:743} INFO - Processing file /home/vladimir/.local/lib/python3.10/site-packages/airflow/example_dags/plugins/workday.py for tasks to queue
[2023-04-27T18:47:48.781+0300] {logging_mixin.py:137} INFO - [2023-04-27T18:47:48.780+0300] {dagbag.py:532} INFO - Filling up the DagBag from /home/vladimir/.local/lib/python3.10/site-packages/airflow/example_dags/plugins/workday.py
[2023-04-27T18:47:49.051+0300] {processor.py:755} WARNING - No viable dags retrieved from /home/vladimir/.local/lib/python3.10/site-packages/airflow/example_dags/plugins/workday.py
[2023-04-27T18:47:49.055+0300] {processor.py:175} INFO - Processing /home/vladimir/.local/lib/python3.10/site-packages/airflow/example_dags/plugins/workday.py took 0.278 seconds
[2023-04-27T18:48:30.964+0300] {processor.py:153} INFO - Started process (PID=4141) to work on /home/vladimir/.local/lib/python3.10/site-packages/airflow/example_dags/plugins/workday.py
[2023-04-27T18:48:30.964+0300] {processor.py:743} INFO - Processing file /home/vladimir/.local/lib/python3.10/site-packages/airflow/example_dags/plugins/workday.py for tasks to queue
[2023-04-27T18:48:30.965+0300] {logging_mixin.py:137} INFO - [2023-04-27T18:48:30.965+0300] {dagbag.py:532} INFO - Filling up the DagBag from /home/vladimir/.local/lib/python3.10/site-packages/airflow/example_dags/plugins/workday.py
[2023-04-27T18:48:31.226+0300] {processor.py:755} WARNING - No viable dags retrieved from /home/vladimir/.local/lib/python3.10/site-packages/airflow/example_dags/plugins/workday.py
[2023-04-27T18:48:31.231+0300] {processor.py:175} INFO - Processing /home/vladimir/.local/lib/python3.10/site-packages/airflow/example_dags/plugins/workday.py took 0.270 seconds
[2023-04-27T18:49:12.759+0300] {processor.py:153} INFO - Started process (PID=4185) to work on /home/vladimir/.local/lib/python3.10/site-packages/airflow/example_dags/plugins/workday.py
[2023-04-27T18:49:12.759+0300] {processor.py:743} INFO - Processing file /home/vladimir/.local/lib/python3.10/site-packages/airflow/example_dags/plugins/workday.py for tasks to queue
[2023-04-27T18:49:12.760+0300] {logging_mixin.py:137} INFO - [2023-04-27T18:49:12.760+0300] {dagbag.py:532} INFO - Filling up the DagBag from /home/vladimir/.local/lib/python3.10/site-packages/airflow/example_dags/plugins/workday.py
[2023-04-27T18:49:13.007+0300] {processor.py:755} WARNING - No viable dags retrieved from /home/vladimir/.local/lib/python3.10/site-packages/airflow/example_dags/plugins/workday.py
[2023-04-27T18:49:13.011+0300] {processor.py:175} INFO - Processing /home/vladimir/.local/lib/python3.10/site-packages/airflow/example_dags/plugins/workday.py took 0.254 seconds
[2023-04-27T18:50:02.137+0300] {processor.py:153} INFO - Started process (PID=4501) to work on /home/vladimir/.local/lib/python3.10/site-packages/airflow/example_dags/plugins/workday.py
[2023-04-27T18:50:02.138+0300] {processor.py:743} INFO - Processing file /home/vladimir/.local/lib/python3.10/site-packages/airflow/example_dags/plugins/workday.py for tasks to queue
[2023-04-27T18:50:02.138+0300] {logging_mixin.py:137} INFO - [2023-04-27T18:50:02.138+0300] {dagbag.py:532} INFO - Filling up the DagBag from /home/vladimir/.local/lib/python3.10/site-packages/airflow/example_dags/plugins/workday.py
[2023-04-27T18:50:02.401+0300] {processor.py:755} WARNING - No viable dags retrieved from /home/vladimir/.local/lib/python3.10/site-packages/airflow/example_dags/plugins/workday.py
[2023-04-27T18:50:02.406+0300] {processor.py:175} INFO - Processing /home/vladimir/.local/lib/python3.10/site-packages/airflow/example_dags/plugins/workday.py took 0.272 seconds
[2023-04-27T18:50:42.637+0300] {processor.py:153} INFO - Started process (PID=5007) to work on /home/vladimir/.local/lib/python3.10/site-packages/airflow/example_dags/plugins/workday.py
[2023-04-27T18:50:42.638+0300] {processor.py:743} INFO - Processing file /home/vladimir/.local/lib/python3.10/site-packages/airflow/example_dags/plugins/workday.py for tasks to queue
[2023-04-27T18:50:42.639+0300] {logging_mixin.py:137} INFO - [2023-04-27T18:50:42.639+0300] {dagbag.py:532} INFO - Filling up the DagBag from /home/vladimir/.local/lib/python3.10/site-packages/airflow/example_dags/plugins/workday.py
[2023-04-27T18:50:42.922+0300] {processor.py:755} WARNING - No viable dags retrieved from /home/vladimir/.local/lib/python3.10/site-packages/airflow/example_dags/plugins/workday.py
[2023-04-27T18:50:42.927+0300] {processor.py:175} INFO - Processing /home/vladimir/.local/lib/python3.10/site-packages/airflow/example_dags/plugins/workday.py took 0.293 seconds
[2023-04-27T18:51:30.105+0300] {processor.py:153} INFO - Started process (PID=5270) to work on /home/vladimir/.local/lib/python3.10/site-packages/airflow/example_dags/plugins/workday.py
[2023-04-27T18:51:30.106+0300] {processor.py:743} INFO - Processing file /home/vladimir/.local/lib/python3.10/site-packages/airflow/example_dags/plugins/workday.py for tasks to queue
[2023-04-27T18:51:30.106+0300] {logging_mixin.py:137} INFO - [2023-04-27T18:51:30.106+0300] {dagbag.py:532} INFO - Filling up the DagBag from /home/vladimir/.local/lib/python3.10/site-packages/airflow/example_dags/plugins/workday.py
[2023-04-27T18:51:30.376+0300] {processor.py:755} WARNING - No viable dags retrieved from /home/vladimir/.local/lib/python3.10/site-packages/airflow/example_dags/plugins/workday.py
[2023-04-27T18:51:30.381+0300] {processor.py:175} INFO - Processing /home/vladimir/.local/lib/python3.10/site-packages/airflow/example_dags/plugins/workday.py took 0.279 seconds
[2023-04-27T18:52:11.139+0300] {processor.py:153} INFO - Started process (PID=5318) to work on /home/vladimir/.local/lib/python3.10/site-packages/airflow/example_dags/plugins/workday.py
[2023-04-27T18:52:11.140+0300] {processor.py:743} INFO - Processing file /home/vladimir/.local/lib/python3.10/site-packages/airflow/example_dags/plugins/workday.py for tasks to queue
[2023-04-27T18:52:11.141+0300] {logging_mixin.py:137} INFO - [2023-04-27T18:52:11.141+0300] {dagbag.py:532} INFO - Filling up the DagBag from /home/vladimir/.local/lib/python3.10/site-packages/airflow/example_dags/plugins/workday.py
[2023-04-27T18:52:11.404+0300] {processor.py:755} WARNING - No viable dags retrieved from /home/vladimir/.local/lib/python3.10/site-packages/airflow/example_dags/plugins/workday.py
[2023-04-27T18:52:11.408+0300] {processor.py:175} INFO - Processing /home/vladimir/.local/lib/python3.10/site-packages/airflow/example_dags/plugins/workday.py took 0.271 seconds
[2023-04-27T18:53:01.420+0300] {processor.py:153} INFO - Started process (PID=5372) to work on /home/vladimir/.local/lib/python3.10/site-packages/airflow/example_dags/plugins/workday.py
[2023-04-27T18:53:01.422+0300] {processor.py:743} INFO - Processing file /home/vladimir/.local/lib/python3.10/site-packages/airflow/example_dags/plugins/workday.py for tasks to queue
[2023-04-27T18:53:01.422+0300] {logging_mixin.py:137} INFO - [2023-04-27T18:53:01.422+0300] {dagbag.py:532} INFO - Filling up the DagBag from /home/vladimir/.local/lib/python3.10/site-packages/airflow/example_dags/plugins/workday.py
[2023-04-27T18:53:01.705+0300] {processor.py:755} WARNING - No viable dags retrieved from /home/vladimir/.local/lib/python3.10/site-packages/airflow/example_dags/plugins/workday.py
[2023-04-27T18:53:01.709+0300] {processor.py:175} INFO - Processing /home/vladimir/.local/lib/python3.10/site-packages/airflow/example_dags/plugins/workday.py took 0.292 seconds
[2023-04-27T18:53:43.510+0300] {processor.py:153} INFO - Started process (PID=5562) to work on /home/vladimir/.local/lib/python3.10/site-packages/airflow/example_dags/plugins/workday.py
[2023-04-27T18:53:43.511+0300] {processor.py:743} INFO - Processing file /home/vladimir/.local/lib/python3.10/site-packages/airflow/example_dags/plugins/workday.py for tasks to queue
[2023-04-27T18:53:43.511+0300] {logging_mixin.py:137} INFO - [2023-04-27T18:53:43.511+0300] {dagbag.py:532} INFO - Filling up the DagBag from /home/vladimir/.local/lib/python3.10/site-packages/airflow/example_dags/plugins/workday.py
[2023-04-27T18:53:43.783+0300] {processor.py:755} WARNING - No viable dags retrieved from /home/vladimir/.local/lib/python3.10/site-packages/airflow/example_dags/plugins/workday.py
[2023-04-27T18:53:43.788+0300] {processor.py:175} INFO - Processing /home/vladimir/.local/lib/python3.10/site-packages/airflow/example_dags/plugins/workday.py took 0.280 seconds
[2023-04-27T18:54:31.652+0300] {processor.py:153} INFO - Started process (PID=5615) to work on /home/vladimir/.local/lib/python3.10/site-packages/airflow/example_dags/plugins/workday.py
[2023-04-27T18:54:31.653+0300] {processor.py:743} INFO - Processing file /home/vladimir/.local/lib/python3.10/site-packages/airflow/example_dags/plugins/workday.py for tasks to queue
[2023-04-27T18:54:31.653+0300] {logging_mixin.py:137} INFO - [2023-04-27T18:54:31.653+0300] {dagbag.py:532} INFO - Filling up the DagBag from /home/vladimir/.local/lib/python3.10/site-packages/airflow/example_dags/plugins/workday.py
[2023-04-27T18:54:31.908+0300] {processor.py:755} WARNING - No viable dags retrieved from /home/vladimir/.local/lib/python3.10/site-packages/airflow/example_dags/plugins/workday.py
[2023-04-27T18:54:31.912+0300] {processor.py:175} INFO - Processing /home/vladimir/.local/lib/python3.10/site-packages/airflow/example_dags/plugins/workday.py took 0.262 seconds
[2023-04-27T18:55:20.345+0300] {processor.py:153} INFO - Started process (PID=5674) to work on /home/vladimir/.local/lib/python3.10/site-packages/airflow/example_dags/plugins/workday.py
[2023-04-27T18:55:20.346+0300] {processor.py:743} INFO - Processing file /home/vladimir/.local/lib/python3.10/site-packages/airflow/example_dags/plugins/workday.py for tasks to queue
[2023-04-27T18:55:20.346+0300] {logging_mixin.py:137} INFO - [2023-04-27T18:55:20.346+0300] {dagbag.py:532} INFO - Filling up the DagBag from /home/vladimir/.local/lib/python3.10/site-packages/airflow/example_dags/plugins/workday.py
[2023-04-27T18:55:20.608+0300] {processor.py:755} WARNING - No viable dags retrieved from /home/vladimir/.local/lib/python3.10/site-packages/airflow/example_dags/plugins/workday.py
[2023-04-27T18:55:20.612+0300] {processor.py:175} INFO - Processing /home/vladimir/.local/lib/python3.10/site-packages/airflow/example_dags/plugins/workday.py took 0.270 seconds
[2023-04-27T18:56:05.597+0300] {processor.py:153} INFO - Started process (PID=5729) to work on /home/vladimir/.local/lib/python3.10/site-packages/airflow/example_dags/plugins/workday.py
[2023-04-27T18:56:05.598+0300] {processor.py:743} INFO - Processing file /home/vladimir/.local/lib/python3.10/site-packages/airflow/example_dags/plugins/workday.py for tasks to queue
[2023-04-27T18:56:05.599+0300] {logging_mixin.py:137} INFO - [2023-04-27T18:56:05.598+0300] {dagbag.py:532} INFO - Filling up the DagBag from /home/vladimir/.local/lib/python3.10/site-packages/airflow/example_dags/plugins/workday.py
[2023-04-27T18:56:05.864+0300] {processor.py:755} WARNING - No viable dags retrieved from /home/vladimir/.local/lib/python3.10/site-packages/airflow/example_dags/plugins/workday.py
[2023-04-27T18:56:05.868+0300] {processor.py:175} INFO - Processing /home/vladimir/.local/lib/python3.10/site-packages/airflow/example_dags/plugins/workday.py took 0.273 seconds
[2023-04-27T18:56:48.620+0300] {processor.py:153} INFO - Started process (PID=6641) to work on /home/vladimir/.local/lib/python3.10/site-packages/airflow/example_dags/plugins/workday.py
[2023-04-27T18:56:48.621+0300] {processor.py:743} INFO - Processing file /home/vladimir/.local/lib/python3.10/site-packages/airflow/example_dags/plugins/workday.py for tasks to queue
[2023-04-27T18:56:48.622+0300] {logging_mixin.py:137} INFO - [2023-04-27T18:56:48.621+0300] {dagbag.py:532} INFO - Filling up the DagBag from /home/vladimir/.local/lib/python3.10/site-packages/airflow/example_dags/plugins/workday.py
[2023-04-27T18:56:48.886+0300] {processor.py:755} WARNING - No viable dags retrieved from /home/vladimir/.local/lib/python3.10/site-packages/airflow/example_dags/plugins/workday.py
[2023-04-27T18:56:48.890+0300] {processor.py:175} INFO - Processing /home/vladimir/.local/lib/python3.10/site-packages/airflow/example_dags/plugins/workday.py took 0.273 seconds
[2023-04-27T18:57:38.158+0300] {processor.py:153} INFO - Started process (PID=6728) to work on /home/vladimir/.local/lib/python3.10/site-packages/airflow/example_dags/plugins/workday.py
[2023-04-27T18:57:38.159+0300] {processor.py:743} INFO - Processing file /home/vladimir/.local/lib/python3.10/site-packages/airflow/example_dags/plugins/workday.py for tasks to queue
[2023-04-27T18:57:38.159+0300] {logging_mixin.py:137} INFO - [2023-04-27T18:57:38.159+0300] {dagbag.py:532} INFO - Filling up the DagBag from /home/vladimir/.local/lib/python3.10/site-packages/airflow/example_dags/plugins/workday.py
[2023-04-27T18:57:38.412+0300] {processor.py:755} WARNING - No viable dags retrieved from /home/vladimir/.local/lib/python3.10/site-packages/airflow/example_dags/plugins/workday.py
[2023-04-27T18:57:38.416+0300] {processor.py:175} INFO - Processing /home/vladimir/.local/lib/python3.10/site-packages/airflow/example_dags/plugins/workday.py took 0.261 seconds
[2023-04-27T18:58:16.691+0300] {processor.py:153} INFO - Started process (PID=6796) to work on /home/vladimir/.local/lib/python3.10/site-packages/airflow/example_dags/plugins/workday.py
[2023-04-27T18:58:16.692+0300] {processor.py:743} INFO - Processing file /home/vladimir/.local/lib/python3.10/site-packages/airflow/example_dags/plugins/workday.py for tasks to queue
[2023-04-27T18:58:16.693+0300] {logging_mixin.py:137} INFO - [2023-04-27T18:58:16.693+0300] {dagbag.py:532} INFO - Filling up the DagBag from /home/vladimir/.local/lib/python3.10/site-packages/airflow/example_dags/plugins/workday.py
[2023-04-27T18:58:16.995+0300] {processor.py:755} WARNING - No viable dags retrieved from /home/vladimir/.local/lib/python3.10/site-packages/airflow/example_dags/plugins/workday.py
[2023-04-27T18:58:16.999+0300] {processor.py:175} INFO - Processing /home/vladimir/.local/lib/python3.10/site-packages/airflow/example_dags/plugins/workday.py took 0.310 seconds
[2023-04-27T18:59:02.096+0300] {processor.py:153} INFO - Started process (PID=6883) to work on /home/vladimir/.local/lib/python3.10/site-packages/airflow/example_dags/plugins/workday.py
[2023-04-27T18:59:02.098+0300] {processor.py:743} INFO - Processing file /home/vladimir/.local/lib/python3.10/site-packages/airflow/example_dags/plugins/workday.py for tasks to queue
[2023-04-27T18:59:02.098+0300] {logging_mixin.py:137} INFO - [2023-04-27T18:59:02.098+0300] {dagbag.py:532} INFO - Filling up the DagBag from /home/vladimir/.local/lib/python3.10/site-packages/airflow/example_dags/plugins/workday.py
[2023-04-27T18:59:02.360+0300] {processor.py:755} WARNING - No viable dags retrieved from /home/vladimir/.local/lib/python3.10/site-packages/airflow/example_dags/plugins/workday.py
[2023-04-27T18:59:02.365+0300] {processor.py:175} INFO - Processing /home/vladimir/.local/lib/python3.10/site-packages/airflow/example_dags/plugins/workday.py took 0.271 seconds
[2023-04-27T18:59:48.572+0300] {processor.py:153} INFO - Started process (PID=6965) to work on /home/vladimir/.local/lib/python3.10/site-packages/airflow/example_dags/plugins/workday.py
[2023-04-27T18:59:48.573+0300] {processor.py:743} INFO - Processing file /home/vladimir/.local/lib/python3.10/site-packages/airflow/example_dags/plugins/workday.py for tasks to queue
[2023-04-27T18:59:48.573+0300] {logging_mixin.py:137} INFO - [2023-04-27T18:59:48.573+0300] {dagbag.py:532} INFO - Filling up the DagBag from /home/vladimir/.local/lib/python3.10/site-packages/airflow/example_dags/plugins/workday.py
[2023-04-27T18:59:48.836+0300] {processor.py:755} WARNING - No viable dags retrieved from /home/vladimir/.local/lib/python3.10/site-packages/airflow/example_dags/plugins/workday.py
[2023-04-27T18:59:48.840+0300] {processor.py:175} INFO - Processing /home/vladimir/.local/lib/python3.10/site-packages/airflow/example_dags/plugins/workday.py took 0.271 seconds
[2023-04-27T19:00:36.563+0300] {processor.py:153} INFO - Started process (PID=7075) to work on /home/vladimir/.local/lib/python3.10/site-packages/airflow/example_dags/plugins/workday.py
[2023-04-27T19:00:36.565+0300] {processor.py:743} INFO - Processing file /home/vladimir/.local/lib/python3.10/site-packages/airflow/example_dags/plugins/workday.py for tasks to queue
[2023-04-27T19:00:36.565+0300] {logging_mixin.py:137} INFO - [2023-04-27T19:00:36.565+0300] {dagbag.py:532} INFO - Filling up the DagBag from /home/vladimir/.local/lib/python3.10/site-packages/airflow/example_dags/plugins/workday.py
[2023-04-27T19:00:36.825+0300] {processor.py:755} WARNING - No viable dags retrieved from /home/vladimir/.local/lib/python3.10/site-packages/airflow/example_dags/plugins/workday.py
[2023-04-27T19:00:36.829+0300] {processor.py:175} INFO - Processing /home/vladimir/.local/lib/python3.10/site-packages/airflow/example_dags/plugins/workday.py took 0.268 seconds
[2023-04-27T19:01:22.106+0300] {processor.py:153} INFO - Started process (PID=7184) to work on /home/vladimir/.local/lib/python3.10/site-packages/airflow/example_dags/plugins/workday.py
[2023-04-27T19:01:22.108+0300] {processor.py:743} INFO - Processing file /home/vladimir/.local/lib/python3.10/site-packages/airflow/example_dags/plugins/workday.py for tasks to queue
[2023-04-27T19:01:22.108+0300] {logging_mixin.py:137} INFO - [2023-04-27T19:01:22.108+0300] {dagbag.py:532} INFO - Filling up the DagBag from /home/vladimir/.local/lib/python3.10/site-packages/airflow/example_dags/plugins/workday.py
[2023-04-27T19:01:22.625+0300] {processor.py:755} WARNING - No viable dags retrieved from /home/vladimir/.local/lib/python3.10/site-packages/airflow/example_dags/plugins/workday.py
[2023-04-27T19:01:22.638+0300] {processor.py:175} INFO - Processing /home/vladimir/.local/lib/python3.10/site-packages/airflow/example_dags/plugins/workday.py took 0.534 seconds
