[2023-04-22T22:50:02.772+0300] {processor.py:153} INFO - Started process (PID=11362) to work on /home/vladimir/.local/lib/python3.10/site-packages/airflow/example_dags/example_datasets.py
[2023-04-22T22:50:02.773+0300] {processor.py:743} INFO - Processing file /home/vladimir/.local/lib/python3.10/site-packages/airflow/example_dags/example_datasets.py for tasks to queue
[2023-04-22T22:50:02.773+0300] {logging_mixin.py:137} INFO - [2023-04-22T22:50:02.773+0300] {dagbag.py:532} INFO - Filling up the DagBag from /home/vladimir/.local/lib/python3.10/site-packages/airflow/example_dags/example_datasets.py
[2023-04-22T22:50:02.793+0300] {processor.py:753} INFO - DAG(s) dict_keys(['dataset_produces_1', 'dataset_consumes_1_and_2', 'dataset_consumes_1_never_scheduled', 'dataset_consumes_1', 'dataset_produces_2', 'dataset_consumes_unknown_never_scheduled']) retrieved from /home/vladimir/.local/lib/python3.10/site-packages/airflow/example_dags/example_datasets.py
[2023-04-22T22:50:02.853+0300] {logging_mixin.py:137} INFO - [2023-04-22T22:50:02.853+0300] {manager.py:504} INFO - Created Permission View: can delete on DAG:dataset_produces_1
[2023-04-22T22:50:02.858+0300] {logging_mixin.py:137} INFO - [2023-04-22T22:50:02.857+0300] {manager.py:504} INFO - Created Permission View: can read on DAG:dataset_produces_1
[2023-04-22T22:50:02.861+0300] {logging_mixin.py:137} INFO - [2023-04-22T22:50:02.861+0300] {manager.py:504} INFO - Created Permission View: can edit on DAG:dataset_produces_1
[2023-04-22T22:50:02.870+0300] {logging_mixin.py:137} INFO - [2023-04-22T22:50:02.870+0300] {manager.py:504} INFO - Created Permission View: can delete on DAG:dataset_consumes_1_and_2
[2023-04-22T22:50:02.873+0300] {logging_mixin.py:137} INFO - [2023-04-22T22:50:02.873+0300] {manager.py:504} INFO - Created Permission View: can read on DAG:dataset_consumes_1_and_2
[2023-04-22T22:50:02.877+0300] {logging_mixin.py:137} INFO - [2023-04-22T22:50:02.877+0300] {manager.py:504} INFO - Created Permission View: can edit on DAG:dataset_consumes_1_and_2
[2023-04-22T22:50:02.885+0300] {logging_mixin.py:137} INFO - [2023-04-22T22:50:02.885+0300] {manager.py:504} INFO - Created Permission View: can delete on DAG:dataset_consumes_1_never_scheduled
[2023-04-22T22:50:02.889+0300] {logging_mixin.py:137} INFO - [2023-04-22T22:50:02.888+0300] {manager.py:504} INFO - Created Permission View: can read on DAG:dataset_consumes_1_never_scheduled
[2023-04-22T22:50:02.892+0300] {logging_mixin.py:137} INFO - [2023-04-22T22:50:02.892+0300] {manager.py:504} INFO - Created Permission View: can edit on DAG:dataset_consumes_1_never_scheduled
[2023-04-22T22:50:02.899+0300] {logging_mixin.py:137} INFO - [2023-04-22T22:50:02.899+0300] {manager.py:504} INFO - Created Permission View: can delete on DAG:dataset_consumes_1
[2023-04-22T22:50:02.903+0300] {logging_mixin.py:137} INFO - [2023-04-22T22:50:02.903+0300] {manager.py:504} INFO - Created Permission View: can read on DAG:dataset_consumes_1
[2023-04-22T22:50:02.907+0300] {logging_mixin.py:137} INFO - [2023-04-22T22:50:02.907+0300] {manager.py:504} INFO - Created Permission View: can edit on DAG:dataset_consumes_1
[2023-04-22T22:50:02.915+0300] {logging_mixin.py:137} INFO - [2023-04-22T22:50:02.915+0300] {manager.py:504} INFO - Created Permission View: can delete on DAG:dataset_produces_2
[2023-04-22T22:50:02.919+0300] {logging_mixin.py:137} INFO - [2023-04-22T22:50:02.919+0300] {manager.py:504} INFO - Created Permission View: can read on DAG:dataset_produces_2
[2023-04-22T22:50:02.922+0300] {logging_mixin.py:137} INFO - [2023-04-22T22:50:02.922+0300] {manager.py:504} INFO - Created Permission View: can edit on DAG:dataset_produces_2
[2023-04-22T22:50:02.930+0300] {logging_mixin.py:137} INFO - [2023-04-22T22:50:02.929+0300] {manager.py:504} INFO - Created Permission View: can delete on DAG:dataset_consumes_unknown_never_scheduled
[2023-04-22T22:50:02.933+0300] {logging_mixin.py:137} INFO - [2023-04-22T22:50:02.933+0300] {manager.py:504} INFO - Created Permission View: can read on DAG:dataset_consumes_unknown_never_scheduled
[2023-04-22T22:50:02.937+0300] {logging_mixin.py:137} INFO - [2023-04-22T22:50:02.937+0300] {manager.py:504} INFO - Created Permission View: can edit on DAG:dataset_consumes_unknown_never_scheduled
[2023-04-22T22:50:02.937+0300] {logging_mixin.py:137} INFO - [2023-04-22T22:50:02.937+0300] {dag.py:2705} INFO - Sync 6 DAGs
[2023-04-22T22:50:02.944+0300] {logging_mixin.py:137} INFO - [2023-04-22T22:50:02.944+0300] {dag.py:2726} INFO - Creating ORM DAG for dataset_consumes_1_and_2
[2023-04-22T22:50:02.945+0300] {logging_mixin.py:137} INFO - [2023-04-22T22:50:02.945+0300] {dag.py:2726} INFO - Creating ORM DAG for dataset_consumes_unknown_never_scheduled
[2023-04-22T22:50:02.945+0300] {logging_mixin.py:137} INFO - [2023-04-22T22:50:02.945+0300] {dag.py:2726} INFO - Creating ORM DAG for dataset_produces_1
[2023-04-22T22:50:02.945+0300] {logging_mixin.py:137} INFO - [2023-04-22T22:50:02.945+0300] {dag.py:2726} INFO - Creating ORM DAG for dataset_consumes_1_never_scheduled
[2023-04-22T22:50:02.945+0300] {logging_mixin.py:137} INFO - [2023-04-22T22:50:02.945+0300] {dag.py:2726} INFO - Creating ORM DAG for dataset_consumes_1
[2023-04-22T22:50:02.946+0300] {logging_mixin.py:137} INFO - [2023-04-22T22:50:02.946+0300] {dag.py:2726} INFO - Creating ORM DAG for dataset_produces_2
[2023-04-22T22:50:02.951+0300] {logging_mixin.py:137} INFO - [2023-04-22T22:50:02.951+0300] {dag.py:3452} INFO - Setting next_dagrun for dataset_consumes_1 to None, run_after=None
[2023-04-22T22:50:02.951+0300] {logging_mixin.py:137} INFO - [2023-04-22T22:50:02.951+0300] {dag.py:3452} INFO - Setting next_dagrun for dataset_consumes_1_and_2 to None, run_after=None
[2023-04-22T22:50:02.952+0300] {logging_mixin.py:137} INFO - [2023-04-22T22:50:02.952+0300] {dag.py:3452} INFO - Setting next_dagrun for dataset_consumes_1_never_scheduled to None, run_after=None
[2023-04-22T22:50:02.952+0300] {logging_mixin.py:137} INFO - [2023-04-22T22:50:02.952+0300] {dag.py:3452} INFO - Setting next_dagrun for dataset_consumes_unknown_never_scheduled to None, run_after=None
[2023-04-22T22:50:02.953+0300] {logging_mixin.py:137} INFO - [2023-04-22T22:50:02.953+0300] {dag.py:3452} INFO - Setting next_dagrun for dataset_produces_1 to 2023-04-21T00:00:00+00:00, run_after=2023-04-22T00:00:00+00:00
[2023-04-22T22:50:02.953+0300] {logging_mixin.py:137} INFO - [2023-04-22T22:50:02.953+0300] {dag.py:3452} INFO - Setting next_dagrun for dataset_produces_2 to None, run_after=None
[2023-04-22T22:50:02.971+0300] {processor.py:175} INFO - Processing /home/vladimir/.local/lib/python3.10/site-packages/airflow/example_dags/example_datasets.py took 0.201 seconds
[2023-04-22T22:50:47.252+0300] {processor.py:153} INFO - Started process (PID=11445) to work on /home/vladimir/.local/lib/python3.10/site-packages/airflow/example_dags/example_datasets.py
[2023-04-22T22:50:47.253+0300] {processor.py:743} INFO - Processing file /home/vladimir/.local/lib/python3.10/site-packages/airflow/example_dags/example_datasets.py for tasks to queue
[2023-04-22T22:50:47.253+0300] {logging_mixin.py:137} INFO - [2023-04-22T22:50:47.253+0300] {dagbag.py:532} INFO - Filling up the DagBag from /home/vladimir/.local/lib/python3.10/site-packages/airflow/example_dags/example_datasets.py
[2023-04-22T22:50:47.264+0300] {processor.py:753} INFO - DAG(s) dict_keys(['dataset_consumes_1_never_scheduled', 'dataset_produces_2', 'dataset_produces_1', 'dataset_consumes_unknown_never_scheduled', 'dataset_consumes_1_and_2', 'dataset_consumes_1']) retrieved from /home/vladimir/.local/lib/python3.10/site-packages/airflow/example_dags/example_datasets.py
[2023-04-22T22:50:47.283+0300] {logging_mixin.py:137} INFO - [2023-04-22T22:50:47.283+0300] {dag.py:2705} INFO - Sync 6 DAGs
[2023-04-22T22:50:47.296+0300] {logging_mixin.py:137} INFO - [2023-04-22T22:50:47.296+0300] {dag.py:3452} INFO - Setting next_dagrun for dataset_consumes_1 to None, run_after=None
[2023-04-22T22:50:47.298+0300] {logging_mixin.py:137} INFO - [2023-04-22T22:50:47.298+0300] {dag.py:3452} INFO - Setting next_dagrun for dataset_consumes_1_and_2 to None, run_after=None
[2023-04-22T22:50:47.298+0300] {logging_mixin.py:137} INFO - [2023-04-22T22:50:47.298+0300] {dag.py:3452} INFO - Setting next_dagrun for dataset_consumes_1_never_scheduled to None, run_after=None
[2023-04-22T22:50:47.298+0300] {logging_mixin.py:137} INFO - [2023-04-22T22:50:47.298+0300] {dag.py:3452} INFO - Setting next_dagrun for dataset_consumes_unknown_never_scheduled to None, run_after=None
[2023-04-22T22:50:47.300+0300] {logging_mixin.py:137} INFO - [2023-04-22T22:50:47.300+0300] {dag.py:3452} INFO - Setting next_dagrun for dataset_produces_1 to 2023-04-21T00:00:00+00:00, run_after=2023-04-22T00:00:00+00:00
[2023-04-22T22:50:47.301+0300] {logging_mixin.py:137} INFO - [2023-04-22T22:50:47.301+0300] {dag.py:3452} INFO - Setting next_dagrun for dataset_produces_2 to None, run_after=None
[2023-04-22T22:50:47.318+0300] {processor.py:175} INFO - Processing /home/vladimir/.local/lib/python3.10/site-packages/airflow/example_dags/example_datasets.py took 0.068 seconds
[2023-04-22T22:51:27.358+0300] {processor.py:153} INFO - Started process (PID=11541) to work on /home/vladimir/.local/lib/python3.10/site-packages/airflow/example_dags/example_datasets.py
[2023-04-22T22:51:27.363+0300] {processor.py:743} INFO - Processing file /home/vladimir/.local/lib/python3.10/site-packages/airflow/example_dags/example_datasets.py for tasks to queue
[2023-04-22T22:51:27.364+0300] {logging_mixin.py:137} INFO - [2023-04-22T22:51:27.364+0300] {dagbag.py:532} INFO - Filling up the DagBag from /home/vladimir/.local/lib/python3.10/site-packages/airflow/example_dags/example_datasets.py
[2023-04-22T22:51:27.376+0300] {processor.py:753} INFO - DAG(s) dict_keys(['dataset_consumes_unknown_never_scheduled', 'dataset_consumes_1_never_scheduled', 'dataset_consumes_1_and_2', 'dataset_produces_2', 'dataset_produces_1', 'dataset_consumes_1']) retrieved from /home/vladimir/.local/lib/python3.10/site-packages/airflow/example_dags/example_datasets.py
[2023-04-22T22:51:27.402+0300] {logging_mixin.py:137} INFO - [2023-04-22T22:51:27.402+0300] {dag.py:2705} INFO - Sync 6 DAGs
[2023-04-22T22:51:27.416+0300] {logging_mixin.py:137} INFO - [2023-04-22T22:51:27.416+0300] {dag.py:3452} INFO - Setting next_dagrun for dataset_consumes_1 to None, run_after=None
[2023-04-22T22:51:27.419+0300] {logging_mixin.py:137} INFO - [2023-04-22T22:51:27.419+0300] {dag.py:3452} INFO - Setting next_dagrun for dataset_consumes_1_and_2 to None, run_after=None
[2023-04-22T22:51:27.419+0300] {logging_mixin.py:137} INFO - [2023-04-22T22:51:27.419+0300] {dag.py:3452} INFO - Setting next_dagrun for dataset_consumes_1_never_scheduled to None, run_after=None
[2023-04-22T22:51:27.420+0300] {logging_mixin.py:137} INFO - [2023-04-22T22:51:27.420+0300] {dag.py:3452} INFO - Setting next_dagrun for dataset_consumes_unknown_never_scheduled to None, run_after=None
[2023-04-22T22:51:27.421+0300] {logging_mixin.py:137} INFO - [2023-04-22T22:51:27.421+0300] {dag.py:3452} INFO - Setting next_dagrun for dataset_produces_1 to 2023-04-21T00:00:00+00:00, run_after=2023-04-22T00:00:00+00:00
[2023-04-22T22:51:27.422+0300] {logging_mixin.py:137} INFO - [2023-04-22T22:51:27.422+0300] {dag.py:3452} INFO - Setting next_dagrun for dataset_produces_2 to None, run_after=None
[2023-04-22T22:51:27.443+0300] {processor.py:175} INFO - Processing /home/vladimir/.local/lib/python3.10/site-packages/airflow/example_dags/example_datasets.py took 0.119 seconds
[2023-04-22T22:52:01.621+0300] {processor.py:153} INFO - Started process (PID=11614) to work on /home/vladimir/.local/lib/python3.10/site-packages/airflow/example_dags/example_datasets.py
[2023-04-22T22:52:01.622+0300] {processor.py:743} INFO - Processing file /home/vladimir/.local/lib/python3.10/site-packages/airflow/example_dags/example_datasets.py for tasks to queue
[2023-04-22T22:52:01.622+0300] {logging_mixin.py:137} INFO - [2023-04-22T22:52:01.622+0300] {dagbag.py:532} INFO - Filling up the DagBag from /home/vladimir/.local/lib/python3.10/site-packages/airflow/example_dags/example_datasets.py
[2023-04-22T22:52:01.633+0300] {processor.py:753} INFO - DAG(s) dict_keys(['dataset_consumes_1', 'dataset_produces_2', 'dataset_produces_1', 'dataset_consumes_1_never_scheduled', 'dataset_consumes_unknown_never_scheduled', 'dataset_consumes_1_and_2']) retrieved from /home/vladimir/.local/lib/python3.10/site-packages/airflow/example_dags/example_datasets.py
[2023-04-22T22:52:01.654+0300] {logging_mixin.py:137} INFO - [2023-04-22T22:52:01.654+0300] {dag.py:2705} INFO - Sync 6 DAGs
[2023-04-22T22:52:01.667+0300] {logging_mixin.py:137} INFO - [2023-04-22T22:52:01.667+0300] {dag.py:3452} INFO - Setting next_dagrun for dataset_consumes_1 to None, run_after=None
[2023-04-22T22:52:01.668+0300] {logging_mixin.py:137} INFO - [2023-04-22T22:52:01.668+0300] {dag.py:3452} INFO - Setting next_dagrun for dataset_consumes_1_and_2 to None, run_after=None
[2023-04-22T22:52:01.669+0300] {logging_mixin.py:137} INFO - [2023-04-22T22:52:01.669+0300] {dag.py:3452} INFO - Setting next_dagrun for dataset_consumes_1_never_scheduled to None, run_after=None
[2023-04-22T22:52:01.669+0300] {logging_mixin.py:137} INFO - [2023-04-22T22:52:01.669+0300] {dag.py:3452} INFO - Setting next_dagrun for dataset_consumes_unknown_never_scheduled to None, run_after=None
[2023-04-22T22:52:01.671+0300] {logging_mixin.py:137} INFO - [2023-04-22T22:52:01.671+0300] {dag.py:3452} INFO - Setting next_dagrun for dataset_produces_1 to 2023-04-21T00:00:00+00:00, run_after=2023-04-22T00:00:00+00:00
[2023-04-22T22:52:01.671+0300] {logging_mixin.py:137} INFO - [2023-04-22T22:52:01.671+0300] {dag.py:3452} INFO - Setting next_dagrun for dataset_produces_2 to None, run_after=None
[2023-04-22T22:52:01.688+0300] {processor.py:175} INFO - Processing /home/vladimir/.local/lib/python3.10/site-packages/airflow/example_dags/example_datasets.py took 0.069 seconds
[2023-04-22T22:52:39.749+0300] {processor.py:153} INFO - Started process (PID=11660) to work on /home/vladimir/.local/lib/python3.10/site-packages/airflow/example_dags/example_datasets.py
[2023-04-22T22:52:39.750+0300] {processor.py:743} INFO - Processing file /home/vladimir/.local/lib/python3.10/site-packages/airflow/example_dags/example_datasets.py for tasks to queue
[2023-04-22T22:52:39.750+0300] {logging_mixin.py:137} INFO - [2023-04-22T22:52:39.750+0300] {dagbag.py:532} INFO - Filling up the DagBag from /home/vladimir/.local/lib/python3.10/site-packages/airflow/example_dags/example_datasets.py
[2023-04-22T22:52:39.762+0300] {processor.py:753} INFO - DAG(s) dict_keys(['dataset_consumes_1_never_scheduled', 'dataset_consumes_1_and_2', 'dataset_consumes_1', 'dataset_consumes_unknown_never_scheduled', 'dataset_produces_1', 'dataset_produces_2']) retrieved from /home/vladimir/.local/lib/python3.10/site-packages/airflow/example_dags/example_datasets.py
[2023-04-22T22:52:39.782+0300] {logging_mixin.py:137} INFO - [2023-04-22T22:52:39.782+0300] {dag.py:2705} INFO - Sync 6 DAGs
[2023-04-22T22:52:39.795+0300] {logging_mixin.py:137} INFO - [2023-04-22T22:52:39.795+0300] {dag.py:3452} INFO - Setting next_dagrun for dataset_consumes_1 to None, run_after=None
[2023-04-22T22:52:39.797+0300] {logging_mixin.py:137} INFO - [2023-04-22T22:52:39.797+0300] {dag.py:3452} INFO - Setting next_dagrun for dataset_consumes_1_and_2 to None, run_after=None
[2023-04-22T22:52:39.798+0300] {logging_mixin.py:137} INFO - [2023-04-22T22:52:39.798+0300] {dag.py:3452} INFO - Setting next_dagrun for dataset_consumes_1_never_scheduled to None, run_after=None
[2023-04-22T22:52:39.798+0300] {logging_mixin.py:137} INFO - [2023-04-22T22:52:39.798+0300] {dag.py:3452} INFO - Setting next_dagrun for dataset_consumes_unknown_never_scheduled to None, run_after=None
[2023-04-22T22:52:39.800+0300] {logging_mixin.py:137} INFO - [2023-04-22T22:52:39.800+0300] {dag.py:3452} INFO - Setting next_dagrun for dataset_produces_1 to 2023-04-21T00:00:00+00:00, run_after=2023-04-22T00:00:00+00:00
[2023-04-22T22:52:39.800+0300] {logging_mixin.py:137} INFO - [2023-04-22T22:52:39.800+0300] {dag.py:3452} INFO - Setting next_dagrun for dataset_produces_2 to None, run_after=None
[2023-04-22T22:52:39.820+0300] {processor.py:175} INFO - Processing /home/vladimir/.local/lib/python3.10/site-packages/airflow/example_dags/example_datasets.py took 0.074 seconds
[2023-04-22T22:53:18.975+0300] {processor.py:153} INFO - Started process (PID=11710) to work on /home/vladimir/.local/lib/python3.10/site-packages/airflow/example_dags/example_datasets.py
[2023-04-22T22:53:18.976+0300] {processor.py:743} INFO - Processing file /home/vladimir/.local/lib/python3.10/site-packages/airflow/example_dags/example_datasets.py for tasks to queue
[2023-04-22T22:53:18.977+0300] {logging_mixin.py:137} INFO - [2023-04-22T22:53:18.977+0300] {dagbag.py:532} INFO - Filling up the DagBag from /home/vladimir/.local/lib/python3.10/site-packages/airflow/example_dags/example_datasets.py
[2023-04-22T22:53:18.988+0300] {processor.py:753} INFO - DAG(s) dict_keys(['dataset_produces_2', 'dataset_consumes_1_and_2', 'dataset_consumes_1', 'dataset_consumes_1_never_scheduled', 'dataset_produces_1', 'dataset_consumes_unknown_never_scheduled']) retrieved from /home/vladimir/.local/lib/python3.10/site-packages/airflow/example_dags/example_datasets.py
[2023-04-22T22:53:19.008+0300] {logging_mixin.py:137} INFO - [2023-04-22T22:53:19.008+0300] {dag.py:2705} INFO - Sync 6 DAGs
[2023-04-22T22:53:19.022+0300] {logging_mixin.py:137} INFO - [2023-04-22T22:53:19.022+0300] {dag.py:3452} INFO - Setting next_dagrun for dataset_consumes_1 to None, run_after=None
[2023-04-22T22:53:19.024+0300] {logging_mixin.py:137} INFO - [2023-04-22T22:53:19.023+0300] {dag.py:3452} INFO - Setting next_dagrun for dataset_consumes_1_and_2 to None, run_after=None
[2023-04-22T22:53:19.024+0300] {logging_mixin.py:137} INFO - [2023-04-22T22:53:19.024+0300] {dag.py:3452} INFO - Setting next_dagrun for dataset_consumes_1_never_scheduled to None, run_after=None
[2023-04-22T22:53:19.024+0300] {logging_mixin.py:137} INFO - [2023-04-22T22:53:19.024+0300] {dag.py:3452} INFO - Setting next_dagrun for dataset_consumes_unknown_never_scheduled to None, run_after=None
[2023-04-22T22:53:19.026+0300] {logging_mixin.py:137} INFO - [2023-04-22T22:53:19.026+0300] {dag.py:3452} INFO - Setting next_dagrun for dataset_produces_1 to 2023-04-21T00:00:00+00:00, run_after=2023-04-22T00:00:00+00:00
[2023-04-22T22:53:19.026+0300] {logging_mixin.py:137} INFO - [2023-04-22T22:53:19.026+0300] {dag.py:3452} INFO - Setting next_dagrun for dataset_produces_2 to None, run_after=None
[2023-04-22T22:53:19.045+0300] {processor.py:175} INFO - Processing /home/vladimir/.local/lib/python3.10/site-packages/airflow/example_dags/example_datasets.py took 0.072 seconds
[2023-04-22T22:53:58.286+0300] {processor.py:153} INFO - Started process (PID=11770) to work on /home/vladimir/.local/lib/python3.10/site-packages/airflow/example_dags/example_datasets.py
[2023-04-22T22:53:58.287+0300] {processor.py:743} INFO - Processing file /home/vladimir/.local/lib/python3.10/site-packages/airflow/example_dags/example_datasets.py for tasks to queue
[2023-04-22T22:53:58.287+0300] {logging_mixin.py:137} INFO - [2023-04-22T22:53:58.287+0300] {dagbag.py:532} INFO - Filling up the DagBag from /home/vladimir/.local/lib/python3.10/site-packages/airflow/example_dags/example_datasets.py
[2023-04-22T22:53:58.299+0300] {processor.py:753} INFO - DAG(s) dict_keys(['dataset_consumes_1_and_2', 'dataset_consumes_1', 'dataset_produces_2', 'dataset_consumes_1_never_scheduled', 'dataset_consumes_unknown_never_scheduled', 'dataset_produces_1']) retrieved from /home/vladimir/.local/lib/python3.10/site-packages/airflow/example_dags/example_datasets.py
[2023-04-22T22:53:58.322+0300] {logging_mixin.py:137} INFO - [2023-04-22T22:53:58.322+0300] {dag.py:2705} INFO - Sync 6 DAGs
[2023-04-22T22:53:58.335+0300] {logging_mixin.py:137} INFO - [2023-04-22T22:53:58.335+0300] {dag.py:3452} INFO - Setting next_dagrun for dataset_consumes_1 to None, run_after=None
[2023-04-22T22:53:58.337+0300] {logging_mixin.py:137} INFO - [2023-04-22T22:53:58.337+0300] {dag.py:3452} INFO - Setting next_dagrun for dataset_consumes_1_and_2 to None, run_after=None
[2023-04-22T22:53:58.337+0300] {logging_mixin.py:137} INFO - [2023-04-22T22:53:58.337+0300] {dag.py:3452} INFO - Setting next_dagrun for dataset_consumes_1_never_scheduled to None, run_after=None
[2023-04-22T22:53:58.338+0300] {logging_mixin.py:137} INFO - [2023-04-22T22:53:58.338+0300] {dag.py:3452} INFO - Setting next_dagrun for dataset_consumes_unknown_never_scheduled to None, run_after=None
[2023-04-22T22:53:58.339+0300] {logging_mixin.py:137} INFO - [2023-04-22T22:53:58.339+0300] {dag.py:3452} INFO - Setting next_dagrun for dataset_produces_1 to 2023-04-21T00:00:00+00:00, run_after=2023-04-22T00:00:00+00:00
[2023-04-22T22:53:58.340+0300] {logging_mixin.py:137} INFO - [2023-04-22T22:53:58.340+0300] {dag.py:3452} INFO - Setting next_dagrun for dataset_produces_2 to None, run_after=None
[2023-04-22T22:53:58.357+0300] {processor.py:175} INFO - Processing /home/vladimir/.local/lib/python3.10/site-packages/airflow/example_dags/example_datasets.py took 0.073 seconds
[2023-04-22T22:54:37.186+0300] {processor.py:153} INFO - Started process (PID=11826) to work on /home/vladimir/.local/lib/python3.10/site-packages/airflow/example_dags/example_datasets.py
[2023-04-22T22:54:37.187+0300] {processor.py:743} INFO - Processing file /home/vladimir/.local/lib/python3.10/site-packages/airflow/example_dags/example_datasets.py for tasks to queue
[2023-04-22T22:54:37.187+0300] {logging_mixin.py:137} INFO - [2023-04-22T22:54:37.187+0300] {dagbag.py:532} INFO - Filling up the DagBag from /home/vladimir/.local/lib/python3.10/site-packages/airflow/example_dags/example_datasets.py
[2023-04-22T22:54:37.198+0300] {processor.py:753} INFO - DAG(s) dict_keys(['dataset_produces_1', 'dataset_consumes_unknown_never_scheduled', 'dataset_produces_2', 'dataset_consumes_1', 'dataset_consumes_1_never_scheduled', 'dataset_consumes_1_and_2']) retrieved from /home/vladimir/.local/lib/python3.10/site-packages/airflow/example_dags/example_datasets.py
[2023-04-22T22:54:37.218+0300] {logging_mixin.py:137} INFO - [2023-04-22T22:54:37.218+0300] {dag.py:2705} INFO - Sync 6 DAGs
[2023-04-22T22:54:37.231+0300] {logging_mixin.py:137} INFO - [2023-04-22T22:54:37.231+0300] {dag.py:3452} INFO - Setting next_dagrun for dataset_consumes_1 to None, run_after=None
[2023-04-22T22:54:37.233+0300] {logging_mixin.py:137} INFO - [2023-04-22T22:54:37.233+0300] {dag.py:3452} INFO - Setting next_dagrun for dataset_consumes_1_and_2 to None, run_after=None
[2023-04-22T22:54:37.233+0300] {logging_mixin.py:137} INFO - [2023-04-22T22:54:37.233+0300] {dag.py:3452} INFO - Setting next_dagrun for dataset_consumes_1_never_scheduled to None, run_after=None
[2023-04-22T22:54:37.234+0300] {logging_mixin.py:137} INFO - [2023-04-22T22:54:37.234+0300] {dag.py:3452} INFO - Setting next_dagrun for dataset_consumes_unknown_never_scheduled to None, run_after=None
[2023-04-22T22:54:37.235+0300] {logging_mixin.py:137} INFO - [2023-04-22T22:54:37.235+0300] {dag.py:3452} INFO - Setting next_dagrun for dataset_produces_1 to 2023-04-21T00:00:00+00:00, run_after=2023-04-22T00:00:00+00:00
[2023-04-22T22:54:37.236+0300] {logging_mixin.py:137} INFO - [2023-04-22T22:54:37.236+0300] {dag.py:3452} INFO - Setting next_dagrun for dataset_produces_2 to None, run_after=None
[2023-04-22T22:54:37.252+0300] {processor.py:175} INFO - Processing /home/vladimir/.local/lib/python3.10/site-packages/airflow/example_dags/example_datasets.py took 0.068 seconds
[2023-04-22T22:55:18.292+0300] {processor.py:153} INFO - Started process (PID=11897) to work on /home/vladimir/.local/lib/python3.10/site-packages/airflow/example_dags/example_datasets.py
[2023-04-22T22:55:18.293+0300] {processor.py:743} INFO - Processing file /home/vladimir/.local/lib/python3.10/site-packages/airflow/example_dags/example_datasets.py for tasks to queue
[2023-04-22T22:55:18.294+0300] {logging_mixin.py:137} INFO - [2023-04-22T22:55:18.294+0300] {dagbag.py:532} INFO - Filling up the DagBag from /home/vladimir/.local/lib/python3.10/site-packages/airflow/example_dags/example_datasets.py
[2023-04-22T22:55:18.305+0300] {processor.py:753} INFO - DAG(s) dict_keys(['dataset_produces_1', 'dataset_consumes_unknown_never_scheduled', 'dataset_produces_2', 'dataset_consumes_1', 'dataset_consumes_1_never_scheduled', 'dataset_consumes_1_and_2']) retrieved from /home/vladimir/.local/lib/python3.10/site-packages/airflow/example_dags/example_datasets.py
[2023-04-22T22:55:18.325+0300] {logging_mixin.py:137} INFO - [2023-04-22T22:55:18.325+0300] {dag.py:2705} INFO - Sync 6 DAGs
[2023-04-22T22:55:18.337+0300] {logging_mixin.py:137} INFO - [2023-04-22T22:55:18.337+0300] {dag.py:3452} INFO - Setting next_dagrun for dataset_consumes_1 to None, run_after=None
[2023-04-22T22:55:18.339+0300] {logging_mixin.py:137} INFO - [2023-04-22T22:55:18.339+0300] {dag.py:3452} INFO - Setting next_dagrun for dataset_consumes_1_and_2 to None, run_after=None
[2023-04-22T22:55:18.339+0300] {logging_mixin.py:137} INFO - [2023-04-22T22:55:18.339+0300] {dag.py:3452} INFO - Setting next_dagrun for dataset_consumes_1_never_scheduled to None, run_after=None
[2023-04-22T22:55:18.340+0300] {logging_mixin.py:137} INFO - [2023-04-22T22:55:18.340+0300] {dag.py:3452} INFO - Setting next_dagrun for dataset_consumes_unknown_never_scheduled to None, run_after=None
[2023-04-22T22:55:18.341+0300] {logging_mixin.py:137} INFO - [2023-04-22T22:55:18.341+0300] {dag.py:3452} INFO - Setting next_dagrun for dataset_produces_1 to 2023-04-21T00:00:00+00:00, run_after=2023-04-22T00:00:00+00:00
[2023-04-22T22:55:18.342+0300] {logging_mixin.py:137} INFO - [2023-04-22T22:55:18.342+0300] {dag.py:3452} INFO - Setting next_dagrun for dataset_produces_2 to None, run_after=None
[2023-04-22T22:55:18.358+0300] {processor.py:175} INFO - Processing /home/vladimir/.local/lib/python3.10/site-packages/airflow/example_dags/example_datasets.py took 0.068 seconds
[2023-04-22T22:55:55.355+0300] {processor.py:153} INFO - Started process (PID=11939) to work on /home/vladimir/.local/lib/python3.10/site-packages/airflow/example_dags/example_datasets.py
[2023-04-22T22:55:55.356+0300] {processor.py:743} INFO - Processing file /home/vladimir/.local/lib/python3.10/site-packages/airflow/example_dags/example_datasets.py for tasks to queue
[2023-04-22T22:55:55.357+0300] {logging_mixin.py:137} INFO - [2023-04-22T22:55:55.357+0300] {dagbag.py:532} INFO - Filling up the DagBag from /home/vladimir/.local/lib/python3.10/site-packages/airflow/example_dags/example_datasets.py
[2023-04-22T22:55:55.368+0300] {processor.py:753} INFO - DAG(s) dict_keys(['dataset_produces_2', 'dataset_consumes_unknown_never_scheduled', 'dataset_consumes_1_never_scheduled', 'dataset_produces_1', 'dataset_consumes_1', 'dataset_consumes_1_and_2']) retrieved from /home/vladimir/.local/lib/python3.10/site-packages/airflow/example_dags/example_datasets.py
[2023-04-22T22:55:55.388+0300] {logging_mixin.py:137} INFO - [2023-04-22T22:55:55.388+0300] {dag.py:2705} INFO - Sync 6 DAGs
[2023-04-22T22:55:55.400+0300] {logging_mixin.py:137} INFO - [2023-04-22T22:55:55.400+0300] {dag.py:3452} INFO - Setting next_dagrun for dataset_consumes_1 to None, run_after=None
[2023-04-22T22:55:55.402+0300] {logging_mixin.py:137} INFO - [2023-04-22T22:55:55.402+0300] {dag.py:3452} INFO - Setting next_dagrun for dataset_consumes_1_and_2 to None, run_after=None
[2023-04-22T22:55:55.402+0300] {logging_mixin.py:137} INFO - [2023-04-22T22:55:55.402+0300] {dag.py:3452} INFO - Setting next_dagrun for dataset_consumes_1_never_scheduled to None, run_after=None
[2023-04-22T22:55:55.403+0300] {logging_mixin.py:137} INFO - [2023-04-22T22:55:55.402+0300] {dag.py:3452} INFO - Setting next_dagrun for dataset_consumes_unknown_never_scheduled to None, run_after=None
[2023-04-22T22:55:55.404+0300] {logging_mixin.py:137} INFO - [2023-04-22T22:55:55.404+0300] {dag.py:3452} INFO - Setting next_dagrun for dataset_produces_1 to 2023-04-21T00:00:00+00:00, run_after=2023-04-22T00:00:00+00:00
[2023-04-22T22:55:55.405+0300] {logging_mixin.py:137} INFO - [2023-04-22T22:55:55.404+0300] {dag.py:3452} INFO - Setting next_dagrun for dataset_produces_2 to None, run_after=None
[2023-04-22T22:55:55.422+0300] {processor.py:175} INFO - Processing /home/vladimir/.local/lib/python3.10/site-packages/airflow/example_dags/example_datasets.py took 0.069 seconds
[2023-04-23T01:28:45.903+0300] {processor.py:153} INFO - Started process (PID=4374) to work on /home/vladimir/.local/lib/python3.10/site-packages/airflow/example_dags/example_datasets.py
[2023-04-23T01:28:45.972+0300] {processor.py:743} INFO - Processing file /home/vladimir/.local/lib/python3.10/site-packages/airflow/example_dags/example_datasets.py for tasks to queue
[2023-04-23T01:28:45.973+0300] {logging_mixin.py:137} INFO - [2023-04-23T01:28:45.973+0300] {dagbag.py:532} INFO - Filling up the DagBag from /home/vladimir/.local/lib/python3.10/site-packages/airflow/example_dags/example_datasets.py
[2023-04-23T01:28:46.032+0300] {processor.py:753} INFO - DAG(s) dict_keys(['dataset_consumes_1', 'dataset_consumes_1_and_2', 'dataset_produces_1', 'dataset_produces_2', 'dataset_consumes_unknown_never_scheduled', 'dataset_consumes_1_never_scheduled']) retrieved from /home/vladimir/.local/lib/python3.10/site-packages/airflow/example_dags/example_datasets.py
[2023-04-23T01:28:46.073+0300] {logging_mixin.py:137} INFO - [2023-04-23T01:28:46.073+0300] {dag.py:2705} INFO - Sync 6 DAGs
[2023-04-23T01:28:46.085+0300] {logging_mixin.py:137} INFO - [2023-04-23T01:28:46.085+0300] {dag.py:3452} INFO - Setting next_dagrun for dataset_consumes_1 to None, run_after=None
[2023-04-23T01:28:46.086+0300] {logging_mixin.py:137} INFO - [2023-04-23T01:28:46.086+0300] {dag.py:3452} INFO - Setting next_dagrun for dataset_consumes_1_and_2 to None, run_after=None
[2023-04-23T01:28:46.087+0300] {logging_mixin.py:137} INFO - [2023-04-23T01:28:46.087+0300] {dag.py:3452} INFO - Setting next_dagrun for dataset_consumes_1_never_scheduled to None, run_after=None
[2023-04-23T01:28:46.087+0300] {logging_mixin.py:137} INFO - [2023-04-23T01:28:46.087+0300] {dag.py:3452} INFO - Setting next_dagrun for dataset_consumes_unknown_never_scheduled to None, run_after=None
[2023-04-23T01:28:46.089+0300] {logging_mixin.py:137} INFO - [2023-04-23T01:28:46.089+0300] {dag.py:3452} INFO - Setting next_dagrun for dataset_produces_1 to 2023-04-21T00:00:00+00:00, run_after=2023-04-22T00:00:00+00:00
[2023-04-23T01:28:46.089+0300] {logging_mixin.py:137} INFO - [2023-04-23T01:28:46.089+0300] {dag.py:3452} INFO - Setting next_dagrun for dataset_produces_2 to None, run_after=None
[2023-04-23T01:28:46.107+0300] {processor.py:175} INFO - Processing /home/vladimir/.local/lib/python3.10/site-packages/airflow/example_dags/example_datasets.py took 0.206 seconds
[2023-04-23T01:29:28.632+0300] {processor.py:153} INFO - Started process (PID=4440) to work on /home/vladimir/.local/lib/python3.10/site-packages/airflow/example_dags/example_datasets.py
[2023-04-23T01:29:28.633+0300] {processor.py:743} INFO - Processing file /home/vladimir/.local/lib/python3.10/site-packages/airflow/example_dags/example_datasets.py for tasks to queue
[2023-04-23T01:29:28.633+0300] {logging_mixin.py:137} INFO - [2023-04-23T01:29:28.633+0300] {dagbag.py:532} INFO - Filling up the DagBag from /home/vladimir/.local/lib/python3.10/site-packages/airflow/example_dags/example_datasets.py
[2023-04-23T01:29:28.645+0300] {processor.py:753} INFO - DAG(s) dict_keys(['dataset_produces_2', 'dataset_consumes_unknown_never_scheduled', 'dataset_consumes_1_and_2', 'dataset_consumes_1_never_scheduled', 'dataset_consumes_1', 'dataset_produces_1']) retrieved from /home/vladimir/.local/lib/python3.10/site-packages/airflow/example_dags/example_datasets.py
[2023-04-23T01:29:28.667+0300] {logging_mixin.py:137} INFO - [2023-04-23T01:29:28.667+0300] {dag.py:2705} INFO - Sync 6 DAGs
[2023-04-23T01:29:28.681+0300] {logging_mixin.py:137} INFO - [2023-04-23T01:29:28.681+0300] {dag.py:3452} INFO - Setting next_dagrun for dataset_consumes_1 to None, run_after=None
[2023-04-23T01:29:28.682+0300] {logging_mixin.py:137} INFO - [2023-04-23T01:29:28.682+0300] {dag.py:3452} INFO - Setting next_dagrun for dataset_consumes_1_and_2 to None, run_after=None
[2023-04-23T01:29:28.683+0300] {logging_mixin.py:137} INFO - [2023-04-23T01:29:28.683+0300] {dag.py:3452} INFO - Setting next_dagrun for dataset_consumes_1_never_scheduled to None, run_after=None
[2023-04-23T01:29:28.683+0300] {logging_mixin.py:137} INFO - [2023-04-23T01:29:28.683+0300] {dag.py:3452} INFO - Setting next_dagrun for dataset_consumes_unknown_never_scheduled to None, run_after=None
[2023-04-23T01:29:28.685+0300] {logging_mixin.py:137} INFO - [2023-04-23T01:29:28.685+0300] {dag.py:3452} INFO - Setting next_dagrun for dataset_produces_1 to 2023-04-21T00:00:00+00:00, run_after=2023-04-22T00:00:00+00:00
[2023-04-23T01:29:28.685+0300] {logging_mixin.py:137} INFO - [2023-04-23T01:29:28.685+0300] {dag.py:3452} INFO - Setting next_dagrun for dataset_produces_2 to None, run_after=None
[2023-04-23T01:29:28.703+0300] {processor.py:175} INFO - Processing /home/vladimir/.local/lib/python3.10/site-packages/airflow/example_dags/example_datasets.py took 0.073 seconds
[2023-04-23T01:30:08.688+0300] {processor.py:153} INFO - Started process (PID=4489) to work on /home/vladimir/.local/lib/python3.10/site-packages/airflow/example_dags/example_datasets.py
[2023-04-23T01:30:08.689+0300] {processor.py:743} INFO - Processing file /home/vladimir/.local/lib/python3.10/site-packages/airflow/example_dags/example_datasets.py for tasks to queue
[2023-04-23T01:30:08.689+0300] {logging_mixin.py:137} INFO - [2023-04-23T01:30:08.689+0300] {dagbag.py:532} INFO - Filling up the DagBag from /home/vladimir/.local/lib/python3.10/site-packages/airflow/example_dags/example_datasets.py
[2023-04-23T01:30:08.702+0300] {processor.py:753} INFO - DAG(s) dict_keys(['dataset_consumes_1', 'dataset_consumes_1_never_scheduled', 'dataset_produces_1', 'dataset_consumes_unknown_never_scheduled', 'dataset_consumes_1_and_2', 'dataset_produces_2']) retrieved from /home/vladimir/.local/lib/python3.10/site-packages/airflow/example_dags/example_datasets.py
[2023-04-23T01:30:08.724+0300] {logging_mixin.py:137} INFO - [2023-04-23T01:30:08.724+0300] {dag.py:2705} INFO - Sync 6 DAGs
[2023-04-23T01:30:08.737+0300] {logging_mixin.py:137} INFO - [2023-04-23T01:30:08.737+0300] {dag.py:3452} INFO - Setting next_dagrun for dataset_consumes_1 to None, run_after=None
[2023-04-23T01:30:08.739+0300] {logging_mixin.py:137} INFO - [2023-04-23T01:30:08.739+0300] {dag.py:3452} INFO - Setting next_dagrun for dataset_consumes_1_and_2 to None, run_after=None
[2023-04-23T01:30:08.739+0300] {logging_mixin.py:137} INFO - [2023-04-23T01:30:08.739+0300] {dag.py:3452} INFO - Setting next_dagrun for dataset_consumes_1_never_scheduled to None, run_after=None
[2023-04-23T01:30:08.739+0300] {logging_mixin.py:137} INFO - [2023-04-23T01:30:08.739+0300] {dag.py:3452} INFO - Setting next_dagrun for dataset_consumes_unknown_never_scheduled to None, run_after=None
[2023-04-23T01:30:08.741+0300] {logging_mixin.py:137} INFO - [2023-04-23T01:30:08.741+0300] {dag.py:3452} INFO - Setting next_dagrun for dataset_produces_1 to 2023-04-21T00:00:00+00:00, run_after=2023-04-22T00:00:00+00:00
[2023-04-23T01:30:08.742+0300] {logging_mixin.py:137} INFO - [2023-04-23T01:30:08.742+0300] {dag.py:3452} INFO - Setting next_dagrun for dataset_produces_2 to None, run_after=None
[2023-04-23T01:30:08.759+0300] {processor.py:175} INFO - Processing /home/vladimir/.local/lib/python3.10/site-packages/airflow/example_dags/example_datasets.py took 0.073 seconds
[2023-04-23T01:30:41.958+0300] {processor.py:153} INFO - Started process (PID=4566) to work on /home/vladimir/.local/lib/python3.10/site-packages/airflow/example_dags/example_datasets.py
[2023-04-23T01:30:41.959+0300] {processor.py:743} INFO - Processing file /home/vladimir/.local/lib/python3.10/site-packages/airflow/example_dags/example_datasets.py for tasks to queue
[2023-04-23T01:30:41.960+0300] {logging_mixin.py:137} INFO - [2023-04-23T01:30:41.960+0300] {dagbag.py:532} INFO - Filling up the DagBag from /home/vladimir/.local/lib/python3.10/site-packages/airflow/example_dags/example_datasets.py
[2023-04-23T01:30:41.971+0300] {processor.py:753} INFO - DAG(s) dict_keys(['dataset_consumes_1_and_2', 'dataset_produces_1', 'dataset_consumes_unknown_never_scheduled', 'dataset_produces_2', 'dataset_consumes_1_never_scheduled', 'dataset_consumes_1']) retrieved from /home/vladimir/.local/lib/python3.10/site-packages/airflow/example_dags/example_datasets.py
[2023-04-23T01:30:41.994+0300] {logging_mixin.py:137} INFO - [2023-04-23T01:30:41.994+0300] {dag.py:2705} INFO - Sync 6 DAGs
[2023-04-23T01:30:42.008+0300] {logging_mixin.py:137} INFO - [2023-04-23T01:30:42.008+0300] {dag.py:3452} INFO - Setting next_dagrun for dataset_consumes_1 to None, run_after=None
[2023-04-23T01:30:42.010+0300] {logging_mixin.py:137} INFO - [2023-04-23T01:30:42.010+0300] {dag.py:3452} INFO - Setting next_dagrun for dataset_consumes_1_and_2 to None, run_after=None
[2023-04-23T01:30:42.011+0300] {logging_mixin.py:137} INFO - [2023-04-23T01:30:42.011+0300] {dag.py:3452} INFO - Setting next_dagrun for dataset_consumes_1_never_scheduled to None, run_after=None
[2023-04-23T01:30:42.011+0300] {logging_mixin.py:137} INFO - [2023-04-23T01:30:42.011+0300] {dag.py:3452} INFO - Setting next_dagrun for dataset_consumes_unknown_never_scheduled to None, run_after=None
[2023-04-23T01:30:42.013+0300] {logging_mixin.py:137} INFO - [2023-04-23T01:30:42.012+0300] {dag.py:3452} INFO - Setting next_dagrun for dataset_produces_1 to 2023-04-21T00:00:00+00:00, run_after=2023-04-22T00:00:00+00:00
[2023-04-23T01:30:42.013+0300] {logging_mixin.py:137} INFO - [2023-04-23T01:30:42.013+0300] {dag.py:3452} INFO - Setting next_dagrun for dataset_produces_2 to None, run_after=None
[2023-04-23T01:30:42.029+0300] {processor.py:175} INFO - Processing /home/vladimir/.local/lib/python3.10/site-packages/airflow/example_dags/example_datasets.py took 0.073 seconds
[2023-04-23T01:31:17.499+0300] {processor.py:153} INFO - Started process (PID=4618) to work on /home/vladimir/.local/lib/python3.10/site-packages/airflow/example_dags/example_datasets.py
[2023-04-23T01:31:17.500+0300] {processor.py:743} INFO - Processing file /home/vladimir/.local/lib/python3.10/site-packages/airflow/example_dags/example_datasets.py for tasks to queue
[2023-04-23T01:31:17.501+0300] {logging_mixin.py:137} INFO - [2023-04-23T01:31:17.501+0300] {dagbag.py:532} INFO - Filling up the DagBag from /home/vladimir/.local/lib/python3.10/site-packages/airflow/example_dags/example_datasets.py
[2023-04-23T01:31:17.512+0300] {processor.py:753} INFO - DAG(s) dict_keys(['dataset_consumes_1', 'dataset_produces_1', 'dataset_consumes_1_never_scheduled', 'dataset_consumes_unknown_never_scheduled', 'dataset_consumes_1_and_2', 'dataset_produces_2']) retrieved from /home/vladimir/.local/lib/python3.10/site-packages/airflow/example_dags/example_datasets.py
[2023-04-23T01:31:17.536+0300] {logging_mixin.py:137} INFO - [2023-04-23T01:31:17.535+0300] {dag.py:2705} INFO - Sync 6 DAGs
[2023-04-23T01:31:17.549+0300] {logging_mixin.py:137} INFO - [2023-04-23T01:31:17.549+0300] {dag.py:3452} INFO - Setting next_dagrun for dataset_consumes_1 to None, run_after=None
[2023-04-23T01:31:17.551+0300] {logging_mixin.py:137} INFO - [2023-04-23T01:31:17.551+0300] {dag.py:3452} INFO - Setting next_dagrun for dataset_consumes_1_and_2 to None, run_after=None
[2023-04-23T01:31:17.552+0300] {logging_mixin.py:137} INFO - [2023-04-23T01:31:17.551+0300] {dag.py:3452} INFO - Setting next_dagrun for dataset_consumes_1_never_scheduled to None, run_after=None
[2023-04-23T01:31:17.552+0300] {logging_mixin.py:137} INFO - [2023-04-23T01:31:17.552+0300] {dag.py:3452} INFO - Setting next_dagrun for dataset_consumes_unknown_never_scheduled to None, run_after=None
[2023-04-23T01:31:17.554+0300] {logging_mixin.py:137} INFO - [2023-04-23T01:31:17.554+0300] {dag.py:3452} INFO - Setting next_dagrun for dataset_produces_1 to 2023-04-21T00:00:00+00:00, run_after=2023-04-22T00:00:00+00:00
[2023-04-23T01:31:17.554+0300] {logging_mixin.py:137} INFO - [2023-04-23T01:31:17.554+0300] {dag.py:3452} INFO - Setting next_dagrun for dataset_produces_2 to None, run_after=None
[2023-04-23T01:31:17.575+0300] {processor.py:175} INFO - Processing /home/vladimir/.local/lib/python3.10/site-packages/airflow/example_dags/example_datasets.py took 0.079 seconds
[2023-04-23T01:31:57.832+0300] {processor.py:153} INFO - Started process (PID=4669) to work on /home/vladimir/.local/lib/python3.10/site-packages/airflow/example_dags/example_datasets.py
[2023-04-23T01:31:57.833+0300] {processor.py:743} INFO - Processing file /home/vladimir/.local/lib/python3.10/site-packages/airflow/example_dags/example_datasets.py for tasks to queue
[2023-04-23T01:31:57.833+0300] {logging_mixin.py:137} INFO - [2023-04-23T01:31:57.833+0300] {dagbag.py:532} INFO - Filling up the DagBag from /home/vladimir/.local/lib/python3.10/site-packages/airflow/example_dags/example_datasets.py
[2023-04-23T01:31:57.845+0300] {processor.py:753} INFO - DAG(s) dict_keys(['dataset_consumes_1', 'dataset_produces_2', 'dataset_consumes_1_and_2', 'dataset_consumes_unknown_never_scheduled', 'dataset_produces_1', 'dataset_consumes_1_never_scheduled']) retrieved from /home/vladimir/.local/lib/python3.10/site-packages/airflow/example_dags/example_datasets.py
[2023-04-23T01:31:57.875+0300] {logging_mixin.py:137} INFO - [2023-04-23T01:31:57.874+0300] {dag.py:2705} INFO - Sync 6 DAGs
[2023-04-23T01:31:57.889+0300] {logging_mixin.py:137} INFO - [2023-04-23T01:31:57.889+0300] {dag.py:3452} INFO - Setting next_dagrun for dataset_consumes_1 to None, run_after=None
[2023-04-23T01:31:57.891+0300] {logging_mixin.py:137} INFO - [2023-04-23T01:31:57.890+0300] {dag.py:3452} INFO - Setting next_dagrun for dataset_consumes_1_and_2 to None, run_after=None
[2023-04-23T01:31:57.891+0300] {logging_mixin.py:137} INFO - [2023-04-23T01:31:57.891+0300] {dag.py:3452} INFO - Setting next_dagrun for dataset_consumes_1_never_scheduled to None, run_after=None
[2023-04-23T01:31:57.891+0300] {logging_mixin.py:137} INFO - [2023-04-23T01:31:57.891+0300] {dag.py:3452} INFO - Setting next_dagrun for dataset_consumes_unknown_never_scheduled to None, run_after=None
[2023-04-23T01:31:57.893+0300] {logging_mixin.py:137} INFO - [2023-04-23T01:31:57.893+0300] {dag.py:3452} INFO - Setting next_dagrun for dataset_produces_1 to 2023-04-21T00:00:00+00:00, run_after=2023-04-22T00:00:00+00:00
[2023-04-23T01:31:57.894+0300] {logging_mixin.py:137} INFO - [2023-04-23T01:31:57.894+0300] {dag.py:3452} INFO - Setting next_dagrun for dataset_produces_2 to None, run_after=None
[2023-04-23T01:31:57.914+0300] {processor.py:175} INFO - Processing /home/vladimir/.local/lib/python3.10/site-packages/airflow/example_dags/example_datasets.py took 0.083 seconds
[2023-04-23T01:32:32.662+0300] {processor.py:153} INFO - Started process (PID=4715) to work on /home/vladimir/.local/lib/python3.10/site-packages/airflow/example_dags/example_datasets.py
[2023-04-23T01:32:32.663+0300] {processor.py:743} INFO - Processing file /home/vladimir/.local/lib/python3.10/site-packages/airflow/example_dags/example_datasets.py for tasks to queue
[2023-04-23T01:32:32.664+0300] {logging_mixin.py:137} INFO - [2023-04-23T01:32:32.664+0300] {dagbag.py:532} INFO - Filling up the DagBag from /home/vladimir/.local/lib/python3.10/site-packages/airflow/example_dags/example_datasets.py
[2023-04-23T01:32:32.678+0300] {processor.py:753} INFO - DAG(s) dict_keys(['dataset_consumes_1', 'dataset_produces_1', 'dataset_produces_2', 'dataset_consumes_unknown_never_scheduled', 'dataset_consumes_1_and_2', 'dataset_consumes_1_never_scheduled']) retrieved from /home/vladimir/.local/lib/python3.10/site-packages/airflow/example_dags/example_datasets.py
[2023-04-23T01:32:32.707+0300] {logging_mixin.py:137} INFO - [2023-04-23T01:32:32.707+0300] {dag.py:2705} INFO - Sync 6 DAGs
[2023-04-23T01:32:32.727+0300] {logging_mixin.py:137} INFO - [2023-04-23T01:32:32.727+0300] {dag.py:3452} INFO - Setting next_dagrun for dataset_consumes_1 to None, run_after=None
[2023-04-23T01:32:32.730+0300] {logging_mixin.py:137} INFO - [2023-04-23T01:32:32.730+0300] {dag.py:3452} INFO - Setting next_dagrun for dataset_consumes_1_and_2 to None, run_after=None
[2023-04-23T01:32:32.733+0300] {logging_mixin.py:137} INFO - [2023-04-23T01:32:32.733+0300] {dag.py:3452} INFO - Setting next_dagrun for dataset_consumes_1_never_scheduled to None, run_after=None
[2023-04-23T01:32:32.734+0300] {logging_mixin.py:137} INFO - [2023-04-23T01:32:32.734+0300] {dag.py:3452} INFO - Setting next_dagrun for dataset_consumes_unknown_never_scheduled to None, run_after=None
[2023-04-23T01:32:32.736+0300] {logging_mixin.py:137} INFO - [2023-04-23T01:32:32.735+0300] {dag.py:3452} INFO - Setting next_dagrun for dataset_produces_1 to 2023-04-21T00:00:00+00:00, run_after=2023-04-22T00:00:00+00:00
[2023-04-23T01:32:32.737+0300] {logging_mixin.py:137} INFO - [2023-04-23T01:32:32.736+0300] {dag.py:3452} INFO - Setting next_dagrun for dataset_produces_2 to None, run_after=None
[2023-04-23T01:32:32.761+0300] {processor.py:175} INFO - Processing /home/vladimir/.local/lib/python3.10/site-packages/airflow/example_dags/example_datasets.py took 0.101 seconds
[2023-04-23T01:33:12.406+0300] {processor.py:153} INFO - Started process (PID=4773) to work on /home/vladimir/.local/lib/python3.10/site-packages/airflow/example_dags/example_datasets.py
[2023-04-23T01:33:12.407+0300] {processor.py:743} INFO - Processing file /home/vladimir/.local/lib/python3.10/site-packages/airflow/example_dags/example_datasets.py for tasks to queue
[2023-04-23T01:33:12.407+0300] {logging_mixin.py:137} INFO - [2023-04-23T01:33:12.407+0300] {dagbag.py:532} INFO - Filling up the DagBag from /home/vladimir/.local/lib/python3.10/site-packages/airflow/example_dags/example_datasets.py
[2023-04-23T01:33:12.419+0300] {processor.py:753} INFO - DAG(s) dict_keys(['dataset_consumes_unknown_never_scheduled', 'dataset_produces_1', 'dataset_consumes_1_never_scheduled', 'dataset_consumes_1', 'dataset_consumes_1_and_2', 'dataset_produces_2']) retrieved from /home/vladimir/.local/lib/python3.10/site-packages/airflow/example_dags/example_datasets.py
[2023-04-23T01:33:12.439+0300] {logging_mixin.py:137} INFO - [2023-04-23T01:33:12.439+0300] {dag.py:2705} INFO - Sync 6 DAGs
[2023-04-23T01:33:12.452+0300] {logging_mixin.py:137} INFO - [2023-04-23T01:33:12.452+0300] {dag.py:3452} INFO - Setting next_dagrun for dataset_consumes_1 to None, run_after=None
[2023-04-23T01:33:12.453+0300] {logging_mixin.py:137} INFO - [2023-04-23T01:33:12.453+0300] {dag.py:3452} INFO - Setting next_dagrun for dataset_consumes_1_and_2 to None, run_after=None
[2023-04-23T01:33:12.454+0300] {logging_mixin.py:137} INFO - [2023-04-23T01:33:12.454+0300] {dag.py:3452} INFO - Setting next_dagrun for dataset_consumes_1_never_scheduled to None, run_after=None
[2023-04-23T01:33:12.454+0300] {logging_mixin.py:137} INFO - [2023-04-23T01:33:12.454+0300] {dag.py:3452} INFO - Setting next_dagrun for dataset_consumes_unknown_never_scheduled to None, run_after=None
[2023-04-23T01:33:12.456+0300] {logging_mixin.py:137} INFO - [2023-04-23T01:33:12.456+0300] {dag.py:3452} INFO - Setting next_dagrun for dataset_produces_1 to 2023-04-21T00:00:00+00:00, run_after=2023-04-22T00:00:00+00:00
[2023-04-23T01:33:12.456+0300] {logging_mixin.py:137} INFO - [2023-04-23T01:33:12.456+0300] {dag.py:3452} INFO - Setting next_dagrun for dataset_produces_2 to None, run_after=None
[2023-04-23T01:33:12.474+0300] {processor.py:175} INFO - Processing /home/vladimir/.local/lib/python3.10/site-packages/airflow/example_dags/example_datasets.py took 0.070 seconds
[2023-04-23T01:33:52.603+0300] {processor.py:153} INFO - Started process (PID=4820) to work on /home/vladimir/.local/lib/python3.10/site-packages/airflow/example_dags/example_datasets.py
[2023-04-23T01:33:52.604+0300] {processor.py:743} INFO - Processing file /home/vladimir/.local/lib/python3.10/site-packages/airflow/example_dags/example_datasets.py for tasks to queue
[2023-04-23T01:33:52.605+0300] {logging_mixin.py:137} INFO - [2023-04-23T01:33:52.604+0300] {dagbag.py:532} INFO - Filling up the DagBag from /home/vladimir/.local/lib/python3.10/site-packages/airflow/example_dags/example_datasets.py
[2023-04-23T01:33:52.615+0300] {processor.py:753} INFO - DAG(s) dict_keys(['dataset_produces_1', 'dataset_consumes_unknown_never_scheduled', 'dataset_consumes_1_never_scheduled', 'dataset_produces_2', 'dataset_consumes_1_and_2', 'dataset_consumes_1']) retrieved from /home/vladimir/.local/lib/python3.10/site-packages/airflow/example_dags/example_datasets.py
[2023-04-23T01:33:52.639+0300] {logging_mixin.py:137} INFO - [2023-04-23T01:33:52.639+0300] {dag.py:2705} INFO - Sync 6 DAGs
[2023-04-23T01:33:52.654+0300] {logging_mixin.py:137} INFO - [2023-04-23T01:33:52.654+0300] {dag.py:3452} INFO - Setting next_dagrun for dataset_consumes_1 to None, run_after=None
[2023-04-23T01:33:52.656+0300] {logging_mixin.py:137} INFO - [2023-04-23T01:33:52.656+0300] {dag.py:3452} INFO - Setting next_dagrun for dataset_consumes_1_and_2 to None, run_after=None
[2023-04-23T01:33:52.657+0300] {logging_mixin.py:137} INFO - [2023-04-23T01:33:52.656+0300] {dag.py:3452} INFO - Setting next_dagrun for dataset_consumes_1_never_scheduled to None, run_after=None
[2023-04-23T01:33:52.657+0300] {logging_mixin.py:137} INFO - [2023-04-23T01:33:52.657+0300] {dag.py:3452} INFO - Setting next_dagrun for dataset_consumes_unknown_never_scheduled to None, run_after=None
[2023-04-23T01:33:52.659+0300] {logging_mixin.py:137} INFO - [2023-04-23T01:33:52.658+0300] {dag.py:3452} INFO - Setting next_dagrun for dataset_produces_1 to 2023-04-21T00:00:00+00:00, run_after=2023-04-22T00:00:00+00:00
[2023-04-23T01:33:52.659+0300] {logging_mixin.py:137} INFO - [2023-04-23T01:33:52.659+0300] {dag.py:3452} INFO - Setting next_dagrun for dataset_produces_2 to None, run_after=None
[2023-04-23T01:33:52.678+0300] {processor.py:175} INFO - Processing /home/vladimir/.local/lib/python3.10/site-packages/airflow/example_dags/example_datasets.py took 0.078 seconds
[2023-04-23T01:34:24.006+0300] {processor.py:153} INFO - Started process (PID=4916) to work on /home/vladimir/.local/lib/python3.10/site-packages/airflow/example_dags/example_datasets.py
[2023-04-23T01:34:24.006+0300] {processor.py:743} INFO - Processing file /home/vladimir/.local/lib/python3.10/site-packages/airflow/example_dags/example_datasets.py for tasks to queue
[2023-04-23T01:34:24.007+0300] {logging_mixin.py:137} INFO - [2023-04-23T01:34:24.007+0300] {dagbag.py:532} INFO - Filling up the DagBag from /home/vladimir/.local/lib/python3.10/site-packages/airflow/example_dags/example_datasets.py
[2023-04-23T01:34:24.018+0300] {processor.py:753} INFO - DAG(s) dict_keys(['dataset_consumes_1', 'dataset_consumes_1_never_scheduled', 'dataset_produces_2', 'dataset_consumes_1_and_2', 'dataset_consumes_unknown_never_scheduled', 'dataset_produces_1']) retrieved from /home/vladimir/.local/lib/python3.10/site-packages/airflow/example_dags/example_datasets.py
[2023-04-23T01:34:24.044+0300] {logging_mixin.py:137} INFO - [2023-04-23T01:34:24.043+0300] {dag.py:2705} INFO - Sync 6 DAGs
[2023-04-23T01:34:24.057+0300] {logging_mixin.py:137} INFO - [2023-04-23T01:34:24.057+0300] {dag.py:3452} INFO - Setting next_dagrun for dataset_consumes_1 to None, run_after=None
[2023-04-23T01:34:24.060+0300] {logging_mixin.py:137} INFO - [2023-04-23T01:34:24.060+0300] {dag.py:3452} INFO - Setting next_dagrun for dataset_consumes_1_and_2 to None, run_after=None
[2023-04-23T01:34:24.060+0300] {logging_mixin.py:137} INFO - [2023-04-23T01:34:24.060+0300] {dag.py:3452} INFO - Setting next_dagrun for dataset_consumes_1_never_scheduled to None, run_after=None
[2023-04-23T01:34:24.064+0300] {logging_mixin.py:137} INFO - [2023-04-23T01:34:24.064+0300] {dag.py:3452} INFO - Setting next_dagrun for dataset_consumes_unknown_never_scheduled to None, run_after=None
[2023-04-23T01:34:24.067+0300] {logging_mixin.py:137} INFO - [2023-04-23T01:34:24.066+0300] {dag.py:3452} INFO - Setting next_dagrun for dataset_produces_1 to 2023-04-21T00:00:00+00:00, run_after=2023-04-22T00:00:00+00:00
[2023-04-23T01:34:24.067+0300] {logging_mixin.py:137} INFO - [2023-04-23T01:34:24.067+0300] {dag.py:3452} INFO - Setting next_dagrun for dataset_produces_2 to None, run_after=None
[2023-04-23T01:34:24.088+0300] {processor.py:175} INFO - Processing /home/vladimir/.local/lib/python3.10/site-packages/airflow/example_dags/example_datasets.py took 0.085 seconds
[2023-04-23T01:35:00.451+0300] {processor.py:153} INFO - Started process (PID=4964) to work on /home/vladimir/.local/lib/python3.10/site-packages/airflow/example_dags/example_datasets.py
[2023-04-23T01:35:00.451+0300] {processor.py:743} INFO - Processing file /home/vladimir/.local/lib/python3.10/site-packages/airflow/example_dags/example_datasets.py for tasks to queue
[2023-04-23T01:35:00.452+0300] {logging_mixin.py:137} INFO - [2023-04-23T01:35:00.452+0300] {dagbag.py:532} INFO - Filling up the DagBag from /home/vladimir/.local/lib/python3.10/site-packages/airflow/example_dags/example_datasets.py
[2023-04-23T01:35:00.463+0300] {processor.py:753} INFO - DAG(s) dict_keys(['dataset_consumes_1_never_scheduled', 'dataset_consumes_1', 'dataset_produces_1', 'dataset_produces_2', 'dataset_consumes_1_and_2', 'dataset_consumes_unknown_never_scheduled']) retrieved from /home/vladimir/.local/lib/python3.10/site-packages/airflow/example_dags/example_datasets.py
[2023-04-23T01:35:00.484+0300] {logging_mixin.py:137} INFO - [2023-04-23T01:35:00.484+0300] {dag.py:2705} INFO - Sync 6 DAGs
[2023-04-23T01:35:00.496+0300] {logging_mixin.py:137} INFO - [2023-04-23T01:35:00.496+0300] {dag.py:3452} INFO - Setting next_dagrun for dataset_consumes_1 to None, run_after=None
[2023-04-23T01:35:00.498+0300] {logging_mixin.py:137} INFO - [2023-04-23T01:35:00.498+0300] {dag.py:3452} INFO - Setting next_dagrun for dataset_consumes_1_and_2 to None, run_after=None
[2023-04-23T01:35:00.498+0300] {logging_mixin.py:137} INFO - [2023-04-23T01:35:00.498+0300] {dag.py:3452} INFO - Setting next_dagrun for dataset_consumes_1_never_scheduled to None, run_after=None
[2023-04-23T01:35:00.499+0300] {logging_mixin.py:137} INFO - [2023-04-23T01:35:00.499+0300] {dag.py:3452} INFO - Setting next_dagrun for dataset_consumes_unknown_never_scheduled to None, run_after=None
[2023-04-23T01:35:00.500+0300] {logging_mixin.py:137} INFO - [2023-04-23T01:35:00.500+0300] {dag.py:3452} INFO - Setting next_dagrun for dataset_produces_1 to 2023-04-21T00:00:00+00:00, run_after=2023-04-22T00:00:00+00:00
[2023-04-23T01:35:00.501+0300] {logging_mixin.py:137} INFO - [2023-04-23T01:35:00.501+0300] {dag.py:3452} INFO - Setting next_dagrun for dataset_produces_2 to None, run_after=None
[2023-04-23T01:35:00.518+0300] {processor.py:175} INFO - Processing /home/vladimir/.local/lib/python3.10/site-packages/airflow/example_dags/example_datasets.py took 0.070 seconds
