[2023-04-22T22:50:15.708+0300] {processor.py:153} INFO - Started process (PID=11382) to work on /home/vladimir/.local/lib/python3.10/site-packages/airflow/example_dags/example_external_task_marker_dag.py
[2023-04-22T22:50:15.708+0300] {processor.py:743} INFO - Processing file /home/vladimir/.local/lib/python3.10/site-packages/airflow/example_dags/example_external_task_marker_dag.py for tasks to queue
[2023-04-22T22:50:15.709+0300] {logging_mixin.py:137} INFO - [2023-04-22T22:50:15.709+0300] {dagbag.py:532} INFO - Filling up the DagBag from /home/vladimir/.local/lib/python3.10/site-packages/airflow/example_dags/example_external_task_marker_dag.py
[2023-04-22T22:50:15.719+0300] {processor.py:753} INFO - DAG(s) dict_keys(['example_external_task_marker_child', 'example_external_task_marker_parent']) retrieved from /home/vladimir/.local/lib/python3.10/site-packages/airflow/example_dags/example_external_task_marker_dag.py
[2023-04-22T22:50:15.779+0300] {logging_mixin.py:137} INFO - [2023-04-22T22:50:15.779+0300] {manager.py:504} INFO - Created Permission View: can delete on DAG:example_external_task_marker_child
[2023-04-22T22:50:15.784+0300] {logging_mixin.py:137} INFO - [2023-04-22T22:50:15.784+0300] {manager.py:504} INFO - Created Permission View: can read on DAG:example_external_task_marker_child
[2023-04-22T22:50:15.788+0300] {logging_mixin.py:137} INFO - [2023-04-22T22:50:15.788+0300] {manager.py:504} INFO - Created Permission View: can edit on DAG:example_external_task_marker_child
[2023-04-22T22:50:15.796+0300] {logging_mixin.py:137} INFO - [2023-04-22T22:50:15.796+0300] {manager.py:504} INFO - Created Permission View: can delete on DAG:example_external_task_marker_parent
[2023-04-22T22:50:15.800+0300] {logging_mixin.py:137} INFO - [2023-04-22T22:50:15.800+0300] {manager.py:504} INFO - Created Permission View: can read on DAG:example_external_task_marker_parent
[2023-04-22T22:50:15.803+0300] {logging_mixin.py:137} INFO - [2023-04-22T22:50:15.803+0300] {manager.py:504} INFO - Created Permission View: can edit on DAG:example_external_task_marker_parent
[2023-04-22T22:50:15.803+0300] {logging_mixin.py:137} INFO - [2023-04-22T22:50:15.803+0300] {dag.py:2705} INFO - Sync 2 DAGs
[2023-04-22T22:50:15.810+0300] {logging_mixin.py:137} INFO - [2023-04-22T22:50:15.810+0300] {dag.py:2726} INFO - Creating ORM DAG for example_external_task_marker_child
[2023-04-22T22:50:15.810+0300] {logging_mixin.py:137} INFO - [2023-04-22T22:50:15.810+0300] {dag.py:2726} INFO - Creating ORM DAG for example_external_task_marker_parent
[2023-04-22T22:50:15.817+0300] {logging_mixin.py:137} INFO - [2023-04-22T22:50:15.817+0300] {dag.py:3452} INFO - Setting next_dagrun for example_external_task_marker_child to None, run_after=None
[2023-04-22T22:50:15.817+0300] {logging_mixin.py:137} INFO - [2023-04-22T22:50:15.817+0300] {dag.py:3452} INFO - Setting next_dagrun for example_external_task_marker_parent to None, run_after=None
[2023-04-22T22:50:15.828+0300] {processor.py:175} INFO - Processing /home/vladimir/.local/lib/python3.10/site-packages/airflow/example_dags/example_external_task_marker_dag.py took 0.123 seconds
[2023-04-22T22:50:58.519+0300] {processor.py:153} INFO - Started process (PID=11472) to work on /home/vladimir/.local/lib/python3.10/site-packages/airflow/example_dags/example_external_task_marker_dag.py
[2023-04-22T22:50:58.519+0300] {processor.py:743} INFO - Processing file /home/vladimir/.local/lib/python3.10/site-packages/airflow/example_dags/example_external_task_marker_dag.py for tasks to queue
[2023-04-22T22:50:58.520+0300] {logging_mixin.py:137} INFO - [2023-04-22T22:50:58.520+0300] {dagbag.py:532} INFO - Filling up the DagBag from /home/vladimir/.local/lib/python3.10/site-packages/airflow/example_dags/example_external_task_marker_dag.py
[2023-04-22T22:50:58.529+0300] {processor.py:753} INFO - DAG(s) dict_keys(['example_external_task_marker_child', 'example_external_task_marker_parent']) retrieved from /home/vladimir/.local/lib/python3.10/site-packages/airflow/example_dags/example_external_task_marker_dag.py
[2023-04-22T22:50:58.544+0300] {logging_mixin.py:137} INFO - [2023-04-22T22:50:58.544+0300] {dag.py:2705} INFO - Sync 2 DAGs
[2023-04-22T22:50:58.557+0300] {logging_mixin.py:137} INFO - [2023-04-22T22:50:58.556+0300] {dag.py:3452} INFO - Setting next_dagrun for example_external_task_marker_child to None, run_after=None
[2023-04-22T22:50:58.558+0300] {logging_mixin.py:137} INFO - [2023-04-22T22:50:58.558+0300] {dag.py:3452} INFO - Setting next_dagrun for example_external_task_marker_parent to None, run_after=None
[2023-04-22T22:50:58.568+0300] {processor.py:175} INFO - Processing /home/vladimir/.local/lib/python3.10/site-packages/airflow/example_dags/example_external_task_marker_dag.py took 0.052 seconds
[2023-04-22T22:51:42.193+0300] {processor.py:153} INFO - Started process (PID=11589) to work on /home/vladimir/.local/lib/python3.10/site-packages/airflow/example_dags/example_external_task_marker_dag.py
[2023-04-22T22:51:42.194+0300] {processor.py:743} INFO - Processing file /home/vladimir/.local/lib/python3.10/site-packages/airflow/example_dags/example_external_task_marker_dag.py for tasks to queue
[2023-04-22T22:51:42.195+0300] {logging_mixin.py:137} INFO - [2023-04-22T22:51:42.194+0300] {dagbag.py:532} INFO - Filling up the DagBag from /home/vladimir/.local/lib/python3.10/site-packages/airflow/example_dags/example_external_task_marker_dag.py
[2023-04-22T22:51:42.204+0300] {processor.py:753} INFO - DAG(s) dict_keys(['example_external_task_marker_parent', 'example_external_task_marker_child']) retrieved from /home/vladimir/.local/lib/python3.10/site-packages/airflow/example_dags/example_external_task_marker_dag.py
[2023-04-22T22:51:42.226+0300] {logging_mixin.py:137} INFO - [2023-04-22T22:51:42.226+0300] {dag.py:2705} INFO - Sync 2 DAGs
[2023-04-22T22:51:42.239+0300] {logging_mixin.py:137} INFO - [2023-04-22T22:51:42.239+0300] {dag.py:3452} INFO - Setting next_dagrun for example_external_task_marker_child to None, run_after=None
[2023-04-22T22:51:42.241+0300] {logging_mixin.py:137} INFO - [2023-04-22T22:51:42.241+0300] {dag.py:3452} INFO - Setting next_dagrun for example_external_task_marker_parent to None, run_after=None
[2023-04-22T22:51:42.251+0300] {processor.py:175} INFO - Processing /home/vladimir/.local/lib/python3.10/site-packages/airflow/example_dags/example_external_task_marker_dag.py took 0.060 seconds
[2023-04-22T22:52:20.610+0300] {processor.py:153} INFO - Started process (PID=11636) to work on /home/vladimir/.local/lib/python3.10/site-packages/airflow/example_dags/example_external_task_marker_dag.py
[2023-04-22T22:52:20.610+0300] {processor.py:743} INFO - Processing file /home/vladimir/.local/lib/python3.10/site-packages/airflow/example_dags/example_external_task_marker_dag.py for tasks to queue
[2023-04-22T22:52:20.611+0300] {logging_mixin.py:137} INFO - [2023-04-22T22:52:20.611+0300] {dagbag.py:532} INFO - Filling up the DagBag from /home/vladimir/.local/lib/python3.10/site-packages/airflow/example_dags/example_external_task_marker_dag.py
[2023-04-22T22:52:20.620+0300] {processor.py:753} INFO - DAG(s) dict_keys(['example_external_task_marker_child', 'example_external_task_marker_parent']) retrieved from /home/vladimir/.local/lib/python3.10/site-packages/airflow/example_dags/example_external_task_marker_dag.py
[2023-04-22T22:52:20.635+0300] {logging_mixin.py:137} INFO - [2023-04-22T22:52:20.635+0300] {dag.py:2705} INFO - Sync 2 DAGs
[2023-04-22T22:52:20.646+0300] {logging_mixin.py:137} INFO - [2023-04-22T22:52:20.646+0300] {dag.py:3452} INFO - Setting next_dagrun for example_external_task_marker_child to None, run_after=None
[2023-04-22T22:52:20.648+0300] {logging_mixin.py:137} INFO - [2023-04-22T22:52:20.648+0300] {dag.py:3452} INFO - Setting next_dagrun for example_external_task_marker_parent to None, run_after=None
[2023-04-22T22:52:20.659+0300] {processor.py:175} INFO - Processing /home/vladimir/.local/lib/python3.10/site-packages/airflow/example_dags/example_external_task_marker_dag.py took 0.051 seconds
[2023-04-22T22:52:58.241+0300] {processor.py:153} INFO - Started process (PID=11684) to work on /home/vladimir/.local/lib/python3.10/site-packages/airflow/example_dags/example_external_task_marker_dag.py
[2023-04-22T22:52:58.242+0300] {processor.py:743} INFO - Processing file /home/vladimir/.local/lib/python3.10/site-packages/airflow/example_dags/example_external_task_marker_dag.py for tasks to queue
[2023-04-22T22:52:58.242+0300] {logging_mixin.py:137} INFO - [2023-04-22T22:52:58.242+0300] {dagbag.py:532} INFO - Filling up the DagBag from /home/vladimir/.local/lib/python3.10/site-packages/airflow/example_dags/example_external_task_marker_dag.py
[2023-04-22T22:52:58.254+0300] {processor.py:753} INFO - DAG(s) dict_keys(['example_external_task_marker_parent', 'example_external_task_marker_child']) retrieved from /home/vladimir/.local/lib/python3.10/site-packages/airflow/example_dags/example_external_task_marker_dag.py
[2023-04-22T22:52:58.269+0300] {logging_mixin.py:137} INFO - [2023-04-22T22:52:58.269+0300] {dag.py:2705} INFO - Sync 2 DAGs
[2023-04-22T22:52:58.282+0300] {logging_mixin.py:137} INFO - [2023-04-22T22:52:58.282+0300] {dag.py:3452} INFO - Setting next_dagrun for example_external_task_marker_child to None, run_after=None
[2023-04-22T22:52:58.284+0300] {logging_mixin.py:137} INFO - [2023-04-22T22:52:58.283+0300] {dag.py:3452} INFO - Setting next_dagrun for example_external_task_marker_parent to None, run_after=None
[2023-04-22T22:52:58.295+0300] {processor.py:175} INFO - Processing /home/vladimir/.local/lib/python3.10/site-packages/airflow/example_dags/example_external_task_marker_dag.py took 0.057 seconds
[2023-04-22T22:53:35.517+0300] {processor.py:153} INFO - Started process (PID=11734) to work on /home/vladimir/.local/lib/python3.10/site-packages/airflow/example_dags/example_external_task_marker_dag.py
[2023-04-22T22:53:35.518+0300] {processor.py:743} INFO - Processing file /home/vladimir/.local/lib/python3.10/site-packages/airflow/example_dags/example_external_task_marker_dag.py for tasks to queue
[2023-04-22T22:53:35.518+0300] {logging_mixin.py:137} INFO - [2023-04-22T22:53:35.518+0300] {dagbag.py:532} INFO - Filling up the DagBag from /home/vladimir/.local/lib/python3.10/site-packages/airflow/example_dags/example_external_task_marker_dag.py
[2023-04-22T22:53:35.527+0300] {processor.py:753} INFO - DAG(s) dict_keys(['example_external_task_marker_parent', 'example_external_task_marker_child']) retrieved from /home/vladimir/.local/lib/python3.10/site-packages/airflow/example_dags/example_external_task_marker_dag.py
[2023-04-22T22:53:35.541+0300] {logging_mixin.py:137} INFO - [2023-04-22T22:53:35.541+0300] {dag.py:2705} INFO - Sync 2 DAGs
[2023-04-22T22:53:35.553+0300] {logging_mixin.py:137} INFO - [2023-04-22T22:53:35.553+0300] {dag.py:3452} INFO - Setting next_dagrun for example_external_task_marker_child to None, run_after=None
[2023-04-22T22:53:35.554+0300] {logging_mixin.py:137} INFO - [2023-04-22T22:53:35.554+0300] {dag.py:3452} INFO - Setting next_dagrun for example_external_task_marker_parent to None, run_after=None
[2023-04-22T22:53:35.565+0300] {processor.py:175} INFO - Processing /home/vladimir/.local/lib/python3.10/site-packages/airflow/example_dags/example_external_task_marker_dag.py took 0.050 seconds
[2023-04-22T22:54:16.643+0300] {processor.py:153} INFO - Started process (PID=11796) to work on /home/vladimir/.local/lib/python3.10/site-packages/airflow/example_dags/example_external_task_marker_dag.py
[2023-04-22T22:54:16.644+0300] {processor.py:743} INFO - Processing file /home/vladimir/.local/lib/python3.10/site-packages/airflow/example_dags/example_external_task_marker_dag.py for tasks to queue
[2023-04-22T22:54:16.644+0300] {logging_mixin.py:137} INFO - [2023-04-22T22:54:16.644+0300] {dagbag.py:532} INFO - Filling up the DagBag from /home/vladimir/.local/lib/python3.10/site-packages/airflow/example_dags/example_external_task_marker_dag.py
[2023-04-22T22:54:16.654+0300] {processor.py:753} INFO - DAG(s) dict_keys(['example_external_task_marker_parent', 'example_external_task_marker_child']) retrieved from /home/vladimir/.local/lib/python3.10/site-packages/airflow/example_dags/example_external_task_marker_dag.py
[2023-04-22T22:54:16.668+0300] {logging_mixin.py:137} INFO - [2023-04-22T22:54:16.668+0300] {dag.py:2705} INFO - Sync 2 DAGs
[2023-04-22T22:54:16.679+0300] {logging_mixin.py:137} INFO - [2023-04-22T22:54:16.679+0300] {dag.py:3452} INFO - Setting next_dagrun for example_external_task_marker_child to None, run_after=None
[2023-04-22T22:54:16.681+0300] {logging_mixin.py:137} INFO - [2023-04-22T22:54:16.681+0300] {dag.py:3452} INFO - Setting next_dagrun for example_external_task_marker_parent to None, run_after=None
[2023-04-22T22:54:16.692+0300] {processor.py:175} INFO - Processing /home/vladimir/.local/lib/python3.10/site-packages/airflow/example_dags/example_external_task_marker_dag.py took 0.052 seconds
[2023-04-22T22:54:55.465+0300] {processor.py:153} INFO - Started process (PID=11865) to work on /home/vladimir/.local/lib/python3.10/site-packages/airflow/example_dags/example_external_task_marker_dag.py
[2023-04-22T22:54:55.465+0300] {processor.py:743} INFO - Processing file /home/vladimir/.local/lib/python3.10/site-packages/airflow/example_dags/example_external_task_marker_dag.py for tasks to queue
[2023-04-22T22:54:55.466+0300] {logging_mixin.py:137} INFO - [2023-04-22T22:54:55.466+0300] {dagbag.py:532} INFO - Filling up the DagBag from /home/vladimir/.local/lib/python3.10/site-packages/airflow/example_dags/example_external_task_marker_dag.py
[2023-04-22T22:54:55.475+0300] {processor.py:753} INFO - DAG(s) dict_keys(['example_external_task_marker_parent', 'example_external_task_marker_child']) retrieved from /home/vladimir/.local/lib/python3.10/site-packages/airflow/example_dags/example_external_task_marker_dag.py
[2023-04-22T22:54:55.490+0300] {logging_mixin.py:137} INFO - [2023-04-22T22:54:55.490+0300] {dag.py:2705} INFO - Sync 2 DAGs
[2023-04-22T22:54:55.502+0300] {logging_mixin.py:137} INFO - [2023-04-22T22:54:55.502+0300] {dag.py:3452} INFO - Setting next_dagrun for example_external_task_marker_child to None, run_after=None
[2023-04-22T22:54:55.504+0300] {logging_mixin.py:137} INFO - [2023-04-22T22:54:55.504+0300] {dag.py:3452} INFO - Setting next_dagrun for example_external_task_marker_parent to None, run_after=None
[2023-04-22T22:54:55.514+0300] {processor.py:175} INFO - Processing /home/vladimir/.local/lib/python3.10/site-packages/airflow/example_dags/example_external_task_marker_dag.py took 0.052 seconds
[2023-04-22T22:55:35.973+0300] {processor.py:153} INFO - Started process (PID=11915) to work on /home/vladimir/.local/lib/python3.10/site-packages/airflow/example_dags/example_external_task_marker_dag.py
[2023-04-22T22:55:35.974+0300] {processor.py:743} INFO - Processing file /home/vladimir/.local/lib/python3.10/site-packages/airflow/example_dags/example_external_task_marker_dag.py for tasks to queue
[2023-04-22T22:55:35.974+0300] {logging_mixin.py:137} INFO - [2023-04-22T22:55:35.974+0300] {dagbag.py:532} INFO - Filling up the DagBag from /home/vladimir/.local/lib/python3.10/site-packages/airflow/example_dags/example_external_task_marker_dag.py
[2023-04-22T22:55:35.982+0300] {processor.py:753} INFO - DAG(s) dict_keys(['example_external_task_marker_child', 'example_external_task_marker_parent']) retrieved from /home/vladimir/.local/lib/python3.10/site-packages/airflow/example_dags/example_external_task_marker_dag.py
[2023-04-22T22:55:35.996+0300] {logging_mixin.py:137} INFO - [2023-04-22T22:55:35.996+0300] {dag.py:2705} INFO - Sync 2 DAGs
[2023-04-22T22:55:36.008+0300] {logging_mixin.py:137} INFO - [2023-04-22T22:55:36.008+0300] {dag.py:3452} INFO - Setting next_dagrun for example_external_task_marker_child to None, run_after=None
[2023-04-22T22:55:36.009+0300] {logging_mixin.py:137} INFO - [2023-04-22T22:55:36.009+0300] {dag.py:3452} INFO - Setting next_dagrun for example_external_task_marker_parent to None, run_after=None
[2023-04-22T22:55:36.020+0300] {processor.py:175} INFO - Processing /home/vladimir/.local/lib/python3.10/site-packages/airflow/example_dags/example_external_task_marker_dag.py took 0.049 seconds
[2023-04-22T22:56:12.371+0300] {processor.py:153} INFO - Started process (PID=11968) to work on /home/vladimir/.local/lib/python3.10/site-packages/airflow/example_dags/example_external_task_marker_dag.py
[2023-04-22T22:56:12.374+0300] {processor.py:743} INFO - Processing file /home/vladimir/.local/lib/python3.10/site-packages/airflow/example_dags/example_external_task_marker_dag.py for tasks to queue
[2023-04-22T22:56:12.375+0300] {logging_mixin.py:137} INFO - [2023-04-22T22:56:12.375+0300] {dagbag.py:532} INFO - Filling up the DagBag from /home/vladimir/.local/lib/python3.10/site-packages/airflow/example_dags/example_external_task_marker_dag.py
[2023-04-22T22:56:12.388+0300] {processor.py:753} INFO - DAG(s) dict_keys(['example_external_task_marker_parent', 'example_external_task_marker_child']) retrieved from /home/vladimir/.local/lib/python3.10/site-packages/airflow/example_dags/example_external_task_marker_dag.py
[2023-04-22T22:56:12.409+0300] {logging_mixin.py:137} INFO - [2023-04-22T22:56:12.409+0300] {dag.py:2705} INFO - Sync 2 DAGs
[2023-04-22T22:56:12.426+0300] {logging_mixin.py:137} INFO - [2023-04-22T22:56:12.426+0300] {dag.py:3452} INFO - Setting next_dagrun for example_external_task_marker_child to None, run_after=None
[2023-04-22T22:56:12.428+0300] {logging_mixin.py:137} INFO - [2023-04-22T22:56:12.428+0300] {dag.py:3452} INFO - Setting next_dagrun for example_external_task_marker_parent to None, run_after=None
[2023-04-22T22:56:12.442+0300] {processor.py:175} INFO - Processing /home/vladimir/.local/lib/python3.10/site-packages/airflow/example_dags/example_external_task_marker_dag.py took 0.074 seconds
[2023-04-23T01:28:58.960+0300] {processor.py:153} INFO - Started process (PID=4387) to work on /home/vladimir/.local/lib/python3.10/site-packages/airflow/example_dags/example_external_task_marker_dag.py
[2023-04-23T01:28:59.037+0300] {processor.py:743} INFO - Processing file /home/vladimir/.local/lib/python3.10/site-packages/airflow/example_dags/example_external_task_marker_dag.py for tasks to queue
[2023-04-23T01:28:59.038+0300] {logging_mixin.py:137} INFO - [2023-04-23T01:28:59.037+0300] {dagbag.py:532} INFO - Filling up the DagBag from /home/vladimir/.local/lib/python3.10/site-packages/airflow/example_dags/example_external_task_marker_dag.py
[2023-04-23T01:28:59.047+0300] {processor.py:753} INFO - DAG(s) dict_keys(['example_external_task_marker_child', 'example_external_task_marker_parent']) retrieved from /home/vladimir/.local/lib/python3.10/site-packages/airflow/example_dags/example_external_task_marker_dag.py
[2023-04-23T01:28:59.067+0300] {logging_mixin.py:137} INFO - [2023-04-23T01:28:59.067+0300] {dag.py:2705} INFO - Sync 2 DAGs
[2023-04-23T01:28:59.096+0300] {logging_mixin.py:137} INFO - [2023-04-23T01:28:59.096+0300] {dag.py:3452} INFO - Setting next_dagrun for example_external_task_marker_child to None, run_after=None
[2023-04-23T01:28:59.100+0300] {logging_mixin.py:137} INFO - [2023-04-23T01:28:59.099+0300] {dag.py:3452} INFO - Setting next_dagrun for example_external_task_marker_parent to None, run_after=None
[2023-04-23T01:28:59.120+0300] {processor.py:175} INFO - Processing /home/vladimir/.local/lib/python3.10/site-packages/airflow/example_dags/example_external_task_marker_dag.py took 0.162 seconds
[2023-04-23T01:29:39.007+0300] {processor.py:153} INFO - Started process (PID=4453) to work on /home/vladimir/.local/lib/python3.10/site-packages/airflow/example_dags/example_external_task_marker_dag.py
[2023-04-23T01:29:39.008+0300] {processor.py:743} INFO - Processing file /home/vladimir/.local/lib/python3.10/site-packages/airflow/example_dags/example_external_task_marker_dag.py for tasks to queue
[2023-04-23T01:29:39.009+0300] {logging_mixin.py:137} INFO - [2023-04-23T01:29:39.009+0300] {dagbag.py:532} INFO - Filling up the DagBag from /home/vladimir/.local/lib/python3.10/site-packages/airflow/example_dags/example_external_task_marker_dag.py
[2023-04-23T01:29:39.019+0300] {processor.py:753} INFO - DAG(s) dict_keys(['example_external_task_marker_child', 'example_external_task_marker_parent']) retrieved from /home/vladimir/.local/lib/python3.10/site-packages/airflow/example_dags/example_external_task_marker_dag.py
[2023-04-23T01:29:39.033+0300] {logging_mixin.py:137} INFO - [2023-04-23T01:29:39.033+0300] {dag.py:2705} INFO - Sync 2 DAGs
[2023-04-23T01:29:39.045+0300] {logging_mixin.py:137} INFO - [2023-04-23T01:29:39.045+0300] {dag.py:3452} INFO - Setting next_dagrun for example_external_task_marker_child to None, run_after=None
[2023-04-23T01:29:39.047+0300] {logging_mixin.py:137} INFO - [2023-04-23T01:29:39.047+0300] {dag.py:3452} INFO - Setting next_dagrun for example_external_task_marker_parent to None, run_after=None
[2023-04-23T01:29:39.058+0300] {processor.py:175} INFO - Processing /home/vladimir/.local/lib/python3.10/site-packages/airflow/example_dags/example_external_task_marker_dag.py took 0.052 seconds
[2023-04-23T01:30:20.376+0300] {processor.py:153} INFO - Started process (PID=4501) to work on /home/vladimir/.local/lib/python3.10/site-packages/airflow/example_dags/example_external_task_marker_dag.py
[2023-04-23T01:30:20.377+0300] {processor.py:743} INFO - Processing file /home/vladimir/.local/lib/python3.10/site-packages/airflow/example_dags/example_external_task_marker_dag.py for tasks to queue
[2023-04-23T01:30:20.378+0300] {logging_mixin.py:137} INFO - [2023-04-23T01:30:20.378+0300] {dagbag.py:532} INFO - Filling up the DagBag from /home/vladimir/.local/lib/python3.10/site-packages/airflow/example_dags/example_external_task_marker_dag.py
[2023-04-23T01:30:20.388+0300] {processor.py:753} INFO - DAG(s) dict_keys(['example_external_task_marker_child', 'example_external_task_marker_parent']) retrieved from /home/vladimir/.local/lib/python3.10/site-packages/airflow/example_dags/example_external_task_marker_dag.py
[2023-04-23T01:30:20.406+0300] {logging_mixin.py:137} INFO - [2023-04-23T01:30:20.406+0300] {dag.py:2705} INFO - Sync 2 DAGs
[2023-04-23T01:30:20.419+0300] {logging_mixin.py:137} INFO - [2023-04-23T01:30:20.419+0300] {dag.py:3452} INFO - Setting next_dagrun for example_external_task_marker_child to None, run_after=None
[2023-04-23T01:30:20.421+0300] {logging_mixin.py:137} INFO - [2023-04-23T01:30:20.421+0300] {dag.py:3452} INFO - Setting next_dagrun for example_external_task_marker_parent to None, run_after=None
[2023-04-23T01:30:20.432+0300] {processor.py:175} INFO - Processing /home/vladimir/.local/lib/python3.10/site-packages/airflow/example_dags/example_external_task_marker_dag.py took 0.058 seconds
[2023-04-23T01:31:01.375+0300] {processor.py:153} INFO - Started process (PID=4590) to work on /home/vladimir/.local/lib/python3.10/site-packages/airflow/example_dags/example_external_task_marker_dag.py
[2023-04-23T01:31:01.376+0300] {processor.py:743} INFO - Processing file /home/vladimir/.local/lib/python3.10/site-packages/airflow/example_dags/example_external_task_marker_dag.py for tasks to queue
[2023-04-23T01:31:01.376+0300] {logging_mixin.py:137} INFO - [2023-04-23T01:31:01.376+0300] {dagbag.py:532} INFO - Filling up the DagBag from /home/vladimir/.local/lib/python3.10/site-packages/airflow/example_dags/example_external_task_marker_dag.py
[2023-04-23T01:31:01.386+0300] {processor.py:753} INFO - DAG(s) dict_keys(['example_external_task_marker_child', 'example_external_task_marker_parent']) retrieved from /home/vladimir/.local/lib/python3.10/site-packages/airflow/example_dags/example_external_task_marker_dag.py
[2023-04-23T01:31:01.401+0300] {logging_mixin.py:137} INFO - [2023-04-23T01:31:01.401+0300] {dag.py:2705} INFO - Sync 2 DAGs
[2023-04-23T01:31:01.414+0300] {logging_mixin.py:137} INFO - [2023-04-23T01:31:01.414+0300] {dag.py:3452} INFO - Setting next_dagrun for example_external_task_marker_child to None, run_after=None
[2023-04-23T01:31:01.415+0300] {logging_mixin.py:137} INFO - [2023-04-23T01:31:01.415+0300] {dag.py:3452} INFO - Setting next_dagrun for example_external_task_marker_parent to None, run_after=None
[2023-04-23T01:31:01.426+0300] {processor.py:175} INFO - Processing /home/vladimir/.local/lib/python3.10/site-packages/airflow/example_dags/example_external_task_marker_dag.py took 0.053 seconds
[2023-04-23T01:31:42.410+0300] {processor.py:153} INFO - Started process (PID=4653) to work on /home/vladimir/.local/lib/python3.10/site-packages/airflow/example_dags/example_external_task_marker_dag.py
[2023-04-23T01:31:42.411+0300] {processor.py:743} INFO - Processing file /home/vladimir/.local/lib/python3.10/site-packages/airflow/example_dags/example_external_task_marker_dag.py for tasks to queue
[2023-04-23T01:31:42.411+0300] {logging_mixin.py:137} INFO - [2023-04-23T01:31:42.411+0300] {dagbag.py:532} INFO - Filling up the DagBag from /home/vladimir/.local/lib/python3.10/site-packages/airflow/example_dags/example_external_task_marker_dag.py
[2023-04-23T01:31:42.422+0300] {processor.py:753} INFO - DAG(s) dict_keys(['example_external_task_marker_child', 'example_external_task_marker_parent']) retrieved from /home/vladimir/.local/lib/python3.10/site-packages/airflow/example_dags/example_external_task_marker_dag.py
[2023-04-23T01:31:42.437+0300] {logging_mixin.py:137} INFO - [2023-04-23T01:31:42.437+0300] {dag.py:2705} INFO - Sync 2 DAGs
[2023-04-23T01:31:42.449+0300] {logging_mixin.py:137} INFO - [2023-04-23T01:31:42.449+0300] {dag.py:3452} INFO - Setting next_dagrun for example_external_task_marker_child to None, run_after=None
[2023-04-23T01:31:42.451+0300] {logging_mixin.py:137} INFO - [2023-04-23T01:31:42.451+0300] {dag.py:3452} INFO - Setting next_dagrun for example_external_task_marker_parent to None, run_after=None
[2023-04-23T01:31:42.462+0300] {processor.py:175} INFO - Processing /home/vladimir/.local/lib/python3.10/site-packages/airflow/example_dags/example_external_task_marker_dag.py took 0.055 seconds
[2023-04-23T01:32:25.792+0300] {processor.py:153} INFO - Started process (PID=4700) to work on /home/vladimir/.local/lib/python3.10/site-packages/airflow/example_dags/example_external_task_marker_dag.py
[2023-04-23T01:32:25.793+0300] {processor.py:743} INFO - Processing file /home/vladimir/.local/lib/python3.10/site-packages/airflow/example_dags/example_external_task_marker_dag.py for tasks to queue
[2023-04-23T01:32:25.794+0300] {logging_mixin.py:137} INFO - [2023-04-23T01:32:25.794+0300] {dagbag.py:532} INFO - Filling up the DagBag from /home/vladimir/.local/lib/python3.10/site-packages/airflow/example_dags/example_external_task_marker_dag.py
[2023-04-23T01:32:25.803+0300] {processor.py:753} INFO - DAG(s) dict_keys(['example_external_task_marker_parent', 'example_external_task_marker_child']) retrieved from /home/vladimir/.local/lib/python3.10/site-packages/airflow/example_dags/example_external_task_marker_dag.py
[2023-04-23T01:32:25.818+0300] {logging_mixin.py:137} INFO - [2023-04-23T01:32:25.818+0300] {dag.py:2705} INFO - Sync 2 DAGs
[2023-04-23T01:32:25.830+0300] {logging_mixin.py:137} INFO - [2023-04-23T01:32:25.830+0300] {dag.py:3452} INFO - Setting next_dagrun for example_external_task_marker_child to None, run_after=None
[2023-04-23T01:32:25.831+0300] {logging_mixin.py:137} INFO - [2023-04-23T01:32:25.831+0300] {dag.py:3452} INFO - Setting next_dagrun for example_external_task_marker_parent to None, run_after=None
[2023-04-23T01:32:25.842+0300] {processor.py:175} INFO - Processing /home/vladimir/.local/lib/python3.10/site-packages/airflow/example_dags/example_external_task_marker_dag.py took 0.052 seconds
[2023-04-23T01:33:04.539+0300] {processor.py:153} INFO - Started process (PID=4761) to work on /home/vladimir/.local/lib/python3.10/site-packages/airflow/example_dags/example_external_task_marker_dag.py
[2023-04-23T01:33:04.540+0300] {processor.py:743} INFO - Processing file /home/vladimir/.local/lib/python3.10/site-packages/airflow/example_dags/example_external_task_marker_dag.py for tasks to queue
[2023-04-23T01:33:04.540+0300] {logging_mixin.py:137} INFO - [2023-04-23T01:33:04.540+0300] {dagbag.py:532} INFO - Filling up the DagBag from /home/vladimir/.local/lib/python3.10/site-packages/airflow/example_dags/example_external_task_marker_dag.py
[2023-04-23T01:33:04.551+0300] {processor.py:753} INFO - DAG(s) dict_keys(['example_external_task_marker_child', 'example_external_task_marker_parent']) retrieved from /home/vladimir/.local/lib/python3.10/site-packages/airflow/example_dags/example_external_task_marker_dag.py
[2023-04-23T01:33:04.565+0300] {logging_mixin.py:137} INFO - [2023-04-23T01:33:04.565+0300] {dag.py:2705} INFO - Sync 2 DAGs
[2023-04-23T01:33:04.578+0300] {logging_mixin.py:137} INFO - [2023-04-23T01:33:04.578+0300] {dag.py:3452} INFO - Setting next_dagrun for example_external_task_marker_child to None, run_after=None
[2023-04-23T01:33:04.580+0300] {logging_mixin.py:137} INFO - [2023-04-23T01:33:04.580+0300] {dag.py:3452} INFO - Setting next_dagrun for example_external_task_marker_parent to None, run_after=None
[2023-04-23T01:33:04.590+0300] {processor.py:175} INFO - Processing /home/vladimir/.local/lib/python3.10/site-packages/airflow/example_dags/example_external_task_marker_dag.py took 0.053 seconds
[2023-04-23T01:33:45.649+0300] {processor.py:153} INFO - Started process (PID=4812) to work on /home/vladimir/.local/lib/python3.10/site-packages/airflow/example_dags/example_external_task_marker_dag.py
[2023-04-23T01:33:45.650+0300] {processor.py:743} INFO - Processing file /home/vladimir/.local/lib/python3.10/site-packages/airflow/example_dags/example_external_task_marker_dag.py for tasks to queue
[2023-04-23T01:33:45.650+0300] {logging_mixin.py:137} INFO - [2023-04-23T01:33:45.650+0300] {dagbag.py:532} INFO - Filling up the DagBag from /home/vladimir/.local/lib/python3.10/site-packages/airflow/example_dags/example_external_task_marker_dag.py
[2023-04-23T01:33:45.659+0300] {processor.py:753} INFO - DAG(s) dict_keys(['example_external_task_marker_child', 'example_external_task_marker_parent']) retrieved from /home/vladimir/.local/lib/python3.10/site-packages/airflow/example_dags/example_external_task_marker_dag.py
[2023-04-23T01:33:45.673+0300] {logging_mixin.py:137} INFO - [2023-04-23T01:33:45.673+0300] {dag.py:2705} INFO - Sync 2 DAGs
[2023-04-23T01:33:45.686+0300] {logging_mixin.py:137} INFO - [2023-04-23T01:33:45.686+0300] {dag.py:3452} INFO - Setting next_dagrun for example_external_task_marker_child to None, run_after=None
[2023-04-23T01:33:45.688+0300] {logging_mixin.py:137} INFO - [2023-04-23T01:33:45.688+0300] {dag.py:3452} INFO - Setting next_dagrun for example_external_task_marker_parent to None, run_after=None
[2023-04-23T01:33:45.700+0300] {processor.py:175} INFO - Processing /home/vladimir/.local/lib/python3.10/site-packages/airflow/example_dags/example_external_task_marker_dag.py took 0.053 seconds
[2023-04-23T01:34:26.747+0300] {processor.py:153} INFO - Started process (PID=4921) to work on /home/vladimir/.local/lib/python3.10/site-packages/airflow/example_dags/example_external_task_marker_dag.py
[2023-04-23T01:34:26.748+0300] {processor.py:743} INFO - Processing file /home/vladimir/.local/lib/python3.10/site-packages/airflow/example_dags/example_external_task_marker_dag.py for tasks to queue
[2023-04-23T01:34:26.748+0300] {logging_mixin.py:137} INFO - [2023-04-23T01:34:26.748+0300] {dagbag.py:532} INFO - Filling up the DagBag from /home/vladimir/.local/lib/python3.10/site-packages/airflow/example_dags/example_external_task_marker_dag.py
[2023-04-23T01:34:26.758+0300] {processor.py:753} INFO - DAG(s) dict_keys(['example_external_task_marker_parent', 'example_external_task_marker_child']) retrieved from /home/vladimir/.local/lib/python3.10/site-packages/airflow/example_dags/example_external_task_marker_dag.py
[2023-04-23T01:34:26.772+0300] {logging_mixin.py:137} INFO - [2023-04-23T01:34:26.772+0300] {dag.py:2705} INFO - Sync 2 DAGs
[2023-04-23T01:34:26.784+0300] {logging_mixin.py:137} INFO - [2023-04-23T01:34:26.784+0300] {dag.py:3452} INFO - Setting next_dagrun for example_external_task_marker_child to None, run_after=None
[2023-04-23T01:34:26.786+0300] {logging_mixin.py:137} INFO - [2023-04-23T01:34:26.786+0300] {dag.py:3452} INFO - Setting next_dagrun for example_external_task_marker_parent to None, run_after=None
[2023-04-23T01:34:26.797+0300] {processor.py:175} INFO - Processing /home/vladimir/.local/lib/python3.10/site-packages/airflow/example_dags/example_external_task_marker_dag.py took 0.052 seconds
[2023-04-23T01:35:04.986+0300] {processor.py:153} INFO - Started process (PID=4971) to work on /home/vladimir/.local/lib/python3.10/site-packages/airflow/example_dags/example_external_task_marker_dag.py
[2023-04-23T01:35:04.988+0300] {processor.py:743} INFO - Processing file /home/vladimir/.local/lib/python3.10/site-packages/airflow/example_dags/example_external_task_marker_dag.py for tasks to queue
[2023-04-23T01:35:04.989+0300] {logging_mixin.py:137} INFO - [2023-04-23T01:35:04.989+0300] {dagbag.py:532} INFO - Filling up the DagBag from /home/vladimir/.local/lib/python3.10/site-packages/airflow/example_dags/example_external_task_marker_dag.py
[2023-04-23T01:35:04.999+0300] {processor.py:753} INFO - DAG(s) dict_keys(['example_external_task_marker_parent', 'example_external_task_marker_child']) retrieved from /home/vladimir/.local/lib/python3.10/site-packages/airflow/example_dags/example_external_task_marker_dag.py
[2023-04-23T01:35:05.016+0300] {logging_mixin.py:137} INFO - [2023-04-23T01:35:05.016+0300] {dag.py:2705} INFO - Sync 2 DAGs
[2023-04-23T01:35:05.029+0300] {logging_mixin.py:137} INFO - [2023-04-23T01:35:05.029+0300] {dag.py:3452} INFO - Setting next_dagrun for example_external_task_marker_child to None, run_after=None
[2023-04-23T01:35:05.030+0300] {logging_mixin.py:137} INFO - [2023-04-23T01:35:05.030+0300] {dag.py:3452} INFO - Setting next_dagrun for example_external_task_marker_parent to None, run_after=None
[2023-04-23T01:35:05.042+0300] {processor.py:175} INFO - Processing /home/vladimir/.local/lib/python3.10/site-packages/airflow/example_dags/example_external_task_marker_dag.py took 0.057 seconds
