[2023-04-22T22:49:57.763+0300] {processor.py:153} INFO - Started process (PID=11355) to work on /home/vladimir/.local/lib/python3.10/site-packages/airflow/example_dags/example_kubernetes_executor.py
[2023-04-22T22:49:57.764+0300] {processor.py:743} INFO - Processing file /home/vladimir/.local/lib/python3.10/site-packages/airflow/example_dags/example_kubernetes_executor.py for tasks to queue
[2023-04-22T22:49:57.764+0300] {logging_mixin.py:137} INFO - [2023-04-22T22:49:57.764+0300] {dagbag.py:532} INFO - Filling up the DagBag from /home/vladimir/.local/lib/python3.10/site-packages/airflow/example_dags/example_kubernetes_executor.py
[2023-04-22T22:49:57.857+0300] {processor.py:753} INFO - DAG(s) dict_keys(['example_kubernetes_executor']) retrieved from /home/vladimir/.local/lib/python3.10/site-packages/airflow/example_dags/example_kubernetes_executor.py
[2023-04-22T22:49:58.118+0300] {logging_mixin.py:137} INFO - [2023-04-22T22:49:58.118+0300] {manager.py:504} INFO - Created Permission View: can delete on DAG:example_kubernetes_executor
[2023-04-22T22:49:58.123+0300] {logging_mixin.py:137} INFO - [2023-04-22T22:49:58.123+0300] {manager.py:504} INFO - Created Permission View: can read on DAG:example_kubernetes_executor
[2023-04-22T22:49:58.128+0300] {logging_mixin.py:137} INFO - [2023-04-22T22:49:58.128+0300] {manager.py:504} INFO - Created Permission View: can edit on DAG:example_kubernetes_executor
[2023-04-22T22:49:58.128+0300] {logging_mixin.py:137} INFO - [2023-04-22T22:49:58.128+0300] {dag.py:2705} INFO - Sync 1 DAGs
[2023-04-22T22:49:58.136+0300] {logging_mixin.py:137} INFO - [2023-04-22T22:49:58.136+0300] {dag.py:2726} INFO - Creating ORM DAG for example_kubernetes_executor
[2023-04-22T22:49:58.141+0300] {logging_mixin.py:137} INFO - [2023-04-22T22:49:58.141+0300] {dag.py:3452} INFO - Setting next_dagrun for example_kubernetes_executor to None, run_after=None
[2023-04-22T22:49:58.152+0300] {processor.py:175} INFO - Processing /home/vladimir/.local/lib/python3.10/site-packages/airflow/example_dags/example_kubernetes_executor.py took 0.391 seconds
[2023-04-22T22:50:43.151+0300] {processor.py:153} INFO - Started process (PID=11437) to work on /home/vladimir/.local/lib/python3.10/site-packages/airflow/example_dags/example_kubernetes_executor.py
[2023-04-22T22:50:43.152+0300] {processor.py:743} INFO - Processing file /home/vladimir/.local/lib/python3.10/site-packages/airflow/example_dags/example_kubernetes_executor.py for tasks to queue
[2023-04-22T22:50:43.152+0300] {logging_mixin.py:137} INFO - [2023-04-22T22:50:43.152+0300] {dagbag.py:532} INFO - Filling up the DagBag from /home/vladimir/.local/lib/python3.10/site-packages/airflow/example_dags/example_kubernetes_executor.py
[2023-04-22T22:50:43.172+0300] {processor.py:753} INFO - DAG(s) dict_keys(['example_kubernetes_executor']) retrieved from /home/vladimir/.local/lib/python3.10/site-packages/airflow/example_dags/example_kubernetes_executor.py
[2023-04-22T22:50:43.188+0300] {logging_mixin.py:137} INFO - [2023-04-22T22:50:43.188+0300] {dag.py:2705} INFO - Sync 1 DAGs
[2023-04-22T22:50:43.199+0300] {logging_mixin.py:137} INFO - [2023-04-22T22:50:43.199+0300] {dag.py:3452} INFO - Setting next_dagrun for example_kubernetes_executor to None, run_after=None
[2023-04-22T22:50:43.212+0300] {processor.py:175} INFO - Processing /home/vladimir/.local/lib/python3.10/site-packages/airflow/example_dags/example_kubernetes_executor.py took 0.063 seconds
[2023-04-22T22:51:21.960+0300] {processor.py:153} INFO - Started process (PID=11536) to work on /home/vladimir/.local/lib/python3.10/site-packages/airflow/example_dags/example_kubernetes_executor.py
[2023-04-22T22:51:21.967+0300] {processor.py:743} INFO - Processing file /home/vladimir/.local/lib/python3.10/site-packages/airflow/example_dags/example_kubernetes_executor.py for tasks to queue
[2023-04-22T22:51:21.968+0300] {logging_mixin.py:137} INFO - [2023-04-22T22:51:21.968+0300] {dagbag.py:532} INFO - Filling up the DagBag from /home/vladimir/.local/lib/python3.10/site-packages/airflow/example_dags/example_kubernetes_executor.py
[2023-04-22T22:51:22.104+0300] {processor.py:753} INFO - DAG(s) dict_keys(['example_kubernetes_executor']) retrieved from /home/vladimir/.local/lib/python3.10/site-packages/airflow/example_dags/example_kubernetes_executor.py
[2023-04-22T22:51:22.287+0300] {logging_mixin.py:137} INFO - [2023-04-22T22:51:22.287+0300] {dag.py:2705} INFO - Sync 1 DAGs
[2023-04-22T22:51:22.350+0300] {logging_mixin.py:137} INFO - [2023-04-22T22:51:22.350+0300] {dag.py:3452} INFO - Setting next_dagrun for example_kubernetes_executor to None, run_after=None
[2023-04-22T22:51:22.386+0300] {processor.py:175} INFO - Processing /home/vladimir/.local/lib/python3.10/site-packages/airflow/example_dags/example_kubernetes_executor.py took 0.451 seconds
[2023-04-22T22:51:58.081+0300] {processor.py:153} INFO - Started process (PID=11610) to work on /home/vladimir/.local/lib/python3.10/site-packages/airflow/example_dags/example_kubernetes_executor.py
[2023-04-22T22:51:58.082+0300] {processor.py:743} INFO - Processing file /home/vladimir/.local/lib/python3.10/site-packages/airflow/example_dags/example_kubernetes_executor.py for tasks to queue
[2023-04-22T22:51:58.083+0300] {logging_mixin.py:137} INFO - [2023-04-22T22:51:58.083+0300] {dagbag.py:532} INFO - Filling up the DagBag from /home/vladimir/.local/lib/python3.10/site-packages/airflow/example_dags/example_kubernetes_executor.py
[2023-04-22T22:51:58.101+0300] {processor.py:753} INFO - DAG(s) dict_keys(['example_kubernetes_executor']) retrieved from /home/vladimir/.local/lib/python3.10/site-packages/airflow/example_dags/example_kubernetes_executor.py
[2023-04-22T22:51:58.119+0300] {logging_mixin.py:137} INFO - [2023-04-22T22:51:58.119+0300] {dag.py:2705} INFO - Sync 1 DAGs
[2023-04-22T22:51:58.131+0300] {logging_mixin.py:137} INFO - [2023-04-22T22:51:58.131+0300] {dag.py:3452} INFO - Setting next_dagrun for example_kubernetes_executor to None, run_after=None
[2023-04-22T22:51:58.143+0300] {processor.py:175} INFO - Processing /home/vladimir/.local/lib/python3.10/site-packages/airflow/example_dags/example_kubernetes_executor.py took 0.063 seconds
[2023-04-22T22:52:35.845+0300] {processor.py:153} INFO - Started process (PID=11656) to work on /home/vladimir/.local/lib/python3.10/site-packages/airflow/example_dags/example_kubernetes_executor.py
[2023-04-22T22:52:35.846+0300] {processor.py:743} INFO - Processing file /home/vladimir/.local/lib/python3.10/site-packages/airflow/example_dags/example_kubernetes_executor.py for tasks to queue
[2023-04-22T22:52:35.846+0300] {logging_mixin.py:137} INFO - [2023-04-22T22:52:35.846+0300] {dagbag.py:532} INFO - Filling up the DagBag from /home/vladimir/.local/lib/python3.10/site-packages/airflow/example_dags/example_kubernetes_executor.py
[2023-04-22T22:52:35.865+0300] {processor.py:753} INFO - DAG(s) dict_keys(['example_kubernetes_executor']) retrieved from /home/vladimir/.local/lib/python3.10/site-packages/airflow/example_dags/example_kubernetes_executor.py
[2023-04-22T22:52:35.882+0300] {logging_mixin.py:137} INFO - [2023-04-22T22:52:35.881+0300] {dag.py:2705} INFO - Sync 1 DAGs
[2023-04-22T22:52:35.893+0300] {logging_mixin.py:137} INFO - [2023-04-22T22:52:35.893+0300] {dag.py:3452} INFO - Setting next_dagrun for example_kubernetes_executor to None, run_after=None
[2023-04-22T22:52:35.905+0300] {processor.py:175} INFO - Processing /home/vladimir/.local/lib/python3.10/site-packages/airflow/example_dags/example_kubernetes_executor.py took 0.062 seconds
[2023-04-22T22:53:14.511+0300] {processor.py:153} INFO - Started process (PID=11706) to work on /home/vladimir/.local/lib/python3.10/site-packages/airflow/example_dags/example_kubernetes_executor.py
[2023-04-22T22:53:14.512+0300] {processor.py:743} INFO - Processing file /home/vladimir/.local/lib/python3.10/site-packages/airflow/example_dags/example_kubernetes_executor.py for tasks to queue
[2023-04-22T22:53:14.512+0300] {logging_mixin.py:137} INFO - [2023-04-22T22:53:14.512+0300] {dagbag.py:532} INFO - Filling up the DagBag from /home/vladimir/.local/lib/python3.10/site-packages/airflow/example_dags/example_kubernetes_executor.py
[2023-04-22T22:53:14.531+0300] {processor.py:753} INFO - DAG(s) dict_keys(['example_kubernetes_executor']) retrieved from /home/vladimir/.local/lib/python3.10/site-packages/airflow/example_dags/example_kubernetes_executor.py
[2023-04-22T22:53:14.547+0300] {logging_mixin.py:137} INFO - [2023-04-22T22:53:14.547+0300] {dag.py:2705} INFO - Sync 1 DAGs
[2023-04-22T22:53:14.559+0300] {logging_mixin.py:137} INFO - [2023-04-22T22:53:14.559+0300] {dag.py:3452} INFO - Setting next_dagrun for example_kubernetes_executor to None, run_after=None
[2023-04-22T22:53:14.571+0300] {processor.py:175} INFO - Processing /home/vladimir/.local/lib/python3.10/site-packages/airflow/example_dags/example_kubernetes_executor.py took 0.062 seconds
[2023-04-22T22:53:53.805+0300] {processor.py:153} INFO - Started process (PID=11766) to work on /home/vladimir/.local/lib/python3.10/site-packages/airflow/example_dags/example_kubernetes_executor.py
[2023-04-22T22:53:53.806+0300] {processor.py:743} INFO - Processing file /home/vladimir/.local/lib/python3.10/site-packages/airflow/example_dags/example_kubernetes_executor.py for tasks to queue
[2023-04-22T22:53:53.806+0300] {logging_mixin.py:137} INFO - [2023-04-22T22:53:53.806+0300] {dagbag.py:532} INFO - Filling up the DagBag from /home/vladimir/.local/lib/python3.10/site-packages/airflow/example_dags/example_kubernetes_executor.py
[2023-04-22T22:53:53.829+0300] {processor.py:753} INFO - DAG(s) dict_keys(['example_kubernetes_executor']) retrieved from /home/vladimir/.local/lib/python3.10/site-packages/airflow/example_dags/example_kubernetes_executor.py
[2023-04-22T22:53:53.846+0300] {logging_mixin.py:137} INFO - [2023-04-22T22:53:53.846+0300] {dag.py:2705} INFO - Sync 1 DAGs
[2023-04-22T22:53:53.859+0300] {logging_mixin.py:137} INFO - [2023-04-22T22:53:53.858+0300] {dag.py:3452} INFO - Setting next_dagrun for example_kubernetes_executor to None, run_after=None
[2023-04-22T22:53:53.870+0300] {processor.py:175} INFO - Processing /home/vladimir/.local/lib/python3.10/site-packages/airflow/example_dags/example_kubernetes_executor.py took 0.068 seconds
[2023-04-22T22:54:26.916+0300] {processor.py:153} INFO - Started process (PID=11811) to work on /home/vladimir/.local/lib/python3.10/site-packages/airflow/example_dags/example_kubernetes_executor.py
[2023-04-22T22:54:26.917+0300] {processor.py:743} INFO - Processing file /home/vladimir/.local/lib/python3.10/site-packages/airflow/example_dags/example_kubernetes_executor.py for tasks to queue
[2023-04-22T22:54:26.918+0300] {logging_mixin.py:137} INFO - [2023-04-22T22:54:26.918+0300] {dagbag.py:532} INFO - Filling up the DagBag from /home/vladimir/.local/lib/python3.10/site-packages/airflow/example_dags/example_kubernetes_executor.py
[2023-04-22T22:54:26.936+0300] {processor.py:753} INFO - DAG(s) dict_keys(['example_kubernetes_executor']) retrieved from /home/vladimir/.local/lib/python3.10/site-packages/airflow/example_dags/example_kubernetes_executor.py
[2023-04-22T22:54:26.953+0300] {logging_mixin.py:137} INFO - [2023-04-22T22:54:26.953+0300] {dag.py:2705} INFO - Sync 1 DAGs
[2023-04-22T22:54:26.965+0300] {logging_mixin.py:137} INFO - [2023-04-22T22:54:26.965+0300] {dag.py:3452} INFO - Setting next_dagrun for example_kubernetes_executor to None, run_after=None
[2023-04-22T22:54:26.976+0300] {processor.py:175} INFO - Processing /home/vladimir/.local/lib/python3.10/site-packages/airflow/example_dags/example_kubernetes_executor.py took 0.062 seconds
[2023-04-22T22:55:08.016+0300] {processor.py:153} INFO - Started process (PID=11886) to work on /home/vladimir/.local/lib/python3.10/site-packages/airflow/example_dags/example_kubernetes_executor.py
[2023-04-22T22:55:08.016+0300] {processor.py:743} INFO - Processing file /home/vladimir/.local/lib/python3.10/site-packages/airflow/example_dags/example_kubernetes_executor.py for tasks to queue
[2023-04-22T22:55:08.017+0300] {logging_mixin.py:137} INFO - [2023-04-22T22:55:08.017+0300] {dagbag.py:532} INFO - Filling up the DagBag from /home/vladimir/.local/lib/python3.10/site-packages/airflow/example_dags/example_kubernetes_executor.py
[2023-04-22T22:55:08.036+0300] {processor.py:753} INFO - DAG(s) dict_keys(['example_kubernetes_executor']) retrieved from /home/vladimir/.local/lib/python3.10/site-packages/airflow/example_dags/example_kubernetes_executor.py
[2023-04-22T22:55:08.053+0300] {logging_mixin.py:137} INFO - [2023-04-22T22:55:08.053+0300] {dag.py:2705} INFO - Sync 1 DAGs
[2023-04-22T22:55:08.066+0300] {logging_mixin.py:137} INFO - [2023-04-22T22:55:08.066+0300] {dag.py:3452} INFO - Setting next_dagrun for example_kubernetes_executor to None, run_after=None
[2023-04-22T22:55:08.107+0300] {processor.py:175} INFO - Processing /home/vladimir/.local/lib/python3.10/site-packages/airflow/example_dags/example_kubernetes_executor.py took 0.094 seconds
[2023-04-22T22:55:43.983+0300] {processor.py:153} INFO - Started process (PID=11924) to work on /home/vladimir/.local/lib/python3.10/site-packages/airflow/example_dags/example_kubernetes_executor.py
[2023-04-22T22:55:43.983+0300] {processor.py:743} INFO - Processing file /home/vladimir/.local/lib/python3.10/site-packages/airflow/example_dags/example_kubernetes_executor.py for tasks to queue
[2023-04-22T22:55:43.984+0300] {logging_mixin.py:137} INFO - [2023-04-22T22:55:43.984+0300] {dagbag.py:532} INFO - Filling up the DagBag from /home/vladimir/.local/lib/python3.10/site-packages/airflow/example_dags/example_kubernetes_executor.py
[2023-04-22T22:55:44.002+0300] {processor.py:753} INFO - DAG(s) dict_keys(['example_kubernetes_executor']) retrieved from /home/vladimir/.local/lib/python3.10/site-packages/airflow/example_dags/example_kubernetes_executor.py
[2023-04-22T22:55:44.020+0300] {logging_mixin.py:137} INFO - [2023-04-22T22:55:44.020+0300] {dag.py:2705} INFO - Sync 1 DAGs
[2023-04-22T22:55:44.031+0300] {logging_mixin.py:137} INFO - [2023-04-22T22:55:44.031+0300] {dag.py:3452} INFO - Setting next_dagrun for example_kubernetes_executor to None, run_after=None
[2023-04-22T22:55:44.042+0300] {processor.py:175} INFO - Processing /home/vladimir/.local/lib/python3.10/site-packages/airflow/example_dags/example_kubernetes_executor.py took 0.061 seconds
[2023-04-22T22:56:20.028+0300] {processor.py:153} INFO - Started process (PID=11992) to work on /home/vladimir/.local/lib/python3.10/site-packages/airflow/example_dags/example_kubernetes_executor.py
[2023-04-22T22:56:20.029+0300] {processor.py:743} INFO - Processing file /home/vladimir/.local/lib/python3.10/site-packages/airflow/example_dags/example_kubernetes_executor.py for tasks to queue
[2023-04-22T22:56:20.029+0300] {logging_mixin.py:137} INFO - [2023-04-22T22:56:20.029+0300] {dagbag.py:532} INFO - Filling up the DagBag from /home/vladimir/.local/lib/python3.10/site-packages/airflow/example_dags/example_kubernetes_executor.py
[2023-04-22T22:56:20.049+0300] {processor.py:753} INFO - DAG(s) dict_keys(['example_kubernetes_executor']) retrieved from /home/vladimir/.local/lib/python3.10/site-packages/airflow/example_dags/example_kubernetes_executor.py
[2023-04-22T22:56:20.069+0300] {logging_mixin.py:137} INFO - [2023-04-22T22:56:20.068+0300] {dag.py:2705} INFO - Sync 1 DAGs
[2023-04-22T22:56:20.082+0300] {logging_mixin.py:137} INFO - [2023-04-22T22:56:20.082+0300] {dag.py:3452} INFO - Setting next_dagrun for example_kubernetes_executor to None, run_after=None
[2023-04-22T22:56:20.096+0300] {processor.py:175} INFO - Processing /home/vladimir/.local/lib/python3.10/site-packages/airflow/example_dags/example_kubernetes_executor.py took 0.071 seconds
[2023-04-23T01:28:39.413+0300] {processor.py:153} INFO - Started process (PID=4370) to work on /home/vladimir/.local/lib/python3.10/site-packages/airflow/example_dags/example_kubernetes_executor.py
[2023-04-23T01:28:39.417+0300] {processor.py:743} INFO - Processing file /home/vladimir/.local/lib/python3.10/site-packages/airflow/example_dags/example_kubernetes_executor.py for tasks to queue
[2023-04-23T01:28:39.419+0300] {logging_mixin.py:137} INFO - [2023-04-23T01:28:39.418+0300] {dagbag.py:532} INFO - Filling up the DagBag from /home/vladimir/.local/lib/python3.10/site-packages/airflow/example_dags/example_kubernetes_executor.py
[2023-04-23T01:28:40.219+0300] {processor.py:753} INFO - DAG(s) dict_keys(['example_kubernetes_executor']) retrieved from /home/vladimir/.local/lib/python3.10/site-packages/airflow/example_dags/example_kubernetes_executor.py
[2023-04-23T01:28:40.946+0300] {logging_mixin.py:137} INFO - [2023-04-23T01:28:40.946+0300] {dag.py:2705} INFO - Sync 1 DAGs
[2023-04-23T01:28:40.976+0300] {logging_mixin.py:137} INFO - [2023-04-23T01:28:40.976+0300] {dag.py:3452} INFO - Setting next_dagrun for example_kubernetes_executor to None, run_after=None
[2023-04-23T01:28:41.043+0300] {processor.py:175} INFO - Processing /home/vladimir/.local/lib/python3.10/site-packages/airflow/example_dags/example_kubernetes_executor.py took 1.648 seconds
[2023-04-23T01:29:25.851+0300] {processor.py:153} INFO - Started process (PID=4433) to work on /home/vladimir/.local/lib/python3.10/site-packages/airflow/example_dags/example_kubernetes_executor.py
[2023-04-23T01:29:25.852+0300] {processor.py:743} INFO - Processing file /home/vladimir/.local/lib/python3.10/site-packages/airflow/example_dags/example_kubernetes_executor.py for tasks to queue
[2023-04-23T01:29:25.853+0300] {logging_mixin.py:137} INFO - [2023-04-23T01:29:25.853+0300] {dagbag.py:532} INFO - Filling up the DagBag from /home/vladimir/.local/lib/python3.10/site-packages/airflow/example_dags/example_kubernetes_executor.py
[2023-04-23T01:29:25.876+0300] {processor.py:753} INFO - DAG(s) dict_keys(['example_kubernetes_executor']) retrieved from /home/vladimir/.local/lib/python3.10/site-packages/airflow/example_dags/example_kubernetes_executor.py
[2023-04-23T01:29:25.894+0300] {logging_mixin.py:137} INFO - [2023-04-23T01:29:25.893+0300] {dag.py:2705} INFO - Sync 1 DAGs
[2023-04-23T01:29:25.905+0300] {logging_mixin.py:137} INFO - [2023-04-23T01:29:25.905+0300] {dag.py:3452} INFO - Setting next_dagrun for example_kubernetes_executor to None, run_after=None
[2023-04-23T01:29:25.917+0300] {processor.py:175} INFO - Processing /home/vladimir/.local/lib/python3.10/site-packages/airflow/example_dags/example_kubernetes_executor.py took 0.068 seconds
[2023-04-23T01:29:58.417+0300] {processor.py:153} INFO - Started process (PID=4475) to work on /home/vladimir/.local/lib/python3.10/site-packages/airflow/example_dags/example_kubernetes_executor.py
[2023-04-23T01:29:58.417+0300] {processor.py:743} INFO - Processing file /home/vladimir/.local/lib/python3.10/site-packages/airflow/example_dags/example_kubernetes_executor.py for tasks to queue
[2023-04-23T01:29:58.418+0300] {logging_mixin.py:137} INFO - [2023-04-23T01:29:58.418+0300] {dagbag.py:532} INFO - Filling up the DagBag from /home/vladimir/.local/lib/python3.10/site-packages/airflow/example_dags/example_kubernetes_executor.py
[2023-04-23T01:29:58.437+0300] {processor.py:753} INFO - DAG(s) dict_keys(['example_kubernetes_executor']) retrieved from /home/vladimir/.local/lib/python3.10/site-packages/airflow/example_dags/example_kubernetes_executor.py
[2023-04-23T01:29:58.454+0300] {logging_mixin.py:137} INFO - [2023-04-23T01:29:58.454+0300] {dag.py:2705} INFO - Sync 1 DAGs
[2023-04-23T01:29:58.465+0300] {logging_mixin.py:137} INFO - [2023-04-23T01:29:58.465+0300] {dag.py:3452} INFO - Setting next_dagrun for example_kubernetes_executor to None, run_after=None
[2023-04-23T01:29:58.477+0300] {processor.py:175} INFO - Processing /home/vladimir/.local/lib/python3.10/site-packages/airflow/example_dags/example_kubernetes_executor.py took 0.063 seconds
[2023-04-23T01:30:33.742+0300] {processor.py:153} INFO - Started process (PID=4555) to work on /home/vladimir/.local/lib/python3.10/site-packages/airflow/example_dags/example_kubernetes_executor.py
[2023-04-23T01:30:33.742+0300] {processor.py:743} INFO - Processing file /home/vladimir/.local/lib/python3.10/site-packages/airflow/example_dags/example_kubernetes_executor.py for tasks to queue
[2023-04-23T01:30:33.743+0300] {logging_mixin.py:137} INFO - [2023-04-23T01:30:33.743+0300] {dagbag.py:532} INFO - Filling up the DagBag from /home/vladimir/.local/lib/python3.10/site-packages/airflow/example_dags/example_kubernetes_executor.py
[2023-04-23T01:30:33.763+0300] {processor.py:753} INFO - DAG(s) dict_keys(['example_kubernetes_executor']) retrieved from /home/vladimir/.local/lib/python3.10/site-packages/airflow/example_dags/example_kubernetes_executor.py
[2023-04-23T01:30:33.781+0300] {logging_mixin.py:137} INFO - [2023-04-23T01:30:33.781+0300] {dag.py:2705} INFO - Sync 1 DAGs
[2023-04-23T01:30:33.793+0300] {logging_mixin.py:137} INFO - [2023-04-23T01:30:33.793+0300] {dag.py:3452} INFO - Setting next_dagrun for example_kubernetes_executor to None, run_after=None
[2023-04-23T01:30:33.805+0300] {processor.py:175} INFO - Processing /home/vladimir/.local/lib/python3.10/site-packages/airflow/example_dags/example_kubernetes_executor.py took 0.065 seconds
[2023-04-23T01:31:13.911+0300] {processor.py:153} INFO - Started process (PID=4606) to work on /home/vladimir/.local/lib/python3.10/site-packages/airflow/example_dags/example_kubernetes_executor.py
[2023-04-23T01:31:13.912+0300] {processor.py:743} INFO - Processing file /home/vladimir/.local/lib/python3.10/site-packages/airflow/example_dags/example_kubernetes_executor.py for tasks to queue
[2023-04-23T01:31:13.912+0300] {logging_mixin.py:137} INFO - [2023-04-23T01:31:13.912+0300] {dagbag.py:532} INFO - Filling up the DagBag from /home/vladimir/.local/lib/python3.10/site-packages/airflow/example_dags/example_kubernetes_executor.py
[2023-04-23T01:31:13.936+0300] {processor.py:753} INFO - DAG(s) dict_keys(['example_kubernetes_executor']) retrieved from /home/vladimir/.local/lib/python3.10/site-packages/airflow/example_dags/example_kubernetes_executor.py
[2023-04-23T01:31:13.956+0300] {logging_mixin.py:137} INFO - [2023-04-23T01:31:13.956+0300] {dag.py:2705} INFO - Sync 1 DAGs
[2023-04-23T01:31:13.969+0300] {logging_mixin.py:137} INFO - [2023-04-23T01:31:13.969+0300] {dag.py:3452} INFO - Setting next_dagrun for example_kubernetes_executor to None, run_after=None
[2023-04-23T01:31:13.983+0300] {processor.py:175} INFO - Processing /home/vladimir/.local/lib/python3.10/site-packages/airflow/example_dags/example_kubernetes_executor.py took 0.074 seconds
[2023-04-23T01:31:47.550+0300] {processor.py:153} INFO - Started process (PID=4658) to work on /home/vladimir/.local/lib/python3.10/site-packages/airflow/example_dags/example_kubernetes_executor.py
[2023-04-23T01:31:47.551+0300] {processor.py:743} INFO - Processing file /home/vladimir/.local/lib/python3.10/site-packages/airflow/example_dags/example_kubernetes_executor.py for tasks to queue
[2023-04-23T01:31:47.551+0300] {logging_mixin.py:137} INFO - [2023-04-23T01:31:47.551+0300] {dagbag.py:532} INFO - Filling up the DagBag from /home/vladimir/.local/lib/python3.10/site-packages/airflow/example_dags/example_kubernetes_executor.py
[2023-04-23T01:31:47.575+0300] {processor.py:753} INFO - DAG(s) dict_keys(['example_kubernetes_executor']) retrieved from /home/vladimir/.local/lib/python3.10/site-packages/airflow/example_dags/example_kubernetes_executor.py
[2023-04-23T01:31:47.593+0300] {logging_mixin.py:137} INFO - [2023-04-23T01:31:47.592+0300] {dag.py:2705} INFO - Sync 1 DAGs
[2023-04-23T01:31:47.605+0300] {logging_mixin.py:137} INFO - [2023-04-23T01:31:47.605+0300] {dag.py:3452} INFO - Setting next_dagrun for example_kubernetes_executor to None, run_after=None
[2023-04-23T01:31:47.619+0300] {processor.py:175} INFO - Processing /home/vladimir/.local/lib/python3.10/site-packages/airflow/example_dags/example_kubernetes_executor.py took 0.071 seconds
[2023-04-23T01:32:18.347+0300] {processor.py:153} INFO - Started process (PID=4690) to work on /home/vladimir/.local/lib/python3.10/site-packages/airflow/example_dags/example_kubernetes_executor.py
[2023-04-23T01:32:18.348+0300] {processor.py:743} INFO - Processing file /home/vladimir/.local/lib/python3.10/site-packages/airflow/example_dags/example_kubernetes_executor.py for tasks to queue
[2023-04-23T01:32:18.348+0300] {logging_mixin.py:137} INFO - [2023-04-23T01:32:18.348+0300] {dagbag.py:532} INFO - Filling up the DagBag from /home/vladimir/.local/lib/python3.10/site-packages/airflow/example_dags/example_kubernetes_executor.py
[2023-04-23T01:32:18.372+0300] {processor.py:753} INFO - DAG(s) dict_keys(['example_kubernetes_executor']) retrieved from /home/vladimir/.local/lib/python3.10/site-packages/airflow/example_dags/example_kubernetes_executor.py
[2023-04-23T01:32:18.389+0300] {logging_mixin.py:137} INFO - [2023-04-23T01:32:18.389+0300] {dag.py:2705} INFO - Sync 1 DAGs
[2023-04-23T01:32:18.402+0300] {logging_mixin.py:137} INFO - [2023-04-23T01:32:18.402+0300] {dag.py:3452} INFO - Setting next_dagrun for example_kubernetes_executor to None, run_after=None
[2023-04-23T01:32:18.414+0300] {processor.py:175} INFO - Processing /home/vladimir/.local/lib/python3.10/site-packages/airflow/example_dags/example_kubernetes_executor.py took 0.069 seconds
[2023-04-23T01:32:57.750+0300] {processor.py:153} INFO - Started process (PID=4747) to work on /home/vladimir/.local/lib/python3.10/site-packages/airflow/example_dags/example_kubernetes_executor.py
[2023-04-23T01:32:57.751+0300] {processor.py:743} INFO - Processing file /home/vladimir/.local/lib/python3.10/site-packages/airflow/example_dags/example_kubernetes_executor.py for tasks to queue
[2023-04-23T01:32:57.751+0300] {logging_mixin.py:137} INFO - [2023-04-23T01:32:57.751+0300] {dagbag.py:532} INFO - Filling up the DagBag from /home/vladimir/.local/lib/python3.10/site-packages/airflow/example_dags/example_kubernetes_executor.py
[2023-04-23T01:32:57.770+0300] {processor.py:753} INFO - DAG(s) dict_keys(['example_kubernetes_executor']) retrieved from /home/vladimir/.local/lib/python3.10/site-packages/airflow/example_dags/example_kubernetes_executor.py
[2023-04-23T01:32:57.787+0300] {logging_mixin.py:137} INFO - [2023-04-23T01:32:57.787+0300] {dag.py:2705} INFO - Sync 1 DAGs
[2023-04-23T01:32:57.800+0300] {logging_mixin.py:137} INFO - [2023-04-23T01:32:57.800+0300] {dag.py:3452} INFO - Setting next_dagrun for example_kubernetes_executor to None, run_after=None
[2023-04-23T01:32:57.812+0300] {processor.py:175} INFO - Processing /home/vladimir/.local/lib/python3.10/site-packages/airflow/example_dags/example_kubernetes_executor.py took 0.064 seconds
[2023-04-23T01:33:31.538+0300] {processor.py:153} INFO - Started process (PID=4797) to work on /home/vladimir/.local/lib/python3.10/site-packages/airflow/example_dags/example_kubernetes_executor.py
[2023-04-23T01:33:31.538+0300] {processor.py:743} INFO - Processing file /home/vladimir/.local/lib/python3.10/site-packages/airflow/example_dags/example_kubernetes_executor.py for tasks to queue
[2023-04-23T01:33:31.539+0300] {logging_mixin.py:137} INFO - [2023-04-23T01:33:31.539+0300] {dagbag.py:532} INFO - Filling up the DagBag from /home/vladimir/.local/lib/python3.10/site-packages/airflow/example_dags/example_kubernetes_executor.py
[2023-04-23T01:33:31.559+0300] {processor.py:753} INFO - DAG(s) dict_keys(['example_kubernetes_executor']) retrieved from /home/vladimir/.local/lib/python3.10/site-packages/airflow/example_dags/example_kubernetes_executor.py
[2023-04-23T01:33:31.577+0300] {logging_mixin.py:137} INFO - [2023-04-23T01:33:31.577+0300] {dag.py:2705} INFO - Sync 1 DAGs
[2023-04-23T01:33:31.589+0300] {logging_mixin.py:137} INFO - [2023-04-23T01:33:31.589+0300] {dag.py:3452} INFO - Setting next_dagrun for example_kubernetes_executor to None, run_after=None
[2023-04-23T01:33:31.601+0300] {processor.py:175} INFO - Processing /home/vladimir/.local/lib/python3.10/site-packages/airflow/example_dags/example_kubernetes_executor.py took 0.065 seconds
[2023-04-23T01:34:02.188+0300] {processor.py:153} INFO - Started process (PID=4860) to work on /home/vladimir/.local/lib/python3.10/site-packages/airflow/example_dags/example_kubernetes_executor.py
[2023-04-23T01:34:02.189+0300] {processor.py:743} INFO - Processing file /home/vladimir/.local/lib/python3.10/site-packages/airflow/example_dags/example_kubernetes_executor.py for tasks to queue
[2023-04-23T01:34:02.189+0300] {logging_mixin.py:137} INFO - [2023-04-23T01:34:02.189+0300] {dagbag.py:532} INFO - Filling up the DagBag from /home/vladimir/.local/lib/python3.10/site-packages/airflow/example_dags/example_kubernetes_executor.py
[2023-04-23T01:34:02.208+0300] {processor.py:753} INFO - DAG(s) dict_keys(['example_kubernetes_executor']) retrieved from /home/vladimir/.local/lib/python3.10/site-packages/airflow/example_dags/example_kubernetes_executor.py
[2023-04-23T01:34:02.225+0300] {logging_mixin.py:137} INFO - [2023-04-23T01:34:02.225+0300] {dag.py:2705} INFO - Sync 1 DAGs
[2023-04-23T01:34:02.238+0300] {logging_mixin.py:137} INFO - [2023-04-23T01:34:02.238+0300] {dag.py:3452} INFO - Setting next_dagrun for example_kubernetes_executor to None, run_after=None
[2023-04-23T01:34:02.253+0300] {processor.py:175} INFO - Processing /home/vladimir/.local/lib/python3.10/site-packages/airflow/example_dags/example_kubernetes_executor.py took 0.067 seconds
[2023-04-23T01:34:34.152+0300] {processor.py:153} INFO - Started process (PID=4928) to work on /home/vladimir/.local/lib/python3.10/site-packages/airflow/example_dags/example_kubernetes_executor.py
[2023-04-23T01:34:34.152+0300] {processor.py:743} INFO - Processing file /home/vladimir/.local/lib/python3.10/site-packages/airflow/example_dags/example_kubernetes_executor.py for tasks to queue
[2023-04-23T01:34:34.153+0300] {logging_mixin.py:137} INFO - [2023-04-23T01:34:34.153+0300] {dagbag.py:532} INFO - Filling up the DagBag from /home/vladimir/.local/lib/python3.10/site-packages/airflow/example_dags/example_kubernetes_executor.py
[2023-04-23T01:34:34.173+0300] {processor.py:753} INFO - DAG(s) dict_keys(['example_kubernetes_executor']) retrieved from /home/vladimir/.local/lib/python3.10/site-packages/airflow/example_dags/example_kubernetes_executor.py
[2023-04-23T01:34:34.189+0300] {logging_mixin.py:137} INFO - [2023-04-23T01:34:34.189+0300] {dag.py:2705} INFO - Sync 1 DAGs
[2023-04-23T01:34:34.202+0300] {logging_mixin.py:137} INFO - [2023-04-23T01:34:34.201+0300] {dag.py:3452} INFO - Setting next_dagrun for example_kubernetes_executor to None, run_after=None
[2023-04-23T01:34:34.214+0300] {processor.py:175} INFO - Processing /home/vladimir/.local/lib/python3.10/site-packages/airflow/example_dags/example_kubernetes_executor.py took 0.065 seconds
[2023-04-23T01:35:11.667+0300] {processor.py:153} INFO - Started process (PID=4978) to work on /home/vladimir/.local/lib/python3.10/site-packages/airflow/example_dags/example_kubernetes_executor.py
[2023-04-23T01:35:11.668+0300] {processor.py:743} INFO - Processing file /home/vladimir/.local/lib/python3.10/site-packages/airflow/example_dags/example_kubernetes_executor.py for tasks to queue
[2023-04-23T01:35:11.669+0300] {logging_mixin.py:137} INFO - [2023-04-23T01:35:11.669+0300] {dagbag.py:532} INFO - Filling up the DagBag from /home/vladimir/.local/lib/python3.10/site-packages/airflow/example_dags/example_kubernetes_executor.py
[2023-04-23T01:35:11.689+0300] {processor.py:753} INFO - DAG(s) dict_keys(['example_kubernetes_executor']) retrieved from /home/vladimir/.local/lib/python3.10/site-packages/airflow/example_dags/example_kubernetes_executor.py
[2023-04-23T01:35:11.706+0300] {logging_mixin.py:137} INFO - [2023-04-23T01:35:11.706+0300] {dag.py:2705} INFO - Sync 1 DAGs
[2023-04-23T01:35:11.717+0300] {logging_mixin.py:137} INFO - [2023-04-23T01:35:11.717+0300] {dag.py:3452} INFO - Setting next_dagrun for example_kubernetes_executor to None, run_after=None
[2023-04-23T01:35:11.729+0300] {processor.py:175} INFO - Processing /home/vladimir/.local/lib/python3.10/site-packages/airflow/example_dags/example_kubernetes_executor.py took 0.064 seconds
