[2023-04-22T22:50:40.451+0300] {processor.py:153} INFO - Started process (PID=11431) to work on /home/vladimir/.local/lib/python3.10/site-packages/airflow/example_dags/example_branch_labels.py
[2023-04-22T22:50:40.451+0300] {processor.py:743} INFO - Processing file /home/vladimir/.local/lib/python3.10/site-packages/airflow/example_dags/example_branch_labels.py for tasks to queue
[2023-04-22T22:50:40.452+0300] {logging_mixin.py:137} INFO - [2023-04-22T22:50:40.452+0300] {dagbag.py:532} INFO - Filling up the DagBag from /home/vladimir/.local/lib/python3.10/site-packages/airflow/example_dags/example_branch_labels.py
[2023-04-22T22:50:40.461+0300] {processor.py:753} INFO - DAG(s) dict_keys(['example_branch_labels']) retrieved from /home/vladimir/.local/lib/python3.10/site-packages/airflow/example_dags/example_branch_labels.py
[2023-04-22T22:50:40.520+0300] {logging_mixin.py:137} INFO - [2023-04-22T22:50:40.520+0300] {manager.py:504} INFO - Created Permission View: can delete on DAG:example_branch_labels
[2023-04-22T22:50:40.525+0300] {logging_mixin.py:137} INFO - [2023-04-22T22:50:40.525+0300] {manager.py:504} INFO - Created Permission View: can read on DAG:example_branch_labels
[2023-04-22T22:50:40.529+0300] {logging_mixin.py:137} INFO - [2023-04-22T22:50:40.529+0300] {manager.py:504} INFO - Created Permission View: can edit on DAG:example_branch_labels
[2023-04-22T22:50:40.529+0300] {logging_mixin.py:137} INFO - [2023-04-22T22:50:40.529+0300] {dag.py:2705} INFO - Sync 1 DAGs
[2023-04-22T22:50:40.537+0300] {logging_mixin.py:137} INFO - [2023-04-22T22:50:40.537+0300] {dag.py:2726} INFO - Creating ORM DAG for example_branch_labels
[2023-04-22T22:50:40.543+0300] {logging_mixin.py:137} INFO - [2023-04-22T22:50:40.543+0300] {dag.py:3452} INFO - Setting next_dagrun for example_branch_labels to 2023-04-21T00:00:00+00:00, run_after=2023-04-22T00:00:00+00:00
[2023-04-22T22:50:40.554+0300] {processor.py:175} INFO - Processing /home/vladimir/.local/lib/python3.10/site-packages/airflow/example_dags/example_branch_labels.py took 0.105 seconds
[2023-04-22T22:51:30.786+0300] {processor.py:153} INFO - Started process (PID=11546) to work on /home/vladimir/.local/lib/python3.10/site-packages/airflow/example_dags/example_branch_labels.py
[2023-04-22T22:51:30.787+0300] {processor.py:743} INFO - Processing file /home/vladimir/.local/lib/python3.10/site-packages/airflow/example_dags/example_branch_labels.py for tasks to queue
[2023-04-22T22:51:30.787+0300] {logging_mixin.py:137} INFO - [2023-04-22T22:51:30.787+0300] {dagbag.py:532} INFO - Filling up the DagBag from /home/vladimir/.local/lib/python3.10/site-packages/airflow/example_dags/example_branch_labels.py
[2023-04-22T22:51:30.798+0300] {processor.py:753} INFO - DAG(s) dict_keys(['example_branch_labels']) retrieved from /home/vladimir/.local/lib/python3.10/site-packages/airflow/example_dags/example_branch_labels.py
[2023-04-22T22:51:30.811+0300] {logging_mixin.py:137} INFO - [2023-04-22T22:51:30.811+0300] {dag.py:2705} INFO - Sync 1 DAGs
[2023-04-22T22:51:30.824+0300] {logging_mixin.py:137} INFO - [2023-04-22T22:51:30.824+0300] {dag.py:3452} INFO - Setting next_dagrun for example_branch_labels to 2023-04-21T00:00:00+00:00, run_after=2023-04-22T00:00:00+00:00
[2023-04-22T22:51:30.838+0300] {processor.py:175} INFO - Processing /home/vladimir/.local/lib/python3.10/site-packages/airflow/example_dags/example_branch_labels.py took 0.054 seconds
[2023-04-22T22:52:15.100+0300] {processor.py:153} INFO - Started process (PID=11630) to work on /home/vladimir/.local/lib/python3.10/site-packages/airflow/example_dags/example_branch_labels.py
[2023-04-22T22:52:15.101+0300] {processor.py:743} INFO - Processing file /home/vladimir/.local/lib/python3.10/site-packages/airflow/example_dags/example_branch_labels.py for tasks to queue
[2023-04-22T22:52:15.101+0300] {logging_mixin.py:137} INFO - [2023-04-22T22:52:15.101+0300] {dagbag.py:532} INFO - Filling up the DagBag from /home/vladimir/.local/lib/python3.10/site-packages/airflow/example_dags/example_branch_labels.py
[2023-04-22T22:52:15.112+0300] {processor.py:753} INFO - DAG(s) dict_keys(['example_branch_labels']) retrieved from /home/vladimir/.local/lib/python3.10/site-packages/airflow/example_dags/example_branch_labels.py
[2023-04-22T22:52:15.126+0300] {logging_mixin.py:137} INFO - [2023-04-22T22:52:15.126+0300] {dag.py:2705} INFO - Sync 1 DAGs
[2023-04-22T22:52:15.138+0300] {logging_mixin.py:137} INFO - [2023-04-22T22:52:15.138+0300] {dag.py:3452} INFO - Setting next_dagrun for example_branch_labels to 2023-04-21T00:00:00+00:00, run_after=2023-04-22T00:00:00+00:00
[2023-04-22T22:52:15.149+0300] {processor.py:175} INFO - Processing /home/vladimir/.local/lib/python3.10/site-packages/airflow/example_dags/example_branch_labels.py took 0.051 seconds
[2023-04-22T22:53:02.421+0300] {processor.py:153} INFO - Started process (PID=11689) to work on /home/vladimir/.local/lib/python3.10/site-packages/airflow/example_dags/example_branch_labels.py
[2023-04-22T22:53:02.422+0300] {processor.py:743} INFO - Processing file /home/vladimir/.local/lib/python3.10/site-packages/airflow/example_dags/example_branch_labels.py for tasks to queue
[2023-04-22T22:53:02.422+0300] {logging_mixin.py:137} INFO - [2023-04-22T22:53:02.422+0300] {dagbag.py:532} INFO - Filling up the DagBag from /home/vladimir/.local/lib/python3.10/site-packages/airflow/example_dags/example_branch_labels.py
[2023-04-22T22:53:02.433+0300] {processor.py:753} INFO - DAG(s) dict_keys(['example_branch_labels']) retrieved from /home/vladimir/.local/lib/python3.10/site-packages/airflow/example_dags/example_branch_labels.py
[2023-04-22T22:53:02.447+0300] {logging_mixin.py:137} INFO - [2023-04-22T22:53:02.447+0300] {dag.py:2705} INFO - Sync 1 DAGs
[2023-04-22T22:53:02.460+0300] {logging_mixin.py:137} INFO - [2023-04-22T22:53:02.459+0300] {dag.py:3452} INFO - Setting next_dagrun for example_branch_labels to 2023-04-21T00:00:00+00:00, run_after=2023-04-22T00:00:00+00:00
[2023-04-22T22:53:02.474+0300] {processor.py:175} INFO - Processing /home/vladimir/.local/lib/python3.10/site-packages/airflow/example_dags/example_branch_labels.py took 0.056 seconds
[2023-04-22T22:53:50.688+0300] {processor.py:153} INFO - Started process (PID=11760) to work on /home/vladimir/.local/lib/python3.10/site-packages/airflow/example_dags/example_branch_labels.py
[2023-04-22T22:53:50.689+0300] {processor.py:743} INFO - Processing file /home/vladimir/.local/lib/python3.10/site-packages/airflow/example_dags/example_branch_labels.py for tasks to queue
[2023-04-22T22:53:50.690+0300] {logging_mixin.py:137} INFO - [2023-04-22T22:53:50.689+0300] {dagbag.py:532} INFO - Filling up the DagBag from /home/vladimir/.local/lib/python3.10/site-packages/airflow/example_dags/example_branch_labels.py
[2023-04-22T22:53:50.701+0300] {processor.py:753} INFO - DAG(s) dict_keys(['example_branch_labels']) retrieved from /home/vladimir/.local/lib/python3.10/site-packages/airflow/example_dags/example_branch_labels.py
[2023-04-22T22:53:50.716+0300] {logging_mixin.py:137} INFO - [2023-04-22T22:53:50.716+0300] {dag.py:2705} INFO - Sync 1 DAGs
[2023-04-22T22:53:50.729+0300] {logging_mixin.py:137} INFO - [2023-04-22T22:53:50.729+0300] {dag.py:3452} INFO - Setting next_dagrun for example_branch_labels to 2023-04-21T00:00:00+00:00, run_after=2023-04-22T00:00:00+00:00
[2023-04-22T22:53:50.741+0300] {processor.py:175} INFO - Processing /home/vladimir/.local/lib/python3.10/site-packages/airflow/example_dags/example_branch_labels.py took 0.055 seconds
[2023-04-22T22:54:33.482+0300] {processor.py:153} INFO - Started process (PID=11822) to work on /home/vladimir/.local/lib/python3.10/site-packages/airflow/example_dags/example_branch_labels.py
[2023-04-22T22:54:33.483+0300] {processor.py:743} INFO - Processing file /home/vladimir/.local/lib/python3.10/site-packages/airflow/example_dags/example_branch_labels.py for tasks to queue
[2023-04-22T22:54:33.484+0300] {logging_mixin.py:137} INFO - [2023-04-22T22:54:33.484+0300] {dagbag.py:532} INFO - Filling up the DagBag from /home/vladimir/.local/lib/python3.10/site-packages/airflow/example_dags/example_branch_labels.py
[2023-04-22T22:54:33.493+0300] {processor.py:753} INFO - DAG(s) dict_keys(['example_branch_labels']) retrieved from /home/vladimir/.local/lib/python3.10/site-packages/airflow/example_dags/example_branch_labels.py
[2023-04-22T22:54:33.507+0300] {logging_mixin.py:137} INFO - [2023-04-22T22:54:33.507+0300] {dag.py:2705} INFO - Sync 1 DAGs
[2023-04-22T22:54:33.521+0300] {logging_mixin.py:137} INFO - [2023-04-22T22:54:33.520+0300] {dag.py:3452} INFO - Setting next_dagrun for example_branch_labels to 2023-04-21T00:00:00+00:00, run_after=2023-04-22T00:00:00+00:00
[2023-04-22T22:54:33.531+0300] {processor.py:175} INFO - Processing /home/vladimir/.local/lib/python3.10/site-packages/airflow/example_dags/example_branch_labels.py took 0.051 seconds
[2023-04-22T22:55:16.020+0300] {processor.py:153} INFO - Started process (PID=11895) to work on /home/vladimir/.local/lib/python3.10/site-packages/airflow/example_dags/example_branch_labels.py
[2023-04-22T22:55:16.020+0300] {processor.py:743} INFO - Processing file /home/vladimir/.local/lib/python3.10/site-packages/airflow/example_dags/example_branch_labels.py for tasks to queue
[2023-04-22T22:55:16.021+0300] {logging_mixin.py:137} INFO - [2023-04-22T22:55:16.021+0300] {dagbag.py:532} INFO - Filling up the DagBag from /home/vladimir/.local/lib/python3.10/site-packages/airflow/example_dags/example_branch_labels.py
[2023-04-22T22:55:16.030+0300] {processor.py:753} INFO - DAG(s) dict_keys(['example_branch_labels']) retrieved from /home/vladimir/.local/lib/python3.10/site-packages/airflow/example_dags/example_branch_labels.py
[2023-04-22T22:55:16.044+0300] {logging_mixin.py:137} INFO - [2023-04-22T22:55:16.044+0300] {dag.py:2705} INFO - Sync 1 DAGs
[2023-04-22T22:55:16.058+0300] {logging_mixin.py:137} INFO - [2023-04-22T22:55:16.058+0300] {dag.py:3452} INFO - Setting next_dagrun for example_branch_labels to 2023-04-21T00:00:00+00:00, run_after=2023-04-22T00:00:00+00:00
[2023-04-22T22:55:16.069+0300] {processor.py:175} INFO - Processing /home/vladimir/.local/lib/python3.10/site-packages/airflow/example_dags/example_branch_labels.py took 0.052 seconds
[2023-04-22T22:56:04.501+0300] {processor.py:153} INFO - Started process (PID=11950) to work on /home/vladimir/.local/lib/python3.10/site-packages/airflow/example_dags/example_branch_labels.py
[2023-04-22T22:56:04.502+0300] {processor.py:743} INFO - Processing file /home/vladimir/.local/lib/python3.10/site-packages/airflow/example_dags/example_branch_labels.py for tasks to queue
[2023-04-22T22:56:04.502+0300] {logging_mixin.py:137} INFO - [2023-04-22T22:56:04.502+0300] {dagbag.py:532} INFO - Filling up the DagBag from /home/vladimir/.local/lib/python3.10/site-packages/airflow/example_dags/example_branch_labels.py
[2023-04-22T22:56:04.514+0300] {processor.py:753} INFO - DAG(s) dict_keys(['example_branch_labels']) retrieved from /home/vladimir/.local/lib/python3.10/site-packages/airflow/example_dags/example_branch_labels.py
[2023-04-22T22:56:04.530+0300] {logging_mixin.py:137} INFO - [2023-04-22T22:56:04.530+0300] {dag.py:2705} INFO - Sync 1 DAGs
[2023-04-22T22:56:04.543+0300] {logging_mixin.py:137} INFO - [2023-04-22T22:56:04.543+0300] {dag.py:3452} INFO - Setting next_dagrun for example_branch_labels to 2023-04-21T00:00:00+00:00, run_after=2023-04-22T00:00:00+00:00
[2023-04-22T22:56:04.556+0300] {processor.py:175} INFO - Processing /home/vladimir/.local/lib/python3.10/site-packages/airflow/example_dags/example_branch_labels.py took 0.057 seconds
[2023-04-23T01:29:22.350+0300] {processor.py:153} INFO - Started process (PID=4430) to work on /home/vladimir/.local/lib/python3.10/site-packages/airflow/example_dags/example_branch_labels.py
[2023-04-23T01:29:22.363+0300] {processor.py:743} INFO - Processing file /home/vladimir/.local/lib/python3.10/site-packages/airflow/example_dags/example_branch_labels.py for tasks to queue
[2023-04-23T01:29:22.364+0300] {logging_mixin.py:137} INFO - [2023-04-23T01:29:22.363+0300] {dagbag.py:532} INFO - Filling up the DagBag from /home/vladimir/.local/lib/python3.10/site-packages/airflow/example_dags/example_branch_labels.py
[2023-04-23T01:29:22.374+0300] {processor.py:753} INFO - DAG(s) dict_keys(['example_branch_labels']) retrieved from /home/vladimir/.local/lib/python3.10/site-packages/airflow/example_dags/example_branch_labels.py
[2023-04-23T01:29:22.393+0300] {logging_mixin.py:137} INFO - [2023-04-23T01:29:22.393+0300] {dag.py:2705} INFO - Sync 1 DAGs
[2023-04-23T01:29:22.409+0300] {logging_mixin.py:137} INFO - [2023-04-23T01:29:22.409+0300] {dag.py:3452} INFO - Setting next_dagrun for example_branch_labels to 2023-04-21T00:00:00+00:00, run_after=2023-04-22T00:00:00+00:00
[2023-04-23T01:29:22.421+0300] {processor.py:175} INFO - Processing /home/vladimir/.local/lib/python3.10/site-packages/airflow/example_dags/example_branch_labels.py took 0.073 seconds
[2023-04-23T01:30:06.678+0300] {processor.py:153} INFO - Started process (PID=4487) to work on /home/vladimir/.local/lib/python3.10/site-packages/airflow/example_dags/example_branch_labels.py
[2023-04-23T01:30:06.679+0300] {processor.py:743} INFO - Processing file /home/vladimir/.local/lib/python3.10/site-packages/airflow/example_dags/example_branch_labels.py for tasks to queue
[2023-04-23T01:30:06.679+0300] {logging_mixin.py:137} INFO - [2023-04-23T01:30:06.679+0300] {dagbag.py:532} INFO - Filling up the DagBag from /home/vladimir/.local/lib/python3.10/site-packages/airflow/example_dags/example_branch_labels.py
[2023-04-23T01:30:06.690+0300] {processor.py:753} INFO - DAG(s) dict_keys(['example_branch_labels']) retrieved from /home/vladimir/.local/lib/python3.10/site-packages/airflow/example_dags/example_branch_labels.py
[2023-04-23T01:30:06.705+0300] {logging_mixin.py:137} INFO - [2023-04-23T01:30:06.705+0300] {dag.py:2705} INFO - Sync 1 DAGs
[2023-04-23T01:30:06.719+0300] {logging_mixin.py:137} INFO - [2023-04-23T01:30:06.719+0300] {dag.py:3452} INFO - Setting next_dagrun for example_branch_labels to 2023-04-21T00:00:00+00:00, run_after=2023-04-22T00:00:00+00:00
[2023-04-23T01:30:06.730+0300] {processor.py:175} INFO - Processing /home/vladimir/.local/lib/python3.10/site-packages/airflow/example_dags/example_branch_labels.py took 0.059 seconds
[2023-04-23T01:30:49.962+0300] {processor.py:153} INFO - Started process (PID=4575) to work on /home/vladimir/.local/lib/python3.10/site-packages/airflow/example_dags/example_branch_labels.py
[2023-04-23T01:30:49.963+0300] {processor.py:743} INFO - Processing file /home/vladimir/.local/lib/python3.10/site-packages/airflow/example_dags/example_branch_labels.py for tasks to queue
[2023-04-23T01:30:49.963+0300] {logging_mixin.py:137} INFO - [2023-04-23T01:30:49.963+0300] {dagbag.py:532} INFO - Filling up the DagBag from /home/vladimir/.local/lib/python3.10/site-packages/airflow/example_dags/example_branch_labels.py
[2023-04-23T01:30:49.977+0300] {processor.py:753} INFO - DAG(s) dict_keys(['example_branch_labels']) retrieved from /home/vladimir/.local/lib/python3.10/site-packages/airflow/example_dags/example_branch_labels.py
[2023-04-23T01:30:49.992+0300] {logging_mixin.py:137} INFO - [2023-04-23T01:30:49.991+0300] {dag.py:2705} INFO - Sync 1 DAGs
[2023-04-23T01:30:50.004+0300] {logging_mixin.py:137} INFO - [2023-04-23T01:30:50.004+0300] {dag.py:3452} INFO - Setting next_dagrun for example_branch_labels to 2023-04-21T00:00:00+00:00, run_after=2023-04-22T00:00:00+00:00
[2023-04-23T01:30:50.016+0300] {processor.py:175} INFO - Processing /home/vladimir/.local/lib/python3.10/site-packages/airflow/example_dags/example_branch_labels.py took 0.056 seconds
[2023-04-23T01:31:35.767+0300] {processor.py:153} INFO - Started process (PID=4640) to work on /home/vladimir/.local/lib/python3.10/site-packages/airflow/example_dags/example_branch_labels.py
[2023-04-23T01:31:35.768+0300] {processor.py:743} INFO - Processing file /home/vladimir/.local/lib/python3.10/site-packages/airflow/example_dags/example_branch_labels.py for tasks to queue
[2023-04-23T01:31:35.769+0300] {logging_mixin.py:137} INFO - [2023-04-23T01:31:35.769+0300] {dagbag.py:532} INFO - Filling up the DagBag from /home/vladimir/.local/lib/python3.10/site-packages/airflow/example_dags/example_branch_labels.py
[2023-04-23T01:31:35.779+0300] {processor.py:753} INFO - DAG(s) dict_keys(['example_branch_labels']) retrieved from /home/vladimir/.local/lib/python3.10/site-packages/airflow/example_dags/example_branch_labels.py
[2023-04-23T01:31:35.797+0300] {logging_mixin.py:137} INFO - [2023-04-23T01:31:35.796+0300] {dag.py:2705} INFO - Sync 1 DAGs
[2023-04-23T01:31:35.810+0300] {logging_mixin.py:137} INFO - [2023-04-23T01:31:35.810+0300] {dag.py:3452} INFO - Setting next_dagrun for example_branch_labels to 2023-04-21T00:00:00+00:00, run_after=2023-04-22T00:00:00+00:00
[2023-04-23T01:31:35.822+0300] {processor.py:175} INFO - Processing /home/vladimir/.local/lib/python3.10/site-packages/airflow/example_dags/example_branch_labels.py took 0.057 seconds
[2023-04-23T01:32:16.650+0300] {processor.py:153} INFO - Started process (PID=4688) to work on /home/vladimir/.local/lib/python3.10/site-packages/airflow/example_dags/example_branch_labels.py
[2023-04-23T01:32:16.651+0300] {processor.py:743} INFO - Processing file /home/vladimir/.local/lib/python3.10/site-packages/airflow/example_dags/example_branch_labels.py for tasks to queue
[2023-04-23T01:32:16.651+0300] {logging_mixin.py:137} INFO - [2023-04-23T01:32:16.651+0300] {dagbag.py:532} INFO - Filling up the DagBag from /home/vladimir/.local/lib/python3.10/site-packages/airflow/example_dags/example_branch_labels.py
[2023-04-23T01:32:16.663+0300] {processor.py:753} INFO - DAG(s) dict_keys(['example_branch_labels']) retrieved from /home/vladimir/.local/lib/python3.10/site-packages/airflow/example_dags/example_branch_labels.py
[2023-04-23T01:32:16.679+0300] {logging_mixin.py:137} INFO - [2023-04-23T01:32:16.679+0300] {dag.py:2705} INFO - Sync 1 DAGs
[2023-04-23T01:32:16.694+0300] {logging_mixin.py:137} INFO - [2023-04-23T01:32:16.694+0300] {dag.py:3452} INFO - Setting next_dagrun for example_branch_labels to 2023-04-21T00:00:00+00:00, run_after=2023-04-22T00:00:00+00:00
[2023-04-23T01:32:16.706+0300] {processor.py:175} INFO - Processing /home/vladimir/.local/lib/python3.10/site-packages/airflow/example_dags/example_branch_labels.py took 0.059 seconds
[2023-04-23T01:33:08.539+0300] {processor.py:153} INFO - Started process (PID=4766) to work on /home/vladimir/.local/lib/python3.10/site-packages/airflow/example_dags/example_branch_labels.py
[2023-04-23T01:33:08.540+0300] {processor.py:743} INFO - Processing file /home/vladimir/.local/lib/python3.10/site-packages/airflow/example_dags/example_branch_labels.py for tasks to queue
[2023-04-23T01:33:08.540+0300] {logging_mixin.py:137} INFO - [2023-04-23T01:33:08.540+0300] {dagbag.py:532} INFO - Filling up the DagBag from /home/vladimir/.local/lib/python3.10/site-packages/airflow/example_dags/example_branch_labels.py
[2023-04-23T01:33:08.550+0300] {processor.py:753} INFO - DAG(s) dict_keys(['example_branch_labels']) retrieved from /home/vladimir/.local/lib/python3.10/site-packages/airflow/example_dags/example_branch_labels.py
[2023-04-23T01:33:08.564+0300] {logging_mixin.py:137} INFO - [2023-04-23T01:33:08.564+0300] {dag.py:2705} INFO - Sync 1 DAGs
[2023-04-23T01:33:08.576+0300] {logging_mixin.py:137} INFO - [2023-04-23T01:33:08.576+0300] {dag.py:3452} INFO - Setting next_dagrun for example_branch_labels to 2023-04-21T00:00:00+00:00, run_after=2023-04-22T00:00:00+00:00
[2023-04-23T01:33:08.588+0300] {processor.py:175} INFO - Processing /home/vladimir/.local/lib/python3.10/site-packages/airflow/example_dags/example_branch_labels.py took 0.051 seconds
[2023-04-23T01:33:49.648+0300] {processor.py:153} INFO - Started process (PID=4817) to work on /home/vladimir/.local/lib/python3.10/site-packages/airflow/example_dags/example_branch_labels.py
[2023-04-23T01:33:49.649+0300] {processor.py:743} INFO - Processing file /home/vladimir/.local/lib/python3.10/site-packages/airflow/example_dags/example_branch_labels.py for tasks to queue
[2023-04-23T01:33:49.650+0300] {logging_mixin.py:137} INFO - [2023-04-23T01:33:49.650+0300] {dagbag.py:532} INFO - Filling up the DagBag from /home/vladimir/.local/lib/python3.10/site-packages/airflow/example_dags/example_branch_labels.py
[2023-04-23T01:33:49.660+0300] {processor.py:753} INFO - DAG(s) dict_keys(['example_branch_labels']) retrieved from /home/vladimir/.local/lib/python3.10/site-packages/airflow/example_dags/example_branch_labels.py
[2023-04-23T01:33:49.673+0300] {logging_mixin.py:137} INFO - [2023-04-23T01:33:49.673+0300] {dag.py:2705} INFO - Sync 1 DAGs
[2023-04-23T01:33:49.687+0300] {logging_mixin.py:137} INFO - [2023-04-23T01:33:49.686+0300] {dag.py:3452} INFO - Setting next_dagrun for example_branch_labels to 2023-04-21T00:00:00+00:00, run_after=2023-04-22T00:00:00+00:00
[2023-04-23T01:33:49.698+0300] {processor.py:175} INFO - Processing /home/vladimir/.local/lib/python3.10/site-packages/airflow/example_dags/example_branch_labels.py took 0.052 seconds
[2023-04-23T01:34:31.884+0300] {processor.py:153} INFO - Started process (PID=4926) to work on /home/vladimir/.local/lib/python3.10/site-packages/airflow/example_dags/example_branch_labels.py
[2023-04-23T01:34:31.884+0300] {processor.py:743} INFO - Processing file /home/vladimir/.local/lib/python3.10/site-packages/airflow/example_dags/example_branch_labels.py for tasks to queue
[2023-04-23T01:34:31.885+0300] {logging_mixin.py:137} INFO - [2023-04-23T01:34:31.885+0300] {dagbag.py:532} INFO - Filling up the DagBag from /home/vladimir/.local/lib/python3.10/site-packages/airflow/example_dags/example_branch_labels.py
[2023-04-23T01:34:31.895+0300] {processor.py:753} INFO - DAG(s) dict_keys(['example_branch_labels']) retrieved from /home/vladimir/.local/lib/python3.10/site-packages/airflow/example_dags/example_branch_labels.py
[2023-04-23T01:34:31.908+0300] {logging_mixin.py:137} INFO - [2023-04-23T01:34:31.908+0300] {dag.py:2705} INFO - Sync 1 DAGs
[2023-04-23T01:34:31.922+0300] {logging_mixin.py:137} INFO - [2023-04-23T01:34:31.921+0300] {dag.py:3452} INFO - Setting next_dagrun for example_branch_labels to 2023-04-21T00:00:00+00:00, run_after=2023-04-22T00:00:00+00:00
[2023-04-23T01:34:31.934+0300] {processor.py:175} INFO - Processing /home/vladimir/.local/lib/python3.10/site-packages/airflow/example_dags/example_branch_labels.py took 0.052 seconds
[2023-04-23T01:35:22.329+0300] {processor.py:153} INFO - Started process (PID=4990) to work on /home/vladimir/.local/lib/python3.10/site-packages/airflow/example_dags/example_branch_labels.py
[2023-04-23T01:35:22.330+0300] {processor.py:743} INFO - Processing file /home/vladimir/.local/lib/python3.10/site-packages/airflow/example_dags/example_branch_labels.py for tasks to queue
[2023-04-23T01:35:22.331+0300] {logging_mixin.py:137} INFO - [2023-04-23T01:35:22.330+0300] {dagbag.py:532} INFO - Filling up the DagBag from /home/vladimir/.local/lib/python3.10/site-packages/airflow/example_dags/example_branch_labels.py
[2023-04-23T01:35:22.340+0300] {processor.py:753} INFO - DAG(s) dict_keys(['example_branch_labels']) retrieved from /home/vladimir/.local/lib/python3.10/site-packages/airflow/example_dags/example_branch_labels.py
[2023-04-23T01:35:22.355+0300] {logging_mixin.py:137} INFO - [2023-04-23T01:35:22.355+0300] {dag.py:2705} INFO - Sync 1 DAGs
[2023-04-23T01:35:22.367+0300] {logging_mixin.py:137} INFO - [2023-04-23T01:35:22.367+0300] {dag.py:3452} INFO - Setting next_dagrun for example_branch_labels to 2023-04-21T00:00:00+00:00, run_after=2023-04-22T00:00:00+00:00
[2023-04-23T01:35:22.379+0300] {processor.py:175} INFO - Processing /home/vladimir/.local/lib/python3.10/site-packages/airflow/example_dags/example_branch_labels.py took 0.052 seconds
