[2023-04-22T22:50:22.472+0300] {processor.py:153} INFO - Started process (PID=11398) to work on /home/vladimir/.local/lib/python3.10/site-packages/airflow/example_dags/example_task_group.py
[2023-04-22T22:50:22.472+0300] {processor.py:743} INFO - Processing file /home/vladimir/.local/lib/python3.10/site-packages/airflow/example_dags/example_task_group.py for tasks to queue
[2023-04-22T22:50:22.473+0300] {logging_mixin.py:137} INFO - [2023-04-22T22:50:22.473+0300] {dagbag.py:532} INFO - Filling up the DagBag from /home/vladimir/.local/lib/python3.10/site-packages/airflow/example_dags/example_task_group.py
[2023-04-22T22:50:22.483+0300] {processor.py:753} INFO - DAG(s) dict_keys(['example_task_group']) retrieved from /home/vladimir/.local/lib/python3.10/site-packages/airflow/example_dags/example_task_group.py
[2023-04-22T22:50:22.544+0300] {logging_mixin.py:137} INFO - [2023-04-22T22:50:22.544+0300] {manager.py:504} INFO - Created Permission View: can delete on DAG:example_task_group
[2023-04-22T22:50:22.549+0300] {logging_mixin.py:137} INFO - [2023-04-22T22:50:22.549+0300] {manager.py:504} INFO - Created Permission View: can read on DAG:example_task_group
[2023-04-22T22:50:22.552+0300] {logging_mixin.py:137} INFO - [2023-04-22T22:50:22.552+0300] {manager.py:504} INFO - Created Permission View: can edit on DAG:example_task_group
[2023-04-22T22:50:22.553+0300] {logging_mixin.py:137} INFO - [2023-04-22T22:50:22.552+0300] {dag.py:2705} INFO - Sync 1 DAGs
[2023-04-22T22:50:22.561+0300] {logging_mixin.py:137} INFO - [2023-04-22T22:50:22.561+0300] {dag.py:2726} INFO - Creating ORM DAG for example_task_group
[2023-04-22T22:50:22.566+0300] {logging_mixin.py:137} INFO - [2023-04-22T22:50:22.566+0300] {dag.py:3452} INFO - Setting next_dagrun for example_task_group to 2023-04-21T19:50:22.566340+00:00, run_after=2023-04-22T19:50:22.566340+00:00
[2023-04-22T22:50:22.576+0300] {processor.py:175} INFO - Processing /home/vladimir/.local/lib/python3.10/site-packages/airflow/example_dags/example_task_group.py took 0.107 seconds
[2023-04-22T22:51:05.928+0300] {processor.py:153} INFO - Started process (PID=11482) to work on /home/vladimir/.local/lib/python3.10/site-packages/airflow/example_dags/example_task_group.py
[2023-04-22T22:51:05.929+0300] {processor.py:743} INFO - Processing file /home/vladimir/.local/lib/python3.10/site-packages/airflow/example_dags/example_task_group.py for tasks to queue
[2023-04-22T22:51:05.929+0300] {logging_mixin.py:137} INFO - [2023-04-22T22:51:05.929+0300] {dagbag.py:532} INFO - Filling up the DagBag from /home/vladimir/.local/lib/python3.10/site-packages/airflow/example_dags/example_task_group.py
[2023-04-22T22:51:05.941+0300] {processor.py:753} INFO - DAG(s) dict_keys(['example_task_group']) retrieved from /home/vladimir/.local/lib/python3.10/site-packages/airflow/example_dags/example_task_group.py
[2023-04-22T22:51:05.954+0300] {logging_mixin.py:137} INFO - [2023-04-22T22:51:05.954+0300] {dag.py:2705} INFO - Sync 1 DAGs
[2023-04-22T22:51:05.966+0300] {logging_mixin.py:137} INFO - [2023-04-22T22:51:05.966+0300] {dag.py:3452} INFO - Setting next_dagrun for example_task_group to 2023-04-21T19:51:05.966656+00:00, run_after=2023-04-22T19:51:05.966656+00:00
[2023-04-22T22:51:05.978+0300] {processor.py:175} INFO - Processing /home/vladimir/.local/lib/python3.10/site-packages/airflow/example_dags/example_task_group.py took 0.052 seconds
[2023-04-22T22:51:47.948+0300] {processor.py:153} INFO - Started process (PID=11597) to work on /home/vladimir/.local/lib/python3.10/site-packages/airflow/example_dags/example_task_group.py
[2023-04-22T22:51:47.949+0300] {processor.py:743} INFO - Processing file /home/vladimir/.local/lib/python3.10/site-packages/airflow/example_dags/example_task_group.py for tasks to queue
[2023-04-22T22:51:47.949+0300] {logging_mixin.py:137} INFO - [2023-04-22T22:51:47.949+0300] {dagbag.py:532} INFO - Filling up the DagBag from /home/vladimir/.local/lib/python3.10/site-packages/airflow/example_dags/example_task_group.py
[2023-04-22T22:51:47.961+0300] {processor.py:753} INFO - DAG(s) dict_keys(['example_task_group']) retrieved from /home/vladimir/.local/lib/python3.10/site-packages/airflow/example_dags/example_task_group.py
[2023-04-22T22:51:47.974+0300] {logging_mixin.py:137} INFO - [2023-04-22T22:51:47.974+0300] {dag.py:2705} INFO - Sync 1 DAGs
[2023-04-22T22:51:47.987+0300] {logging_mixin.py:137} INFO - [2023-04-22T22:51:47.987+0300] {dag.py:3452} INFO - Setting next_dagrun for example_task_group to 2023-04-21T19:51:47.987118+00:00, run_after=2023-04-22T19:51:47.987118+00:00
[2023-04-22T22:51:47.998+0300] {processor.py:175} INFO - Processing /home/vladimir/.local/lib/python3.10/site-packages/airflow/example_dags/example_task_group.py took 0.052 seconds
[2023-04-22T22:52:27.310+0300] {processor.py:153} INFO - Started process (PID=11647) to work on /home/vladimir/.local/lib/python3.10/site-packages/airflow/example_dags/example_task_group.py
[2023-04-22T22:52:27.311+0300] {processor.py:743} INFO - Processing file /home/vladimir/.local/lib/python3.10/site-packages/airflow/example_dags/example_task_group.py for tasks to queue
[2023-04-22T22:52:27.312+0300] {logging_mixin.py:137} INFO - [2023-04-22T22:52:27.312+0300] {dagbag.py:532} INFO - Filling up the DagBag from /home/vladimir/.local/lib/python3.10/site-packages/airflow/example_dags/example_task_group.py
[2023-04-22T22:52:27.322+0300] {processor.py:753} INFO - DAG(s) dict_keys(['example_task_group']) retrieved from /home/vladimir/.local/lib/python3.10/site-packages/airflow/example_dags/example_task_group.py
[2023-04-22T22:52:27.336+0300] {logging_mixin.py:137} INFO - [2023-04-22T22:52:27.336+0300] {dag.py:2705} INFO - Sync 1 DAGs
[2023-04-22T22:52:27.347+0300] {logging_mixin.py:137} INFO - [2023-04-22T22:52:27.347+0300] {dag.py:3452} INFO - Setting next_dagrun for example_task_group to 2023-04-21T19:52:27.347552+00:00, run_after=2023-04-22T19:52:27.347552+00:00
[2023-04-22T22:52:27.359+0300] {processor.py:175} INFO - Processing /home/vladimir/.local/lib/python3.10/site-packages/airflow/example_dags/example_task_group.py took 0.051 seconds
[2023-04-22T22:53:06.957+0300] {processor.py:153} INFO - Started process (PID=11696) to work on /home/vladimir/.local/lib/python3.10/site-packages/airflow/example_dags/example_task_group.py
[2023-04-22T22:53:06.958+0300] {processor.py:743} INFO - Processing file /home/vladimir/.local/lib/python3.10/site-packages/airflow/example_dags/example_task_group.py for tasks to queue
[2023-04-22T22:53:06.958+0300] {logging_mixin.py:137} INFO - [2023-04-22T22:53:06.958+0300] {dagbag.py:532} INFO - Filling up the DagBag from /home/vladimir/.local/lib/python3.10/site-packages/airflow/example_dags/example_task_group.py
[2023-04-22T22:53:06.970+0300] {processor.py:753} INFO - DAG(s) dict_keys(['example_task_group']) retrieved from /home/vladimir/.local/lib/python3.10/site-packages/airflow/example_dags/example_task_group.py
[2023-04-22T22:53:06.986+0300] {logging_mixin.py:137} INFO - [2023-04-22T22:53:06.986+0300] {dag.py:2705} INFO - Sync 1 DAGs
[2023-04-22T22:53:06.999+0300] {logging_mixin.py:137} INFO - [2023-04-22T22:53:06.999+0300] {dag.py:3452} INFO - Setting next_dagrun for example_task_group to 2023-04-21T19:53:06.999333+00:00, run_after=2023-04-22T19:53:06.999333+00:00
[2023-04-22T22:53:07.013+0300] {processor.py:175} INFO - Processing /home/vladimir/.local/lib/python3.10/site-packages/airflow/example_dags/example_task_group.py took 0.059 seconds
[2023-04-22T22:53:44.669+0300] {processor.py:153} INFO - Started process (PID=11749) to work on /home/vladimir/.local/lib/python3.10/site-packages/airflow/example_dags/example_task_group.py
[2023-04-22T22:53:44.669+0300] {processor.py:743} INFO - Processing file /home/vladimir/.local/lib/python3.10/site-packages/airflow/example_dags/example_task_group.py for tasks to queue
[2023-04-22T22:53:44.670+0300] {logging_mixin.py:137} INFO - [2023-04-22T22:53:44.670+0300] {dagbag.py:532} INFO - Filling up the DagBag from /home/vladimir/.local/lib/python3.10/site-packages/airflow/example_dags/example_task_group.py
[2023-04-22T22:53:44.680+0300] {processor.py:753} INFO - DAG(s) dict_keys(['example_task_group']) retrieved from /home/vladimir/.local/lib/python3.10/site-packages/airflow/example_dags/example_task_group.py
[2023-04-22T22:53:44.697+0300] {logging_mixin.py:137} INFO - [2023-04-22T22:53:44.697+0300] {dag.py:2705} INFO - Sync 1 DAGs
[2023-04-22T22:53:44.709+0300] {logging_mixin.py:137} INFO - [2023-04-22T22:53:44.709+0300] {dag.py:3452} INFO - Setting next_dagrun for example_task_group to 2023-04-21T19:53:44.709151+00:00, run_after=2023-04-22T19:53:44.709151+00:00
[2023-04-22T22:53:44.722+0300] {processor.py:175} INFO - Processing /home/vladimir/.local/lib/python3.10/site-packages/airflow/example_dags/example_task_group.py took 0.055 seconds
[2023-04-22T22:54:23.351+0300] {processor.py:153} INFO - Started process (PID=11807) to work on /home/vladimir/.local/lib/python3.10/site-packages/airflow/example_dags/example_task_group.py
[2023-04-22T22:54:23.352+0300] {processor.py:743} INFO - Processing file /home/vladimir/.local/lib/python3.10/site-packages/airflow/example_dags/example_task_group.py for tasks to queue
[2023-04-22T22:54:23.353+0300] {logging_mixin.py:137} INFO - [2023-04-22T22:54:23.353+0300] {dagbag.py:532} INFO - Filling up the DagBag from /home/vladimir/.local/lib/python3.10/site-packages/airflow/example_dags/example_task_group.py
[2023-04-22T22:54:23.365+0300] {processor.py:753} INFO - DAG(s) dict_keys(['example_task_group']) retrieved from /home/vladimir/.local/lib/python3.10/site-packages/airflow/example_dags/example_task_group.py
[2023-04-22T22:54:23.379+0300] {logging_mixin.py:137} INFO - [2023-04-22T22:54:23.379+0300] {dag.py:2705} INFO - Sync 1 DAGs
[2023-04-22T22:54:23.392+0300] {logging_mixin.py:137} INFO - [2023-04-22T22:54:23.392+0300] {dag.py:3452} INFO - Setting next_dagrun for example_task_group to 2023-04-21T19:54:23.392676+00:00, run_after=2023-04-22T19:54:23.392676+00:00
[2023-04-22T22:54:23.404+0300] {processor.py:175} INFO - Processing /home/vladimir/.local/lib/python3.10/site-packages/airflow/example_dags/example_task_group.py took 0.056 seconds
[2023-04-22T22:55:01.742+0300] {processor.py:153} INFO - Started process (PID=11875) to work on /home/vladimir/.local/lib/python3.10/site-packages/airflow/example_dags/example_task_group.py
[2023-04-22T22:55:01.742+0300] {processor.py:743} INFO - Processing file /home/vladimir/.local/lib/python3.10/site-packages/airflow/example_dags/example_task_group.py for tasks to queue
[2023-04-22T22:55:01.743+0300] {logging_mixin.py:137} INFO - [2023-04-22T22:55:01.743+0300] {dagbag.py:532} INFO - Filling up the DagBag from /home/vladimir/.local/lib/python3.10/site-packages/airflow/example_dags/example_task_group.py
[2023-04-22T22:55:01.753+0300] {processor.py:753} INFO - DAG(s) dict_keys(['example_task_group']) retrieved from /home/vladimir/.local/lib/python3.10/site-packages/airflow/example_dags/example_task_group.py
[2023-04-22T22:55:01.767+0300] {logging_mixin.py:137} INFO - [2023-04-22T22:55:01.767+0300] {dag.py:2705} INFO - Sync 1 DAGs
[2023-04-22T22:55:01.780+0300] {logging_mixin.py:137} INFO - [2023-04-22T22:55:01.779+0300] {dag.py:3452} INFO - Setting next_dagrun for example_task_group to 2023-04-21T19:55:01.779758+00:00, run_after=2023-04-22T19:55:01.779758+00:00
[2023-04-22T22:55:01.794+0300] {processor.py:175} INFO - Processing /home/vladimir/.local/lib/python3.10/site-packages/airflow/example_dags/example_task_group.py took 0.054 seconds
[2023-04-22T22:55:49.085+0300] {processor.py:153} INFO - Started process (PID=11933) to work on /home/vladimir/.local/lib/python3.10/site-packages/airflow/example_dags/example_task_group.py
[2023-04-22T22:55:49.086+0300] {processor.py:743} INFO - Processing file /home/vladimir/.local/lib/python3.10/site-packages/airflow/example_dags/example_task_group.py for tasks to queue
[2023-04-22T22:55:49.086+0300] {logging_mixin.py:137} INFO - [2023-04-22T22:55:49.086+0300] {dagbag.py:532} INFO - Filling up the DagBag from /home/vladimir/.local/lib/python3.10/site-packages/airflow/example_dags/example_task_group.py
[2023-04-22T22:55:49.097+0300] {processor.py:753} INFO - DAG(s) dict_keys(['example_task_group']) retrieved from /home/vladimir/.local/lib/python3.10/site-packages/airflow/example_dags/example_task_group.py
[2023-04-22T22:55:49.110+0300] {logging_mixin.py:137} INFO - [2023-04-22T22:55:49.110+0300] {dag.py:2705} INFO - Sync 1 DAGs
[2023-04-22T22:55:49.122+0300] {logging_mixin.py:137} INFO - [2023-04-22T22:55:49.121+0300] {dag.py:3452} INFO - Setting next_dagrun for example_task_group to 2023-04-21T19:55:49.121738+00:00, run_after=2023-04-22T19:55:49.121738+00:00
[2023-04-22T22:55:49.134+0300] {processor.py:175} INFO - Processing /home/vladimir/.local/lib/python3.10/site-packages/airflow/example_dags/example_task_group.py took 0.051 seconds
[2023-04-23T01:29:05.139+0300] {processor.py:153} INFO - Started process (PID=4405) to work on /home/vladimir/.local/lib/python3.10/site-packages/airflow/example_dags/example_task_group.py
[2023-04-23T01:29:05.140+0300] {processor.py:743} INFO - Processing file /home/vladimir/.local/lib/python3.10/site-packages/airflow/example_dags/example_task_group.py for tasks to queue
[2023-04-23T01:29:05.141+0300] {logging_mixin.py:137} INFO - [2023-04-23T01:29:05.141+0300] {dagbag.py:532} INFO - Filling up the DagBag from /home/vladimir/.local/lib/python3.10/site-packages/airflow/example_dags/example_task_group.py
[2023-04-23T01:29:05.153+0300] {processor.py:753} INFO - DAG(s) dict_keys(['example_task_group']) retrieved from /home/vladimir/.local/lib/python3.10/site-packages/airflow/example_dags/example_task_group.py
[2023-04-23T01:29:05.169+0300] {logging_mixin.py:137} INFO - [2023-04-23T01:29:05.169+0300] {dag.py:2705} INFO - Sync 1 DAGs
[2023-04-23T01:29:05.183+0300] {logging_mixin.py:137} INFO - [2023-04-23T01:29:05.183+0300] {dag.py:3452} INFO - Setting next_dagrun for example_task_group to 2023-04-21T22:29:05.182893+00:00, run_after=2023-04-22T22:29:05.182893+00:00
[2023-04-23T01:29:05.195+0300] {processor.py:175} INFO - Processing /home/vladimir/.local/lib/python3.10/site-packages/airflow/example_dags/example_task_group.py took 0.058 seconds
[2023-04-23T01:29:46.407+0300] {processor.py:153} INFO - Started process (PID=4460) to work on /home/vladimir/.local/lib/python3.10/site-packages/airflow/example_dags/example_task_group.py
[2023-04-23T01:29:46.408+0300] {processor.py:743} INFO - Processing file /home/vladimir/.local/lib/python3.10/site-packages/airflow/example_dags/example_task_group.py for tasks to queue
[2023-04-23T01:29:46.408+0300] {logging_mixin.py:137} INFO - [2023-04-23T01:29:46.408+0300] {dagbag.py:532} INFO - Filling up the DagBag from /home/vladimir/.local/lib/python3.10/site-packages/airflow/example_dags/example_task_group.py
[2023-04-23T01:29:46.419+0300] {processor.py:753} INFO - DAG(s) dict_keys(['example_task_group']) retrieved from /home/vladimir/.local/lib/python3.10/site-packages/airflow/example_dags/example_task_group.py
[2023-04-23T01:29:46.433+0300] {logging_mixin.py:137} INFO - [2023-04-23T01:29:46.433+0300] {dag.py:2705} INFO - Sync 1 DAGs
[2023-04-23T01:29:46.446+0300] {logging_mixin.py:137} INFO - [2023-04-23T01:29:46.446+0300] {dag.py:3452} INFO - Setting next_dagrun for example_task_group to 2023-04-21T22:29:46.445843+00:00, run_after=2023-04-22T22:29:46.445843+00:00
[2023-04-23T01:29:46.457+0300] {processor.py:175} INFO - Processing /home/vladimir/.local/lib/python3.10/site-packages/airflow/example_dags/example_task_group.py took 0.052 seconds
[2023-04-23T01:30:26.942+0300] {processor.py:153} INFO - Started process (PID=4548) to work on /home/vladimir/.local/lib/python3.10/site-packages/airflow/example_dags/example_task_group.py
[2023-04-23T01:30:26.943+0300] {processor.py:743} INFO - Processing file /home/vladimir/.local/lib/python3.10/site-packages/airflow/example_dags/example_task_group.py for tasks to queue
[2023-04-23T01:30:26.944+0300] {logging_mixin.py:137} INFO - [2023-04-23T01:30:26.944+0300] {dagbag.py:532} INFO - Filling up the DagBag from /home/vladimir/.local/lib/python3.10/site-packages/airflow/example_dags/example_task_group.py
[2023-04-23T01:30:26.959+0300] {processor.py:753} INFO - DAG(s) dict_keys(['example_task_group']) retrieved from /home/vladimir/.local/lib/python3.10/site-packages/airflow/example_dags/example_task_group.py
[2023-04-23T01:30:26.974+0300] {logging_mixin.py:137} INFO - [2023-04-23T01:30:26.974+0300] {dag.py:2705} INFO - Sync 1 DAGs
[2023-04-23T01:30:26.987+0300] {logging_mixin.py:137} INFO - [2023-04-23T01:30:26.987+0300] {dag.py:3452} INFO - Setting next_dagrun for example_task_group to 2023-04-21T22:30:26.987184+00:00, run_after=2023-04-22T22:30:26.987184+00:00
[2023-04-23T01:30:27.000+0300] {processor.py:175} INFO - Processing /home/vladimir/.local/lib/python3.10/site-packages/airflow/example_dags/example_task_group.py took 0.060 seconds
[2023-04-23T01:31:08.498+0300] {processor.py:153} INFO - Started process (PID=4601) to work on /home/vladimir/.local/lib/python3.10/site-packages/airflow/example_dags/example_task_group.py
[2023-04-23T01:31:08.499+0300] {processor.py:743} INFO - Processing file /home/vladimir/.local/lib/python3.10/site-packages/airflow/example_dags/example_task_group.py for tasks to queue
[2023-04-23T01:31:08.499+0300] {logging_mixin.py:137} INFO - [2023-04-23T01:31:08.499+0300] {dagbag.py:532} INFO - Filling up the DagBag from /home/vladimir/.local/lib/python3.10/site-packages/airflow/example_dags/example_task_group.py
[2023-04-23T01:31:08.512+0300] {processor.py:753} INFO - DAG(s) dict_keys(['example_task_group']) retrieved from /home/vladimir/.local/lib/python3.10/site-packages/airflow/example_dags/example_task_group.py
[2023-04-23T01:31:08.527+0300] {logging_mixin.py:137} INFO - [2023-04-23T01:31:08.527+0300] {dag.py:2705} INFO - Sync 1 DAGs
[2023-04-23T01:31:08.541+0300] {logging_mixin.py:137} INFO - [2023-04-23T01:31:08.541+0300] {dag.py:3452} INFO - Setting next_dagrun for example_task_group to 2023-04-21T22:31:08.541464+00:00, run_after=2023-04-22T22:31:08.541464+00:00
[2023-04-23T01:31:08.555+0300] {processor.py:175} INFO - Processing /home/vladimir/.local/lib/python3.10/site-packages/airflow/example_dags/example_task_group.py took 0.060 seconds
[2023-04-23T01:31:52.698+0300] {processor.py:153} INFO - Started process (PID=4664) to work on /home/vladimir/.local/lib/python3.10/site-packages/airflow/example_dags/example_task_group.py
[2023-04-23T01:31:52.700+0300] {processor.py:743} INFO - Processing file /home/vladimir/.local/lib/python3.10/site-packages/airflow/example_dags/example_task_group.py for tasks to queue
[2023-04-23T01:31:52.701+0300] {logging_mixin.py:137} INFO - [2023-04-23T01:31:52.700+0300] {dagbag.py:532} INFO - Filling up the DagBag from /home/vladimir/.local/lib/python3.10/site-packages/airflow/example_dags/example_task_group.py
[2023-04-23T01:31:52.716+0300] {processor.py:753} INFO - DAG(s) dict_keys(['example_task_group']) retrieved from /home/vladimir/.local/lib/python3.10/site-packages/airflow/example_dags/example_task_group.py
[2023-04-23T01:31:52.731+0300] {logging_mixin.py:137} INFO - [2023-04-23T01:31:52.731+0300] {dag.py:2705} INFO - Sync 1 DAGs
[2023-04-23T01:31:52.743+0300] {logging_mixin.py:137} INFO - [2023-04-23T01:31:52.742+0300] {dag.py:3452} INFO - Setting next_dagrun for example_task_group to 2023-04-21T22:31:52.742840+00:00, run_after=2023-04-22T22:31:52.742840+00:00
[2023-04-23T01:31:52.755+0300] {processor.py:175} INFO - Processing /home/vladimir/.local/lib/python3.10/site-packages/airflow/example_dags/example_task_group.py took 0.059 seconds
[2023-04-23T01:32:38.611+0300] {processor.py:153} INFO - Started process (PID=4729) to work on /home/vladimir/.local/lib/python3.10/site-packages/airflow/example_dags/example_task_group.py
[2023-04-23T01:32:38.612+0300] {processor.py:743} INFO - Processing file /home/vladimir/.local/lib/python3.10/site-packages/airflow/example_dags/example_task_group.py for tasks to queue
[2023-04-23T01:32:38.613+0300] {logging_mixin.py:137} INFO - [2023-04-23T01:32:38.612+0300] {dagbag.py:532} INFO - Filling up the DagBag from /home/vladimir/.local/lib/python3.10/site-packages/airflow/example_dags/example_task_group.py
[2023-04-23T01:32:38.624+0300] {processor.py:753} INFO - DAG(s) dict_keys(['example_task_group']) retrieved from /home/vladimir/.local/lib/python3.10/site-packages/airflow/example_dags/example_task_group.py
[2023-04-23T01:32:38.639+0300] {logging_mixin.py:137} INFO - [2023-04-23T01:32:38.639+0300] {dag.py:2705} INFO - Sync 1 DAGs
[2023-04-23T01:32:38.653+0300] {logging_mixin.py:137} INFO - [2023-04-23T01:32:38.653+0300] {dag.py:3452} INFO - Setting next_dagrun for example_task_group to 2023-04-21T22:32:38.652894+00:00, run_after=2023-04-22T22:32:38.652894+00:00
[2023-04-23T01:32:38.667+0300] {processor.py:175} INFO - Processing /home/vladimir/.local/lib/python3.10/site-packages/airflow/example_dags/example_task_group.py took 0.058 seconds
[2023-04-23T01:33:19.142+0300] {processor.py:153} INFO - Started process (PID=4782) to work on /home/vladimir/.local/lib/python3.10/site-packages/airflow/example_dags/example_task_group.py
[2023-04-23T01:33:19.143+0300] {processor.py:743} INFO - Processing file /home/vladimir/.local/lib/python3.10/site-packages/airflow/example_dags/example_task_group.py for tasks to queue
[2023-04-23T01:33:19.143+0300] {logging_mixin.py:137} INFO - [2023-04-23T01:33:19.143+0300] {dagbag.py:532} INFO - Filling up the DagBag from /home/vladimir/.local/lib/python3.10/site-packages/airflow/example_dags/example_task_group.py
[2023-04-23T01:33:19.154+0300] {processor.py:753} INFO - DAG(s) dict_keys(['example_task_group']) retrieved from /home/vladimir/.local/lib/python3.10/site-packages/airflow/example_dags/example_task_group.py
[2023-04-23T01:33:19.168+0300] {logging_mixin.py:137} INFO - [2023-04-23T01:33:19.168+0300] {dag.py:2705} INFO - Sync 1 DAGs
[2023-04-23T01:33:19.181+0300] {logging_mixin.py:137} INFO - [2023-04-23T01:33:19.181+0300] {dag.py:3452} INFO - Setting next_dagrun for example_task_group to 2023-04-21T22:33:19.181425+00:00, run_after=2023-04-22T22:33:19.181425+00:00
[2023-04-23T01:33:19.193+0300] {processor.py:175} INFO - Processing /home/vladimir/.local/lib/python3.10/site-packages/airflow/example_dags/example_task_group.py took 0.054 seconds
[2023-04-23T01:33:59.920+0300] {processor.py:153} INFO - Started process (PID=4858) to work on /home/vladimir/.local/lib/python3.10/site-packages/airflow/example_dags/example_task_group.py
[2023-04-23T01:33:59.921+0300] {processor.py:743} INFO - Processing file /home/vladimir/.local/lib/python3.10/site-packages/airflow/example_dags/example_task_group.py for tasks to queue
[2023-04-23T01:33:59.922+0300] {logging_mixin.py:137} INFO - [2023-04-23T01:33:59.921+0300] {dagbag.py:532} INFO - Filling up the DagBag from /home/vladimir/.local/lib/python3.10/site-packages/airflow/example_dags/example_task_group.py
[2023-04-23T01:33:59.934+0300] {processor.py:753} INFO - DAG(s) dict_keys(['example_task_group']) retrieved from /home/vladimir/.local/lib/python3.10/site-packages/airflow/example_dags/example_task_group.py
[2023-04-23T01:33:59.949+0300] {logging_mixin.py:137} INFO - [2023-04-23T01:33:59.949+0300] {dag.py:2705} INFO - Sync 1 DAGs
[2023-04-23T01:33:59.964+0300] {logging_mixin.py:137} INFO - [2023-04-23T01:33:59.963+0300] {dag.py:3452} INFO - Setting next_dagrun for example_task_group to 2023-04-21T22:33:59.963599+00:00, run_after=2023-04-22T22:33:59.963599+00:00
[2023-04-23T01:33:59.977+0300] {processor.py:175} INFO - Processing /home/vladimir/.local/lib/python3.10/site-packages/airflow/example_dags/example_task_group.py took 0.059 seconds
[2023-04-23T01:34:43.292+0300] {processor.py:153} INFO - Started process (PID=4942) to work on /home/vladimir/.local/lib/python3.10/site-packages/airflow/example_dags/example_task_group.py
[2023-04-23T01:34:43.293+0300] {processor.py:743} INFO - Processing file /home/vladimir/.local/lib/python3.10/site-packages/airflow/example_dags/example_task_group.py for tasks to queue
[2023-04-23T01:34:43.293+0300] {logging_mixin.py:137} INFO - [2023-04-23T01:34:43.293+0300] {dagbag.py:532} INFO - Filling up the DagBag from /home/vladimir/.local/lib/python3.10/site-packages/airflow/example_dags/example_task_group.py
[2023-04-23T01:34:43.304+0300] {processor.py:753} INFO - DAG(s) dict_keys(['example_task_group']) retrieved from /home/vladimir/.local/lib/python3.10/site-packages/airflow/example_dags/example_task_group.py
[2023-04-23T01:34:43.318+0300] {logging_mixin.py:137} INFO - [2023-04-23T01:34:43.318+0300] {dag.py:2705} INFO - Sync 1 DAGs
[2023-04-23T01:34:43.331+0300] {logging_mixin.py:137} INFO - [2023-04-23T01:34:43.330+0300] {dag.py:3452} INFO - Setting next_dagrun for example_task_group to 2023-04-21T22:34:43.330759+00:00, run_after=2023-04-22T22:34:43.330759+00:00
[2023-04-23T01:34:43.342+0300] {processor.py:175} INFO - Processing /home/vladimir/.local/lib/python3.10/site-packages/airflow/example_dags/example_task_group.py took 0.052 seconds
