[2023-04-22T22:50:12.006+0300] {processor.py:153} INFO - Started process (PID=11379) to work on /home/vladimir/.local/lib/python3.10/site-packages/airflow/example_dags/example_short_circuit_operator.py
[2023-04-22T22:50:12.006+0300] {processor.py:743} INFO - Processing file /home/vladimir/.local/lib/python3.10/site-packages/airflow/example_dags/example_short_circuit_operator.py for tasks to queue
[2023-04-22T22:50:12.006+0300] {logging_mixin.py:137} INFO - [2023-04-22T22:50:12.006+0300] {dagbag.py:532} INFO - Filling up the DagBag from /home/vladimir/.local/lib/python3.10/site-packages/airflow/example_dags/example_short_circuit_operator.py
[2023-04-22T22:50:12.018+0300] {processor.py:753} INFO - DAG(s) dict_keys(['example_short_circuit_operator']) retrieved from /home/vladimir/.local/lib/python3.10/site-packages/airflow/example_dags/example_short_circuit_operator.py
[2023-04-22T22:50:12.082+0300] {logging_mixin.py:137} INFO - [2023-04-22T22:50:12.082+0300] {manager.py:504} INFO - Created Permission View: can delete on DAG:example_short_circuit_operator
[2023-04-22T22:50:12.086+0300] {logging_mixin.py:137} INFO - [2023-04-22T22:50:12.086+0300] {manager.py:504} INFO - Created Permission View: can read on DAG:example_short_circuit_operator
[2023-04-22T22:50:12.090+0300] {logging_mixin.py:137} INFO - [2023-04-22T22:50:12.090+0300] {manager.py:504} INFO - Created Permission View: can edit on DAG:example_short_circuit_operator
[2023-04-22T22:50:12.091+0300] {logging_mixin.py:137} INFO - [2023-04-22T22:50:12.090+0300] {dag.py:2705} INFO - Sync 1 DAGs
[2023-04-22T22:50:12.097+0300] {logging_mixin.py:137} INFO - [2023-04-22T22:50:12.097+0300] {dag.py:2726} INFO - Creating ORM DAG for example_short_circuit_operator
[2023-04-22T22:50:12.104+0300] {logging_mixin.py:137} INFO - [2023-04-22T22:50:12.104+0300] {dag.py:3452} INFO - Setting next_dagrun for example_short_circuit_operator to 2023-04-21T19:50:12.103982+00:00, run_after=2023-04-22T19:50:12.103982+00:00
[2023-04-22T22:50:12.115+0300] {processor.py:175} INFO - Processing /home/vladimir/.local/lib/python3.10/site-packages/airflow/example_dags/example_short_circuit_operator.py took 0.111 seconds
[2023-04-22T22:50:56.535+0300] {processor.py:153} INFO - Started process (PID=11466) to work on /home/vladimir/.local/lib/python3.10/site-packages/airflow/example_dags/example_short_circuit_operator.py
[2023-04-22T22:50:56.536+0300] {processor.py:743} INFO - Processing file /home/vladimir/.local/lib/python3.10/site-packages/airflow/example_dags/example_short_circuit_operator.py for tasks to queue
[2023-04-22T22:50:56.537+0300] {logging_mixin.py:137} INFO - [2023-04-22T22:50:56.536+0300] {dagbag.py:532} INFO - Filling up the DagBag from /home/vladimir/.local/lib/python3.10/site-packages/airflow/example_dags/example_short_circuit_operator.py
[2023-04-22T22:50:56.547+0300] {processor.py:753} INFO - DAG(s) dict_keys(['example_short_circuit_operator']) retrieved from /home/vladimir/.local/lib/python3.10/site-packages/airflow/example_dags/example_short_circuit_operator.py
[2023-04-22T22:50:56.562+0300] {logging_mixin.py:137} INFO - [2023-04-22T22:50:56.562+0300] {dag.py:2705} INFO - Sync 1 DAGs
[2023-04-22T22:50:56.574+0300] {logging_mixin.py:137} INFO - [2023-04-22T22:50:56.574+0300] {dag.py:3452} INFO - Setting next_dagrun for example_short_circuit_operator to 2023-04-21T19:50:56.574260+00:00, run_after=2023-04-22T19:50:56.574260+00:00
[2023-04-22T22:50:56.586+0300] {processor.py:175} INFO - Processing /home/vladimir/.local/lib/python3.10/site-packages/airflow/example_dags/example_short_circuit_operator.py took 0.053 seconds
[2023-04-22T22:51:38.953+0300] {processor.py:153} INFO - Started process (PID=11585) to work on /home/vladimir/.local/lib/python3.10/site-packages/airflow/example_dags/example_short_circuit_operator.py
[2023-04-22T22:51:38.955+0300] {processor.py:743} INFO - Processing file /home/vladimir/.local/lib/python3.10/site-packages/airflow/example_dags/example_short_circuit_operator.py for tasks to queue
[2023-04-22T22:51:38.956+0300] {logging_mixin.py:137} INFO - [2023-04-22T22:51:38.956+0300] {dagbag.py:532} INFO - Filling up the DagBag from /home/vladimir/.local/lib/python3.10/site-packages/airflow/example_dags/example_short_circuit_operator.py
[2023-04-22T22:51:38.973+0300] {processor.py:753} INFO - DAG(s) dict_keys(['example_short_circuit_operator']) retrieved from /home/vladimir/.local/lib/python3.10/site-packages/airflow/example_dags/example_short_circuit_operator.py
[2023-04-22T22:51:38.995+0300] {logging_mixin.py:137} INFO - [2023-04-22T22:51:38.994+0300] {dag.py:2705} INFO - Sync 1 DAGs
[2023-04-22T22:51:39.009+0300] {logging_mixin.py:137} INFO - [2023-04-22T22:51:39.009+0300] {dag.py:3452} INFO - Setting next_dagrun for example_short_circuit_operator to 2023-04-21T19:51:39.009159+00:00, run_after=2023-04-22T19:51:39.009159+00:00
[2023-04-22T22:51:39.024+0300] {processor.py:175} INFO - Processing /home/vladimir/.local/lib/python3.10/site-packages/airflow/example_dags/example_short_circuit_operator.py took 0.075 seconds
[2023-04-22T22:52:18.167+0300] {processor.py:153} INFO - Started process (PID=11633) to work on /home/vladimir/.local/lib/python3.10/site-packages/airflow/example_dags/example_short_circuit_operator.py
[2023-04-22T22:52:18.168+0300] {processor.py:743} INFO - Processing file /home/vladimir/.local/lib/python3.10/site-packages/airflow/example_dags/example_short_circuit_operator.py for tasks to queue
[2023-04-22T22:52:18.168+0300] {logging_mixin.py:137} INFO - [2023-04-22T22:52:18.168+0300] {dagbag.py:532} INFO - Filling up the DagBag from /home/vladimir/.local/lib/python3.10/site-packages/airflow/example_dags/example_short_circuit_operator.py
[2023-04-22T22:52:18.180+0300] {processor.py:753} INFO - DAG(s) dict_keys(['example_short_circuit_operator']) retrieved from /home/vladimir/.local/lib/python3.10/site-packages/airflow/example_dags/example_short_circuit_operator.py
[2023-04-22T22:52:18.194+0300] {logging_mixin.py:137} INFO - [2023-04-22T22:52:18.194+0300] {dag.py:2705} INFO - Sync 1 DAGs
[2023-04-22T22:52:18.212+0300] {logging_mixin.py:137} INFO - [2023-04-22T22:52:18.212+0300] {dag.py:3452} INFO - Setting next_dagrun for example_short_circuit_operator to 2023-04-21T19:52:18.212402+00:00, run_after=2023-04-22T19:52:18.212402+00:00
[2023-04-22T22:52:18.225+0300] {processor.py:175} INFO - Processing /home/vladimir/.local/lib/python3.10/site-packages/airflow/example_dags/example_short_circuit_operator.py took 0.061 seconds
[2023-04-22T22:52:56.687+0300] {processor.py:153} INFO - Started process (PID=11681) to work on /home/vladimir/.local/lib/python3.10/site-packages/airflow/example_dags/example_short_circuit_operator.py
[2023-04-22T22:52:56.688+0300] {processor.py:743} INFO - Processing file /home/vladimir/.local/lib/python3.10/site-packages/airflow/example_dags/example_short_circuit_operator.py for tasks to queue
[2023-04-22T22:52:56.688+0300] {logging_mixin.py:137} INFO - [2023-04-22T22:52:56.688+0300] {dagbag.py:532} INFO - Filling up the DagBag from /home/vladimir/.local/lib/python3.10/site-packages/airflow/example_dags/example_short_circuit_operator.py
[2023-04-22T22:52:56.700+0300] {processor.py:753} INFO - DAG(s) dict_keys(['example_short_circuit_operator']) retrieved from /home/vladimir/.local/lib/python3.10/site-packages/airflow/example_dags/example_short_circuit_operator.py
[2023-04-22T22:52:56.715+0300] {logging_mixin.py:137} INFO - [2023-04-22T22:52:56.715+0300] {dag.py:2705} INFO - Sync 1 DAGs
[2023-04-22T22:52:56.728+0300] {logging_mixin.py:137} INFO - [2023-04-22T22:52:56.728+0300] {dag.py:3452} INFO - Setting next_dagrun for example_short_circuit_operator to 2023-04-21T19:52:56.727968+00:00, run_after=2023-04-22T19:52:56.727968+00:00
[2023-04-22T22:52:56.740+0300] {processor.py:175} INFO - Processing /home/vladimir/.local/lib/python3.10/site-packages/airflow/example_dags/example_short_circuit_operator.py took 0.055 seconds
[2023-04-22T22:53:32.686+0300] {processor.py:153} INFO - Started process (PID=11731) to work on /home/vladimir/.local/lib/python3.10/site-packages/airflow/example_dags/example_short_circuit_operator.py
[2023-04-22T22:53:32.686+0300] {processor.py:743} INFO - Processing file /home/vladimir/.local/lib/python3.10/site-packages/airflow/example_dags/example_short_circuit_operator.py for tasks to queue
[2023-04-22T22:53:32.687+0300] {logging_mixin.py:137} INFO - [2023-04-22T22:53:32.687+0300] {dagbag.py:532} INFO - Filling up the DagBag from /home/vladimir/.local/lib/python3.10/site-packages/airflow/example_dags/example_short_circuit_operator.py
[2023-04-22T22:53:32.698+0300] {processor.py:753} INFO - DAG(s) dict_keys(['example_short_circuit_operator']) retrieved from /home/vladimir/.local/lib/python3.10/site-packages/airflow/example_dags/example_short_circuit_operator.py
[2023-04-22T22:53:32.711+0300] {logging_mixin.py:137} INFO - [2023-04-22T22:53:32.711+0300] {dag.py:2705} INFO - Sync 1 DAGs
[2023-04-22T22:53:32.723+0300] {logging_mixin.py:137} INFO - [2023-04-22T22:53:32.723+0300] {dag.py:3452} INFO - Setting next_dagrun for example_short_circuit_operator to 2023-04-21T19:53:32.723050+00:00, run_after=2023-04-22T19:53:32.723050+00:00
[2023-04-22T22:53:32.735+0300] {processor.py:175} INFO - Processing /home/vladimir/.local/lib/python3.10/site-packages/airflow/example_dags/example_short_circuit_operator.py took 0.051 seconds
[2023-04-22T22:54:12.086+0300] {processor.py:153} INFO - Started process (PID=11788) to work on /home/vladimir/.local/lib/python3.10/site-packages/airflow/example_dags/example_short_circuit_operator.py
[2023-04-22T22:54:12.087+0300] {processor.py:743} INFO - Processing file /home/vladimir/.local/lib/python3.10/site-packages/airflow/example_dags/example_short_circuit_operator.py for tasks to queue
[2023-04-22T22:54:12.088+0300] {logging_mixin.py:137} INFO - [2023-04-22T22:54:12.088+0300] {dagbag.py:532} INFO - Filling up the DagBag from /home/vladimir/.local/lib/python3.10/site-packages/airflow/example_dags/example_short_circuit_operator.py
[2023-04-22T22:54:12.103+0300] {processor.py:753} INFO - DAG(s) dict_keys(['example_short_circuit_operator']) retrieved from /home/vladimir/.local/lib/python3.10/site-packages/airflow/example_dags/example_short_circuit_operator.py
[2023-04-22T22:54:12.118+0300] {logging_mixin.py:137} INFO - [2023-04-22T22:54:12.118+0300] {dag.py:2705} INFO - Sync 1 DAGs
[2023-04-22T22:54:12.131+0300] {logging_mixin.py:137} INFO - [2023-04-22T22:54:12.131+0300] {dag.py:3452} INFO - Setting next_dagrun for example_short_circuit_operator to 2023-04-21T19:54:12.131044+00:00, run_after=2023-04-22T19:54:12.131044+00:00
[2023-04-22T22:54:12.144+0300] {processor.py:175} INFO - Processing /home/vladimir/.local/lib/python3.10/site-packages/airflow/example_dags/example_short_circuit_operator.py took 0.060 seconds
[2023-04-22T22:54:51.466+0300] {processor.py:153} INFO - Started process (PID=11852) to work on /home/vladimir/.local/lib/python3.10/site-packages/airflow/example_dags/example_short_circuit_operator.py
[2023-04-22T22:54:51.467+0300] {processor.py:743} INFO - Processing file /home/vladimir/.local/lib/python3.10/site-packages/airflow/example_dags/example_short_circuit_operator.py for tasks to queue
[2023-04-22T22:54:51.467+0300] {logging_mixin.py:137} INFO - [2023-04-22T22:54:51.467+0300] {dagbag.py:532} INFO - Filling up the DagBag from /home/vladimir/.local/lib/python3.10/site-packages/airflow/example_dags/example_short_circuit_operator.py
[2023-04-22T22:54:51.478+0300] {processor.py:753} INFO - DAG(s) dict_keys(['example_short_circuit_operator']) retrieved from /home/vladimir/.local/lib/python3.10/site-packages/airflow/example_dags/example_short_circuit_operator.py
[2023-04-22T22:54:51.495+0300] {logging_mixin.py:137} INFO - [2023-04-22T22:54:51.495+0300] {dag.py:2705} INFO - Sync 1 DAGs
[2023-04-22T22:54:51.509+0300] {logging_mixin.py:137} INFO - [2023-04-22T22:54:51.509+0300] {dag.py:3452} INFO - Setting next_dagrun for example_short_circuit_operator to 2023-04-21T19:54:51.509383+00:00, run_after=2023-04-22T19:54:51.509383+00:00
[2023-04-22T22:54:51.522+0300] {processor.py:175} INFO - Processing /home/vladimir/.local/lib/python3.10/site-packages/airflow/example_dags/example_short_circuit_operator.py took 0.058 seconds
[2023-04-22T22:55:32.577+0300] {processor.py:153} INFO - Started process (PID=11912) to work on /home/vladimir/.local/lib/python3.10/site-packages/airflow/example_dags/example_short_circuit_operator.py
[2023-04-22T22:55:32.577+0300] {processor.py:743} INFO - Processing file /home/vladimir/.local/lib/python3.10/site-packages/airflow/example_dags/example_short_circuit_operator.py for tasks to queue
[2023-04-22T22:55:32.578+0300] {logging_mixin.py:137} INFO - [2023-04-22T22:55:32.578+0300] {dagbag.py:532} INFO - Filling up the DagBag from /home/vladimir/.local/lib/python3.10/site-packages/airflow/example_dags/example_short_circuit_operator.py
[2023-04-22T22:55:32.589+0300] {processor.py:753} INFO - DAG(s) dict_keys(['example_short_circuit_operator']) retrieved from /home/vladimir/.local/lib/python3.10/site-packages/airflow/example_dags/example_short_circuit_operator.py
[2023-04-22T22:55:32.602+0300] {logging_mixin.py:137} INFO - [2023-04-22T22:55:32.602+0300] {dag.py:2705} INFO - Sync 1 DAGs
[2023-04-22T22:55:32.614+0300] {logging_mixin.py:137} INFO - [2023-04-22T22:55:32.614+0300] {dag.py:3452} INFO - Setting next_dagrun for example_short_circuit_operator to 2023-04-21T19:55:32.614372+00:00, run_after=2023-04-22T19:55:32.614372+00:00
[2023-04-22T22:55:32.625+0300] {processor.py:175} INFO - Processing /home/vladimir/.local/lib/python3.10/site-packages/airflow/example_dags/example_short_circuit_operator.py took 0.051 seconds
[2023-04-22T22:56:09.647+0300] {processor.py:153} INFO - Started process (PID=11965) to work on /home/vladimir/.local/lib/python3.10/site-packages/airflow/example_dags/example_short_circuit_operator.py
[2023-04-22T22:56:09.648+0300] {processor.py:743} INFO - Processing file /home/vladimir/.local/lib/python3.10/site-packages/airflow/example_dags/example_short_circuit_operator.py for tasks to queue
[2023-04-22T22:56:09.649+0300] {logging_mixin.py:137} INFO - [2023-04-22T22:56:09.648+0300] {dagbag.py:532} INFO - Filling up the DagBag from /home/vladimir/.local/lib/python3.10/site-packages/airflow/example_dags/example_short_circuit_operator.py
[2023-04-22T22:56:09.666+0300] {processor.py:753} INFO - DAG(s) dict_keys(['example_short_circuit_operator']) retrieved from /home/vladimir/.local/lib/python3.10/site-packages/airflow/example_dags/example_short_circuit_operator.py
[2023-04-22T22:56:09.684+0300] {logging_mixin.py:137} INFO - [2023-04-22T22:56:09.683+0300] {dag.py:2705} INFO - Sync 1 DAGs
[2023-04-22T22:56:09.695+0300] {logging_mixin.py:137} INFO - [2023-04-22T22:56:09.695+0300] {dag.py:3452} INFO - Setting next_dagrun for example_short_circuit_operator to 2023-04-21T19:56:09.695626+00:00, run_after=2023-04-22T19:56:09.695626+00:00
[2023-04-22T22:56:09.707+0300] {processor.py:175} INFO - Processing /home/vladimir/.local/lib/python3.10/site-packages/airflow/example_dags/example_short_circuit_operator.py took 0.063 seconds
[2023-04-23T01:28:56.140+0300] {processor.py:153} INFO - Started process (PID=4384) to work on /home/vladimir/.local/lib/python3.10/site-packages/airflow/example_dags/example_short_circuit_operator.py
[2023-04-23T01:28:56.140+0300] {processor.py:743} INFO - Processing file /home/vladimir/.local/lib/python3.10/site-packages/airflow/example_dags/example_short_circuit_operator.py for tasks to queue
[2023-04-23T01:28:56.141+0300] {logging_mixin.py:137} INFO - [2023-04-23T01:28:56.141+0300] {dagbag.py:532} INFO - Filling up the DagBag from /home/vladimir/.local/lib/python3.10/site-packages/airflow/example_dags/example_short_circuit_operator.py
[2023-04-23T01:28:56.152+0300] {processor.py:753} INFO - DAG(s) dict_keys(['example_short_circuit_operator']) retrieved from /home/vladimir/.local/lib/python3.10/site-packages/airflow/example_dags/example_short_circuit_operator.py
[2023-04-23T01:28:56.167+0300] {logging_mixin.py:137} INFO - [2023-04-23T01:28:56.166+0300] {dag.py:2705} INFO - Sync 1 DAGs
[2023-04-23T01:28:56.179+0300] {logging_mixin.py:137} INFO - [2023-04-23T01:28:56.179+0300] {dag.py:3452} INFO - Setting next_dagrun for example_short_circuit_operator to 2023-04-21T22:28:56.179526+00:00, run_after=2023-04-22T22:28:56.179526+00:00
[2023-04-23T01:28:56.190+0300] {processor.py:175} INFO - Processing /home/vladimir/.local/lib/python3.10/site-packages/airflow/example_dags/example_short_circuit_operator.py took 0.053 seconds
[2023-04-23T01:29:36.343+0300] {processor.py:153} INFO - Started process (PID=4449) to work on /home/vladimir/.local/lib/python3.10/site-packages/airflow/example_dags/example_short_circuit_operator.py
[2023-04-23T01:29:36.344+0300] {processor.py:743} INFO - Processing file /home/vladimir/.local/lib/python3.10/site-packages/airflow/example_dags/example_short_circuit_operator.py for tasks to queue
[2023-04-23T01:29:36.344+0300] {logging_mixin.py:137} INFO - [2023-04-23T01:29:36.344+0300] {dagbag.py:532} INFO - Filling up the DagBag from /home/vladimir/.local/lib/python3.10/site-packages/airflow/example_dags/example_short_circuit_operator.py
[2023-04-23T01:29:36.356+0300] {processor.py:753} INFO - DAG(s) dict_keys(['example_short_circuit_operator']) retrieved from /home/vladimir/.local/lib/python3.10/site-packages/airflow/example_dags/example_short_circuit_operator.py
[2023-04-23T01:29:36.372+0300] {logging_mixin.py:137} INFO - [2023-04-23T01:29:36.372+0300] {dag.py:2705} INFO - Sync 1 DAGs
[2023-04-23T01:29:36.385+0300] {logging_mixin.py:137} INFO - [2023-04-23T01:29:36.384+0300] {dag.py:3452} INFO - Setting next_dagrun for example_short_circuit_operator to 2023-04-21T22:29:36.384690+00:00, run_after=2023-04-22T22:29:36.384690+00:00
[2023-04-23T01:29:36.400+0300] {processor.py:175} INFO - Processing /home/vladimir/.local/lib/python3.10/site-packages/airflow/example_dags/example_short_circuit_operator.py took 0.059 seconds
[2023-04-23T01:30:17.942+0300] {processor.py:153} INFO - Started process (PID=4498) to work on /home/vladimir/.local/lib/python3.10/site-packages/airflow/example_dags/example_short_circuit_operator.py
[2023-04-23T01:30:17.943+0300] {processor.py:743} INFO - Processing file /home/vladimir/.local/lib/python3.10/site-packages/airflow/example_dags/example_short_circuit_operator.py for tasks to queue
[2023-04-23T01:30:17.944+0300] {logging_mixin.py:137} INFO - [2023-04-23T01:30:17.944+0300] {dagbag.py:532} INFO - Filling up the DagBag from /home/vladimir/.local/lib/python3.10/site-packages/airflow/example_dags/example_short_circuit_operator.py
[2023-04-23T01:30:17.955+0300] {processor.py:753} INFO - DAG(s) dict_keys(['example_short_circuit_operator']) retrieved from /home/vladimir/.local/lib/python3.10/site-packages/airflow/example_dags/example_short_circuit_operator.py
[2023-04-23T01:30:17.971+0300] {logging_mixin.py:137} INFO - [2023-04-23T01:30:17.971+0300] {dag.py:2705} INFO - Sync 1 DAGs
[2023-04-23T01:30:17.983+0300] {logging_mixin.py:137} INFO - [2023-04-23T01:30:17.983+0300] {dag.py:3452} INFO - Setting next_dagrun for example_short_circuit_operator to 2023-04-21T22:30:17.983451+00:00, run_after=2023-04-22T22:30:17.983451+00:00
[2023-04-23T01:30:17.996+0300] {processor.py:175} INFO - Processing /home/vladimir/.local/lib/python3.10/site-packages/airflow/example_dags/example_short_circuit_operator.py took 0.055 seconds
[2023-04-23T01:30:58.363+0300] {processor.py:153} INFO - Started process (PID=4585) to work on /home/vladimir/.local/lib/python3.10/site-packages/airflow/example_dags/example_short_circuit_operator.py
[2023-04-23T01:30:58.364+0300] {processor.py:743} INFO - Processing file /home/vladimir/.local/lib/python3.10/site-packages/airflow/example_dags/example_short_circuit_operator.py for tasks to queue
[2023-04-23T01:30:58.364+0300] {logging_mixin.py:137} INFO - [2023-04-23T01:30:58.364+0300] {dagbag.py:532} INFO - Filling up the DagBag from /home/vladimir/.local/lib/python3.10/site-packages/airflow/example_dags/example_short_circuit_operator.py
[2023-04-23T01:30:58.376+0300] {processor.py:753} INFO - DAG(s) dict_keys(['example_short_circuit_operator']) retrieved from /home/vladimir/.local/lib/python3.10/site-packages/airflow/example_dags/example_short_circuit_operator.py
[2023-04-23T01:30:58.391+0300] {logging_mixin.py:137} INFO - [2023-04-23T01:30:58.391+0300] {dag.py:2705} INFO - Sync 1 DAGs
[2023-04-23T01:30:58.404+0300] {logging_mixin.py:137} INFO - [2023-04-23T01:30:58.403+0300] {dag.py:3452} INFO - Setting next_dagrun for example_short_circuit_operator to 2023-04-21T22:30:58.403340+00:00, run_after=2023-04-22T22:30:58.403340+00:00
[2023-04-23T01:30:58.417+0300] {processor.py:175} INFO - Processing /home/vladimir/.local/lib/python3.10/site-packages/airflow/example_dags/example_short_circuit_operator.py took 0.057 seconds
[2023-04-23T01:31:39.008+0300] {processor.py:153} INFO - Started process (PID=4650) to work on /home/vladimir/.local/lib/python3.10/site-packages/airflow/example_dags/example_short_circuit_operator.py
[2023-04-23T01:31:39.009+0300] {processor.py:743} INFO - Processing file /home/vladimir/.local/lib/python3.10/site-packages/airflow/example_dags/example_short_circuit_operator.py for tasks to queue
[2023-04-23T01:31:39.009+0300] {logging_mixin.py:137} INFO - [2023-04-23T01:31:39.009+0300] {dagbag.py:532} INFO - Filling up the DagBag from /home/vladimir/.local/lib/python3.10/site-packages/airflow/example_dags/example_short_circuit_operator.py
[2023-04-23T01:31:39.021+0300] {processor.py:753} INFO - DAG(s) dict_keys(['example_short_circuit_operator']) retrieved from /home/vladimir/.local/lib/python3.10/site-packages/airflow/example_dags/example_short_circuit_operator.py
[2023-04-23T01:31:39.037+0300] {logging_mixin.py:137} INFO - [2023-04-23T01:31:39.036+0300] {dag.py:2705} INFO - Sync 1 DAGs
[2023-04-23T01:31:39.048+0300] {logging_mixin.py:137} INFO - [2023-04-23T01:31:39.048+0300] {dag.py:3452} INFO - Setting next_dagrun for example_short_circuit_operator to 2023-04-21T22:31:39.048680+00:00, run_after=2023-04-22T22:31:39.048680+00:00
[2023-04-23T01:31:39.065+0300] {processor.py:175} INFO - Processing /home/vladimir/.local/lib/python3.10/site-packages/airflow/example_dags/example_short_circuit_operator.py took 0.059 seconds
[2023-04-23T01:32:22.387+0300] {processor.py:153} INFO - Started process (PID=4694) to work on /home/vladimir/.local/lib/python3.10/site-packages/airflow/example_dags/example_short_circuit_operator.py
[2023-04-23T01:32:22.388+0300] {processor.py:743} INFO - Processing file /home/vladimir/.local/lib/python3.10/site-packages/airflow/example_dags/example_short_circuit_operator.py for tasks to queue
[2023-04-23T01:32:22.388+0300] {logging_mixin.py:137} INFO - [2023-04-23T01:32:22.388+0300] {dagbag.py:532} INFO - Filling up the DagBag from /home/vladimir/.local/lib/python3.10/site-packages/airflow/example_dags/example_short_circuit_operator.py
[2023-04-23T01:32:22.400+0300] {processor.py:753} INFO - DAG(s) dict_keys(['example_short_circuit_operator']) retrieved from /home/vladimir/.local/lib/python3.10/site-packages/airflow/example_dags/example_short_circuit_operator.py
[2023-04-23T01:32:22.415+0300] {logging_mixin.py:137} INFO - [2023-04-23T01:32:22.415+0300] {dag.py:2705} INFO - Sync 1 DAGs
[2023-04-23T01:32:22.429+0300] {logging_mixin.py:137} INFO - [2023-04-23T01:32:22.429+0300] {dag.py:3452} INFO - Setting next_dagrun for example_short_circuit_operator to 2023-04-21T22:32:22.429352+00:00, run_after=2023-04-22T22:32:22.429352+00:00
[2023-04-23T01:32:22.442+0300] {processor.py:175} INFO - Processing /home/vladimir/.local/lib/python3.10/site-packages/airflow/example_dags/example_short_circuit_operator.py took 0.058 seconds
[2023-04-23T01:33:34.899+0300] {processor.py:153} INFO - Started process (PID=4801) to work on /home/vladimir/.local/lib/python3.10/site-packages/airflow/example_dags/example_short_circuit_operator.py
[2023-04-23T01:33:34.900+0300] {processor.py:743} INFO - Processing file /home/vladimir/.local/lib/python3.10/site-packages/airflow/example_dags/example_short_circuit_operator.py for tasks to queue
[2023-04-23T01:33:34.901+0300] {logging_mixin.py:137} INFO - [2023-04-23T01:33:34.901+0300] {dagbag.py:532} INFO - Filling up the DagBag from /home/vladimir/.local/lib/python3.10/site-packages/airflow/example_dags/example_short_circuit_operator.py
[2023-04-23T01:33:34.912+0300] {processor.py:753} INFO - DAG(s) dict_keys(['example_short_circuit_operator']) retrieved from /home/vladimir/.local/lib/python3.10/site-packages/airflow/example_dags/example_short_circuit_operator.py
[2023-04-23T01:33:34.926+0300] {logging_mixin.py:137} INFO - [2023-04-23T01:33:34.926+0300] {dag.py:2705} INFO - Sync 1 DAGs
[2023-04-23T01:33:34.939+0300] {logging_mixin.py:137} INFO - [2023-04-23T01:33:34.939+0300] {dag.py:3452} INFO - Setting next_dagrun for example_short_circuit_operator to 2023-04-21T22:33:34.938671+00:00, run_after=2023-04-22T22:33:34.938671+00:00
[2023-04-23T01:33:34.951+0300] {processor.py:175} INFO - Processing /home/vladimir/.local/lib/python3.10/site-packages/airflow/example_dags/example_short_circuit_operator.py took 0.053 seconds
[2023-04-23T01:34:16.466+0300] {processor.py:153} INFO - Started process (PID=4908) to work on /home/vladimir/.local/lib/python3.10/site-packages/airflow/example_dags/example_short_circuit_operator.py
[2023-04-23T01:34:16.466+0300] {processor.py:743} INFO - Processing file /home/vladimir/.local/lib/python3.10/site-packages/airflow/example_dags/example_short_circuit_operator.py for tasks to queue
[2023-04-23T01:34:16.467+0300] {logging_mixin.py:137} INFO - [2023-04-23T01:34:16.467+0300] {dagbag.py:532} INFO - Filling up the DagBag from /home/vladimir/.local/lib/python3.10/site-packages/airflow/example_dags/example_short_circuit_operator.py
[2023-04-23T01:34:16.478+0300] {processor.py:753} INFO - DAG(s) dict_keys(['example_short_circuit_operator']) retrieved from /home/vladimir/.local/lib/python3.10/site-packages/airflow/example_dags/example_short_circuit_operator.py
[2023-04-23T01:34:16.495+0300] {logging_mixin.py:137} INFO - [2023-04-23T01:34:16.495+0300] {dag.py:2705} INFO - Sync 1 DAGs
[2023-04-23T01:34:16.510+0300] {logging_mixin.py:137} INFO - [2023-04-23T01:34:16.510+0300] {dag.py:3452} INFO - Setting next_dagrun for example_short_circuit_operator to 2023-04-21T22:34:16.509922+00:00, run_after=2023-04-22T22:34:16.509922+00:00
[2023-04-23T01:34:16.523+0300] {processor.py:175} INFO - Processing /home/vladimir/.local/lib/python3.10/site-packages/airflow/example_dags/example_short_circuit_operator.py took 0.060 seconds
[2023-04-23T01:35:01.578+0300] {processor.py:153} INFO - Started process (PID=4968) to work on /home/vladimir/.local/lib/python3.10/site-packages/airflow/example_dags/example_short_circuit_operator.py
[2023-04-23T01:35:01.579+0300] {processor.py:743} INFO - Processing file /home/vladimir/.local/lib/python3.10/site-packages/airflow/example_dags/example_short_circuit_operator.py for tasks to queue
[2023-04-23T01:35:01.579+0300] {logging_mixin.py:137} INFO - [2023-04-23T01:35:01.579+0300] {dagbag.py:532} INFO - Filling up the DagBag from /home/vladimir/.local/lib/python3.10/site-packages/airflow/example_dags/example_short_circuit_operator.py
[2023-04-23T01:35:01.591+0300] {processor.py:753} INFO - DAG(s) dict_keys(['example_short_circuit_operator']) retrieved from /home/vladimir/.local/lib/python3.10/site-packages/airflow/example_dags/example_short_circuit_operator.py
[2023-04-23T01:35:01.606+0300] {logging_mixin.py:137} INFO - [2023-04-23T01:35:01.606+0300] {dag.py:2705} INFO - Sync 1 DAGs
[2023-04-23T01:35:01.622+0300] {logging_mixin.py:137} INFO - [2023-04-23T01:35:01.622+0300] {dag.py:3452} INFO - Setting next_dagrun for example_short_circuit_operator to 2023-04-21T22:35:01.621954+00:00, run_after=2023-04-22T22:35:01.621954+00:00
[2023-04-23T01:35:01.643+0300] {processor.py:175} INFO - Processing /home/vladimir/.local/lib/python3.10/site-packages/airflow/example_dags/example_short_circuit_operator.py took 0.068 seconds
