[2023-04-22T22:49:59.197+0300] {processor.py:153} INFO - Started process (PID=11356) to work on /home/vladimir/.local/lib/python3.10/site-packages/airflow/example_dags/example_dynamic_task_mapping.py
[2023-04-22T22:49:59.197+0300] {processor.py:743} INFO - Processing file /home/vladimir/.local/lib/python3.10/site-packages/airflow/example_dags/example_dynamic_task_mapping.py for tasks to queue
[2023-04-22T22:49:59.198+0300] {logging_mixin.py:137} INFO - [2023-04-22T22:49:59.198+0300] {dagbag.py:532} INFO - Filling up the DagBag from /home/vladimir/.local/lib/python3.10/site-packages/airflow/example_dags/example_dynamic_task_mapping.py
[2023-04-22T22:49:59.213+0300] {processor.py:753} INFO - DAG(s) dict_keys(['example_dynamic_task_mapping']) retrieved from /home/vladimir/.local/lib/python3.10/site-packages/airflow/example_dags/example_dynamic_task_mapping.py
[2023-04-22T22:49:59.268+0300] {logging_mixin.py:137} INFO - [2023-04-22T22:49:59.268+0300] {manager.py:504} INFO - Created Permission View: can delete on DAG:example_dynamic_task_mapping
[2023-04-22T22:49:59.273+0300] {logging_mixin.py:137} INFO - [2023-04-22T22:49:59.273+0300] {manager.py:504} INFO - Created Permission View: can read on DAG:example_dynamic_task_mapping
[2023-04-22T22:49:59.277+0300] {logging_mixin.py:137} INFO - [2023-04-22T22:49:59.277+0300] {manager.py:504} INFO - Created Permission View: can edit on DAG:example_dynamic_task_mapping
[2023-04-22T22:49:59.277+0300] {logging_mixin.py:137} INFO - [2023-04-22T22:49:59.277+0300] {dag.py:2705} INFO - Sync 1 DAGs
[2023-04-22T22:49:59.284+0300] {logging_mixin.py:137} INFO - [2023-04-22T22:49:59.284+0300] {dag.py:2726} INFO - Creating ORM DAG for example_dynamic_task_mapping
[2023-04-22T22:49:59.289+0300] {logging_mixin.py:137} INFO - [2023-04-22T22:49:59.289+0300] {dag.py:3452} INFO - Setting next_dagrun for example_dynamic_task_mapping to 2022-03-04T00:00:00+00:00, run_after=2022-03-05T00:00:00+00:00
[2023-04-22T22:49:59.298+0300] {processor.py:175} INFO - Processing /home/vladimir/.local/lib/python3.10/site-packages/airflow/example_dags/example_dynamic_task_mapping.py took 0.104 seconds
[2023-04-22T22:50:44.289+0300] {processor.py:153} INFO - Started process (PID=11440) to work on /home/vladimir/.local/lib/python3.10/site-packages/airflow/example_dags/example_dynamic_task_mapping.py
[2023-04-22T22:50:44.290+0300] {processor.py:743} INFO - Processing file /home/vladimir/.local/lib/python3.10/site-packages/airflow/example_dags/example_dynamic_task_mapping.py for tasks to queue
[2023-04-22T22:50:44.290+0300] {logging_mixin.py:137} INFO - [2023-04-22T22:50:44.290+0300] {dagbag.py:532} INFO - Filling up the DagBag from /home/vladimir/.local/lib/python3.10/site-packages/airflow/example_dags/example_dynamic_task_mapping.py
[2023-04-22T22:50:44.305+0300] {processor.py:753} INFO - DAG(s) dict_keys(['example_dynamic_task_mapping']) retrieved from /home/vladimir/.local/lib/python3.10/site-packages/airflow/example_dags/example_dynamic_task_mapping.py
[2023-04-22T22:50:44.318+0300] {logging_mixin.py:137} INFO - [2023-04-22T22:50:44.318+0300] {dag.py:2705} INFO - Sync 1 DAGs
[2023-04-22T22:50:44.329+0300] {logging_mixin.py:137} INFO - [2023-04-22T22:50:44.329+0300] {dag.py:3452} INFO - Setting next_dagrun for example_dynamic_task_mapping to 2022-03-04T00:00:00+00:00, run_after=2022-03-05T00:00:00+00:00
[2023-04-22T22:50:44.341+0300] {processor.py:175} INFO - Processing /home/vladimir/.local/lib/python3.10/site-packages/airflow/example_dags/example_dynamic_task_mapping.py took 0.054 seconds
[2023-04-22T22:51:23.555+0300] {processor.py:153} INFO - Started process (PID=11538) to work on /home/vladimir/.local/lib/python3.10/site-packages/airflow/example_dags/example_dynamic_task_mapping.py
[2023-04-22T22:51:23.558+0300] {processor.py:743} INFO - Processing file /home/vladimir/.local/lib/python3.10/site-packages/airflow/example_dags/example_dynamic_task_mapping.py for tasks to queue
[2023-04-22T22:51:23.560+0300] {logging_mixin.py:137} INFO - [2023-04-22T22:51:23.560+0300] {dagbag.py:532} INFO - Filling up the DagBag from /home/vladimir/.local/lib/python3.10/site-packages/airflow/example_dags/example_dynamic_task_mapping.py
[2023-04-22T22:51:23.637+0300] {processor.py:753} INFO - DAG(s) dict_keys(['example_dynamic_task_mapping']) retrieved from /home/vladimir/.local/lib/python3.10/site-packages/airflow/example_dags/example_dynamic_task_mapping.py
[2023-04-22T22:51:23.704+0300] {logging_mixin.py:137} INFO - [2023-04-22T22:51:23.703+0300] {dag.py:2705} INFO - Sync 1 DAGs
[2023-04-22T22:51:23.756+0300] {logging_mixin.py:137} INFO - [2023-04-22T22:51:23.756+0300] {dag.py:3452} INFO - Setting next_dagrun for example_dynamic_task_mapping to 2022-03-04T00:00:00+00:00, run_after=2022-03-05T00:00:00+00:00
[2023-04-22T22:51:23.792+0300] {processor.py:175} INFO - Processing /home/vladimir/.local/lib/python3.10/site-packages/airflow/example_dags/example_dynamic_task_mapping.py took 0.270 seconds
[2023-04-22T22:51:59.215+0300] {processor.py:153} INFO - Started process (PID=11611) to work on /home/vladimir/.local/lib/python3.10/site-packages/airflow/example_dags/example_dynamic_task_mapping.py
[2023-04-22T22:51:59.216+0300] {processor.py:743} INFO - Processing file /home/vladimir/.local/lib/python3.10/site-packages/airflow/example_dags/example_dynamic_task_mapping.py for tasks to queue
[2023-04-22T22:51:59.216+0300] {logging_mixin.py:137} INFO - [2023-04-22T22:51:59.216+0300] {dagbag.py:532} INFO - Filling up the DagBag from /home/vladimir/.local/lib/python3.10/site-packages/airflow/example_dags/example_dynamic_task_mapping.py
[2023-04-22T22:51:59.232+0300] {processor.py:753} INFO - DAG(s) dict_keys(['example_dynamic_task_mapping']) retrieved from /home/vladimir/.local/lib/python3.10/site-packages/airflow/example_dags/example_dynamic_task_mapping.py
[2023-04-22T22:51:59.246+0300] {logging_mixin.py:137} INFO - [2023-04-22T22:51:59.246+0300] {dag.py:2705} INFO - Sync 1 DAGs
[2023-04-22T22:51:59.258+0300] {logging_mixin.py:137} INFO - [2023-04-22T22:51:59.257+0300] {dag.py:3452} INFO - Setting next_dagrun for example_dynamic_task_mapping to 2022-03-04T00:00:00+00:00, run_after=2022-03-05T00:00:00+00:00
[2023-04-22T22:51:59.268+0300] {processor.py:175} INFO - Processing /home/vladimir/.local/lib/python3.10/site-packages/airflow/example_dags/example_dynamic_task_mapping.py took 0.056 seconds
[2023-04-22T22:52:36.446+0300] {processor.py:153} INFO - Started process (PID=11657) to work on /home/vladimir/.local/lib/python3.10/site-packages/airflow/example_dags/example_dynamic_task_mapping.py
[2023-04-22T22:52:36.447+0300] {processor.py:743} INFO - Processing file /home/vladimir/.local/lib/python3.10/site-packages/airflow/example_dags/example_dynamic_task_mapping.py for tasks to queue
[2023-04-22T22:52:36.448+0300] {logging_mixin.py:137} INFO - [2023-04-22T22:52:36.448+0300] {dagbag.py:532} INFO - Filling up the DagBag from /home/vladimir/.local/lib/python3.10/site-packages/airflow/example_dags/example_dynamic_task_mapping.py
[2023-04-22T22:52:36.463+0300] {processor.py:753} INFO - DAG(s) dict_keys(['example_dynamic_task_mapping']) retrieved from /home/vladimir/.local/lib/python3.10/site-packages/airflow/example_dags/example_dynamic_task_mapping.py
[2023-04-22T22:52:36.476+0300] {logging_mixin.py:137} INFO - [2023-04-22T22:52:36.476+0300] {dag.py:2705} INFO - Sync 1 DAGs
[2023-04-22T22:52:36.489+0300] {logging_mixin.py:137} INFO - [2023-04-22T22:52:36.489+0300] {dag.py:3452} INFO - Setting next_dagrun for example_dynamic_task_mapping to 2022-03-04T00:00:00+00:00, run_after=2022-03-05T00:00:00+00:00
[2023-04-22T22:52:36.501+0300] {processor.py:175} INFO - Processing /home/vladimir/.local/lib/python3.10/site-packages/airflow/example_dags/example_dynamic_task_mapping.py took 0.056 seconds
[2023-04-22T22:53:15.641+0300] {processor.py:153} INFO - Started process (PID=11707) to work on /home/vladimir/.local/lib/python3.10/site-packages/airflow/example_dags/example_dynamic_task_mapping.py
[2023-04-22T22:53:15.641+0300] {processor.py:743} INFO - Processing file /home/vladimir/.local/lib/python3.10/site-packages/airflow/example_dags/example_dynamic_task_mapping.py for tasks to queue
[2023-04-22T22:53:15.642+0300] {logging_mixin.py:137} INFO - [2023-04-22T22:53:15.642+0300] {dagbag.py:532} INFO - Filling up the DagBag from /home/vladimir/.local/lib/python3.10/site-packages/airflow/example_dags/example_dynamic_task_mapping.py
[2023-04-22T22:53:15.658+0300] {processor.py:753} INFO - DAG(s) dict_keys(['example_dynamic_task_mapping']) retrieved from /home/vladimir/.local/lib/python3.10/site-packages/airflow/example_dags/example_dynamic_task_mapping.py
[2023-04-22T22:53:15.671+0300] {logging_mixin.py:137} INFO - [2023-04-22T22:53:15.671+0300] {dag.py:2705} INFO - Sync 1 DAGs
[2023-04-22T22:53:15.683+0300] {logging_mixin.py:137} INFO - [2023-04-22T22:53:15.683+0300] {dag.py:3452} INFO - Setting next_dagrun for example_dynamic_task_mapping to 2022-03-04T00:00:00+00:00, run_after=2022-03-05T00:00:00+00:00
[2023-04-22T22:53:15.695+0300] {processor.py:175} INFO - Processing /home/vladimir/.local/lib/python3.10/site-packages/airflow/example_dags/example_dynamic_task_mapping.py took 0.056 seconds
[2023-04-22T22:53:54.947+0300] {processor.py:153} INFO - Started process (PID=11767) to work on /home/vladimir/.local/lib/python3.10/site-packages/airflow/example_dags/example_dynamic_task_mapping.py
[2023-04-22T22:53:54.947+0300] {processor.py:743} INFO - Processing file /home/vladimir/.local/lib/python3.10/site-packages/airflow/example_dags/example_dynamic_task_mapping.py for tasks to queue
[2023-04-22T22:53:54.948+0300] {logging_mixin.py:137} INFO - [2023-04-22T22:53:54.948+0300] {dagbag.py:532} INFO - Filling up the DagBag from /home/vladimir/.local/lib/python3.10/site-packages/airflow/example_dags/example_dynamic_task_mapping.py
[2023-04-22T22:53:54.964+0300] {processor.py:753} INFO - DAG(s) dict_keys(['example_dynamic_task_mapping']) retrieved from /home/vladimir/.local/lib/python3.10/site-packages/airflow/example_dags/example_dynamic_task_mapping.py
[2023-04-22T22:53:54.976+0300] {logging_mixin.py:137} INFO - [2023-04-22T22:53:54.976+0300] {dag.py:2705} INFO - Sync 1 DAGs
[2023-04-22T22:53:54.989+0300] {logging_mixin.py:137} INFO - [2023-04-22T22:53:54.989+0300] {dag.py:3452} INFO - Setting next_dagrun for example_dynamic_task_mapping to 2022-03-04T00:00:00+00:00, run_after=2022-03-05T00:00:00+00:00
[2023-04-22T22:53:55.001+0300] {processor.py:175} INFO - Processing /home/vladimir/.local/lib/python3.10/site-packages/airflow/example_dags/example_dynamic_task_mapping.py took 0.056 seconds
[2023-04-22T22:54:28.046+0300] {processor.py:153} INFO - Started process (PID=11812) to work on /home/vladimir/.local/lib/python3.10/site-packages/airflow/example_dags/example_dynamic_task_mapping.py
[2023-04-22T22:54:28.047+0300] {processor.py:743} INFO - Processing file /home/vladimir/.local/lib/python3.10/site-packages/airflow/example_dags/example_dynamic_task_mapping.py for tasks to queue
[2023-04-22T22:54:28.048+0300] {logging_mixin.py:137} INFO - [2023-04-22T22:54:28.048+0300] {dagbag.py:532} INFO - Filling up the DagBag from /home/vladimir/.local/lib/python3.10/site-packages/airflow/example_dags/example_dynamic_task_mapping.py
[2023-04-22T22:54:28.063+0300] {processor.py:753} INFO - DAG(s) dict_keys(['example_dynamic_task_mapping']) retrieved from /home/vladimir/.local/lib/python3.10/site-packages/airflow/example_dags/example_dynamic_task_mapping.py
[2023-04-22T22:54:28.075+0300] {logging_mixin.py:137} INFO - [2023-04-22T22:54:28.075+0300] {dag.py:2705} INFO - Sync 1 DAGs
[2023-04-22T22:54:28.088+0300] {logging_mixin.py:137} INFO - [2023-04-22T22:54:28.088+0300] {dag.py:3452} INFO - Setting next_dagrun for example_dynamic_task_mapping to 2022-03-04T00:00:00+00:00, run_after=2022-03-05T00:00:00+00:00
[2023-04-22T22:54:28.099+0300] {processor.py:175} INFO - Processing /home/vladimir/.local/lib/python3.10/site-packages/airflow/example_dags/example_dynamic_task_mapping.py took 0.055 seconds
[2023-04-22T22:55:09.147+0300] {processor.py:153} INFO - Started process (PID=11887) to work on /home/vladimir/.local/lib/python3.10/site-packages/airflow/example_dags/example_dynamic_task_mapping.py
[2023-04-22T22:55:09.148+0300] {processor.py:743} INFO - Processing file /home/vladimir/.local/lib/python3.10/site-packages/airflow/example_dags/example_dynamic_task_mapping.py for tasks to queue
[2023-04-22T22:55:09.148+0300] {logging_mixin.py:137} INFO - [2023-04-22T22:55:09.148+0300] {dagbag.py:532} INFO - Filling up the DagBag from /home/vladimir/.local/lib/python3.10/site-packages/airflow/example_dags/example_dynamic_task_mapping.py
[2023-04-22T22:55:09.163+0300] {processor.py:753} INFO - DAG(s) dict_keys(['example_dynamic_task_mapping']) retrieved from /home/vladimir/.local/lib/python3.10/site-packages/airflow/example_dags/example_dynamic_task_mapping.py
[2023-04-22T22:55:09.176+0300] {logging_mixin.py:137} INFO - [2023-04-22T22:55:09.176+0300] {dag.py:2705} INFO - Sync 1 DAGs
[2023-04-22T22:55:09.188+0300] {logging_mixin.py:137} INFO - [2023-04-22T22:55:09.188+0300] {dag.py:3452} INFO - Setting next_dagrun for example_dynamic_task_mapping to 2022-03-04T00:00:00+00:00, run_after=2022-03-05T00:00:00+00:00
[2023-04-22T22:55:09.200+0300] {processor.py:175} INFO - Processing /home/vladimir/.local/lib/python3.10/site-packages/airflow/example_dags/example_dynamic_task_mapping.py took 0.055 seconds
[2023-04-22T22:55:44.550+0300] {processor.py:153} INFO - Started process (PID=11926) to work on /home/vladimir/.local/lib/python3.10/site-packages/airflow/example_dags/example_dynamic_task_mapping.py
[2023-04-22T22:55:44.551+0300] {processor.py:743} INFO - Processing file /home/vladimir/.local/lib/python3.10/site-packages/airflow/example_dags/example_dynamic_task_mapping.py for tasks to queue
[2023-04-22T22:55:44.551+0300] {logging_mixin.py:137} INFO - [2023-04-22T22:55:44.551+0300] {dagbag.py:532} INFO - Filling up the DagBag from /home/vladimir/.local/lib/python3.10/site-packages/airflow/example_dags/example_dynamic_task_mapping.py
[2023-04-22T22:55:44.566+0300] {processor.py:753} INFO - DAG(s) dict_keys(['example_dynamic_task_mapping']) retrieved from /home/vladimir/.local/lib/python3.10/site-packages/airflow/example_dags/example_dynamic_task_mapping.py
[2023-04-22T22:55:44.579+0300] {logging_mixin.py:137} INFO - [2023-04-22T22:55:44.578+0300] {dag.py:2705} INFO - Sync 1 DAGs
[2023-04-22T22:55:44.590+0300] {logging_mixin.py:137} INFO - [2023-04-22T22:55:44.590+0300] {dag.py:3452} INFO - Setting next_dagrun for example_dynamic_task_mapping to 2022-03-04T00:00:00+00:00, run_after=2022-03-05T00:00:00+00:00
[2023-04-22T22:55:44.602+0300] {processor.py:175} INFO - Processing /home/vladimir/.local/lib/python3.10/site-packages/airflow/example_dags/example_dynamic_task_mapping.py took 0.054 seconds
[2023-04-22T22:56:21.160+0300] {processor.py:153} INFO - Started process (PID=11993) to work on /home/vladimir/.local/lib/python3.10/site-packages/airflow/example_dags/example_dynamic_task_mapping.py
[2023-04-22T22:56:21.161+0300] {processor.py:743} INFO - Processing file /home/vladimir/.local/lib/python3.10/site-packages/airflow/example_dags/example_dynamic_task_mapping.py for tasks to queue
[2023-04-22T22:56:21.161+0300] {logging_mixin.py:137} INFO - [2023-04-22T22:56:21.161+0300] {dagbag.py:532} INFO - Filling up the DagBag from /home/vladimir/.local/lib/python3.10/site-packages/airflow/example_dags/example_dynamic_task_mapping.py
[2023-04-22T22:56:21.178+0300] {processor.py:753} INFO - DAG(s) dict_keys(['example_dynamic_task_mapping']) retrieved from /home/vladimir/.local/lib/python3.10/site-packages/airflow/example_dags/example_dynamic_task_mapping.py
[2023-04-22T22:56:21.193+0300] {logging_mixin.py:137} INFO - [2023-04-22T22:56:21.192+0300] {dag.py:2705} INFO - Sync 1 DAGs
[2023-04-22T22:56:21.206+0300] {logging_mixin.py:137} INFO - [2023-04-22T22:56:21.206+0300] {dag.py:3452} INFO - Setting next_dagrun for example_dynamic_task_mapping to 2022-03-04T00:00:00+00:00, run_after=2022-03-05T00:00:00+00:00
[2023-04-22T22:56:21.220+0300] {processor.py:175} INFO - Processing /home/vladimir/.local/lib/python3.10/site-packages/airflow/example_dags/example_dynamic_task_mapping.py took 0.063 seconds
[2023-04-23T01:28:42.119+0300] {processor.py:153} INFO - Started process (PID=4371) to work on /home/vladimir/.local/lib/python3.10/site-packages/airflow/example_dags/example_dynamic_task_mapping.py
[2023-04-23T01:28:42.138+0300] {processor.py:743} INFO - Processing file /home/vladimir/.local/lib/python3.10/site-packages/airflow/example_dags/example_dynamic_task_mapping.py for tasks to queue
[2023-04-23T01:28:42.139+0300] {logging_mixin.py:137} INFO - [2023-04-23T01:28:42.139+0300] {dagbag.py:532} INFO - Filling up the DagBag from /home/vladimir/.local/lib/python3.10/site-packages/airflow/example_dags/example_dynamic_task_mapping.py
[2023-04-23T01:28:42.156+0300] {processor.py:753} INFO - DAG(s) dict_keys(['example_dynamic_task_mapping']) retrieved from /home/vladimir/.local/lib/python3.10/site-packages/airflow/example_dags/example_dynamic_task_mapping.py
[2023-04-23T01:28:42.171+0300] {logging_mixin.py:137} INFO - [2023-04-23T01:28:42.170+0300] {dag.py:2705} INFO - Sync 1 DAGs
[2023-04-23T01:28:42.185+0300] {logging_mixin.py:137} INFO - [2023-04-23T01:28:42.185+0300] {dag.py:3452} INFO - Setting next_dagrun for example_dynamic_task_mapping to 2022-03-04T00:00:00+00:00, run_after=2022-03-05T00:00:00+00:00
[2023-04-23T01:28:42.198+0300] {processor.py:175} INFO - Processing /home/vladimir/.local/lib/python3.10/site-packages/airflow/example_dags/example_dynamic_task_mapping.py took 0.081 seconds
[2023-04-23T01:29:26.212+0300] {processor.py:153} INFO - Started process (PID=4434) to work on /home/vladimir/.local/lib/python3.10/site-packages/airflow/example_dags/example_dynamic_task_mapping.py
[2023-04-23T01:29:26.213+0300] {processor.py:743} INFO - Processing file /home/vladimir/.local/lib/python3.10/site-packages/airflow/example_dags/example_dynamic_task_mapping.py for tasks to queue
[2023-04-23T01:29:26.213+0300] {logging_mixin.py:137} INFO - [2023-04-23T01:29:26.213+0300] {dagbag.py:532} INFO - Filling up the DagBag from /home/vladimir/.local/lib/python3.10/site-packages/airflow/example_dags/example_dynamic_task_mapping.py
[2023-04-23T01:29:26.230+0300] {processor.py:753} INFO - DAG(s) dict_keys(['example_dynamic_task_mapping']) retrieved from /home/vladimir/.local/lib/python3.10/site-packages/airflow/example_dags/example_dynamic_task_mapping.py
[2023-04-23T01:29:26.244+0300] {logging_mixin.py:137} INFO - [2023-04-23T01:29:26.244+0300] {dag.py:2705} INFO - Sync 1 DAGs
[2023-04-23T01:29:26.257+0300] {logging_mixin.py:137} INFO - [2023-04-23T01:29:26.257+0300] {dag.py:3452} INFO - Setting next_dagrun for example_dynamic_task_mapping to 2022-03-04T00:00:00+00:00, run_after=2022-03-05T00:00:00+00:00
[2023-04-23T01:29:26.270+0300] {processor.py:175} INFO - Processing /home/vladimir/.local/lib/python3.10/site-packages/airflow/example_dags/example_dynamic_task_mapping.py took 0.061 seconds
[2023-04-23T01:29:59.553+0300] {processor.py:153} INFO - Started process (PID=4479) to work on /home/vladimir/.local/lib/python3.10/site-packages/airflow/example_dags/example_dynamic_task_mapping.py
[2023-04-23T01:29:59.554+0300] {processor.py:743} INFO - Processing file /home/vladimir/.local/lib/python3.10/site-packages/airflow/example_dags/example_dynamic_task_mapping.py for tasks to queue
[2023-04-23T01:29:59.554+0300] {logging_mixin.py:137} INFO - [2023-04-23T01:29:59.554+0300] {dagbag.py:532} INFO - Filling up the DagBag from /home/vladimir/.local/lib/python3.10/site-packages/airflow/example_dags/example_dynamic_task_mapping.py
[2023-04-23T01:29:59.570+0300] {processor.py:753} INFO - DAG(s) dict_keys(['example_dynamic_task_mapping']) retrieved from /home/vladimir/.local/lib/python3.10/site-packages/airflow/example_dags/example_dynamic_task_mapping.py
[2023-04-23T01:29:59.582+0300] {logging_mixin.py:137} INFO - [2023-04-23T01:29:59.582+0300] {dag.py:2705} INFO - Sync 1 DAGs
[2023-04-23T01:29:59.594+0300] {logging_mixin.py:137} INFO - [2023-04-23T01:29:59.594+0300] {dag.py:3452} INFO - Setting next_dagrun for example_dynamic_task_mapping to 2022-03-04T00:00:00+00:00, run_after=2022-03-05T00:00:00+00:00
[2023-04-23T01:29:59.606+0300] {processor.py:175} INFO - Processing /home/vladimir/.local/lib/python3.10/site-packages/airflow/example_dags/example_dynamic_task_mapping.py took 0.055 seconds
[2023-04-23T01:30:34.348+0300] {processor.py:153} INFO - Started process (PID=4556) to work on /home/vladimir/.local/lib/python3.10/site-packages/airflow/example_dags/example_dynamic_task_mapping.py
[2023-04-23T01:30:34.349+0300] {processor.py:743} INFO - Processing file /home/vladimir/.local/lib/python3.10/site-packages/airflow/example_dags/example_dynamic_task_mapping.py for tasks to queue
[2023-04-23T01:30:34.350+0300] {logging_mixin.py:137} INFO - [2023-04-23T01:30:34.350+0300] {dagbag.py:532} INFO - Filling up the DagBag from /home/vladimir/.local/lib/python3.10/site-packages/airflow/example_dags/example_dynamic_task_mapping.py
[2023-04-23T01:30:34.366+0300] {processor.py:753} INFO - DAG(s) dict_keys(['example_dynamic_task_mapping']) retrieved from /home/vladimir/.local/lib/python3.10/site-packages/airflow/example_dags/example_dynamic_task_mapping.py
[2023-04-23T01:30:34.378+0300] {logging_mixin.py:137} INFO - [2023-04-23T01:30:34.378+0300] {dag.py:2705} INFO - Sync 1 DAGs
[2023-04-23T01:30:34.390+0300] {logging_mixin.py:137} INFO - [2023-04-23T01:30:34.390+0300] {dag.py:3452} INFO - Setting next_dagrun for example_dynamic_task_mapping to 2022-03-04T00:00:00+00:00, run_after=2022-03-05T00:00:00+00:00
[2023-04-23T01:30:34.401+0300] {processor.py:175} INFO - Processing /home/vladimir/.local/lib/python3.10/site-packages/airflow/example_dags/example_dynamic_task_mapping.py took 0.055 seconds
[2023-04-23T01:31:15.050+0300] {processor.py:153} INFO - Started process (PID=4614) to work on /home/vladimir/.local/lib/python3.10/site-packages/airflow/example_dags/example_dynamic_task_mapping.py
[2023-04-23T01:31:15.052+0300] {processor.py:743} INFO - Processing file /home/vladimir/.local/lib/python3.10/site-packages/airflow/example_dags/example_dynamic_task_mapping.py for tasks to queue
[2023-04-23T01:31:15.052+0300] {logging_mixin.py:137} INFO - [2023-04-23T01:31:15.052+0300] {dagbag.py:532} INFO - Filling up the DagBag from /home/vladimir/.local/lib/python3.10/site-packages/airflow/example_dags/example_dynamic_task_mapping.py
[2023-04-23T01:31:15.072+0300] {processor.py:753} INFO - DAG(s) dict_keys(['example_dynamic_task_mapping']) retrieved from /home/vladimir/.local/lib/python3.10/site-packages/airflow/example_dags/example_dynamic_task_mapping.py
[2023-04-23T01:31:15.086+0300] {logging_mixin.py:137} INFO - [2023-04-23T01:31:15.086+0300] {dag.py:2705} INFO - Sync 1 DAGs
[2023-04-23T01:31:15.102+0300] {logging_mixin.py:137} INFO - [2023-04-23T01:31:15.102+0300] {dag.py:3452} INFO - Setting next_dagrun for example_dynamic_task_mapping to 2022-03-04T00:00:00+00:00, run_after=2022-03-05T00:00:00+00:00
[2023-04-23T01:31:15.115+0300] {processor.py:175} INFO - Processing /home/vladimir/.local/lib/python3.10/site-packages/airflow/example_dags/example_dynamic_task_mapping.py took 0.067 seconds
[2023-04-23T01:31:48.006+0300] {processor.py:153} INFO - Started process (PID=4659) to work on /home/vladimir/.local/lib/python3.10/site-packages/airflow/example_dags/example_dynamic_task_mapping.py
[2023-04-23T01:31:48.006+0300] {processor.py:743} INFO - Processing file /home/vladimir/.local/lib/python3.10/site-packages/airflow/example_dags/example_dynamic_task_mapping.py for tasks to queue
[2023-04-23T01:31:48.007+0300] {logging_mixin.py:137} INFO - [2023-04-23T01:31:48.007+0300] {dagbag.py:532} INFO - Filling up the DagBag from /home/vladimir/.local/lib/python3.10/site-packages/airflow/example_dags/example_dynamic_task_mapping.py
[2023-04-23T01:31:48.024+0300] {processor.py:753} INFO - DAG(s) dict_keys(['example_dynamic_task_mapping']) retrieved from /home/vladimir/.local/lib/python3.10/site-packages/airflow/example_dags/example_dynamic_task_mapping.py
[2023-04-23T01:31:48.036+0300] {logging_mixin.py:137} INFO - [2023-04-23T01:31:48.036+0300] {dag.py:2705} INFO - Sync 1 DAGs
[2023-04-23T01:31:48.048+0300] {logging_mixin.py:137} INFO - [2023-04-23T01:31:48.048+0300] {dag.py:3452} INFO - Setting next_dagrun for example_dynamic_task_mapping to 2022-03-04T00:00:00+00:00, run_after=2022-03-05T00:00:00+00:00
[2023-04-23T01:31:48.062+0300] {processor.py:175} INFO - Processing /home/vladimir/.local/lib/python3.10/site-packages/airflow/example_dags/example_dynamic_task_mapping.py took 0.058 seconds
[2023-04-23T01:32:19.480+0300] {processor.py:153} INFO - Started process (PID=4691) to work on /home/vladimir/.local/lib/python3.10/site-packages/airflow/example_dags/example_dynamic_task_mapping.py
[2023-04-23T01:32:19.480+0300] {processor.py:743} INFO - Processing file /home/vladimir/.local/lib/python3.10/site-packages/airflow/example_dags/example_dynamic_task_mapping.py for tasks to queue
[2023-04-23T01:32:19.481+0300] {logging_mixin.py:137} INFO - [2023-04-23T01:32:19.481+0300] {dagbag.py:532} INFO - Filling up the DagBag from /home/vladimir/.local/lib/python3.10/site-packages/airflow/example_dags/example_dynamic_task_mapping.py
[2023-04-23T01:32:19.497+0300] {processor.py:753} INFO - DAG(s) dict_keys(['example_dynamic_task_mapping']) retrieved from /home/vladimir/.local/lib/python3.10/site-packages/airflow/example_dags/example_dynamic_task_mapping.py
[2023-04-23T01:32:19.513+0300] {logging_mixin.py:137} INFO - [2023-04-23T01:32:19.513+0300] {dag.py:2705} INFO - Sync 1 DAGs
[2023-04-23T01:32:19.527+0300] {logging_mixin.py:137} INFO - [2023-04-23T01:32:19.526+0300] {dag.py:3452} INFO - Setting next_dagrun for example_dynamic_task_mapping to 2022-03-04T00:00:00+00:00, run_after=2022-03-05T00:00:00+00:00
[2023-04-23T01:32:19.539+0300] {processor.py:175} INFO - Processing /home/vladimir/.local/lib/python3.10/site-packages/airflow/example_dags/example_dynamic_task_mapping.py took 0.061 seconds
[2023-04-23T01:32:58.356+0300] {processor.py:153} INFO - Started process (PID=4748) to work on /home/vladimir/.local/lib/python3.10/site-packages/airflow/example_dags/example_dynamic_task_mapping.py
[2023-04-23T01:32:58.357+0300] {processor.py:743} INFO - Processing file /home/vladimir/.local/lib/python3.10/site-packages/airflow/example_dags/example_dynamic_task_mapping.py for tasks to queue
[2023-04-23T01:32:58.358+0300] {logging_mixin.py:137} INFO - [2023-04-23T01:32:58.358+0300] {dagbag.py:532} INFO - Filling up the DagBag from /home/vladimir/.local/lib/python3.10/site-packages/airflow/example_dags/example_dynamic_task_mapping.py
[2023-04-23T01:32:58.373+0300] {processor.py:753} INFO - DAG(s) dict_keys(['example_dynamic_task_mapping']) retrieved from /home/vladimir/.local/lib/python3.10/site-packages/airflow/example_dags/example_dynamic_task_mapping.py
[2023-04-23T01:32:58.385+0300] {logging_mixin.py:137} INFO - [2023-04-23T01:32:58.385+0300] {dag.py:2705} INFO - Sync 1 DAGs
[2023-04-23T01:32:58.398+0300] {logging_mixin.py:137} INFO - [2023-04-23T01:32:58.398+0300] {dag.py:3452} INFO - Setting next_dagrun for example_dynamic_task_mapping to 2022-03-04T00:00:00+00:00, run_after=2022-03-05T00:00:00+00:00
[2023-04-23T01:32:58.409+0300] {processor.py:175} INFO - Processing /home/vladimir/.local/lib/python3.10/site-packages/airflow/example_dags/example_dynamic_task_mapping.py took 0.055 seconds
[2023-04-23T01:33:32.669+0300] {processor.py:153} INFO - Started process (PID=4798) to work on /home/vladimir/.local/lib/python3.10/site-packages/airflow/example_dags/example_dynamic_task_mapping.py
[2023-04-23T01:33:32.670+0300] {processor.py:743} INFO - Processing file /home/vladimir/.local/lib/python3.10/site-packages/airflow/example_dags/example_dynamic_task_mapping.py for tasks to queue
[2023-04-23T01:33:32.670+0300] {logging_mixin.py:137} INFO - [2023-04-23T01:33:32.670+0300] {dagbag.py:532} INFO - Filling up the DagBag from /home/vladimir/.local/lib/python3.10/site-packages/airflow/example_dags/example_dynamic_task_mapping.py
[2023-04-23T01:33:32.685+0300] {processor.py:753} INFO - DAG(s) dict_keys(['example_dynamic_task_mapping']) retrieved from /home/vladimir/.local/lib/python3.10/site-packages/airflow/example_dags/example_dynamic_task_mapping.py
[2023-04-23T01:33:32.698+0300] {logging_mixin.py:137} INFO - [2023-04-23T01:33:32.698+0300] {dag.py:2705} INFO - Sync 1 DAGs
[2023-04-23T01:33:32.711+0300] {logging_mixin.py:137} INFO - [2023-04-23T01:33:32.711+0300] {dag.py:3452} INFO - Setting next_dagrun for example_dynamic_task_mapping to 2022-03-04T00:00:00+00:00, run_after=2022-03-05T00:00:00+00:00
[2023-04-23T01:33:32.723+0300] {processor.py:175} INFO - Processing /home/vladimir/.local/lib/python3.10/site-packages/airflow/example_dags/example_dynamic_task_mapping.py took 0.056 seconds
[2023-04-23T01:34:12.461+0300] {processor.py:153} INFO - Started process (PID=4900) to work on /home/vladimir/.local/lib/python3.10/site-packages/airflow/example_dags/example_dynamic_task_mapping.py
[2023-04-23T01:34:12.462+0300] {processor.py:743} INFO - Processing file /home/vladimir/.local/lib/python3.10/site-packages/airflow/example_dags/example_dynamic_task_mapping.py for tasks to queue
[2023-04-23T01:34:12.463+0300] {logging_mixin.py:137} INFO - [2023-04-23T01:34:12.463+0300] {dagbag.py:532} INFO - Filling up the DagBag from /home/vladimir/.local/lib/python3.10/site-packages/airflow/example_dags/example_dynamic_task_mapping.py
[2023-04-23T01:34:12.478+0300] {processor.py:753} INFO - DAG(s) dict_keys(['example_dynamic_task_mapping']) retrieved from /home/vladimir/.local/lib/python3.10/site-packages/airflow/example_dags/example_dynamic_task_mapping.py
[2023-04-23T01:34:12.493+0300] {logging_mixin.py:137} INFO - [2023-04-23T01:34:12.493+0300] {dag.py:2705} INFO - Sync 1 DAGs
[2023-04-23T01:34:12.507+0300] {logging_mixin.py:137} INFO - [2023-04-23T01:34:12.506+0300] {dag.py:3452} INFO - Setting next_dagrun for example_dynamic_task_mapping to 2022-03-04T00:00:00+00:00, run_after=2022-03-05T00:00:00+00:00
[2023-04-23T01:34:12.519+0300] {processor.py:175} INFO - Processing /home/vladimir/.local/lib/python3.10/site-packages/airflow/example_dags/example_dynamic_task_mapping.py took 0.061 seconds
[2023-04-23T01:34:45.557+0300] {processor.py:153} INFO - Started process (PID=4944) to work on /home/vladimir/.local/lib/python3.10/site-packages/airflow/example_dags/example_dynamic_task_mapping.py
[2023-04-23T01:34:45.558+0300] {processor.py:743} INFO - Processing file /home/vladimir/.local/lib/python3.10/site-packages/airflow/example_dags/example_dynamic_task_mapping.py for tasks to queue
[2023-04-23T01:34:45.558+0300] {logging_mixin.py:137} INFO - [2023-04-23T01:34:45.558+0300] {dagbag.py:532} INFO - Filling up the DagBag from /home/vladimir/.local/lib/python3.10/site-packages/airflow/example_dags/example_dynamic_task_mapping.py
[2023-04-23T01:34:45.574+0300] {processor.py:753} INFO - DAG(s) dict_keys(['example_dynamic_task_mapping']) retrieved from /home/vladimir/.local/lib/python3.10/site-packages/airflow/example_dags/example_dynamic_task_mapping.py
[2023-04-23T01:34:45.586+0300] {logging_mixin.py:137} INFO - [2023-04-23T01:34:45.586+0300] {dag.py:2705} INFO - Sync 1 DAGs
[2023-04-23T01:34:45.599+0300] {logging_mixin.py:137} INFO - [2023-04-23T01:34:45.599+0300] {dag.py:3452} INFO - Setting next_dagrun for example_dynamic_task_mapping to 2022-03-04T00:00:00+00:00, run_after=2022-03-05T00:00:00+00:00
[2023-04-23T01:34:45.612+0300] {processor.py:175} INFO - Processing /home/vladimir/.local/lib/python3.10/site-packages/airflow/example_dags/example_dynamic_task_mapping.py took 0.057 seconds
[2023-04-23T01:35:24.535+0300] {processor.py:153} INFO - Started process (PID=4992) to work on /home/vladimir/.local/lib/python3.10/site-packages/airflow/example_dags/example_dynamic_task_mapping.py
[2023-04-23T01:35:24.536+0300] {processor.py:743} INFO - Processing file /home/vladimir/.local/lib/python3.10/site-packages/airflow/example_dags/example_dynamic_task_mapping.py for tasks to queue
[2023-04-23T01:35:24.537+0300] {logging_mixin.py:137} INFO - [2023-04-23T01:35:24.536+0300] {dagbag.py:532} INFO - Filling up the DagBag from /home/vladimir/.local/lib/python3.10/site-packages/airflow/example_dags/example_dynamic_task_mapping.py
[2023-04-23T01:35:24.553+0300] {processor.py:753} INFO - DAG(s) dict_keys(['example_dynamic_task_mapping']) retrieved from /home/vladimir/.local/lib/python3.10/site-packages/airflow/example_dags/example_dynamic_task_mapping.py
[2023-04-23T01:35:24.567+0300] {logging_mixin.py:137} INFO - [2023-04-23T01:35:24.567+0300] {dag.py:2705} INFO - Sync 1 DAGs
[2023-04-23T01:35:24.580+0300] {logging_mixin.py:137} INFO - [2023-04-23T01:35:24.580+0300] {dag.py:3452} INFO - Setting next_dagrun for example_dynamic_task_mapping to 2022-03-04T00:00:00+00:00, run_after=2022-03-05T00:00:00+00:00
[2023-04-23T01:35:24.594+0300] {processor.py:175} INFO - Processing /home/vladimir/.local/lib/python3.10/site-packages/airflow/example_dags/example_dynamic_task_mapping.py took 0.061 seconds
