[2023-04-22T22:50:13.240+0300] {processor.py:153} INFO - Started process (PID=11380) to work on /home/vladimir/.local/lib/python3.10/site-packages/airflow/example_dags/example_trigger_target_dag.py
[2023-04-22T22:50:13.241+0300] {processor.py:743} INFO - Processing file /home/vladimir/.local/lib/python3.10/site-packages/airflow/example_dags/example_trigger_target_dag.py for tasks to queue
[2023-04-22T22:50:13.241+0300] {logging_mixin.py:137} INFO - [2023-04-22T22:50:13.241+0300] {dagbag.py:532} INFO - Filling up the DagBag from /home/vladimir/.local/lib/python3.10/site-packages/airflow/example_dags/example_trigger_target_dag.py
[2023-04-22T22:50:13.255+0300] {processor.py:753} INFO - DAG(s) dict_keys(['example_trigger_target_dag']) retrieved from /home/vladimir/.local/lib/python3.10/site-packages/airflow/example_dags/example_trigger_target_dag.py
[2023-04-22T22:50:13.313+0300] {logging_mixin.py:137} INFO - [2023-04-22T22:50:13.313+0300] {manager.py:504} INFO - Created Permission View: can delete on DAG:example_trigger_target_dag
[2023-04-22T22:50:13.318+0300] {logging_mixin.py:137} INFO - [2023-04-22T22:50:13.318+0300] {manager.py:504} INFO - Created Permission View: can read on DAG:example_trigger_target_dag
[2023-04-22T22:50:13.323+0300] {logging_mixin.py:137} INFO - [2023-04-22T22:50:13.323+0300] {manager.py:504} INFO - Created Permission View: can edit on DAG:example_trigger_target_dag
[2023-04-22T22:50:13.323+0300] {logging_mixin.py:137} INFO - [2023-04-22T22:50:13.323+0300] {dag.py:2705} INFO - Sync 1 DAGs
[2023-04-22T22:50:13.331+0300] {logging_mixin.py:137} INFO - [2023-04-22T22:50:13.331+0300] {dag.py:2726} INFO - Creating ORM DAG for example_trigger_target_dag
[2023-04-22T22:50:13.336+0300] {logging_mixin.py:137} INFO - [2023-04-22T22:50:13.336+0300] {dag.py:3452} INFO - Setting next_dagrun for example_trigger_target_dag to None, run_after=None
[2023-04-22T22:50:13.347+0300] {processor.py:175} INFO - Processing /home/vladimir/.local/lib/python3.10/site-packages/airflow/example_dags/example_trigger_target_dag.py took 0.109 seconds
[2023-04-22T22:50:57.151+0300] {processor.py:153} INFO - Started process (PID=11467) to work on /home/vladimir/.local/lib/python3.10/site-packages/airflow/example_dags/example_trigger_target_dag.py
[2023-04-22T22:50:57.152+0300] {processor.py:743} INFO - Processing file /home/vladimir/.local/lib/python3.10/site-packages/airflow/example_dags/example_trigger_target_dag.py for tasks to queue
[2023-04-22T22:50:57.152+0300] {logging_mixin.py:137} INFO - [2023-04-22T22:50:57.152+0300] {dagbag.py:532} INFO - Filling up the DagBag from /home/vladimir/.local/lib/python3.10/site-packages/airflow/example_dags/example_trigger_target_dag.py
[2023-04-22T22:50:57.167+0300] {processor.py:753} INFO - DAG(s) dict_keys(['example_trigger_target_dag']) retrieved from /home/vladimir/.local/lib/python3.10/site-packages/airflow/example_dags/example_trigger_target_dag.py
[2023-04-22T22:50:57.181+0300] {logging_mixin.py:137} INFO - [2023-04-22T22:50:57.181+0300] {dag.py:2705} INFO - Sync 1 DAGs
[2023-04-22T22:50:57.192+0300] {logging_mixin.py:137} INFO - [2023-04-22T22:50:57.192+0300] {dag.py:3452} INFO - Setting next_dagrun for example_trigger_target_dag to None, run_after=None
[2023-04-22T22:50:57.205+0300] {processor.py:175} INFO - Processing /home/vladimir/.local/lib/python3.10/site-packages/airflow/example_dags/example_trigger_target_dag.py took 0.056 seconds
[2023-04-22T22:51:39.924+0300] {processor.py:153} INFO - Started process (PID=11586) to work on /home/vladimir/.local/lib/python3.10/site-packages/airflow/example_dags/example_trigger_target_dag.py
[2023-04-22T22:51:39.925+0300] {processor.py:743} INFO - Processing file /home/vladimir/.local/lib/python3.10/site-packages/airflow/example_dags/example_trigger_target_dag.py for tasks to queue
[2023-04-22T22:51:39.925+0300] {logging_mixin.py:137} INFO - [2023-04-22T22:51:39.925+0300] {dagbag.py:532} INFO - Filling up the DagBag from /home/vladimir/.local/lib/python3.10/site-packages/airflow/example_dags/example_trigger_target_dag.py
[2023-04-22T22:51:39.940+0300] {processor.py:753} INFO - DAG(s) dict_keys(['example_trigger_target_dag']) retrieved from /home/vladimir/.local/lib/python3.10/site-packages/airflow/example_dags/example_trigger_target_dag.py
[2023-04-22T22:51:39.953+0300] {logging_mixin.py:137} INFO - [2023-04-22T22:51:39.953+0300] {dag.py:2705} INFO - Sync 1 DAGs
[2023-04-22T22:51:39.964+0300] {logging_mixin.py:137} INFO - [2023-04-22T22:51:39.964+0300] {dag.py:3452} INFO - Setting next_dagrun for example_trigger_target_dag to None, run_after=None
[2023-04-22T22:51:39.976+0300] {processor.py:175} INFO - Processing /home/vladimir/.local/lib/python3.10/site-packages/airflow/example_dags/example_trigger_target_dag.py took 0.054 seconds
[2023-04-22T22:52:18.345+0300] {processor.py:153} INFO - Started process (PID=11634) to work on /home/vladimir/.local/lib/python3.10/site-packages/airflow/example_dags/example_trigger_target_dag.py
[2023-04-22T22:52:18.346+0300] {processor.py:743} INFO - Processing file /home/vladimir/.local/lib/python3.10/site-packages/airflow/example_dags/example_trigger_target_dag.py for tasks to queue
[2023-04-22T22:52:18.346+0300] {logging_mixin.py:137} INFO - [2023-04-22T22:52:18.346+0300] {dagbag.py:532} INFO - Filling up the DagBag from /home/vladimir/.local/lib/python3.10/site-packages/airflow/example_dags/example_trigger_target_dag.py
[2023-04-22T22:52:18.361+0300] {processor.py:753} INFO - DAG(s) dict_keys(['example_trigger_target_dag']) retrieved from /home/vladimir/.local/lib/python3.10/site-packages/airflow/example_dags/example_trigger_target_dag.py
[2023-04-22T22:52:18.374+0300] {logging_mixin.py:137} INFO - [2023-04-22T22:52:18.374+0300] {dag.py:2705} INFO - Sync 1 DAGs
[2023-04-22T22:52:18.386+0300] {logging_mixin.py:137} INFO - [2023-04-22T22:52:18.386+0300] {dag.py:3452} INFO - Setting next_dagrun for example_trigger_target_dag to None, run_after=None
[2023-04-22T22:52:18.397+0300] {processor.py:175} INFO - Processing /home/vladimir/.local/lib/python3.10/site-packages/airflow/example_dags/example_trigger_target_dag.py took 0.054 seconds
[2023-04-22T22:52:57.012+0300] {processor.py:153} INFO - Started process (PID=11682) to work on /home/vladimir/.local/lib/python3.10/site-packages/airflow/example_dags/example_trigger_target_dag.py
[2023-04-22T22:52:57.014+0300] {processor.py:743} INFO - Processing file /home/vladimir/.local/lib/python3.10/site-packages/airflow/example_dags/example_trigger_target_dag.py for tasks to queue
[2023-04-22T22:52:57.015+0300] {logging_mixin.py:137} INFO - [2023-04-22T22:52:57.015+0300] {dagbag.py:532} INFO - Filling up the DagBag from /home/vladimir/.local/lib/python3.10/site-packages/airflow/example_dags/example_trigger_target_dag.py
[2023-04-22T22:52:57.034+0300] {processor.py:753} INFO - DAG(s) dict_keys(['example_trigger_target_dag']) retrieved from /home/vladimir/.local/lib/python3.10/site-packages/airflow/example_dags/example_trigger_target_dag.py
[2023-04-22T22:52:57.052+0300] {logging_mixin.py:137} INFO - [2023-04-22T22:52:57.052+0300] {dag.py:2705} INFO - Sync 1 DAGs
[2023-04-22T22:52:57.067+0300] {logging_mixin.py:137} INFO - [2023-04-22T22:52:57.066+0300] {dag.py:3452} INFO - Setting next_dagrun for example_trigger_target_dag to None, run_after=None
[2023-04-22T22:52:57.082+0300] {processor.py:175} INFO - Processing /home/vladimir/.local/lib/python3.10/site-packages/airflow/example_dags/example_trigger_target_dag.py took 0.073 seconds
[2023-04-22T22:53:33.249+0300] {processor.py:153} INFO - Started process (PID=11732) to work on /home/vladimir/.local/lib/python3.10/site-packages/airflow/example_dags/example_trigger_target_dag.py
[2023-04-22T22:53:33.251+0300] {processor.py:743} INFO - Processing file /home/vladimir/.local/lib/python3.10/site-packages/airflow/example_dags/example_trigger_target_dag.py for tasks to queue
[2023-04-22T22:53:33.251+0300] {logging_mixin.py:137} INFO - [2023-04-22T22:53:33.251+0300] {dagbag.py:532} INFO - Filling up the DagBag from /home/vladimir/.local/lib/python3.10/site-packages/airflow/example_dags/example_trigger_target_dag.py
[2023-04-22T22:53:33.266+0300] {processor.py:753} INFO - DAG(s) dict_keys(['example_trigger_target_dag']) retrieved from /home/vladimir/.local/lib/python3.10/site-packages/airflow/example_dags/example_trigger_target_dag.py
[2023-04-22T22:53:33.278+0300] {logging_mixin.py:137} INFO - [2023-04-22T22:53:33.278+0300] {dag.py:2705} INFO - Sync 1 DAGs
[2023-04-22T22:53:33.291+0300] {logging_mixin.py:137} INFO - [2023-04-22T22:53:33.290+0300] {dag.py:3452} INFO - Setting next_dagrun for example_trigger_target_dag to None, run_after=None
[2023-04-22T22:53:33.302+0300] {processor.py:175} INFO - Processing /home/vladimir/.local/lib/python3.10/site-packages/airflow/example_dags/example_trigger_target_dag.py took 0.055 seconds
[2023-04-22T22:54:13.218+0300] {processor.py:153} INFO - Started process (PID=11789) to work on /home/vladimir/.local/lib/python3.10/site-packages/airflow/example_dags/example_trigger_target_dag.py
[2023-04-22T22:54:13.218+0300] {processor.py:743} INFO - Processing file /home/vladimir/.local/lib/python3.10/site-packages/airflow/example_dags/example_trigger_target_dag.py for tasks to queue
[2023-04-22T22:54:13.219+0300] {logging_mixin.py:137} INFO - [2023-04-22T22:54:13.219+0300] {dagbag.py:532} INFO - Filling up the DagBag from /home/vladimir/.local/lib/python3.10/site-packages/airflow/example_dags/example_trigger_target_dag.py
[2023-04-22T22:54:13.235+0300] {processor.py:753} INFO - DAG(s) dict_keys(['example_trigger_target_dag']) retrieved from /home/vladimir/.local/lib/python3.10/site-packages/airflow/example_dags/example_trigger_target_dag.py
[2023-04-22T22:54:13.249+0300] {logging_mixin.py:137} INFO - [2023-04-22T22:54:13.249+0300] {dag.py:2705} INFO - Sync 1 DAGs
[2023-04-22T22:54:13.263+0300] {logging_mixin.py:137} INFO - [2023-04-22T22:54:13.263+0300] {dag.py:3452} INFO - Setting next_dagrun for example_trigger_target_dag to None, run_after=None
[2023-04-22T22:54:13.275+0300] {processor.py:175} INFO - Processing /home/vladimir/.local/lib/python3.10/site-packages/airflow/example_dags/example_trigger_target_dag.py took 0.060 seconds
[2023-04-22T22:54:52.596+0300] {processor.py:153} INFO - Started process (PID=11854) to work on /home/vladimir/.local/lib/python3.10/site-packages/airflow/example_dags/example_trigger_target_dag.py
[2023-04-22T22:54:52.597+0300] {processor.py:743} INFO - Processing file /home/vladimir/.local/lib/python3.10/site-packages/airflow/example_dags/example_trigger_target_dag.py for tasks to queue
[2023-04-22T22:54:52.597+0300] {logging_mixin.py:137} INFO - [2023-04-22T22:54:52.597+0300] {dagbag.py:532} INFO - Filling up the DagBag from /home/vladimir/.local/lib/python3.10/site-packages/airflow/example_dags/example_trigger_target_dag.py
[2023-04-22T22:54:52.617+0300] {processor.py:753} INFO - DAG(s) dict_keys(['example_trigger_target_dag']) retrieved from /home/vladimir/.local/lib/python3.10/site-packages/airflow/example_dags/example_trigger_target_dag.py
[2023-04-22T22:54:52.632+0300] {logging_mixin.py:137} INFO - [2023-04-22T22:54:52.632+0300] {dag.py:2705} INFO - Sync 1 DAGs
[2023-04-22T22:54:52.644+0300] {logging_mixin.py:137} INFO - [2023-04-22T22:54:52.643+0300] {dag.py:3452} INFO - Setting next_dagrun for example_trigger_target_dag to None, run_after=None
[2023-04-22T22:54:52.656+0300] {processor.py:175} INFO - Processing /home/vladimir/.local/lib/python3.10/site-packages/airflow/example_dags/example_trigger_target_dag.py took 0.062 seconds
[2023-04-22T22:55:33.710+0300] {processor.py:153} INFO - Started process (PID=11913) to work on /home/vladimir/.local/lib/python3.10/site-packages/airflow/example_dags/example_trigger_target_dag.py
[2023-04-22T22:55:33.711+0300] {processor.py:743} INFO - Processing file /home/vladimir/.local/lib/python3.10/site-packages/airflow/example_dags/example_trigger_target_dag.py for tasks to queue
[2023-04-22T22:55:33.711+0300] {logging_mixin.py:137} INFO - [2023-04-22T22:55:33.711+0300] {dagbag.py:532} INFO - Filling up the DagBag from /home/vladimir/.local/lib/python3.10/site-packages/airflow/example_dags/example_trigger_target_dag.py
[2023-04-22T22:55:33.726+0300] {processor.py:753} INFO - DAG(s) dict_keys(['example_trigger_target_dag']) retrieved from /home/vladimir/.local/lib/python3.10/site-packages/airflow/example_dags/example_trigger_target_dag.py
[2023-04-22T22:55:33.745+0300] {logging_mixin.py:137} INFO - [2023-04-22T22:55:33.745+0300] {dag.py:2705} INFO - Sync 1 DAGs
[2023-04-22T22:55:33.758+0300] {logging_mixin.py:137} INFO - [2023-04-22T22:55:33.758+0300] {dag.py:3452} INFO - Setting next_dagrun for example_trigger_target_dag to None, run_after=None
[2023-04-22T22:55:33.770+0300] {processor.py:175} INFO - Processing /home/vladimir/.local/lib/python3.10/site-packages/airflow/example_dags/example_trigger_target_dag.py took 0.062 seconds
[2023-04-22T22:56:10.777+0300] {processor.py:153} INFO - Started process (PID=11966) to work on /home/vladimir/.local/lib/python3.10/site-packages/airflow/example_dags/example_trigger_target_dag.py
[2023-04-22T22:56:10.779+0300] {processor.py:743} INFO - Processing file /home/vladimir/.local/lib/python3.10/site-packages/airflow/example_dags/example_trigger_target_dag.py for tasks to queue
[2023-04-22T22:56:10.779+0300] {logging_mixin.py:137} INFO - [2023-04-22T22:56:10.779+0300] {dagbag.py:532} INFO - Filling up the DagBag from /home/vladimir/.local/lib/python3.10/site-packages/airflow/example_dags/example_trigger_target_dag.py
[2023-04-22T22:56:10.798+0300] {processor.py:753} INFO - DAG(s) dict_keys(['example_trigger_target_dag']) retrieved from /home/vladimir/.local/lib/python3.10/site-packages/airflow/example_dags/example_trigger_target_dag.py
[2023-04-22T22:56:10.813+0300] {logging_mixin.py:137} INFO - [2023-04-22T22:56:10.813+0300] {dag.py:2705} INFO - Sync 1 DAGs
[2023-04-22T22:56:10.829+0300] {logging_mixin.py:137} INFO - [2023-04-22T22:56:10.829+0300] {dag.py:3452} INFO - Setting next_dagrun for example_trigger_target_dag to None, run_after=None
[2023-04-22T22:56:10.842+0300] {processor.py:175} INFO - Processing /home/vladimir/.local/lib/python3.10/site-packages/airflow/example_dags/example_trigger_target_dag.py took 0.067 seconds
[2023-04-23T01:28:56.492+0300] {processor.py:153} INFO - Started process (PID=4385) to work on /home/vladimir/.local/lib/python3.10/site-packages/airflow/example_dags/example_trigger_target_dag.py
[2023-04-23T01:28:56.540+0300] {processor.py:743} INFO - Processing file /home/vladimir/.local/lib/python3.10/site-packages/airflow/example_dags/example_trigger_target_dag.py for tasks to queue
[2023-04-23T01:28:56.540+0300] {logging_mixin.py:137} INFO - [2023-04-23T01:28:56.540+0300] {dagbag.py:532} INFO - Filling up the DagBag from /home/vladimir/.local/lib/python3.10/site-packages/airflow/example_dags/example_trigger_target_dag.py
[2023-04-23T01:28:56.555+0300] {processor.py:753} INFO - DAG(s) dict_keys(['example_trigger_target_dag']) retrieved from /home/vladimir/.local/lib/python3.10/site-packages/airflow/example_dags/example_trigger_target_dag.py
[2023-04-23T01:28:56.569+0300] {logging_mixin.py:137} INFO - [2023-04-23T01:28:56.569+0300] {dag.py:2705} INFO - Sync 1 DAGs
[2023-04-23T01:28:56.581+0300] {logging_mixin.py:137} INFO - [2023-04-23T01:28:56.581+0300] {dag.py:3452} INFO - Setting next_dagrun for example_trigger_target_dag to None, run_after=None
[2023-04-23T01:28:56.592+0300] {processor.py:175} INFO - Processing /home/vladimir/.local/lib/python3.10/site-packages/airflow/example_dags/example_trigger_target_dag.py took 0.103 seconds
[2023-04-23T01:29:37.479+0300] {processor.py:153} INFO - Started process (PID=4451) to work on /home/vladimir/.local/lib/python3.10/site-packages/airflow/example_dags/example_trigger_target_dag.py
[2023-04-23T01:29:37.480+0300] {processor.py:743} INFO - Processing file /home/vladimir/.local/lib/python3.10/site-packages/airflow/example_dags/example_trigger_target_dag.py for tasks to queue
[2023-04-23T01:29:37.480+0300] {logging_mixin.py:137} INFO - [2023-04-23T01:29:37.480+0300] {dagbag.py:532} INFO - Filling up the DagBag from /home/vladimir/.local/lib/python3.10/site-packages/airflow/example_dags/example_trigger_target_dag.py
[2023-04-23T01:29:37.496+0300] {processor.py:753} INFO - DAG(s) dict_keys(['example_trigger_target_dag']) retrieved from /home/vladimir/.local/lib/python3.10/site-packages/airflow/example_dags/example_trigger_target_dag.py
[2023-04-23T01:29:37.512+0300] {logging_mixin.py:137} INFO - [2023-04-23T01:29:37.512+0300] {dag.py:2705} INFO - Sync 1 DAGs
[2023-04-23T01:29:37.525+0300] {logging_mixin.py:137} INFO - [2023-04-23T01:29:37.525+0300] {dag.py:3452} INFO - Setting next_dagrun for example_trigger_target_dag to None, run_after=None
[2023-04-23T01:29:37.539+0300] {processor.py:175} INFO - Processing /home/vladimir/.local/lib/python3.10/site-packages/airflow/example_dags/example_trigger_target_dag.py took 0.062 seconds
[2023-04-23T01:30:18.962+0300] {processor.py:153} INFO - Started process (PID=4499) to work on /home/vladimir/.local/lib/python3.10/site-packages/airflow/example_dags/example_trigger_target_dag.py
[2023-04-23T01:30:18.963+0300] {processor.py:743} INFO - Processing file /home/vladimir/.local/lib/python3.10/site-packages/airflow/example_dags/example_trigger_target_dag.py for tasks to queue
[2023-04-23T01:30:18.964+0300] {logging_mixin.py:137} INFO - [2023-04-23T01:30:18.963+0300] {dagbag.py:532} INFO - Filling up the DagBag from /home/vladimir/.local/lib/python3.10/site-packages/airflow/example_dags/example_trigger_target_dag.py
[2023-04-23T01:30:18.978+0300] {processor.py:753} INFO - DAG(s) dict_keys(['example_trigger_target_dag']) retrieved from /home/vladimir/.local/lib/python3.10/site-packages/airflow/example_dags/example_trigger_target_dag.py
[2023-04-23T01:30:18.993+0300] {logging_mixin.py:137} INFO - [2023-04-23T01:30:18.993+0300] {dag.py:2705} INFO - Sync 1 DAGs
[2023-04-23T01:30:19.005+0300] {logging_mixin.py:137} INFO - [2023-04-23T01:30:19.005+0300] {dag.py:3452} INFO - Setting next_dagrun for example_trigger_target_dag to None, run_after=None
[2023-04-23T01:30:19.017+0300] {processor.py:175} INFO - Processing /home/vladimir/.local/lib/python3.10/site-packages/airflow/example_dags/example_trigger_target_dag.py took 0.057 seconds
[2023-04-23T01:30:59.495+0300] {processor.py:153} INFO - Started process (PID=4587) to work on /home/vladimir/.local/lib/python3.10/site-packages/airflow/example_dags/example_trigger_target_dag.py
[2023-04-23T01:30:59.496+0300] {processor.py:743} INFO - Processing file /home/vladimir/.local/lib/python3.10/site-packages/airflow/example_dags/example_trigger_target_dag.py for tasks to queue
[2023-04-23T01:30:59.496+0300] {logging_mixin.py:137} INFO - [2023-04-23T01:30:59.496+0300] {dagbag.py:532} INFO - Filling up the DagBag from /home/vladimir/.local/lib/python3.10/site-packages/airflow/example_dags/example_trigger_target_dag.py
[2023-04-23T01:30:59.512+0300] {processor.py:753} INFO - DAG(s) dict_keys(['example_trigger_target_dag']) retrieved from /home/vladimir/.local/lib/python3.10/site-packages/airflow/example_dags/example_trigger_target_dag.py
[2023-04-23T01:30:59.527+0300] {logging_mixin.py:137} INFO - [2023-04-23T01:30:59.527+0300] {dag.py:2705} INFO - Sync 1 DAGs
[2023-04-23T01:30:59.539+0300] {logging_mixin.py:137} INFO - [2023-04-23T01:30:59.539+0300] {dag.py:3452} INFO - Setting next_dagrun for example_trigger_target_dag to None, run_after=None
[2023-04-23T01:30:59.551+0300] {processor.py:175} INFO - Processing /home/vladimir/.local/lib/python3.10/site-packages/airflow/example_dags/example_trigger_target_dag.py took 0.059 seconds
[2023-04-23T01:31:40.139+0300] {processor.py:153} INFO - Started process (PID=4651) to work on /home/vladimir/.local/lib/python3.10/site-packages/airflow/example_dags/example_trigger_target_dag.py
[2023-04-23T01:31:40.140+0300] {processor.py:743} INFO - Processing file /home/vladimir/.local/lib/python3.10/site-packages/airflow/example_dags/example_trigger_target_dag.py for tasks to queue
[2023-04-23T01:31:40.140+0300] {logging_mixin.py:137} INFO - [2023-04-23T01:31:40.140+0300] {dagbag.py:532} INFO - Filling up the DagBag from /home/vladimir/.local/lib/python3.10/site-packages/airflow/example_dags/example_trigger_target_dag.py
[2023-04-23T01:31:40.160+0300] {processor.py:753} INFO - DAG(s) dict_keys(['example_trigger_target_dag']) retrieved from /home/vladimir/.local/lib/python3.10/site-packages/airflow/example_dags/example_trigger_target_dag.py
[2023-04-23T01:31:40.175+0300] {logging_mixin.py:137} INFO - [2023-04-23T01:31:40.175+0300] {dag.py:2705} INFO - Sync 1 DAGs
[2023-04-23T01:31:40.187+0300] {logging_mixin.py:137} INFO - [2023-04-23T01:31:40.187+0300] {dag.py:3452} INFO - Setting next_dagrun for example_trigger_target_dag to None, run_after=None
[2023-04-23T01:31:40.201+0300] {processor.py:175} INFO - Processing /home/vladimir/.local/lib/python3.10/site-packages/airflow/example_dags/example_trigger_target_dag.py took 0.064 seconds
[2023-04-23T01:32:23.526+0300] {processor.py:153} INFO - Started process (PID=4698) to work on /home/vladimir/.local/lib/python3.10/site-packages/airflow/example_dags/example_trigger_target_dag.py
[2023-04-23T01:32:23.527+0300] {processor.py:743} INFO - Processing file /home/vladimir/.local/lib/python3.10/site-packages/airflow/example_dags/example_trigger_target_dag.py for tasks to queue
[2023-04-23T01:32:23.528+0300] {logging_mixin.py:137} INFO - [2023-04-23T01:32:23.528+0300] {dagbag.py:532} INFO - Filling up the DagBag from /home/vladimir/.local/lib/python3.10/site-packages/airflow/example_dags/example_trigger_target_dag.py
[2023-04-23T01:32:23.542+0300] {processor.py:753} INFO - DAG(s) dict_keys(['example_trigger_target_dag']) retrieved from /home/vladimir/.local/lib/python3.10/site-packages/airflow/example_dags/example_trigger_target_dag.py
[2023-04-23T01:32:23.556+0300] {logging_mixin.py:137} INFO - [2023-04-23T01:32:23.555+0300] {dag.py:2705} INFO - Sync 1 DAGs
[2023-04-23T01:32:23.569+0300] {logging_mixin.py:137} INFO - [2023-04-23T01:32:23.568+0300] {dag.py:3452} INFO - Setting next_dagrun for example_trigger_target_dag to None, run_after=None
[2023-04-23T01:32:23.581+0300] {processor.py:175} INFO - Processing /home/vladimir/.local/lib/python3.10/site-packages/airflow/example_dags/example_trigger_target_dag.py took 0.057 seconds
[2023-04-23T01:33:02.273+0300] {processor.py:153} INFO - Started process (PID=4759) to work on /home/vladimir/.local/lib/python3.10/site-packages/airflow/example_dags/example_trigger_target_dag.py
[2023-04-23T01:33:02.274+0300] {processor.py:743} INFO - Processing file /home/vladimir/.local/lib/python3.10/site-packages/airflow/example_dags/example_trigger_target_dag.py for tasks to queue
[2023-04-23T01:33:02.274+0300] {logging_mixin.py:137} INFO - [2023-04-23T01:33:02.274+0300] {dagbag.py:532} INFO - Filling up the DagBag from /home/vladimir/.local/lib/python3.10/site-packages/airflow/example_dags/example_trigger_target_dag.py
[2023-04-23T01:33:02.289+0300] {processor.py:753} INFO - DAG(s) dict_keys(['example_trigger_target_dag']) retrieved from /home/vladimir/.local/lib/python3.10/site-packages/airflow/example_dags/example_trigger_target_dag.py
[2023-04-23T01:33:02.302+0300] {logging_mixin.py:137} INFO - [2023-04-23T01:33:02.302+0300] {dag.py:2705} INFO - Sync 1 DAGs
[2023-04-23T01:33:02.316+0300] {logging_mixin.py:137} INFO - [2023-04-23T01:33:02.316+0300] {dag.py:3452} INFO - Setting next_dagrun for example_trigger_target_dag to None, run_after=None
[2023-04-23T01:33:02.328+0300] {processor.py:175} INFO - Processing /home/vladimir/.local/lib/python3.10/site-packages/airflow/example_dags/example_trigger_target_dag.py took 0.057 seconds
[2023-04-23T01:33:43.911+0300] {processor.py:153} INFO - Started process (PID=4810) to work on /home/vladimir/.local/lib/python3.10/site-packages/airflow/example_dags/example_trigger_target_dag.py
[2023-04-23T01:33:43.912+0300] {processor.py:743} INFO - Processing file /home/vladimir/.local/lib/python3.10/site-packages/airflow/example_dags/example_trigger_target_dag.py for tasks to queue
[2023-04-23T01:33:43.913+0300] {logging_mixin.py:137} INFO - [2023-04-23T01:33:43.913+0300] {dagbag.py:532} INFO - Filling up the DagBag from /home/vladimir/.local/lib/python3.10/site-packages/airflow/example_dags/example_trigger_target_dag.py
[2023-04-23T01:33:43.928+0300] {processor.py:753} INFO - DAG(s) dict_keys(['example_trigger_target_dag']) retrieved from /home/vladimir/.local/lib/python3.10/site-packages/airflow/example_dags/example_trigger_target_dag.py
[2023-04-23T01:33:43.942+0300] {logging_mixin.py:137} INFO - [2023-04-23T01:33:43.942+0300] {dag.py:2705} INFO - Sync 1 DAGs
[2023-04-23T01:33:43.955+0300] {logging_mixin.py:137} INFO - [2023-04-23T01:33:43.955+0300] {dag.py:3452} INFO - Setting next_dagrun for example_trigger_target_dag to None, run_after=None
[2023-04-23T01:33:43.967+0300] {processor.py:175} INFO - Processing /home/vladimir/.local/lib/python3.10/site-packages/airflow/example_dags/example_trigger_target_dag.py took 0.058 seconds
[2023-04-23T01:34:25.141+0300] {processor.py:153} INFO - Started process (PID=4919) to work on /home/vladimir/.local/lib/python3.10/site-packages/airflow/example_dags/example_trigger_target_dag.py
[2023-04-23T01:34:25.142+0300] {processor.py:743} INFO - Processing file /home/vladimir/.local/lib/python3.10/site-packages/airflow/example_dags/example_trigger_target_dag.py for tasks to queue
[2023-04-23T01:34:25.143+0300] {logging_mixin.py:137} INFO - [2023-04-23T01:34:25.143+0300] {dagbag.py:532} INFO - Filling up the DagBag from /home/vladimir/.local/lib/python3.10/site-packages/airflow/example_dags/example_trigger_target_dag.py
[2023-04-23T01:34:25.157+0300] {processor.py:753} INFO - DAG(s) dict_keys(['example_trigger_target_dag']) retrieved from /home/vladimir/.local/lib/python3.10/site-packages/airflow/example_dags/example_trigger_target_dag.py
[2023-04-23T01:34:25.171+0300] {logging_mixin.py:137} INFO - [2023-04-23T01:34:25.171+0300] {dag.py:2705} INFO - Sync 1 DAGs
[2023-04-23T01:34:25.183+0300] {logging_mixin.py:137} INFO - [2023-04-23T01:34:25.183+0300] {dag.py:3452} INFO - Setting next_dagrun for example_trigger_target_dag to None, run_after=None
[2023-04-23T01:34:25.195+0300] {processor.py:175} INFO - Processing /home/vladimir/.local/lib/python3.10/site-packages/airflow/example_dags/example_trigger_target_dag.py took 0.055 seconds
[2023-04-23T01:35:02.724+0300] {processor.py:153} INFO - Started process (PID=4969) to work on /home/vladimir/.local/lib/python3.10/site-packages/airflow/example_dags/example_trigger_target_dag.py
[2023-04-23T01:35:02.725+0300] {processor.py:743} INFO - Processing file /home/vladimir/.local/lib/python3.10/site-packages/airflow/example_dags/example_trigger_target_dag.py for tasks to queue
[2023-04-23T01:35:02.725+0300] {logging_mixin.py:137} INFO - [2023-04-23T01:35:02.725+0300] {dagbag.py:532} INFO - Filling up the DagBag from /home/vladimir/.local/lib/python3.10/site-packages/airflow/example_dags/example_trigger_target_dag.py
[2023-04-23T01:35:02.742+0300] {processor.py:753} INFO - DAG(s) dict_keys(['example_trigger_target_dag']) retrieved from /home/vladimir/.local/lib/python3.10/site-packages/airflow/example_dags/example_trigger_target_dag.py
[2023-04-23T01:35:02.760+0300] {logging_mixin.py:137} INFO - [2023-04-23T01:35:02.760+0300] {dag.py:2705} INFO - Sync 1 DAGs
[2023-04-23T01:35:02.777+0300] {logging_mixin.py:137} INFO - [2023-04-23T01:35:02.777+0300] {dag.py:3452} INFO - Setting next_dagrun for example_trigger_target_dag to None, run_after=None
[2023-04-23T01:35:02.800+0300] {processor.py:175} INFO - Processing /home/vladimir/.local/lib/python3.10/site-packages/airflow/example_dags/example_trigger_target_dag.py took 0.079 seconds
