[2023-04-22T22:50:14.474+0300] {processor.py:153} INFO - Started process (PID=11381) to work on /home/vladimir/.local/lib/python3.10/site-packages/airflow/example_dags/example_latest_only_with_trigger.py
[2023-04-22T22:50:14.474+0300] {processor.py:743} INFO - Processing file /home/vladimir/.local/lib/python3.10/site-packages/airflow/example_dags/example_latest_only_with_trigger.py for tasks to queue
[2023-04-22T22:50:14.475+0300] {logging_mixin.py:137} INFO - [2023-04-22T22:50:14.475+0300] {dagbag.py:532} INFO - Filling up the DagBag from /home/vladimir/.local/lib/python3.10/site-packages/airflow/example_dags/example_latest_only_with_trigger.py
[2023-04-22T22:50:14.486+0300] {processor.py:753} INFO - DAG(s) dict_keys(['latest_only_with_trigger']) retrieved from /home/vladimir/.local/lib/python3.10/site-packages/airflow/example_dags/example_latest_only_with_trigger.py
[2023-04-22T22:50:14.545+0300] {logging_mixin.py:137} INFO - [2023-04-22T22:50:14.545+0300] {manager.py:504} INFO - Created Permission View: can delete on DAG:latest_only_with_trigger
[2023-04-22T22:50:14.550+0300] {logging_mixin.py:137} INFO - [2023-04-22T22:50:14.550+0300] {manager.py:504} INFO - Created Permission View: can read on DAG:latest_only_with_trigger
[2023-04-22T22:50:14.553+0300] {logging_mixin.py:137} INFO - [2023-04-22T22:50:14.553+0300] {manager.py:504} INFO - Created Permission View: can edit on DAG:latest_only_with_trigger
[2023-04-22T22:50:14.553+0300] {logging_mixin.py:137} INFO - [2023-04-22T22:50:14.553+0300] {dag.py:2705} INFO - Sync 1 DAGs
[2023-04-22T22:50:14.560+0300] {logging_mixin.py:137} INFO - [2023-04-22T22:50:14.560+0300] {dag.py:2726} INFO - Creating ORM DAG for latest_only_with_trigger
[2023-04-22T22:50:14.566+0300] {logging_mixin.py:137} INFO - [2023-04-22T22:50:14.566+0300] {dag.py:3452} INFO - Setting next_dagrun for latest_only_with_trigger to 2023-04-22T15:50:14.566391+00:00, run_after=2023-04-22T19:50:14.566391+00:00
[2023-04-22T22:50:14.577+0300] {processor.py:175} INFO - Processing /home/vladimir/.local/lib/python3.10/site-packages/airflow/example_dags/example_latest_only_with_trigger.py took 0.105 seconds
[2023-04-22T22:50:57.386+0300] {processor.py:153} INFO - Started process (PID=11468) to work on /home/vladimir/.local/lib/python3.10/site-packages/airflow/example_dags/example_latest_only_with_trigger.py
[2023-04-22T22:50:57.386+0300] {processor.py:743} INFO - Processing file /home/vladimir/.local/lib/python3.10/site-packages/airflow/example_dags/example_latest_only_with_trigger.py for tasks to queue
[2023-04-22T22:50:57.387+0300] {logging_mixin.py:137} INFO - [2023-04-22T22:50:57.387+0300] {dagbag.py:532} INFO - Filling up the DagBag from /home/vladimir/.local/lib/python3.10/site-packages/airflow/example_dags/example_latest_only_with_trigger.py
[2023-04-22T22:50:57.396+0300] {processor.py:753} INFO - DAG(s) dict_keys(['latest_only_with_trigger']) retrieved from /home/vladimir/.local/lib/python3.10/site-packages/airflow/example_dags/example_latest_only_with_trigger.py
[2023-04-22T22:50:57.409+0300] {logging_mixin.py:137} INFO - [2023-04-22T22:50:57.409+0300] {dag.py:2705} INFO - Sync 1 DAGs
[2023-04-22T22:50:57.421+0300] {logging_mixin.py:137} INFO - [2023-04-22T22:50:57.421+0300] {dag.py:3452} INFO - Setting next_dagrun for latest_only_with_trigger to 2023-04-22T15:50:57.421355+00:00, run_after=2023-04-22T19:50:57.421355+00:00
[2023-04-22T22:50:57.433+0300] {processor.py:175} INFO - Processing /home/vladimir/.local/lib/python3.10/site-packages/airflow/example_dags/example_latest_only_with_trigger.py took 0.050 seconds
[2023-04-22T22:51:41.062+0300] {processor.py:153} INFO - Started process (PID=11587) to work on /home/vladimir/.local/lib/python3.10/site-packages/airflow/example_dags/example_latest_only_with_trigger.py
[2023-04-22T22:51:41.063+0300] {processor.py:743} INFO - Processing file /home/vladimir/.local/lib/python3.10/site-packages/airflow/example_dags/example_latest_only_with_trigger.py for tasks to queue
[2023-04-22T22:51:41.063+0300] {logging_mixin.py:137} INFO - [2023-04-22T22:51:41.063+0300] {dagbag.py:532} INFO - Filling up the DagBag from /home/vladimir/.local/lib/python3.10/site-packages/airflow/example_dags/example_latest_only_with_trigger.py
[2023-04-22T22:51:41.073+0300] {processor.py:753} INFO - DAG(s) dict_keys(['latest_only_with_trigger']) retrieved from /home/vladimir/.local/lib/python3.10/site-packages/airflow/example_dags/example_latest_only_with_trigger.py
[2023-04-22T22:51:41.086+0300] {logging_mixin.py:137} INFO - [2023-04-22T22:51:41.086+0300] {dag.py:2705} INFO - Sync 1 DAGs
[2023-04-22T22:51:41.097+0300] {logging_mixin.py:137} INFO - [2023-04-22T22:51:41.097+0300] {dag.py:3452} INFO - Setting next_dagrun for latest_only_with_trigger to 2023-04-22T15:51:41.097450+00:00, run_after=2023-04-22T19:51:41.097450+00:00
[2023-04-22T22:51:41.108+0300] {processor.py:175} INFO - Processing /home/vladimir/.local/lib/python3.10/site-packages/airflow/example_dags/example_latest_only_with_trigger.py took 0.048 seconds
[2023-04-22T22:52:19.480+0300] {processor.py:153} INFO - Started process (PID=11635) to work on /home/vladimir/.local/lib/python3.10/site-packages/airflow/example_dags/example_latest_only_with_trigger.py
[2023-04-22T22:52:19.481+0300] {processor.py:743} INFO - Processing file /home/vladimir/.local/lib/python3.10/site-packages/airflow/example_dags/example_latest_only_with_trigger.py for tasks to queue
[2023-04-22T22:52:19.481+0300] {logging_mixin.py:137} INFO - [2023-04-22T22:52:19.481+0300] {dagbag.py:532} INFO - Filling up the DagBag from /home/vladimir/.local/lib/python3.10/site-packages/airflow/example_dags/example_latest_only_with_trigger.py
[2023-04-22T22:52:19.491+0300] {processor.py:753} INFO - DAG(s) dict_keys(['latest_only_with_trigger']) retrieved from /home/vladimir/.local/lib/python3.10/site-packages/airflow/example_dags/example_latest_only_with_trigger.py
[2023-04-22T22:52:19.504+0300] {logging_mixin.py:137} INFO - [2023-04-22T22:52:19.504+0300] {dag.py:2705} INFO - Sync 1 DAGs
[2023-04-22T22:52:19.516+0300] {logging_mixin.py:137} INFO - [2023-04-22T22:52:19.516+0300] {dag.py:3452} INFO - Setting next_dagrun for latest_only_with_trigger to 2023-04-22T15:52:19.516082+00:00, run_after=2023-04-22T19:52:19.516082+00:00
[2023-04-22T22:52:19.528+0300] {processor.py:175} INFO - Processing /home/vladimir/.local/lib/python3.10/site-packages/airflow/example_dags/example_latest_only_with_trigger.py took 0.050 seconds
[2023-04-22T22:52:57.282+0300] {processor.py:153} INFO - Started process (PID=11683) to work on /home/vladimir/.local/lib/python3.10/site-packages/airflow/example_dags/example_latest_only_with_trigger.py
[2023-04-22T22:52:57.283+0300] {processor.py:743} INFO - Processing file /home/vladimir/.local/lib/python3.10/site-packages/airflow/example_dags/example_latest_only_with_trigger.py for tasks to queue
[2023-04-22T22:52:57.284+0300] {logging_mixin.py:137} INFO - [2023-04-22T22:52:57.284+0300] {dagbag.py:532} INFO - Filling up the DagBag from /home/vladimir/.local/lib/python3.10/site-packages/airflow/example_dags/example_latest_only_with_trigger.py
[2023-04-22T22:52:57.294+0300] {processor.py:753} INFO - DAG(s) dict_keys(['latest_only_with_trigger']) retrieved from /home/vladimir/.local/lib/python3.10/site-packages/airflow/example_dags/example_latest_only_with_trigger.py
[2023-04-22T22:52:57.308+0300] {logging_mixin.py:137} INFO - [2023-04-22T22:52:57.308+0300] {dag.py:2705} INFO - Sync 1 DAGs
[2023-04-22T22:52:57.320+0300] {logging_mixin.py:137} INFO - [2023-04-22T22:52:57.320+0300] {dag.py:3452} INFO - Setting next_dagrun for latest_only_with_trigger to 2023-04-22T15:52:57.320650+00:00, run_after=2023-04-22T19:52:57.320650+00:00
[2023-04-22T22:52:57.332+0300] {processor.py:175} INFO - Processing /home/vladimir/.local/lib/python3.10/site-packages/airflow/example_dags/example_latest_only_with_trigger.py took 0.052 seconds
[2023-04-22T22:53:34.386+0300] {processor.py:153} INFO - Started process (PID=11733) to work on /home/vladimir/.local/lib/python3.10/site-packages/airflow/example_dags/example_latest_only_with_trigger.py
[2023-04-22T22:53:34.387+0300] {processor.py:743} INFO - Processing file /home/vladimir/.local/lib/python3.10/site-packages/airflow/example_dags/example_latest_only_with_trigger.py for tasks to queue
[2023-04-22T22:53:34.387+0300] {logging_mixin.py:137} INFO - [2023-04-22T22:53:34.387+0300] {dagbag.py:532} INFO - Filling up the DagBag from /home/vladimir/.local/lib/python3.10/site-packages/airflow/example_dags/example_latest_only_with_trigger.py
[2023-04-22T22:53:34.397+0300] {processor.py:753} INFO - DAG(s) dict_keys(['latest_only_with_trigger']) retrieved from /home/vladimir/.local/lib/python3.10/site-packages/airflow/example_dags/example_latest_only_with_trigger.py
[2023-04-22T22:53:34.409+0300] {logging_mixin.py:137} INFO - [2023-04-22T22:53:34.409+0300] {dag.py:2705} INFO - Sync 1 DAGs
[2023-04-22T22:53:34.421+0300] {logging_mixin.py:137} INFO - [2023-04-22T22:53:34.421+0300] {dag.py:3452} INFO - Setting next_dagrun for latest_only_with_trigger to 2023-04-22T15:53:34.421498+00:00, run_after=2023-04-22T19:53:34.421498+00:00
[2023-04-22T22:53:34.434+0300] {processor.py:175} INFO - Processing /home/vladimir/.local/lib/python3.10/site-packages/airflow/example_dags/example_latest_only_with_trigger.py took 0.050 seconds
[2023-04-22T22:54:15.509+0300] {processor.py:153} INFO - Started process (PID=11795) to work on /home/vladimir/.local/lib/python3.10/site-packages/airflow/example_dags/example_latest_only_with_trigger.py
[2023-04-22T22:54:15.510+0300] {processor.py:743} INFO - Processing file /home/vladimir/.local/lib/python3.10/site-packages/airflow/example_dags/example_latest_only_with_trigger.py for tasks to queue
[2023-04-22T22:54:15.510+0300] {logging_mixin.py:137} INFO - [2023-04-22T22:54:15.510+0300] {dagbag.py:532} INFO - Filling up the DagBag from /home/vladimir/.local/lib/python3.10/site-packages/airflow/example_dags/example_latest_only_with_trigger.py
[2023-04-22T22:54:15.523+0300] {processor.py:753} INFO - DAG(s) dict_keys(['latest_only_with_trigger']) retrieved from /home/vladimir/.local/lib/python3.10/site-packages/airflow/example_dags/example_latest_only_with_trigger.py
[2023-04-22T22:54:15.539+0300] {logging_mixin.py:137} INFO - [2023-04-22T22:54:15.539+0300] {dag.py:2705} INFO - Sync 1 DAGs
[2023-04-22T22:54:15.555+0300] {logging_mixin.py:137} INFO - [2023-04-22T22:54:15.555+0300] {dag.py:3452} INFO - Setting next_dagrun for latest_only_with_trigger to 2023-04-22T15:54:15.554828+00:00, run_after=2023-04-22T19:54:15.554828+00:00
[2023-04-22T22:54:15.566+0300] {processor.py:175} INFO - Processing /home/vladimir/.local/lib/python3.10/site-packages/airflow/example_dags/example_latest_only_with_trigger.py took 0.059 seconds
[2023-04-22T22:54:54.856+0300] {processor.py:153} INFO - Started process (PID=11860) to work on /home/vladimir/.local/lib/python3.10/site-packages/airflow/example_dags/example_latest_only_with_trigger.py
[2023-04-22T22:54:54.857+0300] {processor.py:743} INFO - Processing file /home/vladimir/.local/lib/python3.10/site-packages/airflow/example_dags/example_latest_only_with_trigger.py for tasks to queue
[2023-04-22T22:54:54.857+0300] {logging_mixin.py:137} INFO - [2023-04-22T22:54:54.857+0300] {dagbag.py:532} INFO - Filling up the DagBag from /home/vladimir/.local/lib/python3.10/site-packages/airflow/example_dags/example_latest_only_with_trigger.py
[2023-04-22T22:54:54.867+0300] {processor.py:753} INFO - DAG(s) dict_keys(['latest_only_with_trigger']) retrieved from /home/vladimir/.local/lib/python3.10/site-packages/airflow/example_dags/example_latest_only_with_trigger.py
[2023-04-22T22:54:54.881+0300] {logging_mixin.py:137} INFO - [2023-04-22T22:54:54.880+0300] {dag.py:2705} INFO - Sync 1 DAGs
[2023-04-22T22:54:54.894+0300] {logging_mixin.py:137} INFO - [2023-04-22T22:54:54.893+0300] {dag.py:3452} INFO - Setting next_dagrun for latest_only_with_trigger to 2023-04-22T15:54:54.893809+00:00, run_after=2023-04-22T19:54:54.893809+00:00
[2023-04-22T22:54:54.904+0300] {processor.py:175} INFO - Processing /home/vladimir/.local/lib/python3.10/site-packages/airflow/example_dags/example_latest_only_with_trigger.py took 0.050 seconds
[2023-04-22T22:55:34.842+0300] {processor.py:153} INFO - Started process (PID=11914) to work on /home/vladimir/.local/lib/python3.10/site-packages/airflow/example_dags/example_latest_only_with_trigger.py
[2023-04-22T22:55:34.843+0300] {processor.py:743} INFO - Processing file /home/vladimir/.local/lib/python3.10/site-packages/airflow/example_dags/example_latest_only_with_trigger.py for tasks to queue
[2023-04-22T22:55:34.843+0300] {logging_mixin.py:137} INFO - [2023-04-22T22:55:34.843+0300] {dagbag.py:532} INFO - Filling up the DagBag from /home/vladimir/.local/lib/python3.10/site-packages/airflow/example_dags/example_latest_only_with_trigger.py
[2023-04-22T22:55:34.853+0300] {processor.py:753} INFO - DAG(s) dict_keys(['latest_only_with_trigger']) retrieved from /home/vladimir/.local/lib/python3.10/site-packages/airflow/example_dags/example_latest_only_with_trigger.py
[2023-04-22T22:55:34.866+0300] {logging_mixin.py:137} INFO - [2023-04-22T22:55:34.866+0300] {dag.py:2705} INFO - Sync 1 DAGs
[2023-04-22T22:55:34.878+0300] {logging_mixin.py:137} INFO - [2023-04-22T22:55:34.878+0300] {dag.py:3452} INFO - Setting next_dagrun for latest_only_with_trigger to 2023-04-22T15:55:34.878015+00:00, run_after=2023-04-22T19:55:34.878015+00:00
[2023-04-22T22:55:34.889+0300] {processor.py:175} INFO - Processing /home/vladimir/.local/lib/python3.10/site-packages/airflow/example_dags/example_latest_only_with_trigger.py took 0.049 seconds
[2023-04-22T22:56:11.233+0300] {processor.py:153} INFO - Started process (PID=11967) to work on /home/vladimir/.local/lib/python3.10/site-packages/airflow/example_dags/example_latest_only_with_trigger.py
[2023-04-22T22:56:11.234+0300] {processor.py:743} INFO - Processing file /home/vladimir/.local/lib/python3.10/site-packages/airflow/example_dags/example_latest_only_with_trigger.py for tasks to queue
[2023-04-22T22:56:11.235+0300] {logging_mixin.py:137} INFO - [2023-04-22T22:56:11.234+0300] {dagbag.py:532} INFO - Filling up the DagBag from /home/vladimir/.local/lib/python3.10/site-packages/airflow/example_dags/example_latest_only_with_trigger.py
[2023-04-22T22:56:11.247+0300] {processor.py:753} INFO - DAG(s) dict_keys(['latest_only_with_trigger']) retrieved from /home/vladimir/.local/lib/python3.10/site-packages/airflow/example_dags/example_latest_only_with_trigger.py
[2023-04-22T22:56:11.263+0300] {logging_mixin.py:137} INFO - [2023-04-22T22:56:11.262+0300] {dag.py:2705} INFO - Sync 1 DAGs
[2023-04-22T22:56:11.277+0300] {logging_mixin.py:137} INFO - [2023-04-22T22:56:11.277+0300] {dag.py:3452} INFO - Setting next_dagrun for latest_only_with_trigger to 2023-04-22T15:56:11.277618+00:00, run_after=2023-04-22T19:56:11.277618+00:00
[2023-04-22T22:56:11.290+0300] {processor.py:175} INFO - Processing /home/vladimir/.local/lib/python3.10/site-packages/airflow/example_dags/example_latest_only_with_trigger.py took 0.060 seconds
[2023-04-23T01:28:57.726+0300] {processor.py:153} INFO - Started process (PID=4386) to work on /home/vladimir/.local/lib/python3.10/site-packages/airflow/example_dags/example_latest_only_with_trigger.py
[2023-04-23T01:28:57.726+0300] {processor.py:743} INFO - Processing file /home/vladimir/.local/lib/python3.10/site-packages/airflow/example_dags/example_latest_only_with_trigger.py for tasks to queue
[2023-04-23T01:28:57.727+0300] {logging_mixin.py:137} INFO - [2023-04-23T01:28:57.727+0300] {dagbag.py:532} INFO - Filling up the DagBag from /home/vladimir/.local/lib/python3.10/site-packages/airflow/example_dags/example_latest_only_with_trigger.py
[2023-04-23T01:28:57.830+0300] {processor.py:753} INFO - DAG(s) dict_keys(['latest_only_with_trigger']) retrieved from /home/vladimir/.local/lib/python3.10/site-packages/airflow/example_dags/example_latest_only_with_trigger.py
[2023-04-23T01:28:57.844+0300] {logging_mixin.py:137} INFO - [2023-04-23T01:28:57.844+0300] {dag.py:2705} INFO - Sync 1 DAGs
[2023-04-23T01:28:57.857+0300] {logging_mixin.py:137} INFO - [2023-04-23T01:28:57.857+0300] {dag.py:3452} INFO - Setting next_dagrun for latest_only_with_trigger to 2023-04-22T18:28:57.857466+00:00, run_after=2023-04-22T22:28:57.857466+00:00
[2023-04-23T01:28:57.869+0300] {processor.py:175} INFO - Processing /home/vladimir/.local/lib/python3.10/site-packages/airflow/example_dags/example_latest_only_with_trigger.py took 0.146 seconds
[2023-04-23T01:29:37.870+0300] {processor.py:153} INFO - Started process (PID=4452) to work on /home/vladimir/.local/lib/python3.10/site-packages/airflow/example_dags/example_latest_only_with_trigger.py
[2023-04-23T01:29:37.871+0300] {processor.py:743} INFO - Processing file /home/vladimir/.local/lib/python3.10/site-packages/airflow/example_dags/example_latest_only_with_trigger.py for tasks to queue
[2023-04-23T01:29:37.871+0300] {logging_mixin.py:137} INFO - [2023-04-23T01:29:37.871+0300] {dagbag.py:532} INFO - Filling up the DagBag from /home/vladimir/.local/lib/python3.10/site-packages/airflow/example_dags/example_latest_only_with_trigger.py
[2023-04-23T01:29:37.881+0300] {processor.py:753} INFO - DAG(s) dict_keys(['latest_only_with_trigger']) retrieved from /home/vladimir/.local/lib/python3.10/site-packages/airflow/example_dags/example_latest_only_with_trigger.py
[2023-04-23T01:29:37.894+0300] {logging_mixin.py:137} INFO - [2023-04-23T01:29:37.894+0300] {dag.py:2705} INFO - Sync 1 DAGs
[2023-04-23T01:29:37.907+0300] {logging_mixin.py:137} INFO - [2023-04-23T01:29:37.907+0300] {dag.py:3452} INFO - Setting next_dagrun for latest_only_with_trigger to 2023-04-22T18:29:37.907404+00:00, run_after=2023-04-22T22:29:37.907404+00:00
[2023-04-23T01:29:37.918+0300] {processor.py:175} INFO - Processing /home/vladimir/.local/lib/python3.10/site-packages/airflow/example_dags/example_latest_only_with_trigger.py took 0.052 seconds
[2023-04-23T01:30:20.103+0300] {processor.py:153} INFO - Started process (PID=4500) to work on /home/vladimir/.local/lib/python3.10/site-packages/airflow/example_dags/example_latest_only_with_trigger.py
[2023-04-23T01:30:20.103+0300] {processor.py:743} INFO - Processing file /home/vladimir/.local/lib/python3.10/site-packages/airflow/example_dags/example_latest_only_with_trigger.py for tasks to queue
[2023-04-23T01:30:20.104+0300] {logging_mixin.py:137} INFO - [2023-04-23T01:30:20.104+0300] {dagbag.py:532} INFO - Filling up the DagBag from /home/vladimir/.local/lib/python3.10/site-packages/airflow/example_dags/example_latest_only_with_trigger.py
[2023-04-23T01:30:20.114+0300] {processor.py:753} INFO - DAG(s) dict_keys(['latest_only_with_trigger']) retrieved from /home/vladimir/.local/lib/python3.10/site-packages/airflow/example_dags/example_latest_only_with_trigger.py
[2023-04-23T01:30:20.128+0300] {logging_mixin.py:137} INFO - [2023-04-23T01:30:20.127+0300] {dag.py:2705} INFO - Sync 1 DAGs
[2023-04-23T01:30:20.141+0300] {logging_mixin.py:137} INFO - [2023-04-23T01:30:20.141+0300] {dag.py:3452} INFO - Setting next_dagrun for latest_only_with_trigger to 2023-04-22T18:30:20.140916+00:00, run_after=2023-04-22T22:30:20.140916+00:00
[2023-04-23T01:30:20.155+0300] {processor.py:175} INFO - Processing /home/vladimir/.local/lib/python3.10/site-packages/airflow/example_dags/example_latest_only_with_trigger.py took 0.055 seconds
[2023-04-23T01:31:00.237+0300] {processor.py:153} INFO - Started process (PID=4588) to work on /home/vladimir/.local/lib/python3.10/site-packages/airflow/example_dags/example_latest_only_with_trigger.py
[2023-04-23T01:31:00.238+0300] {processor.py:743} INFO - Processing file /home/vladimir/.local/lib/python3.10/site-packages/airflow/example_dags/example_latest_only_with_trigger.py for tasks to queue
[2023-04-23T01:31:00.239+0300] {logging_mixin.py:137} INFO - [2023-04-23T01:31:00.238+0300] {dagbag.py:532} INFO - Filling up the DagBag from /home/vladimir/.local/lib/python3.10/site-packages/airflow/example_dags/example_latest_only_with_trigger.py
[2023-04-23T01:31:00.249+0300] {processor.py:753} INFO - DAG(s) dict_keys(['latest_only_with_trigger']) retrieved from /home/vladimir/.local/lib/python3.10/site-packages/airflow/example_dags/example_latest_only_with_trigger.py
[2023-04-23T01:31:00.262+0300] {logging_mixin.py:137} INFO - [2023-04-23T01:31:00.262+0300] {dag.py:2705} INFO - Sync 1 DAGs
[2023-04-23T01:31:00.274+0300] {logging_mixin.py:137} INFO - [2023-04-23T01:31:00.274+0300] {dag.py:3452} INFO - Setting next_dagrun for latest_only_with_trigger to 2023-04-22T18:31:00.274108+00:00, run_after=2023-04-22T22:31:00.274108+00:00
[2023-04-23T01:31:00.286+0300] {processor.py:175} INFO - Processing /home/vladimir/.local/lib/python3.10/site-packages/airflow/example_dags/example_latest_only_with_trigger.py took 0.051 seconds
[2023-04-23T01:31:41.273+0300] {processor.py:153} INFO - Started process (PID=4652) to work on /home/vladimir/.local/lib/python3.10/site-packages/airflow/example_dags/example_latest_only_with_trigger.py
[2023-04-23T01:31:41.273+0300] {processor.py:743} INFO - Processing file /home/vladimir/.local/lib/python3.10/site-packages/airflow/example_dags/example_latest_only_with_trigger.py for tasks to queue
[2023-04-23T01:31:41.274+0300] {logging_mixin.py:137} INFO - [2023-04-23T01:31:41.274+0300] {dagbag.py:532} INFO - Filling up the DagBag from /home/vladimir/.local/lib/python3.10/site-packages/airflow/example_dags/example_latest_only_with_trigger.py
[2023-04-23T01:31:41.286+0300] {processor.py:753} INFO - DAG(s) dict_keys(['latest_only_with_trigger']) retrieved from /home/vladimir/.local/lib/python3.10/site-packages/airflow/example_dags/example_latest_only_with_trigger.py
[2023-04-23T01:31:41.299+0300] {logging_mixin.py:137} INFO - [2023-04-23T01:31:41.299+0300] {dag.py:2705} INFO - Sync 1 DAGs
[2023-04-23T01:31:41.311+0300] {logging_mixin.py:137} INFO - [2023-04-23T01:31:41.311+0300] {dag.py:3452} INFO - Setting next_dagrun for latest_only_with_trigger to 2023-04-22T18:31:41.311632+00:00, run_after=2023-04-22T22:31:41.311632+00:00
[2023-04-23T01:31:41.325+0300] {processor.py:175} INFO - Processing /home/vladimir/.local/lib/python3.10/site-packages/airflow/example_dags/example_latest_only_with_trigger.py took 0.055 seconds
[2023-04-23T01:32:24.660+0300] {processor.py:153} INFO - Started process (PID=4699) to work on /home/vladimir/.local/lib/python3.10/site-packages/airflow/example_dags/example_latest_only_with_trigger.py
[2023-04-23T01:32:24.661+0300] {processor.py:743} INFO - Processing file /home/vladimir/.local/lib/python3.10/site-packages/airflow/example_dags/example_latest_only_with_trigger.py for tasks to queue
[2023-04-23T01:32:24.662+0300] {logging_mixin.py:137} INFO - [2023-04-23T01:32:24.662+0300] {dagbag.py:532} INFO - Filling up the DagBag from /home/vladimir/.local/lib/python3.10/site-packages/airflow/example_dags/example_latest_only_with_trigger.py
[2023-04-23T01:32:24.672+0300] {processor.py:753} INFO - DAG(s) dict_keys(['latest_only_with_trigger']) retrieved from /home/vladimir/.local/lib/python3.10/site-packages/airflow/example_dags/example_latest_only_with_trigger.py
[2023-04-23T01:32:24.685+0300] {logging_mixin.py:137} INFO - [2023-04-23T01:32:24.685+0300] {dag.py:2705} INFO - Sync 1 DAGs
[2023-04-23T01:32:24.698+0300] {logging_mixin.py:137} INFO - [2023-04-23T01:32:24.698+0300] {dag.py:3452} INFO - Setting next_dagrun for latest_only_with_trigger to 2023-04-22T18:32:24.697914+00:00, run_after=2023-04-22T22:32:24.697914+00:00
[2023-04-23T01:32:24.711+0300] {processor.py:175} INFO - Processing /home/vladimir/.local/lib/python3.10/site-packages/airflow/example_dags/example_latest_only_with_trigger.py took 0.053 seconds
[2023-04-23T01:33:03.403+0300] {processor.py:153} INFO - Started process (PID=4760) to work on /home/vladimir/.local/lib/python3.10/site-packages/airflow/example_dags/example_latest_only_with_trigger.py
[2023-04-23T01:33:03.404+0300] {processor.py:743} INFO - Processing file /home/vladimir/.local/lib/python3.10/site-packages/airflow/example_dags/example_latest_only_with_trigger.py for tasks to queue
[2023-04-23T01:33:03.404+0300] {logging_mixin.py:137} INFO - [2023-04-23T01:33:03.404+0300] {dagbag.py:532} INFO - Filling up the DagBag from /home/vladimir/.local/lib/python3.10/site-packages/airflow/example_dags/example_latest_only_with_trigger.py
[2023-04-23T01:33:03.415+0300] {processor.py:753} INFO - DAG(s) dict_keys(['latest_only_with_trigger']) retrieved from /home/vladimir/.local/lib/python3.10/site-packages/airflow/example_dags/example_latest_only_with_trigger.py
[2023-04-23T01:33:03.428+0300] {logging_mixin.py:137} INFO - [2023-04-23T01:33:03.428+0300] {dag.py:2705} INFO - Sync 1 DAGs
[2023-04-23T01:33:03.441+0300] {logging_mixin.py:137} INFO - [2023-04-23T01:33:03.440+0300] {dag.py:3452} INFO - Setting next_dagrun for latest_only_with_trigger to 2023-04-22T18:33:03.440604+00:00, run_after=2023-04-22T22:33:03.440604+00:00
[2023-04-23T01:33:03.453+0300] {processor.py:175} INFO - Processing /home/vladimir/.local/lib/python3.10/site-packages/airflow/example_dags/example_latest_only_with_trigger.py took 0.052 seconds
[2023-04-23T01:33:44.513+0300] {processor.py:153} INFO - Started process (PID=4811) to work on /home/vladimir/.local/lib/python3.10/site-packages/airflow/example_dags/example_latest_only_with_trigger.py
[2023-04-23T01:33:44.514+0300] {processor.py:743} INFO - Processing file /home/vladimir/.local/lib/python3.10/site-packages/airflow/example_dags/example_latest_only_with_trigger.py for tasks to queue
[2023-04-23T01:33:44.514+0300] {logging_mixin.py:137} INFO - [2023-04-23T01:33:44.514+0300] {dagbag.py:532} INFO - Filling up the DagBag from /home/vladimir/.local/lib/python3.10/site-packages/airflow/example_dags/example_latest_only_with_trigger.py
[2023-04-23T01:33:44.524+0300] {processor.py:753} INFO - DAG(s) dict_keys(['latest_only_with_trigger']) retrieved from /home/vladimir/.local/lib/python3.10/site-packages/airflow/example_dags/example_latest_only_with_trigger.py
[2023-04-23T01:33:44.538+0300] {logging_mixin.py:137} INFO - [2023-04-23T01:33:44.537+0300] {dag.py:2705} INFO - Sync 1 DAGs
[2023-04-23T01:33:44.551+0300] {logging_mixin.py:137} INFO - [2023-04-23T01:33:44.551+0300] {dag.py:3452} INFO - Setting next_dagrun for latest_only_with_trigger to 2023-04-22T18:33:44.550891+00:00, run_after=2023-04-22T22:33:44.550891+00:00
[2023-04-23T01:33:44.563+0300] {processor.py:175} INFO - Processing /home/vladimir/.local/lib/python3.10/site-packages/airflow/example_dags/example_latest_only_with_trigger.py took 0.053 seconds
[2023-04-23T01:34:25.608+0300] {processor.py:153} INFO - Started process (PID=4920) to work on /home/vladimir/.local/lib/python3.10/site-packages/airflow/example_dags/example_latest_only_with_trigger.py
[2023-04-23T01:34:25.609+0300] {processor.py:743} INFO - Processing file /home/vladimir/.local/lib/python3.10/site-packages/airflow/example_dags/example_latest_only_with_trigger.py for tasks to queue
[2023-04-23T01:34:25.609+0300] {logging_mixin.py:137} INFO - [2023-04-23T01:34:25.609+0300] {dagbag.py:532} INFO - Filling up the DagBag from /home/vladimir/.local/lib/python3.10/site-packages/airflow/example_dags/example_latest_only_with_trigger.py
[2023-04-23T01:34:25.621+0300] {processor.py:753} INFO - DAG(s) dict_keys(['latest_only_with_trigger']) retrieved from /home/vladimir/.local/lib/python3.10/site-packages/airflow/example_dags/example_latest_only_with_trigger.py
[2023-04-23T01:34:25.636+0300] {logging_mixin.py:137} INFO - [2023-04-23T01:34:25.636+0300] {dag.py:2705} INFO - Sync 1 DAGs
[2023-04-23T01:34:25.650+0300] {logging_mixin.py:137} INFO - [2023-04-23T01:34:25.650+0300] {dag.py:3452} INFO - Setting next_dagrun for latest_only_with_trigger to 2023-04-22T18:34:25.649861+00:00, run_after=2023-04-22T22:34:25.649861+00:00
[2023-04-23T01:34:25.663+0300] {processor.py:175} INFO - Processing /home/vladimir/.local/lib/python3.10/site-packages/airflow/example_dags/example_latest_only_with_trigger.py took 0.057 seconds
[2023-04-23T01:35:03.855+0300] {processor.py:153} INFO - Started process (PID=4970) to work on /home/vladimir/.local/lib/python3.10/site-packages/airflow/example_dags/example_latest_only_with_trigger.py
[2023-04-23T01:35:03.856+0300] {processor.py:743} INFO - Processing file /home/vladimir/.local/lib/python3.10/site-packages/airflow/example_dags/example_latest_only_with_trigger.py for tasks to queue
[2023-04-23T01:35:03.856+0300] {logging_mixin.py:137} INFO - [2023-04-23T01:35:03.856+0300] {dagbag.py:532} INFO - Filling up the DagBag from /home/vladimir/.local/lib/python3.10/site-packages/airflow/example_dags/example_latest_only_with_trigger.py
[2023-04-23T01:35:03.868+0300] {processor.py:753} INFO - DAG(s) dict_keys(['latest_only_with_trigger']) retrieved from /home/vladimir/.local/lib/python3.10/site-packages/airflow/example_dags/example_latest_only_with_trigger.py
[2023-04-23T01:35:03.881+0300] {logging_mixin.py:137} INFO - [2023-04-23T01:35:03.881+0300] {dag.py:2705} INFO - Sync 1 DAGs
[2023-04-23T01:35:03.893+0300] {logging_mixin.py:137} INFO - [2023-04-23T01:35:03.893+0300] {dag.py:3452} INFO - Setting next_dagrun for latest_only_with_trigger to 2023-04-22T18:35:03.893547+00:00, run_after=2023-04-22T22:35:03.893547+00:00
[2023-04-23T01:35:03.907+0300] {processor.py:175} INFO - Processing /home/vladimir/.local/lib/python3.10/site-packages/airflow/example_dags/example_latest_only_with_trigger.py took 0.054 seconds
