[2023-04-22T22:50:23.708+0300] {processor.py:153} INFO - Started process (PID=11399) to work on /home/vladimir/.local/lib/python3.10/site-packages/airflow/example_dags/example_xcom.py
[2023-04-22T22:50:23.709+0300] {processor.py:743} INFO - Processing file /home/vladimir/.local/lib/python3.10/site-packages/airflow/example_dags/example_xcom.py for tasks to queue
[2023-04-22T22:50:23.709+0300] {logging_mixin.py:137} INFO - [2023-04-22T22:50:23.709+0300] {dagbag.py:532} INFO - Filling up the DagBag from /home/vladimir/.local/lib/python3.10/site-packages/airflow/example_dags/example_xcom.py
[2023-04-22T22:50:23.724+0300] {processor.py:753} INFO - DAG(s) dict_keys(['example_xcom']) retrieved from /home/vladimir/.local/lib/python3.10/site-packages/airflow/example_dags/example_xcom.py
[2023-04-22T22:50:23.785+0300] {logging_mixin.py:137} INFO - [2023-04-22T22:50:23.785+0300] {manager.py:504} INFO - Created Permission View: can delete on DAG:example_xcom
[2023-04-22T22:50:23.790+0300] {logging_mixin.py:137} INFO - [2023-04-22T22:50:23.789+0300] {manager.py:504} INFO - Created Permission View: can read on DAG:example_xcom
[2023-04-22T22:50:23.793+0300] {logging_mixin.py:137} INFO - [2023-04-22T22:50:23.793+0300] {manager.py:504} INFO - Created Permission View: can edit on DAG:example_xcom
[2023-04-22T22:50:23.793+0300] {logging_mixin.py:137} INFO - [2023-04-22T22:50:23.793+0300] {dag.py:2705} INFO - Sync 1 DAGs
[2023-04-22T22:50:23.801+0300] {logging_mixin.py:137} INFO - [2023-04-22T22:50:23.801+0300] {dag.py:2726} INFO - Creating ORM DAG for example_xcom
[2023-04-22T22:50:23.806+0300] {logging_mixin.py:137} INFO - [2023-04-22T22:50:23.806+0300] {dag.py:3452} INFO - Setting next_dagrun for example_xcom to 2021-01-01T00:00:00+00:00, run_after=2021-01-01T00:00:00+00:00
[2023-04-22T22:50:23.817+0300] {processor.py:175} INFO - Processing /home/vladimir/.local/lib/python3.10/site-packages/airflow/example_dags/example_xcom.py took 0.111 seconds
[2023-04-22T22:51:07.058+0300] {processor.py:153} INFO - Started process (PID=11483) to work on /home/vladimir/.local/lib/python3.10/site-packages/airflow/example_dags/example_xcom.py
[2023-04-22T22:51:07.058+0300] {processor.py:743} INFO - Processing file /home/vladimir/.local/lib/python3.10/site-packages/airflow/example_dags/example_xcom.py for tasks to queue
[2023-04-22T22:51:07.059+0300] {logging_mixin.py:137} INFO - [2023-04-22T22:51:07.059+0300] {dagbag.py:532} INFO - Filling up the DagBag from /home/vladimir/.local/lib/python3.10/site-packages/airflow/example_dags/example_xcom.py
[2023-04-22T22:51:07.074+0300] {processor.py:753} INFO - DAG(s) dict_keys(['example_xcom']) retrieved from /home/vladimir/.local/lib/python3.10/site-packages/airflow/example_dags/example_xcom.py
[2023-04-22T22:51:07.090+0300] {logging_mixin.py:137} INFO - [2023-04-22T22:51:07.090+0300] {dag.py:2705} INFO - Sync 1 DAGs
[2023-04-22T22:51:07.103+0300] {logging_mixin.py:137} INFO - [2023-04-22T22:51:07.103+0300] {dag.py:3452} INFO - Setting next_dagrun for example_xcom to 2021-01-01T00:00:00+00:00, run_after=2021-01-01T00:00:00+00:00
[2023-04-22T22:51:07.115+0300] {processor.py:175} INFO - Processing /home/vladimir/.local/lib/python3.10/site-packages/airflow/example_dags/example_xcom.py took 0.059 seconds
[2023-04-22T22:51:49.081+0300] {processor.py:153} INFO - Started process (PID=11598) to work on /home/vladimir/.local/lib/python3.10/site-packages/airflow/example_dags/example_xcom.py
[2023-04-22T22:51:49.082+0300] {processor.py:743} INFO - Processing file /home/vladimir/.local/lib/python3.10/site-packages/airflow/example_dags/example_xcom.py for tasks to queue
[2023-04-22T22:51:49.083+0300] {logging_mixin.py:137} INFO - [2023-04-22T22:51:49.082+0300] {dagbag.py:532} INFO - Filling up the DagBag from /home/vladimir/.local/lib/python3.10/site-packages/airflow/example_dags/example_xcom.py
[2023-04-22T22:51:49.100+0300] {processor.py:753} INFO - DAG(s) dict_keys(['example_xcom']) retrieved from /home/vladimir/.local/lib/python3.10/site-packages/airflow/example_dags/example_xcom.py
[2023-04-22T22:51:49.113+0300] {logging_mixin.py:137} INFO - [2023-04-22T22:51:49.113+0300] {dag.py:2705} INFO - Sync 1 DAGs
[2023-04-22T22:51:49.124+0300] {logging_mixin.py:137} INFO - [2023-04-22T22:51:49.124+0300] {dag.py:3452} INFO - Setting next_dagrun for example_xcom to 2021-01-01T00:00:00+00:00, run_after=2021-01-01T00:00:00+00:00
[2023-04-22T22:51:49.136+0300] {processor.py:175} INFO - Processing /home/vladimir/.local/lib/python3.10/site-packages/airflow/example_dags/example_xcom.py took 0.057 seconds
[2023-04-22T22:52:27.970+0300] {processor.py:153} INFO - Started process (PID=11648) to work on /home/vladimir/.local/lib/python3.10/site-packages/airflow/example_dags/example_xcom.py
[2023-04-22T22:52:27.971+0300] {processor.py:743} INFO - Processing file /home/vladimir/.local/lib/python3.10/site-packages/airflow/example_dags/example_xcom.py for tasks to queue
[2023-04-22T22:52:27.971+0300] {logging_mixin.py:137} INFO - [2023-04-22T22:52:27.971+0300] {dagbag.py:532} INFO - Filling up the DagBag from /home/vladimir/.local/lib/python3.10/site-packages/airflow/example_dags/example_xcom.py
[2023-04-22T22:52:27.988+0300] {processor.py:753} INFO - DAG(s) dict_keys(['example_xcom']) retrieved from /home/vladimir/.local/lib/python3.10/site-packages/airflow/example_dags/example_xcom.py
[2023-04-22T22:52:28.002+0300] {logging_mixin.py:137} INFO - [2023-04-22T22:52:28.002+0300] {dag.py:2705} INFO - Sync 1 DAGs
[2023-04-22T22:52:28.014+0300] {logging_mixin.py:137} INFO - [2023-04-22T22:52:28.014+0300] {dag.py:3452} INFO - Setting next_dagrun for example_xcom to 2021-01-01T00:00:00+00:00, run_after=2021-01-01T00:00:00+00:00
[2023-04-22T22:52:28.027+0300] {processor.py:175} INFO - Processing /home/vladimir/.local/lib/python3.10/site-packages/airflow/example_dags/example_xcom.py took 0.059 seconds
[2023-04-22T22:53:07.561+0300] {processor.py:153} INFO - Started process (PID=11697) to work on /home/vladimir/.local/lib/python3.10/site-packages/airflow/example_dags/example_xcom.py
[2023-04-22T22:53:07.561+0300] {processor.py:743} INFO - Processing file /home/vladimir/.local/lib/python3.10/site-packages/airflow/example_dags/example_xcom.py for tasks to queue
[2023-04-22T22:53:07.562+0300] {logging_mixin.py:137} INFO - [2023-04-22T22:53:07.562+0300] {dagbag.py:532} INFO - Filling up the DagBag from /home/vladimir/.local/lib/python3.10/site-packages/airflow/example_dags/example_xcom.py
[2023-04-22T22:53:07.578+0300] {processor.py:753} INFO - DAG(s) dict_keys(['example_xcom']) retrieved from /home/vladimir/.local/lib/python3.10/site-packages/airflow/example_dags/example_xcom.py
[2023-04-22T22:53:07.593+0300] {logging_mixin.py:137} INFO - [2023-04-22T22:53:07.593+0300] {dag.py:2705} INFO - Sync 1 DAGs
[2023-04-22T22:53:07.605+0300] {logging_mixin.py:137} INFO - [2023-04-22T22:53:07.605+0300] {dag.py:3452} INFO - Setting next_dagrun for example_xcom to 2021-01-01T00:00:00+00:00, run_after=2021-01-01T00:00:00+00:00
[2023-04-22T22:53:07.618+0300] {processor.py:175} INFO - Processing /home/vladimir/.local/lib/python3.10/site-packages/airflow/example_dags/example_xcom.py took 0.060 seconds
[2023-04-22T22:53:45.800+0300] {processor.py:153} INFO - Started process (PID=11753) to work on /home/vladimir/.local/lib/python3.10/site-packages/airflow/example_dags/example_xcom.py
[2023-04-22T22:53:45.801+0300] {processor.py:743} INFO - Processing file /home/vladimir/.local/lib/python3.10/site-packages/airflow/example_dags/example_xcom.py for tasks to queue
[2023-04-22T22:53:45.801+0300] {logging_mixin.py:137} INFO - [2023-04-22T22:53:45.801+0300] {dagbag.py:532} INFO - Filling up the DagBag from /home/vladimir/.local/lib/python3.10/site-packages/airflow/example_dags/example_xcom.py
[2023-04-22T22:53:45.818+0300] {processor.py:753} INFO - DAG(s) dict_keys(['example_xcom']) retrieved from /home/vladimir/.local/lib/python3.10/site-packages/airflow/example_dags/example_xcom.py
[2023-04-22T22:53:45.833+0300] {logging_mixin.py:137} INFO - [2023-04-22T22:53:45.833+0300] {dag.py:2705} INFO - Sync 1 DAGs
[2023-04-22T22:53:45.845+0300] {logging_mixin.py:137} INFO - [2023-04-22T22:53:45.845+0300] {dag.py:3452} INFO - Setting next_dagrun for example_xcom to 2021-01-01T00:00:00+00:00, run_after=2021-01-01T00:00:00+00:00
[2023-04-22T22:53:45.859+0300] {processor.py:175} INFO - Processing /home/vladimir/.local/lib/python3.10/site-packages/airflow/example_dags/example_xcom.py took 0.061 seconds
[2023-04-22T22:54:28.937+0300] {processor.py:153} INFO - Started process (PID=11813) to work on /home/vladimir/.local/lib/python3.10/site-packages/airflow/example_dags/example_xcom.py
[2023-04-22T22:54:28.938+0300] {processor.py:743} INFO - Processing file /home/vladimir/.local/lib/python3.10/site-packages/airflow/example_dags/example_xcom.py for tasks to queue
[2023-04-22T22:54:28.938+0300] {logging_mixin.py:137} INFO - [2023-04-22T22:54:28.938+0300] {dagbag.py:532} INFO - Filling up the DagBag from /home/vladimir/.local/lib/python3.10/site-packages/airflow/example_dags/example_xcom.py
[2023-04-22T22:54:28.954+0300] {processor.py:753} INFO - DAG(s) dict_keys(['example_xcom']) retrieved from /home/vladimir/.local/lib/python3.10/site-packages/airflow/example_dags/example_xcom.py
[2023-04-22T22:54:28.968+0300] {logging_mixin.py:137} INFO - [2023-04-22T22:54:28.968+0300] {dag.py:2705} INFO - Sync 1 DAGs
[2023-04-22T22:54:28.980+0300] {logging_mixin.py:137} INFO - [2023-04-22T22:54:28.980+0300] {dag.py:3452} INFO - Setting next_dagrun for example_xcom to 2021-01-01T00:00:00+00:00, run_after=2021-01-01T00:00:00+00:00
[2023-04-22T22:54:28.991+0300] {processor.py:175} INFO - Processing /home/vladimir/.local/lib/python3.10/site-packages/airflow/example_dags/example_xcom.py took 0.056 seconds
[2023-04-22T22:55:10.880+0300] {processor.py:153} INFO - Started process (PID=11890) to work on /home/vladimir/.local/lib/python3.10/site-packages/airflow/example_dags/example_xcom.py
[2023-04-22T22:55:10.881+0300] {processor.py:743} INFO - Processing file /home/vladimir/.local/lib/python3.10/site-packages/airflow/example_dags/example_xcom.py for tasks to queue
[2023-04-22T22:55:10.882+0300] {logging_mixin.py:137} INFO - [2023-04-22T22:55:10.881+0300] {dagbag.py:532} INFO - Filling up the DagBag from /home/vladimir/.local/lib/python3.10/site-packages/airflow/example_dags/example_xcom.py
[2023-04-22T22:55:10.897+0300] {processor.py:753} INFO - DAG(s) dict_keys(['example_xcom']) retrieved from /home/vladimir/.local/lib/python3.10/site-packages/airflow/example_dags/example_xcom.py
[2023-04-22T22:55:10.911+0300] {logging_mixin.py:137} INFO - [2023-04-22T22:55:10.911+0300] {dag.py:2705} INFO - Sync 1 DAGs
[2023-04-22T22:55:10.922+0300] {logging_mixin.py:137} INFO - [2023-04-22T22:55:10.922+0300] {dag.py:3452} INFO - Setting next_dagrun for example_xcom to 2021-01-01T00:00:00+00:00, run_after=2021-01-01T00:00:00+00:00
[2023-04-22T22:55:10.933+0300] {processor.py:175} INFO - Processing /home/vladimir/.local/lib/python3.10/site-packages/airflow/example_dags/example_xcom.py took 0.054 seconds
[2023-04-22T22:55:50.219+0300] {processor.py:153} INFO - Started process (PID=11934) to work on /home/vladimir/.local/lib/python3.10/site-packages/airflow/example_dags/example_xcom.py
[2023-04-22T22:55:50.220+0300] {processor.py:743} INFO - Processing file /home/vladimir/.local/lib/python3.10/site-packages/airflow/example_dags/example_xcom.py for tasks to queue
[2023-04-22T22:55:50.220+0300] {logging_mixin.py:137} INFO - [2023-04-22T22:55:50.220+0300] {dagbag.py:532} INFO - Filling up the DagBag from /home/vladimir/.local/lib/python3.10/site-packages/airflow/example_dags/example_xcom.py
[2023-04-22T22:55:50.236+0300] {processor.py:753} INFO - DAG(s) dict_keys(['example_xcom']) retrieved from /home/vladimir/.local/lib/python3.10/site-packages/airflow/example_dags/example_xcom.py
[2023-04-22T22:55:50.249+0300] {logging_mixin.py:137} INFO - [2023-04-22T22:55:50.249+0300] {dag.py:2705} INFO - Sync 1 DAGs
[2023-04-22T22:55:50.261+0300] {logging_mixin.py:137} INFO - [2023-04-22T22:55:50.260+0300] {dag.py:3452} INFO - Setting next_dagrun for example_xcom to 2021-01-01T00:00:00+00:00, run_after=2021-01-01T00:00:00+00:00
[2023-04-22T22:55:50.273+0300] {processor.py:175} INFO - Processing /home/vladimir/.local/lib/python3.10/site-packages/airflow/example_dags/example_xcom.py took 0.056 seconds
[2023-04-23T01:29:06.274+0300] {processor.py:153} INFO - Started process (PID=4407) to work on /home/vladimir/.local/lib/python3.10/site-packages/airflow/example_dags/example_xcom.py
[2023-04-23T01:29:06.275+0300] {processor.py:743} INFO - Processing file /home/vladimir/.local/lib/python3.10/site-packages/airflow/example_dags/example_xcom.py for tasks to queue
[2023-04-23T01:29:06.276+0300] {logging_mixin.py:137} INFO - [2023-04-23T01:29:06.276+0300] {dagbag.py:532} INFO - Filling up the DagBag from /home/vladimir/.local/lib/python3.10/site-packages/airflow/example_dags/example_xcom.py
[2023-04-23T01:29:06.294+0300] {processor.py:753} INFO - DAG(s) dict_keys(['example_xcom']) retrieved from /home/vladimir/.local/lib/python3.10/site-packages/airflow/example_dags/example_xcom.py
[2023-04-23T01:29:06.308+0300] {logging_mixin.py:137} INFO - [2023-04-23T01:29:06.308+0300] {dag.py:2705} INFO - Sync 1 DAGs
[2023-04-23T01:29:06.322+0300] {logging_mixin.py:137} INFO - [2023-04-23T01:29:06.322+0300] {dag.py:3452} INFO - Setting next_dagrun for example_xcom to 2021-01-01T00:00:00+00:00, run_after=2021-01-01T00:00:00+00:00
[2023-04-23T01:29:06.336+0300] {processor.py:175} INFO - Processing /home/vladimir/.local/lib/python3.10/site-packages/airflow/example_dags/example_xcom.py took 0.064 seconds
[2023-04-23T01:29:47.539+0300] {processor.py:153} INFO - Started process (PID=4463) to work on /home/vladimir/.local/lib/python3.10/site-packages/airflow/example_dags/example_xcom.py
[2023-04-23T01:29:47.540+0300] {processor.py:743} INFO - Processing file /home/vladimir/.local/lib/python3.10/site-packages/airflow/example_dags/example_xcom.py for tasks to queue
[2023-04-23T01:29:47.540+0300] {logging_mixin.py:137} INFO - [2023-04-23T01:29:47.540+0300] {dagbag.py:532} INFO - Filling up the DagBag from /home/vladimir/.local/lib/python3.10/site-packages/airflow/example_dags/example_xcom.py
[2023-04-23T01:29:47.557+0300] {processor.py:753} INFO - DAG(s) dict_keys(['example_xcom']) retrieved from /home/vladimir/.local/lib/python3.10/site-packages/airflow/example_dags/example_xcom.py
[2023-04-23T01:29:47.572+0300] {logging_mixin.py:137} INFO - [2023-04-23T01:29:47.571+0300] {dag.py:2705} INFO - Sync 1 DAGs
[2023-04-23T01:29:47.583+0300] {logging_mixin.py:137} INFO - [2023-04-23T01:29:47.583+0300] {dag.py:3452} INFO - Setting next_dagrun for example_xcom to 2021-01-01T00:00:00+00:00, run_after=2021-01-01T00:00:00+00:00
[2023-04-23T01:29:47.595+0300] {processor.py:175} INFO - Processing /home/vladimir/.local/lib/python3.10/site-packages/airflow/example_dags/example_xcom.py took 0.058 seconds
[2023-04-23T01:30:28.080+0300] {processor.py:153} INFO - Started process (PID=4550) to work on /home/vladimir/.local/lib/python3.10/site-packages/airflow/example_dags/example_xcom.py
[2023-04-23T01:30:28.080+0300] {processor.py:743} INFO - Processing file /home/vladimir/.local/lib/python3.10/site-packages/airflow/example_dags/example_xcom.py for tasks to queue
[2023-04-23T01:30:28.081+0300] {logging_mixin.py:137} INFO - [2023-04-23T01:30:28.081+0300] {dagbag.py:532} INFO - Filling up the DagBag from /home/vladimir/.local/lib/python3.10/site-packages/airflow/example_dags/example_xcom.py
[2023-04-23T01:30:28.099+0300] {processor.py:753} INFO - DAG(s) dict_keys(['example_xcom']) retrieved from /home/vladimir/.local/lib/python3.10/site-packages/airflow/example_dags/example_xcom.py
[2023-04-23T01:30:28.118+0300] {logging_mixin.py:137} INFO - [2023-04-23T01:30:28.118+0300] {dag.py:2705} INFO - Sync 1 DAGs
[2023-04-23T01:30:28.131+0300] {logging_mixin.py:137} INFO - [2023-04-23T01:30:28.131+0300] {dag.py:3452} INFO - Setting next_dagrun for example_xcom to 2021-01-01T00:00:00+00:00, run_after=2021-01-01T00:00:00+00:00
[2023-04-23T01:30:28.143+0300] {processor.py:175} INFO - Processing /home/vladimir/.local/lib/python3.10/site-packages/airflow/example_dags/example_xcom.py took 0.066 seconds
[2023-04-23T01:31:09.631+0300] {processor.py:153} INFO - Started process (PID=4602) to work on /home/vladimir/.local/lib/python3.10/site-packages/airflow/example_dags/example_xcom.py
[2023-04-23T01:31:09.631+0300] {processor.py:743} INFO - Processing file /home/vladimir/.local/lib/python3.10/site-packages/airflow/example_dags/example_xcom.py for tasks to queue
[2023-04-23T01:31:09.632+0300] {logging_mixin.py:137} INFO - [2023-04-23T01:31:09.632+0300] {dagbag.py:532} INFO - Filling up the DagBag from /home/vladimir/.local/lib/python3.10/site-packages/airflow/example_dags/example_xcom.py
[2023-04-23T01:31:09.650+0300] {processor.py:753} INFO - DAG(s) dict_keys(['example_xcom']) retrieved from /home/vladimir/.local/lib/python3.10/site-packages/airflow/example_dags/example_xcom.py
[2023-04-23T01:31:09.665+0300] {logging_mixin.py:137} INFO - [2023-04-23T01:31:09.665+0300] {dag.py:2705} INFO - Sync 1 DAGs
[2023-04-23T01:31:09.678+0300] {logging_mixin.py:137} INFO - [2023-04-23T01:31:09.678+0300] {dag.py:3452} INFO - Setting next_dagrun for example_xcom to 2021-01-01T00:00:00+00:00, run_after=2021-01-01T00:00:00+00:00
[2023-04-23T01:31:09.690+0300] {processor.py:175} INFO - Processing /home/vladimir/.local/lib/python3.10/site-packages/airflow/example_dags/example_xcom.py took 0.062 seconds
[2023-04-23T01:31:53.828+0300] {processor.py:153} INFO - Started process (PID=4665) to work on /home/vladimir/.local/lib/python3.10/site-packages/airflow/example_dags/example_xcom.py
[2023-04-23T01:31:53.828+0300] {processor.py:743} INFO - Processing file /home/vladimir/.local/lib/python3.10/site-packages/airflow/example_dags/example_xcom.py for tasks to queue
[2023-04-23T01:31:53.829+0300] {logging_mixin.py:137} INFO - [2023-04-23T01:31:53.829+0300] {dagbag.py:532} INFO - Filling up the DagBag from /home/vladimir/.local/lib/python3.10/site-packages/airflow/example_dags/example_xcom.py
[2023-04-23T01:31:53.847+0300] {processor.py:753} INFO - DAG(s) dict_keys(['example_xcom']) retrieved from /home/vladimir/.local/lib/python3.10/site-packages/airflow/example_dags/example_xcom.py
[2023-04-23T01:31:53.860+0300] {logging_mixin.py:137} INFO - [2023-04-23T01:31:53.860+0300] {dag.py:2705} INFO - Sync 1 DAGs
[2023-04-23T01:31:53.871+0300] {logging_mixin.py:137} INFO - [2023-04-23T01:31:53.871+0300] {dag.py:3452} INFO - Setting next_dagrun for example_xcom to 2021-01-01T00:00:00+00:00, run_after=2021-01-01T00:00:00+00:00
[2023-04-23T01:31:53.884+0300] {processor.py:175} INFO - Processing /home/vladimir/.local/lib/python3.10/site-packages/airflow/example_dags/example_xcom.py took 0.058 seconds
[2023-04-23T01:32:39.744+0300] {processor.py:153} INFO - Started process (PID=4730) to work on /home/vladimir/.local/lib/python3.10/site-packages/airflow/example_dags/example_xcom.py
[2023-04-23T01:32:39.745+0300] {processor.py:743} INFO - Processing file /home/vladimir/.local/lib/python3.10/site-packages/airflow/example_dags/example_xcom.py for tasks to queue
[2023-04-23T01:32:39.746+0300] {logging_mixin.py:137} INFO - [2023-04-23T01:32:39.745+0300] {dagbag.py:532} INFO - Filling up the DagBag from /home/vladimir/.local/lib/python3.10/site-packages/airflow/example_dags/example_xcom.py
[2023-04-23T01:32:39.762+0300] {processor.py:753} INFO - DAG(s) dict_keys(['example_xcom']) retrieved from /home/vladimir/.local/lib/python3.10/site-packages/airflow/example_dags/example_xcom.py
[2023-04-23T01:32:39.774+0300] {logging_mixin.py:137} INFO - [2023-04-23T01:32:39.774+0300] {dag.py:2705} INFO - Sync 1 DAGs
[2023-04-23T01:32:39.786+0300] {logging_mixin.py:137} INFO - [2023-04-23T01:32:39.786+0300] {dag.py:3452} INFO - Setting next_dagrun for example_xcom to 2021-01-01T00:00:00+00:00, run_after=2021-01-01T00:00:00+00:00
[2023-04-23T01:32:39.802+0300] {processor.py:175} INFO - Processing /home/vladimir/.local/lib/python3.10/site-packages/airflow/example_dags/example_xcom.py took 0.059 seconds
[2023-04-23T01:33:20.275+0300] {processor.py:153} INFO - Started process (PID=4784) to work on /home/vladimir/.local/lib/python3.10/site-packages/airflow/example_dags/example_xcom.py
[2023-04-23T01:33:20.276+0300] {processor.py:743} INFO - Processing file /home/vladimir/.local/lib/python3.10/site-packages/airflow/example_dags/example_xcom.py for tasks to queue
[2023-04-23T01:33:20.277+0300] {logging_mixin.py:137} INFO - [2023-04-23T01:33:20.277+0300] {dagbag.py:532} INFO - Filling up the DagBag from /home/vladimir/.local/lib/python3.10/site-packages/airflow/example_dags/example_xcom.py
[2023-04-23T01:33:20.293+0300] {processor.py:753} INFO - DAG(s) dict_keys(['example_xcom']) retrieved from /home/vladimir/.local/lib/python3.10/site-packages/airflow/example_dags/example_xcom.py
[2023-04-23T01:33:20.307+0300] {logging_mixin.py:137} INFO - [2023-04-23T01:33:20.307+0300] {dag.py:2705} INFO - Sync 1 DAGs
[2023-04-23T01:33:20.319+0300] {logging_mixin.py:137} INFO - [2023-04-23T01:33:20.319+0300] {dag.py:3452} INFO - Setting next_dagrun for example_xcom to 2021-01-01T00:00:00+00:00, run_after=2021-01-01T00:00:00+00:00
[2023-04-23T01:33:20.331+0300] {processor.py:175} INFO - Processing /home/vladimir/.local/lib/python3.10/site-packages/airflow/example_dags/example_xcom.py took 0.058 seconds
[2023-04-23T01:34:01.056+0300] {processor.py:153} INFO - Started process (PID=4859) to work on /home/vladimir/.local/lib/python3.10/site-packages/airflow/example_dags/example_xcom.py
[2023-04-23T01:34:01.057+0300] {processor.py:743} INFO - Processing file /home/vladimir/.local/lib/python3.10/site-packages/airflow/example_dags/example_xcom.py for tasks to queue
[2023-04-23T01:34:01.057+0300] {logging_mixin.py:137} INFO - [2023-04-23T01:34:01.057+0300] {dagbag.py:532} INFO - Filling up the DagBag from /home/vladimir/.local/lib/python3.10/site-packages/airflow/example_dags/example_xcom.py
[2023-04-23T01:34:01.073+0300] {processor.py:753} INFO - DAG(s) dict_keys(['example_xcom']) retrieved from /home/vladimir/.local/lib/python3.10/site-packages/airflow/example_dags/example_xcom.py
[2023-04-23T01:34:01.088+0300] {logging_mixin.py:137} INFO - [2023-04-23T01:34:01.088+0300] {dag.py:2705} INFO - Sync 1 DAGs
[2023-04-23T01:34:01.101+0300] {logging_mixin.py:137} INFO - [2023-04-23T01:34:01.101+0300] {dag.py:3452} INFO - Setting next_dagrun for example_xcom to 2021-01-01T00:00:00+00:00, run_after=2021-01-01T00:00:00+00:00
[2023-04-23T01:34:01.115+0300] {processor.py:175} INFO - Processing /home/vladimir/.local/lib/python3.10/site-packages/airflow/example_dags/example_xcom.py took 0.061 seconds
[2023-04-23T01:34:44.424+0300] {processor.py:153} INFO - Started process (PID=4943) to work on /home/vladimir/.local/lib/python3.10/site-packages/airflow/example_dags/example_xcom.py
[2023-04-23T01:34:44.425+0300] {processor.py:743} INFO - Processing file /home/vladimir/.local/lib/python3.10/site-packages/airflow/example_dags/example_xcom.py for tasks to queue
[2023-04-23T01:34:44.426+0300] {logging_mixin.py:137} INFO - [2023-04-23T01:34:44.426+0300] {dagbag.py:532} INFO - Filling up the DagBag from /home/vladimir/.local/lib/python3.10/site-packages/airflow/example_dags/example_xcom.py
[2023-04-23T01:34:44.443+0300] {processor.py:753} INFO - DAG(s) dict_keys(['example_xcom']) retrieved from /home/vladimir/.local/lib/python3.10/site-packages/airflow/example_dags/example_xcom.py
[2023-04-23T01:34:44.456+0300] {logging_mixin.py:137} INFO - [2023-04-23T01:34:44.456+0300] {dag.py:2705} INFO - Sync 1 DAGs
[2023-04-23T01:34:44.468+0300] {logging_mixin.py:137} INFO - [2023-04-23T01:34:44.468+0300] {dag.py:3452} INFO - Setting next_dagrun for example_xcom to 2021-01-01T00:00:00+00:00, run_after=2021-01-01T00:00:00+00:00
[2023-04-23T01:34:44.481+0300] {processor.py:175} INFO - Processing /home/vladimir/.local/lib/python3.10/site-packages/airflow/example_dags/example_xcom.py took 0.058 seconds
