[2023-04-22T22:50:18.477+0300] {processor.py:153} INFO - Started process (PID=11388) to work on /home/vladimir/.local/lib/python3.10/site-packages/airflow/example_dags/example_python_operator.py
[2023-04-22T22:50:18.477+0300] {processor.py:743} INFO - Processing file /home/vladimir/.local/lib/python3.10/site-packages/airflow/example_dags/example_python_operator.py for tasks to queue
[2023-04-22T22:50:18.477+0300] {logging_mixin.py:137} INFO - [2023-04-22T22:50:18.477+0300] {dagbag.py:532} INFO - Filling up the DagBag from /home/vladimir/.local/lib/python3.10/site-packages/airflow/example_dags/example_python_operator.py
[2023-04-22T22:50:18.490+0300] {logging_mixin.py:137} INFO - [2023-04-22T22:50:18.490+0300] {taskmixin.py:211} WARNING - Dependency <Task(_PythonDecoratedOperator): print_the_context>, log_sql_query already registered for DAG: example_python_operator
[2023-04-22T22:50:18.490+0300] {logging_mixin.py:137} INFO - [2023-04-22T22:50:18.490+0300] {taskmixin.py:211} WARNING - Dependency <Task(_PythonDecoratedOperator): log_sql_query>, print_the_context already registered for DAG: example_python_operator
[2023-04-22T22:50:18.491+0300] {logging_mixin.py:137} INFO - [2023-04-22T22:50:18.490+0300] {taskmixin.py:211} WARNING - Dependency <Task(_PythonDecoratedOperator): print_the_context>, log_sql_query already registered for DAG: example_python_operator
[2023-04-22T22:50:18.491+0300] {logging_mixin.py:137} INFO - [2023-04-22T22:50:18.491+0300] {taskmixin.py:211} WARNING - Dependency <Task(_PythonDecoratedOperator): log_sql_query>, print_the_context already registered for DAG: example_python_operator
[2023-04-22T22:50:18.491+0300] {logging_mixin.py:137} INFO - [2023-04-22T22:50:18.491+0300] {taskmixin.py:211} WARNING - Dependency <Task(_PythonDecoratedOperator): print_the_context>, log_sql_query already registered for DAG: example_python_operator
[2023-04-22T22:50:18.491+0300] {logging_mixin.py:137} INFO - [2023-04-22T22:50:18.491+0300] {taskmixin.py:211} WARNING - Dependency <Task(_PythonDecoratedOperator): log_sql_query>, print_the_context already registered for DAG: example_python_operator
[2023-04-22T22:50:18.491+0300] {logging_mixin.py:137} INFO - [2023-04-22T22:50:18.491+0300] {taskmixin.py:211} WARNING - Dependency <Task(_PythonDecoratedOperator): print_the_context>, log_sql_query already registered for DAG: example_python_operator
[2023-04-22T22:50:18.491+0300] {logging_mixin.py:137} INFO - [2023-04-22T22:50:18.491+0300] {taskmixin.py:211} WARNING - Dependency <Task(_PythonDecoratedOperator): log_sql_query>, print_the_context already registered for DAG: example_python_operator
[2023-04-22T22:50:18.492+0300] {logging_mixin.py:137} INFO - [2023-04-22T22:50:18.492+0300] {example_python_operator.py:90} WARNING - The virtalenv_python example task requires virtualenv, please install it.
[2023-04-22T22:50:18.495+0300] {processor.py:753} INFO - DAG(s) dict_keys(['example_python_operator']) retrieved from /home/vladimir/.local/lib/python3.10/site-packages/airflow/example_dags/example_python_operator.py
[2023-04-22T22:50:18.555+0300] {logging_mixin.py:137} INFO - [2023-04-22T22:50:18.554+0300] {manager.py:504} INFO - Created Permission View: can delete on DAG:example_python_operator
[2023-04-22T22:50:18.559+0300] {logging_mixin.py:137} INFO - [2023-04-22T22:50:18.559+0300] {manager.py:504} INFO - Created Permission View: can read on DAG:example_python_operator
[2023-04-22T22:50:18.563+0300] {logging_mixin.py:137} INFO - [2023-04-22T22:50:18.563+0300] {manager.py:504} INFO - Created Permission View: can edit on DAG:example_python_operator
[2023-04-22T22:50:18.563+0300] {logging_mixin.py:137} INFO - [2023-04-22T22:50:18.563+0300] {dag.py:2705} INFO - Sync 1 DAGs
[2023-04-22T22:50:18.571+0300] {logging_mixin.py:137} INFO - [2023-04-22T22:50:18.571+0300] {dag.py:2726} INFO - Creating ORM DAG for example_python_operator
[2023-04-22T22:50:18.576+0300] {logging_mixin.py:137} INFO - [2023-04-22T22:50:18.575+0300] {dag.py:3452} INFO - Setting next_dagrun for example_python_operator to None, run_after=None
[2023-04-22T22:50:18.587+0300] {processor.py:175} INFO - Processing /home/vladimir/.local/lib/python3.10/site-packages/airflow/example_dags/example_python_operator.py took 0.112 seconds
[2023-04-22T22:51:01.920+0300] {processor.py:153} INFO - Started process (PID=11475) to work on /home/vladimir/.local/lib/python3.10/site-packages/airflow/example_dags/example_python_operator.py
[2023-04-22T22:51:01.921+0300] {processor.py:743} INFO - Processing file /home/vladimir/.local/lib/python3.10/site-packages/airflow/example_dags/example_python_operator.py for tasks to queue
[2023-04-22T22:51:01.921+0300] {logging_mixin.py:137} INFO - [2023-04-22T22:51:01.921+0300] {dagbag.py:532} INFO - Filling up the DagBag from /home/vladimir/.local/lib/python3.10/site-packages/airflow/example_dags/example_python_operator.py
[2023-04-22T22:51:01.934+0300] {logging_mixin.py:137} INFO - [2023-04-22T22:51:01.933+0300] {taskmixin.py:211} WARNING - Dependency <Task(_PythonDecoratedOperator): print_the_context>, log_sql_query already registered for DAG: example_python_operator
[2023-04-22T22:51:01.934+0300] {logging_mixin.py:137} INFO - [2023-04-22T22:51:01.934+0300] {taskmixin.py:211} WARNING - Dependency <Task(_PythonDecoratedOperator): log_sql_query>, print_the_context already registered for DAG: example_python_operator
[2023-04-22T22:51:01.934+0300] {logging_mixin.py:137} INFO - [2023-04-22T22:51:01.934+0300] {taskmixin.py:211} WARNING - Dependency <Task(_PythonDecoratedOperator): print_the_context>, log_sql_query already registered for DAG: example_python_operator
[2023-04-22T22:51:01.934+0300] {logging_mixin.py:137} INFO - [2023-04-22T22:51:01.934+0300] {taskmixin.py:211} WARNING - Dependency <Task(_PythonDecoratedOperator): log_sql_query>, print_the_context already registered for DAG: example_python_operator
[2023-04-22T22:51:01.934+0300] {logging_mixin.py:137} INFO - [2023-04-22T22:51:01.934+0300] {taskmixin.py:211} WARNING - Dependency <Task(_PythonDecoratedOperator): print_the_context>, log_sql_query already registered for DAG: example_python_operator
[2023-04-22T22:51:01.935+0300] {logging_mixin.py:137} INFO - [2023-04-22T22:51:01.935+0300] {taskmixin.py:211} WARNING - Dependency <Task(_PythonDecoratedOperator): log_sql_query>, print_the_context already registered for DAG: example_python_operator
[2023-04-22T22:51:01.935+0300] {logging_mixin.py:137} INFO - [2023-04-22T22:51:01.935+0300] {taskmixin.py:211} WARNING - Dependency <Task(_PythonDecoratedOperator): print_the_context>, log_sql_query already registered for DAG: example_python_operator
[2023-04-22T22:51:01.935+0300] {logging_mixin.py:137} INFO - [2023-04-22T22:51:01.935+0300] {taskmixin.py:211} WARNING - Dependency <Task(_PythonDecoratedOperator): log_sql_query>, print_the_context already registered for DAG: example_python_operator
[2023-04-22T22:51:01.935+0300] {logging_mixin.py:137} INFO - [2023-04-22T22:51:01.935+0300] {example_python_operator.py:90} WARNING - The virtalenv_python example task requires virtualenv, please install it.
[2023-04-22T22:51:01.938+0300] {processor.py:753} INFO - DAG(s) dict_keys(['example_python_operator']) retrieved from /home/vladimir/.local/lib/python3.10/site-packages/airflow/example_dags/example_python_operator.py
[2023-04-22T22:51:01.953+0300] {logging_mixin.py:137} INFO - [2023-04-22T22:51:01.953+0300] {dag.py:2705} INFO - Sync 1 DAGs
[2023-04-22T22:51:01.965+0300] {logging_mixin.py:137} INFO - [2023-04-22T22:51:01.965+0300] {dag.py:3452} INFO - Setting next_dagrun for example_python_operator to None, run_after=None
[2023-04-22T22:51:01.977+0300] {processor.py:175} INFO - Processing /home/vladimir/.local/lib/python3.10/site-packages/airflow/example_dags/example_python_operator.py took 0.059 seconds
[2023-04-22T22:51:44.831+0300] {processor.py:153} INFO - Started process (PID=11593) to work on /home/vladimir/.local/lib/python3.10/site-packages/airflow/example_dags/example_python_operator.py
[2023-04-22T22:51:44.832+0300] {processor.py:743} INFO - Processing file /home/vladimir/.local/lib/python3.10/site-packages/airflow/example_dags/example_python_operator.py for tasks to queue
[2023-04-22T22:51:44.833+0300] {logging_mixin.py:137} INFO - [2023-04-22T22:51:44.833+0300] {dagbag.py:532} INFO - Filling up the DagBag from /home/vladimir/.local/lib/python3.10/site-packages/airflow/example_dags/example_python_operator.py
[2023-04-22T22:51:44.848+0300] {logging_mixin.py:137} INFO - [2023-04-22T22:51:44.848+0300] {taskmixin.py:211} WARNING - Dependency <Task(_PythonDecoratedOperator): print_the_context>, log_sql_query already registered for DAG: example_python_operator
[2023-04-22T22:51:44.848+0300] {logging_mixin.py:137} INFO - [2023-04-22T22:51:44.848+0300] {taskmixin.py:211} WARNING - Dependency <Task(_PythonDecoratedOperator): log_sql_query>, print_the_context already registered for DAG: example_python_operator
[2023-04-22T22:51:44.849+0300] {logging_mixin.py:137} INFO - [2023-04-22T22:51:44.849+0300] {taskmixin.py:211} WARNING - Dependency <Task(_PythonDecoratedOperator): print_the_context>, log_sql_query already registered for DAG: example_python_operator
[2023-04-22T22:51:44.849+0300] {logging_mixin.py:137} INFO - [2023-04-22T22:51:44.849+0300] {taskmixin.py:211} WARNING - Dependency <Task(_PythonDecoratedOperator): log_sql_query>, print_the_context already registered for DAG: example_python_operator
[2023-04-22T22:51:44.849+0300] {logging_mixin.py:137} INFO - [2023-04-22T22:51:44.849+0300] {taskmixin.py:211} WARNING - Dependency <Task(_PythonDecoratedOperator): print_the_context>, log_sql_query already registered for DAG: example_python_operator
[2023-04-22T22:51:44.849+0300] {logging_mixin.py:137} INFO - [2023-04-22T22:51:44.849+0300] {taskmixin.py:211} WARNING - Dependency <Task(_PythonDecoratedOperator): log_sql_query>, print_the_context already registered for DAG: example_python_operator
[2023-04-22T22:51:44.850+0300] {logging_mixin.py:137} INFO - [2023-04-22T22:51:44.850+0300] {taskmixin.py:211} WARNING - Dependency <Task(_PythonDecoratedOperator): print_the_context>, log_sql_query already registered for DAG: example_python_operator
[2023-04-22T22:51:44.850+0300] {logging_mixin.py:137} INFO - [2023-04-22T22:51:44.850+0300] {taskmixin.py:211} WARNING - Dependency <Task(_PythonDecoratedOperator): log_sql_query>, print_the_context already registered for DAG: example_python_operator
[2023-04-22T22:51:44.850+0300] {logging_mixin.py:137} INFO - [2023-04-22T22:51:44.850+0300] {example_python_operator.py:90} WARNING - The virtalenv_python example task requires virtualenv, please install it.
[2023-04-22T22:51:44.854+0300] {processor.py:753} INFO - DAG(s) dict_keys(['example_python_operator']) retrieved from /home/vladimir/.local/lib/python3.10/site-packages/airflow/example_dags/example_python_operator.py
[2023-04-22T22:51:44.872+0300] {logging_mixin.py:137} INFO - [2023-04-22T22:51:44.872+0300] {dag.py:2705} INFO - Sync 1 DAGs
[2023-04-22T22:51:44.884+0300] {logging_mixin.py:137} INFO - [2023-04-22T22:51:44.884+0300] {dag.py:3452} INFO - Setting next_dagrun for example_python_operator to None, run_after=None
[2023-04-22T22:51:44.897+0300] {processor.py:175} INFO - Processing /home/vladimir/.local/lib/python3.10/site-packages/airflow/example_dags/example_python_operator.py took 0.068 seconds
[2023-04-22T22:52:23.307+0300] {processor.py:153} INFO - Started process (PID=11643) to work on /home/vladimir/.local/lib/python3.10/site-packages/airflow/example_dags/example_python_operator.py
[2023-04-22T22:52:23.308+0300] {processor.py:743} INFO - Processing file /home/vladimir/.local/lib/python3.10/site-packages/airflow/example_dags/example_python_operator.py for tasks to queue
[2023-04-22T22:52:23.308+0300] {logging_mixin.py:137} INFO - [2023-04-22T22:52:23.308+0300] {dagbag.py:532} INFO - Filling up the DagBag from /home/vladimir/.local/lib/python3.10/site-packages/airflow/example_dags/example_python_operator.py
[2023-04-22T22:52:23.321+0300] {logging_mixin.py:137} INFO - [2023-04-22T22:52:23.321+0300] {taskmixin.py:211} WARNING - Dependency <Task(_PythonDecoratedOperator): print_the_context>, log_sql_query already registered for DAG: example_python_operator
[2023-04-22T22:52:23.321+0300] {logging_mixin.py:137} INFO - [2023-04-22T22:52:23.321+0300] {taskmixin.py:211} WARNING - Dependency <Task(_PythonDecoratedOperator): log_sql_query>, print_the_context already registered for DAG: example_python_operator
[2023-04-22T22:52:23.322+0300] {logging_mixin.py:137} INFO - [2023-04-22T22:52:23.322+0300] {taskmixin.py:211} WARNING - Dependency <Task(_PythonDecoratedOperator): print_the_context>, log_sql_query already registered for DAG: example_python_operator
[2023-04-22T22:52:23.322+0300] {logging_mixin.py:137} INFO - [2023-04-22T22:52:23.322+0300] {taskmixin.py:211} WARNING - Dependency <Task(_PythonDecoratedOperator): log_sql_query>, print_the_context already registered for DAG: example_python_operator
[2023-04-22T22:52:23.322+0300] {logging_mixin.py:137} INFO - [2023-04-22T22:52:23.322+0300] {taskmixin.py:211} WARNING - Dependency <Task(_PythonDecoratedOperator): print_the_context>, log_sql_query already registered for DAG: example_python_operator
[2023-04-22T22:52:23.322+0300] {logging_mixin.py:137} INFO - [2023-04-22T22:52:23.322+0300] {taskmixin.py:211} WARNING - Dependency <Task(_PythonDecoratedOperator): log_sql_query>, print_the_context already registered for DAG: example_python_operator
[2023-04-22T22:52:23.323+0300] {logging_mixin.py:137} INFO - [2023-04-22T22:52:23.323+0300] {taskmixin.py:211} WARNING - Dependency <Task(_PythonDecoratedOperator): print_the_context>, log_sql_query already registered for DAG: example_python_operator
[2023-04-22T22:52:23.323+0300] {logging_mixin.py:137} INFO - [2023-04-22T22:52:23.323+0300] {taskmixin.py:211} WARNING - Dependency <Task(_PythonDecoratedOperator): log_sql_query>, print_the_context already registered for DAG: example_python_operator
[2023-04-22T22:52:23.323+0300] {logging_mixin.py:137} INFO - [2023-04-22T22:52:23.323+0300] {example_python_operator.py:90} WARNING - The virtalenv_python example task requires virtualenv, please install it.
[2023-04-22T22:52:23.326+0300] {processor.py:753} INFO - DAG(s) dict_keys(['example_python_operator']) retrieved from /home/vladimir/.local/lib/python3.10/site-packages/airflow/example_dags/example_python_operator.py
[2023-04-22T22:52:23.339+0300] {logging_mixin.py:137} INFO - [2023-04-22T22:52:23.339+0300] {dag.py:2705} INFO - Sync 1 DAGs
[2023-04-22T22:52:23.352+0300] {logging_mixin.py:137} INFO - [2023-04-22T22:52:23.352+0300] {dag.py:3452} INFO - Setting next_dagrun for example_python_operator to None, run_after=None
[2023-04-22T22:52:23.363+0300] {processor.py:175} INFO - Processing /home/vladimir/.local/lib/python3.10/site-packages/airflow/example_dags/example_python_operator.py took 0.059 seconds
[2023-04-22T22:53:01.146+0300] {processor.py:153} INFO - Started process (PID=11687) to work on /home/vladimir/.local/lib/python3.10/site-packages/airflow/example_dags/example_python_operator.py
[2023-04-22T22:53:01.147+0300] {processor.py:743} INFO - Processing file /home/vladimir/.local/lib/python3.10/site-packages/airflow/example_dags/example_python_operator.py for tasks to queue
[2023-04-22T22:53:01.148+0300] {logging_mixin.py:137} INFO - [2023-04-22T22:53:01.148+0300] {dagbag.py:532} INFO - Filling up the DagBag from /home/vladimir/.local/lib/python3.10/site-packages/airflow/example_dags/example_python_operator.py
[2023-04-22T22:53:01.160+0300] {logging_mixin.py:137} INFO - [2023-04-22T22:53:01.160+0300] {taskmixin.py:211} WARNING - Dependency <Task(_PythonDecoratedOperator): print_the_context>, log_sql_query already registered for DAG: example_python_operator
[2023-04-22T22:53:01.160+0300] {logging_mixin.py:137} INFO - [2023-04-22T22:53:01.160+0300] {taskmixin.py:211} WARNING - Dependency <Task(_PythonDecoratedOperator): log_sql_query>, print_the_context already registered for DAG: example_python_operator
[2023-04-22T22:53:01.161+0300] {logging_mixin.py:137} INFO - [2023-04-22T22:53:01.161+0300] {taskmixin.py:211} WARNING - Dependency <Task(_PythonDecoratedOperator): print_the_context>, log_sql_query already registered for DAG: example_python_operator
[2023-04-22T22:53:01.161+0300] {logging_mixin.py:137} INFO - [2023-04-22T22:53:01.161+0300] {taskmixin.py:211} WARNING - Dependency <Task(_PythonDecoratedOperator): log_sql_query>, print_the_context already registered for DAG: example_python_operator
[2023-04-22T22:53:01.161+0300] {logging_mixin.py:137} INFO - [2023-04-22T22:53:01.161+0300] {taskmixin.py:211} WARNING - Dependency <Task(_PythonDecoratedOperator): print_the_context>, log_sql_query already registered for DAG: example_python_operator
[2023-04-22T22:53:01.161+0300] {logging_mixin.py:137} INFO - [2023-04-22T22:53:01.161+0300] {taskmixin.py:211} WARNING - Dependency <Task(_PythonDecoratedOperator): log_sql_query>, print_the_context already registered for DAG: example_python_operator
[2023-04-22T22:53:01.162+0300] {logging_mixin.py:137} INFO - [2023-04-22T22:53:01.162+0300] {taskmixin.py:211} WARNING - Dependency <Task(_PythonDecoratedOperator): print_the_context>, log_sql_query already registered for DAG: example_python_operator
[2023-04-22T22:53:01.162+0300] {logging_mixin.py:137} INFO - [2023-04-22T22:53:01.162+0300] {taskmixin.py:211} WARNING - Dependency <Task(_PythonDecoratedOperator): log_sql_query>, print_the_context already registered for DAG: example_python_operator
[2023-04-22T22:53:01.162+0300] {logging_mixin.py:137} INFO - [2023-04-22T22:53:01.162+0300] {example_python_operator.py:90} WARNING - The virtalenv_python example task requires virtualenv, please install it.
[2023-04-22T22:53:01.165+0300] {processor.py:753} INFO - DAG(s) dict_keys(['example_python_operator']) retrieved from /home/vladimir/.local/lib/python3.10/site-packages/airflow/example_dags/example_python_operator.py
[2023-04-22T22:53:01.179+0300] {logging_mixin.py:137} INFO - [2023-04-22T22:53:01.178+0300] {dag.py:2705} INFO - Sync 1 DAGs
[2023-04-22T22:53:01.190+0300] {logging_mixin.py:137} INFO - [2023-04-22T22:53:01.190+0300] {dag.py:3452} INFO - Setting next_dagrun for example_python_operator to None, run_after=None
[2023-04-22T22:53:01.203+0300] {processor.py:175} INFO - Processing /home/vladimir/.local/lib/python3.10/site-packages/airflow/example_dags/example_python_operator.py took 0.058 seconds
[2023-04-22T22:53:38.391+0300] {processor.py:153} INFO - Started process (PID=11741) to work on /home/vladimir/.local/lib/python3.10/site-packages/airflow/example_dags/example_python_operator.py
[2023-04-22T22:53:38.392+0300] {processor.py:743} INFO - Processing file /home/vladimir/.local/lib/python3.10/site-packages/airflow/example_dags/example_python_operator.py for tasks to queue
[2023-04-22T22:53:38.392+0300] {logging_mixin.py:137} INFO - [2023-04-22T22:53:38.392+0300] {dagbag.py:532} INFO - Filling up the DagBag from /home/vladimir/.local/lib/python3.10/site-packages/airflow/example_dags/example_python_operator.py
[2023-04-22T22:53:38.407+0300] {logging_mixin.py:137} INFO - [2023-04-22T22:53:38.407+0300] {taskmixin.py:211} WARNING - Dependency <Task(_PythonDecoratedOperator): print_the_context>, log_sql_query already registered for DAG: example_python_operator
[2023-04-22T22:53:38.407+0300] {logging_mixin.py:137} INFO - [2023-04-22T22:53:38.407+0300] {taskmixin.py:211} WARNING - Dependency <Task(_PythonDecoratedOperator): log_sql_query>, print_the_context already registered for DAG: example_python_operator
[2023-04-22T22:53:38.408+0300] {logging_mixin.py:137} INFO - [2023-04-22T22:53:38.408+0300] {taskmixin.py:211} WARNING - Dependency <Task(_PythonDecoratedOperator): print_the_context>, log_sql_query already registered for DAG: example_python_operator
[2023-04-22T22:53:38.408+0300] {logging_mixin.py:137} INFO - [2023-04-22T22:53:38.408+0300] {taskmixin.py:211} WARNING - Dependency <Task(_PythonDecoratedOperator): log_sql_query>, print_the_context already registered for DAG: example_python_operator
[2023-04-22T22:53:38.408+0300] {logging_mixin.py:137} INFO - [2023-04-22T22:53:38.408+0300] {taskmixin.py:211} WARNING - Dependency <Task(_PythonDecoratedOperator): print_the_context>, log_sql_query already registered for DAG: example_python_operator
[2023-04-22T22:53:38.408+0300] {logging_mixin.py:137} INFO - [2023-04-22T22:53:38.408+0300] {taskmixin.py:211} WARNING - Dependency <Task(_PythonDecoratedOperator): log_sql_query>, print_the_context already registered for DAG: example_python_operator
[2023-04-22T22:53:38.409+0300] {logging_mixin.py:137} INFO - [2023-04-22T22:53:38.409+0300] {taskmixin.py:211} WARNING - Dependency <Task(_PythonDecoratedOperator): print_the_context>, log_sql_query already registered for DAG: example_python_operator
[2023-04-22T22:53:38.409+0300] {logging_mixin.py:137} INFO - [2023-04-22T22:53:38.409+0300] {taskmixin.py:211} WARNING - Dependency <Task(_PythonDecoratedOperator): log_sql_query>, print_the_context already registered for DAG: example_python_operator
[2023-04-22T22:53:38.409+0300] {logging_mixin.py:137} INFO - [2023-04-22T22:53:38.409+0300] {example_python_operator.py:90} WARNING - The virtalenv_python example task requires virtualenv, please install it.
[2023-04-22T22:53:38.413+0300] {processor.py:753} INFO - DAG(s) dict_keys(['example_python_operator']) retrieved from /home/vladimir/.local/lib/python3.10/site-packages/airflow/example_dags/example_python_operator.py
[2023-04-22T22:53:38.428+0300] {logging_mixin.py:137} INFO - [2023-04-22T22:53:38.428+0300] {dag.py:2705} INFO - Sync 1 DAGs
[2023-04-22T22:53:38.443+0300] {logging_mixin.py:137} INFO - [2023-04-22T22:53:38.443+0300] {dag.py:3452} INFO - Setting next_dagrun for example_python_operator to None, run_after=None
[2023-04-22T22:53:38.458+0300] {processor.py:175} INFO - Processing /home/vladimir/.local/lib/python3.10/site-packages/airflow/example_dags/example_python_operator.py took 0.073 seconds
[2023-04-22T22:54:19.502+0300] {processor.py:153} INFO - Started process (PID=11803) to work on /home/vladimir/.local/lib/python3.10/site-packages/airflow/example_dags/example_python_operator.py
[2023-04-22T22:54:19.503+0300] {processor.py:743} INFO - Processing file /home/vladimir/.local/lib/python3.10/site-packages/airflow/example_dags/example_python_operator.py for tasks to queue
[2023-04-22T22:54:19.503+0300] {logging_mixin.py:137} INFO - [2023-04-22T22:54:19.503+0300] {dagbag.py:532} INFO - Filling up the DagBag from /home/vladimir/.local/lib/python3.10/site-packages/airflow/example_dags/example_python_operator.py
[2023-04-22T22:54:19.515+0300] {logging_mixin.py:137} INFO - [2023-04-22T22:54:19.515+0300] {taskmixin.py:211} WARNING - Dependency <Task(_PythonDecoratedOperator): print_the_context>, log_sql_query already registered for DAG: example_python_operator
[2023-04-22T22:54:19.515+0300] {logging_mixin.py:137} INFO - [2023-04-22T22:54:19.515+0300] {taskmixin.py:211} WARNING - Dependency <Task(_PythonDecoratedOperator): log_sql_query>, print_the_context already registered for DAG: example_python_operator
[2023-04-22T22:54:19.516+0300] {logging_mixin.py:137} INFO - [2023-04-22T22:54:19.516+0300] {taskmixin.py:211} WARNING - Dependency <Task(_PythonDecoratedOperator): print_the_context>, log_sql_query already registered for DAG: example_python_operator
[2023-04-22T22:54:19.516+0300] {logging_mixin.py:137} INFO - [2023-04-22T22:54:19.516+0300] {taskmixin.py:211} WARNING - Dependency <Task(_PythonDecoratedOperator): log_sql_query>, print_the_context already registered for DAG: example_python_operator
[2023-04-22T22:54:19.516+0300] {logging_mixin.py:137} INFO - [2023-04-22T22:54:19.516+0300] {taskmixin.py:211} WARNING - Dependency <Task(_PythonDecoratedOperator): print_the_context>, log_sql_query already registered for DAG: example_python_operator
[2023-04-22T22:54:19.516+0300] {logging_mixin.py:137} INFO - [2023-04-22T22:54:19.516+0300] {taskmixin.py:211} WARNING - Dependency <Task(_PythonDecoratedOperator): log_sql_query>, print_the_context already registered for DAG: example_python_operator
[2023-04-22T22:54:19.516+0300] {logging_mixin.py:137} INFO - [2023-04-22T22:54:19.516+0300] {taskmixin.py:211} WARNING - Dependency <Task(_PythonDecoratedOperator): print_the_context>, log_sql_query already registered for DAG: example_python_operator
[2023-04-22T22:54:19.517+0300] {logging_mixin.py:137} INFO - [2023-04-22T22:54:19.516+0300] {taskmixin.py:211} WARNING - Dependency <Task(_PythonDecoratedOperator): log_sql_query>, print_the_context already registered for DAG: example_python_operator
[2023-04-22T22:54:19.517+0300] {logging_mixin.py:137} INFO - [2023-04-22T22:54:19.517+0300] {example_python_operator.py:90} WARNING - The virtalenv_python example task requires virtualenv, please install it.
[2023-04-22T22:54:19.520+0300] {processor.py:753} INFO - DAG(s) dict_keys(['example_python_operator']) retrieved from /home/vladimir/.local/lib/python3.10/site-packages/airflow/example_dags/example_python_operator.py
[2023-04-22T22:54:19.533+0300] {logging_mixin.py:137} INFO - [2023-04-22T22:54:19.533+0300] {dag.py:2705} INFO - Sync 1 DAGs
[2023-04-22T22:54:19.545+0300] {logging_mixin.py:137} INFO - [2023-04-22T22:54:19.545+0300] {dag.py:3452} INFO - Setting next_dagrun for example_python_operator to None, run_after=None
[2023-04-22T22:54:19.556+0300] {processor.py:175} INFO - Processing /home/vladimir/.local/lib/python3.10/site-packages/airflow/example_dags/example_python_operator.py took 0.056 seconds
[2023-04-22T22:54:58.420+0300] {processor.py:153} INFO - Started process (PID=11868) to work on /home/vladimir/.local/lib/python3.10/site-packages/airflow/example_dags/example_python_operator.py
[2023-04-22T22:54:58.420+0300] {processor.py:743} INFO - Processing file /home/vladimir/.local/lib/python3.10/site-packages/airflow/example_dags/example_python_operator.py for tasks to queue
[2023-04-22T22:54:58.421+0300] {logging_mixin.py:137} INFO - [2023-04-22T22:54:58.421+0300] {dagbag.py:532} INFO - Filling up the DagBag from /home/vladimir/.local/lib/python3.10/site-packages/airflow/example_dags/example_python_operator.py
[2023-04-22T22:54:58.432+0300] {logging_mixin.py:137} INFO - [2023-04-22T22:54:58.432+0300] {taskmixin.py:211} WARNING - Dependency <Task(_PythonDecoratedOperator): print_the_context>, log_sql_query already registered for DAG: example_python_operator
[2023-04-22T22:54:58.432+0300] {logging_mixin.py:137} INFO - [2023-04-22T22:54:58.432+0300] {taskmixin.py:211} WARNING - Dependency <Task(_PythonDecoratedOperator): log_sql_query>, print_the_context already registered for DAG: example_python_operator
[2023-04-22T22:54:58.433+0300] {logging_mixin.py:137} INFO - [2023-04-22T22:54:58.433+0300] {taskmixin.py:211} WARNING - Dependency <Task(_PythonDecoratedOperator): print_the_context>, log_sql_query already registered for DAG: example_python_operator
[2023-04-22T22:54:58.433+0300] {logging_mixin.py:137} INFO - [2023-04-22T22:54:58.433+0300] {taskmixin.py:211} WARNING - Dependency <Task(_PythonDecoratedOperator): log_sql_query>, print_the_context already registered for DAG: example_python_operator
[2023-04-22T22:54:58.433+0300] {logging_mixin.py:137} INFO - [2023-04-22T22:54:58.433+0300] {taskmixin.py:211} WARNING - Dependency <Task(_PythonDecoratedOperator): print_the_context>, log_sql_query already registered for DAG: example_python_operator
[2023-04-22T22:54:58.433+0300] {logging_mixin.py:137} INFO - [2023-04-22T22:54:58.433+0300] {taskmixin.py:211} WARNING - Dependency <Task(_PythonDecoratedOperator): log_sql_query>, print_the_context already registered for DAG: example_python_operator
[2023-04-22T22:54:58.434+0300] {logging_mixin.py:137} INFO - [2023-04-22T22:54:58.434+0300] {taskmixin.py:211} WARNING - Dependency <Task(_PythonDecoratedOperator): print_the_context>, log_sql_query already registered for DAG: example_python_operator
[2023-04-22T22:54:58.434+0300] {logging_mixin.py:137} INFO - [2023-04-22T22:54:58.434+0300] {taskmixin.py:211} WARNING - Dependency <Task(_PythonDecoratedOperator): log_sql_query>, print_the_context already registered for DAG: example_python_operator
[2023-04-22T22:54:58.434+0300] {logging_mixin.py:137} INFO - [2023-04-22T22:54:58.434+0300] {example_python_operator.py:90} WARNING - The virtalenv_python example task requires virtualenv, please install it.
[2023-04-22T22:54:58.437+0300] {processor.py:753} INFO - DAG(s) dict_keys(['example_python_operator']) retrieved from /home/vladimir/.local/lib/python3.10/site-packages/airflow/example_dags/example_python_operator.py
[2023-04-22T22:54:58.450+0300] {logging_mixin.py:137} INFO - [2023-04-22T22:54:58.450+0300] {dag.py:2705} INFO - Sync 1 DAGs
[2023-04-22T22:54:58.462+0300] {logging_mixin.py:137} INFO - [2023-04-22T22:54:58.462+0300] {dag.py:3452} INFO - Setting next_dagrun for example_python_operator to None, run_after=None
[2023-04-22T22:54:58.474+0300] {processor.py:175} INFO - Processing /home/vladimir/.local/lib/python3.10/site-packages/airflow/example_dags/example_python_operator.py took 0.056 seconds
[2023-04-22T22:55:38.846+0300] {processor.py:153} INFO - Started process (PID=11918) to work on /home/vladimir/.local/lib/python3.10/site-packages/airflow/example_dags/example_python_operator.py
[2023-04-22T22:55:38.846+0300] {processor.py:743} INFO - Processing file /home/vladimir/.local/lib/python3.10/site-packages/airflow/example_dags/example_python_operator.py for tasks to queue
[2023-04-22T22:55:38.847+0300] {logging_mixin.py:137} INFO - [2023-04-22T22:55:38.847+0300] {dagbag.py:532} INFO - Filling up the DagBag from /home/vladimir/.local/lib/python3.10/site-packages/airflow/example_dags/example_python_operator.py
[2023-04-22T22:55:38.859+0300] {logging_mixin.py:137} INFO - [2023-04-22T22:55:38.859+0300] {taskmixin.py:211} WARNING - Dependency <Task(_PythonDecoratedOperator): print_the_context>, log_sql_query already registered for DAG: example_python_operator
[2023-04-22T22:55:38.859+0300] {logging_mixin.py:137} INFO - [2023-04-22T22:55:38.859+0300] {taskmixin.py:211} WARNING - Dependency <Task(_PythonDecoratedOperator): log_sql_query>, print_the_context already registered for DAG: example_python_operator
[2023-04-22T22:55:38.859+0300] {logging_mixin.py:137} INFO - [2023-04-22T22:55:38.859+0300] {taskmixin.py:211} WARNING - Dependency <Task(_PythonDecoratedOperator): print_the_context>, log_sql_query already registered for DAG: example_python_operator
[2023-04-22T22:55:38.860+0300] {logging_mixin.py:137} INFO - [2023-04-22T22:55:38.859+0300] {taskmixin.py:211} WARNING - Dependency <Task(_PythonDecoratedOperator): log_sql_query>, print_the_context already registered for DAG: example_python_operator
[2023-04-22T22:55:38.860+0300] {logging_mixin.py:137} INFO - [2023-04-22T22:55:38.860+0300] {taskmixin.py:211} WARNING - Dependency <Task(_PythonDecoratedOperator): print_the_context>, log_sql_query already registered for DAG: example_python_operator
[2023-04-22T22:55:38.860+0300] {logging_mixin.py:137} INFO - [2023-04-22T22:55:38.860+0300] {taskmixin.py:211} WARNING - Dependency <Task(_PythonDecoratedOperator): log_sql_query>, print_the_context already registered for DAG: example_python_operator
[2023-04-22T22:55:38.860+0300] {logging_mixin.py:137} INFO - [2023-04-22T22:55:38.860+0300] {taskmixin.py:211} WARNING - Dependency <Task(_PythonDecoratedOperator): print_the_context>, log_sql_query already registered for DAG: example_python_operator
[2023-04-22T22:55:38.860+0300] {logging_mixin.py:137} INFO - [2023-04-22T22:55:38.860+0300] {taskmixin.py:211} WARNING - Dependency <Task(_PythonDecoratedOperator): log_sql_query>, print_the_context already registered for DAG: example_python_operator
[2023-04-22T22:55:38.861+0300] {logging_mixin.py:137} INFO - [2023-04-22T22:55:38.861+0300] {example_python_operator.py:90} WARNING - The virtalenv_python example task requires virtualenv, please install it.
[2023-04-22T22:55:38.864+0300] {processor.py:753} INFO - DAG(s) dict_keys(['example_python_operator']) retrieved from /home/vladimir/.local/lib/python3.10/site-packages/airflow/example_dags/example_python_operator.py
[2023-04-22T22:55:38.878+0300] {logging_mixin.py:137} INFO - [2023-04-22T22:55:38.878+0300] {dag.py:2705} INFO - Sync 1 DAGs
[2023-04-22T22:55:38.889+0300] {logging_mixin.py:137} INFO - [2023-04-22T22:55:38.888+0300] {dag.py:3452} INFO - Setting next_dagrun for example_python_operator to None, run_after=None
[2023-04-22T22:55:38.900+0300] {processor.py:175} INFO - Processing /home/vladimir/.local/lib/python3.10/site-packages/airflow/example_dags/example_python_operator.py took 0.057 seconds
[2023-04-22T22:56:24.033+0300] {processor.py:153} INFO - Started process (PID=11997) to work on /home/vladimir/.local/lib/python3.10/site-packages/airflow/example_dags/example_python_operator.py
[2023-04-22T22:56:24.034+0300] {processor.py:743} INFO - Processing file /home/vladimir/.local/lib/python3.10/site-packages/airflow/example_dags/example_python_operator.py for tasks to queue
[2023-04-22T22:56:24.034+0300] {logging_mixin.py:137} INFO - [2023-04-22T22:56:24.034+0300] {dagbag.py:532} INFO - Filling up the DagBag from /home/vladimir/.local/lib/python3.10/site-packages/airflow/example_dags/example_python_operator.py
[2023-04-22T22:56:24.048+0300] {logging_mixin.py:137} INFO - [2023-04-22T22:56:24.047+0300] {taskmixin.py:211} WARNING - Dependency <Task(_PythonDecoratedOperator): print_the_context>, log_sql_query already registered for DAG: example_python_operator
[2023-04-22T22:56:24.048+0300] {logging_mixin.py:137} INFO - [2023-04-22T22:56:24.048+0300] {taskmixin.py:211} WARNING - Dependency <Task(_PythonDecoratedOperator): log_sql_query>, print_the_context already registered for DAG: example_python_operator
[2023-04-22T22:56:24.048+0300] {logging_mixin.py:137} INFO - [2023-04-22T22:56:24.048+0300] {taskmixin.py:211} WARNING - Dependency <Task(_PythonDecoratedOperator): print_the_context>, log_sql_query already registered for DAG: example_python_operator
[2023-04-22T22:56:24.048+0300] {logging_mixin.py:137} INFO - [2023-04-22T22:56:24.048+0300] {taskmixin.py:211} WARNING - Dependency <Task(_PythonDecoratedOperator): log_sql_query>, print_the_context already registered for DAG: example_python_operator
[2023-04-22T22:56:24.049+0300] {logging_mixin.py:137} INFO - [2023-04-22T22:56:24.048+0300] {taskmixin.py:211} WARNING - Dependency <Task(_PythonDecoratedOperator): print_the_context>, log_sql_query already registered for DAG: example_python_operator
[2023-04-22T22:56:24.049+0300] {logging_mixin.py:137} INFO - [2023-04-22T22:56:24.049+0300] {taskmixin.py:211} WARNING - Dependency <Task(_PythonDecoratedOperator): log_sql_query>, print_the_context already registered for DAG: example_python_operator
[2023-04-22T22:56:24.049+0300] {logging_mixin.py:137} INFO - [2023-04-22T22:56:24.049+0300] {taskmixin.py:211} WARNING - Dependency <Task(_PythonDecoratedOperator): print_the_context>, log_sql_query already registered for DAG: example_python_operator
[2023-04-22T22:56:24.049+0300] {logging_mixin.py:137} INFO - [2023-04-22T22:56:24.049+0300] {taskmixin.py:211} WARNING - Dependency <Task(_PythonDecoratedOperator): log_sql_query>, print_the_context already registered for DAG: example_python_operator
[2023-04-22T22:56:24.049+0300] {logging_mixin.py:137} INFO - [2023-04-22T22:56:24.049+0300] {example_python_operator.py:90} WARNING - The virtalenv_python example task requires virtualenv, please install it.
[2023-04-22T22:56:24.052+0300] {processor.py:753} INFO - DAG(s) dict_keys(['example_python_operator']) retrieved from /home/vladimir/.local/lib/python3.10/site-packages/airflow/example_dags/example_python_operator.py
[2023-04-22T22:56:24.067+0300] {logging_mixin.py:137} INFO - [2023-04-22T22:56:24.067+0300] {dag.py:2705} INFO - Sync 1 DAGs
[2023-04-22T22:56:24.079+0300] {logging_mixin.py:137} INFO - [2023-04-22T22:56:24.079+0300] {dag.py:3452} INFO - Setting next_dagrun for example_python_operator to None, run_after=None
[2023-04-22T22:56:24.091+0300] {processor.py:175} INFO - Processing /home/vladimir/.local/lib/python3.10/site-packages/airflow/example_dags/example_python_operator.py took 0.061 seconds
[2023-04-23T01:29:01.726+0300] {processor.py:153} INFO - Started process (PID=4392) to work on /home/vladimir/.local/lib/python3.10/site-packages/airflow/example_dags/example_python_operator.py
[2023-04-23T01:29:01.747+0300] {processor.py:743} INFO - Processing file /home/vladimir/.local/lib/python3.10/site-packages/airflow/example_dags/example_python_operator.py for tasks to queue
[2023-04-23T01:29:01.748+0300] {logging_mixin.py:137} INFO - [2023-04-23T01:29:01.747+0300] {dagbag.py:532} INFO - Filling up the DagBag from /home/vladimir/.local/lib/python3.10/site-packages/airflow/example_dags/example_python_operator.py
[2023-04-23T01:29:01.762+0300] {logging_mixin.py:137} INFO - [2023-04-23T01:29:01.762+0300] {taskmixin.py:211} WARNING - Dependency <Task(_PythonDecoratedOperator): print_the_context>, log_sql_query already registered for DAG: example_python_operator
[2023-04-23T01:29:01.762+0300] {logging_mixin.py:137} INFO - [2023-04-23T01:29:01.762+0300] {taskmixin.py:211} WARNING - Dependency <Task(_PythonDecoratedOperator): log_sql_query>, print_the_context already registered for DAG: example_python_operator
[2023-04-23T01:29:01.762+0300] {logging_mixin.py:137} INFO - [2023-04-23T01:29:01.762+0300] {taskmixin.py:211} WARNING - Dependency <Task(_PythonDecoratedOperator): print_the_context>, log_sql_query already registered for DAG: example_python_operator
[2023-04-23T01:29:01.762+0300] {logging_mixin.py:137} INFO - [2023-04-23T01:29:01.762+0300] {taskmixin.py:211} WARNING - Dependency <Task(_PythonDecoratedOperator): log_sql_query>, print_the_context already registered for DAG: example_python_operator
[2023-04-23T01:29:01.763+0300] {logging_mixin.py:137} INFO - [2023-04-23T01:29:01.763+0300] {taskmixin.py:211} WARNING - Dependency <Task(_PythonDecoratedOperator): print_the_context>, log_sql_query already registered for DAG: example_python_operator
[2023-04-23T01:29:01.763+0300] {logging_mixin.py:137} INFO - [2023-04-23T01:29:01.763+0300] {taskmixin.py:211} WARNING - Dependency <Task(_PythonDecoratedOperator): log_sql_query>, print_the_context already registered for DAG: example_python_operator
[2023-04-23T01:29:01.763+0300] {logging_mixin.py:137} INFO - [2023-04-23T01:29:01.763+0300] {taskmixin.py:211} WARNING - Dependency <Task(_PythonDecoratedOperator): print_the_context>, log_sql_query already registered for DAG: example_python_operator
[2023-04-23T01:29:01.763+0300] {logging_mixin.py:137} INFO - [2023-04-23T01:29:01.763+0300] {taskmixin.py:211} WARNING - Dependency <Task(_PythonDecoratedOperator): log_sql_query>, print_the_context already registered for DAG: example_python_operator
[2023-04-23T01:29:01.763+0300] {logging_mixin.py:137} INFO - [2023-04-23T01:29:01.763+0300] {example_python_operator.py:90} WARNING - The virtalenv_python example task requires virtualenv, please install it.
[2023-04-23T01:29:01.766+0300] {processor.py:753} INFO - DAG(s) dict_keys(['example_python_operator']) retrieved from /home/vladimir/.local/lib/python3.10/site-packages/airflow/example_dags/example_python_operator.py
[2023-04-23T01:29:01.781+0300] {logging_mixin.py:137} INFO - [2023-04-23T01:29:01.781+0300] {dag.py:2705} INFO - Sync 1 DAGs
[2023-04-23T01:29:01.794+0300] {logging_mixin.py:137} INFO - [2023-04-23T01:29:01.794+0300] {dag.py:3452} INFO - Setting next_dagrun for example_python_operator to None, run_after=None
[2023-04-23T01:29:01.810+0300] {processor.py:175} INFO - Processing /home/vladimir/.local/lib/python3.10/site-packages/airflow/example_dags/example_python_operator.py took 0.086 seconds
[2023-04-23T01:29:42.407+0300] {processor.py:153} INFO - Started process (PID=4456) to work on /home/vladimir/.local/lib/python3.10/site-packages/airflow/example_dags/example_python_operator.py
[2023-04-23T01:29:42.409+0300] {processor.py:743} INFO - Processing file /home/vladimir/.local/lib/python3.10/site-packages/airflow/example_dags/example_python_operator.py for tasks to queue
[2023-04-23T01:29:42.409+0300] {logging_mixin.py:137} INFO - [2023-04-23T01:29:42.409+0300] {dagbag.py:532} INFO - Filling up the DagBag from /home/vladimir/.local/lib/python3.10/site-packages/airflow/example_dags/example_python_operator.py
[2023-04-23T01:29:42.423+0300] {logging_mixin.py:137} INFO - [2023-04-23T01:29:42.423+0300] {taskmixin.py:211} WARNING - Dependency <Task(_PythonDecoratedOperator): print_the_context>, log_sql_query already registered for DAG: example_python_operator
[2023-04-23T01:29:42.423+0300] {logging_mixin.py:137} INFO - [2023-04-23T01:29:42.423+0300] {taskmixin.py:211} WARNING - Dependency <Task(_PythonDecoratedOperator): log_sql_query>, print_the_context already registered for DAG: example_python_operator
[2023-04-23T01:29:42.424+0300] {logging_mixin.py:137} INFO - [2023-04-23T01:29:42.424+0300] {taskmixin.py:211} WARNING - Dependency <Task(_PythonDecoratedOperator): print_the_context>, log_sql_query already registered for DAG: example_python_operator
[2023-04-23T01:29:42.424+0300] {logging_mixin.py:137} INFO - [2023-04-23T01:29:42.424+0300] {taskmixin.py:211} WARNING - Dependency <Task(_PythonDecoratedOperator): log_sql_query>, print_the_context already registered for DAG: example_python_operator
[2023-04-23T01:29:42.424+0300] {logging_mixin.py:137} INFO - [2023-04-23T01:29:42.424+0300] {taskmixin.py:211} WARNING - Dependency <Task(_PythonDecoratedOperator): print_the_context>, log_sql_query already registered for DAG: example_python_operator
[2023-04-23T01:29:42.424+0300] {logging_mixin.py:137} INFO - [2023-04-23T01:29:42.424+0300] {taskmixin.py:211} WARNING - Dependency <Task(_PythonDecoratedOperator): log_sql_query>, print_the_context already registered for DAG: example_python_operator
[2023-04-23T01:29:42.425+0300] {logging_mixin.py:137} INFO - [2023-04-23T01:29:42.425+0300] {taskmixin.py:211} WARNING - Dependency <Task(_PythonDecoratedOperator): print_the_context>, log_sql_query already registered for DAG: example_python_operator
[2023-04-23T01:29:42.425+0300] {logging_mixin.py:137} INFO - [2023-04-23T01:29:42.425+0300] {taskmixin.py:211} WARNING - Dependency <Task(_PythonDecoratedOperator): log_sql_query>, print_the_context already registered for DAG: example_python_operator
[2023-04-23T01:29:42.425+0300] {logging_mixin.py:137} INFO - [2023-04-23T01:29:42.425+0300] {example_python_operator.py:90} WARNING - The virtalenv_python example task requires virtualenv, please install it.
[2023-04-23T01:29:42.428+0300] {processor.py:753} INFO - DAG(s) dict_keys(['example_python_operator']) retrieved from /home/vladimir/.local/lib/python3.10/site-packages/airflow/example_dags/example_python_operator.py
[2023-04-23T01:29:42.443+0300] {logging_mixin.py:137} INFO - [2023-04-23T01:29:42.443+0300] {dag.py:2705} INFO - Sync 1 DAGs
[2023-04-23T01:29:42.456+0300] {logging_mixin.py:137} INFO - [2023-04-23T01:29:42.456+0300] {dag.py:3452} INFO - Setting next_dagrun for example_python_operator to None, run_after=None
[2023-04-23T01:29:42.469+0300] {processor.py:175} INFO - Processing /home/vladimir/.local/lib/python3.10/site-packages/airflow/example_dags/example_python_operator.py took 0.064 seconds
[2023-04-23T01:30:23.776+0300] {processor.py:153} INFO - Started process (PID=4541) to work on /home/vladimir/.local/lib/python3.10/site-packages/airflow/example_dags/example_python_operator.py
[2023-04-23T01:30:23.777+0300] {processor.py:743} INFO - Processing file /home/vladimir/.local/lib/python3.10/site-packages/airflow/example_dags/example_python_operator.py for tasks to queue
[2023-04-23T01:30:23.777+0300] {logging_mixin.py:137} INFO - [2023-04-23T01:30:23.777+0300] {dagbag.py:532} INFO - Filling up the DagBag from /home/vladimir/.local/lib/python3.10/site-packages/airflow/example_dags/example_python_operator.py
[2023-04-23T01:30:23.789+0300] {logging_mixin.py:137} INFO - [2023-04-23T01:30:23.789+0300] {taskmixin.py:211} WARNING - Dependency <Task(_PythonDecoratedOperator): print_the_context>, log_sql_query already registered for DAG: example_python_operator
[2023-04-23T01:30:23.789+0300] {logging_mixin.py:137} INFO - [2023-04-23T01:30:23.789+0300] {taskmixin.py:211} WARNING - Dependency <Task(_PythonDecoratedOperator): log_sql_query>, print_the_context already registered for DAG: example_python_operator
[2023-04-23T01:30:23.790+0300] {logging_mixin.py:137} INFO - [2023-04-23T01:30:23.790+0300] {taskmixin.py:211} WARNING - Dependency <Task(_PythonDecoratedOperator): print_the_context>, log_sql_query already registered for DAG: example_python_operator
[2023-04-23T01:30:23.790+0300] {logging_mixin.py:137} INFO - [2023-04-23T01:30:23.790+0300] {taskmixin.py:211} WARNING - Dependency <Task(_PythonDecoratedOperator): log_sql_query>, print_the_context already registered for DAG: example_python_operator
[2023-04-23T01:30:23.791+0300] {logging_mixin.py:137} INFO - [2023-04-23T01:30:23.791+0300] {taskmixin.py:211} WARNING - Dependency <Task(_PythonDecoratedOperator): print_the_context>, log_sql_query already registered for DAG: example_python_operator
[2023-04-23T01:30:23.791+0300] {logging_mixin.py:137} INFO - [2023-04-23T01:30:23.791+0300] {taskmixin.py:211} WARNING - Dependency <Task(_PythonDecoratedOperator): log_sql_query>, print_the_context already registered for DAG: example_python_operator
[2023-04-23T01:30:23.791+0300] {logging_mixin.py:137} INFO - [2023-04-23T01:30:23.791+0300] {taskmixin.py:211} WARNING - Dependency <Task(_PythonDecoratedOperator): print_the_context>, log_sql_query already registered for DAG: example_python_operator
[2023-04-23T01:30:23.791+0300] {logging_mixin.py:137} INFO - [2023-04-23T01:30:23.791+0300] {taskmixin.py:211} WARNING - Dependency <Task(_PythonDecoratedOperator): log_sql_query>, print_the_context already registered for DAG: example_python_operator
[2023-04-23T01:30:23.791+0300] {logging_mixin.py:137} INFO - [2023-04-23T01:30:23.791+0300] {example_python_operator.py:90} WARNING - The virtalenv_python example task requires virtualenv, please install it.
[2023-04-23T01:30:23.794+0300] {processor.py:753} INFO - DAG(s) dict_keys(['example_python_operator']) retrieved from /home/vladimir/.local/lib/python3.10/site-packages/airflow/example_dags/example_python_operator.py
[2023-04-23T01:30:23.809+0300] {logging_mixin.py:137} INFO - [2023-04-23T01:30:23.809+0300] {dag.py:2705} INFO - Sync 1 DAGs
[2023-04-23T01:30:23.821+0300] {logging_mixin.py:137} INFO - [2023-04-23T01:30:23.821+0300] {dag.py:3452} INFO - Setting next_dagrun for example_python_operator to None, run_after=None
[2023-04-23T01:30:23.833+0300] {processor.py:175} INFO - Processing /home/vladimir/.local/lib/python3.10/site-packages/airflow/example_dags/example_python_operator.py took 0.060 seconds
[2023-04-23T01:31:05.373+0300] {processor.py:153} INFO - Started process (PID=4594) to work on /home/vladimir/.local/lib/python3.10/site-packages/airflow/example_dags/example_python_operator.py
[2023-04-23T01:31:05.374+0300] {processor.py:743} INFO - Processing file /home/vladimir/.local/lib/python3.10/site-packages/airflow/example_dags/example_python_operator.py for tasks to queue
[2023-04-23T01:31:05.375+0300] {logging_mixin.py:137} INFO - [2023-04-23T01:31:05.374+0300] {dagbag.py:532} INFO - Filling up the DagBag from /home/vladimir/.local/lib/python3.10/site-packages/airflow/example_dags/example_python_operator.py
[2023-04-23T01:31:05.387+0300] {logging_mixin.py:137} INFO - [2023-04-23T01:31:05.387+0300] {taskmixin.py:211} WARNING - Dependency <Task(_PythonDecoratedOperator): print_the_context>, log_sql_query already registered for DAG: example_python_operator
[2023-04-23T01:31:05.388+0300] {logging_mixin.py:137} INFO - [2023-04-23T01:31:05.388+0300] {taskmixin.py:211} WARNING - Dependency <Task(_PythonDecoratedOperator): log_sql_query>, print_the_context already registered for DAG: example_python_operator
[2023-04-23T01:31:05.388+0300] {logging_mixin.py:137} INFO - [2023-04-23T01:31:05.388+0300] {taskmixin.py:211} WARNING - Dependency <Task(_PythonDecoratedOperator): print_the_context>, log_sql_query already registered for DAG: example_python_operator
[2023-04-23T01:31:05.388+0300] {logging_mixin.py:137} INFO - [2023-04-23T01:31:05.388+0300] {taskmixin.py:211} WARNING - Dependency <Task(_PythonDecoratedOperator): log_sql_query>, print_the_context already registered for DAG: example_python_operator
[2023-04-23T01:31:05.388+0300] {logging_mixin.py:137} INFO - [2023-04-23T01:31:05.388+0300] {taskmixin.py:211} WARNING - Dependency <Task(_PythonDecoratedOperator): print_the_context>, log_sql_query already registered for DAG: example_python_operator
[2023-04-23T01:31:05.389+0300] {logging_mixin.py:137} INFO - [2023-04-23T01:31:05.388+0300] {taskmixin.py:211} WARNING - Dependency <Task(_PythonDecoratedOperator): log_sql_query>, print_the_context already registered for DAG: example_python_operator
[2023-04-23T01:31:05.389+0300] {logging_mixin.py:137} INFO - [2023-04-23T01:31:05.389+0300] {taskmixin.py:211} WARNING - Dependency <Task(_PythonDecoratedOperator): print_the_context>, log_sql_query already registered for DAG: example_python_operator
[2023-04-23T01:31:05.389+0300] {logging_mixin.py:137} INFO - [2023-04-23T01:31:05.389+0300] {taskmixin.py:211} WARNING - Dependency <Task(_PythonDecoratedOperator): log_sql_query>, print_the_context already registered for DAG: example_python_operator
[2023-04-23T01:31:05.389+0300] {logging_mixin.py:137} INFO - [2023-04-23T01:31:05.389+0300] {example_python_operator.py:90} WARNING - The virtalenv_python example task requires virtualenv, please install it.
[2023-04-23T01:31:05.393+0300] {processor.py:753} INFO - DAG(s) dict_keys(['example_python_operator']) retrieved from /home/vladimir/.local/lib/python3.10/site-packages/airflow/example_dags/example_python_operator.py
[2023-04-23T01:31:05.406+0300] {logging_mixin.py:137} INFO - [2023-04-23T01:31:05.406+0300] {dag.py:2705} INFO - Sync 1 DAGs
[2023-04-23T01:31:05.417+0300] {logging_mixin.py:137} INFO - [2023-04-23T01:31:05.417+0300] {dag.py:3452} INFO - Setting next_dagrun for example_python_operator to None, run_after=None
[2023-04-23T01:31:05.430+0300] {processor.py:175} INFO - Processing /home/vladimir/.local/lib/python3.10/site-packages/airflow/example_dags/example_python_operator.py took 0.058 seconds
[2023-04-23T01:31:45.807+0300] {processor.py:153} INFO - Started process (PID=4656) to work on /home/vladimir/.local/lib/python3.10/site-packages/airflow/example_dags/example_python_operator.py
[2023-04-23T01:31:45.808+0300] {processor.py:743} INFO - Processing file /home/vladimir/.local/lib/python3.10/site-packages/airflow/example_dags/example_python_operator.py for tasks to queue
[2023-04-23T01:31:45.808+0300] {logging_mixin.py:137} INFO - [2023-04-23T01:31:45.808+0300] {dagbag.py:532} INFO - Filling up the DagBag from /home/vladimir/.local/lib/python3.10/site-packages/airflow/example_dags/example_python_operator.py
[2023-04-23T01:31:45.822+0300] {logging_mixin.py:137} INFO - [2023-04-23T01:31:45.822+0300] {taskmixin.py:211} WARNING - Dependency <Task(_PythonDecoratedOperator): print_the_context>, log_sql_query already registered for DAG: example_python_operator
[2023-04-23T01:31:45.822+0300] {logging_mixin.py:137} INFO - [2023-04-23T01:31:45.822+0300] {taskmixin.py:211} WARNING - Dependency <Task(_PythonDecoratedOperator): log_sql_query>, print_the_context already registered for DAG: example_python_operator
[2023-04-23T01:31:45.823+0300] {logging_mixin.py:137} INFO - [2023-04-23T01:31:45.823+0300] {taskmixin.py:211} WARNING - Dependency <Task(_PythonDecoratedOperator): print_the_context>, log_sql_query already registered for DAG: example_python_operator
[2023-04-23T01:31:45.823+0300] {logging_mixin.py:137} INFO - [2023-04-23T01:31:45.823+0300] {taskmixin.py:211} WARNING - Dependency <Task(_PythonDecoratedOperator): log_sql_query>, print_the_context already registered for DAG: example_python_operator
[2023-04-23T01:31:45.823+0300] {logging_mixin.py:137} INFO - [2023-04-23T01:31:45.823+0300] {taskmixin.py:211} WARNING - Dependency <Task(_PythonDecoratedOperator): print_the_context>, log_sql_query already registered for DAG: example_python_operator
[2023-04-23T01:31:45.823+0300] {logging_mixin.py:137} INFO - [2023-04-23T01:31:45.823+0300] {taskmixin.py:211} WARNING - Dependency <Task(_PythonDecoratedOperator): log_sql_query>, print_the_context already registered for DAG: example_python_operator
[2023-04-23T01:31:45.824+0300] {logging_mixin.py:137} INFO - [2023-04-23T01:31:45.824+0300] {taskmixin.py:211} WARNING - Dependency <Task(_PythonDecoratedOperator): print_the_context>, log_sql_query already registered for DAG: example_python_operator
[2023-04-23T01:31:45.824+0300] {logging_mixin.py:137} INFO - [2023-04-23T01:31:45.824+0300] {taskmixin.py:211} WARNING - Dependency <Task(_PythonDecoratedOperator): log_sql_query>, print_the_context already registered for DAG: example_python_operator
[2023-04-23T01:31:45.824+0300] {logging_mixin.py:137} INFO - [2023-04-23T01:31:45.824+0300] {example_python_operator.py:90} WARNING - The virtalenv_python example task requires virtualenv, please install it.
[2023-04-23T01:31:45.827+0300] {processor.py:753} INFO - DAG(s) dict_keys(['example_python_operator']) retrieved from /home/vladimir/.local/lib/python3.10/site-packages/airflow/example_dags/example_python_operator.py
[2023-04-23T01:31:45.841+0300] {logging_mixin.py:137} INFO - [2023-04-23T01:31:45.841+0300] {dag.py:2705} INFO - Sync 1 DAGs
[2023-04-23T01:31:45.853+0300] {logging_mixin.py:137} INFO - [2023-04-23T01:31:45.853+0300] {dag.py:3452} INFO - Setting next_dagrun for example_python_operator to None, run_after=None
[2023-04-23T01:31:45.867+0300] {processor.py:175} INFO - Processing /home/vladimir/.local/lib/python3.10/site-packages/airflow/example_dags/example_python_operator.py took 0.062 seconds
[2023-04-23T01:32:28.480+0300] {processor.py:153} INFO - Started process (PID=4709) to work on /home/vladimir/.local/lib/python3.10/site-packages/airflow/example_dags/example_python_operator.py
[2023-04-23T01:32:28.481+0300] {processor.py:743} INFO - Processing file /home/vladimir/.local/lib/python3.10/site-packages/airflow/example_dags/example_python_operator.py for tasks to queue
[2023-04-23T01:32:28.481+0300] {logging_mixin.py:137} INFO - [2023-04-23T01:32:28.481+0300] {dagbag.py:532} INFO - Filling up the DagBag from /home/vladimir/.local/lib/python3.10/site-packages/airflow/example_dags/example_python_operator.py
[2023-04-23T01:32:28.495+0300] {logging_mixin.py:137} INFO - [2023-04-23T01:32:28.494+0300] {taskmixin.py:211} WARNING - Dependency <Task(_PythonDecoratedOperator): print_the_context>, log_sql_query already registered for DAG: example_python_operator
[2023-04-23T01:32:28.495+0300] {logging_mixin.py:137} INFO - [2023-04-23T01:32:28.495+0300] {taskmixin.py:211} WARNING - Dependency <Task(_PythonDecoratedOperator): log_sql_query>, print_the_context already registered for DAG: example_python_operator
[2023-04-23T01:32:28.495+0300] {logging_mixin.py:137} INFO - [2023-04-23T01:32:28.495+0300] {taskmixin.py:211} WARNING - Dependency <Task(_PythonDecoratedOperator): print_the_context>, log_sql_query already registered for DAG: example_python_operator
[2023-04-23T01:32:28.495+0300] {logging_mixin.py:137} INFO - [2023-04-23T01:32:28.495+0300] {taskmixin.py:211} WARNING - Dependency <Task(_PythonDecoratedOperator): log_sql_query>, print_the_context already registered for DAG: example_python_operator
[2023-04-23T01:32:28.495+0300] {logging_mixin.py:137} INFO - [2023-04-23T01:32:28.495+0300] {taskmixin.py:211} WARNING - Dependency <Task(_PythonDecoratedOperator): print_the_context>, log_sql_query already registered for DAG: example_python_operator
[2023-04-23T01:32:28.496+0300] {logging_mixin.py:137} INFO - [2023-04-23T01:32:28.495+0300] {taskmixin.py:211} WARNING - Dependency <Task(_PythonDecoratedOperator): log_sql_query>, print_the_context already registered for DAG: example_python_operator
[2023-04-23T01:32:28.496+0300] {logging_mixin.py:137} INFO - [2023-04-23T01:32:28.496+0300] {taskmixin.py:211} WARNING - Dependency <Task(_PythonDecoratedOperator): print_the_context>, log_sql_query already registered for DAG: example_python_operator
[2023-04-23T01:32:28.496+0300] {logging_mixin.py:137} INFO - [2023-04-23T01:32:28.496+0300] {taskmixin.py:211} WARNING - Dependency <Task(_PythonDecoratedOperator): log_sql_query>, print_the_context already registered for DAG: example_python_operator
[2023-04-23T01:32:28.496+0300] {logging_mixin.py:137} INFO - [2023-04-23T01:32:28.496+0300] {example_python_operator.py:90} WARNING - The virtalenv_python example task requires virtualenv, please install it.
[2023-04-23T01:32:28.500+0300] {processor.py:753} INFO - DAG(s) dict_keys(['example_python_operator']) retrieved from /home/vladimir/.local/lib/python3.10/site-packages/airflow/example_dags/example_python_operator.py
[2023-04-23T01:32:28.514+0300] {logging_mixin.py:137} INFO - [2023-04-23T01:32:28.514+0300] {dag.py:2705} INFO - Sync 1 DAGs
[2023-04-23T01:32:28.528+0300] {logging_mixin.py:137} INFO - [2023-04-23T01:32:28.527+0300] {dag.py:3452} INFO - Setting next_dagrun for example_python_operator to None, run_after=None
[2023-04-23T01:32:28.540+0300] {processor.py:175} INFO - Processing /home/vladimir/.local/lib/python3.10/site-packages/airflow/example_dags/example_python_operator.py took 0.063 seconds
[2023-04-23T01:33:15.949+0300] {processor.py:153} INFO - Started process (PID=4778) to work on /home/vladimir/.local/lib/python3.10/site-packages/airflow/example_dags/example_python_operator.py
[2023-04-23T01:33:15.950+0300] {processor.py:743} INFO - Processing file /home/vladimir/.local/lib/python3.10/site-packages/airflow/example_dags/example_python_operator.py for tasks to queue
[2023-04-23T01:33:15.950+0300] {logging_mixin.py:137} INFO - [2023-04-23T01:33:15.950+0300] {dagbag.py:532} INFO - Filling up the DagBag from /home/vladimir/.local/lib/python3.10/site-packages/airflow/example_dags/example_python_operator.py
[2023-04-23T01:33:15.965+0300] {logging_mixin.py:137} INFO - [2023-04-23T01:33:15.965+0300] {taskmixin.py:211} WARNING - Dependency <Task(_PythonDecoratedOperator): print_the_context>, log_sql_query already registered for DAG: example_python_operator
[2023-04-23T01:33:15.965+0300] {logging_mixin.py:137} INFO - [2023-04-23T01:33:15.965+0300] {taskmixin.py:211} WARNING - Dependency <Task(_PythonDecoratedOperator): log_sql_query>, print_the_context already registered for DAG: example_python_operator
[2023-04-23T01:33:15.965+0300] {logging_mixin.py:137} INFO - [2023-04-23T01:33:15.965+0300] {taskmixin.py:211} WARNING - Dependency <Task(_PythonDecoratedOperator): print_the_context>, log_sql_query already registered for DAG: example_python_operator
[2023-04-23T01:33:15.965+0300] {logging_mixin.py:137} INFO - [2023-04-23T01:33:15.965+0300] {taskmixin.py:211} WARNING - Dependency <Task(_PythonDecoratedOperator): log_sql_query>, print_the_context already registered for DAG: example_python_operator
[2023-04-23T01:33:15.966+0300] {logging_mixin.py:137} INFO - [2023-04-23T01:33:15.966+0300] {taskmixin.py:211} WARNING - Dependency <Task(_PythonDecoratedOperator): print_the_context>, log_sql_query already registered for DAG: example_python_operator
[2023-04-23T01:33:15.966+0300] {logging_mixin.py:137} INFO - [2023-04-23T01:33:15.966+0300] {taskmixin.py:211} WARNING - Dependency <Task(_PythonDecoratedOperator): log_sql_query>, print_the_context already registered for DAG: example_python_operator
[2023-04-23T01:33:15.966+0300] {logging_mixin.py:137} INFO - [2023-04-23T01:33:15.966+0300] {taskmixin.py:211} WARNING - Dependency <Task(_PythonDecoratedOperator): print_the_context>, log_sql_query already registered for DAG: example_python_operator
[2023-04-23T01:33:15.966+0300] {logging_mixin.py:137} INFO - [2023-04-23T01:33:15.966+0300] {taskmixin.py:211} WARNING - Dependency <Task(_PythonDecoratedOperator): log_sql_query>, print_the_context already registered for DAG: example_python_operator
[2023-04-23T01:33:15.966+0300] {logging_mixin.py:137} INFO - [2023-04-23T01:33:15.966+0300] {example_python_operator.py:90} WARNING - The virtalenv_python example task requires virtualenv, please install it.
[2023-04-23T01:33:15.970+0300] {processor.py:753} INFO - DAG(s) dict_keys(['example_python_operator']) retrieved from /home/vladimir/.local/lib/python3.10/site-packages/airflow/example_dags/example_python_operator.py
[2023-04-23T01:33:15.984+0300] {logging_mixin.py:137} INFO - [2023-04-23T01:33:15.984+0300] {dag.py:2705} INFO - Sync 1 DAGs
[2023-04-23T01:33:15.997+0300] {logging_mixin.py:137} INFO - [2023-04-23T01:33:15.997+0300] {dag.py:3452} INFO - Setting next_dagrun for example_python_operator to None, run_after=None
[2023-04-23T01:33:16.010+0300] {processor.py:175} INFO - Processing /home/vladimir/.local/lib/python3.10/site-packages/airflow/example_dags/example_python_operator.py took 0.063 seconds
[2023-04-23T01:33:57.054+0300] {processor.py:153} INFO - Started process (PID=4854) to work on /home/vladimir/.local/lib/python3.10/site-packages/airflow/example_dags/example_python_operator.py
[2023-04-23T01:33:57.055+0300] {processor.py:743} INFO - Processing file /home/vladimir/.local/lib/python3.10/site-packages/airflow/example_dags/example_python_operator.py for tasks to queue
[2023-04-23T01:33:57.055+0300] {logging_mixin.py:137} INFO - [2023-04-23T01:33:57.055+0300] {dagbag.py:532} INFO - Filling up the DagBag from /home/vladimir/.local/lib/python3.10/site-packages/airflow/example_dags/example_python_operator.py
[2023-04-23T01:33:57.068+0300] {logging_mixin.py:137} INFO - [2023-04-23T01:33:57.068+0300] {taskmixin.py:211} WARNING - Dependency <Task(_PythonDecoratedOperator): print_the_context>, log_sql_query already registered for DAG: example_python_operator
[2023-04-23T01:33:57.068+0300] {logging_mixin.py:137} INFO - [2023-04-23T01:33:57.068+0300] {taskmixin.py:211} WARNING - Dependency <Task(_PythonDecoratedOperator): log_sql_query>, print_the_context already registered for DAG: example_python_operator
[2023-04-23T01:33:57.068+0300] {logging_mixin.py:137} INFO - [2023-04-23T01:33:57.068+0300] {taskmixin.py:211} WARNING - Dependency <Task(_PythonDecoratedOperator): print_the_context>, log_sql_query already registered for DAG: example_python_operator
[2023-04-23T01:33:57.068+0300] {logging_mixin.py:137} INFO - [2023-04-23T01:33:57.068+0300] {taskmixin.py:211} WARNING - Dependency <Task(_PythonDecoratedOperator): log_sql_query>, print_the_context already registered for DAG: example_python_operator
[2023-04-23T01:33:57.069+0300] {logging_mixin.py:137} INFO - [2023-04-23T01:33:57.069+0300] {taskmixin.py:211} WARNING - Dependency <Task(_PythonDecoratedOperator): print_the_context>, log_sql_query already registered for DAG: example_python_operator
[2023-04-23T01:33:57.069+0300] {logging_mixin.py:137} INFO - [2023-04-23T01:33:57.069+0300] {taskmixin.py:211} WARNING - Dependency <Task(_PythonDecoratedOperator): log_sql_query>, print_the_context already registered for DAG: example_python_operator
[2023-04-23T01:33:57.069+0300] {logging_mixin.py:137} INFO - [2023-04-23T01:33:57.069+0300] {taskmixin.py:211} WARNING - Dependency <Task(_PythonDecoratedOperator): print_the_context>, log_sql_query already registered for DAG: example_python_operator
[2023-04-23T01:33:57.069+0300] {logging_mixin.py:137} INFO - [2023-04-23T01:33:57.069+0300] {taskmixin.py:211} WARNING - Dependency <Task(_PythonDecoratedOperator): log_sql_query>, print_the_context already registered for DAG: example_python_operator
[2023-04-23T01:33:57.070+0300] {logging_mixin.py:137} INFO - [2023-04-23T01:33:57.069+0300] {example_python_operator.py:90} WARNING - The virtalenv_python example task requires virtualenv, please install it.
[2023-04-23T01:33:57.073+0300] {processor.py:753} INFO - DAG(s) dict_keys(['example_python_operator']) retrieved from /home/vladimir/.local/lib/python3.10/site-packages/airflow/example_dags/example_python_operator.py
[2023-04-23T01:33:57.087+0300] {logging_mixin.py:137} INFO - [2023-04-23T01:33:57.087+0300] {dag.py:2705} INFO - Sync 1 DAGs
[2023-04-23T01:33:57.099+0300] {logging_mixin.py:137} INFO - [2023-04-23T01:33:57.099+0300] {dag.py:3452} INFO - Setting next_dagrun for example_python_operator to None, run_after=None
[2023-04-23T01:33:57.112+0300] {processor.py:175} INFO - Processing /home/vladimir/.local/lib/python3.10/site-packages/airflow/example_dags/example_python_operator.py took 0.060 seconds
[2023-04-23T01:34:39.139+0300] {processor.py:153} INFO - Started process (PID=4934) to work on /home/vladimir/.local/lib/python3.10/site-packages/airflow/example_dags/example_python_operator.py
[2023-04-23T01:34:39.140+0300] {processor.py:743} INFO - Processing file /home/vladimir/.local/lib/python3.10/site-packages/airflow/example_dags/example_python_operator.py for tasks to queue
[2023-04-23T01:34:39.140+0300] {logging_mixin.py:137} INFO - [2023-04-23T01:34:39.140+0300] {dagbag.py:532} INFO - Filling up the DagBag from /home/vladimir/.local/lib/python3.10/site-packages/airflow/example_dags/example_python_operator.py
[2023-04-23T01:34:39.152+0300] {logging_mixin.py:137} INFO - [2023-04-23T01:34:39.152+0300] {taskmixin.py:211} WARNING - Dependency <Task(_PythonDecoratedOperator): print_the_context>, log_sql_query already registered for DAG: example_python_operator
[2023-04-23T01:34:39.152+0300] {logging_mixin.py:137} INFO - [2023-04-23T01:34:39.152+0300] {taskmixin.py:211} WARNING - Dependency <Task(_PythonDecoratedOperator): log_sql_query>, print_the_context already registered for DAG: example_python_operator
[2023-04-23T01:34:39.153+0300] {logging_mixin.py:137} INFO - [2023-04-23T01:34:39.153+0300] {taskmixin.py:211} WARNING - Dependency <Task(_PythonDecoratedOperator): print_the_context>, log_sql_query already registered for DAG: example_python_operator
[2023-04-23T01:34:39.153+0300] {logging_mixin.py:137} INFO - [2023-04-23T01:34:39.153+0300] {taskmixin.py:211} WARNING - Dependency <Task(_PythonDecoratedOperator): log_sql_query>, print_the_context already registered for DAG: example_python_operator
[2023-04-23T01:34:39.153+0300] {logging_mixin.py:137} INFO - [2023-04-23T01:34:39.153+0300] {taskmixin.py:211} WARNING - Dependency <Task(_PythonDecoratedOperator): print_the_context>, log_sql_query already registered for DAG: example_python_operator
[2023-04-23T01:34:39.153+0300] {logging_mixin.py:137} INFO - [2023-04-23T01:34:39.153+0300] {taskmixin.py:211} WARNING - Dependency <Task(_PythonDecoratedOperator): log_sql_query>, print_the_context already registered for DAG: example_python_operator
[2023-04-23T01:34:39.153+0300] {logging_mixin.py:137} INFO - [2023-04-23T01:34:39.153+0300] {taskmixin.py:211} WARNING - Dependency <Task(_PythonDecoratedOperator): print_the_context>, log_sql_query already registered for DAG: example_python_operator
[2023-04-23T01:34:39.154+0300] {logging_mixin.py:137} INFO - [2023-04-23T01:34:39.153+0300] {taskmixin.py:211} WARNING - Dependency <Task(_PythonDecoratedOperator): log_sql_query>, print_the_context already registered for DAG: example_python_operator
[2023-04-23T01:34:39.154+0300] {logging_mixin.py:137} INFO - [2023-04-23T01:34:39.154+0300] {example_python_operator.py:90} WARNING - The virtalenv_python example task requires virtualenv, please install it.
[2023-04-23T01:34:39.157+0300] {processor.py:753} INFO - DAG(s) dict_keys(['example_python_operator']) retrieved from /home/vladimir/.local/lib/python3.10/site-packages/airflow/example_dags/example_python_operator.py
[2023-04-23T01:34:39.172+0300] {logging_mixin.py:137} INFO - [2023-04-23T01:34:39.172+0300] {dag.py:2705} INFO - Sync 1 DAGs
[2023-04-23T01:34:39.186+0300] {logging_mixin.py:137} INFO - [2023-04-23T01:34:39.186+0300] {dag.py:3452} INFO - Setting next_dagrun for example_python_operator to None, run_after=None
[2023-04-23T01:34:39.199+0300] {processor.py:175} INFO - Processing /home/vladimir/.local/lib/python3.10/site-packages/airflow/example_dags/example_python_operator.py took 0.062 seconds
[2023-04-23T01:35:17.192+0300] {processor.py:153} INFO - Started process (PID=4984) to work on /home/vladimir/.local/lib/python3.10/site-packages/airflow/example_dags/example_python_operator.py
[2023-04-23T01:35:17.193+0300] {processor.py:743} INFO - Processing file /home/vladimir/.local/lib/python3.10/site-packages/airflow/example_dags/example_python_operator.py for tasks to queue
[2023-04-23T01:35:17.194+0300] {logging_mixin.py:137} INFO - [2023-04-23T01:35:17.193+0300] {dagbag.py:532} INFO - Filling up the DagBag from /home/vladimir/.local/lib/python3.10/site-packages/airflow/example_dags/example_python_operator.py
[2023-04-23T01:35:17.207+0300] {logging_mixin.py:137} INFO - [2023-04-23T01:35:17.206+0300] {taskmixin.py:211} WARNING - Dependency <Task(_PythonDecoratedOperator): print_the_context>, log_sql_query already registered for DAG: example_python_operator
[2023-04-23T01:35:17.207+0300] {logging_mixin.py:137} INFO - [2023-04-23T01:35:17.207+0300] {taskmixin.py:211} WARNING - Dependency <Task(_PythonDecoratedOperator): log_sql_query>, print_the_context already registered for DAG: example_python_operator
[2023-04-23T01:35:17.207+0300] {logging_mixin.py:137} INFO - [2023-04-23T01:35:17.207+0300] {taskmixin.py:211} WARNING - Dependency <Task(_PythonDecoratedOperator): print_the_context>, log_sql_query already registered for DAG: example_python_operator
[2023-04-23T01:35:17.207+0300] {logging_mixin.py:137} INFO - [2023-04-23T01:35:17.207+0300] {taskmixin.py:211} WARNING - Dependency <Task(_PythonDecoratedOperator): log_sql_query>, print_the_context already registered for DAG: example_python_operator
[2023-04-23T01:35:17.208+0300] {logging_mixin.py:137} INFO - [2023-04-23T01:35:17.208+0300] {taskmixin.py:211} WARNING - Dependency <Task(_PythonDecoratedOperator): print_the_context>, log_sql_query already registered for DAG: example_python_operator
[2023-04-23T01:35:17.208+0300] {logging_mixin.py:137} INFO - [2023-04-23T01:35:17.208+0300] {taskmixin.py:211} WARNING - Dependency <Task(_PythonDecoratedOperator): log_sql_query>, print_the_context already registered for DAG: example_python_operator
[2023-04-23T01:35:17.208+0300] {logging_mixin.py:137} INFO - [2023-04-23T01:35:17.208+0300] {taskmixin.py:211} WARNING - Dependency <Task(_PythonDecoratedOperator): print_the_context>, log_sql_query already registered for DAG: example_python_operator
[2023-04-23T01:35:17.208+0300] {logging_mixin.py:137} INFO - [2023-04-23T01:35:17.208+0300] {taskmixin.py:211} WARNING - Dependency <Task(_PythonDecoratedOperator): log_sql_query>, print_the_context already registered for DAG: example_python_operator
[2023-04-23T01:35:17.208+0300] {logging_mixin.py:137} INFO - [2023-04-23T01:35:17.208+0300] {example_python_operator.py:90} WARNING - The virtalenv_python example task requires virtualenv, please install it.
[2023-04-23T01:35:17.211+0300] {processor.py:753} INFO - DAG(s) dict_keys(['example_python_operator']) retrieved from /home/vladimir/.local/lib/python3.10/site-packages/airflow/example_dags/example_python_operator.py
[2023-04-23T01:35:17.225+0300] {logging_mixin.py:137} INFO - [2023-04-23T01:35:17.225+0300] {dag.py:2705} INFO - Sync 1 DAGs
[2023-04-23T01:35:17.237+0300] {logging_mixin.py:137} INFO - [2023-04-23T01:35:17.237+0300] {dag.py:3452} INFO - Setting next_dagrun for example_python_operator to None, run_after=None
[2023-04-23T01:35:17.248+0300] {processor.py:175} INFO - Processing /home/vladimir/.local/lib/python3.10/site-packages/airflow/example_dags/example_python_operator.py took 0.058 seconds
