[2023-04-22T22:50:39.218+0300] {processor.py:153} INFO - Started process (PID=11430) to work on /home/vladimir/.local/lib/python3.10/site-packages/airflow/example_dags/example_branch_day_of_week_operator.py
[2023-04-22T22:50:39.219+0300] {processor.py:743} INFO - Processing file /home/vladimir/.local/lib/python3.10/site-packages/airflow/example_dags/example_branch_day_of_week_operator.py for tasks to queue
[2023-04-22T22:50:39.219+0300] {logging_mixin.py:137} INFO - [2023-04-22T22:50:39.219+0300] {dagbag.py:532} INFO - Filling up the DagBag from /home/vladimir/.local/lib/python3.10/site-packages/airflow/example_dags/example_branch_day_of_week_operator.py
[2023-04-22T22:50:39.251+0300] {processor.py:753} INFO - DAG(s) dict_keys(['example_weekday_branch_operator']) retrieved from /home/vladimir/.local/lib/python3.10/site-packages/airflow/example_dags/example_branch_day_of_week_operator.py
[2023-04-22T22:50:39.313+0300] {logging_mixin.py:137} INFO - [2023-04-22T22:50:39.313+0300] {manager.py:504} INFO - Created Permission View: can delete on DAG:example_weekday_branch_operator
[2023-04-22T22:50:39.318+0300] {logging_mixin.py:137} INFO - [2023-04-22T22:50:39.317+0300] {manager.py:504} INFO - Created Permission View: can read on DAG:example_weekday_branch_operator
[2023-04-22T22:50:39.321+0300] {logging_mixin.py:137} INFO - [2023-04-22T22:50:39.321+0300] {manager.py:504} INFO - Created Permission View: can edit on DAG:example_weekday_branch_operator
[2023-04-22T22:50:39.322+0300] {logging_mixin.py:137} INFO - [2023-04-22T22:50:39.321+0300] {dag.py:2705} INFO - Sync 1 DAGs
[2023-04-22T22:50:39.329+0300] {logging_mixin.py:137} INFO - [2023-04-22T22:50:39.329+0300] {dag.py:2726} INFO - Creating ORM DAG for example_weekday_branch_operator
[2023-04-22T22:50:39.336+0300] {logging_mixin.py:137} INFO - [2023-04-22T22:50:39.336+0300] {dag.py:3452} INFO - Setting next_dagrun for example_weekday_branch_operator to 2023-04-21T00:00:00+00:00, run_after=2023-04-22T00:00:00+00:00
[2023-04-22T22:50:39.348+0300] {processor.py:175} INFO - Processing /home/vladimir/.local/lib/python3.10/site-packages/airflow/example_dags/example_branch_day_of_week_operator.py took 0.132 seconds
[2023-04-22T22:51:29.649+0300] {processor.py:153} INFO - Started process (PID=11544) to work on /home/vladimir/.local/lib/python3.10/site-packages/airflow/example_dags/example_branch_day_of_week_operator.py
[2023-04-22T22:51:29.650+0300] {processor.py:743} INFO - Processing file /home/vladimir/.local/lib/python3.10/site-packages/airflow/example_dags/example_branch_day_of_week_operator.py for tasks to queue
[2023-04-22T22:51:29.651+0300] {logging_mixin.py:137} INFO - [2023-04-22T22:51:29.650+0300] {dagbag.py:532} INFO - Filling up the DagBag from /home/vladimir/.local/lib/python3.10/site-packages/airflow/example_dags/example_branch_day_of_week_operator.py
[2023-04-22T22:51:29.661+0300] {processor.py:753} INFO - DAG(s) dict_keys(['example_weekday_branch_operator']) retrieved from /home/vladimir/.local/lib/python3.10/site-packages/airflow/example_dags/example_branch_day_of_week_operator.py
[2023-04-22T22:51:29.676+0300] {logging_mixin.py:137} INFO - [2023-04-22T22:51:29.676+0300] {dag.py:2705} INFO - Sync 1 DAGs
[2023-04-22T22:51:29.691+0300] {logging_mixin.py:137} INFO - [2023-04-22T22:51:29.690+0300] {dag.py:3452} INFO - Setting next_dagrun for example_weekday_branch_operator to 2023-04-21T00:00:00+00:00, run_after=2023-04-22T00:00:00+00:00
[2023-04-22T22:51:29.706+0300] {processor.py:175} INFO - Processing /home/vladimir/.local/lib/python3.10/site-packages/airflow/example_dags/example_branch_day_of_week_operator.py took 0.059 seconds
[2023-04-22T22:52:13.969+0300] {processor.py:153} INFO - Started process (PID=11629) to work on /home/vladimir/.local/lib/python3.10/site-packages/airflow/example_dags/example_branch_day_of_week_operator.py
[2023-04-22T22:52:13.970+0300] {processor.py:743} INFO - Processing file /home/vladimir/.local/lib/python3.10/site-packages/airflow/example_dags/example_branch_day_of_week_operator.py for tasks to queue
[2023-04-22T22:52:13.970+0300] {logging_mixin.py:137} INFO - [2023-04-22T22:52:13.970+0300] {dagbag.py:532} INFO - Filling up the DagBag from /home/vladimir/.local/lib/python3.10/site-packages/airflow/example_dags/example_branch_day_of_week_operator.py
[2023-04-22T22:52:13.982+0300] {processor.py:753} INFO - DAG(s) dict_keys(['example_weekday_branch_operator']) retrieved from /home/vladimir/.local/lib/python3.10/site-packages/airflow/example_dags/example_branch_day_of_week_operator.py
[2023-04-22T22:52:13.996+0300] {logging_mixin.py:137} INFO - [2023-04-22T22:52:13.996+0300] {dag.py:2705} INFO - Sync 1 DAGs
[2023-04-22T22:52:14.009+0300] {logging_mixin.py:137} INFO - [2023-04-22T22:52:14.009+0300] {dag.py:3452} INFO - Setting next_dagrun for example_weekday_branch_operator to 2023-04-21T00:00:00+00:00, run_after=2023-04-22T00:00:00+00:00
[2023-04-22T22:52:14.022+0300] {processor.py:175} INFO - Processing /home/vladimir/.local/lib/python3.10/site-packages/airflow/example_dags/example_branch_day_of_week_operator.py took 0.055 seconds
[2023-04-22T22:52:54.419+0300] {processor.py:153} INFO - Started process (PID=11679) to work on /home/vladimir/.local/lib/python3.10/site-packages/airflow/example_dags/example_branch_day_of_week_operator.py
[2023-04-22T22:52:54.420+0300] {processor.py:743} INFO - Processing file /home/vladimir/.local/lib/python3.10/site-packages/airflow/example_dags/example_branch_day_of_week_operator.py for tasks to queue
[2023-04-22T22:52:54.420+0300] {logging_mixin.py:137} INFO - [2023-04-22T22:52:54.420+0300] {dagbag.py:532} INFO - Filling up the DagBag from /home/vladimir/.local/lib/python3.10/site-packages/airflow/example_dags/example_branch_day_of_week_operator.py
[2023-04-22T22:52:54.432+0300] {processor.py:753} INFO - DAG(s) dict_keys(['example_weekday_branch_operator']) retrieved from /home/vladimir/.local/lib/python3.10/site-packages/airflow/example_dags/example_branch_day_of_week_operator.py
[2023-04-22T22:52:54.446+0300] {logging_mixin.py:137} INFO - [2023-04-22T22:52:54.446+0300] {dag.py:2705} INFO - Sync 1 DAGs
[2023-04-22T22:52:54.461+0300] {logging_mixin.py:137} INFO - [2023-04-22T22:52:54.461+0300] {dag.py:3452} INFO - Setting next_dagrun for example_weekday_branch_operator to 2023-04-21T00:00:00+00:00, run_after=2023-04-22T00:00:00+00:00
[2023-04-22T22:52:54.474+0300] {processor.py:175} INFO - Processing /home/vladimir/.local/lib/python3.10/site-packages/airflow/example_dags/example_branch_day_of_week_operator.py took 0.057 seconds
[2023-04-22T22:53:40.556+0300] {processor.py:153} INFO - Started process (PID=11743) to work on /home/vladimir/.local/lib/python3.10/site-packages/airflow/example_dags/example_branch_day_of_week_operator.py
[2023-04-22T22:53:40.557+0300] {processor.py:743} INFO - Processing file /home/vladimir/.local/lib/python3.10/site-packages/airflow/example_dags/example_branch_day_of_week_operator.py for tasks to queue
[2023-04-22T22:53:40.557+0300] {logging_mixin.py:137} INFO - [2023-04-22T22:53:40.557+0300] {dagbag.py:532} INFO - Filling up the DagBag from /home/vladimir/.local/lib/python3.10/site-packages/airflow/example_dags/example_branch_day_of_week_operator.py
[2023-04-22T22:53:40.567+0300] {processor.py:753} INFO - DAG(s) dict_keys(['example_weekday_branch_operator']) retrieved from /home/vladimir/.local/lib/python3.10/site-packages/airflow/example_dags/example_branch_day_of_week_operator.py
[2023-04-22T22:53:40.582+0300] {logging_mixin.py:137} INFO - [2023-04-22T22:53:40.582+0300] {dag.py:2705} INFO - Sync 1 DAGs
[2023-04-22T22:53:40.596+0300] {logging_mixin.py:137} INFO - [2023-04-22T22:53:40.595+0300] {dag.py:3452} INFO - Setting next_dagrun for example_weekday_branch_operator to 2023-04-21T00:00:00+00:00, run_after=2023-04-22T00:00:00+00:00
[2023-04-22T22:53:40.607+0300] {processor.py:175} INFO - Processing /home/vladimir/.local/lib/python3.10/site-packages/airflow/example_dags/example_branch_day_of_week_operator.py took 0.054 seconds
[2023-04-22T22:54:24.640+0300] {processor.py:153} INFO - Started process (PID=11809) to work on /home/vladimir/.local/lib/python3.10/site-packages/airflow/example_dags/example_branch_day_of_week_operator.py
[2023-04-22T22:54:24.640+0300] {processor.py:743} INFO - Processing file /home/vladimir/.local/lib/python3.10/site-packages/airflow/example_dags/example_branch_day_of_week_operator.py for tasks to queue
[2023-04-22T22:54:24.641+0300] {logging_mixin.py:137} INFO - [2023-04-22T22:54:24.641+0300] {dagbag.py:532} INFO - Filling up the DagBag from /home/vladimir/.local/lib/python3.10/site-packages/airflow/example_dags/example_branch_day_of_week_operator.py
[2023-04-22T22:54:24.651+0300] {processor.py:753} INFO - DAG(s) dict_keys(['example_weekday_branch_operator']) retrieved from /home/vladimir/.local/lib/python3.10/site-packages/airflow/example_dags/example_branch_day_of_week_operator.py
[2023-04-22T22:54:24.665+0300] {logging_mixin.py:137} INFO - [2023-04-22T22:54:24.665+0300] {dag.py:2705} INFO - Sync 1 DAGs
[2023-04-22T22:54:24.679+0300] {logging_mixin.py:137} INFO - [2023-04-22T22:54:24.679+0300] {dag.py:3452} INFO - Setting next_dagrun for example_weekday_branch_operator to 2023-04-21T00:00:00+00:00, run_after=2023-04-22T00:00:00+00:00
[2023-04-22T22:54:24.691+0300] {processor.py:175} INFO - Processing /home/vladimir/.local/lib/python3.10/site-packages/airflow/example_dags/example_branch_day_of_week_operator.py took 0.053 seconds
[2023-04-22T22:55:05.744+0300] {processor.py:153} INFO - Started process (PID=11883) to work on /home/vladimir/.local/lib/python3.10/site-packages/airflow/example_dags/example_branch_day_of_week_operator.py
[2023-04-22T22:55:05.745+0300] {processor.py:743} INFO - Processing file /home/vladimir/.local/lib/python3.10/site-packages/airflow/example_dags/example_branch_day_of_week_operator.py for tasks to queue
[2023-04-22T22:55:05.746+0300] {logging_mixin.py:137} INFO - [2023-04-22T22:55:05.745+0300] {dagbag.py:532} INFO - Filling up the DagBag from /home/vladimir/.local/lib/python3.10/site-packages/airflow/example_dags/example_branch_day_of_week_operator.py
[2023-04-22T22:55:05.756+0300] {processor.py:753} INFO - DAG(s) dict_keys(['example_weekday_branch_operator']) retrieved from /home/vladimir/.local/lib/python3.10/site-packages/airflow/example_dags/example_branch_day_of_week_operator.py
[2023-04-22T22:55:05.769+0300] {logging_mixin.py:137} INFO - [2023-04-22T22:55:05.769+0300] {dag.py:2705} INFO - Sync 1 DAGs
[2023-04-22T22:55:05.784+0300] {logging_mixin.py:137} INFO - [2023-04-22T22:55:05.784+0300] {dag.py:3452} INFO - Setting next_dagrun for example_weekday_branch_operator to 2023-04-21T00:00:00+00:00, run_after=2023-04-22T00:00:00+00:00
[2023-04-22T22:55:05.801+0300] {processor.py:175} INFO - Processing /home/vladimir/.local/lib/python3.10/site-packages/airflow/example_dags/example_branch_day_of_week_operator.py took 0.059 seconds
[2023-04-22T22:55:54.222+0300] {processor.py:153} INFO - Started process (PID=11938) to work on /home/vladimir/.local/lib/python3.10/site-packages/airflow/example_dags/example_branch_day_of_week_operator.py
[2023-04-22T22:55:54.223+0300] {processor.py:743} INFO - Processing file /home/vladimir/.local/lib/python3.10/site-packages/airflow/example_dags/example_branch_day_of_week_operator.py for tasks to queue
[2023-04-22T22:55:54.224+0300] {logging_mixin.py:137} INFO - [2023-04-22T22:55:54.223+0300] {dagbag.py:532} INFO - Filling up the DagBag from /home/vladimir/.local/lib/python3.10/site-packages/airflow/example_dags/example_branch_day_of_week_operator.py
[2023-04-22T22:55:54.234+0300] {processor.py:753} INFO - DAG(s) dict_keys(['example_weekday_branch_operator']) retrieved from /home/vladimir/.local/lib/python3.10/site-packages/airflow/example_dags/example_branch_day_of_week_operator.py
[2023-04-22T22:55:54.249+0300] {logging_mixin.py:137} INFO - [2023-04-22T22:55:54.249+0300] {dag.py:2705} INFO - Sync 1 DAGs
[2023-04-22T22:55:54.262+0300] {logging_mixin.py:137} INFO - [2023-04-22T22:55:54.262+0300] {dag.py:3452} INFO - Setting next_dagrun for example_weekday_branch_operator to 2023-04-21T00:00:00+00:00, run_after=2023-04-22T00:00:00+00:00
[2023-04-22T22:55:54.274+0300] {processor.py:175} INFO - Processing /home/vladimir/.local/lib/python3.10/site-packages/airflow/example_dags/example_branch_day_of_week_operator.py took 0.054 seconds
[2023-04-23T01:29:22.112+0300] {processor.py:153} INFO - Started process (PID=4429) to work on /home/vladimir/.local/lib/python3.10/site-packages/airflow/example_dags/example_branch_day_of_week_operator.py
[2023-04-23T01:29:22.114+0300] {processor.py:743} INFO - Processing file /home/vladimir/.local/lib/python3.10/site-packages/airflow/example_dags/example_branch_day_of_week_operator.py for tasks to queue
[2023-04-23T01:29:22.115+0300] {logging_mixin.py:137} INFO - [2023-04-23T01:29:22.115+0300] {dagbag.py:532} INFO - Filling up the DagBag from /home/vladimir/.local/lib/python3.10/site-packages/airflow/example_dags/example_branch_day_of_week_operator.py
[2023-04-23T01:29:22.132+0300] {processor.py:753} INFO - DAG(s) dict_keys(['example_weekday_branch_operator']) retrieved from /home/vladimir/.local/lib/python3.10/site-packages/airflow/example_dags/example_branch_day_of_week_operator.py
[2023-04-23T01:29:22.148+0300] {logging_mixin.py:137} INFO - [2023-04-23T01:29:22.148+0300] {dag.py:2705} INFO - Sync 1 DAGs
[2023-04-23T01:29:22.164+0300] {logging_mixin.py:137} INFO - [2023-04-23T01:29:22.164+0300] {dag.py:3452} INFO - Setting next_dagrun for example_weekday_branch_operator to 2023-04-21T00:00:00+00:00, run_after=2023-04-22T00:00:00+00:00
[2023-04-23T01:29:22.177+0300] {processor.py:175} INFO - Processing /home/vladimir/.local/lib/python3.10/site-packages/airflow/example_dags/example_branch_day_of_week_operator.py took 0.067 seconds
[2023-04-23T01:30:06.376+0300] {processor.py:153} INFO - Started process (PID=4486) to work on /home/vladimir/.local/lib/python3.10/site-packages/airflow/example_dags/example_branch_day_of_week_operator.py
[2023-04-23T01:30:06.376+0300] {processor.py:743} INFO - Processing file /home/vladimir/.local/lib/python3.10/site-packages/airflow/example_dags/example_branch_day_of_week_operator.py for tasks to queue
[2023-04-23T01:30:06.377+0300] {logging_mixin.py:137} INFO - [2023-04-23T01:30:06.377+0300] {dagbag.py:532} INFO - Filling up the DagBag from /home/vladimir/.local/lib/python3.10/site-packages/airflow/example_dags/example_branch_day_of_week_operator.py
[2023-04-23T01:30:06.388+0300] {processor.py:753} INFO - DAG(s) dict_keys(['example_weekday_branch_operator']) retrieved from /home/vladimir/.local/lib/python3.10/site-packages/airflow/example_dags/example_branch_day_of_week_operator.py
[2023-04-23T01:30:06.402+0300] {logging_mixin.py:137} INFO - [2023-04-23T01:30:06.402+0300] {dag.py:2705} INFO - Sync 1 DAGs
[2023-04-23T01:30:06.415+0300] {logging_mixin.py:137} INFO - [2023-04-23T01:30:06.415+0300] {dag.py:3452} INFO - Setting next_dagrun for example_weekday_branch_operator to 2023-04-21T00:00:00+00:00, run_after=2023-04-22T00:00:00+00:00
[2023-04-23T01:30:06.427+0300] {processor.py:175} INFO - Processing /home/vladimir/.local/lib/python3.10/site-packages/airflow/example_dags/example_branch_day_of_week_operator.py took 0.054 seconds
[2023-04-23T01:30:49.361+0300] {processor.py:153} INFO - Started process (PID=4574) to work on /home/vladimir/.local/lib/python3.10/site-packages/airflow/example_dags/example_branch_day_of_week_operator.py
[2023-04-23T01:30:49.362+0300] {processor.py:743} INFO - Processing file /home/vladimir/.local/lib/python3.10/site-packages/airflow/example_dags/example_branch_day_of_week_operator.py for tasks to queue
[2023-04-23T01:30:49.362+0300] {logging_mixin.py:137} INFO - [2023-04-23T01:30:49.362+0300] {dagbag.py:532} INFO - Filling up the DagBag from /home/vladimir/.local/lib/python3.10/site-packages/airflow/example_dags/example_branch_day_of_week_operator.py
[2023-04-23T01:30:49.374+0300] {processor.py:753} INFO - DAG(s) dict_keys(['example_weekday_branch_operator']) retrieved from /home/vladimir/.local/lib/python3.10/site-packages/airflow/example_dags/example_branch_day_of_week_operator.py
[2023-04-23T01:30:49.388+0300] {logging_mixin.py:137} INFO - [2023-04-23T01:30:49.388+0300] {dag.py:2705} INFO - Sync 1 DAGs
[2023-04-23T01:30:49.401+0300] {logging_mixin.py:137} INFO - [2023-04-23T01:30:49.401+0300] {dag.py:3452} INFO - Setting next_dagrun for example_weekday_branch_operator to 2023-04-21T00:00:00+00:00, run_after=2023-04-22T00:00:00+00:00
[2023-04-23T01:30:49.414+0300] {processor.py:175} INFO - Processing /home/vladimir/.local/lib/python3.10/site-packages/airflow/example_dags/example_branch_day_of_week_operator.py took 0.055 seconds
[2023-04-23T01:31:34.630+0300] {processor.py:153} INFO - Started process (PID=4639) to work on /home/vladimir/.local/lib/python3.10/site-packages/airflow/example_dags/example_branch_day_of_week_operator.py
[2023-04-23T01:31:34.631+0300] {processor.py:743} INFO - Processing file /home/vladimir/.local/lib/python3.10/site-packages/airflow/example_dags/example_branch_day_of_week_operator.py for tasks to queue
[2023-04-23T01:31:34.631+0300] {logging_mixin.py:137} INFO - [2023-04-23T01:31:34.631+0300] {dagbag.py:532} INFO - Filling up the DagBag from /home/vladimir/.local/lib/python3.10/site-packages/airflow/example_dags/example_branch_day_of_week_operator.py
[2023-04-23T01:31:34.644+0300] {processor.py:753} INFO - DAG(s) dict_keys(['example_weekday_branch_operator']) retrieved from /home/vladimir/.local/lib/python3.10/site-packages/airflow/example_dags/example_branch_day_of_week_operator.py
[2023-04-23T01:31:34.658+0300] {logging_mixin.py:137} INFO - [2023-04-23T01:31:34.658+0300] {dag.py:2705} INFO - Sync 1 DAGs
[2023-04-23T01:31:34.672+0300] {logging_mixin.py:137} INFO - [2023-04-23T01:31:34.672+0300] {dag.py:3452} INFO - Setting next_dagrun for example_weekday_branch_operator to 2023-04-21T00:00:00+00:00, run_after=2023-04-22T00:00:00+00:00
[2023-04-23T01:31:34.685+0300] {processor.py:175} INFO - Processing /home/vladimir/.local/lib/python3.10/site-packages/airflow/example_dags/example_branch_day_of_week_operator.py took 0.057 seconds
[2023-04-23T01:32:15.516+0300] {processor.py:153} INFO - Started process (PID=4687) to work on /home/vladimir/.local/lib/python3.10/site-packages/airflow/example_dags/example_branch_day_of_week_operator.py
[2023-04-23T01:32:15.516+0300] {processor.py:743} INFO - Processing file /home/vladimir/.local/lib/python3.10/site-packages/airflow/example_dags/example_branch_day_of_week_operator.py for tasks to queue
[2023-04-23T01:32:15.517+0300] {logging_mixin.py:137} INFO - [2023-04-23T01:32:15.517+0300] {dagbag.py:532} INFO - Filling up the DagBag from /home/vladimir/.local/lib/python3.10/site-packages/airflow/example_dags/example_branch_day_of_week_operator.py
[2023-04-23T01:32:15.530+0300] {processor.py:753} INFO - DAG(s) dict_keys(['example_weekday_branch_operator']) retrieved from /home/vladimir/.local/lib/python3.10/site-packages/airflow/example_dags/example_branch_day_of_week_operator.py
[2023-04-23T01:32:15.544+0300] {logging_mixin.py:137} INFO - [2023-04-23T01:32:15.543+0300] {dag.py:2705} INFO - Sync 1 DAGs
[2023-04-23T01:32:15.556+0300] {logging_mixin.py:137} INFO - [2023-04-23T01:32:15.556+0300] {dag.py:3452} INFO - Setting next_dagrun for example_weekday_branch_operator to 2023-04-21T00:00:00+00:00, run_after=2023-04-22T00:00:00+00:00
[2023-04-23T01:32:15.568+0300] {processor.py:175} INFO - Processing /home/vladimir/.local/lib/python3.10/site-packages/airflow/example_dags/example_branch_day_of_week_operator.py took 0.054 seconds
[2023-04-23T01:33:08.365+0300] {processor.py:153} INFO - Started process (PID=4765) to work on /home/vladimir/.local/lib/python3.10/site-packages/airflow/example_dags/example_branch_day_of_week_operator.py
[2023-04-23T01:33:08.366+0300] {processor.py:743} INFO - Processing file /home/vladimir/.local/lib/python3.10/site-packages/airflow/example_dags/example_branch_day_of_week_operator.py for tasks to queue
[2023-04-23T01:33:08.366+0300] {logging_mixin.py:137} INFO - [2023-04-23T01:33:08.366+0300] {dagbag.py:532} INFO - Filling up the DagBag from /home/vladimir/.local/lib/python3.10/site-packages/airflow/example_dags/example_branch_day_of_week_operator.py
[2023-04-23T01:33:08.377+0300] {processor.py:753} INFO - DAG(s) dict_keys(['example_weekday_branch_operator']) retrieved from /home/vladimir/.local/lib/python3.10/site-packages/airflow/example_dags/example_branch_day_of_week_operator.py
[2023-04-23T01:33:08.391+0300] {logging_mixin.py:137} INFO - [2023-04-23T01:33:08.391+0300] {dag.py:2705} INFO - Sync 1 DAGs
[2023-04-23T01:33:08.405+0300] {logging_mixin.py:137} INFO - [2023-04-23T01:33:08.404+0300] {dag.py:3452} INFO - Setting next_dagrun for example_weekday_branch_operator to 2023-04-21T00:00:00+00:00, run_after=2023-04-22T00:00:00+00:00
[2023-04-23T01:33:08.417+0300] {processor.py:175} INFO - Processing /home/vladimir/.local/lib/python3.10/site-packages/airflow/example_dags/example_branch_day_of_week_operator.py took 0.055 seconds
[2023-04-23T01:33:49.513+0300] {processor.py:153} INFO - Started process (PID=4816) to work on /home/vladimir/.local/lib/python3.10/site-packages/airflow/example_dags/example_branch_day_of_week_operator.py
[2023-04-23T01:33:49.514+0300] {processor.py:743} INFO - Processing file /home/vladimir/.local/lib/python3.10/site-packages/airflow/example_dags/example_branch_day_of_week_operator.py for tasks to queue
[2023-04-23T01:33:49.514+0300] {logging_mixin.py:137} INFO - [2023-04-23T01:33:49.514+0300] {dagbag.py:532} INFO - Filling up the DagBag from /home/vladimir/.local/lib/python3.10/site-packages/airflow/example_dags/example_branch_day_of_week_operator.py
[2023-04-23T01:33:49.526+0300] {processor.py:753} INFO - DAG(s) dict_keys(['example_weekday_branch_operator']) retrieved from /home/vladimir/.local/lib/python3.10/site-packages/airflow/example_dags/example_branch_day_of_week_operator.py
[2023-04-23T01:33:49.541+0300] {logging_mixin.py:137} INFO - [2023-04-23T01:33:49.541+0300] {dag.py:2705} INFO - Sync 1 DAGs
[2023-04-23T01:33:49.554+0300] {logging_mixin.py:137} INFO - [2023-04-23T01:33:49.554+0300] {dag.py:3452} INFO - Setting next_dagrun for example_weekday_branch_operator to 2023-04-21T00:00:00+00:00, run_after=2023-04-22T00:00:00+00:00
[2023-04-23T01:33:49.568+0300] {processor.py:175} INFO - Processing /home/vladimir/.local/lib/python3.10/site-packages/airflow/example_dags/example_branch_day_of_week_operator.py took 0.057 seconds
[2023-04-23T01:34:30.746+0300] {processor.py:153} INFO - Started process (PID=4925) to work on /home/vladimir/.local/lib/python3.10/site-packages/airflow/example_dags/example_branch_day_of_week_operator.py
[2023-04-23T01:34:30.747+0300] {processor.py:743} INFO - Processing file /home/vladimir/.local/lib/python3.10/site-packages/airflow/example_dags/example_branch_day_of_week_operator.py for tasks to queue
[2023-04-23T01:34:30.748+0300] {logging_mixin.py:137} INFO - [2023-04-23T01:34:30.748+0300] {dagbag.py:532} INFO - Filling up the DagBag from /home/vladimir/.local/lib/python3.10/site-packages/airflow/example_dags/example_branch_day_of_week_operator.py
[2023-04-23T01:34:30.758+0300] {processor.py:753} INFO - DAG(s) dict_keys(['example_weekday_branch_operator']) retrieved from /home/vladimir/.local/lib/python3.10/site-packages/airflow/example_dags/example_branch_day_of_week_operator.py
[2023-04-23T01:34:30.773+0300] {logging_mixin.py:137} INFO - [2023-04-23T01:34:30.773+0300] {dag.py:2705} INFO - Sync 1 DAGs
[2023-04-23T01:34:30.787+0300] {logging_mixin.py:137} INFO - [2023-04-23T01:34:30.787+0300] {dag.py:3452} INFO - Setting next_dagrun for example_weekday_branch_operator to 2023-04-21T00:00:00+00:00, run_after=2023-04-22T00:00:00+00:00
[2023-04-23T01:34:30.799+0300] {processor.py:175} INFO - Processing /home/vladimir/.local/lib/python3.10/site-packages/airflow/example_dags/example_branch_day_of_week_operator.py took 0.055 seconds
[2023-04-23T01:35:21.726+0300] {processor.py:153} INFO - Started process (PID=4988) to work on /home/vladimir/.local/lib/python3.10/site-packages/airflow/example_dags/example_branch_day_of_week_operator.py
[2023-04-23T01:35:21.727+0300] {processor.py:743} INFO - Processing file /home/vladimir/.local/lib/python3.10/site-packages/airflow/example_dags/example_branch_day_of_week_operator.py for tasks to queue
[2023-04-23T01:35:21.728+0300] {logging_mixin.py:137} INFO - [2023-04-23T01:35:21.727+0300] {dagbag.py:532} INFO - Filling up the DagBag from /home/vladimir/.local/lib/python3.10/site-packages/airflow/example_dags/example_branch_day_of_week_operator.py
[2023-04-23T01:35:21.739+0300] {processor.py:753} INFO - DAG(s) dict_keys(['example_weekday_branch_operator']) retrieved from /home/vladimir/.local/lib/python3.10/site-packages/airflow/example_dags/example_branch_day_of_week_operator.py
[2023-04-23T01:35:21.752+0300] {logging_mixin.py:137} INFO - [2023-04-23T01:35:21.752+0300] {dag.py:2705} INFO - Sync 1 DAGs
[2023-04-23T01:35:21.766+0300] {logging_mixin.py:137} INFO - [2023-04-23T01:35:21.766+0300] {dag.py:3452} INFO - Setting next_dagrun for example_weekday_branch_operator to 2023-04-21T00:00:00+00:00, run_after=2023-04-22T00:00:00+00:00
[2023-04-23T01:35:21.778+0300] {processor.py:175} INFO - Processing /home/vladimir/.local/lib/python3.10/site-packages/airflow/example_dags/example_branch_day_of_week_operator.py took 0.054 seconds
