[2023-04-22T22:50:37.019+0300] {processor.py:153} INFO - Started process (PID=11425) to work on /home/vladimir/.local/lib/python3.10/site-packages/airflow/example_dags/example_branch_operator.py
[2023-04-22T22:50:37.020+0300] {processor.py:743} INFO - Processing file /home/vladimir/.local/lib/python3.10/site-packages/airflow/example_dags/example_branch_operator.py for tasks to queue
[2023-04-22T22:50:37.020+0300] {logging_mixin.py:137} INFO - [2023-04-22T22:50:37.020+0300] {dagbag.py:532} INFO - Filling up the DagBag from /home/vladimir/.local/lib/python3.10/site-packages/airflow/example_dags/example_branch_operator.py
[2023-04-22T22:50:37.032+0300] {processor.py:753} INFO - DAG(s) dict_keys(['example_branch_operator']) retrieved from /home/vladimir/.local/lib/python3.10/site-packages/airflow/example_dags/example_branch_operator.py
[2023-04-22T22:50:37.094+0300] {logging_mixin.py:137} INFO - [2023-04-22T22:50:37.094+0300] {manager.py:504} INFO - Created Permission View: can delete on DAG:example_branch_operator
[2023-04-22T22:50:37.099+0300] {logging_mixin.py:137} INFO - [2023-04-22T22:50:37.099+0300] {manager.py:504} INFO - Created Permission View: can read on DAG:example_branch_operator
[2023-04-22T22:50:37.103+0300] {logging_mixin.py:137} INFO - [2023-04-22T22:50:37.103+0300] {manager.py:504} INFO - Created Permission View: can edit on DAG:example_branch_operator
[2023-04-22T22:50:37.103+0300] {logging_mixin.py:137} INFO - [2023-04-22T22:50:37.103+0300] {dag.py:2705} INFO - Sync 1 DAGs
[2023-04-22T22:50:37.111+0300] {logging_mixin.py:137} INFO - [2023-04-22T22:50:37.111+0300] {dag.py:2726} INFO - Creating ORM DAG for example_branch_operator
[2023-04-22T22:50:37.118+0300] {logging_mixin.py:137} INFO - [2023-04-22T22:50:37.118+0300] {dag.py:3452} INFO - Setting next_dagrun for example_branch_operator to 2023-04-21T00:00:00+00:00, run_after=2023-04-22T00:00:00+00:00
[2023-04-22T22:50:37.129+0300] {processor.py:175} INFO - Processing /home/vladimir/.local/lib/python3.10/site-packages/airflow/example_dags/example_branch_operator.py took 0.112 seconds
[2023-04-22T22:51:18.682+0300] {processor.py:153} INFO - Started process (PID=11530) to work on /home/vladimir/.local/lib/python3.10/site-packages/airflow/example_dags/example_branch_operator.py
[2023-04-22T22:51:18.682+0300] {processor.py:743} INFO - Processing file /home/vladimir/.local/lib/python3.10/site-packages/airflow/example_dags/example_branch_operator.py for tasks to queue
[2023-04-22T22:51:18.683+0300] {logging_mixin.py:137} INFO - [2023-04-22T22:51:18.683+0300] {dagbag.py:532} INFO - Filling up the DagBag from /home/vladimir/.local/lib/python3.10/site-packages/airflow/example_dags/example_branch_operator.py
[2023-04-22T22:51:18.695+0300] {processor.py:753} INFO - DAG(s) dict_keys(['example_branch_operator']) retrieved from /home/vladimir/.local/lib/python3.10/site-packages/airflow/example_dags/example_branch_operator.py
[2023-04-22T22:51:18.709+0300] {logging_mixin.py:137} INFO - [2023-04-22T22:51:18.709+0300] {dag.py:2705} INFO - Sync 1 DAGs
[2023-04-22T22:51:18.722+0300] {logging_mixin.py:137} INFO - [2023-04-22T22:51:18.722+0300] {dag.py:3452} INFO - Setting next_dagrun for example_branch_operator to 2023-04-21T00:00:00+00:00, run_after=2023-04-22T00:00:00+00:00
[2023-04-22T22:51:18.734+0300] {processor.py:175} INFO - Processing /home/vladimir/.local/lib/python3.10/site-packages/airflow/example_dags/example_branch_operator.py took 0.054 seconds
[2023-04-22T22:52:05.619+0300] {processor.py:153} INFO - Started process (PID=11618) to work on /home/vladimir/.local/lib/python3.10/site-packages/airflow/example_dags/example_branch_operator.py
[2023-04-22T22:52:05.620+0300] {processor.py:743} INFO - Processing file /home/vladimir/.local/lib/python3.10/site-packages/airflow/example_dags/example_branch_operator.py for tasks to queue
[2023-04-22T22:52:05.621+0300] {logging_mixin.py:137} INFO - [2023-04-22T22:52:05.621+0300] {dagbag.py:532} INFO - Filling up the DagBag from /home/vladimir/.local/lib/python3.10/site-packages/airflow/example_dags/example_branch_operator.py
[2023-04-22T22:52:05.635+0300] {processor.py:753} INFO - DAG(s) dict_keys(['example_branch_operator']) retrieved from /home/vladimir/.local/lib/python3.10/site-packages/airflow/example_dags/example_branch_operator.py
[2023-04-22T22:52:05.650+0300] {logging_mixin.py:137} INFO - [2023-04-22T22:52:05.650+0300] {dag.py:2705} INFO - Sync 1 DAGs
[2023-04-22T22:52:05.664+0300] {logging_mixin.py:137} INFO - [2023-04-22T22:52:05.663+0300] {dag.py:3452} INFO - Setting next_dagrun for example_branch_operator to 2023-04-21T00:00:00+00:00, run_after=2023-04-22T00:00:00+00:00
[2023-04-22T22:52:05.676+0300] {processor.py:175} INFO - Processing /home/vladimir/.local/lib/python3.10/site-packages/airflow/example_dags/example_branch_operator.py took 0.058 seconds
[2023-04-22T22:52:52.143+0300] {processor.py:153} INFO - Started process (PID=11677) to work on /home/vladimir/.local/lib/python3.10/site-packages/airflow/example_dags/example_branch_operator.py
[2023-04-22T22:52:52.144+0300] {processor.py:743} INFO - Processing file /home/vladimir/.local/lib/python3.10/site-packages/airflow/example_dags/example_branch_operator.py for tasks to queue
[2023-04-22T22:52:52.145+0300] {logging_mixin.py:137} INFO - [2023-04-22T22:52:52.145+0300] {dagbag.py:532} INFO - Filling up the DagBag from /home/vladimir/.local/lib/python3.10/site-packages/airflow/example_dags/example_branch_operator.py
[2023-04-22T22:52:52.157+0300] {processor.py:753} INFO - DAG(s) dict_keys(['example_branch_operator']) retrieved from /home/vladimir/.local/lib/python3.10/site-packages/airflow/example_dags/example_branch_operator.py
[2023-04-22T22:52:52.171+0300] {logging_mixin.py:137} INFO - [2023-04-22T22:52:52.171+0300] {dag.py:2705} INFO - Sync 1 DAGs
[2023-04-22T22:52:52.185+0300] {logging_mixin.py:137} INFO - [2023-04-22T22:52:52.185+0300] {dag.py:3452} INFO - Setting next_dagrun for example_branch_operator to 2023-04-21T00:00:00+00:00, run_after=2023-04-22T00:00:00+00:00
[2023-04-22T22:52:52.197+0300] {processor.py:175} INFO - Processing /home/vladimir/.local/lib/python3.10/site-packages/airflow/example_dags/example_branch_operator.py took 0.056 seconds
[2023-04-22T22:53:30.421+0300] {processor.py:153} INFO - Started process (PID=11729) to work on /home/vladimir/.local/lib/python3.10/site-packages/airflow/example_dags/example_branch_operator.py
[2023-04-22T22:53:30.422+0300] {processor.py:743} INFO - Processing file /home/vladimir/.local/lib/python3.10/site-packages/airflow/example_dags/example_branch_operator.py for tasks to queue
[2023-04-22T22:53:30.422+0300] {logging_mixin.py:137} INFO - [2023-04-22T22:53:30.422+0300] {dagbag.py:532} INFO - Filling up the DagBag from /home/vladimir/.local/lib/python3.10/site-packages/airflow/example_dags/example_branch_operator.py
[2023-04-22T22:53:30.434+0300] {processor.py:753} INFO - DAG(s) dict_keys(['example_branch_operator']) retrieved from /home/vladimir/.local/lib/python3.10/site-packages/airflow/example_dags/example_branch_operator.py
[2023-04-22T22:53:30.448+0300] {logging_mixin.py:137} INFO - [2023-04-22T22:53:30.448+0300] {dag.py:2705} INFO - Sync 1 DAGs
[2023-04-22T22:53:30.460+0300] {logging_mixin.py:137} INFO - [2023-04-22T22:53:30.460+0300] {dag.py:3452} INFO - Setting next_dagrun for example_branch_operator to 2023-04-21T00:00:00+00:00, run_after=2023-04-22T00:00:00+00:00
[2023-04-22T22:53:30.474+0300] {processor.py:175} INFO - Processing /home/vladimir/.local/lib/python3.10/site-packages/airflow/example_dags/example_branch_operator.py took 0.055 seconds
[2023-04-22T22:54:14.358+0300] {processor.py:153} INFO - Started process (PID=11794) to work on /home/vladimir/.local/lib/python3.10/site-packages/airflow/example_dags/example_branch_operator.py
[2023-04-22T22:54:14.359+0300] {processor.py:743} INFO - Processing file /home/vladimir/.local/lib/python3.10/site-packages/airflow/example_dags/example_branch_operator.py for tasks to queue
[2023-04-22T22:54:14.360+0300] {logging_mixin.py:137} INFO - [2023-04-22T22:54:14.359+0300] {dagbag.py:532} INFO - Filling up the DagBag from /home/vladimir/.local/lib/python3.10/site-packages/airflow/example_dags/example_branch_operator.py
[2023-04-22T22:54:14.370+0300] {processor.py:753} INFO - DAG(s) dict_keys(['example_branch_operator']) retrieved from /home/vladimir/.local/lib/python3.10/site-packages/airflow/example_dags/example_branch_operator.py
[2023-04-22T22:54:14.387+0300] {logging_mixin.py:137} INFO - [2023-04-22T22:54:14.387+0300] {dag.py:2705} INFO - Sync 1 DAGs
[2023-04-22T22:54:14.401+0300] {logging_mixin.py:137} INFO - [2023-04-22T22:54:14.401+0300] {dag.py:3452} INFO - Setting next_dagrun for example_branch_operator to 2023-04-21T00:00:00+00:00, run_after=2023-04-22T00:00:00+00:00
[2023-04-22T22:54:14.418+0300] {processor.py:175} INFO - Processing /home/vladimir/.local/lib/python3.10/site-packages/airflow/example_dags/example_branch_operator.py took 0.061 seconds
[2023-04-22T22:55:03.093+0300] {processor.py:153} INFO - Started process (PID=11877) to work on /home/vladimir/.local/lib/python3.10/site-packages/airflow/example_dags/example_branch_operator.py
[2023-04-22T22:55:03.096+0300] {processor.py:743} INFO - Processing file /home/vladimir/.local/lib/python3.10/site-packages/airflow/example_dags/example_branch_operator.py for tasks to queue
[2023-04-22T22:55:03.122+0300] {logging_mixin.py:137} INFO - [2023-04-22T22:55:03.122+0300] {dagbag.py:532} INFO - Filling up the DagBag from /home/vladimir/.local/lib/python3.10/site-packages/airflow/example_dags/example_branch_operator.py
[2023-04-22T22:55:03.316+0300] {processor.py:753} INFO - DAG(s) dict_keys(['example_branch_operator']) retrieved from /home/vladimir/.local/lib/python3.10/site-packages/airflow/example_dags/example_branch_operator.py
[2023-04-22T22:55:03.453+0300] {logging_mixin.py:137} INFO - [2023-04-22T22:55:03.453+0300] {dag.py:2705} INFO - Sync 1 DAGs
[2023-04-22T22:55:03.520+0300] {logging_mixin.py:137} INFO - [2023-04-22T22:55:03.518+0300] {dag.py:3452} INFO - Setting next_dagrun for example_branch_operator to 2023-04-21T00:00:00+00:00, run_after=2023-04-22T00:00:00+00:00
[2023-04-22T22:55:03.613+0300] {processor.py:175} INFO - Processing /home/vladimir/.local/lib/python3.10/site-packages/airflow/example_dags/example_branch_operator.py took 0.638 seconds
[2023-04-22T22:55:51.952+0300] {processor.py:153} INFO - Started process (PID=11936) to work on /home/vladimir/.local/lib/python3.10/site-packages/airflow/example_dags/example_branch_operator.py
[2023-04-22T22:55:51.953+0300] {processor.py:743} INFO - Processing file /home/vladimir/.local/lib/python3.10/site-packages/airflow/example_dags/example_branch_operator.py for tasks to queue
[2023-04-22T22:55:51.954+0300] {logging_mixin.py:137} INFO - [2023-04-22T22:55:51.953+0300] {dagbag.py:532} INFO - Filling up the DagBag from /home/vladimir/.local/lib/python3.10/site-packages/airflow/example_dags/example_branch_operator.py
[2023-04-22T22:55:51.965+0300] {processor.py:753} INFO - DAG(s) dict_keys(['example_branch_operator']) retrieved from /home/vladimir/.local/lib/python3.10/site-packages/airflow/example_dags/example_branch_operator.py
[2023-04-22T22:55:51.979+0300] {logging_mixin.py:137} INFO - [2023-04-22T22:55:51.979+0300] {dag.py:2705} INFO - Sync 1 DAGs
[2023-04-22T22:55:51.991+0300] {logging_mixin.py:137} INFO - [2023-04-22T22:55:51.991+0300] {dag.py:3452} INFO - Setting next_dagrun for example_branch_operator to 2023-04-21T00:00:00+00:00, run_after=2023-04-22T00:00:00+00:00
[2023-04-22T22:55:52.003+0300] {processor.py:175} INFO - Processing /home/vladimir/.local/lib/python3.10/site-packages/airflow/example_dags/example_branch_operator.py took 0.052 seconds
[2023-04-23T01:29:19.843+0300] {processor.py:153} INFO - Started process (PID=4426) to work on /home/vladimir/.local/lib/python3.10/site-packages/airflow/example_dags/example_branch_operator.py
[2023-04-23T01:29:19.844+0300] {processor.py:743} INFO - Processing file /home/vladimir/.local/lib/python3.10/site-packages/airflow/example_dags/example_branch_operator.py for tasks to queue
[2023-04-23T01:29:19.844+0300] {logging_mixin.py:137} INFO - [2023-04-23T01:29:19.844+0300] {dagbag.py:532} INFO - Filling up the DagBag from /home/vladimir/.local/lib/python3.10/site-packages/airflow/example_dags/example_branch_operator.py
[2023-04-23T01:29:19.857+0300] {processor.py:753} INFO - DAG(s) dict_keys(['example_branch_operator']) retrieved from /home/vladimir/.local/lib/python3.10/site-packages/airflow/example_dags/example_branch_operator.py
[2023-04-23T01:29:19.872+0300] {logging_mixin.py:137} INFO - [2023-04-23T01:29:19.872+0300] {dag.py:2705} INFO - Sync 1 DAGs
[2023-04-23T01:29:19.892+0300] {logging_mixin.py:137} INFO - [2023-04-23T01:29:19.892+0300] {dag.py:3452} INFO - Setting next_dagrun for example_branch_operator to 2023-04-21T00:00:00+00:00, run_after=2023-04-22T00:00:00+00:00
[2023-04-23T01:29:19.908+0300] {processor.py:175} INFO - Processing /home/vladimir/.local/lib/python3.10/site-packages/airflow/example_dags/example_branch_operator.py took 0.067 seconds
[2023-04-23T01:30:04.688+0300] {processor.py:153} INFO - Started process (PID=4484) to work on /home/vladimir/.local/lib/python3.10/site-packages/airflow/example_dags/example_branch_operator.py
[2023-04-23T01:30:04.688+0300] {processor.py:743} INFO - Processing file /home/vladimir/.local/lib/python3.10/site-packages/airflow/example_dags/example_branch_operator.py for tasks to queue
[2023-04-23T01:30:04.689+0300] {logging_mixin.py:137} INFO - [2023-04-23T01:30:04.689+0300] {dagbag.py:532} INFO - Filling up the DagBag from /home/vladimir/.local/lib/python3.10/site-packages/airflow/example_dags/example_branch_operator.py
[2023-04-23T01:30:04.702+0300] {processor.py:753} INFO - DAG(s) dict_keys(['example_branch_operator']) retrieved from /home/vladimir/.local/lib/python3.10/site-packages/airflow/example_dags/example_branch_operator.py
[2023-04-23T01:30:04.717+0300] {logging_mixin.py:137} INFO - [2023-04-23T01:30:04.717+0300] {dag.py:2705} INFO - Sync 1 DAGs
[2023-04-23T01:30:04.732+0300] {logging_mixin.py:137} INFO - [2023-04-23T01:30:04.732+0300] {dag.py:3452} INFO - Setting next_dagrun for example_branch_operator to 2023-04-21T00:00:00+00:00, run_after=2023-04-22T00:00:00+00:00
[2023-04-23T01:30:04.745+0300] {processor.py:175} INFO - Processing /home/vladimir/.local/lib/python3.10/site-packages/airflow/example_dags/example_branch_operator.py took 0.060 seconds
[2023-04-23T01:30:47.095+0300] {processor.py:153} INFO - Started process (PID=4572) to work on /home/vladimir/.local/lib/python3.10/site-packages/airflow/example_dags/example_branch_operator.py
[2023-04-23T01:30:47.096+0300] {processor.py:743} INFO - Processing file /home/vladimir/.local/lib/python3.10/site-packages/airflow/example_dags/example_branch_operator.py for tasks to queue
[2023-04-23T01:30:47.096+0300] {logging_mixin.py:137} INFO - [2023-04-23T01:30:47.096+0300] {dagbag.py:532} INFO - Filling up the DagBag from /home/vladimir/.local/lib/python3.10/site-packages/airflow/example_dags/example_branch_operator.py
[2023-04-23T01:30:47.110+0300] {processor.py:753} INFO - DAG(s) dict_keys(['example_branch_operator']) retrieved from /home/vladimir/.local/lib/python3.10/site-packages/airflow/example_dags/example_branch_operator.py
[2023-04-23T01:30:47.132+0300] {logging_mixin.py:137} INFO - [2023-04-23T01:30:47.132+0300] {dag.py:2705} INFO - Sync 1 DAGs
[2023-04-23T01:30:47.146+0300] {logging_mixin.py:137} INFO - [2023-04-23T01:30:47.146+0300] {dag.py:3452} INFO - Setting next_dagrun for example_branch_operator to 2023-04-21T00:00:00+00:00, run_after=2023-04-22T00:00:00+00:00
[2023-04-23T01:30:47.159+0300] {processor.py:175} INFO - Processing /home/vladimir/.local/lib/python3.10/site-packages/airflow/example_dags/example_branch_operator.py took 0.067 seconds
[2023-04-23T01:31:33.339+0300] {processor.py:153} INFO - Started process (PID=4637) to work on /home/vladimir/.local/lib/python3.10/site-packages/airflow/example_dags/example_branch_operator.py
[2023-04-23T01:31:33.340+0300] {processor.py:743} INFO - Processing file /home/vladimir/.local/lib/python3.10/site-packages/airflow/example_dags/example_branch_operator.py for tasks to queue
[2023-04-23T01:31:33.340+0300] {logging_mixin.py:137} INFO - [2023-04-23T01:31:33.340+0300] {dagbag.py:532} INFO - Filling up the DagBag from /home/vladimir/.local/lib/python3.10/site-packages/airflow/example_dags/example_branch_operator.py
[2023-04-23T01:31:33.353+0300] {processor.py:753} INFO - DAG(s) dict_keys(['example_branch_operator']) retrieved from /home/vladimir/.local/lib/python3.10/site-packages/airflow/example_dags/example_branch_operator.py
[2023-04-23T01:31:33.368+0300] {logging_mixin.py:137} INFO - [2023-04-23T01:31:33.367+0300] {dag.py:2705} INFO - Sync 1 DAGs
[2023-04-23T01:31:33.383+0300] {logging_mixin.py:137} INFO - [2023-04-23T01:31:33.382+0300] {dag.py:3452} INFO - Setting next_dagrun for example_branch_operator to 2023-04-21T00:00:00+00:00, run_after=2023-04-22T00:00:00+00:00
[2023-04-23T01:31:33.395+0300] {processor.py:175} INFO - Processing /home/vladimir/.local/lib/python3.10/site-packages/airflow/example_dags/example_branch_operator.py took 0.058 seconds
[2023-04-23T01:32:13.251+0300] {processor.py:153} INFO - Started process (PID=4685) to work on /home/vladimir/.local/lib/python3.10/site-packages/airflow/example_dags/example_branch_operator.py
[2023-04-23T01:32:13.252+0300] {processor.py:743} INFO - Processing file /home/vladimir/.local/lib/python3.10/site-packages/airflow/example_dags/example_branch_operator.py for tasks to queue
[2023-04-23T01:32:13.252+0300] {logging_mixin.py:137} INFO - [2023-04-23T01:32:13.252+0300] {dagbag.py:532} INFO - Filling up the DagBag from /home/vladimir/.local/lib/python3.10/site-packages/airflow/example_dags/example_branch_operator.py
[2023-04-23T01:32:13.264+0300] {processor.py:753} INFO - DAG(s) dict_keys(['example_branch_operator']) retrieved from /home/vladimir/.local/lib/python3.10/site-packages/airflow/example_dags/example_branch_operator.py
[2023-04-23T01:32:13.279+0300] {logging_mixin.py:137} INFO - [2023-04-23T01:32:13.279+0300] {dag.py:2705} INFO - Sync 1 DAGs
[2023-04-23T01:32:13.292+0300] {logging_mixin.py:137} INFO - [2023-04-23T01:32:13.292+0300] {dag.py:3452} INFO - Setting next_dagrun for example_branch_operator to 2023-04-21T00:00:00+00:00, run_after=2023-04-22T00:00:00+00:00
[2023-04-23T01:32:13.306+0300] {processor.py:175} INFO - Processing /home/vladimir/.local/lib/python3.10/site-packages/airflow/example_dags/example_branch_operator.py took 0.057 seconds
[2023-04-23T01:32:56.618+0300] {processor.py:153} INFO - Started process (PID=4746) to work on /home/vladimir/.local/lib/python3.10/site-packages/airflow/example_dags/example_branch_operator.py
[2023-04-23T01:32:56.619+0300] {processor.py:743} INFO - Processing file /home/vladimir/.local/lib/python3.10/site-packages/airflow/example_dags/example_branch_operator.py for tasks to queue
[2023-04-23T01:32:56.620+0300] {logging_mixin.py:137} INFO - [2023-04-23T01:32:56.620+0300] {dagbag.py:532} INFO - Filling up the DagBag from /home/vladimir/.local/lib/python3.10/site-packages/airflow/example_dags/example_branch_operator.py
[2023-04-23T01:32:56.632+0300] {processor.py:753} INFO - DAG(s) dict_keys(['example_branch_operator']) retrieved from /home/vladimir/.local/lib/python3.10/site-packages/airflow/example_dags/example_branch_operator.py
[2023-04-23T01:32:56.648+0300] {logging_mixin.py:137} INFO - [2023-04-23T01:32:56.647+0300] {dag.py:2705} INFO - Sync 1 DAGs
[2023-04-23T01:32:56.661+0300] {logging_mixin.py:137} INFO - [2023-04-23T01:32:56.661+0300] {dag.py:3452} INFO - Setting next_dagrun for example_branch_operator to 2023-04-21T00:00:00+00:00, run_after=2023-04-22T00:00:00+00:00
[2023-04-23T01:32:56.674+0300] {processor.py:175} INFO - Processing /home/vladimir/.local/lib/python3.10/site-packages/airflow/example_dags/example_branch_operator.py took 0.058 seconds
[2023-04-23T01:33:40.514+0300] {processor.py:153} INFO - Started process (PID=4807) to work on /home/vladimir/.local/lib/python3.10/site-packages/airflow/example_dags/example_branch_operator.py
[2023-04-23T01:33:40.515+0300] {processor.py:743} INFO - Processing file /home/vladimir/.local/lib/python3.10/site-packages/airflow/example_dags/example_branch_operator.py for tasks to queue
[2023-04-23T01:33:40.515+0300] {logging_mixin.py:137} INFO - [2023-04-23T01:33:40.515+0300] {dagbag.py:532} INFO - Filling up the DagBag from /home/vladimir/.local/lib/python3.10/site-packages/airflow/example_dags/example_branch_operator.py
[2023-04-23T01:33:40.527+0300] {processor.py:753} INFO - DAG(s) dict_keys(['example_branch_operator']) retrieved from /home/vladimir/.local/lib/python3.10/site-packages/airflow/example_dags/example_branch_operator.py
[2023-04-23T01:33:40.542+0300] {logging_mixin.py:137} INFO - [2023-04-23T01:33:40.542+0300] {dag.py:2705} INFO - Sync 1 DAGs
[2023-04-23T01:33:40.557+0300] {logging_mixin.py:137} INFO - [2023-04-23T01:33:40.556+0300] {dag.py:3452} INFO - Setting next_dagrun for example_branch_operator to 2023-04-21T00:00:00+00:00, run_after=2023-04-22T00:00:00+00:00
[2023-04-23T01:33:40.570+0300] {processor.py:175} INFO - Processing /home/vladimir/.local/lib/python3.10/site-packages/airflow/example_dags/example_branch_operator.py took 0.058 seconds
[2023-04-23T01:34:21.608+0300] {processor.py:153} INFO - Started process (PID=4913) to work on /home/vladimir/.local/lib/python3.10/site-packages/airflow/example_dags/example_branch_operator.py
[2023-04-23T01:34:21.609+0300] {processor.py:743} INFO - Processing file /home/vladimir/.local/lib/python3.10/site-packages/airflow/example_dags/example_branch_operator.py for tasks to queue
[2023-04-23T01:34:21.610+0300] {logging_mixin.py:137} INFO - [2023-04-23T01:34:21.609+0300] {dagbag.py:532} INFO - Filling up the DagBag from /home/vladimir/.local/lib/python3.10/site-packages/airflow/example_dags/example_branch_operator.py
[2023-04-23T01:34:21.622+0300] {processor.py:753} INFO - DAG(s) dict_keys(['example_branch_operator']) retrieved from /home/vladimir/.local/lib/python3.10/site-packages/airflow/example_dags/example_branch_operator.py
[2023-04-23T01:34:21.638+0300] {logging_mixin.py:137} INFO - [2023-04-23T01:34:21.638+0300] {dag.py:2705} INFO - Sync 1 DAGs
[2023-04-23T01:34:21.653+0300] {logging_mixin.py:137} INFO - [2023-04-23T01:34:21.652+0300] {dag.py:3452} INFO - Setting next_dagrun for example_branch_operator to 2023-04-21T00:00:00+00:00, run_after=2023-04-22T00:00:00+00:00
[2023-04-23T01:34:21.665+0300] {processor.py:175} INFO - Processing /home/vladimir/.local/lib/python3.10/site-packages/airflow/example_dags/example_branch_operator.py took 0.059 seconds
[2023-04-23T01:35:10.536+0300] {processor.py:153} INFO - Started process (PID=4977) to work on /home/vladimir/.local/lib/python3.10/site-packages/airflow/example_dags/example_branch_operator.py
[2023-04-23T01:35:10.536+0300] {processor.py:743} INFO - Processing file /home/vladimir/.local/lib/python3.10/site-packages/airflow/example_dags/example_branch_operator.py for tasks to queue
[2023-04-23T01:35:10.537+0300] {logging_mixin.py:137} INFO - [2023-04-23T01:35:10.537+0300] {dagbag.py:532} INFO - Filling up the DagBag from /home/vladimir/.local/lib/python3.10/site-packages/airflow/example_dags/example_branch_operator.py
[2023-04-23T01:35:10.550+0300] {processor.py:753} INFO - DAG(s) dict_keys(['example_branch_operator']) retrieved from /home/vladimir/.local/lib/python3.10/site-packages/airflow/example_dags/example_branch_operator.py
[2023-04-23T01:35:10.566+0300] {logging_mixin.py:137} INFO - [2023-04-23T01:35:10.566+0300] {dag.py:2705} INFO - Sync 1 DAGs
[2023-04-23T01:35:10.579+0300] {logging_mixin.py:137} INFO - [2023-04-23T01:35:10.579+0300] {dag.py:3452} INFO - Setting next_dagrun for example_branch_operator to 2023-04-21T00:00:00+00:00, run_after=2023-04-22T00:00:00+00:00
[2023-04-23T01:35:10.591+0300] {processor.py:175} INFO - Processing /home/vladimir/.local/lib/python3.10/site-packages/airflow/example_dags/example_branch_operator.py took 0.058 seconds
