[2023-04-22T22:50:10.474+0300] {processor.py:153} INFO - Started process (PID=11374) to work on /home/vladimir/.local/lib/python3.10/site-packages/airflow/example_dags/example_subdag_operator.py
[2023-04-22T22:50:10.475+0300] {processor.py:743} INFO - Processing file /home/vladimir/.local/lib/python3.10/site-packages/airflow/example_dags/example_subdag_operator.py for tasks to queue
[2023-04-22T22:50:10.476+0300] {logging_mixin.py:137} INFO - [2023-04-22T22:50:10.476+0300] {dagbag.py:532} INFO - Filling up the DagBag from /home/vladimir/.local/lib/python3.10/site-packages/airflow/example_dags/example_subdag_operator.py
[2023-04-22T22:50:10.494+0300] {processor.py:753} INFO - DAG(s) dict_keys(['example_subdag_operator.section-1', 'example_subdag_operator.section-2', 'example_subdag_operator']) retrieved from /home/vladimir/.local/lib/python3.10/site-packages/airflow/example_dags/example_subdag_operator.py
[2023-04-22T22:50:10.552+0300] {logging_mixin.py:137} INFO - [2023-04-22T22:50:10.551+0300] {manager.py:504} INFO - Created Permission View: can delete on DAG:example_subdag_operator
[2023-04-22T22:50:10.556+0300] {logging_mixin.py:137} INFO - [2023-04-22T22:50:10.556+0300] {manager.py:504} INFO - Created Permission View: can read on DAG:example_subdag_operator
[2023-04-22T22:50:10.560+0300] {logging_mixin.py:137} INFO - [2023-04-22T22:50:10.560+0300] {manager.py:504} INFO - Created Permission View: can edit on DAG:example_subdag_operator
[2023-04-22T22:50:10.560+0300] {logging_mixin.py:137} INFO - [2023-04-22T22:50:10.560+0300] {dag.py:2705} INFO - Sync 3 DAGs
[2023-04-22T22:50:10.567+0300] {logging_mixin.py:137} INFO - [2023-04-22T22:50:10.567+0300] {dag.py:2726} INFO - Creating ORM DAG for example_subdag_operator.section-1
[2023-04-22T22:50:10.568+0300] {logging_mixin.py:137} INFO - [2023-04-22T22:50:10.568+0300] {dag.py:2726} INFO - Creating ORM DAG for example_subdag_operator.section-2
[2023-04-22T22:50:10.568+0300] {logging_mixin.py:137} INFO - [2023-04-22T22:50:10.568+0300] {dag.py:2726} INFO - Creating ORM DAG for example_subdag_operator
[2023-04-22T22:50:10.573+0300] {logging_mixin.py:137} INFO - [2023-04-22T22:50:10.573+0300] {dag.py:3452} INFO - Setting next_dagrun for example_subdag_operator to 2022-01-01T00:00:00+00:00, run_after=2022-01-01T00:00:00+00:00
[2023-04-22T22:50:10.573+0300] {logging_mixin.py:137} INFO - [2023-04-22T22:50:10.573+0300] {dag.py:3452} INFO - Setting next_dagrun for example_subdag_operator.section-1 to None, run_after=None
[2023-04-22T22:50:10.574+0300] {logging_mixin.py:137} INFO - [2023-04-22T22:50:10.574+0300] {dag.py:3452} INFO - Setting next_dagrun for example_subdag_operator.section-2 to None, run_after=None
[2023-04-22T22:50:10.577+0300] {logging_mixin.py:137} INFO - [2023-04-22T22:50:10.577+0300] {dag.py:2705} INFO - Sync 2 DAGs
[2023-04-22T22:50:10.580+0300] {logging_mixin.py:137} INFO - [2023-04-22T22:50:10.579+0300] {dag.py:3452} INFO - Setting next_dagrun for example_subdag_operator.section-1 to None, run_after=None
[2023-04-22T22:50:10.581+0300] {logging_mixin.py:137} INFO - [2023-04-22T22:50:10.581+0300] {dag.py:3452} INFO - Setting next_dagrun for example_subdag_operator.section-2 to None, run_after=None
[2023-04-22T22:50:10.589+0300] {processor.py:175} INFO - Processing /home/vladimir/.local/lib/python3.10/site-packages/airflow/example_dags/example_subdag_operator.py took 0.117 seconds
[2023-04-22T22:50:54.566+0300] {processor.py:153} INFO - Started process (PID=11464) to work on /home/vladimir/.local/lib/python3.10/site-packages/airflow/example_dags/example_subdag_operator.py
[2023-04-22T22:50:54.567+0300] {processor.py:743} INFO - Processing file /home/vladimir/.local/lib/python3.10/site-packages/airflow/example_dags/example_subdag_operator.py for tasks to queue
[2023-04-22T22:50:54.568+0300] {logging_mixin.py:137} INFO - [2023-04-22T22:50:54.568+0300] {dagbag.py:532} INFO - Filling up the DagBag from /home/vladimir/.local/lib/python3.10/site-packages/airflow/example_dags/example_subdag_operator.py
[2023-04-22T22:50:54.587+0300] {processor.py:753} INFO - DAG(s) dict_keys(['example_subdag_operator.section-1', 'example_subdag_operator.section-2', 'example_subdag_operator']) retrieved from /home/vladimir/.local/lib/python3.10/site-packages/airflow/example_dags/example_subdag_operator.py
[2023-04-22T22:50:54.601+0300] {logging_mixin.py:137} INFO - [2023-04-22T22:50:54.600+0300] {dag.py:2705} INFO - Sync 3 DAGs
[2023-04-22T22:50:54.613+0300] {logging_mixin.py:137} INFO - [2023-04-22T22:50:54.613+0300] {dag.py:3452} INFO - Setting next_dagrun for example_subdag_operator to 2022-01-01T00:00:00+00:00, run_after=2022-01-01T00:00:00+00:00
[2023-04-22T22:50:54.615+0300] {logging_mixin.py:137} INFO - [2023-04-22T22:50:54.615+0300] {dag.py:3452} INFO - Setting next_dagrun for example_subdag_operator.section-1 to None, run_after=None
[2023-04-22T22:50:54.615+0300] {logging_mixin.py:137} INFO - [2023-04-22T22:50:54.615+0300] {dag.py:3452} INFO - Setting next_dagrun for example_subdag_operator.section-2 to None, run_after=None
[2023-04-22T22:50:54.619+0300] {logging_mixin.py:137} INFO - [2023-04-22T22:50:54.619+0300] {dag.py:2705} INFO - Sync 2 DAGs
[2023-04-22T22:50:54.621+0300] {logging_mixin.py:137} INFO - [2023-04-22T22:50:54.621+0300] {dag.py:3452} INFO - Setting next_dagrun for example_subdag_operator.section-1 to None, run_after=None
[2023-04-22T22:50:54.621+0300] {logging_mixin.py:137} INFO - [2023-04-22T22:50:54.621+0300] {dag.py:3452} INFO - Setting next_dagrun for example_subdag_operator.section-2 to None, run_after=None
[2023-04-22T22:50:54.630+0300] {processor.py:175} INFO - Processing /home/vladimir/.local/lib/python3.10/site-packages/airflow/example_dags/example_subdag_operator.py took 0.065 seconds
[2023-04-22T22:51:37.056+0300] {processor.py:153} INFO - Started process (PID=11565) to work on /home/vladimir/.local/lib/python3.10/site-packages/airflow/example_dags/example_subdag_operator.py
[2023-04-22T22:51:37.057+0300] {processor.py:743} INFO - Processing file /home/vladimir/.local/lib/python3.10/site-packages/airflow/example_dags/example_subdag_operator.py for tasks to queue
[2023-04-22T22:51:37.057+0300] {logging_mixin.py:137} INFO - [2023-04-22T22:51:37.057+0300] {dagbag.py:532} INFO - Filling up the DagBag from /home/vladimir/.local/lib/python3.10/site-packages/airflow/example_dags/example_subdag_operator.py
[2023-04-22T22:51:37.076+0300] {processor.py:753} INFO - DAG(s) dict_keys(['example_subdag_operator.section-1', 'example_subdag_operator.section-2', 'example_subdag_operator']) retrieved from /home/vladimir/.local/lib/python3.10/site-packages/airflow/example_dags/example_subdag_operator.py
[2023-04-22T22:51:37.088+0300] {logging_mixin.py:137} INFO - [2023-04-22T22:51:37.088+0300] {dag.py:2705} INFO - Sync 3 DAGs
[2023-04-22T22:51:37.099+0300] {logging_mixin.py:137} INFO - [2023-04-22T22:51:37.099+0300] {dag.py:3452} INFO - Setting next_dagrun for example_subdag_operator to 2022-01-01T00:00:00+00:00, run_after=2022-01-01T00:00:00+00:00
[2023-04-22T22:51:37.101+0300] {logging_mixin.py:137} INFO - [2023-04-22T22:51:37.101+0300] {dag.py:3452} INFO - Setting next_dagrun for example_subdag_operator.section-1 to None, run_after=None
[2023-04-22T22:51:37.101+0300] {logging_mixin.py:137} INFO - [2023-04-22T22:51:37.101+0300] {dag.py:3452} INFO - Setting next_dagrun for example_subdag_operator.section-2 to None, run_after=None
[2023-04-22T22:51:37.104+0300] {logging_mixin.py:137} INFO - [2023-04-22T22:51:37.104+0300] {dag.py:2705} INFO - Sync 2 DAGs
[2023-04-22T22:51:37.107+0300] {logging_mixin.py:137} INFO - [2023-04-22T22:51:37.107+0300] {dag.py:3452} INFO - Setting next_dagrun for example_subdag_operator.section-1 to None, run_after=None
[2023-04-22T22:51:37.107+0300] {logging_mixin.py:137} INFO - [2023-04-22T22:51:37.107+0300] {dag.py:3452} INFO - Setting next_dagrun for example_subdag_operator.section-2 to None, run_after=None
[2023-04-22T22:51:37.114+0300] {processor.py:175} INFO - Processing /home/vladimir/.local/lib/python3.10/site-packages/airflow/example_dags/example_subdag_operator.py took 0.061 seconds
[2023-04-22T22:52:12.834+0300] {processor.py:153} INFO - Started process (PID=11628) to work on /home/vladimir/.local/lib/python3.10/site-packages/airflow/example_dags/example_subdag_operator.py
[2023-04-22T22:52:12.834+0300] {processor.py:743} INFO - Processing file /home/vladimir/.local/lib/python3.10/site-packages/airflow/example_dags/example_subdag_operator.py for tasks to queue
[2023-04-22T22:52:12.835+0300] {logging_mixin.py:137} INFO - [2023-04-22T22:52:12.835+0300] {dagbag.py:532} INFO - Filling up the DagBag from /home/vladimir/.local/lib/python3.10/site-packages/airflow/example_dags/example_subdag_operator.py
[2023-04-22T22:52:12.853+0300] {processor.py:753} INFO - DAG(s) dict_keys(['example_subdag_operator.section-1', 'example_subdag_operator.section-2', 'example_subdag_operator']) retrieved from /home/vladimir/.local/lib/python3.10/site-packages/airflow/example_dags/example_subdag_operator.py
[2023-04-22T22:52:12.866+0300] {logging_mixin.py:137} INFO - [2023-04-22T22:52:12.866+0300] {dag.py:2705} INFO - Sync 3 DAGs
[2023-04-22T22:52:12.880+0300] {logging_mixin.py:137} INFO - [2023-04-22T22:52:12.880+0300] {dag.py:3452} INFO - Setting next_dagrun for example_subdag_operator to 2022-01-01T00:00:00+00:00, run_after=2022-01-01T00:00:00+00:00
[2023-04-22T22:52:12.881+0300] {logging_mixin.py:137} INFO - [2023-04-22T22:52:12.881+0300] {dag.py:3452} INFO - Setting next_dagrun for example_subdag_operator.section-1 to None, run_after=None
[2023-04-22T22:52:12.882+0300] {logging_mixin.py:137} INFO - [2023-04-22T22:52:12.882+0300] {dag.py:3452} INFO - Setting next_dagrun for example_subdag_operator.section-2 to None, run_after=None
[2023-04-22T22:52:12.886+0300] {logging_mixin.py:137} INFO - [2023-04-22T22:52:12.886+0300] {dag.py:2705} INFO - Sync 2 DAGs
[2023-04-22T22:52:12.889+0300] {logging_mixin.py:137} INFO - [2023-04-22T22:52:12.889+0300] {dag.py:3452} INFO - Setting next_dagrun for example_subdag_operator.section-1 to None, run_after=None
[2023-04-22T22:52:12.889+0300] {logging_mixin.py:137} INFO - [2023-04-22T22:52:12.889+0300] {dag.py:3452} INFO - Setting next_dagrun for example_subdag_operator.section-2 to None, run_after=None
[2023-04-22T22:52:12.898+0300] {processor.py:175} INFO - Processing /home/vladimir/.local/lib/python3.10/site-packages/airflow/example_dags/example_subdag_operator.py took 0.066 seconds
[2023-04-22T22:52:49.881+0300] {processor.py:153} INFO - Started process (PID=11672) to work on /home/vladimir/.local/lib/python3.10/site-packages/airflow/example_dags/example_subdag_operator.py
[2023-04-22T22:52:49.882+0300] {processor.py:743} INFO - Processing file /home/vladimir/.local/lib/python3.10/site-packages/airflow/example_dags/example_subdag_operator.py for tasks to queue
[2023-04-22T22:52:49.882+0300] {logging_mixin.py:137} INFO - [2023-04-22T22:52:49.882+0300] {dagbag.py:532} INFO - Filling up the DagBag from /home/vladimir/.local/lib/python3.10/site-packages/airflow/example_dags/example_subdag_operator.py
[2023-04-22T22:52:49.901+0300] {processor.py:753} INFO - DAG(s) dict_keys(['example_subdag_operator.section-1', 'example_subdag_operator.section-2', 'example_subdag_operator']) retrieved from /home/vladimir/.local/lib/python3.10/site-packages/airflow/example_dags/example_subdag_operator.py
[2023-04-22T22:52:49.914+0300] {logging_mixin.py:137} INFO - [2023-04-22T22:52:49.914+0300] {dag.py:2705} INFO - Sync 3 DAGs
[2023-04-22T22:52:49.927+0300] {logging_mixin.py:137} INFO - [2023-04-22T22:52:49.927+0300] {dag.py:3452} INFO - Setting next_dagrun for example_subdag_operator to 2022-01-01T00:00:00+00:00, run_after=2022-01-01T00:00:00+00:00
[2023-04-22T22:52:49.929+0300] {logging_mixin.py:137} INFO - [2023-04-22T22:52:49.929+0300] {dag.py:3452} INFO - Setting next_dagrun for example_subdag_operator.section-1 to None, run_after=None
[2023-04-22T22:52:49.930+0300] {logging_mixin.py:137} INFO - [2023-04-22T22:52:49.930+0300] {dag.py:3452} INFO - Setting next_dagrun for example_subdag_operator.section-2 to None, run_after=None
[2023-04-22T22:52:49.934+0300] {logging_mixin.py:137} INFO - [2023-04-22T22:52:49.934+0300] {dag.py:2705} INFO - Sync 2 DAGs
[2023-04-22T22:52:49.937+0300] {logging_mixin.py:137} INFO - [2023-04-22T22:52:49.937+0300] {dag.py:3452} INFO - Setting next_dagrun for example_subdag_operator.section-1 to None, run_after=None
[2023-04-22T22:52:49.937+0300] {logging_mixin.py:137} INFO - [2023-04-22T22:52:49.937+0300] {dag.py:3452} INFO - Setting next_dagrun for example_subdag_operator.section-2 to None, run_after=None
[2023-04-22T22:52:49.949+0300] {processor.py:175} INFO - Processing /home/vladimir/.local/lib/python3.10/site-packages/airflow/example_dags/example_subdag_operator.py took 0.071 seconds
[2023-04-22T22:53:28.510+0300] {processor.py:153} INFO - Started process (PID=11727) to work on /home/vladimir/.local/lib/python3.10/site-packages/airflow/example_dags/example_subdag_operator.py
[2023-04-22T22:53:28.511+0300] {processor.py:743} INFO - Processing file /home/vladimir/.local/lib/python3.10/site-packages/airflow/example_dags/example_subdag_operator.py for tasks to queue
[2023-04-22T22:53:28.512+0300] {logging_mixin.py:137} INFO - [2023-04-22T22:53:28.512+0300] {dagbag.py:532} INFO - Filling up the DagBag from /home/vladimir/.local/lib/python3.10/site-packages/airflow/example_dags/example_subdag_operator.py
[2023-04-22T22:53:28.533+0300] {processor.py:753} INFO - DAG(s) dict_keys(['example_subdag_operator.section-1', 'example_subdag_operator.section-2', 'example_subdag_operator']) retrieved from /home/vladimir/.local/lib/python3.10/site-packages/airflow/example_dags/example_subdag_operator.py
[2023-04-22T22:53:28.549+0300] {logging_mixin.py:137} INFO - [2023-04-22T22:53:28.549+0300] {dag.py:2705} INFO - Sync 3 DAGs
[2023-04-22T22:53:28.561+0300] {logging_mixin.py:137} INFO - [2023-04-22T22:53:28.560+0300] {dag.py:3452} INFO - Setting next_dagrun for example_subdag_operator to 2022-01-01T00:00:00+00:00, run_after=2022-01-01T00:00:00+00:00
[2023-04-22T22:53:28.562+0300] {logging_mixin.py:137} INFO - [2023-04-22T22:53:28.562+0300] {dag.py:3452} INFO - Setting next_dagrun for example_subdag_operator.section-1 to None, run_after=None
[2023-04-22T22:53:28.563+0300] {logging_mixin.py:137} INFO - [2023-04-22T22:53:28.563+0300] {dag.py:3452} INFO - Setting next_dagrun for example_subdag_operator.section-2 to None, run_after=None
[2023-04-22T22:53:28.566+0300] {logging_mixin.py:137} INFO - [2023-04-22T22:53:28.566+0300] {dag.py:2705} INFO - Sync 2 DAGs
[2023-04-22T22:53:28.568+0300] {logging_mixin.py:137} INFO - [2023-04-22T22:53:28.568+0300] {dag.py:3452} INFO - Setting next_dagrun for example_subdag_operator.section-1 to None, run_after=None
[2023-04-22T22:53:28.568+0300] {logging_mixin.py:137} INFO - [2023-04-22T22:53:28.568+0300] {dag.py:3452} INFO - Setting next_dagrun for example_subdag_operator.section-2 to None, run_after=None
[2023-04-22T22:53:28.578+0300] {processor.py:175} INFO - Processing /home/vladimir/.local/lib/python3.10/site-packages/airflow/example_dags/example_subdag_operator.py took 0.070 seconds
[2023-04-22T22:54:09.818+0300] {processor.py:153} INFO - Started process (PID=11786) to work on /home/vladimir/.local/lib/python3.10/site-packages/airflow/example_dags/example_subdag_operator.py
[2023-04-22T22:54:09.819+0300] {processor.py:743} INFO - Processing file /home/vladimir/.local/lib/python3.10/site-packages/airflow/example_dags/example_subdag_operator.py for tasks to queue
[2023-04-22T22:54:09.819+0300] {logging_mixin.py:137} INFO - [2023-04-22T22:54:09.819+0300] {dagbag.py:532} INFO - Filling up the DagBag from /home/vladimir/.local/lib/python3.10/site-packages/airflow/example_dags/example_subdag_operator.py
[2023-04-22T22:54:09.838+0300] {processor.py:753} INFO - DAG(s) dict_keys(['example_subdag_operator.section-1', 'example_subdag_operator.section-2', 'example_subdag_operator']) retrieved from /home/vladimir/.local/lib/python3.10/site-packages/airflow/example_dags/example_subdag_operator.py
[2023-04-22T22:54:09.850+0300] {logging_mixin.py:137} INFO - [2023-04-22T22:54:09.849+0300] {dag.py:2705} INFO - Sync 3 DAGs
[2023-04-22T22:54:09.862+0300] {logging_mixin.py:137} INFO - [2023-04-22T22:54:09.862+0300] {dag.py:3452} INFO - Setting next_dagrun for example_subdag_operator to 2022-01-01T00:00:00+00:00, run_after=2022-01-01T00:00:00+00:00
[2023-04-22T22:54:09.863+0300] {logging_mixin.py:137} INFO - [2023-04-22T22:54:09.863+0300] {dag.py:3452} INFO - Setting next_dagrun for example_subdag_operator.section-1 to None, run_after=None
[2023-04-22T22:54:09.864+0300] {logging_mixin.py:137} INFO - [2023-04-22T22:54:09.864+0300] {dag.py:3452} INFO - Setting next_dagrun for example_subdag_operator.section-2 to None, run_after=None
[2023-04-22T22:54:09.867+0300] {logging_mixin.py:137} INFO - [2023-04-22T22:54:09.867+0300] {dag.py:2705} INFO - Sync 2 DAGs
[2023-04-22T22:54:09.870+0300] {logging_mixin.py:137} INFO - [2023-04-22T22:54:09.870+0300] {dag.py:3452} INFO - Setting next_dagrun for example_subdag_operator.section-1 to None, run_after=None
[2023-04-22T22:54:09.870+0300] {logging_mixin.py:137} INFO - [2023-04-22T22:54:09.870+0300] {dag.py:3452} INFO - Setting next_dagrun for example_subdag_operator.section-2 to None, run_after=None
[2023-04-22T22:54:09.878+0300] {processor.py:175} INFO - Processing /home/vladimir/.local/lib/python3.10/site-packages/airflow/example_dags/example_subdag_operator.py took 0.062 seconds
[2023-04-22T22:54:49.827+0300] {processor.py:153} INFO - Started process (PID=11848) to work on /home/vladimir/.local/lib/python3.10/site-packages/airflow/example_dags/example_subdag_operator.py
[2023-04-22T22:54:49.828+0300] {processor.py:743} INFO - Processing file /home/vladimir/.local/lib/python3.10/site-packages/airflow/example_dags/example_subdag_operator.py for tasks to queue
[2023-04-22T22:54:49.828+0300] {logging_mixin.py:137} INFO - [2023-04-22T22:54:49.828+0300] {dagbag.py:532} INFO - Filling up the DagBag from /home/vladimir/.local/lib/python3.10/site-packages/airflow/example_dags/example_subdag_operator.py
[2023-04-22T22:54:49.846+0300] {processor.py:753} INFO - DAG(s) dict_keys(['example_subdag_operator.section-1', 'example_subdag_operator.section-2', 'example_subdag_operator']) retrieved from /home/vladimir/.local/lib/python3.10/site-packages/airflow/example_dags/example_subdag_operator.py
[2023-04-22T22:54:49.859+0300] {logging_mixin.py:137} INFO - [2023-04-22T22:54:49.858+0300] {dag.py:2705} INFO - Sync 3 DAGs
[2023-04-22T22:54:49.872+0300] {logging_mixin.py:137} INFO - [2023-04-22T22:54:49.872+0300] {dag.py:3452} INFO - Setting next_dagrun for example_subdag_operator to 2022-01-01T00:00:00+00:00, run_after=2022-01-01T00:00:00+00:00
[2023-04-22T22:54:49.874+0300] {logging_mixin.py:137} INFO - [2023-04-22T22:54:49.874+0300] {dag.py:3452} INFO - Setting next_dagrun for example_subdag_operator.section-1 to None, run_after=None
[2023-04-22T22:54:49.875+0300] {logging_mixin.py:137} INFO - [2023-04-22T22:54:49.875+0300] {dag.py:3452} INFO - Setting next_dagrun for example_subdag_operator.section-2 to None, run_after=None
[2023-04-22T22:54:49.879+0300] {logging_mixin.py:137} INFO - [2023-04-22T22:54:49.879+0300] {dag.py:2705} INFO - Sync 2 DAGs
[2023-04-22T22:54:49.882+0300] {logging_mixin.py:137} INFO - [2023-04-22T22:54:49.882+0300] {dag.py:3452} INFO - Setting next_dagrun for example_subdag_operator.section-1 to None, run_after=None
[2023-04-22T22:54:49.882+0300] {logging_mixin.py:137} INFO - [2023-04-22T22:54:49.882+0300] {dag.py:3452} INFO - Setting next_dagrun for example_subdag_operator.section-2 to None, run_after=None
[2023-04-22T22:54:49.890+0300] {processor.py:175} INFO - Processing /home/vladimir/.local/lib/python3.10/site-packages/airflow/example_dags/example_subdag_operator.py took 0.066 seconds
[2023-04-22T22:55:30.691+0300] {processor.py:153} INFO - Started process (PID=11910) to work on /home/vladimir/.local/lib/python3.10/site-packages/airflow/example_dags/example_subdag_operator.py
[2023-04-22T22:55:30.692+0300] {processor.py:743} INFO - Processing file /home/vladimir/.local/lib/python3.10/site-packages/airflow/example_dags/example_subdag_operator.py for tasks to queue
[2023-04-22T22:55:30.693+0300] {logging_mixin.py:137} INFO - [2023-04-22T22:55:30.693+0300] {dagbag.py:532} INFO - Filling up the DagBag from /home/vladimir/.local/lib/python3.10/site-packages/airflow/example_dags/example_subdag_operator.py
[2023-04-22T22:55:30.710+0300] {processor.py:753} INFO - DAG(s) dict_keys(['example_subdag_operator.section-1', 'example_subdag_operator.section-2', 'example_subdag_operator']) retrieved from /home/vladimir/.local/lib/python3.10/site-packages/airflow/example_dags/example_subdag_operator.py
[2023-04-22T22:55:30.723+0300] {logging_mixin.py:137} INFO - [2023-04-22T22:55:30.723+0300] {dag.py:2705} INFO - Sync 3 DAGs
[2023-04-22T22:55:30.734+0300] {logging_mixin.py:137} INFO - [2023-04-22T22:55:30.734+0300] {dag.py:3452} INFO - Setting next_dagrun for example_subdag_operator to 2022-01-01T00:00:00+00:00, run_after=2022-01-01T00:00:00+00:00
[2023-04-22T22:55:30.736+0300] {logging_mixin.py:137} INFO - [2023-04-22T22:55:30.736+0300] {dag.py:3452} INFO - Setting next_dagrun for example_subdag_operator.section-1 to None, run_after=None
[2023-04-22T22:55:30.736+0300] {logging_mixin.py:137} INFO - [2023-04-22T22:55:30.736+0300] {dag.py:3452} INFO - Setting next_dagrun for example_subdag_operator.section-2 to None, run_after=None
[2023-04-22T22:55:30.746+0300] {logging_mixin.py:137} INFO - [2023-04-22T22:55:30.746+0300] {dag.py:2705} INFO - Sync 2 DAGs
[2023-04-22T22:55:30.749+0300] {logging_mixin.py:137} INFO - [2023-04-22T22:55:30.748+0300] {dag.py:3452} INFO - Setting next_dagrun for example_subdag_operator.section-1 to None, run_after=None
[2023-04-22T22:55:30.749+0300] {logging_mixin.py:137} INFO - [2023-04-22T22:55:30.749+0300] {dag.py:3452} INFO - Setting next_dagrun for example_subdag_operator.section-2 to None, run_after=None
[2023-04-22T22:55:30.758+0300] {processor.py:175} INFO - Processing /home/vladimir/.local/lib/python3.10/site-packages/airflow/example_dags/example_subdag_operator.py took 0.069 seconds
[2023-04-22T22:56:07.368+0300] {processor.py:153} INFO - Started process (PID=11953) to work on /home/vladimir/.local/lib/python3.10/site-packages/airflow/example_dags/example_subdag_operator.py
[2023-04-22T22:56:07.369+0300] {processor.py:743} INFO - Processing file /home/vladimir/.local/lib/python3.10/site-packages/airflow/example_dags/example_subdag_operator.py for tasks to queue
[2023-04-22T22:56:07.369+0300] {logging_mixin.py:137} INFO - [2023-04-22T22:56:07.369+0300] {dagbag.py:532} INFO - Filling up the DagBag from /home/vladimir/.local/lib/python3.10/site-packages/airflow/example_dags/example_subdag_operator.py
[2023-04-22T22:56:07.388+0300] {processor.py:753} INFO - DAG(s) dict_keys(['example_subdag_operator.section-1', 'example_subdag_operator.section-2', 'example_subdag_operator']) retrieved from /home/vladimir/.local/lib/python3.10/site-packages/airflow/example_dags/example_subdag_operator.py
[2023-04-22T22:56:07.403+0300] {logging_mixin.py:137} INFO - [2023-04-22T22:56:07.402+0300] {dag.py:2705} INFO - Sync 3 DAGs
[2023-04-22T22:56:07.418+0300] {logging_mixin.py:137} INFO - [2023-04-22T22:56:07.418+0300] {dag.py:3452} INFO - Setting next_dagrun for example_subdag_operator to 2022-01-01T00:00:00+00:00, run_after=2022-01-01T00:00:00+00:00
[2023-04-22T22:56:07.420+0300] {logging_mixin.py:137} INFO - [2023-04-22T22:56:07.420+0300] {dag.py:3452} INFO - Setting next_dagrun for example_subdag_operator.section-1 to None, run_after=None
[2023-04-22T22:56:07.420+0300] {logging_mixin.py:137} INFO - [2023-04-22T22:56:07.420+0300] {dag.py:3452} INFO - Setting next_dagrun for example_subdag_operator.section-2 to None, run_after=None
[2023-04-22T22:56:07.424+0300] {logging_mixin.py:137} INFO - [2023-04-22T22:56:07.424+0300] {dag.py:2705} INFO - Sync 2 DAGs
[2023-04-22T22:56:07.428+0300] {logging_mixin.py:137} INFO - [2023-04-22T22:56:07.427+0300] {dag.py:3452} INFO - Setting next_dagrun for example_subdag_operator.section-1 to None, run_after=None
[2023-04-22T22:56:07.428+0300] {logging_mixin.py:137} INFO - [2023-04-22T22:56:07.428+0300] {dag.py:3452} INFO - Setting next_dagrun for example_subdag_operator.section-2 to None, run_after=None
[2023-04-22T22:56:07.444+0300] {processor.py:175} INFO - Processing /home/vladimir/.local/lib/python3.10/site-packages/airflow/example_dags/example_subdag_operator.py took 0.079 seconds
[2023-04-23T01:28:53.724+0300] {processor.py:153} INFO - Started process (PID=4382) to work on /home/vladimir/.local/lib/python3.10/site-packages/airflow/example_dags/example_subdag_operator.py
[2023-04-23T01:28:53.815+0300] {processor.py:743} INFO - Processing file /home/vladimir/.local/lib/python3.10/site-packages/airflow/example_dags/example_subdag_operator.py for tasks to queue
[2023-04-23T01:28:53.815+0300] {logging_mixin.py:137} INFO - [2023-04-23T01:28:53.815+0300] {dagbag.py:532} INFO - Filling up the DagBag from /home/vladimir/.local/lib/python3.10/site-packages/airflow/example_dags/example_subdag_operator.py
[2023-04-23T01:28:53.835+0300] {processor.py:753} INFO - DAG(s) dict_keys(['example_subdag_operator.section-1', 'example_subdag_operator.section-2', 'example_subdag_operator']) retrieved from /home/vladimir/.local/lib/python3.10/site-packages/airflow/example_dags/example_subdag_operator.py
[2023-04-23T01:28:53.847+0300] {logging_mixin.py:137} INFO - [2023-04-23T01:28:53.847+0300] {dag.py:2705} INFO - Sync 3 DAGs
[2023-04-23T01:28:53.860+0300] {logging_mixin.py:137} INFO - [2023-04-23T01:28:53.860+0300] {dag.py:3452} INFO - Setting next_dagrun for example_subdag_operator to 2022-01-01T00:00:00+00:00, run_after=2022-01-01T00:00:00+00:00
[2023-04-23T01:28:53.862+0300] {logging_mixin.py:137} INFO - [2023-04-23T01:28:53.862+0300] {dag.py:3452} INFO - Setting next_dagrun for example_subdag_operator.section-1 to None, run_after=None
[2023-04-23T01:28:53.863+0300] {logging_mixin.py:137} INFO - [2023-04-23T01:28:53.863+0300] {dag.py:3452} INFO - Setting next_dagrun for example_subdag_operator.section-2 to None, run_after=None
[2023-04-23T01:28:53.867+0300] {logging_mixin.py:137} INFO - [2023-04-23T01:28:53.867+0300] {dag.py:2705} INFO - Sync 2 DAGs
[2023-04-23T01:28:53.869+0300] {logging_mixin.py:137} INFO - [2023-04-23T01:28:53.869+0300] {dag.py:3452} INFO - Setting next_dagrun for example_subdag_operator.section-1 to None, run_after=None
[2023-04-23T01:28:53.870+0300] {logging_mixin.py:137} INFO - [2023-04-23T01:28:53.870+0300] {dag.py:3452} INFO - Setting next_dagrun for example_subdag_operator.section-2 to None, run_after=None
[2023-04-23T01:28:53.877+0300] {processor.py:175} INFO - Processing /home/vladimir/.local/lib/python3.10/site-packages/airflow/example_dags/example_subdag_operator.py took 0.155 seconds
[2023-04-23T01:29:34.978+0300] {processor.py:153} INFO - Started process (PID=4447) to work on /home/vladimir/.local/lib/python3.10/site-packages/airflow/example_dags/example_subdag_operator.py
[2023-04-23T01:29:34.979+0300] {processor.py:743} INFO - Processing file /home/vladimir/.local/lib/python3.10/site-packages/airflow/example_dags/example_subdag_operator.py for tasks to queue
[2023-04-23T01:29:34.980+0300] {logging_mixin.py:137} INFO - [2023-04-23T01:29:34.980+0300] {dagbag.py:532} INFO - Filling up the DagBag from /home/vladimir/.local/lib/python3.10/site-packages/airflow/example_dags/example_subdag_operator.py
[2023-04-23T01:29:34.998+0300] {processor.py:753} INFO - DAG(s) dict_keys(['example_subdag_operator.section-1', 'example_subdag_operator.section-2', 'example_subdag_operator']) retrieved from /home/vladimir/.local/lib/python3.10/site-packages/airflow/example_dags/example_subdag_operator.py
[2023-04-23T01:29:35.011+0300] {logging_mixin.py:137} INFO - [2023-04-23T01:29:35.011+0300] {dag.py:2705} INFO - Sync 3 DAGs
[2023-04-23T01:29:35.024+0300] {logging_mixin.py:137} INFO - [2023-04-23T01:29:35.024+0300] {dag.py:3452} INFO - Setting next_dagrun for example_subdag_operator to 2022-01-01T00:00:00+00:00, run_after=2022-01-01T00:00:00+00:00
[2023-04-23T01:29:35.026+0300] {logging_mixin.py:137} INFO - [2023-04-23T01:29:35.026+0300] {dag.py:3452} INFO - Setting next_dagrun for example_subdag_operator.section-1 to None, run_after=None
[2023-04-23T01:29:35.026+0300] {logging_mixin.py:137} INFO - [2023-04-23T01:29:35.026+0300] {dag.py:3452} INFO - Setting next_dagrun for example_subdag_operator.section-2 to None, run_after=None
[2023-04-23T01:29:35.030+0300] {logging_mixin.py:137} INFO - [2023-04-23T01:29:35.030+0300] {dag.py:2705} INFO - Sync 2 DAGs
[2023-04-23T01:29:35.032+0300] {logging_mixin.py:137} INFO - [2023-04-23T01:29:35.032+0300] {dag.py:3452} INFO - Setting next_dagrun for example_subdag_operator.section-1 to None, run_after=None
[2023-04-23T01:29:35.032+0300] {logging_mixin.py:137} INFO - [2023-04-23T01:29:35.032+0300] {dag.py:3452} INFO - Setting next_dagrun for example_subdag_operator.section-2 to None, run_after=None
[2023-04-23T01:29:35.040+0300] {processor.py:175} INFO - Processing /home/vladimir/.local/lib/python3.10/site-packages/airflow/example_dags/example_subdag_operator.py took 0.064 seconds
[2023-04-23T01:30:16.097+0300] {processor.py:153} INFO - Started process (PID=4496) to work on /home/vladimir/.local/lib/python3.10/site-packages/airflow/example_dags/example_subdag_operator.py
[2023-04-23T01:30:16.098+0300] {processor.py:743} INFO - Processing file /home/vladimir/.local/lib/python3.10/site-packages/airflow/example_dags/example_subdag_operator.py for tasks to queue
[2023-04-23T01:30:16.099+0300] {logging_mixin.py:137} INFO - [2023-04-23T01:30:16.099+0300] {dagbag.py:532} INFO - Filling up the DagBag from /home/vladimir/.local/lib/python3.10/site-packages/airflow/example_dags/example_subdag_operator.py
[2023-04-23T01:30:16.118+0300] {processor.py:753} INFO - DAG(s) dict_keys(['example_subdag_operator.section-1', 'example_subdag_operator.section-2', 'example_subdag_operator']) retrieved from /home/vladimir/.local/lib/python3.10/site-packages/airflow/example_dags/example_subdag_operator.py
[2023-04-23T01:30:16.132+0300] {logging_mixin.py:137} INFO - [2023-04-23T01:30:16.132+0300] {dag.py:2705} INFO - Sync 3 DAGs
[2023-04-23T01:30:16.144+0300] {logging_mixin.py:137} INFO - [2023-04-23T01:30:16.144+0300] {dag.py:3452} INFO - Setting next_dagrun for example_subdag_operator to 2022-01-01T00:00:00+00:00, run_after=2022-01-01T00:00:00+00:00
[2023-04-23T01:30:16.146+0300] {logging_mixin.py:137} INFO - [2023-04-23T01:30:16.146+0300] {dag.py:3452} INFO - Setting next_dagrun for example_subdag_operator.section-1 to None, run_after=None
[2023-04-23T01:30:16.146+0300] {logging_mixin.py:137} INFO - [2023-04-23T01:30:16.146+0300] {dag.py:3452} INFO - Setting next_dagrun for example_subdag_operator.section-2 to None, run_after=None
[2023-04-23T01:30:16.150+0300] {logging_mixin.py:137} INFO - [2023-04-23T01:30:16.150+0300] {dag.py:2705} INFO - Sync 2 DAGs
[2023-04-23T01:30:16.152+0300] {logging_mixin.py:137} INFO - [2023-04-23T01:30:16.152+0300] {dag.py:3452} INFO - Setting next_dagrun for example_subdag_operator.section-1 to None, run_after=None
[2023-04-23T01:30:16.152+0300] {logging_mixin.py:137} INFO - [2023-04-23T01:30:16.152+0300] {dag.py:3452} INFO - Setting next_dagrun for example_subdag_operator.section-2 to None, run_after=None
[2023-04-23T01:30:16.161+0300] {processor.py:175} INFO - Processing /home/vladimir/.local/lib/python3.10/site-packages/airflow/example_dags/example_subdag_operator.py took 0.066 seconds
[2023-04-23T01:30:56.238+0300] {processor.py:153} INFO - Started process (PID=4583) to work on /home/vladimir/.local/lib/python3.10/site-packages/airflow/example_dags/example_subdag_operator.py
[2023-04-23T01:30:56.240+0300] {processor.py:743} INFO - Processing file /home/vladimir/.local/lib/python3.10/site-packages/airflow/example_dags/example_subdag_operator.py for tasks to queue
[2023-04-23T01:30:56.240+0300] {logging_mixin.py:137} INFO - [2023-04-23T01:30:56.240+0300] {dagbag.py:532} INFO - Filling up the DagBag from /home/vladimir/.local/lib/python3.10/site-packages/airflow/example_dags/example_subdag_operator.py
[2023-04-23T01:30:56.260+0300] {processor.py:753} INFO - DAG(s) dict_keys(['example_subdag_operator.section-1', 'example_subdag_operator.section-2', 'example_subdag_operator']) retrieved from /home/vladimir/.local/lib/python3.10/site-packages/airflow/example_dags/example_subdag_operator.py
[2023-04-23T01:30:56.273+0300] {logging_mixin.py:137} INFO - [2023-04-23T01:30:56.273+0300] {dag.py:2705} INFO - Sync 3 DAGs
[2023-04-23T01:30:56.288+0300] {logging_mixin.py:137} INFO - [2023-04-23T01:30:56.288+0300] {dag.py:3452} INFO - Setting next_dagrun for example_subdag_operator to 2022-01-01T00:00:00+00:00, run_after=2022-01-01T00:00:00+00:00
[2023-04-23T01:30:56.290+0300] {logging_mixin.py:137} INFO - [2023-04-23T01:30:56.290+0300] {dag.py:3452} INFO - Setting next_dagrun for example_subdag_operator.section-1 to None, run_after=None
[2023-04-23T01:30:56.290+0300] {logging_mixin.py:137} INFO - [2023-04-23T01:30:56.290+0300] {dag.py:3452} INFO - Setting next_dagrun for example_subdag_operator.section-2 to None, run_after=None
[2023-04-23T01:30:56.294+0300] {logging_mixin.py:137} INFO - [2023-04-23T01:30:56.294+0300] {dag.py:2705} INFO - Sync 2 DAGs
[2023-04-23T01:30:56.296+0300] {logging_mixin.py:137} INFO - [2023-04-23T01:30:56.296+0300] {dag.py:3452} INFO - Setting next_dagrun for example_subdag_operator.section-1 to None, run_after=None
[2023-04-23T01:30:56.296+0300] {logging_mixin.py:137} INFO - [2023-04-23T01:30:56.296+0300] {dag.py:3452} INFO - Setting next_dagrun for example_subdag_operator.section-2 to None, run_after=None
[2023-04-23T01:30:56.304+0300] {processor.py:175} INFO - Processing /home/vladimir/.local/lib/python3.10/site-packages/airflow/example_dags/example_subdag_operator.py took 0.068 seconds
[2023-04-23T01:31:37.350+0300] {processor.py:153} INFO - Started process (PID=4648) to work on /home/vladimir/.local/lib/python3.10/site-packages/airflow/example_dags/example_subdag_operator.py
[2023-04-23T01:31:37.351+0300] {processor.py:743} INFO - Processing file /home/vladimir/.local/lib/python3.10/site-packages/airflow/example_dags/example_subdag_operator.py for tasks to queue
[2023-04-23T01:31:37.352+0300] {logging_mixin.py:137} INFO - [2023-04-23T01:31:37.352+0300] {dagbag.py:532} INFO - Filling up the DagBag from /home/vladimir/.local/lib/python3.10/site-packages/airflow/example_dags/example_subdag_operator.py
[2023-04-23T01:31:37.372+0300] {processor.py:753} INFO - DAG(s) dict_keys(['example_subdag_operator.section-1', 'example_subdag_operator.section-2', 'example_subdag_operator']) retrieved from /home/vladimir/.local/lib/python3.10/site-packages/airflow/example_dags/example_subdag_operator.py
[2023-04-23T01:31:37.386+0300] {logging_mixin.py:137} INFO - [2023-04-23T01:31:37.386+0300] {dag.py:2705} INFO - Sync 3 DAGs
[2023-04-23T01:31:37.399+0300] {logging_mixin.py:137} INFO - [2023-04-23T01:31:37.398+0300] {dag.py:3452} INFO - Setting next_dagrun for example_subdag_operator to 2022-01-01T00:00:00+00:00, run_after=2022-01-01T00:00:00+00:00
[2023-04-23T01:31:37.401+0300] {logging_mixin.py:137} INFO - [2023-04-23T01:31:37.401+0300] {dag.py:3452} INFO - Setting next_dagrun for example_subdag_operator.section-1 to None, run_after=None
[2023-04-23T01:31:37.401+0300] {logging_mixin.py:137} INFO - [2023-04-23T01:31:37.401+0300] {dag.py:3452} INFO - Setting next_dagrun for example_subdag_operator.section-2 to None, run_after=None
[2023-04-23T01:31:37.405+0300] {logging_mixin.py:137} INFO - [2023-04-23T01:31:37.405+0300] {dag.py:2705} INFO - Sync 2 DAGs
[2023-04-23T01:31:37.407+0300] {logging_mixin.py:137} INFO - [2023-04-23T01:31:37.407+0300] {dag.py:3452} INFO - Setting next_dagrun for example_subdag_operator.section-1 to None, run_after=None
[2023-04-23T01:31:37.407+0300] {logging_mixin.py:137} INFO - [2023-04-23T01:31:37.407+0300] {dag.py:3452} INFO - Setting next_dagrun for example_subdag_operator.section-2 to None, run_after=None
[2023-04-23T01:31:37.415+0300] {processor.py:175} INFO - Processing /home/vladimir/.local/lib/python3.10/site-packages/airflow/example_dags/example_subdag_operator.py took 0.067 seconds
[2023-04-23T01:32:20.611+0300] {processor.py:153} INFO - Started process (PID=4692) to work on /home/vladimir/.local/lib/python3.10/site-packages/airflow/example_dags/example_subdag_operator.py
[2023-04-23T01:32:20.612+0300] {processor.py:743} INFO - Processing file /home/vladimir/.local/lib/python3.10/site-packages/airflow/example_dags/example_subdag_operator.py for tasks to queue
[2023-04-23T01:32:20.612+0300] {logging_mixin.py:137} INFO - [2023-04-23T01:32:20.612+0300] {dagbag.py:532} INFO - Filling up the DagBag from /home/vladimir/.local/lib/python3.10/site-packages/airflow/example_dags/example_subdag_operator.py
[2023-04-23T01:32:20.632+0300] {processor.py:753} INFO - DAG(s) dict_keys(['example_subdag_operator.section-1', 'example_subdag_operator.section-2', 'example_subdag_operator']) retrieved from /home/vladimir/.local/lib/python3.10/site-packages/airflow/example_dags/example_subdag_operator.py
[2023-04-23T01:32:20.646+0300] {logging_mixin.py:137} INFO - [2023-04-23T01:32:20.645+0300] {dag.py:2705} INFO - Sync 3 DAGs
[2023-04-23T01:32:20.658+0300] {logging_mixin.py:137} INFO - [2023-04-23T01:32:20.658+0300] {dag.py:3452} INFO - Setting next_dagrun for example_subdag_operator to 2022-01-01T00:00:00+00:00, run_after=2022-01-01T00:00:00+00:00
[2023-04-23T01:32:20.660+0300] {logging_mixin.py:137} INFO - [2023-04-23T01:32:20.660+0300] {dag.py:3452} INFO - Setting next_dagrun for example_subdag_operator.section-1 to None, run_after=None
[2023-04-23T01:32:20.660+0300] {logging_mixin.py:137} INFO - [2023-04-23T01:32:20.660+0300] {dag.py:3452} INFO - Setting next_dagrun for example_subdag_operator.section-2 to None, run_after=None
[2023-04-23T01:32:20.663+0300] {logging_mixin.py:137} INFO - [2023-04-23T01:32:20.663+0300] {dag.py:2705} INFO - Sync 2 DAGs
[2023-04-23T01:32:20.668+0300] {logging_mixin.py:137} INFO - [2023-04-23T01:32:20.668+0300] {dag.py:3452} INFO - Setting next_dagrun for example_subdag_operator.section-1 to None, run_after=None
[2023-04-23T01:32:20.668+0300] {logging_mixin.py:137} INFO - [2023-04-23T01:32:20.668+0300] {dag.py:3452} INFO - Setting next_dagrun for example_subdag_operator.section-2 to None, run_after=None
[2023-04-23T01:32:20.677+0300] {processor.py:175} INFO - Processing /home/vladimir/.local/lib/python3.10/site-packages/airflow/example_dags/example_subdag_operator.py took 0.068 seconds
[2023-04-23T01:32:58.878+0300] {processor.py:153} INFO - Started process (PID=4750) to work on /home/vladimir/.local/lib/python3.10/site-packages/airflow/example_dags/example_subdag_operator.py
[2023-04-23T01:32:58.879+0300] {processor.py:743} INFO - Processing file /home/vladimir/.local/lib/python3.10/site-packages/airflow/example_dags/example_subdag_operator.py for tasks to queue
[2023-04-23T01:32:58.879+0300] {logging_mixin.py:137} INFO - [2023-04-23T01:32:58.879+0300] {dagbag.py:532} INFO - Filling up the DagBag from /home/vladimir/.local/lib/python3.10/site-packages/airflow/example_dags/example_subdag_operator.py
[2023-04-23T01:32:58.898+0300] {processor.py:753} INFO - DAG(s) dict_keys(['example_subdag_operator.section-1', 'example_subdag_operator.section-2', 'example_subdag_operator']) retrieved from /home/vladimir/.local/lib/python3.10/site-packages/airflow/example_dags/example_subdag_operator.py
[2023-04-23T01:32:58.911+0300] {logging_mixin.py:137} INFO - [2023-04-23T01:32:58.911+0300] {dag.py:2705} INFO - Sync 3 DAGs
[2023-04-23T01:32:58.925+0300] {logging_mixin.py:137} INFO - [2023-04-23T01:32:58.924+0300] {dag.py:3452} INFO - Setting next_dagrun for example_subdag_operator to 2022-01-01T00:00:00+00:00, run_after=2022-01-01T00:00:00+00:00
[2023-04-23T01:32:58.927+0300] {logging_mixin.py:137} INFO - [2023-04-23T01:32:58.926+0300] {dag.py:3452} INFO - Setting next_dagrun for example_subdag_operator.section-1 to None, run_after=None
[2023-04-23T01:32:58.927+0300] {logging_mixin.py:137} INFO - [2023-04-23T01:32:58.927+0300] {dag.py:3452} INFO - Setting next_dagrun for example_subdag_operator.section-2 to None, run_after=None
[2023-04-23T01:32:58.931+0300] {logging_mixin.py:137} INFO - [2023-04-23T01:32:58.931+0300] {dag.py:2705} INFO - Sync 2 DAGs
[2023-04-23T01:32:58.933+0300] {logging_mixin.py:137} INFO - [2023-04-23T01:32:58.933+0300] {dag.py:3452} INFO - Setting next_dagrun for example_subdag_operator.section-1 to None, run_after=None
[2023-04-23T01:32:58.933+0300] {logging_mixin.py:137} INFO - [2023-04-23T01:32:58.933+0300] {dag.py:3452} INFO - Setting next_dagrun for example_subdag_operator.section-2 to None, run_after=None
[2023-04-23T01:32:58.942+0300] {processor.py:175} INFO - Processing /home/vladimir/.local/lib/python3.10/site-packages/airflow/example_dags/example_subdag_operator.py took 0.065 seconds
[2023-04-23T01:33:33.799+0300] {processor.py:153} INFO - Started process (PID=4799) to work on /home/vladimir/.local/lib/python3.10/site-packages/airflow/example_dags/example_subdag_operator.py
[2023-04-23T01:33:33.800+0300] {processor.py:743} INFO - Processing file /home/vladimir/.local/lib/python3.10/site-packages/airflow/example_dags/example_subdag_operator.py for tasks to queue
[2023-04-23T01:33:33.801+0300] {logging_mixin.py:137} INFO - [2023-04-23T01:33:33.801+0300] {dagbag.py:532} INFO - Filling up the DagBag from /home/vladimir/.local/lib/python3.10/site-packages/airflow/example_dags/example_subdag_operator.py
[2023-04-23T01:33:33.819+0300] {processor.py:753} INFO - DAG(s) dict_keys(['example_subdag_operator.section-1', 'example_subdag_operator.section-2', 'example_subdag_operator']) retrieved from /home/vladimir/.local/lib/python3.10/site-packages/airflow/example_dags/example_subdag_operator.py
[2023-04-23T01:33:33.832+0300] {logging_mixin.py:137} INFO - [2023-04-23T01:33:33.832+0300] {dag.py:2705} INFO - Sync 3 DAGs
[2023-04-23T01:33:33.845+0300] {logging_mixin.py:137} INFO - [2023-04-23T01:33:33.845+0300] {dag.py:3452} INFO - Setting next_dagrun for example_subdag_operator to 2022-01-01T00:00:00+00:00, run_after=2022-01-01T00:00:00+00:00
[2023-04-23T01:33:33.846+0300] {logging_mixin.py:137} INFO - [2023-04-23T01:33:33.846+0300] {dag.py:3452} INFO - Setting next_dagrun for example_subdag_operator.section-1 to None, run_after=None
[2023-04-23T01:33:33.847+0300] {logging_mixin.py:137} INFO - [2023-04-23T01:33:33.847+0300] {dag.py:3452} INFO - Setting next_dagrun for example_subdag_operator.section-2 to None, run_after=None
[2023-04-23T01:33:33.851+0300] {logging_mixin.py:137} INFO - [2023-04-23T01:33:33.851+0300] {dag.py:2705} INFO - Sync 2 DAGs
[2023-04-23T01:33:33.853+0300] {logging_mixin.py:137} INFO - [2023-04-23T01:33:33.853+0300] {dag.py:3452} INFO - Setting next_dagrun for example_subdag_operator.section-1 to None, run_after=None
[2023-04-23T01:33:33.853+0300] {logging_mixin.py:137} INFO - [2023-04-23T01:33:33.853+0300] {dag.py:3452} INFO - Setting next_dagrun for example_subdag_operator.section-2 to None, run_after=None
[2023-04-23T01:33:33.861+0300] {processor.py:175} INFO - Processing /home/vladimir/.local/lib/python3.10/site-packages/airflow/example_dags/example_subdag_operator.py took 0.064 seconds
[2023-04-23T01:34:14.726+0300] {processor.py:153} INFO - Started process (PID=4902) to work on /home/vladimir/.local/lib/python3.10/site-packages/airflow/example_dags/example_subdag_operator.py
[2023-04-23T01:34:14.727+0300] {processor.py:743} INFO - Processing file /home/vladimir/.local/lib/python3.10/site-packages/airflow/example_dags/example_subdag_operator.py for tasks to queue
[2023-04-23T01:34:14.727+0300] {logging_mixin.py:137} INFO - [2023-04-23T01:34:14.727+0300] {dagbag.py:532} INFO - Filling up the DagBag from /home/vladimir/.local/lib/python3.10/site-packages/airflow/example_dags/example_subdag_operator.py
[2023-04-23T01:34:14.746+0300] {processor.py:753} INFO - DAG(s) dict_keys(['example_subdag_operator.section-1', 'example_subdag_operator.section-2', 'example_subdag_operator']) retrieved from /home/vladimir/.local/lib/python3.10/site-packages/airflow/example_dags/example_subdag_operator.py
[2023-04-23T01:34:14.760+0300] {logging_mixin.py:137} INFO - [2023-04-23T01:34:14.760+0300] {dag.py:2705} INFO - Sync 3 DAGs
[2023-04-23T01:34:14.775+0300] {logging_mixin.py:137} INFO - [2023-04-23T01:34:14.774+0300] {dag.py:3452} INFO - Setting next_dagrun for example_subdag_operator to 2022-01-01T00:00:00+00:00, run_after=2022-01-01T00:00:00+00:00
[2023-04-23T01:34:14.776+0300] {logging_mixin.py:137} INFO - [2023-04-23T01:34:14.776+0300] {dag.py:3452} INFO - Setting next_dagrun for example_subdag_operator.section-1 to None, run_after=None
[2023-04-23T01:34:14.777+0300] {logging_mixin.py:137} INFO - [2023-04-23T01:34:14.777+0300] {dag.py:3452} INFO - Setting next_dagrun for example_subdag_operator.section-2 to None, run_after=None
[2023-04-23T01:34:14.780+0300] {logging_mixin.py:137} INFO - [2023-04-23T01:34:14.780+0300] {dag.py:2705} INFO - Sync 2 DAGs
[2023-04-23T01:34:14.783+0300] {logging_mixin.py:137} INFO - [2023-04-23T01:34:14.783+0300] {dag.py:3452} INFO - Setting next_dagrun for example_subdag_operator.section-1 to None, run_after=None
[2023-04-23T01:34:14.784+0300] {logging_mixin.py:137} INFO - [2023-04-23T01:34:14.784+0300] {dag.py:3452} INFO - Setting next_dagrun for example_subdag_operator.section-2 to None, run_after=None
[2023-04-23T01:34:14.792+0300] {processor.py:175} INFO - Processing /home/vladimir/.local/lib/python3.10/site-packages/airflow/example_dags/example_subdag_operator.py took 0.069 seconds
[2023-04-23T01:34:49.561+0300] {processor.py:153} INFO - Started process (PID=4950) to work on /home/vladimir/.local/lib/python3.10/site-packages/airflow/example_dags/example_subdag_operator.py
[2023-04-23T01:34:49.563+0300] {processor.py:743} INFO - Processing file /home/vladimir/.local/lib/python3.10/site-packages/airflow/example_dags/example_subdag_operator.py for tasks to queue
[2023-04-23T01:34:49.564+0300] {logging_mixin.py:137} INFO - [2023-04-23T01:34:49.564+0300] {dagbag.py:532} INFO - Filling up the DagBag from /home/vladimir/.local/lib/python3.10/site-packages/airflow/example_dags/example_subdag_operator.py
[2023-04-23T01:34:49.584+0300] {processor.py:753} INFO - DAG(s) dict_keys(['example_subdag_operator.section-1', 'example_subdag_operator.section-2', 'example_subdag_operator']) retrieved from /home/vladimir/.local/lib/python3.10/site-packages/airflow/example_dags/example_subdag_operator.py
[2023-04-23T01:34:49.597+0300] {logging_mixin.py:137} INFO - [2023-04-23T01:34:49.597+0300] {dag.py:2705} INFO - Sync 3 DAGs
[2023-04-23T01:34:49.609+0300] {logging_mixin.py:137} INFO - [2023-04-23T01:34:49.609+0300] {dag.py:3452} INFO - Setting next_dagrun for example_subdag_operator to 2022-01-01T00:00:00+00:00, run_after=2022-01-01T00:00:00+00:00
[2023-04-23T01:34:49.611+0300] {logging_mixin.py:137} INFO - [2023-04-23T01:34:49.611+0300] {dag.py:3452} INFO - Setting next_dagrun for example_subdag_operator.section-1 to None, run_after=None
[2023-04-23T01:34:49.611+0300] {logging_mixin.py:137} INFO - [2023-04-23T01:34:49.611+0300] {dag.py:3452} INFO - Setting next_dagrun for example_subdag_operator.section-2 to None, run_after=None
[2023-04-23T01:34:49.615+0300] {logging_mixin.py:137} INFO - [2023-04-23T01:34:49.615+0300] {dag.py:2705} INFO - Sync 2 DAGs
[2023-04-23T01:34:49.617+0300] {logging_mixin.py:137} INFO - [2023-04-23T01:34:49.617+0300] {dag.py:3452} INFO - Setting next_dagrun for example_subdag_operator.section-1 to None, run_after=None
[2023-04-23T01:34:49.617+0300] {logging_mixin.py:137} INFO - [2023-04-23T01:34:49.617+0300] {dag.py:3452} INFO - Setting next_dagrun for example_subdag_operator.section-2 to None, run_after=None
[2023-04-23T01:34:49.626+0300] {processor.py:175} INFO - Processing /home/vladimir/.local/lib/python3.10/site-packages/airflow/example_dags/example_subdag_operator.py took 0.067 seconds
