[2023-04-22T22:50:06.469+0300] {processor.py:153} INFO - Started process (PID=11368) to work on /home/vladimir/.local/lib/python3.10/site-packages/airflow/example_dags/example_time_delta_sensor_async.py
[2023-04-22T22:50:06.470+0300] {processor.py:743} INFO - Processing file /home/vladimir/.local/lib/python3.10/site-packages/airflow/example_dags/example_time_delta_sensor_async.py for tasks to queue
[2023-04-22T22:50:06.470+0300] {logging_mixin.py:137} INFO - [2023-04-22T22:50:06.470+0300] {dagbag.py:532} INFO - Filling up the DagBag from /home/vladimir/.local/lib/python3.10/site-packages/airflow/example_dags/example_time_delta_sensor_async.py
[2023-04-22T22:50:06.481+0300] {processor.py:753} INFO - DAG(s) dict_keys(['example_time_delta_sensor_async']) retrieved from /home/vladimir/.local/lib/python3.10/site-packages/airflow/example_dags/example_time_delta_sensor_async.py
[2023-04-22T22:50:06.541+0300] {logging_mixin.py:137} INFO - [2023-04-22T22:50:06.541+0300] {manager.py:504} INFO - Created Permission View: can delete on DAG:example_time_delta_sensor_async
[2023-04-22T22:50:06.546+0300] {logging_mixin.py:137} INFO - [2023-04-22T22:50:06.546+0300] {manager.py:504} INFO - Created Permission View: can read on DAG:example_time_delta_sensor_async
[2023-04-22T22:50:06.550+0300] {logging_mixin.py:137} INFO - [2023-04-22T22:50:06.550+0300] {manager.py:504} INFO - Created Permission View: can edit on DAG:example_time_delta_sensor_async
[2023-04-22T22:50:06.550+0300] {logging_mixin.py:137} INFO - [2023-04-22T22:50:06.550+0300] {dag.py:2705} INFO - Sync 1 DAGs
[2023-04-22T22:50:06.557+0300] {logging_mixin.py:137} INFO - [2023-04-22T22:50:06.556+0300] {dag.py:2726} INFO - Creating ORM DAG for example_time_delta_sensor_async
[2023-04-22T22:50:06.563+0300] {logging_mixin.py:137} INFO - [2023-04-22T22:50:06.563+0300] {dag.py:3452} INFO - Setting next_dagrun for example_time_delta_sensor_async to None, run_after=None
[2023-04-22T22:50:06.574+0300] {processor.py:175} INFO - Processing /home/vladimir/.local/lib/python3.10/site-packages/airflow/example_dags/example_time_delta_sensor_async.py took 0.108 seconds
[2023-04-22T22:50:50.559+0300] {processor.py:153} INFO - Started process (PID=11456) to work on /home/vladimir/.local/lib/python3.10/site-packages/airflow/example_dags/example_time_delta_sensor_async.py
[2023-04-22T22:50:50.560+0300] {processor.py:743} INFO - Processing file /home/vladimir/.local/lib/python3.10/site-packages/airflow/example_dags/example_time_delta_sensor_async.py for tasks to queue
[2023-04-22T22:50:50.561+0300] {logging_mixin.py:137} INFO - [2023-04-22T22:50:50.560+0300] {dagbag.py:532} INFO - Filling up the DagBag from /home/vladimir/.local/lib/python3.10/site-packages/airflow/example_dags/example_time_delta_sensor_async.py
[2023-04-22T22:50:50.570+0300] {processor.py:753} INFO - DAG(s) dict_keys(['example_time_delta_sensor_async']) retrieved from /home/vladimir/.local/lib/python3.10/site-packages/airflow/example_dags/example_time_delta_sensor_async.py
[2023-04-22T22:50:50.583+0300] {logging_mixin.py:137} INFO - [2023-04-22T22:50:50.583+0300] {dag.py:2705} INFO - Sync 1 DAGs
[2023-04-22T22:50:50.596+0300] {logging_mixin.py:137} INFO - [2023-04-22T22:50:50.595+0300] {dag.py:3452} INFO - Setting next_dagrun for example_time_delta_sensor_async to None, run_after=None
[2023-04-22T22:50:50.608+0300] {processor.py:175} INFO - Processing /home/vladimir/.local/lib/python3.10/site-packages/airflow/example_dags/example_time_delta_sensor_async.py took 0.051 seconds
[2023-04-22T22:51:33.057+0300] {processor.py:153} INFO - Started process (PID=11552) to work on /home/vladimir/.local/lib/python3.10/site-packages/airflow/example_dags/example_time_delta_sensor_async.py
[2023-04-22T22:51:33.058+0300] {processor.py:743} INFO - Processing file /home/vladimir/.local/lib/python3.10/site-packages/airflow/example_dags/example_time_delta_sensor_async.py for tasks to queue
[2023-04-22T22:51:33.058+0300] {logging_mixin.py:137} INFO - [2023-04-22T22:51:33.058+0300] {dagbag.py:532} INFO - Filling up the DagBag from /home/vladimir/.local/lib/python3.10/site-packages/airflow/example_dags/example_time_delta_sensor_async.py
[2023-04-22T22:51:33.069+0300] {processor.py:753} INFO - DAG(s) dict_keys(['example_time_delta_sensor_async']) retrieved from /home/vladimir/.local/lib/python3.10/site-packages/airflow/example_dags/example_time_delta_sensor_async.py
[2023-04-22T22:51:33.085+0300] {logging_mixin.py:137} INFO - [2023-04-22T22:51:33.085+0300] {dag.py:2705} INFO - Sync 1 DAGs
[2023-04-22T22:51:33.099+0300] {logging_mixin.py:137} INFO - [2023-04-22T22:51:33.099+0300] {dag.py:3452} INFO - Setting next_dagrun for example_time_delta_sensor_async to None, run_after=None
[2023-04-22T22:51:33.116+0300] {processor.py:175} INFO - Processing /home/vladimir/.local/lib/python3.10/site-packages/airflow/example_dags/example_time_delta_sensor_async.py took 0.063 seconds
[2023-04-22T22:52:09.347+0300] {processor.py:153} INFO - Started process (PID=11623) to work on /home/vladimir/.local/lib/python3.10/site-packages/airflow/example_dags/example_time_delta_sensor_async.py
[2023-04-22T22:52:09.351+0300] {processor.py:743} INFO - Processing file /home/vladimir/.local/lib/python3.10/site-packages/airflow/example_dags/example_time_delta_sensor_async.py for tasks to queue
[2023-04-22T22:52:09.351+0300] {logging_mixin.py:137} INFO - [2023-04-22T22:52:09.351+0300] {dagbag.py:532} INFO - Filling up the DagBag from /home/vladimir/.local/lib/python3.10/site-packages/airflow/example_dags/example_time_delta_sensor_async.py
[2023-04-22T22:52:09.360+0300] {processor.py:753} INFO - DAG(s) dict_keys(['example_time_delta_sensor_async']) retrieved from /home/vladimir/.local/lib/python3.10/site-packages/airflow/example_dags/example_time_delta_sensor_async.py
[2023-04-22T22:52:09.376+0300] {logging_mixin.py:137} INFO - [2023-04-22T22:52:09.375+0300] {dag.py:2705} INFO - Sync 1 DAGs
[2023-04-22T22:52:09.389+0300] {logging_mixin.py:137} INFO - [2023-04-22T22:52:09.389+0300] {dag.py:3452} INFO - Setting next_dagrun for example_time_delta_sensor_async to None, run_after=None
[2023-04-22T22:52:09.403+0300] {processor.py:175} INFO - Processing /home/vladimir/.local/lib/python3.10/site-packages/airflow/example_dags/example_time_delta_sensor_async.py took 0.059 seconds
[2023-04-22T22:52:46.509+0300] {processor.py:153} INFO - Started process (PID=11668) to work on /home/vladimir/.local/lib/python3.10/site-packages/airflow/example_dags/example_time_delta_sensor_async.py
[2023-04-22T22:52:46.510+0300] {processor.py:743} INFO - Processing file /home/vladimir/.local/lib/python3.10/site-packages/airflow/example_dags/example_time_delta_sensor_async.py for tasks to queue
[2023-04-22T22:52:46.510+0300] {logging_mixin.py:137} INFO - [2023-04-22T22:52:46.510+0300] {dagbag.py:532} INFO - Filling up the DagBag from /home/vladimir/.local/lib/python3.10/site-packages/airflow/example_dags/example_time_delta_sensor_async.py
[2023-04-22T22:52:46.519+0300] {processor.py:753} INFO - DAG(s) dict_keys(['example_time_delta_sensor_async']) retrieved from /home/vladimir/.local/lib/python3.10/site-packages/airflow/example_dags/example_time_delta_sensor_async.py
[2023-04-22T22:52:46.532+0300] {logging_mixin.py:137} INFO - [2023-04-22T22:52:46.532+0300] {dag.py:2705} INFO - Sync 1 DAGs
[2023-04-22T22:52:46.544+0300] {logging_mixin.py:137} INFO - [2023-04-22T22:52:46.544+0300] {dag.py:3452} INFO - Setting next_dagrun for example_time_delta_sensor_async to None, run_after=None
[2023-04-22T22:52:46.555+0300] {processor.py:175} INFO - Processing /home/vladimir/.local/lib/python3.10/site-packages/airflow/example_dags/example_time_delta_sensor_async.py took 0.049 seconds
[2023-04-22T22:53:25.245+0300] {processor.py:153} INFO - Started process (PID=11719) to work on /home/vladimir/.local/lib/python3.10/site-packages/airflow/example_dags/example_time_delta_sensor_async.py
[2023-04-22T22:53:25.246+0300] {processor.py:743} INFO - Processing file /home/vladimir/.local/lib/python3.10/site-packages/airflow/example_dags/example_time_delta_sensor_async.py for tasks to queue
[2023-04-22T22:53:25.248+0300] {logging_mixin.py:137} INFO - [2023-04-22T22:53:25.246+0300] {dagbag.py:532} INFO - Filling up the DagBag from /home/vladimir/.local/lib/python3.10/site-packages/airflow/example_dags/example_time_delta_sensor_async.py
[2023-04-22T22:53:25.258+0300] {processor.py:753} INFO - DAG(s) dict_keys(['example_time_delta_sensor_async']) retrieved from /home/vladimir/.local/lib/python3.10/site-packages/airflow/example_dags/example_time_delta_sensor_async.py
[2023-04-22T22:53:25.273+0300] {logging_mixin.py:137} INFO - [2023-04-22T22:53:25.273+0300] {dag.py:2705} INFO - Sync 1 DAGs
[2023-04-22T22:53:25.288+0300] {logging_mixin.py:137} INFO - [2023-04-22T22:53:25.287+0300] {dag.py:3452} INFO - Setting next_dagrun for example_time_delta_sensor_async to None, run_after=None
[2023-04-22T22:53:25.303+0300] {processor.py:175} INFO - Processing /home/vladimir/.local/lib/python3.10/site-packages/airflow/example_dags/example_time_delta_sensor_async.py took 0.060 seconds
[2023-04-22T22:54:06.350+0300] {processor.py:153} INFO - Started process (PID=11782) to work on /home/vladimir/.local/lib/python3.10/site-packages/airflow/example_dags/example_time_delta_sensor_async.py
[2023-04-22T22:54:06.351+0300] {processor.py:743} INFO - Processing file /home/vladimir/.local/lib/python3.10/site-packages/airflow/example_dags/example_time_delta_sensor_async.py for tasks to queue
[2023-04-22T22:54:06.351+0300] {logging_mixin.py:137} INFO - [2023-04-22T22:54:06.351+0300] {dagbag.py:532} INFO - Filling up the DagBag from /home/vladimir/.local/lib/python3.10/site-packages/airflow/example_dags/example_time_delta_sensor_async.py
[2023-04-22T22:54:06.359+0300] {processor.py:753} INFO - DAG(s) dict_keys(['example_time_delta_sensor_async']) retrieved from /home/vladimir/.local/lib/python3.10/site-packages/airflow/example_dags/example_time_delta_sensor_async.py
[2023-04-22T22:54:06.373+0300] {logging_mixin.py:137} INFO - [2023-04-22T22:54:06.372+0300] {dag.py:2705} INFO - Sync 1 DAGs
[2023-04-22T22:54:06.385+0300] {logging_mixin.py:137} INFO - [2023-04-22T22:54:06.385+0300] {dag.py:3452} INFO - Setting next_dagrun for example_time_delta_sensor_async to None, run_after=None
[2023-04-22T22:54:06.398+0300] {processor.py:175} INFO - Processing /home/vladimir/.local/lib/python3.10/site-packages/airflow/example_dags/example_time_delta_sensor_async.py took 0.050 seconds
[2023-04-22T22:54:45.191+0300] {processor.py:153} INFO - Started process (PID=11836) to work on /home/vladimir/.local/lib/python3.10/site-packages/airflow/example_dags/example_time_delta_sensor_async.py
[2023-04-22T22:54:45.192+0300] {processor.py:743} INFO - Processing file /home/vladimir/.local/lib/python3.10/site-packages/airflow/example_dags/example_time_delta_sensor_async.py for tasks to queue
[2023-04-22T22:54:45.192+0300] {logging_mixin.py:137} INFO - [2023-04-22T22:54:45.192+0300] {dagbag.py:532} INFO - Filling up the DagBag from /home/vladimir/.local/lib/python3.10/site-packages/airflow/example_dags/example_time_delta_sensor_async.py
[2023-04-22T22:54:45.201+0300] {processor.py:753} INFO - DAG(s) dict_keys(['example_time_delta_sensor_async']) retrieved from /home/vladimir/.local/lib/python3.10/site-packages/airflow/example_dags/example_time_delta_sensor_async.py
[2023-04-22T22:54:45.214+0300] {logging_mixin.py:137} INFO - [2023-04-22T22:54:45.214+0300] {dag.py:2705} INFO - Sync 1 DAGs
[2023-04-22T22:54:45.226+0300] {logging_mixin.py:137} INFO - [2023-04-22T22:54:45.226+0300] {dag.py:3452} INFO - Setting next_dagrun for example_time_delta_sensor_async to None, run_after=None
[2023-04-22T22:54:45.238+0300] {processor.py:175} INFO - Processing /home/vladimir/.local/lib/python3.10/site-packages/airflow/example_dags/example_time_delta_sensor_async.py took 0.049 seconds
[2023-04-22T22:55:21.158+0300] {processor.py:153} INFO - Started process (PID=11900) to work on /home/vladimir/.local/lib/python3.10/site-packages/airflow/example_dags/example_time_delta_sensor_async.py
[2023-04-22T22:55:21.159+0300] {processor.py:743} INFO - Processing file /home/vladimir/.local/lib/python3.10/site-packages/airflow/example_dags/example_time_delta_sensor_async.py for tasks to queue
[2023-04-22T22:55:21.159+0300] {logging_mixin.py:137} INFO - [2023-04-22T22:55:21.159+0300] {dagbag.py:532} INFO - Filling up the DagBag from /home/vladimir/.local/lib/python3.10/site-packages/airflow/example_dags/example_time_delta_sensor_async.py
[2023-04-22T22:55:21.167+0300] {processor.py:753} INFO - DAG(s) dict_keys(['example_time_delta_sensor_async']) retrieved from /home/vladimir/.local/lib/python3.10/site-packages/airflow/example_dags/example_time_delta_sensor_async.py
[2023-04-22T22:55:21.180+0300] {logging_mixin.py:137} INFO - [2023-04-22T22:55:21.180+0300] {dag.py:2705} INFO - Sync 1 DAGs
[2023-04-22T22:55:21.192+0300] {logging_mixin.py:137} INFO - [2023-04-22T22:55:21.192+0300] {dag.py:3452} INFO - Setting next_dagrun for example_time_delta_sensor_async to None, run_after=None
[2023-04-22T22:55:21.204+0300] {processor.py:175} INFO - Processing /home/vladimir/.local/lib/python3.10/site-packages/airflow/example_dags/example_time_delta_sensor_async.py took 0.048 seconds
[2023-04-22T22:55:57.416+0300] {processor.py:153} INFO - Started process (PID=11942) to work on /home/vladimir/.local/lib/python3.10/site-packages/airflow/example_dags/example_time_delta_sensor_async.py
[2023-04-22T22:55:57.417+0300] {processor.py:743} INFO - Processing file /home/vladimir/.local/lib/python3.10/site-packages/airflow/example_dags/example_time_delta_sensor_async.py for tasks to queue
[2023-04-22T22:55:57.418+0300] {logging_mixin.py:137} INFO - [2023-04-22T22:55:57.418+0300] {dagbag.py:532} INFO - Filling up the DagBag from /home/vladimir/.local/lib/python3.10/site-packages/airflow/example_dags/example_time_delta_sensor_async.py
[2023-04-22T22:55:57.426+0300] {processor.py:753} INFO - DAG(s) dict_keys(['example_time_delta_sensor_async']) retrieved from /home/vladimir/.local/lib/python3.10/site-packages/airflow/example_dags/example_time_delta_sensor_async.py
[2023-04-22T22:55:57.440+0300] {logging_mixin.py:137} INFO - [2023-04-22T22:55:57.440+0300] {dag.py:2705} INFO - Sync 1 DAGs
[2023-04-22T22:55:57.451+0300] {logging_mixin.py:137} INFO - [2023-04-22T22:55:57.451+0300] {dag.py:3452} INFO - Setting next_dagrun for example_time_delta_sensor_async to None, run_after=None
[2023-04-22T22:55:57.464+0300] {processor.py:175} INFO - Processing /home/vladimir/.local/lib/python3.10/site-packages/airflow/example_dags/example_time_delta_sensor_async.py took 0.050 seconds
[2023-04-23T01:28:49.368+0300] {processor.py:153} INFO - Started process (PID=4378) to work on /home/vladimir/.local/lib/python3.10/site-packages/airflow/example_dags/example_time_delta_sensor_async.py
[2023-04-23T01:28:49.417+0300] {processor.py:743} INFO - Processing file /home/vladimir/.local/lib/python3.10/site-packages/airflow/example_dags/example_time_delta_sensor_async.py for tasks to queue
[2023-04-23T01:28:49.418+0300] {logging_mixin.py:137} INFO - [2023-04-23T01:28:49.418+0300] {dagbag.py:532} INFO - Filling up the DagBag from /home/vladimir/.local/lib/python3.10/site-packages/airflow/example_dags/example_time_delta_sensor_async.py
[2023-04-23T01:28:49.533+0300] {processor.py:753} INFO - DAG(s) dict_keys(['example_time_delta_sensor_async']) retrieved from /home/vladimir/.local/lib/python3.10/site-packages/airflow/example_dags/example_time_delta_sensor_async.py
[2023-04-23T01:28:49.550+0300] {logging_mixin.py:137} INFO - [2023-04-23T01:28:49.550+0300] {dag.py:2705} INFO - Sync 1 DAGs
[2023-04-23T01:28:49.572+0300] {logging_mixin.py:137} INFO - [2023-04-23T01:28:49.572+0300] {dag.py:3452} INFO - Setting next_dagrun for example_time_delta_sensor_async to None, run_after=None
[2023-04-23T01:28:49.589+0300] {processor.py:175} INFO - Processing /home/vladimir/.local/lib/python3.10/site-packages/airflow/example_dags/example_time_delta_sensor_async.py took 0.224 seconds
[2023-04-23T01:29:32.027+0300] {processor.py:153} INFO - Started process (PID=4443) to work on /home/vladimir/.local/lib/python3.10/site-packages/airflow/example_dags/example_time_delta_sensor_async.py
[2023-04-23T01:29:32.028+0300] {processor.py:743} INFO - Processing file /home/vladimir/.local/lib/python3.10/site-packages/airflow/example_dags/example_time_delta_sensor_async.py for tasks to queue
[2023-04-23T01:29:32.028+0300] {logging_mixin.py:137} INFO - [2023-04-23T01:29:32.028+0300] {dagbag.py:532} INFO - Filling up the DagBag from /home/vladimir/.local/lib/python3.10/site-packages/airflow/example_dags/example_time_delta_sensor_async.py
[2023-04-23T01:29:32.037+0300] {processor.py:753} INFO - DAG(s) dict_keys(['example_time_delta_sensor_async']) retrieved from /home/vladimir/.local/lib/python3.10/site-packages/airflow/example_dags/example_time_delta_sensor_async.py
[2023-04-23T01:29:32.051+0300] {logging_mixin.py:137} INFO - [2023-04-23T01:29:32.051+0300] {dag.py:2705} INFO - Sync 1 DAGs
[2023-04-23T01:29:32.064+0300] {logging_mixin.py:137} INFO - [2023-04-23T01:29:32.064+0300] {dag.py:3452} INFO - Setting next_dagrun for example_time_delta_sensor_async to None, run_after=None
[2023-04-23T01:29:32.075+0300] {processor.py:175} INFO - Processing /home/vladimir/.local/lib/python3.10/site-packages/airflow/example_dags/example_time_delta_sensor_async.py took 0.050 seconds
[2023-04-23T01:30:12.090+0300] {processor.py:153} INFO - Started process (PID=4492) to work on /home/vladimir/.local/lib/python3.10/site-packages/airflow/example_dags/example_time_delta_sensor_async.py
[2023-04-23T01:30:12.091+0300] {processor.py:743} INFO - Processing file /home/vladimir/.local/lib/python3.10/site-packages/airflow/example_dags/example_time_delta_sensor_async.py for tasks to queue
[2023-04-23T01:30:12.092+0300] {logging_mixin.py:137} INFO - [2023-04-23T01:30:12.092+0300] {dagbag.py:532} INFO - Filling up the DagBag from /home/vladimir/.local/lib/python3.10/site-packages/airflow/example_dags/example_time_delta_sensor_async.py
[2023-04-23T01:30:12.101+0300] {processor.py:753} INFO - DAG(s) dict_keys(['example_time_delta_sensor_async']) retrieved from /home/vladimir/.local/lib/python3.10/site-packages/airflow/example_dags/example_time_delta_sensor_async.py
[2023-04-23T01:30:12.117+0300] {logging_mixin.py:137} INFO - [2023-04-23T01:30:12.116+0300] {dag.py:2705} INFO - Sync 1 DAGs
[2023-04-23T01:30:12.129+0300] {logging_mixin.py:137} INFO - [2023-04-23T01:30:12.129+0300] {dag.py:3452} INFO - Setting next_dagrun for example_time_delta_sensor_async to None, run_after=None
[2023-04-23T01:30:12.145+0300] {processor.py:175} INFO - Processing /home/vladimir/.local/lib/python3.10/site-packages/airflow/example_dags/example_time_delta_sensor_async.py took 0.057 seconds
[2023-04-23T01:30:51.781+0300] {processor.py:153} INFO - Started process (PID=4577) to work on /home/vladimir/.local/lib/python3.10/site-packages/airflow/example_dags/example_time_delta_sensor_async.py
[2023-04-23T01:30:51.781+0300] {processor.py:743} INFO - Processing file /home/vladimir/.local/lib/python3.10/site-packages/airflow/example_dags/example_time_delta_sensor_async.py for tasks to queue
[2023-04-23T01:30:51.782+0300] {logging_mixin.py:137} INFO - [2023-04-23T01:30:51.782+0300] {dagbag.py:532} INFO - Filling up the DagBag from /home/vladimir/.local/lib/python3.10/site-packages/airflow/example_dags/example_time_delta_sensor_async.py
[2023-04-23T01:30:51.792+0300] {processor.py:753} INFO - DAG(s) dict_keys(['example_time_delta_sensor_async']) retrieved from /home/vladimir/.local/lib/python3.10/site-packages/airflow/example_dags/example_time_delta_sensor_async.py
[2023-04-23T01:30:51.808+0300] {logging_mixin.py:137} INFO - [2023-04-23T01:30:51.807+0300] {dag.py:2705} INFO - Sync 1 DAGs
[2023-04-23T01:30:51.820+0300] {logging_mixin.py:137} INFO - [2023-04-23T01:30:51.820+0300] {dag.py:3452} INFO - Setting next_dagrun for example_time_delta_sensor_async to None, run_after=None
[2023-04-23T01:30:51.834+0300] {processor.py:175} INFO - Processing /home/vladimir/.local/lib/python3.10/site-packages/airflow/example_dags/example_time_delta_sensor_async.py took 0.056 seconds
[2023-04-23T01:31:27.072+0300] {processor.py:153} INFO - Started process (PID=4629) to work on /home/vladimir/.local/lib/python3.10/site-packages/airflow/example_dags/example_time_delta_sensor_async.py
[2023-04-23T01:31:27.073+0300] {processor.py:743} INFO - Processing file /home/vladimir/.local/lib/python3.10/site-packages/airflow/example_dags/example_time_delta_sensor_async.py for tasks to queue
[2023-04-23T01:31:27.074+0300] {logging_mixin.py:137} INFO - [2023-04-23T01:31:27.073+0300] {dagbag.py:532} INFO - Filling up the DagBag from /home/vladimir/.local/lib/python3.10/site-packages/airflow/example_dags/example_time_delta_sensor_async.py
[2023-04-23T01:31:27.082+0300] {processor.py:753} INFO - DAG(s) dict_keys(['example_time_delta_sensor_async']) retrieved from /home/vladimir/.local/lib/python3.10/site-packages/airflow/example_dags/example_time_delta_sensor_async.py
[2023-04-23T01:31:27.095+0300] {logging_mixin.py:137} INFO - [2023-04-23T01:31:27.095+0300] {dag.py:2705} INFO - Sync 1 DAGs
[2023-04-23T01:31:27.106+0300] {logging_mixin.py:137} INFO - [2023-04-23T01:31:27.106+0300] {dag.py:3452} INFO - Setting next_dagrun for example_time_delta_sensor_async to None, run_after=None
[2023-04-23T01:31:27.118+0300] {processor.py:175} INFO - Processing /home/vladimir/.local/lib/python3.10/site-packages/airflow/example_dags/example_time_delta_sensor_async.py took 0.048 seconds
[2023-04-23T01:32:00.413+0300] {processor.py:153} INFO - Started process (PID=4672) to work on /home/vladimir/.local/lib/python3.10/site-packages/airflow/example_dags/example_time_delta_sensor_async.py
[2023-04-23T01:32:00.414+0300] {processor.py:743} INFO - Processing file /home/vladimir/.local/lib/python3.10/site-packages/airflow/example_dags/example_time_delta_sensor_async.py for tasks to queue
[2023-04-23T01:32:00.415+0300] {logging_mixin.py:137} INFO - [2023-04-23T01:32:00.414+0300] {dagbag.py:532} INFO - Filling up the DagBag from /home/vladimir/.local/lib/python3.10/site-packages/airflow/example_dags/example_time_delta_sensor_async.py
[2023-04-23T01:32:00.423+0300] {processor.py:753} INFO - DAG(s) dict_keys(['example_time_delta_sensor_async']) retrieved from /home/vladimir/.local/lib/python3.10/site-packages/airflow/example_dags/example_time_delta_sensor_async.py
[2023-04-23T01:32:00.436+0300] {logging_mixin.py:137} INFO - [2023-04-23T01:32:00.436+0300] {dag.py:2705} INFO - Sync 1 DAGs
[2023-04-23T01:32:00.449+0300] {logging_mixin.py:137} INFO - [2023-04-23T01:32:00.449+0300] {dag.py:3452} INFO - Setting next_dagrun for example_time_delta_sensor_async to None, run_after=None
[2023-04-23T01:32:00.461+0300] {processor.py:175} INFO - Processing /home/vladimir/.local/lib/python3.10/site-packages/airflow/example_dags/example_time_delta_sensor_async.py took 0.051 seconds
[2023-04-23T01:32:35.928+0300] {processor.py:153} INFO - Started process (PID=4721) to work on /home/vladimir/.local/lib/python3.10/site-packages/airflow/example_dags/example_time_delta_sensor_async.py
[2023-04-23T01:32:35.931+0300] {processor.py:743} INFO - Processing file /home/vladimir/.local/lib/python3.10/site-packages/airflow/example_dags/example_time_delta_sensor_async.py for tasks to queue
[2023-04-23T01:32:35.932+0300] {logging_mixin.py:137} INFO - [2023-04-23T01:32:35.932+0300] {dagbag.py:532} INFO - Filling up the DagBag from /home/vladimir/.local/lib/python3.10/site-packages/airflow/example_dags/example_time_delta_sensor_async.py
[2023-04-23T01:32:35.961+0300] {processor.py:753} INFO - DAG(s) dict_keys(['example_time_delta_sensor_async']) retrieved from /home/vladimir/.local/lib/python3.10/site-packages/airflow/example_dags/example_time_delta_sensor_async.py
[2023-04-23T01:32:36.014+0300] {logging_mixin.py:137} INFO - [2023-04-23T01:32:36.014+0300] {dag.py:2705} INFO - Sync 1 DAGs
[2023-04-23T01:32:36.045+0300] {logging_mixin.py:137} INFO - [2023-04-23T01:32:36.044+0300] {dag.py:3452} INFO - Setting next_dagrun for example_time_delta_sensor_async to None, run_after=None
[2023-04-23T01:32:36.066+0300] {processor.py:175} INFO - Processing /home/vladimir/.local/lib/python3.10/site-packages/airflow/example_dags/example_time_delta_sensor_async.py took 0.149 seconds
[2023-04-23T01:33:14.816+0300] {processor.py:153} INFO - Started process (PID=4777) to work on /home/vladimir/.local/lib/python3.10/site-packages/airflow/example_dags/example_time_delta_sensor_async.py
[2023-04-23T01:33:14.817+0300] {processor.py:743} INFO - Processing file /home/vladimir/.local/lib/python3.10/site-packages/airflow/example_dags/example_time_delta_sensor_async.py for tasks to queue
[2023-04-23T01:33:14.817+0300] {logging_mixin.py:137} INFO - [2023-04-23T01:33:14.817+0300] {dagbag.py:532} INFO - Filling up the DagBag from /home/vladimir/.local/lib/python3.10/site-packages/airflow/example_dags/example_time_delta_sensor_async.py
[2023-04-23T01:33:14.830+0300] {processor.py:753} INFO - DAG(s) dict_keys(['example_time_delta_sensor_async']) retrieved from /home/vladimir/.local/lib/python3.10/site-packages/airflow/example_dags/example_time_delta_sensor_async.py
[2023-04-23T01:33:14.847+0300] {logging_mixin.py:137} INFO - [2023-04-23T01:33:14.847+0300] {dag.py:2705} INFO - Sync 1 DAGs
[2023-04-23T01:33:14.861+0300] {logging_mixin.py:137} INFO - [2023-04-23T01:33:14.861+0300] {dag.py:3452} INFO - Setting next_dagrun for example_time_delta_sensor_async to None, run_after=None
[2023-04-23T01:33:14.873+0300] {processor.py:175} INFO - Processing /home/vladimir/.local/lib/python3.10/site-packages/airflow/example_dags/example_time_delta_sensor_async.py took 0.059 seconds
[2023-04-23T01:33:55.921+0300] {processor.py:153} INFO - Started process (PID=4824) to work on /home/vladimir/.local/lib/python3.10/site-packages/airflow/example_dags/example_time_delta_sensor_async.py
[2023-04-23T01:33:55.922+0300] {processor.py:743} INFO - Processing file /home/vladimir/.local/lib/python3.10/site-packages/airflow/example_dags/example_time_delta_sensor_async.py for tasks to queue
[2023-04-23T01:33:55.923+0300] {logging_mixin.py:137} INFO - [2023-04-23T01:33:55.922+0300] {dagbag.py:532} INFO - Filling up the DagBag from /home/vladimir/.local/lib/python3.10/site-packages/airflow/example_dags/example_time_delta_sensor_async.py
[2023-04-23T01:33:55.931+0300] {processor.py:753} INFO - DAG(s) dict_keys(['example_time_delta_sensor_async']) retrieved from /home/vladimir/.local/lib/python3.10/site-packages/airflow/example_dags/example_time_delta_sensor_async.py
[2023-04-23T01:33:55.944+0300] {logging_mixin.py:137} INFO - [2023-04-23T01:33:55.944+0300] {dag.py:2705} INFO - Sync 1 DAGs
[2023-04-23T01:33:55.957+0300] {logging_mixin.py:137} INFO - [2023-04-23T01:33:55.957+0300] {dag.py:3452} INFO - Setting next_dagrun for example_time_delta_sensor_async to None, run_after=None
[2023-04-23T01:33:55.970+0300] {processor.py:175} INFO - Processing /home/vladimir/.local/lib/python3.10/site-packages/airflow/example_dags/example_time_delta_sensor_async.py took 0.051 seconds
[2023-04-23T01:34:37.022+0300] {processor.py:153} INFO - Started process (PID=4931) to work on /home/vladimir/.local/lib/python3.10/site-packages/airflow/example_dags/example_time_delta_sensor_async.py
[2023-04-23T01:34:37.023+0300] {processor.py:743} INFO - Processing file /home/vladimir/.local/lib/python3.10/site-packages/airflow/example_dags/example_time_delta_sensor_async.py for tasks to queue
[2023-04-23T01:34:37.024+0300] {logging_mixin.py:137} INFO - [2023-04-23T01:34:37.024+0300] {dagbag.py:532} INFO - Filling up the DagBag from /home/vladimir/.local/lib/python3.10/site-packages/airflow/example_dags/example_time_delta_sensor_async.py
[2023-04-23T01:34:37.032+0300] {processor.py:753} INFO - DAG(s) dict_keys(['example_time_delta_sensor_async']) retrieved from /home/vladimir/.local/lib/python3.10/site-packages/airflow/example_dags/example_time_delta_sensor_async.py
[2023-04-23T01:34:37.046+0300] {logging_mixin.py:137} INFO - [2023-04-23T01:34:37.045+0300] {dag.py:2705} INFO - Sync 1 DAGs
[2023-04-23T01:34:37.057+0300] {logging_mixin.py:137} INFO - [2023-04-23T01:34:37.057+0300] {dag.py:3452} INFO - Setting next_dagrun for example_time_delta_sensor_async to None, run_after=None
[2023-04-23T01:34:37.069+0300] {processor.py:175} INFO - Processing /home/vladimir/.local/lib/python3.10/site-packages/airflow/example_dags/example_time_delta_sensor_async.py took 0.049 seconds
[2023-04-23T01:35:14.325+0300] {processor.py:153} INFO - Started process (PID=4981) to work on /home/vladimir/.local/lib/python3.10/site-packages/airflow/example_dags/example_time_delta_sensor_async.py
[2023-04-23T01:35:14.326+0300] {processor.py:743} INFO - Processing file /home/vladimir/.local/lib/python3.10/site-packages/airflow/example_dags/example_time_delta_sensor_async.py for tasks to queue
[2023-04-23T01:35:14.326+0300] {logging_mixin.py:137} INFO - [2023-04-23T01:35:14.326+0300] {dagbag.py:532} INFO - Filling up the DagBag from /home/vladimir/.local/lib/python3.10/site-packages/airflow/example_dags/example_time_delta_sensor_async.py
[2023-04-23T01:35:14.335+0300] {processor.py:753} INFO - DAG(s) dict_keys(['example_time_delta_sensor_async']) retrieved from /home/vladimir/.local/lib/python3.10/site-packages/airflow/example_dags/example_time_delta_sensor_async.py
[2023-04-23T01:35:14.348+0300] {logging_mixin.py:137} INFO - [2023-04-23T01:35:14.348+0300] {dag.py:2705} INFO - Sync 1 DAGs
[2023-04-23T01:35:14.361+0300] {logging_mixin.py:137} INFO - [2023-04-23T01:35:14.361+0300] {dag.py:3452} INFO - Setting next_dagrun for example_time_delta_sensor_async to None, run_after=None
[2023-04-23T01:35:14.373+0300] {processor.py:175} INFO - Processing /home/vladimir/.local/lib/python3.10/site-packages/airflow/example_dags/example_time_delta_sensor_async.py took 0.050 seconds
