[2023-04-22T22:50:08.007+0300] {processor.py:153} INFO - Started process (PID=11372) to work on /home/vladimir/.local/lib/python3.10/site-packages/airflow/example_dags/example_xcomargs.py
[2023-04-22T22:50:08.008+0300] {processor.py:743} INFO - Processing file /home/vladimir/.local/lib/python3.10/site-packages/airflow/example_dags/example_xcomargs.py for tasks to queue
[2023-04-22T22:50:08.008+0300] {logging_mixin.py:137} INFO - [2023-04-22T22:50:08.008+0300] {dagbag.py:532} INFO - Filling up the DagBag from /home/vladimir/.local/lib/python3.10/site-packages/airflow/example_dags/example_xcomargs.py
[2023-04-22T22:50:08.026+0300] {processor.py:753} INFO - DAG(s) dict_keys(['example_xcom_args', 'example_xcom_args_with_operators']) retrieved from /home/vladimir/.local/lib/python3.10/site-packages/airflow/example_dags/example_xcomargs.py
[2023-04-22T22:50:08.087+0300] {logging_mixin.py:137} INFO - [2023-04-22T22:50:08.087+0300] {manager.py:504} INFO - Created Permission View: can delete on DAG:example_xcom_args
[2023-04-22T22:50:08.092+0300] {logging_mixin.py:137} INFO - [2023-04-22T22:50:08.092+0300] {manager.py:504} INFO - Created Permission View: can read on DAG:example_xcom_args
[2023-04-22T22:50:08.096+0300] {logging_mixin.py:137} INFO - [2023-04-22T22:50:08.096+0300] {manager.py:504} INFO - Created Permission View: can edit on DAG:example_xcom_args
[2023-04-22T22:50:08.105+0300] {logging_mixin.py:137} INFO - [2023-04-22T22:50:08.105+0300] {manager.py:504} INFO - Created Permission View: can delete on DAG:example_xcom_args_with_operators
[2023-04-22T22:50:08.109+0300] {logging_mixin.py:137} INFO - [2023-04-22T22:50:08.108+0300] {manager.py:504} INFO - Created Permission View: can read on DAG:example_xcom_args_with_operators
[2023-04-22T22:50:08.112+0300] {logging_mixin.py:137} INFO - [2023-04-22T22:50:08.112+0300] {manager.py:504} INFO - Created Permission View: can edit on DAG:example_xcom_args_with_operators
[2023-04-22T22:50:08.112+0300] {logging_mixin.py:137} INFO - [2023-04-22T22:50:08.112+0300] {dag.py:2705} INFO - Sync 2 DAGs
[2023-04-22T22:50:08.120+0300] {logging_mixin.py:137} INFO - [2023-04-22T22:50:08.120+0300] {dag.py:2726} INFO - Creating ORM DAG for example_xcom_args
[2023-04-22T22:50:08.120+0300] {logging_mixin.py:137} INFO - [2023-04-22T22:50:08.120+0300] {dag.py:2726} INFO - Creating ORM DAG for example_xcom_args_with_operators
[2023-04-22T22:50:08.125+0300] {logging_mixin.py:137} INFO - [2023-04-22T22:50:08.125+0300] {dag.py:3452} INFO - Setting next_dagrun for example_xcom_args to None, run_after=None
[2023-04-22T22:50:08.126+0300] {logging_mixin.py:137} INFO - [2023-04-22T22:50:08.126+0300] {dag.py:3452} INFO - Setting next_dagrun for example_xcom_args_with_operators to None, run_after=None
[2023-04-22T22:50:08.136+0300] {processor.py:175} INFO - Processing /home/vladimir/.local/lib/python3.10/site-packages/airflow/example_dags/example_xcomargs.py took 0.131 seconds
[2023-04-22T22:50:52.925+0300] {processor.py:153} INFO - Started process (PID=11459) to work on /home/vladimir/.local/lib/python3.10/site-packages/airflow/example_dags/example_xcomargs.py
[2023-04-22T22:50:52.925+0300] {processor.py:743} INFO - Processing file /home/vladimir/.local/lib/python3.10/site-packages/airflow/example_dags/example_xcomargs.py for tasks to queue
[2023-04-22T22:50:52.926+0300] {logging_mixin.py:137} INFO - [2023-04-22T22:50:52.926+0300] {dagbag.py:532} INFO - Filling up the DagBag from /home/vladimir/.local/lib/python3.10/site-packages/airflow/example_dags/example_xcomargs.py
[2023-04-22T22:50:52.942+0300] {processor.py:753} INFO - DAG(s) dict_keys(['example_xcom_args_with_operators', 'example_xcom_args']) retrieved from /home/vladimir/.local/lib/python3.10/site-packages/airflow/example_dags/example_xcomargs.py
[2023-04-22T22:50:52.959+0300] {logging_mixin.py:137} INFO - [2023-04-22T22:50:52.959+0300] {dag.py:2705} INFO - Sync 2 DAGs
[2023-04-22T22:50:52.970+0300] {logging_mixin.py:137} INFO - [2023-04-22T22:50:52.970+0300] {dag.py:3452} INFO - Setting next_dagrun for example_xcom_args to None, run_after=None
[2023-04-22T22:50:52.972+0300] {logging_mixin.py:137} INFO - [2023-04-22T22:50:52.972+0300] {dag.py:3452} INFO - Setting next_dagrun for example_xcom_args_with_operators to None, run_after=None
[2023-04-22T22:50:52.983+0300] {processor.py:175} INFO - Processing /home/vladimir/.local/lib/python3.10/site-packages/airflow/example_dags/example_xcomargs.py took 0.060 seconds
[2023-04-22T22:51:34.786+0300] {processor.py:153} INFO - Started process (PID=11556) to work on /home/vladimir/.local/lib/python3.10/site-packages/airflow/example_dags/example_xcomargs.py
[2023-04-22T22:51:34.786+0300] {processor.py:743} INFO - Processing file /home/vladimir/.local/lib/python3.10/site-packages/airflow/example_dags/example_xcomargs.py for tasks to queue
[2023-04-22T22:51:34.787+0300] {logging_mixin.py:137} INFO - [2023-04-22T22:51:34.787+0300] {dagbag.py:532} INFO - Filling up the DagBag from /home/vladimir/.local/lib/python3.10/site-packages/airflow/example_dags/example_xcomargs.py
[2023-04-22T22:51:34.803+0300] {processor.py:753} INFO - DAG(s) dict_keys(['example_xcom_args', 'example_xcom_args_with_operators']) retrieved from /home/vladimir/.local/lib/python3.10/site-packages/airflow/example_dags/example_xcomargs.py
[2023-04-22T22:51:34.819+0300] {logging_mixin.py:137} INFO - [2023-04-22T22:51:34.818+0300] {dag.py:2705} INFO - Sync 2 DAGs
[2023-04-22T22:51:34.830+0300] {logging_mixin.py:137} INFO - [2023-04-22T22:51:34.830+0300] {dag.py:3452} INFO - Setting next_dagrun for example_xcom_args to None, run_after=None
[2023-04-22T22:51:34.832+0300] {logging_mixin.py:137} INFO - [2023-04-22T22:51:34.831+0300] {dag.py:3452} INFO - Setting next_dagrun for example_xcom_args_with_operators to None, run_after=None
[2023-04-22T22:51:34.842+0300] {processor.py:175} INFO - Processing /home/vladimir/.local/lib/python3.10/site-packages/airflow/example_dags/example_xcomargs.py took 0.058 seconds
[2023-04-22T22:52:10.755+0300] {processor.py:153} INFO - Started process (PID=11625) to work on /home/vladimir/.local/lib/python3.10/site-packages/airflow/example_dags/example_xcomargs.py
[2023-04-22T22:52:10.756+0300] {processor.py:743} INFO - Processing file /home/vladimir/.local/lib/python3.10/site-packages/airflow/example_dags/example_xcomargs.py for tasks to queue
[2023-04-22T22:52:10.757+0300] {logging_mixin.py:137} INFO - [2023-04-22T22:52:10.757+0300] {dagbag.py:532} INFO - Filling up the DagBag from /home/vladimir/.local/lib/python3.10/site-packages/airflow/example_dags/example_xcomargs.py
[2023-04-22T22:52:10.774+0300] {processor.py:753} INFO - DAG(s) dict_keys(['example_xcom_args_with_operators', 'example_xcom_args']) retrieved from /home/vladimir/.local/lib/python3.10/site-packages/airflow/example_dags/example_xcomargs.py
[2023-04-22T22:52:10.789+0300] {logging_mixin.py:137} INFO - [2023-04-22T22:52:10.789+0300] {dag.py:2705} INFO - Sync 2 DAGs
[2023-04-22T22:52:10.800+0300] {logging_mixin.py:137} INFO - [2023-04-22T22:52:10.800+0300] {dag.py:3452} INFO - Setting next_dagrun for example_xcom_args to None, run_after=None
[2023-04-22T22:52:10.802+0300] {logging_mixin.py:137} INFO - [2023-04-22T22:52:10.802+0300] {dag.py:3452} INFO - Setting next_dagrun for example_xcom_args_with_operators to None, run_after=None
[2023-04-22T22:52:10.812+0300] {processor.py:175} INFO - Processing /home/vladimir/.local/lib/python3.10/site-packages/airflow/example_dags/example_xcomargs.py took 0.059 seconds
[2023-04-22T22:52:48.164+0300] {processor.py:153} INFO - Started process (PID=11670) to work on /home/vladimir/.local/lib/python3.10/site-packages/airflow/example_dags/example_xcomargs.py
[2023-04-22T22:52:48.165+0300] {processor.py:743} INFO - Processing file /home/vladimir/.local/lib/python3.10/site-packages/airflow/example_dags/example_xcomargs.py for tasks to queue
[2023-04-22T22:52:48.166+0300] {logging_mixin.py:137} INFO - [2023-04-22T22:52:48.166+0300] {dagbag.py:532} INFO - Filling up the DagBag from /home/vladimir/.local/lib/python3.10/site-packages/airflow/example_dags/example_xcomargs.py
[2023-04-22T22:52:48.184+0300] {processor.py:753} INFO - DAG(s) dict_keys(['example_xcom_args', 'example_xcom_args_with_operators']) retrieved from /home/vladimir/.local/lib/python3.10/site-packages/airflow/example_dags/example_xcomargs.py
[2023-04-22T22:52:48.202+0300] {logging_mixin.py:137} INFO - [2023-04-22T22:52:48.201+0300] {dag.py:2705} INFO - Sync 2 DAGs
[2023-04-22T22:52:48.215+0300] {logging_mixin.py:137} INFO - [2023-04-22T22:52:48.215+0300] {dag.py:3452} INFO - Setting next_dagrun for example_xcom_args to None, run_after=None
[2023-04-22T22:52:48.217+0300] {logging_mixin.py:137} INFO - [2023-04-22T22:52:48.217+0300] {dag.py:3452} INFO - Setting next_dagrun for example_xcom_args_with_operators to None, run_after=None
[2023-04-22T22:52:48.230+0300] {processor.py:175} INFO - Processing /home/vladimir/.local/lib/python3.10/site-packages/airflow/example_dags/example_xcomargs.py took 0.068 seconds
[2023-04-22T22:53:27.609+0300] {processor.py:153} INFO - Started process (PID=11724) to work on /home/vladimir/.local/lib/python3.10/site-packages/airflow/example_dags/example_xcomargs.py
[2023-04-22T22:53:27.610+0300] {processor.py:743} INFO - Processing file /home/vladimir/.local/lib/python3.10/site-packages/airflow/example_dags/example_xcomargs.py for tasks to queue
[2023-04-22T22:53:27.610+0300] {logging_mixin.py:137} INFO - [2023-04-22T22:53:27.610+0300] {dagbag.py:532} INFO - Filling up the DagBag from /home/vladimir/.local/lib/python3.10/site-packages/airflow/example_dags/example_xcomargs.py
[2023-04-22T22:53:27.628+0300] {processor.py:753} INFO - DAG(s) dict_keys(['example_xcom_args_with_operators', 'example_xcom_args']) retrieved from /home/vladimir/.local/lib/python3.10/site-packages/airflow/example_dags/example_xcomargs.py
[2023-04-22T22:53:27.645+0300] {logging_mixin.py:137} INFO - [2023-04-22T22:53:27.645+0300] {dag.py:2705} INFO - Sync 2 DAGs
[2023-04-22T22:53:27.659+0300] {logging_mixin.py:137} INFO - [2023-04-22T22:53:27.659+0300] {dag.py:3452} INFO - Setting next_dagrun for example_xcom_args to None, run_after=None
[2023-04-22T22:53:27.661+0300] {logging_mixin.py:137} INFO - [2023-04-22T22:53:27.661+0300] {dag.py:3452} INFO - Setting next_dagrun for example_xcom_args_with_operators to None, run_after=None
[2023-04-22T22:53:27.678+0300] {processor.py:175} INFO - Processing /home/vladimir/.local/lib/python3.10/site-packages/airflow/example_dags/example_xcomargs.py took 0.071 seconds
[2023-04-22T22:54:08.614+0300] {processor.py:153} INFO - Started process (PID=11784) to work on /home/vladimir/.local/lib/python3.10/site-packages/airflow/example_dags/example_xcomargs.py
[2023-04-22T22:54:08.615+0300] {processor.py:743} INFO - Processing file /home/vladimir/.local/lib/python3.10/site-packages/airflow/example_dags/example_xcomargs.py for tasks to queue
[2023-04-22T22:54:08.615+0300] {logging_mixin.py:137} INFO - [2023-04-22T22:54:08.615+0300] {dagbag.py:532} INFO - Filling up the DagBag from /home/vladimir/.local/lib/python3.10/site-packages/airflow/example_dags/example_xcomargs.py
[2023-04-22T22:54:08.634+0300] {processor.py:753} INFO - DAG(s) dict_keys(['example_xcom_args_with_operators', 'example_xcom_args']) retrieved from /home/vladimir/.local/lib/python3.10/site-packages/airflow/example_dags/example_xcomargs.py
[2023-04-22T22:54:08.649+0300] {logging_mixin.py:137} INFO - [2023-04-22T22:54:08.649+0300] {dag.py:2705} INFO - Sync 2 DAGs
[2023-04-22T22:54:08.664+0300] {logging_mixin.py:137} INFO - [2023-04-22T22:54:08.664+0300] {dag.py:3452} INFO - Setting next_dagrun for example_xcom_args to None, run_after=None
[2023-04-22T22:54:08.665+0300] {logging_mixin.py:137} INFO - [2023-04-22T22:54:08.665+0300] {dag.py:3452} INFO - Setting next_dagrun for example_xcom_args_with_operators to None, run_after=None
[2023-04-22T22:54:08.677+0300] {processor.py:175} INFO - Processing /home/vladimir/.local/lib/python3.10/site-packages/airflow/example_dags/example_xcomargs.py took 0.065 seconds
[2023-04-22T22:54:47.562+0300] {processor.py:153} INFO - Started process (PID=11838) to work on /home/vladimir/.local/lib/python3.10/site-packages/airflow/example_dags/example_xcomargs.py
[2023-04-22T22:54:47.563+0300] {processor.py:743} INFO - Processing file /home/vladimir/.local/lib/python3.10/site-packages/airflow/example_dags/example_xcomargs.py for tasks to queue
[2023-04-22T22:54:47.563+0300] {logging_mixin.py:137} INFO - [2023-04-22T22:54:47.563+0300] {dagbag.py:532} INFO - Filling up the DagBag from /home/vladimir/.local/lib/python3.10/site-packages/airflow/example_dags/example_xcomargs.py
[2023-04-22T22:54:47.579+0300] {processor.py:753} INFO - DAG(s) dict_keys(['example_xcom_args', 'example_xcom_args_with_operators']) retrieved from /home/vladimir/.local/lib/python3.10/site-packages/airflow/example_dags/example_xcomargs.py
[2023-04-22T22:54:47.595+0300] {logging_mixin.py:137} INFO - [2023-04-22T22:54:47.594+0300] {dag.py:2705} INFO - Sync 2 DAGs
[2023-04-22T22:54:47.606+0300] {logging_mixin.py:137} INFO - [2023-04-22T22:54:47.605+0300] {dag.py:3452} INFO - Setting next_dagrun for example_xcom_args to None, run_after=None
[2023-04-22T22:54:47.607+0300] {logging_mixin.py:137} INFO - [2023-04-22T22:54:47.607+0300] {dag.py:3452} INFO - Setting next_dagrun for example_xcom_args_with_operators to None, run_after=None
[2023-04-22T22:54:47.618+0300] {processor.py:175} INFO - Processing /home/vladimir/.local/lib/python3.10/site-packages/airflow/example_dags/example_xcomargs.py took 0.058 seconds
[2023-04-22T22:55:23.430+0300] {processor.py:153} INFO - Started process (PID=11902) to work on /home/vladimir/.local/lib/python3.10/site-packages/airflow/example_dags/example_xcomargs.py
[2023-04-22T22:55:23.431+0300] {processor.py:743} INFO - Processing file /home/vladimir/.local/lib/python3.10/site-packages/airflow/example_dags/example_xcomargs.py for tasks to queue
[2023-04-22T22:55:23.431+0300] {logging_mixin.py:137} INFO - [2023-04-22T22:55:23.431+0300] {dagbag.py:532} INFO - Filling up the DagBag from /home/vladimir/.local/lib/python3.10/site-packages/airflow/example_dags/example_xcomargs.py
[2023-04-22T22:55:23.447+0300] {processor.py:753} INFO - DAG(s) dict_keys(['example_xcom_args_with_operators', 'example_xcom_args']) retrieved from /home/vladimir/.local/lib/python3.10/site-packages/airflow/example_dags/example_xcomargs.py
[2023-04-22T22:55:23.462+0300] {logging_mixin.py:137} INFO - [2023-04-22T22:55:23.462+0300] {dag.py:2705} INFO - Sync 2 DAGs
[2023-04-22T22:55:23.473+0300] {logging_mixin.py:137} INFO - [2023-04-22T22:55:23.473+0300] {dag.py:3452} INFO - Setting next_dagrun for example_xcom_args to None, run_after=None
[2023-04-22T22:55:23.475+0300] {logging_mixin.py:137} INFO - [2023-04-22T22:55:23.474+0300] {dag.py:3452} INFO - Setting next_dagrun for example_xcom_args_with_operators to None, run_after=None
[2023-04-22T22:55:23.485+0300] {processor.py:175} INFO - Processing /home/vladimir/.local/lib/python3.10/site-packages/airflow/example_dags/example_xcomargs.py took 0.057 seconds
[2023-04-22T22:55:59.682+0300] {processor.py:153} INFO - Started process (PID=11944) to work on /home/vladimir/.local/lib/python3.10/site-packages/airflow/example_dags/example_xcomargs.py
[2023-04-22T22:55:59.683+0300] {processor.py:743} INFO - Processing file /home/vladimir/.local/lib/python3.10/site-packages/airflow/example_dags/example_xcomargs.py for tasks to queue
[2023-04-22T22:55:59.684+0300] {logging_mixin.py:137} INFO - [2023-04-22T22:55:59.684+0300] {dagbag.py:532} INFO - Filling up the DagBag from /home/vladimir/.local/lib/python3.10/site-packages/airflow/example_dags/example_xcomargs.py
[2023-04-22T22:55:59.700+0300] {processor.py:753} INFO - DAG(s) dict_keys(['example_xcom_args_with_operators', 'example_xcom_args']) retrieved from /home/vladimir/.local/lib/python3.10/site-packages/airflow/example_dags/example_xcomargs.py
[2023-04-22T22:55:59.714+0300] {logging_mixin.py:137} INFO - [2023-04-22T22:55:59.714+0300] {dag.py:2705} INFO - Sync 2 DAGs
[2023-04-22T22:55:59.726+0300] {logging_mixin.py:137} INFO - [2023-04-22T22:55:59.726+0300] {dag.py:3452} INFO - Setting next_dagrun for example_xcom_args to None, run_after=None
[2023-04-22T22:55:59.728+0300] {logging_mixin.py:137} INFO - [2023-04-22T22:55:59.728+0300] {dag.py:3452} INFO - Setting next_dagrun for example_xcom_args_with_operators to None, run_after=None
[2023-04-22T22:55:59.739+0300] {processor.py:175} INFO - Processing /home/vladimir/.local/lib/python3.10/site-packages/airflow/example_dags/example_xcomargs.py took 0.058 seconds
[2023-04-23T01:28:51.241+0300] {processor.py:153} INFO - Started process (PID=4380) to work on /home/vladimir/.local/lib/python3.10/site-packages/airflow/example_dags/example_xcomargs.py
[2023-04-23T01:28:51.315+0300] {processor.py:743} INFO - Processing file /home/vladimir/.local/lib/python3.10/site-packages/airflow/example_dags/example_xcomargs.py for tasks to queue
[2023-04-23T01:28:51.316+0300] {logging_mixin.py:137} INFO - [2023-04-23T01:28:51.316+0300] {dagbag.py:532} INFO - Filling up the DagBag from /home/vladimir/.local/lib/python3.10/site-packages/airflow/example_dags/example_xcomargs.py
[2023-04-23T01:28:51.346+0300] {processor.py:753} INFO - DAG(s) dict_keys(['example_xcom_args', 'example_xcom_args_with_operators']) retrieved from /home/vladimir/.local/lib/python3.10/site-packages/airflow/example_dags/example_xcomargs.py
[2023-04-23T01:28:51.365+0300] {logging_mixin.py:137} INFO - [2023-04-23T01:28:51.365+0300] {dag.py:2705} INFO - Sync 2 DAGs
[2023-04-23T01:28:51.386+0300] {logging_mixin.py:137} INFO - [2023-04-23T01:28:51.386+0300] {dag.py:3452} INFO - Setting next_dagrun for example_xcom_args to None, run_after=None
[2023-04-23T01:28:51.393+0300] {logging_mixin.py:137} INFO - [2023-04-23T01:28:51.393+0300] {dag.py:3452} INFO - Setting next_dagrun for example_xcom_args_with_operators to None, run_after=None
[2023-04-23T01:28:51.406+0300] {processor.py:175} INFO - Processing /home/vladimir/.local/lib/python3.10/site-packages/airflow/example_dags/example_xcomargs.py took 0.167 seconds
[2023-04-23T01:29:33.869+0300] {processor.py:153} INFO - Started process (PID=4445) to work on /home/vladimir/.local/lib/python3.10/site-packages/airflow/example_dags/example_xcomargs.py
[2023-04-23T01:29:33.870+0300] {processor.py:743} INFO - Processing file /home/vladimir/.local/lib/python3.10/site-packages/airflow/example_dags/example_xcomargs.py for tasks to queue
[2023-04-23T01:29:33.870+0300] {logging_mixin.py:137} INFO - [2023-04-23T01:29:33.870+0300] {dagbag.py:532} INFO - Filling up the DagBag from /home/vladimir/.local/lib/python3.10/site-packages/airflow/example_dags/example_xcomargs.py
[2023-04-23T01:29:33.888+0300] {processor.py:753} INFO - DAG(s) dict_keys(['example_xcom_args_with_operators', 'example_xcom_args']) retrieved from /home/vladimir/.local/lib/python3.10/site-packages/airflow/example_dags/example_xcomargs.py
[2023-04-23T01:29:33.905+0300] {logging_mixin.py:137} INFO - [2023-04-23T01:29:33.905+0300] {dag.py:2705} INFO - Sync 2 DAGs
[2023-04-23T01:29:33.918+0300] {logging_mixin.py:137} INFO - [2023-04-23T01:29:33.918+0300] {dag.py:3452} INFO - Setting next_dagrun for example_xcom_args to None, run_after=None
[2023-04-23T01:29:33.920+0300] {logging_mixin.py:137} INFO - [2023-04-23T01:29:33.919+0300] {dag.py:3452} INFO - Setting next_dagrun for example_xcom_args_with_operators to None, run_after=None
[2023-04-23T01:29:33.931+0300] {processor.py:175} INFO - Processing /home/vladimir/.local/lib/python3.10/site-packages/airflow/example_dags/example_xcomargs.py took 0.064 seconds
[2023-04-23T01:30:13.826+0300] {processor.py:153} INFO - Started process (PID=4494) to work on /home/vladimir/.local/lib/python3.10/site-packages/airflow/example_dags/example_xcomargs.py
[2023-04-23T01:30:13.827+0300] {processor.py:743} INFO - Processing file /home/vladimir/.local/lib/python3.10/site-packages/airflow/example_dags/example_xcomargs.py for tasks to queue
[2023-04-23T01:30:13.827+0300] {logging_mixin.py:137} INFO - [2023-04-23T01:30:13.827+0300] {dagbag.py:532} INFO - Filling up the DagBag from /home/vladimir/.local/lib/python3.10/site-packages/airflow/example_dags/example_xcomargs.py
[2023-04-23T01:30:13.844+0300] {processor.py:753} INFO - DAG(s) dict_keys(['example_xcom_args', 'example_xcom_args_with_operators']) retrieved from /home/vladimir/.local/lib/python3.10/site-packages/airflow/example_dags/example_xcomargs.py
[2023-04-23T01:30:13.860+0300] {logging_mixin.py:137} INFO - [2023-04-23T01:30:13.860+0300] {dag.py:2705} INFO - Sync 2 DAGs
[2023-04-23T01:30:13.873+0300] {logging_mixin.py:137} INFO - [2023-04-23T01:30:13.872+0300] {dag.py:3452} INFO - Setting next_dagrun for example_xcom_args to None, run_after=None
[2023-04-23T01:30:13.874+0300] {logging_mixin.py:137} INFO - [2023-04-23T01:30:13.874+0300] {dag.py:3452} INFO - Setting next_dagrun for example_xcom_args_with_operators to None, run_after=None
[2023-04-23T01:30:13.885+0300] {processor.py:175} INFO - Processing /home/vladimir/.local/lib/python3.10/site-packages/airflow/example_dags/example_xcomargs.py took 0.062 seconds
[2023-04-23T01:30:54.146+0300] {processor.py:153} INFO - Started process (PID=4581) to work on /home/vladimir/.local/lib/python3.10/site-packages/airflow/example_dags/example_xcomargs.py
[2023-04-23T01:30:54.147+0300] {processor.py:743} INFO - Processing file /home/vladimir/.local/lib/python3.10/site-packages/airflow/example_dags/example_xcomargs.py for tasks to queue
[2023-04-23T01:30:54.148+0300] {logging_mixin.py:137} INFO - [2023-04-23T01:30:54.148+0300] {dagbag.py:532} INFO - Filling up the DagBag from /home/vladimir/.local/lib/python3.10/site-packages/airflow/example_dags/example_xcomargs.py
[2023-04-23T01:30:54.165+0300] {processor.py:753} INFO - DAG(s) dict_keys(['example_xcom_args', 'example_xcom_args_with_operators']) retrieved from /home/vladimir/.local/lib/python3.10/site-packages/airflow/example_dags/example_xcomargs.py
[2023-04-23T01:30:54.190+0300] {logging_mixin.py:137} INFO - [2023-04-23T01:30:54.190+0300] {dag.py:2705} INFO - Sync 2 DAGs
[2023-04-23T01:30:54.203+0300] {logging_mixin.py:137} INFO - [2023-04-23T01:30:54.203+0300] {dag.py:3452} INFO - Setting next_dagrun for example_xcom_args to None, run_after=None
[2023-04-23T01:30:54.204+0300] {logging_mixin.py:137} INFO - [2023-04-23T01:30:54.204+0300] {dag.py:3452} INFO - Setting next_dagrun for example_xcom_args_with_operators to None, run_after=None
[2023-04-23T01:30:54.215+0300] {processor.py:175} INFO - Processing /home/vladimir/.local/lib/python3.10/site-packages/airflow/example_dags/example_xcomargs.py took 0.071 seconds
[2023-04-23T01:31:28.875+0300] {processor.py:153} INFO - Started process (PID=4631) to work on /home/vladimir/.local/lib/python3.10/site-packages/airflow/example_dags/example_xcomargs.py
[2023-04-23T01:31:28.875+0300] {processor.py:743} INFO - Processing file /home/vladimir/.local/lib/python3.10/site-packages/airflow/example_dags/example_xcomargs.py for tasks to queue
[2023-04-23T01:31:28.876+0300] {logging_mixin.py:137} INFO - [2023-04-23T01:31:28.876+0300] {dagbag.py:532} INFO - Filling up the DagBag from /home/vladimir/.local/lib/python3.10/site-packages/airflow/example_dags/example_xcomargs.py
[2023-04-23T01:31:28.903+0300] {processor.py:753} INFO - DAG(s) dict_keys(['example_xcom_args', 'example_xcom_args_with_operators']) retrieved from /home/vladimir/.local/lib/python3.10/site-packages/airflow/example_dags/example_xcomargs.py
[2023-04-23T01:31:28.921+0300] {logging_mixin.py:137} INFO - [2023-04-23T01:31:28.921+0300] {dag.py:2705} INFO - Sync 2 DAGs
[2023-04-23T01:31:28.935+0300] {logging_mixin.py:137} INFO - [2023-04-23T01:31:28.935+0300] {dag.py:3452} INFO - Setting next_dagrun for example_xcom_args to None, run_after=None
[2023-04-23T01:31:28.937+0300] {logging_mixin.py:137} INFO - [2023-04-23T01:31:28.937+0300] {dag.py:3452} INFO - Setting next_dagrun for example_xcom_args_with_operators to None, run_after=None
[2023-04-23T01:31:28.951+0300] {processor.py:175} INFO - Processing /home/vladimir/.local/lib/python3.10/site-packages/airflow/example_dags/example_xcomargs.py took 0.078 seconds
[2023-04-23T01:32:09.347+0300] {processor.py:153} INFO - Started process (PID=4681) to work on /home/vladimir/.local/lib/python3.10/site-packages/airflow/example_dags/example_xcomargs.py
[2023-04-23T01:32:09.348+0300] {processor.py:743} INFO - Processing file /home/vladimir/.local/lib/python3.10/site-packages/airflow/example_dags/example_xcomargs.py for tasks to queue
[2023-04-23T01:32:09.348+0300] {logging_mixin.py:137} INFO - [2023-04-23T01:32:09.348+0300] {dagbag.py:532} INFO - Filling up the DagBag from /home/vladimir/.local/lib/python3.10/site-packages/airflow/example_dags/example_xcomargs.py
[2023-04-23T01:32:09.365+0300] {processor.py:753} INFO - DAG(s) dict_keys(['example_xcom_args', 'example_xcom_args_with_operators']) retrieved from /home/vladimir/.local/lib/python3.10/site-packages/airflow/example_dags/example_xcomargs.py
[2023-04-23T01:32:09.380+0300] {logging_mixin.py:137} INFO - [2023-04-23T01:32:09.380+0300] {dag.py:2705} INFO - Sync 2 DAGs
[2023-04-23T01:32:09.393+0300] {logging_mixin.py:137} INFO - [2023-04-23T01:32:09.393+0300] {dag.py:3452} INFO - Setting next_dagrun for example_xcom_args to None, run_after=None
[2023-04-23T01:32:09.395+0300] {logging_mixin.py:137} INFO - [2023-04-23T01:32:09.395+0300] {dag.py:3452} INFO - Setting next_dagrun for example_xcom_args_with_operators to None, run_after=None
[2023-04-23T01:32:09.404+0300] {processor.py:175} INFO - Processing /home/vladimir/.local/lib/python3.10/site-packages/airflow/example_dags/example_xcomargs.py took 0.059 seconds
[2023-04-23T01:32:46.444+0300] {processor.py:153} INFO - Started process (PID=4736) to work on /home/vladimir/.local/lib/python3.10/site-packages/airflow/example_dags/example_xcomargs.py
[2023-04-23T01:32:46.445+0300] {processor.py:743} INFO - Processing file /home/vladimir/.local/lib/python3.10/site-packages/airflow/example_dags/example_xcomargs.py for tasks to queue
[2023-04-23T01:32:46.446+0300] {logging_mixin.py:137} INFO - [2023-04-23T01:32:46.446+0300] {dagbag.py:532} INFO - Filling up the DagBag from /home/vladimir/.local/lib/python3.10/site-packages/airflow/example_dags/example_xcomargs.py
[2023-04-23T01:32:46.462+0300] {processor.py:753} INFO - DAG(s) dict_keys(['example_xcom_args', 'example_xcom_args_with_operators']) retrieved from /home/vladimir/.local/lib/python3.10/site-packages/airflow/example_dags/example_xcomargs.py
[2023-04-23T01:32:46.478+0300] {logging_mixin.py:137} INFO - [2023-04-23T01:32:46.478+0300] {dag.py:2705} INFO - Sync 2 DAGs
[2023-04-23T01:32:46.491+0300] {logging_mixin.py:137} INFO - [2023-04-23T01:32:46.491+0300] {dag.py:3452} INFO - Setting next_dagrun for example_xcom_args to None, run_after=None
[2023-04-23T01:32:46.494+0300] {logging_mixin.py:137} INFO - [2023-04-23T01:32:46.494+0300] {dag.py:3452} INFO - Setting next_dagrun for example_xcom_args_with_operators to None, run_after=None
[2023-04-23T01:32:46.512+0300] {processor.py:175} INFO - Processing /home/vladimir/.local/lib/python3.10/site-packages/airflow/example_dags/example_xcomargs.py took 0.069 seconds
[2023-04-23T01:33:23.500+0300] {processor.py:153} INFO - Started process (PID=4787) to work on /home/vladimir/.local/lib/python3.10/site-packages/airflow/example_dags/example_xcomargs.py
[2023-04-23T01:33:23.501+0300] {processor.py:743} INFO - Processing file /home/vladimir/.local/lib/python3.10/site-packages/airflow/example_dags/example_xcomargs.py for tasks to queue
[2023-04-23T01:33:23.502+0300] {logging_mixin.py:137} INFO - [2023-04-23T01:33:23.502+0300] {dagbag.py:532} INFO - Filling up the DagBag from /home/vladimir/.local/lib/python3.10/site-packages/airflow/example_dags/example_xcomargs.py
[2023-04-23T01:33:23.518+0300] {processor.py:753} INFO - DAG(s) dict_keys(['example_xcom_args', 'example_xcom_args_with_operators']) retrieved from /home/vladimir/.local/lib/python3.10/site-packages/airflow/example_dags/example_xcomargs.py
[2023-04-23T01:33:23.533+0300] {logging_mixin.py:137} INFO - [2023-04-23T01:33:23.533+0300] {dag.py:2705} INFO - Sync 2 DAGs
[2023-04-23T01:33:23.545+0300] {logging_mixin.py:137} INFO - [2023-04-23T01:33:23.545+0300] {dag.py:3452} INFO - Setting next_dagrun for example_xcom_args to None, run_after=None
[2023-04-23T01:33:23.547+0300] {logging_mixin.py:137} INFO - [2023-04-23T01:33:23.547+0300] {dag.py:3452} INFO - Setting next_dagrun for example_xcom_args_with_operators to None, run_after=None
[2023-04-23T01:33:23.558+0300] {processor.py:175} INFO - Processing /home/vladimir/.local/lib/python3.10/site-packages/airflow/example_dags/example_xcomargs.py took 0.060 seconds
[2023-04-23T01:34:04.451+0300] {processor.py:153} INFO - Started process (PID=4891) to work on /home/vladimir/.local/lib/python3.10/site-packages/airflow/example_dags/example_xcomargs.py
[2023-04-23T01:34:04.452+0300] {processor.py:743} INFO - Processing file /home/vladimir/.local/lib/python3.10/site-packages/airflow/example_dags/example_xcomargs.py for tasks to queue
[2023-04-23T01:34:04.452+0300] {logging_mixin.py:137} INFO - [2023-04-23T01:34:04.452+0300] {dagbag.py:532} INFO - Filling up the DagBag from /home/vladimir/.local/lib/python3.10/site-packages/airflow/example_dags/example_xcomargs.py
[2023-04-23T01:34:04.470+0300] {processor.py:753} INFO - DAG(s) dict_keys(['example_xcom_args', 'example_xcom_args_with_operators']) retrieved from /home/vladimir/.local/lib/python3.10/site-packages/airflow/example_dags/example_xcomargs.py
[2023-04-23T01:34:04.486+0300] {logging_mixin.py:137} INFO - [2023-04-23T01:34:04.486+0300] {dag.py:2705} INFO - Sync 2 DAGs
[2023-04-23T01:34:04.498+0300] {logging_mixin.py:137} INFO - [2023-04-23T01:34:04.498+0300] {dag.py:3452} INFO - Setting next_dagrun for example_xcom_args to None, run_after=None
[2023-04-23T01:34:04.500+0300] {logging_mixin.py:137} INFO - [2023-04-23T01:34:04.500+0300] {dag.py:3452} INFO - Setting next_dagrun for example_xcom_args_with_operators to None, run_after=None
[2023-04-23T01:34:04.510+0300] {processor.py:175} INFO - Processing /home/vladimir/.local/lib/python3.10/site-packages/airflow/example_dags/example_xcomargs.py took 0.061 seconds
[2023-04-23T01:34:47.296+0300] {processor.py:153} INFO - Started process (PID=4946) to work on /home/vladimir/.local/lib/python3.10/site-packages/airflow/example_dags/example_xcomargs.py
[2023-04-23T01:34:47.297+0300] {processor.py:743} INFO - Processing file /home/vladimir/.local/lib/python3.10/site-packages/airflow/example_dags/example_xcomargs.py for tasks to queue
[2023-04-23T01:34:47.298+0300] {logging_mixin.py:137} INFO - [2023-04-23T01:34:47.298+0300] {dagbag.py:532} INFO - Filling up the DagBag from /home/vladimir/.local/lib/python3.10/site-packages/airflow/example_dags/example_xcomargs.py
[2023-04-23T01:34:47.315+0300] {processor.py:753} INFO - DAG(s) dict_keys(['example_xcom_args_with_operators', 'example_xcom_args']) retrieved from /home/vladimir/.local/lib/python3.10/site-packages/airflow/example_dags/example_xcomargs.py
[2023-04-23T01:34:47.330+0300] {logging_mixin.py:137} INFO - [2023-04-23T01:34:47.329+0300] {dag.py:2705} INFO - Sync 2 DAGs
[2023-04-23T01:34:47.341+0300] {logging_mixin.py:137} INFO - [2023-04-23T01:34:47.341+0300] {dag.py:3452} INFO - Setting next_dagrun for example_xcom_args to None, run_after=None
[2023-04-23T01:34:47.342+0300] {logging_mixin.py:137} INFO - [2023-04-23T01:34:47.342+0300] {dag.py:3452} INFO - Setting next_dagrun for example_xcom_args_with_operators to None, run_after=None
[2023-04-23T01:34:47.354+0300] {processor.py:175} INFO - Processing /home/vladimir/.local/lib/python3.10/site-packages/airflow/example_dags/example_xcomargs.py took 0.059 seconds
