[2023-04-22T22:50:09.241+0300] {processor.py:153} INFO - Started process (PID=11373) to work on /home/vladimir/.local/lib/python3.10/site-packages/airflow/example_dags/example_local_kubernetes_executor.py
[2023-04-22T22:50:09.242+0300] {processor.py:743} INFO - Processing file /home/vladimir/.local/lib/python3.10/site-packages/airflow/example_dags/example_local_kubernetes_executor.py for tasks to queue
[2023-04-22T22:50:09.242+0300] {logging_mixin.py:137} INFO - [2023-04-22T22:50:09.242+0300] {dagbag.py:532} INFO - Filling up the DagBag from /home/vladimir/.local/lib/python3.10/site-packages/airflow/example_dags/example_local_kubernetes_executor.py
[2023-04-22T22:50:09.258+0300] {processor.py:753} INFO - DAG(s) dict_keys(['example_local_kubernetes_executor']) retrieved from /home/vladimir/.local/lib/python3.10/site-packages/airflow/example_dags/example_local_kubernetes_executor.py
[2023-04-22T22:50:09.317+0300] {logging_mixin.py:137} INFO - [2023-04-22T22:50:09.317+0300] {manager.py:504} INFO - Created Permission View: can delete on DAG:example_local_kubernetes_executor
[2023-04-22T22:50:09.322+0300] {logging_mixin.py:137} INFO - [2023-04-22T22:50:09.322+0300] {manager.py:504} INFO - Created Permission View: can read on DAG:example_local_kubernetes_executor
[2023-04-22T22:50:09.326+0300] {logging_mixin.py:137} INFO - [2023-04-22T22:50:09.326+0300] {manager.py:504} INFO - Created Permission View: can edit on DAG:example_local_kubernetes_executor
[2023-04-22T22:50:09.326+0300] {logging_mixin.py:137} INFO - [2023-04-22T22:50:09.326+0300] {dag.py:2705} INFO - Sync 1 DAGs
[2023-04-22T22:50:09.334+0300] {logging_mixin.py:137} INFO - [2023-04-22T22:50:09.334+0300] {dag.py:2726} INFO - Creating ORM DAG for example_local_kubernetes_executor
[2023-04-22T22:50:09.339+0300] {logging_mixin.py:137} INFO - [2023-04-22T22:50:09.339+0300] {dag.py:3452} INFO - Setting next_dagrun for example_local_kubernetes_executor to None, run_after=None
[2023-04-22T22:50:09.349+0300] {processor.py:175} INFO - Processing /home/vladimir/.local/lib/python3.10/site-packages/airflow/example_dags/example_local_kubernetes_executor.py took 0.110 seconds
[2023-04-22T22:50:53.429+0300] {processor.py:153} INFO - Started process (PID=11463) to work on /home/vladimir/.local/lib/python3.10/site-packages/airflow/example_dags/example_local_kubernetes_executor.py
[2023-04-22T22:50:53.430+0300] {processor.py:743} INFO - Processing file /home/vladimir/.local/lib/python3.10/site-packages/airflow/example_dags/example_local_kubernetes_executor.py for tasks to queue
[2023-04-22T22:50:53.430+0300] {logging_mixin.py:137} INFO - [2023-04-22T22:50:53.430+0300] {dagbag.py:532} INFO - Filling up the DagBag from /home/vladimir/.local/lib/python3.10/site-packages/airflow/example_dags/example_local_kubernetes_executor.py
[2023-04-22T22:50:53.445+0300] {processor.py:753} INFO - DAG(s) dict_keys(['example_local_kubernetes_executor']) retrieved from /home/vladimir/.local/lib/python3.10/site-packages/airflow/example_dags/example_local_kubernetes_executor.py
[2023-04-22T22:50:53.460+0300] {logging_mixin.py:137} INFO - [2023-04-22T22:50:53.460+0300] {dag.py:2705} INFO - Sync 1 DAGs
[2023-04-22T22:50:53.471+0300] {logging_mixin.py:137} INFO - [2023-04-22T22:50:53.471+0300] {dag.py:3452} INFO - Setting next_dagrun for example_local_kubernetes_executor to None, run_after=None
[2023-04-22T22:50:53.484+0300] {processor.py:175} INFO - Processing /home/vladimir/.local/lib/python3.10/site-packages/airflow/example_dags/example_local_kubernetes_executor.py took 0.057 seconds
[2023-04-22T22:51:35.922+0300] {processor.py:153} INFO - Started process (PID=11558) to work on /home/vladimir/.local/lib/python3.10/site-packages/airflow/example_dags/example_local_kubernetes_executor.py
[2023-04-22T22:51:35.923+0300] {processor.py:743} INFO - Processing file /home/vladimir/.local/lib/python3.10/site-packages/airflow/example_dags/example_local_kubernetes_executor.py for tasks to queue
[2023-04-22T22:51:35.923+0300] {logging_mixin.py:137} INFO - [2023-04-22T22:51:35.923+0300] {dagbag.py:532} INFO - Filling up the DagBag from /home/vladimir/.local/lib/python3.10/site-packages/airflow/example_dags/example_local_kubernetes_executor.py
[2023-04-22T22:51:35.939+0300] {processor.py:753} INFO - DAG(s) dict_keys(['example_local_kubernetes_executor']) retrieved from /home/vladimir/.local/lib/python3.10/site-packages/airflow/example_dags/example_local_kubernetes_executor.py
[2023-04-22T22:51:35.953+0300] {logging_mixin.py:137} INFO - [2023-04-22T22:51:35.953+0300] {dag.py:2705} INFO - Sync 1 DAGs
[2023-04-22T22:51:35.964+0300] {logging_mixin.py:137} INFO - [2023-04-22T22:51:35.964+0300] {dag.py:3452} INFO - Setting next_dagrun for example_local_kubernetes_executor to None, run_after=None
[2023-04-22T22:51:35.976+0300] {processor.py:175} INFO - Processing /home/vladimir/.local/lib/python3.10/site-packages/airflow/example_dags/example_local_kubernetes_executor.py took 0.056 seconds
[2023-04-22T22:52:11.901+0300] {processor.py:153} INFO - Started process (PID=11627) to work on /home/vladimir/.local/lib/python3.10/site-packages/airflow/example_dags/example_local_kubernetes_executor.py
[2023-04-22T22:52:11.902+0300] {processor.py:743} INFO - Processing file /home/vladimir/.local/lib/python3.10/site-packages/airflow/example_dags/example_local_kubernetes_executor.py for tasks to queue
[2023-04-22T22:52:11.903+0300] {logging_mixin.py:137} INFO - [2023-04-22T22:52:11.903+0300] {dagbag.py:532} INFO - Filling up the DagBag from /home/vladimir/.local/lib/python3.10/site-packages/airflow/example_dags/example_local_kubernetes_executor.py
[2023-04-22T22:52:11.922+0300] {processor.py:753} INFO - DAG(s) dict_keys(['example_local_kubernetes_executor']) retrieved from /home/vladimir/.local/lib/python3.10/site-packages/airflow/example_dags/example_local_kubernetes_executor.py
[2023-04-22T22:52:11.941+0300] {logging_mixin.py:137} INFO - [2023-04-22T22:52:11.941+0300] {dag.py:2705} INFO - Sync 1 DAGs
[2023-04-22T22:52:11.953+0300] {logging_mixin.py:137} INFO - [2023-04-22T22:52:11.953+0300] {dag.py:3452} INFO - Setting next_dagrun for example_local_kubernetes_executor to None, run_after=None
[2023-04-22T22:52:11.967+0300] {processor.py:175} INFO - Processing /home/vladimir/.local/lib/python3.10/site-packages/airflow/example_dags/example_local_kubernetes_executor.py took 0.071 seconds
[2023-04-22T22:52:48.748+0300] {processor.py:153} INFO - Started process (PID=11671) to work on /home/vladimir/.local/lib/python3.10/site-packages/airflow/example_dags/example_local_kubernetes_executor.py
[2023-04-22T22:52:48.749+0300] {processor.py:743} INFO - Processing file /home/vladimir/.local/lib/python3.10/site-packages/airflow/example_dags/example_local_kubernetes_executor.py for tasks to queue
[2023-04-22T22:52:48.749+0300] {logging_mixin.py:137} INFO - [2023-04-22T22:52:48.749+0300] {dagbag.py:532} INFO - Filling up the DagBag from /home/vladimir/.local/lib/python3.10/site-packages/airflow/example_dags/example_local_kubernetes_executor.py
[2023-04-22T22:52:48.767+0300] {processor.py:753} INFO - DAG(s) dict_keys(['example_local_kubernetes_executor']) retrieved from /home/vladimir/.local/lib/python3.10/site-packages/airflow/example_dags/example_local_kubernetes_executor.py
[2023-04-22T22:52:48.783+0300] {logging_mixin.py:137} INFO - [2023-04-22T22:52:48.783+0300] {dag.py:2705} INFO - Sync 1 DAGs
[2023-04-22T22:52:48.795+0300] {logging_mixin.py:137} INFO - [2023-04-22T22:52:48.795+0300] {dag.py:3452} INFO - Setting next_dagrun for example_local_kubernetes_executor to None, run_after=None
[2023-04-22T22:52:48.808+0300] {processor.py:175} INFO - Processing /home/vladimir/.local/lib/python3.10/site-packages/airflow/example_dags/example_local_kubernetes_executor.py took 0.063 seconds
[2023-04-22T22:53:28.112+0300] {processor.py:153} INFO - Started process (PID=11726) to work on /home/vladimir/.local/lib/python3.10/site-packages/airflow/example_dags/example_local_kubernetes_executor.py
[2023-04-22T22:53:28.113+0300] {processor.py:743} INFO - Processing file /home/vladimir/.local/lib/python3.10/site-packages/airflow/example_dags/example_local_kubernetes_executor.py for tasks to queue
[2023-04-22T22:53:28.113+0300] {logging_mixin.py:137} INFO - [2023-04-22T22:53:28.113+0300] {dagbag.py:532} INFO - Filling up the DagBag from /home/vladimir/.local/lib/python3.10/site-packages/airflow/example_dags/example_local_kubernetes_executor.py
[2023-04-22T22:53:28.130+0300] {processor.py:753} INFO - DAG(s) dict_keys(['example_local_kubernetes_executor']) retrieved from /home/vladimir/.local/lib/python3.10/site-packages/airflow/example_dags/example_local_kubernetes_executor.py
[2023-04-22T22:53:28.146+0300] {logging_mixin.py:137} INFO - [2023-04-22T22:53:28.146+0300] {dag.py:2705} INFO - Sync 1 DAGs
[2023-04-22T22:53:28.158+0300] {logging_mixin.py:137} INFO - [2023-04-22T22:53:28.158+0300] {dag.py:3452} INFO - Setting next_dagrun for example_local_kubernetes_executor to None, run_after=None
[2023-04-22T22:53:28.172+0300] {processor.py:175} INFO - Processing /home/vladimir/.local/lib/python3.10/site-packages/airflow/example_dags/example_local_kubernetes_executor.py took 0.062 seconds
[2023-04-22T22:54:09.216+0300] {processor.py:153} INFO - Started process (PID=11785) to work on /home/vladimir/.local/lib/python3.10/site-packages/airflow/example_dags/example_local_kubernetes_executor.py
[2023-04-22T22:54:09.217+0300] {processor.py:743} INFO - Processing file /home/vladimir/.local/lib/python3.10/site-packages/airflow/example_dags/example_local_kubernetes_executor.py for tasks to queue
[2023-04-22T22:54:09.217+0300] {logging_mixin.py:137} INFO - [2023-04-22T22:54:09.217+0300] {dagbag.py:532} INFO - Filling up the DagBag from /home/vladimir/.local/lib/python3.10/site-packages/airflow/example_dags/example_local_kubernetes_executor.py
[2023-04-22T22:54:09.235+0300] {processor.py:753} INFO - DAG(s) dict_keys(['example_local_kubernetes_executor']) retrieved from /home/vladimir/.local/lib/python3.10/site-packages/airflow/example_dags/example_local_kubernetes_executor.py
[2023-04-22T22:54:09.251+0300] {logging_mixin.py:137} INFO - [2023-04-22T22:54:09.251+0300] {dag.py:2705} INFO - Sync 1 DAGs
[2023-04-22T22:54:09.265+0300] {logging_mixin.py:137} INFO - [2023-04-22T22:54:09.265+0300] {dag.py:3452} INFO - Setting next_dagrun for example_local_kubernetes_executor to None, run_after=None
[2023-04-22T22:54:09.279+0300] {processor.py:175} INFO - Processing /home/vladimir/.local/lib/python3.10/site-packages/airflow/example_dags/example_local_kubernetes_executor.py took 0.065 seconds
[2023-04-22T22:54:48.694+0300] {processor.py:153} INFO - Started process (PID=11839) to work on /home/vladimir/.local/lib/python3.10/site-packages/airflow/example_dags/example_local_kubernetes_executor.py
[2023-04-22T22:54:48.695+0300] {processor.py:743} INFO - Processing file /home/vladimir/.local/lib/python3.10/site-packages/airflow/example_dags/example_local_kubernetes_executor.py for tasks to queue
[2023-04-22T22:54:48.695+0300] {logging_mixin.py:137} INFO - [2023-04-22T22:54:48.695+0300] {dagbag.py:532} INFO - Filling up the DagBag from /home/vladimir/.local/lib/python3.10/site-packages/airflow/example_dags/example_local_kubernetes_executor.py
[2023-04-22T22:54:48.711+0300] {processor.py:753} INFO - DAG(s) dict_keys(['example_local_kubernetes_executor']) retrieved from /home/vladimir/.local/lib/python3.10/site-packages/airflow/example_dags/example_local_kubernetes_executor.py
[2023-04-22T22:54:48.726+0300] {logging_mixin.py:137} INFO - [2023-04-22T22:54:48.725+0300] {dag.py:2705} INFO - Sync 1 DAGs
[2023-04-22T22:54:48.738+0300] {logging_mixin.py:137} INFO - [2023-04-22T22:54:48.737+0300] {dag.py:3452} INFO - Setting next_dagrun for example_local_kubernetes_executor to None, run_after=None
[2023-04-22T22:54:48.749+0300] {processor.py:175} INFO - Processing /home/vladimir/.local/lib/python3.10/site-packages/airflow/example_dags/example_local_kubernetes_executor.py took 0.056 seconds
[2023-04-22T22:55:30.552+0300] {processor.py:153} INFO - Started process (PID=11909) to work on /home/vladimir/.local/lib/python3.10/site-packages/airflow/example_dags/example_local_kubernetes_executor.py
[2023-04-22T22:55:30.553+0300] {processor.py:743} INFO - Processing file /home/vladimir/.local/lib/python3.10/site-packages/airflow/example_dags/example_local_kubernetes_executor.py for tasks to queue
[2023-04-22T22:55:30.553+0300] {logging_mixin.py:137} INFO - [2023-04-22T22:55:30.553+0300] {dagbag.py:532} INFO - Filling up the DagBag from /home/vladimir/.local/lib/python3.10/site-packages/airflow/example_dags/example_local_kubernetes_executor.py
[2023-04-22T22:55:30.568+0300] {processor.py:753} INFO - DAG(s) dict_keys(['example_local_kubernetes_executor']) retrieved from /home/vladimir/.local/lib/python3.10/site-packages/airflow/example_dags/example_local_kubernetes_executor.py
[2023-04-22T22:55:30.583+0300] {logging_mixin.py:137} INFO - [2023-04-22T22:55:30.583+0300] {dag.py:2705} INFO - Sync 1 DAGs
[2023-04-22T22:55:30.594+0300] {logging_mixin.py:137} INFO - [2023-04-22T22:55:30.594+0300] {dag.py:3452} INFO - Setting next_dagrun for example_local_kubernetes_executor to None, run_after=None
[2023-04-22T22:55:30.606+0300] {processor.py:175} INFO - Processing /home/vladimir/.local/lib/python3.10/site-packages/airflow/example_dags/example_local_kubernetes_executor.py took 0.057 seconds
[2023-04-22T22:56:06.768+0300] {processor.py:153} INFO - Started process (PID=11952) to work on /home/vladimir/.local/lib/python3.10/site-packages/airflow/example_dags/example_local_kubernetes_executor.py
[2023-04-22T22:56:06.770+0300] {processor.py:743} INFO - Processing file /home/vladimir/.local/lib/python3.10/site-packages/airflow/example_dags/example_local_kubernetes_executor.py for tasks to queue
[2023-04-22T22:56:06.770+0300] {logging_mixin.py:137} INFO - [2023-04-22T22:56:06.770+0300] {dagbag.py:532} INFO - Filling up the DagBag from /home/vladimir/.local/lib/python3.10/site-packages/airflow/example_dags/example_local_kubernetes_executor.py
[2023-04-22T22:56:06.790+0300] {processor.py:753} INFO - DAG(s) dict_keys(['example_local_kubernetes_executor']) retrieved from /home/vladimir/.local/lib/python3.10/site-packages/airflow/example_dags/example_local_kubernetes_executor.py
[2023-04-22T22:56:06.807+0300] {logging_mixin.py:137} INFO - [2023-04-22T22:56:06.806+0300] {dag.py:2705} INFO - Sync 1 DAGs
[2023-04-22T22:56:06.821+0300] {logging_mixin.py:137} INFO - [2023-04-22T22:56:06.821+0300] {dag.py:3452} INFO - Setting next_dagrun for example_local_kubernetes_executor to None, run_after=None
[2023-04-22T22:56:06.834+0300] {processor.py:175} INFO - Processing /home/vladimir/.local/lib/python3.10/site-packages/airflow/example_dags/example_local_kubernetes_executor.py took 0.069 seconds
[2023-04-23T01:28:52.491+0300] {processor.py:153} INFO - Started process (PID=4381) to work on /home/vladimir/.local/lib/python3.10/site-packages/airflow/example_dags/example_local_kubernetes_executor.py
[2023-04-23T01:28:52.551+0300] {processor.py:743} INFO - Processing file /home/vladimir/.local/lib/python3.10/site-packages/airflow/example_dags/example_local_kubernetes_executor.py for tasks to queue
[2023-04-23T01:28:52.551+0300] {logging_mixin.py:137} INFO - [2023-04-23T01:28:52.551+0300] {dagbag.py:532} INFO - Filling up the DagBag from /home/vladimir/.local/lib/python3.10/site-packages/airflow/example_dags/example_local_kubernetes_executor.py
[2023-04-23T01:28:52.568+0300] {processor.py:753} INFO - DAG(s) dict_keys(['example_local_kubernetes_executor']) retrieved from /home/vladimir/.local/lib/python3.10/site-packages/airflow/example_dags/example_local_kubernetes_executor.py
[2023-04-23T01:28:52.583+0300] {logging_mixin.py:137} INFO - [2023-04-23T01:28:52.583+0300] {dag.py:2705} INFO - Sync 1 DAGs
[2023-04-23T01:28:52.597+0300] {logging_mixin.py:137} INFO - [2023-04-23T01:28:52.597+0300] {dag.py:3452} INFO - Setting next_dagrun for example_local_kubernetes_executor to None, run_after=None
[2023-04-23T01:28:52.608+0300] {processor.py:175} INFO - Processing /home/vladimir/.local/lib/python3.10/site-packages/airflow/example_dags/example_local_kubernetes_executor.py took 0.119 seconds
[2023-04-23T01:29:34.362+0300] {processor.py:153} INFO - Started process (PID=4446) to work on /home/vladimir/.local/lib/python3.10/site-packages/airflow/example_dags/example_local_kubernetes_executor.py
[2023-04-23T01:29:34.363+0300] {processor.py:743} INFO - Processing file /home/vladimir/.local/lib/python3.10/site-packages/airflow/example_dags/example_local_kubernetes_executor.py for tasks to queue
[2023-04-23T01:29:34.363+0300] {logging_mixin.py:137} INFO - [2023-04-23T01:29:34.363+0300] {dagbag.py:532} INFO - Filling up the DagBag from /home/vladimir/.local/lib/python3.10/site-packages/airflow/example_dags/example_local_kubernetes_executor.py
[2023-04-23T01:29:34.379+0300] {processor.py:753} INFO - DAG(s) dict_keys(['example_local_kubernetes_executor']) retrieved from /home/vladimir/.local/lib/python3.10/site-packages/airflow/example_dags/example_local_kubernetes_executor.py
[2023-04-23T01:29:34.394+0300] {logging_mixin.py:137} INFO - [2023-04-23T01:29:34.394+0300] {dag.py:2705} INFO - Sync 1 DAGs
[2023-04-23T01:29:34.406+0300] {logging_mixin.py:137} INFO - [2023-04-23T01:29:34.406+0300] {dag.py:3452} INFO - Setting next_dagrun for example_local_kubernetes_executor to None, run_after=None
[2023-04-23T01:29:34.419+0300] {processor.py:175} INFO - Processing /home/vladimir/.local/lib/python3.10/site-packages/airflow/example_dags/example_local_kubernetes_executor.py took 0.059 seconds
[2023-04-23T01:30:14.961+0300] {processor.py:153} INFO - Started process (PID=4495) to work on /home/vladimir/.local/lib/python3.10/site-packages/airflow/example_dags/example_local_kubernetes_executor.py
[2023-04-23T01:30:14.962+0300] {processor.py:743} INFO - Processing file /home/vladimir/.local/lib/python3.10/site-packages/airflow/example_dags/example_local_kubernetes_executor.py for tasks to queue
[2023-04-23T01:30:14.963+0300] {logging_mixin.py:137} INFO - [2023-04-23T01:30:14.962+0300] {dagbag.py:532} INFO - Filling up the DagBag from /home/vladimir/.local/lib/python3.10/site-packages/airflow/example_dags/example_local_kubernetes_executor.py
[2023-04-23T01:30:14.983+0300] {processor.py:753} INFO - DAG(s) dict_keys(['example_local_kubernetes_executor']) retrieved from /home/vladimir/.local/lib/python3.10/site-packages/airflow/example_dags/example_local_kubernetes_executor.py
[2023-04-23T01:30:14.998+0300] {logging_mixin.py:137} INFO - [2023-04-23T01:30:14.998+0300] {dag.py:2705} INFO - Sync 1 DAGs
[2023-04-23T01:30:15.009+0300] {logging_mixin.py:137} INFO - [2023-04-23T01:30:15.009+0300] {dag.py:3452} INFO - Setting next_dagrun for example_local_kubernetes_executor to None, run_after=None
[2023-04-23T01:30:15.022+0300] {processor.py:175} INFO - Processing /home/vladimir/.local/lib/python3.10/site-packages/airflow/example_dags/example_local_kubernetes_executor.py took 0.063 seconds
[2023-04-23T01:30:55.100+0300] {processor.py:153} INFO - Started process (PID=4582) to work on /home/vladimir/.local/lib/python3.10/site-packages/airflow/example_dags/example_local_kubernetes_executor.py
[2023-04-23T01:30:55.101+0300] {processor.py:743} INFO - Processing file /home/vladimir/.local/lib/python3.10/site-packages/airflow/example_dags/example_local_kubernetes_executor.py for tasks to queue
[2023-04-23T01:30:55.102+0300] {logging_mixin.py:137} INFO - [2023-04-23T01:30:55.102+0300] {dagbag.py:532} INFO - Filling up the DagBag from /home/vladimir/.local/lib/python3.10/site-packages/airflow/example_dags/example_local_kubernetes_executor.py
[2023-04-23T01:30:55.118+0300] {processor.py:753} INFO - DAG(s) dict_keys(['example_local_kubernetes_executor']) retrieved from /home/vladimir/.local/lib/python3.10/site-packages/airflow/example_dags/example_local_kubernetes_executor.py
[2023-04-23T01:30:55.141+0300] {logging_mixin.py:137} INFO - [2023-04-23T01:30:55.141+0300] {dag.py:2705} INFO - Sync 1 DAGs
[2023-04-23T01:30:55.159+0300] {logging_mixin.py:137} INFO - [2023-04-23T01:30:55.159+0300] {dag.py:3452} INFO - Setting next_dagrun for example_local_kubernetes_executor to None, run_after=None
[2023-04-23T01:30:55.175+0300] {processor.py:175} INFO - Processing /home/vladimir/.local/lib/python3.10/site-packages/airflow/example_dags/example_local_kubernetes_executor.py took 0.077 seconds
[2023-04-23T01:31:30.008+0300] {processor.py:153} INFO - Started process (PID=4632) to work on /home/vladimir/.local/lib/python3.10/site-packages/airflow/example_dags/example_local_kubernetes_executor.py
[2023-04-23T01:31:30.009+0300] {processor.py:743} INFO - Processing file /home/vladimir/.local/lib/python3.10/site-packages/airflow/example_dags/example_local_kubernetes_executor.py for tasks to queue
[2023-04-23T01:31:30.010+0300] {logging_mixin.py:137} INFO - [2023-04-23T01:31:30.010+0300] {dagbag.py:532} INFO - Filling up the DagBag from /home/vladimir/.local/lib/python3.10/site-packages/airflow/example_dags/example_local_kubernetes_executor.py
[2023-04-23T01:31:30.027+0300] {processor.py:753} INFO - DAG(s) dict_keys(['example_local_kubernetes_executor']) retrieved from /home/vladimir/.local/lib/python3.10/site-packages/airflow/example_dags/example_local_kubernetes_executor.py
[2023-04-23T01:31:30.042+0300] {logging_mixin.py:137} INFO - [2023-04-23T01:31:30.042+0300] {dag.py:2705} INFO - Sync 1 DAGs
[2023-04-23T01:31:30.054+0300] {logging_mixin.py:137} INFO - [2023-04-23T01:31:30.054+0300] {dag.py:3452} INFO - Setting next_dagrun for example_local_kubernetes_executor to None, run_after=None
[2023-04-23T01:31:30.067+0300] {processor.py:175} INFO - Processing /home/vladimir/.local/lib/python3.10/site-packages/airflow/example_dags/example_local_kubernetes_executor.py took 0.060 seconds
[2023-04-23T01:32:10.480+0300] {processor.py:153} INFO - Started process (PID=4682) to work on /home/vladimir/.local/lib/python3.10/site-packages/airflow/example_dags/example_local_kubernetes_executor.py
[2023-04-23T01:32:10.481+0300] {processor.py:743} INFO - Processing file /home/vladimir/.local/lib/python3.10/site-packages/airflow/example_dags/example_local_kubernetes_executor.py for tasks to queue
[2023-04-23T01:32:10.482+0300] {logging_mixin.py:137} INFO - [2023-04-23T01:32:10.482+0300] {dagbag.py:532} INFO - Filling up the DagBag from /home/vladimir/.local/lib/python3.10/site-packages/airflow/example_dags/example_local_kubernetes_executor.py
[2023-04-23T01:32:10.498+0300] {processor.py:753} INFO - DAG(s) dict_keys(['example_local_kubernetes_executor']) retrieved from /home/vladimir/.local/lib/python3.10/site-packages/airflow/example_dags/example_local_kubernetes_executor.py
[2023-04-23T01:32:10.514+0300] {logging_mixin.py:137} INFO - [2023-04-23T01:32:10.514+0300] {dag.py:2705} INFO - Sync 1 DAGs
[2023-04-23T01:32:10.527+0300] {logging_mixin.py:137} INFO - [2023-04-23T01:32:10.527+0300] {dag.py:3452} INFO - Setting next_dagrun for example_local_kubernetes_executor to None, run_after=None
[2023-04-23T01:32:10.538+0300] {processor.py:175} INFO - Processing /home/vladimir/.local/lib/python3.10/site-packages/airflow/example_dags/example_local_kubernetes_executor.py took 0.059 seconds
[2023-04-23T01:32:47.575+0300] {processor.py:153} INFO - Started process (PID=4737) to work on /home/vladimir/.local/lib/python3.10/site-packages/airflow/example_dags/example_local_kubernetes_executor.py
[2023-04-23T01:32:47.576+0300] {processor.py:743} INFO - Processing file /home/vladimir/.local/lib/python3.10/site-packages/airflow/example_dags/example_local_kubernetes_executor.py for tasks to queue
[2023-04-23T01:32:47.577+0300] {logging_mixin.py:137} INFO - [2023-04-23T01:32:47.576+0300] {dagbag.py:532} INFO - Filling up the DagBag from /home/vladimir/.local/lib/python3.10/site-packages/airflow/example_dags/example_local_kubernetes_executor.py
[2023-04-23T01:32:47.594+0300] {processor.py:753} INFO - DAG(s) dict_keys(['example_local_kubernetes_executor']) retrieved from /home/vladimir/.local/lib/python3.10/site-packages/airflow/example_dags/example_local_kubernetes_executor.py
[2023-04-23T01:32:47.608+0300] {logging_mixin.py:137} INFO - [2023-04-23T01:32:47.608+0300] {dag.py:2705} INFO - Sync 1 DAGs
[2023-04-23T01:32:47.621+0300] {logging_mixin.py:137} INFO - [2023-04-23T01:32:47.621+0300] {dag.py:3452} INFO - Setting next_dagrun for example_local_kubernetes_executor to None, run_after=None
[2023-04-23T01:32:47.634+0300] {processor.py:175} INFO - Processing /home/vladimir/.local/lib/python3.10/site-packages/airflow/example_dags/example_local_kubernetes_executor.py took 0.060 seconds
[2023-04-23T01:33:23.951+0300] {processor.py:153} INFO - Started process (PID=4788) to work on /home/vladimir/.local/lib/python3.10/site-packages/airflow/example_dags/example_local_kubernetes_executor.py
[2023-04-23T01:33:23.952+0300] {processor.py:743} INFO - Processing file /home/vladimir/.local/lib/python3.10/site-packages/airflow/example_dags/example_local_kubernetes_executor.py for tasks to queue
[2023-04-23T01:33:23.953+0300] {logging_mixin.py:137} INFO - [2023-04-23T01:33:23.953+0300] {dagbag.py:532} INFO - Filling up the DagBag from /home/vladimir/.local/lib/python3.10/site-packages/airflow/example_dags/example_local_kubernetes_executor.py
[2023-04-23T01:33:23.969+0300] {processor.py:753} INFO - DAG(s) dict_keys(['example_local_kubernetes_executor']) retrieved from /home/vladimir/.local/lib/python3.10/site-packages/airflow/example_dags/example_local_kubernetes_executor.py
[2023-04-23T01:33:23.983+0300] {logging_mixin.py:137} INFO - [2023-04-23T01:33:23.983+0300] {dag.py:2705} INFO - Sync 1 DAGs
[2023-04-23T01:33:23.997+0300] {logging_mixin.py:137} INFO - [2023-04-23T01:33:23.997+0300] {dag.py:3452} INFO - Setting next_dagrun for example_local_kubernetes_executor to None, run_after=None
[2023-04-23T01:33:24.008+0300] {processor.py:175} INFO - Processing /home/vladimir/.local/lib/python3.10/site-packages/airflow/example_dags/example_local_kubernetes_executor.py took 0.059 seconds
[2023-04-23T01:34:05.055+0300] {processor.py:153} INFO - Started process (PID=4892) to work on /home/vladimir/.local/lib/python3.10/site-packages/airflow/example_dags/example_local_kubernetes_executor.py
[2023-04-23T01:34:05.056+0300] {processor.py:743} INFO - Processing file /home/vladimir/.local/lib/python3.10/site-packages/airflow/example_dags/example_local_kubernetes_executor.py for tasks to queue
[2023-04-23T01:34:05.057+0300] {logging_mixin.py:137} INFO - [2023-04-23T01:34:05.057+0300] {dagbag.py:532} INFO - Filling up the DagBag from /home/vladimir/.local/lib/python3.10/site-packages/airflow/example_dags/example_local_kubernetes_executor.py
[2023-04-23T01:34:05.073+0300] {processor.py:753} INFO - DAG(s) dict_keys(['example_local_kubernetes_executor']) retrieved from /home/vladimir/.local/lib/python3.10/site-packages/airflow/example_dags/example_local_kubernetes_executor.py
[2023-04-23T01:34:05.088+0300] {logging_mixin.py:137} INFO - [2023-04-23T01:34:05.088+0300] {dag.py:2705} INFO - Sync 1 DAGs
[2023-04-23T01:34:05.100+0300] {logging_mixin.py:137} INFO - [2023-04-23T01:34:05.100+0300] {dag.py:3452} INFO - Setting next_dagrun for example_local_kubernetes_executor to None, run_after=None
[2023-04-23T01:34:05.112+0300] {processor.py:175} INFO - Processing /home/vladimir/.local/lib/python3.10/site-packages/airflow/example_dags/example_local_kubernetes_executor.py took 0.059 seconds
[2023-04-23T01:34:48.427+0300] {processor.py:153} INFO - Started process (PID=4949) to work on /home/vladimir/.local/lib/python3.10/site-packages/airflow/example_dags/example_local_kubernetes_executor.py
[2023-04-23T01:34:48.428+0300] {processor.py:743} INFO - Processing file /home/vladimir/.local/lib/python3.10/site-packages/airflow/example_dags/example_local_kubernetes_executor.py for tasks to queue
[2023-04-23T01:34:48.428+0300] {logging_mixin.py:137} INFO - [2023-04-23T01:34:48.428+0300] {dagbag.py:532} INFO - Filling up the DagBag from /home/vladimir/.local/lib/python3.10/site-packages/airflow/example_dags/example_local_kubernetes_executor.py
[2023-04-23T01:34:48.448+0300] {processor.py:753} INFO - DAG(s) dict_keys(['example_local_kubernetes_executor']) retrieved from /home/vladimir/.local/lib/python3.10/site-packages/airflow/example_dags/example_local_kubernetes_executor.py
[2023-04-23T01:34:48.463+0300] {logging_mixin.py:137} INFO - [2023-04-23T01:34:48.463+0300] {dag.py:2705} INFO - Sync 1 DAGs
[2023-04-23T01:34:48.476+0300] {logging_mixin.py:137} INFO - [2023-04-23T01:34:48.476+0300] {dag.py:3452} INFO - Setting next_dagrun for example_local_kubernetes_executor to None, run_after=None
[2023-04-23T01:34:48.488+0300] {processor.py:175} INFO - Processing /home/vladimir/.local/lib/python3.10/site-packages/airflow/example_dags/example_local_kubernetes_executor.py took 0.063 seconds
