[2023-04-22T22:50:37.981+0300] {processor.py:153} INFO - Started process (PID=11429) to work on /home/vladimir/.local/lib/python3.10/site-packages/airflow/example_dags/example_branch_operator_decorator.py
[2023-04-22T22:50:37.982+0300] {processor.py:743} INFO - Processing file /home/vladimir/.local/lib/python3.10/site-packages/airflow/example_dags/example_branch_operator_decorator.py for tasks to queue
[2023-04-22T22:50:37.983+0300] {logging_mixin.py:137} INFO - [2023-04-22T22:50:37.982+0300] {dagbag.py:532} INFO - Filling up the DagBag from /home/vladimir/.local/lib/python3.10/site-packages/airflow/example_dags/example_branch_operator_decorator.py
[2023-04-22T22:50:38.000+0300] {processor.py:753} INFO - DAG(s) dict_keys(['example_branch_python_operator_decorator']) retrieved from /home/vladimir/.local/lib/python3.10/site-packages/airflow/example_dags/example_branch_operator_decorator.py
[2023-04-22T22:50:38.066+0300] {logging_mixin.py:137} INFO - [2023-04-22T22:50:38.066+0300] {manager.py:504} INFO - Created Permission View: can delete on DAG:example_branch_python_operator_decorator
[2023-04-22T22:50:38.073+0300] {logging_mixin.py:137} INFO - [2023-04-22T22:50:38.073+0300] {manager.py:504} INFO - Created Permission View: can read on DAG:example_branch_python_operator_decorator
[2023-04-22T22:50:38.077+0300] {logging_mixin.py:137} INFO - [2023-04-22T22:50:38.077+0300] {manager.py:504} INFO - Created Permission View: can edit on DAG:example_branch_python_operator_decorator
[2023-04-22T22:50:38.077+0300] {logging_mixin.py:137} INFO - [2023-04-22T22:50:38.077+0300] {dag.py:2705} INFO - Sync 1 DAGs
[2023-04-22T22:50:38.084+0300] {logging_mixin.py:137} INFO - [2023-04-22T22:50:38.084+0300] {dag.py:2726} INFO - Creating ORM DAG for example_branch_python_operator_decorator
[2023-04-22T22:50:38.091+0300] {logging_mixin.py:137} INFO - [2023-04-22T22:50:38.091+0300] {dag.py:3452} INFO - Setting next_dagrun for example_branch_python_operator_decorator to 2023-04-21T00:00:00+00:00, run_after=2023-04-22T00:00:00+00:00
[2023-04-22T22:50:38.103+0300] {processor.py:175} INFO - Processing /home/vladimir/.local/lib/python3.10/site-packages/airflow/example_dags/example_branch_operator_decorator.py took 0.124 seconds
[2023-04-22T22:51:19.271+0300] {processor.py:153} INFO - Started process (PID=11532) to work on /home/vladimir/.local/lib/python3.10/site-packages/airflow/example_dags/example_branch_operator_decorator.py
[2023-04-22T22:51:19.272+0300] {processor.py:743} INFO - Processing file /home/vladimir/.local/lib/python3.10/site-packages/airflow/example_dags/example_branch_operator_decorator.py for tasks to queue
[2023-04-22T22:51:19.273+0300] {logging_mixin.py:137} INFO - [2023-04-22T22:51:19.273+0300] {dagbag.py:532} INFO - Filling up the DagBag from /home/vladimir/.local/lib/python3.10/site-packages/airflow/example_dags/example_branch_operator_decorator.py
[2023-04-22T22:51:19.292+0300] {processor.py:753} INFO - DAG(s) dict_keys(['example_branch_python_operator_decorator']) retrieved from /home/vladimir/.local/lib/python3.10/site-packages/airflow/example_dags/example_branch_operator_decorator.py
[2023-04-22T22:51:19.307+0300] {logging_mixin.py:137} INFO - [2023-04-22T22:51:19.307+0300] {dag.py:2705} INFO - Sync 1 DAGs
[2023-04-22T22:51:19.320+0300] {logging_mixin.py:137} INFO - [2023-04-22T22:51:19.320+0300] {dag.py:3452} INFO - Setting next_dagrun for example_branch_python_operator_decorator to 2023-04-21T00:00:00+00:00, run_after=2023-04-22T00:00:00+00:00
[2023-04-22T22:51:19.332+0300] {processor.py:175} INFO - Processing /home/vladimir/.local/lib/python3.10/site-packages/airflow/example_dags/example_branch_operator_decorator.py took 0.062 seconds
[2023-04-22T22:52:06.759+0300] {processor.py:153} INFO - Started process (PID=11619) to work on /home/vladimir/.local/lib/python3.10/site-packages/airflow/example_dags/example_branch_operator_decorator.py
[2023-04-22T22:52:06.760+0300] {processor.py:743} INFO - Processing file /home/vladimir/.local/lib/python3.10/site-packages/airflow/example_dags/example_branch_operator_decorator.py for tasks to queue
[2023-04-22T22:52:06.760+0300] {logging_mixin.py:137} INFO - [2023-04-22T22:52:06.760+0300] {dagbag.py:532} INFO - Filling up the DagBag from /home/vladimir/.local/lib/python3.10/site-packages/airflow/example_dags/example_branch_operator_decorator.py
[2023-04-22T22:52:06.777+0300] {processor.py:753} INFO - DAG(s) dict_keys(['example_branch_python_operator_decorator']) retrieved from /home/vladimir/.local/lib/python3.10/site-packages/airflow/example_dags/example_branch_operator_decorator.py
[2023-04-22T22:52:06.793+0300] {logging_mixin.py:137} INFO - [2023-04-22T22:52:06.793+0300] {dag.py:2705} INFO - Sync 1 DAGs
[2023-04-22T22:52:06.806+0300] {logging_mixin.py:137} INFO - [2023-04-22T22:52:06.806+0300] {dag.py:3452} INFO - Setting next_dagrun for example_branch_python_operator_decorator to 2023-04-21T00:00:00+00:00, run_after=2023-04-22T00:00:00+00:00
[2023-04-22T22:52:06.817+0300] {processor.py:175} INFO - Processing /home/vladimir/.local/lib/python3.10/site-packages/airflow/example_dags/example_branch_operator_decorator.py took 0.060 seconds
[2023-04-22T22:52:53.286+0300] {processor.py:153} INFO - Started process (PID=11678) to work on /home/vladimir/.local/lib/python3.10/site-packages/airflow/example_dags/example_branch_operator_decorator.py
[2023-04-22T22:52:53.287+0300] {processor.py:743} INFO - Processing file /home/vladimir/.local/lib/python3.10/site-packages/airflow/example_dags/example_branch_operator_decorator.py for tasks to queue
[2023-04-22T22:52:53.287+0300] {logging_mixin.py:137} INFO - [2023-04-22T22:52:53.287+0300] {dagbag.py:532} INFO - Filling up the DagBag from /home/vladimir/.local/lib/python3.10/site-packages/airflow/example_dags/example_branch_operator_decorator.py
[2023-04-22T22:52:53.306+0300] {processor.py:753} INFO - DAG(s) dict_keys(['example_branch_python_operator_decorator']) retrieved from /home/vladimir/.local/lib/python3.10/site-packages/airflow/example_dags/example_branch_operator_decorator.py
[2023-04-22T22:52:53.322+0300] {logging_mixin.py:137} INFO - [2023-04-22T22:52:53.322+0300] {dag.py:2705} INFO - Sync 1 DAGs
[2023-04-22T22:52:53.337+0300] {logging_mixin.py:137} INFO - [2023-04-22T22:52:53.336+0300] {dag.py:3452} INFO - Setting next_dagrun for example_branch_python_operator_decorator to 2023-04-21T00:00:00+00:00, run_after=2023-04-22T00:00:00+00:00
[2023-04-22T22:52:53.350+0300] {processor.py:175} INFO - Processing /home/vladimir/.local/lib/python3.10/site-packages/airflow/example_dags/example_branch_operator_decorator.py took 0.068 seconds
[2023-04-22T22:53:39.421+0300] {processor.py:153} INFO - Started process (PID=11742) to work on /home/vladimir/.local/lib/python3.10/site-packages/airflow/example_dags/example_branch_operator_decorator.py
[2023-04-22T22:53:39.422+0300] {processor.py:743} INFO - Processing file /home/vladimir/.local/lib/python3.10/site-packages/airflow/example_dags/example_branch_operator_decorator.py for tasks to queue
[2023-04-22T22:53:39.422+0300] {logging_mixin.py:137} INFO - [2023-04-22T22:53:39.422+0300] {dagbag.py:532} INFO - Filling up the DagBag from /home/vladimir/.local/lib/python3.10/site-packages/airflow/example_dags/example_branch_operator_decorator.py
[2023-04-22T22:53:39.439+0300] {processor.py:753} INFO - DAG(s) dict_keys(['example_branch_python_operator_decorator']) retrieved from /home/vladimir/.local/lib/python3.10/site-packages/airflow/example_dags/example_branch_operator_decorator.py
[2023-04-22T22:53:39.453+0300] {logging_mixin.py:137} INFO - [2023-04-22T22:53:39.453+0300] {dag.py:2705} INFO - Sync 1 DAGs
[2023-04-22T22:53:39.466+0300] {logging_mixin.py:137} INFO - [2023-04-22T22:53:39.466+0300] {dag.py:3452} INFO - Setting next_dagrun for example_branch_python_operator_decorator to 2023-04-21T00:00:00+00:00, run_after=2023-04-22T00:00:00+00:00
[2023-04-22T22:53:39.477+0300] {processor.py:175} INFO - Processing /home/vladimir/.local/lib/python3.10/site-packages/airflow/example_dags/example_branch_operator_decorator.py took 0.058 seconds
[2023-04-22T22:54:24.484+0300] {processor.py:153} INFO - Started process (PID=11808) to work on /home/vladimir/.local/lib/python3.10/site-packages/airflow/example_dags/example_branch_operator_decorator.py
[2023-04-22T22:54:24.485+0300] {processor.py:743} INFO - Processing file /home/vladimir/.local/lib/python3.10/site-packages/airflow/example_dags/example_branch_operator_decorator.py for tasks to queue
[2023-04-22T22:54:24.485+0300] {logging_mixin.py:137} INFO - [2023-04-22T22:54:24.485+0300] {dagbag.py:532} INFO - Filling up the DagBag from /home/vladimir/.local/lib/python3.10/site-packages/airflow/example_dags/example_branch_operator_decorator.py
[2023-04-22T22:54:24.503+0300] {processor.py:753} INFO - DAG(s) dict_keys(['example_branch_python_operator_decorator']) retrieved from /home/vladimir/.local/lib/python3.10/site-packages/airflow/example_dags/example_branch_operator_decorator.py
[2023-04-22T22:54:24.517+0300] {logging_mixin.py:137} INFO - [2023-04-22T22:54:24.517+0300] {dag.py:2705} INFO - Sync 1 DAGs
[2023-04-22T22:54:24.530+0300] {logging_mixin.py:137} INFO - [2023-04-22T22:54:24.530+0300] {dag.py:3452} INFO - Setting next_dagrun for example_branch_python_operator_decorator to 2023-04-21T00:00:00+00:00, run_after=2023-04-22T00:00:00+00:00
[2023-04-22T22:54:24.544+0300] {processor.py:175} INFO - Processing /home/vladimir/.local/lib/python3.10/site-packages/airflow/example_dags/example_branch_operator_decorator.py took 0.064 seconds
[2023-04-22T22:55:04.682+0300] {processor.py:153} INFO - Started process (PID=11882) to work on /home/vladimir/.local/lib/python3.10/site-packages/airflow/example_dags/example_branch_operator_decorator.py
[2023-04-22T22:55:04.683+0300] {processor.py:743} INFO - Processing file /home/vladimir/.local/lib/python3.10/site-packages/airflow/example_dags/example_branch_operator_decorator.py for tasks to queue
[2023-04-22T22:55:04.684+0300] {logging_mixin.py:137} INFO - [2023-04-22T22:55:04.684+0300] {dagbag.py:532} INFO - Filling up the DagBag from /home/vladimir/.local/lib/python3.10/site-packages/airflow/example_dags/example_branch_operator_decorator.py
[2023-04-22T22:55:04.702+0300] {processor.py:753} INFO - DAG(s) dict_keys(['example_branch_python_operator_decorator']) retrieved from /home/vladimir/.local/lib/python3.10/site-packages/airflow/example_dags/example_branch_operator_decorator.py
[2023-04-22T22:55:04.719+0300] {logging_mixin.py:137} INFO - [2023-04-22T22:55:04.719+0300] {dag.py:2705} INFO - Sync 1 DAGs
[2023-04-22T22:55:04.742+0300] {logging_mixin.py:137} INFO - [2023-04-22T22:55:04.742+0300] {dag.py:3452} INFO - Setting next_dagrun for example_branch_python_operator_decorator to 2023-04-21T00:00:00+00:00, run_after=2023-04-22T00:00:00+00:00
[2023-04-22T22:55:04.794+0300] {processor.py:175} INFO - Processing /home/vladimir/.local/lib/python3.10/site-packages/airflow/example_dags/example_branch_operator_decorator.py took 0.113 seconds
[2023-04-22T22:55:53.089+0300] {processor.py:153} INFO - Started process (PID=11937) to work on /home/vladimir/.local/lib/python3.10/site-packages/airflow/example_dags/example_branch_operator_decorator.py
[2023-04-22T22:55:53.090+0300] {processor.py:743} INFO - Processing file /home/vladimir/.local/lib/python3.10/site-packages/airflow/example_dags/example_branch_operator_decorator.py for tasks to queue
[2023-04-22T22:55:53.091+0300] {logging_mixin.py:137} INFO - [2023-04-22T22:55:53.091+0300] {dagbag.py:532} INFO - Filling up the DagBag from /home/vladimir/.local/lib/python3.10/site-packages/airflow/example_dags/example_branch_operator_decorator.py
[2023-04-22T22:55:53.108+0300] {processor.py:753} INFO - DAG(s) dict_keys(['example_branch_python_operator_decorator']) retrieved from /home/vladimir/.local/lib/python3.10/site-packages/airflow/example_dags/example_branch_operator_decorator.py
[2023-04-22T22:55:53.122+0300] {logging_mixin.py:137} INFO - [2023-04-22T22:55:53.122+0300] {dag.py:2705} INFO - Sync 1 DAGs
[2023-04-22T22:55:53.134+0300] {logging_mixin.py:137} INFO - [2023-04-22T22:55:53.134+0300] {dag.py:3452} INFO - Setting next_dagrun for example_branch_python_operator_decorator to 2023-04-21T00:00:00+00:00, run_after=2023-04-22T00:00:00+00:00
[2023-04-22T22:55:53.145+0300] {processor.py:175} INFO - Processing /home/vladimir/.local/lib/python3.10/site-packages/airflow/example_dags/example_branch_operator_decorator.py took 0.057 seconds
[2023-04-23T01:29:20.980+0300] {processor.py:153} INFO - Started process (PID=4428) to work on /home/vladimir/.local/lib/python3.10/site-packages/airflow/example_dags/example_branch_operator_decorator.py
[2023-04-23T01:29:21.002+0300] {processor.py:743} INFO - Processing file /home/vladimir/.local/lib/python3.10/site-packages/airflow/example_dags/example_branch_operator_decorator.py for tasks to queue
[2023-04-23T01:29:21.003+0300] {logging_mixin.py:137} INFO - [2023-04-23T01:29:21.003+0300] {dagbag.py:532} INFO - Filling up the DagBag from /home/vladimir/.local/lib/python3.10/site-packages/airflow/example_dags/example_branch_operator_decorator.py
[2023-04-23T01:29:21.026+0300] {processor.py:753} INFO - DAG(s) dict_keys(['example_branch_python_operator_decorator']) retrieved from /home/vladimir/.local/lib/python3.10/site-packages/airflow/example_dags/example_branch_operator_decorator.py
[2023-04-23T01:29:21.042+0300] {logging_mixin.py:137} INFO - [2023-04-23T01:29:21.042+0300] {dag.py:2705} INFO - Sync 1 DAGs
[2023-04-23T01:29:21.056+0300] {logging_mixin.py:137} INFO - [2023-04-23T01:29:21.056+0300] {dag.py:3452} INFO - Setting next_dagrun for example_branch_python_operator_decorator to 2023-04-21T00:00:00+00:00, run_after=2023-04-22T00:00:00+00:00
[2023-04-23T01:29:21.068+0300] {processor.py:175} INFO - Processing /home/vladimir/.local/lib/python3.10/site-packages/airflow/example_dags/example_branch_operator_decorator.py took 0.091 seconds
[2023-04-23T01:30:05.244+0300] {processor.py:153} INFO - Started process (PID=4485) to work on /home/vladimir/.local/lib/python3.10/site-packages/airflow/example_dags/example_branch_operator_decorator.py
[2023-04-23T01:30:05.245+0300] {processor.py:743} INFO - Processing file /home/vladimir/.local/lib/python3.10/site-packages/airflow/example_dags/example_branch_operator_decorator.py for tasks to queue
[2023-04-23T01:30:05.245+0300] {logging_mixin.py:137} INFO - [2023-04-23T01:30:05.245+0300] {dagbag.py:532} INFO - Filling up the DagBag from /home/vladimir/.local/lib/python3.10/site-packages/airflow/example_dags/example_branch_operator_decorator.py
[2023-04-23T01:30:05.262+0300] {processor.py:753} INFO - DAG(s) dict_keys(['example_branch_python_operator_decorator']) retrieved from /home/vladimir/.local/lib/python3.10/site-packages/airflow/example_dags/example_branch_operator_decorator.py
[2023-04-23T01:30:05.277+0300] {logging_mixin.py:137} INFO - [2023-04-23T01:30:05.276+0300] {dag.py:2705} INFO - Sync 1 DAGs
[2023-04-23T01:30:05.289+0300] {logging_mixin.py:137} INFO - [2023-04-23T01:30:05.289+0300] {dag.py:3452} INFO - Setting next_dagrun for example_branch_python_operator_decorator to 2023-04-21T00:00:00+00:00, run_after=2023-04-22T00:00:00+00:00
[2023-04-23T01:30:05.301+0300] {processor.py:175} INFO - Processing /home/vladimir/.local/lib/python3.10/site-packages/airflow/example_dags/example_branch_operator_decorator.py took 0.060 seconds
[2023-04-23T01:30:48.229+0300] {processor.py:153} INFO - Started process (PID=4573) to work on /home/vladimir/.local/lib/python3.10/site-packages/airflow/example_dags/example_branch_operator_decorator.py
[2023-04-23T01:30:48.229+0300] {processor.py:743} INFO - Processing file /home/vladimir/.local/lib/python3.10/site-packages/airflow/example_dags/example_branch_operator_decorator.py for tasks to queue
[2023-04-23T01:30:48.230+0300] {logging_mixin.py:137} INFO - [2023-04-23T01:30:48.230+0300] {dagbag.py:532} INFO - Filling up the DagBag from /home/vladimir/.local/lib/python3.10/site-packages/airflow/example_dags/example_branch_operator_decorator.py
[2023-04-23T01:30:48.250+0300] {processor.py:753} INFO - DAG(s) dict_keys(['example_branch_python_operator_decorator']) retrieved from /home/vladimir/.local/lib/python3.10/site-packages/airflow/example_dags/example_branch_operator_decorator.py
[2023-04-23T01:30:48.265+0300] {logging_mixin.py:137} INFO - [2023-04-23T01:30:48.265+0300] {dag.py:2705} INFO - Sync 1 DAGs
[2023-04-23T01:30:48.279+0300] {logging_mixin.py:137} INFO - [2023-04-23T01:30:48.279+0300] {dag.py:3452} INFO - Setting next_dagrun for example_branch_python_operator_decorator to 2023-04-21T00:00:00+00:00, run_after=2023-04-22T00:00:00+00:00
[2023-04-23T01:30:48.296+0300] {processor.py:175} INFO - Processing /home/vladimir/.local/lib/python3.10/site-packages/airflow/example_dags/example_branch_operator_decorator.py took 0.070 seconds
[2023-04-23T01:31:34.470+0300] {processor.py:153} INFO - Started process (PID=4638) to work on /home/vladimir/.local/lib/python3.10/site-packages/airflow/example_dags/example_branch_operator_decorator.py
[2023-04-23T01:31:34.471+0300] {processor.py:743} INFO - Processing file /home/vladimir/.local/lib/python3.10/site-packages/airflow/example_dags/example_branch_operator_decorator.py for tasks to queue
[2023-04-23T01:31:34.471+0300] {logging_mixin.py:137} INFO - [2023-04-23T01:31:34.471+0300] {dagbag.py:532} INFO - Filling up the DagBag from /home/vladimir/.local/lib/python3.10/site-packages/airflow/example_dags/example_branch_operator_decorator.py
[2023-04-23T01:31:34.488+0300] {processor.py:753} INFO - DAG(s) dict_keys(['example_branch_python_operator_decorator']) retrieved from /home/vladimir/.local/lib/python3.10/site-packages/airflow/example_dags/example_branch_operator_decorator.py
[2023-04-23T01:31:34.503+0300] {logging_mixin.py:137} INFO - [2023-04-23T01:31:34.503+0300] {dag.py:2705} INFO - Sync 1 DAGs
[2023-04-23T01:31:34.518+0300] {logging_mixin.py:137} INFO - [2023-04-23T01:31:34.517+0300] {dag.py:3452} INFO - Setting next_dagrun for example_branch_python_operator_decorator to 2023-04-21T00:00:00+00:00, run_after=2023-04-22T00:00:00+00:00
[2023-04-23T01:31:34.533+0300] {processor.py:175} INFO - Processing /home/vladimir/.local/lib/python3.10/site-packages/airflow/example_dags/example_branch_operator_decorator.py took 0.065 seconds
[2023-04-23T01:32:14.383+0300] {processor.py:153} INFO - Started process (PID=4686) to work on /home/vladimir/.local/lib/python3.10/site-packages/airflow/example_dags/example_branch_operator_decorator.py
[2023-04-23T01:32:14.384+0300] {processor.py:743} INFO - Processing file /home/vladimir/.local/lib/python3.10/site-packages/airflow/example_dags/example_branch_operator_decorator.py for tasks to queue
[2023-04-23T01:32:14.385+0300] {logging_mixin.py:137} INFO - [2023-04-23T01:32:14.384+0300] {dagbag.py:532} INFO - Filling up the DagBag from /home/vladimir/.local/lib/python3.10/site-packages/airflow/example_dags/example_branch_operator_decorator.py
[2023-04-23T01:32:14.403+0300] {processor.py:753} INFO - DAG(s) dict_keys(['example_branch_python_operator_decorator']) retrieved from /home/vladimir/.local/lib/python3.10/site-packages/airflow/example_dags/example_branch_operator_decorator.py
[2023-04-23T01:32:14.418+0300] {logging_mixin.py:137} INFO - [2023-04-23T01:32:14.418+0300] {dag.py:2705} INFO - Sync 1 DAGs
[2023-04-23T01:32:14.432+0300] {logging_mixin.py:137} INFO - [2023-04-23T01:32:14.432+0300] {dag.py:3452} INFO - Setting next_dagrun for example_branch_python_operator_decorator to 2023-04-21T00:00:00+00:00, run_after=2023-04-22T00:00:00+00:00
[2023-04-23T01:32:14.445+0300] {processor.py:175} INFO - Processing /home/vladimir/.local/lib/python3.10/site-packages/airflow/example_dags/example_branch_operator_decorator.py took 0.065 seconds
[2023-04-23T01:33:07.232+0300] {processor.py:153} INFO - Started process (PID=4764) to work on /home/vladimir/.local/lib/python3.10/site-packages/airflow/example_dags/example_branch_operator_decorator.py
[2023-04-23T01:33:07.233+0300] {processor.py:743} INFO - Processing file /home/vladimir/.local/lib/python3.10/site-packages/airflow/example_dags/example_branch_operator_decorator.py for tasks to queue
[2023-04-23T01:33:07.234+0300] {logging_mixin.py:137} INFO - [2023-04-23T01:33:07.233+0300] {dagbag.py:532} INFO - Filling up the DagBag from /home/vladimir/.local/lib/python3.10/site-packages/airflow/example_dags/example_branch_operator_decorator.py
[2023-04-23T01:33:07.251+0300] {processor.py:753} INFO - DAG(s) dict_keys(['example_branch_python_operator_decorator']) retrieved from /home/vladimir/.local/lib/python3.10/site-packages/airflow/example_dags/example_branch_operator_decorator.py
[2023-04-23T01:33:07.268+0300] {logging_mixin.py:137} INFO - [2023-04-23T01:33:07.268+0300] {dag.py:2705} INFO - Sync 1 DAGs
[2023-04-23T01:33:07.283+0300] {logging_mixin.py:137} INFO - [2023-04-23T01:33:07.283+0300] {dag.py:3452} INFO - Setting next_dagrun for example_branch_python_operator_decorator to 2023-04-21T00:00:00+00:00, run_after=2023-04-22T00:00:00+00:00
[2023-04-23T01:33:07.296+0300] {processor.py:175} INFO - Processing /home/vladimir/.local/lib/python3.10/site-packages/airflow/example_dags/example_branch_operator_decorator.py took 0.066 seconds
[2023-04-23T01:33:49.047+0300] {processor.py:153} INFO - Started process (PID=4815) to work on /home/vladimir/.local/lib/python3.10/site-packages/airflow/example_dags/example_branch_operator_decorator.py
[2023-04-23T01:33:49.048+0300] {processor.py:743} INFO - Processing file /home/vladimir/.local/lib/python3.10/site-packages/airflow/example_dags/example_branch_operator_decorator.py for tasks to queue
[2023-04-23T01:33:49.048+0300] {logging_mixin.py:137} INFO - [2023-04-23T01:33:49.048+0300] {dagbag.py:532} INFO - Filling up the DagBag from /home/vladimir/.local/lib/python3.10/site-packages/airflow/example_dags/example_branch_operator_decorator.py
[2023-04-23T01:33:49.066+0300] {processor.py:753} INFO - DAG(s) dict_keys(['example_branch_python_operator_decorator']) retrieved from /home/vladimir/.local/lib/python3.10/site-packages/airflow/example_dags/example_branch_operator_decorator.py
[2023-04-23T01:33:49.081+0300] {logging_mixin.py:137} INFO - [2023-04-23T01:33:49.081+0300] {dag.py:2705} INFO - Sync 1 DAGs
[2023-04-23T01:33:49.095+0300] {logging_mixin.py:137} INFO - [2023-04-23T01:33:49.094+0300] {dag.py:3452} INFO - Setting next_dagrun for example_branch_python_operator_decorator to 2023-04-21T00:00:00+00:00, run_after=2023-04-22T00:00:00+00:00
[2023-04-23T01:33:49.109+0300] {processor.py:175} INFO - Processing /home/vladimir/.local/lib/python3.10/site-packages/airflow/example_dags/example_branch_operator_decorator.py took 0.064 seconds
[2023-04-23T01:34:30.050+0300] {processor.py:153} INFO - Started process (PID=4924) to work on /home/vladimir/.local/lib/python3.10/site-packages/airflow/example_dags/example_branch_operator_decorator.py
[2023-04-23T01:34:30.051+0300] {processor.py:743} INFO - Processing file /home/vladimir/.local/lib/python3.10/site-packages/airflow/example_dags/example_branch_operator_decorator.py for tasks to queue
[2023-04-23T01:34:30.051+0300] {logging_mixin.py:137} INFO - [2023-04-23T01:34:30.051+0300] {dagbag.py:532} INFO - Filling up the DagBag from /home/vladimir/.local/lib/python3.10/site-packages/airflow/example_dags/example_branch_operator_decorator.py
[2023-04-23T01:34:30.069+0300] {processor.py:753} INFO - DAG(s) dict_keys(['example_branch_python_operator_decorator']) retrieved from /home/vladimir/.local/lib/python3.10/site-packages/airflow/example_dags/example_branch_operator_decorator.py
[2023-04-23T01:34:30.084+0300] {logging_mixin.py:137} INFO - [2023-04-23T01:34:30.083+0300] {dag.py:2705} INFO - Sync 1 DAGs
[2023-04-23T01:34:30.103+0300] {logging_mixin.py:137} INFO - [2023-04-23T01:34:30.103+0300] {dag.py:3452} INFO - Setting next_dagrun for example_branch_python_operator_decorator to 2023-04-21T00:00:00+00:00, run_after=2023-04-22T00:00:00+00:00
[2023-04-23T01:34:30.116+0300] {processor.py:175} INFO - Processing /home/vladimir/.local/lib/python3.10/site-packages/airflow/example_dags/example_branch_operator_decorator.py took 0.068 seconds
[2023-04-23T01:35:20.592+0300] {processor.py:153} INFO - Started process (PID=4987) to work on /home/vladimir/.local/lib/python3.10/site-packages/airflow/example_dags/example_branch_operator_decorator.py
[2023-04-23T01:35:20.593+0300] {processor.py:743} INFO - Processing file /home/vladimir/.local/lib/python3.10/site-packages/airflow/example_dags/example_branch_operator_decorator.py for tasks to queue
[2023-04-23T01:35:20.594+0300] {logging_mixin.py:137} INFO - [2023-04-23T01:35:20.594+0300] {dagbag.py:532} INFO - Filling up the DagBag from /home/vladimir/.local/lib/python3.10/site-packages/airflow/example_dags/example_branch_operator_decorator.py
[2023-04-23T01:35:20.611+0300] {processor.py:753} INFO - DAG(s) dict_keys(['example_branch_python_operator_decorator']) retrieved from /home/vladimir/.local/lib/python3.10/site-packages/airflow/example_dags/example_branch_operator_decorator.py
[2023-04-23T01:35:20.625+0300] {logging_mixin.py:137} INFO - [2023-04-23T01:35:20.625+0300] {dag.py:2705} INFO - Sync 1 DAGs
[2023-04-23T01:35:20.638+0300] {logging_mixin.py:137} INFO - [2023-04-23T01:35:20.638+0300] {dag.py:3452} INFO - Setting next_dagrun for example_branch_python_operator_decorator to 2023-04-21T00:00:00+00:00, run_after=2023-04-22T00:00:00+00:00
[2023-04-23T01:35:20.651+0300] {processor.py:175} INFO - Processing /home/vladimir/.local/lib/python3.10/site-packages/airflow/example_dags/example_branch_operator_decorator.py took 0.060 seconds
