[2023-04-22T22:50:36.245+0300] {processor.py:153} INFO - Started process (PID=11424) to work on /home/vladimir/.local/lib/python3.10/site-packages/airflow/example_dags/example_bash_operator.py
[2023-04-22T22:50:36.245+0300] {processor.py:743} INFO - Processing file /home/vladimir/.local/lib/python3.10/site-packages/airflow/example_dags/example_bash_operator.py for tasks to queue
[2023-04-22T22:50:36.246+0300] {logging_mixin.py:137} INFO - [2023-04-22T22:50:36.246+0300] {dagbag.py:532} INFO - Filling up the DagBag from /home/vladimir/.local/lib/python3.10/site-packages/airflow/example_dags/example_bash_operator.py
[2023-04-22T22:50:36.259+0300] {processor.py:753} INFO - DAG(s) dict_keys(['example_bash_operator']) retrieved from /home/vladimir/.local/lib/python3.10/site-packages/airflow/example_dags/example_bash_operator.py
[2023-04-22T22:50:36.327+0300] {logging_mixin.py:137} INFO - [2023-04-22T22:50:36.327+0300] {manager.py:504} INFO - Created Permission View: can delete on DAG:example_bash_operator
[2023-04-22T22:50:36.333+0300] {logging_mixin.py:137} INFO - [2023-04-22T22:50:36.332+0300] {manager.py:504} INFO - Created Permission View: can read on DAG:example_bash_operator
[2023-04-22T22:50:36.336+0300] {logging_mixin.py:137} INFO - [2023-04-22T22:50:36.336+0300] {manager.py:504} INFO - Created Permission View: can edit on DAG:example_bash_operator
[2023-04-22T22:50:36.336+0300] {logging_mixin.py:137} INFO - [2023-04-22T22:50:36.336+0300] {dag.py:2705} INFO - Sync 1 DAGs
[2023-04-22T22:50:36.344+0300] {logging_mixin.py:137} INFO - [2023-04-22T22:50:36.344+0300] {dag.py:2726} INFO - Creating ORM DAG for example_bash_operator
[2023-04-22T22:50:36.350+0300] {logging_mixin.py:137} INFO - [2023-04-22T22:50:36.350+0300] {dag.py:3452} INFO - Setting next_dagrun for example_bash_operator to 2023-04-21T00:00:00+00:00, run_after=2023-04-22T00:00:00+00:00
[2023-04-22T22:50:36.362+0300] {processor.py:175} INFO - Processing /home/vladimir/.local/lib/python3.10/site-packages/airflow/example_dags/example_bash_operator.py took 0.119 seconds
[2023-04-22T22:51:17.536+0300] {processor.py:153} INFO - Started process (PID=11500) to work on /home/vladimir/.local/lib/python3.10/site-packages/airflow/example_dags/example_bash_operator.py
[2023-04-22T22:51:17.537+0300] {processor.py:743} INFO - Processing file /home/vladimir/.local/lib/python3.10/site-packages/airflow/example_dags/example_bash_operator.py for tasks to queue
[2023-04-22T22:51:17.537+0300] {logging_mixin.py:137} INFO - [2023-04-22T22:51:17.537+0300] {dagbag.py:532} INFO - Filling up the DagBag from /home/vladimir/.local/lib/python3.10/site-packages/airflow/example_dags/example_bash_operator.py
[2023-04-22T22:51:17.554+0300] {processor.py:753} INFO - DAG(s) dict_keys(['example_bash_operator']) retrieved from /home/vladimir/.local/lib/python3.10/site-packages/airflow/example_dags/example_bash_operator.py
[2023-04-22T22:51:17.581+0300] {logging_mixin.py:137} INFO - [2023-04-22T22:51:17.581+0300] {dag.py:2705} INFO - Sync 1 DAGs
[2023-04-22T22:51:17.597+0300] {logging_mixin.py:137} INFO - [2023-04-22T22:51:17.596+0300] {dag.py:3452} INFO - Setting next_dagrun for example_bash_operator to 2023-04-21T00:00:00+00:00, run_after=2023-04-22T00:00:00+00:00
[2023-04-22T22:51:17.609+0300] {processor.py:175} INFO - Processing /home/vladimir/.local/lib/python3.10/site-packages/airflow/example_dags/example_bash_operator.py took 0.075 seconds
[2023-04-22T22:52:05.018+0300] {processor.py:153} INFO - Started process (PID=11617) to work on /home/vladimir/.local/lib/python3.10/site-packages/airflow/example_dags/example_bash_operator.py
[2023-04-22T22:52:05.019+0300] {processor.py:743} INFO - Processing file /home/vladimir/.local/lib/python3.10/site-packages/airflow/example_dags/example_bash_operator.py for tasks to queue
[2023-04-22T22:52:05.019+0300] {logging_mixin.py:137} INFO - [2023-04-22T22:52:05.019+0300] {dagbag.py:532} INFO - Filling up the DagBag from /home/vladimir/.local/lib/python3.10/site-packages/airflow/example_dags/example_bash_operator.py
[2023-04-22T22:52:05.034+0300] {processor.py:753} INFO - DAG(s) dict_keys(['example_bash_operator']) retrieved from /home/vladimir/.local/lib/python3.10/site-packages/airflow/example_dags/example_bash_operator.py
[2023-04-22T22:52:05.056+0300] {logging_mixin.py:137} INFO - [2023-04-22T22:52:05.056+0300] {dag.py:2705} INFO - Sync 1 DAGs
[2023-04-22T22:52:05.068+0300] {logging_mixin.py:137} INFO - [2023-04-22T22:52:05.068+0300] {dag.py:3452} INFO - Setting next_dagrun for example_bash_operator to 2023-04-21T00:00:00+00:00, run_after=2023-04-22T00:00:00+00:00
[2023-04-22T22:52:05.080+0300] {processor.py:175} INFO - Processing /home/vladimir/.local/lib/python3.10/site-packages/airflow/example_dags/example_bash_operator.py took 0.064 seconds
[2023-04-22T22:52:51.012+0300] {processor.py:153} INFO - Started process (PID=11676) to work on /home/vladimir/.local/lib/python3.10/site-packages/airflow/example_dags/example_bash_operator.py
[2023-04-22T22:52:51.013+0300] {processor.py:743} INFO - Processing file /home/vladimir/.local/lib/python3.10/site-packages/airflow/example_dags/example_bash_operator.py for tasks to queue
[2023-04-22T22:52:51.014+0300] {logging_mixin.py:137} INFO - [2023-04-22T22:52:51.013+0300] {dagbag.py:532} INFO - Filling up the DagBag from /home/vladimir/.local/lib/python3.10/site-packages/airflow/example_dags/example_bash_operator.py
[2023-04-22T22:52:51.030+0300] {processor.py:753} INFO - DAG(s) dict_keys(['example_bash_operator']) retrieved from /home/vladimir/.local/lib/python3.10/site-packages/airflow/example_dags/example_bash_operator.py
[2023-04-22T22:52:51.052+0300] {logging_mixin.py:137} INFO - [2023-04-22T22:52:51.052+0300] {dag.py:2705} INFO - Sync 1 DAGs
[2023-04-22T22:52:51.065+0300] {logging_mixin.py:137} INFO - [2023-04-22T22:52:51.065+0300] {dag.py:3452} INFO - Setting next_dagrun for example_bash_operator to 2023-04-21T00:00:00+00:00, run_after=2023-04-22T00:00:00+00:00
[2023-04-22T22:52:51.077+0300] {processor.py:175} INFO - Processing /home/vladimir/.local/lib/python3.10/site-packages/airflow/example_dags/example_bash_operator.py took 0.068 seconds
[2023-04-22T22:53:29.288+0300] {processor.py:153} INFO - Started process (PID=11728) to work on /home/vladimir/.local/lib/python3.10/site-packages/airflow/example_dags/example_bash_operator.py
[2023-04-22T22:53:29.289+0300] {processor.py:743} INFO - Processing file /home/vladimir/.local/lib/python3.10/site-packages/airflow/example_dags/example_bash_operator.py for tasks to queue
[2023-04-22T22:53:29.290+0300] {logging_mixin.py:137} INFO - [2023-04-22T22:53:29.290+0300] {dagbag.py:532} INFO - Filling up the DagBag from /home/vladimir/.local/lib/python3.10/site-packages/airflow/example_dags/example_bash_operator.py
[2023-04-22T22:53:29.304+0300] {processor.py:753} INFO - DAG(s) dict_keys(['example_bash_operator']) retrieved from /home/vladimir/.local/lib/python3.10/site-packages/airflow/example_dags/example_bash_operator.py
[2023-04-22T22:53:29.325+0300] {logging_mixin.py:137} INFO - [2023-04-22T22:53:29.325+0300] {dag.py:2705} INFO - Sync 1 DAGs
[2023-04-22T22:53:29.338+0300] {logging_mixin.py:137} INFO - [2023-04-22T22:53:29.337+0300] {dag.py:3452} INFO - Setting next_dagrun for example_bash_operator to 2023-04-21T00:00:00+00:00, run_after=2023-04-22T00:00:00+00:00
[2023-04-22T22:53:29.350+0300] {processor.py:175} INFO - Processing /home/vladimir/.local/lib/python3.10/site-packages/airflow/example_dags/example_bash_operator.py took 0.069 seconds
[2023-04-22T22:54:13.802+0300] {processor.py:153} INFO - Started process (PID=11790) to work on /home/vladimir/.local/lib/python3.10/site-packages/airflow/example_dags/example_bash_operator.py
[2023-04-22T22:54:13.802+0300] {processor.py:743} INFO - Processing file /home/vladimir/.local/lib/python3.10/site-packages/airflow/example_dags/example_bash_operator.py for tasks to queue
[2023-04-22T22:54:13.803+0300] {logging_mixin.py:137} INFO - [2023-04-22T22:54:13.803+0300] {dagbag.py:532} INFO - Filling up the DagBag from /home/vladimir/.local/lib/python3.10/site-packages/airflow/example_dags/example_bash_operator.py
[2023-04-22T22:54:13.817+0300] {processor.py:753} INFO - DAG(s) dict_keys(['example_bash_operator']) retrieved from /home/vladimir/.local/lib/python3.10/site-packages/airflow/example_dags/example_bash_operator.py
[2023-04-22T22:54:13.838+0300] {logging_mixin.py:137} INFO - [2023-04-22T22:54:13.838+0300] {dag.py:2705} INFO - Sync 1 DAGs
[2023-04-22T22:54:13.851+0300] {logging_mixin.py:137} INFO - [2023-04-22T22:54:13.851+0300] {dag.py:3452} INFO - Setting next_dagrun for example_bash_operator to 2023-04-21T00:00:00+00:00, run_after=2023-04-22T00:00:00+00:00
[2023-04-22T22:54:13.863+0300] {processor.py:175} INFO - Processing /home/vladimir/.local/lib/python3.10/site-packages/airflow/example_dags/example_bash_operator.py took 0.064 seconds
[2023-04-22T22:54:53.726+0300] {processor.py:153} INFO - Started process (PID=11858) to work on /home/vladimir/.local/lib/python3.10/site-packages/airflow/example_dags/example_bash_operator.py
[2023-04-22T22:54:53.728+0300] {processor.py:743} INFO - Processing file /home/vladimir/.local/lib/python3.10/site-packages/airflow/example_dags/example_bash_operator.py for tasks to queue
[2023-04-22T22:54:53.728+0300] {logging_mixin.py:137} INFO - [2023-04-22T22:54:53.728+0300] {dagbag.py:532} INFO - Filling up the DagBag from /home/vladimir/.local/lib/python3.10/site-packages/airflow/example_dags/example_bash_operator.py
[2023-04-22T22:54:53.742+0300] {processor.py:753} INFO - DAG(s) dict_keys(['example_bash_operator']) retrieved from /home/vladimir/.local/lib/python3.10/site-packages/airflow/example_dags/example_bash_operator.py
[2023-04-22T22:54:53.762+0300] {logging_mixin.py:137} INFO - [2023-04-22T22:54:53.762+0300] {dag.py:2705} INFO - Sync 1 DAGs
[2023-04-22T22:54:53.782+0300] {logging_mixin.py:137} INFO - [2023-04-22T22:54:53.782+0300] {dag.py:3452} INFO - Setting next_dagrun for example_bash_operator to 2023-04-21T00:00:00+00:00, run_after=2023-04-22T00:00:00+00:00
[2023-04-22T22:54:53.794+0300] {processor.py:175} INFO - Processing /home/vladimir/.local/lib/python3.10/site-packages/airflow/example_dags/example_bash_operator.py took 0.070 seconds
[2023-04-22T22:55:41.714+0300] {processor.py:153} INFO - Started process (PID=11921) to work on /home/vladimir/.local/lib/python3.10/site-packages/airflow/example_dags/example_bash_operator.py
[2023-04-22T22:55:41.715+0300] {processor.py:743} INFO - Processing file /home/vladimir/.local/lib/python3.10/site-packages/airflow/example_dags/example_bash_operator.py for tasks to queue
[2023-04-22T22:55:41.715+0300] {logging_mixin.py:137} INFO - [2023-04-22T22:55:41.715+0300] {dagbag.py:532} INFO - Filling up the DagBag from /home/vladimir/.local/lib/python3.10/site-packages/airflow/example_dags/example_bash_operator.py
[2023-04-22T22:55:41.730+0300] {processor.py:753} INFO - DAG(s) dict_keys(['example_bash_operator']) retrieved from /home/vladimir/.local/lib/python3.10/site-packages/airflow/example_dags/example_bash_operator.py
[2023-04-22T22:55:41.754+0300] {logging_mixin.py:137} INFO - [2023-04-22T22:55:41.754+0300] {dag.py:2705} INFO - Sync 1 DAGs
[2023-04-22T22:55:41.766+0300] {logging_mixin.py:137} INFO - [2023-04-22T22:55:41.766+0300] {dag.py:3452} INFO - Setting next_dagrun for example_bash_operator to 2023-04-21T00:00:00+00:00, run_after=2023-04-22T00:00:00+00:00
[2023-04-22T22:55:41.778+0300] {processor.py:175} INFO - Processing /home/vladimir/.local/lib/python3.10/site-packages/airflow/example_dags/example_bash_operator.py took 0.066 seconds
[2023-04-23T01:29:19.500+0300] {processor.py:153} INFO - Started process (PID=4425) to work on /home/vladimir/.local/lib/python3.10/site-packages/airflow/example_dags/example_bash_operator.py
[2023-04-23T01:29:19.520+0300] {processor.py:743} INFO - Processing file /home/vladimir/.local/lib/python3.10/site-packages/airflow/example_dags/example_bash_operator.py for tasks to queue
[2023-04-23T01:29:19.521+0300] {logging_mixin.py:137} INFO - [2023-04-23T01:29:19.521+0300] {dagbag.py:532} INFO - Filling up the DagBag from /home/vladimir/.local/lib/python3.10/site-packages/airflow/example_dags/example_bash_operator.py
[2023-04-23T01:29:19.538+0300] {processor.py:753} INFO - DAG(s) dict_keys(['example_bash_operator']) retrieved from /home/vladimir/.local/lib/python3.10/site-packages/airflow/example_dags/example_bash_operator.py
[2023-04-23T01:29:19.563+0300] {logging_mixin.py:137} INFO - [2023-04-23T01:29:19.563+0300] {dag.py:2705} INFO - Sync 1 DAGs
[2023-04-23T01:29:19.579+0300] {logging_mixin.py:137} INFO - [2023-04-23T01:29:19.579+0300] {dag.py:3452} INFO - Setting next_dagrun for example_bash_operator to 2023-04-21T00:00:00+00:00, run_after=2023-04-22T00:00:00+00:00
[2023-04-23T01:29:19.593+0300] {processor.py:175} INFO - Processing /home/vladimir/.local/lib/python3.10/site-packages/airflow/example_dags/example_bash_operator.py took 0.095 seconds
[2023-04-23T01:30:03.552+0300] {processor.py:153} INFO - Started process (PID=4483) to work on /home/vladimir/.local/lib/python3.10/site-packages/airflow/example_dags/example_bash_operator.py
[2023-04-23T01:30:03.552+0300] {processor.py:743} INFO - Processing file /home/vladimir/.local/lib/python3.10/site-packages/airflow/example_dags/example_bash_operator.py for tasks to queue
[2023-04-23T01:30:03.553+0300] {logging_mixin.py:137} INFO - [2023-04-23T01:30:03.553+0300] {dagbag.py:532} INFO - Filling up the DagBag from /home/vladimir/.local/lib/python3.10/site-packages/airflow/example_dags/example_bash_operator.py
[2023-04-23T01:30:03.568+0300] {processor.py:753} INFO - DAG(s) dict_keys(['example_bash_operator']) retrieved from /home/vladimir/.local/lib/python3.10/site-packages/airflow/example_dags/example_bash_operator.py
[2023-04-23T01:30:03.589+0300] {logging_mixin.py:137} INFO - [2023-04-23T01:30:03.589+0300] {dag.py:2705} INFO - Sync 1 DAGs
[2023-04-23T01:30:03.601+0300] {logging_mixin.py:137} INFO - [2023-04-23T01:30:03.601+0300] {dag.py:3452} INFO - Setting next_dagrun for example_bash_operator to 2023-04-21T00:00:00+00:00, run_after=2023-04-22T00:00:00+00:00
[2023-04-23T01:30:03.613+0300] {processor.py:175} INFO - Processing /home/vladimir/.local/lib/python3.10/site-packages/airflow/example_dags/example_bash_operator.py took 0.064 seconds
[2023-04-23T01:30:45.962+0300] {processor.py:153} INFO - Started process (PID=4571) to work on /home/vladimir/.local/lib/python3.10/site-packages/airflow/example_dags/example_bash_operator.py
[2023-04-23T01:30:45.963+0300] {processor.py:743} INFO - Processing file /home/vladimir/.local/lib/python3.10/site-packages/airflow/example_dags/example_bash_operator.py for tasks to queue
[2023-04-23T01:30:45.963+0300] {logging_mixin.py:137} INFO - [2023-04-23T01:30:45.963+0300] {dagbag.py:532} INFO - Filling up the DagBag from /home/vladimir/.local/lib/python3.10/site-packages/airflow/example_dags/example_bash_operator.py
[2023-04-23T01:30:45.983+0300] {processor.py:753} INFO - DAG(s) dict_keys(['example_bash_operator']) retrieved from /home/vladimir/.local/lib/python3.10/site-packages/airflow/example_dags/example_bash_operator.py
[2023-04-23T01:30:46.003+0300] {logging_mixin.py:137} INFO - [2023-04-23T01:30:46.003+0300] {dag.py:2705} INFO - Sync 1 DAGs
[2023-04-23T01:30:46.016+0300] {logging_mixin.py:137} INFO - [2023-04-23T01:30:46.016+0300] {dag.py:3452} INFO - Setting next_dagrun for example_bash_operator to 2023-04-21T00:00:00+00:00, run_after=2023-04-22T00:00:00+00:00
[2023-04-23T01:30:46.028+0300] {processor.py:175} INFO - Processing /home/vladimir/.local/lib/python3.10/site-packages/airflow/example_dags/example_bash_operator.py took 0.068 seconds
[2023-04-23T01:31:32.209+0300] {processor.py:153} INFO - Started process (PID=4636) to work on /home/vladimir/.local/lib/python3.10/site-packages/airflow/example_dags/example_bash_operator.py
[2023-04-23T01:31:32.210+0300] {processor.py:743} INFO - Processing file /home/vladimir/.local/lib/python3.10/site-packages/airflow/example_dags/example_bash_operator.py for tasks to queue
[2023-04-23T01:31:32.210+0300] {logging_mixin.py:137} INFO - [2023-04-23T01:31:32.210+0300] {dagbag.py:532} INFO - Filling up the DagBag from /home/vladimir/.local/lib/python3.10/site-packages/airflow/example_dags/example_bash_operator.py
[2023-04-23T01:31:32.226+0300] {processor.py:753} INFO - DAG(s) dict_keys(['example_bash_operator']) retrieved from /home/vladimir/.local/lib/python3.10/site-packages/airflow/example_dags/example_bash_operator.py
[2023-04-23T01:31:32.247+0300] {logging_mixin.py:137} INFO - [2023-04-23T01:31:32.247+0300] {dag.py:2705} INFO - Sync 1 DAGs
[2023-04-23T01:31:32.261+0300] {logging_mixin.py:137} INFO - [2023-04-23T01:31:32.260+0300] {dag.py:3452} INFO - Setting next_dagrun for example_bash_operator to 2023-04-21T00:00:00+00:00, run_after=2023-04-22T00:00:00+00:00
[2023-04-23T01:31:32.273+0300] {processor.py:175} INFO - Processing /home/vladimir/.local/lib/python3.10/site-packages/airflow/example_dags/example_bash_operator.py took 0.066 seconds
[2023-04-23T01:32:12.115+0300] {processor.py:153} INFO - Started process (PID=4684) to work on /home/vladimir/.local/lib/python3.10/site-packages/airflow/example_dags/example_bash_operator.py
[2023-04-23T01:32:12.116+0300] {processor.py:743} INFO - Processing file /home/vladimir/.local/lib/python3.10/site-packages/airflow/example_dags/example_bash_operator.py for tasks to queue
[2023-04-23T01:32:12.116+0300] {logging_mixin.py:137} INFO - [2023-04-23T01:32:12.116+0300] {dagbag.py:532} INFO - Filling up the DagBag from /home/vladimir/.local/lib/python3.10/site-packages/airflow/example_dags/example_bash_operator.py
[2023-04-23T01:32:12.132+0300] {processor.py:753} INFO - DAG(s) dict_keys(['example_bash_operator']) retrieved from /home/vladimir/.local/lib/python3.10/site-packages/airflow/example_dags/example_bash_operator.py
[2023-04-23T01:32:12.158+0300] {logging_mixin.py:137} INFO - [2023-04-23T01:32:12.157+0300] {dag.py:2705} INFO - Sync 1 DAGs
[2023-04-23T01:32:12.173+0300] {logging_mixin.py:137} INFO - [2023-04-23T01:32:12.173+0300] {dag.py:3452} INFO - Setting next_dagrun for example_bash_operator to 2023-04-21T00:00:00+00:00, run_after=2023-04-22T00:00:00+00:00
[2023-04-23T01:32:12.187+0300] {processor.py:175} INFO - Processing /home/vladimir/.local/lib/python3.10/site-packages/airflow/example_dags/example_bash_operator.py took 0.074 seconds
[2023-04-23T01:32:55.488+0300] {processor.py:153} INFO - Started process (PID=4745) to work on /home/vladimir/.local/lib/python3.10/site-packages/airflow/example_dags/example_bash_operator.py
[2023-04-23T01:32:55.489+0300] {processor.py:743} INFO - Processing file /home/vladimir/.local/lib/python3.10/site-packages/airflow/example_dags/example_bash_operator.py for tasks to queue
[2023-04-23T01:32:55.489+0300] {logging_mixin.py:137} INFO - [2023-04-23T01:32:55.489+0300] {dagbag.py:532} INFO - Filling up the DagBag from /home/vladimir/.local/lib/python3.10/site-packages/airflow/example_dags/example_bash_operator.py
[2023-04-23T01:32:55.504+0300] {processor.py:753} INFO - DAG(s) dict_keys(['example_bash_operator']) retrieved from /home/vladimir/.local/lib/python3.10/site-packages/airflow/example_dags/example_bash_operator.py
[2023-04-23T01:32:55.525+0300] {logging_mixin.py:137} INFO - [2023-04-23T01:32:55.525+0300] {dag.py:2705} INFO - Sync 1 DAGs
[2023-04-23T01:32:55.538+0300] {logging_mixin.py:137} INFO - [2023-04-23T01:32:55.538+0300] {dag.py:3452} INFO - Setting next_dagrun for example_bash_operator to 2023-04-21T00:00:00+00:00, run_after=2023-04-22T00:00:00+00:00
[2023-04-23T01:32:55.550+0300] {processor.py:175} INFO - Processing /home/vladimir/.local/lib/python3.10/site-packages/airflow/example_dags/example_bash_operator.py took 0.065 seconds
[2023-04-23T01:33:39.374+0300] {processor.py:153} INFO - Started process (PID=4806) to work on /home/vladimir/.local/lib/python3.10/site-packages/airflow/example_dags/example_bash_operator.py
[2023-04-23T01:33:39.375+0300] {processor.py:743} INFO - Processing file /home/vladimir/.local/lib/python3.10/site-packages/airflow/example_dags/example_bash_operator.py for tasks to queue
[2023-04-23T01:33:39.375+0300] {logging_mixin.py:137} INFO - [2023-04-23T01:33:39.375+0300] {dagbag.py:532} INFO - Filling up the DagBag from /home/vladimir/.local/lib/python3.10/site-packages/airflow/example_dags/example_bash_operator.py
[2023-04-23T01:33:39.390+0300] {processor.py:753} INFO - DAG(s) dict_keys(['example_bash_operator']) retrieved from /home/vladimir/.local/lib/python3.10/site-packages/airflow/example_dags/example_bash_operator.py
[2023-04-23T01:33:39.411+0300] {logging_mixin.py:137} INFO - [2023-04-23T01:33:39.411+0300] {dag.py:2705} INFO - Sync 1 DAGs
[2023-04-23T01:33:39.424+0300] {logging_mixin.py:137} INFO - [2023-04-23T01:33:39.424+0300] {dag.py:3452} INFO - Setting next_dagrun for example_bash_operator to 2023-04-21T00:00:00+00:00, run_after=2023-04-22T00:00:00+00:00
[2023-04-23T01:33:39.436+0300] {processor.py:175} INFO - Processing /home/vladimir/.local/lib/python3.10/site-packages/airflow/example_dags/example_bash_operator.py took 0.064 seconds
[2023-04-23T01:34:20.465+0300] {processor.py:153} INFO - Started process (PID=4912) to work on /home/vladimir/.local/lib/python3.10/site-packages/airflow/example_dags/example_bash_operator.py
[2023-04-23T01:34:20.466+0300] {processor.py:743} INFO - Processing file /home/vladimir/.local/lib/python3.10/site-packages/airflow/example_dags/example_bash_operator.py for tasks to queue
[2023-04-23T01:34:20.467+0300] {logging_mixin.py:137} INFO - [2023-04-23T01:34:20.466+0300] {dagbag.py:532} INFO - Filling up the DagBag from /home/vladimir/.local/lib/python3.10/site-packages/airflow/example_dags/example_bash_operator.py
[2023-04-23T01:34:20.486+0300] {processor.py:753} INFO - DAG(s) dict_keys(['example_bash_operator']) retrieved from /home/vladimir/.local/lib/python3.10/site-packages/airflow/example_dags/example_bash_operator.py
[2023-04-23T01:34:20.516+0300] {logging_mixin.py:137} INFO - [2023-04-23T01:34:20.516+0300] {dag.py:2705} INFO - Sync 1 DAGs
[2023-04-23T01:34:20.531+0300] {logging_mixin.py:137} INFO - [2023-04-23T01:34:20.531+0300] {dag.py:3452} INFO - Setting next_dagrun for example_bash_operator to 2023-04-21T00:00:00+00:00, run_after=2023-04-22T00:00:00+00:00
[2023-04-23T01:34:20.547+0300] {processor.py:175} INFO - Processing /home/vladimir/.local/lib/python3.10/site-packages/airflow/example_dags/example_bash_operator.py took 0.084 seconds
[2023-04-23T01:35:09.403+0300] {processor.py:153} INFO - Started process (PID=4976) to work on /home/vladimir/.local/lib/python3.10/site-packages/airflow/example_dags/example_bash_operator.py
[2023-04-23T01:35:09.404+0300] {processor.py:743} INFO - Processing file /home/vladimir/.local/lib/python3.10/site-packages/airflow/example_dags/example_bash_operator.py for tasks to queue
[2023-04-23T01:35:09.405+0300] {logging_mixin.py:137} INFO - [2023-04-23T01:35:09.405+0300] {dagbag.py:532} INFO - Filling up the DagBag from /home/vladimir/.local/lib/python3.10/site-packages/airflow/example_dags/example_bash_operator.py
[2023-04-23T01:35:09.419+0300] {processor.py:753} INFO - DAG(s) dict_keys(['example_bash_operator']) retrieved from /home/vladimir/.local/lib/python3.10/site-packages/airflow/example_dags/example_bash_operator.py
[2023-04-23T01:35:09.441+0300] {logging_mixin.py:137} INFO - [2023-04-23T01:35:09.441+0300] {dag.py:2705} INFO - Sync 1 DAGs
[2023-04-23T01:35:09.454+0300] {logging_mixin.py:137} INFO - [2023-04-23T01:35:09.454+0300] {dag.py:3452} INFO - Setting next_dagrun for example_bash_operator to 2023-04-21T00:00:00+00:00, run_after=2023-04-22T00:00:00+00:00
[2023-04-23T01:35:09.465+0300] {processor.py:175} INFO - Processing /home/vladimir/.local/lib/python3.10/site-packages/airflow/example_dags/example_bash_operator.py took 0.064 seconds
