[2023-04-22T22:50:28.946+0300] {processor.py:153} INFO - Started process (PID=11409) to work on /home/vladimir/.local/lib/python3.10/site-packages/airflow/example_dags/example_task_group_decorator.py
[2023-04-22T22:50:28.946+0300] {processor.py:743} INFO - Processing file /home/vladimir/.local/lib/python3.10/site-packages/airflow/example_dags/example_task_group_decorator.py for tasks to queue
[2023-04-22T22:50:28.946+0300] {logging_mixin.py:137} INFO - [2023-04-22T22:50:28.946+0300] {dagbag.py:532} INFO - Filling up the DagBag from /home/vladimir/.local/lib/python3.10/site-packages/airflow/example_dags/example_task_group_decorator.py
[2023-04-22T22:50:28.967+0300] {processor.py:753} INFO - DAG(s) dict_keys(['example_task_group_decorator']) retrieved from /home/vladimir/.local/lib/python3.10/site-packages/airflow/example_dags/example_task_group_decorator.py
[2023-04-22T22:50:29.040+0300] {logging_mixin.py:137} INFO - [2023-04-22T22:50:29.039+0300] {manager.py:504} INFO - Created Permission View: can delete on DAG:example_task_group_decorator
[2023-04-22T22:50:29.045+0300] {logging_mixin.py:137} INFO - [2023-04-22T22:50:29.045+0300] {manager.py:504} INFO - Created Permission View: can read on DAG:example_task_group_decorator
[2023-04-22T22:50:29.050+0300] {logging_mixin.py:137} INFO - [2023-04-22T22:50:29.050+0300] {manager.py:504} INFO - Created Permission View: can edit on DAG:example_task_group_decorator
[2023-04-22T22:50:29.050+0300] {logging_mixin.py:137} INFO - [2023-04-22T22:50:29.050+0300] {dag.py:2705} INFO - Sync 1 DAGs
[2023-04-22T22:50:29.058+0300] {logging_mixin.py:137} INFO - [2023-04-22T22:50:29.057+0300] {dag.py:2726} INFO - Creating ORM DAG for example_task_group_decorator
[2023-04-22T22:50:29.063+0300] {logging_mixin.py:137} INFO - [2023-04-22T22:50:29.063+0300] {dag.py:3452} INFO - Setting next_dagrun for example_task_group_decorator to 2023-04-21T19:50:29.063166+00:00, run_after=2023-04-22T19:50:29.063166+00:00
[2023-04-22T22:50:29.073+0300] {processor.py:175} INFO - Processing /home/vladimir/.local/lib/python3.10/site-packages/airflow/example_dags/example_task_group_decorator.py took 0.130 seconds
[2023-04-22T22:51:11.062+0300] {processor.py:153} INFO - Started process (PID=11491) to work on /home/vladimir/.local/lib/python3.10/site-packages/airflow/example_dags/example_task_group_decorator.py
[2023-04-22T22:51:11.063+0300] {processor.py:743} INFO - Processing file /home/vladimir/.local/lib/python3.10/site-packages/airflow/example_dags/example_task_group_decorator.py for tasks to queue
[2023-04-22T22:51:11.063+0300] {logging_mixin.py:137} INFO - [2023-04-22T22:51:11.063+0300] {dagbag.py:532} INFO - Filling up the DagBag from /home/vladimir/.local/lib/python3.10/site-packages/airflow/example_dags/example_task_group_decorator.py
[2023-04-22T22:51:11.084+0300] {processor.py:753} INFO - DAG(s) dict_keys(['example_task_group_decorator']) retrieved from /home/vladimir/.local/lib/python3.10/site-packages/airflow/example_dags/example_task_group_decorator.py
[2023-04-22T22:51:11.102+0300] {logging_mixin.py:137} INFO - [2023-04-22T22:51:11.102+0300] {dag.py:2705} INFO - Sync 1 DAGs
[2023-04-22T22:51:11.115+0300] {logging_mixin.py:137} INFO - [2023-04-22T22:51:11.114+0300] {dag.py:3452} INFO - Setting next_dagrun for example_task_group_decorator to 2023-04-21T19:51:11.114785+00:00, run_after=2023-04-22T19:51:11.114785+00:00
[2023-04-22T22:51:11.127+0300] {processor.py:175} INFO - Processing /home/vladimir/.local/lib/python3.10/site-packages/airflow/example_dags/example_task_group_decorator.py took 0.067 seconds
[2023-04-22T22:51:54.738+0300] {processor.py:153} INFO - Started process (PID=11603) to work on /home/vladimir/.local/lib/python3.10/site-packages/airflow/example_dags/example_task_group_decorator.py
[2023-04-22T22:51:54.739+0300] {processor.py:743} INFO - Processing file /home/vladimir/.local/lib/python3.10/site-packages/airflow/example_dags/example_task_group_decorator.py for tasks to queue
[2023-04-22T22:51:54.739+0300] {logging_mixin.py:137} INFO - [2023-04-22T22:51:54.739+0300] {dagbag.py:532} INFO - Filling up the DagBag from /home/vladimir/.local/lib/python3.10/site-packages/airflow/example_dags/example_task_group_decorator.py
[2023-04-22T22:51:54.759+0300] {processor.py:753} INFO - DAG(s) dict_keys(['example_task_group_decorator']) retrieved from /home/vladimir/.local/lib/python3.10/site-packages/airflow/example_dags/example_task_group_decorator.py
[2023-04-22T22:51:54.775+0300] {logging_mixin.py:137} INFO - [2023-04-22T22:51:54.774+0300] {dag.py:2705} INFO - Sync 1 DAGs
[2023-04-22T22:51:54.786+0300] {logging_mixin.py:137} INFO - [2023-04-22T22:51:54.786+0300] {dag.py:3452} INFO - Setting next_dagrun for example_task_group_decorator to 2023-04-21T19:51:54.786386+00:00, run_after=2023-04-22T19:51:54.786386+00:00
[2023-04-22T22:51:54.798+0300] {processor.py:175} INFO - Processing /home/vladimir/.local/lib/python3.10/site-packages/airflow/example_dags/example_task_group_decorator.py took 0.062 seconds
[2023-04-22T22:52:32.450+0300] {processor.py:153} INFO - Started process (PID=11653) to work on /home/vladimir/.local/lib/python3.10/site-packages/airflow/example_dags/example_task_group_decorator.py
[2023-04-22T22:52:32.450+0300] {processor.py:743} INFO - Processing file /home/vladimir/.local/lib/python3.10/site-packages/airflow/example_dags/example_task_group_decorator.py for tasks to queue
[2023-04-22T22:52:32.451+0300] {logging_mixin.py:137} INFO - [2023-04-22T22:52:32.451+0300] {dagbag.py:532} INFO - Filling up the DagBag from /home/vladimir/.local/lib/python3.10/site-packages/airflow/example_dags/example_task_group_decorator.py
[2023-04-22T22:52:32.471+0300] {processor.py:753} INFO - DAG(s) dict_keys(['example_task_group_decorator']) retrieved from /home/vladimir/.local/lib/python3.10/site-packages/airflow/example_dags/example_task_group_decorator.py
[2023-04-22T22:52:32.487+0300] {logging_mixin.py:137} INFO - [2023-04-22T22:52:32.486+0300] {dag.py:2705} INFO - Sync 1 DAGs
[2023-04-22T22:52:32.500+0300] {logging_mixin.py:137} INFO - [2023-04-22T22:52:32.500+0300] {dag.py:3452} INFO - Setting next_dagrun for example_task_group_decorator to 2023-04-21T19:52:32.500531+00:00, run_after=2023-04-22T19:52:32.500531+00:00
[2023-04-22T22:52:32.512+0300] {processor.py:175} INFO - Processing /home/vladimir/.local/lib/python3.10/site-packages/airflow/example_dags/example_task_group_decorator.py took 0.065 seconds
[2023-04-22T22:53:12.413+0300] {processor.py:153} INFO - Started process (PID=11703) to work on /home/vladimir/.local/lib/python3.10/site-packages/airflow/example_dags/example_task_group_decorator.py
[2023-04-22T22:53:12.414+0300] {processor.py:743} INFO - Processing file /home/vladimir/.local/lib/python3.10/site-packages/airflow/example_dags/example_task_group_decorator.py for tasks to queue
[2023-04-22T22:53:12.415+0300] {logging_mixin.py:137} INFO - [2023-04-22T22:53:12.415+0300] {dagbag.py:532} INFO - Filling up the DagBag from /home/vladimir/.local/lib/python3.10/site-packages/airflow/example_dags/example_task_group_decorator.py
[2023-04-22T22:53:12.434+0300] {processor.py:753} INFO - DAG(s) dict_keys(['example_task_group_decorator']) retrieved from /home/vladimir/.local/lib/python3.10/site-packages/airflow/example_dags/example_task_group_decorator.py
[2023-04-22T22:53:12.449+0300] {logging_mixin.py:137} INFO - [2023-04-22T22:53:12.449+0300] {dag.py:2705} INFO - Sync 1 DAGs
[2023-04-22T22:53:12.461+0300] {logging_mixin.py:137} INFO - [2023-04-22T22:53:12.461+0300] {dag.py:3452} INFO - Setting next_dagrun for example_task_group_decorator to 2023-04-21T19:53:12.461374+00:00, run_after=2023-04-22T19:53:12.461374+00:00
[2023-04-22T22:53:12.473+0300] {processor.py:175} INFO - Processing /home/vladimir/.local/lib/python3.10/site-packages/airflow/example_dags/example_task_group_decorator.py took 0.062 seconds
[2023-04-22T22:53:58.668+0300] {processor.py:153} INFO - Started process (PID=11771) to work on /home/vladimir/.local/lib/python3.10/site-packages/airflow/example_dags/example_task_group_decorator.py
[2023-04-22T22:53:58.669+0300] {processor.py:743} INFO - Processing file /home/vladimir/.local/lib/python3.10/site-packages/airflow/example_dags/example_task_group_decorator.py for tasks to queue
[2023-04-22T22:53:58.669+0300] {logging_mixin.py:137} INFO - [2023-04-22T22:53:58.669+0300] {dagbag.py:532} INFO - Filling up the DagBag from /home/vladimir/.local/lib/python3.10/site-packages/airflow/example_dags/example_task_group_decorator.py
[2023-04-22T22:53:58.689+0300] {processor.py:753} INFO - DAG(s) dict_keys(['example_task_group_decorator']) retrieved from /home/vladimir/.local/lib/python3.10/site-packages/airflow/example_dags/example_task_group_decorator.py
[2023-04-22T22:53:58.704+0300] {logging_mixin.py:137} INFO - [2023-04-22T22:53:58.703+0300] {dag.py:2705} INFO - Sync 1 DAGs
[2023-04-22T22:53:58.716+0300] {logging_mixin.py:137} INFO - [2023-04-22T22:53:58.715+0300] {dag.py:3452} INFO - Setting next_dagrun for example_task_group_decorator to 2023-04-21T19:53:58.715728+00:00, run_after=2023-04-22T19:53:58.715728+00:00
[2023-04-22T22:53:58.726+0300] {processor.py:175} INFO - Processing /home/vladimir/.local/lib/python3.10/site-packages/airflow/example_dags/example_task_group_decorator.py took 0.060 seconds
[2023-04-22T22:54:39.454+0300] {processor.py:153} INFO - Started process (PID=11828) to work on /home/vladimir/.local/lib/python3.10/site-packages/airflow/example_dags/example_task_group_decorator.py
[2023-04-22T22:54:39.454+0300] {processor.py:743} INFO - Processing file /home/vladimir/.local/lib/python3.10/site-packages/airflow/example_dags/example_task_group_decorator.py for tasks to queue
[2023-04-22T22:54:39.455+0300] {logging_mixin.py:137} INFO - [2023-04-22T22:54:39.455+0300] {dagbag.py:532} INFO - Filling up the DagBag from /home/vladimir/.local/lib/python3.10/site-packages/airflow/example_dags/example_task_group_decorator.py
[2023-04-22T22:54:39.474+0300] {processor.py:753} INFO - DAG(s) dict_keys(['example_task_group_decorator']) retrieved from /home/vladimir/.local/lib/python3.10/site-packages/airflow/example_dags/example_task_group_decorator.py
[2023-04-22T22:54:39.489+0300] {logging_mixin.py:137} INFO - [2023-04-22T22:54:39.489+0300] {dag.py:2705} INFO - Sync 1 DAGs
[2023-04-22T22:54:39.502+0300] {logging_mixin.py:137} INFO - [2023-04-22T22:54:39.501+0300] {dag.py:3452} INFO - Setting next_dagrun for example_task_group_decorator to 2023-04-21T19:54:39.501797+00:00, run_after=2023-04-22T19:54:39.501797+00:00
[2023-04-22T22:54:39.515+0300] {processor.py:175} INFO - Processing /home/vladimir/.local/lib/python3.10/site-packages/airflow/example_dags/example_task_group_decorator.py took 0.063 seconds
[2023-04-22T22:55:24.565+0300] {processor.py:153} INFO - Started process (PID=11903) to work on /home/vladimir/.local/lib/python3.10/site-packages/airflow/example_dags/example_task_group_decorator.py
[2023-04-22T22:55:24.566+0300] {processor.py:743} INFO - Processing file /home/vladimir/.local/lib/python3.10/site-packages/airflow/example_dags/example_task_group_decorator.py for tasks to queue
[2023-04-22T22:55:24.567+0300] {logging_mixin.py:137} INFO - [2023-04-22T22:55:24.567+0300] {dagbag.py:532} INFO - Filling up the DagBag from /home/vladimir/.local/lib/python3.10/site-packages/airflow/example_dags/example_task_group_decorator.py
[2023-04-22T22:55:24.585+0300] {processor.py:753} INFO - DAG(s) dict_keys(['example_task_group_decorator']) retrieved from /home/vladimir/.local/lib/python3.10/site-packages/airflow/example_dags/example_task_group_decorator.py
[2023-04-22T22:55:24.600+0300] {logging_mixin.py:137} INFO - [2023-04-22T22:55:24.600+0300] {dag.py:2705} INFO - Sync 1 DAGs
[2023-04-22T22:55:24.613+0300] {logging_mixin.py:137} INFO - [2023-04-22T22:55:24.613+0300] {dag.py:3452} INFO - Setting next_dagrun for example_task_group_decorator to 2023-04-21T19:55:24.613110+00:00, run_after=2023-04-22T19:55:24.613110+00:00
[2023-04-22T22:55:24.624+0300] {processor.py:175} INFO - Processing /home/vladimir/.local/lib/python3.10/site-packages/airflow/example_dags/example_task_group_decorator.py took 0.061 seconds
[2023-04-22T22:56:03.367+0300] {processor.py:153} INFO - Started process (PID=11949) to work on /home/vladimir/.local/lib/python3.10/site-packages/airflow/example_dags/example_task_group_decorator.py
[2023-04-22T22:56:03.368+0300] {processor.py:743} INFO - Processing file /home/vladimir/.local/lib/python3.10/site-packages/airflow/example_dags/example_task_group_decorator.py for tasks to queue
[2023-04-22T22:56:03.369+0300] {logging_mixin.py:137} INFO - [2023-04-22T22:56:03.369+0300] {dagbag.py:532} INFO - Filling up the DagBag from /home/vladimir/.local/lib/python3.10/site-packages/airflow/example_dags/example_task_group_decorator.py
[2023-04-22T22:56:03.389+0300] {processor.py:753} INFO - DAG(s) dict_keys(['example_task_group_decorator']) retrieved from /home/vladimir/.local/lib/python3.10/site-packages/airflow/example_dags/example_task_group_decorator.py
[2023-04-22T22:56:03.403+0300] {logging_mixin.py:137} INFO - [2023-04-22T22:56:03.403+0300] {dag.py:2705} INFO - Sync 1 DAGs
[2023-04-22T22:56:03.415+0300] {logging_mixin.py:137} INFO - [2023-04-22T22:56:03.415+0300] {dag.py:3452} INFO - Setting next_dagrun for example_task_group_decorator to 2023-04-21T19:56:03.415299+00:00, run_after=2023-04-22T19:56:03.415299+00:00
[2023-04-22T22:56:03.428+0300] {processor.py:175} INFO - Processing /home/vladimir/.local/lib/python3.10/site-packages/airflow/example_dags/example_task_group_decorator.py took 0.063 seconds
[2023-04-23T01:29:11.498+0300] {processor.py:153} INFO - Started process (PID=4412) to work on /home/vladimir/.local/lib/python3.10/site-packages/airflow/example_dags/example_task_group_decorator.py
[2023-04-23T01:29:11.499+0300] {processor.py:743} INFO - Processing file /home/vladimir/.local/lib/python3.10/site-packages/airflow/example_dags/example_task_group_decorator.py for tasks to queue
[2023-04-23T01:29:11.500+0300] {logging_mixin.py:137} INFO - [2023-04-23T01:29:11.500+0300] {dagbag.py:532} INFO - Filling up the DagBag from /home/vladimir/.local/lib/python3.10/site-packages/airflow/example_dags/example_task_group_decorator.py
[2023-04-23T01:29:11.522+0300] {processor.py:753} INFO - DAG(s) dict_keys(['example_task_group_decorator']) retrieved from /home/vladimir/.local/lib/python3.10/site-packages/airflow/example_dags/example_task_group_decorator.py
[2023-04-23T01:29:11.539+0300] {logging_mixin.py:137} INFO - [2023-04-23T01:29:11.539+0300] {dag.py:2705} INFO - Sync 1 DAGs
[2023-04-23T01:29:11.552+0300] {logging_mixin.py:137} INFO - [2023-04-23T01:29:11.552+0300] {dag.py:3452} INFO - Setting next_dagrun for example_task_group_decorator to 2023-04-21T22:29:11.552138+00:00, run_after=2023-04-22T22:29:11.552138+00:00
[2023-04-23T01:29:11.564+0300] {processor.py:175} INFO - Processing /home/vladimir/.local/lib/python3.10/site-packages/airflow/example_dags/example_task_group_decorator.py took 0.068 seconds
[2023-04-23T01:29:52.375+0300] {processor.py:153} INFO - Started process (PID=4469) to work on /home/vladimir/.local/lib/python3.10/site-packages/airflow/example_dags/example_task_group_decorator.py
[2023-04-23T01:29:52.376+0300] {processor.py:743} INFO - Processing file /home/vladimir/.local/lib/python3.10/site-packages/airflow/example_dags/example_task_group_decorator.py for tasks to queue
[2023-04-23T01:29:52.377+0300] {logging_mixin.py:137} INFO - [2023-04-23T01:29:52.377+0300] {dagbag.py:532} INFO - Filling up the DagBag from /home/vladimir/.local/lib/python3.10/site-packages/airflow/example_dags/example_task_group_decorator.py
[2023-04-23T01:29:52.397+0300] {processor.py:753} INFO - DAG(s) dict_keys(['example_task_group_decorator']) retrieved from /home/vladimir/.local/lib/python3.10/site-packages/airflow/example_dags/example_task_group_decorator.py
[2023-04-23T01:29:52.413+0300] {logging_mixin.py:137} INFO - [2023-04-23T01:29:52.413+0300] {dag.py:2705} INFO - Sync 1 DAGs
[2023-04-23T01:29:52.427+0300] {logging_mixin.py:137} INFO - [2023-04-23T01:29:52.427+0300] {dag.py:3452} INFO - Setting next_dagrun for example_task_group_decorator to 2023-04-21T22:29:52.426673+00:00, run_after=2023-04-22T22:29:52.426673+00:00
[2023-04-23T01:29:52.441+0300] {processor.py:175} INFO - Processing /home/vladimir/.local/lib/python3.10/site-packages/airflow/example_dags/example_task_group_decorator.py took 0.068 seconds
[2023-04-23T01:30:37.077+0300] {processor.py:153} INFO - Started process (PID=4561) to work on /home/vladimir/.local/lib/python3.10/site-packages/airflow/example_dags/example_task_group_decorator.py
[2023-04-23T01:30:37.077+0300] {processor.py:743} INFO - Processing file /home/vladimir/.local/lib/python3.10/site-packages/airflow/example_dags/example_task_group_decorator.py for tasks to queue
[2023-04-23T01:30:37.078+0300] {logging_mixin.py:137} INFO - [2023-04-23T01:30:37.078+0300] {dagbag.py:532} INFO - Filling up the DagBag from /home/vladimir/.local/lib/python3.10/site-packages/airflow/example_dags/example_task_group_decorator.py
[2023-04-23T01:30:37.097+0300] {processor.py:753} INFO - DAG(s) dict_keys(['example_task_group_decorator']) retrieved from /home/vladimir/.local/lib/python3.10/site-packages/airflow/example_dags/example_task_group_decorator.py
[2023-04-23T01:30:37.113+0300] {logging_mixin.py:137} INFO - [2023-04-23T01:30:37.113+0300] {dag.py:2705} INFO - Sync 1 DAGs
[2023-04-23T01:30:37.125+0300] {logging_mixin.py:137} INFO - [2023-04-23T01:30:37.125+0300] {dag.py:3452} INFO - Setting next_dagrun for example_task_group_decorator to 2023-04-21T22:30:37.125546+00:00, run_after=2023-04-22T22:30:37.125546+00:00
[2023-04-23T01:30:37.138+0300] {processor.py:175} INFO - Processing /home/vladimir/.local/lib/python3.10/site-packages/airflow/example_dags/example_task_group_decorator.py took 0.064 seconds
[2023-04-23T01:31:20.787+0300] {processor.py:153} INFO - Started process (PID=4623) to work on /home/vladimir/.local/lib/python3.10/site-packages/airflow/example_dags/example_task_group_decorator.py
[2023-04-23T01:31:20.788+0300] {processor.py:743} INFO - Processing file /home/vladimir/.local/lib/python3.10/site-packages/airflow/example_dags/example_task_group_decorator.py for tasks to queue
[2023-04-23T01:31:20.789+0300] {logging_mixin.py:137} INFO - [2023-04-23T01:31:20.789+0300] {dagbag.py:532} INFO - Filling up the DagBag from /home/vladimir/.local/lib/python3.10/site-packages/airflow/example_dags/example_task_group_decorator.py
[2023-04-23T01:31:20.812+0300] {processor.py:753} INFO - DAG(s) dict_keys(['example_task_group_decorator']) retrieved from /home/vladimir/.local/lib/python3.10/site-packages/airflow/example_dags/example_task_group_decorator.py
[2023-04-23T01:31:20.830+0300] {logging_mixin.py:137} INFO - [2023-04-23T01:31:20.830+0300] {dag.py:2705} INFO - Sync 1 DAGs
[2023-04-23T01:31:20.843+0300] {logging_mixin.py:137} INFO - [2023-04-23T01:31:20.843+0300] {dag.py:3452} INFO - Setting next_dagrun for example_task_group_decorator to 2023-04-21T22:31:20.843370+00:00, run_after=2023-04-22T22:31:20.843370+00:00
[2023-04-23T01:31:20.858+0300] {processor.py:175} INFO - Processing /home/vladimir/.local/lib/python3.10/site-packages/airflow/example_dags/example_task_group_decorator.py took 0.073 seconds
[2023-04-23T01:32:01.833+0300] {processor.py:153} INFO - Started process (PID=4674) to work on /home/vladimir/.local/lib/python3.10/site-packages/airflow/example_dags/example_task_group_decorator.py
[2023-04-23T01:32:01.834+0300] {processor.py:743} INFO - Processing file /home/vladimir/.local/lib/python3.10/site-packages/airflow/example_dags/example_task_group_decorator.py for tasks to queue
[2023-04-23T01:32:01.835+0300] {logging_mixin.py:137} INFO - [2023-04-23T01:32:01.835+0300] {dagbag.py:532} INFO - Filling up the DagBag from /home/vladimir/.local/lib/python3.10/site-packages/airflow/example_dags/example_task_group_decorator.py
[2023-04-23T01:32:01.860+0300] {processor.py:753} INFO - DAG(s) dict_keys(['example_task_group_decorator']) retrieved from /home/vladimir/.local/lib/python3.10/site-packages/airflow/example_dags/example_task_group_decorator.py
[2023-04-23T01:32:01.881+0300] {logging_mixin.py:137} INFO - [2023-04-23T01:32:01.880+0300] {dag.py:2705} INFO - Sync 1 DAGs
[2023-04-23T01:32:01.895+0300] {logging_mixin.py:137} INFO - [2023-04-23T01:32:01.895+0300] {dag.py:3452} INFO - Setting next_dagrun for example_task_group_decorator to 2023-04-21T22:32:01.895657+00:00, run_after=2023-04-22T22:32:01.895657+00:00
[2023-04-23T01:32:01.910+0300] {processor.py:175} INFO - Processing /home/vladimir/.local/lib/python3.10/site-packages/airflow/example_dags/example_task_group_decorator.py took 0.079 seconds
[2023-04-23T01:32:48.744+0300] {processor.py:153} INFO - Started process (PID=4739) to work on /home/vladimir/.local/lib/python3.10/site-packages/airflow/example_dags/example_task_group_decorator.py
[2023-04-23T01:32:48.746+0300] {processor.py:743} INFO - Processing file /home/vladimir/.local/lib/python3.10/site-packages/airflow/example_dags/example_task_group_decorator.py for tasks to queue
[2023-04-23T01:32:48.746+0300] {logging_mixin.py:137} INFO - [2023-04-23T01:32:48.746+0300] {dagbag.py:532} INFO - Filling up the DagBag from /home/vladimir/.local/lib/python3.10/site-packages/airflow/example_dags/example_task_group_decorator.py
[2023-04-23T01:32:48.765+0300] {processor.py:753} INFO - DAG(s) dict_keys(['example_task_group_decorator']) retrieved from /home/vladimir/.local/lib/python3.10/site-packages/airflow/example_dags/example_task_group_decorator.py
[2023-04-23T01:32:48.781+0300] {logging_mixin.py:137} INFO - [2023-04-23T01:32:48.781+0300] {dag.py:2705} INFO - Sync 1 DAGs
[2023-04-23T01:32:48.794+0300] {logging_mixin.py:137} INFO - [2023-04-23T01:32:48.793+0300] {dag.py:3452} INFO - Setting next_dagrun for example_task_group_decorator to 2023-04-21T22:32:48.793844+00:00, run_after=2023-04-22T22:32:48.793844+00:00
[2023-04-23T01:32:48.806+0300] {processor.py:175} INFO - Processing /home/vladimir/.local/lib/python3.10/site-packages/airflow/example_dags/example_task_group_decorator.py took 0.064 seconds
[2023-04-23T01:33:29.087+0300] {processor.py:153} INFO - Started process (PID=4793) to work on /home/vladimir/.local/lib/python3.10/site-packages/airflow/example_dags/example_task_group_decorator.py
[2023-04-23T01:33:29.088+0300] {processor.py:743} INFO - Processing file /home/vladimir/.local/lib/python3.10/site-packages/airflow/example_dags/example_task_group_decorator.py for tasks to queue
[2023-04-23T01:33:29.088+0300] {logging_mixin.py:137} INFO - [2023-04-23T01:33:29.088+0300] {dagbag.py:532} INFO - Filling up the DagBag from /home/vladimir/.local/lib/python3.10/site-packages/airflow/example_dags/example_task_group_decorator.py
[2023-04-23T01:33:29.108+0300] {processor.py:753} INFO - DAG(s) dict_keys(['example_task_group_decorator']) retrieved from /home/vladimir/.local/lib/python3.10/site-packages/airflow/example_dags/example_task_group_decorator.py
[2023-04-23T01:33:29.124+0300] {logging_mixin.py:137} INFO - [2023-04-23T01:33:29.124+0300] {dag.py:2705} INFO - Sync 1 DAGs
[2023-04-23T01:33:29.136+0300] {logging_mixin.py:137} INFO - [2023-04-23T01:33:29.136+0300] {dag.py:3452} INFO - Setting next_dagrun for example_task_group_decorator to 2023-04-21T22:33:29.136101+00:00, run_after=2023-04-22T22:33:29.136101+00:00
[2023-04-23T01:33:29.148+0300] {processor.py:175} INFO - Processing /home/vladimir/.local/lib/python3.10/site-packages/airflow/example_dags/example_task_group_decorator.py took 0.062 seconds
[2023-04-23T01:34:09.782+0300] {processor.py:153} INFO - Started process (PID=4897) to work on /home/vladimir/.local/lib/python3.10/site-packages/airflow/example_dags/example_task_group_decorator.py
[2023-04-23T01:34:09.783+0300] {processor.py:743} INFO - Processing file /home/vladimir/.local/lib/python3.10/site-packages/airflow/example_dags/example_task_group_decorator.py for tasks to queue
[2023-04-23T01:34:09.783+0300] {logging_mixin.py:137} INFO - [2023-04-23T01:34:09.783+0300] {dagbag.py:532} INFO - Filling up the DagBag from /home/vladimir/.local/lib/python3.10/site-packages/airflow/example_dags/example_task_group_decorator.py
[2023-04-23T01:34:09.803+0300] {processor.py:753} INFO - DAG(s) dict_keys(['example_task_group_decorator']) retrieved from /home/vladimir/.local/lib/python3.10/site-packages/airflow/example_dags/example_task_group_decorator.py
[2023-04-23T01:34:09.819+0300] {logging_mixin.py:137} INFO - [2023-04-23T01:34:09.819+0300] {dag.py:2705} INFO - Sync 1 DAGs
[2023-04-23T01:34:09.832+0300] {logging_mixin.py:137} INFO - [2023-04-23T01:34:09.831+0300] {dag.py:3452} INFO - Setting next_dagrun for example_task_group_decorator to 2023-04-21T22:34:09.831818+00:00, run_after=2023-04-22T22:34:09.831818+00:00
[2023-04-23T01:34:09.844+0300] {processor.py:175} INFO - Processing /home/vladimir/.local/lib/python3.10/site-packages/airflow/example_dags/example_task_group_decorator.py took 0.064 seconds
[2023-04-23T01:34:55.406+0300] {processor.py:153} INFO - Started process (PID=4956) to work on /home/vladimir/.local/lib/python3.10/site-packages/airflow/example_dags/example_task_group_decorator.py
[2023-04-23T01:34:55.407+0300] {processor.py:743} INFO - Processing file /home/vladimir/.local/lib/python3.10/site-packages/airflow/example_dags/example_task_group_decorator.py for tasks to queue
[2023-04-23T01:34:55.408+0300] {logging_mixin.py:137} INFO - [2023-04-23T01:34:55.408+0300] {dagbag.py:532} INFO - Filling up the DagBag from /home/vladimir/.local/lib/python3.10/site-packages/airflow/example_dags/example_task_group_decorator.py
[2023-04-23T01:34:55.428+0300] {processor.py:753} INFO - DAG(s) dict_keys(['example_task_group_decorator']) retrieved from /home/vladimir/.local/lib/python3.10/site-packages/airflow/example_dags/example_task_group_decorator.py
[2023-04-23T01:34:55.444+0300] {logging_mixin.py:137} INFO - [2023-04-23T01:34:55.444+0300] {dag.py:2705} INFO - Sync 1 DAGs
[2023-04-23T01:34:55.456+0300] {logging_mixin.py:137} INFO - [2023-04-23T01:34:55.456+0300] {dag.py:3452} INFO - Setting next_dagrun for example_task_group_decorator to 2023-04-21T22:34:55.456413+00:00, run_after=2023-04-22T22:34:55.456413+00:00
[2023-04-23T01:34:55.470+0300] {processor.py:175} INFO - Processing /home/vladimir/.local/lib/python3.10/site-packages/airflow/example_dags/example_task_group_decorator.py took 0.066 seconds
