[2023-04-22T22:50:26.780+0300] {processor.py:153} INFO - Started process (PID=11405) to work on /home/vladimir/.local/lib/python3.10/site-packages/airflow/example_dags/example_nested_branch_dag.py
[2023-04-22T22:50:26.780+0300] {processor.py:743} INFO - Processing file /home/vladimir/.local/lib/python3.10/site-packages/airflow/example_dags/example_nested_branch_dag.py for tasks to queue
[2023-04-22T22:50:26.780+0300] {logging_mixin.py:137} INFO - [2023-04-22T22:50:26.780+0300] {dagbag.py:532} INFO - Filling up the DagBag from /home/vladimir/.local/lib/python3.10/site-packages/airflow/example_dags/example_nested_branch_dag.py
[2023-04-22T22:50:26.796+0300] {processor.py:753} INFO - DAG(s) dict_keys(['example_nested_branch_dag']) retrieved from /home/vladimir/.local/lib/python3.10/site-packages/airflow/example_dags/example_nested_branch_dag.py
[2023-04-22T22:50:26.857+0300] {logging_mixin.py:137} INFO - [2023-04-22T22:50:26.857+0300] {manager.py:504} INFO - Created Permission View: can delete on DAG:example_nested_branch_dag
[2023-04-22T22:50:26.862+0300] {logging_mixin.py:137} INFO - [2023-04-22T22:50:26.862+0300] {manager.py:504} INFO - Created Permission View: can read on DAG:example_nested_branch_dag
[2023-04-22T22:50:26.866+0300] {logging_mixin.py:137} INFO - [2023-04-22T22:50:26.866+0300] {manager.py:504} INFO - Created Permission View: can edit on DAG:example_nested_branch_dag
[2023-04-22T22:50:26.866+0300] {logging_mixin.py:137} INFO - [2023-04-22T22:50:26.866+0300] {dag.py:2705} INFO - Sync 1 DAGs
[2023-04-22T22:50:26.873+0300] {logging_mixin.py:137} INFO - [2023-04-22T22:50:26.873+0300] {dag.py:2726} INFO - Creating ORM DAG for example_nested_branch_dag
[2023-04-22T22:50:26.879+0300] {logging_mixin.py:137} INFO - [2023-04-22T22:50:26.879+0300] {dag.py:3452} INFO - Setting next_dagrun for example_nested_branch_dag to 2023-04-21T00:00:00+00:00, run_after=2023-04-22T00:00:00+00:00
[2023-04-22T22:50:26.890+0300] {processor.py:175} INFO - Processing /home/vladimir/.local/lib/python3.10/site-packages/airflow/example_dags/example_nested_branch_dag.py took 0.113 seconds
[2023-04-22T22:51:08.791+0300] {processor.py:153} INFO - Started process (PID=11489) to work on /home/vladimir/.local/lib/python3.10/site-packages/airflow/example_dags/example_nested_branch_dag.py
[2023-04-22T22:51:08.792+0300] {processor.py:743} INFO - Processing file /home/vladimir/.local/lib/python3.10/site-packages/airflow/example_dags/example_nested_branch_dag.py for tasks to queue
[2023-04-22T22:51:08.792+0300] {logging_mixin.py:137} INFO - [2023-04-22T22:51:08.792+0300] {dagbag.py:532} INFO - Filling up the DagBag from /home/vladimir/.local/lib/python3.10/site-packages/airflow/example_dags/example_nested_branch_dag.py
[2023-04-22T22:51:08.809+0300] {processor.py:753} INFO - DAG(s) dict_keys(['example_nested_branch_dag']) retrieved from /home/vladimir/.local/lib/python3.10/site-packages/airflow/example_dags/example_nested_branch_dag.py
[2023-04-22T22:51:08.824+0300] {logging_mixin.py:137} INFO - [2023-04-22T22:51:08.824+0300] {dag.py:2705} INFO - Sync 1 DAGs
[2023-04-22T22:51:08.836+0300] {logging_mixin.py:137} INFO - [2023-04-22T22:51:08.836+0300] {dag.py:3452} INFO - Setting next_dagrun for example_nested_branch_dag to 2023-04-21T00:00:00+00:00, run_after=2023-04-22T00:00:00+00:00
[2023-04-22T22:51:08.846+0300] {processor.py:175} INFO - Processing /home/vladimir/.local/lib/python3.10/site-packages/airflow/example_dags/example_nested_branch_dag.py took 0.057 seconds
[2023-04-22T22:51:52.478+0300] {processor.py:153} INFO - Started process (PID=11601) to work on /home/vladimir/.local/lib/python3.10/site-packages/airflow/example_dags/example_nested_branch_dag.py
[2023-04-22T22:51:52.479+0300] {processor.py:743} INFO - Processing file /home/vladimir/.local/lib/python3.10/site-packages/airflow/example_dags/example_nested_branch_dag.py for tasks to queue
[2023-04-22T22:51:52.479+0300] {logging_mixin.py:137} INFO - [2023-04-22T22:51:52.479+0300] {dagbag.py:532} INFO - Filling up the DagBag from /home/vladimir/.local/lib/python3.10/site-packages/airflow/example_dags/example_nested_branch_dag.py
[2023-04-22T22:51:52.496+0300] {processor.py:753} INFO - DAG(s) dict_keys(['example_nested_branch_dag']) retrieved from /home/vladimir/.local/lib/python3.10/site-packages/airflow/example_dags/example_nested_branch_dag.py
[2023-04-22T22:51:52.511+0300] {logging_mixin.py:137} INFO - [2023-04-22T22:51:52.511+0300] {dag.py:2705} INFO - Sync 1 DAGs
[2023-04-22T22:51:52.524+0300] {logging_mixin.py:137} INFO - [2023-04-22T22:51:52.524+0300] {dag.py:3452} INFO - Setting next_dagrun for example_nested_branch_dag to 2023-04-21T00:00:00+00:00, run_after=2023-04-22T00:00:00+00:00
[2023-04-22T22:51:52.536+0300] {processor.py:175} INFO - Processing /home/vladimir/.local/lib/python3.10/site-packages/airflow/example_dags/example_nested_branch_dag.py took 0.060 seconds
[2023-04-22T22:52:30.745+0300] {processor.py:153} INFO - Started process (PID=11651) to work on /home/vladimir/.local/lib/python3.10/site-packages/airflow/example_dags/example_nested_branch_dag.py
[2023-04-22T22:52:30.746+0300] {processor.py:743} INFO - Processing file /home/vladimir/.local/lib/python3.10/site-packages/airflow/example_dags/example_nested_branch_dag.py for tasks to queue
[2023-04-22T22:52:30.747+0300] {logging_mixin.py:137} INFO - [2023-04-22T22:52:30.747+0300] {dagbag.py:532} INFO - Filling up the DagBag from /home/vladimir/.local/lib/python3.10/site-packages/airflow/example_dags/example_nested_branch_dag.py
[2023-04-22T22:52:30.768+0300] {processor.py:753} INFO - DAG(s) dict_keys(['example_nested_branch_dag']) retrieved from /home/vladimir/.local/lib/python3.10/site-packages/airflow/example_dags/example_nested_branch_dag.py
[2023-04-22T22:52:30.782+0300] {logging_mixin.py:137} INFO - [2023-04-22T22:52:30.782+0300] {dag.py:2705} INFO - Sync 1 DAGs
[2023-04-22T22:52:30.795+0300] {logging_mixin.py:137} INFO - [2023-04-22T22:52:30.795+0300] {dag.py:3452} INFO - Setting next_dagrun for example_nested_branch_dag to 2023-04-21T00:00:00+00:00, run_after=2023-04-22T00:00:00+00:00
[2023-04-22T22:52:30.807+0300] {processor.py:175} INFO - Processing /home/vladimir/.local/lib/python3.10/site-packages/airflow/example_dags/example_nested_branch_dag.py took 0.064 seconds
[2023-04-22T22:53:10.151+0300] {processor.py:153} INFO - Started process (PID=11700) to work on /home/vladimir/.local/lib/python3.10/site-packages/airflow/example_dags/example_nested_branch_dag.py
[2023-04-22T22:53:10.151+0300] {processor.py:743} INFO - Processing file /home/vladimir/.local/lib/python3.10/site-packages/airflow/example_dags/example_nested_branch_dag.py for tasks to queue
[2023-04-22T22:53:10.152+0300] {logging_mixin.py:137} INFO - [2023-04-22T22:53:10.152+0300] {dagbag.py:532} INFO - Filling up the DagBag from /home/vladimir/.local/lib/python3.10/site-packages/airflow/example_dags/example_nested_branch_dag.py
[2023-04-22T22:53:10.169+0300] {processor.py:753} INFO - DAG(s) dict_keys(['example_nested_branch_dag']) retrieved from /home/vladimir/.local/lib/python3.10/site-packages/airflow/example_dags/example_nested_branch_dag.py
[2023-04-22T22:53:10.187+0300] {logging_mixin.py:137} INFO - [2023-04-22T22:53:10.187+0300] {dag.py:2705} INFO - Sync 1 DAGs
[2023-04-22T22:53:10.200+0300] {logging_mixin.py:137} INFO - [2023-04-22T22:53:10.200+0300] {dag.py:3452} INFO - Setting next_dagrun for example_nested_branch_dag to 2023-04-21T00:00:00+00:00, run_after=2023-04-22T00:00:00+00:00
[2023-04-22T22:53:10.213+0300] {processor.py:175} INFO - Processing /home/vladimir/.local/lib/python3.10/site-packages/airflow/example_dags/example_nested_branch_dag.py took 0.064 seconds
[2023-04-22T22:53:48.667+0300] {processor.py:153} INFO - Started process (PID=11756) to work on /home/vladimir/.local/lib/python3.10/site-packages/airflow/example_dags/example_nested_branch_dag.py
[2023-04-22T22:53:48.668+0300] {processor.py:743} INFO - Processing file /home/vladimir/.local/lib/python3.10/site-packages/airflow/example_dags/example_nested_branch_dag.py for tasks to queue
[2023-04-22T22:53:48.668+0300] {logging_mixin.py:137} INFO - [2023-04-22T22:53:48.668+0300] {dagbag.py:532} INFO - Filling up the DagBag from /home/vladimir/.local/lib/python3.10/site-packages/airflow/example_dags/example_nested_branch_dag.py
[2023-04-22T22:53:48.686+0300] {processor.py:753} INFO - DAG(s) dict_keys(['example_nested_branch_dag']) retrieved from /home/vladimir/.local/lib/python3.10/site-packages/airflow/example_dags/example_nested_branch_dag.py
[2023-04-22T22:53:48.701+0300] {logging_mixin.py:137} INFO - [2023-04-22T22:53:48.701+0300] {dag.py:2705} INFO - Sync 1 DAGs
[2023-04-22T22:53:48.716+0300] {logging_mixin.py:137} INFO - [2023-04-22T22:53:48.716+0300] {dag.py:3452} INFO - Setting next_dagrun for example_nested_branch_dag to 2023-04-21T00:00:00+00:00, run_after=2023-04-22T00:00:00+00:00
[2023-04-22T22:53:48.728+0300] {processor.py:175} INFO - Processing /home/vladimir/.local/lib/python3.10/site-packages/airflow/example_dags/example_nested_branch_dag.py took 0.063 seconds
[2023-04-22T22:54:31.220+0300] {processor.py:153} INFO - Started process (PID=11816) to work on /home/vladimir/.local/lib/python3.10/site-packages/airflow/example_dags/example_nested_branch_dag.py
[2023-04-22T22:54:31.221+0300] {processor.py:743} INFO - Processing file /home/vladimir/.local/lib/python3.10/site-packages/airflow/example_dags/example_nested_branch_dag.py for tasks to queue
[2023-04-22T22:54:31.221+0300] {logging_mixin.py:137} INFO - [2023-04-22T22:54:31.221+0300] {dagbag.py:532} INFO - Filling up the DagBag from /home/vladimir/.local/lib/python3.10/site-packages/airflow/example_dags/example_nested_branch_dag.py
[2023-04-22T22:54:31.238+0300] {processor.py:753} INFO - DAG(s) dict_keys(['example_nested_branch_dag']) retrieved from /home/vladimir/.local/lib/python3.10/site-packages/airflow/example_dags/example_nested_branch_dag.py
[2023-04-22T22:54:31.252+0300] {logging_mixin.py:137} INFO - [2023-04-22T22:54:31.252+0300] {dag.py:2705} INFO - Sync 1 DAGs
[2023-04-22T22:54:31.265+0300] {logging_mixin.py:137} INFO - [2023-04-22T22:54:31.265+0300] {dag.py:3452} INFO - Setting next_dagrun for example_nested_branch_dag to 2023-04-21T00:00:00+00:00, run_after=2023-04-22T00:00:00+00:00
[2023-04-22T22:54:31.276+0300] {processor.py:175} INFO - Processing /home/vladimir/.local/lib/python3.10/site-packages/airflow/example_dags/example_nested_branch_dag.py took 0.058 seconds
[2023-04-22T22:55:14.281+0300] {processor.py:153} INFO - Started process (PID=11893) to work on /home/vladimir/.local/lib/python3.10/site-packages/airflow/example_dags/example_nested_branch_dag.py
[2023-04-22T22:55:14.282+0300] {processor.py:743} INFO - Processing file /home/vladimir/.local/lib/python3.10/site-packages/airflow/example_dags/example_nested_branch_dag.py for tasks to queue
[2023-04-22T22:55:14.282+0300] {logging_mixin.py:137} INFO - [2023-04-22T22:55:14.282+0300] {dagbag.py:532} INFO - Filling up the DagBag from /home/vladimir/.local/lib/python3.10/site-packages/airflow/example_dags/example_nested_branch_dag.py
[2023-04-22T22:55:14.299+0300] {processor.py:753} INFO - DAG(s) dict_keys(['example_nested_branch_dag']) retrieved from /home/vladimir/.local/lib/python3.10/site-packages/airflow/example_dags/example_nested_branch_dag.py
[2023-04-22T22:55:14.313+0300] {logging_mixin.py:137} INFO - [2023-04-22T22:55:14.313+0300] {dag.py:2705} INFO - Sync 1 DAGs
[2023-04-22T22:55:14.325+0300] {logging_mixin.py:137} INFO - [2023-04-22T22:55:14.325+0300] {dag.py:3452} INFO - Setting next_dagrun for example_nested_branch_dag to 2023-04-21T00:00:00+00:00, run_after=2023-04-22T00:00:00+00:00
[2023-04-22T22:55:14.341+0300] {processor.py:175} INFO - Processing /home/vladimir/.local/lib/python3.10/site-packages/airflow/example_dags/example_nested_branch_dag.py took 0.062 seconds
[2023-04-22T22:56:01.091+0300] {processor.py:153} INFO - Started process (PID=11946) to work on /home/vladimir/.local/lib/python3.10/site-packages/airflow/example_dags/example_nested_branch_dag.py
[2023-04-22T22:56:01.092+0300] {processor.py:743} INFO - Processing file /home/vladimir/.local/lib/python3.10/site-packages/airflow/example_dags/example_nested_branch_dag.py for tasks to queue
[2023-04-22T22:56:01.092+0300] {logging_mixin.py:137} INFO - [2023-04-22T22:56:01.092+0300] {dagbag.py:532} INFO - Filling up the DagBag from /home/vladimir/.local/lib/python3.10/site-packages/airflow/example_dags/example_nested_branch_dag.py
[2023-04-22T22:56:01.109+0300] {processor.py:753} INFO - DAG(s) dict_keys(['example_nested_branch_dag']) retrieved from /home/vladimir/.local/lib/python3.10/site-packages/airflow/example_dags/example_nested_branch_dag.py
[2023-04-22T22:56:01.122+0300] {logging_mixin.py:137} INFO - [2023-04-22T22:56:01.122+0300] {dag.py:2705} INFO - Sync 1 DAGs
[2023-04-22T22:56:01.135+0300] {logging_mixin.py:137} INFO - [2023-04-22T22:56:01.135+0300] {dag.py:3452} INFO - Setting next_dagrun for example_nested_branch_dag to 2023-04-21T00:00:00+00:00, run_after=2023-04-22T00:00:00+00:00
[2023-04-22T22:56:01.153+0300] {processor.py:175} INFO - Processing /home/vladimir/.local/lib/python3.10/site-packages/airflow/example_dags/example_nested_branch_dag.py took 0.064 seconds
[2023-04-23T01:29:09.230+0300] {processor.py:153} INFO - Started process (PID=4410) to work on /home/vladimir/.local/lib/python3.10/site-packages/airflow/example_dags/example_nested_branch_dag.py
[2023-04-23T01:29:09.247+0300] {processor.py:743} INFO - Processing file /home/vladimir/.local/lib/python3.10/site-packages/airflow/example_dags/example_nested_branch_dag.py for tasks to queue
[2023-04-23T01:29:09.248+0300] {logging_mixin.py:137} INFO - [2023-04-23T01:29:09.248+0300] {dagbag.py:532} INFO - Filling up the DagBag from /home/vladimir/.local/lib/python3.10/site-packages/airflow/example_dags/example_nested_branch_dag.py
[2023-04-23T01:29:09.266+0300] {processor.py:753} INFO - DAG(s) dict_keys(['example_nested_branch_dag']) retrieved from /home/vladimir/.local/lib/python3.10/site-packages/airflow/example_dags/example_nested_branch_dag.py
[2023-04-23T01:29:09.281+0300] {logging_mixin.py:137} INFO - [2023-04-23T01:29:09.281+0300] {dag.py:2705} INFO - Sync 1 DAGs
[2023-04-23T01:29:09.295+0300] {logging_mixin.py:137} INFO - [2023-04-23T01:29:09.295+0300] {dag.py:3452} INFO - Setting next_dagrun for example_nested_branch_dag to 2023-04-21T00:00:00+00:00, run_after=2023-04-22T00:00:00+00:00
[2023-04-23T01:29:09.308+0300] {processor.py:175} INFO - Processing /home/vladimir/.local/lib/python3.10/site-packages/airflow/example_dags/example_nested_branch_dag.py took 0.080 seconds
[2023-04-23T01:29:50.111+0300] {processor.py:153} INFO - Started process (PID=4466) to work on /home/vladimir/.local/lib/python3.10/site-packages/airflow/example_dags/example_nested_branch_dag.py
[2023-04-23T01:29:50.112+0300] {processor.py:743} INFO - Processing file /home/vladimir/.local/lib/python3.10/site-packages/airflow/example_dags/example_nested_branch_dag.py for tasks to queue
[2023-04-23T01:29:50.113+0300] {logging_mixin.py:137} INFO - [2023-04-23T01:29:50.112+0300] {dagbag.py:532} INFO - Filling up the DagBag from /home/vladimir/.local/lib/python3.10/site-packages/airflow/example_dags/example_nested_branch_dag.py
[2023-04-23T01:29:50.130+0300] {processor.py:753} INFO - DAG(s) dict_keys(['example_nested_branch_dag']) retrieved from /home/vladimir/.local/lib/python3.10/site-packages/airflow/example_dags/example_nested_branch_dag.py
[2023-04-23T01:29:50.145+0300] {logging_mixin.py:137} INFO - [2023-04-23T01:29:50.145+0300] {dag.py:2705} INFO - Sync 1 DAGs
[2023-04-23T01:29:50.158+0300] {logging_mixin.py:137} INFO - [2023-04-23T01:29:50.158+0300] {dag.py:3452} INFO - Setting next_dagrun for example_nested_branch_dag to 2023-04-21T00:00:00+00:00, run_after=2023-04-22T00:00:00+00:00
[2023-04-23T01:29:50.171+0300] {processor.py:175} INFO - Processing /home/vladimir/.local/lib/python3.10/site-packages/airflow/example_dags/example_nested_branch_dag.py took 0.062 seconds
[2023-04-23T01:30:31.480+0300] {processor.py:153} INFO - Started process (PID=4553) to work on /home/vladimir/.local/lib/python3.10/site-packages/airflow/example_dags/example_nested_branch_dag.py
[2023-04-23T01:30:31.481+0300] {processor.py:743} INFO - Processing file /home/vladimir/.local/lib/python3.10/site-packages/airflow/example_dags/example_nested_branch_dag.py for tasks to queue
[2023-04-23T01:30:31.482+0300] {logging_mixin.py:137} INFO - [2023-04-23T01:30:31.482+0300] {dagbag.py:532} INFO - Filling up the DagBag from /home/vladimir/.local/lib/python3.10/site-packages/airflow/example_dags/example_nested_branch_dag.py
[2023-04-23T01:30:31.498+0300] {processor.py:753} INFO - DAG(s) dict_keys(['example_nested_branch_dag']) retrieved from /home/vladimir/.local/lib/python3.10/site-packages/airflow/example_dags/example_nested_branch_dag.py
[2023-04-23T01:30:31.513+0300] {logging_mixin.py:137} INFO - [2023-04-23T01:30:31.513+0300] {dag.py:2705} INFO - Sync 1 DAGs
[2023-04-23T01:30:31.527+0300] {logging_mixin.py:137} INFO - [2023-04-23T01:30:31.527+0300] {dag.py:3452} INFO - Setting next_dagrun for example_nested_branch_dag to 2023-04-21T00:00:00+00:00, run_after=2023-04-22T00:00:00+00:00
[2023-04-23T01:30:31.539+0300] {processor.py:175} INFO - Processing /home/vladimir/.local/lib/python3.10/site-packages/airflow/example_dags/example_nested_branch_dag.py took 0.061 seconds
[2023-04-23T01:31:12.780+0300] {processor.py:153} INFO - Started process (PID=4605) to work on /home/vladimir/.local/lib/python3.10/site-packages/airflow/example_dags/example_nested_branch_dag.py
[2023-04-23T01:31:12.782+0300] {processor.py:743} INFO - Processing file /home/vladimir/.local/lib/python3.10/site-packages/airflow/example_dags/example_nested_branch_dag.py for tasks to queue
[2023-04-23T01:31:12.782+0300] {logging_mixin.py:137} INFO - [2023-04-23T01:31:12.782+0300] {dagbag.py:532} INFO - Filling up the DagBag from /home/vladimir/.local/lib/python3.10/site-packages/airflow/example_dags/example_nested_branch_dag.py
[2023-04-23T01:31:12.800+0300] {processor.py:753} INFO - DAG(s) dict_keys(['example_nested_branch_dag']) retrieved from /home/vladimir/.local/lib/python3.10/site-packages/airflow/example_dags/example_nested_branch_dag.py
[2023-04-23T01:31:12.814+0300] {logging_mixin.py:137} INFO - [2023-04-23T01:31:12.814+0300] {dag.py:2705} INFO - Sync 1 DAGs
[2023-04-23T01:31:12.828+0300] {logging_mixin.py:137} INFO - [2023-04-23T01:31:12.828+0300] {dag.py:3452} INFO - Setting next_dagrun for example_nested_branch_dag to 2023-04-21T00:00:00+00:00, run_after=2023-04-22T00:00:00+00:00
[2023-04-23T01:31:12.842+0300] {processor.py:175} INFO - Processing /home/vladimir/.local/lib/python3.10/site-packages/airflow/example_dags/example_nested_branch_dag.py took 0.064 seconds
[2023-04-23T01:31:56.693+0300] {processor.py:153} INFO - Started process (PID=4668) to work on /home/vladimir/.local/lib/python3.10/site-packages/airflow/example_dags/example_nested_branch_dag.py
[2023-04-23T01:31:56.694+0300] {processor.py:743} INFO - Processing file /home/vladimir/.local/lib/python3.10/site-packages/airflow/example_dags/example_nested_branch_dag.py for tasks to queue
[2023-04-23T01:31:56.694+0300] {logging_mixin.py:137} INFO - [2023-04-23T01:31:56.694+0300] {dagbag.py:532} INFO - Filling up the DagBag from /home/vladimir/.local/lib/python3.10/site-packages/airflow/example_dags/example_nested_branch_dag.py
[2023-04-23T01:31:56.715+0300] {processor.py:753} INFO - DAG(s) dict_keys(['example_nested_branch_dag']) retrieved from /home/vladimir/.local/lib/python3.10/site-packages/airflow/example_dags/example_nested_branch_dag.py
[2023-04-23T01:31:56.729+0300] {logging_mixin.py:137} INFO - [2023-04-23T01:31:56.729+0300] {dag.py:2705} INFO - Sync 1 DAGs
[2023-04-23T01:31:56.741+0300] {logging_mixin.py:137} INFO - [2023-04-23T01:31:56.741+0300] {dag.py:3452} INFO - Setting next_dagrun for example_nested_branch_dag to 2023-04-21T00:00:00+00:00, run_after=2023-04-22T00:00:00+00:00
[2023-04-23T01:31:56.754+0300] {processor.py:175} INFO - Processing /home/vladimir/.local/lib/python3.10/site-packages/airflow/example_dags/example_nested_branch_dag.py took 0.063 seconds
[2023-04-23T01:32:42.937+0300] {processor.py:153} INFO - Started process (PID=4733) to work on /home/vladimir/.local/lib/python3.10/site-packages/airflow/example_dags/example_nested_branch_dag.py
[2023-04-23T01:32:42.938+0300] {processor.py:743} INFO - Processing file /home/vladimir/.local/lib/python3.10/site-packages/airflow/example_dags/example_nested_branch_dag.py for tasks to queue
[2023-04-23T01:32:42.938+0300] {logging_mixin.py:137} INFO - [2023-04-23T01:32:42.938+0300] {dagbag.py:532} INFO - Filling up the DagBag from /home/vladimir/.local/lib/python3.10/site-packages/airflow/example_dags/example_nested_branch_dag.py
[2023-04-23T01:32:42.958+0300] {processor.py:753} INFO - DAG(s) dict_keys(['example_nested_branch_dag']) retrieved from /home/vladimir/.local/lib/python3.10/site-packages/airflow/example_dags/example_nested_branch_dag.py
[2023-04-23T01:32:42.975+0300] {logging_mixin.py:137} INFO - [2023-04-23T01:32:42.975+0300] {dag.py:2705} INFO - Sync 1 DAGs
[2023-04-23T01:32:43.010+0300] {logging_mixin.py:137} INFO - [2023-04-23T01:32:43.010+0300] {dag.py:3452} INFO - Setting next_dagrun for example_nested_branch_dag to 2023-04-21T00:00:00+00:00, run_after=2023-04-22T00:00:00+00:00
[2023-04-23T01:32:43.027+0300] {processor.py:175} INFO - Processing /home/vladimir/.local/lib/python3.10/site-packages/airflow/example_dags/example_nested_branch_dag.py took 0.093 seconds
[2023-04-23T01:33:27.351+0300] {processor.py:153} INFO - Started process (PID=4791) to work on /home/vladimir/.local/lib/python3.10/site-packages/airflow/example_dags/example_nested_branch_dag.py
[2023-04-23T01:33:27.352+0300] {processor.py:743} INFO - Processing file /home/vladimir/.local/lib/python3.10/site-packages/airflow/example_dags/example_nested_branch_dag.py for tasks to queue
[2023-04-23T01:33:27.352+0300] {logging_mixin.py:137} INFO - [2023-04-23T01:33:27.352+0300] {dagbag.py:532} INFO - Filling up the DagBag from /home/vladimir/.local/lib/python3.10/site-packages/airflow/example_dags/example_nested_branch_dag.py
[2023-04-23T01:33:27.369+0300] {processor.py:753} INFO - DAG(s) dict_keys(['example_nested_branch_dag']) retrieved from /home/vladimir/.local/lib/python3.10/site-packages/airflow/example_dags/example_nested_branch_dag.py
[2023-04-23T01:33:27.383+0300] {logging_mixin.py:137} INFO - [2023-04-23T01:33:27.383+0300] {dag.py:2705} INFO - Sync 1 DAGs
[2023-04-23T01:33:27.397+0300] {logging_mixin.py:137} INFO - [2023-04-23T01:33:27.397+0300] {dag.py:3452} INFO - Setting next_dagrun for example_nested_branch_dag to 2023-04-21T00:00:00+00:00, run_after=2023-04-22T00:00:00+00:00
[2023-04-23T01:33:27.409+0300] {processor.py:175} INFO - Processing /home/vladimir/.local/lib/python3.10/site-packages/airflow/example_dags/example_nested_branch_dag.py took 0.061 seconds
[2023-04-23T01:34:07.738+0300] {processor.py:153} INFO - Started process (PID=4895) to work on /home/vladimir/.local/lib/python3.10/site-packages/airflow/example_dags/example_nested_branch_dag.py
[2023-04-23T01:34:07.739+0300] {processor.py:743} INFO - Processing file /home/vladimir/.local/lib/python3.10/site-packages/airflow/example_dags/example_nested_branch_dag.py for tasks to queue
[2023-04-23T01:34:07.740+0300] {logging_mixin.py:137} INFO - [2023-04-23T01:34:07.740+0300] {dagbag.py:532} INFO - Filling up the DagBag from /home/vladimir/.local/lib/python3.10/site-packages/airflow/example_dags/example_nested_branch_dag.py
[2023-04-23T01:34:07.758+0300] {processor.py:753} INFO - DAG(s) dict_keys(['example_nested_branch_dag']) retrieved from /home/vladimir/.local/lib/python3.10/site-packages/airflow/example_dags/example_nested_branch_dag.py
[2023-04-23T01:34:07.774+0300] {logging_mixin.py:137} INFO - [2023-04-23T01:34:07.774+0300] {dag.py:2705} INFO - Sync 1 DAGs
[2023-04-23T01:34:07.788+0300] {logging_mixin.py:137} INFO - [2023-04-23T01:34:07.788+0300] {dag.py:3452} INFO - Setting next_dagrun for example_nested_branch_dag to 2023-04-21T00:00:00+00:00, run_after=2023-04-22T00:00:00+00:00
[2023-04-23T01:34:07.800+0300] {processor.py:175} INFO - Processing /home/vladimir/.local/lib/python3.10/site-packages/airflow/example_dags/example_nested_branch_dag.py took 0.064 seconds
[2023-04-23T01:34:53.141+0300] {processor.py:153} INFO - Started process (PID=4954) to work on /home/vladimir/.local/lib/python3.10/site-packages/airflow/example_dags/example_nested_branch_dag.py
[2023-04-23T01:34:53.142+0300] {processor.py:743} INFO - Processing file /home/vladimir/.local/lib/python3.10/site-packages/airflow/example_dags/example_nested_branch_dag.py for tasks to queue
[2023-04-23T01:34:53.143+0300] {logging_mixin.py:137} INFO - [2023-04-23T01:34:53.143+0300] {dagbag.py:532} INFO - Filling up the DagBag from /home/vladimir/.local/lib/python3.10/site-packages/airflow/example_dags/example_nested_branch_dag.py
[2023-04-23T01:34:53.162+0300] {processor.py:753} INFO - DAG(s) dict_keys(['example_nested_branch_dag']) retrieved from /home/vladimir/.local/lib/python3.10/site-packages/airflow/example_dags/example_nested_branch_dag.py
[2023-04-23T01:34:53.176+0300] {logging_mixin.py:137} INFO - [2023-04-23T01:34:53.176+0300] {dag.py:2705} INFO - Sync 1 DAGs
[2023-04-23T01:34:53.188+0300] {logging_mixin.py:137} INFO - [2023-04-23T01:34:53.188+0300] {dag.py:3452} INFO - Setting next_dagrun for example_nested_branch_dag to 2023-04-21T00:00:00+00:00, run_after=2023-04-22T00:00:00+00:00
[2023-04-23T01:34:53.200+0300] {processor.py:175} INFO - Processing /home/vladimir/.local/lib/python3.10/site-packages/airflow/example_dags/example_nested_branch_dag.py took 0.061 seconds
