[2023-04-22T22:50:41.682+0300] {processor.py:153} INFO - Started process (PID=11432) to work on /home/vladimir/.local/lib/python3.10/site-packages/airflow/example_dags/example_branch_datetime_operator.py
[2023-04-22T22:50:41.682+0300] {processor.py:743} INFO - Processing file /home/vladimir/.local/lib/python3.10/site-packages/airflow/example_dags/example_branch_datetime_operator.py for tasks to queue
[2023-04-22T22:50:41.683+0300] {logging_mixin.py:137} INFO - [2023-04-22T22:50:41.683+0300] {dagbag.py:532} INFO - Filling up the DagBag from /home/vladimir/.local/lib/python3.10/site-packages/airflow/example_dags/example_branch_datetime_operator.py
[2023-04-22T22:50:41.719+0300] {processor.py:753} INFO - DAG(s) dict_keys(['example_branch_datetime_operator', 'example_branch_datetime_operator_2', 'example_branch_datetime_operator_3']) retrieved from /home/vladimir/.local/lib/python3.10/site-packages/airflow/example_dags/example_branch_datetime_operator.py
[2023-04-22T22:50:41.783+0300] {logging_mixin.py:137} INFO - [2023-04-22T22:50:41.783+0300] {manager.py:504} INFO - Created Permission View: can delete on DAG:example_branch_datetime_operator
[2023-04-22T22:50:41.788+0300] {logging_mixin.py:137} INFO - [2023-04-22T22:50:41.788+0300] {manager.py:504} INFO - Created Permission View: can read on DAG:example_branch_datetime_operator
[2023-04-22T22:50:41.792+0300] {logging_mixin.py:137} INFO - [2023-04-22T22:50:41.792+0300] {manager.py:504} INFO - Created Permission View: can edit on DAG:example_branch_datetime_operator
[2023-04-22T22:50:41.801+0300] {logging_mixin.py:137} INFO - [2023-04-22T22:50:41.801+0300] {manager.py:504} INFO - Created Permission View: can delete on DAG:example_branch_datetime_operator_2
[2023-04-22T22:50:41.805+0300] {logging_mixin.py:137} INFO - [2023-04-22T22:50:41.805+0300] {manager.py:504} INFO - Created Permission View: can read on DAG:example_branch_datetime_operator_2
[2023-04-22T22:50:41.810+0300] {logging_mixin.py:137} INFO - [2023-04-22T22:50:41.809+0300] {manager.py:504} INFO - Created Permission View: can edit on DAG:example_branch_datetime_operator_2
[2023-04-22T22:50:41.819+0300] {logging_mixin.py:137} INFO - [2023-04-22T22:50:41.819+0300] {manager.py:504} INFO - Created Permission View: can delete on DAG:example_branch_datetime_operator_3
[2023-04-22T22:50:41.824+0300] {logging_mixin.py:137} INFO - [2023-04-22T22:50:41.823+0300] {manager.py:504} INFO - Created Permission View: can read on DAG:example_branch_datetime_operator_3
[2023-04-22T22:50:41.828+0300] {logging_mixin.py:137} INFO - [2023-04-22T22:50:41.828+0300] {manager.py:504} INFO - Created Permission View: can edit on DAG:example_branch_datetime_operator_3
[2023-04-22T22:50:41.828+0300] {logging_mixin.py:137} INFO - [2023-04-22T22:50:41.828+0300] {dag.py:2705} INFO - Sync 3 DAGs
[2023-04-22T22:50:41.836+0300] {logging_mixin.py:137} INFO - [2023-04-22T22:50:41.836+0300] {dag.py:2726} INFO - Creating ORM DAG for example_branch_datetime_operator
[2023-04-22T22:50:41.836+0300] {logging_mixin.py:137} INFO - [2023-04-22T22:50:41.836+0300] {dag.py:2726} INFO - Creating ORM DAG for example_branch_datetime_operator_2
[2023-04-22T22:50:41.836+0300] {logging_mixin.py:137} INFO - [2023-04-22T22:50:41.836+0300] {dag.py:2726} INFO - Creating ORM DAG for example_branch_datetime_operator_3
[2023-04-22T22:50:41.843+0300] {logging_mixin.py:137} INFO - [2023-04-22T22:50:41.843+0300] {dag.py:3452} INFO - Setting next_dagrun for example_branch_datetime_operator to 2023-04-21T00:00:00+00:00, run_after=2023-04-22T00:00:00+00:00
[2023-04-22T22:50:41.844+0300] {logging_mixin.py:137} INFO - [2023-04-22T22:50:41.844+0300] {dag.py:3452} INFO - Setting next_dagrun for example_branch_datetime_operator_2 to 2023-04-21T00:00:00+00:00, run_after=2023-04-22T00:00:00+00:00
[2023-04-22T22:50:41.845+0300] {logging_mixin.py:137} INFO - [2023-04-22T22:50:41.845+0300] {dag.py:3452} INFO - Setting next_dagrun for example_branch_datetime_operator_3 to 2023-04-21T00:00:00+00:00, run_after=2023-04-22T00:00:00+00:00
[2023-04-22T22:50:41.856+0300] {processor.py:175} INFO - Processing /home/vladimir/.local/lib/python3.10/site-packages/airflow/example_dags/example_branch_datetime_operator.py took 0.177 seconds
[2023-04-22T22:51:31.919+0300] {processor.py:153} INFO - Started process (PID=11551) to work on /home/vladimir/.local/lib/python3.10/site-packages/airflow/example_dags/example_branch_datetime_operator.py
[2023-04-22T22:51:31.919+0300] {processor.py:743} INFO - Processing file /home/vladimir/.local/lib/python3.10/site-packages/airflow/example_dags/example_branch_datetime_operator.py for tasks to queue
[2023-04-22T22:51:31.920+0300] {logging_mixin.py:137} INFO - [2023-04-22T22:51:31.920+0300] {dagbag.py:532} INFO - Filling up the DagBag from /home/vladimir/.local/lib/python3.10/site-packages/airflow/example_dags/example_branch_datetime_operator.py
[2023-04-22T22:51:31.932+0300] {processor.py:753} INFO - DAG(s) dict_keys(['example_branch_datetime_operator', 'example_branch_datetime_operator_3', 'example_branch_datetime_operator_2']) retrieved from /home/vladimir/.local/lib/python3.10/site-packages/airflow/example_dags/example_branch_datetime_operator.py
[2023-04-22T22:51:31.948+0300] {logging_mixin.py:137} INFO - [2023-04-22T22:51:31.948+0300] {dag.py:2705} INFO - Sync 3 DAGs
[2023-04-22T22:51:31.961+0300] {logging_mixin.py:137} INFO - [2023-04-22T22:51:31.961+0300] {dag.py:3452} INFO - Setting next_dagrun for example_branch_datetime_operator to 2023-04-21T00:00:00+00:00, run_after=2023-04-22T00:00:00+00:00
[2023-04-22T22:51:31.963+0300] {logging_mixin.py:137} INFO - [2023-04-22T22:51:31.963+0300] {dag.py:3452} INFO - Setting next_dagrun for example_branch_datetime_operator_2 to 2023-04-21T00:00:00+00:00, run_after=2023-04-22T00:00:00+00:00
[2023-04-22T22:51:31.964+0300] {logging_mixin.py:137} INFO - [2023-04-22T22:51:31.964+0300] {dag.py:3452} INFO - Setting next_dagrun for example_branch_datetime_operator_3 to 2023-04-21T00:00:00+00:00, run_after=2023-04-22T00:00:00+00:00
[2023-04-22T22:51:31.974+0300] {processor.py:175} INFO - Processing /home/vladimir/.local/lib/python3.10/site-packages/airflow/example_dags/example_branch_datetime_operator.py took 0.057 seconds
[2023-04-22T22:52:15.898+0300] {processor.py:153} INFO - Started process (PID=11631) to work on /home/vladimir/.local/lib/python3.10/site-packages/airflow/example_dags/example_branch_datetime_operator.py
[2023-04-22T22:52:15.899+0300] {processor.py:743} INFO - Processing file /home/vladimir/.local/lib/python3.10/site-packages/airflow/example_dags/example_branch_datetime_operator.py for tasks to queue
[2023-04-22T22:52:15.899+0300] {logging_mixin.py:137} INFO - [2023-04-22T22:52:15.899+0300] {dagbag.py:532} INFO - Filling up the DagBag from /home/vladimir/.local/lib/python3.10/site-packages/airflow/example_dags/example_branch_datetime_operator.py
[2023-04-22T22:52:15.913+0300] {processor.py:753} INFO - DAG(s) dict_keys(['example_branch_datetime_operator_3', 'example_branch_datetime_operator_2', 'example_branch_datetime_operator']) retrieved from /home/vladimir/.local/lib/python3.10/site-packages/airflow/example_dags/example_branch_datetime_operator.py
[2023-04-22T22:52:15.931+0300] {logging_mixin.py:137} INFO - [2023-04-22T22:52:15.931+0300] {dag.py:2705} INFO - Sync 3 DAGs
[2023-04-22T22:52:15.944+0300] {logging_mixin.py:137} INFO - [2023-04-22T22:52:15.944+0300] {dag.py:3452} INFO - Setting next_dagrun for example_branch_datetime_operator to 2023-04-21T00:00:00+00:00, run_after=2023-04-22T00:00:00+00:00
[2023-04-22T22:52:15.946+0300] {logging_mixin.py:137} INFO - [2023-04-22T22:52:15.946+0300] {dag.py:3452} INFO - Setting next_dagrun for example_branch_datetime_operator_2 to 2023-04-21T00:00:00+00:00, run_after=2023-04-22T00:00:00+00:00
[2023-04-22T22:52:15.948+0300] {logging_mixin.py:137} INFO - [2023-04-22T22:52:15.948+0300] {dag.py:3452} INFO - Setting next_dagrun for example_branch_datetime_operator_3 to 2023-04-21T00:00:00+00:00, run_after=2023-04-22T00:00:00+00:00
[2023-04-22T22:52:15.960+0300] {processor.py:175} INFO - Processing /home/vladimir/.local/lib/python3.10/site-packages/airflow/example_dags/example_branch_datetime_operator.py took 0.064 seconds
[2023-04-22T22:53:03.559+0300] {processor.py:153} INFO - Started process (PID=11693) to work on /home/vladimir/.local/lib/python3.10/site-packages/airflow/example_dags/example_branch_datetime_operator.py
[2023-04-22T22:53:03.560+0300] {processor.py:743} INFO - Processing file /home/vladimir/.local/lib/python3.10/site-packages/airflow/example_dags/example_branch_datetime_operator.py for tasks to queue
[2023-04-22T22:53:03.560+0300] {logging_mixin.py:137} INFO - [2023-04-22T22:53:03.560+0300] {dagbag.py:532} INFO - Filling up the DagBag from /home/vladimir/.local/lib/python3.10/site-packages/airflow/example_dags/example_branch_datetime_operator.py
[2023-04-22T22:53:03.573+0300] {processor.py:753} INFO - DAG(s) dict_keys(['example_branch_datetime_operator_3', 'example_branch_datetime_operator', 'example_branch_datetime_operator_2']) retrieved from /home/vladimir/.local/lib/python3.10/site-packages/airflow/example_dags/example_branch_datetime_operator.py
[2023-04-22T22:53:03.592+0300] {logging_mixin.py:137} INFO - [2023-04-22T22:53:03.592+0300] {dag.py:2705} INFO - Sync 3 DAGs
[2023-04-22T22:53:03.606+0300] {logging_mixin.py:137} INFO - [2023-04-22T22:53:03.606+0300] {dag.py:3452} INFO - Setting next_dagrun for example_branch_datetime_operator to 2023-04-21T00:00:00+00:00, run_after=2023-04-22T00:00:00+00:00
[2023-04-22T22:53:03.609+0300] {logging_mixin.py:137} INFO - [2023-04-22T22:53:03.609+0300] {dag.py:3452} INFO - Setting next_dagrun for example_branch_datetime_operator_2 to 2023-04-21T00:00:00+00:00, run_after=2023-04-22T00:00:00+00:00
[2023-04-22T22:53:03.611+0300] {logging_mixin.py:137} INFO - [2023-04-22T22:53:03.611+0300] {dag.py:3452} INFO - Setting next_dagrun for example_branch_datetime_operator_3 to 2023-04-21T00:00:00+00:00, run_after=2023-04-22T00:00:00+00:00
[2023-04-22T22:53:03.622+0300] {processor.py:175} INFO - Processing /home/vladimir/.local/lib/python3.10/site-packages/airflow/example_dags/example_branch_datetime_operator.py took 0.066 seconds
[2023-04-22T22:53:51.818+0300] {processor.py:153} INFO - Started process (PID=11761) to work on /home/vladimir/.local/lib/python3.10/site-packages/airflow/example_dags/example_branch_datetime_operator.py
[2023-04-22T22:53:51.819+0300] {processor.py:743} INFO - Processing file /home/vladimir/.local/lib/python3.10/site-packages/airflow/example_dags/example_branch_datetime_operator.py for tasks to queue
[2023-04-22T22:53:51.819+0300] {logging_mixin.py:137} INFO - [2023-04-22T22:53:51.819+0300] {dagbag.py:532} INFO - Filling up the DagBag from /home/vladimir/.local/lib/python3.10/site-packages/airflow/example_dags/example_branch_datetime_operator.py
[2023-04-22T22:53:51.831+0300] {processor.py:753} INFO - DAG(s) dict_keys(['example_branch_datetime_operator_2', 'example_branch_datetime_operator', 'example_branch_datetime_operator_3']) retrieved from /home/vladimir/.local/lib/python3.10/site-packages/airflow/example_dags/example_branch_datetime_operator.py
[2023-04-22T22:53:51.849+0300] {logging_mixin.py:137} INFO - [2023-04-22T22:53:51.849+0300] {dag.py:2705} INFO - Sync 3 DAGs
[2023-04-22T22:53:51.870+0300] {logging_mixin.py:137} INFO - [2023-04-22T22:53:51.870+0300] {dag.py:3452} INFO - Setting next_dagrun for example_branch_datetime_operator to 2023-04-21T00:00:00+00:00, run_after=2023-04-22T00:00:00+00:00
[2023-04-22T22:53:51.873+0300] {logging_mixin.py:137} INFO - [2023-04-22T22:53:51.873+0300] {dag.py:3452} INFO - Setting next_dagrun for example_branch_datetime_operator_2 to 2023-04-21T00:00:00+00:00, run_after=2023-04-22T00:00:00+00:00
[2023-04-22T22:53:51.874+0300] {logging_mixin.py:137} INFO - [2023-04-22T22:53:51.874+0300] {dag.py:3452} INFO - Setting next_dagrun for example_branch_datetime_operator_3 to 2023-04-21T00:00:00+00:00, run_after=2023-04-22T00:00:00+00:00
[2023-04-22T22:53:51.887+0300] {processor.py:175} INFO - Processing /home/vladimir/.local/lib/python3.10/site-packages/airflow/example_dags/example_branch_datetime_operator.py took 0.071 seconds
[2023-04-22T22:54:34.615+0300] {processor.py:153} INFO - Started process (PID=11823) to work on /home/vladimir/.local/lib/python3.10/site-packages/airflow/example_dags/example_branch_datetime_operator.py
[2023-04-22T22:54:34.616+0300] {processor.py:743} INFO - Processing file /home/vladimir/.local/lib/python3.10/site-packages/airflow/example_dags/example_branch_datetime_operator.py for tasks to queue
[2023-04-22T22:54:34.616+0300] {logging_mixin.py:137} INFO - [2023-04-22T22:54:34.616+0300] {dagbag.py:532} INFO - Filling up the DagBag from /home/vladimir/.local/lib/python3.10/site-packages/airflow/example_dags/example_branch_datetime_operator.py
[2023-04-22T22:54:34.628+0300] {processor.py:753} INFO - DAG(s) dict_keys(['example_branch_datetime_operator_3', 'example_branch_datetime_operator_2', 'example_branch_datetime_operator']) retrieved from /home/vladimir/.local/lib/python3.10/site-packages/airflow/example_dags/example_branch_datetime_operator.py
[2023-04-22T22:54:34.644+0300] {logging_mixin.py:137} INFO - [2023-04-22T22:54:34.644+0300] {dag.py:2705} INFO - Sync 3 DAGs
[2023-04-22T22:54:34.661+0300] {logging_mixin.py:137} INFO - [2023-04-22T22:54:34.660+0300] {dag.py:3452} INFO - Setting next_dagrun for example_branch_datetime_operator to 2023-04-21T00:00:00+00:00, run_after=2023-04-22T00:00:00+00:00
[2023-04-22T22:54:34.664+0300] {logging_mixin.py:137} INFO - [2023-04-22T22:54:34.664+0300] {dag.py:3452} INFO - Setting next_dagrun for example_branch_datetime_operator_2 to 2023-04-21T00:00:00+00:00, run_after=2023-04-22T00:00:00+00:00
[2023-04-22T22:54:34.665+0300] {logging_mixin.py:137} INFO - [2023-04-22T22:54:34.665+0300] {dag.py:3452} INFO - Setting next_dagrun for example_branch_datetime_operator_3 to 2023-04-21T00:00:00+00:00, run_after=2023-04-22T00:00:00+00:00
[2023-04-22T22:54:34.676+0300] {processor.py:175} INFO - Processing /home/vladimir/.local/lib/python3.10/site-packages/airflow/example_dags/example_branch_datetime_operator.py took 0.063 seconds
[2023-04-22T22:55:17.158+0300] {processor.py:153} INFO - Started process (PID=11896) to work on /home/vladimir/.local/lib/python3.10/site-packages/airflow/example_dags/example_branch_datetime_operator.py
[2023-04-22T22:55:17.159+0300] {processor.py:743} INFO - Processing file /home/vladimir/.local/lib/python3.10/site-packages/airflow/example_dags/example_branch_datetime_operator.py for tasks to queue
[2023-04-22T22:55:17.160+0300] {logging_mixin.py:137} INFO - [2023-04-22T22:55:17.159+0300] {dagbag.py:532} INFO - Filling up the DagBag from /home/vladimir/.local/lib/python3.10/site-packages/airflow/example_dags/example_branch_datetime_operator.py
[2023-04-22T22:55:17.170+0300] {processor.py:753} INFO - DAG(s) dict_keys(['example_branch_datetime_operator_2', 'example_branch_datetime_operator', 'example_branch_datetime_operator_3']) retrieved from /home/vladimir/.local/lib/python3.10/site-packages/airflow/example_dags/example_branch_datetime_operator.py
[2023-04-22T22:55:17.186+0300] {logging_mixin.py:137} INFO - [2023-04-22T22:55:17.186+0300] {dag.py:2705} INFO - Sync 3 DAGs
[2023-04-22T22:55:17.199+0300] {logging_mixin.py:137} INFO - [2023-04-22T22:55:17.198+0300] {dag.py:3452} INFO - Setting next_dagrun for example_branch_datetime_operator to 2023-04-21T00:00:00+00:00, run_after=2023-04-22T00:00:00+00:00
[2023-04-22T22:55:17.201+0300] {logging_mixin.py:137} INFO - [2023-04-22T22:55:17.201+0300] {dag.py:3452} INFO - Setting next_dagrun for example_branch_datetime_operator_2 to 2023-04-21T00:00:00+00:00, run_after=2023-04-22T00:00:00+00:00
[2023-04-22T22:55:17.202+0300] {logging_mixin.py:137} INFO - [2023-04-22T22:55:17.202+0300] {dag.py:3452} INFO - Setting next_dagrun for example_branch_datetime_operator_3 to 2023-04-21T00:00:00+00:00, run_after=2023-04-22T00:00:00+00:00
[2023-04-22T22:55:17.212+0300] {processor.py:175} INFO - Processing /home/vladimir/.local/lib/python3.10/site-packages/airflow/example_dags/example_branch_datetime_operator.py took 0.056 seconds
[2023-04-22T22:56:05.634+0300] {processor.py:153} INFO - Started process (PID=11951) to work on /home/vladimir/.local/lib/python3.10/site-packages/airflow/example_dags/example_branch_datetime_operator.py
[2023-04-22T22:56:05.635+0300] {processor.py:743} INFO - Processing file /home/vladimir/.local/lib/python3.10/site-packages/airflow/example_dags/example_branch_datetime_operator.py for tasks to queue
[2023-04-22T22:56:05.636+0300] {logging_mixin.py:137} INFO - [2023-04-22T22:56:05.636+0300] {dagbag.py:532} INFO - Filling up the DagBag from /home/vladimir/.local/lib/python3.10/site-packages/airflow/example_dags/example_branch_datetime_operator.py
[2023-04-22T22:56:05.651+0300] {processor.py:753} INFO - DAG(s) dict_keys(['example_branch_datetime_operator_2', 'example_branch_datetime_operator', 'example_branch_datetime_operator_3']) retrieved from /home/vladimir/.local/lib/python3.10/site-packages/airflow/example_dags/example_branch_datetime_operator.py
[2023-04-22T22:56:05.671+0300] {logging_mixin.py:137} INFO - [2023-04-22T22:56:05.671+0300] {dag.py:2705} INFO - Sync 3 DAGs
[2023-04-22T22:56:05.687+0300] {logging_mixin.py:137} INFO - [2023-04-22T22:56:05.687+0300] {dag.py:3452} INFO - Setting next_dagrun for example_branch_datetime_operator to 2023-04-21T00:00:00+00:00, run_after=2023-04-22T00:00:00+00:00
[2023-04-22T22:56:05.691+0300] {logging_mixin.py:137} INFO - [2023-04-22T22:56:05.691+0300] {dag.py:3452} INFO - Setting next_dagrun for example_branch_datetime_operator_2 to 2023-04-21T00:00:00+00:00, run_after=2023-04-22T00:00:00+00:00
[2023-04-22T22:56:05.693+0300] {logging_mixin.py:137} INFO - [2023-04-22T22:56:05.693+0300] {dag.py:3452} INFO - Setting next_dagrun for example_branch_datetime_operator_3 to 2023-04-21T00:00:00+00:00, run_after=2023-04-22T00:00:00+00:00
[2023-04-22T22:56:05.705+0300] {processor.py:175} INFO - Processing /home/vladimir/.local/lib/python3.10/site-packages/airflow/example_dags/example_branch_datetime_operator.py took 0.073 seconds
[2023-04-23T01:29:23.489+0300] {processor.py:153} INFO - Started process (PID=4431) to work on /home/vladimir/.local/lib/python3.10/site-packages/airflow/example_dags/example_branch_datetime_operator.py
[2023-04-23T01:29:23.502+0300] {processor.py:743} INFO - Processing file /home/vladimir/.local/lib/python3.10/site-packages/airflow/example_dags/example_branch_datetime_operator.py for tasks to queue
[2023-04-23T01:29:23.503+0300] {logging_mixin.py:137} INFO - [2023-04-23T01:29:23.502+0300] {dagbag.py:532} INFO - Filling up the DagBag from /home/vladimir/.local/lib/python3.10/site-packages/airflow/example_dags/example_branch_datetime_operator.py
[2023-04-23T01:29:23.533+0300] {processor.py:753} INFO - DAG(s) dict_keys(['example_branch_datetime_operator_2', 'example_branch_datetime_operator_3', 'example_branch_datetime_operator']) retrieved from /home/vladimir/.local/lib/python3.10/site-packages/airflow/example_dags/example_branch_datetime_operator.py
[2023-04-23T01:29:23.553+0300] {logging_mixin.py:137} INFO - [2023-04-23T01:29:23.553+0300] {dag.py:2705} INFO - Sync 3 DAGs
[2023-04-23T01:29:23.567+0300] {logging_mixin.py:137} INFO - [2023-04-23T01:29:23.567+0300] {dag.py:3452} INFO - Setting next_dagrun for example_branch_datetime_operator to 2023-04-21T00:00:00+00:00, run_after=2023-04-22T00:00:00+00:00
[2023-04-23T01:29:23.570+0300] {logging_mixin.py:137} INFO - [2023-04-23T01:29:23.570+0300] {dag.py:3452} INFO - Setting next_dagrun for example_branch_datetime_operator_2 to 2023-04-21T00:00:00+00:00, run_after=2023-04-22T00:00:00+00:00
[2023-04-23T01:29:23.571+0300] {logging_mixin.py:137} INFO - [2023-04-23T01:29:23.571+0300] {dag.py:3452} INFO - Setting next_dagrun for example_branch_datetime_operator_3 to 2023-04-21T00:00:00+00:00, run_after=2023-04-22T00:00:00+00:00
[2023-04-23T01:29:23.584+0300] {processor.py:175} INFO - Processing /home/vladimir/.local/lib/python3.10/site-packages/airflow/example_dags/example_branch_datetime_operator.py took 0.097 seconds
[2023-04-23T01:30:07.807+0300] {processor.py:153} INFO - Started process (PID=4488) to work on /home/vladimir/.local/lib/python3.10/site-packages/airflow/example_dags/example_branch_datetime_operator.py
[2023-04-23T01:30:07.808+0300] {processor.py:743} INFO - Processing file /home/vladimir/.local/lib/python3.10/site-packages/airflow/example_dags/example_branch_datetime_operator.py for tasks to queue
[2023-04-23T01:30:07.809+0300] {logging_mixin.py:137} INFO - [2023-04-23T01:30:07.809+0300] {dagbag.py:532} INFO - Filling up the DagBag from /home/vladimir/.local/lib/python3.10/site-packages/airflow/example_dags/example_branch_datetime_operator.py
[2023-04-23T01:30:07.821+0300] {processor.py:753} INFO - DAG(s) dict_keys(['example_branch_datetime_operator_2', 'example_branch_datetime_operator_3', 'example_branch_datetime_operator']) retrieved from /home/vladimir/.local/lib/python3.10/site-packages/airflow/example_dags/example_branch_datetime_operator.py
[2023-04-23T01:30:07.840+0300] {logging_mixin.py:137} INFO - [2023-04-23T01:30:07.840+0300] {dag.py:2705} INFO - Sync 3 DAGs
[2023-04-23T01:30:07.854+0300] {logging_mixin.py:137} INFO - [2023-04-23T01:30:07.854+0300] {dag.py:3452} INFO - Setting next_dagrun for example_branch_datetime_operator to 2023-04-21T00:00:00+00:00, run_after=2023-04-22T00:00:00+00:00
[2023-04-23T01:30:07.856+0300] {logging_mixin.py:137} INFO - [2023-04-23T01:30:07.856+0300] {dag.py:3452} INFO - Setting next_dagrun for example_branch_datetime_operator_2 to 2023-04-21T00:00:00+00:00, run_after=2023-04-22T00:00:00+00:00
[2023-04-23T01:30:07.858+0300] {logging_mixin.py:137} INFO - [2023-04-23T01:30:07.858+0300] {dag.py:3452} INFO - Setting next_dagrun for example_branch_datetime_operator_3 to 2023-04-21T00:00:00+00:00, run_after=2023-04-22T00:00:00+00:00
[2023-04-23T01:30:07.869+0300] {processor.py:175} INFO - Processing /home/vladimir/.local/lib/python3.10/site-packages/airflow/example_dags/example_branch_datetime_operator.py took 0.064 seconds
[2023-04-23T01:30:50.647+0300] {processor.py:153} INFO - Started process (PID=4576) to work on /home/vladimir/.local/lib/python3.10/site-packages/airflow/example_dags/example_branch_datetime_operator.py
[2023-04-23T01:30:50.648+0300] {processor.py:743} INFO - Processing file /home/vladimir/.local/lib/python3.10/site-packages/airflow/example_dags/example_branch_datetime_operator.py for tasks to queue
[2023-04-23T01:30:50.648+0300] {logging_mixin.py:137} INFO - [2023-04-23T01:30:50.648+0300] {dagbag.py:532} INFO - Filling up the DagBag from /home/vladimir/.local/lib/python3.10/site-packages/airflow/example_dags/example_branch_datetime_operator.py
[2023-04-23T01:30:50.660+0300] {processor.py:753} INFO - DAG(s) dict_keys(['example_branch_datetime_operator_2', 'example_branch_datetime_operator', 'example_branch_datetime_operator_3']) retrieved from /home/vladimir/.local/lib/python3.10/site-packages/airflow/example_dags/example_branch_datetime_operator.py
[2023-04-23T01:30:50.678+0300] {logging_mixin.py:137} INFO - [2023-04-23T01:30:50.678+0300] {dag.py:2705} INFO - Sync 3 DAGs
[2023-04-23T01:30:50.691+0300] {logging_mixin.py:137} INFO - [2023-04-23T01:30:50.691+0300] {dag.py:3452} INFO - Setting next_dagrun for example_branch_datetime_operator to 2023-04-21T00:00:00+00:00, run_after=2023-04-22T00:00:00+00:00
[2023-04-23T01:30:50.694+0300] {logging_mixin.py:137} INFO - [2023-04-23T01:30:50.694+0300] {dag.py:3452} INFO - Setting next_dagrun for example_branch_datetime_operator_2 to 2023-04-21T00:00:00+00:00, run_after=2023-04-22T00:00:00+00:00
[2023-04-23T01:30:50.695+0300] {logging_mixin.py:137} INFO - [2023-04-23T01:30:50.695+0300] {dag.py:3452} INFO - Setting next_dagrun for example_branch_datetime_operator_3 to 2023-04-21T00:00:00+00:00, run_after=2023-04-22T00:00:00+00:00
[2023-04-23T01:30:50.705+0300] {processor.py:175} INFO - Processing /home/vladimir/.local/lib/python3.10/site-packages/airflow/example_dags/example_branch_datetime_operator.py took 0.060 seconds
[2023-04-23T01:31:35.931+0300] {processor.py:153} INFO - Started process (PID=4641) to work on /home/vladimir/.local/lib/python3.10/site-packages/airflow/example_dags/example_branch_datetime_operator.py
[2023-04-23T01:31:35.931+0300] {processor.py:743} INFO - Processing file /home/vladimir/.local/lib/python3.10/site-packages/airflow/example_dags/example_branch_datetime_operator.py for tasks to queue
[2023-04-23T01:31:35.932+0300] {logging_mixin.py:137} INFO - [2023-04-23T01:31:35.932+0300] {dagbag.py:532} INFO - Filling up the DagBag from /home/vladimir/.local/lib/python3.10/site-packages/airflow/example_dags/example_branch_datetime_operator.py
[2023-04-23T01:31:35.946+0300] {processor.py:753} INFO - DAG(s) dict_keys(['example_branch_datetime_operator_3', 'example_branch_datetime_operator_2', 'example_branch_datetime_operator']) retrieved from /home/vladimir/.local/lib/python3.10/site-packages/airflow/example_dags/example_branch_datetime_operator.py
[2023-04-23T01:31:35.967+0300] {logging_mixin.py:137} INFO - [2023-04-23T01:31:35.967+0300] {dag.py:2705} INFO - Sync 3 DAGs
[2023-04-23T01:31:35.981+0300] {logging_mixin.py:137} INFO - [2023-04-23T01:31:35.981+0300] {dag.py:3452} INFO - Setting next_dagrun for example_branch_datetime_operator to 2023-04-21T00:00:00+00:00, run_after=2023-04-22T00:00:00+00:00
[2023-04-23T01:31:35.984+0300] {logging_mixin.py:137} INFO - [2023-04-23T01:31:35.984+0300] {dag.py:3452} INFO - Setting next_dagrun for example_branch_datetime_operator_2 to 2023-04-21T00:00:00+00:00, run_after=2023-04-22T00:00:00+00:00
[2023-04-23T01:31:35.985+0300] {logging_mixin.py:137} INFO - [2023-04-23T01:31:35.985+0300] {dag.py:3452} INFO - Setting next_dagrun for example_branch_datetime_operator_3 to 2023-04-21T00:00:00+00:00, run_after=2023-04-22T00:00:00+00:00
[2023-04-23T01:31:35.996+0300] {processor.py:175} INFO - Processing /home/vladimir/.local/lib/python3.10/site-packages/airflow/example_dags/example_branch_datetime_operator.py took 0.068 seconds
[2023-04-23T01:32:17.250+0300] {processor.py:153} INFO - Started process (PID=4689) to work on /home/vladimir/.local/lib/python3.10/site-packages/airflow/example_dags/example_branch_datetime_operator.py
[2023-04-23T01:32:17.251+0300] {processor.py:743} INFO - Processing file /home/vladimir/.local/lib/python3.10/site-packages/airflow/example_dags/example_branch_datetime_operator.py for tasks to queue
[2023-04-23T01:32:17.252+0300] {logging_mixin.py:137} INFO - [2023-04-23T01:32:17.251+0300] {dagbag.py:532} INFO - Filling up the DagBag from /home/vladimir/.local/lib/python3.10/site-packages/airflow/example_dags/example_branch_datetime_operator.py
[2023-04-23T01:32:17.264+0300] {processor.py:753} INFO - DAG(s) dict_keys(['example_branch_datetime_operator_2', 'example_branch_datetime_operator_3', 'example_branch_datetime_operator']) retrieved from /home/vladimir/.local/lib/python3.10/site-packages/airflow/example_dags/example_branch_datetime_operator.py
[2023-04-23T01:32:17.280+0300] {logging_mixin.py:137} INFO - [2023-04-23T01:32:17.280+0300] {dag.py:2705} INFO - Sync 3 DAGs
[2023-04-23T01:32:17.293+0300] {logging_mixin.py:137} INFO - [2023-04-23T01:32:17.293+0300] {dag.py:3452} INFO - Setting next_dagrun for example_branch_datetime_operator to 2023-04-21T00:00:00+00:00, run_after=2023-04-22T00:00:00+00:00
[2023-04-23T01:32:17.295+0300] {logging_mixin.py:137} INFO - [2023-04-23T01:32:17.295+0300] {dag.py:3452} INFO - Setting next_dagrun for example_branch_datetime_operator_2 to 2023-04-21T00:00:00+00:00, run_after=2023-04-22T00:00:00+00:00
[2023-04-23T01:32:17.296+0300] {logging_mixin.py:137} INFO - [2023-04-23T01:32:17.296+0300] {dag.py:3452} INFO - Setting next_dagrun for example_branch_datetime_operator_3 to 2023-04-21T00:00:00+00:00, run_after=2023-04-22T00:00:00+00:00
[2023-04-23T01:32:17.311+0300] {processor.py:175} INFO - Processing /home/vladimir/.local/lib/python3.10/site-packages/airflow/example_dags/example_branch_datetime_operator.py took 0.063 seconds
[2023-04-23T01:33:09.010+0300] {processor.py:153} INFO - Started process (PID=4770) to work on /home/vladimir/.local/lib/python3.10/site-packages/airflow/example_dags/example_branch_datetime_operator.py
[2023-04-23T01:33:09.011+0300] {processor.py:743} INFO - Processing file /home/vladimir/.local/lib/python3.10/site-packages/airflow/example_dags/example_branch_datetime_operator.py for tasks to queue
[2023-04-23T01:33:09.011+0300] {logging_mixin.py:137} INFO - [2023-04-23T01:33:09.011+0300] {dagbag.py:532} INFO - Filling up the DagBag from /home/vladimir/.local/lib/python3.10/site-packages/airflow/example_dags/example_branch_datetime_operator.py
[2023-04-23T01:33:09.023+0300] {processor.py:753} INFO - DAG(s) dict_keys(['example_branch_datetime_operator', 'example_branch_datetime_operator_3', 'example_branch_datetime_operator_2']) retrieved from /home/vladimir/.local/lib/python3.10/site-packages/airflow/example_dags/example_branch_datetime_operator.py
[2023-04-23T01:33:09.039+0300] {logging_mixin.py:137} INFO - [2023-04-23T01:33:09.039+0300] {dag.py:2705} INFO - Sync 3 DAGs
[2023-04-23T01:33:09.053+0300] {logging_mixin.py:137} INFO - [2023-04-23T01:33:09.053+0300] {dag.py:3452} INFO - Setting next_dagrun for example_branch_datetime_operator to 2023-04-21T00:00:00+00:00, run_after=2023-04-22T00:00:00+00:00
[2023-04-23T01:33:09.055+0300] {logging_mixin.py:137} INFO - [2023-04-23T01:33:09.055+0300] {dag.py:3452} INFO - Setting next_dagrun for example_branch_datetime_operator_2 to 2023-04-21T00:00:00+00:00, run_after=2023-04-22T00:00:00+00:00
[2023-04-23T01:33:09.057+0300] {logging_mixin.py:137} INFO - [2023-04-23T01:33:09.057+0300] {dag.py:3452} INFO - Setting next_dagrun for example_branch_datetime_operator_3 to 2023-04-21T00:00:00+00:00, run_after=2023-04-22T00:00:00+00:00
[2023-04-23T01:33:09.068+0300] {processor.py:175} INFO - Processing /home/vladimir/.local/lib/python3.10/site-packages/airflow/example_dags/example_branch_datetime_operator.py took 0.060 seconds
[2023-04-23T01:33:50.784+0300] {processor.py:153} INFO - Started process (PID=4818) to work on /home/vladimir/.local/lib/python3.10/site-packages/airflow/example_dags/example_branch_datetime_operator.py
[2023-04-23T01:33:50.784+0300] {processor.py:743} INFO - Processing file /home/vladimir/.local/lib/python3.10/site-packages/airflow/example_dags/example_branch_datetime_operator.py for tasks to queue
[2023-04-23T01:33:50.785+0300] {logging_mixin.py:137} INFO - [2023-04-23T01:33:50.785+0300] {dagbag.py:532} INFO - Filling up the DagBag from /home/vladimir/.local/lib/python3.10/site-packages/airflow/example_dags/example_branch_datetime_operator.py
[2023-04-23T01:33:50.796+0300] {processor.py:753} INFO - DAG(s) dict_keys(['example_branch_datetime_operator_2', 'example_branch_datetime_operator_3', 'example_branch_datetime_operator']) retrieved from /home/vladimir/.local/lib/python3.10/site-packages/airflow/example_dags/example_branch_datetime_operator.py
[2023-04-23T01:33:50.813+0300] {logging_mixin.py:137} INFO - [2023-04-23T01:33:50.813+0300] {dag.py:2705} INFO - Sync 3 DAGs
[2023-04-23T01:33:50.828+0300] {logging_mixin.py:137} INFO - [2023-04-23T01:33:50.827+0300] {dag.py:3452} INFO - Setting next_dagrun for example_branch_datetime_operator to 2023-04-21T00:00:00+00:00, run_after=2023-04-22T00:00:00+00:00
[2023-04-23T01:33:50.830+0300] {logging_mixin.py:137} INFO - [2023-04-23T01:33:50.830+0300] {dag.py:3452} INFO - Setting next_dagrun for example_branch_datetime_operator_2 to 2023-04-21T00:00:00+00:00, run_after=2023-04-22T00:00:00+00:00
[2023-04-23T01:33:50.832+0300] {logging_mixin.py:137} INFO - [2023-04-23T01:33:50.831+0300] {dag.py:3452} INFO - Setting next_dagrun for example_branch_datetime_operator_3 to 2023-04-21T00:00:00+00:00, run_after=2023-04-22T00:00:00+00:00
[2023-04-23T01:33:50.845+0300] {processor.py:175} INFO - Processing /home/vladimir/.local/lib/python3.10/site-packages/airflow/example_dags/example_branch_datetime_operator.py took 0.063 seconds
[2023-04-23T01:34:33.015+0300] {processor.py:153} INFO - Started process (PID=4927) to work on /home/vladimir/.local/lib/python3.10/site-packages/airflow/example_dags/example_branch_datetime_operator.py
[2023-04-23T01:34:33.016+0300] {processor.py:743} INFO - Processing file /home/vladimir/.local/lib/python3.10/site-packages/airflow/example_dags/example_branch_datetime_operator.py for tasks to queue
[2023-04-23T01:34:33.017+0300] {logging_mixin.py:137} INFO - [2023-04-23T01:34:33.017+0300] {dagbag.py:532} INFO - Filling up the DagBag from /home/vladimir/.local/lib/python3.10/site-packages/airflow/example_dags/example_branch_datetime_operator.py
[2023-04-23T01:34:33.030+0300] {processor.py:753} INFO - DAG(s) dict_keys(['example_branch_datetime_operator_3', 'example_branch_datetime_operator_2', 'example_branch_datetime_operator']) retrieved from /home/vladimir/.local/lib/python3.10/site-packages/airflow/example_dags/example_branch_datetime_operator.py
[2023-04-23T01:34:33.047+0300] {logging_mixin.py:137} INFO - [2023-04-23T01:34:33.047+0300] {dag.py:2705} INFO - Sync 3 DAGs
[2023-04-23T01:34:33.061+0300] {logging_mixin.py:137} INFO - [2023-04-23T01:34:33.061+0300] {dag.py:3452} INFO - Setting next_dagrun for example_branch_datetime_operator to 2023-04-21T00:00:00+00:00, run_after=2023-04-22T00:00:00+00:00
[2023-04-23T01:34:33.063+0300] {logging_mixin.py:137} INFO - [2023-04-23T01:34:33.063+0300] {dag.py:3452} INFO - Setting next_dagrun for example_branch_datetime_operator_2 to 2023-04-21T00:00:00+00:00, run_after=2023-04-22T00:00:00+00:00
[2023-04-23T01:34:33.065+0300] {logging_mixin.py:137} INFO - [2023-04-23T01:34:33.065+0300] {dag.py:3452} INFO - Setting next_dagrun for example_branch_datetime_operator_3 to 2023-04-21T00:00:00+00:00, run_after=2023-04-22T00:00:00+00:00
[2023-04-23T01:34:33.077+0300] {processor.py:175} INFO - Processing /home/vladimir/.local/lib/python3.10/site-packages/airflow/example_dags/example_branch_datetime_operator.py took 0.063 seconds
[2023-04-23T01:35:23.402+0300] {processor.py:153} INFO - Started process (PID=4991) to work on /home/vladimir/.local/lib/python3.10/site-packages/airflow/example_dags/example_branch_datetime_operator.py
[2023-04-23T01:35:23.403+0300] {processor.py:743} INFO - Processing file /home/vladimir/.local/lib/python3.10/site-packages/airflow/example_dags/example_branch_datetime_operator.py for tasks to queue
[2023-04-23T01:35:23.403+0300] {logging_mixin.py:137} INFO - [2023-04-23T01:35:23.403+0300] {dagbag.py:532} INFO - Filling up the DagBag from /home/vladimir/.local/lib/python3.10/site-packages/airflow/example_dags/example_branch_datetime_operator.py
[2023-04-23T01:35:23.415+0300] {processor.py:753} INFO - DAG(s) dict_keys(['example_branch_datetime_operator_2', 'example_branch_datetime_operator', 'example_branch_datetime_operator_3']) retrieved from /home/vladimir/.local/lib/python3.10/site-packages/airflow/example_dags/example_branch_datetime_operator.py
[2023-04-23T01:35:23.432+0300] {logging_mixin.py:137} INFO - [2023-04-23T01:35:23.432+0300] {dag.py:2705} INFO - Sync 3 DAGs
[2023-04-23T01:35:23.445+0300] {logging_mixin.py:137} INFO - [2023-04-23T01:35:23.445+0300] {dag.py:3452} INFO - Setting next_dagrun for example_branch_datetime_operator to 2023-04-21T00:00:00+00:00, run_after=2023-04-22T00:00:00+00:00
[2023-04-23T01:35:23.447+0300] {logging_mixin.py:137} INFO - [2023-04-23T01:35:23.447+0300] {dag.py:3452} INFO - Setting next_dagrun for example_branch_datetime_operator_2 to 2023-04-21T00:00:00+00:00, run_after=2023-04-22T00:00:00+00:00
[2023-04-23T01:35:23.449+0300] {logging_mixin.py:137} INFO - [2023-04-23T01:35:23.449+0300] {dag.py:3452} INFO - Setting next_dagrun for example_branch_datetime_operator_3 to 2023-04-21T00:00:00+00:00, run_after=2023-04-22T00:00:00+00:00
[2023-04-23T01:35:23.460+0300] {processor.py:175} INFO - Processing /home/vladimir/.local/lib/python3.10/site-packages/airflow/example_dags/example_branch_datetime_operator.py took 0.060 seconds
