[2023-04-22T22:50:27.708+0300] {processor.py:153} INFO - Started process (PID=11408) to work on /home/vladimir/.local/lib/python3.10/site-packages/airflow/example_dags/example_sensor_decorator.py
[2023-04-22T22:50:27.709+0300] {processor.py:743} INFO - Processing file /home/vladimir/.local/lib/python3.10/site-packages/airflow/example_dags/example_sensor_decorator.py for tasks to queue
[2023-04-22T22:50:27.709+0300] {logging_mixin.py:137} INFO - [2023-04-22T22:50:27.709+0300] {dagbag.py:532} INFO - Filling up the DagBag from /home/vladimir/.local/lib/python3.10/site-packages/airflow/example_dags/example_sensor_decorator.py
[2023-04-22T22:50:27.724+0300] {processor.py:753} INFO - DAG(s) dict_keys(['example_sensor_decorator']) retrieved from /home/vladimir/.local/lib/python3.10/site-packages/airflow/example_dags/example_sensor_decorator.py
[2023-04-22T22:50:27.781+0300] {logging_mixin.py:137} INFO - [2023-04-22T22:50:27.780+0300] {manager.py:504} INFO - Created Permission View: can delete on DAG:example_sensor_decorator
[2023-04-22T22:50:27.785+0300] {logging_mixin.py:137} INFO - [2023-04-22T22:50:27.785+0300] {manager.py:504} INFO - Created Permission View: can read on DAG:example_sensor_decorator
[2023-04-22T22:50:27.789+0300] {logging_mixin.py:137} INFO - [2023-04-22T22:50:27.789+0300] {manager.py:504} INFO - Created Permission View: can edit on DAG:example_sensor_decorator
[2023-04-22T22:50:27.790+0300] {logging_mixin.py:137} INFO - [2023-04-22T22:50:27.789+0300] {dag.py:2705} INFO - Sync 1 DAGs
[2023-04-22T22:50:27.797+0300] {logging_mixin.py:137} INFO - [2023-04-22T22:50:27.797+0300] {dag.py:2726} INFO - Creating ORM DAG for example_sensor_decorator
[2023-04-22T22:50:27.803+0300] {logging_mixin.py:137} INFO - [2023-04-22T22:50:27.803+0300] {dag.py:3452} INFO - Setting next_dagrun for example_sensor_decorator to None, run_after=None
[2023-04-22T22:50:27.814+0300] {processor.py:175} INFO - Processing /home/vladimir/.local/lib/python3.10/site-packages/airflow/example_dags/example_sensor_decorator.py took 0.107 seconds
[2023-04-22T22:51:09.932+0300] {processor.py:153} INFO - Started process (PID=11490) to work on /home/vladimir/.local/lib/python3.10/site-packages/airflow/example_dags/example_sensor_decorator.py
[2023-04-22T22:51:09.933+0300] {processor.py:743} INFO - Processing file /home/vladimir/.local/lib/python3.10/site-packages/airflow/example_dags/example_sensor_decorator.py for tasks to queue
[2023-04-22T22:51:09.933+0300] {logging_mixin.py:137} INFO - [2023-04-22T22:51:09.933+0300] {dagbag.py:532} INFO - Filling up the DagBag from /home/vladimir/.local/lib/python3.10/site-packages/airflow/example_dags/example_sensor_decorator.py
[2023-04-22T22:51:09.949+0300] {processor.py:753} INFO - DAG(s) dict_keys(['example_sensor_decorator']) retrieved from /home/vladimir/.local/lib/python3.10/site-packages/airflow/example_dags/example_sensor_decorator.py
[2023-04-22T22:51:09.963+0300] {logging_mixin.py:137} INFO - [2023-04-22T22:51:09.963+0300] {dag.py:2705} INFO - Sync 1 DAGs
[2023-04-22T22:51:09.977+0300] {logging_mixin.py:137} INFO - [2023-04-22T22:51:09.977+0300] {dag.py:3452} INFO - Setting next_dagrun for example_sensor_decorator to None, run_after=None
[2023-04-22T22:51:09.988+0300] {processor.py:175} INFO - Processing /home/vladimir/.local/lib/python3.10/site-packages/airflow/example_dags/example_sensor_decorator.py took 0.059 seconds
[2023-04-22T22:51:53.609+0300] {processor.py:153} INFO - Started process (PID=11602) to work on /home/vladimir/.local/lib/python3.10/site-packages/airflow/example_dags/example_sensor_decorator.py
[2023-04-22T22:51:53.610+0300] {processor.py:743} INFO - Processing file /home/vladimir/.local/lib/python3.10/site-packages/airflow/example_dags/example_sensor_decorator.py for tasks to queue
[2023-04-22T22:51:53.610+0300] {logging_mixin.py:137} INFO - [2023-04-22T22:51:53.610+0300] {dagbag.py:532} INFO - Filling up the DagBag from /home/vladimir/.local/lib/python3.10/site-packages/airflow/example_dags/example_sensor_decorator.py
[2023-04-22T22:51:53.626+0300] {processor.py:753} INFO - DAG(s) dict_keys(['example_sensor_decorator']) retrieved from /home/vladimir/.local/lib/python3.10/site-packages/airflow/example_dags/example_sensor_decorator.py
[2023-04-22T22:51:53.638+0300] {logging_mixin.py:137} INFO - [2023-04-22T22:51:53.637+0300] {dag.py:2705} INFO - Sync 1 DAGs
[2023-04-22T22:51:53.649+0300] {logging_mixin.py:137} INFO - [2023-04-22T22:51:53.649+0300] {dag.py:3452} INFO - Setting next_dagrun for example_sensor_decorator to None, run_after=None
[2023-04-22T22:51:53.660+0300] {processor.py:175} INFO - Processing /home/vladimir/.local/lib/python3.10/site-packages/airflow/example_dags/example_sensor_decorator.py took 0.053 seconds
[2023-04-22T22:52:31.309+0300] {processor.py:153} INFO - Started process (PID=11652) to work on /home/vladimir/.local/lib/python3.10/site-packages/airflow/example_dags/example_sensor_decorator.py
[2023-04-22T22:52:31.310+0300] {processor.py:743} INFO - Processing file /home/vladimir/.local/lib/python3.10/site-packages/airflow/example_dags/example_sensor_decorator.py for tasks to queue
[2023-04-22T22:52:31.311+0300] {logging_mixin.py:137} INFO - [2023-04-22T22:52:31.311+0300] {dagbag.py:532} INFO - Filling up the DagBag from /home/vladimir/.local/lib/python3.10/site-packages/airflow/example_dags/example_sensor_decorator.py
[2023-04-22T22:52:31.326+0300] {processor.py:753} INFO - DAG(s) dict_keys(['example_sensor_decorator']) retrieved from /home/vladimir/.local/lib/python3.10/site-packages/airflow/example_dags/example_sensor_decorator.py
[2023-04-22T22:52:31.339+0300] {logging_mixin.py:137} INFO - [2023-04-22T22:52:31.338+0300] {dag.py:2705} INFO - Sync 1 DAGs
[2023-04-22T22:52:31.351+0300] {logging_mixin.py:137} INFO - [2023-04-22T22:52:31.351+0300] {dag.py:3452} INFO - Setting next_dagrun for example_sensor_decorator to None, run_after=None
[2023-04-22T22:52:31.362+0300] {processor.py:175} INFO - Processing /home/vladimir/.local/lib/python3.10/site-packages/airflow/example_dags/example_sensor_decorator.py took 0.055 seconds
[2023-04-22T22:53:11.282+0300] {processor.py:153} INFO - Started process (PID=11702) to work on /home/vladimir/.local/lib/python3.10/site-packages/airflow/example_dags/example_sensor_decorator.py
[2023-04-22T22:53:11.283+0300] {processor.py:743} INFO - Processing file /home/vladimir/.local/lib/python3.10/site-packages/airflow/example_dags/example_sensor_decorator.py for tasks to queue
[2023-04-22T22:53:11.283+0300] {logging_mixin.py:137} INFO - [2023-04-22T22:53:11.283+0300] {dagbag.py:532} INFO - Filling up the DagBag from /home/vladimir/.local/lib/python3.10/site-packages/airflow/example_dags/example_sensor_decorator.py
[2023-04-22T22:53:11.300+0300] {processor.py:753} INFO - DAG(s) dict_keys(['example_sensor_decorator']) retrieved from /home/vladimir/.local/lib/python3.10/site-packages/airflow/example_dags/example_sensor_decorator.py
[2023-04-22T22:53:11.312+0300] {logging_mixin.py:137} INFO - [2023-04-22T22:53:11.312+0300] {dag.py:2705} INFO - Sync 1 DAGs
[2023-04-22T22:53:11.324+0300] {logging_mixin.py:137} INFO - [2023-04-22T22:53:11.324+0300] {dag.py:3452} INFO - Setting next_dagrun for example_sensor_decorator to None, run_after=None
[2023-04-22T22:53:11.341+0300] {processor.py:175} INFO - Processing /home/vladimir/.local/lib/python3.10/site-packages/airflow/example_dags/example_sensor_decorator.py took 0.061 seconds
[2023-04-22T22:53:49.555+0300] {processor.py:153} INFO - Started process (PID=11759) to work on /home/vladimir/.local/lib/python3.10/site-packages/airflow/example_dags/example_sensor_decorator.py
[2023-04-22T22:53:49.556+0300] {processor.py:743} INFO - Processing file /home/vladimir/.local/lib/python3.10/site-packages/airflow/example_dags/example_sensor_decorator.py for tasks to queue
[2023-04-22T22:53:49.556+0300] {logging_mixin.py:137} INFO - [2023-04-22T22:53:49.556+0300] {dagbag.py:532} INFO - Filling up the DagBag from /home/vladimir/.local/lib/python3.10/site-packages/airflow/example_dags/example_sensor_decorator.py
[2023-04-22T22:53:49.573+0300] {processor.py:753} INFO - DAG(s) dict_keys(['example_sensor_decorator']) retrieved from /home/vladimir/.local/lib/python3.10/site-packages/airflow/example_dags/example_sensor_decorator.py
[2023-04-22T22:53:49.585+0300] {logging_mixin.py:137} INFO - [2023-04-22T22:53:49.585+0300] {dag.py:2705} INFO - Sync 1 DAGs
[2023-04-22T22:53:49.598+0300] {logging_mixin.py:137} INFO - [2023-04-22T22:53:49.598+0300] {dag.py:3452} INFO - Setting next_dagrun for example_sensor_decorator to None, run_after=None
[2023-04-22T22:53:49.610+0300] {processor.py:175} INFO - Processing /home/vladimir/.local/lib/python3.10/site-packages/airflow/example_dags/example_sensor_decorator.py took 0.057 seconds
[2023-04-22T22:54:32.352+0300] {processor.py:153} INFO - Started process (PID=11817) to work on /home/vladimir/.local/lib/python3.10/site-packages/airflow/example_dags/example_sensor_decorator.py
[2023-04-22T22:54:32.353+0300] {processor.py:743} INFO - Processing file /home/vladimir/.local/lib/python3.10/site-packages/airflow/example_dags/example_sensor_decorator.py for tasks to queue
[2023-04-22T22:54:32.354+0300] {logging_mixin.py:137} INFO - [2023-04-22T22:54:32.354+0300] {dagbag.py:532} INFO - Filling up the DagBag from /home/vladimir/.local/lib/python3.10/site-packages/airflow/example_dags/example_sensor_decorator.py
[2023-04-22T22:54:32.370+0300] {processor.py:753} INFO - DAG(s) dict_keys(['example_sensor_decorator']) retrieved from /home/vladimir/.local/lib/python3.10/site-packages/airflow/example_dags/example_sensor_decorator.py
[2023-04-22T22:54:32.382+0300] {logging_mixin.py:137} INFO - [2023-04-22T22:54:32.381+0300] {dag.py:2705} INFO - Sync 1 DAGs
[2023-04-22T22:54:32.394+0300] {logging_mixin.py:137} INFO - [2023-04-22T22:54:32.394+0300] {dag.py:3452} INFO - Setting next_dagrun for example_sensor_decorator to None, run_after=None
[2023-04-22T22:54:32.405+0300] {processor.py:175} INFO - Processing /home/vladimir/.local/lib/python3.10/site-packages/airflow/example_dags/example_sensor_decorator.py took 0.056 seconds
[2023-04-22T22:55:15.417+0300] {processor.py:153} INFO - Started process (PID=11894) to work on /home/vladimir/.local/lib/python3.10/site-packages/airflow/example_dags/example_sensor_decorator.py
[2023-04-22T22:55:15.418+0300] {processor.py:743} INFO - Processing file /home/vladimir/.local/lib/python3.10/site-packages/airflow/example_dags/example_sensor_decorator.py for tasks to queue
[2023-04-22T22:55:15.418+0300] {logging_mixin.py:137} INFO - [2023-04-22T22:55:15.418+0300] {dagbag.py:532} INFO - Filling up the DagBag from /home/vladimir/.local/lib/python3.10/site-packages/airflow/example_dags/example_sensor_decorator.py
[2023-04-22T22:55:15.432+0300] {processor.py:753} INFO - DAG(s) dict_keys(['example_sensor_decorator']) retrieved from /home/vladimir/.local/lib/python3.10/site-packages/airflow/example_dags/example_sensor_decorator.py
[2023-04-22T22:55:15.444+0300] {logging_mixin.py:137} INFO - [2023-04-22T22:55:15.444+0300] {dag.py:2705} INFO - Sync 1 DAGs
[2023-04-22T22:55:15.455+0300] {logging_mixin.py:137} INFO - [2023-04-22T22:55:15.455+0300] {dag.py:3452} INFO - Setting next_dagrun for example_sensor_decorator to None, run_after=None
[2023-04-22T22:55:15.466+0300] {processor.py:175} INFO - Processing /home/vladimir/.local/lib/python3.10/site-packages/airflow/example_dags/example_sensor_decorator.py took 0.052 seconds
[2023-04-22T22:56:02.226+0300] {processor.py:153} INFO - Started process (PID=11948) to work on /home/vladimir/.local/lib/python3.10/site-packages/airflow/example_dags/example_sensor_decorator.py
[2023-04-22T22:56:02.227+0300] {processor.py:743} INFO - Processing file /home/vladimir/.local/lib/python3.10/site-packages/airflow/example_dags/example_sensor_decorator.py for tasks to queue
[2023-04-22T22:56:02.228+0300] {logging_mixin.py:137} INFO - [2023-04-22T22:56:02.228+0300] {dagbag.py:532} INFO - Filling up the DagBag from /home/vladimir/.local/lib/python3.10/site-packages/airflow/example_dags/example_sensor_decorator.py
[2023-04-22T22:56:02.244+0300] {processor.py:753} INFO - DAG(s) dict_keys(['example_sensor_decorator']) retrieved from /home/vladimir/.local/lib/python3.10/site-packages/airflow/example_dags/example_sensor_decorator.py
[2023-04-22T22:56:02.257+0300] {logging_mixin.py:137} INFO - [2023-04-22T22:56:02.257+0300] {dag.py:2705} INFO - Sync 1 DAGs
[2023-04-22T22:56:02.269+0300] {logging_mixin.py:137} INFO - [2023-04-22T22:56:02.269+0300] {dag.py:3452} INFO - Setting next_dagrun for example_sensor_decorator to None, run_after=None
[2023-04-22T22:56:02.281+0300] {processor.py:175} INFO - Processing /home/vladimir/.local/lib/python3.10/site-packages/airflow/example_dags/example_sensor_decorator.py took 0.056 seconds
[2023-04-23T01:29:10.364+0300] {processor.py:153} INFO - Started process (PID=4411) to work on /home/vladimir/.local/lib/python3.10/site-packages/airflow/example_dags/example_sensor_decorator.py
[2023-04-23T01:29:10.365+0300] {processor.py:743} INFO - Processing file /home/vladimir/.local/lib/python3.10/site-packages/airflow/example_dags/example_sensor_decorator.py for tasks to queue
[2023-04-23T01:29:10.365+0300] {logging_mixin.py:137} INFO - [2023-04-23T01:29:10.365+0300] {dagbag.py:532} INFO - Filling up the DagBag from /home/vladimir/.local/lib/python3.10/site-packages/airflow/example_dags/example_sensor_decorator.py
[2023-04-23T01:29:10.381+0300] {processor.py:753} INFO - DAG(s) dict_keys(['example_sensor_decorator']) retrieved from /home/vladimir/.local/lib/python3.10/site-packages/airflow/example_dags/example_sensor_decorator.py
[2023-04-23T01:29:10.394+0300] {logging_mixin.py:137} INFO - [2023-04-23T01:29:10.394+0300] {dag.py:2705} INFO - Sync 1 DAGs
[2023-04-23T01:29:10.407+0300] {logging_mixin.py:137} INFO - [2023-04-23T01:29:10.407+0300] {dag.py:3452} INFO - Setting next_dagrun for example_sensor_decorator to None, run_after=None
[2023-04-23T01:29:10.420+0300] {processor.py:175} INFO - Processing /home/vladimir/.local/lib/python3.10/site-packages/airflow/example_dags/example_sensor_decorator.py took 0.057 seconds
[2023-04-23T01:29:51.244+0300] {processor.py:153} INFO - Started process (PID=4467) to work on /home/vladimir/.local/lib/python3.10/site-packages/airflow/example_dags/example_sensor_decorator.py
[2023-04-23T01:29:51.245+0300] {processor.py:743} INFO - Processing file /home/vladimir/.local/lib/python3.10/site-packages/airflow/example_dags/example_sensor_decorator.py for tasks to queue
[2023-04-23T01:29:51.245+0300] {logging_mixin.py:137} INFO - [2023-04-23T01:29:51.245+0300] {dagbag.py:532} INFO - Filling up the DagBag from /home/vladimir/.local/lib/python3.10/site-packages/airflow/example_dags/example_sensor_decorator.py
[2023-04-23T01:29:51.262+0300] {processor.py:753} INFO - DAG(s) dict_keys(['example_sensor_decorator']) retrieved from /home/vladimir/.local/lib/python3.10/site-packages/airflow/example_dags/example_sensor_decorator.py
[2023-04-23T01:29:51.275+0300] {logging_mixin.py:137} INFO - [2023-04-23T01:29:51.275+0300] {dag.py:2705} INFO - Sync 1 DAGs
[2023-04-23T01:29:51.287+0300] {logging_mixin.py:137} INFO - [2023-04-23T01:29:51.287+0300] {dag.py:3452} INFO - Setting next_dagrun for example_sensor_decorator to None, run_after=None
[2023-04-23T01:29:51.300+0300] {processor.py:175} INFO - Processing /home/vladimir/.local/lib/python3.10/site-packages/airflow/example_dags/example_sensor_decorator.py took 0.059 seconds
[2023-04-23T01:30:36.643+0300] {processor.py:153} INFO - Started process (PID=4559) to work on /home/vladimir/.local/lib/python3.10/site-packages/airflow/example_dags/example_sensor_decorator.py
[2023-04-23T01:30:36.643+0300] {processor.py:743} INFO - Processing file /home/vladimir/.local/lib/python3.10/site-packages/airflow/example_dags/example_sensor_decorator.py for tasks to queue
[2023-04-23T01:30:36.644+0300] {logging_mixin.py:137} INFO - [2023-04-23T01:30:36.644+0300] {dagbag.py:532} INFO - Filling up the DagBag from /home/vladimir/.local/lib/python3.10/site-packages/airflow/example_dags/example_sensor_decorator.py
[2023-04-23T01:30:36.663+0300] {processor.py:753} INFO - DAG(s) dict_keys(['example_sensor_decorator']) retrieved from /home/vladimir/.local/lib/python3.10/site-packages/airflow/example_dags/example_sensor_decorator.py
[2023-04-23T01:30:36.676+0300] {logging_mixin.py:137} INFO - [2023-04-23T01:30:36.676+0300] {dag.py:2705} INFO - Sync 1 DAGs
[2023-04-23T01:30:36.689+0300] {logging_mixin.py:137} INFO - [2023-04-23T01:30:36.689+0300] {dag.py:3452} INFO - Setting next_dagrun for example_sensor_decorator to None, run_after=None
[2023-04-23T01:30:36.703+0300] {processor.py:175} INFO - Processing /home/vladimir/.local/lib/python3.10/site-packages/airflow/example_dags/example_sensor_decorator.py took 0.062 seconds
[2023-04-23T01:31:19.763+0300] {processor.py:153} INFO - Started process (PID=4622) to work on /home/vladimir/.local/lib/python3.10/site-packages/airflow/example_dags/example_sensor_decorator.py
[2023-04-23T01:31:19.764+0300] {processor.py:743} INFO - Processing file /home/vladimir/.local/lib/python3.10/site-packages/airflow/example_dags/example_sensor_decorator.py for tasks to queue
[2023-04-23T01:31:19.764+0300] {logging_mixin.py:137} INFO - [2023-04-23T01:31:19.764+0300] {dagbag.py:532} INFO - Filling up the DagBag from /home/vladimir/.local/lib/python3.10/site-packages/airflow/example_dags/example_sensor_decorator.py
[2023-04-23T01:31:19.782+0300] {processor.py:753} INFO - DAG(s) dict_keys(['example_sensor_decorator']) retrieved from /home/vladimir/.local/lib/python3.10/site-packages/airflow/example_dags/example_sensor_decorator.py
[2023-04-23T01:31:19.794+0300] {logging_mixin.py:137} INFO - [2023-04-23T01:31:19.794+0300] {dag.py:2705} INFO - Sync 1 DAGs
[2023-04-23T01:31:19.809+0300] {logging_mixin.py:137} INFO - [2023-04-23T01:31:19.809+0300] {dag.py:3452} INFO - Setting next_dagrun for example_sensor_decorator to None, run_after=None
[2023-04-23T01:31:19.824+0300] {processor.py:175} INFO - Processing /home/vladimir/.local/lib/python3.10/site-packages/airflow/example_dags/example_sensor_decorator.py took 0.063 seconds
[2023-04-23T01:32:01.545+0300] {processor.py:153} INFO - Started process (PID=4673) to work on /home/vladimir/.local/lib/python3.10/site-packages/airflow/example_dags/example_sensor_decorator.py
[2023-04-23T01:32:01.546+0300] {processor.py:743} INFO - Processing file /home/vladimir/.local/lib/python3.10/site-packages/airflow/example_dags/example_sensor_decorator.py for tasks to queue
[2023-04-23T01:32:01.547+0300] {logging_mixin.py:137} INFO - [2023-04-23T01:32:01.546+0300] {dagbag.py:532} INFO - Filling up the DagBag from /home/vladimir/.local/lib/python3.10/site-packages/airflow/example_dags/example_sensor_decorator.py
[2023-04-23T01:32:01.562+0300] {processor.py:753} INFO - DAG(s) dict_keys(['example_sensor_decorator']) retrieved from /home/vladimir/.local/lib/python3.10/site-packages/airflow/example_dags/example_sensor_decorator.py
[2023-04-23T01:32:01.575+0300] {logging_mixin.py:137} INFO - [2023-04-23T01:32:01.575+0300] {dag.py:2705} INFO - Sync 1 DAGs
[2023-04-23T01:32:01.586+0300] {logging_mixin.py:137} INFO - [2023-04-23T01:32:01.586+0300] {dag.py:3452} INFO - Setting next_dagrun for example_sensor_decorator to None, run_after=None
[2023-04-23T01:32:01.599+0300] {processor.py:175} INFO - Processing /home/vladimir/.local/lib/python3.10/site-packages/airflow/example_dags/example_sensor_decorator.py took 0.056 seconds
[2023-04-23T01:32:48.083+0300] {processor.py:153} INFO - Started process (PID=4738) to work on /home/vladimir/.local/lib/python3.10/site-packages/airflow/example_dags/example_sensor_decorator.py
[2023-04-23T01:32:48.083+0300] {processor.py:743} INFO - Processing file /home/vladimir/.local/lib/python3.10/site-packages/airflow/example_dags/example_sensor_decorator.py for tasks to queue
[2023-04-23T01:32:48.084+0300] {logging_mixin.py:137} INFO - [2023-04-23T01:32:48.084+0300] {dagbag.py:532} INFO - Filling up the DagBag from /home/vladimir/.local/lib/python3.10/site-packages/airflow/example_dags/example_sensor_decorator.py
[2023-04-23T01:32:48.100+0300] {processor.py:753} INFO - DAG(s) dict_keys(['example_sensor_decorator']) retrieved from /home/vladimir/.local/lib/python3.10/site-packages/airflow/example_dags/example_sensor_decorator.py
[2023-04-23T01:32:48.113+0300] {logging_mixin.py:137} INFO - [2023-04-23T01:32:48.113+0300] {dag.py:2705} INFO - Sync 1 DAGs
[2023-04-23T01:32:48.125+0300] {logging_mixin.py:137} INFO - [2023-04-23T01:32:48.125+0300] {dag.py:3452} INFO - Setting next_dagrun for example_sensor_decorator to None, run_after=None
[2023-04-23T01:32:48.136+0300] {processor.py:175} INFO - Processing /home/vladimir/.local/lib/python3.10/site-packages/airflow/example_dags/example_sensor_decorator.py took 0.055 seconds
[2023-04-23T01:33:28.487+0300] {processor.py:153} INFO - Started process (PID=4792) to work on /home/vladimir/.local/lib/python3.10/site-packages/airflow/example_dags/example_sensor_decorator.py
[2023-04-23T01:33:28.488+0300] {processor.py:743} INFO - Processing file /home/vladimir/.local/lib/python3.10/site-packages/airflow/example_dags/example_sensor_decorator.py for tasks to queue
[2023-04-23T01:33:28.488+0300] {logging_mixin.py:137} INFO - [2023-04-23T01:33:28.488+0300] {dagbag.py:532} INFO - Filling up the DagBag from /home/vladimir/.local/lib/python3.10/site-packages/airflow/example_dags/example_sensor_decorator.py
[2023-04-23T01:33:28.505+0300] {processor.py:753} INFO - DAG(s) dict_keys(['example_sensor_decorator']) retrieved from /home/vladimir/.local/lib/python3.10/site-packages/airflow/example_dags/example_sensor_decorator.py
[2023-04-23T01:33:28.516+0300] {logging_mixin.py:137} INFO - [2023-04-23T01:33:28.516+0300] {dag.py:2705} INFO - Sync 1 DAGs
[2023-04-23T01:33:28.530+0300] {logging_mixin.py:137} INFO - [2023-04-23T01:33:28.529+0300] {dag.py:3452} INFO - Setting next_dagrun for example_sensor_decorator to None, run_after=None
[2023-04-23T01:33:28.541+0300] {processor.py:175} INFO - Processing /home/vladimir/.local/lib/python3.10/site-packages/airflow/example_dags/example_sensor_decorator.py took 0.056 seconds
[2023-04-23T01:34:08.873+0300] {processor.py:153} INFO - Started process (PID=4896) to work on /home/vladimir/.local/lib/python3.10/site-packages/airflow/example_dags/example_sensor_decorator.py
[2023-04-23T01:34:08.874+0300] {processor.py:743} INFO - Processing file /home/vladimir/.local/lib/python3.10/site-packages/airflow/example_dags/example_sensor_decorator.py for tasks to queue
[2023-04-23T01:34:08.874+0300] {logging_mixin.py:137} INFO - [2023-04-23T01:34:08.874+0300] {dagbag.py:532} INFO - Filling up the DagBag from /home/vladimir/.local/lib/python3.10/site-packages/airflow/example_dags/example_sensor_decorator.py
[2023-04-23T01:34:08.892+0300] {processor.py:753} INFO - DAG(s) dict_keys(['example_sensor_decorator']) retrieved from /home/vladimir/.local/lib/python3.10/site-packages/airflow/example_dags/example_sensor_decorator.py
[2023-04-23T01:34:08.906+0300] {logging_mixin.py:137} INFO - [2023-04-23T01:34:08.906+0300] {dag.py:2705} INFO - Sync 1 DAGs
[2023-04-23T01:34:08.918+0300] {logging_mixin.py:137} INFO - [2023-04-23T01:34:08.918+0300] {dag.py:3452} INFO - Setting next_dagrun for example_sensor_decorator to None, run_after=None
[2023-04-23T01:34:08.930+0300] {processor.py:175} INFO - Processing /home/vladimir/.local/lib/python3.10/site-packages/airflow/example_dags/example_sensor_decorator.py took 0.059 seconds
[2023-04-23T01:34:54.271+0300] {processor.py:153} INFO - Started process (PID=4955) to work on /home/vladimir/.local/lib/python3.10/site-packages/airflow/example_dags/example_sensor_decorator.py
[2023-04-23T01:34:54.272+0300] {processor.py:743} INFO - Processing file /home/vladimir/.local/lib/python3.10/site-packages/airflow/example_dags/example_sensor_decorator.py for tasks to queue
[2023-04-23T01:34:54.272+0300] {logging_mixin.py:137} INFO - [2023-04-23T01:34:54.272+0300] {dagbag.py:532} INFO - Filling up the DagBag from /home/vladimir/.local/lib/python3.10/site-packages/airflow/example_dags/example_sensor_decorator.py
[2023-04-23T01:34:54.288+0300] {processor.py:753} INFO - DAG(s) dict_keys(['example_sensor_decorator']) retrieved from /home/vladimir/.local/lib/python3.10/site-packages/airflow/example_dags/example_sensor_decorator.py
[2023-04-23T01:34:54.302+0300] {logging_mixin.py:137} INFO - [2023-04-23T01:34:54.302+0300] {dag.py:2705} INFO - Sync 1 DAGs
[2023-04-23T01:34:54.316+0300] {logging_mixin.py:137} INFO - [2023-04-23T01:34:54.316+0300] {dag.py:3452} INFO - Setting next_dagrun for example_sensor_decorator to None, run_after=None
[2023-04-23T01:34:54.331+0300] {processor.py:175} INFO - Processing /home/vladimir/.local/lib/python3.10/site-packages/airflow/example_dags/example_sensor_decorator.py took 0.062 seconds
