[2023-04-22T22:50:11.538+0300] {processor.py:153} INFO - Started process (PID=11378) to work on /home/vladimir/.local/lib/python3.10/site-packages/airflow/example_dags/example_short_circuit_decorator.py
[2023-04-22T22:50:11.539+0300] {processor.py:743} INFO - Processing file /home/vladimir/.local/lib/python3.10/site-packages/airflow/example_dags/example_short_circuit_decorator.py for tasks to queue
[2023-04-22T22:50:11.540+0300] {logging_mixin.py:137} INFO - [2023-04-22T22:50:11.540+0300] {dagbag.py:532} INFO - Filling up the DagBag from /home/vladimir/.local/lib/python3.10/site-packages/airflow/example_dags/example_short_circuit_decorator.py
[2023-04-22T22:50:11.556+0300] {processor.py:753} INFO - DAG(s) dict_keys(['example_short_circuit_decorator']) retrieved from /home/vladimir/.local/lib/python3.10/site-packages/airflow/example_dags/example_short_circuit_decorator.py
[2023-04-22T22:50:11.615+0300] {logging_mixin.py:137} INFO - [2023-04-22T22:50:11.615+0300] {manager.py:504} INFO - Created Permission View: can delete on DAG:example_short_circuit_decorator
[2023-04-22T22:50:11.620+0300] {logging_mixin.py:137} INFO - [2023-04-22T22:50:11.620+0300] {manager.py:504} INFO - Created Permission View: can read on DAG:example_short_circuit_decorator
[2023-04-22T22:50:11.624+0300] {logging_mixin.py:137} INFO - [2023-04-22T22:50:11.624+0300] {manager.py:504} INFO - Created Permission View: can edit on DAG:example_short_circuit_decorator
[2023-04-22T22:50:11.624+0300] {logging_mixin.py:137} INFO - [2023-04-22T22:50:11.624+0300] {dag.py:2705} INFO - Sync 1 DAGs
[2023-04-22T22:50:11.631+0300] {logging_mixin.py:137} INFO - [2023-04-22T22:50:11.631+0300] {dag.py:2726} INFO - Creating ORM DAG for example_short_circuit_decorator
[2023-04-22T22:50:11.636+0300] {logging_mixin.py:137} INFO - [2023-04-22T22:50:11.636+0300] {dag.py:3452} INFO - Setting next_dagrun for example_short_circuit_decorator to 2023-04-21T19:50:11.636735+00:00, run_after=2023-04-22T19:50:11.636735+00:00
[2023-04-22T22:50:11.647+0300] {processor.py:175} INFO - Processing /home/vladimir/.local/lib/python3.10/site-packages/airflow/example_dags/example_short_circuit_decorator.py took 0.112 seconds
[2023-04-22T22:50:55.697+0300] {processor.py:153} INFO - Started process (PID=11465) to work on /home/vladimir/.local/lib/python3.10/site-packages/airflow/example_dags/example_short_circuit_decorator.py
[2023-04-22T22:50:55.697+0300] {processor.py:743} INFO - Processing file /home/vladimir/.local/lib/python3.10/site-packages/airflow/example_dags/example_short_circuit_decorator.py for tasks to queue
[2023-04-22T22:50:55.698+0300] {logging_mixin.py:137} INFO - [2023-04-22T22:50:55.698+0300] {dagbag.py:532} INFO - Filling up the DagBag from /home/vladimir/.local/lib/python3.10/site-packages/airflow/example_dags/example_short_circuit_decorator.py
[2023-04-22T22:50:55.714+0300] {processor.py:753} INFO - DAG(s) dict_keys(['example_short_circuit_decorator']) retrieved from /home/vladimir/.local/lib/python3.10/site-packages/airflow/example_dags/example_short_circuit_decorator.py
[2023-04-22T22:50:55.728+0300] {logging_mixin.py:137} INFO - [2023-04-22T22:50:55.728+0300] {dag.py:2705} INFO - Sync 1 DAGs
[2023-04-22T22:50:55.739+0300] {logging_mixin.py:137} INFO - [2023-04-22T22:50:55.739+0300] {dag.py:3452} INFO - Setting next_dagrun for example_short_circuit_decorator to 2023-04-21T19:50:55.739288+00:00, run_after=2023-04-22T19:50:55.739288+00:00
[2023-04-22T22:50:55.750+0300] {processor.py:175} INFO - Processing /home/vladimir/.local/lib/python3.10/site-packages/airflow/example_dags/example_short_circuit_decorator.py took 0.055 seconds
[2023-04-22T22:51:37.816+0300] {processor.py:153} INFO - Started process (PID=11584) to work on /home/vladimir/.local/lib/python3.10/site-packages/airflow/example_dags/example_short_circuit_decorator.py
[2023-04-22T22:51:37.817+0300] {processor.py:743} INFO - Processing file /home/vladimir/.local/lib/python3.10/site-packages/airflow/example_dags/example_short_circuit_decorator.py for tasks to queue
[2023-04-22T22:51:37.817+0300] {logging_mixin.py:137} INFO - [2023-04-22T22:51:37.817+0300] {dagbag.py:532} INFO - Filling up the DagBag from /home/vladimir/.local/lib/python3.10/site-packages/airflow/example_dags/example_short_circuit_decorator.py
[2023-04-22T22:51:37.837+0300] {processor.py:753} INFO - DAG(s) dict_keys(['example_short_circuit_decorator']) retrieved from /home/vladimir/.local/lib/python3.10/site-packages/airflow/example_dags/example_short_circuit_decorator.py
[2023-04-22T22:51:37.856+0300] {logging_mixin.py:137} INFO - [2023-04-22T22:51:37.856+0300] {dag.py:2705} INFO - Sync 1 DAGs
[2023-04-22T22:51:37.871+0300] {logging_mixin.py:137} INFO - [2023-04-22T22:51:37.871+0300] {dag.py:3452} INFO - Setting next_dagrun for example_short_circuit_decorator to 2023-04-21T19:51:37.871489+00:00, run_after=2023-04-22T19:51:37.871489+00:00
[2023-04-22T22:51:37.883+0300] {processor.py:175} INFO - Processing /home/vladimir/.local/lib/python3.10/site-packages/airflow/example_dags/example_short_circuit_decorator.py took 0.070 seconds
[2023-04-22T22:52:17.036+0300] {processor.py:153} INFO - Started process (PID=11632) to work on /home/vladimir/.local/lib/python3.10/site-packages/airflow/example_dags/example_short_circuit_decorator.py
[2023-04-22T22:52:17.037+0300] {processor.py:743} INFO - Processing file /home/vladimir/.local/lib/python3.10/site-packages/airflow/example_dags/example_short_circuit_decorator.py for tasks to queue
[2023-04-22T22:52:17.037+0300] {logging_mixin.py:137} INFO - [2023-04-22T22:52:17.037+0300] {dagbag.py:532} INFO - Filling up the DagBag from /home/vladimir/.local/lib/python3.10/site-packages/airflow/example_dags/example_short_circuit_decorator.py
[2023-04-22T22:52:17.058+0300] {processor.py:753} INFO - DAG(s) dict_keys(['example_short_circuit_decorator']) retrieved from /home/vladimir/.local/lib/python3.10/site-packages/airflow/example_dags/example_short_circuit_decorator.py
[2023-04-22T22:52:17.075+0300] {logging_mixin.py:137} INFO - [2023-04-22T22:52:17.075+0300] {dag.py:2705} INFO - Sync 1 DAGs
[2023-04-22T22:52:17.088+0300] {logging_mixin.py:137} INFO - [2023-04-22T22:52:17.088+0300] {dag.py:3452} INFO - Setting next_dagrun for example_short_circuit_decorator to 2023-04-21T19:52:17.088186+00:00, run_after=2023-04-22T19:52:17.088186+00:00
[2023-04-22T22:52:17.100+0300] {processor.py:175} INFO - Processing /home/vladimir/.local/lib/python3.10/site-packages/airflow/example_dags/example_short_circuit_decorator.py took 0.067 seconds
[2023-04-22T22:52:55.553+0300] {processor.py:153} INFO - Started process (PID=11680) to work on /home/vladimir/.local/lib/python3.10/site-packages/airflow/example_dags/example_short_circuit_decorator.py
[2023-04-22T22:52:55.554+0300] {processor.py:743} INFO - Processing file /home/vladimir/.local/lib/python3.10/site-packages/airflow/example_dags/example_short_circuit_decorator.py for tasks to queue
[2023-04-22T22:52:55.554+0300] {logging_mixin.py:137} INFO - [2023-04-22T22:52:55.554+0300] {dagbag.py:532} INFO - Filling up the DagBag from /home/vladimir/.local/lib/python3.10/site-packages/airflow/example_dags/example_short_circuit_decorator.py
[2023-04-22T22:52:55.572+0300] {processor.py:753} INFO - DAG(s) dict_keys(['example_short_circuit_decorator']) retrieved from /home/vladimir/.local/lib/python3.10/site-packages/airflow/example_dags/example_short_circuit_decorator.py
[2023-04-22T22:52:55.590+0300] {logging_mixin.py:137} INFO - [2023-04-22T22:52:55.590+0300] {dag.py:2705} INFO - Sync 1 DAGs
[2023-04-22T22:52:55.604+0300] {logging_mixin.py:137} INFO - [2023-04-22T22:52:55.604+0300] {dag.py:3452} INFO - Setting next_dagrun for example_short_circuit_decorator to 2023-04-21T19:52:55.604125+00:00, run_after=2023-04-22T19:52:55.604125+00:00
[2023-04-22T22:52:55.620+0300] {processor.py:175} INFO - Processing /home/vladimir/.local/lib/python3.10/site-packages/airflow/example_dags/example_short_circuit_decorator.py took 0.070 seconds
[2023-04-22T22:53:31.554+0300] {processor.py:153} INFO - Started process (PID=11730) to work on /home/vladimir/.local/lib/python3.10/site-packages/airflow/example_dags/example_short_circuit_decorator.py
[2023-04-22T22:53:31.555+0300] {processor.py:743} INFO - Processing file /home/vladimir/.local/lib/python3.10/site-packages/airflow/example_dags/example_short_circuit_decorator.py for tasks to queue
[2023-04-22T22:53:31.555+0300] {logging_mixin.py:137} INFO - [2023-04-22T22:53:31.555+0300] {dagbag.py:532} INFO - Filling up the DagBag from /home/vladimir/.local/lib/python3.10/site-packages/airflow/example_dags/example_short_circuit_decorator.py
[2023-04-22T22:53:31.573+0300] {processor.py:753} INFO - DAG(s) dict_keys(['example_short_circuit_decorator']) retrieved from /home/vladimir/.local/lib/python3.10/site-packages/airflow/example_dags/example_short_circuit_decorator.py
[2023-04-22T22:53:31.589+0300] {logging_mixin.py:137} INFO - [2023-04-22T22:53:31.588+0300] {dag.py:2705} INFO - Sync 1 DAGs
[2023-04-22T22:53:31.604+0300] {logging_mixin.py:137} INFO - [2023-04-22T22:53:31.604+0300] {dag.py:3452} INFO - Setting next_dagrun for example_short_circuit_decorator to 2023-04-21T19:53:31.604134+00:00, run_after=2023-04-22T19:53:31.604134+00:00
[2023-04-22T22:53:31.617+0300] {processor.py:175} INFO - Processing /home/vladimir/.local/lib/python3.10/site-packages/airflow/example_dags/example_short_circuit_decorator.py took 0.066 seconds
[2023-04-22T22:54:10.953+0300] {processor.py:153} INFO - Started process (PID=11787) to work on /home/vladimir/.local/lib/python3.10/site-packages/airflow/example_dags/example_short_circuit_decorator.py
[2023-04-22T22:54:10.954+0300] {processor.py:743} INFO - Processing file /home/vladimir/.local/lib/python3.10/site-packages/airflow/example_dags/example_short_circuit_decorator.py for tasks to queue
[2023-04-22T22:54:10.954+0300] {logging_mixin.py:137} INFO - [2023-04-22T22:54:10.954+0300] {dagbag.py:532} INFO - Filling up the DagBag from /home/vladimir/.local/lib/python3.10/site-packages/airflow/example_dags/example_short_circuit_decorator.py
[2023-04-22T22:54:10.973+0300] {processor.py:753} INFO - DAG(s) dict_keys(['example_short_circuit_decorator']) retrieved from /home/vladimir/.local/lib/python3.10/site-packages/airflow/example_dags/example_short_circuit_decorator.py
[2023-04-22T22:54:10.989+0300] {logging_mixin.py:137} INFO - [2023-04-22T22:54:10.988+0300] {dag.py:2705} INFO - Sync 1 DAGs
[2023-04-22T22:54:11.001+0300] {logging_mixin.py:137} INFO - [2023-04-22T22:54:11.001+0300] {dag.py:3452} INFO - Setting next_dagrun for example_short_circuit_decorator to 2023-04-21T19:54:11.001387+00:00, run_after=2023-04-22T19:54:11.001387+00:00
[2023-04-22T22:54:11.014+0300] {processor.py:175} INFO - Processing /home/vladimir/.local/lib/python3.10/site-packages/airflow/example_dags/example_short_circuit_decorator.py took 0.063 seconds
[2023-04-22T22:54:50.328+0300] {processor.py:153} INFO - Started process (PID=11849) to work on /home/vladimir/.local/lib/python3.10/site-packages/airflow/example_dags/example_short_circuit_decorator.py
[2023-04-22T22:54:50.329+0300] {processor.py:743} INFO - Processing file /home/vladimir/.local/lib/python3.10/site-packages/airflow/example_dags/example_short_circuit_decorator.py for tasks to queue
[2023-04-22T22:54:50.330+0300] {logging_mixin.py:137} INFO - [2023-04-22T22:54:50.330+0300] {dagbag.py:532} INFO - Filling up the DagBag from /home/vladimir/.local/lib/python3.10/site-packages/airflow/example_dags/example_short_circuit_decorator.py
[2023-04-22T22:54:50.348+0300] {processor.py:753} INFO - DAG(s) dict_keys(['example_short_circuit_decorator']) retrieved from /home/vladimir/.local/lib/python3.10/site-packages/airflow/example_dags/example_short_circuit_decorator.py
[2023-04-22T22:54:50.363+0300] {logging_mixin.py:137} INFO - [2023-04-22T22:54:50.362+0300] {dag.py:2705} INFO - Sync 1 DAGs
[2023-04-22T22:54:50.383+0300] {logging_mixin.py:137} INFO - [2023-04-22T22:54:50.383+0300] {dag.py:3452} INFO - Setting next_dagrun for example_short_circuit_decorator to 2023-04-21T19:54:50.382638+00:00, run_after=2023-04-22T19:54:50.382638+00:00
[2023-04-22T22:54:50.398+0300] {processor.py:175} INFO - Processing /home/vladimir/.local/lib/python3.10/site-packages/airflow/example_dags/example_short_circuit_decorator.py took 0.072 seconds
[2023-04-22T22:55:31.438+0300] {processor.py:153} INFO - Started process (PID=11911) to work on /home/vladimir/.local/lib/python3.10/site-packages/airflow/example_dags/example_short_circuit_decorator.py
[2023-04-22T22:55:31.439+0300] {processor.py:743} INFO - Processing file /home/vladimir/.local/lib/python3.10/site-packages/airflow/example_dags/example_short_circuit_decorator.py for tasks to queue
[2023-04-22T22:55:31.439+0300] {logging_mixin.py:137} INFO - [2023-04-22T22:55:31.439+0300] {dagbag.py:532} INFO - Filling up the DagBag from /home/vladimir/.local/lib/python3.10/site-packages/airflow/example_dags/example_short_circuit_decorator.py
[2023-04-22T22:55:31.456+0300] {processor.py:753} INFO - DAG(s) dict_keys(['example_short_circuit_decorator']) retrieved from /home/vladimir/.local/lib/python3.10/site-packages/airflow/example_dags/example_short_circuit_decorator.py
[2023-04-22T22:55:31.471+0300] {logging_mixin.py:137} INFO - [2023-04-22T22:55:31.471+0300] {dag.py:2705} INFO - Sync 1 DAGs
[2023-04-22T22:55:31.483+0300] {logging_mixin.py:137} INFO - [2023-04-22T22:55:31.482+0300] {dag.py:3452} INFO - Setting next_dagrun for example_short_circuit_decorator to 2023-04-21T19:55:31.482774+00:00, run_after=2023-04-22T19:55:31.482774+00:00
[2023-04-22T22:55:31.495+0300] {processor.py:175} INFO - Processing /home/vladimir/.local/lib/python3.10/site-packages/airflow/example_dags/example_short_circuit_decorator.py took 0.060 seconds
[2023-04-22T22:56:08.512+0300] {processor.py:153} INFO - Started process (PID=11964) to work on /home/vladimir/.local/lib/python3.10/site-packages/airflow/example_dags/example_short_circuit_decorator.py
[2023-04-22T22:56:08.513+0300] {processor.py:743} INFO - Processing file /home/vladimir/.local/lib/python3.10/site-packages/airflow/example_dags/example_short_circuit_decorator.py for tasks to queue
[2023-04-22T22:56:08.514+0300] {logging_mixin.py:137} INFO - [2023-04-22T22:56:08.514+0300] {dagbag.py:532} INFO - Filling up the DagBag from /home/vladimir/.local/lib/python3.10/site-packages/airflow/example_dags/example_short_circuit_decorator.py
[2023-04-22T22:56:08.533+0300] {processor.py:753} INFO - DAG(s) dict_keys(['example_short_circuit_decorator']) retrieved from /home/vladimir/.local/lib/python3.10/site-packages/airflow/example_dags/example_short_circuit_decorator.py
[2023-04-22T22:56:08.553+0300] {logging_mixin.py:137} INFO - [2023-04-22T22:56:08.552+0300] {dag.py:2705} INFO - Sync 1 DAGs
[2023-04-22T22:56:08.565+0300] {logging_mixin.py:137} INFO - [2023-04-22T22:56:08.564+0300] {dag.py:3452} INFO - Setting next_dagrun for example_short_circuit_decorator to 2023-04-21T19:56:08.564807+00:00, run_after=2023-04-22T19:56:08.564807+00:00
[2023-04-22T22:56:08.579+0300] {processor.py:175} INFO - Processing /home/vladimir/.local/lib/python3.10/site-packages/airflow/example_dags/example_short_circuit_decorator.py took 0.070 seconds
[2023-04-23T01:28:54.902+0300] {processor.py:153} INFO - Started process (PID=4383) to work on /home/vladimir/.local/lib/python3.10/site-packages/airflow/example_dags/example_short_circuit_decorator.py
[2023-04-23T01:28:54.947+0300] {processor.py:743} INFO - Processing file /home/vladimir/.local/lib/python3.10/site-packages/airflow/example_dags/example_short_circuit_decorator.py for tasks to queue
[2023-04-23T01:28:54.948+0300] {logging_mixin.py:137} INFO - [2023-04-23T01:28:54.948+0300] {dagbag.py:532} INFO - Filling up the DagBag from /home/vladimir/.local/lib/python3.10/site-packages/airflow/example_dags/example_short_circuit_decorator.py
[2023-04-23T01:28:54.967+0300] {processor.py:753} INFO - DAG(s) dict_keys(['example_short_circuit_decorator']) retrieved from /home/vladimir/.local/lib/python3.10/site-packages/airflow/example_dags/example_short_circuit_decorator.py
[2023-04-23T01:28:54.982+0300] {logging_mixin.py:137} INFO - [2023-04-23T01:28:54.982+0300] {dag.py:2705} INFO - Sync 1 DAGs
[2023-04-23T01:28:54.996+0300] {logging_mixin.py:137} INFO - [2023-04-23T01:28:54.996+0300] {dag.py:3452} INFO - Setting next_dagrun for example_short_circuit_decorator to 2023-04-21T22:28:54.996176+00:00, run_after=2023-04-22T22:28:54.996176+00:00
[2023-04-23T01:28:55.010+0300] {processor.py:175} INFO - Processing /home/vladimir/.local/lib/python3.10/site-packages/airflow/example_dags/example_short_circuit_decorator.py took 0.110 seconds
[2023-04-23T01:29:36.111+0300] {processor.py:153} INFO - Started process (PID=4448) to work on /home/vladimir/.local/lib/python3.10/site-packages/airflow/example_dags/example_short_circuit_decorator.py
[2023-04-23T01:29:36.112+0300] {processor.py:743} INFO - Processing file /home/vladimir/.local/lib/python3.10/site-packages/airflow/example_dags/example_short_circuit_decorator.py for tasks to queue
[2023-04-23T01:29:36.112+0300] {logging_mixin.py:137} INFO - [2023-04-23T01:29:36.112+0300] {dagbag.py:532} INFO - Filling up the DagBag from /home/vladimir/.local/lib/python3.10/site-packages/airflow/example_dags/example_short_circuit_decorator.py
[2023-04-23T01:29:36.130+0300] {processor.py:753} INFO - DAG(s) dict_keys(['example_short_circuit_decorator']) retrieved from /home/vladimir/.local/lib/python3.10/site-packages/airflow/example_dags/example_short_circuit_decorator.py
[2023-04-23T01:29:36.145+0300] {logging_mixin.py:137} INFO - [2023-04-23T01:29:36.145+0300] {dag.py:2705} INFO - Sync 1 DAGs
[2023-04-23T01:29:36.159+0300] {logging_mixin.py:137} INFO - [2023-04-23T01:29:36.159+0300] {dag.py:3452} INFO - Setting next_dagrun for example_short_circuit_decorator to 2023-04-21T22:29:36.159372+00:00, run_after=2023-04-22T22:29:36.159372+00:00
[2023-04-23T01:29:36.172+0300] {processor.py:175} INFO - Processing /home/vladimir/.local/lib/python3.10/site-packages/airflow/example_dags/example_short_circuit_decorator.py took 0.063 seconds
[2023-04-23T01:30:16.807+0300] {processor.py:153} INFO - Started process (PID=4497) to work on /home/vladimir/.local/lib/python3.10/site-packages/airflow/example_dags/example_short_circuit_decorator.py
[2023-04-23T01:30:16.808+0300] {processor.py:743} INFO - Processing file /home/vladimir/.local/lib/python3.10/site-packages/airflow/example_dags/example_short_circuit_decorator.py for tasks to queue
[2023-04-23T01:30:16.808+0300] {logging_mixin.py:137} INFO - [2023-04-23T01:30:16.808+0300] {dagbag.py:532} INFO - Filling up the DagBag from /home/vladimir/.local/lib/python3.10/site-packages/airflow/example_dags/example_short_circuit_decorator.py
[2023-04-23T01:30:16.826+0300] {processor.py:753} INFO - DAG(s) dict_keys(['example_short_circuit_decorator']) retrieved from /home/vladimir/.local/lib/python3.10/site-packages/airflow/example_dags/example_short_circuit_decorator.py
[2023-04-23T01:30:16.842+0300] {logging_mixin.py:137} INFO - [2023-04-23T01:30:16.841+0300] {dag.py:2705} INFO - Sync 1 DAGs
[2023-04-23T01:30:16.854+0300] {logging_mixin.py:137} INFO - [2023-04-23T01:30:16.854+0300] {dag.py:3452} INFO - Setting next_dagrun for example_short_circuit_decorator to 2023-04-21T22:30:16.854079+00:00, run_after=2023-04-22T22:30:16.854079+00:00
[2023-04-23T01:30:16.869+0300] {processor.py:175} INFO - Processing /home/vladimir/.local/lib/python3.10/site-packages/airflow/example_dags/example_short_circuit_decorator.py took 0.064 seconds
[2023-04-23T01:30:57.228+0300] {processor.py:153} INFO - Started process (PID=4584) to work on /home/vladimir/.local/lib/python3.10/site-packages/airflow/example_dags/example_short_circuit_decorator.py
[2023-04-23T01:30:57.229+0300] {processor.py:743} INFO - Processing file /home/vladimir/.local/lib/python3.10/site-packages/airflow/example_dags/example_short_circuit_decorator.py for tasks to queue
[2023-04-23T01:30:57.229+0300] {logging_mixin.py:137} INFO - [2023-04-23T01:30:57.229+0300] {dagbag.py:532} INFO - Filling up the DagBag from /home/vladimir/.local/lib/python3.10/site-packages/airflow/example_dags/example_short_circuit_decorator.py
[2023-04-23T01:30:57.247+0300] {processor.py:753} INFO - DAG(s) dict_keys(['example_short_circuit_decorator']) retrieved from /home/vladimir/.local/lib/python3.10/site-packages/airflow/example_dags/example_short_circuit_decorator.py
[2023-04-23T01:30:57.262+0300] {logging_mixin.py:137} INFO - [2023-04-23T01:30:57.262+0300] {dag.py:2705} INFO - Sync 1 DAGs
[2023-04-23T01:30:57.274+0300] {logging_mixin.py:137} INFO - [2023-04-23T01:30:57.274+0300] {dag.py:3452} INFO - Setting next_dagrun for example_short_circuit_decorator to 2023-04-21T22:30:57.274385+00:00, run_after=2023-04-22T22:30:57.274385+00:00
[2023-04-23T01:30:57.288+0300] {processor.py:175} INFO - Processing /home/vladimir/.local/lib/python3.10/site-packages/airflow/example_dags/example_short_circuit_decorator.py took 0.062 seconds
[2023-04-23T01:31:37.871+0300] {processor.py:153} INFO - Started process (PID=4649) to work on /home/vladimir/.local/lib/python3.10/site-packages/airflow/example_dags/example_short_circuit_decorator.py
[2023-04-23T01:31:37.872+0300] {processor.py:743} INFO - Processing file /home/vladimir/.local/lib/python3.10/site-packages/airflow/example_dags/example_short_circuit_decorator.py for tasks to queue
[2023-04-23T01:31:37.873+0300] {logging_mixin.py:137} INFO - [2023-04-23T01:31:37.872+0300] {dagbag.py:532} INFO - Filling up the DagBag from /home/vladimir/.local/lib/python3.10/site-packages/airflow/example_dags/example_short_circuit_decorator.py
[2023-04-23T01:31:37.897+0300] {processor.py:753} INFO - DAG(s) dict_keys(['example_short_circuit_decorator']) retrieved from /home/vladimir/.local/lib/python3.10/site-packages/airflow/example_dags/example_short_circuit_decorator.py
[2023-04-23T01:31:37.913+0300] {logging_mixin.py:137} INFO - [2023-04-23T01:31:37.913+0300] {dag.py:2705} INFO - Sync 1 DAGs
[2023-04-23T01:31:37.925+0300] {logging_mixin.py:137} INFO - [2023-04-23T01:31:37.925+0300] {dag.py:3452} INFO - Setting next_dagrun for example_short_circuit_decorator to 2023-04-21T22:31:37.925595+00:00, run_after=2023-04-22T22:31:37.925595+00:00
[2023-04-23T01:31:37.940+0300] {processor.py:175} INFO - Processing /home/vladimir/.local/lib/python3.10/site-packages/airflow/example_dags/example_short_circuit_decorator.py took 0.071 seconds
[2023-04-23T01:32:21.329+0300] {processor.py:153} INFO - Started process (PID=4693) to work on /home/vladimir/.local/lib/python3.10/site-packages/airflow/example_dags/example_short_circuit_decorator.py
[2023-04-23T01:32:21.330+0300] {processor.py:743} INFO - Processing file /home/vladimir/.local/lib/python3.10/site-packages/airflow/example_dags/example_short_circuit_decorator.py for tasks to queue
[2023-04-23T01:32:21.330+0300] {logging_mixin.py:137} INFO - [2023-04-23T01:32:21.330+0300] {dagbag.py:532} INFO - Filling up the DagBag from /home/vladimir/.local/lib/python3.10/site-packages/airflow/example_dags/example_short_circuit_decorator.py
[2023-04-23T01:32:21.348+0300] {processor.py:753} INFO - DAG(s) dict_keys(['example_short_circuit_decorator']) retrieved from /home/vladimir/.local/lib/python3.10/site-packages/airflow/example_dags/example_short_circuit_decorator.py
[2023-04-23T01:32:21.362+0300] {logging_mixin.py:137} INFO - [2023-04-23T01:32:21.362+0300] {dag.py:2705} INFO - Sync 1 DAGs
[2023-04-23T01:32:21.375+0300] {logging_mixin.py:137} INFO - [2023-04-23T01:32:21.374+0300] {dag.py:3452} INFO - Setting next_dagrun for example_short_circuit_decorator to 2023-04-21T22:32:21.374722+00:00, run_after=2023-04-22T22:32:21.374722+00:00
[2023-04-23T01:32:21.388+0300] {processor.py:175} INFO - Processing /home/vladimir/.local/lib/python3.10/site-packages/airflow/example_dags/example_short_circuit_decorator.py took 0.062 seconds
[2023-04-23T01:33:00.011+0300] {processor.py:153} INFO - Started process (PID=4751) to work on /home/vladimir/.local/lib/python3.10/site-packages/airflow/example_dags/example_short_circuit_decorator.py
[2023-04-23T01:33:00.012+0300] {processor.py:743} INFO - Processing file /home/vladimir/.local/lib/python3.10/site-packages/airflow/example_dags/example_short_circuit_decorator.py for tasks to queue
[2023-04-23T01:33:00.012+0300] {logging_mixin.py:137} INFO - [2023-04-23T01:33:00.012+0300] {dagbag.py:532} INFO - Filling up the DagBag from /home/vladimir/.local/lib/python3.10/site-packages/airflow/example_dags/example_short_circuit_decorator.py
[2023-04-23T01:33:00.031+0300] {processor.py:753} INFO - DAG(s) dict_keys(['example_short_circuit_decorator']) retrieved from /home/vladimir/.local/lib/python3.10/site-packages/airflow/example_dags/example_short_circuit_decorator.py
[2023-04-23T01:33:00.046+0300] {logging_mixin.py:137} INFO - [2023-04-23T01:33:00.046+0300] {dag.py:2705} INFO - Sync 1 DAGs
[2023-04-23T01:33:00.058+0300] {logging_mixin.py:137} INFO - [2023-04-23T01:33:00.058+0300] {dag.py:3452} INFO - Setting next_dagrun for example_short_circuit_decorator to 2023-04-21T22:33:00.058122+00:00, run_after=2023-04-22T22:33:00.058122+00:00
[2023-04-23T01:33:00.071+0300] {processor.py:175} INFO - Processing /home/vladimir/.local/lib/python3.10/site-packages/airflow/example_dags/example_short_circuit_decorator.py took 0.062 seconds
[2023-04-23T01:33:34.240+0300] {processor.py:153} INFO - Started process (PID=4800) to work on /home/vladimir/.local/lib/python3.10/site-packages/airflow/example_dags/example_short_circuit_decorator.py
[2023-04-23T01:33:34.241+0300] {processor.py:743} INFO - Processing file /home/vladimir/.local/lib/python3.10/site-packages/airflow/example_dags/example_short_circuit_decorator.py for tasks to queue
[2023-04-23T01:33:34.241+0300] {logging_mixin.py:137} INFO - [2023-04-23T01:33:34.241+0300] {dagbag.py:532} INFO - Filling up the DagBag from /home/vladimir/.local/lib/python3.10/site-packages/airflow/example_dags/example_short_circuit_decorator.py
[2023-04-23T01:33:34.259+0300] {processor.py:753} INFO - DAG(s) dict_keys(['example_short_circuit_decorator']) retrieved from /home/vladimir/.local/lib/python3.10/site-packages/airflow/example_dags/example_short_circuit_decorator.py
[2023-04-23T01:33:34.274+0300] {logging_mixin.py:137} INFO - [2023-04-23T01:33:34.274+0300] {dag.py:2705} INFO - Sync 1 DAGs
[2023-04-23T01:33:34.287+0300] {logging_mixin.py:137} INFO - [2023-04-23T01:33:34.287+0300] {dag.py:3452} INFO - Setting next_dagrun for example_short_circuit_decorator to 2023-04-21T22:33:34.287034+00:00, run_after=2023-04-22T22:33:34.287034+00:00
[2023-04-23T01:33:34.298+0300] {processor.py:175} INFO - Processing /home/vladimir/.local/lib/python3.10/site-packages/airflow/example_dags/example_short_circuit_decorator.py took 0.061 seconds
[2023-04-23T01:34:15.329+0300] {processor.py:153} INFO - Started process (PID=4903) to work on /home/vladimir/.local/lib/python3.10/site-packages/airflow/example_dags/example_short_circuit_decorator.py
[2023-04-23T01:34:15.330+0300] {processor.py:743} INFO - Processing file /home/vladimir/.local/lib/python3.10/site-packages/airflow/example_dags/example_short_circuit_decorator.py for tasks to queue
[2023-04-23T01:34:15.330+0300] {logging_mixin.py:137} INFO - [2023-04-23T01:34:15.330+0300] {dagbag.py:532} INFO - Filling up the DagBag from /home/vladimir/.local/lib/python3.10/site-packages/airflow/example_dags/example_short_circuit_decorator.py
[2023-04-23T01:34:15.347+0300] {processor.py:753} INFO - DAG(s) dict_keys(['example_short_circuit_decorator']) retrieved from /home/vladimir/.local/lib/python3.10/site-packages/airflow/example_dags/example_short_circuit_decorator.py
[2023-04-23T01:34:15.365+0300] {logging_mixin.py:137} INFO - [2023-04-23T01:34:15.365+0300] {dag.py:2705} INFO - Sync 1 DAGs
[2023-04-23T01:34:15.380+0300] {logging_mixin.py:137} INFO - [2023-04-23T01:34:15.380+0300] {dag.py:3452} INFO - Setting next_dagrun for example_short_circuit_decorator to 2023-04-21T22:34:15.380313+00:00, run_after=2023-04-22T22:34:15.380313+00:00
[2023-04-23T01:34:15.395+0300] {processor.py:175} INFO - Processing /home/vladimir/.local/lib/python3.10/site-packages/airflow/example_dags/example_short_circuit_decorator.py took 0.068 seconds
[2023-04-23T01:34:50.315+0300] {processor.py:153} INFO - Started process (PID=4951) to work on /home/vladimir/.local/lib/python3.10/site-packages/airflow/example_dags/example_short_circuit_decorator.py
[2023-04-23T01:34:50.317+0300] {processor.py:743} INFO - Processing file /home/vladimir/.local/lib/python3.10/site-packages/airflow/example_dags/example_short_circuit_decorator.py for tasks to queue
[2023-04-23T01:34:50.317+0300] {logging_mixin.py:137} INFO - [2023-04-23T01:34:50.317+0300] {dagbag.py:532} INFO - Filling up the DagBag from /home/vladimir/.local/lib/python3.10/site-packages/airflow/example_dags/example_short_circuit_decorator.py
[2023-04-23T01:34:50.334+0300] {processor.py:753} INFO - DAG(s) dict_keys(['example_short_circuit_decorator']) retrieved from /home/vladimir/.local/lib/python3.10/site-packages/airflow/example_dags/example_short_circuit_decorator.py
[2023-04-23T01:34:50.348+0300] {logging_mixin.py:137} INFO - [2023-04-23T01:34:50.348+0300] {dag.py:2705} INFO - Sync 1 DAGs
[2023-04-23T01:34:50.360+0300] {logging_mixin.py:137} INFO - [2023-04-23T01:34:50.359+0300] {dag.py:3452} INFO - Setting next_dagrun for example_short_circuit_decorator to 2023-04-21T22:34:50.359770+00:00, run_after=2023-04-22T22:34:50.359770+00:00
[2023-04-23T01:34:50.372+0300] {processor.py:175} INFO - Processing /home/vladimir/.local/lib/python3.10/site-packages/airflow/example_dags/example_short_circuit_decorator.py took 0.059 seconds
