[2023-04-22T22:50:06.770+0300] {processor.py:153} INFO - Started process (PID=11369) to work on /home/vladimir/.local/lib/python3.10/site-packages/airflow/example_dags/example_params_ui_tutorial.py
[2023-04-22T22:50:06.772+0300] {processor.py:743} INFO - Processing file /home/vladimir/.local/lib/python3.10/site-packages/airflow/example_dags/example_params_ui_tutorial.py for tasks to queue
[2023-04-22T22:50:06.772+0300] {logging_mixin.py:137} INFO - [2023-04-22T22:50:06.772+0300] {dagbag.py:532} INFO - Filling up the DagBag from /home/vladimir/.local/lib/python3.10/site-packages/airflow/example_dags/example_params_ui_tutorial.py
[2023-04-22T22:50:06.805+0300] {processor.py:753} INFO - DAG(s) dict_keys(['example_params_ui_tutorial']) retrieved from /home/vladimir/.local/lib/python3.10/site-packages/airflow/example_dags/example_params_ui_tutorial.py
[2023-04-22T22:50:06.885+0300] {logging_mixin.py:137} INFO - [2023-04-22T22:50:06.885+0300] {manager.py:504} INFO - Created Permission View: can delete on DAG:example_params_ui_tutorial
[2023-04-22T22:50:06.891+0300] {logging_mixin.py:137} INFO - [2023-04-22T22:50:06.891+0300] {manager.py:504} INFO - Created Permission View: can read on DAG:example_params_ui_tutorial
[2023-04-22T22:50:06.895+0300] {logging_mixin.py:137} INFO - [2023-04-22T22:50:06.895+0300] {manager.py:504} INFO - Created Permission View: can edit on DAG:example_params_ui_tutorial
[2023-04-22T22:50:06.895+0300] {logging_mixin.py:137} INFO - [2023-04-22T22:50:06.895+0300] {dag.py:2705} INFO - Sync 1 DAGs
[2023-04-22T22:50:06.901+0300] {logging_mixin.py:137} INFO - [2023-04-22T22:50:06.901+0300] {dag.py:2726} INFO - Creating ORM DAG for example_params_ui_tutorial
[2023-04-22T22:50:06.906+0300] {logging_mixin.py:137} INFO - [2023-04-22T22:50:06.906+0300] {dag.py:3452} INFO - Setting next_dagrun for example_params_ui_tutorial to None, run_after=None
[2023-04-22T22:50:06.918+0300] {processor.py:175} INFO - Processing /home/vladimir/.local/lib/python3.10/site-packages/airflow/example_dags/example_params_ui_tutorial.py took 0.149 seconds
[2023-04-22T22:50:51.694+0300] {processor.py:153} INFO - Started process (PID=11457) to work on /home/vladimir/.local/lib/python3.10/site-packages/airflow/example_dags/example_params_ui_tutorial.py
[2023-04-22T22:50:51.695+0300] {processor.py:743} INFO - Processing file /home/vladimir/.local/lib/python3.10/site-packages/airflow/example_dags/example_params_ui_tutorial.py for tasks to queue
[2023-04-22T22:50:51.695+0300] {logging_mixin.py:137} INFO - [2023-04-22T22:50:51.695+0300] {dagbag.py:532} INFO - Filling up the DagBag from /home/vladimir/.local/lib/python3.10/site-packages/airflow/example_dags/example_params_ui_tutorial.py
[2023-04-22T22:50:51.729+0300] {processor.py:753} INFO - DAG(s) dict_keys(['example_params_ui_tutorial']) retrieved from /home/vladimir/.local/lib/python3.10/site-packages/airflow/example_dags/example_params_ui_tutorial.py
[2023-04-22T22:50:51.767+0300] {logging_mixin.py:137} INFO - [2023-04-22T22:50:51.767+0300] {dag.py:2705} INFO - Sync 1 DAGs
[2023-04-22T22:50:51.780+0300] {logging_mixin.py:137} INFO - [2023-04-22T22:50:51.780+0300] {dag.py:3452} INFO - Setting next_dagrun for example_params_ui_tutorial to None, run_after=None
[2023-04-22T22:50:51.791+0300] {processor.py:175} INFO - Processing /home/vladimir/.local/lib/python3.10/site-packages/airflow/example_dags/example_params_ui_tutorial.py took 0.100 seconds
[2023-04-22T22:51:34.187+0300] {processor.py:153} INFO - Started process (PID=11553) to work on /home/vladimir/.local/lib/python3.10/site-packages/airflow/example_dags/example_params_ui_tutorial.py
[2023-04-22T22:51:34.190+0300] {processor.py:743} INFO - Processing file /home/vladimir/.local/lib/python3.10/site-packages/airflow/example_dags/example_params_ui_tutorial.py for tasks to queue
[2023-04-22T22:51:34.190+0300] {logging_mixin.py:137} INFO - [2023-04-22T22:51:34.190+0300] {dagbag.py:532} INFO - Filling up the DagBag from /home/vladimir/.local/lib/python3.10/site-packages/airflow/example_dags/example_params_ui_tutorial.py
[2023-04-22T22:51:34.225+0300] {processor.py:753} INFO - DAG(s) dict_keys(['example_params_ui_tutorial']) retrieved from /home/vladimir/.local/lib/python3.10/site-packages/airflow/example_dags/example_params_ui_tutorial.py
[2023-04-22T22:51:34.261+0300] {logging_mixin.py:137} INFO - [2023-04-22T22:51:34.261+0300] {dag.py:2705} INFO - Sync 1 DAGs
[2023-04-22T22:51:34.273+0300] {logging_mixin.py:137} INFO - [2023-04-22T22:51:34.273+0300] {dag.py:3452} INFO - Setting next_dagrun for example_params_ui_tutorial to None, run_after=None
[2023-04-22T22:51:34.287+0300] {processor.py:175} INFO - Processing /home/vladimir/.local/lib/python3.10/site-packages/airflow/example_dags/example_params_ui_tutorial.py took 0.102 seconds
[2023-04-22T22:52:10.478+0300] {processor.py:153} INFO - Started process (PID=11624) to work on /home/vladimir/.local/lib/python3.10/site-packages/airflow/example_dags/example_params_ui_tutorial.py
[2023-04-22T22:52:10.479+0300] {processor.py:743} INFO - Processing file /home/vladimir/.local/lib/python3.10/site-packages/airflow/example_dags/example_params_ui_tutorial.py for tasks to queue
[2023-04-22T22:52:10.480+0300] {logging_mixin.py:137} INFO - [2023-04-22T22:52:10.480+0300] {dagbag.py:532} INFO - Filling up the DagBag from /home/vladimir/.local/lib/python3.10/site-packages/airflow/example_dags/example_params_ui_tutorial.py
[2023-04-22T22:52:10.517+0300] {processor.py:753} INFO - DAG(s) dict_keys(['example_params_ui_tutorial']) retrieved from /home/vladimir/.local/lib/python3.10/site-packages/airflow/example_dags/example_params_ui_tutorial.py
[2023-04-22T22:52:10.554+0300] {logging_mixin.py:137} INFO - [2023-04-22T22:52:10.554+0300] {dag.py:2705} INFO - Sync 1 DAGs
[2023-04-22T22:52:10.567+0300] {logging_mixin.py:137} INFO - [2023-04-22T22:52:10.567+0300] {dag.py:3452} INFO - Setting next_dagrun for example_params_ui_tutorial to None, run_after=None
[2023-04-22T22:52:10.579+0300] {processor.py:175} INFO - Processing /home/vladimir/.local/lib/python3.10/site-packages/airflow/example_dags/example_params_ui_tutorial.py took 0.103 seconds
[2023-04-22T22:52:46.925+0300] {processor.py:153} INFO - Started process (PID=11669) to work on /home/vladimir/.local/lib/python3.10/site-packages/airflow/example_dags/example_params_ui_tutorial.py
[2023-04-22T22:52:46.926+0300] {processor.py:743} INFO - Processing file /home/vladimir/.local/lib/python3.10/site-packages/airflow/example_dags/example_params_ui_tutorial.py for tasks to queue
[2023-04-22T22:52:46.926+0300] {logging_mixin.py:137} INFO - [2023-04-22T22:52:46.926+0300] {dagbag.py:532} INFO - Filling up the DagBag from /home/vladimir/.local/lib/python3.10/site-packages/airflow/example_dags/example_params_ui_tutorial.py
[2023-04-22T22:52:46.961+0300] {processor.py:753} INFO - DAG(s) dict_keys(['example_params_ui_tutorial']) retrieved from /home/vladimir/.local/lib/python3.10/site-packages/airflow/example_dags/example_params_ui_tutorial.py
[2023-04-22T22:52:47.004+0300] {logging_mixin.py:137} INFO - [2023-04-22T22:52:47.004+0300] {dag.py:2705} INFO - Sync 1 DAGs
[2023-04-22T22:52:47.018+0300] {logging_mixin.py:137} INFO - [2023-04-22T22:52:47.018+0300] {dag.py:3452} INFO - Setting next_dagrun for example_params_ui_tutorial to None, run_after=None
[2023-04-22T22:52:47.035+0300] {processor.py:175} INFO - Processing /home/vladimir/.local/lib/python3.10/site-packages/airflow/example_dags/example_params_ui_tutorial.py took 0.112 seconds
[2023-04-22T22:53:26.376+0300] {processor.py:153} INFO - Started process (PID=11721) to work on /home/vladimir/.local/lib/python3.10/site-packages/airflow/example_dags/example_params_ui_tutorial.py
[2023-04-22T22:53:26.377+0300] {processor.py:743} INFO - Processing file /home/vladimir/.local/lib/python3.10/site-packages/airflow/example_dags/example_params_ui_tutorial.py for tasks to queue
[2023-04-22T22:53:26.378+0300] {logging_mixin.py:137} INFO - [2023-04-22T22:53:26.377+0300] {dagbag.py:532} INFO - Filling up the DagBag from /home/vladimir/.local/lib/python3.10/site-packages/airflow/example_dags/example_params_ui_tutorial.py
[2023-04-22T22:53:26.410+0300] {processor.py:753} INFO - DAG(s) dict_keys(['example_params_ui_tutorial']) retrieved from /home/vladimir/.local/lib/python3.10/site-packages/airflow/example_dags/example_params_ui_tutorial.py
[2023-04-22T22:53:26.447+0300] {logging_mixin.py:137} INFO - [2023-04-22T22:53:26.447+0300] {dag.py:2705} INFO - Sync 1 DAGs
[2023-04-22T22:53:26.461+0300] {logging_mixin.py:137} INFO - [2023-04-22T22:53:26.460+0300] {dag.py:3452} INFO - Setting next_dagrun for example_params_ui_tutorial to None, run_after=None
[2023-04-22T22:53:26.475+0300] {processor.py:175} INFO - Processing /home/vladimir/.local/lib/python3.10/site-packages/airflow/example_dags/example_params_ui_tutorial.py took 0.101 seconds
[2023-04-22T22:54:07.483+0300] {processor.py:153} INFO - Started process (PID=11783) to work on /home/vladimir/.local/lib/python3.10/site-packages/airflow/example_dags/example_params_ui_tutorial.py
[2023-04-22T22:54:07.484+0300] {processor.py:743} INFO - Processing file /home/vladimir/.local/lib/python3.10/site-packages/airflow/example_dags/example_params_ui_tutorial.py for tasks to queue
[2023-04-22T22:54:07.484+0300] {logging_mixin.py:137} INFO - [2023-04-22T22:54:07.484+0300] {dagbag.py:532} INFO - Filling up the DagBag from /home/vladimir/.local/lib/python3.10/site-packages/airflow/example_dags/example_params_ui_tutorial.py
[2023-04-22T22:54:07.517+0300] {processor.py:753} INFO - DAG(s) dict_keys(['example_params_ui_tutorial']) retrieved from /home/vladimir/.local/lib/python3.10/site-packages/airflow/example_dags/example_params_ui_tutorial.py
[2023-04-22T22:54:07.552+0300] {logging_mixin.py:137} INFO - [2023-04-22T22:54:07.552+0300] {dag.py:2705} INFO - Sync 1 DAGs
[2023-04-22T22:54:07.563+0300] {logging_mixin.py:137} INFO - [2023-04-22T22:54:07.563+0300] {dag.py:3452} INFO - Setting next_dagrun for example_params_ui_tutorial to None, run_after=None
[2023-04-22T22:54:07.575+0300] {processor.py:175} INFO - Processing /home/vladimir/.local/lib/python3.10/site-packages/airflow/example_dags/example_params_ui_tutorial.py took 0.096 seconds
[2023-04-22T22:54:46.329+0300] {processor.py:153} INFO - Started process (PID=11837) to work on /home/vladimir/.local/lib/python3.10/site-packages/airflow/example_dags/example_params_ui_tutorial.py
[2023-04-22T22:54:46.330+0300] {processor.py:743} INFO - Processing file /home/vladimir/.local/lib/python3.10/site-packages/airflow/example_dags/example_params_ui_tutorial.py for tasks to queue
[2023-04-22T22:54:46.331+0300] {logging_mixin.py:137} INFO - [2023-04-22T22:54:46.330+0300] {dagbag.py:532} INFO - Filling up the DagBag from /home/vladimir/.local/lib/python3.10/site-packages/airflow/example_dags/example_params_ui_tutorial.py
[2023-04-22T22:54:46.366+0300] {processor.py:753} INFO - DAG(s) dict_keys(['example_params_ui_tutorial']) retrieved from /home/vladimir/.local/lib/python3.10/site-packages/airflow/example_dags/example_params_ui_tutorial.py
[2023-04-22T22:54:46.407+0300] {logging_mixin.py:137} INFO - [2023-04-22T22:54:46.407+0300] {dag.py:2705} INFO - Sync 1 DAGs
[2023-04-22T22:54:46.419+0300] {logging_mixin.py:137} INFO - [2023-04-22T22:54:46.419+0300] {dag.py:3452} INFO - Setting next_dagrun for example_params_ui_tutorial to None, run_after=None
[2023-04-22T22:54:46.431+0300] {processor.py:175} INFO - Processing /home/vladimir/.local/lib/python3.10/site-packages/airflow/example_dags/example_params_ui_tutorial.py took 0.104 seconds
[2023-04-22T22:55:22.297+0300] {processor.py:153} INFO - Started process (PID=11901) to work on /home/vladimir/.local/lib/python3.10/site-packages/airflow/example_dags/example_params_ui_tutorial.py
[2023-04-22T22:55:22.298+0300] {processor.py:743} INFO - Processing file /home/vladimir/.local/lib/python3.10/site-packages/airflow/example_dags/example_params_ui_tutorial.py for tasks to queue
[2023-04-22T22:55:22.299+0300] {logging_mixin.py:137} INFO - [2023-04-22T22:55:22.298+0300] {dagbag.py:532} INFO - Filling up the DagBag from /home/vladimir/.local/lib/python3.10/site-packages/airflow/example_dags/example_params_ui_tutorial.py
[2023-04-22T22:55:22.331+0300] {processor.py:753} INFO - DAG(s) dict_keys(['example_params_ui_tutorial']) retrieved from /home/vladimir/.local/lib/python3.10/site-packages/airflow/example_dags/example_params_ui_tutorial.py
[2023-04-22T22:55:22.366+0300] {logging_mixin.py:137} INFO - [2023-04-22T22:55:22.366+0300] {dag.py:2705} INFO - Sync 1 DAGs
[2023-04-22T22:55:22.377+0300] {logging_mixin.py:137} INFO - [2023-04-22T22:55:22.377+0300] {dag.py:3452} INFO - Setting next_dagrun for example_params_ui_tutorial to None, run_after=None
[2023-04-22T22:55:22.389+0300] {processor.py:175} INFO - Processing /home/vladimir/.local/lib/python3.10/site-packages/airflow/example_dags/example_params_ui_tutorial.py took 0.094 seconds
[2023-04-22T22:55:58.551+0300] {processor.py:153} INFO - Started process (PID=11943) to work on /home/vladimir/.local/lib/python3.10/site-packages/airflow/example_dags/example_params_ui_tutorial.py
[2023-04-22T22:55:58.552+0300] {processor.py:743} INFO - Processing file /home/vladimir/.local/lib/python3.10/site-packages/airflow/example_dags/example_params_ui_tutorial.py for tasks to queue
[2023-04-22T22:55:58.552+0300] {logging_mixin.py:137} INFO - [2023-04-22T22:55:58.552+0300] {dagbag.py:532} INFO - Filling up the DagBag from /home/vladimir/.local/lib/python3.10/site-packages/airflow/example_dags/example_params_ui_tutorial.py
[2023-04-22T22:55:58.586+0300] {processor.py:753} INFO - DAG(s) dict_keys(['example_params_ui_tutorial']) retrieved from /home/vladimir/.local/lib/python3.10/site-packages/airflow/example_dags/example_params_ui_tutorial.py
[2023-04-22T22:55:58.620+0300] {logging_mixin.py:137} INFO - [2023-04-22T22:55:58.620+0300] {dag.py:2705} INFO - Sync 1 DAGs
[2023-04-22T22:55:58.633+0300] {logging_mixin.py:137} INFO - [2023-04-22T22:55:58.632+0300] {dag.py:3452} INFO - Setting next_dagrun for example_params_ui_tutorial to None, run_after=None
[2023-04-22T22:55:58.644+0300] {processor.py:175} INFO - Processing /home/vladimir/.local/lib/python3.10/site-packages/airflow/example_dags/example_params_ui_tutorial.py took 0.095 seconds
[2023-04-23T01:28:50.711+0300] {processor.py:153} INFO - Started process (PID=4379) to work on /home/vladimir/.local/lib/python3.10/site-packages/airflow/example_dags/example_params_ui_tutorial.py
[2023-04-23T01:28:50.762+0300] {processor.py:743} INFO - Processing file /home/vladimir/.local/lib/python3.10/site-packages/airflow/example_dags/example_params_ui_tutorial.py for tasks to queue
[2023-04-23T01:28:50.762+0300] {logging_mixin.py:137} INFO - [2023-04-23T01:28:50.762+0300] {dagbag.py:532} INFO - Filling up the DagBag from /home/vladimir/.local/lib/python3.10/site-packages/airflow/example_dags/example_params_ui_tutorial.py
[2023-04-23T01:28:50.799+0300] {processor.py:753} INFO - DAG(s) dict_keys(['example_params_ui_tutorial']) retrieved from /home/vladimir/.local/lib/python3.10/site-packages/airflow/example_dags/example_params_ui_tutorial.py
[2023-04-23T01:28:50.855+0300] {logging_mixin.py:137} INFO - [2023-04-23T01:28:50.855+0300] {dag.py:2705} INFO - Sync 1 DAGs
[2023-04-23T01:28:50.867+0300] {logging_mixin.py:137} INFO - [2023-04-23T01:28:50.867+0300] {dag.py:3452} INFO - Setting next_dagrun for example_params_ui_tutorial to None, run_after=None
[2023-04-23T01:28:50.881+0300] {processor.py:175} INFO - Processing /home/vladimir/.local/lib/python3.10/site-packages/airflow/example_dags/example_params_ui_tutorial.py took 0.172 seconds
[2023-04-23T01:29:32.633+0300] {processor.py:153} INFO - Started process (PID=4444) to work on /home/vladimir/.local/lib/python3.10/site-packages/airflow/example_dags/example_params_ui_tutorial.py
[2023-04-23T01:29:32.633+0300] {processor.py:743} INFO - Processing file /home/vladimir/.local/lib/python3.10/site-packages/airflow/example_dags/example_params_ui_tutorial.py for tasks to queue
[2023-04-23T01:29:32.634+0300] {logging_mixin.py:137} INFO - [2023-04-23T01:29:32.634+0300] {dagbag.py:532} INFO - Filling up the DagBag from /home/vladimir/.local/lib/python3.10/site-packages/airflow/example_dags/example_params_ui_tutorial.py
[2023-04-23T01:29:32.668+0300] {processor.py:753} INFO - DAG(s) dict_keys(['example_params_ui_tutorial']) retrieved from /home/vladimir/.local/lib/python3.10/site-packages/airflow/example_dags/example_params_ui_tutorial.py
[2023-04-23T01:29:32.705+0300] {logging_mixin.py:137} INFO - [2023-04-23T01:29:32.705+0300] {dag.py:2705} INFO - Sync 1 DAGs
[2023-04-23T01:29:32.722+0300] {logging_mixin.py:137} INFO - [2023-04-23T01:29:32.722+0300] {dag.py:3452} INFO - Setting next_dagrun for example_params_ui_tutorial to None, run_after=None
[2023-04-23T01:29:32.736+0300] {processor.py:175} INFO - Processing /home/vladimir/.local/lib/python3.10/site-packages/airflow/example_dags/example_params_ui_tutorial.py took 0.106 seconds
[2023-04-23T01:30:13.223+0300] {processor.py:153} INFO - Started process (PID=4493) to work on /home/vladimir/.local/lib/python3.10/site-packages/airflow/example_dags/example_params_ui_tutorial.py
[2023-04-23T01:30:13.224+0300] {processor.py:743} INFO - Processing file /home/vladimir/.local/lib/python3.10/site-packages/airflow/example_dags/example_params_ui_tutorial.py for tasks to queue
[2023-04-23T01:30:13.224+0300] {logging_mixin.py:137} INFO - [2023-04-23T01:30:13.224+0300] {dagbag.py:532} INFO - Filling up the DagBag from /home/vladimir/.local/lib/python3.10/site-packages/airflow/example_dags/example_params_ui_tutorial.py
[2023-04-23T01:30:13.258+0300] {processor.py:753} INFO - DAG(s) dict_keys(['example_params_ui_tutorial']) retrieved from /home/vladimir/.local/lib/python3.10/site-packages/airflow/example_dags/example_params_ui_tutorial.py
[2023-04-23T01:30:13.299+0300] {logging_mixin.py:137} INFO - [2023-04-23T01:30:13.298+0300] {dag.py:2705} INFO - Sync 1 DAGs
[2023-04-23T01:30:13.312+0300] {logging_mixin.py:137} INFO - [2023-04-23T01:30:13.311+0300] {dag.py:3452} INFO - Setting next_dagrun for example_params_ui_tutorial to None, run_after=None
[2023-04-23T01:30:13.325+0300] {processor.py:175} INFO - Processing /home/vladimir/.local/lib/python3.10/site-packages/airflow/example_dags/example_params_ui_tutorial.py took 0.105 seconds
[2023-04-23T01:30:52.914+0300] {processor.py:153} INFO - Started process (PID=4578) to work on /home/vladimir/.local/lib/python3.10/site-packages/airflow/example_dags/example_params_ui_tutorial.py
[2023-04-23T01:30:52.915+0300] {processor.py:743} INFO - Processing file /home/vladimir/.local/lib/python3.10/site-packages/airflow/example_dags/example_params_ui_tutorial.py for tasks to queue
[2023-04-23T01:30:52.915+0300] {logging_mixin.py:137} INFO - [2023-04-23T01:30:52.915+0300] {dagbag.py:532} INFO - Filling up the DagBag from /home/vladimir/.local/lib/python3.10/site-packages/airflow/example_dags/example_params_ui_tutorial.py
[2023-04-23T01:30:52.961+0300] {processor.py:753} INFO - DAG(s) dict_keys(['example_params_ui_tutorial']) retrieved from /home/vladimir/.local/lib/python3.10/site-packages/airflow/example_dags/example_params_ui_tutorial.py
[2023-04-23T01:30:53.007+0300] {logging_mixin.py:137} INFO - [2023-04-23T01:30:53.007+0300] {dag.py:2705} INFO - Sync 1 DAGs
[2023-04-23T01:30:53.025+0300] {logging_mixin.py:137} INFO - [2023-04-23T01:30:53.024+0300] {dag.py:3452} INFO - Setting next_dagrun for example_params_ui_tutorial to None, run_after=None
[2023-04-23T01:30:53.041+0300] {processor.py:175} INFO - Processing /home/vladimir/.local/lib/python3.10/site-packages/airflow/example_dags/example_params_ui_tutorial.py took 0.129 seconds
[2023-04-23T01:31:27.632+0300] {processor.py:153} INFO - Started process (PID=4630) to work on /home/vladimir/.local/lib/python3.10/site-packages/airflow/example_dags/example_params_ui_tutorial.py
[2023-04-23T01:31:27.633+0300] {processor.py:743} INFO - Processing file /home/vladimir/.local/lib/python3.10/site-packages/airflow/example_dags/example_params_ui_tutorial.py for tasks to queue
[2023-04-23T01:31:27.633+0300] {logging_mixin.py:137} INFO - [2023-04-23T01:31:27.633+0300] {dagbag.py:532} INFO - Filling up the DagBag from /home/vladimir/.local/lib/python3.10/site-packages/airflow/example_dags/example_params_ui_tutorial.py
[2023-04-23T01:31:27.667+0300] {processor.py:753} INFO - DAG(s) dict_keys(['example_params_ui_tutorial']) retrieved from /home/vladimir/.local/lib/python3.10/site-packages/airflow/example_dags/example_params_ui_tutorial.py
[2023-04-23T01:31:27.715+0300] {logging_mixin.py:137} INFO - [2023-04-23T01:31:27.715+0300] {dag.py:2705} INFO - Sync 1 DAGs
[2023-04-23T01:31:27.728+0300] {logging_mixin.py:137} INFO - [2023-04-23T01:31:27.728+0300] {dag.py:3452} INFO - Setting next_dagrun for example_params_ui_tutorial to None, run_after=None
[2023-04-23T01:31:27.740+0300] {processor.py:175} INFO - Processing /home/vladimir/.local/lib/python3.10/site-packages/airflow/example_dags/example_params_ui_tutorial.py took 0.110 seconds
[2023-04-23T01:32:08.115+0300] {processor.py:153} INFO - Started process (PID=4680) to work on /home/vladimir/.local/lib/python3.10/site-packages/airflow/example_dags/example_params_ui_tutorial.py
[2023-04-23T01:32:08.115+0300] {processor.py:743} INFO - Processing file /home/vladimir/.local/lib/python3.10/site-packages/airflow/example_dags/example_params_ui_tutorial.py for tasks to queue
[2023-04-23T01:32:08.116+0300] {logging_mixin.py:137} INFO - [2023-04-23T01:32:08.116+0300] {dagbag.py:532} INFO - Filling up the DagBag from /home/vladimir/.local/lib/python3.10/site-packages/airflow/example_dags/example_params_ui_tutorial.py
[2023-04-23T01:32:08.149+0300] {processor.py:753} INFO - DAG(s) dict_keys(['example_params_ui_tutorial']) retrieved from /home/vladimir/.local/lib/python3.10/site-packages/airflow/example_dags/example_params_ui_tutorial.py
[2023-04-23T01:32:08.188+0300] {logging_mixin.py:137} INFO - [2023-04-23T01:32:08.188+0300] {dag.py:2705} INFO - Sync 1 DAGs
[2023-04-23T01:32:08.200+0300] {logging_mixin.py:137} INFO - [2023-04-23T01:32:08.200+0300] {dag.py:3452} INFO - Setting next_dagrun for example_params_ui_tutorial to None, run_after=None
[2023-04-23T01:32:08.212+0300] {processor.py:175} INFO - Processing /home/vladimir/.local/lib/python3.10/site-packages/airflow/example_dags/example_params_ui_tutorial.py took 0.100 seconds
[2023-04-23T01:32:45.212+0300] {processor.py:153} INFO - Started process (PID=4735) to work on /home/vladimir/.local/lib/python3.10/site-packages/airflow/example_dags/example_params_ui_tutorial.py
[2023-04-23T01:32:45.212+0300] {processor.py:743} INFO - Processing file /home/vladimir/.local/lib/python3.10/site-packages/airflow/example_dags/example_params_ui_tutorial.py for tasks to queue
[2023-04-23T01:32:45.213+0300] {logging_mixin.py:137} INFO - [2023-04-23T01:32:45.213+0300] {dagbag.py:532} INFO - Filling up the DagBag from /home/vladimir/.local/lib/python3.10/site-packages/airflow/example_dags/example_params_ui_tutorial.py
[2023-04-23T01:32:45.246+0300] {processor.py:753} INFO - DAG(s) dict_keys(['example_params_ui_tutorial']) retrieved from /home/vladimir/.local/lib/python3.10/site-packages/airflow/example_dags/example_params_ui_tutorial.py
[2023-04-23T01:32:45.285+0300] {logging_mixin.py:137} INFO - [2023-04-23T01:32:45.285+0300] {dag.py:2705} INFO - Sync 1 DAGs
[2023-04-23T01:32:45.297+0300] {logging_mixin.py:137} INFO - [2023-04-23T01:32:45.297+0300] {dag.py:3452} INFO - Setting next_dagrun for example_params_ui_tutorial to None, run_after=None
[2023-04-23T01:32:45.317+0300] {processor.py:175} INFO - Processing /home/vladimir/.local/lib/python3.10/site-packages/airflow/example_dags/example_params_ui_tutorial.py took 0.108 seconds
[2023-04-23T01:33:22.365+0300] {processor.py:153} INFO - Started process (PID=4786) to work on /home/vladimir/.local/lib/python3.10/site-packages/airflow/example_dags/example_params_ui_tutorial.py
[2023-04-23T01:33:22.366+0300] {processor.py:743} INFO - Processing file /home/vladimir/.local/lib/python3.10/site-packages/airflow/example_dags/example_params_ui_tutorial.py for tasks to queue
[2023-04-23T01:33:22.366+0300] {logging_mixin.py:137} INFO - [2023-04-23T01:33:22.366+0300] {dagbag.py:532} INFO - Filling up the DagBag from /home/vladimir/.local/lib/python3.10/site-packages/airflow/example_dags/example_params_ui_tutorial.py
[2023-04-23T01:33:22.398+0300] {processor.py:753} INFO - DAG(s) dict_keys(['example_params_ui_tutorial']) retrieved from /home/vladimir/.local/lib/python3.10/site-packages/airflow/example_dags/example_params_ui_tutorial.py
[2023-04-23T01:33:22.435+0300] {logging_mixin.py:137} INFO - [2023-04-23T01:33:22.435+0300] {dag.py:2705} INFO - Sync 1 DAGs
[2023-04-23T01:33:22.446+0300] {logging_mixin.py:137} INFO - [2023-04-23T01:33:22.446+0300] {dag.py:3452} INFO - Setting next_dagrun for example_params_ui_tutorial to None, run_after=None
[2023-04-23T01:33:22.459+0300] {processor.py:175} INFO - Processing /home/vladimir/.local/lib/python3.10/site-packages/airflow/example_dags/example_params_ui_tutorial.py took 0.096 seconds
[2023-04-23T01:34:03.320+0300] {processor.py:153} INFO - Started process (PID=4890) to work on /home/vladimir/.local/lib/python3.10/site-packages/airflow/example_dags/example_params_ui_tutorial.py
[2023-04-23T01:34:03.320+0300] {processor.py:743} INFO - Processing file /home/vladimir/.local/lib/python3.10/site-packages/airflow/example_dags/example_params_ui_tutorial.py for tasks to queue
[2023-04-23T01:34:03.321+0300] {logging_mixin.py:137} INFO - [2023-04-23T01:34:03.321+0300] {dagbag.py:532} INFO - Filling up the DagBag from /home/vladimir/.local/lib/python3.10/site-packages/airflow/example_dags/example_params_ui_tutorial.py
[2023-04-23T01:34:03.352+0300] {processor.py:753} INFO - DAG(s) dict_keys(['example_params_ui_tutorial']) retrieved from /home/vladimir/.local/lib/python3.10/site-packages/airflow/example_dags/example_params_ui_tutorial.py
[2023-04-23T01:34:03.388+0300] {logging_mixin.py:137} INFO - [2023-04-23T01:34:03.388+0300] {dag.py:2705} INFO - Sync 1 DAGs
[2023-04-23T01:34:03.400+0300] {logging_mixin.py:137} INFO - [2023-04-23T01:34:03.400+0300] {dag.py:3452} INFO - Setting next_dagrun for example_params_ui_tutorial to None, run_after=None
[2023-04-23T01:34:03.412+0300] {processor.py:175} INFO - Processing /home/vladimir/.local/lib/python3.10/site-packages/airflow/example_dags/example_params_ui_tutorial.py took 0.094 seconds
[2023-04-23T01:34:38.005+0300] {processor.py:153} INFO - Started process (PID=4933) to work on /home/vladimir/.local/lib/python3.10/site-packages/airflow/example_dags/example_params_ui_tutorial.py
[2023-04-23T01:34:38.006+0300] {processor.py:743} INFO - Processing file /home/vladimir/.local/lib/python3.10/site-packages/airflow/example_dags/example_params_ui_tutorial.py for tasks to queue
[2023-04-23T01:34:38.006+0300] {logging_mixin.py:137} INFO - [2023-04-23T01:34:38.006+0300] {dagbag.py:532} INFO - Filling up the DagBag from /home/vladimir/.local/lib/python3.10/site-packages/airflow/example_dags/example_params_ui_tutorial.py
[2023-04-23T01:34:38.039+0300] {processor.py:753} INFO - DAG(s) dict_keys(['example_params_ui_tutorial']) retrieved from /home/vladimir/.local/lib/python3.10/site-packages/airflow/example_dags/example_params_ui_tutorial.py
[2023-04-23T01:34:38.075+0300] {logging_mixin.py:137} INFO - [2023-04-23T01:34:38.075+0300] {dag.py:2705} INFO - Sync 1 DAGs
[2023-04-23T01:34:38.087+0300] {logging_mixin.py:137} INFO - [2023-04-23T01:34:38.087+0300] {dag.py:3452} INFO - Setting next_dagrun for example_params_ui_tutorial to None, run_after=None
[2023-04-23T01:34:38.099+0300] {processor.py:175} INFO - Processing /home/vladimir/.local/lib/python3.10/site-packages/airflow/example_dags/example_params_ui_tutorial.py took 0.096 seconds
[2023-04-23T01:35:15.456+0300] {processor.py:153} INFO - Started process (PID=4982) to work on /home/vladimir/.local/lib/python3.10/site-packages/airflow/example_dags/example_params_ui_tutorial.py
[2023-04-23T01:35:15.457+0300] {processor.py:743} INFO - Processing file /home/vladimir/.local/lib/python3.10/site-packages/airflow/example_dags/example_params_ui_tutorial.py for tasks to queue
[2023-04-23T01:35:15.457+0300] {logging_mixin.py:137} INFO - [2023-04-23T01:35:15.457+0300] {dagbag.py:532} INFO - Filling up the DagBag from /home/vladimir/.local/lib/python3.10/site-packages/airflow/example_dags/example_params_ui_tutorial.py
[2023-04-23T01:35:15.490+0300] {processor.py:753} INFO - DAG(s) dict_keys(['example_params_ui_tutorial']) retrieved from /home/vladimir/.local/lib/python3.10/site-packages/airflow/example_dags/example_params_ui_tutorial.py
[2023-04-23T01:35:15.526+0300] {logging_mixin.py:137} INFO - [2023-04-23T01:35:15.526+0300] {dag.py:2705} INFO - Sync 1 DAGs
[2023-04-23T01:35:15.539+0300] {logging_mixin.py:137} INFO - [2023-04-23T01:35:15.539+0300] {dag.py:3452} INFO - Setting next_dagrun for example_params_ui_tutorial to None, run_after=None
[2023-04-23T01:35:15.550+0300] {processor.py:175} INFO - Processing /home/vladimir/.local/lib/python3.10/site-packages/airflow/example_dags/example_params_ui_tutorial.py took 0.096 seconds
