[2023-04-22T22:50:01.539+0300] {processor.py:153} INFO - Started process (PID=11361) to work on /home/vladimir/.local/lib/python3.10/site-packages/airflow/example_dags/example_dag_decorator.py
[2023-04-22T22:50:01.539+0300] {processor.py:743} INFO - Processing file /home/vladimir/.local/lib/python3.10/site-packages/airflow/example_dags/example_dag_decorator.py for tasks to queue
[2023-04-22T22:50:01.540+0300] {logging_mixin.py:137} INFO - [2023-04-22T22:50:01.540+0300] {dagbag.py:532} INFO - Filling up the DagBag from /home/vladimir/.local/lib/python3.10/site-packages/airflow/example_dags/example_dag_decorator.py
[2023-04-22T22:50:01.551+0300] {logging_mixin.py:137} INFO - [2023-04-22T22:50:01.551+0300] {taskmixin.py:211} WARNING - Dependency <Task(_PythonDecoratedOperator): prepare_email>, send_email already registered for DAG: example_dag_decorator
[2023-04-22T22:50:01.552+0300] {logging_mixin.py:137} INFO - [2023-04-22T22:50:01.552+0300] {taskmixin.py:211} WARNING - Dependency <Task(EmailOperator): send_email>, prepare_email already registered for DAG: example_dag_decorator
[2023-04-22T22:50:01.560+0300] {processor.py:753} INFO - DAG(s) dict_keys(['example_dag_decorator']) retrieved from /home/vladimir/.local/lib/python3.10/site-packages/airflow/example_dags/example_dag_decorator.py
[2023-04-22T22:50:01.623+0300] {logging_mixin.py:137} INFO - [2023-04-22T22:50:01.623+0300] {manager.py:504} INFO - Created Permission View: can delete on DAG:example_dag_decorator
[2023-04-22T22:50:01.627+0300] {logging_mixin.py:137} INFO - [2023-04-22T22:50:01.627+0300] {manager.py:504} INFO - Created Permission View: can read on DAG:example_dag_decorator
[2023-04-22T22:50:01.631+0300] {logging_mixin.py:137} INFO - [2023-04-22T22:50:01.631+0300] {manager.py:504} INFO - Created Permission View: can edit on DAG:example_dag_decorator
[2023-04-22T22:50:01.631+0300] {logging_mixin.py:137} INFO - [2023-04-22T22:50:01.631+0300] {dag.py:2705} INFO - Sync 1 DAGs
[2023-04-22T22:50:01.640+0300] {logging_mixin.py:137} INFO - [2023-04-22T22:50:01.640+0300] {dag.py:2726} INFO - Creating ORM DAG for example_dag_decorator
[2023-04-22T22:50:01.645+0300] {logging_mixin.py:137} INFO - [2023-04-22T22:50:01.645+0300] {dag.py:3452} INFO - Setting next_dagrun for example_dag_decorator to None, run_after=None
[2023-04-22T22:50:01.656+0300] {processor.py:175} INFO - Processing /home/vladimir/.local/lib/python3.10/site-packages/airflow/example_dags/example_dag_decorator.py took 0.120 seconds
[2023-04-22T22:50:46.551+0300] {processor.py:153} INFO - Started process (PID=11444) to work on /home/vladimir/.local/lib/python3.10/site-packages/airflow/example_dags/example_dag_decorator.py
[2023-04-22T22:50:46.551+0300] {processor.py:743} INFO - Processing file /home/vladimir/.local/lib/python3.10/site-packages/airflow/example_dags/example_dag_decorator.py for tasks to queue
[2023-04-22T22:50:46.552+0300] {logging_mixin.py:137} INFO - [2023-04-22T22:50:46.552+0300] {dagbag.py:532} INFO - Filling up the DagBag from /home/vladimir/.local/lib/python3.10/site-packages/airflow/example_dags/example_dag_decorator.py
[2023-04-22T22:50:46.564+0300] {logging_mixin.py:137} INFO - [2023-04-22T22:50:46.564+0300] {taskmixin.py:211} WARNING - Dependency <Task(_PythonDecoratedOperator): prepare_email>, send_email already registered for DAG: example_dag_decorator
[2023-04-22T22:50:46.564+0300] {logging_mixin.py:137} INFO - [2023-04-22T22:50:46.564+0300] {taskmixin.py:211} WARNING - Dependency <Task(EmailOperator): send_email>, prepare_email already registered for DAG: example_dag_decorator
[2023-04-22T22:50:46.571+0300] {processor.py:753} INFO - DAG(s) dict_keys(['example_dag_decorator']) retrieved from /home/vladimir/.local/lib/python3.10/site-packages/airflow/example_dags/example_dag_decorator.py
[2023-04-22T22:50:46.605+0300] {logging_mixin.py:137} INFO - [2023-04-22T22:50:46.605+0300] {dag.py:2705} INFO - Sync 1 DAGs
[2023-04-22T22:50:46.616+0300] {logging_mixin.py:137} INFO - [2023-04-22T22:50:46.616+0300] {dag.py:3452} INFO - Setting next_dagrun for example_dag_decorator to None, run_after=None
[2023-04-22T22:50:46.629+0300] {processor.py:175} INFO - Processing /home/vladimir/.local/lib/python3.10/site-packages/airflow/example_dags/example_dag_decorator.py took 0.081 seconds
[2023-04-22T22:51:25.726+0300] {processor.py:153} INFO - Started process (PID=11540) to work on /home/vladimir/.local/lib/python3.10/site-packages/airflow/example_dags/example_dag_decorator.py
[2023-04-22T22:51:25.732+0300] {processor.py:743} INFO - Processing file /home/vladimir/.local/lib/python3.10/site-packages/airflow/example_dags/example_dag_decorator.py for tasks to queue
[2023-04-22T22:51:25.734+0300] {logging_mixin.py:137} INFO - [2023-04-22T22:51:25.733+0300] {dagbag.py:532} INFO - Filling up the DagBag from /home/vladimir/.local/lib/python3.10/site-packages/airflow/example_dags/example_dag_decorator.py
[2023-04-22T22:51:25.863+0300] {logging_mixin.py:137} INFO - [2023-04-22T22:51:25.863+0300] {taskmixin.py:211} WARNING - Dependency <Task(_PythonDecoratedOperator): prepare_email>, send_email already registered for DAG: example_dag_decorator
[2023-04-22T22:51:25.864+0300] {logging_mixin.py:137} INFO - [2023-04-22T22:51:25.864+0300] {taskmixin.py:211} WARNING - Dependency <Task(EmailOperator): send_email>, prepare_email already registered for DAG: example_dag_decorator
[2023-04-22T22:51:26.048+0300] {processor.py:753} INFO - DAG(s) dict_keys(['example_dag_decorator']) retrieved from /home/vladimir/.local/lib/python3.10/site-packages/airflow/example_dags/example_dag_decorator.py
[2023-04-22T22:51:26.281+0300] {logging_mixin.py:137} INFO - [2023-04-22T22:51:26.280+0300] {dag.py:2705} INFO - Sync 1 DAGs
[2023-04-22T22:51:26.307+0300] {logging_mixin.py:137} INFO - [2023-04-22T22:51:26.307+0300] {dag.py:3452} INFO - Setting next_dagrun for example_dag_decorator to None, run_after=None
[2023-04-22T22:51:26.340+0300] {processor.py:175} INFO - Processing /home/vladimir/.local/lib/python3.10/site-packages/airflow/example_dags/example_dag_decorator.py took 0.641 seconds
[2023-04-22T22:52:00.482+0300] {processor.py:153} INFO - Started process (PID=11613) to work on /home/vladimir/.local/lib/python3.10/site-packages/airflow/example_dags/example_dag_decorator.py
[2023-04-22T22:52:00.483+0300] {processor.py:743} INFO - Processing file /home/vladimir/.local/lib/python3.10/site-packages/airflow/example_dags/example_dag_decorator.py for tasks to queue
[2023-04-22T22:52:00.484+0300] {logging_mixin.py:137} INFO - [2023-04-22T22:52:00.484+0300] {dagbag.py:532} INFO - Filling up the DagBag from /home/vladimir/.local/lib/python3.10/site-packages/airflow/example_dags/example_dag_decorator.py
[2023-04-22T22:52:00.497+0300] {logging_mixin.py:137} INFO - [2023-04-22T22:52:00.497+0300] {taskmixin.py:211} WARNING - Dependency <Task(_PythonDecoratedOperator): prepare_email>, send_email already registered for DAG: example_dag_decorator
[2023-04-22T22:52:00.497+0300] {logging_mixin.py:137} INFO - [2023-04-22T22:52:00.497+0300] {taskmixin.py:211} WARNING - Dependency <Task(EmailOperator): send_email>, prepare_email already registered for DAG: example_dag_decorator
[2023-04-22T22:52:00.505+0300] {processor.py:753} INFO - DAG(s) dict_keys(['example_dag_decorator']) retrieved from /home/vladimir/.local/lib/python3.10/site-packages/airflow/example_dags/example_dag_decorator.py
[2023-04-22T22:52:00.538+0300] {logging_mixin.py:137} INFO - [2023-04-22T22:52:00.538+0300] {dag.py:2705} INFO - Sync 1 DAGs
[2023-04-22T22:52:00.549+0300] {logging_mixin.py:137} INFO - [2023-04-22T22:52:00.549+0300] {dag.py:3452} INFO - Setting next_dagrun for example_dag_decorator to None, run_after=None
[2023-04-22T22:52:00.567+0300] {processor.py:175} INFO - Processing /home/vladimir/.local/lib/python3.10/site-packages/airflow/example_dags/example_dag_decorator.py took 0.087 seconds
[2023-04-22T22:52:38.615+0300] {processor.py:153} INFO - Started process (PID=11659) to work on /home/vladimir/.local/lib/python3.10/site-packages/airflow/example_dags/example_dag_decorator.py
[2023-04-22T22:52:38.615+0300] {processor.py:743} INFO - Processing file /home/vladimir/.local/lib/python3.10/site-packages/airflow/example_dags/example_dag_decorator.py for tasks to queue
[2023-04-22T22:52:38.616+0300] {logging_mixin.py:137} INFO - [2023-04-22T22:52:38.616+0300] {dagbag.py:532} INFO - Filling up the DagBag from /home/vladimir/.local/lib/python3.10/site-packages/airflow/example_dags/example_dag_decorator.py
[2023-04-22T22:52:38.628+0300] {logging_mixin.py:137} INFO - [2023-04-22T22:52:38.628+0300] {taskmixin.py:211} WARNING - Dependency <Task(_PythonDecoratedOperator): prepare_email>, send_email already registered for DAG: example_dag_decorator
[2023-04-22T22:52:38.628+0300] {logging_mixin.py:137} INFO - [2023-04-22T22:52:38.628+0300] {taskmixin.py:211} WARNING - Dependency <Task(EmailOperator): send_email>, prepare_email already registered for DAG: example_dag_decorator
[2023-04-22T22:52:38.636+0300] {processor.py:753} INFO - DAG(s) dict_keys(['example_dag_decorator']) retrieved from /home/vladimir/.local/lib/python3.10/site-packages/airflow/example_dags/example_dag_decorator.py
[2023-04-22T22:52:38.668+0300] {logging_mixin.py:137} INFO - [2023-04-22T22:52:38.668+0300] {dag.py:2705} INFO - Sync 1 DAGs
[2023-04-22T22:52:38.680+0300] {logging_mixin.py:137} INFO - [2023-04-22T22:52:38.680+0300] {dag.py:3452} INFO - Setting next_dagrun for example_dag_decorator to None, run_after=None
[2023-04-22T22:52:38.693+0300] {processor.py:175} INFO - Processing /home/vladimir/.local/lib/python3.10/site-packages/airflow/example_dags/example_dag_decorator.py took 0.081 seconds
[2023-04-22T22:53:17.837+0300] {processor.py:153} INFO - Started process (PID=11709) to work on /home/vladimir/.local/lib/python3.10/site-packages/airflow/example_dags/example_dag_decorator.py
[2023-04-22T22:53:17.838+0300] {processor.py:743} INFO - Processing file /home/vladimir/.local/lib/python3.10/site-packages/airflow/example_dags/example_dag_decorator.py for tasks to queue
[2023-04-22T22:53:17.838+0300] {logging_mixin.py:137} INFO - [2023-04-22T22:53:17.838+0300] {dagbag.py:532} INFO - Filling up the DagBag from /home/vladimir/.local/lib/python3.10/site-packages/airflow/example_dags/example_dag_decorator.py
[2023-04-22T22:53:17.851+0300] {logging_mixin.py:137} INFO - [2023-04-22T22:53:17.851+0300] {taskmixin.py:211} WARNING - Dependency <Task(_PythonDecoratedOperator): prepare_email>, send_email already registered for DAG: example_dag_decorator
[2023-04-22T22:53:17.851+0300] {logging_mixin.py:137} INFO - [2023-04-22T22:53:17.851+0300] {taskmixin.py:211} WARNING - Dependency <Task(EmailOperator): send_email>, prepare_email already registered for DAG: example_dag_decorator
[2023-04-22T22:53:17.858+0300] {processor.py:753} INFO - DAG(s) dict_keys(['example_dag_decorator']) retrieved from /home/vladimir/.local/lib/python3.10/site-packages/airflow/example_dags/example_dag_decorator.py
[2023-04-22T22:53:17.891+0300] {logging_mixin.py:137} INFO - [2023-04-22T22:53:17.890+0300] {dag.py:2705} INFO - Sync 1 DAGs
[2023-04-22T22:53:17.901+0300] {logging_mixin.py:137} INFO - [2023-04-22T22:53:17.901+0300] {dag.py:3452} INFO - Setting next_dagrun for example_dag_decorator to None, run_after=None
[2023-04-22T22:53:17.912+0300] {processor.py:175} INFO - Processing /home/vladimir/.local/lib/python3.10/site-packages/airflow/example_dags/example_dag_decorator.py took 0.078 seconds
[2023-04-22T22:53:57.147+0300] {processor.py:153} INFO - Started process (PID=11769) to work on /home/vladimir/.local/lib/python3.10/site-packages/airflow/example_dags/example_dag_decorator.py
[2023-04-22T22:53:57.148+0300] {processor.py:743} INFO - Processing file /home/vladimir/.local/lib/python3.10/site-packages/airflow/example_dags/example_dag_decorator.py for tasks to queue
[2023-04-22T22:53:57.149+0300] {logging_mixin.py:137} INFO - [2023-04-22T22:53:57.149+0300] {dagbag.py:532} INFO - Filling up the DagBag from /home/vladimir/.local/lib/python3.10/site-packages/airflow/example_dags/example_dag_decorator.py
[2023-04-22T22:53:57.161+0300] {logging_mixin.py:137} INFO - [2023-04-22T22:53:57.161+0300] {taskmixin.py:211} WARNING - Dependency <Task(_PythonDecoratedOperator): prepare_email>, send_email already registered for DAG: example_dag_decorator
[2023-04-22T22:53:57.161+0300] {logging_mixin.py:137} INFO - [2023-04-22T22:53:57.161+0300] {taskmixin.py:211} WARNING - Dependency <Task(EmailOperator): send_email>, prepare_email already registered for DAG: example_dag_decorator
[2023-04-22T22:53:57.169+0300] {processor.py:753} INFO - DAG(s) dict_keys(['example_dag_decorator']) retrieved from /home/vladimir/.local/lib/python3.10/site-packages/airflow/example_dags/example_dag_decorator.py
[2023-04-22T22:53:57.202+0300] {logging_mixin.py:137} INFO - [2023-04-22T22:53:57.202+0300] {dag.py:2705} INFO - Sync 1 DAGs
[2023-04-22T22:53:57.212+0300] {logging_mixin.py:137} INFO - [2023-04-22T22:53:57.212+0300] {dag.py:3452} INFO - Setting next_dagrun for example_dag_decorator to None, run_after=None
[2023-04-22T22:53:57.225+0300] {processor.py:175} INFO - Processing /home/vladimir/.local/lib/python3.10/site-packages/airflow/example_dags/example_dag_decorator.py took 0.080 seconds
[2023-04-22T22:54:36.055+0300] {processor.py:153} INFO - Started process (PID=11825) to work on /home/vladimir/.local/lib/python3.10/site-packages/airflow/example_dags/example_dag_decorator.py
[2023-04-22T22:54:36.056+0300] {processor.py:743} INFO - Processing file /home/vladimir/.local/lib/python3.10/site-packages/airflow/example_dags/example_dag_decorator.py for tasks to queue
[2023-04-22T22:54:36.056+0300] {logging_mixin.py:137} INFO - [2023-04-22T22:54:36.056+0300] {dagbag.py:532} INFO - Filling up the DagBag from /home/vladimir/.local/lib/python3.10/site-packages/airflow/example_dags/example_dag_decorator.py
[2023-04-22T22:54:36.069+0300] {logging_mixin.py:137} INFO - [2023-04-22T22:54:36.069+0300] {taskmixin.py:211} WARNING - Dependency <Task(_PythonDecoratedOperator): prepare_email>, send_email already registered for DAG: example_dag_decorator
[2023-04-22T22:54:36.069+0300] {logging_mixin.py:137} INFO - [2023-04-22T22:54:36.069+0300] {taskmixin.py:211} WARNING - Dependency <Task(EmailOperator): send_email>, prepare_email already registered for DAG: example_dag_decorator
[2023-04-22T22:54:36.077+0300] {processor.py:753} INFO - DAG(s) dict_keys(['example_dag_decorator']) retrieved from /home/vladimir/.local/lib/python3.10/site-packages/airflow/example_dags/example_dag_decorator.py
[2023-04-22T22:54:36.110+0300] {logging_mixin.py:137} INFO - [2023-04-22T22:54:36.110+0300] {dag.py:2705} INFO - Sync 1 DAGs
[2023-04-22T22:54:36.121+0300] {logging_mixin.py:137} INFO - [2023-04-22T22:54:36.121+0300] {dag.py:3452} INFO - Setting next_dagrun for example_dag_decorator to None, run_after=None
[2023-04-22T22:54:36.134+0300] {processor.py:175} INFO - Processing /home/vladimir/.local/lib/python3.10/site-packages/airflow/example_dags/example_dag_decorator.py took 0.081 seconds
[2023-04-22T22:55:10.475+0300] {processor.py:153} INFO - Started process (PID=11889) to work on /home/vladimir/.local/lib/python3.10/site-packages/airflow/example_dags/example_dag_decorator.py
[2023-04-22T22:55:10.476+0300] {processor.py:743} INFO - Processing file /home/vladimir/.local/lib/python3.10/site-packages/airflow/example_dags/example_dag_decorator.py for tasks to queue
[2023-04-22T22:55:10.476+0300] {logging_mixin.py:137} INFO - [2023-04-22T22:55:10.476+0300] {dagbag.py:532} INFO - Filling up the DagBag from /home/vladimir/.local/lib/python3.10/site-packages/airflow/example_dags/example_dag_decorator.py
[2023-04-22T22:55:10.488+0300] {logging_mixin.py:137} INFO - [2023-04-22T22:55:10.488+0300] {taskmixin.py:211} WARNING - Dependency <Task(_PythonDecoratedOperator): prepare_email>, send_email already registered for DAG: example_dag_decorator
[2023-04-22T22:55:10.489+0300] {logging_mixin.py:137} INFO - [2023-04-22T22:55:10.488+0300] {taskmixin.py:211} WARNING - Dependency <Task(EmailOperator): send_email>, prepare_email already registered for DAG: example_dag_decorator
[2023-04-22T22:55:10.496+0300] {processor.py:753} INFO - DAG(s) dict_keys(['example_dag_decorator']) retrieved from /home/vladimir/.local/lib/python3.10/site-packages/airflow/example_dags/example_dag_decorator.py
[2023-04-22T22:55:10.528+0300] {logging_mixin.py:137} INFO - [2023-04-22T22:55:10.527+0300] {dag.py:2705} INFO - Sync 1 DAGs
[2023-04-22T22:55:10.538+0300] {logging_mixin.py:137} INFO - [2023-04-22T22:55:10.538+0300] {dag.py:3452} INFO - Setting next_dagrun for example_dag_decorator to None, run_after=None
[2023-04-22T22:55:10.551+0300] {processor.py:175} INFO - Processing /home/vladimir/.local/lib/python3.10/site-packages/airflow/example_dags/example_dag_decorator.py took 0.078 seconds
[2023-04-22T22:55:46.816+0300] {processor.py:153} INFO - Started process (PID=11931) to work on /home/vladimir/.local/lib/python3.10/site-packages/airflow/example_dags/example_dag_decorator.py
[2023-04-22T22:55:46.817+0300] {processor.py:743} INFO - Processing file /home/vladimir/.local/lib/python3.10/site-packages/airflow/example_dags/example_dag_decorator.py for tasks to queue
[2023-04-22T22:55:46.817+0300] {logging_mixin.py:137} INFO - [2023-04-22T22:55:46.817+0300] {dagbag.py:532} INFO - Filling up the DagBag from /home/vladimir/.local/lib/python3.10/site-packages/airflow/example_dags/example_dag_decorator.py
[2023-04-22T22:55:46.829+0300] {logging_mixin.py:137} INFO - [2023-04-22T22:55:46.829+0300] {taskmixin.py:211} WARNING - Dependency <Task(_PythonDecoratedOperator): prepare_email>, send_email already registered for DAG: example_dag_decorator
[2023-04-22T22:55:46.829+0300] {logging_mixin.py:137} INFO - [2023-04-22T22:55:46.829+0300] {taskmixin.py:211} WARNING - Dependency <Task(EmailOperator): send_email>, prepare_email already registered for DAG: example_dag_decorator
[2023-04-22T22:55:46.836+0300] {processor.py:753} INFO - DAG(s) dict_keys(['example_dag_decorator']) retrieved from /home/vladimir/.local/lib/python3.10/site-packages/airflow/example_dags/example_dag_decorator.py
[2023-04-22T22:55:46.867+0300] {logging_mixin.py:137} INFO - [2023-04-22T22:55:46.867+0300] {dag.py:2705} INFO - Sync 1 DAGs
[2023-04-22T22:55:46.878+0300] {logging_mixin.py:137} INFO - [2023-04-22T22:55:46.878+0300] {dag.py:3452} INFO - Setting next_dagrun for example_dag_decorator to None, run_after=None
[2023-04-22T22:55:46.889+0300] {processor.py:175} INFO - Processing /home/vladimir/.local/lib/python3.10/site-packages/airflow/example_dags/example_dag_decorator.py took 0.075 seconds
[2023-04-22T22:56:22.505+0300] {processor.py:153} INFO - Started process (PID=11995) to work on /home/vladimir/.local/lib/python3.10/site-packages/airflow/example_dags/example_dag_decorator.py
[2023-04-22T22:56:22.506+0300] {processor.py:743} INFO - Processing file /home/vladimir/.local/lib/python3.10/site-packages/airflow/example_dags/example_dag_decorator.py for tasks to queue
[2023-04-22T22:56:22.507+0300] {logging_mixin.py:137} INFO - [2023-04-22T22:56:22.507+0300] {dagbag.py:532} INFO - Filling up the DagBag from /home/vladimir/.local/lib/python3.10/site-packages/airflow/example_dags/example_dag_decorator.py
[2023-04-22T22:56:22.521+0300] {logging_mixin.py:137} INFO - [2023-04-22T22:56:22.521+0300] {taskmixin.py:211} WARNING - Dependency <Task(_PythonDecoratedOperator): prepare_email>, send_email already registered for DAG: example_dag_decorator
[2023-04-22T22:56:22.521+0300] {logging_mixin.py:137} INFO - [2023-04-22T22:56:22.521+0300] {taskmixin.py:211} WARNING - Dependency <Task(EmailOperator): send_email>, prepare_email already registered for DAG: example_dag_decorator
[2023-04-22T22:56:22.529+0300] {processor.py:753} INFO - DAG(s) dict_keys(['example_dag_decorator']) retrieved from /home/vladimir/.local/lib/python3.10/site-packages/airflow/example_dags/example_dag_decorator.py
[2023-04-22T22:56:22.563+0300] {logging_mixin.py:137} INFO - [2023-04-22T22:56:22.563+0300] {dag.py:2705} INFO - Sync 1 DAGs
[2023-04-22T22:56:22.578+0300] {logging_mixin.py:137} INFO - [2023-04-22T22:56:22.578+0300] {dag.py:3452} INFO - Setting next_dagrun for example_dag_decorator to None, run_after=None
[2023-04-22T22:56:22.592+0300] {processor.py:175} INFO - Processing /home/vladimir/.local/lib/python3.10/site-packages/airflow/example_dags/example_dag_decorator.py took 0.089 seconds
[2023-04-23T01:28:44.364+0300] {processor.py:153} INFO - Started process (PID=4373) to work on /home/vladimir/.local/lib/python3.10/site-packages/airflow/example_dags/example_dag_decorator.py
[2023-04-23T01:28:44.614+0300] {processor.py:743} INFO - Processing file /home/vladimir/.local/lib/python3.10/site-packages/airflow/example_dags/example_dag_decorator.py for tasks to queue
[2023-04-23T01:28:44.615+0300] {logging_mixin.py:137} INFO - [2023-04-23T01:28:44.615+0300] {dagbag.py:532} INFO - Filling up the DagBag from /home/vladimir/.local/lib/python3.10/site-packages/airflow/example_dags/example_dag_decorator.py
[2023-04-23T01:28:44.692+0300] {logging_mixin.py:137} INFO - [2023-04-23T01:28:44.692+0300] {taskmixin.py:211} WARNING - Dependency <Task(_PythonDecoratedOperator): prepare_email>, send_email already registered for DAG: example_dag_decorator
[2023-04-23T01:28:44.692+0300] {logging_mixin.py:137} INFO - [2023-04-23T01:28:44.692+0300] {taskmixin.py:211} WARNING - Dependency <Task(EmailOperator): send_email>, prepare_email already registered for DAG: example_dag_decorator
[2023-04-23T01:28:44.704+0300] {processor.py:753} INFO - DAG(s) dict_keys(['example_dag_decorator']) retrieved from /home/vladimir/.local/lib/python3.10/site-packages/airflow/example_dags/example_dag_decorator.py
[2023-04-23T01:28:44.742+0300] {logging_mixin.py:137} INFO - [2023-04-23T01:28:44.742+0300] {dag.py:2705} INFO - Sync 1 DAGs
[2023-04-23T01:28:44.755+0300] {logging_mixin.py:137} INFO - [2023-04-23T01:28:44.755+0300] {dag.py:3452} INFO - Setting next_dagrun for example_dag_decorator to None, run_after=None
[2023-04-23T01:28:44.771+0300] {processor.py:175} INFO - Processing /home/vladimir/.local/lib/python3.10/site-packages/airflow/example_dags/example_dag_decorator.py took 0.410 seconds
[2023-04-23T01:29:27.487+0300] {processor.py:153} INFO - Started process (PID=4437) to work on /home/vladimir/.local/lib/python3.10/site-packages/airflow/example_dags/example_dag_decorator.py
[2023-04-23T01:29:27.487+0300] {processor.py:743} INFO - Processing file /home/vladimir/.local/lib/python3.10/site-packages/airflow/example_dags/example_dag_decorator.py for tasks to queue
[2023-04-23T01:29:27.488+0300] {logging_mixin.py:137} INFO - [2023-04-23T01:29:27.488+0300] {dagbag.py:532} INFO - Filling up the DagBag from /home/vladimir/.local/lib/python3.10/site-packages/airflow/example_dags/example_dag_decorator.py
[2023-04-23T01:29:27.502+0300] {logging_mixin.py:137} INFO - [2023-04-23T01:29:27.502+0300] {taskmixin.py:211} WARNING - Dependency <Task(_PythonDecoratedOperator): prepare_email>, send_email already registered for DAG: example_dag_decorator
[2023-04-23T01:29:27.502+0300] {logging_mixin.py:137} INFO - [2023-04-23T01:29:27.502+0300] {taskmixin.py:211} WARNING - Dependency <Task(EmailOperator): send_email>, prepare_email already registered for DAG: example_dag_decorator
[2023-04-23T01:29:27.511+0300] {processor.py:753} INFO - DAG(s) dict_keys(['example_dag_decorator']) retrieved from /home/vladimir/.local/lib/python3.10/site-packages/airflow/example_dags/example_dag_decorator.py
[2023-04-23T01:29:27.549+0300] {logging_mixin.py:137} INFO - [2023-04-23T01:29:27.549+0300] {dag.py:2705} INFO - Sync 1 DAGs
[2023-04-23T01:29:27.561+0300] {logging_mixin.py:137} INFO - [2023-04-23T01:29:27.561+0300] {dag.py:3452} INFO - Setting next_dagrun for example_dag_decorator to None, run_after=None
[2023-04-23T01:29:27.579+0300] {processor.py:175} INFO - Processing /home/vladimir/.local/lib/python3.10/site-packages/airflow/example_dags/example_dag_decorator.py took 0.094 seconds
[2023-04-23T01:30:01.814+0300] {processor.py:153} INFO - Started process (PID=4481) to work on /home/vladimir/.local/lib/python3.10/site-packages/airflow/example_dags/example_dag_decorator.py
[2023-04-23T01:30:01.815+0300] {processor.py:743} INFO - Processing file /home/vladimir/.local/lib/python3.10/site-packages/airflow/example_dags/example_dag_decorator.py for tasks to queue
[2023-04-23T01:30:01.815+0300] {logging_mixin.py:137} INFO - [2023-04-23T01:30:01.815+0300] {dagbag.py:532} INFO - Filling up the DagBag from /home/vladimir/.local/lib/python3.10/site-packages/airflow/example_dags/example_dag_decorator.py
[2023-04-23T01:30:01.828+0300] {logging_mixin.py:137} INFO - [2023-04-23T01:30:01.828+0300] {taskmixin.py:211} WARNING - Dependency <Task(_PythonDecoratedOperator): prepare_email>, send_email already registered for DAG: example_dag_decorator
[2023-04-23T01:30:01.828+0300] {logging_mixin.py:137} INFO - [2023-04-23T01:30:01.828+0300] {taskmixin.py:211} WARNING - Dependency <Task(EmailOperator): send_email>, prepare_email already registered for DAG: example_dag_decorator
[2023-04-23T01:30:01.836+0300] {processor.py:753} INFO - DAG(s) dict_keys(['example_dag_decorator']) retrieved from /home/vladimir/.local/lib/python3.10/site-packages/airflow/example_dags/example_dag_decorator.py
[2023-04-23T01:30:01.875+0300] {logging_mixin.py:137} INFO - [2023-04-23T01:30:01.875+0300] {dag.py:2705} INFO - Sync 1 DAGs
[2023-04-23T01:30:01.889+0300] {logging_mixin.py:137} INFO - [2023-04-23T01:30:01.889+0300] {dag.py:3452} INFO - Setting next_dagrun for example_dag_decorator to None, run_after=None
[2023-04-23T01:30:01.903+0300] {processor.py:175} INFO - Processing /home/vladimir/.local/lib/python3.10/site-packages/airflow/example_dags/example_dag_decorator.py took 0.091 seconds
[2023-04-23T01:30:35.512+0300] {processor.py:153} INFO - Started process (PID=4558) to work on /home/vladimir/.local/lib/python3.10/site-packages/airflow/example_dags/example_dag_decorator.py
[2023-04-23T01:30:35.512+0300] {processor.py:743} INFO - Processing file /home/vladimir/.local/lib/python3.10/site-packages/airflow/example_dags/example_dag_decorator.py for tasks to queue
[2023-04-23T01:30:35.513+0300] {logging_mixin.py:137} INFO - [2023-04-23T01:30:35.513+0300] {dagbag.py:532} INFO - Filling up the DagBag from /home/vladimir/.local/lib/python3.10/site-packages/airflow/example_dags/example_dag_decorator.py
[2023-04-23T01:30:35.525+0300] {logging_mixin.py:137} INFO - [2023-04-23T01:30:35.525+0300] {taskmixin.py:211} WARNING - Dependency <Task(_PythonDecoratedOperator): prepare_email>, send_email already registered for DAG: example_dag_decorator
[2023-04-23T01:30:35.525+0300] {logging_mixin.py:137} INFO - [2023-04-23T01:30:35.525+0300] {taskmixin.py:211} WARNING - Dependency <Task(EmailOperator): send_email>, prepare_email already registered for DAG: example_dag_decorator
[2023-04-23T01:30:35.534+0300] {processor.py:753} INFO - DAG(s) dict_keys(['example_dag_decorator']) retrieved from /home/vladimir/.local/lib/python3.10/site-packages/airflow/example_dags/example_dag_decorator.py
[2023-04-23T01:30:35.566+0300] {logging_mixin.py:137} INFO - [2023-04-23T01:30:35.565+0300] {dag.py:2705} INFO - Sync 1 DAGs
[2023-04-23T01:30:35.577+0300] {logging_mixin.py:137} INFO - [2023-04-23T01:30:35.577+0300] {dag.py:3452} INFO - Setting next_dagrun for example_dag_decorator to None, run_after=None
[2023-04-23T01:30:35.590+0300] {processor.py:175} INFO - Processing /home/vladimir/.local/lib/python3.10/site-packages/airflow/example_dags/example_dag_decorator.py took 0.080 seconds
[2023-04-23T01:31:16.786+0300] {processor.py:153} INFO - Started process (PID=4617) to work on /home/vladimir/.local/lib/python3.10/site-packages/airflow/example_dags/example_dag_decorator.py
[2023-04-23T01:31:16.787+0300] {processor.py:743} INFO - Processing file /home/vladimir/.local/lib/python3.10/site-packages/airflow/example_dags/example_dag_decorator.py for tasks to queue
[2023-04-23T01:31:16.788+0300] {logging_mixin.py:137} INFO - [2023-04-23T01:31:16.788+0300] {dagbag.py:532} INFO - Filling up the DagBag from /home/vladimir/.local/lib/python3.10/site-packages/airflow/example_dags/example_dag_decorator.py
[2023-04-23T01:31:16.800+0300] {logging_mixin.py:137} INFO - [2023-04-23T01:31:16.800+0300] {taskmixin.py:211} WARNING - Dependency <Task(_PythonDecoratedOperator): prepare_email>, send_email already registered for DAG: example_dag_decorator
[2023-04-23T01:31:16.800+0300] {logging_mixin.py:137} INFO - [2023-04-23T01:31:16.800+0300] {taskmixin.py:211} WARNING - Dependency <Task(EmailOperator): send_email>, prepare_email already registered for DAG: example_dag_decorator
[2023-04-23T01:31:16.808+0300] {processor.py:753} INFO - DAG(s) dict_keys(['example_dag_decorator']) retrieved from /home/vladimir/.local/lib/python3.10/site-packages/airflow/example_dags/example_dag_decorator.py
[2023-04-23T01:31:16.840+0300] {logging_mixin.py:137} INFO - [2023-04-23T01:31:16.840+0300] {dag.py:2705} INFO - Sync 1 DAGs
[2023-04-23T01:31:16.853+0300] {logging_mixin.py:137} INFO - [2023-04-23T01:31:16.853+0300] {dag.py:3452} INFO - Setting next_dagrun for example_dag_decorator to None, run_after=None
[2023-04-23T01:31:16.867+0300] {processor.py:175} INFO - Processing /home/vladimir/.local/lib/python3.10/site-packages/airflow/example_dags/example_dag_decorator.py took 0.083 seconds
[2023-04-23T01:31:50.274+0300] {processor.py:153} INFO - Started process (PID=4661) to work on /home/vladimir/.local/lib/python3.10/site-packages/airflow/example_dags/example_dag_decorator.py
[2023-04-23T01:31:50.275+0300] {processor.py:743} INFO - Processing file /home/vladimir/.local/lib/python3.10/site-packages/airflow/example_dags/example_dag_decorator.py for tasks to queue
[2023-04-23T01:31:50.276+0300] {logging_mixin.py:137} INFO - [2023-04-23T01:31:50.275+0300] {dagbag.py:532} INFO - Filling up the DagBag from /home/vladimir/.local/lib/python3.10/site-packages/airflow/example_dags/example_dag_decorator.py
[2023-04-23T01:31:50.291+0300] {logging_mixin.py:137} INFO - [2023-04-23T01:31:50.290+0300] {taskmixin.py:211} WARNING - Dependency <Task(_PythonDecoratedOperator): prepare_email>, send_email already registered for DAG: example_dag_decorator
[2023-04-23T01:31:50.291+0300] {logging_mixin.py:137} INFO - [2023-04-23T01:31:50.291+0300] {taskmixin.py:211} WARNING - Dependency <Task(EmailOperator): send_email>, prepare_email already registered for DAG: example_dag_decorator
[2023-04-23T01:31:50.298+0300] {processor.py:753} INFO - DAG(s) dict_keys(['example_dag_decorator']) retrieved from /home/vladimir/.local/lib/python3.10/site-packages/airflow/example_dags/example_dag_decorator.py
[2023-04-23T01:31:50.332+0300] {logging_mixin.py:137} INFO - [2023-04-23T01:31:50.332+0300] {dag.py:2705} INFO - Sync 1 DAGs
[2023-04-23T01:31:50.344+0300] {logging_mixin.py:137} INFO - [2023-04-23T01:31:50.343+0300] {dag.py:3452} INFO - Setting next_dagrun for example_dag_decorator to None, run_after=None
[2023-04-23T01:31:50.357+0300] {processor.py:175} INFO - Processing /home/vladimir/.local/lib/python3.10/site-packages/airflow/example_dags/example_dag_decorator.py took 0.086 seconds
[2023-04-23T01:32:31.877+0300] {processor.py:153} INFO - Started process (PID=4712) to work on /home/vladimir/.local/lib/python3.10/site-packages/airflow/example_dags/example_dag_decorator.py
[2023-04-23T01:32:31.877+0300] {processor.py:743} INFO - Processing file /home/vladimir/.local/lib/python3.10/site-packages/airflow/example_dags/example_dag_decorator.py for tasks to queue
[2023-04-23T01:32:31.878+0300] {logging_mixin.py:137} INFO - [2023-04-23T01:32:31.878+0300] {dagbag.py:532} INFO - Filling up the DagBag from /home/vladimir/.local/lib/python3.10/site-packages/airflow/example_dags/example_dag_decorator.py
[2023-04-23T01:32:31.891+0300] {logging_mixin.py:137} INFO - [2023-04-23T01:32:31.891+0300] {taskmixin.py:211} WARNING - Dependency <Task(_PythonDecoratedOperator): prepare_email>, send_email already registered for DAG: example_dag_decorator
[2023-04-23T01:32:31.891+0300] {logging_mixin.py:137} INFO - [2023-04-23T01:32:31.891+0300] {taskmixin.py:211} WARNING - Dependency <Task(EmailOperator): send_email>, prepare_email already registered for DAG: example_dag_decorator
[2023-04-23T01:32:31.899+0300] {processor.py:753} INFO - DAG(s) dict_keys(['example_dag_decorator']) retrieved from /home/vladimir/.local/lib/python3.10/site-packages/airflow/example_dags/example_dag_decorator.py
[2023-04-23T01:32:31.935+0300] {logging_mixin.py:137} INFO - [2023-04-23T01:32:31.934+0300] {dag.py:2705} INFO - Sync 1 DAGs
[2023-04-23T01:32:31.947+0300] {logging_mixin.py:137} INFO - [2023-04-23T01:32:31.947+0300] {dag.py:3452} INFO - Setting next_dagrun for example_dag_decorator to None, run_after=None
[2023-04-23T01:32:31.960+0300] {processor.py:175} INFO - Processing /home/vladimir/.local/lib/python3.10/site-packages/airflow/example_dags/example_dag_decorator.py took 0.086 seconds
[2023-04-23T01:33:11.275+0300] {processor.py:153} INFO - Started process (PID=4772) to work on /home/vladimir/.local/lib/python3.10/site-packages/airflow/example_dags/example_dag_decorator.py
[2023-04-23T01:33:11.276+0300] {processor.py:743} INFO - Processing file /home/vladimir/.local/lib/python3.10/site-packages/airflow/example_dags/example_dag_decorator.py for tasks to queue
[2023-04-23T01:33:11.276+0300] {logging_mixin.py:137} INFO - [2023-04-23T01:33:11.276+0300] {dagbag.py:532} INFO - Filling up the DagBag from /home/vladimir/.local/lib/python3.10/site-packages/airflow/example_dags/example_dag_decorator.py
[2023-04-23T01:33:11.289+0300] {logging_mixin.py:137} INFO - [2023-04-23T01:33:11.289+0300] {taskmixin.py:211} WARNING - Dependency <Task(_PythonDecoratedOperator): prepare_email>, send_email already registered for DAG: example_dag_decorator
[2023-04-23T01:33:11.289+0300] {logging_mixin.py:137} INFO - [2023-04-23T01:33:11.289+0300] {taskmixin.py:211} WARNING - Dependency <Task(EmailOperator): send_email>, prepare_email already registered for DAG: example_dag_decorator
[2023-04-23T01:33:11.297+0300] {processor.py:753} INFO - DAG(s) dict_keys(['example_dag_decorator']) retrieved from /home/vladimir/.local/lib/python3.10/site-packages/airflow/example_dags/example_dag_decorator.py
[2023-04-23T01:33:11.329+0300] {logging_mixin.py:137} INFO - [2023-04-23T01:33:11.328+0300] {dag.py:2705} INFO - Sync 1 DAGs
[2023-04-23T01:33:11.339+0300] {logging_mixin.py:137} INFO - [2023-04-23T01:33:11.339+0300] {dag.py:3452} INFO - Setting next_dagrun for example_dag_decorator to None, run_after=None
[2023-04-23T01:33:11.351+0300] {processor.py:175} INFO - Processing /home/vladimir/.local/lib/python3.10/site-packages/airflow/example_dags/example_dag_decorator.py took 0.078 seconds
[2023-04-23T01:33:42.781+0300] {processor.py:153} INFO - Started process (PID=4809) to work on /home/vladimir/.local/lib/python3.10/site-packages/airflow/example_dags/example_dag_decorator.py
[2023-04-23T01:33:42.782+0300] {processor.py:743} INFO - Processing file /home/vladimir/.local/lib/python3.10/site-packages/airflow/example_dags/example_dag_decorator.py for tasks to queue
[2023-04-23T01:33:42.783+0300] {logging_mixin.py:137} INFO - [2023-04-23T01:33:42.782+0300] {dagbag.py:532} INFO - Filling up the DagBag from /home/vladimir/.local/lib/python3.10/site-packages/airflow/example_dags/example_dag_decorator.py
[2023-04-23T01:33:42.795+0300] {logging_mixin.py:137} INFO - [2023-04-23T01:33:42.795+0300] {taskmixin.py:211} WARNING - Dependency <Task(_PythonDecoratedOperator): prepare_email>, send_email already registered for DAG: example_dag_decorator
[2023-04-23T01:33:42.796+0300] {logging_mixin.py:137} INFO - [2023-04-23T01:33:42.795+0300] {taskmixin.py:211} WARNING - Dependency <Task(EmailOperator): send_email>, prepare_email already registered for DAG: example_dag_decorator
[2023-04-23T01:33:42.803+0300] {processor.py:753} INFO - DAG(s) dict_keys(['example_dag_decorator']) retrieved from /home/vladimir/.local/lib/python3.10/site-packages/airflow/example_dags/example_dag_decorator.py
[2023-04-23T01:33:42.836+0300] {logging_mixin.py:137} INFO - [2023-04-23T01:33:42.836+0300] {dag.py:2705} INFO - Sync 1 DAGs
[2023-04-23T01:33:42.847+0300] {logging_mixin.py:137} INFO - [2023-04-23T01:33:42.846+0300] {dag.py:3452} INFO - Setting next_dagrun for example_dag_decorator to None, run_after=None
[2023-04-23T01:33:42.860+0300] {processor.py:175} INFO - Processing /home/vladimir/.local/lib/python3.10/site-packages/airflow/example_dags/example_dag_decorator.py took 0.081 seconds
[2023-04-23T01:34:22.872+0300] {processor.py:153} INFO - Started process (PID=4915) to work on /home/vladimir/.local/lib/python3.10/site-packages/airflow/example_dags/example_dag_decorator.py
[2023-04-23T01:34:22.873+0300] {processor.py:743} INFO - Processing file /home/vladimir/.local/lib/python3.10/site-packages/airflow/example_dags/example_dag_decorator.py for tasks to queue
[2023-04-23T01:34:22.874+0300] {logging_mixin.py:137} INFO - [2023-04-23T01:34:22.874+0300] {dagbag.py:532} INFO - Filling up the DagBag from /home/vladimir/.local/lib/python3.10/site-packages/airflow/example_dags/example_dag_decorator.py
[2023-04-23T01:34:22.886+0300] {logging_mixin.py:137} INFO - [2023-04-23T01:34:22.886+0300] {taskmixin.py:211} WARNING - Dependency <Task(_PythonDecoratedOperator): prepare_email>, send_email already registered for DAG: example_dag_decorator
[2023-04-23T01:34:22.886+0300] {logging_mixin.py:137} INFO - [2023-04-23T01:34:22.886+0300] {taskmixin.py:211} WARNING - Dependency <Task(EmailOperator): send_email>, prepare_email already registered for DAG: example_dag_decorator
[2023-04-23T01:34:22.894+0300] {processor.py:753} INFO - DAG(s) dict_keys(['example_dag_decorator']) retrieved from /home/vladimir/.local/lib/python3.10/site-packages/airflow/example_dags/example_dag_decorator.py
[2023-04-23T01:34:22.927+0300] {logging_mixin.py:137} INFO - [2023-04-23T01:34:22.927+0300] {dag.py:2705} INFO - Sync 1 DAGs
[2023-04-23T01:34:22.940+0300] {logging_mixin.py:137} INFO - [2023-04-23T01:34:22.939+0300] {dag.py:3452} INFO - Setting next_dagrun for example_dag_decorator to None, run_after=None
[2023-04-23T01:34:22.952+0300] {processor.py:175} INFO - Processing /home/vladimir/.local/lib/python3.10/site-packages/airflow/example_dags/example_dag_decorator.py took 0.082 seconds
[2023-04-23T01:34:59.842+0300] {processor.py:153} INFO - Started process (PID=4963) to work on /home/vladimir/.local/lib/python3.10/site-packages/airflow/example_dags/example_dag_decorator.py
[2023-04-23T01:34:59.845+0300] {processor.py:743} INFO - Processing file /home/vladimir/.local/lib/python3.10/site-packages/airflow/example_dags/example_dag_decorator.py for tasks to queue
[2023-04-23T01:34:59.846+0300] {logging_mixin.py:137} INFO - [2023-04-23T01:34:59.845+0300] {dagbag.py:532} INFO - Filling up the DagBag from /home/vladimir/.local/lib/python3.10/site-packages/airflow/example_dags/example_dag_decorator.py
[2023-04-23T01:34:59.858+0300] {logging_mixin.py:137} INFO - [2023-04-23T01:34:59.858+0300] {taskmixin.py:211} WARNING - Dependency <Task(_PythonDecoratedOperator): prepare_email>, send_email already registered for DAG: example_dag_decorator
[2023-04-23T01:34:59.858+0300] {logging_mixin.py:137} INFO - [2023-04-23T01:34:59.858+0300] {taskmixin.py:211} WARNING - Dependency <Task(EmailOperator): send_email>, prepare_email already registered for DAG: example_dag_decorator
[2023-04-23T01:34:59.866+0300] {processor.py:753} INFO - DAG(s) dict_keys(['example_dag_decorator']) retrieved from /home/vladimir/.local/lib/python3.10/site-packages/airflow/example_dags/example_dag_decorator.py
[2023-04-23T01:34:59.898+0300] {logging_mixin.py:137} INFO - [2023-04-23T01:34:59.898+0300] {dag.py:2705} INFO - Sync 1 DAGs
[2023-04-23T01:34:59.910+0300] {logging_mixin.py:137} INFO - [2023-04-23T01:34:59.910+0300] {dag.py:3452} INFO - Setting next_dagrun for example_dag_decorator to None, run_after=None
[2023-04-23T01:34:59.922+0300] {processor.py:175} INFO - Processing /home/vladimir/.local/lib/python3.10/site-packages/airflow/example_dags/example_dag_decorator.py took 0.083 seconds
