[2023-04-22T22:50:19.708+0300] {processor.py:153} INFO - Started process (PID=11389) to work on /home/vladimir/.local/lib/python3.10/site-packages/airflow/example_dags/example_skip_dag.py
[2023-04-22T22:50:19.709+0300] {processor.py:743} INFO - Processing file /home/vladimir/.local/lib/python3.10/site-packages/airflow/example_dags/example_skip_dag.py for tasks to queue
[2023-04-22T22:50:19.710+0300] {logging_mixin.py:137} INFO - [2023-04-22T22:50:19.709+0300] {dagbag.py:532} INFO - Filling up the DagBag from /home/vladimir/.local/lib/python3.10/site-packages/airflow/example_dags/example_skip_dag.py
[2023-04-22T22:50:19.719+0300] {processor.py:753} INFO - DAG(s) dict_keys(['example_skip_dag']) retrieved from /home/vladimir/.local/lib/python3.10/site-packages/airflow/example_dags/example_skip_dag.py
[2023-04-22T22:50:19.779+0300] {logging_mixin.py:137} INFO - [2023-04-22T22:50:19.779+0300] {manager.py:504} INFO - Created Permission View: can delete on DAG:example_skip_dag
[2023-04-22T22:50:19.785+0300] {logging_mixin.py:137} INFO - [2023-04-22T22:50:19.784+0300] {manager.py:504} INFO - Created Permission View: can read on DAG:example_skip_dag
[2023-04-22T22:50:19.789+0300] {logging_mixin.py:137} INFO - [2023-04-22T22:50:19.788+0300] {manager.py:504} INFO - Created Permission View: can edit on DAG:example_skip_dag
[2023-04-22T22:50:19.789+0300] {logging_mixin.py:137} INFO - [2023-04-22T22:50:19.789+0300] {dag.py:2705} INFO - Sync 1 DAGs
[2023-04-22T22:50:19.795+0300] {logging_mixin.py:137} INFO - [2023-04-22T22:50:19.795+0300] {dag.py:2726} INFO - Creating ORM DAG for example_skip_dag
[2023-04-22T22:50:19.801+0300] {logging_mixin.py:137} INFO - [2023-04-22T22:50:19.801+0300] {dag.py:3452} INFO - Setting next_dagrun for example_skip_dag to 2023-04-21T19:50:19.801717+00:00, run_after=2023-04-22T19:50:19.801717+00:00
[2023-04-22T22:50:19.812+0300] {processor.py:175} INFO - Processing /home/vladimir/.local/lib/python3.10/site-packages/airflow/example_dags/example_skip_dag.py took 0.106 seconds
[2023-04-22T22:51:03.050+0300] {processor.py:153} INFO - Started process (PID=11476) to work on /home/vladimir/.local/lib/python3.10/site-packages/airflow/example_dags/example_skip_dag.py
[2023-04-22T22:51:03.051+0300] {processor.py:743} INFO - Processing file /home/vladimir/.local/lib/python3.10/site-packages/airflow/example_dags/example_skip_dag.py for tasks to queue
[2023-04-22T22:51:03.052+0300] {logging_mixin.py:137} INFO - [2023-04-22T22:51:03.052+0300] {dagbag.py:532} INFO - Filling up the DagBag from /home/vladimir/.local/lib/python3.10/site-packages/airflow/example_dags/example_skip_dag.py
[2023-04-22T22:51:03.061+0300] {processor.py:753} INFO - DAG(s) dict_keys(['example_skip_dag']) retrieved from /home/vladimir/.local/lib/python3.10/site-packages/airflow/example_dags/example_skip_dag.py
[2023-04-22T22:51:03.074+0300] {logging_mixin.py:137} INFO - [2023-04-22T22:51:03.074+0300] {dag.py:2705} INFO - Sync 1 DAGs
[2023-04-22T22:51:03.086+0300] {logging_mixin.py:137} INFO - [2023-04-22T22:51:03.086+0300] {dag.py:3452} INFO - Setting next_dagrun for example_skip_dag to 2023-04-21T19:51:03.086657+00:00, run_after=2023-04-22T19:51:03.086657+00:00
[2023-04-22T22:51:03.098+0300] {processor.py:175} INFO - Processing /home/vladimir/.local/lib/python3.10/site-packages/airflow/example_dags/example_skip_dag.py took 0.050 seconds
[2023-04-22T22:51:45.061+0300] {processor.py:153} INFO - Started process (PID=11594) to work on /home/vladimir/.local/lib/python3.10/site-packages/airflow/example_dags/example_skip_dag.py
[2023-04-22T22:51:45.063+0300] {processor.py:743} INFO - Processing file /home/vladimir/.local/lib/python3.10/site-packages/airflow/example_dags/example_skip_dag.py for tasks to queue
[2023-04-22T22:51:45.063+0300] {logging_mixin.py:137} INFO - [2023-04-22T22:51:45.063+0300] {dagbag.py:532} INFO - Filling up the DagBag from /home/vladimir/.local/lib/python3.10/site-packages/airflow/example_dags/example_skip_dag.py
[2023-04-22T22:51:45.073+0300] {processor.py:753} INFO - DAG(s) dict_keys(['example_skip_dag']) retrieved from /home/vladimir/.local/lib/python3.10/site-packages/airflow/example_dags/example_skip_dag.py
[2023-04-22T22:51:45.088+0300] {logging_mixin.py:137} INFO - [2023-04-22T22:51:45.088+0300] {dag.py:2705} INFO - Sync 1 DAGs
[2023-04-22T22:51:45.100+0300] {logging_mixin.py:137} INFO - [2023-04-22T22:51:45.100+0300] {dag.py:3452} INFO - Setting next_dagrun for example_skip_dag to 2023-04-21T19:51:45.100242+00:00, run_after=2023-04-22T19:51:45.100242+00:00
[2023-04-22T22:51:45.111+0300] {processor.py:175} INFO - Processing /home/vladimir/.local/lib/python3.10/site-packages/airflow/example_dags/example_skip_dag.py took 0.052 seconds
[2023-04-22T22:52:24.438+0300] {processor.py:153} INFO - Started process (PID=11644) to work on /home/vladimir/.local/lib/python3.10/site-packages/airflow/example_dags/example_skip_dag.py
[2023-04-22T22:52:24.439+0300] {processor.py:743} INFO - Processing file /home/vladimir/.local/lib/python3.10/site-packages/airflow/example_dags/example_skip_dag.py for tasks to queue
[2023-04-22T22:52:24.439+0300] {logging_mixin.py:137} INFO - [2023-04-22T22:52:24.439+0300] {dagbag.py:532} INFO - Filling up the DagBag from /home/vladimir/.local/lib/python3.10/site-packages/airflow/example_dags/example_skip_dag.py
[2023-04-22T22:52:24.449+0300] {processor.py:753} INFO - DAG(s) dict_keys(['example_skip_dag']) retrieved from /home/vladimir/.local/lib/python3.10/site-packages/airflow/example_dags/example_skip_dag.py
[2023-04-22T22:52:24.462+0300] {logging_mixin.py:137} INFO - [2023-04-22T22:52:24.462+0300] {dag.py:2705} INFO - Sync 1 DAGs
[2023-04-22T22:52:24.475+0300] {logging_mixin.py:137} INFO - [2023-04-22T22:52:24.475+0300] {dag.py:3452} INFO - Setting next_dagrun for example_skip_dag to 2023-04-21T19:52:24.474994+00:00, run_after=2023-04-22T19:52:24.474994+00:00
[2023-04-22T22:52:24.487+0300] {processor.py:175} INFO - Processing /home/vladimir/.local/lib/python3.10/site-packages/airflow/example_dags/example_skip_dag.py took 0.052 seconds
[2023-04-22T22:53:02.278+0300] {processor.py:153} INFO - Started process (PID=11688) to work on /home/vladimir/.local/lib/python3.10/site-packages/airflow/example_dags/example_skip_dag.py
[2023-04-22T22:53:02.278+0300] {processor.py:743} INFO - Processing file /home/vladimir/.local/lib/python3.10/site-packages/airflow/example_dags/example_skip_dag.py for tasks to queue
[2023-04-22T22:53:02.279+0300] {logging_mixin.py:137} INFO - [2023-04-22T22:53:02.279+0300] {dagbag.py:532} INFO - Filling up the DagBag from /home/vladimir/.local/lib/python3.10/site-packages/airflow/example_dags/example_skip_dag.py
[2023-04-22T22:53:02.290+0300] {processor.py:753} INFO - DAG(s) dict_keys(['example_skip_dag']) retrieved from /home/vladimir/.local/lib/python3.10/site-packages/airflow/example_dags/example_skip_dag.py
[2023-04-22T22:53:02.306+0300] {logging_mixin.py:137} INFO - [2023-04-22T22:53:02.306+0300] {dag.py:2705} INFO - Sync 1 DAGs
[2023-04-22T22:53:02.320+0300] {logging_mixin.py:137} INFO - [2023-04-22T22:53:02.320+0300] {dag.py:3452} INFO - Setting next_dagrun for example_skip_dag to 2023-04-21T19:53:02.319853+00:00, run_after=2023-04-22T19:53:02.319853+00:00
[2023-04-22T22:53:02.333+0300] {processor.py:175} INFO - Processing /home/vladimir/.local/lib/python3.10/site-packages/airflow/example_dags/example_skip_dag.py took 0.057 seconds
[2023-04-22T22:53:41.686+0300] {processor.py:153} INFO - Started process (PID=11744) to work on /home/vladimir/.local/lib/python3.10/site-packages/airflow/example_dags/example_skip_dag.py
[2023-04-22T22:53:41.687+0300] {processor.py:743} INFO - Processing file /home/vladimir/.local/lib/python3.10/site-packages/airflow/example_dags/example_skip_dag.py for tasks to queue
[2023-04-22T22:53:41.688+0300] {logging_mixin.py:137} INFO - [2023-04-22T22:53:41.688+0300] {dagbag.py:532} INFO - Filling up the DagBag from /home/vladimir/.local/lib/python3.10/site-packages/airflow/example_dags/example_skip_dag.py
[2023-04-22T22:53:41.697+0300] {processor.py:753} INFO - DAG(s) dict_keys(['example_skip_dag']) retrieved from /home/vladimir/.local/lib/python3.10/site-packages/airflow/example_dags/example_skip_dag.py
[2023-04-22T22:53:41.711+0300] {logging_mixin.py:137} INFO - [2023-04-22T22:53:41.711+0300] {dag.py:2705} INFO - Sync 1 DAGs
[2023-04-22T22:53:41.723+0300] {logging_mixin.py:137} INFO - [2023-04-22T22:53:41.723+0300] {dag.py:3452} INFO - Setting next_dagrun for example_skip_dag to 2023-04-21T19:53:41.723686+00:00, run_after=2023-04-22T19:53:41.723686+00:00
[2023-04-22T22:53:41.737+0300] {processor.py:175} INFO - Processing /home/vladimir/.local/lib/python3.10/site-packages/airflow/example_dags/example_skip_dag.py took 0.053 seconds
[2023-04-22T22:54:19.954+0300] {processor.py:153} INFO - Started process (PID=11804) to work on /home/vladimir/.local/lib/python3.10/site-packages/airflow/example_dags/example_skip_dag.py
[2023-04-22T22:54:19.955+0300] {processor.py:743} INFO - Processing file /home/vladimir/.local/lib/python3.10/site-packages/airflow/example_dags/example_skip_dag.py for tasks to queue
[2023-04-22T22:54:19.955+0300] {logging_mixin.py:137} INFO - [2023-04-22T22:54:19.955+0300] {dagbag.py:532} INFO - Filling up the DagBag from /home/vladimir/.local/lib/python3.10/site-packages/airflow/example_dags/example_skip_dag.py
[2023-04-22T22:54:19.965+0300] {processor.py:753} INFO - DAG(s) dict_keys(['example_skip_dag']) retrieved from /home/vladimir/.local/lib/python3.10/site-packages/airflow/example_dags/example_skip_dag.py
[2023-04-22T22:54:19.977+0300] {logging_mixin.py:137} INFO - [2023-04-22T22:54:19.977+0300] {dag.py:2705} INFO - Sync 1 DAGs
[2023-04-22T22:54:19.990+0300] {logging_mixin.py:137} INFO - [2023-04-22T22:54:19.990+0300] {dag.py:3452} INFO - Setting next_dagrun for example_skip_dag to 2023-04-21T19:54:19.990161+00:00, run_after=2023-04-22T19:54:19.990161+00:00
[2023-04-22T22:54:20.003+0300] {processor.py:175} INFO - Processing /home/vladimir/.local/lib/python3.10/site-packages/airflow/example_dags/example_skip_dag.py took 0.051 seconds
[2023-04-22T22:54:59.205+0300] {processor.py:153} INFO - Started process (PID=11869) to work on /home/vladimir/.local/lib/python3.10/site-packages/airflow/example_dags/example_skip_dag.py
[2023-04-22T22:54:59.206+0300] {processor.py:743} INFO - Processing file /home/vladimir/.local/lib/python3.10/site-packages/airflow/example_dags/example_skip_dag.py for tasks to queue
[2023-04-22T22:54:59.206+0300] {logging_mixin.py:137} INFO - [2023-04-22T22:54:59.206+0300] {dagbag.py:532} INFO - Filling up the DagBag from /home/vladimir/.local/lib/python3.10/site-packages/airflow/example_dags/example_skip_dag.py
[2023-04-22T22:54:59.216+0300] {processor.py:753} INFO - DAG(s) dict_keys(['example_skip_dag']) retrieved from /home/vladimir/.local/lib/python3.10/site-packages/airflow/example_dags/example_skip_dag.py
[2023-04-22T22:54:59.228+0300] {logging_mixin.py:137} INFO - [2023-04-22T22:54:59.228+0300] {dag.py:2705} INFO - Sync 1 DAGs
[2023-04-22T22:54:59.240+0300] {logging_mixin.py:137} INFO - [2023-04-22T22:54:59.240+0300] {dag.py:3452} INFO - Setting next_dagrun for example_skip_dag to 2023-04-21T19:54:59.240385+00:00, run_after=2023-04-22T19:54:59.240385+00:00
[2023-04-22T22:54:59.252+0300] {processor.py:175} INFO - Processing /home/vladimir/.local/lib/python3.10/site-packages/airflow/example_dags/example_skip_dag.py took 0.050 seconds
[2023-04-22T22:55:39.978+0300] {processor.py:153} INFO - Started process (PID=11919) to work on /home/vladimir/.local/lib/python3.10/site-packages/airflow/example_dags/example_skip_dag.py
[2023-04-22T22:55:39.979+0300] {processor.py:743} INFO - Processing file /home/vladimir/.local/lib/python3.10/site-packages/airflow/example_dags/example_skip_dag.py for tasks to queue
[2023-04-22T22:55:39.979+0300] {logging_mixin.py:137} INFO - [2023-04-22T22:55:39.979+0300] {dagbag.py:532} INFO - Filling up the DagBag from /home/vladimir/.local/lib/python3.10/site-packages/airflow/example_dags/example_skip_dag.py
[2023-04-22T22:55:39.989+0300] {processor.py:753} INFO - DAG(s) dict_keys(['example_skip_dag']) retrieved from /home/vladimir/.local/lib/python3.10/site-packages/airflow/example_dags/example_skip_dag.py
[2023-04-22T22:55:40.002+0300] {logging_mixin.py:137} INFO - [2023-04-22T22:55:40.002+0300] {dag.py:2705} INFO - Sync 1 DAGs
[2023-04-22T22:55:40.013+0300] {logging_mixin.py:137} INFO - [2023-04-22T22:55:40.013+0300] {dag.py:3452} INFO - Setting next_dagrun for example_skip_dag to 2023-04-21T19:55:40.013585+00:00, run_after=2023-04-22T19:55:40.013585+00:00
[2023-04-22T22:55:40.026+0300] {processor.py:175} INFO - Processing /home/vladimir/.local/lib/python3.10/site-packages/airflow/example_dags/example_skip_dag.py took 0.050 seconds
[2023-04-22T22:56:25.163+0300] {processor.py:153} INFO - Started process (PID=11998) to work on /home/vladimir/.local/lib/python3.10/site-packages/airflow/example_dags/example_skip_dag.py
[2023-04-22T22:56:25.165+0300] {processor.py:743} INFO - Processing file /home/vladimir/.local/lib/python3.10/site-packages/airflow/example_dags/example_skip_dag.py for tasks to queue
[2023-04-22T22:56:25.165+0300] {logging_mixin.py:137} INFO - [2023-04-22T22:56:25.165+0300] {dagbag.py:532} INFO - Filling up the DagBag from /home/vladimir/.local/lib/python3.10/site-packages/airflow/example_dags/example_skip_dag.py
[2023-04-22T22:56:25.176+0300] {processor.py:753} INFO - DAG(s) dict_keys(['example_skip_dag']) retrieved from /home/vladimir/.local/lib/python3.10/site-packages/airflow/example_dags/example_skip_dag.py
[2023-04-22T22:56:25.191+0300] {logging_mixin.py:137} INFO - [2023-04-22T22:56:25.191+0300] {dag.py:2705} INFO - Sync 1 DAGs
[2023-04-22T22:56:25.205+0300] {logging_mixin.py:137} INFO - [2023-04-22T22:56:25.204+0300] {dag.py:3452} INFO - Setting next_dagrun for example_skip_dag to 2023-04-21T19:56:25.204717+00:00, run_after=2023-04-22T19:56:25.204717+00:00
[2023-04-22T22:56:25.217+0300] {processor.py:175} INFO - Processing /home/vladimir/.local/lib/python3.10/site-packages/airflow/example_dags/example_skip_dag.py took 0.056 seconds
[2023-04-23T01:29:02.860+0300] {processor.py:153} INFO - Started process (PID=4393) to work on /home/vladimir/.local/lib/python3.10/site-packages/airflow/example_dags/example_skip_dag.py
[2023-04-23T01:29:02.869+0300] {processor.py:743} INFO - Processing file /home/vladimir/.local/lib/python3.10/site-packages/airflow/example_dags/example_skip_dag.py for tasks to queue
[2023-04-23T01:29:02.870+0300] {logging_mixin.py:137} INFO - [2023-04-23T01:29:02.870+0300] {dagbag.py:532} INFO - Filling up the DagBag from /home/vladimir/.local/lib/python3.10/site-packages/airflow/example_dags/example_skip_dag.py
[2023-04-23T01:29:02.880+0300] {processor.py:753} INFO - DAG(s) dict_keys(['example_skip_dag']) retrieved from /home/vladimir/.local/lib/python3.10/site-packages/airflow/example_dags/example_skip_dag.py
[2023-04-23T01:29:02.895+0300] {logging_mixin.py:137} INFO - [2023-04-23T01:29:02.895+0300] {dag.py:2705} INFO - Sync 1 DAGs
[2023-04-23T01:29:02.909+0300] {logging_mixin.py:137} INFO - [2023-04-23T01:29:02.909+0300] {dag.py:3452} INFO - Setting next_dagrun for example_skip_dag to 2023-04-21T22:29:02.909413+00:00, run_after=2023-04-22T22:29:02.909413+00:00
[2023-04-23T01:29:02.923+0300] {processor.py:175} INFO - Processing /home/vladimir/.local/lib/python3.10/site-packages/airflow/example_dags/example_skip_dag.py took 0.065 seconds
[2023-04-23T01:29:43.007+0300] {processor.py:153} INFO - Started process (PID=4457) to work on /home/vladimir/.local/lib/python3.10/site-packages/airflow/example_dags/example_skip_dag.py
[2023-04-23T01:29:43.008+0300] {processor.py:743} INFO - Processing file /home/vladimir/.local/lib/python3.10/site-packages/airflow/example_dags/example_skip_dag.py for tasks to queue
[2023-04-23T01:29:43.008+0300] {logging_mixin.py:137} INFO - [2023-04-23T01:29:43.008+0300] {dagbag.py:532} INFO - Filling up the DagBag from /home/vladimir/.local/lib/python3.10/site-packages/airflow/example_dags/example_skip_dag.py
[2023-04-23T01:29:43.018+0300] {processor.py:753} INFO - DAG(s) dict_keys(['example_skip_dag']) retrieved from /home/vladimir/.local/lib/python3.10/site-packages/airflow/example_dags/example_skip_dag.py
[2023-04-23T01:29:43.038+0300] {logging_mixin.py:137} INFO - [2023-04-23T01:29:43.038+0300] {dag.py:2705} INFO - Sync 1 DAGs
[2023-04-23T01:29:43.053+0300] {logging_mixin.py:137} INFO - [2023-04-23T01:29:43.052+0300] {dag.py:3452} INFO - Setting next_dagrun for example_skip_dag to 2023-04-21T22:29:43.052539+00:00, run_after=2023-04-22T22:29:43.052539+00:00
[2023-04-23T01:29:43.065+0300] {processor.py:175} INFO - Processing /home/vladimir/.local/lib/python3.10/site-packages/airflow/example_dags/example_skip_dag.py took 0.061 seconds
[2023-04-23T01:30:24.102+0300] {processor.py:153} INFO - Started process (PID=4542) to work on /home/vladimir/.local/lib/python3.10/site-packages/airflow/example_dags/example_skip_dag.py
[2023-04-23T01:30:24.103+0300] {processor.py:743} INFO - Processing file /home/vladimir/.local/lib/python3.10/site-packages/airflow/example_dags/example_skip_dag.py for tasks to queue
[2023-04-23T01:30:24.103+0300] {logging_mixin.py:137} INFO - [2023-04-23T01:30:24.103+0300] {dagbag.py:532} INFO - Filling up the DagBag from /home/vladimir/.local/lib/python3.10/site-packages/airflow/example_dags/example_skip_dag.py
[2023-04-23T01:30:24.113+0300] {processor.py:753} INFO - DAG(s) dict_keys(['example_skip_dag']) retrieved from /home/vladimir/.local/lib/python3.10/site-packages/airflow/example_dags/example_skip_dag.py
[2023-04-23T01:30:24.128+0300] {logging_mixin.py:137} INFO - [2023-04-23T01:30:24.128+0300] {dag.py:2705} INFO - Sync 1 DAGs
[2023-04-23T01:30:24.140+0300] {logging_mixin.py:137} INFO - [2023-04-23T01:30:24.140+0300] {dag.py:3452} INFO - Setting next_dagrun for example_skip_dag to 2023-04-21T22:30:24.140129+00:00, run_after=2023-04-22T22:30:24.140129+00:00
[2023-04-23T01:30:24.151+0300] {processor.py:175} INFO - Processing /home/vladimir/.local/lib/python3.10/site-packages/airflow/example_dags/example_skip_dag.py took 0.051 seconds
[2023-04-23T01:31:05.781+0300] {processor.py:153} INFO - Started process (PID=4595) to work on /home/vladimir/.local/lib/python3.10/site-packages/airflow/example_dags/example_skip_dag.py
[2023-04-23T01:31:05.782+0300] {processor.py:743} INFO - Processing file /home/vladimir/.local/lib/python3.10/site-packages/airflow/example_dags/example_skip_dag.py for tasks to queue
[2023-04-23T01:31:05.783+0300] {logging_mixin.py:137} INFO - [2023-04-23T01:31:05.782+0300] {dagbag.py:532} INFO - Filling up the DagBag from /home/vladimir/.local/lib/python3.10/site-packages/airflow/example_dags/example_skip_dag.py
[2023-04-23T01:31:05.794+0300] {processor.py:753} INFO - DAG(s) dict_keys(['example_skip_dag']) retrieved from /home/vladimir/.local/lib/python3.10/site-packages/airflow/example_dags/example_skip_dag.py
[2023-04-23T01:31:05.808+0300] {logging_mixin.py:137} INFO - [2023-04-23T01:31:05.808+0300] {dag.py:2705} INFO - Sync 1 DAGs
[2023-04-23T01:31:05.820+0300] {logging_mixin.py:137} INFO - [2023-04-23T01:31:05.820+0300] {dag.py:3452} INFO - Setting next_dagrun for example_skip_dag to 2023-04-21T22:31:05.820325+00:00, run_after=2023-04-22T22:31:05.820325+00:00
[2023-04-23T01:31:05.834+0300] {processor.py:175} INFO - Processing /home/vladimir/.local/lib/python3.10/site-packages/airflow/example_dags/example_skip_dag.py took 0.055 seconds
[2023-04-23T01:31:46.410+0300] {processor.py:153} INFO - Started process (PID=4657) to work on /home/vladimir/.local/lib/python3.10/site-packages/airflow/example_dags/example_skip_dag.py
[2023-04-23T01:31:46.412+0300] {processor.py:743} INFO - Processing file /home/vladimir/.local/lib/python3.10/site-packages/airflow/example_dags/example_skip_dag.py for tasks to queue
[2023-04-23T01:31:46.413+0300] {logging_mixin.py:137} INFO - [2023-04-23T01:31:46.413+0300] {dagbag.py:532} INFO - Filling up the DagBag from /home/vladimir/.local/lib/python3.10/site-packages/airflow/example_dags/example_skip_dag.py
[2023-04-23T01:31:46.423+0300] {processor.py:753} INFO - DAG(s) dict_keys(['example_skip_dag']) retrieved from /home/vladimir/.local/lib/python3.10/site-packages/airflow/example_dags/example_skip_dag.py
[2023-04-23T01:31:46.437+0300] {logging_mixin.py:137} INFO - [2023-04-23T01:31:46.437+0300] {dag.py:2705} INFO - Sync 1 DAGs
[2023-04-23T01:31:46.449+0300] {logging_mixin.py:137} INFO - [2023-04-23T01:31:46.449+0300] {dag.py:3452} INFO - Setting next_dagrun for example_skip_dag to 2023-04-21T22:31:46.449251+00:00, run_after=2023-04-22T22:31:46.449251+00:00
[2023-04-23T01:31:46.463+0300] {processor.py:175} INFO - Processing /home/vladimir/.local/lib/python3.10/site-packages/airflow/example_dags/example_skip_dag.py took 0.055 seconds
[2023-04-23T01:32:29.612+0300] {processor.py:153} INFO - Started process (PID=4710) to work on /home/vladimir/.local/lib/python3.10/site-packages/airflow/example_dags/example_skip_dag.py
[2023-04-23T01:32:29.613+0300] {processor.py:743} INFO - Processing file /home/vladimir/.local/lib/python3.10/site-packages/airflow/example_dags/example_skip_dag.py for tasks to queue
[2023-04-23T01:32:29.614+0300] {logging_mixin.py:137} INFO - [2023-04-23T01:32:29.614+0300] {dagbag.py:532} INFO - Filling up the DagBag from /home/vladimir/.local/lib/python3.10/site-packages/airflow/example_dags/example_skip_dag.py
[2023-04-23T01:32:29.625+0300] {processor.py:753} INFO - DAG(s) dict_keys(['example_skip_dag']) retrieved from /home/vladimir/.local/lib/python3.10/site-packages/airflow/example_dags/example_skip_dag.py
[2023-04-23T01:32:29.640+0300] {logging_mixin.py:137} INFO - [2023-04-23T01:32:29.640+0300] {dag.py:2705} INFO - Sync 1 DAGs
[2023-04-23T01:32:29.652+0300] {logging_mixin.py:137} INFO - [2023-04-23T01:32:29.652+0300] {dag.py:3452} INFO - Setting next_dagrun for example_skip_dag to 2023-04-21T22:32:29.652397+00:00, run_after=2023-04-22T22:32:29.652397+00:00
[2023-04-23T01:32:29.666+0300] {processor.py:175} INFO - Processing /home/vladimir/.local/lib/python3.10/site-packages/airflow/example_dags/example_skip_dag.py took 0.056 seconds
[2023-04-23T01:33:17.079+0300] {processor.py:153} INFO - Started process (PID=4779) to work on /home/vladimir/.local/lib/python3.10/site-packages/airflow/example_dags/example_skip_dag.py
[2023-04-23T01:33:17.081+0300] {processor.py:743} INFO - Processing file /home/vladimir/.local/lib/python3.10/site-packages/airflow/example_dags/example_skip_dag.py for tasks to queue
[2023-04-23T01:33:17.082+0300] {logging_mixin.py:137} INFO - [2023-04-23T01:33:17.081+0300] {dagbag.py:532} INFO - Filling up the DagBag from /home/vladimir/.local/lib/python3.10/site-packages/airflow/example_dags/example_skip_dag.py
[2023-04-23T01:33:17.093+0300] {processor.py:753} INFO - DAG(s) dict_keys(['example_skip_dag']) retrieved from /home/vladimir/.local/lib/python3.10/site-packages/airflow/example_dags/example_skip_dag.py
[2023-04-23T01:33:17.107+0300] {logging_mixin.py:137} INFO - [2023-04-23T01:33:17.107+0300] {dag.py:2705} INFO - Sync 1 DAGs
[2023-04-23T01:33:17.120+0300] {logging_mixin.py:137} INFO - [2023-04-23T01:33:17.120+0300] {dag.py:3452} INFO - Setting next_dagrun for example_skip_dag to 2023-04-21T22:33:17.120349+00:00, run_after=2023-04-22T22:33:17.120349+00:00
[2023-04-23T01:33:17.133+0300] {processor.py:175} INFO - Processing /home/vladimir/.local/lib/python3.10/site-packages/airflow/example_dags/example_skip_dag.py took 0.056 seconds
[2023-04-23T01:33:58.187+0300] {processor.py:153} INFO - Started process (PID=4855) to work on /home/vladimir/.local/lib/python3.10/site-packages/airflow/example_dags/example_skip_dag.py
[2023-04-23T01:33:58.188+0300] {processor.py:743} INFO - Processing file /home/vladimir/.local/lib/python3.10/site-packages/airflow/example_dags/example_skip_dag.py for tasks to queue
[2023-04-23T01:33:58.188+0300] {logging_mixin.py:137} INFO - [2023-04-23T01:33:58.188+0300] {dagbag.py:532} INFO - Filling up the DagBag from /home/vladimir/.local/lib/python3.10/site-packages/airflow/example_dags/example_skip_dag.py
[2023-04-23T01:33:58.198+0300] {processor.py:753} INFO - DAG(s) dict_keys(['example_skip_dag']) retrieved from /home/vladimir/.local/lib/python3.10/site-packages/airflow/example_dags/example_skip_dag.py
[2023-04-23T01:33:58.211+0300] {logging_mixin.py:137} INFO - [2023-04-23T01:33:58.211+0300] {dag.py:2705} INFO - Sync 1 DAGs
[2023-04-23T01:33:58.227+0300] {logging_mixin.py:137} INFO - [2023-04-23T01:33:58.227+0300] {dag.py:3452} INFO - Setting next_dagrun for example_skip_dag to 2023-04-21T22:33:58.227186+00:00, run_after=2023-04-22T22:33:58.227186+00:00
[2023-04-23T01:33:58.240+0300] {processor.py:175} INFO - Processing /home/vladimir/.local/lib/python3.10/site-packages/airflow/example_dags/example_skip_dag.py took 0.054 seconds
[2023-04-23T01:34:40.182+0300] {processor.py:153} INFO - Started process (PID=4935) to work on /home/vladimir/.local/lib/python3.10/site-packages/airflow/example_dags/example_skip_dag.py
[2023-04-23T01:34:40.183+0300] {processor.py:743} INFO - Processing file /home/vladimir/.local/lib/python3.10/site-packages/airflow/example_dags/example_skip_dag.py for tasks to queue
[2023-04-23T01:34:40.183+0300] {logging_mixin.py:137} INFO - [2023-04-23T01:34:40.183+0300] {dagbag.py:532} INFO - Filling up the DagBag from /home/vladimir/.local/lib/python3.10/site-packages/airflow/example_dags/example_skip_dag.py
[2023-04-23T01:34:40.194+0300] {processor.py:753} INFO - DAG(s) dict_keys(['example_skip_dag']) retrieved from /home/vladimir/.local/lib/python3.10/site-packages/airflow/example_dags/example_skip_dag.py
[2023-04-23T01:34:40.209+0300] {logging_mixin.py:137} INFO - [2023-04-23T01:34:40.208+0300] {dag.py:2705} INFO - Sync 1 DAGs
[2023-04-23T01:34:40.222+0300] {logging_mixin.py:137} INFO - [2023-04-23T01:34:40.222+0300] {dag.py:3452} INFO - Setting next_dagrun for example_skip_dag to 2023-04-21T22:34:40.221612+00:00, run_after=2023-04-22T22:34:40.221612+00:00
[2023-04-23T01:34:40.234+0300] {processor.py:175} INFO - Processing /home/vladimir/.local/lib/python3.10/site-packages/airflow/example_dags/example_skip_dag.py took 0.054 seconds
[2023-04-23T01:35:18.329+0300] {processor.py:153} INFO - Started process (PID=4985) to work on /home/vladimir/.local/lib/python3.10/site-packages/airflow/example_dags/example_skip_dag.py
[2023-04-23T01:35:18.330+0300] {processor.py:743} INFO - Processing file /home/vladimir/.local/lib/python3.10/site-packages/airflow/example_dags/example_skip_dag.py for tasks to queue
[2023-04-23T01:35:18.331+0300] {logging_mixin.py:137} INFO - [2023-04-23T01:35:18.331+0300] {dagbag.py:532} INFO - Filling up the DagBag from /home/vladimir/.local/lib/python3.10/site-packages/airflow/example_dags/example_skip_dag.py
[2023-04-23T01:35:18.340+0300] {processor.py:753} INFO - DAG(s) dict_keys(['example_skip_dag']) retrieved from /home/vladimir/.local/lib/python3.10/site-packages/airflow/example_dags/example_skip_dag.py
[2023-04-23T01:35:18.354+0300] {logging_mixin.py:137} INFO - [2023-04-23T01:35:18.354+0300] {dag.py:2705} INFO - Sync 1 DAGs
[2023-04-23T01:35:18.365+0300] {logging_mixin.py:137} INFO - [2023-04-23T01:35:18.365+0300] {dag.py:3452} INFO - Setting next_dagrun for example_skip_dag to 2023-04-21T22:35:18.365442+00:00, run_after=2023-04-22T22:35:18.365442+00:00
[2023-04-23T01:35:18.377+0300] {processor.py:175} INFO - Processing /home/vladimir/.local/lib/python3.10/site-packages/airflow/example_dags/example_skip_dag.py took 0.050 seconds
