[2023-04-22T22:50:30.177+0300] {processor.py:153} INFO - Started process (PID=11416) to work on /home/vladimir/.local/lib/python3.10/site-packages/airflow/example_dags/example_sensors.py
[2023-04-22T22:50:30.178+0300] {processor.py:743} INFO - Processing file /home/vladimir/.local/lib/python3.10/site-packages/airflow/example_dags/example_sensors.py for tasks to queue
[2023-04-22T22:50:30.179+0300] {logging_mixin.py:137} INFO - [2023-04-22T22:50:30.179+0300] {dagbag.py:532} INFO - Filling up the DagBag from /home/vladimir/.local/lib/python3.10/site-packages/airflow/example_dags/example_sensors.py
[2023-04-22T22:50:30.225+0300] {processor.py:753} INFO - DAG(s) dict_keys(['example_sensors']) retrieved from /home/vladimir/.local/lib/python3.10/site-packages/airflow/example_dags/example_sensors.py
[2023-04-22T22:50:30.289+0300] {logging_mixin.py:137} INFO - [2023-04-22T22:50:30.288+0300] {manager.py:504} INFO - Created Permission View: can delete on DAG:example_sensors
[2023-04-22T22:50:30.293+0300] {logging_mixin.py:137} INFO - [2023-04-22T22:50:30.293+0300] {manager.py:504} INFO - Created Permission View: can read on DAG:example_sensors
[2023-04-22T22:50:30.298+0300] {logging_mixin.py:137} INFO - [2023-04-22T22:50:30.298+0300] {manager.py:504} INFO - Created Permission View: can edit on DAG:example_sensors
[2023-04-22T22:50:30.298+0300] {logging_mixin.py:137} INFO - [2023-04-22T22:50:30.298+0300] {dag.py:2705} INFO - Sync 1 DAGs
[2023-04-22T22:50:30.306+0300] {logging_mixin.py:137} INFO - [2023-04-22T22:50:30.305+0300] {dag.py:2726} INFO - Creating ORM DAG for example_sensors
[2023-04-22T22:50:30.311+0300] {logging_mixin.py:137} INFO - [2023-04-22T22:50:30.311+0300] {dag.py:3452} INFO - Setting next_dagrun for example_sensors to None, run_after=None
[2023-04-22T22:50:30.322+0300] {processor.py:175} INFO - Processing /home/vladimir/.local/lib/python3.10/site-packages/airflow/example_dags/example_sensors.py took 0.147 seconds
[2023-04-22T22:51:12.192+0300] {processor.py:153} INFO - Started process (PID=11492) to work on /home/vladimir/.local/lib/python3.10/site-packages/airflow/example_dags/example_sensors.py
[2023-04-22T22:51:12.192+0300] {processor.py:743} INFO - Processing file /home/vladimir/.local/lib/python3.10/site-packages/airflow/example_dags/example_sensors.py for tasks to queue
[2023-04-22T22:51:12.193+0300] {logging_mixin.py:137} INFO - [2023-04-22T22:51:12.193+0300] {dagbag.py:532} INFO - Filling up the DagBag from /home/vladimir/.local/lib/python3.10/site-packages/airflow/example_dags/example_sensors.py
[2023-04-22T22:51:12.207+0300] {processor.py:753} INFO - DAG(s) dict_keys(['example_sensors']) retrieved from /home/vladimir/.local/lib/python3.10/site-packages/airflow/example_dags/example_sensors.py
[2023-04-22T22:51:12.223+0300] {logging_mixin.py:137} INFO - [2023-04-22T22:51:12.222+0300] {dag.py:2705} INFO - Sync 1 DAGs
[2023-04-22T22:51:12.234+0300] {logging_mixin.py:137} INFO - [2023-04-22T22:51:12.234+0300] {dag.py:3452} INFO - Setting next_dagrun for example_sensors to None, run_after=None
[2023-04-22T22:51:12.245+0300] {processor.py:175} INFO - Processing /home/vladimir/.local/lib/python3.10/site-packages/airflow/example_dags/example_sensors.py took 0.056 seconds
[2023-04-22T22:51:55.346+0300] {processor.py:153} INFO - Started process (PID=11604) to work on /home/vladimir/.local/lib/python3.10/site-packages/airflow/example_dags/example_sensors.py
[2023-04-22T22:51:55.347+0300] {processor.py:743} INFO - Processing file /home/vladimir/.local/lib/python3.10/site-packages/airflow/example_dags/example_sensors.py for tasks to queue
[2023-04-22T22:51:55.347+0300] {logging_mixin.py:137} INFO - [2023-04-22T22:51:55.347+0300] {dagbag.py:532} INFO - Filling up the DagBag from /home/vladimir/.local/lib/python3.10/site-packages/airflow/example_dags/example_sensors.py
[2023-04-22T22:51:55.361+0300] {processor.py:753} INFO - DAG(s) dict_keys(['example_sensors']) retrieved from /home/vladimir/.local/lib/python3.10/site-packages/airflow/example_dags/example_sensors.py
[2023-04-22T22:51:55.378+0300] {logging_mixin.py:137} INFO - [2023-04-22T22:51:55.378+0300] {dag.py:2705} INFO - Sync 1 DAGs
[2023-04-22T22:51:55.390+0300] {logging_mixin.py:137} INFO - [2023-04-22T22:51:55.390+0300] {dag.py:3452} INFO - Setting next_dagrun for example_sensors to None, run_after=None
[2023-04-22T22:51:55.403+0300] {processor.py:175} INFO - Processing /home/vladimir/.local/lib/python3.10/site-packages/airflow/example_dags/example_sensors.py took 0.059 seconds
[2023-04-22T22:52:33.581+0300] {processor.py:153} INFO - Started process (PID=11654) to work on /home/vladimir/.local/lib/python3.10/site-packages/airflow/example_dags/example_sensors.py
[2023-04-22T22:52:33.582+0300] {processor.py:743} INFO - Processing file /home/vladimir/.local/lib/python3.10/site-packages/airflow/example_dags/example_sensors.py for tasks to queue
[2023-04-22T22:52:33.582+0300] {logging_mixin.py:137} INFO - [2023-04-22T22:52:33.582+0300] {dagbag.py:532} INFO - Filling up the DagBag from /home/vladimir/.local/lib/python3.10/site-packages/airflow/example_dags/example_sensors.py
[2023-04-22T22:52:33.603+0300] {processor.py:753} INFO - DAG(s) dict_keys(['example_sensors']) retrieved from /home/vladimir/.local/lib/python3.10/site-packages/airflow/example_dags/example_sensors.py
[2023-04-22T22:52:33.622+0300] {logging_mixin.py:137} INFO - [2023-04-22T22:52:33.622+0300] {dag.py:2705} INFO - Sync 1 DAGs
[2023-04-22T22:52:33.634+0300] {logging_mixin.py:137} INFO - [2023-04-22T22:52:33.634+0300] {dag.py:3452} INFO - Setting next_dagrun for example_sensors to None, run_after=None
[2023-04-22T22:52:33.646+0300] {processor.py:175} INFO - Processing /home/vladimir/.local/lib/python3.10/site-packages/airflow/example_dags/example_sensors.py took 0.068 seconds
[2023-04-22T22:53:12.698+0300] {processor.py:153} INFO - Started process (PID=11704) to work on /home/vladimir/.local/lib/python3.10/site-packages/airflow/example_dags/example_sensors.py
[2023-04-22T22:53:12.699+0300] {processor.py:743} INFO - Processing file /home/vladimir/.local/lib/python3.10/site-packages/airflow/example_dags/example_sensors.py for tasks to queue
[2023-04-22T22:53:12.699+0300] {logging_mixin.py:137} INFO - [2023-04-22T22:53:12.699+0300] {dagbag.py:532} INFO - Filling up the DagBag from /home/vladimir/.local/lib/python3.10/site-packages/airflow/example_dags/example_sensors.py
[2023-04-22T22:53:12.716+0300] {processor.py:753} INFO - DAG(s) dict_keys(['example_sensors']) retrieved from /home/vladimir/.local/lib/python3.10/site-packages/airflow/example_dags/example_sensors.py
[2023-04-22T22:53:12.731+0300] {logging_mixin.py:137} INFO - [2023-04-22T22:53:12.731+0300] {dag.py:2705} INFO - Sync 1 DAGs
[2023-04-22T22:53:12.743+0300] {logging_mixin.py:137} INFO - [2023-04-22T22:53:12.743+0300] {dag.py:3452} INFO - Setting next_dagrun for example_sensors to None, run_after=None
[2023-04-22T22:53:12.756+0300] {processor.py:175} INFO - Processing /home/vladimir/.local/lib/python3.10/site-packages/airflow/example_dags/example_sensors.py took 0.060 seconds
[2023-04-22T22:53:58.941+0300] {processor.py:153} INFO - Started process (PID=11772) to work on /home/vladimir/.local/lib/python3.10/site-packages/airflow/example_dags/example_sensors.py
[2023-04-22T22:53:58.942+0300] {processor.py:743} INFO - Processing file /home/vladimir/.local/lib/python3.10/site-packages/airflow/example_dags/example_sensors.py for tasks to queue
[2023-04-22T22:53:58.943+0300] {logging_mixin.py:137} INFO - [2023-04-22T22:53:58.943+0300] {dagbag.py:532} INFO - Filling up the DagBag from /home/vladimir/.local/lib/python3.10/site-packages/airflow/example_dags/example_sensors.py
[2023-04-22T22:53:58.956+0300] {processor.py:753} INFO - DAG(s) dict_keys(['example_sensors']) retrieved from /home/vladimir/.local/lib/python3.10/site-packages/airflow/example_dags/example_sensors.py
[2023-04-22T22:53:58.971+0300] {logging_mixin.py:137} INFO - [2023-04-22T22:53:58.971+0300] {dag.py:2705} INFO - Sync 1 DAGs
[2023-04-22T22:53:58.983+0300] {logging_mixin.py:137} INFO - [2023-04-22T22:53:58.982+0300] {dag.py:3452} INFO - Setting next_dagrun for example_sensors to None, run_after=None
[2023-04-22T22:53:58.993+0300] {processor.py:175} INFO - Processing /home/vladimir/.local/lib/python3.10/site-packages/airflow/example_dags/example_sensors.py took 0.054 seconds
[2023-04-22T22:54:40.054+0300] {processor.py:153} INFO - Started process (PID=11829) to work on /home/vladimir/.local/lib/python3.10/site-packages/airflow/example_dags/example_sensors.py
[2023-04-22T22:54:40.055+0300] {processor.py:743} INFO - Processing file /home/vladimir/.local/lib/python3.10/site-packages/airflow/example_dags/example_sensors.py for tasks to queue
[2023-04-22T22:54:40.055+0300] {logging_mixin.py:137} INFO - [2023-04-22T22:54:40.055+0300] {dagbag.py:532} INFO - Filling up the DagBag from /home/vladimir/.local/lib/python3.10/site-packages/airflow/example_dags/example_sensors.py
[2023-04-22T22:54:40.068+0300] {processor.py:753} INFO - DAG(s) dict_keys(['example_sensors']) retrieved from /home/vladimir/.local/lib/python3.10/site-packages/airflow/example_dags/example_sensors.py
[2023-04-22T22:54:40.084+0300] {logging_mixin.py:137} INFO - [2023-04-22T22:54:40.084+0300] {dag.py:2705} INFO - Sync 1 DAGs
[2023-04-22T22:54:40.096+0300] {logging_mixin.py:137} INFO - [2023-04-22T22:54:40.096+0300] {dag.py:3452} INFO - Setting next_dagrun for example_sensors to None, run_after=None
[2023-04-22T22:54:40.106+0300] {processor.py:175} INFO - Processing /home/vladimir/.local/lib/python3.10/site-packages/airflow/example_dags/example_sensors.py took 0.055 seconds
[2023-04-22T22:55:25.696+0300] {processor.py:153} INFO - Started process (PID=11904) to work on /home/vladimir/.local/lib/python3.10/site-packages/airflow/example_dags/example_sensors.py
[2023-04-22T22:55:25.697+0300] {processor.py:743} INFO - Processing file /home/vladimir/.local/lib/python3.10/site-packages/airflow/example_dags/example_sensors.py for tasks to queue
[2023-04-22T22:55:25.697+0300] {logging_mixin.py:137} INFO - [2023-04-22T22:55:25.697+0300] {dagbag.py:532} INFO - Filling up the DagBag from /home/vladimir/.local/lib/python3.10/site-packages/airflow/example_dags/example_sensors.py
[2023-04-22T22:55:25.710+0300] {processor.py:753} INFO - DAG(s) dict_keys(['example_sensors']) retrieved from /home/vladimir/.local/lib/python3.10/site-packages/airflow/example_dags/example_sensors.py
[2023-04-22T22:55:25.725+0300] {logging_mixin.py:137} INFO - [2023-04-22T22:55:25.725+0300] {dag.py:2705} INFO - Sync 1 DAGs
[2023-04-22T22:55:25.741+0300] {logging_mixin.py:137} INFO - [2023-04-22T22:55:25.740+0300] {dag.py:3452} INFO - Setting next_dagrun for example_sensors to None, run_after=None
[2023-04-22T22:55:25.753+0300] {processor.py:175} INFO - Processing /home/vladimir/.local/lib/python3.10/site-packages/airflow/example_dags/example_sensors.py took 0.059 seconds
[2023-04-22T22:56:13.756+0300] {processor.py:153} INFO - Started process (PID=11970) to work on /home/vladimir/.local/lib/python3.10/site-packages/airflow/example_dags/example_sensors.py
[2023-04-22T22:56:13.757+0300] {processor.py:743} INFO - Processing file /home/vladimir/.local/lib/python3.10/site-packages/airflow/example_dags/example_sensors.py for tasks to queue
[2023-04-22T22:56:13.758+0300] {logging_mixin.py:137} INFO - [2023-04-22T22:56:13.758+0300] {dagbag.py:532} INFO - Filling up the DagBag from /home/vladimir/.local/lib/python3.10/site-packages/airflow/example_dags/example_sensors.py
[2023-04-22T22:56:13.779+0300] {processor.py:753} INFO - DAG(s) dict_keys(['example_sensors']) retrieved from /home/vladimir/.local/lib/python3.10/site-packages/airflow/example_dags/example_sensors.py
[2023-04-22T22:56:13.804+0300] {logging_mixin.py:137} INFO - [2023-04-22T22:56:13.803+0300] {dag.py:2705} INFO - Sync 1 DAGs
[2023-04-22T22:56:13.823+0300] {logging_mixin.py:137} INFO - [2023-04-22T22:56:13.823+0300] {dag.py:3452} INFO - Setting next_dagrun for example_sensors to None, run_after=None
[2023-04-22T22:56:13.840+0300] {processor.py:175} INFO - Processing /home/vladimir/.local/lib/python3.10/site-packages/airflow/example_dags/example_sensors.py took 0.087 seconds
[2023-04-23T01:29:12.097+0300] {processor.py:153} INFO - Started process (PID=4413) to work on /home/vladimir/.local/lib/python3.10/site-packages/airflow/example_dags/example_sensors.py
[2023-04-23T01:29:12.121+0300] {processor.py:743} INFO - Processing file /home/vladimir/.local/lib/python3.10/site-packages/airflow/example_dags/example_sensors.py for tasks to queue
[2023-04-23T01:29:12.122+0300] {logging_mixin.py:137} INFO - [2023-04-23T01:29:12.122+0300] {dagbag.py:532} INFO - Filling up the DagBag from /home/vladimir/.local/lib/python3.10/site-packages/airflow/example_dags/example_sensors.py
[2023-04-23T01:29:12.173+0300] {processor.py:753} INFO - DAG(s) dict_keys(['example_sensors']) retrieved from /home/vladimir/.local/lib/python3.10/site-packages/airflow/example_dags/example_sensors.py
[2023-04-23T01:29:12.190+0300] {logging_mixin.py:137} INFO - [2023-04-23T01:29:12.189+0300] {dag.py:2705} INFO - Sync 1 DAGs
[2023-04-23T01:29:12.203+0300] {logging_mixin.py:137} INFO - [2023-04-23T01:29:12.202+0300] {dag.py:3452} INFO - Setting next_dagrun for example_sensors to None, run_after=None
[2023-04-23T01:29:12.214+0300] {processor.py:175} INFO - Processing /home/vladimir/.local/lib/python3.10/site-packages/airflow/example_dags/example_sensors.py took 0.120 seconds
[2023-04-23T01:29:53.279+0300] {processor.py:153} INFO - Started process (PID=4470) to work on /home/vladimir/.local/lib/python3.10/site-packages/airflow/example_dags/example_sensors.py
[2023-04-23T01:29:53.280+0300] {processor.py:743} INFO - Processing file /home/vladimir/.local/lib/python3.10/site-packages/airflow/example_dags/example_sensors.py for tasks to queue
[2023-04-23T01:29:53.280+0300] {logging_mixin.py:137} INFO - [2023-04-23T01:29:53.280+0300] {dagbag.py:532} INFO - Filling up the DagBag from /home/vladimir/.local/lib/python3.10/site-packages/airflow/example_dags/example_sensors.py
[2023-04-23T01:29:53.293+0300] {processor.py:753} INFO - DAG(s) dict_keys(['example_sensors']) retrieved from /home/vladimir/.local/lib/python3.10/site-packages/airflow/example_dags/example_sensors.py
[2023-04-23T01:29:53.310+0300] {logging_mixin.py:137} INFO - [2023-04-23T01:29:53.310+0300] {dag.py:2705} INFO - Sync 1 DAGs
[2023-04-23T01:29:53.323+0300] {logging_mixin.py:137} INFO - [2023-04-23T01:29:53.323+0300] {dag.py:3452} INFO - Setting next_dagrun for example_sensors to None, run_after=None
[2023-04-23T01:29:53.335+0300] {processor.py:175} INFO - Processing /home/vladimir/.local/lib/python3.10/site-packages/airflow/example_dags/example_sensors.py took 0.058 seconds
[2023-04-23T01:30:38.209+0300] {processor.py:153} INFO - Started process (PID=4562) to work on /home/vladimir/.local/lib/python3.10/site-packages/airflow/example_dags/example_sensors.py
[2023-04-23T01:30:38.210+0300] {processor.py:743} INFO - Processing file /home/vladimir/.local/lib/python3.10/site-packages/airflow/example_dags/example_sensors.py for tasks to queue
[2023-04-23T01:30:38.210+0300] {logging_mixin.py:137} INFO - [2023-04-23T01:30:38.210+0300] {dagbag.py:532} INFO - Filling up the DagBag from /home/vladimir/.local/lib/python3.10/site-packages/airflow/example_dags/example_sensors.py
[2023-04-23T01:30:38.224+0300] {processor.py:753} INFO - DAG(s) dict_keys(['example_sensors']) retrieved from /home/vladimir/.local/lib/python3.10/site-packages/airflow/example_dags/example_sensors.py
[2023-04-23T01:30:38.242+0300] {logging_mixin.py:137} INFO - [2023-04-23T01:30:38.242+0300] {dag.py:2705} INFO - Sync 1 DAGs
[2023-04-23T01:30:38.254+0300] {logging_mixin.py:137} INFO - [2023-04-23T01:30:38.254+0300] {dag.py:3452} INFO - Setting next_dagrun for example_sensors to None, run_after=None
[2023-04-23T01:30:38.266+0300] {processor.py:175} INFO - Processing /home/vladimir/.local/lib/python3.10/site-packages/airflow/example_dags/example_sensors.py took 0.059 seconds
[2023-04-23T01:31:21.929+0300] {processor.py:153} INFO - Started process (PID=4624) to work on /home/vladimir/.local/lib/python3.10/site-packages/airflow/example_dags/example_sensors.py
[2023-04-23T01:31:21.930+0300] {processor.py:743} INFO - Processing file /home/vladimir/.local/lib/python3.10/site-packages/airflow/example_dags/example_sensors.py for tasks to queue
[2023-04-23T01:31:21.930+0300] {logging_mixin.py:137} INFO - [2023-04-23T01:31:21.930+0300] {dagbag.py:532} INFO - Filling up the DagBag from /home/vladimir/.local/lib/python3.10/site-packages/airflow/example_dags/example_sensors.py
[2023-04-23T01:31:21.944+0300] {processor.py:753} INFO - DAG(s) dict_keys(['example_sensors']) retrieved from /home/vladimir/.local/lib/python3.10/site-packages/airflow/example_dags/example_sensors.py
[2023-04-23T01:31:21.960+0300] {logging_mixin.py:137} INFO - [2023-04-23T01:31:21.960+0300] {dag.py:2705} INFO - Sync 1 DAGs
[2023-04-23T01:31:21.971+0300] {logging_mixin.py:137} INFO - [2023-04-23T01:31:21.971+0300] {dag.py:3452} INFO - Setting next_dagrun for example_sensors to None, run_after=None
[2023-04-23T01:31:21.984+0300] {processor.py:175} INFO - Processing /home/vladimir/.local/lib/python3.10/site-packages/airflow/example_dags/example_sensors.py took 0.057 seconds
[2023-04-23T01:32:02.975+0300] {processor.py:153} INFO - Started process (PID=4675) to work on /home/vladimir/.local/lib/python3.10/site-packages/airflow/example_dags/example_sensors.py
[2023-04-23T01:32:02.975+0300] {processor.py:743} INFO - Processing file /home/vladimir/.local/lib/python3.10/site-packages/airflow/example_dags/example_sensors.py for tasks to queue
[2023-04-23T01:32:02.976+0300] {logging_mixin.py:137} INFO - [2023-04-23T01:32:02.976+0300] {dagbag.py:532} INFO - Filling up the DagBag from /home/vladimir/.local/lib/python3.10/site-packages/airflow/example_dags/example_sensors.py
[2023-04-23T01:32:02.989+0300] {processor.py:753} INFO - DAG(s) dict_keys(['example_sensors']) retrieved from /home/vladimir/.local/lib/python3.10/site-packages/airflow/example_dags/example_sensors.py
[2023-04-23T01:32:03.005+0300] {logging_mixin.py:137} INFO - [2023-04-23T01:32:03.005+0300] {dag.py:2705} INFO - Sync 1 DAGs
[2023-04-23T01:32:03.021+0300] {logging_mixin.py:137} INFO - [2023-04-23T01:32:03.020+0300] {dag.py:3452} INFO - Setting next_dagrun for example_sensors to None, run_after=None
[2023-04-23T01:32:03.035+0300] {processor.py:175} INFO - Processing /home/vladimir/.local/lib/python3.10/site-packages/airflow/example_dags/example_sensors.py took 0.062 seconds
[2023-04-23T01:32:49.878+0300] {processor.py:153} INFO - Started process (PID=4740) to work on /home/vladimir/.local/lib/python3.10/site-packages/airflow/example_dags/example_sensors.py
[2023-04-23T01:32:49.879+0300] {processor.py:743} INFO - Processing file /home/vladimir/.local/lib/python3.10/site-packages/airflow/example_dags/example_sensors.py for tasks to queue
[2023-04-23T01:32:49.879+0300] {logging_mixin.py:137} INFO - [2023-04-23T01:32:49.879+0300] {dagbag.py:532} INFO - Filling up the DagBag from /home/vladimir/.local/lib/python3.10/site-packages/airflow/example_dags/example_sensors.py
[2023-04-23T01:32:49.893+0300] {processor.py:753} INFO - DAG(s) dict_keys(['example_sensors']) retrieved from /home/vladimir/.local/lib/python3.10/site-packages/airflow/example_dags/example_sensors.py
[2023-04-23T01:32:49.909+0300] {logging_mixin.py:137} INFO - [2023-04-23T01:32:49.909+0300] {dag.py:2705} INFO - Sync 1 DAGs
[2023-04-23T01:32:49.922+0300] {logging_mixin.py:137} INFO - [2023-04-23T01:32:49.922+0300] {dag.py:3452} INFO - Setting next_dagrun for example_sensors to None, run_after=None
[2023-04-23T01:32:49.934+0300] {processor.py:175} INFO - Processing /home/vladimir/.local/lib/python3.10/site-packages/airflow/example_dags/example_sensors.py took 0.058 seconds
[2023-04-23T01:33:29.275+0300] {processor.py:153} INFO - Started process (PID=4794) to work on /home/vladimir/.local/lib/python3.10/site-packages/airflow/example_dags/example_sensors.py
[2023-04-23T01:33:29.276+0300] {processor.py:743} INFO - Processing file /home/vladimir/.local/lib/python3.10/site-packages/airflow/example_dags/example_sensors.py for tasks to queue
[2023-04-23T01:33:29.277+0300] {logging_mixin.py:137} INFO - [2023-04-23T01:33:29.276+0300] {dagbag.py:532} INFO - Filling up the DagBag from /home/vladimir/.local/lib/python3.10/site-packages/airflow/example_dags/example_sensors.py
[2023-04-23T01:33:29.289+0300] {processor.py:753} INFO - DAG(s) dict_keys(['example_sensors']) retrieved from /home/vladimir/.local/lib/python3.10/site-packages/airflow/example_dags/example_sensors.py
[2023-04-23T01:33:29.305+0300] {logging_mixin.py:137} INFO - [2023-04-23T01:33:29.305+0300] {dag.py:2705} INFO - Sync 1 DAGs
[2023-04-23T01:33:29.319+0300] {logging_mixin.py:137} INFO - [2023-04-23T01:33:29.318+0300] {dag.py:3452} INFO - Setting next_dagrun for example_sensors to None, run_after=None
[2023-04-23T01:33:29.330+0300] {processor.py:175} INFO - Processing /home/vladimir/.local/lib/python3.10/site-packages/airflow/example_dags/example_sensors.py took 0.057 seconds
[2023-04-23T01:34:10.193+0300] {processor.py:153} INFO - Started process (PID=4898) to work on /home/vladimir/.local/lib/python3.10/site-packages/airflow/example_dags/example_sensors.py
[2023-04-23T01:34:10.194+0300] {processor.py:743} INFO - Processing file /home/vladimir/.local/lib/python3.10/site-packages/airflow/example_dags/example_sensors.py for tasks to queue
[2023-04-23T01:34:10.194+0300] {logging_mixin.py:137} INFO - [2023-04-23T01:34:10.194+0300] {dagbag.py:532} INFO - Filling up the DagBag from /home/vladimir/.local/lib/python3.10/site-packages/airflow/example_dags/example_sensors.py
[2023-04-23T01:34:10.208+0300] {processor.py:753} INFO - DAG(s) dict_keys(['example_sensors']) retrieved from /home/vladimir/.local/lib/python3.10/site-packages/airflow/example_dags/example_sensors.py
[2023-04-23T01:34:10.224+0300] {logging_mixin.py:137} INFO - [2023-04-23T01:34:10.224+0300] {dag.py:2705} INFO - Sync 1 DAGs
[2023-04-23T01:34:10.237+0300] {logging_mixin.py:137} INFO - [2023-04-23T01:34:10.237+0300] {dag.py:3452} INFO - Setting next_dagrun for example_sensors to None, run_after=None
[2023-04-23T01:34:10.248+0300] {processor.py:175} INFO - Processing /home/vladimir/.local/lib/python3.10/site-packages/airflow/example_dags/example_sensors.py took 0.057 seconds
[2023-04-23T01:34:56.438+0300] {processor.py:153} INFO - Started process (PID=4957) to work on /home/vladimir/.local/lib/python3.10/site-packages/airflow/example_dags/example_sensors.py
[2023-04-23T01:34:56.439+0300] {processor.py:743} INFO - Processing file /home/vladimir/.local/lib/python3.10/site-packages/airflow/example_dags/example_sensors.py for tasks to queue
[2023-04-23T01:34:56.440+0300] {logging_mixin.py:137} INFO - [2023-04-23T01:34:56.440+0300] {dagbag.py:532} INFO - Filling up the DagBag from /home/vladimir/.local/lib/python3.10/site-packages/airflow/example_dags/example_sensors.py
[2023-04-23T01:34:56.454+0300] {processor.py:753} INFO - DAG(s) dict_keys(['example_sensors']) retrieved from /home/vladimir/.local/lib/python3.10/site-packages/airflow/example_dags/example_sensors.py
[2023-04-23T01:34:56.470+0300] {logging_mixin.py:137} INFO - [2023-04-23T01:34:56.470+0300] {dag.py:2705} INFO - Sync 1 DAGs
[2023-04-23T01:34:56.483+0300] {logging_mixin.py:137} INFO - [2023-04-23T01:34:56.483+0300] {dag.py:3452} INFO - Setting next_dagrun for example_sensors to None, run_after=None
[2023-04-23T01:34:56.495+0300] {processor.py:175} INFO - Processing /home/vladimir/.local/lib/python3.10/site-packages/airflow/example_dags/example_sensors.py took 0.058 seconds
