[2023-04-22T22:50:24.941+0300] {processor.py:153} INFO - Started process (PID=11402) to work on /home/vladimir/.local/lib/python3.10/site-packages/airflow/example_dags/example_branch_python_dop_operator_3.py
[2023-04-22T22:50:24.941+0300] {processor.py:743} INFO - Processing file /home/vladimir/.local/lib/python3.10/site-packages/airflow/example_dags/example_branch_python_dop_operator_3.py for tasks to queue
[2023-04-22T22:50:24.942+0300] {logging_mixin.py:137} INFO - [2023-04-22T22:50:24.942+0300] {dagbag.py:532} INFO - Filling up the DagBag from /home/vladimir/.local/lib/python3.10/site-packages/airflow/example_dags/example_branch_python_dop_operator_3.py
[2023-04-22T22:50:24.958+0300] {processor.py:753} INFO - DAG(s) dict_keys(['example_branch_dop_operator_v3']) retrieved from /home/vladimir/.local/lib/python3.10/site-packages/airflow/example_dags/example_branch_python_dop_operator_3.py
[2023-04-22T22:50:25.018+0300] {logging_mixin.py:137} INFO - [2023-04-22T22:50:25.018+0300] {manager.py:504} INFO - Created Permission View: can delete on DAG:example_branch_dop_operator_v3
[2023-04-22T22:50:25.024+0300] {logging_mixin.py:137} INFO - [2023-04-22T22:50:25.023+0300] {manager.py:504} INFO - Created Permission View: can read on DAG:example_branch_dop_operator_v3
[2023-04-22T22:50:25.028+0300] {logging_mixin.py:137} INFO - [2023-04-22T22:50:25.028+0300] {manager.py:504} INFO - Created Permission View: can edit on DAG:example_branch_dop_operator_v3
[2023-04-22T22:50:25.028+0300] {logging_mixin.py:137} INFO - [2023-04-22T22:50:25.028+0300] {dag.py:2705} INFO - Sync 1 DAGs
[2023-04-22T22:50:25.036+0300] {logging_mixin.py:137} INFO - [2023-04-22T22:50:25.036+0300] {dag.py:2726} INFO - Creating ORM DAG for example_branch_dop_operator_v3
[2023-04-22T22:50:25.045+0300] {logging_mixin.py:137} INFO - [2023-04-22T22:50:25.045+0300] {dag.py:3452} INFO - Setting next_dagrun for example_branch_dop_operator_v3 to 2023-04-22T19:49:00+00:00, run_after=2023-04-22T19:50:00+00:00
[2023-04-22T22:50:25.057+0300] {processor.py:175} INFO - Processing /home/vladimir/.local/lib/python3.10/site-packages/airflow/example_dags/example_branch_python_dop_operator_3.py took 0.118 seconds
[2023-04-22T22:51:07.518+0300] {processor.py:153} INFO - Started process (PID=11484) to work on /home/vladimir/.local/lib/python3.10/site-packages/airflow/example_dags/example_branch_python_dop_operator_3.py
[2023-04-22T22:51:07.519+0300] {processor.py:743} INFO - Processing file /home/vladimir/.local/lib/python3.10/site-packages/airflow/example_dags/example_branch_python_dop_operator_3.py for tasks to queue
[2023-04-22T22:51:07.519+0300] {logging_mixin.py:137} INFO - [2023-04-22T22:51:07.519+0300] {dagbag.py:532} INFO - Filling up the DagBag from /home/vladimir/.local/lib/python3.10/site-packages/airflow/example_dags/example_branch_python_dop_operator_3.py
[2023-04-22T22:51:07.534+0300] {processor.py:753} INFO - DAG(s) dict_keys(['example_branch_dop_operator_v3']) retrieved from /home/vladimir/.local/lib/python3.10/site-packages/airflow/example_dags/example_branch_python_dop_operator_3.py
[2023-04-22T22:51:07.548+0300] {logging_mixin.py:137} INFO - [2023-04-22T22:51:07.548+0300] {dag.py:2705} INFO - Sync 1 DAGs
[2023-04-22T22:51:07.563+0300] {logging_mixin.py:137} INFO - [2023-04-22T22:51:07.563+0300] {dag.py:3452} INFO - Setting next_dagrun for example_branch_dop_operator_v3 to 2023-04-22T19:50:00+00:00, run_after=2023-04-22T19:51:00+00:00
[2023-04-22T22:51:07.574+0300] {processor.py:175} INFO - Processing /home/vladimir/.local/lib/python3.10/site-packages/airflow/example_dags/example_branch_python_dop_operator_3.py took 0.059 seconds
[2023-04-22T22:51:50.205+0300] {processor.py:153} INFO - Started process (PID=11599) to work on /home/vladimir/.local/lib/python3.10/site-packages/airflow/example_dags/example_branch_python_dop_operator_3.py
[2023-04-22T22:51:50.205+0300] {processor.py:743} INFO - Processing file /home/vladimir/.local/lib/python3.10/site-packages/airflow/example_dags/example_branch_python_dop_operator_3.py for tasks to queue
[2023-04-22T22:51:50.206+0300] {logging_mixin.py:137} INFO - [2023-04-22T22:51:50.206+0300] {dagbag.py:532} INFO - Filling up the DagBag from /home/vladimir/.local/lib/python3.10/site-packages/airflow/example_dags/example_branch_python_dop_operator_3.py
[2023-04-22T22:51:50.222+0300] {processor.py:753} INFO - DAG(s) dict_keys(['example_branch_dop_operator_v3']) retrieved from /home/vladimir/.local/lib/python3.10/site-packages/airflow/example_dags/example_branch_python_dop_operator_3.py
[2023-04-22T22:51:50.240+0300] {logging_mixin.py:137} INFO - [2023-04-22T22:51:50.240+0300] {dag.py:2705} INFO - Sync 1 DAGs
[2023-04-22T22:51:50.254+0300] {logging_mixin.py:137} INFO - [2023-04-22T22:51:50.254+0300] {dag.py:3452} INFO - Setting next_dagrun for example_branch_dop_operator_v3 to 2023-04-22T19:50:00+00:00, run_after=2023-04-22T19:51:00+00:00
[2023-04-22T22:51:50.266+0300] {processor.py:175} INFO - Processing /home/vladimir/.local/lib/python3.10/site-packages/airflow/example_dags/example_branch_python_dop_operator_3.py took 0.063 seconds
[2023-04-22T22:52:28.479+0300] {processor.py:153} INFO - Started process (PID=11649) to work on /home/vladimir/.local/lib/python3.10/site-packages/airflow/example_dags/example_branch_python_dop_operator_3.py
[2023-04-22T22:52:28.480+0300] {processor.py:743} INFO - Processing file /home/vladimir/.local/lib/python3.10/site-packages/airflow/example_dags/example_branch_python_dop_operator_3.py for tasks to queue
[2023-04-22T22:52:28.480+0300] {logging_mixin.py:137} INFO - [2023-04-22T22:52:28.480+0300] {dagbag.py:532} INFO - Filling up the DagBag from /home/vladimir/.local/lib/python3.10/site-packages/airflow/example_dags/example_branch_python_dop_operator_3.py
[2023-04-22T22:52:28.498+0300] {processor.py:753} INFO - DAG(s) dict_keys(['example_branch_dop_operator_v3']) retrieved from /home/vladimir/.local/lib/python3.10/site-packages/airflow/example_dags/example_branch_python_dop_operator_3.py
[2023-04-22T22:52:28.512+0300] {logging_mixin.py:137} INFO - [2023-04-22T22:52:28.512+0300] {dag.py:2705} INFO - Sync 1 DAGs
[2023-04-22T22:52:28.527+0300] {logging_mixin.py:137} INFO - [2023-04-22T22:52:28.526+0300] {dag.py:3452} INFO - Setting next_dagrun for example_branch_dop_operator_v3 to 2023-04-22T19:51:00+00:00, run_after=2023-04-22T19:52:00+00:00
[2023-04-22T22:52:28.541+0300] {processor.py:175} INFO - Processing /home/vladimir/.local/lib/python3.10/site-packages/airflow/example_dags/example_branch_python_dop_operator_3.py took 0.065 seconds
[2023-04-22T22:53:08.699+0300] {processor.py:153} INFO - Started process (PID=11698) to work on /home/vladimir/.local/lib/python3.10/site-packages/airflow/example_dags/example_branch_python_dop_operator_3.py
[2023-04-22T22:53:08.701+0300] {processor.py:743} INFO - Processing file /home/vladimir/.local/lib/python3.10/site-packages/airflow/example_dags/example_branch_python_dop_operator_3.py for tasks to queue
[2023-04-22T22:53:08.701+0300] {logging_mixin.py:137} INFO - [2023-04-22T22:53:08.701+0300] {dagbag.py:532} INFO - Filling up the DagBag from /home/vladimir/.local/lib/python3.10/site-packages/airflow/example_dags/example_branch_python_dop_operator_3.py
[2023-04-22T22:53:08.720+0300] {processor.py:753} INFO - DAG(s) dict_keys(['example_branch_dop_operator_v3']) retrieved from /home/vladimir/.local/lib/python3.10/site-packages/airflow/example_dags/example_branch_python_dop_operator_3.py
[2023-04-22T22:53:08.734+0300] {logging_mixin.py:137} INFO - [2023-04-22T22:53:08.734+0300] {dag.py:2705} INFO - Sync 1 DAGs
[2023-04-22T22:53:08.749+0300] {logging_mixin.py:137} INFO - [2023-04-22T22:53:08.749+0300] {dag.py:3452} INFO - Setting next_dagrun for example_branch_dop_operator_v3 to 2023-04-22T19:52:00+00:00, run_after=2023-04-22T19:53:00+00:00
[2023-04-22T22:53:08.762+0300] {processor.py:175} INFO - Processing /home/vladimir/.local/lib/python3.10/site-packages/airflow/example_dags/example_branch_python_dop_operator_3.py took 0.066 seconds
[2023-04-22T22:53:46.930+0300] {processor.py:153} INFO - Started process (PID=11754) to work on /home/vladimir/.local/lib/python3.10/site-packages/airflow/example_dags/example_branch_python_dop_operator_3.py
[2023-04-22T22:53:46.931+0300] {processor.py:743} INFO - Processing file /home/vladimir/.local/lib/python3.10/site-packages/airflow/example_dags/example_branch_python_dop_operator_3.py for tasks to queue
[2023-04-22T22:53:46.931+0300] {logging_mixin.py:137} INFO - [2023-04-22T22:53:46.931+0300] {dagbag.py:532} INFO - Filling up the DagBag from /home/vladimir/.local/lib/python3.10/site-packages/airflow/example_dags/example_branch_python_dop_operator_3.py
[2023-04-22T22:53:46.948+0300] {processor.py:753} INFO - DAG(s) dict_keys(['example_branch_dop_operator_v3']) retrieved from /home/vladimir/.local/lib/python3.10/site-packages/airflow/example_dags/example_branch_python_dop_operator_3.py
[2023-04-22T22:53:46.962+0300] {logging_mixin.py:137} INFO - [2023-04-22T22:53:46.961+0300] {dag.py:2705} INFO - Sync 1 DAGs
[2023-04-22T22:53:46.977+0300] {logging_mixin.py:137} INFO - [2023-04-22T22:53:46.977+0300] {dag.py:3452} INFO - Setting next_dagrun for example_branch_dop_operator_v3 to 2023-04-22T19:52:00+00:00, run_after=2023-04-22T19:53:00+00:00
[2023-04-22T22:53:46.989+0300] {processor.py:175} INFO - Processing /home/vladimir/.local/lib/python3.10/site-packages/airflow/example_dags/example_branch_python_dop_operator_3.py took 0.061 seconds
[2023-04-22T22:54:29.781+0300] {processor.py:153} INFO - Started process (PID=11814) to work on /home/vladimir/.local/lib/python3.10/site-packages/airflow/example_dags/example_branch_python_dop_operator_3.py
[2023-04-22T22:54:29.782+0300] {processor.py:743} INFO - Processing file /home/vladimir/.local/lib/python3.10/site-packages/airflow/example_dags/example_branch_python_dop_operator_3.py for tasks to queue
[2023-04-22T22:54:29.782+0300] {logging_mixin.py:137} INFO - [2023-04-22T22:54:29.782+0300] {dagbag.py:532} INFO - Filling up the DagBag from /home/vladimir/.local/lib/python3.10/site-packages/airflow/example_dags/example_branch_python_dop_operator_3.py
[2023-04-22T22:54:29.798+0300] {processor.py:753} INFO - DAG(s) dict_keys(['example_branch_dop_operator_v3']) retrieved from /home/vladimir/.local/lib/python3.10/site-packages/airflow/example_dags/example_branch_python_dop_operator_3.py
[2023-04-22T22:54:29.812+0300] {logging_mixin.py:137} INFO - [2023-04-22T22:54:29.811+0300] {dag.py:2705} INFO - Sync 1 DAGs
[2023-04-22T22:54:29.826+0300] {logging_mixin.py:137} INFO - [2023-04-22T22:54:29.826+0300] {dag.py:3452} INFO - Setting next_dagrun for example_branch_dop_operator_v3 to 2023-04-22T19:53:00+00:00, run_after=2023-04-22T19:54:00+00:00
[2023-04-22T22:54:29.838+0300] {processor.py:175} INFO - Processing /home/vladimir/.local/lib/python3.10/site-packages/airflow/example_dags/example_branch_python_dop_operator_3.py took 0.059 seconds
[2023-04-22T22:55:12.019+0300] {processor.py:153} INFO - Started process (PID=11891) to work on /home/vladimir/.local/lib/python3.10/site-packages/airflow/example_dags/example_branch_python_dop_operator_3.py
[2023-04-22T22:55:12.020+0300] {processor.py:743} INFO - Processing file /home/vladimir/.local/lib/python3.10/site-packages/airflow/example_dags/example_branch_python_dop_operator_3.py for tasks to queue
[2023-04-22T22:55:12.021+0300] {logging_mixin.py:137} INFO - [2023-04-22T22:55:12.020+0300] {dagbag.py:532} INFO - Filling up the DagBag from /home/vladimir/.local/lib/python3.10/site-packages/airflow/example_dags/example_branch_python_dop_operator_3.py
[2023-04-22T22:55:12.037+0300] {processor.py:753} INFO - DAG(s) dict_keys(['example_branch_dop_operator_v3']) retrieved from /home/vladimir/.local/lib/python3.10/site-packages/airflow/example_dags/example_branch_python_dop_operator_3.py
[2023-04-22T22:55:12.051+0300] {logging_mixin.py:137} INFO - [2023-04-22T22:55:12.051+0300] {dag.py:2705} INFO - Sync 1 DAGs
[2023-04-22T22:55:12.065+0300] {logging_mixin.py:137} INFO - [2023-04-22T22:55:12.065+0300] {dag.py:3452} INFO - Setting next_dagrun for example_branch_dop_operator_v3 to 2023-04-22T19:54:00+00:00, run_after=2023-04-22T19:55:00+00:00
[2023-04-22T22:55:12.078+0300] {processor.py:175} INFO - Processing /home/vladimir/.local/lib/python3.10/site-packages/airflow/example_dags/example_branch_python_dop_operator_3.py took 0.061 seconds
[2023-04-22T22:55:50.960+0300] {processor.py:153} INFO - Started process (PID=11935) to work on /home/vladimir/.local/lib/python3.10/site-packages/airflow/example_dags/example_branch_python_dop_operator_3.py
[2023-04-22T22:55:50.961+0300] {processor.py:743} INFO - Processing file /home/vladimir/.local/lib/python3.10/site-packages/airflow/example_dags/example_branch_python_dop_operator_3.py for tasks to queue
[2023-04-22T22:55:50.961+0300] {logging_mixin.py:137} INFO - [2023-04-22T22:55:50.961+0300] {dagbag.py:532} INFO - Filling up the DagBag from /home/vladimir/.local/lib/python3.10/site-packages/airflow/example_dags/example_branch_python_dop_operator_3.py
[2023-04-22T22:55:50.977+0300] {processor.py:753} INFO - DAG(s) dict_keys(['example_branch_dop_operator_v3']) retrieved from /home/vladimir/.local/lib/python3.10/site-packages/airflow/example_dags/example_branch_python_dop_operator_3.py
[2023-04-22T22:55:50.989+0300] {logging_mixin.py:137} INFO - [2023-04-22T22:55:50.989+0300] {dag.py:2705} INFO - Sync 1 DAGs
[2023-04-22T22:55:51.004+0300] {logging_mixin.py:137} INFO - [2023-04-22T22:55:51.004+0300] {dag.py:3452} INFO - Setting next_dagrun for example_branch_dop_operator_v3 to 2023-04-22T19:54:00+00:00, run_after=2023-04-22T19:55:00+00:00
[2023-04-22T22:55:51.016+0300] {processor.py:175} INFO - Processing /home/vladimir/.local/lib/python3.10/site-packages/airflow/example_dags/example_branch_python_dop_operator_3.py took 0.059 seconds
[2023-04-23T01:29:06.863+0300] {processor.py:153} INFO - Started process (PID=4408) to work on /home/vladimir/.local/lib/python3.10/site-packages/airflow/example_dags/example_branch_python_dop_operator_3.py
[2023-04-23T01:29:06.893+0300] {processor.py:743} INFO - Processing file /home/vladimir/.local/lib/python3.10/site-packages/airflow/example_dags/example_branch_python_dop_operator_3.py for tasks to queue
[2023-04-23T01:29:06.894+0300] {logging_mixin.py:137} INFO - [2023-04-23T01:29:06.894+0300] {dagbag.py:532} INFO - Filling up the DagBag from /home/vladimir/.local/lib/python3.10/site-packages/airflow/example_dags/example_branch_python_dop_operator_3.py
[2023-04-23T01:29:06.917+0300] {processor.py:753} INFO - DAG(s) dict_keys(['example_branch_dop_operator_v3']) retrieved from /home/vladimir/.local/lib/python3.10/site-packages/airflow/example_dags/example_branch_python_dop_operator_3.py
[2023-04-23T01:29:06.933+0300] {logging_mixin.py:137} INFO - [2023-04-23T01:29:06.933+0300] {dag.py:2705} INFO - Sync 1 DAGs
[2023-04-23T01:29:06.952+0300] {logging_mixin.py:137} INFO - [2023-04-23T01:29:06.952+0300] {dag.py:3452} INFO - Setting next_dagrun for example_branch_dop_operator_v3 to 2023-04-22T22:28:00+00:00, run_after=2023-04-22T22:29:00+00:00
[2023-04-23T01:29:06.966+0300] {processor.py:175} INFO - Processing /home/vladimir/.local/lib/python3.10/site-packages/airflow/example_dags/example_branch_python_dop_operator_3.py took 0.105 seconds
[2023-04-23T01:29:48.142+0300] {processor.py:153} INFO - Started process (PID=4464) to work on /home/vladimir/.local/lib/python3.10/site-packages/airflow/example_dags/example_branch_python_dop_operator_3.py
[2023-04-23T01:29:48.143+0300] {processor.py:743} INFO - Processing file /home/vladimir/.local/lib/python3.10/site-packages/airflow/example_dags/example_branch_python_dop_operator_3.py for tasks to queue
[2023-04-23T01:29:48.143+0300] {logging_mixin.py:137} INFO - [2023-04-23T01:29:48.143+0300] {dagbag.py:532} INFO - Filling up the DagBag from /home/vladimir/.local/lib/python3.10/site-packages/airflow/example_dags/example_branch_python_dop_operator_3.py
[2023-04-23T01:29:48.163+0300] {processor.py:753} INFO - DAG(s) dict_keys(['example_branch_dop_operator_v3']) retrieved from /home/vladimir/.local/lib/python3.10/site-packages/airflow/example_dags/example_branch_python_dop_operator_3.py
[2023-04-23T01:29:48.176+0300] {logging_mixin.py:137} INFO - [2023-04-23T01:29:48.176+0300] {dag.py:2705} INFO - Sync 1 DAGs
[2023-04-23T01:29:48.191+0300] {logging_mixin.py:137} INFO - [2023-04-23T01:29:48.191+0300] {dag.py:3452} INFO - Setting next_dagrun for example_branch_dop_operator_v3 to 2023-04-22T22:28:00+00:00, run_after=2023-04-22T22:29:00+00:00
[2023-04-23T01:29:48.204+0300] {processor.py:175} INFO - Processing /home/vladimir/.local/lib/python3.10/site-packages/airflow/example_dags/example_branch_python_dop_operator_3.py took 0.064 seconds
[2023-04-23T01:30:29.211+0300] {processor.py:153} INFO - Started process (PID=4551) to work on /home/vladimir/.local/lib/python3.10/site-packages/airflow/example_dags/example_branch_python_dop_operator_3.py
[2023-04-23T01:30:29.212+0300] {processor.py:743} INFO - Processing file /home/vladimir/.local/lib/python3.10/site-packages/airflow/example_dags/example_branch_python_dop_operator_3.py for tasks to queue
[2023-04-23T01:30:29.213+0300] {logging_mixin.py:137} INFO - [2023-04-23T01:30:29.213+0300] {dagbag.py:532} INFO - Filling up the DagBag from /home/vladimir/.local/lib/python3.10/site-packages/airflow/example_dags/example_branch_python_dop_operator_3.py
[2023-04-23T01:30:29.230+0300] {processor.py:753} INFO - DAG(s) dict_keys(['example_branch_dop_operator_v3']) retrieved from /home/vladimir/.local/lib/python3.10/site-packages/airflow/example_dags/example_branch_python_dop_operator_3.py
[2023-04-23T01:30:29.246+0300] {logging_mixin.py:137} INFO - [2023-04-23T01:30:29.246+0300] {dag.py:2705} INFO - Sync 1 DAGs
[2023-04-23T01:30:29.266+0300] {logging_mixin.py:137} INFO - [2023-04-23T01:30:29.266+0300] {dag.py:3452} INFO - Setting next_dagrun for example_branch_dop_operator_v3 to 2023-04-22T22:29:00+00:00, run_after=2023-04-22T22:30:00+00:00
[2023-04-23T01:30:29.290+0300] {processor.py:175} INFO - Processing /home/vladimir/.local/lib/python3.10/site-packages/airflow/example_dags/example_branch_python_dop_operator_3.py took 0.081 seconds
[2023-04-23T01:31:10.511+0300] {processor.py:153} INFO - Started process (PID=4603) to work on /home/vladimir/.local/lib/python3.10/site-packages/airflow/example_dags/example_branch_python_dop_operator_3.py
[2023-04-23T01:31:10.511+0300] {processor.py:743} INFO - Processing file /home/vladimir/.local/lib/python3.10/site-packages/airflow/example_dags/example_branch_python_dop_operator_3.py for tasks to queue
[2023-04-23T01:31:10.512+0300] {logging_mixin.py:137} INFO - [2023-04-23T01:31:10.512+0300] {dagbag.py:532} INFO - Filling up the DagBag from /home/vladimir/.local/lib/python3.10/site-packages/airflow/example_dags/example_branch_python_dop_operator_3.py
[2023-04-23T01:31:10.531+0300] {processor.py:753} INFO - DAG(s) dict_keys(['example_branch_dop_operator_v3']) retrieved from /home/vladimir/.local/lib/python3.10/site-packages/airflow/example_dags/example_branch_python_dop_operator_3.py
[2023-04-23T01:31:10.545+0300] {logging_mixin.py:137} INFO - [2023-04-23T01:31:10.545+0300] {dag.py:2705} INFO - Sync 1 DAGs
[2023-04-23T01:31:10.561+0300] {logging_mixin.py:137} INFO - [2023-04-23T01:31:10.561+0300] {dag.py:3452} INFO - Setting next_dagrun for example_branch_dop_operator_v3 to 2023-04-22T22:30:00+00:00, run_after=2023-04-22T22:31:00+00:00
[2023-04-23T01:31:10.575+0300] {processor.py:175} INFO - Processing /home/vladimir/.local/lib/python3.10/site-packages/airflow/example_dags/example_branch_python_dop_operator_3.py took 0.067 seconds
[2023-04-23T01:31:54.960+0300] {processor.py:153} INFO - Started process (PID=4666) to work on /home/vladimir/.local/lib/python3.10/site-packages/airflow/example_dags/example_branch_python_dop_operator_3.py
[2023-04-23T01:31:54.961+0300] {processor.py:743} INFO - Processing file /home/vladimir/.local/lib/python3.10/site-packages/airflow/example_dags/example_branch_python_dop_operator_3.py for tasks to queue
[2023-04-23T01:31:54.962+0300] {logging_mixin.py:137} INFO - [2023-04-23T01:31:54.962+0300] {dagbag.py:532} INFO - Filling up the DagBag from /home/vladimir/.local/lib/python3.10/site-packages/airflow/example_dags/example_branch_python_dop_operator_3.py
[2023-04-23T01:31:54.983+0300] {processor.py:753} INFO - DAG(s) dict_keys(['example_branch_dop_operator_v3']) retrieved from /home/vladimir/.local/lib/python3.10/site-packages/airflow/example_dags/example_branch_python_dop_operator_3.py
[2023-04-23T01:31:54.999+0300] {logging_mixin.py:137} INFO - [2023-04-23T01:31:54.999+0300] {dag.py:2705} INFO - Sync 1 DAGs
[2023-04-23T01:31:55.026+0300] {logging_mixin.py:137} INFO - [2023-04-23T01:31:55.026+0300] {dag.py:3452} INFO - Setting next_dagrun for example_branch_dop_operator_v3 to 2023-04-22T22:30:00+00:00, run_after=2023-04-22T22:31:00+00:00
[2023-04-23T01:31:55.046+0300] {processor.py:175} INFO - Processing /home/vladimir/.local/lib/python3.10/site-packages/airflow/example_dags/example_branch_python_dop_operator_3.py took 0.088 seconds
[2023-04-23T01:32:40.877+0300] {processor.py:153} INFO - Started process (PID=4731) to work on /home/vladimir/.local/lib/python3.10/site-packages/airflow/example_dags/example_branch_python_dop_operator_3.py
[2023-04-23T01:32:40.878+0300] {processor.py:743} INFO - Processing file /home/vladimir/.local/lib/python3.10/site-packages/airflow/example_dags/example_branch_python_dop_operator_3.py for tasks to queue
[2023-04-23T01:32:40.878+0300] {logging_mixin.py:137} INFO - [2023-04-23T01:32:40.878+0300] {dagbag.py:532} INFO - Filling up the DagBag from /home/vladimir/.local/lib/python3.10/site-packages/airflow/example_dags/example_branch_python_dop_operator_3.py
[2023-04-23T01:32:40.895+0300] {processor.py:753} INFO - DAG(s) dict_keys(['example_branch_dop_operator_v3']) retrieved from /home/vladimir/.local/lib/python3.10/site-packages/airflow/example_dags/example_branch_python_dop_operator_3.py
[2023-04-23T01:32:40.908+0300] {logging_mixin.py:137} INFO - [2023-04-23T01:32:40.908+0300] {dag.py:2705} INFO - Sync 1 DAGs
[2023-04-23T01:32:40.924+0300] {logging_mixin.py:137} INFO - [2023-04-23T01:32:40.924+0300] {dag.py:3452} INFO - Setting next_dagrun for example_branch_dop_operator_v3 to 2023-04-22T22:31:00+00:00, run_after=2023-04-22T22:32:00+00:00
[2023-04-23T01:32:40.940+0300] {processor.py:175} INFO - Processing /home/vladimir/.local/lib/python3.10/site-packages/airflow/example_dags/example_branch_python_dop_operator_3.py took 0.065 seconds
[2023-04-23T01:33:25.088+0300] {processor.py:153} INFO - Started process (PID=4789) to work on /home/vladimir/.local/lib/python3.10/site-packages/airflow/example_dags/example_branch_python_dop_operator_3.py
[2023-04-23T01:33:25.089+0300] {processor.py:743} INFO - Processing file /home/vladimir/.local/lib/python3.10/site-packages/airflow/example_dags/example_branch_python_dop_operator_3.py for tasks to queue
[2023-04-23T01:33:25.089+0300] {logging_mixin.py:137} INFO - [2023-04-23T01:33:25.089+0300] {dagbag.py:532} INFO - Filling up the DagBag from /home/vladimir/.local/lib/python3.10/site-packages/airflow/example_dags/example_branch_python_dop_operator_3.py
[2023-04-23T01:33:25.106+0300] {processor.py:753} INFO - DAG(s) dict_keys(['example_branch_dop_operator_v3']) retrieved from /home/vladimir/.local/lib/python3.10/site-packages/airflow/example_dags/example_branch_python_dop_operator_3.py
[2023-04-23T01:33:25.119+0300] {logging_mixin.py:137} INFO - [2023-04-23T01:33:25.119+0300] {dag.py:2705} INFO - Sync 1 DAGs
[2023-04-23T01:33:25.134+0300] {logging_mixin.py:137} INFO - [2023-04-23T01:33:25.134+0300] {dag.py:3452} INFO - Setting next_dagrun for example_branch_dop_operator_v3 to 2023-04-22T22:32:00+00:00, run_after=2023-04-22T22:33:00+00:00
[2023-04-23T01:33:25.146+0300] {processor.py:175} INFO - Processing /home/vladimir/.local/lib/python3.10/site-packages/airflow/example_dags/example_branch_python_dop_operator_3.py took 0.060 seconds
[2023-04-23T01:34:06.194+0300] {processor.py:153} INFO - Started process (PID=4893) to work on /home/vladimir/.local/lib/python3.10/site-packages/airflow/example_dags/example_branch_python_dop_operator_3.py
[2023-04-23T01:34:06.195+0300] {processor.py:743} INFO - Processing file /home/vladimir/.local/lib/python3.10/site-packages/airflow/example_dags/example_branch_python_dop_operator_3.py for tasks to queue
[2023-04-23T01:34:06.195+0300] {logging_mixin.py:137} INFO - [2023-04-23T01:34:06.195+0300] {dagbag.py:532} INFO - Filling up the DagBag from /home/vladimir/.local/lib/python3.10/site-packages/airflow/example_dags/example_branch_python_dop_operator_3.py
[2023-04-23T01:34:06.213+0300] {processor.py:753} INFO - DAG(s) dict_keys(['example_branch_dop_operator_v3']) retrieved from /home/vladimir/.local/lib/python3.10/site-packages/airflow/example_dags/example_branch_python_dop_operator_3.py
[2023-04-23T01:34:06.227+0300] {logging_mixin.py:137} INFO - [2023-04-23T01:34:06.227+0300] {dag.py:2705} INFO - Sync 1 DAGs
[2023-04-23T01:34:06.244+0300] {logging_mixin.py:137} INFO - [2023-04-23T01:34:06.244+0300] {dag.py:3452} INFO - Setting next_dagrun for example_branch_dop_operator_v3 to 2023-04-22T22:33:00+00:00, run_after=2023-04-22T22:34:00+00:00
[2023-04-23T01:34:06.256+0300] {processor.py:175} INFO - Processing /home/vladimir/.local/lib/python3.10/site-packages/airflow/example_dags/example_branch_python_dop_operator_3.py took 0.065 seconds
[2023-04-23T01:34:51.296+0300] {processor.py:153} INFO - Started process (PID=4952) to work on /home/vladimir/.local/lib/python3.10/site-packages/airflow/example_dags/example_branch_python_dop_operator_3.py
[2023-04-23T01:34:51.297+0300] {processor.py:743} INFO - Processing file /home/vladimir/.local/lib/python3.10/site-packages/airflow/example_dags/example_branch_python_dop_operator_3.py for tasks to queue
[2023-04-23T01:34:51.297+0300] {logging_mixin.py:137} INFO - [2023-04-23T01:34:51.297+0300] {dagbag.py:532} INFO - Filling up the DagBag from /home/vladimir/.local/lib/python3.10/site-packages/airflow/example_dags/example_branch_python_dop_operator_3.py
[2023-04-23T01:34:51.314+0300] {processor.py:753} INFO - DAG(s) dict_keys(['example_branch_dop_operator_v3']) retrieved from /home/vladimir/.local/lib/python3.10/site-packages/airflow/example_dags/example_branch_python_dop_operator_3.py
[2023-04-23T01:34:51.328+0300] {logging_mixin.py:137} INFO - [2023-04-23T01:34:51.328+0300] {dag.py:2705} INFO - Sync 1 DAGs
[2023-04-23T01:34:51.343+0300] {logging_mixin.py:137} INFO - [2023-04-23T01:34:51.343+0300] {dag.py:3452} INFO - Setting next_dagrun for example_branch_dop_operator_v3 to 2023-04-22T22:33:00+00:00, run_after=2023-04-22T22:34:00+00:00
[2023-04-23T01:34:51.355+0300] {processor.py:175} INFO - Processing /home/vladimir/.local/lib/python3.10/site-packages/airflow/example_dags/example_branch_python_dop_operator_3.py took 0.061 seconds
