[2023-04-22T22:50:20.968+0300] {processor.py:153} INFO - Started process (PID=11391) to work on /home/vladimir/.local/lib/python3.10/site-packages/airflow/example_dags/tutorial_taskflow_api.py
[2023-04-22T22:50:20.969+0300] {processor.py:743} INFO - Processing file /home/vladimir/.local/lib/python3.10/site-packages/airflow/example_dags/tutorial_taskflow_api.py for tasks to queue
[2023-04-22T22:50:20.969+0300] {logging_mixin.py:137} INFO - [2023-04-22T22:50:20.969+0300] {dagbag.py:532} INFO - Filling up the DagBag from /home/vladimir/.local/lib/python3.10/site-packages/airflow/example_dags/tutorial_taskflow_api.py
[2023-04-22T22:50:20.986+0300] {processor.py:753} INFO - DAG(s) dict_keys(['tutorial_taskflow_api']) retrieved from /home/vladimir/.local/lib/python3.10/site-packages/airflow/example_dags/tutorial_taskflow_api.py
[2023-04-22T22:50:21.047+0300] {logging_mixin.py:137} INFO - [2023-04-22T22:50:21.047+0300] {manager.py:504} INFO - Created Permission View: can delete on DAG:tutorial_taskflow_api
[2023-04-22T22:50:21.052+0300] {logging_mixin.py:137} INFO - [2023-04-22T22:50:21.052+0300] {manager.py:504} INFO - Created Permission View: can read on DAG:tutorial_taskflow_api
[2023-04-22T22:50:21.057+0300] {logging_mixin.py:137} INFO - [2023-04-22T22:50:21.057+0300] {manager.py:504} INFO - Created Permission View: can edit on DAG:tutorial_taskflow_api
[2023-04-22T22:50:21.057+0300] {logging_mixin.py:137} INFO - [2023-04-22T22:50:21.057+0300] {dag.py:2705} INFO - Sync 1 DAGs
[2023-04-22T22:50:21.065+0300] {logging_mixin.py:137} INFO - [2023-04-22T22:50:21.065+0300] {dag.py:2726} INFO - Creating ORM DAG for tutorial_taskflow_api
[2023-04-22T22:50:21.070+0300] {logging_mixin.py:137} INFO - [2023-04-22T22:50:21.070+0300] {dag.py:3452} INFO - Setting next_dagrun for tutorial_taskflow_api to None, run_after=None
[2023-04-22T22:50:21.081+0300] {processor.py:175} INFO - Processing /home/vladimir/.local/lib/python3.10/site-packages/airflow/example_dags/tutorial_taskflow_api.py took 0.115 seconds
[2023-04-22T22:51:03.656+0300] {processor.py:153} INFO - Started process (PID=11480) to work on /home/vladimir/.local/lib/python3.10/site-packages/airflow/example_dags/tutorial_taskflow_api.py
[2023-04-22T22:51:03.656+0300] {processor.py:743} INFO - Processing file /home/vladimir/.local/lib/python3.10/site-packages/airflow/example_dags/tutorial_taskflow_api.py for tasks to queue
[2023-04-22T22:51:03.657+0300] {logging_mixin.py:137} INFO - [2023-04-22T22:51:03.657+0300] {dagbag.py:532} INFO - Filling up the DagBag from /home/vladimir/.local/lib/python3.10/site-packages/airflow/example_dags/tutorial_taskflow_api.py
[2023-04-22T22:51:03.672+0300] {processor.py:753} INFO - DAG(s) dict_keys(['tutorial_taskflow_api']) retrieved from /home/vladimir/.local/lib/python3.10/site-packages/airflow/example_dags/tutorial_taskflow_api.py
[2023-04-22T22:51:03.686+0300] {logging_mixin.py:137} INFO - [2023-04-22T22:51:03.686+0300] {dag.py:2705} INFO - Sync 1 DAGs
[2023-04-22T22:51:03.697+0300] {logging_mixin.py:137} INFO - [2023-04-22T22:51:03.697+0300] {dag.py:3452} INFO - Setting next_dagrun for tutorial_taskflow_api to None, run_after=None
[2023-04-22T22:51:03.710+0300] {processor.py:175} INFO - Processing /home/vladimir/.local/lib/python3.10/site-packages/airflow/example_dags/tutorial_taskflow_api.py took 0.056 seconds
[2023-04-22T22:51:46.208+0300] {processor.py:153} INFO - Started process (PID=11595) to work on /home/vladimir/.local/lib/python3.10/site-packages/airflow/example_dags/tutorial_taskflow_api.py
[2023-04-22T22:51:46.208+0300] {processor.py:743} INFO - Processing file /home/vladimir/.local/lib/python3.10/site-packages/airflow/example_dags/tutorial_taskflow_api.py for tasks to queue
[2023-04-22T22:51:46.209+0300] {logging_mixin.py:137} INFO - [2023-04-22T22:51:46.209+0300] {dagbag.py:532} INFO - Filling up the DagBag from /home/vladimir/.local/lib/python3.10/site-packages/airflow/example_dags/tutorial_taskflow_api.py
[2023-04-22T22:51:46.228+0300] {processor.py:753} INFO - DAG(s) dict_keys(['tutorial_taskflow_api']) retrieved from /home/vladimir/.local/lib/python3.10/site-packages/airflow/example_dags/tutorial_taskflow_api.py
[2023-04-22T22:51:46.242+0300] {logging_mixin.py:137} INFO - [2023-04-22T22:51:46.242+0300] {dag.py:2705} INFO - Sync 1 DAGs
[2023-04-22T22:51:46.254+0300] {logging_mixin.py:137} INFO - [2023-04-22T22:51:46.253+0300] {dag.py:3452} INFO - Setting next_dagrun for tutorial_taskflow_api to None, run_after=None
[2023-04-22T22:51:46.266+0300] {processor.py:175} INFO - Processing /home/vladimir/.local/lib/python3.10/site-packages/airflow/example_dags/tutorial_taskflow_api.py took 0.061 seconds
[2023-04-22T22:52:25.570+0300] {processor.py:153} INFO - Started process (PID=11645) to work on /home/vladimir/.local/lib/python3.10/site-packages/airflow/example_dags/tutorial_taskflow_api.py
[2023-04-22T22:52:25.571+0300] {processor.py:743} INFO - Processing file /home/vladimir/.local/lib/python3.10/site-packages/airflow/example_dags/tutorial_taskflow_api.py for tasks to queue
[2023-04-22T22:52:25.572+0300] {logging_mixin.py:137} INFO - [2023-04-22T22:52:25.572+0300] {dagbag.py:532} INFO - Filling up the DagBag from /home/vladimir/.local/lib/python3.10/site-packages/airflow/example_dags/tutorial_taskflow_api.py
[2023-04-22T22:52:25.588+0300] {processor.py:753} INFO - DAG(s) dict_keys(['tutorial_taskflow_api']) retrieved from /home/vladimir/.local/lib/python3.10/site-packages/airflow/example_dags/tutorial_taskflow_api.py
[2023-04-22T22:52:25.602+0300] {logging_mixin.py:137} INFO - [2023-04-22T22:52:25.602+0300] {dag.py:2705} INFO - Sync 1 DAGs
[2023-04-22T22:52:25.613+0300] {logging_mixin.py:137} INFO - [2023-04-22T22:52:25.613+0300] {dag.py:3452} INFO - Setting next_dagrun for tutorial_taskflow_api to None, run_after=None
[2023-04-22T22:52:25.625+0300] {processor.py:175} INFO - Processing /home/vladimir/.local/lib/python3.10/site-packages/airflow/example_dags/tutorial_taskflow_api.py took 0.057 seconds
[2023-04-22T22:53:04.692+0300] {processor.py:153} INFO - Started process (PID=11694) to work on /home/vladimir/.local/lib/python3.10/site-packages/airflow/example_dags/tutorial_taskflow_api.py
[2023-04-22T22:53:04.692+0300] {processor.py:743} INFO - Processing file /home/vladimir/.local/lib/python3.10/site-packages/airflow/example_dags/tutorial_taskflow_api.py for tasks to queue
[2023-04-22T22:53:04.693+0300] {logging_mixin.py:137} INFO - [2023-04-22T22:53:04.693+0300] {dagbag.py:532} INFO - Filling up the DagBag from /home/vladimir/.local/lib/python3.10/site-packages/airflow/example_dags/tutorial_taskflow_api.py
[2023-04-22T22:53:04.708+0300] {processor.py:753} INFO - DAG(s) dict_keys(['tutorial_taskflow_api']) retrieved from /home/vladimir/.local/lib/python3.10/site-packages/airflow/example_dags/tutorial_taskflow_api.py
[2023-04-22T22:53:04.722+0300] {logging_mixin.py:137} INFO - [2023-04-22T22:53:04.721+0300] {dag.py:2705} INFO - Sync 1 DAGs
[2023-04-22T22:53:04.734+0300] {logging_mixin.py:137} INFO - [2023-04-22T22:53:04.734+0300] {dag.py:3452} INFO - Setting next_dagrun for tutorial_taskflow_api to None, run_after=None
[2023-04-22T22:53:04.747+0300] {processor.py:175} INFO - Processing /home/vladimir/.local/lib/python3.10/site-packages/airflow/example_dags/tutorial_taskflow_api.py took 0.058 seconds
[2023-04-22T22:53:42.819+0300] {processor.py:153} INFO - Started process (PID=11745) to work on /home/vladimir/.local/lib/python3.10/site-packages/airflow/example_dags/tutorial_taskflow_api.py
[2023-04-22T22:53:42.820+0300] {processor.py:743} INFO - Processing file /home/vladimir/.local/lib/python3.10/site-packages/airflow/example_dags/tutorial_taskflow_api.py for tasks to queue
[2023-04-22T22:53:42.820+0300] {logging_mixin.py:137} INFO - [2023-04-22T22:53:42.820+0300] {dagbag.py:532} INFO - Filling up the DagBag from /home/vladimir/.local/lib/python3.10/site-packages/airflow/example_dags/tutorial_taskflow_api.py
[2023-04-22T22:53:42.835+0300] {processor.py:753} INFO - DAG(s) dict_keys(['tutorial_taskflow_api']) retrieved from /home/vladimir/.local/lib/python3.10/site-packages/airflow/example_dags/tutorial_taskflow_api.py
[2023-04-22T22:53:42.850+0300] {logging_mixin.py:137} INFO - [2023-04-22T22:53:42.850+0300] {dag.py:2705} INFO - Sync 1 DAGs
[2023-04-22T22:53:42.863+0300] {logging_mixin.py:137} INFO - [2023-04-22T22:53:42.863+0300] {dag.py:3452} INFO - Setting next_dagrun for tutorial_taskflow_api to None, run_after=None
[2023-04-22T22:53:42.875+0300] {processor.py:175} INFO - Processing /home/vladimir/.local/lib/python3.10/site-packages/airflow/example_dags/tutorial_taskflow_api.py took 0.059 seconds
[2023-04-22T22:54:21.086+0300] {processor.py:153} INFO - Started process (PID=11805) to work on /home/vladimir/.local/lib/python3.10/site-packages/airflow/example_dags/tutorial_taskflow_api.py
[2023-04-22T22:54:21.087+0300] {processor.py:743} INFO - Processing file /home/vladimir/.local/lib/python3.10/site-packages/airflow/example_dags/tutorial_taskflow_api.py for tasks to queue
[2023-04-22T22:54:21.087+0300] {logging_mixin.py:137} INFO - [2023-04-22T22:54:21.087+0300] {dagbag.py:532} INFO - Filling up the DagBag from /home/vladimir/.local/lib/python3.10/site-packages/airflow/example_dags/tutorial_taskflow_api.py
[2023-04-22T22:54:21.102+0300] {processor.py:753} INFO - DAG(s) dict_keys(['tutorial_taskflow_api']) retrieved from /home/vladimir/.local/lib/python3.10/site-packages/airflow/example_dags/tutorial_taskflow_api.py
[2023-04-22T22:54:21.115+0300] {logging_mixin.py:137} INFO - [2023-04-22T22:54:21.115+0300] {dag.py:2705} INFO - Sync 1 DAGs
[2023-04-22T22:54:21.126+0300] {logging_mixin.py:137} INFO - [2023-04-22T22:54:21.126+0300] {dag.py:3452} INFO - Setting next_dagrun for tutorial_taskflow_api to None, run_after=None
[2023-04-22T22:54:21.137+0300] {processor.py:175} INFO - Processing /home/vladimir/.local/lib/python3.10/site-packages/airflow/example_dags/tutorial_taskflow_api.py took 0.053 seconds
[2023-04-22T22:55:00.340+0300] {processor.py:153} INFO - Started process (PID=11870) to work on /home/vladimir/.local/lib/python3.10/site-packages/airflow/example_dags/tutorial_taskflow_api.py
[2023-04-22T22:55:00.341+0300] {processor.py:743} INFO - Processing file /home/vladimir/.local/lib/python3.10/site-packages/airflow/example_dags/tutorial_taskflow_api.py for tasks to queue
[2023-04-22T22:55:00.342+0300] {logging_mixin.py:137} INFO - [2023-04-22T22:55:00.342+0300] {dagbag.py:532} INFO - Filling up the DagBag from /home/vladimir/.local/lib/python3.10/site-packages/airflow/example_dags/tutorial_taskflow_api.py
[2023-04-22T22:55:00.359+0300] {processor.py:753} INFO - DAG(s) dict_keys(['tutorial_taskflow_api']) retrieved from /home/vladimir/.local/lib/python3.10/site-packages/airflow/example_dags/tutorial_taskflow_api.py
[2023-04-22T22:55:00.375+0300] {logging_mixin.py:137} INFO - [2023-04-22T22:55:00.374+0300] {dag.py:2705} INFO - Sync 1 DAGs
[2023-04-22T22:55:00.386+0300] {logging_mixin.py:137} INFO - [2023-04-22T22:55:00.386+0300] {dag.py:3452} INFO - Setting next_dagrun for tutorial_taskflow_api to None, run_after=None
[2023-04-22T22:55:00.398+0300] {processor.py:175} INFO - Processing /home/vladimir/.local/lib/python3.10/site-packages/airflow/example_dags/tutorial_taskflow_api.py took 0.060 seconds
[2023-04-22T22:55:40.826+0300] {processor.py:153} INFO - Started process (PID=11920) to work on /home/vladimir/.local/lib/python3.10/site-packages/airflow/example_dags/tutorial_taskflow_api.py
[2023-04-22T22:55:40.826+0300] {processor.py:743} INFO - Processing file /home/vladimir/.local/lib/python3.10/site-packages/airflow/example_dags/tutorial_taskflow_api.py for tasks to queue
[2023-04-22T22:55:40.827+0300] {logging_mixin.py:137} INFO - [2023-04-22T22:55:40.827+0300] {dagbag.py:532} INFO - Filling up the DagBag from /home/vladimir/.local/lib/python3.10/site-packages/airflow/example_dags/tutorial_taskflow_api.py
[2023-04-22T22:55:40.841+0300] {processor.py:753} INFO - DAG(s) dict_keys(['tutorial_taskflow_api']) retrieved from /home/vladimir/.local/lib/python3.10/site-packages/airflow/example_dags/tutorial_taskflow_api.py
[2023-04-22T22:55:40.853+0300] {logging_mixin.py:137} INFO - [2023-04-22T22:55:40.853+0300] {dag.py:2705} INFO - Sync 1 DAGs
[2023-04-22T22:55:40.864+0300] {logging_mixin.py:137} INFO - [2023-04-22T22:55:40.864+0300] {dag.py:3452} INFO - Setting next_dagrun for tutorial_taskflow_api to None, run_after=None
[2023-04-22T22:55:40.876+0300] {processor.py:175} INFO - Processing /home/vladimir/.local/lib/python3.10/site-packages/airflow/example_dags/tutorial_taskflow_api.py took 0.053 seconds
[2023-04-23T01:29:03.995+0300] {processor.py:153} INFO - Started process (PID=4402) to work on /home/vladimir/.local/lib/python3.10/site-packages/airflow/example_dags/tutorial_taskflow_api.py
[2023-04-23T01:29:03.996+0300] {processor.py:743} INFO - Processing file /home/vladimir/.local/lib/python3.10/site-packages/airflow/example_dags/tutorial_taskflow_api.py for tasks to queue
[2023-04-23T01:29:03.996+0300] {logging_mixin.py:137} INFO - [2023-04-23T01:29:03.996+0300] {dagbag.py:532} INFO - Filling up the DagBag from /home/vladimir/.local/lib/python3.10/site-packages/airflow/example_dags/tutorial_taskflow_api.py
[2023-04-23T01:29:04.013+0300] {processor.py:753} INFO - DAG(s) dict_keys(['tutorial_taskflow_api']) retrieved from /home/vladimir/.local/lib/python3.10/site-packages/airflow/example_dags/tutorial_taskflow_api.py
[2023-04-23T01:29:04.029+0300] {logging_mixin.py:137} INFO - [2023-04-23T01:29:04.029+0300] {dag.py:2705} INFO - Sync 1 DAGs
[2023-04-23T01:29:04.043+0300] {logging_mixin.py:137} INFO - [2023-04-23T01:29:04.043+0300] {dag.py:3452} INFO - Setting next_dagrun for tutorial_taskflow_api to None, run_after=None
[2023-04-23T01:29:04.061+0300] {processor.py:175} INFO - Processing /home/vladimir/.local/lib/python3.10/site-packages/airflow/example_dags/tutorial_taskflow_api.py took 0.068 seconds
[2023-04-23T01:29:44.142+0300] {processor.py:153} INFO - Started process (PID=4458) to work on /home/vladimir/.local/lib/python3.10/site-packages/airflow/example_dags/tutorial_taskflow_api.py
[2023-04-23T01:29:44.143+0300] {processor.py:743} INFO - Processing file /home/vladimir/.local/lib/python3.10/site-packages/airflow/example_dags/tutorial_taskflow_api.py for tasks to queue
[2023-04-23T01:29:44.144+0300] {logging_mixin.py:137} INFO - [2023-04-23T01:29:44.144+0300] {dagbag.py:532} INFO - Filling up the DagBag from /home/vladimir/.local/lib/python3.10/site-packages/airflow/example_dags/tutorial_taskflow_api.py
[2023-04-23T01:29:44.163+0300] {processor.py:753} INFO - DAG(s) dict_keys(['tutorial_taskflow_api']) retrieved from /home/vladimir/.local/lib/python3.10/site-packages/airflow/example_dags/tutorial_taskflow_api.py
[2023-04-23T01:29:44.176+0300] {logging_mixin.py:137} INFO - [2023-04-23T01:29:44.176+0300] {dag.py:2705} INFO - Sync 1 DAGs
[2023-04-23T01:29:44.188+0300] {logging_mixin.py:137} INFO - [2023-04-23T01:29:44.188+0300] {dag.py:3452} INFO - Setting next_dagrun for tutorial_taskflow_api to None, run_after=None
[2023-04-23T01:29:44.199+0300] {processor.py:175} INFO - Processing /home/vladimir/.local/lib/python3.10/site-packages/airflow/example_dags/tutorial_taskflow_api.py took 0.058 seconds
[2023-04-23T01:30:25.239+0300] {processor.py:153} INFO - Started process (PID=4543) to work on /home/vladimir/.local/lib/python3.10/site-packages/airflow/example_dags/tutorial_taskflow_api.py
[2023-04-23T01:30:25.240+0300] {processor.py:743} INFO - Processing file /home/vladimir/.local/lib/python3.10/site-packages/airflow/example_dags/tutorial_taskflow_api.py for tasks to queue
[2023-04-23T01:30:25.240+0300] {logging_mixin.py:137} INFO - [2023-04-23T01:30:25.240+0300] {dagbag.py:532} INFO - Filling up the DagBag from /home/vladimir/.local/lib/python3.10/site-packages/airflow/example_dags/tutorial_taskflow_api.py
[2023-04-23T01:30:25.256+0300] {processor.py:753} INFO - DAG(s) dict_keys(['tutorial_taskflow_api']) retrieved from /home/vladimir/.local/lib/python3.10/site-packages/airflow/example_dags/tutorial_taskflow_api.py
[2023-04-23T01:30:25.271+0300] {logging_mixin.py:137} INFO - [2023-04-23T01:30:25.271+0300] {dag.py:2705} INFO - Sync 1 DAGs
[2023-04-23T01:30:25.284+0300] {logging_mixin.py:137} INFO - [2023-04-23T01:30:25.283+0300] {dag.py:3452} INFO - Setting next_dagrun for tutorial_taskflow_api to None, run_after=None
[2023-04-23T01:30:25.297+0300] {processor.py:175} INFO - Processing /home/vladimir/.local/lib/python3.10/site-packages/airflow/example_dags/tutorial_taskflow_api.py took 0.060 seconds
[2023-04-23T01:31:06.915+0300] {processor.py:153} INFO - Started process (PID=4599) to work on /home/vladimir/.local/lib/python3.10/site-packages/airflow/example_dags/tutorial_taskflow_api.py
[2023-04-23T01:31:06.915+0300] {processor.py:743} INFO - Processing file /home/vladimir/.local/lib/python3.10/site-packages/airflow/example_dags/tutorial_taskflow_api.py for tasks to queue
[2023-04-23T01:31:06.916+0300] {logging_mixin.py:137} INFO - [2023-04-23T01:31:06.916+0300] {dagbag.py:532} INFO - Filling up the DagBag from /home/vladimir/.local/lib/python3.10/site-packages/airflow/example_dags/tutorial_taskflow_api.py
[2023-04-23T01:31:06.931+0300] {processor.py:753} INFO - DAG(s) dict_keys(['tutorial_taskflow_api']) retrieved from /home/vladimir/.local/lib/python3.10/site-packages/airflow/example_dags/tutorial_taskflow_api.py
[2023-04-23T01:31:06.944+0300] {logging_mixin.py:137} INFO - [2023-04-23T01:31:06.944+0300] {dag.py:2705} INFO - Sync 1 DAGs
[2023-04-23T01:31:06.956+0300] {logging_mixin.py:137} INFO - [2023-04-23T01:31:06.956+0300] {dag.py:3452} INFO - Setting next_dagrun for tutorial_taskflow_api to None, run_after=None
[2023-04-23T01:31:06.968+0300] {processor.py:175} INFO - Processing /home/vladimir/.local/lib/python3.10/site-packages/airflow/example_dags/tutorial_taskflow_api.py took 0.055 seconds
[2023-04-23T01:31:51.061+0300] {processor.py:153} INFO - Started process (PID=4662) to work on /home/vladimir/.local/lib/python3.10/site-packages/airflow/example_dags/tutorial_taskflow_api.py
[2023-04-23T01:31:51.062+0300] {processor.py:743} INFO - Processing file /home/vladimir/.local/lib/python3.10/site-packages/airflow/example_dags/tutorial_taskflow_api.py for tasks to queue
[2023-04-23T01:31:51.062+0300] {logging_mixin.py:137} INFO - [2023-04-23T01:31:51.062+0300] {dagbag.py:532} INFO - Filling up the DagBag from /home/vladimir/.local/lib/python3.10/site-packages/airflow/example_dags/tutorial_taskflow_api.py
[2023-04-23T01:31:51.077+0300] {processor.py:753} INFO - DAG(s) dict_keys(['tutorial_taskflow_api']) retrieved from /home/vladimir/.local/lib/python3.10/site-packages/airflow/example_dags/tutorial_taskflow_api.py
[2023-04-23T01:31:51.090+0300] {logging_mixin.py:137} INFO - [2023-04-23T01:31:51.090+0300] {dag.py:2705} INFO - Sync 1 DAGs
[2023-04-23T01:31:51.101+0300] {logging_mixin.py:137} INFO - [2023-04-23T01:31:51.101+0300] {dag.py:3452} INFO - Setting next_dagrun for tutorial_taskflow_api to None, run_after=None
[2023-04-23T01:31:51.115+0300] {processor.py:175} INFO - Processing /home/vladimir/.local/lib/python3.10/site-packages/airflow/example_dags/tutorial_taskflow_api.py took 0.056 seconds
[2023-04-23T01:32:36.461+0300] {processor.py:153} INFO - Started process (PID=4722) to work on /home/vladimir/.local/lib/python3.10/site-packages/airflow/example_dags/tutorial_taskflow_api.py
[2023-04-23T01:32:36.462+0300] {processor.py:743} INFO - Processing file /home/vladimir/.local/lib/python3.10/site-packages/airflow/example_dags/tutorial_taskflow_api.py for tasks to queue
[2023-04-23T01:32:36.462+0300] {logging_mixin.py:137} INFO - [2023-04-23T01:32:36.462+0300] {dagbag.py:532} INFO - Filling up the DagBag from /home/vladimir/.local/lib/python3.10/site-packages/airflow/example_dags/tutorial_taskflow_api.py
[2023-04-23T01:32:36.479+0300] {processor.py:753} INFO - DAG(s) dict_keys(['tutorial_taskflow_api']) retrieved from /home/vladimir/.local/lib/python3.10/site-packages/airflow/example_dags/tutorial_taskflow_api.py
[2023-04-23T01:32:36.502+0300] {logging_mixin.py:137} INFO - [2023-04-23T01:32:36.502+0300] {dag.py:2705} INFO - Sync 1 DAGs
[2023-04-23T01:32:36.538+0300] {logging_mixin.py:137} INFO - [2023-04-23T01:32:36.538+0300] {dag.py:3452} INFO - Setting next_dagrun for tutorial_taskflow_api to None, run_after=None
[2023-04-23T01:32:36.560+0300] {processor.py:175} INFO - Processing /home/vladimir/.local/lib/python3.10/site-packages/airflow/example_dags/tutorial_taskflow_api.py took 0.101 seconds
[2023-04-23T01:33:18.213+0300] {processor.py:153} INFO - Started process (PID=4780) to work on /home/vladimir/.local/lib/python3.10/site-packages/airflow/example_dags/tutorial_taskflow_api.py
[2023-04-23T01:33:18.214+0300] {processor.py:743} INFO - Processing file /home/vladimir/.local/lib/python3.10/site-packages/airflow/example_dags/tutorial_taskflow_api.py for tasks to queue
[2023-04-23T01:33:18.214+0300] {logging_mixin.py:137} INFO - [2023-04-23T01:33:18.214+0300] {dagbag.py:532} INFO - Filling up the DagBag from /home/vladimir/.local/lib/python3.10/site-packages/airflow/example_dags/tutorial_taskflow_api.py
[2023-04-23T01:33:18.230+0300] {processor.py:753} INFO - DAG(s) dict_keys(['tutorial_taskflow_api']) retrieved from /home/vladimir/.local/lib/python3.10/site-packages/airflow/example_dags/tutorial_taskflow_api.py
[2023-04-23T01:33:18.243+0300] {logging_mixin.py:137} INFO - [2023-04-23T01:33:18.243+0300] {dag.py:2705} INFO - Sync 1 DAGs
[2023-04-23T01:33:18.256+0300] {logging_mixin.py:137} INFO - [2023-04-23T01:33:18.256+0300] {dag.py:3452} INFO - Setting next_dagrun for tutorial_taskflow_api to None, run_after=None
[2023-04-23T01:33:18.268+0300] {processor.py:175} INFO - Processing /home/vladimir/.local/lib/python3.10/site-packages/airflow/example_dags/tutorial_taskflow_api.py took 0.057 seconds
[2023-04-23T01:33:59.319+0300] {processor.py:153} INFO - Started process (PID=4856) to work on /home/vladimir/.local/lib/python3.10/site-packages/airflow/example_dags/tutorial_taskflow_api.py
[2023-04-23T01:33:59.320+0300] {processor.py:743} INFO - Processing file /home/vladimir/.local/lib/python3.10/site-packages/airflow/example_dags/tutorial_taskflow_api.py for tasks to queue
[2023-04-23T01:33:59.321+0300] {logging_mixin.py:137} INFO - [2023-04-23T01:33:59.321+0300] {dagbag.py:532} INFO - Filling up the DagBag from /home/vladimir/.local/lib/python3.10/site-packages/airflow/example_dags/tutorial_taskflow_api.py
[2023-04-23T01:33:59.336+0300] {processor.py:753} INFO - DAG(s) dict_keys(['tutorial_taskflow_api']) retrieved from /home/vladimir/.local/lib/python3.10/site-packages/airflow/example_dags/tutorial_taskflow_api.py
[2023-04-23T01:33:59.351+0300] {logging_mixin.py:137} INFO - [2023-04-23T01:33:59.350+0300] {dag.py:2705} INFO - Sync 1 DAGs
[2023-04-23T01:33:59.363+0300] {logging_mixin.py:137} INFO - [2023-04-23T01:33:59.363+0300] {dag.py:3452} INFO - Setting next_dagrun for tutorial_taskflow_api to None, run_after=None
[2023-04-23T01:33:59.375+0300] {processor.py:175} INFO - Processing /home/vladimir/.local/lib/python3.10/site-packages/airflow/example_dags/tutorial_taskflow_api.py took 0.059 seconds
[2023-04-23T01:34:41.022+0300] {processor.py:153} INFO - Started process (PID=4936) to work on /home/vladimir/.local/lib/python3.10/site-packages/airflow/example_dags/tutorial_taskflow_api.py
[2023-04-23T01:34:41.023+0300] {processor.py:743} INFO - Processing file /home/vladimir/.local/lib/python3.10/site-packages/airflow/example_dags/tutorial_taskflow_api.py for tasks to queue
[2023-04-23T01:34:41.024+0300] {logging_mixin.py:137} INFO - [2023-04-23T01:34:41.023+0300] {dagbag.py:532} INFO - Filling up the DagBag from /home/vladimir/.local/lib/python3.10/site-packages/airflow/example_dags/tutorial_taskflow_api.py
[2023-04-23T01:34:41.038+0300] {processor.py:753} INFO - DAG(s) dict_keys(['tutorial_taskflow_api']) retrieved from /home/vladimir/.local/lib/python3.10/site-packages/airflow/example_dags/tutorial_taskflow_api.py
[2023-04-23T01:34:41.052+0300] {logging_mixin.py:137} INFO - [2023-04-23T01:34:41.052+0300] {dag.py:2705} INFO - Sync 1 DAGs
[2023-04-23T01:34:41.064+0300] {logging_mixin.py:137} INFO - [2023-04-23T01:34:41.064+0300] {dag.py:3452} INFO - Setting next_dagrun for tutorial_taskflow_api to None, run_after=None
[2023-04-23T01:34:41.075+0300] {processor.py:175} INFO - Processing /home/vladimir/.local/lib/python3.10/site-packages/airflow/example_dags/tutorial_taskflow_api.py took 0.054 seconds
[2023-04-23T01:35:19.460+0300] {processor.py:153} INFO - Started process (PID=4986) to work on /home/vladimir/.local/lib/python3.10/site-packages/airflow/example_dags/tutorial_taskflow_api.py
[2023-04-23T01:35:19.461+0300] {processor.py:743} INFO - Processing file /home/vladimir/.local/lib/python3.10/site-packages/airflow/example_dags/tutorial_taskflow_api.py for tasks to queue
[2023-04-23T01:35:19.462+0300] {logging_mixin.py:137} INFO - [2023-04-23T01:35:19.461+0300] {dagbag.py:532} INFO - Filling up the DagBag from /home/vladimir/.local/lib/python3.10/site-packages/airflow/example_dags/tutorial_taskflow_api.py
[2023-04-23T01:35:19.476+0300] {processor.py:753} INFO - DAG(s) dict_keys(['tutorial_taskflow_api']) retrieved from /home/vladimir/.local/lib/python3.10/site-packages/airflow/example_dags/tutorial_taskflow_api.py
[2023-04-23T01:35:19.489+0300] {logging_mixin.py:137} INFO - [2023-04-23T01:35:19.489+0300] {dag.py:2705} INFO - Sync 1 DAGs
[2023-04-23T01:35:19.501+0300] {logging_mixin.py:137} INFO - [2023-04-23T01:35:19.501+0300] {dag.py:3452} INFO - Setting next_dagrun for tutorial_taskflow_api to None, run_after=None
[2023-04-23T01:35:19.513+0300] {processor.py:175} INFO - Processing /home/vladimir/.local/lib/python3.10/site-packages/airflow/example_dags/tutorial_taskflow_api.py took 0.055 seconds
