[2023-04-22T22:50:26.173+0300] {processor.py:153} INFO - Started process (PID=11403) to work on /home/vladimir/.local/lib/python3.10/site-packages/airflow/example_dags/tutorial.py
[2023-04-22T22:50:26.174+0300] {processor.py:743} INFO - Processing file /home/vladimir/.local/lib/python3.10/site-packages/airflow/example_dags/tutorial.py for tasks to queue
[2023-04-22T22:50:26.174+0300] {logging_mixin.py:137} INFO - [2023-04-22T22:50:26.174+0300] {dagbag.py:532} INFO - Filling up the DagBag from /home/vladimir/.local/lib/python3.10/site-packages/airflow/example_dags/tutorial.py
[2023-04-22T22:50:26.184+0300] {processor.py:753} INFO - DAG(s) dict_keys(['tutorial']) retrieved from /home/vladimir/.local/lib/python3.10/site-packages/airflow/example_dags/tutorial.py
[2023-04-22T22:50:26.245+0300] {logging_mixin.py:137} INFO - [2023-04-22T22:50:26.245+0300] {manager.py:504} INFO - Created Permission View: can delete on DAG:tutorial
[2023-04-22T22:50:26.250+0300] {logging_mixin.py:137} INFO - [2023-04-22T22:50:26.250+0300] {manager.py:504} INFO - Created Permission View: can read on DAG:tutorial
[2023-04-22T22:50:26.254+0300] {logging_mixin.py:137} INFO - [2023-04-22T22:50:26.254+0300] {manager.py:504} INFO - Created Permission View: can edit on DAG:tutorial
[2023-04-22T22:50:26.254+0300] {logging_mixin.py:137} INFO - [2023-04-22T22:50:26.254+0300] {dag.py:2705} INFO - Sync 1 DAGs
[2023-04-22T22:50:26.262+0300] {logging_mixin.py:137} INFO - [2023-04-22T22:50:26.262+0300] {dag.py:2726} INFO - Creating ORM DAG for tutorial
[2023-04-22T22:50:26.268+0300] {logging_mixin.py:137} INFO - [2023-04-22T22:50:26.268+0300] {dag.py:3452} INFO - Setting next_dagrun for tutorial to 2023-04-21T19:50:26.268385+00:00, run_after=2023-04-22T19:50:26.268385+00:00
[2023-04-22T22:50:26.280+0300] {processor.py:175} INFO - Processing /home/vladimir/.local/lib/python3.10/site-packages/airflow/example_dags/tutorial.py took 0.109 seconds
[2023-04-22T22:51:08.650+0300] {processor.py:153} INFO - Started process (PID=11488) to work on /home/vladimir/.local/lib/python3.10/site-packages/airflow/example_dags/tutorial.py
[2023-04-22T22:51:08.651+0300] {processor.py:743} INFO - Processing file /home/vladimir/.local/lib/python3.10/site-packages/airflow/example_dags/tutorial.py for tasks to queue
[2023-04-22T22:51:08.651+0300] {logging_mixin.py:137} INFO - [2023-04-22T22:51:08.651+0300] {dagbag.py:532} INFO - Filling up the DagBag from /home/vladimir/.local/lib/python3.10/site-packages/airflow/example_dags/tutorial.py
[2023-04-22T22:51:08.661+0300] {processor.py:753} INFO - DAG(s) dict_keys(['tutorial']) retrieved from /home/vladimir/.local/lib/python3.10/site-packages/airflow/example_dags/tutorial.py
[2023-04-22T22:51:08.674+0300] {logging_mixin.py:137} INFO - [2023-04-22T22:51:08.674+0300] {dag.py:2705} INFO - Sync 1 DAGs
[2023-04-22T22:51:08.686+0300] {logging_mixin.py:137} INFO - [2023-04-22T22:51:08.686+0300] {dag.py:3452} INFO - Setting next_dagrun for tutorial to 2023-04-21T19:51:08.686721+00:00, run_after=2023-04-22T19:51:08.686721+00:00
[2023-04-22T22:51:08.697+0300] {processor.py:175} INFO - Processing /home/vladimir/.local/lib/python3.10/site-packages/airflow/example_dags/tutorial.py took 0.049 seconds
[2023-04-22T22:51:51.346+0300] {processor.py:153} INFO - Started process (PID=11600) to work on /home/vladimir/.local/lib/python3.10/site-packages/airflow/example_dags/tutorial.py
[2023-04-22T22:51:51.347+0300] {processor.py:743} INFO - Processing file /home/vladimir/.local/lib/python3.10/site-packages/airflow/example_dags/tutorial.py for tasks to queue
[2023-04-22T22:51:51.348+0300] {logging_mixin.py:137} INFO - [2023-04-22T22:51:51.347+0300] {dagbag.py:532} INFO - Filling up the DagBag from /home/vladimir/.local/lib/python3.10/site-packages/airflow/example_dags/tutorial.py
[2023-04-22T22:51:51.358+0300] {processor.py:753} INFO - DAG(s) dict_keys(['tutorial']) retrieved from /home/vladimir/.local/lib/python3.10/site-packages/airflow/example_dags/tutorial.py
[2023-04-22T22:51:51.372+0300] {logging_mixin.py:137} INFO - [2023-04-22T22:51:51.372+0300] {dag.py:2705} INFO - Sync 1 DAGs
[2023-04-22T22:51:51.384+0300] {logging_mixin.py:137} INFO - [2023-04-22T22:51:51.384+0300] {dag.py:3452} INFO - Setting next_dagrun for tutorial to 2023-04-21T19:51:51.384274+00:00, run_after=2023-04-22T19:51:51.384274+00:00
[2023-04-22T22:51:51.399+0300] {processor.py:175} INFO - Processing /home/vladimir/.local/lib/python3.10/site-packages/airflow/example_dags/tutorial.py took 0.056 seconds
[2023-04-22T22:52:29.614+0300] {processor.py:153} INFO - Started process (PID=11650) to work on /home/vladimir/.local/lib/python3.10/site-packages/airflow/example_dags/tutorial.py
[2023-04-22T22:52:29.615+0300] {processor.py:743} INFO - Processing file /home/vladimir/.local/lib/python3.10/site-packages/airflow/example_dags/tutorial.py for tasks to queue
[2023-04-22T22:52:29.615+0300] {logging_mixin.py:137} INFO - [2023-04-22T22:52:29.615+0300] {dagbag.py:532} INFO - Filling up the DagBag from /home/vladimir/.local/lib/python3.10/site-packages/airflow/example_dags/tutorial.py
[2023-04-22T22:52:29.625+0300] {processor.py:753} INFO - DAG(s) dict_keys(['tutorial']) retrieved from /home/vladimir/.local/lib/python3.10/site-packages/airflow/example_dags/tutorial.py
[2023-04-22T22:52:29.639+0300] {logging_mixin.py:137} INFO - [2023-04-22T22:52:29.639+0300] {dag.py:2705} INFO - Sync 1 DAGs
[2023-04-22T22:52:29.651+0300] {logging_mixin.py:137} INFO - [2023-04-22T22:52:29.651+0300] {dag.py:3452} INFO - Setting next_dagrun for tutorial to 2023-04-21T19:52:29.651479+00:00, run_after=2023-04-22T19:52:29.651479+00:00
[2023-04-22T22:52:29.664+0300] {processor.py:175} INFO - Processing /home/vladimir/.local/lib/python3.10/site-packages/airflow/example_dags/tutorial.py took 0.052 seconds
[2023-04-22T22:53:09.016+0300] {processor.py:153} INFO - Started process (PID=11699) to work on /home/vladimir/.local/lib/python3.10/site-packages/airflow/example_dags/tutorial.py
[2023-04-22T22:53:09.017+0300] {processor.py:743} INFO - Processing file /home/vladimir/.local/lib/python3.10/site-packages/airflow/example_dags/tutorial.py for tasks to queue
[2023-04-22T22:53:09.018+0300] {logging_mixin.py:137} INFO - [2023-04-22T22:53:09.017+0300] {dagbag.py:532} INFO - Filling up the DagBag from /home/vladimir/.local/lib/python3.10/site-packages/airflow/example_dags/tutorial.py
[2023-04-22T22:53:09.029+0300] {processor.py:753} INFO - DAG(s) dict_keys(['tutorial']) retrieved from /home/vladimir/.local/lib/python3.10/site-packages/airflow/example_dags/tutorial.py
[2023-04-22T22:53:09.044+0300] {logging_mixin.py:137} INFO - [2023-04-22T22:53:09.044+0300] {dag.py:2705} INFO - Sync 1 DAGs
[2023-04-22T22:53:09.056+0300] {logging_mixin.py:137} INFO - [2023-04-22T22:53:09.056+0300] {dag.py:3452} INFO - Setting next_dagrun for tutorial to 2023-04-21T19:53:09.056670+00:00, run_after=2023-04-22T19:53:09.056670+00:00
[2023-04-22T22:53:09.069+0300] {processor.py:175} INFO - Processing /home/vladimir/.local/lib/python3.10/site-packages/airflow/example_dags/tutorial.py took 0.056 seconds
[2023-04-22T22:53:48.065+0300] {processor.py:153} INFO - Started process (PID=11755) to work on /home/vladimir/.local/lib/python3.10/site-packages/airflow/example_dags/tutorial.py
[2023-04-22T22:53:48.065+0300] {processor.py:743} INFO - Processing file /home/vladimir/.local/lib/python3.10/site-packages/airflow/example_dags/tutorial.py for tasks to queue
[2023-04-22T22:53:48.066+0300] {logging_mixin.py:137} INFO - [2023-04-22T22:53:48.066+0300] {dagbag.py:532} INFO - Filling up the DagBag from /home/vladimir/.local/lib/python3.10/site-packages/airflow/example_dags/tutorial.py
[2023-04-22T22:53:48.076+0300] {processor.py:753} INFO - DAG(s) dict_keys(['tutorial']) retrieved from /home/vladimir/.local/lib/python3.10/site-packages/airflow/example_dags/tutorial.py
[2023-04-22T22:53:48.089+0300] {logging_mixin.py:137} INFO - [2023-04-22T22:53:48.089+0300] {dag.py:2705} INFO - Sync 1 DAGs
[2023-04-22T22:53:48.102+0300] {logging_mixin.py:137} INFO - [2023-04-22T22:53:48.102+0300] {dag.py:3452} INFO - Setting next_dagrun for tutorial to 2023-04-21T19:53:48.102381+00:00, run_after=2023-04-22T19:53:48.102381+00:00
[2023-04-22T22:53:48.116+0300] {processor.py:175} INFO - Processing /home/vladimir/.local/lib/python3.10/site-packages/airflow/example_dags/tutorial.py took 0.053 seconds
[2023-04-22T22:54:30.086+0300] {processor.py:153} INFO - Started process (PID=11815) to work on /home/vladimir/.local/lib/python3.10/site-packages/airflow/example_dags/tutorial.py
[2023-04-22T22:54:30.087+0300] {processor.py:743} INFO - Processing file /home/vladimir/.local/lib/python3.10/site-packages/airflow/example_dags/tutorial.py for tasks to queue
[2023-04-22T22:54:30.088+0300] {logging_mixin.py:137} INFO - [2023-04-22T22:54:30.088+0300] {dagbag.py:532} INFO - Filling up the DagBag from /home/vladimir/.local/lib/python3.10/site-packages/airflow/example_dags/tutorial.py
[2023-04-22T22:54:30.098+0300] {processor.py:753} INFO - DAG(s) dict_keys(['tutorial']) retrieved from /home/vladimir/.local/lib/python3.10/site-packages/airflow/example_dags/tutorial.py
[2023-04-22T22:54:30.110+0300] {logging_mixin.py:137} INFO - [2023-04-22T22:54:30.110+0300] {dag.py:2705} INFO - Sync 1 DAGs
[2023-04-22T22:54:30.124+0300] {logging_mixin.py:137} INFO - [2023-04-22T22:54:30.124+0300] {dag.py:3452} INFO - Setting next_dagrun for tutorial to 2023-04-21T19:54:30.124434+00:00, run_after=2023-04-22T19:54:30.124434+00:00
[2023-04-22T22:54:30.136+0300] {processor.py:175} INFO - Processing /home/vladimir/.local/lib/python3.10/site-packages/airflow/example_dags/tutorial.py took 0.051 seconds
[2023-04-22T22:55:13.150+0300] {processor.py:153} INFO - Started process (PID=11892) to work on /home/vladimir/.local/lib/python3.10/site-packages/airflow/example_dags/tutorial.py
[2023-04-22T22:55:13.151+0300] {processor.py:743} INFO - Processing file /home/vladimir/.local/lib/python3.10/site-packages/airflow/example_dags/tutorial.py for tasks to queue
[2023-04-22T22:55:13.151+0300] {logging_mixin.py:137} INFO - [2023-04-22T22:55:13.151+0300] {dagbag.py:532} INFO - Filling up the DagBag from /home/vladimir/.local/lib/python3.10/site-packages/airflow/example_dags/tutorial.py
[2023-04-22T22:55:13.161+0300] {processor.py:753} INFO - DAG(s) dict_keys(['tutorial']) retrieved from /home/vladimir/.local/lib/python3.10/site-packages/airflow/example_dags/tutorial.py
[2023-04-22T22:55:13.174+0300] {logging_mixin.py:137} INFO - [2023-04-22T22:55:13.174+0300] {dag.py:2705} INFO - Sync 1 DAGs
[2023-04-22T22:55:13.186+0300] {logging_mixin.py:137} INFO - [2023-04-22T22:55:13.186+0300] {dag.py:3452} INFO - Setting next_dagrun for tutorial to 2023-04-21T19:55:13.185892+00:00, run_after=2023-04-22T19:55:13.185892+00:00
[2023-04-22T22:55:13.197+0300] {processor.py:175} INFO - Processing /home/vladimir/.local/lib/python3.10/site-packages/airflow/example_dags/tutorial.py took 0.048 seconds
[2023-04-22T22:56:00.821+0300] {processor.py:153} INFO - Started process (PID=11945) to work on /home/vladimir/.local/lib/python3.10/site-packages/airflow/example_dags/tutorial.py
[2023-04-22T22:56:00.823+0300] {processor.py:743} INFO - Processing file /home/vladimir/.local/lib/python3.10/site-packages/airflow/example_dags/tutorial.py for tasks to queue
[2023-04-22T22:56:00.823+0300] {logging_mixin.py:137} INFO - [2023-04-22T22:56:00.823+0300] {dagbag.py:532} INFO - Filling up the DagBag from /home/vladimir/.local/lib/python3.10/site-packages/airflow/example_dags/tutorial.py
[2023-04-22T22:56:00.834+0300] {processor.py:753} INFO - DAG(s) dict_keys(['tutorial']) retrieved from /home/vladimir/.local/lib/python3.10/site-packages/airflow/example_dags/tutorial.py
[2023-04-22T22:56:00.848+0300] {logging_mixin.py:137} INFO - [2023-04-22T22:56:00.848+0300] {dag.py:2705} INFO - Sync 1 DAGs
[2023-04-22T22:56:00.859+0300] {logging_mixin.py:137} INFO - [2023-04-22T22:56:00.859+0300] {dag.py:3452} INFO - Setting next_dagrun for tutorial to 2023-04-21T19:56:00.859538+00:00, run_after=2023-04-22T19:56:00.859538+00:00
[2023-04-22T22:56:00.872+0300] {processor.py:175} INFO - Processing /home/vladimir/.local/lib/python3.10/site-packages/airflow/example_dags/tutorial.py took 0.054 seconds
[2023-04-23T01:29:08.098+0300] {processor.py:153} INFO - Started process (PID=4409) to work on /home/vladimir/.local/lib/python3.10/site-packages/airflow/example_dags/tutorial.py
[2023-04-23T01:29:08.119+0300] {processor.py:743} INFO - Processing file /home/vladimir/.local/lib/python3.10/site-packages/airflow/example_dags/tutorial.py for tasks to queue
[2023-04-23T01:29:08.119+0300] {logging_mixin.py:137} INFO - [2023-04-23T01:29:08.119+0300] {dagbag.py:532} INFO - Filling up the DagBag from /home/vladimir/.local/lib/python3.10/site-packages/airflow/example_dags/tutorial.py
[2023-04-23T01:29:08.130+0300] {processor.py:753} INFO - DAG(s) dict_keys(['tutorial']) retrieved from /home/vladimir/.local/lib/python3.10/site-packages/airflow/example_dags/tutorial.py
[2023-04-23T01:29:08.146+0300] {logging_mixin.py:137} INFO - [2023-04-23T01:29:08.146+0300] {dag.py:2705} INFO - Sync 1 DAGs
[2023-04-23T01:29:08.162+0300] {logging_mixin.py:137} INFO - [2023-04-23T01:29:08.162+0300] {dag.py:3452} INFO - Setting next_dagrun for tutorial to 2023-04-21T22:29:08.161999+00:00, run_after=2023-04-22T22:29:08.161999+00:00
[2023-04-23T01:29:08.176+0300] {processor.py:175} INFO - Processing /home/vladimir/.local/lib/python3.10/site-packages/airflow/example_dags/tutorial.py took 0.080 seconds
[2023-04-23T01:29:49.280+0300] {processor.py:153} INFO - Started process (PID=4465) to work on /home/vladimir/.local/lib/python3.10/site-packages/airflow/example_dags/tutorial.py
[2023-04-23T01:29:49.281+0300] {processor.py:743} INFO - Processing file /home/vladimir/.local/lib/python3.10/site-packages/airflow/example_dags/tutorial.py for tasks to queue
[2023-04-23T01:29:49.281+0300] {logging_mixin.py:137} INFO - [2023-04-23T01:29:49.281+0300] {dagbag.py:532} INFO - Filling up the DagBag from /home/vladimir/.local/lib/python3.10/site-packages/airflow/example_dags/tutorial.py
[2023-04-23T01:29:49.292+0300] {processor.py:753} INFO - DAG(s) dict_keys(['tutorial']) retrieved from /home/vladimir/.local/lib/python3.10/site-packages/airflow/example_dags/tutorial.py
[2023-04-23T01:29:49.305+0300] {logging_mixin.py:137} INFO - [2023-04-23T01:29:49.305+0300] {dag.py:2705} INFO - Sync 1 DAGs
[2023-04-23T01:29:49.318+0300] {logging_mixin.py:137} INFO - [2023-04-23T01:29:49.318+0300] {dag.py:3452} INFO - Setting next_dagrun for tutorial to 2023-04-21T22:29:49.318081+00:00, run_after=2023-04-22T22:29:49.318081+00:00
[2023-04-23T01:29:49.332+0300] {processor.py:175} INFO - Processing /home/vladimir/.local/lib/python3.10/site-packages/airflow/example_dags/tutorial.py took 0.054 seconds
[2023-04-23T01:30:30.347+0300] {processor.py:153} INFO - Started process (PID=4552) to work on /home/vladimir/.local/lib/python3.10/site-packages/airflow/example_dags/tutorial.py
[2023-04-23T01:30:30.348+0300] {processor.py:743} INFO - Processing file /home/vladimir/.local/lib/python3.10/site-packages/airflow/example_dags/tutorial.py for tasks to queue
[2023-04-23T01:30:30.349+0300] {logging_mixin.py:137} INFO - [2023-04-23T01:30:30.349+0300] {dagbag.py:532} INFO - Filling up the DagBag from /home/vladimir/.local/lib/python3.10/site-packages/airflow/example_dags/tutorial.py
[2023-04-23T01:30:30.359+0300] {processor.py:753} INFO - DAG(s) dict_keys(['tutorial']) retrieved from /home/vladimir/.local/lib/python3.10/site-packages/airflow/example_dags/tutorial.py
[2023-04-23T01:30:30.372+0300] {logging_mixin.py:137} INFO - [2023-04-23T01:30:30.372+0300] {dag.py:2705} INFO - Sync 1 DAGs
[2023-04-23T01:30:30.386+0300] {logging_mixin.py:137} INFO - [2023-04-23T01:30:30.386+0300] {dag.py:3452} INFO - Setting next_dagrun for tutorial to 2023-04-21T22:30:30.385860+00:00, run_after=2023-04-22T22:30:30.385860+00:00
[2023-04-23T01:30:30.398+0300] {processor.py:175} INFO - Processing /home/vladimir/.local/lib/python3.10/site-packages/airflow/example_dags/tutorial.py took 0.053 seconds
[2023-04-23T01:31:11.652+0300] {processor.py:153} INFO - Started process (PID=4604) to work on /home/vladimir/.local/lib/python3.10/site-packages/airflow/example_dags/tutorial.py
[2023-04-23T01:31:11.653+0300] {processor.py:743} INFO - Processing file /home/vladimir/.local/lib/python3.10/site-packages/airflow/example_dags/tutorial.py for tasks to queue
[2023-04-23T01:31:11.653+0300] {logging_mixin.py:137} INFO - [2023-04-23T01:31:11.653+0300] {dagbag.py:532} INFO - Filling up the DagBag from /home/vladimir/.local/lib/python3.10/site-packages/airflow/example_dags/tutorial.py
[2023-04-23T01:31:11.666+0300] {processor.py:753} INFO - DAG(s) dict_keys(['tutorial']) retrieved from /home/vladimir/.local/lib/python3.10/site-packages/airflow/example_dags/tutorial.py
[2023-04-23T01:31:11.681+0300] {logging_mixin.py:137} INFO - [2023-04-23T01:31:11.680+0300] {dag.py:2705} INFO - Sync 1 DAGs
[2023-04-23T01:31:11.694+0300] {logging_mixin.py:137} INFO - [2023-04-23T01:31:11.694+0300] {dag.py:3452} INFO - Setting next_dagrun for tutorial to 2023-04-21T22:31:11.694187+00:00, run_after=2023-04-22T22:31:11.694187+00:00
[2023-04-23T01:31:11.707+0300] {processor.py:175} INFO - Processing /home/vladimir/.local/lib/python3.10/site-packages/airflow/example_dags/tutorial.py took 0.058 seconds
[2023-04-23T01:31:56.096+0300] {processor.py:153} INFO - Started process (PID=4667) to work on /home/vladimir/.local/lib/python3.10/site-packages/airflow/example_dags/tutorial.py
[2023-04-23T01:31:56.097+0300] {processor.py:743} INFO - Processing file /home/vladimir/.local/lib/python3.10/site-packages/airflow/example_dags/tutorial.py for tasks to queue
[2023-04-23T01:31:56.097+0300] {logging_mixin.py:137} INFO - [2023-04-23T01:31:56.097+0300] {dagbag.py:532} INFO - Filling up the DagBag from /home/vladimir/.local/lib/python3.10/site-packages/airflow/example_dags/tutorial.py
[2023-04-23T01:31:56.109+0300] {processor.py:753} INFO - DAG(s) dict_keys(['tutorial']) retrieved from /home/vladimir/.local/lib/python3.10/site-packages/airflow/example_dags/tutorial.py
[2023-04-23T01:31:56.123+0300] {logging_mixin.py:137} INFO - [2023-04-23T01:31:56.123+0300] {dag.py:2705} INFO - Sync 1 DAGs
[2023-04-23T01:31:56.137+0300] {logging_mixin.py:137} INFO - [2023-04-23T01:31:56.137+0300] {dag.py:3452} INFO - Setting next_dagrun for tutorial to 2023-04-21T22:31:56.137396+00:00, run_after=2023-04-22T22:31:56.137396+00:00
[2023-04-23T01:31:56.155+0300] {processor.py:175} INFO - Processing /home/vladimir/.local/lib/python3.10/site-packages/airflow/example_dags/tutorial.py took 0.061 seconds
[2023-04-23T01:32:42.012+0300] {processor.py:153} INFO - Started process (PID=4732) to work on /home/vladimir/.local/lib/python3.10/site-packages/airflow/example_dags/tutorial.py
[2023-04-23T01:32:42.013+0300] {processor.py:743} INFO - Processing file /home/vladimir/.local/lib/python3.10/site-packages/airflow/example_dags/tutorial.py for tasks to queue
[2023-04-23T01:32:42.014+0300] {logging_mixin.py:137} INFO - [2023-04-23T01:32:42.014+0300] {dagbag.py:532} INFO - Filling up the DagBag from /home/vladimir/.local/lib/python3.10/site-packages/airflow/example_dags/tutorial.py
[2023-04-23T01:32:42.023+0300] {processor.py:753} INFO - DAG(s) dict_keys(['tutorial']) retrieved from /home/vladimir/.local/lib/python3.10/site-packages/airflow/example_dags/tutorial.py
[2023-04-23T01:32:42.035+0300] {logging_mixin.py:137} INFO - [2023-04-23T01:32:42.035+0300] {dag.py:2705} INFO - Sync 1 DAGs
[2023-04-23T01:32:42.047+0300] {logging_mixin.py:137} INFO - [2023-04-23T01:32:42.047+0300] {dag.py:3452} INFO - Setting next_dagrun for tutorial to 2023-04-21T22:32:42.046904+00:00, run_after=2023-04-22T22:32:42.046904+00:00
[2023-04-23T01:32:42.058+0300] {processor.py:175} INFO - Processing /home/vladimir/.local/lib/python3.10/site-packages/airflow/example_dags/tutorial.py took 0.048 seconds
[2023-04-23T01:33:26.219+0300] {processor.py:153} INFO - Started process (PID=4790) to work on /home/vladimir/.local/lib/python3.10/site-packages/airflow/example_dags/tutorial.py
[2023-04-23T01:33:26.220+0300] {processor.py:743} INFO - Processing file /home/vladimir/.local/lib/python3.10/site-packages/airflow/example_dags/tutorial.py for tasks to queue
[2023-04-23T01:33:26.221+0300] {logging_mixin.py:137} INFO - [2023-04-23T01:33:26.221+0300] {dagbag.py:532} INFO - Filling up the DagBag from /home/vladimir/.local/lib/python3.10/site-packages/airflow/example_dags/tutorial.py
[2023-04-23T01:33:26.231+0300] {processor.py:753} INFO - DAG(s) dict_keys(['tutorial']) retrieved from /home/vladimir/.local/lib/python3.10/site-packages/airflow/example_dags/tutorial.py
[2023-04-23T01:33:26.244+0300] {logging_mixin.py:137} INFO - [2023-04-23T01:33:26.244+0300] {dag.py:2705} INFO - Sync 1 DAGs
[2023-04-23T01:33:26.257+0300] {logging_mixin.py:137} INFO - [2023-04-23T01:33:26.257+0300] {dag.py:3452} INFO - Setting next_dagrun for tutorial to 2023-04-21T22:33:26.257126+00:00, run_after=2023-04-22T22:33:26.257126+00:00
[2023-04-23T01:33:26.269+0300] {processor.py:175} INFO - Processing /home/vladimir/.local/lib/python3.10/site-packages/airflow/example_dags/tutorial.py took 0.051 seconds
[2023-04-23T01:34:07.326+0300] {processor.py:153} INFO - Started process (PID=4894) to work on /home/vladimir/.local/lib/python3.10/site-packages/airflow/example_dags/tutorial.py
[2023-04-23T01:34:07.326+0300] {processor.py:743} INFO - Processing file /home/vladimir/.local/lib/python3.10/site-packages/airflow/example_dags/tutorial.py for tasks to queue
[2023-04-23T01:34:07.327+0300] {logging_mixin.py:137} INFO - [2023-04-23T01:34:07.327+0300] {dagbag.py:532} INFO - Filling up the DagBag from /home/vladimir/.local/lib/python3.10/site-packages/airflow/example_dags/tutorial.py
[2023-04-23T01:34:07.337+0300] {processor.py:753} INFO - DAG(s) dict_keys(['tutorial']) retrieved from /home/vladimir/.local/lib/python3.10/site-packages/airflow/example_dags/tutorial.py
[2023-04-23T01:34:07.351+0300] {logging_mixin.py:137} INFO - [2023-04-23T01:34:07.350+0300] {dag.py:2705} INFO - Sync 1 DAGs
[2023-04-23T01:34:07.363+0300] {logging_mixin.py:137} INFO - [2023-04-23T01:34:07.363+0300] {dag.py:3452} INFO - Setting next_dagrun for tutorial to 2023-04-21T22:34:07.363362+00:00, run_after=2023-04-22T22:34:07.363362+00:00
[2023-04-23T01:34:07.375+0300] {processor.py:175} INFO - Processing /home/vladimir/.local/lib/python3.10/site-packages/airflow/example_dags/tutorial.py took 0.051 seconds
[2023-04-23T01:34:52.441+0300] {processor.py:153} INFO - Started process (PID=4953) to work on /home/vladimir/.local/lib/python3.10/site-packages/airflow/example_dags/tutorial.py
[2023-04-23T01:34:52.442+0300] {processor.py:743} INFO - Processing file /home/vladimir/.local/lib/python3.10/site-packages/airflow/example_dags/tutorial.py for tasks to queue
[2023-04-23T01:34:52.442+0300] {logging_mixin.py:137} INFO - [2023-04-23T01:34:52.442+0300] {dagbag.py:532} INFO - Filling up the DagBag from /home/vladimir/.local/lib/python3.10/site-packages/airflow/example_dags/tutorial.py
[2023-04-23T01:34:52.453+0300] {processor.py:753} INFO - DAG(s) dict_keys(['tutorial']) retrieved from /home/vladimir/.local/lib/python3.10/site-packages/airflow/example_dags/tutorial.py
[2023-04-23T01:34:52.468+0300] {logging_mixin.py:137} INFO - [2023-04-23T01:34:52.467+0300] {dag.py:2705} INFO - Sync 1 DAGs
[2023-04-23T01:34:52.481+0300] {logging_mixin.py:137} INFO - [2023-04-23T01:34:52.481+0300] {dag.py:3452} INFO - Setting next_dagrun for tutorial to 2023-04-21T22:34:52.481002+00:00, run_after=2023-04-22T22:34:52.481002+00:00
[2023-04-23T01:34:52.494+0300] {processor.py:175} INFO - Processing /home/vladimir/.local/lib/python3.10/site-packages/airflow/example_dags/tutorial.py took 0.055 seconds
