[2023-04-27T19:02:01.244+0300] {taskinstance.py:1090} INFO - Dependencies all met for dep_context=non-requeueable deps ti=<TaskInstance: db_train.dupl_def scheduled__2023-04-24T00:00:00+00:00 [queued]>
[2023-04-27T19:02:01.249+0300] {taskinstance.py:1090} INFO - Dependencies all met for dep_context=requeueable deps ti=<TaskInstance: db_train.dupl_def scheduled__2023-04-24T00:00:00+00:00 [queued]>
[2023-04-27T19:02:01.249+0300] {taskinstance.py:1288} INFO - 
--------------------------------------------------------------------------------
[2023-04-27T19:02:01.249+0300] {taskinstance.py:1289} INFO - Starting attempt 1 of 5
[2023-04-27T19:02:01.249+0300] {taskinstance.py:1290} INFO - 
--------------------------------------------------------------------------------
[2023-04-27T19:02:01.257+0300] {taskinstance.py:1309} INFO - Executing <Task(MySqlOperator): dupl_def> on 2023-04-24 00:00:00+00:00
[2023-04-27T19:02:01.260+0300] {standard_task_runner.py:55} INFO - Started process 7233 to run task
[2023-04-27T19:02:01.262+0300] {standard_task_runner.py:82} INFO - Running: ['airflow', 'tasks', 'run', 'db_train', 'dupl_def', 'scheduled__2023-04-24T00:00:00+00:00', '--job-id', '75', '--raw', '--subdir', 'DAGS_FOLDER/train_db.py', '--cfg-path', '/tmp/tmpr373vp8v']
[2023-04-27T19:02:01.264+0300] {standard_task_runner.py:83} INFO - Job 75: Subtask dupl_def
[2023-04-27T19:02:01.298+0300] {task_command.py:389} INFO - Running <TaskInstance: db_train.dupl_def scheduled__2023-04-24T00:00:00+00:00 [running]> on host vladimir-virtual-machine
[2023-04-27T19:02:01.331+0300] {taskinstance.py:1516} INFO - Exporting the following env vars:
AIRFLOW_CTX_DAG_OWNER=vladimir
AIRFLOW_CTX_DAG_ID=db_train
AIRFLOW_CTX_TASK_ID=dupl_def
AIRFLOW_CTX_EXECUTION_DATE=2023-04-24T00:00:00+00:00
AIRFLOW_CTX_TRY_NUMBER=1
AIRFLOW_CTX_DAG_RUN_ID=scheduled__2023-04-24T00:00:00+00:00
[2023-04-27T19:02:01.332+0300] {sql.py:262} INFO - Executing: 
            DELETE FROM popki
            WHERE dt = '2023-04-24T00:00:00+00:00' AND dag_id = 'db_train'
        
[2023-04-27T19:02:01.337+0300] {base.py:73} INFO - Using connection ID 'mysql_connection_train' for task execution.
[2023-04-27T19:02:01.458+0300] {base.py:73} INFO - Using connection ID 'mysql_connection_train' for task execution.
[2023-04-27T19:02:01.459+0300] {sql.py:375} INFO - Running statement: 
            DELETE FROM popki
            WHERE dt = '2023-04-24T00:00:00+00:00' AND dag_id = 'db_train'
        , parameters: None
[2023-04-27T19:02:01.459+0300] {sql.py:384} INFO - Rows affected: 0
[2023-04-27T19:02:01.463+0300] {taskinstance.py:1327} INFO - Marking task as SUCCESS. dag_id=db_train, task_id=dupl_def, execution_date=20230424T000000, start_date=20230427T160201, end_date=20230427T160201
[2023-04-27T19:02:01.481+0300] {local_task_job.py:212} INFO - Task exited with return code 0
[2023-04-27T19:02:01.492+0300] {taskinstance.py:2596} INFO - 1 downstream tasks scheduled from follow-on schedule check
