[2023-04-23T20:58:17.111+0300] {taskinstance.py:1090} INFO - Dependencies all met for dep_context=non-requeueable deps ti=<TaskInstance: db_train.cr_table manual__2023-04-23T17:58:14.098621+00:00 [queued]>
[2023-04-23T20:58:17.117+0300] {taskinstance.py:1090} INFO - Dependencies all met for dep_context=requeueable deps ti=<TaskInstance: db_train.cr_table manual__2023-04-23T17:58:14.098621+00:00 [queued]>
[2023-04-23T20:58:17.117+0300] {taskinstance.py:1288} INFO - 
--------------------------------------------------------------------------------
[2023-04-23T20:58:17.117+0300] {taskinstance.py:1289} INFO - Starting attempt 1 of 5
[2023-04-23T20:58:17.117+0300] {taskinstance.py:1290} INFO - 
--------------------------------------------------------------------------------
[2023-04-23T20:58:17.133+0300] {taskinstance.py:1309} INFO - Executing <Task(MySqlOperator): cr_table> on 2023-04-23 17:58:14.098621+00:00
[2023-04-23T20:58:17.136+0300] {standard_task_runner.py:55} INFO - Started process 4917 to run task
[2023-04-23T20:58:17.141+0300] {standard_task_runner.py:82} INFO - Running: ['airflow', 'tasks', 'run', 'db_train', 'cr_table', 'manual__2023-04-23T17:58:14.098621+00:00', '--job-id', '52', '--raw', '--subdir', 'DAGS_FOLDER/train_db.py', '--cfg-path', '/tmp/tmp6kkba77m']
[2023-04-23T20:58:17.143+0300] {standard_task_runner.py:83} INFO - Job 52: Subtask cr_table
[2023-04-23T20:58:17.348+0300] {task_command.py:389} INFO - Running <TaskInstance: db_train.cr_table manual__2023-04-23T17:58:14.098621+00:00 [running]> on host vladimir-virtual-machine
[2023-04-23T20:58:17.400+0300] {taskinstance.py:1516} INFO - Exporting the following env vars:
AIRFLOW_CTX_DAG_OWNER=vladimir
AIRFLOW_CTX_DAG_ID=db_train
AIRFLOW_CTX_TASK_ID=cr_table
AIRFLOW_CTX_EXECUTION_DATE=2023-04-23T17:58:14.098621+00:00
AIRFLOW_CTX_TRY_NUMBER=1
AIRFLOW_CTX_DAG_RUN_ID=manual__2023-04-23T17:58:14.098621+00:00
[2023-04-23T20:58:17.401+0300] {sql.py:262} INFO - Executing: 
            create table if not exists popki (
                dt date,
                dag_id VARCHAR(40),
                primary key (dt, dag_id)
            )
        
[2023-04-23T20:58:17.407+0300] {base.py:73} INFO - Using connection ID 'mysql_connection_train' for task execution.
[2023-04-23T20:58:17.567+0300] {base.py:73} INFO - Using connection ID 'mysql_connection_train' for task execution.
[2023-04-23T20:58:17.568+0300] {sql.py:375} INFO - Running statement: 
            create table if not exists popki (
                dt date,
                dag_id VARCHAR(40),
                primary key (dt, dag_id)
            )
        , parameters: None
[2023-04-23T20:58:17.569+0300] {sql.py:384} INFO - Rows affected: 0
[2023-04-23T20:58:17.581+0300] {taskinstance.py:1327} INFO - Marking task as SUCCESS. dag_id=db_train, task_id=cr_table, execution_date=20230423T175814, start_date=20230423T175817, end_date=20230423T175817
[2023-04-23T20:58:17.641+0300] {local_task_job.py:212} INFO - Task exited with return code 0
[2023-04-23T20:58:17.826+0300] {taskinstance.py:2596} INFO - 1 downstream tasks scheduled from follow-on schedule check
