[2023-04-23T16:06:03.174+0300] {taskinstance.py:1090} INFO - Dependencies all met for dep_context=non-requeueable deps ti=<TaskInstance: db_train.train manual__2023-04-23T13:05:59.662463+00:00 [queued]>
[2023-04-23T16:06:03.189+0300] {taskinstance.py:1090} INFO - Dependencies all met for dep_context=requeueable deps ti=<TaskInstance: db_train.train manual__2023-04-23T13:05:59.662463+00:00 [queued]>
[2023-04-23T16:06:03.190+0300] {taskinstance.py:1288} INFO - 
--------------------------------------------------------------------------------
[2023-04-23T16:06:03.190+0300] {taskinstance.py:1289} INFO - Starting attempt 1 of 5
[2023-04-23T16:06:03.194+0300] {taskinstance.py:1290} INFO - 
--------------------------------------------------------------------------------
[2023-04-23T16:06:03.207+0300] {taskinstance.py:1309} INFO - Executing <Task(PythonOperator): train> on 2023-04-23 13:05:59.662463+00:00
[2023-04-23T16:06:03.217+0300] {standard_task_runner.py:55} INFO - Started process 19931 to run task
[2023-04-23T16:06:03.223+0300] {standard_task_runner.py:82} INFO - Running: ['airflow', 'tasks', 'run', 'db_train', 'train', 'manual__2023-04-23T13:05:59.662463+00:00', '--job-id', '13', '--raw', '--subdir', 'DAGS_FOLDER/train_db.py', '--cfg-path', '/tmp/tmpt6qcl1jt']
[2023-04-23T16:06:03.224+0300] {standard_task_runner.py:83} INFO - Job 13: Subtask train
[2023-04-23T16:06:03.472+0300] {task_command.py:389} INFO - Running <TaskInstance: db_train.train manual__2023-04-23T13:05:59.662463+00:00 [running]> on host vladimir-virtual-machine
[2023-04-23T16:06:03.538+0300] {taskinstance.py:1516} INFO - Exporting the following env vars:
AIRFLOW_CTX_DAG_OWNER=vladimir
AIRFLOW_CTX_DAG_ID=db_train
AIRFLOW_CTX_TASK_ID=train
AIRFLOW_CTX_EXECUTION_DATE=2023-04-23T13:05:59.662463+00:00
AIRFLOW_CTX_TRY_NUMBER=1
AIRFLOW_CTX_DAG_RUN_ID=manual__2023-04-23T13:05:59.662463+00:00
[2023-04-23T16:06:03.539+0300] {logging_mixin.py:137} INFO - 555555555555555555
[2023-04-23T16:06:03.539+0300] {python.py:177} INFO - Done. Returned value was: None
[2023-04-23T16:06:03.552+0300] {taskinstance.py:1327} INFO - Marking task as SUCCESS. dag_id=db_train, task_id=train, execution_date=20230423T130559, start_date=20230423T130603, end_date=20230423T130603
[2023-04-23T16:06:03.602+0300] {local_task_job.py:212} INFO - Task exited with return code 0
[2023-04-23T16:06:03.717+0300] {taskinstance.py:2596} INFO - 0 downstream tasks scheduled from follow-on schedule check
