[2023-04-23T21:10:14.304+0300] {taskinstance.py:1090} INFO - Dependencies all met for dep_context=non-requeueable deps ti=<TaskInstance: db_train.write_record manual__2023-04-23T18:10:03.579361+00:00 [queued]>
[2023-04-23T21:10:14.320+0300] {taskinstance.py:1090} INFO - Dependencies all met for dep_context=requeueable deps ti=<TaskInstance: db_train.write_record manual__2023-04-23T18:10:03.579361+00:00 [queued]>
[2023-04-23T21:10:14.321+0300] {taskinstance.py:1288} INFO - 
--------------------------------------------------------------------------------
[2023-04-23T21:10:14.321+0300] {taskinstance.py:1289} INFO - Starting attempt 1 of 5
[2023-04-23T21:10:14.321+0300] {taskinstance.py:1290} INFO - 
--------------------------------------------------------------------------------
[2023-04-23T21:10:14.340+0300] {taskinstance.py:1309} INFO - Executing <Task(MySqlOperator): write_record> on 2023-04-23 18:10:03.579361+00:00
[2023-04-23T21:10:14.351+0300] {standard_task_runner.py:55} INFO - Started process 11743 to run task
[2023-04-23T21:10:14.358+0300] {standard_task_runner.py:82} INFO - Running: ['airflow', 'tasks', 'run', 'db_train', 'write_record', 'manual__2023-04-23T18:10:03.579361+00:00', '--job-id', '61', '--raw', '--subdir', 'DAGS_FOLDER/train_db.py', '--cfg-path', '/tmp/tmpbzln_tus']
[2023-04-23T21:10:14.363+0300] {standard_task_runner.py:83} INFO - Job 61: Subtask write_record
[2023-04-23T21:10:14.601+0300] {task_command.py:389} INFO - Running <TaskInstance: db_train.write_record manual__2023-04-23T18:10:03.579361+00:00 [running]> on host vladimir-virtual-machine
[2023-04-23T21:10:14.644+0300] {taskinstance.py:1516} INFO - Exporting the following env vars:
AIRFLOW_CTX_DAG_OWNER=vladimir
AIRFLOW_CTX_DAG_ID=db_train
AIRFLOW_CTX_TASK_ID=write_record
AIRFLOW_CTX_EXECUTION_DATE=2023-04-23T18:10:03.579361+00:00
AIRFLOW_CTX_TRY_NUMBER=1
AIRFLOW_CTX_DAG_RUN_ID=manual__2023-04-23T18:10:03.579361+00:00
[2023-04-23T21:10:14.645+0300] {sql.py:262} INFO - Executing: 
            INSERT INTO popki
            VALUES('2023-04-23T18:10:03.579361+00:00', 'db_train')
        
[2023-04-23T21:10:14.653+0300] {base.py:73} INFO - Using connection ID 'mysql_connection_train' for task execution.
[2023-04-23T21:10:14.793+0300] {base.py:73} INFO - Using connection ID 'mysql_connection_train' for task execution.
[2023-04-23T21:10:14.797+0300] {sql.py:375} INFO - Running statement: 
            INSERT INTO popki
            VALUES('2023-04-23T18:10:03.579361+00:00', 'db_train')
        , parameters: None
[2023-04-23T21:10:14.798+0300] {sql.py:384} INFO - Rows affected: 1
[2023-04-23T21:10:14.804+0300] {taskinstance.py:1327} INFO - Marking task as SUCCESS. dag_id=db_train, task_id=write_record, execution_date=20230423T181003, start_date=20230423T181014, end_date=20230423T181014
[2023-04-23T21:10:14.857+0300] {local_task_job.py:212} INFO - Task exited with return code 0
[2023-04-23T21:10:15.003+0300] {taskinstance.py:2596} INFO - 0 downstream tasks scheduled from follow-on schedule check
