[2023-04-23T20:53:22.091+0300] {taskinstance.py:1090} INFO - Dependencies all met for dep_context=non-requeueable deps ti=<TaskInstance: db_train.cr_table manual__2023-04-23T17:53:19.736739+00:00 [queued]>
[2023-04-23T20:53:22.099+0300] {taskinstance.py:1090} INFO - Dependencies all met for dep_context=requeueable deps ti=<TaskInstance: db_train.cr_table manual__2023-04-23T17:53:19.736739+00:00 [queued]>
[2023-04-23T20:53:22.099+0300] {taskinstance.py:1288} INFO - 
--------------------------------------------------------------------------------
[2023-04-23T20:53:22.099+0300] {taskinstance.py:1289} INFO - Starting attempt 1 of 5
[2023-04-23T20:53:22.100+0300] {taskinstance.py:1290} INFO - 
--------------------------------------------------------------------------------
[2023-04-23T20:53:22.112+0300] {taskinstance.py:1309} INFO - Executing <Task(MySqlOperator): cr_table> on 2023-04-23 17:53:19.736739+00:00
[2023-04-23T20:53:22.116+0300] {standard_task_runner.py:55} INFO - Started process 3954 to run task
[2023-04-23T20:53:22.117+0300] {standard_task_runner.py:82} INFO - Running: ['airflow', 'tasks', 'run', 'db_train', 'cr_table', 'manual__2023-04-23T17:53:19.736739+00:00', '--job-id', '48', '--raw', '--subdir', 'DAGS_FOLDER/train_db.py', '--cfg-path', '/tmp/tmphwnnd6y5']
[2023-04-23T20:53:22.126+0300] {standard_task_runner.py:83} INFO - Job 48: Subtask cr_table
[2023-04-23T20:53:22.436+0300] {task_command.py:389} INFO - Running <TaskInstance: db_train.cr_table manual__2023-04-23T17:53:19.736739+00:00 [running]> on host vladimir-virtual-machine
[2023-04-23T20:53:22.483+0300] {taskinstance.py:1516} INFO - Exporting the following env vars:
AIRFLOW_CTX_DAG_OWNER=vladimir
AIRFLOW_CTX_DAG_ID=db_train
AIRFLOW_CTX_TASK_ID=cr_table
AIRFLOW_CTX_EXECUTION_DATE=2023-04-23T17:53:19.736739+00:00
AIRFLOW_CTX_TRY_NUMBER=1
AIRFLOW_CTX_DAG_RUN_ID=manual__2023-04-23T17:53:19.736739+00:00
[2023-04-23T20:53:22.483+0300] {sql.py:262} INFO - Executing: 
            create table if not exists popki (
                dt date,
                dag_id VARCHAR(40),
                primary key (dt, dag_id)
            )
        
[2023-04-23T20:53:22.489+0300] {base.py:73} INFO - Using connection ID 'mysql_connection_train' for task execution.
[2023-04-23T20:53:22.593+0300] {base.py:73} INFO - Using connection ID 'mysql_connection_train' for task execution.
[2023-04-23T20:53:22.594+0300] {sql.py:375} INFO - Running statement: 
            create table if not exists popki (
                dt date,
                dag_id VARCHAR(40),
                primary key (dt, dag_id)
            )
        , parameters: None
[2023-04-23T20:53:22.596+0300] {sql.py:384} INFO - Rows affected: 0
[2023-04-23T20:53:22.601+0300] {taskinstance.py:1327} INFO - Marking task as SUCCESS. dag_id=db_train, task_id=cr_table, execution_date=20230423T175319, start_date=20230423T175322, end_date=20230423T175322
[2023-04-23T20:53:22.622+0300] {local_task_job.py:212} INFO - Task exited with return code 0
[2023-04-23T20:53:22.703+0300] {taskinstance.py:2596} INFO - 1 downstream tasks scheduled from follow-on schedule check
